2024-05-01 10:28:12.809: 
parameters:agent_saving_period: 80000
agent_test_episodes: 20
batch_num_per_epoch: 100000
device: cuda:0
env_name: ALE/Kangaroo-v5
epsilon_for_test: 0.05
epsilon_max: 1.0
epsilon_min: 0.1
exploration_steps: 1000000
gamma: 0.99
input_frame_height: 84
input_frame_width: 84
learning_rate: 1.0e-05
log_path: ../exps/dqn/
mini_batch_size: 32
no_op: 30
phi_channel: 4
replay_buffer_size: 200000
replay_start_size: 10000
save_path: ./exps/
skip_k_frame: 4
step_c: 10000
training_steps: 50000000

2024-05-01 10:45:21.766: 1 test start:
2024-05-01 10:45:34.751: 1 avg_reward: 0.0
2024-05-01 10:45:34.752: 1 avg_steps: 331.35
2024-05-01 10:45:34.752: 1 epsilon: 0.9238204
2024-05-01 11:08:22.915: 2 test start:
2024-05-01 11:08:38.755: 2 avg_reward: 10.0
2024-05-01 11:08:38.755: 2 avg_steps: 407.75
2024-05-01 11:08:38.755: 2 epsilon: 0.8397127
2024-05-01 11:33:09.230: 3 test start:
2024-05-01 11:33:21.426: 3 avg_reward: 10.0
2024-05-01 11:33:21.426: 3 avg_steps: 324.2
2024-05-01 11:33:21.426: 3 epsilon: 0.7551072999999999
2024-05-01 11:57:41.983: 4 test start:
2024-05-01 11:58:06.260: 4 avg_reward: 310.0
2024-05-01 11:58:06.261: 4 avg_steps: 620.2
2024-05-01 11:58:06.261: 4 epsilon: 0.6709231
2024-05-01 12:22:38.345: 5 test start:
2024-05-01 12:22:59.304: 5 avg_reward: 210.0
2024-05-01 12:22:59.305: 5 avg_steps: 549.05
2024-05-01 12:22:59.305: 5 epsilon: 0.5867568999999999
2024-05-01 12:47:22.588: 6 test start:
2024-05-01 12:47:40.828: 6 avg_reward: 70.0
2024-05-01 12:47:40.828: 6 avg_steps: 478.95
2024-05-01 12:47:40.828: 6 epsilon: 0.5024223999999999
2024-05-01 13:12:40.336: 7 test start:
2024-05-01 13:12:53.525: 7 avg_reward: 50.0
2024-05-01 13:12:53.526: 7 avg_steps: 344.7
2024-05-01 13:12:53.526: 7 epsilon: 0.41857029999999995
2024-05-01 13:37:29.144: 8 test start:
2024-05-01 13:37:43.467: 8 avg_reward: 160.0
2024-05-01 13:37:43.468: 8 avg_steps: 391.6
2024-05-01 13:37:43.468: 8 epsilon: 0.33454719999999993
2024-05-01 14:03:07.984: 9 test start:
2024-05-01 14:03:27.292: 9 avg_reward: 550.0
2024-05-01 14:03:27.292: 9 avg_steps: 502.9
2024-05-01 14:03:27.292: 9 epsilon: 0.2506221999999999
2024-05-01 14:28:40.774: 10 test start:
2024-05-01 14:29:00.917: 10 avg_reward: 330.0
2024-05-01 14:29:00.918: 10 avg_steps: 531.75
2024-05-01 14:29:00.918: 10 epsilon: 0.165979
2024-05-01 14:54:42.970: 11 test start:
2024-05-01 14:55:01.349: 11 avg_reward: 430.0
2024-05-01 14:55:01.350: 11 avg_steps: 482.8
2024-05-01 14:55:01.350: 11 epsilon: 0.1
2024-05-01 15:21:11.765: 12 test start:
2024-05-01 15:21:35.525: 12 avg_reward: 830.0
2024-05-01 15:21:35.526: 12 avg_steps: 610.55
2024-05-01 15:21:35.526: 12 epsilon: 0.1
2024-05-01 15:48:31.662: 13 test start:
2024-05-01 15:48:54.980: 13 avg_reward: 1130.0
2024-05-01 15:48:54.981: 13 avg_steps: 593.55
2024-05-01 15:48:54.981: 13 epsilon: 0.1
2024-05-01 16:15:54.648: 14 test start:
2024-05-01 16:16:20.464: 14 avg_reward: 1380.0
2024-05-01 16:16:20.464: 14 avg_steps: 674.05
2024-05-01 16:16:20.464: 14 epsilon: 0.1
2024-05-01 16:43:15.970: 15 test start:
2024-05-01 16:43:43.005: 15 avg_reward: 1370.0
2024-05-01 16:43:43.005: 15 avg_steps: 668.85
2024-05-01 16:43:43.005: 15 epsilon: 0.1
2024-05-01 17:10:54.278: 16 test start:
2024-05-01 17:11:18.822: 16 avg_reward: 1240.0
2024-05-01 17:11:18.823: 16 avg_steps: 617.1
2024-05-01 17:11:18.823: 16 epsilon: 0.1
2024-05-01 17:38:31.713: 17 test start:
2024-05-01 17:38:56.433: 17 avg_reward: 1300.0
2024-05-01 17:38:56.434: 17 avg_steps: 628.05
2024-05-01 17:38:56.434: 17 epsilon: 0.1
2024-05-01 18:06:00.272: 18 test start:
2024-05-01 18:06:27.015: 18 avg_reward: 1490.0
2024-05-01 18:06:27.016: 18 avg_steps: 662.6
2024-05-01 18:06:27.016: 18 epsilon: 0.1
2024-05-01 18:33:53.971: 19 test start:
2024-05-01 18:34:21.218: 19 avg_reward: 1530.0
2024-05-01 18:34:21.218: 19 avg_steps: 667.0
2024-05-01 18:34:21.218: 19 epsilon: 0.1
2024-05-01 19:01:30.255: 20 test start:
2024-05-01 19:01:57.289: 20 avg_reward: 1600.0
2024-05-01 19:01:57.290: 20 avg_steps: 686.65
2024-05-01 19:01:57.290: 20 epsilon: 0.1
2024-05-01 19:29:22.701: 21 test start:
2024-05-01 19:29:49.441: 21 avg_reward: 1640.0
2024-05-01 19:29:49.441: 21 avg_steps: 690.85
2024-05-01 19:29:49.441: 21 epsilon: 0.1
2024-05-01 19:56:37.446: 22 test start:
2024-05-01 19:57:03.815: 22 avg_reward: 1500.0
2024-05-01 19:57:03.815: 22 avg_steps: 677.45
2024-05-01 19:57:03.815: 22 epsilon: 0.1
2024-05-01 20:24:27.525: 23 test start:
2024-05-01 20:24:54.322: 23 avg_reward: 1500.0
2024-05-01 20:24:54.322: 23 avg_steps: 660.75
2024-05-01 20:24:54.322: 23 epsilon: 0.1
2024-05-01 20:52:13.980: 24 test start:
2024-05-01 20:52:41.149: 24 avg_reward: 1370.0
2024-05-01 20:52:41.149: 24 avg_steps: 676.75
2024-05-01 20:52:41.149: 24 epsilon: 0.1
2024-05-01 21:19:19.612: 25 test start:
2024-05-01 21:19:45.534: 25 avg_reward: 1280.0
2024-05-01 21:19:45.534: 25 avg_steps: 637.8
2024-05-01 21:19:45.534: 25 epsilon: 0.1
2024-05-01 21:45:50.574: 26 test start:
2024-05-01 21:46:14.106: 26 avg_reward: 1260.0
2024-05-01 21:46:14.106: 26 avg_steps: 619.85
2024-05-01 21:46:14.106: 26 epsilon: 0.1
2024-05-01 22:12:51.977: 27 test start:
2024-05-01 22:13:17.415: 27 avg_reward: 1360.0
2024-05-01 22:13:17.416: 27 avg_steps: 662.75
2024-05-01 22:13:17.416: 27 epsilon: 0.1
2024-05-01 22:40:01.468: 28 test start:
2024-05-01 22:40:26.259: 28 avg_reward: 1470.0
2024-05-01 22:40:26.260: 28 avg_steps: 654.9
2024-05-01 22:40:26.260: 28 epsilon: 0.1
2024-05-01 23:07:14.545: 29 test start:
2024-05-01 23:07:39.857: 29 avg_reward: 1510.0
2024-05-01 23:07:39.857: 29 avg_steps: 663.8
2024-05-01 23:07:39.857: 29 epsilon: 0.1
2024-05-01 23:35:10.720: 30 test start:
2024-05-01 23:35:33.448: 30 avg_reward: 1310.0
2024-05-01 23:35:33.449: 30 avg_steps: 637.1
2024-05-01 23:35:33.449: 30 epsilon: 0.1
2024-05-02 00:02:39.388: 31 test start:
2024-05-02 00:03:04.827: 31 avg_reward: 1560.0
2024-05-02 00:03:04.828: 31 avg_steps: 667.55
2024-05-02 00:03:04.828: 31 epsilon: 0.1
2024-05-02 00:29:49.946: 32 test start:
2024-05-02 00:30:17.018: 32 avg_reward: 1660.0
2024-05-02 00:30:17.018: 32 avg_steps: 694.35
2024-05-02 00:30:17.018: 32 epsilon: 0.1
2024-05-02 00:57:16.023: 33 test start:
2024-05-02 00:57:39.639: 33 avg_reward: 1210.0
2024-05-02 00:57:39.639: 33 avg_steps: 621.5
2024-05-02 00:57:39.639: 33 epsilon: 0.1
2024-05-02 01:24:16.824: 34 test start:
2024-05-02 01:24:42.362: 34 avg_reward: 1100.0
2024-05-02 01:24:42.362: 34 avg_steps: 631.95
2024-05-02 01:24:42.362: 34 epsilon: 0.1
2024-05-02 01:51:35.941: 35 test start:
2024-05-02 01:52:00.543: 35 avg_reward: 1230.0
2024-05-02 01:52:00.544: 35 avg_steps: 647.6
2024-05-02 01:52:00.544: 35 epsilon: 0.1
2024-05-02 02:19:30.914: 36 test start:
2024-05-02 02:19:56.758: 36 avg_reward: 1460.0
2024-05-02 02:19:56.758: 36 avg_steps: 681.2
2024-05-02 02:19:56.758: 36 epsilon: 0.1
2024-05-02 02:47:01.471: 37 test start:
2024-05-02 02:47:25.877: 37 avg_reward: 1280.0
2024-05-02 02:47:25.877: 37 avg_steps: 657.3
2024-05-02 02:47:25.877: 37 epsilon: 0.1
2024-05-02 03:14:12.300: 38 test start:
2024-05-02 03:14:38.430: 38 avg_reward: 1550.0
2024-05-02 03:14:38.430: 38 avg_steps: 687.1
2024-05-02 03:14:38.430: 38 epsilon: 0.1
2024-05-02 03:41:13.747: 39 test start:
2024-05-02 03:41:39.929: 39 avg_reward: 1600.0
2024-05-02 03:41:39.929: 39 avg_steps: 704.5
2024-05-02 03:41:39.930: 39 epsilon: 0.1
2024-05-02 04:08:17.562: 40 test start:
2024-05-02 04:08:44.602: 40 avg_reward: 1620.0
2024-05-02 04:08:44.602: 40 avg_steps: 707.2
2024-05-02 04:08:44.602: 40 epsilon: 0.1
2024-05-02 04:35:22.095: 41 test start:
2024-05-02 04:35:49.765: 41 avg_reward: 1790.0
2024-05-02 04:35:49.765: 41 avg_steps: 742.1
2024-05-02 04:35:49.765: 41 epsilon: 0.1
2024-05-02 05:03:09.887: 42 test start:
2024-05-02 05:03:36.486: 42 avg_reward: 1620.0
2024-05-02 05:03:36.487: 42 avg_steps: 721.8
2024-05-02 05:03:36.487: 42 epsilon: 0.1
2024-05-02 05:30:20.179: 43 test start:
2024-05-02 05:30:48.379: 43 avg_reward: 1620.0
2024-05-02 05:30:48.379: 43 avg_steps: 732.55
2024-05-02 05:30:48.379: 43 epsilon: 0.1
2024-05-02 05:57:26.872: 44 test start:
2024-05-02 05:57:52.446: 44 avg_reward: 1670.0
2024-05-02 05:57:52.447: 44 avg_steps: 714.9
2024-05-02 05:57:52.447: 44 epsilon: 0.1
2024-05-02 06:24:08.238: 45 test start:
2024-05-02 06:24:35.565: 45 avg_reward: 1700.0
2024-05-02 06:24:35.566: 45 avg_steps: 751.3
2024-05-02 06:24:35.566: 45 epsilon: 0.1
2024-05-02 06:51:13.716: 46 test start:
2024-05-02 06:51:44.574: 46 avg_reward: 1740.0
2024-05-02 06:51:44.575: 46 avg_steps: 796.1
2024-05-02 06:51:44.575: 46 epsilon: 0.1
2024-05-02 07:17:13.038: 47 test start:
2024-05-02 07:17:42.065: 47 avg_reward: 1800.0
2024-05-02 07:17:42.066: 47 avg_steps: 760.45
2024-05-02 07:17:42.066: 47 epsilon: 0.1
2024-05-02 07:43:32.504: 48 test start:
2024-05-02 07:44:01.798: 48 avg_reward: 1630.0
2024-05-02 07:44:01.798: 48 avg_steps: 770.0
2024-05-02 07:44:01.798: 48 epsilon: 0.1
2024-05-02 08:09:41.295: 49 test start:
2024-05-02 08:10:12.662: 49 avg_reward: 1840.0
2024-05-02 08:10:12.663: 49 avg_steps: 817.4
2024-05-02 08:10:12.663: 49 epsilon: 0.1
2024-05-02 08:36:07.269: 50 test start:
2024-05-02 08:36:39.154: 50 avg_reward: 1990.0
2024-05-02 08:36:39.155: 50 avg_steps: 895.5
2024-05-02 08:36:39.155: 50 epsilon: 0.1
2024-05-02 09:00:56.932: 51 test start:
2024-05-02 09:01:28.253: 51 avg_reward: 1790.0
2024-05-02 09:01:28.254: 51 avg_steps: 847.55
2024-05-02 09:01:28.254: 51 epsilon: 0.1
2024-05-02 09:27:57.805: 52 test start:
2024-05-02 09:28:28.541: 52 avg_reward: 1805.0
2024-05-02 09:28:28.541: 52 avg_steps: 821.2
2024-05-02 09:28:28.541: 52 epsilon: 0.1
2024-05-02 09:52:32.409: 53 test start:
2024-05-02 09:53:01.105: 53 avg_reward: 1715.0
2024-05-02 09:53:01.106: 53 avg_steps: 795.0
2024-05-02 09:53:01.106: 53 epsilon: 0.1
2024-05-02 10:14:35.345: 54 test start:
2024-05-02 10:15:10.740: 54 avg_reward: 2180.0
2024-05-02 10:15:10.740: 54 avg_steps: 976.8
2024-05-02 10:15:10.740: 54 epsilon: 0.1
2024-05-02 10:37:05.528: 55 test start:
2024-05-02 10:37:38.374: 55 avg_reward: 2070.0
2024-05-02 10:37:38.375: 55 avg_steps: 918.9
2024-05-02 10:37:38.375: 55 epsilon: 0.1
2024-05-02 11:01:44.983: 56 test start:
2024-05-02 11:02:30.434: 56 avg_reward: 2670.0
2024-05-02 11:02:30.434: 56 avg_steps: 1160.3
2024-05-02 11:02:30.434: 56 epsilon: 0.1
2024-05-02 11:27:50.824: 57 test start:
2024-05-02 11:28:33.515: 57 avg_reward: 2495.0
2024-05-02 11:28:33.515: 57 avg_steps: 1103.55
2024-05-02 11:28:33.515: 57 epsilon: 0.1
2024-05-02 11:53:04.539: 58 test start:
2024-05-02 11:53:44.790: 58 avg_reward: 2550.0
2024-05-02 11:53:44.790: 58 avg_steps: 1075.75
2024-05-02 11:53:44.790: 58 epsilon: 0.1
2024-05-02 12:17:59.623: 59 test start:
2024-05-02 12:18:39.007: 59 avg_reward: 2360.0
2024-05-02 12:18:39.008: 59 avg_steps: 1052.0
2024-05-02 12:18:39.008: 59 epsilon: 0.1
2024-05-02 12:43:27.604: 60 test start:
2024-05-02 12:44:05.194: 60 avg_reward: 1940.0
2024-05-02 12:44:05.195: 60 avg_steps: 979.1
2024-05-02 12:44:05.195: 60 epsilon: 0.1
2024-05-02 13:09:36.778: 61 test start:
2024-05-02 13:10:15.169: 61 avg_reward: 2140.0
2024-05-02 13:10:15.170: 61 avg_steps: 954.7
2024-05-02 13:10:15.170: 61 epsilon: 0.1
2024-05-02 13:36:46.712: 62 test start:
2024-05-02 13:37:28.690: 62 avg_reward: 2360.0
2024-05-02 13:37:28.691: 62 avg_steps: 1062.85
2024-05-02 13:37:28.691: 62 epsilon: 0.1
2024-05-02 14:03:11.873: 63 test start:
2024-05-02 14:03:48.499: 63 avg_reward: 2110.0
2024-05-02 14:03:48.499: 63 avg_steps: 943.65
2024-05-02 14:03:48.499: 63 epsilon: 0.1
2024-05-02 14:29:24.133: 64 test start:
2024-05-02 14:30:00.951: 64 avg_reward: 2120.0
2024-05-02 14:30:00.951: 64 avg_steps: 942.65
2024-05-02 14:30:00.951: 64 epsilon: 0.1
2024-05-02 14:56:05.354: 65 test start:
2024-05-02 14:56:39.333: 65 avg_reward: 1880.0
2024-05-02 14:56:39.333: 65 avg_steps: 873.1
2024-05-02 14:56:39.333: 65 epsilon: 0.1
2024-05-02 15:22:23.899: 66 test start:
2024-05-02 15:23:02.397: 66 avg_reward: 2370.0
2024-05-02 15:23:02.398: 66 avg_steps: 996.65
2024-05-02 15:23:02.398: 66 epsilon: 0.1
2024-05-02 15:49:33.843: 67 test start:
2024-05-02 15:50:15.697: 67 avg_reward: 2470.0
2024-05-02 15:50:15.697: 67 avg_steps: 1040.75
2024-05-02 15:50:15.697: 67 epsilon: 0.1
2024-05-02 16:17:09.644: 68 test start:
2024-05-02 16:17:50.840: 68 avg_reward: 2365.0
2024-05-02 16:17:50.841: 68 avg_steps: 1005.6
2024-05-02 16:17:50.841: 68 epsilon: 0.1
2024-05-02 16:44:13.880: 69 test start:
2024-05-02 16:44:50.074: 69 avg_reward: 2030.0
2024-05-02 16:44:50.074: 69 avg_steps: 912.45
2024-05-02 16:44:50.074: 69 epsilon: 0.1
2024-05-02 17:11:06.601: 70 test start:
2024-05-02 17:11:49.284: 70 avg_reward: 2385.0
2024-05-02 17:11:49.284: 70 avg_steps: 1072.45
2024-05-02 17:11:49.284: 70 epsilon: 0.1
2024-05-02 17:38:31.022: 71 test start:
2024-05-02 17:39:09.999: 71 avg_reward: 2275.0
2024-05-02 17:39:10.000: 71 avg_steps: 960.1
2024-05-02 17:39:10.000: 71 epsilon: 0.1
2024-05-02 18:05:02.877: 72 test start:
2024-05-02 18:05:46.925: 72 avg_reward: 2610.0
2024-05-02 18:05:46.925: 72 avg_steps: 1114.85
2024-05-02 18:05:46.926: 72 epsilon: 0.1
2024-05-02 18:32:10.543: 73 test start:
2024-05-02 18:32:54.432: 73 avg_reward: 2710.0
2024-05-02 18:32:54.433: 73 avg_steps: 1119.3
2024-05-02 18:32:54.433: 73 epsilon: 0.1
2024-05-02 18:58:55.491: 74 test start:
2024-05-02 18:59:36.117: 74 avg_reward: 2065.0
2024-05-02 18:59:36.117: 74 avg_steps: 1025.25
2024-05-02 18:59:36.117: 74 epsilon: 0.1
2024-05-02 19:26:46.220: 75 test start:
2024-05-02 19:27:23.603: 75 avg_reward: 1890.0
2024-05-02 19:27:23.603: 75 avg_steps: 914.7
2024-05-02 19:27:23.603: 75 epsilon: 0.1
2024-05-02 19:54:56.967: 76 test start:
2024-05-02 19:55:33.308: 76 avg_reward: 1820.0
2024-05-02 19:55:33.309: 76 avg_steps: 900.4
2024-05-02 19:55:33.309: 76 epsilon: 0.1
2024-05-02 20:22:35.097: 77 test start:
2024-05-02 20:23:11.858: 77 avg_reward: 1820.0
2024-05-02 20:23:11.859: 77 avg_steps: 871.45
2024-05-02 20:23:11.859: 77 epsilon: 0.1
2024-05-02 20:50:28.388: 78 test start:
2024-05-02 20:51:06.794: 78 avg_reward: 1840.0
2024-05-02 20:51:06.795: 78 avg_steps: 930.85
2024-05-02 20:51:06.795: 78 epsilon: 0.1
2024-05-02 21:18:25.375: 79 test start:
2024-05-02 21:19:03.845: 79 avg_reward: 1980.0
2024-05-02 21:19:03.845: 79 avg_steps: 911.9
2024-05-02 21:19:03.845: 79 epsilon: 0.1
2024-05-02 21:46:08.883: 80 test start:
2024-05-02 21:46:49.805: 80 avg_reward: 2130.0
2024-05-02 21:46:49.806: 80 avg_steps: 981.45
2024-05-02 21:46:49.806: 80 epsilon: 0.1
2024-05-02 22:14:14.003: 81 test start:
2024-05-02 22:14:53.370: 81 avg_reward: 2110.0
2024-05-02 22:14:53.370: 81 avg_steps: 965.25
2024-05-02 22:14:53.370: 81 epsilon: 0.1
2024-05-02 22:42:00.017: 82 test start:
2024-05-02 22:42:41.900: 82 avg_reward: 2210.0
2024-05-02 22:42:41.900: 82 avg_steps: 1004.5
2024-05-02 22:42:41.900: 82 epsilon: 0.1
2024-05-02 23:08:57.299: 83 test start:
2024-05-02 23:09:35.837: 83 avg_reward: 2025.0
2024-05-02 23:09:35.837: 83 avg_steps: 961.9
2024-05-02 23:09:35.837: 83 epsilon: 0.1
2024-05-02 23:36:19.544: 84 test start:
2024-05-02 23:36:57.930: 84 avg_reward: 2050.0
2024-05-02 23:36:57.930: 84 avg_steps: 964.7
2024-05-02 23:36:57.930: 84 epsilon: 0.1
2024-05-03 00:03:48.733: 85 test start:
2024-05-03 00:04:24.912: 85 avg_reward: 1920.0
2024-05-03 00:04:24.912: 85 avg_steps: 879.05
2024-05-03 00:04:24.913: 85 epsilon: 0.1
2024-05-03 00:31:36.365: 86 test start:
2024-05-03 00:32:13.869: 86 avg_reward: 2000.0
2024-05-03 00:32:13.870: 86 avg_steps: 915.05
2024-05-03 00:32:13.870: 86 epsilon: 0.1
2024-05-03 00:59:34.159: 87 test start:
2024-05-03 01:00:15.947: 87 avg_reward: 2070.0
2024-05-03 01:00:15.948: 87 avg_steps: 989.6
2024-05-03 01:00:15.948: 87 epsilon: 0.1
2024-05-03 01:27:23.746: 88 test start:
2024-05-03 01:28:01.865: 88 avg_reward: 2040.0
2024-05-03 01:28:01.865: 88 avg_steps: 927.5
2024-05-03 01:28:01.865: 88 epsilon: 0.1
2024-05-03 01:55:44.367: 89 test start:
2024-05-03 01:56:22.419: 89 avg_reward: 2085.0
2024-05-03 01:56:22.420: 89 avg_steps: 898.5
2024-05-03 01:56:22.420: 89 epsilon: 0.1
2024-05-03 02:23:32.442: 90 test start:
2024-05-03 02:24:08.242: 90 avg_reward: 1810.0
2024-05-03 02:24:08.243: 90 avg_steps: 868.3
2024-05-03 02:24:08.243: 90 epsilon: 0.1
2024-05-03 02:50:56.847: 91 test start:
2024-05-03 02:51:33.844: 91 avg_reward: 1865.0
2024-05-03 02:51:33.845: 91 avg_steps: 887.95
2024-05-03 02:51:33.845: 91 epsilon: 0.1
2024-05-03 03:18:12.587: 92 test start:
2024-05-03 03:18:46.675: 92 avg_reward: 1655.0
2024-05-03 03:18:46.676: 92 avg_steps: 829.65
2024-05-03 03:18:46.676: 92 epsilon: 0.1
2024-05-03 03:46:18.991: 93 test start:
2024-05-03 03:46:53.642: 93 avg_reward: 1805.0
2024-05-03 03:46:53.642: 93 avg_steps: 886.2
2024-05-03 03:46:53.642: 93 epsilon: 0.1
2024-05-03 04:13:09.770: 94 test start:
2024-05-03 04:13:44.430: 94 avg_reward: 1720.0
2024-05-03 04:13:44.430: 94 avg_steps: 871.8
2024-05-03 04:13:44.431: 94 epsilon: 0.1
2024-05-03 04:40:02.462: 95 test start:
2024-05-03 04:40:35.996: 95 avg_reward: 1520.0
2024-05-03 04:40:35.997: 95 avg_steps: 836.55
2024-05-03 04:40:35.997: 95 epsilon: 0.1
2024-05-03 05:07:12.866: 96 test start:
2024-05-03 05:07:49.272: 96 avg_reward: 1795.0
2024-05-03 05:07:49.273: 96 avg_steps: 880.6
2024-05-03 05:07:49.273: 96 epsilon: 0.1
2024-05-03 05:34:04.426: 97 test start:
2024-05-03 05:34:42.763: 97 avg_reward: 1940.0
2024-05-03 05:34:42.763: 97 avg_steps: 933.5
2024-05-03 05:34:42.763: 97 epsilon: 0.1
2024-05-03 06:01:14.258: 98 test start:
2024-05-03 06:01:49.978: 98 avg_reward: 1885.0
2024-05-03 06:01:49.979: 98 avg_steps: 872.7
2024-05-03 06:01:49.979: 98 epsilon: 0.1
2024-05-03 06:28:48.469: 99 test start:
2024-05-03 06:29:25.438: 99 avg_reward: 1685.0
2024-05-03 06:29:25.438: 99 avg_steps: 889.85
2024-05-03 06:29:25.438: 99 epsilon: 0.1
2024-05-03 06:55:52.728: 100 test start:
2024-05-03 06:56:33.001: 100 avg_reward: 2025.0
2024-05-03 06:56:33.001: 100 avg_steps: 965.0
2024-05-03 06:56:33.001: 100 epsilon: 0.1
2024-05-03 07:23:36.697: 101 test start:
2024-05-03 07:24:17.072: 101 avg_reward: 2100.0
2024-05-03 07:24:17.073: 101 avg_steps: 972.0
2024-05-03 07:24:17.073: 101 epsilon: 0.1
2024-05-03 07:51:15.572: 102 test start:
2024-05-03 07:51:48.733: 102 avg_reward: 1820.0
2024-05-03 07:51:48.734: 102 avg_steps: 852.05
2024-05-03 07:51:48.734: 102 epsilon: 0.1
2024-05-03 08:19:15.159: 103 test start:
2024-05-03 08:19:47.952: 103 avg_reward: 1675.0
2024-05-03 08:19:47.953: 103 avg_steps: 822.75
2024-05-03 08:19:47.953: 103 epsilon: 0.1
2024-05-03 08:47:53.948: 104 test start:
2024-05-03 08:48:30.214: 104 avg_reward: 1860.0
2024-05-03 08:48:30.215: 104 avg_steps: 890.6
2024-05-03 08:48:30.215: 104 epsilon: 0.1
2024-05-03 09:15:44.597: 105 test start:
2024-05-03 09:16:21.533: 105 avg_reward: 1850.0
2024-05-03 09:16:21.533: 105 avg_steps: 907.5
2024-05-03 09:16:21.534: 105 epsilon: 0.1
2024-05-03 09:43:12.130: 106 test start:
2024-05-03 09:43:47.506: 106 avg_reward: 2025.0
2024-05-03 09:43:47.506: 106 avg_steps: 920.85
2024-05-03 09:43:47.506: 106 epsilon: 0.1
2024-05-03 10:10:56.929: 107 test start:
2024-05-03 10:11:35.176: 107 avg_reward: 1950.0
2024-05-03 10:11:35.177: 107 avg_steps: 938.95
2024-05-03 10:11:35.177: 107 epsilon: 0.1
2024-05-03 10:36:59.720: 108 test start:
2024-05-03 10:37:35.792: 108 avg_reward: 2060.0
2024-05-03 10:37:35.793: 108 avg_steps: 948.0
2024-05-03 10:37:35.793: 108 epsilon: 0.1
2024-05-03 11:01:12.277: 109 test start:
2024-05-03 11:01:50.240: 109 avg_reward: 2105.0
2024-05-03 11:01:50.240: 109 avg_steps: 991.0
2024-05-03 11:01:50.240: 109 epsilon: 0.1
2024-05-03 11:25:37.492: 110 test start:
2024-05-03 11:26:14.765: 110 avg_reward: 2205.0
2024-05-03 11:26:14.766: 110 avg_steps: 957.35
2024-05-03 11:26:14.766: 110 epsilon: 0.1
2024-05-03 11:50:21.854: 111 test start:
2024-05-03 11:50:53.018: 111 avg_reward: 1780.0
2024-05-03 11:50:53.018: 111 avg_steps: 809.15
2024-05-03 11:50:53.018: 111 epsilon: 0.1
2024-05-03 12:14:45.862: 112 test start:
2024-05-03 12:15:23.819: 112 avg_reward: 2140.0
2024-05-03 12:15:23.819: 112 avg_steps: 974.6
2024-05-03 12:15:23.819: 112 epsilon: 0.1
2024-05-03 12:40:32.748: 113 test start:
2024-05-03 12:41:08.486: 113 avg_reward: 1850.0
2024-05-03 12:41:08.487: 113 avg_steps: 907.45
2024-05-03 12:41:08.487: 113 epsilon: 0.1
2024-05-03 13:07:18.702: 114 test start:
2024-05-03 13:07:54.832: 114 avg_reward: 1940.0
2024-05-03 13:07:54.832: 114 avg_steps: 903.05
2024-05-03 13:07:54.832: 114 epsilon: 0.1
2024-05-03 13:33:54.629: 115 test start:
2024-05-03 13:34:32.853: 115 avg_reward: 2110.0
2024-05-03 13:34:32.853: 115 avg_steps: 963.45
2024-05-03 13:34:32.853: 115 epsilon: 0.1
2024-05-03 13:59:25.744: 116 test start:
2024-05-03 13:59:59.802: 116 avg_reward: 1820.0
2024-05-03 13:59:59.803: 116 avg_steps: 876.45
2024-05-03 13:59:59.803: 116 epsilon: 0.1
2024-05-03 14:25:01.161: 117 test start:
2024-05-03 14:25:36.084: 117 avg_reward: 1870.0
2024-05-03 14:25:36.084: 117 avg_steps: 896.9
2024-05-03 14:25:36.084: 117 epsilon: 0.1
2024-05-03 14:50:17.749: 118 test start:
2024-05-03 14:50:53.411: 118 avg_reward: 1890.0
2024-05-03 14:50:53.411: 118 avg_steps: 909.5
2024-05-03 14:50:53.411: 118 epsilon: 0.1
2024-05-03 15:15:11.865: 119 test start:
2024-05-03 15:15:48.789: 119 avg_reward: 1840.0
2024-05-03 15:15:48.789: 119 avg_steps: 931.35
2024-05-03 15:15:48.789: 119 epsilon: 0.1
2024-05-03 15:40:40.796: 120 test start:
2024-05-03 15:41:14.936: 120 avg_reward: 1875.0
2024-05-03 15:41:14.937: 120 avg_steps: 897.1
2024-05-03 15:41:14.937: 120 epsilon: 0.1
2024-05-03 16:05:43.301: 121 test start:
2024-05-03 16:06:14.805: 121 avg_reward: 1590.0
2024-05-03 16:06:14.805: 121 avg_steps: 824.75
2024-05-03 16:06:14.805: 121 epsilon: 0.1
2024-05-03 16:30:38.828: 122 test start:
2024-05-03 16:31:11.252: 122 avg_reward: 1635.0
2024-05-03 16:31:11.253: 122 avg_steps: 829.1
2024-05-03 16:31:11.253: 122 epsilon: 0.1
2024-05-03 16:55:44.343: 123 test start:
2024-05-03 16:56:14.154: 123 avg_reward: 1435.0
2024-05-03 16:56:14.154: 123 avg_steps: 773.4
2024-05-03 16:56:14.154: 123 epsilon: 0.1
2024-05-03 17:20:43.774: 124 test start:
2024-05-03 17:21:15.867: 124 avg_reward: 1455.0
2024-05-03 17:21:15.868: 124 avg_steps: 825.7
2024-05-03 17:21:15.868: 124 epsilon: 0.1
2024-05-03 17:45:18.185: 125 test start:
2024-05-03 17:45:51.002: 125 avg_reward: 1750.0
2024-05-03 17:45:51.003: 125 avg_steps: 872.5
2024-05-03 17:45:51.003: 125 epsilon: 0.1
2024-05-03 18:09:44.615: 126 test start:
2024-05-03 18:10:19.200: 126 avg_reward: 1900.0
2024-05-03 18:10:19.201: 126 avg_steps: 901.5
2024-05-03 18:10:19.201: 126 epsilon: 0.1
2024-05-03 18:33:55.723: 127 test start:
2024-05-03 18:34:33.712: 127 avg_reward: 2030.0
2024-05-03 18:34:33.713: 127 avg_steps: 1006.25
2024-05-03 18:34:33.713: 127 epsilon: 0.1
2024-05-03 18:57:59.936: 128 test start:
2024-05-03 18:58:31.453: 128 avg_reward: 1800.0
2024-05-03 18:58:31.453: 128 avg_steps: 821.8
2024-05-03 18:58:31.453: 128 epsilon: 0.1
2024-05-03 19:22:18.399: 129 test start:
2024-05-03 19:22:53.936: 129 avg_reward: 1920.0
2024-05-03 19:22:53.936: 129 avg_steps: 913.8
2024-05-03 19:22:53.936: 129 epsilon: 0.1
2024-05-03 19:46:47.249: 130 test start:
2024-05-03 19:47:19.574: 130 avg_reward: 1800.0
2024-05-03 19:47:19.574: 130 avg_steps: 836.6
2024-05-03 19:47:19.574: 130 epsilon: 0.1
2024-05-03 20:11:22.302: 131 test start:
2024-05-03 20:11:55.396: 131 avg_reward: 1820.0
2024-05-03 20:11:55.397: 131 avg_steps: 864.1
2024-05-03 20:11:55.397: 131 epsilon: 0.1
2024-05-03 20:36:15.960: 132 test start:
2024-05-03 20:36:48.213: 132 avg_reward: 1770.0
2024-05-03 20:36:48.214: 132 avg_steps: 844.35
2024-05-03 20:36:48.214: 132 epsilon: 0.1
2024-05-03 21:01:36.361: 133 test start:
2024-05-03 21:02:16.889: 133 avg_reward: 2320.0
2024-05-03 21:02:16.889: 133 avg_steps: 1044.65
2024-05-03 21:02:16.889: 133 epsilon: 0.1
2024-05-03 21:25:57.056: 134 test start:
2024-05-03 21:26:32.014: 134 avg_reward: 2185.0
2024-05-03 21:26:32.015: 134 avg_steps: 956.2
2024-05-03 21:26:32.015: 134 epsilon: 0.1
2024-05-03 21:48:50.401: 135 test start:
2024-05-03 21:49:21.622: 135 avg_reward: 1880.0
2024-05-03 21:49:21.622: 135 avg_steps: 858.75
2024-05-03 21:49:21.622: 135 epsilon: 0.1
2024-05-03 22:12:41.098: 136 test start:
2024-05-03 22:13:13.023: 136 avg_reward: 1720.0
2024-05-03 22:13:13.023: 136 avg_steps: 815.85
2024-05-03 22:13:13.023: 136 epsilon: 0.1
2024-05-03 22:38:56.791: 137 test start:
2024-05-03 22:39:32.144: 137 avg_reward: 2020.0
2024-05-03 22:39:32.145: 137 avg_steps: 907.25
2024-05-03 22:39:32.145: 137 epsilon: 0.1
2024-05-03 23:04:38.262: 138 test start:
2024-05-03 23:05:10.262: 138 avg_reward: 1680.0
2024-05-03 23:05:10.262: 138 avg_steps: 816.2
2024-05-03 23:05:10.262: 138 epsilon: 0.1
2024-05-03 23:29:34.088: 139 test start:
2024-05-03 23:30:04.320: 139 avg_reward: 1760.0
2024-05-03 23:30:04.321: 139 avg_steps: 795.75
2024-05-03 23:30:04.321: 139 epsilon: 0.1
2024-05-03 23:54:34.418: 140 test start:
2024-05-03 23:55:02.629: 140 avg_reward: 1530.0
2024-05-03 23:55:02.630: 140 avg_steps: 746.3
2024-05-03 23:55:02.630: 140 epsilon: 0.1
2024-05-04 00:18:41.929: 141 test start:
2024-05-04 00:19:15.411: 141 avg_reward: 2040.0
2024-05-04 00:19:15.411: 141 avg_steps: 886.7
2024-05-04 00:19:15.411: 141 epsilon: 0.1
2024-05-04 00:42:53.193: 142 test start:
2024-05-04 00:43:29.974: 142 avg_reward: 2140.0
2024-05-04 00:43:29.974: 142 avg_steps: 970.75
2024-05-04 00:43:29.974: 142 epsilon: 0.1
2024-05-04 01:08:23.879: 143 test start:
2024-05-04 01:08:55.036: 143 avg_reward: 1850.0
2024-05-04 01:08:55.036: 143 avg_steps: 845.3
2024-05-04 01:08:55.036: 143 epsilon: 0.1
2024-05-04 01:32:45.236: 144 test start:
2024-05-04 01:33:22.304: 144 avg_reward: 2210.0
2024-05-04 01:33:22.305: 144 avg_steps: 954.95
2024-05-04 01:33:22.305: 144 epsilon: 0.1
2024-05-04 01:58:54.150: 145 test start:
2024-05-04 01:59:21.667: 145 avg_reward: 1410.0
2024-05-04 01:59:21.667: 145 avg_steps: 720.8
2024-05-04 01:59:21.667: 145 epsilon: 0.1
2024-05-04 02:25:19.694: 146 test start:
2024-05-04 02:25:50.845: 146 avg_reward: 1670.0
2024-05-04 02:25:50.846: 146 avg_steps: 813.1
2024-05-04 02:25:50.846: 146 epsilon: 0.1
2024-05-04 02:51:36.124: 147 test start:
2024-05-04 02:52:05.083: 147 avg_reward: 1500.0
2024-05-04 02:52:05.083: 147 avg_steps: 771.5
2024-05-04 02:52:05.083: 147 epsilon: 0.1
2024-05-04 03:17:30.511: 148 test start:
2024-05-04 03:18:03.797: 148 avg_reward: 1910.0
2024-05-04 03:18:03.797: 148 avg_steps: 884.15
2024-05-04 03:18:03.797: 148 epsilon: 0.1
2024-05-04 03:44:05.420: 149 test start:
2024-05-04 03:44:38.807: 149 avg_reward: 2050.0
2024-05-04 03:44:38.807: 149 avg_steps: 887.9
2024-05-04 03:44:38.807: 149 epsilon: 0.1
2024-05-04 04:10:16.834: 150 test start:
2024-05-04 04:10:50.675: 150 avg_reward: 1990.0
2024-05-04 04:10:50.675: 150 avg_steps: 871.9
2024-05-04 04:10:50.675: 150 epsilon: 0.1
2024-05-04 04:35:40.653: 151 test start:
2024-05-04 04:36:16.047: 151 avg_reward: 2110.0
2024-05-04 04:36:16.047: 151 avg_steps: 951.55
2024-05-04 04:36:16.047: 151 epsilon: 0.1
2024-05-04 05:00:41.882: 152 test start:
2024-05-04 05:01:15.810: 152 avg_reward: 2060.0
2024-05-04 05:01:15.810: 152 avg_steps: 884.65
2024-05-04 05:01:15.810: 152 epsilon: 0.1
2024-05-04 05:27:20.176: 153 test start:
2024-05-04 05:27:59.601: 153 avg_reward: 2245.0
2024-05-04 05:27:59.602: 153 avg_steps: 941.35
2024-05-04 05:27:59.602: 153 epsilon: 0.1
2024-05-04 05:56:44.493: 154 test start:
2024-05-04 05:57:17.280: 154 avg_reward: 1770.0
2024-05-04 05:57:17.280: 154 avg_steps: 811.35
2024-05-04 05:57:17.280: 154 epsilon: 0.1
2024-05-04 06:24:00.963: 155 test start:
2024-05-04 06:24:39.831: 155 avg_reward: 2330.0
2024-05-04 06:24:39.831: 155 avg_steps: 993.0
2024-05-04 06:24:39.831: 155 epsilon: 0.1
2024-05-04 06:51:35.895: 156 test start:
2024-05-04 06:52:11.076: 156 avg_reward: 1985.0
2024-05-04 06:52:11.077: 156 avg_steps: 862.3
2024-05-04 06:52:11.077: 156 epsilon: 0.1
2024-05-04 07:19:05.544: 157 test start:
2024-05-04 07:19:38.779: 157 avg_reward: 1850.0
2024-05-04 07:19:38.779: 157 avg_steps: 845.15
2024-05-04 07:19:38.779: 157 epsilon: 0.1
2024-05-04 07:46:15.491: 158 test start:
2024-05-04 07:46:51.518: 158 avg_reward: 2055.0
2024-05-04 07:46:51.519: 158 avg_steps: 914.45
2024-05-04 07:46:51.519: 158 epsilon: 0.1
2024-05-04 08:12:12.716: 159 test start:
2024-05-04 08:12:41.103: 159 avg_reward: 1730.0
2024-05-04 08:12:41.104: 159 avg_steps: 790.95
2024-05-04 08:12:41.104: 159 epsilon: 0.1
2024-05-04 08:37:06.525: 160 test start:
2024-05-04 08:37:36.822: 160 avg_reward: 1925.0
2024-05-04 08:37:36.823: 160 avg_steps: 832.05
2024-05-04 08:37:36.823: 160 epsilon: 0.1
2024-05-04 09:02:06.239: 161 test start:
2024-05-04 09:02:36.240: 161 avg_reward: 1605.0
2024-05-04 09:02:36.240: 161 avg_steps: 828.2
2024-05-04 09:02:36.240: 161 epsilon: 0.1
2024-05-04 09:27:32.242: 162 test start:
2024-05-04 09:27:56.696: 162 avg_reward: 1280.0
2024-05-04 09:27:56.696: 162 avg_steps: 710.15
2024-05-04 09:27:56.696: 162 epsilon: 0.1
2024-05-04 09:50:53.123: 163 test start:
2024-05-04 09:51:21.453: 163 avg_reward: 1470.0
2024-05-04 09:51:21.454: 163 avg_steps: 807.5
2024-05-04 09:51:21.454: 163 epsilon: 0.1
2024-05-04 10:15:48.713: 164 test start:
2024-05-04 10:16:21.988: 164 avg_reward: 2080.0
2024-05-04 10:16:21.988: 164 avg_steps: 933.05
2024-05-04 10:16:21.988: 164 epsilon: 0.1
2024-05-04 10:40:28.539: 165 test start:
2024-05-04 10:40:59.583: 165 avg_reward: 1965.0
2024-05-04 10:40:59.584: 165 avg_steps: 906.65
2024-05-04 10:40:59.584: 165 epsilon: 0.1
2024-05-04 11:05:37.829: 166 test start:
2024-05-04 11:06:11.333: 166 avg_reward: 2230.0
2024-05-04 11:06:11.334: 166 avg_steps: 963.6
2024-05-04 11:06:11.334: 166 epsilon: 0.1
2024-05-04 11:30:28.181: 167 test start:
2024-05-04 11:30:59.217: 167 avg_reward: 1860.0
2024-05-04 11:30:59.217: 167 avg_steps: 858.7
2024-05-04 11:30:59.217: 167 epsilon: 0.1
2024-05-04 11:55:18.891: 168 test start:
2024-05-04 11:55:50.851: 168 avg_reward: 1960.0
2024-05-04 11:55:50.851: 168 avg_steps: 859.75
2024-05-04 11:55:50.851: 168 epsilon: 0.1
2024-05-04 12:20:21.551: 169 test start:
2024-05-04 12:20:46.876: 169 avg_reward: 1460.0
2024-05-04 12:20:46.877: 169 avg_steps: 725.35
2024-05-04 12:20:46.877: 169 epsilon: 0.1
2024-05-04 12:46:25.647: 170 test start:
2024-05-04 12:46:57.484: 170 avg_reward: 1840.0
2024-05-04 12:46:57.485: 170 avg_steps: 834.35
2024-05-04 12:46:57.485: 170 epsilon: 0.1
2024-05-04 13:13:38.861: 171 test start:
2024-05-04 13:14:10.283: 171 avg_reward: 1790.0
2024-05-04 13:14:10.283: 171 avg_steps: 806.35
2024-05-04 13:14:10.283: 171 epsilon: 0.1
2024-05-04 13:40:43.686: 172 test start:
2024-05-04 13:41:18.413: 172 avg_reward: 2020.0
2024-05-04 13:41:18.413: 172 avg_steps: 889.55
2024-05-04 13:41:18.413: 172 epsilon: 0.1
2024-05-04 14:08:54.895: 173 test start:
2024-05-04 14:09:28.155: 173 avg_reward: 1850.0
2024-05-04 14:09:28.155: 173 avg_steps: 866.05
2024-05-04 14:09:28.155: 173 epsilon: 0.1
2024-05-04 14:35:06.547: 174 test start:
2024-05-04 14:35:40.269: 174 avg_reward: 1930.0
2024-05-04 14:35:40.269: 174 avg_steps: 874.65
2024-05-04 14:35:40.269: 174 epsilon: 0.1
2024-05-04 15:01:27.401: 175 test start:
2024-05-04 15:02:00.772: 175 avg_reward: 1890.0
2024-05-04 15:02:00.772: 175 avg_steps: 848.95
2024-05-04 15:02:00.773: 175 epsilon: 0.1
2024-05-04 15:27:38.354: 176 test start:
2024-05-04 15:28:07.427: 176 avg_reward: 1530.0
2024-05-04 15:28:07.428: 176 avg_steps: 733.5
2024-05-04 15:28:07.428: 176 epsilon: 0.1
2024-05-04 15:54:12.345: 177 test start:
2024-05-04 15:54:47.890: 177 avg_reward: 1980.0
2024-05-04 15:54:47.891: 177 avg_steps: 879.85
2024-05-04 15:54:47.891: 177 epsilon: 0.1
2024-05-04 16:22:58.407: 178 test start:
2024-05-04 16:23:31.933: 178 avg_reward: 1750.0
2024-05-04 16:23:31.933: 178 avg_steps: 829.45
2024-05-04 16:23:31.933: 178 epsilon: 0.1
2024-05-04 16:51:32.509: 179 test start:
2024-05-04 16:52:05.648: 179 avg_reward: 1850.0
2024-05-04 16:52:05.649: 179 avg_steps: 822.9
2024-05-04 16:52:05.649: 179 epsilon: 0.1
2024-05-04 17:20:10.796: 180 test start:
2024-05-04 17:20:44.459: 180 avg_reward: 1760.0
2024-05-04 17:20:44.460: 180 avg_steps: 803.85
2024-05-04 17:20:44.460: 180 epsilon: 0.1
2024-05-04 17:48:34.560: 181 test start:
2024-05-04 17:49:08.335: 181 avg_reward: 1980.0
2024-05-04 17:49:08.336: 181 avg_steps: 865.35
2024-05-04 17:49:08.336: 181 epsilon: 0.1
2024-05-04 18:15:42.101: 182 test start:
2024-05-04 18:16:15.016: 182 avg_reward: 1850.0
2024-05-04 18:16:15.017: 182 avg_steps: 839.6
2024-05-04 18:16:15.017: 182 epsilon: 0.1
2024-05-04 18:42:20.544: 183 test start:
2024-05-04 18:42:49.246: 183 avg_reward: 1640.0
2024-05-04 18:42:49.247: 183 avg_steps: 741.7
2024-05-04 18:42:49.247: 183 epsilon: 0.1
2024-05-04 19:07:56.805: 184 test start:
2024-05-04 19:08:30.636: 184 avg_reward: 1970.0
2024-05-04 19:08:30.636: 184 avg_steps: 865.15
2024-05-04 19:08:30.636: 184 epsilon: 0.1
2024-05-04 19:34:14.514: 185 test start:
2024-05-04 19:34:52.407: 185 avg_reward: 2340.0
2024-05-04 19:34:52.408: 185 avg_steps: 970.15
2024-05-04 19:34:52.408: 185 epsilon: 0.1
2024-05-04 20:00:17.483: 186 test start:
2024-05-04 20:00:49.481: 186 avg_reward: 1865.0
2024-05-04 20:00:49.481: 186 avg_steps: 835.95
2024-05-04 20:00:49.481: 186 epsilon: 0.1
2024-05-04 20:25:26.192: 187 test start:
2024-05-04 20:25:56.693: 187 avg_reward: 1790.0
2024-05-04 20:25:56.693: 187 avg_steps: 802.4
2024-05-04 20:25:56.693: 187 epsilon: 0.1
2024-05-04 20:50:30.418: 188 test start:
2024-05-04 20:51:01.484: 188 avg_reward: 1930.0
2024-05-04 20:51:01.484: 188 avg_steps: 849.55
2024-05-04 20:51:01.484: 188 epsilon: 0.1
2024-05-04 21:14:57.463: 189 test start:
2024-05-04 21:15:33.048: 189 avg_reward: 1960.0
2024-05-04 21:15:33.049: 189 avg_steps: 891.65
2024-05-04 21:15:33.049: 189 epsilon: 0.1
2024-05-04 21:40:59.778: 190 test start:
2024-05-04 21:41:32.317: 190 avg_reward: 1840.0
2024-05-04 21:41:32.317: 190 avg_steps: 831.45
2024-05-04 21:41:32.317: 190 epsilon: 0.1
2024-05-04 22:07:30.417: 191 test start:
2024-05-04 22:07:59.186: 191 avg_reward: 1470.0
2024-05-04 22:07:59.186: 191 avg_steps: 735.6
2024-05-04 22:07:59.186: 191 epsilon: 0.1
2024-05-04 22:30:44.580: 192 test start:
2024-05-04 22:31:18.843: 192 avg_reward: 2055.0
2024-05-04 22:31:18.843: 192 avg_steps: 954.35
2024-05-04 22:31:18.843: 192 epsilon: 0.1
2024-05-04 22:53:17.821: 193 test start:
2024-05-04 22:53:52.076: 193 avg_reward: 2235.0
2024-05-04 22:53:52.076: 193 avg_steps: 953.35
2024-05-04 22:53:52.076: 193 epsilon: 0.1
2024-05-04 23:16:27.963: 194 test start:
2024-05-04 23:16:57.016: 194 avg_reward: 1680.0
2024-05-04 23:16:57.016: 194 avg_steps: 782.3
2024-05-04 23:16:57.016: 194 epsilon: 0.1
2024-05-04 23:39:41.556: 195 test start:
2024-05-04 23:40:12.067: 195 avg_reward: 1805.0
2024-05-04 23:40:12.068: 195 avg_steps: 811.5
2024-05-04 23:40:12.068: 195 epsilon: 0.1
2024-05-05 00:02:37.306: 196 test start:
2024-05-05 00:03:11.924: 196 avg_reward: 2120.0
2024-05-05 00:03:11.924: 196 avg_steps: 921.3
2024-05-05 00:03:11.924: 196 epsilon: 0.1
2024-05-05 00:25:26.342: 197 test start:
2024-05-05 00:25:56.315: 197 avg_reward: 1820.0
2024-05-05 00:25:56.315: 197 avg_steps: 820.1
2024-05-05 00:25:56.315: 197 epsilon: 0.1
2024-05-05 00:48:53.888: 198 test start:
2024-05-05 00:49:21.427: 198 avg_reward: 1420.0
2024-05-05 00:49:21.427: 198 avg_steps: 781.05
2024-05-05 00:49:21.427: 198 epsilon: 0.1
2024-05-05 01:10:38.710: 199 test start:
2024-05-05 01:11:08.481: 199 avg_reward: 1615.0
2024-05-05 01:11:08.481: 199 avg_steps: 762.05
2024-05-05 01:11:08.482: 199 epsilon: 0.1
2024-05-05 01:33:02.868: 200 test start:
2024-05-05 01:33:31.723: 200 avg_reward: 1710.0
2024-05-05 01:33:31.724: 200 avg_steps: 809.55
2024-05-05 01:33:31.724: 200 epsilon: 0.1
2024-05-05 01:55:27.303: 201 test start:
2024-05-05 01:55:55.852: 201 avg_reward: 1690.0
2024-05-05 01:55:55.852: 201 avg_steps: 794.45
2024-05-05 01:55:55.852: 201 epsilon: 0.1
2024-05-05 02:17:41.506: 202 test start:
2024-05-05 02:18:09.790: 202 avg_reward: 1670.0
2024-05-05 02:18:09.791: 202 avg_steps: 784.95
2024-05-05 02:18:09.791: 202 epsilon: 0.1
2024-05-05 02:40:16.960: 203 test start:
2024-05-05 02:40:48.272: 203 avg_reward: 2010.0
2024-05-05 02:40:48.272: 203 avg_steps: 877.75
2024-05-05 02:40:48.272: 203 epsilon: 0.1
2024-05-05 03:03:17.225: 204 test start:
2024-05-05 03:03:44.665: 204 avg_reward: 1630.0
2024-05-05 03:03:44.665: 204 avg_steps: 744.6
2024-05-05 03:03:44.665: 204 epsilon: 0.1
2024-05-05 03:25:15.728: 205 test start:
2024-05-05 03:25:43.027: 205 avg_reward: 1690.0
2024-05-05 03:25:43.027: 205 avg_steps: 777.7
2024-05-05 03:25:43.027: 205 epsilon: 0.1
2024-05-05 03:46:55.909: 206 test start:
2024-05-05 03:47:29.050: 206 avg_reward: 2145.0
2024-05-05 03:47:29.050: 206 avg_steps: 952.9
2024-05-05 03:47:29.050: 206 epsilon: 0.1
2024-05-05 04:08:30.049: 207 test start:
2024-05-05 04:08:55.934: 207 avg_reward: 1820.0
2024-05-05 04:08:55.934: 207 avg_steps: 799.6
2024-05-05 04:08:55.934: 207 epsilon: 0.1
2024-05-05 04:28:50.835: 208 test start:
2024-05-05 04:29:14.273: 208 avg_reward: 1560.0
2024-05-05 04:29:14.273: 208 avg_steps: 731.35
2024-05-05 04:29:14.273: 208 epsilon: 0.1
2024-05-05 04:49:25.734: 209 test start:
2024-05-05 04:49:53.954: 209 avg_reward: 2070.0
2024-05-05 04:49:53.954: 209 avg_steps: 862.05
2024-05-05 04:49:53.954: 209 epsilon: 0.1
2024-05-05 05:09:39.532: 210 test start:
2024-05-05 05:10:08.477: 210 avg_reward: 1890.0
2024-05-05 05:10:08.478: 210 avg_steps: 839.25
2024-05-05 05:10:08.478: 210 epsilon: 0.1
2024-05-05 05:30:27.049: 211 test start:
2024-05-05 05:30:52.222: 211 avg_reward: 1630.0
2024-05-05 05:30:52.223: 211 avg_steps: 747.4
2024-05-05 05:30:52.223: 211 epsilon: 0.1
2024-05-05 05:51:17.621: 212 test start:
2024-05-05 05:51:45.573: 212 avg_reward: 1740.0
2024-05-05 05:51:45.573: 212 avg_steps: 804.5
2024-05-05 05:51:45.573: 212 epsilon: 0.1
2024-05-05 06:11:51.013: 213 test start:
2024-05-05 06:12:18.039: 213 avg_reward: 1800.0
2024-05-05 06:12:18.040: 213 avg_steps: 823.0
2024-05-05 06:12:18.040: 213 epsilon: 0.1
2024-05-05 06:32:22.596: 214 test start:
2024-05-05 06:32:50.870: 214 avg_reward: 1810.0
2024-05-05 06:32:50.871: 214 avg_steps: 835.6
2024-05-05 06:32:50.871: 214 epsilon: 0.1
2024-05-05 06:52:51.499: 215 test start:
2024-05-05 06:53:20.180: 215 avg_reward: 2020.0
2024-05-05 06:53:20.180: 215 avg_steps: 870.2
2024-05-05 06:53:20.180: 215 epsilon: 0.1
2024-05-05 07:13:31.749: 216 test start:
2024-05-05 07:14:00.925: 216 avg_reward: 1940.0
2024-05-05 07:14:00.925: 216 avg_steps: 849.95
2024-05-05 07:14:00.925: 216 epsilon: 0.1
2024-05-05 07:34:18.546: 217 test start:
2024-05-05 07:34:44.694: 217 avg_reward: 1580.0
2024-05-05 07:34:44.695: 217 avg_steps: 774.1
2024-05-05 07:34:44.695: 217 epsilon: 0.1
2024-05-05 07:55:05.145: 218 test start:
2024-05-05 07:55:34.279: 218 avg_reward: 1940.0
2024-05-05 07:55:34.279: 218 avg_steps: 840.2
2024-05-05 07:55:34.279: 218 epsilon: 0.1
2024-05-05 08:15:58.332: 219 test start:
2024-05-05 08:16:24.445: 219 avg_reward: 1610.0
2024-05-05 08:16:24.445: 219 avg_steps: 755.3
2024-05-05 08:16:24.445: 219 epsilon: 0.1
2024-05-05 08:37:15.993: 220 test start:
2024-05-05 08:37:43.769: 220 avg_reward: 1800.0
2024-05-05 08:37:43.770: 220 avg_steps: 786.9
2024-05-05 08:37:43.770: 220 epsilon: 0.1
