2024-05-01 10:28:12.674: 
parameters:agent_saving_period: 80000
agent_test_episodes: 20
batch_num_per_epoch: 100000
device: cuda:0
env_name: ALE/WizardOfWor-v5
epsilon_for_test: 0.05
epsilon_max: 1.0
epsilon_min: 0.1
exploration_steps: 1000000
gamma: 0.99
input_frame_height: 84
input_frame_width: 84
learning_rate: 1.0e-05
log_path: ../exps/dqn/
mini_batch_size: 32
no_op: 30
phi_channel: 4
replay_buffer_size: 200000
replay_start_size: 10000
save_path: ./exps/
skip_k_frame: 4
step_c: 10000
training_steps: 50000000

2024-05-01 10:45:21.712: 1 test start:
2024-05-01 10:45:47.665: 1 avg_reward: 225.0
2024-05-01 10:45:47.665: 1 avg_steps: 713.05
2024-05-01 10:45:47.665: 1 epsilon: 0.9206569
2024-05-01 11:08:44.479: 2 test start:
2024-05-01 11:09:09.125: 2 avg_reward: 285.0
2024-05-01 11:09:09.126: 2 avg_steps: 700.15
2024-05-01 11:09:09.126: 2 epsilon: 0.8327538999999999
2024-05-01 11:33:16.640: 3 test start:
2024-05-01 11:33:58.430: 3 avg_reward: 545.0
2024-05-01 11:33:58.431: 3 avg_steps: 1194.35
2024-05-01 11:33:58.431: 3 epsilon: 0.745282
2024-05-01 11:58:23.728: 4 test start:
2024-05-01 11:59:01.337: 4 avg_reward: 425.0
2024-05-01 11:59:01.338: 4 avg_steps: 1069.95
2024-05-01 11:59:01.338: 4 epsilon: 0.6565888
2024-05-01 12:23:18.784: 5 test start:
2024-05-01 12:23:39.097: 5 avg_reward: 340.0
2024-05-01 12:23:39.097: 5 avg_steps: 570.7
2024-05-01 12:23:39.097: 5 epsilon: 0.5697496
2024-05-01 12:48:01.961: 6 test start:
2024-05-01 12:48:30.431: 6 avg_reward: 275.0
2024-05-01 12:48:30.432: 6 avg_steps: 771.85
2024-05-01 12:48:30.432: 6 epsilon: 0.48271869999999995
2024-05-01 13:13:18.436: 7 test start:
2024-05-01 13:13:56.167: 7 avg_reward: 405.0
2024-05-01 13:13:56.168: 7 avg_steps: 1088.65
2024-05-01 13:13:56.168: 7 epsilon: 0.39515049999999996
2024-05-01 13:38:22.503: 8 test start:
2024-05-01 13:38:48.694: 8 avg_reward: 495.0
2024-05-01 13:38:48.694: 8 avg_steps: 767.6
2024-05-01 13:38:48.694: 8 epsilon: 0.3073969
2024-05-01 14:03:56.628: 9 test start:
2024-05-01 14:04:23.012: 9 avg_reward: 230.0
2024-05-01 14:04:23.013: 9 avg_steps: 764.45
2024-05-01 14:04:23.013: 9 epsilon: 0.22054509999999994
2024-05-01 14:29:14.492: 10 test start:
2024-05-01 14:29:45.080: 10 avg_reward: 540.0
2024-05-01 14:29:45.080: 10 avg_steps: 898.9
2024-05-01 14:29:45.080: 10 epsilon: 0.1336563999999999
2024-05-01 14:55:46.022: 11 test start:
2024-05-01 14:56:31.498: 11 avg_reward: 565.0
2024-05-01 14:56:31.498: 11 avg_steps: 1323.0
2024-05-01 14:56:31.499: 11 epsilon: 0.1
2024-05-01 15:22:22.002: 12 test start:
2024-05-01 15:22:44.419: 12 avg_reward: 150.0
2024-05-01 15:22:44.419: 12 avg_steps: 614.2
2024-05-01 15:22:44.419: 12 epsilon: 0.1
2024-05-01 15:49:23.325: 13 test start:
2024-05-01 15:50:03.306: 13 avg_reward: 415.0
2024-05-01 15:50:03.307: 13 avg_steps: 1104.5
2024-05-01 15:50:03.307: 13 epsilon: 0.1
2024-05-01 16:16:46.415: 14 test start:
2024-05-01 16:18:08.184: 14 avg_reward: 850.0
2024-05-01 16:18:08.185: 14 avg_steps: 2274.05
2024-05-01 16:18:08.185: 14 epsilon: 0.1
2024-05-01 16:44:50.514: 15 test start:
2024-05-01 16:45:24.808: 15 avg_reward: 615.0
2024-05-01 16:45:24.808: 15 avg_steps: 949.85
2024-05-01 16:45:24.808: 15 epsilon: 0.1
2024-05-01 17:13:02.979: 16 test start:
2024-05-01 17:13:26.254: 16 avg_reward: 480.0
2024-05-01 17:13:26.255: 16 avg_steps: 656.95
2024-05-01 17:13:26.255: 16 epsilon: 0.1
2024-05-01 17:40:15.089: 17 test start:
2024-05-01 17:40:57.373: 17 avg_reward: 525.0
2024-05-01 17:40:57.374: 17 avg_steps: 1218.55
2024-05-01 17:40:57.374: 17 epsilon: 0.1
2024-05-01 18:08:00.194: 18 test start:
2024-05-01 18:08:30.620: 18 avg_reward: 560.0
2024-05-01 18:08:30.621: 18 avg_steps: 822.6
2024-05-01 18:08:30.621: 18 epsilon: 0.1
2024-05-01 18:35:50.761: 19 test start:
2024-05-01 18:36:40.700: 19 avg_reward: 860.0
2024-05-01 18:36:40.701: 19 avg_steps: 1384.7
2024-05-01 18:36:40.701: 19 epsilon: 0.1
2024-05-01 19:03:57.734: 20 test start:
2024-05-01 19:04:33.801: 20 avg_reward: 470.0
2024-05-01 19:04:33.802: 20 avg_steps: 989.6
2024-05-01 19:04:33.802: 20 epsilon: 0.1
2024-05-01 19:31:45.065: 21 test start:
2024-05-01 19:32:08.195: 21 avg_reward: 240.0
2024-05-01 19:32:08.195: 21 avg_steps: 634.05
2024-05-01 19:32:08.196: 21 epsilon: 0.1
2024-05-01 19:59:12.850: 22 test start:
2024-05-01 19:59:46.381: 22 avg_reward: 620.0
2024-05-01 19:59:46.382: 22 avg_steps: 866.3
2024-05-01 19:59:46.382: 22 epsilon: 0.1
2024-05-01 20:27:09.781: 23 test start:
2024-05-01 20:27:48.373: 23 avg_reward: 580.0
2024-05-01 20:27:48.373: 23 avg_steps: 1033.95
2024-05-01 20:27:48.373: 23 epsilon: 0.1
2024-05-01 20:54:44.571: 24 test start:
2024-05-01 20:55:14.336: 24 avg_reward: 465.0
2024-05-01 20:55:14.337: 24 avg_steps: 852.2
2024-05-01 20:55:14.337: 24 epsilon: 0.1
2024-05-01 21:22:21.964: 25 test start:
2024-05-01 21:22:53.694: 25 avg_reward: 410.0
2024-05-01 21:22:53.694: 25 avg_steps: 947.75
2024-05-01 21:22:53.694: 25 epsilon: 0.1
2024-05-01 21:49:54.857: 26 test start:
2024-05-01 21:50:34.436: 26 avg_reward: 740.0
2024-05-01 21:50:34.436: 26 avg_steps: 1114.3
2024-05-01 21:50:34.436: 26 epsilon: 0.1
2024-05-01 22:17:55.727: 27 test start:
2024-05-01 22:18:26.615: 27 avg_reward: 420.0
2024-05-01 22:18:26.616: 27 avg_steps: 856.15
2024-05-01 22:18:26.616: 27 epsilon: 0.1
2024-05-01 22:45:17.013: 28 test start:
2024-05-01 22:45:46.504: 28 avg_reward: 495.0
2024-05-01 22:45:46.504: 28 avg_steps: 846.75
2024-05-01 22:45:46.504: 28 epsilon: 0.1
2024-05-01 23:09:26.040: 29 test start:
2024-05-01 23:10:07.337: 29 avg_reward: 860.0
2024-05-01 23:10:07.338: 29 avg_steps: 1232.6
2024-05-01 23:10:07.338: 29 epsilon: 0.1
2024-05-01 23:34:15.062: 30 test start:
2024-05-01 23:34:42.511: 30 avg_reward: 520.0
2024-05-01 23:34:42.511: 30 avg_steps: 801.8
2024-05-01 23:34:42.511: 30 epsilon: 0.1
2024-05-01 23:58:56.991: 31 test start:
2024-05-01 23:59:32.361: 31 avg_reward: 470.0
2024-05-01 23:59:32.362: 31 avg_steps: 1010.55
2024-05-01 23:59:32.362: 31 epsilon: 0.1
2024-05-02 00:26:31.427: 32 test start:
2024-05-02 00:27:01.093: 32 avg_reward: 460.0
2024-05-02 00:27:01.093: 32 avg_steps: 866.45
2024-05-02 00:27:01.093: 32 epsilon: 0.1
2024-05-02 00:53:38.600: 33 test start:
2024-05-02 00:54:26.392: 33 avg_reward: 640.0
2024-05-02 00:54:26.392: 33 avg_steps: 1383.05
2024-05-02 00:54:26.392: 33 epsilon: 0.1
2024-05-02 01:21:14.934: 34 test start:
2024-05-02 01:21:53.261: 34 avg_reward: 575.0
2024-05-02 01:21:53.261: 34 avg_steps: 1128.1
2024-05-02 01:21:53.261: 34 epsilon: 0.1
2024-05-02 01:48:55.847: 35 test start:
2024-05-02 01:49:35.534: 35 avg_reward: 775.0
2024-05-02 01:49:35.535: 35 avg_steps: 1163.7
2024-05-02 01:49:35.535: 35 epsilon: 0.1
2024-05-02 02:15:50.507: 36 test start:
2024-05-02 02:16:29.085: 36 avg_reward: 425.0
2024-05-02 02:16:29.085: 36 avg_steps: 1107.45
2024-05-02 02:16:29.085: 36 epsilon: 0.1
2024-05-02 02:43:12.971: 37 test start:
2024-05-02 02:43:45.024: 37 avg_reward: 335.0
2024-05-02 02:43:45.024: 37 avg_steps: 884.25
2024-05-02 02:43:45.024: 37 epsilon: 0.1
2024-05-02 03:09:57.971: 38 test start:
2024-05-02 03:10:50.578: 38 avg_reward: 565.0
2024-05-02 03:10:50.578: 38 avg_steps: 1547.8
2024-05-02 03:10:50.579: 38 epsilon: 0.1
2024-05-02 03:37:23.841: 39 test start:
2024-05-02 03:38:02.002: 39 avg_reward: 605.0
2024-05-02 03:38:02.002: 39 avg_steps: 1107.5
2024-05-02 03:38:02.002: 39 epsilon: 0.1
2024-05-02 04:04:14.976: 40 test start:
2024-05-02 04:04:48.715: 40 avg_reward: 560.0
2024-05-02 04:04:48.715: 40 avg_steps: 1071.0
2024-05-02 04:04:48.715: 40 epsilon: 0.1
2024-05-02 04:31:33.805: 41 test start:
2024-05-02 04:32:16.009: 41 avg_reward: 780.0
2024-05-02 04:32:16.009: 41 avg_steps: 1206.6
2024-05-02 04:32:16.009: 41 epsilon: 0.1
2024-05-02 04:59:10.920: 42 test start:
2024-05-02 04:59:23.311: 42 avg_reward: 70.0
2024-05-02 04:59:23.311: 42 avg_steps: 351.05
2024-05-02 04:59:23.311: 42 epsilon: 0.1
2024-05-02 05:25:22.459: 43 test start:
2024-05-02 05:25:59.133: 43 avg_reward: 710.0
2024-05-02 05:25:59.133: 43 avg_steps: 1056.05
2024-05-02 05:25:59.133: 43 epsilon: 0.1
2024-05-02 05:52:05.916: 44 test start:
2024-05-02 05:53:00.827: 44 avg_reward: 645.0
2024-05-02 05:53:00.827: 44 avg_steps: 1690.95
2024-05-02 05:53:00.827: 44 epsilon: 0.1
2024-05-02 06:18:41.653: 45 test start:
2024-05-02 06:19:27.277: 45 avg_reward: 490.0
2024-05-02 06:19:27.277: 45 avg_steps: 1313.65
2024-05-02 06:19:27.277: 45 epsilon: 0.1
2024-05-02 06:45:32.627: 46 test start:
2024-05-02 06:46:06.530: 46 avg_reward: 420.0
2024-05-02 06:46:06.530: 46 avg_steps: 970.5
2024-05-02 06:46:06.530: 46 epsilon: 0.1
2024-05-02 07:11:34.317: 47 test start:
2024-05-02 07:12:19.912: 47 avg_reward: 730.0
2024-05-02 07:12:19.912: 47 avg_steps: 1327.2
2024-05-02 07:12:19.912: 47 epsilon: 0.1
2024-05-02 07:38:14.849: 48 test start:
2024-05-02 07:38:57.195: 48 avg_reward: 355.0
2024-05-02 07:38:57.196: 48 avg_steps: 1215.7
2024-05-02 07:38:57.196: 48 epsilon: 0.1
2024-05-02 08:04:49.526: 49 test start:
2024-05-02 08:05:22.884: 49 avg_reward: 365.0
2024-05-02 08:05:22.885: 49 avg_steps: 985.25
2024-05-02 08:05:22.885: 49 epsilon: 0.1
2024-05-02 08:31:30.214: 50 test start:
2024-05-02 08:32:12.000: 50 avg_reward: 450.0
2024-05-02 08:32:12.001: 50 avg_steps: 1203.8
2024-05-02 08:32:12.001: 50 epsilon: 0.1
2024-05-02 08:56:38.727: 51 test start:
2024-05-02 08:57:15.358: 51 avg_reward: 540.0
2024-05-02 08:57:15.359: 51 avg_steps: 1012.2
2024-05-02 08:57:15.359: 51 epsilon: 0.1
2024-05-02 09:23:23.171: 52 test start:
2024-05-02 09:23:49.256: 52 avg_reward: 350.0
2024-05-02 09:23:49.256: 52 avg_steps: 740.75
2024-05-02 09:23:49.256: 52 epsilon: 0.1
2024-05-02 09:50:44.218: 53 test start:
2024-05-02 09:51:23.081: 53 avg_reward: 430.0
2024-05-02 09:51:23.082: 53 avg_steps: 1075.95
2024-05-02 09:51:23.082: 53 epsilon: 0.1
2024-05-02 10:17:56.131: 54 test start:
2024-05-02 10:18:38.401: 54 avg_reward: 485.0
2024-05-02 10:18:38.402: 54 avg_steps: 1224.0
2024-05-02 10:18:38.402: 54 epsilon: 0.1
2024-05-02 10:45:55.995: 55 test start:
2024-05-02 10:46:36.600: 55 avg_reward: 495.0
2024-05-02 10:46:36.601: 55 avg_steps: 1125.05
2024-05-02 10:46:36.601: 55 epsilon: 0.1
2024-05-02 11:13:34.610: 56 test start:
2024-05-02 11:14:03.577: 56 avg_reward: 475.0
2024-05-02 11:14:03.577: 56 avg_steps: 853.6
2024-05-02 11:14:03.578: 56 epsilon: 0.1
2024-05-02 11:40:56.390: 57 test start:
2024-05-02 11:41:16.269: 57 avg_reward: 370.0
2024-05-02 11:41:16.270: 57 avg_steps: 567.35
2024-05-02 11:41:16.270: 57 epsilon: 0.1
2024-05-02 12:07:15.034: 58 test start:
2024-05-02 12:07:49.886: 58 avg_reward: 565.0
2024-05-02 12:07:49.886: 58 avg_steps: 1018.25
2024-05-02 12:07:49.886: 58 epsilon: 0.1
2024-05-02 12:35:17.732: 59 test start:
2024-05-02 12:36:05.665: 59 avg_reward: 785.0
2024-05-02 12:36:05.666: 59 avg_steps: 1304.8
2024-05-02 12:36:05.666: 59 epsilon: 0.1
2024-05-02 13:03:24.050: 60 test start:
2024-05-02 13:03:55.399: 60 avg_reward: 455.0
2024-05-02 13:03:55.400: 60 avg_steps: 853.45
2024-05-02 13:03:55.400: 60 epsilon: 0.1
2024-05-02 13:31:03.349: 61 test start:
2024-05-02 13:31:25.233: 61 avg_reward: 290.0
2024-05-02 13:31:25.233: 61 avg_steps: 617.05
2024-05-02 13:31:25.233: 61 epsilon: 0.1
2024-05-02 13:57:44.166: 62 test start:
2024-05-02 13:58:28.845: 62 avg_reward: 685.0
2024-05-02 13:58:28.846: 62 avg_steps: 1282.15
2024-05-02 13:58:28.846: 62 epsilon: 0.1
2024-05-02 14:25:09.731: 63 test start:
2024-05-02 14:25:39.783: 63 avg_reward: 495.0
2024-05-02 14:25:39.784: 63 avg_steps: 818.5
2024-05-02 14:25:39.784: 63 epsilon: 0.1
2024-05-02 14:52:16.801: 64 test start:
2024-05-02 14:52:49.418: 64 avg_reward: 370.0
2024-05-02 14:52:49.419: 64 avg_steps: 912.4
2024-05-02 14:52:49.419: 64 epsilon: 0.1
2024-05-02 15:19:29.430: 65 test start:
2024-05-02 15:20:08.307: 65 avg_reward: 590.0
2024-05-02 15:20:08.307: 65 avg_steps: 1196.9
2024-05-02 15:20:08.307: 65 epsilon: 0.1
2024-05-02 15:46:13.604: 66 test start:
2024-05-02 15:47:00.558: 66 avg_reward: 490.0
2024-05-02 15:47:00.559: 66 avg_steps: 1232.65
2024-05-02 15:47:00.559: 66 epsilon: 0.1
2024-05-02 16:13:48.368: 67 test start:
2024-05-02 16:14:30.932: 67 avg_reward: 565.0
2024-05-02 16:14:30.933: 67 avg_steps: 1209.3
2024-05-02 16:14:30.933: 67 epsilon: 0.1
2024-05-02 16:40:46.820: 68 test start:
2024-05-02 16:41:19.533: 68 avg_reward: 360.0
2024-05-02 16:41:19.533: 68 avg_steps: 838.5
2024-05-02 16:41:19.533: 68 epsilon: 0.1
2024-05-02 17:08:27.909: 69 test start:
2024-05-02 17:09:06.852: 69 avg_reward: 770.0
2024-05-02 17:09:06.852: 69 avg_steps: 1081.5
2024-05-02 17:09:06.853: 69 epsilon: 0.1
2024-05-02 17:35:29.204: 70 test start:
2024-05-02 17:36:13.854: 70 avg_reward: 495.0
2024-05-02 17:36:13.855: 70 avg_steps: 1246.65
2024-05-02 17:36:13.855: 70 epsilon: 0.1
2024-05-02 18:03:36.677: 71 test start:
2024-05-02 18:04:29.626: 71 avg_reward: 800.0
2024-05-02 18:04:29.626: 71 avg_steps: 1383.35
2024-05-02 18:04:29.627: 71 epsilon: 0.1
2024-05-02 18:31:13.931: 72 test start:
2024-05-02 18:31:43.937: 72 avg_reward: 305.0
2024-05-02 18:31:43.938: 72 avg_steps: 790.5
2024-05-02 18:31:43.938: 72 epsilon: 0.1
2024-05-02 18:59:09.420: 73 test start:
2024-05-02 19:00:19.208: 73 avg_reward: 760.0
2024-05-02 19:00:19.208: 73 avg_steps: 1870.75
2024-05-02 19:00:19.208: 73 epsilon: 0.1
2024-05-02 19:27:04.711: 74 test start:
2024-05-02 19:27:40.635: 74 avg_reward: 350.0
2024-05-02 19:27:40.635: 74 avg_steps: 960.4
2024-05-02 19:27:40.635: 74 epsilon: 0.1
2024-05-02 19:55:31.412: 75 test start:
2024-05-02 19:56:17.776: 75 avg_reward: 600.0
2024-05-02 19:56:17.776: 75 avg_steps: 1230.85
2024-05-02 19:56:17.776: 75 epsilon: 0.1
2024-05-02 20:23:22.009: 76 test start:
2024-05-02 20:24:07.100: 76 avg_reward: 560.0
2024-05-02 20:24:07.101: 76 avg_steps: 1245.9
2024-05-02 20:24:07.101: 76 epsilon: 0.1
2024-05-02 20:50:25.218: 77 test start:
2024-05-02 20:50:54.401: 77 avg_reward: 380.0
2024-05-02 20:50:54.402: 77 avg_steps: 808.1
2024-05-02 20:50:54.402: 77 epsilon: 0.1
2024-05-02 21:16:44.013: 78 test start:
2024-05-02 21:17:19.551: 78 avg_reward: 520.0
2024-05-02 21:17:19.551: 78 avg_steps: 1008.55
2024-05-02 21:17:19.551: 78 epsilon: 0.1
2024-05-02 21:43:33.238: 79 test start:
2024-05-02 21:44:13.872: 79 avg_reward: 580.0
2024-05-02 21:44:13.872: 79 avg_steps: 1163.2
2024-05-02 21:44:13.873: 79 epsilon: 0.1
2024-05-02 22:09:56.171: 80 test start:
2024-05-02 22:10:31.265: 80 avg_reward: 400.0
2024-05-02 22:10:31.266: 80 avg_steps: 971.35
2024-05-02 22:10:31.266: 80 epsilon: 0.1
2024-05-02 22:36:47.023: 81 test start:
2024-05-02 22:37:13.024: 81 avg_reward: 350.0
2024-05-02 22:37:13.024: 81 avg_steps: 712.15
2024-05-02 22:37:13.024: 81 epsilon: 0.1
2024-05-02 23:03:52.077: 82 test start:
2024-05-02 23:04:25.754: 82 avg_reward: 355.0
2024-05-02 23:04:25.754: 82 avg_steps: 923.9
2024-05-02 23:04:25.754: 82 epsilon: 0.1
2024-05-02 23:30:57.188: 83 test start:
2024-05-02 23:31:35.582: 83 avg_reward: 330.0
2024-05-02 23:31:35.582: 83 avg_steps: 1071.8
2024-05-02 23:31:35.582: 83 epsilon: 0.1
2024-05-02 23:58:22.802: 84 test start:
2024-05-02 23:58:58.678: 84 avg_reward: 470.0
2024-05-02 23:58:58.679: 84 avg_steps: 966.2
2024-05-02 23:58:58.679: 84 epsilon: 0.1
2024-05-03 00:26:10.742: 85 test start:
2024-05-03 00:26:37.468: 85 avg_reward: 220.0
2024-05-03 00:26:37.468: 85 avg_steps: 688.8
2024-05-03 00:26:37.468: 85 epsilon: 0.1
2024-05-03 00:54:11.178: 86 test start:
2024-05-03 00:54:56.139: 86 avg_reward: 485.0
2024-05-03 00:54:56.139: 86 avg_steps: 1173.65
2024-05-03 00:54:56.139: 86 epsilon: 0.1
2024-05-03 01:22:12.815: 87 test start:
2024-05-03 01:22:47.178: 87 avg_reward: 405.0
2024-05-03 01:22:47.179: 87 avg_steps: 911.95
2024-05-03 01:22:47.179: 87 epsilon: 0.1
2024-05-03 01:49:59.851: 88 test start:
2024-05-03 01:50:40.004: 88 avg_reward: 505.0
2024-05-03 01:50:40.005: 88 avg_steps: 1128.75
2024-05-03 01:50:40.005: 88 epsilon: 0.1
2024-05-03 02:16:14.849: 89 test start:
2024-05-03 02:17:04.034: 89 avg_reward: 590.0
2024-05-03 02:17:04.035: 89 avg_steps: 1357.05
2024-05-03 02:17:04.035: 89 epsilon: 0.1
2024-05-03 02:42:19.471: 90 test start:
2024-05-03 02:43:07.261: 90 avg_reward: 535.0
2024-05-03 02:43:07.261: 90 avg_steps: 1333.15
2024-05-03 02:43:07.261: 90 epsilon: 0.1
2024-05-03 03:10:51.367: 91 test start:
2024-05-03 03:11:19.556: 91 avg_reward: 380.0
2024-05-03 03:11:19.557: 91 avg_steps: 764.1
2024-05-03 03:11:19.557: 91 epsilon: 0.1
2024-05-03 03:37:33.494: 92 test start:
2024-05-03 03:38:13.955: 92 avg_reward: 630.0
2024-05-03 03:38:13.956: 92 avg_steps: 1052.5
2024-05-03 03:38:13.956: 92 epsilon: 0.1
2024-05-03 04:05:27.127: 93 test start:
2024-05-03 04:05:59.529: 93 avg_reward: 295.0
2024-05-03 04:05:59.529: 93 avg_steps: 822.8
2024-05-03 04:05:59.529: 93 epsilon: 0.1
2024-05-03 04:33:14.329: 94 test start:
2024-05-03 04:33:46.165: 94 avg_reward: 305.0
2024-05-03 04:33:46.165: 94 avg_steps: 836.45
2024-05-03 04:33:46.165: 94 epsilon: 0.1
2024-05-03 05:00:15.869: 95 test start:
2024-05-03 05:01:08.262: 95 avg_reward: 555.0
2024-05-03 05:01:08.262: 95 avg_steps: 1383.25
2024-05-03 05:01:08.262: 95 epsilon: 0.1
2024-05-03 05:27:28.926: 96 test start:
2024-05-03 05:27:56.995: 96 avg_reward: 290.0
2024-05-03 05:27:56.995: 96 avg_steps: 743.85
2024-05-03 05:27:56.995: 96 epsilon: 0.1
2024-05-03 05:54:23.384: 97 test start:
2024-05-03 05:54:58.425: 97 avg_reward: 535.0
2024-05-03 05:54:58.426: 97 avg_steps: 924.05
2024-05-03 05:54:58.426: 97 epsilon: 0.1
2024-05-03 06:21:51.127: 98 test start:
2024-05-03 06:22:30.016: 98 avg_reward: 625.0
2024-05-03 06:22:30.017: 98 avg_steps: 1023.85
2024-05-03 06:22:30.017: 98 epsilon: 0.1
2024-05-03 06:49:12.800: 99 test start:
2024-05-03 06:49:49.609: 99 avg_reward: 660.0
2024-05-03 06:49:49.609: 99 avg_steps: 984.1
2024-05-03 06:49:49.609: 99 epsilon: 0.1
2024-05-03 07:16:52.079: 100 test start:
2024-05-03 07:17:22.777: 100 avg_reward: 325.0
2024-05-03 07:17:22.777: 100 avg_steps: 789.75
2024-05-03 07:17:22.777: 100 epsilon: 0.1
2024-05-03 07:44:30.593: 101 test start:
2024-05-03 07:45:04.033: 101 avg_reward: 305.0
2024-05-03 07:45:04.033: 101 avg_steps: 834.35
2024-05-03 07:45:04.033: 101 epsilon: 0.1
2024-05-03 08:12:22.492: 102 test start:
2024-05-03 08:12:57.589: 102 avg_reward: 615.0
2024-05-03 08:12:57.589: 102 avg_steps: 934.05
2024-05-03 08:12:57.589: 102 epsilon: 0.1
2024-05-03 08:40:33.653: 103 test start:
2024-05-03 08:41:21.894: 103 avg_reward: 485.0
2024-05-03 08:41:21.895: 103 avg_steps: 1280.9
2024-05-03 08:41:21.895: 103 epsilon: 0.1
2024-05-03 09:09:01.485: 104 test start:
2024-05-03 09:09:53.172: 104 avg_reward: 575.0
2024-05-03 09:09:53.173: 104 avg_steps: 1362.65
2024-05-03 09:09:53.173: 104 epsilon: 0.1
2024-05-03 09:36:40.944: 105 test start:
2024-05-03 09:37:14.537: 105 avg_reward: 390.0
2024-05-03 09:37:14.538: 105 avg_steps: 919.9
2024-05-03 09:37:14.538: 105 epsilon: 0.1
2024-05-03 10:04:14.540: 106 test start:
2024-05-03 10:04:59.025: 106 avg_reward: 405.0
2024-05-03 10:04:59.026: 106 avg_steps: 1220.7
2024-05-03 10:04:59.026: 106 epsilon: 0.1
2024-05-03 10:32:18.374: 107 test start:
2024-05-03 10:32:58.800: 107 avg_reward: 510.0
2024-05-03 10:32:58.800: 107 avg_steps: 1084.75
2024-05-03 10:32:58.801: 107 epsilon: 0.1
2024-05-03 11:00:18.186: 108 test start:
2024-05-03 11:01:10.974: 108 avg_reward: 615.0
2024-05-03 11:01:10.975: 108 avg_steps: 1393.85
2024-05-03 11:01:10.975: 108 epsilon: 0.1
2024-05-03 11:28:49.680: 109 test start:
2024-05-03 11:29:29.739: 109 avg_reward: 310.0
2024-05-03 11:29:29.740: 109 avg_steps: 1080.85
2024-05-03 11:29:29.740: 109 epsilon: 0.1
2024-05-03 11:56:19.751: 110 test start:
2024-05-03 11:56:57.679: 110 avg_reward: 560.0
2024-05-03 11:56:57.680: 110 avg_steps: 1018.65
2024-05-03 11:56:57.680: 110 epsilon: 0.1
2024-05-03 12:24:10.400: 111 test start:
2024-05-03 12:24:47.252: 111 avg_reward: 400.0
2024-05-03 12:24:47.253: 111 avg_steps: 1014.95
2024-05-03 12:24:47.253: 111 epsilon: 0.1
2024-05-03 12:49:41.605: 112 test start:
2024-05-03 12:50:19.818: 112 avg_reward: 400.0
2024-05-03 12:50:19.819: 112 avg_steps: 1076.6
2024-05-03 12:50:19.819: 112 epsilon: 0.1
2024-05-03 13:15:15.156: 113 test start:
2024-05-03 13:15:50.609: 113 avg_reward: 330.0
2024-05-03 13:15:50.609: 113 avg_steps: 979.05
2024-05-03 13:15:50.609: 113 epsilon: 0.1
2024-05-03 13:40:03.847: 114 test start:
2024-05-03 13:40:54.802: 114 avg_reward: 570.0
2024-05-03 13:40:54.803: 114 avg_steps: 1455.75
2024-05-03 13:40:54.803: 114 epsilon: 0.1
2024-05-03 14:05:37.640: 115 test start:
2024-05-03 14:06:26.317: 115 avg_reward: 485.0
2024-05-03 14:06:26.317: 115 avg_steps: 1377.45
2024-05-03 14:06:26.317: 115 epsilon: 0.1
2024-05-03 14:31:29.167: 116 test start:
2024-05-03 14:32:04.440: 116 avg_reward: 315.0
2024-05-03 14:32:04.440: 116 avg_steps: 965.4
2024-05-03 14:32:04.440: 116 epsilon: 0.1
2024-05-03 14:56:45.051: 117 test start:
2024-05-03 14:57:36.052: 117 avg_reward: 535.0
2024-05-03 14:57:36.053: 117 avg_steps: 1422.6
2024-05-03 14:57:36.053: 117 epsilon: 0.1
2024-05-03 15:21:40.902: 118 test start:
2024-05-03 15:22:34.021: 118 avg_reward: 640.0
2024-05-03 15:22:34.021: 118 avg_steps: 1509.85
2024-05-03 15:22:34.021: 118 epsilon: 0.1
2024-05-03 15:46:47.010: 119 test start:
2024-05-03 15:47:21.231: 119 avg_reward: 355.0
2024-05-03 15:47:21.232: 119 avg_steps: 939.65
2024-05-03 15:47:21.232: 119 epsilon: 0.1
2024-05-03 16:12:19.875: 120 test start:
2024-05-03 16:12:44.521: 120 avg_reward: 255.0
2024-05-03 16:12:44.521: 120 avg_steps: 685.45
2024-05-03 16:12:44.521: 120 epsilon: 0.1
2024-05-03 16:37:10.306: 121 test start:
2024-05-03 16:37:35.938: 121 avg_reward: 245.0
2024-05-03 16:37:35.939: 121 avg_steps: 716.55
2024-05-03 16:37:35.939: 121 epsilon: 0.1
2024-05-03 17:02:26.303: 122 test start:
2024-05-03 17:03:22.801: 122 avg_reward: 690.0
2024-05-03 17:03:22.801: 122 avg_steps: 1610.8
2024-05-03 17:03:22.801: 122 epsilon: 0.1
2024-05-03 17:27:56.562: 123 test start:
2024-05-03 17:28:47.790: 123 avg_reward: 655.0
2024-05-03 17:28:47.790: 123 avg_steps: 1413.1
2024-05-03 17:28:47.790: 123 epsilon: 0.1
2024-05-03 17:53:05.727: 124 test start:
2024-05-03 17:53:31.518: 124 avg_reward: 280.0
2024-05-03 17:53:31.519: 124 avg_steps: 731.75
2024-05-03 17:53:31.519: 124 epsilon: 0.1
2024-05-03 18:17:34.022: 125 test start:
2024-05-03 18:18:04.104: 125 avg_reward: 260.0
2024-05-03 18:18:04.105: 125 avg_steps: 857.2
2024-05-03 18:18:04.105: 125 epsilon: 0.1
2024-05-03 18:41:37.132: 126 test start:
2024-05-03 18:42:27.263: 126 avg_reward: 745.0
2024-05-03 18:42:27.264: 126 avg_steps: 1420.7
2024-05-03 18:42:27.264: 126 epsilon: 0.1
2024-05-03 19:06:25.191: 127 test start:
2024-05-03 19:07:05.060: 127 avg_reward: 440.0
2024-05-03 19:07:05.061: 127 avg_steps: 1138.25
2024-05-03 19:07:05.061: 127 epsilon: 0.1
2024-05-03 19:30:52.835: 128 test start:
2024-05-03 19:31:39.643: 128 avg_reward: 710.0
2024-05-03 19:31:39.644: 128 avg_steps: 1305.45
2024-05-03 19:31:39.644: 128 epsilon: 0.1
2024-05-03 19:56:13.752: 129 test start:
2024-05-03 19:56:38.345: 129 avg_reward: 275.0
2024-05-03 19:56:38.346: 129 avg_steps: 691.05
2024-05-03 19:56:38.346: 129 epsilon: 0.1
2024-05-03 20:20:56.591: 130 test start:
2024-05-03 20:21:46.159: 130 avg_reward: 495.0
2024-05-03 20:21:46.160: 130 avg_steps: 1386.55
2024-05-03 20:21:46.160: 130 epsilon: 0.1
2024-05-03 20:46:32.493: 131 test start:
2024-05-03 20:46:56.343: 131 avg_reward: 235.0
2024-05-03 20:46:56.344: 131 avg_steps: 653.9
2024-05-03 20:46:56.344: 131 epsilon: 0.1
2024-05-03 21:11:44.994: 132 test start:
2024-05-03 21:12:22.077: 132 avg_reward: 390.0
2024-05-03 21:12:22.078: 132 avg_steps: 1058.5
2024-05-03 21:12:22.078: 132 epsilon: 0.1
2024-05-03 21:35:26.202: 133 test start:
2024-05-03 21:36:10.774: 133 avg_reward: 545.0
2024-05-03 21:36:10.775: 133 avg_steps: 1350.6
2024-05-03 21:36:10.775: 133 epsilon: 0.1
2024-05-03 21:58:54.151: 134 test start:
2024-05-03 21:59:49.519: 134 avg_reward: 505.0
2024-05-03 21:59:49.519: 134 avg_steps: 1634.55
2024-05-03 21:59:49.519: 134 epsilon: 0.1
2024-05-03 22:24:27.241: 135 test start:
2024-05-03 22:25:30.830: 135 avg_reward: 535.0
2024-05-03 22:25:30.831: 135 avg_steps: 1748.45
2024-05-03 22:25:30.831: 135 epsilon: 0.1
2024-05-03 22:50:44.994: 136 test start:
2024-05-03 22:51:02.793: 136 avg_reward: 150.0
2024-05-03 22:51:02.793: 136 avg_steps: 487.05
2024-05-03 22:51:02.793: 136 epsilon: 0.1
2024-05-03 23:16:08.977: 137 test start:
2024-05-03 23:17:02.340: 137 avg_reward: 720.0
2024-05-03 23:17:02.340: 137 avg_steps: 1533.5
2024-05-03 23:17:02.340: 137 epsilon: 0.1
2024-05-03 23:41:44.046: 138 test start:
2024-05-03 23:42:37.775: 138 avg_reward: 520.0
2024-05-03 23:42:37.775: 138 avg_steps: 1530.85
2024-05-03 23:42:37.775: 138 epsilon: 0.1
2024-05-04 00:06:40.078: 139 test start:
2024-05-04 00:07:36.326: 139 avg_reward: 435.0
2024-05-04 00:07:36.326: 139 avg_steps: 1625.5
2024-05-04 00:07:36.326: 139 epsilon: 0.1
2024-05-04 00:31:12.207: 140 test start:
2024-05-04 00:32:15.906: 140 avg_reward: 755.0
2024-05-04 00:32:15.907: 140 avg_steps: 1848.15
2024-05-04 00:32:15.907: 140 epsilon: 0.1
2024-05-04 00:58:02.876: 141 test start:
2024-05-04 00:58:52.091: 141 avg_reward: 595.0
2024-05-04 00:58:52.091: 141 avg_steps: 1441.75
2024-05-04 00:58:52.091: 141 epsilon: 0.1
2024-05-04 01:22:53.252: 142 test start:
2024-05-04 01:23:39.885: 142 avg_reward: 435.0
2024-05-04 01:23:39.885: 142 avg_steps: 1304.6
2024-05-04 01:23:39.885: 142 epsilon: 0.1
2024-05-04 01:48:33.471: 143 test start:
2024-05-04 01:49:05.771: 143 avg_reward: 295.0
2024-05-04 01:49:05.771: 143 avg_steps: 915.3
2024-05-04 01:49:05.771: 143 epsilon: 0.1
2024-05-04 02:14:45.706: 144 test start:
2024-05-04 02:15:15.925: 144 avg_reward: 370.0
2024-05-04 02:15:15.925: 144 avg_steps: 868.25
2024-05-04 02:15:15.925: 144 epsilon: 0.1
2024-05-04 02:41:18.314: 145 test start:
2024-05-04 02:41:52.667: 145 avg_reward: 390.0
2024-05-04 02:41:52.668: 145 avg_steps: 975.05
2024-05-04 02:41:52.668: 145 epsilon: 0.1
2024-05-04 03:07:46.640: 146 test start:
2024-05-04 03:08:26.496: 146 avg_reward: 465.0
2024-05-04 03:08:26.497: 146 avg_steps: 1148.75
2024-05-04 03:08:26.497: 146 epsilon: 0.1
2024-05-04 03:35:35.764: 147 test start:
2024-05-04 03:36:19.204: 147 avg_reward: 600.0
2024-05-04 03:36:19.205: 147 avg_steps: 1126.15
2024-05-04 03:36:19.205: 147 epsilon: 0.1
2024-05-04 04:04:57.919: 148 test start:
2024-05-04 04:05:51.498: 148 avg_reward: 355.0
2024-05-04 04:05:51.499: 148 avg_steps: 1410.8
2024-05-04 04:05:51.499: 148 epsilon: 0.1
2024-05-04 04:35:15.100: 149 test start:
2024-05-04 04:36:09.271: 149 avg_reward: 710.0
2024-05-04 04:36:09.272: 149 avg_steps: 1502.6
2024-05-04 04:36:09.272: 149 epsilon: 0.1
2024-05-04 05:04:47.304: 150 test start:
2024-05-04 05:05:17.279: 150 avg_reward: 320.0
2024-05-04 05:05:17.279: 150 avg_steps: 772.7
2024-05-04 05:05:17.279: 150 epsilon: 0.1
2024-05-04 05:34:04.017: 151 test start:
2024-05-04 05:34:30.211: 151 avg_reward: 265.0
2024-05-04 05:34:30.211: 151 avg_steps: 668.7
2024-05-04 05:34:30.211: 151 epsilon: 0.1
2024-05-04 06:02:39.182: 152 test start:
2024-05-04 06:03:31.394: 152 avg_reward: 540.0
2024-05-04 06:03:31.395: 152 avg_steps: 1493.15
2024-05-04 06:03:31.395: 152 epsilon: 0.1
2024-05-04 06:30:26.340: 153 test start:
2024-05-04 06:30:49.750: 153 avg_reward: 200.0
2024-05-04 06:30:49.750: 153 avg_steps: 593.05
2024-05-04 06:30:49.750: 153 epsilon: 0.1
2024-05-04 06:57:12.414: 154 test start:
2024-05-04 06:57:58.420: 154 avg_reward: 585.0
2024-05-04 06:57:58.421: 154 avg_steps: 1292.5
2024-05-04 06:57:58.421: 154 epsilon: 0.1
2024-05-04 07:25:01.381: 155 test start:
2024-05-04 07:25:47.347: 155 avg_reward: 410.0
2024-05-04 07:25:47.348: 155 avg_steps: 1270.25
2024-05-04 07:25:47.348: 155 epsilon: 0.1
2024-05-04 07:52:26.299: 156 test start:
2024-05-04 07:52:54.729: 156 avg_reward: 275.0
2024-05-04 07:52:54.729: 156 avg_steps: 783.55
2024-05-04 07:52:54.729: 156 epsilon: 0.1
2024-05-04 08:18:19.904: 157 test start:
2024-05-04 08:18:45.140: 157 avg_reward: 235.0
2024-05-04 08:18:45.141: 157 avg_steps: 775.55
2024-05-04 08:18:45.141: 157 epsilon: 0.1
2024-05-04 08:43:43.601: 158 test start:
2024-05-04 08:44:12.318: 158 avg_reward: 285.0
2024-05-04 08:44:12.318: 158 avg_steps: 835.95
2024-05-04 08:44:12.318: 158 epsilon: 0.1
2024-05-04 09:09:27.690: 159 test start:
2024-05-04 09:10:16.725: 159 avg_reward: 390.0
2024-05-04 09:10:16.725: 159 avg_steps: 1435.85
2024-05-04 09:10:16.726: 159 epsilon: 0.1
2024-05-04 09:35:33.687: 160 test start:
2024-05-04 09:36:19.778: 160 avg_reward: 490.0
2024-05-04 09:36:19.779: 160 avg_steps: 1283.8
2024-05-04 09:36:19.779: 160 epsilon: 0.1
2024-05-04 10:02:18.922: 161 test start:
2024-05-04 10:02:58.592: 161 avg_reward: 285.0
2024-05-04 10:02:58.593: 161 avg_steps: 1131.25
2024-05-04 10:02:58.593: 161 epsilon: 0.1
2024-05-04 10:27:45.338: 162 test start:
2024-05-04 10:28:23.029: 162 avg_reward: 335.0
2024-05-04 10:28:23.029: 162 avg_steps: 1079.15
2024-05-04 10:28:23.029: 162 epsilon: 0.1
2024-05-04 10:53:29.985: 163 test start:
2024-05-04 10:54:06.650: 163 avg_reward: 390.0
2024-05-04 10:54:06.650: 163 avg_steps: 1104.4
2024-05-04 10:54:06.650: 163 epsilon: 0.1
2024-05-04 11:19:10.906: 164 test start:
2024-05-04 11:19:34.998: 164 avg_reward: 215.0
2024-05-04 11:19:34.998: 164 avg_steps: 672.05
2024-05-04 11:19:34.998: 164 epsilon: 0.1
2024-05-04 11:45:13.521: 165 test start:
2024-05-04 11:46:05.060: 165 avg_reward: 450.0
2024-05-04 11:46:05.061: 165 avg_steps: 1522.3
2024-05-04 11:46:05.061: 165 epsilon: 0.1
2024-05-04 12:11:15.336: 166 test start:
2024-05-04 12:11:49.758: 166 avg_reward: 260.0
2024-05-04 12:11:49.759: 166 avg_steps: 957.95
2024-05-04 12:11:49.759: 166 epsilon: 0.1
2024-05-04 12:37:17.512: 167 test start:
2024-05-04 12:37:57.497: 167 avg_reward: 320.0
2024-05-04 12:37:57.498: 167 avg_steps: 1078.65
2024-05-04 12:37:57.498: 167 epsilon: 0.1
2024-05-04 13:05:11.803: 168 test start:
2024-05-04 13:05:50.905: 168 avg_reward: 445.0
2024-05-04 13:05:50.905: 168 avg_steps: 1103.8
2024-05-04 13:05:50.905: 168 epsilon: 0.1
2024-05-04 13:31:57.231: 169 test start:
2024-05-04 13:32:21.632: 169 avg_reward: 345.0
2024-05-04 13:32:21.633: 169 avg_steps: 636.4
2024-05-04 13:32:21.633: 169 epsilon: 0.1
2024-05-04 14:00:29.738: 170 test start:
2024-05-04 14:01:13.061: 170 avg_reward: 405.0
2024-05-04 14:01:13.062: 170 avg_steps: 1123.3
2024-05-04 14:01:13.062: 170 epsilon: 0.1
2024-05-04 14:29:29.904: 171 test start:
2024-05-04 14:30:11.271: 171 avg_reward: 485.0
2024-05-04 14:30:11.272: 171 avg_steps: 1075.8
2024-05-04 14:30:11.272: 171 epsilon: 0.1
2024-05-04 14:58:45.108: 172 test start:
2024-05-04 14:59:09.625: 172 avg_reward: 285.0
2024-05-04 14:59:09.626: 172 avg_steps: 640.8
2024-05-04 14:59:09.626: 172 epsilon: 0.1
2024-05-04 15:26:55.035: 173 test start:
2024-05-04 15:27:43.932: 173 avg_reward: 380.0
2024-05-04 15:27:43.932: 173 avg_steps: 1305.45
2024-05-04 15:27:43.932: 173 epsilon: 0.1
2024-05-04 15:55:49.565: 174 test start:
2024-05-04 15:56:26.137: 174 avg_reward: 505.0
2024-05-04 15:56:26.138: 174 avg_steps: 963.15
2024-05-04 15:56:26.138: 174 epsilon: 0.1
2024-05-04 16:25:30.268: 175 test start:
2024-05-04 16:26:20.775: 175 avg_reward: 535.0
2024-05-04 16:26:20.776: 175 avg_steps: 1428.05
2024-05-04 16:26:20.776: 175 epsilon: 0.1
2024-05-04 16:54:20.889: 176 test start:
2024-05-04 16:55:00.712: 176 avg_reward: 345.0
2024-05-04 16:55:00.713: 176 avg_steps: 1103.25
2024-05-04 16:55:00.713: 176 epsilon: 0.1
2024-05-04 17:23:17.205: 177 test start:
2024-05-04 17:24:09.386: 177 avg_reward: 495.0
2024-05-04 17:24:09.386: 177 avg_steps: 1388.2
2024-05-04 17:24:09.386: 177 epsilon: 0.1
2024-05-04 17:52:41.424: 178 test start:
2024-05-04 17:53:14.275: 178 avg_reward: 410.0
2024-05-04 17:53:14.276: 178 avg_steps: 931.2
2024-05-04 17:53:14.276: 178 epsilon: 0.1
2024-05-04 18:20:40.206: 179 test start:
2024-05-04 18:21:15.142: 179 avg_reward: 400.0
2024-05-04 18:21:15.143: 179 avg_steps: 953.15
2024-05-04 18:21:15.143: 179 epsilon: 0.1
2024-05-04 18:49:37.766: 180 test start:
2024-05-04 18:50:23.861: 180 avg_reward: 570.0
2024-05-04 18:50:23.861: 180 avg_steps: 1314.85
2024-05-04 18:50:23.861: 180 epsilon: 0.1
2024-05-04 19:18:17.723: 181 test start:
2024-05-04 19:18:56.730: 181 avg_reward: 355.0
2024-05-04 19:18:56.730: 181 avg_steps: 1056.9
2024-05-04 19:18:56.730: 181 epsilon: 0.1
2024-05-04 19:46:57.135: 182 test start:
2024-05-04 19:47:33.452: 182 avg_reward: 450.0
2024-05-04 19:47:33.452: 182 avg_steps: 1013.15
2024-05-04 19:47:33.452: 182 epsilon: 0.1
2024-05-04 20:15:14.020: 183 test start:
2024-05-04 20:16:12.759: 183 avg_reward: 425.0
2024-05-04 20:16:12.760: 183 avg_steps: 1588.45
2024-05-04 20:16:12.760: 183 epsilon: 0.1
2024-05-04 20:44:12.546: 184 test start:
2024-05-04 20:44:47.381: 184 avg_reward: 360.0
2024-05-04 20:44:47.381: 184 avg_steps: 1013.1
2024-05-04 20:44:47.381: 184 epsilon: 0.1
2024-05-04 21:11:47.447: 185 test start:
2024-05-04 21:12:33.982: 185 avg_reward: 370.0
2024-05-04 21:12:33.983: 185 avg_steps: 1279.95
2024-05-04 21:12:33.983: 185 epsilon: 0.1
2024-05-04 21:38:06.849: 186 test start:
2024-05-04 21:38:43.603: 186 avg_reward: 430.0
2024-05-04 21:38:43.603: 186 avg_steps: 1026.0
2024-05-04 21:38:43.603: 186 epsilon: 0.1
2024-05-04 22:04:50.196: 187 test start:
2024-05-04 22:05:18.055: 187 avg_reward: 255.0
2024-05-04 22:05:18.056: 187 avg_steps: 762.65
2024-05-04 22:05:18.056: 187 epsilon: 0.1
2024-05-04 22:30:07.864: 188 test start:
2024-05-04 22:30:41.677: 188 avg_reward: 305.0
2024-05-04 22:30:41.678: 188 avg_steps: 996.85
2024-05-04 22:30:41.678: 188 epsilon: 0.1
2024-05-04 22:54:48.949: 189 test start:
2024-05-04 22:55:23.781: 189 avg_reward: 345.0
2024-05-04 22:55:23.781: 189 avg_steps: 1025.2
2024-05-04 22:55:23.781: 189 epsilon: 0.1
2024-05-04 23:19:31.130: 190 test start:
2024-05-04 23:20:05.690: 190 avg_reward: 540.0
2024-05-04 23:20:05.691: 190 avg_steps: 1021.3
2024-05-04 23:20:05.691: 190 epsilon: 0.1
2024-05-04 23:43:45.411: 191 test start:
2024-05-04 23:44:12.846: 191 avg_reward: 355.0
2024-05-04 23:44:12.847: 191 avg_steps: 795.45
2024-05-04 23:44:12.847: 191 epsilon: 0.1
2024-05-05 00:08:06.865: 192 test start:
2024-05-05 00:08:48.204: 192 avg_reward: 485.0
2024-05-05 00:08:48.205: 192 avg_steps: 1210.55
2024-05-05 00:08:48.205: 192 epsilon: 0.1
2024-05-05 00:33:18.396: 193 test start:
2024-05-05 00:33:48.896: 193 avg_reward: 295.0
2024-05-05 00:33:48.897: 193 avg_steps: 836.7
2024-05-05 00:33:48.897: 193 epsilon: 0.1
2024-05-05 00:57:46.821: 194 test start:
2024-05-05 00:58:19.190: 194 avg_reward: 295.0
2024-05-05 00:58:19.190: 194 avg_steps: 908.05
2024-05-05 00:58:19.190: 194 epsilon: 0.1
2024-05-05 01:22:25.355: 195 test start:
2024-05-05 01:22:42.087: 195 avg_reward: 260.0
2024-05-05 01:22:42.087: 195 avg_steps: 473.6
2024-05-05 01:22:42.087: 195 epsilon: 0.1
2024-05-05 01:46:18.092: 196 test start:
2024-05-05 01:47:03.432: 196 avg_reward: 405.0
2024-05-05 01:47:03.432: 196 avg_steps: 1291.85
2024-05-05 01:47:03.432: 196 epsilon: 0.1
2024-05-05 02:11:06.890: 197 test start:
2024-05-05 02:11:31.066: 197 avg_reward: 225.0
2024-05-05 02:11:31.066: 197 avg_steps: 721.45
2024-05-05 02:11:31.066: 197 epsilon: 0.1
2024-05-05 02:35:37.190: 198 test start:
2024-05-05 02:36:11.673: 198 avg_reward: 255.0
2024-05-05 02:36:11.674: 198 avg_steps: 1003.55
2024-05-05 02:36:11.674: 198 epsilon: 0.1
2024-05-05 02:59:32.222: 199 test start:
2024-05-05 03:00:04.689: 199 avg_reward: 290.0
2024-05-05 03:00:04.690: 199 avg_steps: 944.1
2024-05-05 03:00:04.690: 199 epsilon: 0.1
2024-05-05 03:24:09.206: 200 test start:
2024-05-05 03:24:54.692: 200 avg_reward: 505.0
2024-05-05 03:24:54.692: 200 avg_steps: 1341.4
2024-05-05 03:24:54.692: 200 epsilon: 0.1
2024-05-05 03:48:38.932: 201 test start:
2024-05-05 03:49:08.130: 201 avg_reward: 280.0
2024-05-05 03:49:08.131: 201 avg_steps: 837.9
2024-05-05 03:49:08.131: 201 epsilon: 0.1
2024-05-05 04:12:17.935: 202 test start:
2024-05-05 04:12:51.935: 202 avg_reward: 395.0
2024-05-05 04:12:51.935: 202 avg_steps: 1016.2
2024-05-05 04:12:51.935: 202 epsilon: 0.1
2024-05-05 04:35:54.253: 203 test start:
2024-05-05 04:36:25.182: 203 avg_reward: 390.0
2024-05-05 04:36:25.182: 203 avg_steps: 925.95
2024-05-05 04:36:25.182: 203 epsilon: 0.1
2024-05-05 04:59:16.795: 204 test start:
2024-05-05 04:59:48.058: 204 avg_reward: 290.0
2024-05-05 04:59:48.058: 204 avg_steps: 938.05
2024-05-05 04:59:48.058: 204 epsilon: 0.1
2024-05-05 05:22:32.068: 205 test start:
2024-05-05 05:23:06.585: 205 avg_reward: 260.0
2024-05-05 05:23:06.585: 205 avg_steps: 1053.2
2024-05-05 05:23:06.585: 205 epsilon: 0.1
2024-05-05 05:45:28.816: 206 test start:
2024-05-05 05:45:47.885: 206 avg_reward: 170.0
2024-05-05 05:45:47.886: 206 avg_steps: 551.3
2024-05-05 05:45:47.886: 206 epsilon: 0.1
2024-05-05 06:08:08.779: 207 test start:
2024-05-05 06:08:53.249: 207 avg_reward: 455.0
2024-05-05 06:08:53.249: 207 avg_steps: 1351.1
2024-05-05 06:08:53.249: 207 epsilon: 0.1
2024-05-05 06:31:12.715: 208 test start:
2024-05-05 06:31:32.109: 208 avg_reward: 120.0
2024-05-05 06:31:32.109: 208 avg_steps: 573.55
2024-05-05 06:31:32.109: 208 epsilon: 0.1
2024-05-05 06:54:05.273: 209 test start:
2024-05-05 06:54:30.249: 209 avg_reward: 225.0
2024-05-05 06:54:30.250: 209 avg_steps: 746.35
2024-05-05 06:54:30.250: 209 epsilon: 0.1
2024-05-05 07:17:12.534: 210 test start:
2024-05-05 07:17:47.195: 210 avg_reward: 465.0
2024-05-05 07:17:47.195: 210 avg_steps: 1080.25
2024-05-05 07:17:47.195: 210 epsilon: 0.1
2024-05-05 07:40:17.859: 211 test start:
2024-05-05 07:41:03.730: 211 avg_reward: 395.0
2024-05-05 07:41:03.730: 211 avg_steps: 1412.7
2024-05-05 07:41:03.730: 211 epsilon: 0.1
2024-05-05 08:03:20.150: 212 test start:
2024-05-05 08:03:49.517: 212 avg_reward: 225.0
2024-05-05 08:03:49.517: 212 avg_steps: 903.2
2024-05-05 08:03:49.517: 212 epsilon: 0.1
2024-05-05 08:26:05.124: 213 test start:
2024-05-05 08:26:33.435: 213 avg_reward: 300.0
2024-05-05 08:26:33.436: 213 avg_steps: 887.85
2024-05-05 08:26:33.436: 213 epsilon: 0.1
2024-05-05 08:48:48.316: 214 test start:
2024-05-05 08:49:08.339: 214 avg_reward: 180.0
2024-05-05 08:49:08.340: 214 avg_steps: 676.9
2024-05-05 08:49:08.340: 214 epsilon: 0.1
