2024-05-01 10:09:31.759: 
parameters:agent_saving_period: 80000
agent_test_episodes: 20
batch_num_per_epoch: 100000
device: cuda:0
env_name: ALE/Kangaroo-v5
epsilon_for_test: 0.05
epsilon_max: 1.0
epsilon_min: 0.1
exploration_steps: 1000000
gamma: 0.99
input_frame_height: 84
input_frame_width: 84
learning_rate: 1.0e-05
log_path: ../exps/dqn/
mini_batch_size: 32
no_op: 30
phi_channel: 4
replay_buffer_size: 200000
replay_start_size: 10000
save_path: ./exps/
skip_k_frame: 4
step_c: 10000
training_steps: 50000000

2024-05-01 10:25:46.347: 1 test start:
2024-05-01 10:25:57.204: 1 avg_reward: 0.0
2024-05-01 10:25:57.204: 1 avg_steps: 322.45
2024-05-01 10:25:57.204: 1 epsilon: 0.9234694
2024-05-01 10:46:27.278: 2 test start:
2024-05-01 10:46:43.658: 2 avg_reward: 60.0
2024-05-01 10:46:43.659: 2 avg_steps: 473.1
2024-05-01 10:46:43.659: 2 epsilon: 0.8391943
2024-05-01 11:08:53.690: 3 test start:
2024-05-01 11:09:05.679: 3 avg_reward: 50.0
2024-05-01 11:09:05.679: 3 avg_steps: 382.75
2024-05-01 11:09:05.679: 3 epsilon: 0.7549651
2024-05-01 11:31:05.900: 4 test start:
2024-05-01 11:31:18.456: 4 avg_reward: 20.0
2024-05-01 11:31:18.457: 4 avg_steps: 392.15
2024-05-01 11:31:18.457: 4 epsilon: 0.6705559
2024-05-01 11:53:19.117: 5 test start:
2024-05-01 11:53:32.283: 5 avg_reward: 0.0
2024-05-01 11:53:32.283: 5 avg_steps: 400.15
2024-05-01 11:53:32.283: 5 epsilon: 0.586189
2024-05-01 12:16:12.305: 6 test start:
2024-05-01 12:16:27.016: 6 avg_reward: 10.0
2024-05-01 12:16:27.017: 6 avg_steps: 441.15
2024-05-01 12:16:27.017: 6 epsilon: 0.5021019999999999
2024-05-01 12:38:37.533: 7 test start:
2024-05-01 12:38:51.805: 7 avg_reward: 70.0
2024-05-01 12:38:51.805: 7 avg_steps: 408.75
2024-05-01 12:38:51.805: 7 epsilon: 0.41793669999999994
2024-05-01 13:01:08.743: 8 test start:
2024-05-01 13:01:24.771: 8 avg_reward: 110.0
2024-05-01 13:01:24.771: 8 avg_steps: 469.5
2024-05-01 13:01:24.771: 8 epsilon: 0.33364989999999994
2024-05-01 13:23:59.027: 9 test start:
2024-05-01 13:24:11.984: 9 avg_reward: 90.0
2024-05-01 13:24:11.984: 9 avg_steps: 366.7
2024-05-01 13:24:11.984: 9 epsilon: 0.24953139999999996
2024-05-01 13:46:35.444: 10 test start:
2024-05-01 13:46:51.672: 10 avg_reward: 310.0
2024-05-01 13:46:51.673: 10 avg_steps: 457.4
2024-05-01 13:46:51.673: 10 epsilon: 0.16547409999999996
2024-05-01 14:09:14.701: 11 test start:
2024-05-01 14:09:28.951: 11 avg_reward: 200.0
2024-05-01 14:09:28.951: 11 avg_steps: 418.95
2024-05-01 14:09:28.951: 11 epsilon: 0.1
2024-05-01 14:32:08.661: 12 test start:
2024-05-01 14:32:23.568: 12 avg_reward: 390.0
2024-05-01 14:32:23.568: 12 avg_steps: 417.05
2024-05-01 14:32:23.568: 12 epsilon: 0.1
2024-05-01 14:55:31.160: 13 test start:
2024-05-01 14:55:49.612: 13 avg_reward: 620.0
2024-05-01 14:55:49.612: 13 avg_steps: 524.1
2024-05-01 14:55:49.612: 13 epsilon: 0.1
2024-05-01 15:18:26.341: 14 test start:
2024-05-01 15:18:49.759: 14 avg_reward: 1130.0
2024-05-01 15:18:49.759: 14 avg_steps: 651.25
2024-05-01 15:18:49.759: 14 epsilon: 0.1
2024-05-01 15:41:15.733: 15 test start:
2024-05-01 15:41:34.821: 15 avg_reward: 520.0
2024-05-01 15:41:34.821: 15 avg_steps: 561.6
2024-05-01 15:41:34.821: 15 epsilon: 0.1
2024-05-01 16:03:43.638: 16 test start:
2024-05-01 16:04:05.765: 16 avg_reward: 940.0
2024-05-01 16:04:05.765: 16 avg_steps: 624.35
2024-05-01 16:04:05.765: 16 epsilon: 0.1
2024-05-01 16:26:45.970: 17 test start:
2024-05-01 16:27:09.276: 17 avg_reward: 1060.0
2024-05-01 16:27:09.276: 17 avg_steps: 647.2
2024-05-01 16:27:09.276: 17 epsilon: 0.1
2024-05-01 16:48:47.398: 18 test start:
2024-05-01 16:49:11.394: 18 avg_reward: 1030.0
2024-05-01 16:49:11.395: 18 avg_steps: 638.25
2024-05-01 16:49:11.395: 18 epsilon: 0.1
2024-05-01 17:11:43.105: 19 test start:
2024-05-01 17:12:06.067: 19 avg_reward: 1090.0
2024-05-01 17:12:06.067: 19 avg_steps: 650.25
2024-05-01 17:12:06.067: 19 epsilon: 0.1
2024-05-01 17:34:21.466: 20 test start:
2024-05-01 17:34:44.481: 20 avg_reward: 1130.0
2024-05-01 17:34:44.481: 20 avg_steps: 664.2
2024-05-01 17:34:44.481: 20 epsilon: 0.1
2024-05-01 17:56:41.800: 21 test start:
2024-05-01 17:57:05.216: 21 avg_reward: 1260.0
2024-05-01 17:57:05.216: 21 avg_steps: 655.85
2024-05-01 17:57:05.216: 21 epsilon: 0.1
2024-05-01 18:18:03.191: 22 test start:
2024-05-01 18:18:26.316: 22 avg_reward: 1360.0
2024-05-01 18:18:26.316: 22 avg_steps: 679.8
2024-05-01 18:18:26.316: 22 epsilon: 0.1
2024-05-01 18:40:41.129: 23 test start:
2024-05-01 18:41:02.970: 23 avg_reward: 1250.0
2024-05-01 18:41:02.970: 23 avg_steps: 624.5
2024-05-01 18:41:02.970: 23 epsilon: 0.1
2024-05-01 19:01:14.805: 24 test start:
2024-05-01 19:01:38.071: 24 avg_reward: 1620.0
2024-05-01 19:01:38.071: 24 avg_steps: 726.9
2024-05-01 19:01:38.071: 24 epsilon: 0.1
2024-05-01 19:22:26.139: 25 test start:
2024-05-01 19:22:50.568: 25 avg_reward: 1510.0
2024-05-01 19:22:50.568: 25 avg_steps: 698.7
2024-05-01 19:22:50.568: 25 epsilon: 0.1
2024-05-01 19:45:23.076: 26 test start:
2024-05-01 19:45:46.740: 26 avg_reward: 1360.0
2024-05-01 19:45:46.740: 26 avg_steps: 669.1
2024-05-01 19:45:46.740: 26 epsilon: 0.1
2024-05-01 20:08:05.060: 27 test start:
2024-05-01 20:08:29.718: 27 avg_reward: 1430.0
2024-05-01 20:08:29.718: 27 avg_steps: 694.25
2024-05-01 20:08:29.718: 27 epsilon: 0.1
2024-05-01 20:30:40.680: 28 test start:
2024-05-01 20:31:02.760: 28 avg_reward: 1250.0
2024-05-01 20:31:02.760: 28 avg_steps: 646.1
2024-05-01 20:31:02.760: 28 epsilon: 0.1
2024-05-01 20:53:16.125: 29 test start:
2024-05-01 20:53:40.307: 29 avg_reward: 1420.0
2024-05-01 20:53:40.307: 29 avg_steps: 719.6
2024-05-01 20:53:40.307: 29 epsilon: 0.1
2024-05-01 21:15:39.461: 30 test start:
2024-05-01 21:16:02.651: 30 avg_reward: 1260.0
2024-05-01 21:16:02.651: 30 avg_steps: 658.35
2024-05-01 21:16:02.651: 30 epsilon: 0.1
2024-05-01 21:37:59.890: 31 test start:
2024-05-01 21:38:23.739: 31 avg_reward: 1500.0
2024-05-01 21:38:23.739: 31 avg_steps: 681.4
2024-05-01 21:38:23.739: 31 epsilon: 0.1
2024-05-01 22:00:38.917: 32 test start:
2024-05-01 22:01:02.371: 32 avg_reward: 1210.0
2024-05-01 22:01:02.372: 32 avg_steps: 670.65
2024-05-01 22:01:02.372: 32 epsilon: 0.1
2024-05-01 22:23:27.227: 33 test start:
2024-05-01 22:23:52.569: 33 avg_reward: 1370.0
2024-05-01 22:23:52.569: 33 avg_steps: 705.6
2024-05-01 22:23:52.569: 33 epsilon: 0.1
2024-05-01 22:45:52.603: 34 test start:
2024-05-01 22:46:13.491: 34 avg_reward: 1090.0
2024-05-01 22:46:13.492: 34 avg_steps: 593.75
2024-05-01 22:46:13.492: 34 epsilon: 0.1
2024-05-01 23:08:27.303: 35 test start:
2024-05-01 23:08:51.755: 35 avg_reward: 1490.0
2024-05-01 23:08:51.756: 35 avg_steps: 689.6
2024-05-01 23:08:51.756: 35 epsilon: 0.1
2024-05-01 23:31:06.025: 36 test start:
2024-05-01 23:31:29.908: 36 avg_reward: 1330.0
2024-05-01 23:31:29.909: 36 avg_steps: 668.6
2024-05-01 23:31:29.909: 36 epsilon: 0.1
2024-05-01 23:53:42.255: 37 test start:
2024-05-01 23:54:06.903: 37 avg_reward: 1470.0
2024-05-01 23:54:06.903: 37 avg_steps: 689.6
2024-05-01 23:54:06.903: 37 epsilon: 0.1
2024-05-02 00:16:32.114: 38 test start:
2024-05-02 00:16:57.062: 38 avg_reward: 1550.0
2024-05-02 00:16:57.063: 38 avg_steps: 692.05
2024-05-02 00:16:57.063: 38 epsilon: 0.1
2024-05-02 00:38:50.415: 39 test start:
2024-05-02 00:39:15.095: 39 avg_reward: 1570.0
2024-05-02 00:39:15.095: 39 avg_steps: 714.1
2024-05-02 00:39:15.095: 39 epsilon: 0.1
2024-05-02 01:01:03.472: 40 test start:
2024-05-02 01:01:26.026: 40 avg_reward: 1310.0
2024-05-02 01:01:26.026: 40 avg_steps: 649.45
2024-05-02 01:01:26.026: 40 epsilon: 0.1
2024-05-02 01:23:27.382: 41 test start:
2024-05-02 01:23:51.945: 41 avg_reward: 1500.0
2024-05-02 01:23:51.945: 41 avg_steps: 685.3
2024-05-02 01:23:51.946: 41 epsilon: 0.1
2024-05-02 01:46:01.753: 42 test start:
2024-05-02 01:46:25.000: 42 avg_reward: 1560.0
2024-05-02 01:46:25.000: 42 avg_steps: 685.45
2024-05-02 01:46:25.000: 42 epsilon: 0.1
2024-05-02 02:08:00.553: 43 test start:
2024-05-02 02:08:23.210: 43 avg_reward: 1360.0
2024-05-02 02:08:23.211: 43 avg_steps: 665.15
2024-05-02 02:08:23.211: 43 epsilon: 0.1
2024-05-02 02:30:17.872: 44 test start:
2024-05-02 02:30:42.954: 44 avg_reward: 1660.0
2024-05-02 02:30:42.955: 44 avg_steps: 711.6
2024-05-02 02:30:42.955: 44 epsilon: 0.1
2024-05-02 02:52:40.152: 45 test start:
2024-05-02 02:53:04.578: 45 avg_reward: 1490.0
2024-05-02 02:53:04.578: 45 avg_steps: 692.65
2024-05-02 02:53:04.578: 45 epsilon: 0.1
2024-05-02 03:15:24.458: 46 test start:
2024-05-02 03:15:47.858: 46 avg_reward: 1410.0
2024-05-02 03:15:47.858: 46 avg_steps: 658.85
2024-05-02 03:15:47.858: 46 epsilon: 0.1
2024-05-02 03:37:58.695: 47 test start:
2024-05-02 03:38:25.597: 47 avg_reward: 1760.0
2024-05-02 03:38:25.598: 47 avg_steps: 766.65
2024-05-02 03:38:25.598: 47 epsilon: 0.1
2024-05-02 03:59:46.151: 48 test start:
2024-05-02 04:00:13.648: 48 avg_reward: 1860.0
2024-05-02 04:00:13.649: 48 avg_steps: 804.4
2024-05-02 04:00:13.649: 48 epsilon: 0.1
2024-05-02 04:21:49.587: 49 test start:
2024-05-02 04:22:15.920: 49 avg_reward: 1530.0
2024-05-02 04:22:15.921: 49 avg_steps: 741.85
2024-05-02 04:22:15.921: 49 epsilon: 0.1
2024-05-02 04:43:53.830: 50 test start:
2024-05-02 04:44:22.597: 50 avg_reward: 1610.0
2024-05-02 04:44:22.597: 50 avg_steps: 815.2
2024-05-02 04:44:22.597: 50 epsilon: 0.1
2024-05-02 05:06:29.121: 51 test start:
2024-05-02 05:06:54.818: 51 avg_reward: 1400.0
2024-05-02 05:06:54.819: 51 avg_steps: 758.1
2024-05-02 05:06:54.819: 51 epsilon: 0.1
2024-05-02 05:28:56.247: 52 test start:
2024-05-02 05:29:24.724: 52 avg_reward: 1650.0
2024-05-02 05:29:24.725: 52 avg_steps: 816.05
2024-05-02 05:29:24.725: 52 epsilon: 0.1
2024-05-02 05:51:24.461: 53 test start:
2024-05-02 05:51:51.735: 53 avg_reward: 1630.0
2024-05-02 05:51:51.735: 53 avg_steps: 813.5
2024-05-02 05:51:51.735: 53 epsilon: 0.1
2024-05-02 06:13:59.491: 54 test start:
2024-05-02 06:14:33.011: 54 avg_reward: 1980.0
2024-05-02 06:14:33.011: 54 avg_steps: 925.3
2024-05-02 06:14:33.011: 54 epsilon: 0.1
2024-05-02 06:36:57.647: 55 test start:
2024-05-02 06:37:31.812: 55 avg_reward: 2000.0
2024-05-02 06:37:31.813: 55 avg_steps: 953.95
2024-05-02 06:37:31.813: 55 epsilon: 0.1
2024-05-02 06:59:51.294: 56 test start:
2024-05-02 07:00:29.441: 56 avg_reward: 2505.0
2024-05-02 07:00:29.441: 56 avg_steps: 1078.65
2024-05-02 07:00:29.441: 56 epsilon: 0.1
2024-05-02 07:22:43.989: 57 test start:
2024-05-02 07:23:20.155: 57 avg_reward: 2305.0
2024-05-02 07:23:20.155: 57 avg_steps: 1021.75
2024-05-02 07:23:20.155: 57 epsilon: 0.1
2024-05-02 07:45:37.054: 58 test start:
2024-05-02 07:46:11.767: 58 avg_reward: 2260.0
2024-05-02 07:46:11.767: 58 avg_steps: 985.45
2024-05-02 07:46:11.768: 58 epsilon: 0.1
2024-05-02 08:08:25.501: 59 test start:
2024-05-02 08:08:59.982: 59 avg_reward: 2225.0
2024-05-02 08:08:59.982: 59 avg_steps: 1010.2
2024-05-02 08:08:59.982: 59 epsilon: 0.1
2024-05-02 08:30:59.787: 60 test start:
2024-05-02 08:31:30.058: 60 avg_reward: 1975.0
2024-05-02 08:31:30.058: 60 avg_steps: 877.65
2024-05-02 08:31:30.059: 60 epsilon: 0.1
2024-05-02 08:53:28.746: 61 test start:
2024-05-02 08:54:03.355: 61 avg_reward: 2080.0
2024-05-02 08:54:03.355: 61 avg_steps: 954.5
2024-05-02 08:54:03.356: 61 epsilon: 0.1
2024-05-02 09:16:20.335: 62 test start:
2024-05-02 09:17:01.729: 62 avg_reward: 2870.0
2024-05-02 09:17:01.729: 62 avg_steps: 1162.15
2024-05-02 09:17:01.729: 62 epsilon: 0.1
2024-05-02 09:39:20.127: 63 test start:
2024-05-02 09:39:56.153: 63 avg_reward: 2390.0
2024-05-02 09:39:56.154: 63 avg_steps: 1019.35
2024-05-02 09:39:56.154: 63 epsilon: 0.1
2024-05-02 10:01:57.996: 64 test start:
2024-05-02 10:02:32.321: 64 avg_reward: 2185.0
2024-05-02 10:02:32.321: 64 avg_steps: 993.0
2024-05-02 10:02:32.321: 64 epsilon: 0.1
2024-05-02 10:24:43.516: 65 test start:
2024-05-02 10:25:21.745: 65 avg_reward: 2545.0
2024-05-02 10:25:21.745: 65 avg_steps: 1075.2
2024-05-02 10:25:21.746: 65 epsilon: 0.1
2024-05-02 10:47:36.281: 66 test start:
2024-05-02 10:48:11.093: 66 avg_reward: 2230.0
2024-05-02 10:48:11.094: 66 avg_steps: 989.0
2024-05-02 10:48:11.094: 66 epsilon: 0.1
2024-05-02 11:10:11.582: 67 test start:
2024-05-02 11:10:46.792: 67 avg_reward: 2150.0
2024-05-02 11:10:46.792: 67 avg_steps: 990.9
2024-05-02 11:10:46.792: 67 epsilon: 0.1
2024-05-02 11:32:59.591: 68 test start:
2024-05-02 11:33:29.018: 68 avg_reward: 1860.0
2024-05-02 11:33:29.018: 68 avg_steps: 848.25
2024-05-02 11:33:29.018: 68 epsilon: 0.1
2024-05-02 11:55:17.075: 69 test start:
2024-05-02 11:55:48.807: 69 avg_reward: 1900.0
2024-05-02 11:55:48.807: 69 avg_steps: 884.4
2024-05-02 11:55:48.807: 69 epsilon: 0.1
2024-05-02 12:17:39.253: 70 test start:
2024-05-02 12:18:12.914: 70 avg_reward: 2050.0
2024-05-02 12:18:12.915: 70 avg_steps: 930.85
2024-05-02 12:18:12.915: 70 epsilon: 0.1
2024-05-02 12:40:33.084: 71 test start:
2024-05-02 12:41:00.793: 71 avg_reward: 1580.0
2024-05-02 12:41:00.794: 71 avg_steps: 786.3
2024-05-02 12:41:00.794: 71 epsilon: 0.1
2024-05-02 13:03:35.895: 72 test start:
2024-05-02 13:04:17.192: 72 avg_reward: 3220.0
2024-05-02 13:04:17.192: 72 avg_steps: 1258.85
2024-05-02 13:04:17.192: 72 epsilon: 0.1
2024-05-02 13:27:07.611: 73 test start:
2024-05-02 13:27:36.873: 73 avg_reward: 1730.0
2024-05-02 13:27:36.873: 73 avg_steps: 814.45
2024-05-02 13:27:36.873: 73 epsilon: 0.1
2024-05-02 13:50:32.662: 74 test start:
2024-05-02 13:51:08.164: 74 avg_reward: 2330.0
2024-05-02 13:51:08.165: 74 avg_steps: 995.9
2024-05-02 13:51:08.165: 74 epsilon: 0.1
2024-05-02 14:13:56.065: 75 test start:
2024-05-02 14:14:33.380: 75 avg_reward: 2470.0
2024-05-02 14:14:33.380: 75 avg_steps: 1051.05
2024-05-02 14:14:33.380: 75 epsilon: 0.1
2024-05-02 14:37:16.833: 76 test start:
2024-05-02 14:37:55.667: 76 avg_reward: 2645.0
2024-05-02 14:37:55.668: 76 avg_steps: 1099.9
2024-05-02 14:37:55.668: 76 epsilon: 0.1
2024-05-02 15:00:19.531: 77 test start:
2024-05-02 15:00:52.878: 77 avg_reward: 2045.0
2024-05-02 15:00:52.878: 77 avg_steps: 931.7
2024-05-02 15:00:52.878: 77 epsilon: 0.1
2024-05-02 15:22:59.266: 78 test start:
2024-05-02 15:23:34.132: 78 avg_reward: 2210.0
2024-05-02 15:23:34.133: 78 avg_steps: 982.4
2024-05-02 15:23:34.133: 78 epsilon: 0.1
2024-05-02 15:45:34.164: 79 test start:
2024-05-02 15:46:09.495: 79 avg_reward: 2455.0
2024-05-02 15:46:09.495: 79 avg_steps: 1024.6
2024-05-02 15:46:09.495: 79 epsilon: 0.1
2024-05-02 16:09:16.826: 80 test start:
2024-05-02 16:09:45.708: 80 avg_reward: 1790.0
2024-05-02 16:09:45.708: 80 avg_steps: 847.05
2024-05-02 16:09:45.709: 80 epsilon: 0.1
2024-05-02 16:32:14.763: 81 test start:
2024-05-02 16:32:51.765: 81 avg_reward: 2520.0
2024-05-02 16:32:51.765: 81 avg_steps: 1056.15
2024-05-02 16:32:51.765: 81 epsilon: 0.1
2024-05-02 16:56:03.543: 82 test start:
2024-05-02 16:56:33.939: 82 avg_reward: 1870.0
2024-05-02 16:56:33.940: 82 avg_steps: 853.65
2024-05-02 16:56:33.940: 82 epsilon: 0.1
2024-05-02 17:19:15.080: 83 test start:
2024-05-02 17:19:53.938: 83 avg_reward: 2650.0
2024-05-02 17:19:53.939: 83 avg_steps: 1099.4
2024-05-02 17:19:53.939: 83 epsilon: 0.1
2024-05-02 17:42:44.842: 84 test start:
2024-05-02 17:43:22.156: 84 avg_reward: 2605.0
2024-05-02 17:43:22.157: 84 avg_steps: 1080.3
2024-05-02 17:43:22.157: 84 epsilon: 0.1
2024-05-02 18:05:40.521: 85 test start:
2024-05-02 18:06:18.398: 85 avg_reward: 2725.0
2024-05-02 18:06:18.398: 85 avg_steps: 1129.3
2024-05-02 18:06:18.398: 85 epsilon: 0.1
2024-05-02 18:29:32.928: 86 test start:
2024-05-02 18:30:03.934: 86 avg_reward: 2020.0
2024-05-02 18:30:03.934: 86 avg_steps: 862.95
2024-05-02 18:30:03.935: 86 epsilon: 0.1
2024-05-02 18:52:53.388: 87 test start:
2024-05-02 18:53:22.215: 87 avg_reward: 1700.0
2024-05-02 18:53:22.215: 87 avg_steps: 819.55
2024-05-02 18:53:22.216: 87 epsilon: 0.1
2024-05-02 19:15:31.902: 88 test start:
2024-05-02 19:15:57.299: 88 avg_reward: 1390.0
2024-05-02 19:15:57.299: 88 avg_steps: 753.3
2024-05-02 19:15:57.299: 88 epsilon: 0.1
2024-05-02 19:37:47.494: 89 test start:
2024-05-02 19:38:15.222: 89 avg_reward: 1770.0
2024-05-02 19:38:15.222: 89 avg_steps: 821.3
2024-05-02 19:38:15.222: 89 epsilon: 0.1
2024-05-02 20:00:03.965: 90 test start:
2024-05-02 20:00:32.207: 90 avg_reward: 1670.0
2024-05-02 20:00:32.208: 90 avg_steps: 804.15
2024-05-02 20:00:32.208: 90 epsilon: 0.1
2024-05-02 20:22:27.469: 91 test start:
2024-05-02 20:23:03.140: 91 avg_reward: 2370.0
2024-05-02 20:23:03.140: 91 avg_steps: 1016.3
2024-05-02 20:23:03.140: 91 epsilon: 0.1
2024-05-02 20:45:08.560: 92 test start:
2024-05-02 20:45:38.938: 92 avg_reward: 1890.0
2024-05-02 20:45:38.939: 92 avg_steps: 872.7
2024-05-02 20:45:38.939: 92 epsilon: 0.1
2024-05-02 21:07:22.554: 93 test start:
2024-05-02 21:07:53.798: 93 avg_reward: 2060.0
2024-05-02 21:07:53.799: 93 avg_steps: 932.9
2024-05-02 21:07:53.799: 93 epsilon: 0.1
2024-05-02 21:29:46.217: 94 test start:
2024-05-02 21:30:30.068: 94 avg_reward: 3060.0
2024-05-02 21:30:30.068: 94 avg_steps: 1262.95
2024-05-02 21:30:30.068: 94 epsilon: 0.1
2024-05-02 21:52:37.042: 95 test start:
2024-05-02 21:53:13.444: 95 avg_reward: 2420.0
2024-05-02 21:53:13.444: 95 avg_steps: 1049.75
2024-05-02 21:53:13.444: 95 epsilon: 0.1
2024-05-02 22:14:59.730: 96 test start:
2024-05-02 22:15:29.042: 96 avg_reward: 1790.0
2024-05-02 22:15:29.042: 96 avg_steps: 850.4
2024-05-02 22:15:29.042: 96 epsilon: 0.1
2024-05-02 22:37:25.150: 97 test start:
2024-05-02 22:38:01.742: 97 avg_reward: 2520.0
2024-05-02 22:38:01.743: 97 avg_steps: 1058.25
2024-05-02 22:38:01.743: 97 epsilon: 0.1
2024-05-02 22:59:53.879: 98 test start:
2024-05-02 23:00:22.604: 98 avg_reward: 1695.0
2024-05-02 23:00:22.605: 98 avg_steps: 836.6
2024-05-02 23:00:22.605: 98 epsilon: 0.1
2024-05-02 23:22:22.515: 99 test start:
2024-05-02 23:23:02.037: 99 avg_reward: 2660.0
2024-05-02 23:23:02.037: 99 avg_steps: 1114.85
2024-05-02 23:23:02.037: 99 epsilon: 0.1
2024-05-02 23:45:00.476: 100 test start:
2024-05-02 23:45:31.960: 100 avg_reward: 1850.0
2024-05-02 23:45:31.961: 100 avg_steps: 896.4
2024-05-02 23:45:31.961: 100 epsilon: 0.1
2024-05-03 00:07:12.849: 101 test start:
2024-05-03 00:07:50.868: 101 avg_reward: 2545.0
2024-05-03 00:07:50.868: 101 avg_steps: 1083.1
2024-05-03 00:07:50.868: 101 epsilon: 0.1
2024-05-03 00:29:50.164: 102 test start:
2024-05-03 00:30:27.445: 102 avg_reward: 2620.0
2024-05-03 00:30:27.445: 102 avg_steps: 1104.95
2024-05-03 00:30:27.445: 102 epsilon: 0.1
2024-05-03 00:52:54.257: 103 test start:
2024-05-03 00:53:28.691: 103 avg_reward: 2150.0
2024-05-03 00:53:28.691: 103 avg_steps: 987.3
2024-05-03 00:53:28.691: 103 epsilon: 0.1
2024-05-03 01:16:55.911: 104 test start:
2024-05-03 01:17:30.600: 104 avg_reward: 2150.0
2024-05-03 01:17:30.601: 104 avg_steps: 940.8
2024-05-03 01:17:30.601: 104 epsilon: 0.1
2024-05-03 01:40:50.554: 105 test start:
2024-05-03 01:41:33.152: 105 avg_reward: 3100.0
2024-05-03 01:41:33.152: 105 avg_steps: 1240.5
2024-05-03 01:41:33.152: 105 epsilon: 0.1
2024-05-03 02:03:58.267: 106 test start:
2024-05-03 02:04:30.486: 106 avg_reward: 1785.0
2024-05-03 02:04:30.486: 106 avg_steps: 928.25
2024-05-03 02:04:30.486: 106 epsilon: 0.1
2024-05-03 02:26:05.711: 107 test start:
2024-05-03 02:26:33.592: 107 avg_reward: 1490.0
2024-05-03 02:26:33.592: 107 avg_steps: 772.95
2024-05-03 02:26:33.592: 107 epsilon: 0.1
2024-05-03 02:48:39.041: 108 test start:
2024-05-03 02:49:13.684: 108 avg_reward: 2165.0
2024-05-03 02:49:13.684: 108 avg_steps: 995.2
2024-05-03 02:49:13.684: 108 epsilon: 0.1
2024-05-03 03:11:35.984: 109 test start:
2024-05-03 03:12:08.616: 109 avg_reward: 1825.0
2024-05-03 03:12:08.616: 109 avg_steps: 910.35
2024-05-03 03:12:08.616: 109 epsilon: 0.1
2024-05-03 03:34:10.371: 110 test start:
2024-05-03 03:34:43.842: 110 avg_reward: 2120.0
2024-05-03 03:34:43.842: 110 avg_steps: 943.05
2024-05-03 03:34:43.842: 110 epsilon: 0.1
2024-05-03 03:56:49.134: 111 test start:
2024-05-03 03:57:23.440: 111 avg_reward: 2160.0
2024-05-03 03:57:23.441: 111 avg_steps: 959.15
2024-05-03 03:57:23.441: 111 epsilon: 0.1
2024-05-03 04:19:01.107: 112 test start:
2024-05-03 04:19:29.883: 112 avg_reward: 1890.0
2024-05-03 04:19:29.883: 112 avg_steps: 847.8
2024-05-03 04:19:29.883: 112 epsilon: 0.1
2024-05-03 04:41:36.539: 113 test start:
2024-05-03 04:42:06.045: 113 avg_reward: 1870.0
2024-05-03 04:42:06.045: 113 avg_steps: 877.15
2024-05-03 04:42:06.045: 113 epsilon: 0.1
2024-05-03 05:04:16.250: 114 test start:
2024-05-03 05:04:50.743: 114 avg_reward: 2340.0
2024-05-03 05:04:50.744: 114 avg_steps: 976.05
2024-05-03 05:04:50.744: 114 epsilon: 0.1
2024-05-03 05:26:57.680: 115 test start:
2024-05-03 05:27:33.838: 115 avg_reward: 2460.0
2024-05-03 05:27:33.838: 115 avg_steps: 1030.7
2024-05-03 05:27:33.838: 115 epsilon: 0.1
2024-05-03 05:49:21.807: 116 test start:
2024-05-03 05:49:51.834: 116 avg_reward: 1795.0
2024-05-03 05:49:51.834: 116 avg_steps: 870.75
2024-05-03 05:49:51.834: 116 epsilon: 0.1
2024-05-03 06:11:56.025: 117 test start:
2024-05-03 06:12:32.490: 117 avg_reward: 2360.0
2024-05-03 06:12:32.491: 117 avg_steps: 1067.0
2024-05-03 06:12:32.491: 117 epsilon: 0.1
2024-05-03 06:33:38.209: 118 test start:
2024-05-03 06:34:07.965: 118 avg_reward: 1680.0
2024-05-03 06:34:07.965: 118 avg_steps: 840.2
2024-05-03 06:34:07.965: 118 epsilon: 0.1
2024-05-03 06:55:46.648: 119 test start:
2024-05-03 06:56:21.011: 119 avg_reward: 2155.0
2024-05-03 06:56:21.011: 119 avg_steps: 984.4
2024-05-03 06:56:21.011: 119 epsilon: 0.1
2024-05-03 07:18:24.773: 120 test start:
2024-05-03 07:18:57.007: 120 avg_reward: 1865.0
2024-05-03 07:18:57.008: 120 avg_steps: 892.25
2024-05-03 07:18:57.008: 120 epsilon: 0.1
2024-05-03 07:41:01.321: 121 test start:
2024-05-03 07:41:31.525: 121 avg_reward: 1825.0
2024-05-03 07:41:31.525: 121 avg_steps: 852.15
2024-05-03 07:41:31.525: 121 epsilon: 0.1
2024-05-03 08:03:30.960: 122 test start:
2024-05-03 08:04:05.430: 122 avg_reward: 2090.0
2024-05-03 08:04:05.431: 122 avg_steps: 963.9
2024-05-03 08:04:05.431: 122 epsilon: 0.1
2024-05-03 08:25:54.786: 123 test start:
2024-05-03 08:26:26.384: 123 avg_reward: 1985.0
2024-05-03 08:26:26.385: 123 avg_steps: 921.6
2024-05-03 08:26:26.385: 123 epsilon: 0.1
2024-05-03 08:47:57.970: 124 test start:
2024-05-03 08:48:37.051: 124 avg_reward: 2660.0
2024-05-03 08:48:37.051: 124 avg_steps: 1113.55
2024-05-03 08:48:37.051: 124 epsilon: 0.1
2024-05-03 09:11:05.243: 125 test start:
2024-05-03 09:11:45.718: 125 avg_reward: 2550.0
2024-05-03 09:11:45.718: 125 avg_steps: 1126.3
2024-05-03 09:11:45.718: 125 epsilon: 0.1
2024-05-03 09:33:40.451: 126 test start:
2024-05-03 09:34:09.207: 126 avg_reward: 1550.0
2024-05-03 09:34:09.207: 126 avg_steps: 810.9
2024-05-03 09:34:09.207: 126 epsilon: 0.1
2024-05-03 09:56:23.628: 127 test start:
2024-05-03 09:56:55.173: 127 avg_reward: 1830.0
2024-05-03 09:56:55.174: 127 avg_steps: 902.0
2024-05-03 09:56:55.174: 127 epsilon: 0.1
2024-05-03 10:19:12.812: 128 test start:
2024-05-03 10:19:45.424: 128 avg_reward: 2040.0
2024-05-03 10:19:45.425: 128 avg_steps: 936.3
2024-05-03 10:19:45.425: 128 epsilon: 0.1
2024-05-03 10:41:48.555: 129 test start:
2024-05-03 10:42:24.079: 129 avg_reward: 2250.0
2024-05-03 10:42:24.079: 129 avg_steps: 1023.7
2024-05-03 10:42:24.079: 129 epsilon: 0.1
2024-05-03 11:04:29.417: 130 test start:
2024-05-03 11:05:05.130: 130 avg_reward: 2380.0
2024-05-03 11:05:05.130: 130 avg_steps: 1026.45
2024-05-03 11:05:05.130: 130 epsilon: 0.1
2024-05-03 11:31:53.853: 131 test start:
2024-05-03 11:32:31.289: 131 avg_reward: 1765.0
2024-05-03 11:32:31.289: 131 avg_steps: 882.5
2024-05-03 11:32:31.289: 131 epsilon: 0.1
2024-05-03 11:58:30.569: 132 test start:
2024-05-03 11:59:01.572: 132 avg_reward: 1760.0
2024-05-03 11:59:01.573: 132 avg_steps: 871.05
2024-05-03 11:59:01.573: 132 epsilon: 0.1
2024-05-03 12:21:32.656: 133 test start:
2024-05-03 12:22:02.523: 133 avg_reward: 1800.0
2024-05-03 12:22:02.523: 133 avg_steps: 858.55
2024-05-03 12:22:02.523: 133 epsilon: 0.1
2024-05-03 12:44:48.460: 134 test start:
2024-05-03 12:45:22.932: 134 avg_reward: 2115.0
2024-05-03 12:45:22.933: 134 avg_steps: 971.95
2024-05-03 12:45:22.933: 134 epsilon: 0.1
2024-05-03 13:08:12.063: 135 test start:
2024-05-03 13:08:47.780: 135 avg_reward: 2220.0
2024-05-03 13:08:47.780: 135 avg_steps: 1008.7
2024-05-03 13:08:47.780: 135 epsilon: 0.1
2024-05-03 13:32:06.556: 136 test start:
2024-05-03 13:32:41.721: 136 avg_reward: 2070.0
2024-05-03 13:32:41.722: 136 avg_steps: 987.0
2024-05-03 13:32:41.722: 136 epsilon: 0.1
2024-05-03 13:55:49.496: 137 test start:
2024-05-03 13:56:20.872: 137 avg_reward: 1900.0
2024-05-03 13:56:20.872: 137 avg_steps: 878.9
2024-05-03 13:56:20.872: 137 epsilon: 0.1
2024-05-03 14:19:28.299: 138 test start:
2024-05-03 14:20:00.726: 138 avg_reward: 2000.0
2024-05-03 14:20:00.727: 138 avg_steps: 892.45
2024-05-03 14:20:00.727: 138 epsilon: 0.1
2024-05-03 14:43:04.980: 139 test start:
2024-05-03 14:43:38.213: 139 avg_reward: 2070.0
2024-05-03 14:43:38.213: 139 avg_steps: 948.8
2024-05-03 14:43:38.213: 139 epsilon: 0.1
2024-05-03 15:06:32.552: 140 test start:
2024-05-03 15:07:04.719: 140 avg_reward: 2020.0
2024-05-03 15:07:04.720: 140 avg_steps: 890.05
2024-05-03 15:07:04.720: 140 epsilon: 0.1
2024-05-03 15:29:56.137: 141 test start:
2024-05-03 15:30:26.922: 141 avg_reward: 1990.0
2024-05-03 15:30:26.922: 141 avg_steps: 895.05
2024-05-03 15:30:26.922: 141 epsilon: 0.1
2024-05-03 15:53:33.234: 142 test start:
2024-05-03 15:54:04.612: 142 avg_reward: 1945.0
2024-05-03 15:54:04.613: 142 avg_steps: 894.65
2024-05-03 15:54:04.613: 142 epsilon: 0.1
2024-05-03 16:16:41.361: 143 test start:
2024-05-03 16:17:11.773: 143 avg_reward: 1880.0
2024-05-03 16:17:11.774: 143 avg_steps: 869.85
2024-05-03 16:17:11.774: 143 epsilon: 0.1
2024-05-03 16:39:31.431: 144 test start:
2024-05-03 16:40:02.104: 144 avg_reward: 1880.0
2024-05-03 16:40:02.104: 144 avg_steps: 899.15
2024-05-03 16:40:02.104: 144 epsilon: 0.1
2024-05-03 17:02:04.421: 145 test start:
2024-05-03 17:02:38.403: 145 avg_reward: 2260.0
2024-05-03 17:02:38.404: 145 avg_steps: 978.5
2024-05-03 17:02:38.404: 145 epsilon: 0.1
2024-05-03 17:25:03.502: 146 test start:
2024-05-03 17:25:34.663: 146 avg_reward: 1910.0
2024-05-03 17:25:34.663: 146 avg_steps: 874.4
2024-05-03 17:25:34.663: 146 epsilon: 0.1
2024-05-03 17:47:35.206: 147 test start:
2024-05-03 17:48:03.417: 147 avg_reward: 1670.0
2024-05-03 17:48:03.417: 147 avg_steps: 804.15
2024-05-03 17:48:03.417: 147 epsilon: 0.1
2024-05-03 18:10:06.780: 148 test start:
2024-05-03 18:10:38.440: 148 avg_reward: 1960.0
2024-05-03 18:10:38.440: 148 avg_steps: 906.8
2024-05-03 18:10:38.440: 148 epsilon: 0.1
2024-05-03 18:32:34.798: 149 test start:
2024-05-03 18:33:03.011: 149 avg_reward: 1580.0
2024-05-03 18:33:03.012: 149 avg_steps: 791.3
2024-05-03 18:33:03.012: 149 epsilon: 0.1
2024-05-03 18:55:37.302: 150 test start:
2024-05-03 18:56:12.475: 150 avg_reward: 2030.0
2024-05-03 18:56:12.476: 150 avg_steps: 955.15
2024-05-03 18:56:12.476: 150 epsilon: 0.1
2024-05-03 19:18:24.430: 151 test start:
2024-05-03 19:18:52.609: 151 avg_reward: 1685.0
2024-05-03 19:18:52.610: 151 avg_steps: 808.6
2024-05-03 19:18:52.611: 151 epsilon: 0.1
2024-05-03 19:40:57.446: 152 test start:
2024-05-03 19:41:30.273: 152 avg_reward: 2160.0
2024-05-03 19:41:30.273: 152 avg_steps: 943.85
2024-05-03 19:41:30.273: 152 epsilon: 0.1
2024-05-03 20:03:48.452: 153 test start:
2024-05-03 20:04:17.997: 153 avg_reward: 1750.0
2024-05-03 20:04:17.998: 153 avg_steps: 828.6
2024-05-03 20:04:17.998: 153 epsilon: 0.1
2024-05-03 20:26:36.414: 154 test start:
2024-05-03 20:27:09.932: 154 avg_reward: 2150.0
2024-05-03 20:27:09.932: 154 avg_steps: 943.1
2024-05-03 20:27:09.932: 154 epsilon: 0.1
2024-05-03 20:49:17.987: 155 test start:
2024-05-03 20:49:50.202: 155 avg_reward: 1875.0
2024-05-03 20:49:50.202: 155 avg_steps: 894.8
2024-05-03 20:49:50.202: 155 epsilon: 0.1
2024-05-03 21:12:11.916: 156 test start:
2024-05-03 21:12:47.033: 156 avg_reward: 2230.0
2024-05-03 21:12:47.033: 156 avg_steps: 995.35
2024-05-03 21:12:47.033: 156 epsilon: 0.1
2024-05-03 21:35:41.614: 157 test start:
2024-05-03 21:36:14.709: 157 avg_reward: 1930.0
2024-05-03 21:36:14.710: 157 avg_steps: 905.55
2024-05-03 21:36:14.710: 157 epsilon: 0.1
2024-05-03 21:59:00.604: 158 test start:
2024-05-03 21:59:36.129: 158 avg_reward: 2440.0
2024-05-03 21:59:36.129: 158 avg_steps: 1030.4
2024-05-03 21:59:36.129: 158 epsilon: 0.1
2024-05-03 22:22:21.053: 159 test start:
2024-05-03 22:22:53.861: 159 avg_reward: 2070.0
2024-05-03 22:22:53.861: 159 avg_steps: 931.4
2024-05-03 22:22:53.861: 159 epsilon: 0.1
2024-05-03 22:45:29.206: 160 test start:
2024-05-03 22:46:00.311: 160 avg_reward: 1660.0
2024-05-03 22:46:00.311: 160 avg_steps: 827.3
2024-05-03 22:46:00.311: 160 epsilon: 0.1
2024-05-03 23:08:28.362: 161 test start:
2024-05-03 23:09:03.641: 161 avg_reward: 2280.0
2024-05-03 23:09:03.642: 161 avg_steps: 991.1
2024-05-03 23:09:03.642: 161 epsilon: 0.1
2024-05-03 23:31:34.041: 162 test start:
2024-05-03 23:32:03.499: 162 avg_reward: 1800.0
2024-05-03 23:32:03.500: 162 avg_steps: 864.8
2024-05-03 23:32:03.500: 162 epsilon: 0.1
2024-05-03 23:54:47.849: 163 test start:
2024-05-03 23:55:15.292: 163 avg_reward: 1580.0
2024-05-03 23:55:15.293: 163 avg_steps: 776.95
2024-05-03 23:55:15.293: 163 epsilon: 0.1
2024-05-04 00:17:56.870: 164 test start:
2024-05-04 00:18:27.714: 164 avg_reward: 1790.0
2024-05-04 00:18:27.715: 164 avg_steps: 837.8
2024-05-04 00:18:27.715: 164 epsilon: 0.1
2024-05-04 00:41:06.706: 165 test start:
2024-05-04 00:41:41.950: 165 avg_reward: 2050.0
2024-05-04 00:41:41.951: 165 avg_steps: 972.25
2024-05-04 00:41:41.951: 165 epsilon: 0.1
2024-05-04 01:04:01.965: 166 test start:
2024-05-04 01:04:35.438: 166 avg_reward: 2190.0
2024-05-04 01:04:35.438: 166 avg_steps: 982.65
2024-05-04 01:04:35.438: 166 epsilon: 0.1
2024-05-04 01:26:45.542: 167 test start:
2024-05-04 01:27:17.559: 167 avg_reward: 2050.0
2024-05-04 01:27:17.559: 167 avg_steps: 931.4
2024-05-04 01:27:17.559: 167 epsilon: 0.1
2024-05-04 01:49:59.769: 168 test start:
2024-05-04 01:50:30.237: 168 avg_reward: 1880.0
2024-05-04 01:50:30.238: 168 avg_steps: 892.2
2024-05-04 01:50:30.238: 168 epsilon: 0.1
2024-05-04 02:13:11.196: 169 test start:
2024-05-04 02:13:36.949: 169 avg_reward: 1540.0
2024-05-04 02:13:36.949: 169 avg_steps: 749.15
2024-05-04 02:13:36.949: 169 epsilon: 0.1
2024-05-04 02:36:13.508: 170 test start:
2024-05-04 02:36:42.822: 170 avg_reward: 1800.0
2024-05-04 02:36:42.823: 170 avg_steps: 846.8
2024-05-04 02:36:42.823: 170 epsilon: 0.1
2024-05-04 02:59:27.287: 171 test start:
2024-05-04 03:00:02.812: 171 avg_reward: 2450.0
2024-05-04 03:00:02.813: 171 avg_steps: 1041.65
2024-05-04 03:00:02.813: 171 epsilon: 0.1
2024-05-04 03:22:59.402: 172 test start:
2024-05-04 03:23:29.051: 172 avg_reward: 1820.0
2024-05-04 03:23:29.051: 172 avg_steps: 865.0
2024-05-04 03:23:29.052: 172 epsilon: 0.1
2024-05-04 03:46:18.975: 173 test start:
2024-05-04 03:46:46.052: 173 avg_reward: 1640.0
2024-05-04 03:46:46.052: 173 avg_steps: 783.05
2024-05-04 03:46:46.052: 173 epsilon: 0.1
2024-05-04 04:10:21.695: 174 test start:
2024-05-04 04:10:52.762: 174 avg_reward: 1790.0
2024-05-04 04:10:52.762: 174 avg_steps: 842.1
2024-05-04 04:10:52.762: 174 epsilon: 0.1
2024-05-04 04:33:34.407: 175 test start:
2024-05-04 04:34:00.363: 175 avg_reward: 1610.0
2024-05-04 04:34:00.363: 175 avg_steps: 768.7
2024-05-04 04:34:00.363: 175 epsilon: 0.1
2024-05-04 04:55:17.129: 176 test start:
2024-05-04 04:55:44.495: 176 avg_reward: 1850.0
2024-05-04 04:55:44.496: 176 avg_steps: 833.45
2024-05-04 04:55:44.496: 176 epsilon: 0.1
2024-05-04 05:16:55.722: 177 test start:
2024-05-04 05:17:27.831: 177 avg_reward: 2190.0
2024-05-04 05:17:27.831: 177 avg_steps: 965.4
2024-05-04 05:17:27.831: 177 epsilon: 0.1
2024-05-04 05:38:33.333: 178 test start:
2024-05-04 05:39:05.969: 178 avg_reward: 2375.0
2024-05-04 05:39:05.969: 178 avg_steps: 1006.4
2024-05-04 05:39:05.969: 178 epsilon: 0.1
2024-05-04 06:00:32.529: 179 test start:
2024-05-04 06:01:02.766: 179 avg_reward: 2095.0
2024-05-04 06:01:02.767: 179 avg_steps: 954.4
2024-05-04 06:01:02.767: 179 epsilon: 0.1
2024-05-04 06:22:12.016: 180 test start:
2024-05-04 06:22:43.437: 180 avg_reward: 2240.0
2024-05-04 06:22:43.438: 180 avg_steps: 958.35
2024-05-04 06:22:43.438: 180 epsilon: 0.1
2024-05-04 06:43:46.511: 181 test start:
2024-05-04 06:44:16.416: 181 avg_reward: 2085.0
2024-05-04 06:44:16.416: 181 avg_steps: 909.9
2024-05-04 06:44:16.416: 181 epsilon: 0.1
2024-05-04 07:05:11.018: 182 test start:
2024-05-04 07:05:33.977: 182 avg_reward: 1440.0
2024-05-04 07:05:33.978: 182 avg_steps: 723.8
2024-05-04 07:05:33.978: 182 epsilon: 0.1
2024-05-04 07:26:34.984: 183 test start:
2024-05-04 07:27:07.329: 183 avg_reward: 2240.0
2024-05-04 07:27:07.330: 183 avg_steps: 980.55
2024-05-04 07:27:07.330: 183 epsilon: 0.1
2024-05-04 07:49:13.922: 184 test start:
2024-05-04 07:49:48.692: 184 avg_reward: 2185.0
2024-05-04 07:49:48.692: 184 avg_steps: 973.0
2024-05-04 07:49:48.692: 184 epsilon: 0.1
2024-05-04 08:11:28.314: 185 test start:
2024-05-04 08:11:58.273: 185 avg_reward: 2150.0
2024-05-04 08:11:58.274: 185 avg_steps: 924.1
2024-05-04 08:11:58.274: 185 epsilon: 0.1
2024-05-04 08:33:27.704: 186 test start:
2024-05-04 08:34:03.917: 186 avg_reward: 2720.0
2024-05-04 08:34:03.917: 186 avg_steps: 1077.05
2024-05-04 08:34:03.918: 186 epsilon: 0.1
2024-05-04 08:55:59.009: 187 test start:
2024-05-04 08:56:32.682: 187 avg_reward: 2225.0
2024-05-04 08:56:32.683: 187 avg_steps: 965.9
2024-05-04 08:56:32.683: 187 epsilon: 0.1
2024-05-04 09:18:05.994: 188 test start:
2024-05-04 09:18:38.507: 188 avg_reward: 2420.0
2024-05-04 09:18:38.507: 188 avg_steps: 979.65
2024-05-04 09:18:38.507: 188 epsilon: 0.1
2024-05-04 09:40:14.350: 189 test start:
2024-05-04 09:40:52.905: 189 avg_reward: 3070.0
2024-05-04 09:40:52.905: 189 avg_steps: 1167.0
2024-05-04 09:40:52.905: 189 epsilon: 0.1
2024-05-04 10:01:47.375: 190 test start:
2024-05-04 10:02:23.515: 190 avg_reward: 2995.0
2024-05-04 10:02:23.515: 190 avg_steps: 1157.75
2024-05-04 10:02:23.515: 190 epsilon: 0.1
2024-05-04 10:22:44.665: 191 test start:
2024-05-04 10:23:22.647: 191 avg_reward: 3245.0
2024-05-04 10:23:22.647: 191 avg_steps: 1198.9
2024-05-04 10:23:22.647: 191 epsilon: 0.1
2024-05-04 10:43:55.321: 192 test start:
2024-05-04 10:44:26.746: 192 avg_reward: 2555.0
2024-05-04 10:44:26.746: 192 avg_steps: 1009.05
2024-05-04 10:44:26.746: 192 epsilon: 0.1
2024-05-04 11:05:23.932: 193 test start:
2024-05-04 11:05:58.216: 193 avg_reward: 2720.0
2024-05-04 11:05:58.216: 193 avg_steps: 1067.95
2024-05-04 11:05:58.216: 193 epsilon: 0.1
2024-05-04 11:26:35.133: 194 test start:
2024-05-04 11:27:10.940: 194 avg_reward: 2725.0
2024-05-04 11:27:10.940: 194 avg_steps: 1120.5
2024-05-04 11:27:10.940: 194 epsilon: 0.1
2024-05-04 11:47:56.801: 195 test start:
2024-05-04 11:48:44.635: 195 avg_reward: 4430.0
2024-05-04 11:48:44.635: 195 avg_steps: 1474.3
2024-05-04 11:48:44.635: 195 epsilon: 0.1
2024-05-04 12:08:53.389: 196 test start:
2024-05-04 12:09:26.576: 196 avg_reward: 2960.0
2024-05-04 12:09:26.576: 196 avg_steps: 1098.1
2024-05-04 12:09:26.577: 196 epsilon: 0.1
2024-05-04 12:29:19.424: 197 test start:
2024-05-04 12:29:53.678: 197 avg_reward: 3080.0
2024-05-04 12:29:53.678: 197 avg_steps: 1113.85
2024-05-04 12:29:53.678: 197 epsilon: 0.1
2024-05-04 12:49:54.016: 198 test start:
2024-05-04 12:50:35.642: 198 avg_reward: 4095.0
2024-05-04 12:50:35.643: 198 avg_steps: 1392.7
2024-05-04 12:50:35.643: 198 epsilon: 0.1
2024-05-04 13:09:58.879: 199 test start:
2024-05-04 13:10:40.866: 199 avg_reward: 4035.0
2024-05-04 13:10:40.867: 199 avg_steps: 1376.45
2024-05-04 13:10:40.867: 199 epsilon: 0.1
2024-05-04 13:30:12.037: 200 test start:
2024-05-04 13:30:51.398: 200 avg_reward: 3740.0
2024-05-04 13:30:51.398: 200 avg_steps: 1313.75
2024-05-04 13:30:51.398: 200 epsilon: 0.1
2024-05-04 13:50:00.580: 201 test start:
2024-05-04 13:50:44.428: 201 avg_reward: 4655.0
2024-05-04 13:50:44.428: 201 avg_steps: 1492.8
2024-05-04 13:50:44.429: 201 epsilon: 0.1
2024-05-04 14:09:56.382: 202 test start:
2024-05-04 14:10:31.457: 202 avg_reward: 3220.0
2024-05-04 14:10:31.457: 202 avg_steps: 1163.4
2024-05-04 14:10:31.457: 202 epsilon: 0.1
2024-05-04 14:30:10.985: 203 test start:
2024-05-04 14:30:51.582: 203 avg_reward: 4275.0
2024-05-04 14:30:51.582: 203 avg_steps: 1411.5
2024-05-04 14:30:51.582: 203 epsilon: 0.1
