2024-05-01 10:09:31.695: 
parameters:agent_saving_period: 80000
agent_test_episodes: 20
batch_num_per_epoch: 100000
device: cuda:0
env_name: ALE/Asterix-v5
epsilon_for_test: 0.05
epsilon_max: 1.0
epsilon_min: 0.1
exploration_steps: 1000000
gamma: 0.99
input_frame_height: 84
input_frame_width: 84
learning_rate: 1.0e-05
log_path: ../exps/dqn/
mini_batch_size: 32
no_op: 30
phi_channel: 4
replay_buffer_size: 200000
replay_start_size: 10000
save_path: ./exps/
skip_k_frame: 4
step_c: 10000
training_steps: 50000000

2024-05-01 10:24:35.497: 1 test start:
2024-05-01 10:24:43.790: 1 avg_reward: 272.5
2024-05-01 10:24:43.790: 1 avg_steps: 274.45
2024-05-01 10:24:43.790: 1 epsilon: 0.9275815
2024-05-01 10:44:12.703: 2 test start:
2024-05-01 10:44:20.751: 2 avg_reward: 402.5
2024-05-01 10:44:20.751: 2 avg_steps: 263.9
2024-05-01 10:44:20.751: 2 epsilon: 0.8476273
2024-05-01 11:05:21.008: 3 test start:
2024-05-01 11:05:30.766: 3 avg_reward: 492.5
2024-05-01 11:05:30.767: 3 avg_steps: 323.3
2024-05-01 11:05:30.767: 3 epsilon: 0.7679593
2024-05-01 11:26:58.379: 4 test start:
2024-05-01 11:27:07.371: 4 avg_reward: 480.0
2024-05-01 11:27:07.371: 4 avg_steps: 297.75
2024-05-01 11:27:07.371: 4 epsilon: 0.6879556
2024-05-01 11:47:44.915: 5 test start:
2024-05-01 11:47:53.151: 5 avg_reward: 465.0
2024-05-01 11:47:53.152: 5 avg_steps: 269.25
2024-05-01 11:47:53.152: 5 epsilon: 0.6079771
2024-05-01 12:10:07.749: 6 test start:
2024-05-01 12:10:16.627: 6 avg_reward: 422.5
2024-05-01 12:10:16.628: 6 avg_steps: 303.15
2024-05-01 12:10:16.628: 6 epsilon: 0.5276215
2024-05-01 12:32:19.407: 7 test start:
2024-05-01 12:32:27.810: 7 avg_reward: 385.0
2024-05-01 12:32:27.810: 7 avg_steps: 280.65
2024-05-01 12:32:27.810: 7 epsilon: 0.44730459999999994
2024-05-01 12:54:35.367: 8 test start:
2024-05-01 12:54:45.708: 8 avg_reward: 705.0
2024-05-01 12:54:45.708: 8 avg_steps: 341.95
2024-05-01 12:54:45.708: 8 epsilon: 0.3666906999999999
2024-05-01 13:17:03.058: 9 test start:
2024-05-01 13:17:13.425: 9 avg_reward: 605.0
2024-05-01 13:17:13.425: 9 avg_steps: 335.05
2024-05-01 13:17:13.425: 9 epsilon: 0.2851632999999999
2024-05-01 13:39:24.101: 10 test start:
2024-05-01 13:39:35.814: 10 avg_reward: 762.5
2024-05-01 13:39:35.814: 10 avg_steps: 378.15
2024-05-01 13:39:35.814: 10 epsilon: 0.2031499
2024-05-01 14:01:47.090: 11 test start:
2024-05-01 14:01:58.855: 11 avg_reward: 840.0
2024-05-01 14:01:58.855: 11 avg_steps: 381.35
2024-05-01 14:01:58.855: 11 epsilon: 0.12123099999999998
2024-05-01 14:24:05.340: 12 test start:
2024-05-01 14:24:17.634: 12 avg_reward: 1012.5
2024-05-01 14:24:17.634: 12 avg_steps: 409.8
2024-05-01 14:24:17.634: 12 epsilon: 0.1
2024-05-01 14:47:10.129: 13 test start:
2024-05-01 14:47:21.700: 13 avg_reward: 862.5
2024-05-01 14:47:21.700: 13 avg_steps: 383.45
2024-05-01 14:47:21.700: 13 epsilon: 0.1
2024-05-01 15:09:23.505: 14 test start:
2024-05-01 15:09:36.526: 14 avg_reward: 1030.0
2024-05-01 15:09:36.526: 14 avg_steps: 422.15
2024-05-01 15:09:36.526: 14 epsilon: 0.1
2024-05-01 15:31:58.100: 15 test start:
2024-05-01 15:32:13.443: 15 avg_reward: 1342.5
2024-05-01 15:32:13.444: 15 avg_steps: 534.8
2024-05-01 15:32:13.444: 15 epsilon: 0.1
2024-05-01 15:53:40.705: 16 test start:
2024-05-01 15:53:54.768: 16 avg_reward: 1092.5
2024-05-01 15:53:54.768: 16 avg_steps: 468.9
2024-05-01 15:53:54.768: 16 epsilon: 0.1
2024-05-01 16:16:03.172: 17 test start:
2024-05-01 16:16:20.121: 17 avg_reward: 1407.5
2024-05-01 16:16:20.121: 17 avg_steps: 550.4
2024-05-01 16:16:20.121: 17 epsilon: 0.1
2024-05-01 16:36:44.500: 18 test start:
2024-05-01 16:37:00.512: 18 avg_reward: 1270.0
2024-05-01 16:37:00.512: 18 avg_steps: 523.2
2024-05-01 16:37:00.512: 18 epsilon: 0.1
2024-05-01 16:59:00.475: 19 test start:
2024-05-01 16:59:15.785: 19 avg_reward: 1312.5
2024-05-01 16:59:15.785: 19 avg_steps: 503.45
2024-05-01 16:59:15.785: 19 epsilon: 0.1
2024-05-01 17:20:54.541: 20 test start:
2024-05-01 17:21:11.152: 20 avg_reward: 1485.0
2024-05-01 17:21:11.153: 20 avg_steps: 549.75
2024-05-01 17:21:11.153: 20 epsilon: 0.1
2024-05-01 17:43:25.099: 21 test start:
2024-05-01 17:43:44.371: 21 avg_reward: 1590.0
2024-05-01 17:43:44.372: 21 avg_steps: 624.9
2024-05-01 17:43:44.372: 21 epsilon: 0.1
2024-05-01 18:03:34.342: 22 test start:
2024-05-01 18:03:49.203: 22 avg_reward: 1280.0
2024-05-01 18:03:49.203: 22 avg_steps: 489.5
2024-05-01 18:03:49.203: 22 epsilon: 0.1
2024-05-01 18:25:38.845: 23 test start:
2024-05-01 18:25:53.259: 23 avg_reward: 1290.0
2024-05-01 18:25:53.259: 23 avg_steps: 497.0
2024-05-01 18:25:53.259: 23 epsilon: 0.1
2024-05-01 18:45:52.953: 24 test start:
2024-05-01 18:46:12.427: 24 avg_reward: 2042.5
2024-05-01 18:46:12.427: 24 avg_steps: 708.95
2024-05-01 18:46:12.427: 24 epsilon: 0.1
2024-05-01 19:07:30.032: 25 test start:
2024-05-01 19:07:49.419: 25 avg_reward: 1815.0
2024-05-01 19:07:49.420: 25 avg_steps: 641.75
2024-05-01 19:07:49.420: 25 epsilon: 0.1
2024-05-01 19:28:59.890: 26 test start:
2024-05-01 19:29:17.359: 26 avg_reward: 1557.5
2024-05-01 19:29:17.360: 26 avg_steps: 586.4
2024-05-01 19:29:17.360: 26 epsilon: 0.1
2024-05-01 19:51:49.806: 27 test start:
2024-05-01 19:52:06.426: 27 avg_reward: 1405.0
2024-05-01 19:52:06.426: 27 avg_steps: 548.2
2024-05-01 19:52:06.426: 27 epsilon: 0.1
2024-05-01 20:12:44.821: 28 test start:
2024-05-01 20:13:01.040: 28 avg_reward: 1550.0
2024-05-01 20:13:01.040: 28 avg_steps: 533.6
2024-05-01 20:13:01.040: 28 epsilon: 0.1
2024-05-01 20:34:47.184: 29 test start:
2024-05-01 20:35:06.540: 29 avg_reward: 1767.5
2024-05-01 20:35:06.540: 29 avg_steps: 660.2
2024-05-01 20:35:06.540: 29 epsilon: 0.1
2024-05-01 20:56:44.316: 30 test start:
2024-05-01 20:57:04.152: 30 avg_reward: 1932.5
2024-05-01 20:57:04.152: 30 avg_steps: 707.35
2024-05-01 20:57:04.152: 30 epsilon: 0.1
2024-05-01 21:16:14.274: 31 test start:
2024-05-01 21:16:33.090: 31 avg_reward: 1900.0
2024-05-01 21:16:33.091: 31 avg_steps: 665.35
2024-05-01 21:16:33.091: 31 epsilon: 0.1
2024-05-01 21:35:07.376: 32 test start:
2024-05-01 21:35:25.165: 32 avg_reward: 1722.5
2024-05-01 21:35:25.165: 32 avg_steps: 632.0
2024-05-01 21:35:25.165: 32 epsilon: 0.1
2024-05-01 21:53:53.462: 33 test start:
2024-05-01 21:54:10.661: 33 avg_reward: 1692.5
2024-05-01 21:54:10.662: 33 avg_steps: 622.7
2024-05-01 21:54:10.662: 33 epsilon: 0.1
2024-05-01 22:12:34.500: 34 test start:
2024-05-01 22:12:52.307: 34 avg_reward: 1870.0
2024-05-01 22:12:52.307: 34 avg_steps: 659.45
2024-05-01 22:12:52.307: 34 epsilon: 0.1
2024-05-01 22:31:54.769: 35 test start:
2024-05-01 22:32:13.304: 35 avg_reward: 1912.5
2024-05-01 22:32:13.305: 35 avg_steps: 662.35
2024-05-01 22:32:13.305: 35 epsilon: 0.1
2024-05-01 22:51:03.083: 36 test start:
2024-05-01 22:51:23.248: 36 avg_reward: 2110.0
2024-05-01 22:51:23.248: 36 avg_steps: 718.15
2024-05-01 22:51:23.248: 36 epsilon: 0.1
2024-05-01 23:10:13.434: 37 test start:
2024-05-01 23:10:33.819: 37 avg_reward: 1975.0
2024-05-01 23:10:33.819: 37 avg_steps: 728.2
2024-05-01 23:10:33.819: 37 epsilon: 0.1
2024-05-01 23:29:26.409: 38 test start:
2024-05-01 23:29:44.299: 38 avg_reward: 1852.5
2024-05-01 23:29:44.300: 38 avg_steps: 639.6
2024-05-01 23:29:44.300: 38 epsilon: 0.1
2024-05-01 23:48:40.053: 39 test start:
2024-05-01 23:48:59.528: 39 avg_reward: 2062.5
2024-05-01 23:48:59.529: 39 avg_steps: 700.8
2024-05-01 23:48:59.529: 39 epsilon: 0.1
2024-05-02 00:08:07.416: 40 test start:
2024-05-02 00:08:27.796: 40 avg_reward: 2132.5
2024-05-02 00:08:27.796: 40 avg_steps: 715.25
2024-05-02 00:08:27.796: 40 epsilon: 0.1
2024-05-02 00:27:19.668: 41 test start:
2024-05-02 00:27:44.601: 41 avg_reward: 2680.0
2024-05-02 00:27:44.601: 41 avg_steps: 852.85
2024-05-02 00:27:44.601: 41 epsilon: 0.1
2024-05-02 00:47:16.543: 42 test start:
2024-05-02 00:47:36.764: 42 avg_reward: 2035.0
2024-05-02 00:47:36.764: 42 avg_steps: 679.15
2024-05-02 00:47:36.764: 42 epsilon: 0.1
2024-05-02 01:07:16.960: 43 test start:
2024-05-02 01:07:35.899: 43 avg_reward: 1765.0
2024-05-02 01:07:35.900: 43 avg_steps: 635.0
2024-05-02 01:07:35.900: 43 epsilon: 0.1
2024-05-02 01:27:19.203: 44 test start:
2024-05-02 01:27:40.691: 44 avg_reward: 2190.0
2024-05-02 01:27:40.691: 44 avg_steps: 751.45
2024-05-02 01:27:40.691: 44 epsilon: 0.1
2024-05-02 01:47:09.544: 45 test start:
2024-05-02 01:47:31.929: 45 avg_reward: 2325.0
2024-05-02 01:47:31.929: 45 avg_steps: 779.2
2024-05-02 01:47:31.929: 45 epsilon: 0.1
2024-05-02 02:07:15.166: 46 test start:
2024-05-02 02:07:36.132: 46 avg_reward: 2077.5
2024-05-02 02:07:36.132: 46 avg_steps: 711.5
2024-05-02 02:07:36.132: 46 epsilon: 0.1
2024-05-02 02:27:07.197: 47 test start:
2024-05-02 02:27:24.164: 47 avg_reward: 1705.0
2024-05-02 02:27:24.164: 47 avg_steps: 590.15
2024-05-02 02:27:24.164: 47 epsilon: 0.1
2024-05-02 02:46:28.856: 48 test start:
2024-05-02 02:46:49.408: 48 avg_reward: 2070.0
2024-05-02 02:46:49.409: 48 avg_steps: 731.0
2024-05-02 02:46:49.409: 48 epsilon: 0.1
2024-05-02 03:05:46.969: 49 test start:
2024-05-02 03:06:04.647: 49 avg_reward: 1832.5
2024-05-02 03:06:04.648: 49 avg_steps: 635.25
2024-05-02 03:06:04.648: 49 epsilon: 0.1
2024-05-02 03:24:51.270: 50 test start:
2024-05-02 03:25:12.909: 50 avg_reward: 2257.5
2024-05-02 03:25:12.909: 50 avg_steps: 756.45
2024-05-02 03:25:12.909: 50 epsilon: 0.1
2024-05-02 03:44:12.200: 51 test start:
2024-05-02 03:44:28.582: 51 avg_reward: 1615.0
2024-05-02 03:44:28.582: 51 avg_steps: 586.05
2024-05-02 03:44:28.582: 51 epsilon: 0.1
2024-05-02 04:03:50.998: 52 test start:
2024-05-02 04:04:07.831: 52 avg_reward: 1680.0
2024-05-02 04:04:07.831: 52 avg_steps: 586.0
2024-05-02 04:04:07.831: 52 epsilon: 0.1
2024-05-02 04:23:27.282: 53 test start:
2024-05-02 04:23:45.440: 53 avg_reward: 1840.0
2024-05-02 04:23:45.441: 53 avg_steps: 642.25
2024-05-02 04:23:45.441: 53 epsilon: 0.1
2024-05-02 04:42:17.584: 54 test start:
2024-05-02 04:42:35.536: 54 avg_reward: 1917.5
2024-05-02 04:42:35.536: 54 avg_steps: 668.85
2024-05-02 04:42:35.537: 54 epsilon: 0.1
2024-05-02 05:01:00.913: 55 test start:
2024-05-02 05:01:22.129: 55 avg_reward: 2285.0
2024-05-02 05:01:22.130: 55 avg_steps: 774.65
2024-05-02 05:01:22.130: 55 epsilon: 0.1
2024-05-02 05:20:11.063: 56 test start:
2024-05-02 05:20:27.606: 56 avg_reward: 1660.0
2024-05-02 05:20:27.606: 56 avg_steps: 599.8
2024-05-02 05:20:27.606: 56 epsilon: 0.1
2024-05-02 05:39:13.817: 57 test start:
2024-05-02 05:39:30.454: 57 avg_reward: 1742.5
2024-05-02 05:39:30.454: 57 avg_steps: 590.8
2024-05-02 05:39:30.454: 57 epsilon: 0.1
2024-05-02 05:58:01.364: 58 test start:
2024-05-02 05:58:17.931: 58 avg_reward: 1730.0
2024-05-02 05:58:17.931: 58 avg_steps: 596.0
2024-05-02 05:58:17.931: 58 epsilon: 0.1
2024-05-02 06:16:51.810: 59 test start:
2024-05-02 06:17:06.109: 59 avg_reward: 1447.5
2024-05-02 06:17:06.109: 59 avg_steps: 527.55
2024-05-02 06:17:06.109: 59 epsilon: 0.1
2024-05-02 06:35:20.366: 60 test start:
2024-05-02 06:35:38.181: 60 avg_reward: 1857.5
2024-05-02 06:35:38.181: 60 avg_steps: 668.9
2024-05-02 06:35:38.181: 60 epsilon: 0.1
2024-05-02 06:53:59.900: 61 test start:
2024-05-02 06:54:17.842: 61 avg_reward: 1935.0
2024-05-02 06:54:17.843: 61 avg_steps: 646.65
2024-05-02 06:54:17.843: 61 epsilon: 0.1
2024-05-02 07:12:48.918: 62 test start:
2024-05-02 07:13:05.194: 62 avg_reward: 1732.5
2024-05-02 07:13:05.194: 62 avg_steps: 596.75
2024-05-02 07:13:05.194: 62 epsilon: 0.1
2024-05-02 07:31:17.140: 63 test start:
2024-05-02 07:31:34.161: 63 avg_reward: 1880.0
2024-05-02 07:31:34.162: 63 avg_steps: 631.95
2024-05-02 07:31:34.162: 63 epsilon: 0.1
2024-05-02 07:49:53.584: 64 test start:
2024-05-02 07:50:13.892: 64 avg_reward: 2235.0
2024-05-02 07:50:13.893: 64 avg_steps: 756.45
2024-05-02 07:50:13.893: 64 epsilon: 0.1
2024-05-02 08:08:39.079: 65 test start:
2024-05-02 08:08:50.976: 65 avg_reward: 1205.0
2024-05-02 08:08:50.977: 65 avg_steps: 455.3
2024-05-02 08:08:50.977: 65 epsilon: 0.1
2024-05-02 08:27:10.017: 66 test start:
2024-05-02 08:27:27.411: 66 avg_reward: 1917.5
2024-05-02 08:27:27.411: 66 avg_steps: 640.85
2024-05-02 08:27:27.411: 66 epsilon: 0.1
2024-05-02 08:46:15.451: 67 test start:
2024-05-02 08:46:33.784: 67 avg_reward: 2062.5
2024-05-02 08:46:33.784: 67 avg_steps: 683.35
2024-05-02 08:46:33.784: 67 epsilon: 0.1
2024-05-02 09:04:51.311: 68 test start:
2024-05-02 09:05:06.893: 68 avg_reward: 1750.0
2024-05-02 09:05:06.893: 68 avg_steps: 587.25
2024-05-02 09:05:06.893: 68 epsilon: 0.1
2024-05-02 09:23:16.986: 69 test start:
2024-05-02 09:23:32.449: 69 avg_reward: 1605.0
2024-05-02 09:23:32.450: 69 avg_steps: 559.7
2024-05-02 09:23:32.450: 69 epsilon: 0.1
2024-05-02 09:41:39.158: 70 test start:
2024-05-02 09:41:54.981: 70 avg_reward: 1690.0
2024-05-02 09:41:54.981: 70 avg_steps: 583.0
2024-05-02 09:41:54.981: 70 epsilon: 0.1
2024-05-02 10:00:13.088: 71 test start:
2024-05-02 10:00:25.909: 71 avg_reward: 1225.0
2024-05-02 10:00:25.909: 71 avg_steps: 465.2
2024-05-02 10:00:25.909: 71 epsilon: 0.1
2024-05-02 10:18:35.902: 72 test start:
2024-05-02 10:18:52.477: 72 avg_reward: 1947.5
2024-05-02 10:18:52.478: 72 avg_steps: 631.65
2024-05-02 10:18:52.478: 72 epsilon: 0.1
2024-05-02 10:37:05.852: 73 test start:
2024-05-02 10:37:17.922: 73 avg_reward: 1152.5
2024-05-02 10:37:17.922: 73 avg_steps: 450.15
2024-05-02 10:37:17.922: 73 epsilon: 0.1
2024-05-02 10:55:12.910: 74 test start:
2024-05-02 10:55:25.615: 74 avg_reward: 1312.5
2024-05-02 10:55:25.615: 74 avg_steps: 478.1
2024-05-02 10:55:25.615: 74 epsilon: 0.1
2024-05-02 11:13:44.966: 75 test start:
2024-05-02 11:14:04.103: 75 avg_reward: 2215.0
2024-05-02 11:14:04.104: 75 avg_steps: 704.2
2024-05-02 11:14:04.104: 75 epsilon: 0.1
2024-05-02 11:32:16.637: 76 test start:
2024-05-02 11:32:32.963: 76 avg_reward: 1765.0
2024-05-02 11:32:32.964: 76 avg_steps: 605.3
2024-05-02 11:32:32.964: 76 epsilon: 0.1
2024-05-02 11:50:51.117: 77 test start:
2024-05-02 11:51:06.228: 77 avg_reward: 1545.0
2024-05-02 11:51:06.229: 77 avg_steps: 539.3
2024-05-02 11:51:06.229: 77 epsilon: 0.1
2024-05-02 12:10:09.790: 78 test start:
2024-05-02 12:10:28.773: 78 avg_reward: 2260.0
2024-05-02 12:10:28.773: 78 avg_steps: 706.7
2024-05-02 12:10:28.773: 78 epsilon: 0.1
2024-05-02 12:29:14.015: 79 test start:
2024-05-02 12:29:29.379: 79 avg_reward: 1660.0
2024-05-02 12:29:29.379: 79 avg_steps: 572.95
2024-05-02 12:29:29.379: 79 epsilon: 0.1
2024-05-02 12:48:24.027: 80 test start:
2024-05-02 12:48:36.736: 80 avg_reward: 1377.5
2024-05-02 12:48:36.737: 80 avg_steps: 473.85
2024-05-02 12:48:36.737: 80 epsilon: 0.1
2024-05-02 13:07:26.477: 81 test start:
2024-05-02 13:07:42.343: 81 avg_reward: 1682.5
2024-05-02 13:07:42.343: 81 avg_steps: 566.85
2024-05-02 13:07:42.343: 81 epsilon: 0.1
2024-05-02 13:26:46.606: 82 test start:
2024-05-02 13:27:02.608: 82 avg_reward: 1750.0
2024-05-02 13:27:02.608: 82 avg_steps: 583.3
2024-05-02 13:27:02.608: 82 epsilon: 0.1
2024-05-02 13:46:31.740: 83 test start:
2024-05-02 13:46:49.703: 83 avg_reward: 1910.0
2024-05-02 13:46:49.703: 83 avg_steps: 646.05
2024-05-02 13:46:49.703: 83 epsilon: 0.1
2024-05-02 14:05:42.144: 84 test start:
2024-05-02 14:06:01.749: 84 avg_reward: 2250.0
2024-05-02 14:06:01.750: 84 avg_steps: 719.9
2024-05-02 14:06:01.750: 84 epsilon: 0.1
2024-05-02 14:25:15.861: 85 test start:
2024-05-02 14:25:31.225: 85 avg_reward: 1672.5
2024-05-02 14:25:31.225: 85 avg_steps: 568.1
2024-05-02 14:25:31.225: 85 epsilon: 0.1
2024-05-02 14:44:43.972: 86 test start:
2024-05-02 14:45:03.730: 86 avg_reward: 2225.0
2024-05-02 14:45:03.730: 86 avg_steps: 716.85
2024-05-02 14:45:03.730: 86 epsilon: 0.1
2024-05-02 15:03:54.689: 87 test start:
2024-05-02 15:04:10.779: 87 avg_reward: 1825.0
2024-05-02 15:04:10.780: 87 avg_steps: 590.7
2024-05-02 15:04:10.780: 87 epsilon: 0.1
2024-05-02 15:23:02.844: 88 test start:
2024-05-02 15:23:20.791: 88 avg_reward: 2040.0
2024-05-02 15:23:20.791: 88 avg_steps: 670.85
2024-05-02 15:23:20.791: 88 epsilon: 0.1
2024-05-02 15:42:15.947: 89 test start:
2024-05-02 15:42:33.353: 89 avg_reward: 1805.0
2024-05-02 15:42:33.353: 89 avg_steps: 616.3
2024-05-02 15:42:33.353: 89 epsilon: 0.1
2024-05-02 16:02:46.133: 90 test start:
2024-05-02 16:03:05.276: 90 avg_reward: 2052.5
2024-05-02 16:03:05.277: 90 avg_steps: 678.8
2024-05-02 16:03:05.277: 90 epsilon: 0.1
2024-05-02 16:22:41.834: 91 test start:
2024-05-02 16:22:56.740: 91 avg_reward: 1535.0
2024-05-02 16:22:56.740: 91 avg_steps: 536.0
2024-05-02 16:22:56.740: 91 epsilon: 0.1
2024-05-02 16:42:46.431: 92 test start:
2024-05-02 16:43:00.518: 92 avg_reward: 1440.0
2024-05-02 16:43:00.519: 92 avg_steps: 510.15
2024-05-02 16:43:00.519: 92 epsilon: 0.1
2024-05-02 17:02:25.279: 93 test start:
2024-05-02 17:02:39.568: 93 avg_reward: 1547.5
2024-05-02 17:02:39.568: 93 avg_steps: 538.05
2024-05-02 17:02:39.568: 93 epsilon: 0.1
2024-05-02 17:22:08.516: 94 test start:
2024-05-02 17:22:25.345: 94 avg_reward: 1870.0
2024-05-02 17:22:25.345: 94 avg_steps: 607.15
2024-05-02 17:22:25.345: 94 epsilon: 0.1
2024-05-02 17:42:30.084: 95 test start:
2024-05-02 17:42:45.177: 95 avg_reward: 1505.0
2024-05-02 17:42:45.178: 95 avg_steps: 529.15
2024-05-02 17:42:45.178: 95 epsilon: 0.1
2024-05-02 18:02:45.003: 96 test start:
2024-05-02 18:03:01.559: 96 avg_reward: 1625.0
2024-05-02 18:03:01.560: 96 avg_steps: 566.65
2024-05-02 18:03:01.560: 96 epsilon: 0.1
2024-05-02 18:22:55.278: 97 test start:
2024-05-02 18:23:11.189: 97 avg_reward: 1625.0
2024-05-02 18:23:11.189: 97 avg_steps: 579.0
2024-05-02 18:23:11.189: 97 epsilon: 0.1
2024-05-02 18:42:33.972: 98 test start:
2024-05-02 18:42:49.924: 98 avg_reward: 1665.0
2024-05-02 18:42:49.924: 98 avg_steps: 570.3
2024-05-02 18:42:49.924: 98 epsilon: 0.1
2024-05-02 19:02:22.260: 99 test start:
2024-05-02 19:02:38.570: 99 avg_reward: 1737.5
2024-05-02 19:02:38.570: 99 avg_steps: 588.9
2024-05-02 19:02:38.570: 99 epsilon: 0.1
2024-05-02 19:22:20.818: 100 test start:
2024-05-02 19:22:37.151: 100 avg_reward: 1692.5
2024-05-02 19:22:37.151: 100 avg_steps: 573.35
2024-05-02 19:22:37.151: 100 epsilon: 0.1
2024-05-02 19:43:14.061: 101 test start:
2024-05-02 19:43:29.180: 101 avg_reward: 1430.0
2024-05-02 19:43:29.181: 101 avg_steps: 522.15
2024-05-02 19:43:29.181: 101 epsilon: 0.1
2024-05-02 20:04:19.023: 102 test start:
2024-05-02 20:04:36.401: 102 avg_reward: 1740.0
2024-05-02 20:04:36.401: 102 avg_steps: 600.65
2024-05-02 20:04:36.401: 102 epsilon: 0.1
2024-05-02 20:24:47.907: 103 test start:
2024-05-02 20:25:02.042: 103 avg_reward: 1425.0
2024-05-02 20:25:02.042: 103 avg_steps: 495.45
2024-05-02 20:25:02.042: 103 epsilon: 0.1
2024-05-02 20:45:40.058: 104 test start:
2024-05-02 20:45:54.779: 104 avg_reward: 1417.5
2024-05-02 20:45:54.779: 104 avg_steps: 500.25
2024-05-02 20:45:54.779: 104 epsilon: 0.1
2024-05-02 21:06:10.126: 105 test start:
2024-05-02 21:06:27.082: 105 avg_reward: 1635.0
2024-05-02 21:06:27.082: 105 avg_steps: 563.05
2024-05-02 21:06:27.082: 105 epsilon: 0.1
2024-05-02 21:27:11.606: 106 test start:
2024-05-02 21:27:27.133: 106 avg_reward: 1530.0
2024-05-02 21:27:27.134: 106 avg_steps: 544.5
2024-05-02 21:27:27.134: 106 epsilon: 0.1
2024-05-02 21:46:53.411: 107 test start:
2024-05-02 21:47:09.170: 107 avg_reward: 1542.5
2024-05-02 21:47:09.170: 107 avg_steps: 541.95
2024-05-02 21:47:09.170: 107 epsilon: 0.1
2024-05-02 22:06:52.079: 108 test start:
2024-05-02 22:07:04.691: 108 avg_reward: 1212.5
2024-05-02 22:07:04.691: 108 avg_steps: 439.95
2024-05-02 22:07:04.691: 108 epsilon: 0.1
2024-05-02 22:27:00.607: 109 test start:
2024-05-02 22:27:14.851: 109 avg_reward: 1397.5
2024-05-02 22:27:14.851: 109 avg_steps: 506.45
2024-05-02 22:27:14.851: 109 epsilon: 0.1
2024-05-02 22:46:09.028: 110 test start:
2024-05-02 22:46:24.019: 110 avg_reward: 1632.5
2024-05-02 22:46:24.019: 110 avg_steps: 549.95
2024-05-02 22:46:24.019: 110 epsilon: 0.1
2024-05-02 23:05:48.074: 111 test start:
2024-05-02 23:06:00.779: 111 avg_reward: 1220.0
2024-05-02 23:06:00.779: 111 avg_steps: 459.15
2024-05-02 23:06:00.779: 111 epsilon: 0.1
2024-05-02 23:25:03.967: 112 test start:
2024-05-02 23:25:18.683: 112 avg_reward: 1462.5
2024-05-02 23:25:18.684: 112 avg_steps: 522.5
2024-05-02 23:25:18.684: 112 epsilon: 0.1
2024-05-02 23:44:58.213: 113 test start:
2024-05-02 23:45:15.182: 113 avg_reward: 1682.5
2024-05-02 23:45:15.182: 113 avg_steps: 596.45
2024-05-02 23:45:15.182: 113 epsilon: 0.1
2024-05-03 00:05:24.110: 114 test start:
2024-05-03 00:05:40.930: 114 avg_reward: 1745.0
2024-05-03 00:05:40.931: 114 avg_steps: 588.3
2024-05-03 00:05:40.931: 114 epsilon: 0.1
2024-05-03 00:25:29.983: 115 test start:
2024-05-03 00:25:46.625: 115 avg_reward: 1772.5
2024-05-03 00:25:46.625: 115 avg_steps: 575.5
2024-05-03 00:25:46.625: 115 epsilon: 0.1
2024-05-03 00:47:11.741: 116 test start:
2024-05-03 00:47:26.277: 116 avg_reward: 1282.5
2024-05-03 00:47:26.278: 116 avg_steps: 449.6
2024-05-03 00:47:26.278: 116 epsilon: 0.1
2024-05-03 01:09:30.108: 117 test start:
2024-05-03 01:09:46.346: 117 avg_reward: 1572.5
2024-05-03 01:09:46.346: 117 avg_steps: 530.15
2024-05-03 01:09:46.346: 117 epsilon: 0.1
2024-05-03 01:31:53.686: 118 test start:
2024-05-03 01:32:09.024: 118 avg_reward: 1337.5
2024-05-03 01:32:09.025: 118 avg_steps: 491.15
2024-05-03 01:32:09.025: 118 epsilon: 0.1
2024-05-03 01:53:43.225: 119 test start:
2024-05-03 01:53:56.734: 119 avg_reward: 1257.5
2024-05-03 01:53:56.735: 119 avg_steps: 466.8
2024-05-03 01:53:56.735: 119 epsilon: 0.1
2024-05-03 02:13:54.754: 120 test start:
2024-05-03 02:14:10.714: 120 avg_reward: 1725.0
2024-05-03 02:14:10.714: 120 avg_steps: 589.65
2024-05-03 02:14:10.714: 120 epsilon: 0.1
2024-05-03 02:34:29.685: 121 test start:
2024-05-03 02:34:45.419: 121 avg_reward: 1450.0
2024-05-03 02:34:45.420: 121 avg_steps: 506.65
2024-05-03 02:34:45.420: 121 epsilon: 0.1
2024-05-03 02:55:10.571: 122 test start:
2024-05-03 02:55:25.232: 122 avg_reward: 1437.5
2024-05-03 02:55:25.233: 122 avg_steps: 515.25
2024-05-03 02:55:25.233: 122 epsilon: 0.1
2024-05-03 03:15:02.032: 123 test start:
2024-05-03 03:15:16.880: 123 avg_reward: 1575.0
2024-05-03 03:15:16.881: 123 avg_steps: 537.95
2024-05-03 03:15:16.881: 123 epsilon: 0.1
2024-05-03 03:34:17.147: 124 test start:
2024-05-03 03:34:29.489: 124 avg_reward: 1200.0
2024-05-03 03:34:29.489: 124 avg_steps: 441.6
2024-05-03 03:34:29.489: 124 epsilon: 0.1
2024-05-03 03:54:22.083: 125 test start:
2024-05-03 03:54:34.491: 125 avg_reward: 1187.5
2024-05-03 03:54:34.492: 125 avg_steps: 446.5
2024-05-03 03:54:34.492: 125 epsilon: 0.1
2024-05-03 04:14:43.444: 126 test start:
2024-05-03 04:15:00.503: 126 avg_reward: 1555.0
2024-05-03 04:15:00.503: 126 avg_steps: 546.85
2024-05-03 04:15:00.503: 126 epsilon: 0.1
2024-05-03 04:36:22.563: 127 test start:
2024-05-03 04:36:34.931: 127 avg_reward: 937.5
2024-05-03 04:36:34.931: 127 avg_steps: 387.15
2024-05-03 04:36:34.931: 127 epsilon: 0.1
2024-05-03 04:56:09.369: 128 test start:
2024-05-03 04:56:26.237: 128 avg_reward: 1760.0
2024-05-03 04:56:26.238: 128 avg_steps: 600.75
2024-05-03 04:56:26.238: 128 epsilon: 0.1
2024-05-03 05:15:30.748: 129 test start:
2024-05-03 05:15:44.148: 129 avg_reward: 1465.0
2024-05-03 05:15:44.148: 129 avg_steps: 493.3
2024-05-03 05:15:44.148: 129 epsilon: 0.1
2024-05-03 05:35:19.042: 130 test start:
2024-05-03 05:35:32.172: 130 avg_reward: 1385.0
2024-05-03 05:35:32.172: 130 avg_steps: 469.65
2024-05-03 05:35:32.173: 130 epsilon: 0.1
2024-05-03 05:54:25.368: 131 test start:
2024-05-03 05:54:40.058: 131 avg_reward: 1610.0
2024-05-03 05:54:40.058: 131 avg_steps: 529.9
2024-05-03 05:54:40.058: 131 epsilon: 0.1
2024-05-03 06:13:49.528: 132 test start:
2024-05-03 06:14:02.065: 132 avg_reward: 1167.5
2024-05-03 06:14:02.065: 132 avg_steps: 444.15
2024-05-03 06:14:02.066: 132 epsilon: 0.1
2024-05-03 06:33:10.585: 133 test start:
2024-05-03 06:33:26.024: 133 avg_reward: 1620.0
2024-05-03 06:33:26.025: 133 avg_steps: 551.95
2024-05-03 06:33:26.025: 133 epsilon: 0.1
2024-05-03 06:52:16.400: 134 test start:
2024-05-03 06:52:27.591: 134 avg_reward: 1177.5
2024-05-03 06:52:27.591: 134 avg_steps: 413.9
2024-05-03 06:52:27.591: 134 epsilon: 0.1
2024-05-03 07:11:28.993: 135 test start:
2024-05-03 07:11:43.774: 135 avg_reward: 1622.5
2024-05-03 07:11:43.774: 135 avg_steps: 530.65
2024-05-03 07:11:43.774: 135 epsilon: 0.1
2024-05-03 07:31:02.288: 136 test start:
2024-05-03 07:31:14.544: 136 avg_reward: 1212.5
2024-05-03 07:31:14.544: 136 avg_steps: 432.0
2024-05-03 07:31:14.544: 136 epsilon: 0.1
2024-05-03 07:50:33.849: 137 test start:
2024-05-03 07:50:50.045: 137 avg_reward: 1665.0
2024-05-03 07:50:50.045: 137 avg_steps: 553.2
2024-05-03 07:50:50.045: 137 epsilon: 0.1
2024-05-03 08:11:14.067: 138 test start:
2024-05-03 08:11:30.801: 138 avg_reward: 1680.0
2024-05-03 08:11:30.801: 138 avg_steps: 579.95
2024-05-03 08:11:30.801: 138 epsilon: 0.1
2024-05-03 08:32:14.117: 139 test start:
2024-05-03 08:32:31.084: 139 avg_reward: 1575.0
2024-05-03 08:32:31.084: 139 avg_steps: 551.75
2024-05-03 08:32:31.084: 139 epsilon: 0.1
2024-05-03 08:54:03.516: 140 test start:
2024-05-03 08:54:20.579: 140 avg_reward: 1685.0
2024-05-03 08:54:20.579: 140 avg_steps: 564.25
2024-05-03 08:54:20.579: 140 epsilon: 0.1
2024-05-03 09:15:03.084: 141 test start:
2024-05-03 09:15:20.472: 141 avg_reward: 1685.0
2024-05-03 09:15:20.472: 141 avg_steps: 574.3
2024-05-03 09:15:20.472: 141 epsilon: 0.1
2024-05-03 09:36:29.212: 142 test start:
2024-05-03 09:36:43.582: 142 avg_reward: 1055.0
2024-05-03 09:36:43.582: 142 avg_steps: 413.7
2024-05-03 09:36:43.582: 142 epsilon: 0.1
2024-05-03 09:58:46.966: 143 test start:
2024-05-03 09:59:03.136: 143 avg_reward: 1600.0
2024-05-03 09:59:03.136: 143 avg_steps: 530.0
2024-05-03 09:59:03.136: 143 epsilon: 0.1
2024-05-03 10:20:18.774: 144 test start:
2024-05-03 10:20:32.601: 144 avg_reward: 1267.5
2024-05-03 10:20:32.602: 144 avg_steps: 465.35
2024-05-03 10:20:32.602: 144 epsilon: 0.1
2024-05-03 10:41:08.090: 145 test start:
2024-05-03 10:41:26.244: 145 avg_reward: 1807.5
2024-05-03 10:41:26.244: 145 avg_steps: 589.05
2024-05-03 10:41:26.244: 145 epsilon: 0.1
2024-05-03 11:01:41.553: 146 test start:
2024-05-03 11:01:56.481: 146 avg_reward: 1452.5
2024-05-03 11:01:56.481: 146 avg_steps: 516.95
2024-05-03 11:01:56.481: 146 epsilon: 0.1
2024-05-03 11:26:17.445: 147 test start:
2024-05-03 11:26:36.569: 147 avg_reward: 1327.5
2024-05-03 11:26:36.569: 147 avg_steps: 475.2
2024-05-03 11:26:36.569: 147 epsilon: 0.1
2024-05-03 11:53:06.578: 148 test start:
2024-05-03 11:53:21.853: 148 avg_reward: 1602.5
2024-05-03 11:53:21.853: 148 avg_steps: 538.05
2024-05-03 11:53:21.853: 148 epsilon: 0.1
2024-05-03 12:14:39.986: 149 test start:
2024-05-03 12:14:54.497: 149 avg_reward: 1275.0
2024-05-03 12:14:54.497: 149 avg_steps: 472.9
2024-05-03 12:14:54.497: 149 epsilon: 0.1
2024-05-03 12:36:13.810: 150 test start:
2024-05-03 12:36:30.290: 150 avg_reward: 1532.5
2024-05-03 12:36:30.290: 150 avg_steps: 497.3
2024-05-03 12:36:30.290: 150 epsilon: 0.1
2024-05-03 12:57:29.915: 151 test start:
2024-05-03 12:57:43.534: 151 avg_reward: 1167.5
2024-05-03 12:57:43.534: 151 avg_steps: 414.3
2024-05-03 12:57:43.534: 151 epsilon: 0.1
2024-05-03 13:18:50.958: 152 test start:
2024-05-03 13:19:06.676: 152 avg_reward: 1630.0
2024-05-03 13:19:06.677: 152 avg_steps: 558.75
2024-05-03 13:19:06.677: 152 epsilon: 0.1
2024-05-03 13:39:28.015: 153 test start:
2024-05-03 13:39:40.920: 153 avg_reward: 1277.5
2024-05-03 13:39:40.920: 153 avg_steps: 454.7
2024-05-03 13:39:40.920: 153 epsilon: 0.1
2024-05-03 14:00:33.918: 154 test start:
2024-05-03 14:00:50.054: 154 avg_reward: 1655.0
2024-05-03 14:00:50.054: 154 avg_steps: 580.65
2024-05-03 14:00:50.054: 154 epsilon: 0.1
2024-05-03 14:21:13.737: 155 test start:
2024-05-03 14:21:28.254: 155 avg_reward: 1440.0
2024-05-03 14:21:28.254: 155 avg_steps: 500.1
2024-05-03 14:21:28.254: 155 epsilon: 0.1
2024-05-03 14:41:58.498: 156 test start:
2024-05-03 14:42:13.377: 156 avg_reward: 1467.5
2024-05-03 14:42:13.378: 156 avg_steps: 514.8
2024-05-03 14:42:13.378: 156 epsilon: 0.1
2024-05-03 15:03:19.409: 157 test start:
2024-05-03 15:03:31.640: 157 avg_reward: 1255.0
2024-05-03 15:03:31.640: 157 avg_steps: 441.45
2024-05-03 15:03:31.640: 157 epsilon: 0.1
2024-05-03 15:25:04.124: 158 test start:
2024-05-03 15:25:17.269: 158 avg_reward: 1187.5
2024-05-03 15:25:17.270: 158 avg_steps: 441.1
2024-05-03 15:25:17.270: 158 epsilon: 0.1
2024-05-03 15:46:42.518: 159 test start:
2024-05-03 15:46:57.112: 159 avg_reward: 1350.0
2024-05-03 15:46:57.112: 159 avg_steps: 473.8
2024-05-03 15:46:57.112: 159 epsilon: 0.1
2024-05-03 16:07:10.269: 160 test start:
2024-05-03 16:07:22.621: 160 avg_reward: 1135.0
2024-05-03 16:07:22.621: 160 avg_steps: 443.65
2024-05-03 16:07:22.621: 160 epsilon: 0.1
2024-05-03 16:27:01.052: 161 test start:
2024-05-03 16:27:16.479: 161 avg_reward: 1632.5
2024-05-03 16:27:16.479: 161 avg_steps: 556.65
2024-05-03 16:27:16.479: 161 epsilon: 0.1
2024-05-03 16:47:15.042: 162 test start:
2024-05-03 16:47:28.961: 162 avg_reward: 1435.0
2024-05-03 16:47:28.962: 162 avg_steps: 497.35
2024-05-03 16:47:28.962: 162 epsilon: 0.1
2024-05-03 17:06:57.769: 163 test start:
2024-05-03 17:07:12.039: 163 avg_reward: 1417.5
2024-05-03 17:07:12.039: 163 avg_steps: 513.95
2024-05-03 17:07:12.039: 163 epsilon: 0.1
2024-05-03 17:27:32.360: 164 test start:
2024-05-03 17:27:45.632: 164 avg_reward: 1292.5
2024-05-03 17:27:45.632: 164 avg_steps: 479.65
2024-05-03 17:27:45.632: 164 epsilon: 0.1
2024-05-03 17:48:42.016: 165 test start:
2024-05-03 17:48:57.589: 165 avg_reward: 1582.5
2024-05-03 17:48:57.589: 165 avg_steps: 541.15
2024-05-03 17:48:57.589: 165 epsilon: 0.1
2024-05-03 18:10:09.275: 166 test start:
2024-05-03 18:10:24.376: 166 avg_reward: 1462.5
2024-05-03 18:10:24.376: 166 avg_steps: 523.6
2024-05-03 18:10:24.376: 166 epsilon: 0.1
2024-05-03 18:31:19.264: 167 test start:
2024-05-03 18:31:29.665: 167 avg_reward: 862.5
2024-05-03 18:31:29.665: 167 avg_steps: 354.75
2024-05-03 18:31:29.665: 167 epsilon: 0.1
2024-05-03 18:51:16.801: 168 test start:
2024-05-03 18:51:30.647: 168 avg_reward: 1335.0
2024-05-03 18:51:30.647: 168 avg_steps: 480.7
2024-05-03 18:51:30.647: 168 epsilon: 0.1
2024-05-03 19:11:48.933: 169 test start:
2024-05-03 19:12:02.386: 169 avg_reward: 1377.5
2024-05-03 19:12:02.386: 169 avg_steps: 471.75
2024-05-03 19:12:02.386: 169 epsilon: 0.1
2024-05-03 19:32:00.485: 170 test start:
2024-05-03 19:32:16.264: 170 avg_reward: 1585.0
2024-05-03 19:32:16.264: 170 avg_steps: 548.55
2024-05-03 19:32:16.264: 170 epsilon: 0.1
2024-05-03 19:53:03.134: 171 test start:
2024-05-03 19:53:15.967: 171 avg_reward: 1232.5
2024-05-03 19:53:15.967: 171 avg_steps: 449.65
2024-05-03 19:53:15.967: 171 epsilon: 0.1
2024-05-03 20:12:51.198: 172 test start:
2024-05-03 20:13:04.147: 172 avg_reward: 1285.0
2024-05-03 20:13:04.147: 172 avg_steps: 471.9
2024-05-03 20:13:04.147: 172 epsilon: 0.1
2024-05-03 20:33:15.717: 173 test start:
2024-05-03 20:33:27.386: 173 avg_reward: 1105.0
2024-05-03 20:33:27.386: 173 avg_steps: 416.4
2024-05-03 20:33:27.386: 173 epsilon: 0.1
2024-05-03 20:53:10.419: 174 test start:
2024-05-03 20:53:22.613: 174 avg_reward: 1142.5
2024-05-03 20:53:22.613: 174 avg_steps: 426.4
2024-05-03 20:53:22.613: 174 epsilon: 0.1
2024-05-03 21:13:01.288: 175 test start:
2024-05-03 21:13:17.898: 175 avg_reward: 1720.0
2024-05-03 21:13:17.898: 175 avg_steps: 580.95
2024-05-03 21:13:17.898: 175 epsilon: 0.1
2024-05-03 21:33:40.402: 176 test start:
2024-05-03 21:33:51.523: 176 avg_reward: 970.0
2024-05-03 21:33:51.524: 176 avg_steps: 382.55
2024-05-03 21:33:51.524: 176 epsilon: 0.1
2024-05-03 21:54:32.242: 177 test start:
2024-05-03 21:54:47.599: 177 avg_reward: 1390.0
2024-05-03 21:54:47.600: 177 avg_steps: 496.85
2024-05-03 21:54:47.600: 177 epsilon: 0.1
2024-05-03 22:16:10.107: 178 test start:
2024-05-03 22:16:24.734: 178 avg_reward: 1325.0
2024-05-03 22:16:24.734: 178 avg_steps: 471.75
2024-05-03 22:16:24.734: 178 epsilon: 0.1
2024-05-03 22:37:51.597: 179 test start:
2024-05-03 22:38:08.082: 179 avg_reward: 1565.0
2024-05-03 22:38:08.082: 179 avg_steps: 546.95
2024-05-03 22:38:08.082: 179 epsilon: 0.1
2024-05-03 22:58:59.163: 180 test start:
2024-05-03 22:59:12.051: 180 avg_reward: 1175.0
2024-05-03 22:59:12.052: 180 avg_steps: 429.05
2024-05-03 22:59:12.052: 180 epsilon: 0.1
2024-05-03 23:20:55.261: 181 test start:
2024-05-03 23:21:11.709: 181 avg_reward: 1400.0
2024-05-03 23:21:11.709: 181 avg_steps: 503.15
2024-05-03 23:21:11.709: 181 epsilon: 0.1
2024-05-03 23:41:44.760: 182 test start:
2024-05-03 23:41:58.406: 182 avg_reward: 1315.0
2024-05-03 23:41:58.406: 182 avg_steps: 469.0
2024-05-03 23:41:58.406: 182 epsilon: 0.1
2024-05-04 00:03:13.440: 183 test start:
2024-05-04 00:03:26.945: 183 avg_reward: 1265.0
2024-05-04 00:03:26.945: 183 avg_steps: 474.55
2024-05-04 00:03:26.945: 183 epsilon: 0.1
2024-05-04 00:23:57.186: 184 test start:
2024-05-04 00:24:10.274: 184 avg_reward: 1245.0
2024-05-04 00:24:10.274: 184 avg_steps: 456.3
2024-05-04 00:24:10.274: 184 epsilon: 0.1
2024-05-04 00:45:03.407: 185 test start:
2024-05-04 00:45:15.222: 185 avg_reward: 1122.5
2024-05-04 00:45:15.222: 185 avg_steps: 412.45
2024-05-04 00:45:15.222: 185 epsilon: 0.1
2024-05-04 01:06:26.166: 186 test start:
2024-05-04 01:06:40.213: 186 avg_reward: 1315.0
2024-05-04 01:06:40.214: 186 avg_steps: 475.1
2024-05-04 01:06:40.214: 186 epsilon: 0.1
2024-05-04 01:27:45.574: 187 test start:
2024-05-04 01:27:58.156: 187 avg_reward: 1132.5
2024-05-04 01:27:58.156: 187 avg_steps: 413.35
2024-05-04 01:27:58.156: 187 epsilon: 0.1
2024-05-04 01:48:45.678: 188 test start:
2024-05-04 01:49:00.325: 188 avg_reward: 1450.0
2024-05-04 01:49:00.326: 188 avg_steps: 496.6
2024-05-04 01:49:00.326: 188 epsilon: 0.1
2024-05-04 02:09:44.768: 189 test start:
2024-05-04 02:10:00.004: 189 avg_reward: 1470.0
2024-05-04 02:10:00.004: 189 avg_steps: 508.65
2024-05-04 02:10:00.004: 189 epsilon: 0.1
2024-05-04 02:30:44.953: 190 test start:
2024-05-04 02:30:57.922: 190 avg_reward: 1262.5
2024-05-04 02:30:57.923: 190 avg_steps: 463.3
2024-05-04 02:30:57.923: 190 epsilon: 0.1
2024-05-04 02:51:54.135: 191 test start:
2024-05-04 02:52:06.792: 191 avg_reward: 1155.0
2024-05-04 02:52:06.793: 191 avg_steps: 433.7
2024-05-04 02:52:06.793: 191 epsilon: 0.1
2024-05-04 03:13:00.747: 192 test start:
2024-05-04 03:13:15.339: 192 avg_reward: 1342.5
2024-05-04 03:13:15.339: 192 avg_steps: 481.6
2024-05-04 03:13:15.339: 192 epsilon: 0.1
2024-05-04 03:34:59.981: 193 test start:
2024-05-04 03:35:11.875: 193 avg_reward: 992.5
2024-05-04 03:35:11.876: 193 avg_steps: 390.2
2024-05-04 03:35:11.876: 193 epsilon: 0.1
2024-05-04 03:56:34.935: 194 test start:
2024-05-04 03:56:47.455: 194 avg_reward: 1105.0
2024-05-04 03:56:47.455: 194 avg_steps: 421.2
2024-05-04 03:56:47.455: 194 epsilon: 0.1
2024-05-04 04:18:34.423: 195 test start:
2024-05-04 04:18:45.968: 195 avg_reward: 972.5
2024-05-04 04:18:45.968: 195 avg_steps: 366.35
2024-05-04 04:18:45.968: 195 epsilon: 0.1
2024-05-04 04:40:25.142: 196 test start:
2024-05-04 04:40:35.317: 196 avg_reward: 765.0
2024-05-04 04:40:35.317: 196 avg_steps: 326.95
2024-05-04 04:40:35.317: 196 epsilon: 0.1
2024-05-04 05:00:54.750: 197 test start:
2024-05-04 05:01:04.531: 197 avg_reward: 872.5
2024-05-04 05:01:04.531: 197 avg_steps: 352.4
2024-05-04 05:01:04.531: 197 epsilon: 0.1
2024-05-04 05:20:39.330: 198 test start:
2024-05-04 05:20:49.582: 198 avg_reward: 945.0
2024-05-04 05:20:49.583: 198 avg_steps: 367.15
2024-05-04 05:20:49.583: 198 epsilon: 0.1
2024-05-04 05:40:01.283: 199 test start:
2024-05-04 05:40:14.071: 199 avg_reward: 1207.5
2024-05-04 05:40:14.071: 199 avg_steps: 451.4
2024-05-04 05:40:14.071: 199 epsilon: 0.1
2024-05-04 05:59:24.653: 200 test start:
2024-05-04 05:59:36.983: 200 avg_reward: 1220.0
2024-05-04 05:59:36.983: 200 avg_steps: 437.65
2024-05-04 05:59:36.983: 200 epsilon: 0.1
2024-05-04 06:18:58.355: 201 test start:
2024-05-04 06:19:06.456: 201 avg_reward: 670.0
2024-05-04 06:19:06.457: 201 avg_steps: 282.3
2024-05-04 06:19:06.457: 201 epsilon: 0.1
2024-05-04 06:38:25.884: 202 test start:
2024-05-04 06:38:38.457: 202 avg_reward: 1190.0
2024-05-04 06:38:38.458: 202 avg_steps: 434.45
2024-05-04 06:38:38.458: 202 epsilon: 0.1
2024-05-04 06:58:15.613: 203 test start:
2024-05-04 06:58:25.766: 203 avg_reward: 850.0
2024-05-04 06:58:25.766: 203 avg_steps: 347.35
2024-05-04 06:58:25.766: 203 epsilon: 0.1
2024-05-04 07:17:55.681: 204 test start:
2024-05-04 07:18:08.193: 204 avg_reward: 1235.0
2024-05-04 07:18:08.193: 204 avg_steps: 436.45
2024-05-04 07:18:08.193: 204 epsilon: 0.1
2024-05-04 07:38:17.789: 205 test start:
2024-05-04 07:38:33.165: 205 avg_reward: 1447.5
2024-05-04 07:38:33.165: 205 avg_steps: 515.7
2024-05-04 07:38:33.165: 205 epsilon: 0.1
2024-05-04 07:59:54.535: 206 test start:
2024-05-04 08:00:07.975: 206 avg_reward: 1205.0
2024-05-04 08:00:07.975: 206 avg_steps: 445.9
2024-05-04 08:00:07.975: 206 epsilon: 0.1
2024-05-04 08:21:16.904: 207 test start:
2024-05-04 08:21:27.166: 207 avg_reward: 867.5
2024-05-04 08:21:27.166: 207 avg_steps: 345.85
2024-05-04 08:21:27.166: 207 epsilon: 0.1
2024-05-04 08:42:49.397: 208 test start:
2024-05-04 08:43:04.111: 208 avg_reward: 1472.5
2024-05-04 08:43:04.111: 208 avg_steps: 504.5
2024-05-04 08:43:04.111: 208 epsilon: 0.1
2024-05-04 09:03:35.537: 209 test start:
2024-05-04 09:03:47.500: 209 avg_reward: 1122.5
2024-05-04 09:03:47.501: 209 avg_steps: 401.7
2024-05-04 09:03:47.501: 209 epsilon: 0.1
2024-05-04 09:25:13.079: 210 test start:
2024-05-04 09:25:25.761: 210 avg_reward: 1205.0
2024-05-04 09:25:25.761: 210 avg_steps: 432.45
2024-05-04 09:25:25.761: 210 epsilon: 0.1
2024-05-04 09:46:35.783: 211 test start:
2024-05-04 09:46:48.609: 211 avg_reward: 1180.0
2024-05-04 09:46:48.609: 211 avg_steps: 436.3
2024-05-04 09:46:48.609: 211 epsilon: 0.1
