2024-05-01 10:09:31.509: 
parameters:agent_saving_period: 80000
agent_test_episodes: 20
batch_num_per_epoch: 100000
device: cuda:0
env_name: ALE/Atlantis-v5
epsilon_for_test: 0.05
epsilon_max: 1.0
epsilon_min: 0.1
exploration_steps: 1000000
gamma: 0.99
input_frame_height: 84
input_frame_width: 84
learning_rate: 1.0e-05
log_path: ../exps/dqn/
mini_batch_size: 32
no_op: 30
phi_channel: 4
replay_buffer_size: 200000
replay_start_size: 10000
save_path: ./exps/
skip_k_frame: 4
step_c: 10000
training_steps: 50000000

2024-05-01 10:24:45.099: 1 test start:
2024-05-01 10:25:11.821: 1 avg_reward: 7635.0
2024-05-01 10:25:11.821: 1 avg_steps: 841.0
2024-05-01 10:25:11.821: 1 epsilon: 0.9205309
2024-05-01 10:44:57.830: 2 test start:
2024-05-01 10:45:31.860: 2 avg_reward: 10745.0
2024-05-01 10:45:31.861: 2 avg_steps: 1016.9
2024-05-01 10:45:31.861: 2 epsilon: 0.8315848
2024-05-01 11:06:38.286: 3 test start:
2024-05-01 11:07:02.475: 3 avg_reward: 5080.0
2024-05-01 11:07:02.476: 3 avg_steps: 723.7
2024-05-01 11:07:02.476: 3 epsilon: 0.7440427000000001
2024-05-01 11:28:37.399: 4 test start:
2024-05-01 11:28:58.304: 4 avg_reward: 5075.0
2024-05-01 11:28:58.305: 4 avg_steps: 655.5
2024-05-01 11:28:58.305: 4 epsilon: 0.6551992
2024-05-01 11:49:55.421: 5 test start:
2024-05-01 11:50:22.202: 5 avg_reward: 6035.0
2024-05-01 11:50:22.203: 5 avg_steps: 819.1
2024-05-01 11:50:22.203: 5 epsilon: 0.5677992999999999
2024-05-01 12:11:55.310: 6 test start:
2024-05-01 12:12:17.461: 6 avg_reward: 4740.0
2024-05-01 12:12:17.461: 6 avg_steps: 680.3
2024-05-01 12:12:17.461: 6 epsilon: 0.4800529
2024-05-01 12:32:23.721: 7 test start:
2024-05-01 12:32:46.203: 7 avg_reward: 5520.0
2024-05-01 12:32:46.203: 7 avg_steps: 758.5
2024-05-01 12:32:46.203: 7 epsilon: 0.3919897
2024-05-01 12:52:46.807: 8 test start:
2024-05-01 12:53:07.753: 8 avg_reward: 4870.0
2024-05-01 12:53:07.753: 8 avg_steps: 699.9
2024-05-01 12:53:07.753: 8 epsilon: 0.30382659999999995
2024-05-01 13:14:49.296: 9 test start:
2024-05-01 13:15:36.989: 9 avg_reward: 20620.0
2024-05-01 13:15:36.989: 9 avg_steps: 1478.8
2024-05-01 13:15:36.989: 9 epsilon: 0.21596229999999994
2024-05-01 13:38:18.914: 10 test start:
2024-05-01 13:38:43.656: 10 avg_reward: 6120.0
2024-05-01 13:38:43.657: 10 avg_steps: 754.3
2024-05-01 13:38:43.657: 10 epsilon: 0.12766239999999995
2024-05-01 14:00:51.347: 11 test start:
2024-05-01 14:01:40.070: 11 avg_reward: 21630.0
2024-05-01 14:01:40.070: 11 avg_steps: 1590.8
2024-05-01 14:01:40.070: 11 epsilon: 0.1
2024-05-01 14:23:53.617: 12 test start:
2024-05-01 14:24:43.551: 12 avg_reward: 20160.0
2024-05-01 14:24:43.551: 12 avg_steps: 1528.6
2024-05-01 14:24:43.551: 12 epsilon: 0.1
2024-05-01 14:48:21.108: 13 test start:
2024-05-01 14:48:54.708: 13 avg_reward: 12115.0
2024-05-01 14:48:54.709: 13 avg_steps: 1024.2
2024-05-01 14:48:54.709: 13 epsilon: 0.1
2024-05-01 15:11:50.655: 14 test start:
2024-05-01 15:12:35.743: 14 avg_reward: 19110.0
2024-05-01 15:12:35.743: 14 avg_steps: 1393.7
2024-05-01 15:12:35.744: 14 epsilon: 0.1
2024-05-01 15:35:48.031: 15 test start:
2024-05-01 15:36:40.507: 15 avg_reward: 26880.0
2024-05-01 15:36:40.508: 15 avg_steps: 1666.4
2024-05-01 15:36:40.508: 15 epsilon: 0.1
2024-05-01 15:59:25.029: 16 test start:
2024-05-01 16:00:13.729: 16 avg_reward: 24880.0
2024-05-01 16:00:13.730: 16 avg_steps: 1593.4
2024-05-01 16:00:13.730: 16 epsilon: 0.1
2024-05-01 16:22:16.014: 17 test start:
2024-05-01 16:22:48.175: 17 avg_reward: 12025.0
2024-05-01 16:22:48.176: 17 avg_steps: 996.0
2024-05-01 16:22:48.176: 17 epsilon: 0.1
2024-05-01 16:45:11.780: 18 test start:
2024-05-01 16:45:39.958: 18 avg_reward: 10435.0
2024-05-01 16:45:39.958: 18 avg_steps: 898.2
2024-05-01 16:45:39.959: 18 epsilon: 0.1
2024-05-01 17:06:23.548: 19 test start:
2024-05-01 17:07:01.184: 19 avg_reward: 15700.0
2024-05-01 17:07:01.185: 19 avg_steps: 1272.0
2024-05-01 17:07:01.185: 19 epsilon: 0.1
2024-05-01 17:27:29.623: 20 test start:
2024-05-01 17:27:59.445: 20 avg_reward: 11765.0
2024-05-01 17:27:59.445: 20 avg_steps: 1043.8
2024-05-01 17:27:59.445: 20 epsilon: 0.1
2024-05-01 17:49:46.985: 21 test start:
2024-05-01 17:50:31.536: 21 avg_reward: 20110.0
2024-05-01 17:50:31.537: 21 avg_steps: 1393.4
2024-05-01 17:50:31.537: 21 epsilon: 0.1
2024-05-01 18:12:59.755: 22 test start:
2024-05-01 18:13:52.485: 22 avg_reward: 24140.0
2024-05-01 18:13:52.485: 22 avg_steps: 1653.4
2024-05-01 18:13:52.485: 22 epsilon: 0.1
2024-05-01 18:36:31.532: 23 test start:
2024-05-01 18:37:34.656: 23 avg_reward: 34785.0
2024-05-01 18:37:34.657: 23 avg_steps: 2033.5
2024-05-01 18:37:34.657: 23 epsilon: 0.1
2024-05-01 19:00:14.217: 24 test start:
2024-05-01 19:01:00.669: 24 avg_reward: 18555.0
2024-05-01 19:01:00.670: 24 avg_steps: 1445.3
2024-05-01 19:01:00.670: 24 epsilon: 0.1
2024-05-01 19:23:21.094: 25 test start:
2024-05-01 19:24:30.448: 25 avg_reward: 34490.0
2024-05-01 19:24:30.448: 25 avg_steps: 2182.8
2024-05-01 19:24:30.448: 25 epsilon: 0.1
2024-05-01 19:47:12.078: 26 test start:
2024-05-01 19:48:21.404: 26 avg_reward: 35555.0
2024-05-01 19:48:21.405: 26 avg_steps: 2137.5
2024-05-01 19:48:21.405: 26 epsilon: 0.1
2024-05-01 20:10:42.465: 27 test start:
2024-05-01 20:11:31.402: 27 avg_reward: 21925.0
2024-05-01 20:11:31.403: 27 avg_steps: 1589.2
2024-05-01 20:11:31.403: 27 epsilon: 0.1
2024-05-01 20:34:18.111: 28 test start:
2024-05-01 20:35:26.479: 28 avg_reward: 34095.0
2024-05-01 20:35:26.479: 28 avg_steps: 2159.4
2024-05-01 20:35:26.480: 28 epsilon: 0.1
2024-05-01 20:56:59.446: 29 test start:
2024-05-01 20:58:05.074: 29 avg_reward: 33735.0
2024-05-01 20:58:05.075: 29 avg_steps: 2091.2
2024-05-01 20:58:05.075: 29 epsilon: 0.1
2024-05-01 21:20:46.223: 30 test start:
2024-05-01 21:22:10.952: 30 avg_reward: 46950.0
2024-05-01 21:22:10.953: 30 avg_steps: 2594.2
2024-05-01 21:22:10.953: 30 epsilon: 0.1
2024-05-01 21:44:44.269: 31 test start:
2024-05-01 21:45:23.526: 31 avg_reward: 12475.0
2024-05-01 21:45:23.527: 31 avg_steps: 1189.9
2024-05-01 21:45:23.527: 31 epsilon: 0.1
2024-05-01 22:07:58.319: 32 test start:
2024-05-01 22:09:11.367: 32 avg_reward: 34135.0
2024-05-01 22:09:11.367: 32 avg_steps: 2256.8
2024-05-01 22:09:11.367: 32 epsilon: 0.1
2024-05-01 22:31:42.713: 33 test start:
2024-05-01 22:32:49.049: 33 avg_reward: 30375.0
2024-05-01 22:32:49.049: 33 avg_steps: 2045.6
2024-05-01 22:32:49.049: 33 epsilon: 0.1
2024-05-01 22:54:54.586: 34 test start:
2024-05-01 22:55:36.348: 34 avg_reward: 15665.0
2024-05-01 22:55:36.349: 34 avg_steps: 1278.6
2024-05-01 22:55:36.349: 34 epsilon: 0.1
2024-05-01 23:17:49.983: 35 test start:
2024-05-01 23:18:56.677: 35 avg_reward: 32320.0
2024-05-01 23:18:56.677: 35 avg_steps: 2101.0
2024-05-01 23:18:56.678: 35 epsilon: 0.1
2024-05-01 23:41:42.304: 36 test start:
2024-05-01 23:42:39.753: 36 avg_reward: 24125.0
2024-05-01 23:42:39.754: 36 avg_steps: 1785.7
2024-05-01 23:42:39.754: 36 epsilon: 0.1
2024-05-02 00:04:47.194: 37 test start:
2024-05-02 00:06:13.107: 37 avg_reward: 50055.0
2024-05-02 00:06:13.108: 37 avg_steps: 2681.2
2024-05-02 00:06:13.108: 37 epsilon: 0.1
2024-05-02 00:28:47.796: 38 test start:
2024-05-02 00:30:08.577: 38 avg_reward: 47310.0
2024-05-02 00:30:08.578: 38 avg_steps: 2514.1
2024-05-02 00:30:08.578: 38 epsilon: 0.1
2024-05-02 00:52:23.208: 39 test start:
2024-05-02 00:53:33.958: 39 avg_reward: 35725.0
2024-05-02 00:53:33.959: 39 avg_steps: 2204.3
2024-05-02 00:53:33.959: 39 epsilon: 0.1
2024-05-02 01:15:53.146: 40 test start:
2024-05-02 01:16:59.803: 40 avg_reward: 33025.0
2024-05-02 01:16:59.803: 40 avg_steps: 2111.3
2024-05-02 01:16:59.803: 40 epsilon: 0.1
2024-05-02 01:39:09.107: 41 test start:
2024-05-02 01:40:17.525: 41 avg_reward: 33190.0
2024-05-02 01:40:17.525: 41 avg_steps: 2185.4
2024-05-02 01:40:17.525: 41 epsilon: 0.1
2024-05-02 02:03:21.274: 42 test start:
2024-05-02 02:04:16.676: 42 avg_reward: 30015.0
2024-05-02 02:04:16.677: 42 avg_steps: 1847.3
2024-05-02 02:04:16.677: 42 epsilon: 0.1
2024-05-02 02:26:13.697: 43 test start:
2024-05-02 02:27:44.169: 43 avg_reward: 52705.0
2024-05-02 02:27:44.169: 43 avg_steps: 2893.5
2024-05-02 02:27:44.169: 43 epsilon: 0.1
2024-05-02 02:50:17.547: 44 test start:
2024-05-02 02:51:50.296: 44 avg_reward: 52010.0
2024-05-02 02:51:50.297: 44 avg_steps: 2848.4
2024-05-02 02:51:50.297: 44 epsilon: 0.1
2024-05-02 03:14:17.419: 45 test start:
2024-05-02 03:16:20.765: 45 avg_reward: 84485.0
2024-05-02 03:16:20.765: 45 avg_steps: 3801.4
2024-05-02 03:16:20.765: 45 epsilon: 0.1
2024-05-02 03:39:32.387: 46 test start:
2024-05-02 03:40:44.232: 46 avg_reward: 36265.0
2024-05-02 03:40:44.232: 46 avg_steps: 2223.1
2024-05-02 03:40:44.232: 46 epsilon: 0.1
2024-05-02 04:02:23.325: 47 test start:
2024-05-02 04:04:06.656: 47 avg_reward: 67815.0
2024-05-02 04:04:06.657: 47 avg_steps: 3343.0
2024-05-02 04:04:06.657: 47 epsilon: 0.1
2024-05-02 04:26:55.033: 48 test start:
2024-05-02 04:27:57.867: 48 avg_reward: 30520.0
2024-05-02 04:27:57.868: 48 avg_steps: 1991.6
2024-05-02 04:27:57.868: 48 epsilon: 0.1
2024-05-02 04:50:27.513: 49 test start:
2024-05-02 04:51:46.900: 49 avg_reward: 43055.0
2024-05-02 04:51:46.901: 49 avg_steps: 2454.2
2024-05-02 04:51:46.901: 49 epsilon: 0.1
2024-05-02 05:14:43.143: 50 test start:
2024-05-02 05:16:31.002: 50 avg_reward: 76585.0
2024-05-02 05:16:31.002: 50 avg_steps: 3456.4
2024-05-02 05:16:31.002: 50 epsilon: 0.1
2024-05-02 05:38:34.273: 51 test start:
2024-05-02 05:40:18.261: 51 avg_reward: 69760.0
2024-05-02 05:40:18.262: 51 avg_steps: 3256.8
2024-05-02 05:40:18.262: 51 epsilon: 0.1
2024-05-02 06:03:06.353: 52 test start:
2024-05-02 06:05:00.483: 52 avg_reward: 79715.0
2024-05-02 06:05:00.483: 52 avg_steps: 3571.8
2024-05-02 06:05:00.483: 52 epsilon: 0.1
2024-05-02 06:27:01.461: 53 test start:
2024-05-02 06:28:50.850: 53 avg_reward: 72680.0
2024-05-02 06:28:50.851: 53 avg_steps: 3430.8
2024-05-02 06:28:50.851: 53 epsilon: 0.1
2024-05-02 06:51:34.796: 54 test start:
2024-05-02 06:53:25.657: 54 avg_reward: 74900.0
2024-05-02 06:53:25.657: 54 avg_steps: 3466.7
2024-05-02 06:53:25.657: 54 epsilon: 0.1
2024-05-02 07:15:55.496: 55 test start:
2024-05-02 07:18:02.958: 55 avg_reward: 87965.0
2024-05-02 07:18:02.958: 55 avg_steps: 4081.0
2024-05-02 07:18:02.958: 55 epsilon: 0.1
2024-05-02 07:41:26.677: 56 test start:
2024-05-02 07:43:40.367: 56 avg_reward: 95170.0
2024-05-02 07:43:40.368: 56 avg_steps: 4232.8
2024-05-02 07:43:40.368: 56 epsilon: 0.1
2024-05-02 08:06:07.922: 57 test start:
2024-05-02 08:08:43.738: 57 avg_reward: 120105.0
2024-05-02 08:08:43.739: 57 avg_steps: 4943.3
2024-05-02 08:08:43.739: 57 epsilon: 0.1
2024-05-02 08:31:28.231: 58 test start:
2024-05-02 08:33:59.402: 58 avg_reward: 116800.0
2024-05-02 08:33:59.402: 58 avg_steps: 5248.2
2024-05-02 08:33:59.402: 58 epsilon: 0.1
2024-05-02 08:55:23.576: 59 test start:
2024-05-02 08:57:51.552: 59 avg_reward: 101435.0
2024-05-02 08:57:51.553: 59 avg_steps: 4620.3
2024-05-02 08:57:51.553: 59 epsilon: 0.1
2024-05-02 09:20:08.466: 60 test start:
2024-05-02 09:22:26.069: 60 avg_reward: 87225.0
2024-05-02 09:22:26.070: 60 avg_steps: 4255.7
2024-05-02 09:22:26.070: 60 epsilon: 0.1
2024-05-02 09:45:20.147: 61 test start:
2024-05-02 09:48:11.292: 61 avg_reward: 120585.0
2024-05-02 09:48:11.292: 61 avg_steps: 5246.8
2024-05-02 09:48:11.292: 61 epsilon: 0.1
2024-05-02 10:11:01.185: 62 test start:
2024-05-02 10:15:37.667: 62 avg_reward: 210255.0
2024-05-02 10:15:37.667: 62 avg_steps: 8492.9
2024-05-02 10:15:37.668: 62 epsilon: 0.1
2024-05-02 10:37:57.722: 63 test start:
2024-05-02 10:42:16.695: 63 avg_reward: 192870.0
2024-05-02 10:42:16.695: 63 avg_steps: 7863.6
2024-05-02 10:42:16.695: 63 epsilon: 0.1
2024-05-02 11:05:50.779: 64 test start:
2024-05-02 11:08:23.915: 64 avg_reward: 105355.0
2024-05-02 11:08:23.916: 64 avg_steps: 4765.2
2024-05-02 11:08:23.916: 64 epsilon: 0.1
2024-05-02 11:30:58.216: 65 test start:
2024-05-02 11:32:59.263: 65 avg_reward: 72910.0
2024-05-02 11:32:59.263: 65 avg_steps: 3818.8
2024-05-02 11:32:59.264: 65 epsilon: 0.1
2024-05-02 11:56:21.372: 66 test start:
2024-05-02 12:06:57.120: 66 avg_reward: 507595.0
2024-05-02 12:06:57.121: 66 avg_steps: 19183.0
2024-05-02 12:06:57.121: 66 epsilon: 0.1
2024-05-02 12:32:05.465: 67 test start:
2024-05-02 12:45:42.037: 67 avg_reward: 651945.0
2024-05-02 12:45:42.038: 67 avg_steps: 24454.45
2024-05-02 12:45:42.038: 67 epsilon: 0.1
2024-05-02 13:08:14.074: 68 test start:
2024-05-02 13:22:13.614: 68 avg_reward: 726780.0
2024-05-02 13:22:13.615: 68 avg_steps: 25700.25
2024-05-02 13:22:13.615: 68 epsilon: 0.1
2024-05-02 13:48:21.956: 69 test start:
2024-05-02 14:02:19.571: 69 avg_reward: 812695.0
2024-05-02 14:02:19.572: 69 avg_steps: 27000.0
2024-05-02 14:02:19.572: 69 epsilon: 0.1
2024-05-02 14:19:17.523: 70 test start:
2024-05-02 14:30:38.685: 70 avg_reward: 637260.0
2024-05-02 14:30:38.686: 70 avg_steps: 22527.7
2024-05-02 14:30:38.686: 70 epsilon: 0.1
2024-05-02 14:53:48.511: 71 test start:
2024-05-02 15:08:35.026: 71 avg_reward: 778695.0
2024-05-02 15:08:35.026: 71 avg_steps: 27000.0
2024-05-02 15:08:35.026: 71 epsilon: 0.1
2024-05-02 15:33:19.046: 72 test start:
2024-05-02 15:48:03.553: 72 avg_reward: 770435.0
2024-05-02 15:48:03.553: 72 avg_steps: 27000.0
2024-05-02 15:48:03.553: 72 epsilon: 0.1
2024-05-02 16:06:52.020: 73 test start:
2024-05-02 16:21:20.537: 73 avg_reward: 769350.0
2024-05-02 16:21:20.538: 73 avg_steps: 27000.0
2024-05-02 16:21:20.538: 73 epsilon: 0.1
2024-05-02 16:45:19.542: 74 test start:
2024-05-02 16:58:08.169: 74 avg_reward: 787150.0
2024-05-02 16:58:08.170: 74 avg_steps: 25828.95
2024-05-02 16:58:08.170: 74 epsilon: 0.1
2024-05-02 17:20:54.595: 75 test start:
2024-05-02 17:34:23.243: 75 avg_reward: 768855.0
2024-05-02 17:34:23.243: 75 avg_steps: 25897.95
2024-05-02 17:34:23.243: 75 epsilon: 0.1
2024-05-02 17:52:04.052: 76 test start:
2024-05-02 18:06:14.142: 76 avg_reward: 819980.0
2024-05-02 18:06:14.142: 76 avg_steps: 27000.0
2024-05-02 18:06:14.142: 76 epsilon: 0.1
2024-05-02 18:31:13.385: 77 test start:
2024-05-02 18:43:46.993: 77 avg_reward: 736330.0
2024-05-02 18:43:46.993: 77 avg_steps: 24448.2
2024-05-02 18:43:46.993: 77 epsilon: 0.1
2024-05-02 19:06:55.780: 78 test start:
2024-05-02 19:20:38.087: 78 avg_reward: 838880.0
2024-05-02 19:20:38.087: 78 avg_steps: 27000.0
2024-05-02 19:20:38.087: 78 epsilon: 0.1
2024-05-02 19:37:49.156: 79 test start:
2024-05-02 19:52:20.489: 79 avg_reward: 838995.0
2024-05-02 19:52:20.489: 79 avg_steps: 27000.0
2024-05-02 19:52:20.489: 79 epsilon: 0.1
2024-05-02 20:15:39.193: 80 test start:
2024-05-02 20:28:39.455: 80 avg_reward: 749405.0
2024-05-02 20:28:39.455: 80 avg_steps: 24579.1
2024-05-02 20:28:39.455: 80 epsilon: 0.1
2024-05-02 20:51:47.664: 81 test start:
2024-05-02 21:05:57.828: 81 avg_reward: 806210.0
2024-05-02 21:05:57.828: 81 avg_steps: 27000.0
2024-05-02 21:05:57.828: 81 epsilon: 0.1
2024-05-02 21:29:05.780: 82 test start:
2024-05-02 21:42:13.431: 82 avg_reward: 766350.0
2024-05-02 21:42:13.432: 82 avg_steps: 25754.65
2024-05-02 21:42:13.432: 82 epsilon: 0.1
2024-05-02 21:59:31.290: 83 test start:
2024-05-02 22:13:01.149: 83 avg_reward: 790660.0
2024-05-02 22:13:01.149: 83 avg_steps: 27000.0
2024-05-02 22:13:01.149: 83 epsilon: 0.1
2024-05-02 22:35:09.304: 84 test start:
2024-05-02 22:48:42.435: 84 avg_reward: 796185.0
2024-05-02 22:48:42.435: 84 avg_steps: 27000.0
2024-05-02 22:48:42.435: 84 epsilon: 0.1
2024-05-02 23:10:24.239: 85 test start:
2024-05-02 23:23:45.159: 85 avg_reward: 831520.0
2024-05-02 23:23:45.160: 85 avg_steps: 27000.0
2024-05-02 23:23:45.160: 85 epsilon: 0.1
2024-05-02 23:40:04.418: 86 test start:
2024-05-02 23:53:57.261: 86 avg_reward: 810485.0
2024-05-02 23:53:57.261: 86 avg_steps: 27000.0
2024-05-02 23:53:57.261: 86 epsilon: 0.1
2024-05-03 00:16:11.367: 87 test start:
2024-05-03 00:30:14.118: 87 avg_reward: 817730.0
2024-05-03 00:30:14.118: 87 avg_steps: 27000.0
2024-05-03 00:30:14.118: 87 epsilon: 0.1
2024-05-03 00:49:54.405: 88 test start:
2024-05-03 01:05:17.403: 88 avg_reward: 819220.0
2024-05-03 01:05:17.403: 88 avg_steps: 27000.0
2024-05-03 01:05:17.403: 88 epsilon: 0.1
2024-05-03 01:30:00.757: 89 test start:
2024-05-03 01:45:14.202: 89 avg_reward: 785340.0
2024-05-03 01:45:14.202: 89 avg_steps: 27000.0
2024-05-03 01:45:14.202: 89 epsilon: 0.1
2024-05-03 02:08:24.345: 90 test start:
2024-05-03 02:22:12.854: 90 avg_reward: 806950.0
2024-05-03 02:22:12.854: 90 avg_steps: 27000.0
2024-05-03 02:22:12.854: 90 epsilon: 0.1
2024-05-03 02:45:03.079: 91 test start:
2024-05-03 02:59:23.823: 91 avg_reward: 818180.0
2024-05-03 02:59:23.823: 91 avg_steps: 27000.0
2024-05-03 02:59:23.823: 91 epsilon: 0.1
2024-05-03 03:15:41.075: 92 test start:
2024-05-03 03:29:04.130: 92 avg_reward: 847725.0
2024-05-03 03:29:04.130: 92 avg_steps: 27000.0
2024-05-03 03:29:04.131: 92 epsilon: 0.1
2024-05-03 03:50:54.961: 93 test start:
2024-05-03 04:04:35.279: 93 avg_reward: 848910.0
2024-05-03 04:04:35.279: 93 avg_steps: 27000.0
2024-05-03 04:04:35.279: 93 epsilon: 0.1
2024-05-03 04:28:18.699: 94 test start:
2024-05-03 04:43:21.987: 94 avg_reward: 830080.0
2024-05-03 04:43:21.987: 94 avg_steps: 27000.0
2024-05-03 04:43:21.987: 94 epsilon: 0.1
2024-05-03 04:59:42.814: 95 test start:
2024-05-03 05:13:07.319: 95 avg_reward: 813410.0
2024-05-03 05:13:07.319: 95 avg_steps: 27000.0
2024-05-03 05:13:07.319: 95 epsilon: 0.1
2024-05-03 05:34:47.925: 96 test start:
2024-05-03 05:46:18.936: 96 avg_reward: 720380.0
2024-05-03 05:46:18.936: 96 avg_steps: 23197.65
2024-05-03 05:46:18.936: 96 epsilon: 0.1
2024-05-03 06:07:58.684: 97 test start:
2024-05-03 06:21:22.109: 97 avg_reward: 842015.0
2024-05-03 06:21:22.109: 97 avg_steps: 27000.0
2024-05-03 06:21:22.109: 97 epsilon: 0.1
2024-05-03 06:37:26.697: 98 test start:
2024-05-03 06:50:56.523: 98 avg_reward: 715785.0
2024-05-03 06:50:56.524: 98 avg_steps: 27000.0
2024-05-03 06:50:56.524: 98 epsilon: 0.1
2024-05-03 07:12:31.422: 99 test start:
2024-05-03 07:25:46.846: 99 avg_reward: 724440.0
2024-05-03 07:25:46.846: 99 avg_steps: 27000.0
2024-05-03 07:25:46.846: 99 epsilon: 0.1
2024-05-03 07:47:55.879: 100 test start:
2024-05-03 08:02:21.275: 100 avg_reward: 758785.0
2024-05-03 08:02:21.276: 100 avg_steps: 27000.0
2024-05-03 08:02:21.276: 100 epsilon: 0.1
2024-05-03 08:19:36.342: 101 test start:
2024-05-03 08:34:31.017: 101 avg_reward: 815775.0
2024-05-03 08:34:31.017: 101 avg_steps: 27000.0
2024-05-03 08:34:31.017: 101 epsilon: 0.1
2024-05-03 08:58:30.018: 102 test start:
2024-05-03 09:13:06.968: 102 avg_reward: 715305.0
2024-05-03 09:13:06.969: 102 avg_steps: 27000.0
2024-05-03 09:13:06.969: 102 epsilon: 0.1
2024-05-03 09:36:32.471: 103 test start:
2024-05-03 09:52:45.990: 103 avg_reward: 812805.0
2024-05-03 09:52:45.990: 103 avg_steps: 27000.0
2024-05-03 09:52:45.990: 103 epsilon: 0.1
2024-05-03 10:16:31.321: 104 test start:
2024-05-03 10:31:19.271: 104 avg_reward: 794520.0
2024-05-03 10:31:19.271: 104 avg_steps: 27000.0
2024-05-03 10:31:19.271: 104 epsilon: 0.1
2024-05-03 10:48:22.372: 105 test start:
2024-05-03 11:02:43.156: 105 avg_reward: 772155.0
2024-05-03 11:02:43.157: 105 avg_steps: 27000.0
2024-05-03 11:02:43.157: 105 epsilon: 0.1
2024-05-03 11:30:06.143: 106 test start:
2024-05-03 11:46:19.727: 106 avg_reward: 734940.0
2024-05-03 11:46:19.728: 106 avg_steps: 24481.6
2024-05-03 11:46:19.728: 106 epsilon: 0.1
2024-05-03 12:10:52.526: 107 test start:
2024-05-03 12:25:45.799: 107 avg_reward: 788725.0
2024-05-03 12:25:45.800: 107 avg_steps: 27000.0
2024-05-03 12:25:45.800: 107 epsilon: 0.1
2024-05-03 12:43:31.327: 108 test start:
2024-05-03 12:57:41.436: 108 avg_reward: 777895.0
2024-05-03 12:57:41.437: 108 avg_steps: 27000.0
2024-05-03 12:57:41.437: 108 epsilon: 0.1
2024-05-03 13:21:01.564: 109 test start:
2024-05-03 13:34:55.548: 109 avg_reward: 741890.0
2024-05-03 13:34:55.548: 109 avg_steps: 27000.0
2024-05-03 13:34:55.548: 109 epsilon: 0.1
2024-05-03 13:58:00.706: 110 test start:
2024-05-03 14:12:00.191: 110 avg_reward: 711735.0
2024-05-03 14:12:00.191: 110 avg_steps: 27000.0
2024-05-03 14:12:00.191: 110 epsilon: 0.1
2024-05-03 14:35:07.367: 111 test start:
2024-05-03 14:48:57.217: 111 avg_reward: 732585.0
2024-05-03 14:48:57.217: 111 avg_steps: 27000.0
2024-05-03 14:48:57.217: 111 epsilon: 0.1
2024-05-03 15:06:57.577: 112 test start:
2024-05-03 15:20:17.449: 112 avg_reward: 761695.0
2024-05-03 15:20:17.449: 112 avg_steps: 25704.85
2024-05-03 15:20:17.449: 112 epsilon: 0.1
2024-05-03 15:44:10.403: 113 test start:
2024-05-03 15:58:00.384: 113 avg_reward: 790350.0
2024-05-03 15:58:00.385: 113 avg_steps: 27000.0
2024-05-03 15:58:00.385: 113 epsilon: 0.1
2024-05-03 16:20:30.475: 114 test start:
2024-05-03 16:34:01.821: 114 avg_reward: 798220.0
2024-05-03 16:34:01.822: 114 avg_steps: 27000.0
2024-05-03 16:34:01.822: 114 epsilon: 0.1
2024-05-03 16:50:42.357: 115 test start:
2024-05-03 17:04:05.276: 115 avg_reward: 814675.0
2024-05-03 17:04:05.277: 115 avg_steps: 27000.0
2024-05-03 17:04:05.277: 115 epsilon: 0.1
2024-05-03 17:26:47.788: 116 test start:
2024-05-03 17:40:26.832: 116 avg_reward: 786790.0
2024-05-03 17:40:26.832: 116 avg_steps: 27000.0
2024-05-03 17:40:26.832: 116 epsilon: 0.1
2024-05-03 18:05:11.573: 117 test start:
2024-05-03 18:19:11.951: 117 avg_reward: 715755.0
2024-05-03 18:19:11.952: 117 avg_steps: 27000.0
2024-05-03 18:19:11.952: 117 epsilon: 0.1
2024-05-03 18:36:27.946: 118 test start:
2024-05-03 18:49:36.172: 118 avg_reward: 737240.0
2024-05-03 18:49:36.173: 118 avg_steps: 25713.65
2024-05-03 18:49:36.173: 118 epsilon: 0.1
2024-05-03 19:12:11.856: 119 test start:
2024-05-03 19:26:10.978: 119 avg_reward: 761315.0
2024-05-03 19:26:10.979: 119 avg_steps: 27000.0
2024-05-03 19:26:10.979: 119 epsilon: 0.1
2024-05-03 19:49:35.090: 120 test start:
2024-05-03 20:03:35.083: 120 avg_reward: 707955.0
2024-05-03 20:03:35.083: 120 avg_steps: 27000.0
2024-05-03 20:03:35.083: 120 epsilon: 0.1
2024-05-03 20:20:02.190: 121 test start:
2024-05-03 20:34:16.256: 121 avg_reward: 742675.0
2024-05-03 20:34:16.257: 121 avg_steps: 27000.0
2024-05-03 20:34:16.257: 121 epsilon: 0.1
2024-05-03 20:56:22.154: 122 test start:
2024-05-03 21:10:19.116: 122 avg_reward: 804705.0
2024-05-03 21:10:19.116: 122 avg_steps: 27000.0
2024-05-03 21:10:19.116: 122 epsilon: 0.1
2024-05-03 21:32:56.420: 123 test start:
2024-05-03 21:46:26.836: 123 avg_reward: 763055.0
2024-05-03 21:46:26.837: 123 avg_steps: 25737.95
2024-05-03 21:46:26.837: 123 epsilon: 0.1
2024-05-03 22:04:05.952: 124 test start:
2024-05-03 22:18:59.226: 124 avg_reward: 801525.0
2024-05-03 22:18:59.226: 124 avg_steps: 27000.0
2024-05-03 22:18:59.226: 124 epsilon: 0.1
2024-05-03 22:42:53.113: 125 test start:
2024-05-03 22:57:02.024: 125 avg_reward: 764065.0
2024-05-03 22:57:02.024: 125 avg_steps: 27000.0
2024-05-03 22:57:02.024: 125 epsilon: 0.1
2024-05-03 23:21:09.056: 126 test start:
2024-05-03 23:35:12.945: 126 avg_reward: 771880.0
2024-05-03 23:35:12.945: 126 avg_steps: 27000.0
2024-05-03 23:35:12.945: 126 epsilon: 0.1
2024-05-03 23:58:50.750: 127 test start:
2024-05-04 00:13:00.231: 127 avg_reward: 744200.0
2024-05-04 00:13:00.232: 127 avg_steps: 27000.0
2024-05-04 00:13:00.232: 127 epsilon: 0.1
2024-05-04 00:30:34.442: 128 test start:
2024-05-04 00:44:50.783: 128 avg_reward: 785345.0
2024-05-04 00:44:50.784: 128 avg_steps: 27000.0
2024-05-04 00:44:50.784: 128 epsilon: 0.1
2024-05-04 01:08:23.141: 129 test start:
2024-05-04 01:22:53.446: 129 avg_reward: 769850.0
2024-05-04 01:22:53.446: 129 avg_steps: 27000.0
2024-05-04 01:22:53.446: 129 epsilon: 0.1
2024-05-04 01:45:49.367: 130 test start:
2024-05-04 02:00:00.618: 130 avg_reward: 792835.0
2024-05-04 02:00:00.618: 130 avg_steps: 27000.0
2024-05-04 02:00:00.618: 130 epsilon: 0.1
2024-05-04 02:18:18.746: 131 test start:
2024-05-04 02:32:31.286: 131 avg_reward: 791910.0
2024-05-04 02:32:31.287: 131 avg_steps: 27000.0
2024-05-04 02:32:31.287: 131 epsilon: 0.1
2024-05-04 02:56:20.858: 132 test start:
2024-05-04 03:10:19.120: 132 avg_reward: 760785.0
2024-05-04 03:10:19.121: 132 avg_steps: 25763.75
2024-05-04 03:10:19.121: 132 epsilon: 0.1
2024-05-04 03:34:29.037: 133 test start:
2024-05-04 03:48:36.551: 133 avg_reward: 764485.0
2024-05-04 03:48:36.551: 133 avg_steps: 25768.75
2024-05-04 03:48:36.551: 133 epsilon: 0.1
2024-05-04 04:07:04.384: 134 test start:
2024-05-04 04:21:42.111: 134 avg_reward: 766980.0
2024-05-04 04:21:42.111: 134 avg_steps: 25778.35
2024-05-04 04:21:42.111: 134 epsilon: 0.1
2024-05-04 04:45:45.667: 135 test start:
2024-05-04 04:59:58.902: 135 avg_reward: 785515.0
2024-05-04 04:59:58.902: 135 avg_steps: 27000.0
2024-05-04 04:59:58.902: 135 epsilon: 0.1
2024-05-04 05:21:25.648: 136 test start:
2024-05-04 05:35:05.365: 136 avg_reward: 807775.0
2024-05-04 05:35:05.365: 136 avg_steps: 27000.0
2024-05-04 05:35:05.365: 136 epsilon: 0.1
2024-05-04 05:51:13.991: 137 test start:
2024-05-04 06:04:55.926: 137 avg_reward: 789085.0
2024-05-04 06:04:55.926: 137 avg_steps: 27000.0
2024-05-04 06:04:55.926: 137 epsilon: 0.1
2024-05-04 06:27:18.695: 138 test start:
2024-05-04 06:40:24.380: 138 avg_reward: 744590.0
2024-05-04 06:40:24.381: 138 avg_steps: 25727.65
2024-05-04 06:40:24.381: 138 epsilon: 0.1
2024-05-04 07:02:23.154: 139 test start:
2024-05-04 07:16:21.030: 139 avg_reward: 784165.0
2024-05-04 07:16:21.030: 139 avg_steps: 27000.0
2024-05-04 07:16:21.030: 139 epsilon: 0.1
2024-05-04 07:32:53.774: 140 test start:
2024-05-04 07:47:01.963: 140 avg_reward: 785420.0
2024-05-04 07:47:01.963: 140 avg_steps: 27000.0
2024-05-04 07:47:01.963: 140 epsilon: 0.1
2024-05-04 08:10:42.235: 141 test start:
2024-05-04 08:25:03.043: 141 avg_reward: 788790.0
2024-05-04 08:25:03.044: 141 avg_steps: 27000.0
2024-05-04 08:25:03.044: 141 epsilon: 0.1
2024-05-04 08:48:55.108: 142 test start:
2024-05-04 09:03:06.061: 142 avg_reward: 804330.0
2024-05-04 09:03:06.061: 142 avg_steps: 27000.0
2024-05-04 09:03:06.061: 142 epsilon: 0.1
2024-05-04 09:21:02.063: 143 test start:
2024-05-04 09:35:16.543: 143 avg_reward: 780155.0
2024-05-04 09:35:16.544: 143 avg_steps: 27000.0
2024-05-04 09:35:16.544: 143 epsilon: 0.1
2024-05-04 09:58:52.221: 144 test start:
2024-05-04 10:12:48.733: 144 avg_reward: 799195.0
2024-05-04 10:12:48.734: 144 avg_steps: 27000.0
2024-05-04 10:12:48.734: 144 epsilon: 0.1
2024-05-04 10:36:17.519: 145 test start:
2024-05-04 10:50:26.719: 145 avg_reward: 794435.0
2024-05-04 10:50:26.719: 145 avg_steps: 27000.0
2024-05-04 10:50:26.719: 145 epsilon: 0.1
2024-05-04 11:08:01.198: 146 test start:
2024-05-04 11:21:50.706: 146 avg_reward: 793515.0
2024-05-04 11:21:50.706: 146 avg_steps: 27000.0
2024-05-04 11:21:50.706: 146 epsilon: 0.1
2024-05-04 11:45:11.055: 147 test start:
2024-05-04 11:59:25.340: 147 avg_reward: 769370.0
2024-05-04 11:59:25.341: 147 avg_steps: 27000.0
2024-05-04 11:59:25.341: 147 epsilon: 0.1
2024-05-04 12:22:10.180: 148 test start:
2024-05-04 12:35:50.334: 148 avg_reward: 794710.0
2024-05-04 12:35:50.335: 148 avg_steps: 27000.0
2024-05-04 12:35:50.335: 148 epsilon: 0.1
2024-05-04 12:57:59.824: 149 test start:
2024-05-04 13:11:10.681: 149 avg_reward: 794890.0
2024-05-04 13:11:10.681: 149 avg_steps: 27000.0
2024-05-04 13:11:10.681: 149 epsilon: 0.1
2024-05-04 13:28:01.491: 150 test start:
2024-05-04 13:41:58.603: 150 avg_reward: 772480.0
2024-05-04 13:41:58.603: 150 avg_steps: 27000.0
2024-05-04 13:41:58.603: 150 epsilon: 0.1
2024-05-04 14:04:39.839: 151 test start:
2024-05-04 14:17:44.507: 151 avg_reward: 797770.0
2024-05-04 14:17:44.508: 151 avg_steps: 27000.0
2024-05-04 14:17:44.508: 151 epsilon: 0.1
2024-05-04 14:40:19.262: 152 test start:
2024-05-04 14:52:18.236: 152 avg_reward: 796200.0
2024-05-04 14:52:18.236: 152 avg_steps: 27000.0
2024-05-04 14:52:18.236: 152 epsilon: 0.1
2024-05-04 15:07:48.398: 153 test start:
2024-05-04 15:19:14.026: 153 avg_reward: 803560.0
2024-05-04 15:19:14.026: 153 avg_steps: 27000.0
2024-05-04 15:19:14.026: 153 epsilon: 0.1
2024-05-04 15:39:01.098: 154 test start:
2024-05-04 15:50:39.705: 154 avg_reward: 808570.0
2024-05-04 15:50:39.705: 154 avg_steps: 27000.0
2024-05-04 15:50:39.705: 154 epsilon: 0.1
2024-05-04 16:08:59.462: 155 test start:
2024-05-04 16:20:07.030: 155 avg_reward: 814060.0
2024-05-04 16:20:07.031: 155 avg_steps: 27000.0
2024-05-04 16:20:07.031: 155 epsilon: 0.1
2024-05-04 16:34:58.699: 156 test start:
2024-05-04 16:46:18.226: 156 avg_reward: 807780.0
2024-05-04 16:46:18.226: 156 avg_steps: 27000.0
2024-05-04 16:46:18.226: 156 epsilon: 0.1
2024-05-04 17:05:45.273: 157 test start:
2024-05-04 17:16:16.954: 157 avg_reward: 781185.0
2024-05-04 17:16:16.954: 157 avg_steps: 25744.55
2024-05-04 17:16:16.954: 157 epsilon: 0.1
2024-05-04 17:35:28.589: 158 test start:
2024-05-04 17:46:35.888: 158 avg_reward: 809960.0
2024-05-04 17:46:35.888: 158 avg_steps: 27000.0
2024-05-04 17:46:35.888: 158 epsilon: 0.1
2024-05-04 18:05:32.240: 159 test start:
2024-05-04 18:16:55.254: 159 avg_reward: 802545.0
2024-05-04 18:16:55.254: 159 avg_steps: 27000.0
2024-05-04 18:16:55.254: 159 epsilon: 0.1
2024-05-04 18:31:21.532: 160 test start:
2024-05-04 18:43:06.512: 160 avg_reward: 809395.0
2024-05-04 18:43:06.513: 160 avg_steps: 27000.0
2024-05-04 18:43:06.513: 160 epsilon: 0.1
2024-05-04 19:01:43.342: 161 test start:
2024-05-04 19:12:44.013: 161 avg_reward: 791350.0
2024-05-04 19:12:44.013: 161 avg_steps: 27000.0
2024-05-04 19:12:44.013: 161 epsilon: 0.1
2024-05-04 19:31:56.992: 162 test start:
2024-05-04 19:42:49.154: 162 avg_reward: 804675.0
2024-05-04 19:42:49.155: 162 avg_steps: 27000.0
2024-05-04 19:42:49.155: 162 epsilon: 0.1
2024-05-04 19:56:41.293: 163 test start:
2024-05-04 20:07:29.622: 163 avg_reward: 802655.0
2024-05-04 20:07:29.622: 163 avg_steps: 27000.0
2024-05-04 20:07:29.622: 163 epsilon: 0.1
2024-05-04 20:26:49.036: 164 test start:
2024-05-04 20:37:59.985: 164 avg_reward: 789700.0
2024-05-04 20:37:59.985: 164 avg_steps: 27000.0
2024-05-04 20:37:59.985: 164 epsilon: 0.1
2024-05-04 20:56:28.666: 165 test start:
2024-05-04 21:06:58.823: 165 avg_reward: 797050.0
2024-05-04 21:06:58.823: 165 avg_steps: 27000.0
2024-05-04 21:06:58.823: 165 epsilon: 0.1
2024-05-04 21:22:00.638: 166 test start:
2024-05-04 21:33:18.487: 166 avg_reward: 819915.0
2024-05-04 21:33:18.487: 166 avg_steps: 27000.0
2024-05-04 21:33:18.487: 166 epsilon: 0.1
2024-05-04 21:51:30.918: 167 test start:
2024-05-04 22:01:57.698: 167 avg_reward: 805930.0
2024-05-04 22:01:57.698: 167 avg_steps: 27000.0
2024-05-04 22:01:57.698: 167 epsilon: 0.1
2024-05-04 22:19:59.510: 168 test start:
2024-05-04 22:35:33.693: 168 avg_reward: 797840.0
2024-05-04 22:35:33.693: 168 avg_steps: 27000.0
2024-05-04 22:35:33.693: 168 epsilon: 0.1
2024-05-04 23:08:17.185: 169 test start:
2024-05-04 23:41:08.803: 169 avg_reward: 803290.0
2024-05-04 23:41:08.803: 169 avg_steps: 27000.0
2024-05-04 23:41:08.803: 169 epsilon: 0.1
2024-05-05 00:11:56.483: 170 test start:
2024-05-05 00:22:38.377: 170 avg_reward: 800585.0
2024-05-05 00:22:38.377: 170 avg_steps: 27000.0
2024-05-05 00:22:38.377: 170 epsilon: 0.1
2024-05-05 00:40:48.539: 171 test start:
2024-05-05 00:51:17.761: 171 avg_reward: 784765.0
2024-05-05 00:51:17.762: 171 avg_steps: 27000.0
2024-05-05 00:51:17.762: 171 epsilon: 0.1
2024-05-05 01:09:28.747: 172 test start:
2024-05-05 01:19:57.400: 172 avg_reward: 786035.0
2024-05-05 01:19:57.400: 172 avg_steps: 27000.0
2024-05-05 01:19:57.400: 172 epsilon: 0.1
2024-05-05 01:33:29.022: 173 test start:
2024-05-05 01:44:02.386: 173 avg_reward: 816575.0
2024-05-05 01:44:02.386: 173 avg_steps: 27000.0
2024-05-05 01:44:02.386: 173 epsilon: 0.1
2024-05-05 02:02:15.913: 174 test start:
2024-05-05 02:12:41.974: 174 avg_reward: 819360.0
2024-05-05 02:12:41.974: 174 avg_steps: 27000.0
2024-05-05 02:12:41.974: 174 epsilon: 0.1
2024-05-05 02:30:42.757: 175 test start:
2024-05-05 02:41:14.173: 175 avg_reward: 794625.0
2024-05-05 02:41:14.174: 175 avg_steps: 27000.0
2024-05-05 02:41:14.174: 175 epsilon: 0.1
2024-05-05 02:54:54.472: 176 test start:
2024-05-05 03:05:28.683: 176 avg_reward: 804990.0
2024-05-05 03:05:28.684: 176 avg_steps: 27000.0
2024-05-05 03:05:28.684: 176 epsilon: 0.1
2024-05-05 03:23:32.496: 177 test start:
2024-05-05 03:34:06.959: 177 avg_reward: 782860.0
2024-05-05 03:34:06.959: 177 avg_steps: 27000.0
2024-05-05 03:34:06.959: 177 epsilon: 0.1
2024-05-05 03:52:03.354: 178 test start:
2024-05-05 04:02:44.123: 178 avg_reward: 798395.0
2024-05-05 04:02:44.124: 178 avg_steps: 27000.0
2024-05-05 04:02:44.124: 178 epsilon: 0.1
2024-05-05 04:20:55.151: 179 test start:
2024-05-05 04:31:19.745: 179 avg_reward: 788410.0
2024-05-05 04:31:19.746: 179 avg_steps: 27000.0
2024-05-05 04:31:19.746: 179 epsilon: 0.1
2024-05-05 04:45:07.787: 180 test start:
2024-05-05 04:55:36.559: 180 avg_reward: 785325.0
2024-05-05 04:55:36.559: 180 avg_steps: 27000.0
2024-05-05 04:55:36.559: 180 epsilon: 0.1
2024-05-05 05:13:43.515: 181 test start:
