2024-10-16 06:16:01.807: 
parameters:agent_test_episodes: 20
batch_num_per_epoch: 250000
device: cuda:0
env_name: ALE/Seaquest-v5
epsilon_for_test: 0.05
epsilon_max: 1.0
epsilon_min: 0.1
exp_name: ALE-Seaquest-v5_2024-10-16-06-16-01
exp_path: ../exps/dqn/
exploration_steps: 1000000
gamma: 0.99
held_out_states_num: 1000
learning_rate: 0.00025
mini_batch_size: 32
model_update_freq: 4
n_times: 5
no_op_max: 30
phi_channel: 4
replay_buffer_size: 1000000
replay_start_size: 50000
save_model: true
screen_size: 84
seed: 0
skip_k_frame: 4
step_c: 10000
training_steps: 50000000

2024-10-16 06:16:01.871: env id: ALE/Seaquest-v5 |repeat_action_probability: 0 
2024-10-16 06:16:01.872: screen_size: 84 | grayscale_obs:True 
scale_obs:False | action space size: 18
remove flickering: True | frame skip: 4
state space shape: (210, 160, 3) 
2024-10-16 06:16:01.888: optimizer: RMSprop (
Parameter Group 0
    alpha: 0.95
    centered: False
    differentiable: False
    eps: 0.01
    foreach: None
    lr: 0.00025
    maximize: False
    momentum: 0
    weight_decay: 0
)
2024-10-16 06:25:23.240: 1 test start:
2024-10-16 06:25:39.746: 1 avg_reward: 163.0
2024-10-16 06:25:39.747: 1 avg_steps: 847.45
2024-10-16 06:25:39.747: 1 epsilon: 0.8190037
2024-10-16 06:25:39.747: 1 q: 0.1479831
2024-10-16 06:36:01.573: 2 test start:
2024-10-16 06:36:13.434: 2 avg_reward: 96.0
2024-10-16 06:36:13.435: 2 avg_steps: 605.65
2024-10-16 06:36:13.435: 2 epsilon: 0.5949675999999999
2024-10-16 06:36:13.435: 2 q: 0.27302334
2024-10-16 06:46:39.982: 3 test start:
2024-10-16 06:46:50.919: 3 avg_reward: 51.0
2024-10-16 06:46:50.919: 3 avg_steps: 558.35
2024-10-16 06:46:50.919: 3 epsilon: 0.3699414999999999
2024-10-16 06:46:50.919: 3 q: 0.42265087
2024-10-16 06:57:16.959: 4 test start:
2024-10-16 06:57:30.201: 4 avg_reward: -2.0
2024-10-16 06:57:30.201: 4 avg_steps: 682.85
2024-10-16 06:57:30.201: 4 epsilon: 0.1442952999999999
2024-10-16 06:57:30.201: 4 q: 0.7290781
2024-10-16 07:07:57.774: 5 test start:
2024-10-16 07:08:12.517: 5 avg_reward: 197.0
2024-10-16 07:08:12.517: 5 avg_steps: 745.85
2024-10-16 07:08:12.517: 5 epsilon: 0.1
2024-10-16 07:08:12.517: 5 q: 0.9423728
2024-10-16 07:18:41.710: 6 test start:
2024-10-16 07:18:53.610: 6 avg_reward: 101.0
2024-10-16 07:18:53.610: 6 avg_steps: 598.95
2024-10-16 07:18:53.610: 6 epsilon: 0.1
2024-10-16 07:18:53.610: 6 q: 1.2446324
2024-10-16 07:29:22.368: 7 test start:
2024-10-16 07:29:39.626: 7 avg_reward: 212.0
2024-10-16 07:29:39.626: 7 avg_steps: 875.45
2024-10-16 07:29:39.626: 7 epsilon: 0.1
2024-10-16 07:29:39.626: 7 q: 1.5602751
2024-10-16 07:40:08.869: 8 test start:
2024-10-16 07:40:29.988: 8 avg_reward: 233.0
2024-10-16 07:40:29.989: 8 avg_steps: 1064.5
2024-10-16 07:40:29.989: 8 epsilon: 0.1
2024-10-16 07:40:29.989: 8 q: 1.8315192
2024-10-16 07:50:58.857: 9 test start:
2024-10-16 07:51:20.820: 9 avg_reward: 356.0
2024-10-16 07:51:20.821: 9 avg_steps: 1110.65
2024-10-16 07:51:20.821: 9 epsilon: 0.1
2024-10-16 07:51:20.821: 9 q: 2.2184236
2024-10-16 08:01:49.033: 10 test start:
2024-10-16 08:02:15.078: 10 avg_reward: 407.0
2024-10-16 08:02:15.078: 10 avg_steps: 1319.55
2024-10-16 08:02:15.078: 10 epsilon: 0.1
2024-10-16 08:02:15.078: 10 q: 2.502929
2024-10-16 08:12:45.104: 11 test start:
2024-10-16 08:12:58.099: 11 avg_reward: 127.0
2024-10-16 08:12:58.099: 11 avg_steps: 653.05
2024-10-16 08:12:58.099: 11 epsilon: 0.1
2024-10-16 08:12:58.099: 11 q: 2.767928
2024-10-16 08:23:29.957: 12 test start:
2024-10-16 08:23:48.710: 12 avg_reward: 268.0
2024-10-16 08:23:48.710: 12 avg_steps: 972.45
2024-10-16 08:23:48.710: 12 epsilon: 0.1
2024-10-16 08:23:48.710: 12 q: 3.1866705
2024-10-16 08:34:24.276: 13 test start:
2024-10-16 08:34:34.328: 13 avg_reward: 66.0
2024-10-16 08:34:34.329: 13 avg_steps: 500.5
2024-10-16 08:34:34.329: 13 epsilon: 0.1
2024-10-16 08:34:34.329: 13 q: 3.5271142
2024-10-16 08:45:04.407: 14 test start:
2024-10-16 08:45:24.505: 14 avg_reward: 289.0
2024-10-16 08:45:24.505: 14 avg_steps: 1004.8
2024-10-16 08:45:24.505: 14 epsilon: 0.1
2024-10-16 08:45:24.505: 14 q: 3.9347918
2024-10-16 08:55:56.404: 15 test start:
2024-10-16 08:56:16.734: 15 avg_reward: 326.0
2024-10-16 08:56:16.734: 15 avg_steps: 1035.1
2024-10-16 08:56:16.734: 15 epsilon: 0.1
2024-10-16 08:56:16.734: 15 q: 4.0296984
2024-10-16 09:06:49.509: 16 test start:
2024-10-16 09:07:57.332: 16 avg_reward: 60.0
2024-10-16 09:07:57.332: 16 avg_steps: 3471.4
2024-10-16 09:07:57.332: 16 epsilon: 0.1
2024-10-16 09:07:57.332: 16 q: 4.4207644
2024-10-16 09:18:28.501: 17 test start:
2024-10-16 09:18:40.132: 17 avg_reward: 152.0
2024-10-16 09:18:40.133: 17 avg_steps: 585.7
2024-10-16 09:18:40.138: 17 epsilon: 0.1
2024-10-16 09:18:40.138: 17 q: 5.044523
2024-10-16 09:29:09.357: 18 test start:
2024-10-16 09:29:23.519: 18 avg_reward: 122.0
2024-10-16 09:29:23.519: 18 avg_steps: 715.5
2024-10-16 09:29:23.519: 18 epsilon: 0.1
2024-10-16 09:29:23.519: 18 q: 5.2265334
2024-10-16 09:39:54.074: 19 test start:
2024-10-16 09:40:13.112: 19 avg_reward: 258.0
2024-10-16 09:40:13.112: 19 avg_steps: 953.1
2024-10-16 09:40:13.112: 19 epsilon: 0.1
2024-10-16 09:40:13.112: 19 q: 5.571918
2024-10-16 09:50:44.402: 20 test start:
2024-10-16 09:56:51.743: 20 avg_reward: 16.5
2024-10-16 09:56:51.743: 20 avg_steps: 19022.7
2024-10-16 09:56:51.743: 20 epsilon: 0.1
2024-10-16 09:56:51.743: 20 q: 5.7011633
2024-10-16 10:07:22.913: 21 test start:
2024-10-16 10:07:32.773: 21 avg_reward: 122.0
2024-10-16 10:07:32.773: 21 avg_steps: 514.15
2024-10-16 10:07:32.773: 21 epsilon: 0.1
2024-10-16 10:07:32.773: 21 q: 5.8146048
2024-10-16 10:18:09.271: 22 test start:
2024-10-16 10:18:24.099: 22 avg_reward: 200.0
2024-10-16 10:18:24.099: 22 avg_steps: 756.5
2024-10-16 10:18:24.099: 22 epsilon: 0.1
2024-10-16 10:18:24.099: 22 q: 5.9294553
2024-10-16 10:28:55.379: 23 test start:
2024-10-16 10:29:14.605: 23 avg_reward: 240.0
2024-10-16 10:29:14.605: 23 avg_steps: 972.85
2024-10-16 10:29:14.605: 23 epsilon: 0.1
2024-10-16 10:29:14.605: 23 q: 6.257366
2024-10-16 10:39:46.394: 24 test start:
2024-10-16 10:39:59.969: 24 avg_reward: 254.0
2024-10-16 10:39:59.969: 24 avg_steps: 678.6
2024-10-16 10:39:59.969: 24 epsilon: 0.1
2024-10-16 10:39:59.969: 24 q: 6.525908
2024-10-16 10:50:28.811: 25 test start:
2024-10-16 10:50:40.755: 25 avg_reward: 182.0
2024-10-16 10:50:40.756: 25 avg_steps: 600.35
2024-10-16 10:50:40.756: 25 epsilon: 0.1
2024-10-16 10:50:40.756: 25 q: 6.5085125
2024-10-16 11:01:11.953: 26 test start:
2024-10-16 11:01:29.582: 26 avg_reward: 270.0
2024-10-16 11:01:29.582: 26 avg_steps: 908.85
2024-10-16 11:01:29.582: 26 epsilon: 0.1
2024-10-16 11:01:29.582: 26 q: 6.7663517
2024-10-16 11:12:00.400: 27 test start:
2024-10-16 11:12:15.235: 27 avg_reward: 262.0
2024-10-16 11:12:15.235: 27 avg_steps: 749.75
2024-10-16 11:12:15.235: 27 epsilon: 0.1
2024-10-16 11:12:15.235: 27 q: 6.8708177
2024-10-16 11:22:39.938: 28 test start:
2024-10-16 11:22:49.361: 28 avg_reward: 202.0
2024-10-16 11:22:49.361: 28 avg_steps: 470.4
2024-10-16 11:22:49.361: 28 epsilon: 0.1
2024-10-16 11:22:49.361: 28 q: 6.893357
2024-10-16 11:33:26.518: 29 test start:
2024-10-16 11:33:42.096: 29 avg_reward: 336.0
2024-10-16 11:33:42.096: 29 avg_steps: 778.15
2024-10-16 11:33:42.096: 29 epsilon: 0.1
2024-10-16 11:33:42.096: 29 q: 6.9293203
2024-10-16 11:44:19.351: 30 test start:
2024-10-16 11:44:33.819: 30 avg_reward: 239.0
2024-10-16 11:44:33.819: 30 avg_steps: 726.45
2024-10-16 11:44:33.819: 30 epsilon: 0.1
2024-10-16 11:44:33.819: 30 q: 7.1114244
2024-10-16 11:55:08.469: 31 test start:
2024-10-16 11:55:21.518: 31 avg_reward: 315.0
2024-10-16 11:55:21.519: 31 avg_steps: 655.15
2024-10-16 11:55:21.519: 31 epsilon: 0.1
2024-10-16 11:55:21.519: 31 q: 7.0878525
2024-10-16 12:05:55.589: 32 test start:
2024-10-16 12:06:07.200: 32 avg_reward: 306.0
2024-10-16 12:06:07.200: 32 avg_steps: 580.3
2024-10-16 12:06:07.200: 32 epsilon: 0.1
2024-10-16 12:06:07.200: 32 q: 7.087944
2024-10-16 12:16:46.574: 33 test start:
2024-10-16 12:17:03.662: 33 avg_reward: 341.0
2024-10-16 12:17:03.662: 33 avg_steps: 854.0
2024-10-16 12:17:03.662: 33 epsilon: 0.1
2024-10-16 12:17:03.662: 33 q: 7.161923
2024-10-16 12:27:37.465: 34 test start:
2024-10-16 12:28:00.779: 34 avg_reward: 622.0
2024-10-16 12:28:00.779: 34 avg_steps: 1171.25
2024-10-16 12:28:00.780: 34 epsilon: 0.1
2024-10-16 12:28:00.780: 34 q: 7.317455
2024-10-16 12:38:36.305: 35 test start:
2024-10-16 12:38:59.089: 35 avg_reward: 577.0
2024-10-16 12:38:59.089: 35 avg_steps: 1127.5
2024-10-16 12:38:59.089: 35 epsilon: 0.1
2024-10-16 12:38:59.089: 35 q: 7.3429394
2024-10-16 12:49:38.343: 36 test start:
2024-10-16 12:49:54.576: 36 avg_reward: 421.0
2024-10-16 12:49:54.576: 36 avg_steps: 813.65
2024-10-16 12:49:54.576: 36 epsilon: 0.1
2024-10-16 12:49:54.576: 36 q: 7.3739085
2024-10-16 13:00:25.565: 37 test start:
2024-10-16 13:00:42.477: 37 avg_reward: 537.0
2024-10-16 13:00:42.477: 37 avg_steps: 833.75
2024-10-16 13:00:42.477: 37 epsilon: 0.1
2024-10-16 13:00:42.477: 37 q: 7.330794
2024-10-16 13:11:13.739: 38 test start:
2024-10-16 13:11:37.278: 38 avg_reward: 814.0
2024-10-16 13:11:37.278: 38 avg_steps: 1169.5
2024-10-16 13:11:37.278: 38 epsilon: 0.1
2024-10-16 13:11:37.278: 38 q: 7.3906875
2024-10-16 13:22:10.858: 39 test start:
2024-10-16 13:22:37.511: 39 avg_reward: 1034.0
2024-10-16 13:22:37.511: 39 avg_steps: 1361.95
2024-10-16 13:22:37.511: 39 epsilon: 0.1
2024-10-16 13:22:37.511: 39 q: 7.3937893
2024-10-16 13:33:16.949: 40 test start:
2024-10-16 13:33:41.702: 40 avg_reward: 928.0
2024-10-16 13:33:41.703: 40 avg_steps: 1280.6
2024-10-16 13:33:41.703: 40 epsilon: 0.1
2024-10-16 13:33:41.703: 40 q: 7.384443
2024-10-16 13:44:14.718: 41 test start:
2024-10-16 13:44:33.624: 41 avg_reward: 727.0
2024-10-16 13:44:33.624: 41 avg_steps: 950.05
2024-10-16 13:44:33.624: 41 epsilon: 0.1
2024-10-16 13:44:33.624: 41 q: 7.505811
2024-10-16 13:55:08.934: 42 test start:
2024-10-16 13:55:36.070: 42 avg_reward: 1168.0
2024-10-16 13:55:36.070: 42 avg_steps: 1340.35
2024-10-16 13:55:36.071: 42 epsilon: 0.1
2024-10-16 13:55:36.071: 42 q: 7.518329
2024-10-16 14:06:11.652: 43 test start:
2024-10-16 14:06:40.335: 43 avg_reward: 1216.0
2024-10-16 14:06:40.335: 43 avg_steps: 1438.55
2024-10-16 14:06:40.335: 43 epsilon: 0.1
2024-10-16 14:06:40.335: 43 q: 7.7326856
2024-10-16 14:17:13.340: 44 test start:
2024-10-16 14:17:49.738: 44 avg_reward: 1762.0
2024-10-16 14:17:49.739: 44 avg_steps: 1829.05
2024-10-16 14:17:49.739: 44 epsilon: 0.1
2024-10-16 14:17:49.739: 44 q: 7.6881065
2024-10-16 14:28:28.210: 45 test start:
2024-10-16 14:29:07.477: 45 avg_reward: 1937.0
2024-10-16 14:29:07.477: 45 avg_steps: 1973.15
2024-10-16 14:29:07.477: 45 epsilon: 0.1
2024-10-16 14:29:07.477: 45 q: 7.705253
2024-10-16 14:39:43.169: 46 test start:
2024-10-16 14:40:20.685: 46 avg_reward: 1679.0
2024-10-16 14:40:20.685: 46 avg_steps: 1889.5
2024-10-16 14:40:20.685: 46 epsilon: 0.1
2024-10-16 14:40:20.685: 46 q: 7.851233
2024-10-16 14:50:52.001: 47 test start:
2024-10-16 14:51:22.918: 47 avg_reward: 1502.0
2024-10-16 14:51:22.918: 47 avg_steps: 1558.4
2024-10-16 14:51:22.918: 47 epsilon: 0.1
2024-10-16 14:51:22.918: 47 q: 8.047396
2024-10-16 15:02:00.485: 48 test start:
2024-10-16 15:02:32.934: 48 avg_reward: 1496.0
2024-10-16 15:02:32.940: 48 avg_steps: 1640.05
2024-10-16 15:02:32.940: 48 epsilon: 0.1
2024-10-16 15:02:32.941: 48 q: 8.096378
2024-10-16 15:12:57.658: 49 test start:
2024-10-16 15:13:15.459: 49 avg_reward: 635.0
2024-10-16 15:13:15.459: 49 avg_steps: 935.0
2024-10-16 15:13:15.459: 49 epsilon: 0.1
2024-10-16 15:13:15.460: 49 q: 8.225504
2024-10-16 15:23:49.864: 50 test start:
2024-10-16 15:24:18.881: 50 avg_reward: 1544.0
2024-10-16 15:24:18.881: 50 avg_steps: 1516.2
2024-10-16 15:24:18.881: 50 epsilon: 0.1
2024-10-16 15:24:18.881: 50 q: 8.13077
2024-10-16 15:34:53.021: 51 test start:
2024-10-16 15:35:15.800: 51 avg_reward: 1067.0
2024-10-16 15:35:15.800: 51 avg_steps: 1152.75
2024-10-16 15:35:15.800: 51 epsilon: 0.1
2024-10-16 15:35:15.800: 51 q: 8.229787
2024-10-16 15:45:50.614: 52 test start:
2024-10-16 15:46:11.670: 52 avg_reward: 503.0
2024-10-16 15:46:11.670: 52 avg_steps: 1058.8
2024-10-16 15:46:11.670: 52 epsilon: 0.1
2024-10-16 15:46:11.670: 52 q: 8.551834
2024-10-16 15:56:46.751: 53 test start:
2024-10-16 15:57:06.394: 53 avg_reward: 907.0
2024-10-16 15:57:06.394: 53 avg_steps: 1001.3
2024-10-16 15:57:06.395: 53 epsilon: 0.1
2024-10-16 15:57:06.395: 53 q: 8.3593025
2024-10-16 16:07:16.465: 54 test start:
2024-10-16 16:07:42.479: 54 avg_reward: 1228.0
2024-10-16 16:07:42.480: 54 avg_steps: 1313.4
2024-10-16 16:07:42.480: 54 epsilon: 0.1
2024-10-16 16:07:42.480: 54 q: 8.639108
2024-10-16 16:18:13.926: 55 test start:
2024-10-16 16:18:34.593: 55 avg_reward: 821.0
2024-10-16 16:18:34.593: 55 avg_steps: 1054.25
2024-10-16 16:18:34.593: 55 epsilon: 0.1
2024-10-16 16:18:34.593: 55 q: 8.639293
2024-10-16 16:29:03.791: 56 test start:
2024-10-16 16:29:21.778: 56 avg_reward: 476.0
2024-10-16 16:29:21.778: 56 avg_steps: 918.3
2024-10-16 16:29:21.778: 56 epsilon: 0.1
2024-10-16 16:29:21.778: 56 q: 8.782389
2024-10-16 16:39:54.852: 57 test start:
2024-10-16 16:40:21.717: 57 avg_reward: 1378.5
2024-10-16 16:40:21.717: 57 avg_steps: 1359.2
2024-10-16 16:40:21.717: 57 epsilon: 0.1
2024-10-16 16:40:21.717: 57 q: 8.71247
2024-10-16 16:50:53.879: 58 test start:
2024-10-16 16:51:30.295: 58 avg_reward: 2516.0
2024-10-16 16:51:30.295: 58 avg_steps: 1928.95
2024-10-16 16:51:30.295: 58 epsilon: 0.1
2024-10-16 16:51:30.295: 58 q: 9.084268
2024-10-16 17:01:35.810: 59 test start:
2024-10-16 17:02:15.166: 59 avg_reward: 2814.5
2024-10-16 17:02:15.167: 59 avg_steps: 1996.1
2024-10-16 17:02:15.167: 59 epsilon: 0.1
2024-10-16 17:02:15.167: 59 q: 9.188398
2024-10-16 17:12:40.143: 60 test start:
2024-10-16 17:13:09.129: 60 avg_reward: 1929.0
2024-10-16 17:13:09.129: 60 avg_steps: 1477.0
2024-10-16 17:13:09.129: 60 epsilon: 0.1
2024-10-16 17:13:09.129: 60 q: 9.2385435
2024-10-16 17:23:56.025: 61 test start:
2024-10-16 17:24:21.866: 61 avg_reward: 1559.5
2024-10-16 17:24:21.866: 61 avg_steps: 1341.45
2024-10-16 17:24:21.866: 61 epsilon: 0.1
2024-10-16 17:24:21.866: 61 q: 9.181725
2024-10-16 17:34:59.036: 62 test start:
2024-10-16 17:35:38.679: 62 avg_reward: 2779.0
2024-10-16 17:35:38.679: 62 avg_steps: 1970.85
2024-10-16 17:35:38.679: 62 epsilon: 0.1
2024-10-16 17:35:38.679: 62 q: 9.310398
2024-10-16 17:46:18.005: 63 test start:
2024-10-16 17:46:57.963: 63 avg_reward: 2546.5
2024-10-16 17:46:57.964: 63 avg_steps: 1997.6
2024-10-16 17:46:57.964: 63 epsilon: 0.1
2024-10-16 17:46:57.964: 63 q: 9.315903
2024-10-16 17:57:47.568: 64 test start:
2024-10-16 17:58:04.196: 64 avg_reward: 743.5
2024-10-16 17:58:04.197: 64 avg_steps: 875.85
2024-10-16 17:58:04.197: 64 epsilon: 0.1
2024-10-16 17:58:04.197: 64 q: 9.266773
2024-10-16 18:08:30.280: 65 test start:
2024-10-16 18:09:10.638: 65 avg_reward: 3108.5
2024-10-16 18:09:10.638: 65 avg_steps: 2048.55
2024-10-16 18:09:10.638: 65 epsilon: 0.1
2024-10-16 18:09:10.638: 65 q: 9.364677
2024-10-16 18:19:39.383: 66 test start:
2024-10-16 18:20:19.805: 66 avg_reward: 3069.0
2024-10-16 18:20:19.805: 66 avg_steps: 2147.85
2024-10-16 18:20:19.805: 66 epsilon: 0.1
2024-10-16 18:20:19.805: 66 q: 9.506886
2024-10-16 18:31:00.176: 67 test start:
2024-10-16 18:31:31.437: 67 avg_reward: 1559.5
2024-10-16 18:31:31.438: 67 avg_steps: 1560.25
2024-10-16 18:31:31.438: 67 epsilon: 0.1
2024-10-16 18:31:31.438: 67 q: 9.466033
2024-10-16 18:42:16.496: 68 test start:
2024-10-16 18:42:54.101: 68 avg_reward: 3177.0
2024-10-16 18:42:54.101: 68 avg_steps: 1897.65
2024-10-16 18:42:54.101: 68 epsilon: 0.1
2024-10-16 18:42:54.101: 68 q: 9.543373
2024-10-16 18:53:20.335: 69 test start:
2024-10-16 18:54:02.518: 69 avg_reward: 3671.0
2024-10-16 18:54:02.518: 69 avg_steps: 2197.7
2024-10-16 18:54:02.518: 69 epsilon: 0.1
2024-10-16 18:54:02.518: 69 q: 9.616762
2024-10-16 19:04:45.014: 70 test start:
2024-10-16 19:05:15.804: 70 avg_reward: 2004.0
2024-10-16 19:05:15.805: 70 avg_steps: 1623.65
2024-10-16 19:05:15.805: 70 epsilon: 0.1
2024-10-16 19:05:15.805: 70 q: 9.627746
2024-10-16 19:15:35.586: 71 test start:
2024-10-16 19:16:00.258: 71 avg_reward: 1070.0
2024-10-16 19:16:00.259: 71 avg_steps: 1233.65
2024-10-16 19:16:00.259: 71 epsilon: 0.1
2024-10-16 19:16:00.259: 71 q: 9.719166
2024-10-16 19:26:29.255: 72 test start:
2024-10-16 19:27:05.770: 72 avg_reward: 3003.0
2024-10-16 19:27:05.770: 72 avg_steps: 1951.05
2024-10-16 19:27:05.770: 72 epsilon: 0.1
2024-10-16 19:27:05.770: 72 q: 9.875918
2024-10-16 19:37:49.482: 73 test start:
2024-10-16 19:38:28.363: 73 avg_reward: 3172.0
2024-10-16 19:38:28.363: 73 avg_steps: 2005.95
2024-10-16 19:38:28.363: 73 epsilon: 0.1
2024-10-16 19:38:28.363: 73 q: 9.99524
2024-10-16 19:48:59.146: 74 test start:
2024-10-16 19:49:35.856: 74 avg_reward: 2905.0
2024-10-16 19:49:35.856: 74 avg_steps: 1886.75
2024-10-16 19:49:35.856: 74 epsilon: 0.1
2024-10-16 19:49:35.856: 74 q: 10.080582
2024-10-16 20:00:22.416: 75 test start:
2024-10-16 20:00:45.590: 75 avg_reward: 1055.0
2024-10-16 20:00:45.590: 75 avg_steps: 1254.05
2024-10-16 20:00:45.590: 75 epsilon: 0.1
2024-10-16 20:00:45.590: 75 q: 10.127418
2024-10-16 20:11:19.054: 76 test start:
2024-10-16 20:11:41.961: 76 avg_reward: 1333.5
2024-10-16 20:11:41.962: 76 avg_steps: 1191.3
2024-10-16 20:11:41.962: 76 epsilon: 0.1
2024-10-16 20:11:41.962: 76 q: 10.0706625
2024-10-16 20:22:12.479: 77 test start:
2024-10-16 20:22:57.155: 77 avg_reward: 3664.5
2024-10-16 20:22:57.155: 77 avg_steps: 2330.95
2024-10-16 20:22:57.155: 77 epsilon: 0.1
2024-10-16 20:22:57.155: 77 q: 10.15875
2024-10-16 20:33:38.649: 78 test start:
2024-10-16 20:34:11.761: 78 avg_reward: 2429.5
2024-10-16 20:34:11.761: 78 avg_steps: 1718.0
2024-10-16 20:34:11.761: 78 epsilon: 0.1
2024-10-16 20:34:11.761: 78 q: 10.256075
2024-10-16 20:44:40.910: 79 test start:
2024-10-16 20:44:58.625: 79 avg_reward: 1035.5
2024-10-16 20:44:58.625: 79 avg_steps: 927.65
2024-10-16 20:44:58.625: 79 epsilon: 0.1
2024-10-16 20:44:58.625: 79 q: 10.289338
2024-10-16 20:55:53.791: 80 test start:
2024-10-16 20:56:26.766: 80 avg_reward: 1609.0
2024-10-16 20:56:26.766: 80 avg_steps: 1648.15
2024-10-16 20:56:26.766: 80 epsilon: 0.1
2024-10-16 20:56:26.766: 80 q: 10.302564
2024-10-16 21:06:43.875: 81 test start:
2024-10-16 21:07:20.149: 81 avg_reward: 3030.5
2024-10-16 21:07:20.149: 81 avg_steps: 1865.8
2024-10-16 21:07:20.149: 81 epsilon: 0.1
2024-10-16 21:07:20.149: 81 q: 10.425882
2024-10-16 21:18:07.592: 82 test start:
2024-10-16 21:18:33.807: 82 avg_reward: 1535.0
2024-10-16 21:18:33.807: 82 avg_steps: 1385.7
2024-10-16 21:18:33.807: 82 epsilon: 0.1
2024-10-16 21:18:33.807: 82 q: 10.419808
2024-10-16 21:28:54.032: 83 test start:
2024-10-16 21:29:26.080: 83 avg_reward: 2449.0
2024-10-16 21:29:26.080: 83 avg_steps: 1657.95
2024-10-16 21:29:26.080: 83 epsilon: 0.1
2024-10-16 21:29:26.081: 83 q: 10.458194
2024-10-16 21:39:50.355: 84 test start:
2024-10-16 21:40:31.455: 84 avg_reward: 4208.0
2024-10-16 21:40:31.455: 84 avg_steps: 2202.15
2024-10-16 21:40:31.455: 84 epsilon: 0.1
2024-10-16 21:40:31.455: 84 q: 10.515098
2024-10-16 21:51:03.873: 85 test start:
2024-10-16 21:51:23.206: 85 avg_reward: 1169.5
2024-10-16 21:51:23.206: 85 avg_steps: 996.65
2024-10-16 21:51:23.206: 85 epsilon: 0.1
2024-10-16 21:51:23.206: 85 q: 10.642026
2024-10-16 22:01:34.778: 86 test start:
2024-10-16 22:02:11.548: 86 avg_reward: 2966.5
2024-10-16 22:02:11.549: 86 avg_steps: 1948.55
2024-10-16 22:02:11.549: 86 epsilon: 0.1
2024-10-16 22:02:11.549: 86 q: 10.58701
2024-10-16 22:12:50.109: 87 test start:
2024-10-16 22:13:20.602: 87 avg_reward: 2527.5
2024-10-16 22:13:20.602: 87 avg_steps: 1582.9
2024-10-16 22:13:20.602: 87 epsilon: 0.1
2024-10-16 22:13:20.602: 87 q: 10.402526
2024-10-16 22:23:20.290: 88 test start:
2024-10-16 22:23:58.377: 88 avg_reward: 3567.5
2024-10-16 22:23:58.378: 88 avg_steps: 1956.6
2024-10-16 22:23:58.378: 88 epsilon: 0.1
2024-10-16 22:23:58.378: 88 q: 10.31983
2024-10-16 22:34:44.363: 89 test start:
2024-10-16 22:35:19.186: 89 avg_reward: 3066.5
2024-10-16 22:35:19.186: 89 avg_steps: 1851.5
2024-10-16 22:35:19.186: 89 epsilon: 0.1
2024-10-16 22:35:19.186: 89 q: 10.327802
2024-10-16 22:45:48.783: 90 test start:
2024-10-16 22:46:23.480: 90 avg_reward: 2649.5
2024-10-16 22:46:23.481: 90 avg_steps: 1777.25
2024-10-16 22:46:23.481: 90 epsilon: 0.1
2024-10-16 22:46:23.481: 90 q: 10.373509
2024-10-16 22:56:58.441: 91 test start:
2024-10-16 22:57:31.132: 91 avg_reward: 3170.5
2024-10-16 22:57:31.132: 91 avg_steps: 1740.8
2024-10-16 22:57:31.132: 91 epsilon: 0.1
2024-10-16 22:57:31.132: 91 q: 10.25865
2024-10-16 23:08:11.352: 92 test start:
2024-10-16 23:08:40.471: 92 avg_reward: 1952.0
2024-10-16 23:08:40.471: 92 avg_steps: 1479.7
2024-10-16 23:08:40.471: 92 epsilon: 0.1
2024-10-16 23:08:40.471: 92 q: 10.248506
2024-10-16 23:18:59.241: 93 test start:
2024-10-16 23:19:31.589: 93 avg_reward: 2630.5
2024-10-16 23:19:31.589: 93 avg_steps: 1710.95
2024-10-16 23:19:31.589: 93 epsilon: 0.1
2024-10-16 23:19:31.589: 93 q: 10.2786
2024-10-16 23:30:08.392: 94 test start:
2024-10-16 23:30:46.751: 94 avg_reward: 3120.5
2024-10-16 23:30:46.751: 94 avg_steps: 1957.0
2024-10-16 23:30:46.751: 94 epsilon: 0.1
2024-10-16 23:30:46.751: 94 q: 10.34901
2024-10-16 23:40:50.879: 95 test start:
2024-10-16 23:41:30.973: 95 avg_reward: 3718.0
2024-10-16 23:41:30.973: 95 avg_steps: 2020.25
2024-10-16 23:41:30.974: 95 epsilon: 0.1
2024-10-16 23:41:30.974: 95 q: 10.294449
2024-10-16 23:52:06.566: 96 test start:
2024-10-16 23:52:42.258: 96 avg_reward: 3259.5
2024-10-16 23:52:42.258: 96 avg_steps: 1874.8
2024-10-16 23:52:42.258: 96 epsilon: 0.1
2024-10-16 23:52:42.258: 96 q: 10.375804
2024-10-17 00:02:52.339: 97 test start:
2024-10-17 00:03:26.657: 97 avg_reward: 2852.5
2024-10-17 00:03:26.657: 97 avg_steps: 1742.65
2024-10-17 00:03:26.657: 97 epsilon: 0.1
2024-10-17 00:03:26.657: 97 q: 10.425285
2024-10-17 00:13:50.597: 98 test start:
2024-10-17 00:14:26.273: 98 avg_reward: 3386.5
2024-10-17 00:14:26.273: 98 avg_steps: 1848.05
2024-10-17 00:14:26.273: 98 epsilon: 0.1
2024-10-17 00:14:26.273: 98 q: 10.414229
2024-10-17 00:24:44.973: 99 test start:
2024-10-17 00:24:59.925: 99 avg_reward: 629.0
2024-10-17 00:24:59.925: 99 avg_steps: 731.35
2024-10-17 00:24:59.925: 99 epsilon: 0.1
2024-10-17 00:24:59.925: 99 q: 10.397456
2024-10-17 00:35:20.929: 100 test start:
2024-10-17 00:35:53.747: 100 avg_reward: 3266.5
2024-10-17 00:35:53.748: 100 avg_steps: 1698.85
2024-10-17 00:35:53.748: 100 epsilon: 0.1
2024-10-17 00:35:53.748: 100 q: 10.3065605
2024-10-17 00:46:27.861: 101 test start:
2024-10-17 00:46:59.013: 101 avg_reward: 2468.0
2024-10-17 00:46:59.013: 101 avg_steps: 1559.65
2024-10-17 00:46:59.013: 101 epsilon: 0.1
2024-10-17 00:46:59.013: 101 q: 10.26075
2024-10-17 00:57:15.131: 102 test start:
2024-10-17 00:57:52.023: 102 avg_reward: 3560.5
2024-10-17 00:57:52.023: 102 avg_steps: 1879.7
2024-10-17 00:57:52.023: 102 epsilon: 0.1
2024-10-17 00:57:52.023: 102 q: 10.407843
2024-10-17 01:08:35.647: 103 test start:
2024-10-17 01:09:07.764: 103 avg_reward: 2893.0
2024-10-17 01:09:07.764: 103 avg_steps: 1640.75
2024-10-17 01:09:07.764: 103 epsilon: 0.1
2024-10-17 01:09:07.764: 103 q: 10.51159
2024-10-17 01:19:12.731: 104 test start:
2024-10-17 01:19:42.030: 104 avg_reward: 2205.0
2024-10-17 01:19:42.030: 104 avg_steps: 1471.3
2024-10-17 01:19:42.030: 104 epsilon: 0.1
2024-10-17 01:19:42.030: 104 q: 10.623672
2024-10-17 01:30:13.557: 105 test start:
2024-10-17 01:30:51.525: 105 avg_reward: 3632.0
2024-10-17 01:30:51.525: 105 avg_steps: 1994.75
2024-10-17 01:30:51.531: 105 epsilon: 0.1
2024-10-17 01:30:51.531: 105 q: 10.541284
2024-10-17 01:41:08.420: 106 test start:
2024-10-17 01:41:43.954: 106 avg_reward: 3033.0
2024-10-17 01:41:43.955: 106 avg_steps: 1846.3
2024-10-17 01:41:43.955: 106 epsilon: 0.1
2024-10-17 01:41:43.955: 106 q: 10.441211
2024-10-17 01:52:05.585: 107 test start:
2024-10-17 01:52:41.334: 107 avg_reward: 3820.0
2024-10-17 01:52:41.334: 107 avg_steps: 1952.05
2024-10-17 01:52:41.334: 107 epsilon: 0.1
2024-10-17 01:52:41.334: 107 q: 10.399792
2024-10-17 02:03:17.320: 108 test start:
2024-10-17 02:03:46.889: 108 avg_reward: 2381.5
2024-10-17 02:03:46.889: 108 avg_steps: 1555.3
2024-10-17 02:03:46.889: 108 epsilon: 0.1
2024-10-17 02:03:46.889: 108 q: 10.332452
2024-10-17 02:14:00.639: 109 test start:
2024-10-17 02:14:37.496: 109 avg_reward: 4042.0
2024-10-17 02:14:37.497: 109 avg_steps: 1974.9
2024-10-17 02:14:37.497: 109 epsilon: 0.1
2024-10-17 02:14:37.497: 109 q: 10.39799
2024-10-17 02:25:16.602: 110 test start:
2024-10-17 02:25:55.109: 110 avg_reward: 4201.5
2024-10-17 02:25:55.109: 110 avg_steps: 1989.0
2024-10-17 02:25:55.109: 110 epsilon: 0.1
2024-10-17 02:25:55.109: 110 q: 10.325978
2024-10-17 02:36:02.060: 111 test start:
2024-10-17 02:36:40.656: 111 avg_reward: 3239.5
2024-10-17 02:36:40.656: 111 avg_steps: 2005.45
2024-10-17 02:36:40.656: 111 epsilon: 0.1
2024-10-17 02:36:40.656: 111 q: 10.323558
2024-10-17 02:47:12.208: 112 test start:
2024-10-17 02:47:47.645: 112 avg_reward: 3475.0
2024-10-17 02:47:47.645: 112 avg_steps: 1892.9
2024-10-17 02:47:47.645: 112 epsilon: 0.1
2024-10-17 02:47:47.645: 112 q: 10.414138
2024-10-17 02:58:12.922: 113 test start:
2024-10-17 02:58:33.944: 113 avg_reward: 910.0
2024-10-17 02:58:33.944: 113 avg_steps: 1055.35
2024-10-17 02:58:33.945: 113 epsilon: 0.1
2024-10-17 02:58:33.945: 113 q: 10.286019
2024-10-17 03:08:48.299: 114 test start:
2024-10-17 03:09:19.690: 114 avg_reward: 2730.0
2024-10-17 03:09:19.690: 114 avg_steps: 1631.65
2024-10-17 03:09:19.690: 114 epsilon: 0.1
2024-10-17 03:09:19.690: 114 q: 10.349125
2024-10-17 03:19:50.885: 115 test start:
2024-10-17 03:20:16.636: 115 avg_reward: 1647.5
2024-10-17 03:20:16.636: 115 avg_steps: 1303.65
2024-10-17 03:20:16.636: 115 epsilon: 0.1
2024-10-17 03:20:16.636: 115 q: 10.394873
2024-10-17 03:30:20.958: 116 test start:
2024-10-17 03:30:47.967: 116 avg_reward: 2323.0
2024-10-17 03:30:47.967: 116 avg_steps: 1427.3
2024-10-17 03:30:47.967: 116 epsilon: 0.1
2024-10-17 03:30:47.967: 116 q: 10.5092945
2024-10-17 03:41:24.948: 117 test start:
2024-10-17 03:42:03.169: 117 avg_reward: 3664.0
2024-10-17 03:42:03.169: 117 avg_steps: 1923.8
2024-10-17 03:42:03.169: 117 epsilon: 0.1
2024-10-17 03:42:03.169: 117 q: 10.52873
2024-10-17 03:52:11.725: 118 test start:
2024-10-17 03:52:46.082: 118 avg_reward: 2876.5
2024-10-17 03:52:46.082: 118 avg_steps: 1701.8
2024-10-17 03:52:46.082: 118 epsilon: 0.1
2024-10-17 03:52:46.082: 118 q: 10.528494
2024-10-17 04:03:30.225: 119 test start:
2024-10-17 04:04:01.663: 119 avg_reward: 2968.0
2024-10-17 04:04:01.663: 119 avg_steps: 1634.45
2024-10-17 04:04:01.664: 119 epsilon: 0.1
2024-10-17 04:04:01.664: 119 q: 10.519304
2024-10-17 04:14:23.856: 120 test start:
2024-10-17 04:14:51.065: 120 avg_reward: 1687.5
2024-10-17 04:14:51.065: 120 avg_steps: 1367.45
2024-10-17 04:14:51.065: 120 epsilon: 0.1
2024-10-17 04:14:51.065: 120 q: 10.457279
2024-10-17 04:25:23.026: 121 test start:
2024-10-17 04:26:02.144: 121 avg_reward: 4029.5
2024-10-17 04:26:02.144: 121 avg_steps: 2069.1
2024-10-17 04:26:02.144: 121 epsilon: 0.1
2024-10-17 04:26:02.144: 121 q: 10.517969
2024-10-17 04:36:34.267: 122 test start:
2024-10-17 04:37:05.034: 122 avg_reward: 1806.5
2024-10-17 04:37:05.034: 122 avg_steps: 1554.9
2024-10-17 04:37:05.035: 122 epsilon: 0.1
2024-10-17 04:37:05.035: 122 q: 10.464772
2024-10-17 04:47:19.666: 123 test start:
2024-10-17 04:47:47.973: 123 avg_reward: 2005.5
2024-10-17 04:47:47.973: 123 avg_steps: 1497.6
2024-10-17 04:47:47.973: 123 epsilon: 0.1
2024-10-17 04:47:47.973: 123 q: 10.545056
2024-10-17 04:58:26.051: 124 test start:
2024-10-17 04:59:02.906: 124 avg_reward: 2973.0
2024-10-17 04:59:02.906: 124 avg_steps: 1848.3
2024-10-17 04:59:02.906: 124 epsilon: 0.1
2024-10-17 04:59:02.906: 124 q: 10.419016
2024-10-17 05:09:12.089: 125 test start:
2024-10-17 05:09:46.061: 125 avg_reward: 2501.0
2024-10-17 05:09:46.061: 125 avg_steps: 1777.8
2024-10-17 05:09:46.061: 125 epsilon: 0.1
2024-10-17 05:09:46.061: 125 q: 10.357489
2024-10-17 05:20:21.113: 126 test start:
2024-10-17 05:20:47.565: 126 avg_reward: 1679.5
2024-10-17 05:20:47.565: 126 avg_steps: 1393.2
2024-10-17 05:20:47.565: 126 epsilon: 0.1
2024-10-17 05:20:47.566: 126 q: 10.40205
2024-10-17 05:30:57.118: 127 test start:
2024-10-17 05:31:40.047: 127 avg_reward: 4227.5
2024-10-17 05:31:40.048: 127 avg_steps: 2213.6
2024-10-17 05:31:40.048: 127 epsilon: 0.1
2024-10-17 05:31:40.048: 127 q: 10.494651
2024-10-17 05:42:11.920: 128 test start:
2024-10-17 05:42:40.997: 128 avg_reward: 2556.5
2024-10-17 05:42:40.997: 128 avg_steps: 1578.0
2024-10-17 05:42:40.997: 128 epsilon: 0.1
2024-10-17 05:42:40.997: 128 q: 10.486964
2024-10-17 05:53:01.663: 129 test start:
2024-10-17 05:53:25.971: 129 avg_reward: 1696.5
2024-10-17 05:53:25.972: 129 avg_steps: 1226.6
2024-10-17 05:53:25.972: 129 epsilon: 0.1
2024-10-17 05:53:25.972: 129 q: 10.490273
2024-10-17 06:03:52.247: 130 test start:
2024-10-17 06:04:11.426: 130 avg_reward: 1106.5
2024-10-17 06:04:11.426: 130 avg_steps: 1017.45
2024-10-17 06:04:11.427: 130 epsilon: 0.1
2024-10-17 06:04:11.427: 130 q: 10.465098
2024-10-17 06:14:49.958: 131 test start:
2024-10-17 06:15:08.448: 131 avg_reward: 1055.0
2024-10-17 06:15:08.448: 131 avg_steps: 952.8
2024-10-17 06:15:08.448: 131 epsilon: 0.1
2024-10-17 06:15:08.448: 131 q: 10.469611
2024-10-17 06:25:36.571: 132 test start:
2024-10-17 06:25:53.542: 132 avg_reward: 1043.0
2024-10-17 06:25:53.542: 132 avg_steps: 901.05
2024-10-17 06:25:53.542: 132 epsilon: 0.1
2024-10-17 06:25:53.543: 132 q: 10.439248
2024-10-17 06:36:32.986: 133 test start:
2024-10-17 06:37:09.122: 133 avg_reward: 2723.0
2024-10-17 06:37:09.123: 133 avg_steps: 1828.05
2024-10-17 06:37:09.123: 133 epsilon: 0.1
2024-10-17 06:37:09.123: 133 q: 10.494105
2024-10-17 06:47:19.476: 134 test start:
2024-10-17 06:47:52.959: 134 avg_reward: 2475.5
2024-10-17 06:47:52.959: 134 avg_steps: 1663.65
2024-10-17 06:47:52.959: 134 epsilon: 0.1
2024-10-17 06:47:52.959: 134 q: 10.532452
2024-10-17 06:58:35.531: 135 test start:
2024-10-17 06:58:55.024: 135 avg_reward: 1116.5
2024-10-17 06:58:55.025: 135 avg_steps: 1024.75
2024-10-17 06:58:55.025: 135 epsilon: 0.1
2024-10-17 06:58:55.025: 135 q: 10.447711
2024-10-17 07:09:03.894: 136 test start:
2024-10-17 07:09:24.818: 136 avg_reward: 1126.0
2024-10-17 07:09:24.818: 136 avg_steps: 1043.55
2024-10-17 07:09:24.818: 136 epsilon: 0.1
2024-10-17 07:09:24.818: 136 q: 10.4692745
2024-10-17 07:19:56.210: 137 test start:
2024-10-17 07:20:19.525: 137 avg_reward: 1290.5
2024-10-17 07:20:19.525: 137 avg_steps: 1209.5
2024-10-17 07:20:19.525: 137 epsilon: 0.1
2024-10-17 07:20:19.525: 137 q: 10.455768
2024-10-17 07:30:37.519: 138 test start:
2024-10-17 07:31:09.709: 138 avg_reward: 2333.0
2024-10-17 07:31:09.709: 138 avg_steps: 1609.1
2024-10-17 07:31:09.709: 138 epsilon: 0.1
2024-10-17 07:31:09.709: 138 q: 10.51898
2024-10-17 07:41:27.061: 139 test start:
2024-10-17 07:42:11.176: 139 avg_reward: 4199.0
2024-10-17 07:42:11.176: 139 avg_steps: 2303.05
2024-10-17 07:42:11.176: 139 epsilon: 0.1
2024-10-17 07:42:11.176: 139 q: 10.5643215
2024-10-17 07:52:35.633: 140 test start:
2024-10-17 07:53:17.116: 140 avg_reward: 4092.0
2024-10-17 07:53:17.116: 140 avg_steps: 2061.95
2024-10-17 07:53:17.116: 140 epsilon: 0.1
2024-10-17 07:53:17.116: 140 q: 10.621819
2024-10-17 08:03:20.329: 141 test start:
2024-10-17 08:03:55.317: 141 avg_reward: 3110.5
2024-10-17 08:03:55.317: 141 avg_steps: 1827.75
2024-10-17 08:03:55.317: 141 epsilon: 0.1
2024-10-17 08:03:55.317: 141 q: 10.680176
2024-10-17 08:14:33.019: 142 test start:
2024-10-17 08:15:05.816: 142 avg_reward: 3092.0
2024-10-17 08:15:05.816: 142 avg_steps: 1682.2
2024-10-17 08:15:05.816: 142 epsilon: 0.1
2024-10-17 08:15:05.816: 142 q: 10.7398
2024-10-17 08:25:11.405: 143 test start:
2024-10-17 08:25:47.674: 143 avg_reward: 3135.5
2024-10-17 08:25:47.674: 143 avg_steps: 1822.5
2024-10-17 08:25:47.674: 143 epsilon: 0.1
2024-10-17 08:25:47.674: 143 q: 10.837001
2024-10-17 08:36:14.676: 144 test start:
2024-10-17 08:36:50.556: 144 avg_reward: 3588.0
2024-10-17 08:36:50.556: 144 avg_steps: 1856.25
2024-10-17 08:36:50.556: 144 epsilon: 0.1
2024-10-17 08:36:50.556: 144 q: 10.796782
2024-10-17 08:47:02.445: 145 test start:
2024-10-17 08:47:31.643: 145 avg_reward: 2497.0
2024-10-17 08:47:31.643: 145 avg_steps: 1460.15
2024-10-17 08:47:31.643: 145 epsilon: 0.1
2024-10-17 08:47:31.643: 145 q: 10.793625
2024-10-17 08:57:59.965: 146 test start:
2024-10-17 08:58:34.316: 146 avg_reward: 3473.5
2024-10-17 08:58:34.316: 146 avg_steps: 1785.45
2024-10-17 08:58:34.316: 146 epsilon: 0.1
2024-10-17 08:58:34.316: 146 q: 10.838604
2024-10-17 09:08:58.115: 147 test start:
2024-10-17 09:09:33.574: 147 avg_reward: 3479.5
2024-10-17 09:09:33.574: 147 avg_steps: 1790.35
2024-10-17 09:09:33.574: 147 epsilon: 0.1
2024-10-17 09:09:33.574: 147 q: 10.975663
2024-10-17 09:19:54.189: 148 test start:
2024-10-17 09:20:29.023: 148 avg_reward: 3081.0
2024-10-17 09:20:29.023: 148 avg_steps: 1817.95
2024-10-17 09:20:29.023: 148 epsilon: 0.1
2024-10-17 09:20:29.023: 148 q: 10.946363
2024-10-17 09:30:57.535: 149 test start:
2024-10-17 09:31:31.125: 149 avg_reward: 2095.0
2024-10-17 09:31:31.125: 149 avg_steps: 1669.5
2024-10-17 09:31:31.125: 149 epsilon: 0.1
2024-10-17 09:31:31.125: 149 q: 11.114801
2024-10-17 09:41:33.369: 150 test start:
2024-10-17 09:42:14.586: 150 avg_reward: 3984.5
2024-10-17 09:42:14.586: 150 avg_steps: 2057.7
2024-10-17 09:42:14.586: 150 epsilon: 0.1
2024-10-17 09:42:14.587: 150 q: 11.133677
2024-10-17 09:52:52.292: 151 test start:
2024-10-17 09:53:24.397: 151 avg_reward: 2452.5
2024-10-17 09:53:24.397: 151 avg_steps: 1673.0
2024-10-17 09:53:24.397: 151 epsilon: 0.1
2024-10-17 09:53:24.397: 151 q: 11.245644
2024-10-17 10:03:20.391: 152 test start:
2024-10-17 10:03:43.271: 152 avg_reward: 955.0
2024-10-17 10:03:43.271: 152 avg_steps: 1158.45
2024-10-17 10:03:43.271: 152 epsilon: 0.1
2024-10-17 10:03:43.271: 152 q: 11.271477
2024-10-17 10:14:11.992: 153 test start:
2024-10-17 10:14:43.000: 153 avg_reward: 2392.0
2024-10-17 10:14:43.000: 153 avg_steps: 1641.5
2024-10-17 10:14:43.000: 153 epsilon: 0.1
2024-10-17 10:14:43.000: 153 q: 11.215645
2024-10-17 10:24:59.008: 154 test start:
2024-10-17 10:25:31.601: 154 avg_reward: 2618.0
2024-10-17 10:25:31.601: 154 avg_steps: 1692.05
2024-10-17 10:25:31.601: 154 epsilon: 0.1
2024-10-17 10:25:31.601: 154 q: 11.155577
2024-10-17 10:35:51.143: 155 test start:
2024-10-17 10:36:19.433: 155 avg_reward: 2534.5
2024-10-17 10:36:19.433: 155 avg_steps: 1499.55
2024-10-17 10:36:19.433: 155 epsilon: 0.1
2024-10-17 10:36:19.433: 155 q: 11.125022
2024-10-17 10:46:44.012: 156 test start:
2024-10-17 10:47:19.362: 156 avg_reward: 3342.0
2024-10-17 10:47:19.362: 156 avg_steps: 1773.65
2024-10-17 10:47:19.362: 156 epsilon: 0.1
2024-10-17 10:47:19.362: 156 q: 11.219361
2024-10-17 10:57:29.167: 157 test start:
2024-10-17 10:58:01.495: 157 avg_reward: 2762.0
2024-10-17 10:58:01.495: 157 avg_steps: 1686.1
2024-10-17 10:58:01.495: 157 epsilon: 0.1
2024-10-17 10:58:01.495: 157 q: 11.158172
2024-10-17 11:08:34.356: 158 test start:
2024-10-17 11:09:14.747: 158 avg_reward: 3312.5
2024-10-17 11:09:14.748: 158 avg_steps: 2033.2
2024-10-17 11:09:14.748: 158 epsilon: 0.1
2024-10-17 11:09:14.748: 158 q: 11.146217
2024-10-17 11:19:11.773: 159 test start:
2024-10-17 11:19:34.696: 159 avg_reward: 1250.5
2024-10-17 11:19:34.696: 159 avg_steps: 1172.75
2024-10-17 11:19:34.696: 159 epsilon: 0.1
2024-10-17 11:19:34.696: 159 q: 11.199363
2024-10-17 11:30:07.002: 160 test start:
2024-10-17 11:30:36.994: 160 avg_reward: 2262.0
2024-10-17 11:30:36.994: 160 avg_steps: 1558.3
2024-10-17 11:30:36.994: 160 epsilon: 0.1
2024-10-17 11:30:36.994: 160 q: 11.172734
2024-10-17 11:40:44.765: 161 test start:
2024-10-17 11:41:19.865: 161 avg_reward: 3075.5
2024-10-17 11:41:19.866: 161 avg_steps: 1838.35
2024-10-17 11:41:19.866: 161 epsilon: 0.1
2024-10-17 11:41:19.866: 161 q: 11.197806
2024-10-17 11:51:41.533: 162 test start:
2024-10-17 11:52:12.270: 162 avg_reward: 2339.5
2024-10-17 11:52:12.270: 162 avg_steps: 1670.45
2024-10-17 11:52:12.270: 162 epsilon: 0.1
2024-10-17 11:52:12.270: 162 q: 11.232819
2024-10-17 12:02:28.826: 163 test start:
2024-10-17 12:03:05.272: 163 avg_reward: 2912.0
2024-10-17 12:03:05.272: 163 avg_steps: 1877.05
2024-10-17 12:03:05.277: 163 epsilon: 0.1
2024-10-17 12:03:05.278: 163 q: 11.207283
2024-10-17 12:13:22.035: 164 test start:
2024-10-17 12:13:56.944: 164 avg_reward: 3132.0
2024-10-17 12:13:56.944: 164 avg_steps: 1823.05
2024-10-17 12:13:56.944: 164 epsilon: 0.1
2024-10-17 12:13:56.944: 164 q: 11.226321
2024-10-17 12:24:17.739: 165 test start:
2024-10-17 12:24:43.165: 165 avg_reward: 1395.0
2024-10-17 12:24:43.165: 165 avg_steps: 1279.5
2024-10-17 12:24:43.165: 165 epsilon: 0.1
2024-10-17 12:24:43.165: 165 q: 11.338452
2024-10-17 12:34:56.645: 166 test start:
2024-10-17 12:35:28.292: 166 avg_reward: 2700.0
2024-10-17 12:35:28.292: 166 avg_steps: 1653.8
2024-10-17 12:35:28.292: 166 epsilon: 0.1
2024-10-17 12:35:28.292: 166 q: 11.314315
2024-10-17 12:45:53.992: 167 test start:
2024-10-17 12:46:20.235: 167 avg_reward: 1934.5
2024-10-17 12:46:20.235: 167 avg_steps: 1329.95
2024-10-17 12:46:20.235: 167 epsilon: 0.1
2024-10-17 12:46:20.235: 167 q: 11.424802
2024-10-17 12:56:23.651: 168 test start:
2024-10-17 12:56:52.599: 168 avg_reward: 2217.5
2024-10-17 12:56:52.599: 168 avg_steps: 1455.95
2024-10-17 12:56:52.599: 168 epsilon: 0.1
2024-10-17 12:56:52.599: 168 q: 11.562357
2024-10-17 13:07:25.173: 169 test start:
2024-10-17 13:07:53.815: 169 avg_reward: 2064.5
2024-10-17 13:07:53.815: 169 avg_steps: 1500.85
2024-10-17 13:07:53.815: 169 epsilon: 0.1
2024-10-17 13:07:53.815: 169 q: 11.432034
2024-10-17 13:17:58.802: 170 test start:
2024-10-17 13:18:23.748: 170 avg_reward: 1391.0
2024-10-17 13:18:23.748: 170 avg_steps: 1241.7
2024-10-17 13:18:23.748: 170 epsilon: 0.1
2024-10-17 13:18:23.748: 170 q: 11.43883
2024-10-17 13:28:47.465: 171 test start:
2024-10-17 13:29:17.311: 171 avg_reward: 2485.5
2024-10-17 13:29:17.311: 171 avg_steps: 1569.45
2024-10-17 13:29:17.311: 171 epsilon: 0.1
2024-10-17 13:29:17.311: 171 q: 11.503918
2024-10-17 13:39:28.643: 172 test start:
2024-10-17 13:39:52.471: 172 avg_reward: 1306.0
2024-10-17 13:39:52.472: 172 avg_steps: 1192.6
2024-10-17 13:39:52.472: 172 epsilon: 0.1
2024-10-17 13:39:52.472: 172 q: 11.480201
2024-10-17 13:50:11.602: 173 test start:
2024-10-17 13:50:36.512: 173 avg_reward: 1662.0
2024-10-17 13:50:36.512: 173 avg_steps: 1299.35
2024-10-17 13:50:36.513: 173 epsilon: 0.1
2024-10-17 13:50:36.513: 173 q: 11.423286
2024-10-17 14:00:54.155: 174 test start:
2024-10-17 14:01:05.849: 174 avg_reward: 351.0
2024-10-17 14:01:05.849: 174 avg_steps: 604.95
2024-10-17 14:01:05.849: 174 epsilon: 0.1
2024-10-17 14:01:05.849: 174 q: 11.53117
2024-10-17 14:11:20.998: 175 test start:
2024-10-17 14:11:50.414: 175 avg_reward: 2764.5
2024-10-17 14:11:50.414: 175 avg_steps: 1592.1
2024-10-17 14:11:50.414: 175 epsilon: 0.1
2024-10-17 14:11:50.414: 175 q: 11.527792
2024-10-17 14:22:17.670: 176 test start:
2024-10-17 14:22:48.965: 176 avg_reward: 2441.0
2024-10-17 14:22:48.965: 176 avg_steps: 1601.75
2024-10-17 14:22:48.965: 176 epsilon: 0.1
2024-10-17 14:22:48.965: 176 q: 11.41319
2024-10-17 14:32:48.153: 177 test start:
2024-10-17 14:33:21.859: 177 avg_reward: 2393.5
2024-10-17 14:33:21.859: 177 avg_steps: 1755.55
2024-10-17 14:33:21.859: 177 epsilon: 0.1
2024-10-17 14:33:21.859: 177 q: 11.463688
2024-10-17 14:44:01.590: 178 test start:
2024-10-17 14:44:30.178: 178 avg_reward: 2220.0
2024-10-17 14:44:30.178: 178 avg_steps: 1530.5
2024-10-17 14:44:30.178: 178 epsilon: 0.1
2024-10-17 14:44:30.178: 178 q: 11.440953
2024-10-17 14:54:36.269: 179 test start:
2024-10-17 14:54:55.356: 179 avg_reward: 991.0
2024-10-17 14:54:55.356: 179 avg_steps: 1004.3
2024-10-17 14:54:55.356: 179 epsilon: 0.1
2024-10-17 14:54:55.356: 179 q: 11.424458
2024-10-17 15:05:27.617: 180 test start:
2024-10-17 15:05:54.244: 180 avg_reward: 2179.5
2024-10-17 15:05:54.244: 180 avg_steps: 1441.9
2024-10-17 15:05:54.244: 180 epsilon: 0.1
2024-10-17 15:05:54.244: 180 q: 11.39947
2024-10-17 15:16:04.036: 181 test start:
2024-10-17 15:16:34.629: 181 avg_reward: 2576.5
2024-10-17 15:16:34.630: 181 avg_steps: 1569.65
2024-10-17 15:16:34.630: 181 epsilon: 0.1
2024-10-17 15:16:34.630: 181 q: 11.283389
2024-10-17 15:26:43.992: 182 test start:
2024-10-17 15:27:01.676: 182 avg_reward: 954.0
2024-10-17 15:27:01.676: 182 avg_steps: 956.9
2024-10-17 15:27:01.676: 182 epsilon: 0.1
2024-10-17 15:27:01.677: 182 q: 11.219193
2024-10-17 15:37:20.093: 183 test start:
2024-10-17 15:37:46.103: 183 avg_reward: 1788.0
2024-10-17 15:37:46.104: 183 avg_steps: 1350.85
2024-10-17 15:37:46.109: 183 epsilon: 0.1
2024-10-17 15:37:46.109: 183 q: 11.226794
2024-10-17 15:48:00.017: 184 test start:
2024-10-17 15:48:32.394: 184 avg_reward: 2098.0
2024-10-17 15:48:32.394: 184 avg_steps: 1746.15
2024-10-17 15:48:32.394: 184 epsilon: 0.1
2024-10-17 15:48:32.394: 184 q: 11.168761
2024-10-17 15:58:59.377: 185 test start:
2024-10-17 15:59:23.192: 185 avg_reward: 1247.5
2024-10-17 15:59:23.192: 185 avg_steps: 1222.0
2024-10-17 15:59:23.193: 185 epsilon: 0.1
2024-10-17 15:59:23.193: 185 q: 11.2678175
2024-10-17 16:09:25.941: 186 test start:
2024-10-17 16:10:04.514: 186 avg_reward: 3048.5
2024-10-17 16:10:04.514: 186 avg_steps: 2044.75
2024-10-17 16:10:04.514: 186 epsilon: 0.1
2024-10-17 16:10:04.514: 186 q: 11.255886
2024-10-17 16:20:38.058: 187 test start:
2024-10-17 16:21:11.780: 187 avg_reward: 2639.5
2024-10-17 16:21:11.781: 187 avg_steps: 1776.0
2024-10-17 16:21:11.781: 187 epsilon: 0.1
2024-10-17 16:21:11.781: 187 q: 11.161983
2024-10-17 16:31:12.593: 188 test start:
2024-10-17 16:31:23.022: 188 avg_reward: 348.0
2024-10-17 16:31:23.022: 188 avg_steps: 544.8
2024-10-17 16:31:23.023: 188 epsilon: 0.1
2024-10-17 16:31:23.023: 188 q: 11.377574
2024-10-17 16:41:48.760: 189 test start:
2024-10-17 16:42:18.002: 189 avg_reward: 2506.5
2024-10-17 16:42:18.003: 189 avg_steps: 1550.0
2024-10-17 16:42:18.003: 189 epsilon: 0.1
2024-10-17 16:42:18.003: 189 q: 11.137858
2024-10-17 16:52:24.392: 190 test start:
2024-10-17 16:52:53.269: 190 avg_reward: 2712.0
2024-10-17 16:52:53.269: 190 avg_steps: 1611.1
2024-10-17 16:52:53.269: 190 epsilon: 0.1
2024-10-17 16:52:53.269: 190 q: 11.135944
2024-10-17 17:03:06.952: 191 test start:
2024-10-17 17:03:21.788: 191 avg_reward: 612.5
2024-10-17 17:03:21.788: 191 avg_steps: 771.75
2024-10-17 17:03:21.788: 191 epsilon: 0.1
2024-10-17 17:03:21.788: 191 q: 11.173127
2024-10-17 17:13:40.287: 192 test start:
2024-10-17 17:14:13.286: 192 avg_reward: 2446.0
2024-10-17 17:14:13.286: 192 avg_steps: 1676.1
2024-10-17 17:14:13.286: 192 epsilon: 0.1
2024-10-17 17:14:13.286: 192 q: 11.159201
2024-10-17 17:24:25.523: 193 test start:
2024-10-17 17:24:55.582: 193 avg_reward: 2345.5
2024-10-17 17:24:55.582: 193 avg_steps: 1603.95
2024-10-17 17:24:55.582: 193 epsilon: 0.1
2024-10-17 17:24:55.582: 193 q: 11.222031
2024-10-17 17:35:28.157: 194 test start:
2024-10-17 17:35:57.730: 194 avg_reward: 2230.5
2024-10-17 17:35:57.731: 194 avg_steps: 1536.1
2024-10-17 17:35:57.731: 194 epsilon: 0.1
2024-10-17 17:35:57.731: 194 q: 11.258221
2024-10-17 17:46:06.997: 195 test start:
2024-10-17 17:46:38.640: 195 avg_reward: 2614.0
2024-10-17 17:46:38.640: 195 avg_steps: 1667.55
2024-10-17 17:46:38.640: 195 epsilon: 0.1
2024-10-17 17:46:38.640: 195 q: 11.1716585
2024-10-17 17:57:04.488: 196 test start:
2024-10-17 17:57:16.472: 196 avg_reward: 370.0
2024-10-17 17:57:16.472: 196 avg_steps: 621.1
2024-10-17 17:57:16.472: 196 epsilon: 0.1
2024-10-17 17:57:16.472: 196 q: 11.33133
2024-10-17 18:07:16.303: 197 test start:
2024-10-17 18:07:50.128: 197 avg_reward: 3040.5
2024-10-17 18:07:50.128: 197 avg_steps: 1708.4
2024-10-17 18:07:50.128: 197 epsilon: 0.1
2024-10-17 18:07:50.128: 197 q: 11.157575
2024-10-17 18:18:22.734: 198 test start:
2024-10-17 18:18:44.193: 198 avg_reward: 1487.0
2024-10-17 18:18:44.193: 198 avg_steps: 1117.95
2024-10-17 18:18:44.193: 198 epsilon: 0.1
2024-10-17 18:18:44.193: 198 q: 11.188366
2024-10-17 18:28:55.880: 199 test start:
2024-10-17 18:29:17.173: 199 avg_reward: 529.0
2024-10-17 18:29:17.173: 199 avg_steps: 1068.15
2024-10-17 18:29:17.173: 199 epsilon: 0.1
2024-10-17 18:29:17.173: 199 q: 11.114207
2024-10-17 18:39:40.939: 200 test start:
2024-10-17 18:40:15.875: 200 avg_reward: 3108.0
2024-10-17 18:40:15.875: 200 avg_steps: 1812.65
2024-10-17 18:40:15.875: 200 epsilon: 0.1
2024-10-17 18:40:15.875: 200 q: 11.124944
