2024-10-11 16:47:42.610: 
parameters:agent_test_episodes: 20
batch_num_per_epoch: 250000
device: cuda:0
env_name: ALE/WizardOfWor-v5
epsilon_for_test: 0.05
epsilon_max: 1.0
epsilon_min: 0.1
exp_name: ALE-WizardOfWor-v5_2024-10-11-16-47-42
exp_path: ../exps/dqn/
exploration_steps: 1000000
gamma: 0.99
held_out_states_num: 1000
learning_rate: 0.00025
mini_batch_size: 32
model_update_freq: 4
n_times: 5
no_op_max: 30
phi_channel: 4
replay_buffer_size: 1000000
replay_start_size: 50000
save_model: true
screen_size: 84
seed: 0
skip_k_frame: 4
step_c: 10000
training_steps: 50000000

2024-10-11 16:47:42.711: env id: ALE/WizardOfWor-v5 |repeat_action_probability: 0 
2024-10-11 16:47:42.711: screen_size: 84 | grayscale_obs:True 
scale_obs:False | action space size: 10
remove flickering: True | frame skip: 4
state space shape: (210, 160, 3) 
2024-10-11 16:47:42.979: optimizer: RMSprop (
Parameter Group 0
    alpha: 0.95
    centered: False
    differentiable: False
    eps: 0.01
    foreach: None
    lr: 0.00025
    maximize: False
    momentum: 0
    weight_decay: 0
)
2024-10-11 16:56:58.910: 1 test start:
2024-10-11 16:57:11.522: 1 avg_reward: 247.0
2024-10-11 16:57:11.523: 1 avg_steps: 685.4
2024-10-11 16:57:11.523: 1 epsilon: 0.8187841
2024-10-11 16:57:11.523: 1 q: 0.0695975
2024-10-11 17:07:36.183: 2 test start:
2024-10-11 17:07:48.590: 2 avg_reward: 177.0
2024-10-11 17:07:48.590: 2 avg_steps: 645.15
2024-10-11 17:07:48.590: 2 epsilon: 0.5945662
2024-10-11 17:07:48.590: 2 q: 0.10103788
2024-10-11 17:17:39.454: 3 test start:
2024-10-11 17:17:53.486: 3 avg_reward: 197.0
2024-10-11 17:17:53.486: 3 avg_steps: 733.05
2024-10-11 17:17:53.486: 3 epsilon: 0.3698136999999999
2024-10-11 17:17:53.486: 3 q: 0.16790093
2024-10-11 18:05:55.665: 4 test start:
2024-10-11 18:06:14.636: 4 avg_reward: 362.0
2024-10-11 18:06:14.636: 4 avg_steps: 997.5
2024-10-11 18:06:14.636: 4 epsilon: 0.14489829999999992
2024-10-11 18:06:14.636: 4 q: 0.18597333
2024-10-11 18:16:45.607: 5 test start:
2024-10-11 18:16:52.989: 5 avg_reward: 47.0
2024-10-11 18:16:52.989: 5 avg_steps: 394.6
2024-10-11 18:16:52.989: 5 epsilon: 0.1
2024-10-11 18:16:52.989: 5 q: 0.22794443
2024-10-11 18:27:23.374: 6 test start:
2024-10-11 18:27:35.567: 6 avg_reward: 137.0
2024-10-11 18:27:35.568: 6 avg_steps: 647.05
2024-10-11 18:27:35.568: 6 epsilon: 0.1
2024-10-11 18:27:35.568: 6 q: 0.26748657
2024-10-11 18:38:02.463: 7 test start:
2024-10-11 18:38:09.838: 7 avg_reward: 57.0
2024-10-11 18:38:09.838: 7 avg_steps: 382.55
2024-10-11 18:38:09.838: 7 epsilon: 0.1
2024-10-11 18:38:09.838: 7 q: 0.2855083
2024-10-11 18:48:39.472: 8 test start:
2024-10-11 18:48:48.502: 8 avg_reward: 87.0
2024-10-11 18:48:48.502: 8 avg_steps: 455.1
2024-10-11 18:48:48.502: 8 epsilon: 0.1
2024-10-11 18:48:48.502: 8 q: 0.28856587
2024-10-11 18:59:16.556: 9 test start:
2024-10-11 18:59:31.105: 9 avg_reward: 187.0
2024-10-11 18:59:31.105: 9 avg_steps: 741.3
2024-10-11 18:59:31.105: 9 epsilon: 0.1
2024-10-11 18:59:31.105: 9 q: 0.30788764
2024-10-11 19:10:00.963: 10 test start:
2024-10-11 19:10:16.354: 10 avg_reward: 162.0
2024-10-11 19:10:16.354: 10 avg_steps: 783.95
2024-10-11 19:10:16.354: 10 epsilon: 0.1
2024-10-11 19:10:16.354: 10 q: 0.31034133
2024-10-11 19:20:47.902: 11 test start:
2024-10-11 19:21:05.809: 11 avg_reward: 227.0
2024-10-11 19:21:05.809: 11 avg_steps: 922.65
2024-10-11 19:21:05.809: 11 epsilon: 0.1
2024-10-11 19:21:05.810: 11 q: 0.3368404
2024-10-11 19:31:32.927: 12 test start:
2024-10-11 19:32:02.720: 12 avg_reward: 527.0
2024-10-11 19:32:02.720: 12 avg_steps: 1555.65
2024-10-11 19:32:02.720: 12 epsilon: 0.1
2024-10-11 19:32:02.720: 12 q: 0.33632666
2024-10-11 19:42:32.329: 13 test start:
2024-10-11 19:42:48.410: 13 avg_reward: 272.0
2024-10-11 19:42:48.410: 13 avg_steps: 820.55
2024-10-11 19:42:48.410: 13 epsilon: 0.1
2024-10-11 19:42:48.410: 13 q: 0.3777704
2024-10-11 19:53:17.735: 14 test start:
2024-10-11 19:53:39.543: 14 avg_reward: 342.0
2024-10-11 19:53:39.543: 14 avg_steps: 1116.45
2024-10-11 19:53:39.543: 14 epsilon: 0.1
2024-10-11 19:53:39.543: 14 q: 0.39859918
2024-10-11 20:04:13.598: 15 test start:
2024-10-11 20:04:27.599: 15 avg_reward: 202.0
2024-10-11 20:04:27.599: 15 avg_steps: 712.6
2024-10-11 20:04:27.599: 15 epsilon: 0.1
2024-10-11 20:04:27.599: 15 q: 0.4308359
2024-10-11 20:14:55.246: 16 test start:
2024-10-11 20:15:08.794: 16 avg_reward: 212.0
2024-10-11 20:15:08.794: 16 avg_steps: 682.4
2024-10-11 20:15:08.794: 16 epsilon: 0.1
2024-10-11 20:15:08.794: 16 q: 0.4658991
2024-10-11 20:25:42.120: 17 test start:
2024-10-11 20:26:00.533: 17 avg_reward: 407.0
2024-10-11 20:26:00.533: 17 avg_steps: 973.85
2024-10-11 20:26:00.533: 17 epsilon: 0.1
2024-10-11 20:26:00.533: 17 q: 0.48584166
2024-10-11 20:36:34.787: 18 test start:
2024-10-11 20:36:55.295: 18 avg_reward: 392.0
2024-10-11 20:36:55.296: 18 avg_steps: 1050.8
2024-10-11 20:36:55.296: 18 epsilon: 0.1
2024-10-11 20:36:55.296: 18 q: 0.54051685
2024-10-11 20:47:22.905: 19 test start:
2024-10-11 20:47:41.672: 19 avg_reward: 327.0
2024-10-11 20:47:41.672: 19 avg_steps: 957.75
2024-10-11 20:47:41.672: 19 epsilon: 0.1
2024-10-11 20:47:41.672: 19 q: 0.53406113
2024-10-11 20:58:18.303: 20 test start:
2024-10-11 20:58:34.377: 20 avg_reward: 242.0
2024-10-11 20:58:34.377: 20 avg_steps: 814.05
2024-10-11 20:58:34.377: 20 epsilon: 0.1
2024-10-11 20:58:34.378: 20 q: 0.5530159
2024-10-11 21:09:04.971: 21 test start:
2024-10-11 21:09:22.392: 21 avg_reward: 257.0
2024-10-11 21:09:22.392: 21 avg_steps: 884.85
2024-10-11 21:09:22.392: 21 epsilon: 0.1
2024-10-11 21:09:22.392: 21 q: 0.6369421
2024-10-11 21:19:50.806: 22 test start:
2024-10-11 21:20:19.843: 22 avg_reward: 532.0
2024-10-11 21:20:19.844: 22 avg_steps: 1495.4
2024-10-11 21:20:19.844: 22 epsilon: 0.1
2024-10-11 21:20:19.844: 22 q: 0.6562578
2024-10-11 21:30:51.204: 23 test start:
2024-10-11 21:31:15.533: 23 avg_reward: 517.0
2024-10-11 21:31:15.534: 23 avg_steps: 1257.05
2024-10-11 21:31:15.534: 23 epsilon: 0.1
2024-10-11 21:31:15.534: 23 q: 0.64437693
2024-10-11 21:41:41.823: 24 test start:
2024-10-11 21:42:12.315: 24 avg_reward: 497.0
2024-10-11 21:42:12.316: 24 avg_steps: 1588.35
2024-10-11 21:42:12.316: 24 epsilon: 0.1
2024-10-11 21:42:12.316: 24 q: 0.64107007
2024-10-11 21:52:40.359: 25 test start:
2024-10-11 21:53:03.144: 25 avg_reward: 342.0
2024-10-11 21:53:03.144: 25 avg_steps: 1190.95
2024-10-11 21:53:03.149: 25 epsilon: 0.1
2024-10-11 21:53:03.149: 25 q: 0.66787523
2024-10-11 22:03:30.577: 26 test start:
2024-10-11 22:03:53.829: 26 avg_reward: 482.0
2024-10-11 22:03:53.829: 26 avg_steps: 1206.1
2024-10-11 22:03:53.829: 26 epsilon: 0.1
2024-10-11 22:03:53.829: 26 q: 0.69679165
2024-10-11 22:14:23.251: 27 test start:
2024-10-11 22:15:01.507: 27 avg_reward: 872.0
2024-10-11 22:15:01.507: 27 avg_steps: 1997.9
2024-10-11 22:15:01.507: 27 epsilon: 0.1
2024-10-11 22:15:01.507: 27 q: 0.7315644
2024-10-11 22:25:28.564: 28 test start:
2024-10-11 22:25:52.563: 28 avg_reward: 597.0
2024-10-11 22:25:52.563: 28 avg_steps: 1231.85
2024-10-11 22:25:52.563: 28 epsilon: 0.1
2024-10-11 22:25:52.563: 28 q: 0.7290659
2024-10-11 22:36:22.708: 29 test start:
2024-10-11 22:36:59.753: 29 avg_reward: 522.0
2024-10-11 22:36:59.753: 29 avg_steps: 1906.55
2024-10-11 22:36:59.753: 29 epsilon: 0.1
2024-10-11 22:36:59.753: 29 q: 0.7830461
2024-10-11 22:47:26.446: 30 test start:
2024-10-11 22:47:58.077: 30 avg_reward: 607.0
2024-10-11 22:47:58.078: 30 avg_steps: 1622.25
2024-10-11 22:47:58.078: 30 epsilon: 0.1
2024-10-11 22:47:58.078: 30 q: 0.7739019
2024-10-11 22:58:27.104: 31 test start:
2024-10-11 22:58:50.715: 31 avg_reward: 842.0
2024-10-11 22:58:50.715: 31 avg_steps: 1210.2
2024-10-11 22:58:50.715: 31 epsilon: 0.1
2024-10-11 22:58:50.715: 31 q: 0.8390043
2024-10-11 23:09:20.292: 32 test start:
2024-10-11 23:09:57.407: 32 avg_reward: 632.0
2024-10-11 23:09:57.408: 32 avg_steps: 1923.85
2024-10-11 23:09:57.408: 32 epsilon: 0.1
2024-10-11 23:09:57.408: 32 q: 0.86168045
2024-10-11 23:20:27.641: 33 test start:
2024-10-11 23:20:52.795: 33 avg_reward: 582.0
2024-10-11 23:20:52.796: 33 avg_steps: 1298.4
2024-10-11 23:20:52.796: 33 epsilon: 0.1
2024-10-11 23:20:52.796: 33 q: 0.93377054
2024-10-11 23:31:22.630: 34 test start:
2024-10-11 23:31:36.921: 34 avg_reward: 462.0
2024-10-11 23:31:36.921: 34 avg_steps: 733.3
2024-10-11 23:31:36.921: 34 epsilon: 0.1
2024-10-11 23:31:36.921: 34 q: 0.9649383
2024-10-11 23:41:58.953: 35 test start:
2024-10-11 23:42:38.637: 35 avg_reward: 977.0
2024-10-11 23:42:38.637: 35 avg_steps: 2042.4
2024-10-11 23:42:38.637: 35 epsilon: 0.1
2024-10-11 23:42:38.637: 35 q: 0.99503297
2024-10-11 23:53:05.447: 36 test start:
2024-10-11 23:53:43.750: 36 avg_reward: 462.0
2024-10-11 23:53:43.750: 36 avg_steps: 2017.25
2024-10-11 23:53:43.750: 36 epsilon: 0.1
2024-10-11 23:53:43.750: 36 q: 1.0090114
2024-10-12 00:04:16.115: 37 test start:
2024-10-12 00:04:46.254: 37 avg_reward: 662.0
2024-10-12 00:04:46.254: 37 avg_steps: 1611.4
2024-10-12 00:04:46.254: 37 epsilon: 0.1
2024-10-12 00:04:46.254: 37 q: 1.0599155
2024-10-12 00:15:15.551: 38 test start:
2024-10-12 00:15:42.490: 38 avg_reward: 552.0
2024-10-12 00:15:42.490: 38 avg_steps: 1400.05
2024-10-12 00:15:42.490: 38 epsilon: 0.1
2024-10-12 00:15:42.490: 38 q: 1.0957224
2024-10-12 00:26:12.586: 39 test start:
2024-10-12 00:26:51.012: 39 avg_reward: 1067.0
2024-10-12 00:26:51.012: 39 avg_steps: 1960.75
2024-10-12 00:26:51.012: 39 epsilon: 0.1
2024-10-12 00:26:51.012: 39 q: 1.1022416
2024-10-12 00:37:15.182: 40 test start:
2024-10-12 00:37:42.134: 40 avg_reward: 827.0
2024-10-12 00:37:42.134: 40 avg_steps: 1382.05
2024-10-12 00:37:42.134: 40 epsilon: 0.1
2024-10-12 00:37:42.134: 40 q: 1.103959
2024-10-12 00:48:12.818: 41 test start:
2024-10-12 00:48:43.249: 41 avg_reward: 1172.0
2024-10-12 00:48:43.249: 41 avg_steps: 1567.6
2024-10-12 00:48:43.249: 41 epsilon: 0.1
2024-10-12 00:48:43.249: 41 q: 1.1766633
2024-10-12 00:59:04.040: 42 test start:
2024-10-12 00:59:38.173: 42 avg_reward: 832.0
2024-10-12 00:59:38.173: 42 avg_steps: 1751.4
2024-10-12 00:59:38.173: 42 epsilon: 0.1
2024-10-12 00:59:38.173: 42 q: 1.2143164
2024-10-12 01:10:03.830: 43 test start:
2024-10-12 01:10:29.957: 43 avg_reward: 457.0
2024-10-12 01:10:29.957: 43 avg_steps: 1334.45
2024-10-12 01:10:29.963: 43 epsilon: 0.1
2024-10-12 01:10:29.963: 43 q: 1.3337289
2024-10-12 01:20:55.915: 44 test start:
2024-10-12 01:21:34.669: 44 avg_reward: 1072.0
2024-10-12 01:21:34.669: 44 avg_steps: 1989.45
2024-10-12 01:21:34.669: 44 epsilon: 0.1
2024-10-12 01:21:34.669: 44 q: 1.3955576
2024-10-12 01:32:01.141: 45 test start:
2024-10-12 01:32:37.238: 45 avg_reward: 1362.0
2024-10-12 01:32:37.238: 45 avg_steps: 1854.35
2024-10-12 01:32:37.238: 45 epsilon: 0.1
2024-10-12 01:32:37.238: 45 q: 1.4464982
2024-10-12 01:43:02.541: 46 test start:
2024-10-12 01:43:44.769: 46 avg_reward: 2002.0
2024-10-12 01:43:44.769: 46 avg_steps: 2173.2
2024-10-12 01:43:44.769: 46 epsilon: 0.1
2024-10-12 01:43:44.769: 46 q: 1.4988185
2024-10-12 01:54:13.718: 47 test start:
2024-10-12 01:54:42.512: 47 avg_reward: 1172.0
2024-10-12 01:54:42.512: 47 avg_steps: 1480.7
2024-10-12 01:54:42.512: 47 epsilon: 0.1
2024-10-12 01:54:42.512: 47 q: 1.4798521
2024-10-12 02:05:06.239: 48 test start:
2024-10-12 02:05:47.407: 48 avg_reward: 1147.0
2024-10-12 02:05:47.407: 48 avg_steps: 2111.3
2024-10-12 02:05:47.407: 48 epsilon: 0.1
2024-10-12 02:05:47.407: 48 q: 1.5534382
2024-10-12 02:16:14.414: 49 test start:
2024-10-12 02:16:43.159: 49 avg_reward: 1632.0
2024-10-12 02:16:43.159: 49 avg_steps: 1479.9
2024-10-12 02:16:43.159: 49 epsilon: 0.1
2024-10-12 02:16:43.159: 49 q: 1.582551
2024-10-12 02:27:03.133: 50 test start:
2024-10-12 02:27:42.864: 50 avg_reward: 902.0
2024-10-12 02:27:42.864: 50 avg_steps: 2069.5
2024-10-12 02:27:42.864: 50 epsilon: 0.1
2024-10-12 02:27:42.864: 50 q: 1.7050351
2024-10-12 02:38:08.098: 51 test start:
2024-10-12 02:38:34.501: 51 avg_reward: 1457.0
2024-10-12 02:38:34.501: 51 avg_steps: 1367.4
2024-10-12 02:38:34.501: 51 epsilon: 0.1
2024-10-12 02:38:34.501: 51 q: 1.7348758
2024-10-12 02:49:02.840: 52 test start:
2024-10-12 02:49:23.560: 52 avg_reward: 1112.0
2024-10-12 02:49:23.560: 52 avg_steps: 1087.25
2024-10-12 02:49:23.560: 52 epsilon: 0.1
2024-10-12 02:49:23.560: 52 q: 1.8069873
2024-10-12 02:59:48.200: 53 test start:
2024-10-12 03:00:17.825: 53 avg_reward: 1287.0
2024-10-12 03:00:17.825: 53 avg_steps: 1552.35
2024-10-12 03:00:17.825: 53 epsilon: 0.1
2024-10-12 03:00:17.825: 53 q: 1.8264588
2024-10-12 03:10:43.441: 54 test start:
2024-10-12 03:11:00.590: 54 avg_reward: 647.0
2024-10-12 03:11:00.590: 54 avg_steps: 877.55
2024-10-12 03:11:00.590: 54 epsilon: 0.1
2024-10-12 03:11:00.590: 54 q: 1.902375
2024-10-12 03:21:24.982: 55 test start:
2024-10-12 03:21:56.907: 55 avg_reward: 2022.0
2024-10-12 03:21:56.908: 55 avg_steps: 1639.05
2024-10-12 03:21:56.908: 55 epsilon: 0.1
2024-10-12 03:21:56.908: 55 q: 1.9227028
2024-10-12 03:32:23.013: 56 test start:
2024-10-12 03:32:38.613: 56 avg_reward: 577.0
2024-10-12 03:32:38.613: 56 avg_steps: 796.7
2024-10-12 03:32:38.613: 56 epsilon: 0.1
2024-10-12 03:32:38.613: 56 q: 1.9899707
2024-10-12 03:43:04.919: 57 test start:
2024-10-12 03:43:32.413: 57 avg_reward: 837.0
2024-10-12 03:43:32.413: 57 avg_steps: 1468.5
2024-10-12 03:43:32.414: 57 epsilon: 0.1
2024-10-12 03:43:32.414: 57 q: 2.067389
2024-10-12 03:53:56.374: 58 test start:
2024-10-12 03:54:40.988: 58 avg_reward: 1032.0
2024-10-12 03:54:40.989: 58 avg_steps: 2359.2
2024-10-12 03:54:40.989: 58 epsilon: 0.1
2024-10-12 03:54:40.989: 58 q: 2.059179
2024-10-12 04:05:08.460: 59 test start:
2024-10-12 04:05:33.688: 59 avg_reward: 882.0
2024-10-12 04:05:33.688: 59 avg_steps: 1280.9
2024-10-12 04:05:33.688: 59 epsilon: 0.1
2024-10-12 04:05:33.688: 59 q: 2.088818
2024-10-12 04:15:56.323: 60 test start:
2024-10-12 04:16:26.881: 60 avg_reward: 2002.0
2024-10-12 04:16:26.882: 60 avg_steps: 1568.7
2024-10-12 04:16:26.882: 60 epsilon: 0.1
2024-10-12 04:16:26.882: 60 q: 2.1003973
2024-10-12 04:26:52.157: 61 test start:
2024-10-12 04:27:18.069: 61 avg_reward: 2277.0
2024-10-12 04:27:18.070: 61 avg_steps: 1339.3
2024-10-12 04:27:18.070: 61 epsilon: 0.1
2024-10-12 04:27:18.070: 61 q: 2.1544957
2024-10-12 04:37:37.946: 62 test start:
2024-10-12 04:38:08.675: 62 avg_reward: 1407.0
2024-10-12 04:38:08.675: 62 avg_steps: 1583.75
2024-10-12 04:38:08.675: 62 epsilon: 0.1
2024-10-12 04:38:08.675: 62 q: 2.233764
2024-10-12 04:48:35.258: 63 test start:
2024-10-12 04:49:12.546: 63 avg_reward: 2752.0
2024-10-12 04:49:12.547: 63 avg_steps: 1913.45
2024-10-12 04:49:12.547: 63 epsilon: 0.1
2024-10-12 04:49:12.547: 63 q: 2.2736328
2024-10-12 04:59:40.588: 64 test start:
2024-10-12 05:00:17.184: 64 avg_reward: 3617.0
2024-10-12 05:00:17.184: 64 avg_steps: 1887.25
2024-10-12 05:00:17.184: 64 epsilon: 0.1
2024-10-12 05:00:17.184: 64 q: 2.323103
2024-10-12 05:10:42.977: 65 test start:
2024-10-12 05:11:00.331: 65 avg_reward: 757.0
2024-10-12 05:11:00.331: 65 avg_steps: 881.5
2024-10-12 05:11:00.331: 65 epsilon: 0.1
2024-10-12 05:11:00.331: 65 q: 2.3609605
2024-10-12 05:21:17.717: 66 test start:
2024-10-12 05:21:41.860: 66 avg_reward: 1447.0
2024-10-12 05:21:41.860: 66 avg_steps: 1241.3
2024-10-12 05:21:41.860: 66 epsilon: 0.1
2024-10-12 05:21:41.860: 66 q: 2.4022892
2024-10-12 05:32:06.778: 67 test start:
2024-10-12 05:32:42.959: 67 avg_reward: 2612.0
2024-10-12 05:32:42.959: 67 avg_steps: 1866.1
2024-10-12 05:32:42.959: 67 epsilon: 0.1
2024-10-12 05:32:42.959: 67 q: 2.4034405
2024-10-12 05:43:07.746: 68 test start:
2024-10-12 05:43:32.349: 68 avg_reward: 1292.0
2024-10-12 05:43:32.349: 68 avg_steps: 1266.9
2024-10-12 05:43:32.349: 68 epsilon: 0.1
2024-10-12 05:43:32.350: 68 q: 2.5138543
2024-10-12 05:53:56.416: 69 test start:
2024-10-12 05:54:23.391: 69 avg_reward: 1577.0
2024-10-12 05:54:23.391: 69 avg_steps: 1391.1
2024-10-12 05:54:23.397: 69 epsilon: 0.1
2024-10-12 05:54:23.397: 69 q: 2.580695
2024-10-12 06:04:48.811: 70 test start:
2024-10-12 06:05:19.090: 70 avg_reward: 1842.0
2024-10-12 06:05:19.090: 70 avg_steps: 1552.4
2024-10-12 06:05:19.090: 70 epsilon: 0.1
2024-10-12 06:05:19.090: 70 q: 2.602249
2024-10-12 06:15:49.068: 71 test start:
2024-10-12 06:16:40.761: 71 avg_reward: 2512.0
2024-10-12 06:16:40.761: 71 avg_steps: 2725.05
2024-10-12 06:16:40.761: 71 epsilon: 0.1
2024-10-12 06:16:40.761: 71 q: 2.5847542
2024-10-12 06:27:04.521: 72 test start:
2024-10-12 06:27:27.715: 72 avg_reward: 1697.0
2024-10-12 06:27:27.716: 72 avg_steps: 1210.25
2024-10-12 06:27:27.716: 72 epsilon: 0.1
2024-10-12 06:27:27.716: 72 q: 2.5707896
2024-10-12 06:37:50.687: 73 test start:
2024-10-12 06:38:26.347: 73 avg_reward: 1937.0
2024-10-12 06:38:26.347: 73 avg_steps: 1838.45
2024-10-12 06:38:26.347: 73 epsilon: 0.1
2024-10-12 06:38:26.348: 73 q: 2.691682
2024-10-12 06:48:51.922: 74 test start:
2024-10-12 06:49:18.333: 74 avg_reward: 1592.0
2024-10-12 06:49:18.333: 74 avg_steps: 1361.95
2024-10-12 06:49:18.333: 74 epsilon: 0.1
2024-10-12 06:49:18.333: 74 q: 2.7212696
2024-10-12 06:59:41.273: 75 test start:
2024-10-12 07:00:09.279: 75 avg_reward: 2202.0
2024-10-12 07:00:09.279: 75 avg_steps: 1459.3
2024-10-12 07:00:09.279: 75 epsilon: 0.1
2024-10-12 07:00:09.279: 75 q: 2.7476323
2024-10-12 07:10:36.418: 76 test start:
2024-10-12 07:11:02.356: 76 avg_reward: 2462.0
2024-10-12 07:11:02.356: 76 avg_steps: 1339.2
2024-10-12 07:11:02.356: 76 epsilon: 0.1
2024-10-12 07:11:02.356: 76 q: 2.7438257
2024-10-12 07:21:30.887: 77 test start:
2024-10-12 07:22:01.511: 77 avg_reward: 2437.0
2024-10-12 07:22:01.511: 77 avg_steps: 1595.55
2024-10-12 07:22:01.511: 77 epsilon: 0.1
2024-10-12 07:22:01.511: 77 q: 2.7285652
2024-10-12 07:32:29.783: 78 test start:
2024-10-12 07:33:00.059: 78 avg_reward: 2862.0
2024-10-12 07:33:00.060: 78 avg_steps: 1633.75
2024-10-12 07:33:00.060: 78 epsilon: 0.1
2024-10-12 07:33:00.060: 78 q: 2.717001
2024-10-12 07:43:26.459: 79 test start:
2024-10-12 07:43:59.726: 79 avg_reward: 3187.0
2024-10-12 07:43:59.727: 79 avg_steps: 1758.5
2024-10-12 07:43:59.727: 79 epsilon: 0.1
2024-10-12 07:43:59.727: 79 q: 2.722605
2024-10-12 07:54:20.464: 80 test start:
2024-10-12 07:54:50.615: 80 avg_reward: 2392.0
2024-10-12 07:54:50.615: 80 avg_steps: 1563.75
2024-10-12 07:54:50.615: 80 epsilon: 0.1
2024-10-12 07:54:50.615: 80 q: 2.7282705
2024-10-12 08:05:17.318: 81 test start:
2024-10-12 08:05:39.811: 81 avg_reward: 1352.0
2024-10-12 08:05:39.812: 81 avg_steps: 1163.65
2024-10-12 08:05:39.812: 81 epsilon: 0.1
2024-10-12 08:05:39.812: 81 q: 2.7304497
2024-10-12 08:16:02.509: 82 test start:
2024-10-12 08:16:35.760: 82 avg_reward: 3517.0
2024-10-12 08:16:35.761: 82 avg_steps: 1719.7
2024-10-12 08:16:35.761: 82 epsilon: 0.1
2024-10-12 08:16:35.761: 82 q: 2.7661655
2024-10-12 08:27:00.352: 83 test start:
2024-10-12 08:27:28.870: 83 avg_reward: 2507.0
2024-10-12 08:27:28.870: 83 avg_steps: 1486.6
2024-10-12 08:27:28.870: 83 epsilon: 0.1
2024-10-12 08:27:28.870: 83 q: 2.7906497
2024-10-12 08:37:59.541: 84 test start:
2024-10-12 08:38:28.455: 84 avg_reward: 2152.0
2024-10-12 08:38:28.455: 84 avg_steps: 1500.5
2024-10-12 08:38:28.456: 84 epsilon: 0.1
2024-10-12 08:38:28.456: 84 q: 2.8765633
2024-10-12 08:48:51.579: 85 test start:
2024-10-12 08:49:17.783: 85 avg_reward: 957.0
2024-10-12 08:49:17.783: 85 avg_steps: 1362.4
2024-10-12 08:49:17.783: 85 epsilon: 0.1
2024-10-12 08:49:17.783: 85 q: 3.0084708
2024-10-12 08:59:43.549: 86 test start:
2024-10-12 09:00:07.709: 86 avg_reward: 2072.0
2024-10-12 09:00:07.709: 86 avg_steps: 1263.15
2024-10-12 09:00:07.709: 86 epsilon: 0.1
2024-10-12 09:00:07.709: 86 q: 2.9305801
2024-10-12 09:10:39.458: 87 test start:
2024-10-12 09:11:07.026: 87 avg_reward: 3662.0
2024-10-12 09:11:07.027: 87 avg_steps: 1495.3
2024-10-12 09:11:07.027: 87 epsilon: 0.1
2024-10-12 09:11:07.027: 87 q: 2.8979497
2024-10-12 09:21:35.357: 88 test start:
2024-10-12 09:21:56.115: 88 avg_reward: 1427.0
2024-10-12 09:21:56.115: 88 avg_steps: 1078.9
2024-10-12 09:21:56.115: 88 epsilon: 0.1
2024-10-12 09:21:56.115: 88 q: 2.9263911
2024-10-12 09:32:20.680: 89 test start:
2024-10-12 09:32:42.358: 89 avg_reward: 1322.0
2024-10-12 09:32:42.358: 89 avg_steps: 1124.25
2024-10-12 09:32:42.358: 89 epsilon: 0.1
2024-10-12 09:32:42.358: 89 q: 2.861478
2024-10-12 09:43:11.041: 90 test start:
2024-10-12 09:43:41.750: 90 avg_reward: 3867.0
2024-10-12 09:43:41.751: 90 avg_steps: 1584.5
2024-10-12 09:43:41.751: 90 epsilon: 0.1
2024-10-12 09:43:41.751: 90 q: 2.882026
2024-10-12 09:54:11.187: 91 test start:
2024-10-12 09:54:37.920: 91 avg_reward: 3157.0
2024-10-12 09:54:37.920: 91 avg_steps: 1385.85
2024-10-12 09:54:37.921: 91 epsilon: 0.1
2024-10-12 09:54:37.921: 91 q: 2.8464336
2024-10-12 10:05:07.666: 92 test start:
2024-10-12 10:05:40.497: 92 avg_reward: 3492.0
2024-10-12 10:05:40.497: 92 avg_steps: 1714.25
2024-10-12 10:05:40.497: 92 epsilon: 0.1
2024-10-12 10:05:40.497: 92 q: 2.8715997
2024-10-12 10:15:58.629: 93 test start:
2024-10-12 10:16:19.575: 93 avg_reward: 1862.0
2024-10-12 10:16:19.575: 93 avg_steps: 1110.5
2024-10-12 10:16:19.575: 93 epsilon: 0.1
2024-10-12 10:16:19.575: 93 q: 2.8632514
2024-10-12 10:26:23.778: 94 test start:
2024-10-12 10:26:49.636: 94 avg_reward: 2527.0
2024-10-12 10:26:49.636: 94 avg_steps: 1356.75
2024-10-12 10:26:49.636: 94 epsilon: 0.1
2024-10-12 10:26:49.636: 94 q: 2.8165348
2024-10-12 10:37:14.541: 95 test start:
2024-10-12 10:37:42.983: 95 avg_reward: 4682.0
2024-10-12 10:37:42.983: 95 avg_steps: 1548.0
2024-10-12 10:37:42.983: 95 epsilon: 0.1
2024-10-12 10:37:42.983: 95 q: 2.863305
2024-10-12 10:48:16.550: 96 test start:
2024-10-12 10:48:46.607: 96 avg_reward: 3757.0
2024-10-12 10:48:46.607: 96 avg_steps: 1608.35
2024-10-12 10:48:46.607: 96 epsilon: 0.1
2024-10-12 10:48:46.608: 96 q: 2.8575609
2024-10-12 10:59:08.935: 97 test start:
2024-10-12 10:59:38.249: 97 avg_reward: 3677.0
2024-10-12 10:59:38.250: 97 avg_steps: 1583.7
2024-10-12 10:59:38.250: 97 epsilon: 0.1
2024-10-12 10:59:38.250: 97 q: 2.8361444
2024-10-12 11:09:45.736: 98 test start:
2024-10-12 11:10:18.807: 98 avg_reward: 2562.0
2024-10-12 11:10:18.808: 98 avg_steps: 1731.75
2024-10-12 11:10:18.808: 98 epsilon: 0.1
2024-10-12 11:10:18.808: 98 q: 2.8406606
2024-10-12 11:20:26.285: 99 test start:
2024-10-12 11:20:53.384: 99 avg_reward: 2952.0
2024-10-12 11:20:53.384: 99 avg_steps: 1449.45
2024-10-12 11:20:53.384: 99 epsilon: 0.1
2024-10-12 11:20:53.384: 99 q: 2.8347871
2024-10-12 11:31:11.990: 100 test start:
2024-10-12 11:31:38.622: 100 avg_reward: 3152.0
2024-10-12 11:31:38.622: 100 avg_steps: 1389.6
2024-10-12 11:31:38.622: 100 epsilon: 0.1
2024-10-12 11:31:38.622: 100 q: 2.827976
2024-10-12 11:42:04.109: 101 test start:
2024-10-12 11:42:31.860: 101 avg_reward: 3377.0
2024-10-12 11:42:31.861: 101 avg_steps: 1439.6
2024-10-12 11:42:31.861: 101 epsilon: 0.1
2024-10-12 11:42:31.861: 101 q: 2.8213906
2024-10-12 11:52:50.209: 102 test start:
2024-10-12 11:53:14.944: 102 avg_reward: 3207.0
2024-10-12 11:53:14.944: 102 avg_steps: 1286.3
2024-10-12 11:53:14.944: 102 epsilon: 0.1
2024-10-12 11:53:14.944: 102 q: 2.8066587
2024-10-12 12:03:22.783: 103 test start:
2024-10-12 12:03:56.955: 103 avg_reward: 4762.0
2024-10-12 12:03:56.956: 103 avg_steps: 1818.65
2024-10-12 12:03:56.956: 103 epsilon: 0.1
2024-10-12 12:03:56.956: 103 q: 2.7971096
2024-10-12 12:14:09.920: 104 test start:
2024-10-12 12:14:38.989: 104 avg_reward: 3352.0
2024-10-12 12:14:38.990: 104 avg_steps: 1487.3
2024-10-12 12:14:38.990: 104 epsilon: 0.1
2024-10-12 12:14:38.990: 104 q: 2.793534
2024-10-12 12:25:07.106: 105 test start:
2024-10-12 12:25:48.757: 105 avg_reward: 6797.0
2024-10-12 12:25:48.757: 105 avg_steps: 2126.15
2024-10-12 12:25:48.758: 105 epsilon: 0.1
2024-10-12 12:25:48.758: 105 q: 2.7809377
2024-10-12 12:35:49.457: 106 test start:
2024-10-12 12:36:18.152: 106 avg_reward: 3137.0
2024-10-12 12:36:18.152: 106 avg_steps: 1520.5
2024-10-12 12:36:18.152: 106 epsilon: 0.1
2024-10-12 12:36:18.152: 106 q: 2.8518133
2024-10-12 12:46:36.018: 107 test start:
2024-10-12 12:47:04.688: 107 avg_reward: 4092.0
2024-10-12 12:47:04.689: 107 avg_steps: 1487.85
2024-10-12 12:47:04.689: 107 epsilon: 0.1
2024-10-12 12:47:04.689: 107 q: 2.8579178
2024-10-12 12:57:00.164: 108 test start:
2024-10-12 12:57:38.955: 108 avg_reward: 4322.0
2024-10-12 12:57:38.955: 108 avg_steps: 2087.15
2024-10-12 12:57:38.955: 108 epsilon: 0.1
2024-10-12 12:57:38.955: 108 q: 2.893231
2024-10-12 13:08:08.180: 109 test start:
2024-10-12 13:09:01.013: 109 avg_reward: 2242.1
2024-10-12 13:09:01.013: 109 avg_steps: 2755.85
2024-10-12 13:09:01.013: 109 epsilon: 0.1
2024-10-12 13:09:01.013: 109 q: 2.9496343
2024-10-12 13:18:54.605: 110 test start:
2024-10-12 13:19:26.051: 110 avg_reward: 4677.0
2024-10-12 13:19:26.052: 110 avg_steps: 1650.65
2024-10-12 13:19:26.052: 110 epsilon: 0.1
2024-10-12 13:19:26.052: 110 q: 2.9547205
2024-10-12 13:29:52.339: 111 test start:
2024-10-12 13:30:19.510: 111 avg_reward: 3502.0
2024-10-12 13:30:19.511: 111 avg_steps: 1405.6
2024-10-12 13:30:19.511: 111 epsilon: 0.1
2024-10-12 13:30:19.511: 111 q: 2.9445345
2024-10-12 13:40:45.566: 112 test start:
2024-10-12 13:41:16.555: 112 avg_reward: 5017.0
2024-10-12 13:41:16.555: 112 avg_steps: 1648.85
2024-10-12 13:41:16.555: 112 epsilon: 0.1
2024-10-12 13:41:16.555: 112 q: 2.978184
2024-10-12 13:51:35.328: 113 test start:
2024-10-12 13:52:03.158: 113 avg_reward: 1287.0
2024-10-12 13:52:03.158: 113 avg_steps: 1444.65
2024-10-12 13:52:03.158: 113 epsilon: 0.1
2024-10-12 13:52:03.158: 113 q: 3.011735
2024-10-12 14:02:10.838: 114 test start:
2024-10-12 14:02:44.838: 114 avg_reward: 6297.0
2024-10-12 14:02:44.839: 114 avg_steps: 1850.25
2024-10-12 14:02:44.839: 114 epsilon: 0.1
2024-10-12 14:02:44.839: 114 q: 3.0200117
2024-10-12 14:13:10.925: 115 test start:
2024-10-12 14:13:43.196: 115 avg_reward: 4672.0
2024-10-12 14:13:43.196: 115 avg_steps: 1770.0
2024-10-12 14:13:43.196: 115 epsilon: 0.1
2024-10-12 14:13:43.196: 115 q: 3.0730054
2024-10-12 14:23:50.071: 116 test start:
2024-10-12 14:24:20.000: 116 avg_reward: 2992.0
2024-10-12 14:24:20.000: 116 avg_steps: 1552.15
2024-10-12 14:24:20.000: 116 epsilon: 0.1
2024-10-12 14:24:20.000: 116 q: 3.0881062
2024-10-12 14:34:30.524: 117 test start:
2024-10-12 14:35:08.134: 117 avg_reward: 7832.0
2024-10-12 14:35:08.134: 117 avg_steps: 2003.95
2024-10-12 14:35:08.134: 117 epsilon: 0.1
2024-10-12 14:35:08.134: 117 q: 3.1231208
2024-10-12 14:45:18.067: 118 test start:
2024-10-12 14:45:53.444: 118 avg_reward: 4922.0
2024-10-12 14:45:53.444: 118 avg_steps: 1847.7
2024-10-12 14:45:53.444: 118 epsilon: 0.1
2024-10-12 14:45:53.444: 118 q: 3.138429
2024-10-12 14:55:53.520: 119 test start:
2024-10-12 14:56:25.428: 119 avg_reward: 5342.0
2024-10-12 14:56:25.428: 119 avg_steps: 1713.55
2024-10-12 14:56:25.428: 119 epsilon: 0.1
2024-10-12 14:56:25.429: 119 q: 3.183332
2024-10-12 15:06:40.780: 120 test start:
2024-10-12 15:07:10.539: 120 avg_reward: 4442.0
2024-10-12 15:07:10.539: 120 avg_steps: 1545.5
2024-10-12 15:07:10.539: 120 epsilon: 0.1
2024-10-12 15:07:10.539: 120 q: 3.1871486
2024-10-12 15:17:03.553: 121 test start:
2024-10-12 15:17:38.747: 121 avg_reward: 3082.0
2024-10-12 15:17:38.747: 121 avg_steps: 1826.25
2024-10-12 15:17:38.747: 121 epsilon: 0.1
2024-10-12 15:17:38.747: 121 q: 3.1981537
2024-10-12 15:28:01.838: 122 test start:
2024-10-12 15:28:27.815: 122 avg_reward: 2877.0
2024-10-12 15:28:27.815: 122 avg_steps: 1390.4
2024-10-12 15:28:27.816: 122 epsilon: 0.1
2024-10-12 15:28:27.816: 122 q: 3.1398282
2024-10-12 15:38:33.549: 123 test start:
2024-10-12 15:39:04.999: 123 avg_reward: 4547.0
2024-10-12 15:39:05.000: 123 avg_steps: 1622.25
2024-10-12 15:39:05.000: 123 epsilon: 0.1
2024-10-12 15:39:05.000: 123 q: 3.1165519
2024-10-12 15:49:21.891: 124 test start:
2024-10-12 15:49:52.408: 124 avg_reward: 5937.0
2024-10-12 15:49:52.408: 124 avg_steps: 1642.8
2024-10-12 15:49:52.408: 124 epsilon: 0.1
2024-10-12 15:49:52.408: 124 q: 3.1329207
2024-10-12 15:59:56.302: 125 test start:
2024-10-12 16:00:31.393: 125 avg_reward: 6307.0
2024-10-12 16:00:31.393: 125 avg_steps: 1835.9
2024-10-12 16:00:31.393: 125 epsilon: 0.1
2024-10-12 16:00:31.393: 125 q: 3.0989804
2024-10-12 16:10:42.782: 126 test start:
2024-10-12 16:11:12.491: 126 avg_reward: 4397.0
2024-10-12 16:11:12.491: 126 avg_steps: 1576.6
2024-10-12 16:11:12.491: 126 epsilon: 0.1
2024-10-12 16:11:12.491: 126 q: 3.0305772
2024-10-12 16:21:32.619: 127 test start:
2024-10-12 16:22:09.900: 127 avg_reward: 7122.0
2024-10-12 16:22:09.900: 127 avg_steps: 1933.95
2024-10-12 16:22:09.901: 127 epsilon: 0.1
2024-10-12 16:22:09.901: 127 q: 3.0453455
2024-10-12 16:32:03.760: 128 test start:
2024-10-12 16:32:25.259: 128 avg_reward: 1357.0
2024-10-12 16:32:25.259: 128 avg_steps: 1170.05
2024-10-12 16:32:25.265: 128 epsilon: 0.1
2024-10-12 16:32:25.265: 128 q: 3.0543208
2024-10-12 16:43:01.077: 129 test start:
2024-10-12 16:43:32.145: 129 avg_reward: 4592.0
2024-10-12 16:43:32.146: 129 avg_steps: 1698.45
2024-10-12 16:43:32.146: 129 epsilon: 0.1
2024-10-12 16:43:32.146: 129 q: 3.0861142
2024-10-12 16:53:25.271: 130 test start:
2024-10-12 16:53:53.368: 130 avg_reward: 4177.0
2024-10-12 16:53:53.368: 130 avg_steps: 1533.85
2024-10-12 16:53:53.368: 130 epsilon: 0.1
2024-10-12 16:53:53.368: 130 q: 3.108809
2024-10-12 17:04:17.746: 131 test start:
2024-10-12 17:04:46.581: 131 avg_reward: 4627.0
2024-10-12 17:04:46.581: 131 avg_steps: 1593.35
2024-10-12 17:04:46.581: 131 epsilon: 0.1
2024-10-12 17:04:46.581: 131 q: 3.182
2024-10-12 17:14:53.445: 132 test start:
2024-10-12 17:15:22.171: 132 avg_reward: 4567.0
2024-10-12 17:15:22.172: 132 avg_steps: 1556.75
2024-10-12 17:15:22.172: 132 epsilon: 0.1
2024-10-12 17:15:22.172: 132 q: 3.1832683
2024-10-12 17:25:39.837: 133 test start:
2024-10-12 17:26:07.122: 133 avg_reward: 4232.0
2024-10-12 17:26:07.122: 133 avg_steps: 1517.0
2024-10-12 17:26:07.122: 133 epsilon: 0.1
2024-10-12 17:26:07.122: 133 q: 3.186862
2024-10-12 17:36:13.356: 134 test start:
2024-10-12 17:36:43.871: 134 avg_reward: 5102.0
2024-10-12 17:36:43.871: 134 avg_steps: 1575.0
2024-10-12 17:36:43.871: 134 epsilon: 0.1
2024-10-12 17:36:43.872: 134 q: 3.1927009
2024-10-12 17:46:51.502: 135 test start:
2024-10-12 17:47:23.002: 135 avg_reward: 4652.0
2024-10-12 17:47:23.002: 135 avg_steps: 1682.75
2024-10-12 17:47:23.002: 135 epsilon: 0.1
2024-10-12 17:47:23.002: 135 q: 3.1449919
2024-10-12 17:57:36.666: 136 test start:
2024-10-12 17:58:08.560: 136 avg_reward: 3297.0
2024-10-12 17:58:08.560: 136 avg_steps: 1646.45
2024-10-12 17:58:08.560: 136 epsilon: 0.1
2024-10-12 17:58:08.560: 136 q: 3.1925611
2024-10-12 18:08:02.172: 137 test start:
2024-10-12 18:08:35.971: 137 avg_reward: 6727.0
2024-10-12 18:08:35.971: 137 avg_steps: 1807.6
2024-10-12 18:08:35.971: 137 epsilon: 0.1
2024-10-12 18:08:35.971: 137 q: 3.165593
2024-10-12 18:19:10.723: 138 test start:
2024-10-12 18:19:43.444: 138 avg_reward: 3772.0
2024-10-12 18:19:43.445: 138 avg_steps: 1680.05
2024-10-12 18:19:43.445: 138 epsilon: 0.1
2024-10-12 18:19:43.445: 138 q: 3.1262474
2024-10-12 18:29:54.091: 139 test start:
2024-10-12 18:30:35.414: 139 avg_reward: 7792.0
2024-10-12 18:30:35.414: 139 avg_steps: 2114.8
2024-10-12 18:30:35.414: 139 epsilon: 0.1
2024-10-12 18:30:35.414: 139 q: 3.2002988
2024-10-12 18:41:23.224: 140 test start:
2024-10-12 18:42:02.762: 140 avg_reward: 4512.0
2024-10-12 18:42:02.762: 140 avg_steps: 2073.3
2024-10-12 18:42:02.762: 140 epsilon: 0.1
2024-10-12 18:42:02.762: 140 q: 3.2072427
2024-10-12 18:52:28.383: 141 test start:
2024-10-12 18:53:08.064: 141 avg_reward: 6317.0
2024-10-12 18:53:08.064: 141 avg_steps: 2059.7
2024-10-12 18:53:08.064: 141 epsilon: 0.1
2024-10-12 18:53:08.064: 141 q: 3.2481132
2024-10-12 19:03:34.115: 142 test start:
2024-10-12 19:04:13.042: 142 avg_reward: 7207.0
2024-10-12 19:04:13.042: 142 avg_steps: 2108.75
2024-10-12 19:04:13.042: 142 epsilon: 0.1
2024-10-12 19:04:13.042: 142 q: 3.1791203
2024-10-12 19:14:45.618: 143 test start:
2024-10-12 19:15:17.376: 143 avg_reward: 5207.0
2024-10-12 19:15:17.376: 143 avg_steps: 1677.35
2024-10-12 19:15:17.376: 143 epsilon: 0.1
2024-10-12 19:15:17.376: 143 q: 3.2240655
2024-10-12 19:25:20.060: 144 test start:
2024-10-12 19:25:56.128: 144 avg_reward: 5912.0
2024-10-12 19:25:56.129: 144 avg_steps: 1924.75
2024-10-12 19:25:56.129: 144 epsilon: 0.1
2024-10-12 19:25:56.129: 144 q: 3.2218058
2024-10-12 19:36:22.269: 145 test start:
2024-10-12 19:37:06.004: 145 avg_reward: 9202.0
2024-10-12 19:37:06.004: 145 avg_steps: 2307.2
2024-10-12 19:37:06.005: 145 epsilon: 0.1
2024-10-12 19:37:06.005: 145 q: 3.2020128
2024-10-12 19:47:02.704: 146 test start:
2024-10-12 19:47:42.930: 146 avg_reward: 7902.0
2024-10-12 19:47:42.930: 146 avg_steps: 2080.0
2024-10-12 19:47:42.930: 146 epsilon: 0.1
2024-10-12 19:47:42.930: 146 q: 3.1992402
2024-10-12 19:58:08.923: 147 test start:
2024-10-12 19:58:41.078: 147 avg_reward: 5932.0
2024-10-12 19:58:41.078: 147 avg_steps: 1690.75
2024-10-12 19:58:41.078: 147 epsilon: 0.1
2024-10-12 19:58:41.078: 147 q: 3.1985805
2024-10-12 20:08:57.116: 148 test start:
2024-10-12 20:09:30.174: 148 avg_reward: 5167.0
2024-10-12 20:09:30.174: 148 avg_steps: 1670.9
2024-10-12 20:09:30.174: 148 epsilon: 0.1
2024-10-12 20:09:30.174: 148 q: 3.2035458
2024-10-12 20:20:00.553: 149 test start:
2024-10-12 20:20:38.857: 149 avg_reward: 8392.0
2024-10-12 20:20:38.858: 149 avg_steps: 2017.2
2024-10-12 20:20:38.858: 149 epsilon: 0.1
2024-10-12 20:20:38.858: 149 q: 3.250807
2024-10-12 20:31:12.790: 150 test start:
2024-10-12 20:31:48.276: 150 avg_reward: 3592.0
2024-10-12 20:31:48.276: 150 avg_steps: 1807.8
2024-10-12 20:31:48.276: 150 epsilon: 0.1
2024-10-12 20:31:48.276: 150 q: 3.2597654
2024-10-12 20:42:09.514: 151 test start:
2024-10-12 20:42:41.694: 151 avg_reward: 2637.0
2024-10-12 20:42:41.694: 151 avg_steps: 1715.0
2024-10-12 20:42:41.694: 151 epsilon: 0.1
2024-10-12 20:42:41.694: 151 q: 3.2950974
2024-10-12 20:53:32.290: 152 test start:
2024-10-12 20:54:10.524: 152 avg_reward: 6172.0
2024-10-12 20:54:10.525: 152 avg_steps: 1972.3
2024-10-12 20:54:10.525: 152 epsilon: 0.1
2024-10-12 20:54:10.525: 152 q: 3.2384481
2024-10-12 21:04:29.143: 153 test start:
2024-10-12 21:05:05.953: 153 avg_reward: 4127.0
2024-10-12 21:05:05.953: 153 avg_steps: 1864.65
2024-10-12 21:05:05.954: 153 epsilon: 0.1
2024-10-12 21:05:05.954: 153 q: 3.1770191
2024-10-12 21:15:48.850: 154 test start:
2024-10-12 21:16:11.035: 154 avg_reward: 862.0
2024-10-12 21:16:11.035: 154 avg_steps: 1183.3
2024-10-12 21:16:11.035: 154 epsilon: 0.1
2024-10-12 21:16:11.035: 154 q: 3.16427
2024-10-12 21:26:38.038: 155 test start:
2024-10-12 21:27:10.025: 155 avg_reward: 3787.0
2024-10-12 21:27:10.025: 155 avg_steps: 1620.15
2024-10-12 21:27:10.025: 155 epsilon: 0.1
2024-10-12 21:27:10.025: 155 q: 3.1333106
2024-10-12 21:37:41.436: 156 test start:
2024-10-12 21:38:14.137: 156 avg_reward: 5412.0
2024-10-12 21:38:14.137: 156 avg_steps: 1711.85
2024-10-12 21:38:14.137: 156 epsilon: 0.1
2024-10-12 21:38:14.137: 156 q: 3.1787632
2024-10-12 21:49:02.440: 157 test start:
2024-10-12 21:49:33.141: 157 avg_reward: 3747.0
2024-10-12 21:49:33.141: 157 avg_steps: 1587.15
2024-10-12 21:49:33.141: 157 epsilon: 0.1
2024-10-12 21:49:33.141: 157 q: 3.1871824
2024-10-12 21:59:53.205: 158 test start:
2024-10-12 22:00:27.548: 158 avg_reward: 6727.0
2024-10-12 22:00:27.548: 158 avg_steps: 1815.65
2024-10-12 22:00:27.548: 158 epsilon: 0.1
2024-10-12 22:00:27.548: 158 q: 3.1711528
2024-10-12 22:11:24.265: 159 test start:
2024-10-12 22:12:05.600: 159 avg_reward: 8657.0
2024-10-12 22:12:05.600: 159 avg_steps: 2161.1
2024-10-12 22:12:05.600: 159 epsilon: 0.1
2024-10-12 22:12:05.600: 159 q: 3.1902337
2024-10-12 22:22:34.228: 160 test start:
2024-10-12 22:23:13.395: 160 avg_reward: 6142.0
2024-10-12 22:23:13.395: 160 avg_steps: 2004.0
2024-10-12 22:23:13.395: 160 epsilon: 0.1
2024-10-12 22:23:13.395: 160 q: 3.213604
2024-10-12 22:33:53.069: 161 test start:
2024-10-12 22:34:27.892: 161 avg_reward: 7152.0
2024-10-12 22:34:27.893: 161 avg_steps: 1834.35
2024-10-12 22:34:27.893: 161 epsilon: 0.1
2024-10-12 22:34:27.893: 161 q: 3.2558935
2024-10-12 22:45:02.104: 162 test start:
2024-10-12 22:45:39.289: 162 avg_reward: 6007.0
2024-10-12 22:45:39.289: 162 avg_steps: 1900.1
2024-10-12 22:45:39.289: 162 epsilon: 0.1
2024-10-12 22:45:39.289: 162 q: 3.2114294
2024-10-12 22:56:02.615: 163 test start:
2024-10-12 22:56:30.517: 163 avg_reward: 4442.0
2024-10-12 22:56:30.517: 163 avg_steps: 1472.15
2024-10-12 22:56:30.517: 163 epsilon: 0.1
2024-10-12 22:56:30.517: 163 q: 3.2190657
2024-10-12 23:07:18.243: 164 test start:
2024-10-12 23:07:42.523: 164 avg_reward: 2782.0
2024-10-12 23:07:42.523: 164 avg_steps: 1257.3
2024-10-12 23:07:42.523: 164 epsilon: 0.1
2024-10-12 23:07:42.523: 164 q: 3.1837125
2024-10-12 23:17:58.867: 165 test start:
2024-10-12 23:18:25.435: 165 avg_reward: 3892.0
2024-10-12 23:18:25.435: 165 avg_steps: 1379.5
2024-10-12 23:18:25.435: 165 epsilon: 0.1
2024-10-12 23:18:25.435: 165 q: 3.2242963
2024-10-12 23:29:02.841: 166 test start:
2024-10-12 23:29:43.594: 166 avg_reward: 7522.0
2024-10-12 23:29:43.594: 166 avg_steps: 2169.8
2024-10-12 23:29:43.594: 166 epsilon: 0.1
2024-10-12 23:29:43.594: 166 q: 3.2039459
2024-10-12 23:39:58.104: 167 test start:
2024-10-12 23:40:29.147: 167 avg_reward: 3727.0
2024-10-12 23:40:29.147: 167 avg_steps: 1625.1
2024-10-12 23:40:29.147: 167 epsilon: 0.1
2024-10-12 23:40:29.147: 167 q: 3.2169254
2024-10-12 23:50:58.064: 168 test start:
2024-10-12 23:51:26.746: 168 avg_reward: 4952.0
2024-10-12 23:51:26.747: 168 avg_steps: 1555.05
2024-10-12 23:51:26.747: 168 epsilon: 0.1
2024-10-12 23:51:26.747: 168 q: 3.1778715
2024-10-13 00:01:42.611: 169 test start:
2024-10-13 00:02:15.694: 169 avg_reward: 5562.0
2024-10-13 00:02:15.694: 169 avg_steps: 1709.7
2024-10-13 00:02:15.694: 169 epsilon: 0.1
2024-10-13 00:02:15.694: 169 q: 3.2228956
2024-10-13 00:12:36.989: 170 test start:
2024-10-13 00:13:06.858: 170 avg_reward: 5077.0
2024-10-13 00:13:06.858: 170 avg_steps: 1556.55
2024-10-13 00:13:06.858: 170 epsilon: 0.1
2024-10-13 00:13:06.858: 170 q: 3.2210767
2024-10-13 00:23:53.572: 171 test start:
2024-10-13 00:24:28.028: 171 avg_reward: 5717.0
2024-10-13 00:24:28.029: 171 avg_steps: 1751.35
2024-10-13 00:24:28.034: 171 epsilon: 0.1
2024-10-13 00:24:28.034: 171 q: 3.2407796
2024-10-13 00:34:48.163: 172 test start:
2024-10-13 00:35:20.860: 172 avg_reward: 5252.0
2024-10-13 00:35:20.860: 172 avg_steps: 1645.95
2024-10-13 00:35:20.860: 172 epsilon: 0.1
2024-10-13 00:35:20.860: 172 q: 3.2467167
2024-10-13 00:46:07.605: 173 test start:
2024-10-13 00:46:50.343: 173 avg_reward: 7282.0
2024-10-13 00:46:50.343: 173 avg_steps: 2249.9
2024-10-13 00:46:50.343: 173 epsilon: 0.1
2024-10-13 00:46:50.343: 173 q: 3.2583833
2024-10-13 00:57:17.472: 174 test start:
2024-10-13 00:57:54.755: 174 avg_reward: 7767.0
2024-10-13 00:57:54.755: 174 avg_steps: 1889.25
2024-10-13 00:57:54.756: 174 epsilon: 0.1
2024-10-13 00:57:54.756: 174 q: 3.2586699
2024-10-13 01:08:28.523: 175 test start:
2024-10-13 01:09:07.193: 175 avg_reward: 8872.0
2024-10-13 01:09:07.193: 175 avg_steps: 2035.4
2024-10-13 01:09:07.193: 175 epsilon: 0.1
2024-10-13 01:09:07.193: 175 q: 3.264825
2024-10-13 01:19:47.140: 176 test start:
2024-10-13 01:20:27.065: 176 avg_reward: 6317.0
2024-10-13 01:20:27.066: 176 avg_steps: 2019.4
2024-10-13 01:20:27.066: 176 epsilon: 0.1
2024-10-13 01:20:27.066: 176 q: 3.3137617
2024-10-13 01:30:42.279: 177 test start:
2024-10-13 01:31:13.543: 177 avg_reward: 3812.0
2024-10-13 01:31:13.544: 177 avg_steps: 1641.35
2024-10-13 01:31:13.544: 177 epsilon: 0.1
2024-10-13 01:31:13.544: 177 q: 3.3690445
2024-10-13 01:41:54.528: 178 test start:
2024-10-13 01:42:28.491: 178 avg_reward: 4227.0
2024-10-13 01:42:28.491: 178 avg_steps: 1766.5
2024-10-13 01:42:28.491: 178 epsilon: 0.1
2024-10-13 01:42:28.491: 178 q: 3.371251
2024-10-13 01:52:54.488: 179 test start:
2024-10-13 01:53:23.772: 179 avg_reward: 2607.0
2024-10-13 01:53:23.772: 179 avg_steps: 1475.25
2024-10-13 01:53:23.772: 179 epsilon: 0.1
2024-10-13 01:53:23.772: 179 q: 3.433437
2024-10-13 02:03:59.858: 180 test start:
2024-10-13 02:04:33.777: 180 avg_reward: 1272.0
2024-10-13 02:04:33.777: 180 avg_steps: 1778.05
2024-10-13 02:04:33.777: 180 epsilon: 0.1
2024-10-13 02:04:33.777: 180 q: 3.4128292
2024-10-13 02:15:02.499: 181 test start:
2024-10-13 02:15:37.071: 181 avg_reward: 5712.0
2024-10-13 02:15:37.071: 181 avg_steps: 1798.55
2024-10-13 02:15:37.072: 181 epsilon: 0.1
2024-10-13 02:15:37.072: 181 q: 3.417681
2024-10-13 02:26:10.810: 182 test start:
2024-10-13 02:26:41.559: 182 avg_reward: 4857.0
2024-10-13 02:26:41.559: 182 avg_steps: 1634.35
2024-10-13 02:26:41.559: 182 epsilon: 0.1
2024-10-13 02:26:41.559: 182 q: 3.3978152
2024-10-13 02:37:24.945: 183 test start:
2024-10-13 02:37:52.957: 183 avg_reward: 2772.0
2024-10-13 02:37:52.957: 183 avg_steps: 1419.5
2024-10-13 02:37:52.957: 183 epsilon: 0.1
2024-10-13 02:37:52.957: 183 q: 3.3989565
2024-10-13 02:48:12.575: 184 test start:
2024-10-13 02:48:38.876: 184 avg_reward: 3582.0
2024-10-13 02:48:38.876: 184 avg_steps: 1381.8
2024-10-13 02:48:38.876: 184 epsilon: 0.1
2024-10-13 02:48:38.876: 184 q: 3.4181392
2024-10-13 02:59:26.652: 185 test start:
2024-10-13 02:59:56.851: 185 avg_reward: 4462.0
2024-10-13 02:59:56.852: 185 avg_steps: 1594.5
2024-10-13 02:59:56.852: 185 epsilon: 0.1
2024-10-13 02:59:56.852: 185 q: 3.4733753
2024-10-13 03:10:14.458: 186 test start:
2024-10-13 03:10:57.640: 186 avg_reward: 8037.0
2024-10-13 03:10:57.640: 186 avg_steps: 2201.65
2024-10-13 03:10:57.640: 186 epsilon: 0.1
2024-10-13 03:10:57.640: 186 q: 3.416117
2024-10-13 03:21:36.162: 187 test start:
2024-10-13 03:22:03.273: 187 avg_reward: 2957.0
2024-10-13 03:22:03.273: 187 avg_steps: 1425.0
2024-10-13 03:22:03.273: 187 epsilon: 0.1
2024-10-13 03:22:03.273: 187 q: 3.4743793
2024-10-13 03:32:28.798: 188 test start:
2024-10-13 03:33:10.582: 188 avg_reward: 8032.0
2024-10-13 03:33:10.583: 188 avg_steps: 2188.75
2024-10-13 03:33:10.583: 188 epsilon: 0.1
2024-10-13 03:33:10.583: 188 q: 3.4728336
2024-10-13 03:43:24.293: 189 test start:
2024-10-13 03:43:49.527: 189 avg_reward: 3472.0
2024-10-13 03:43:49.528: 189 avg_steps: 1486.85
2024-10-13 03:43:49.528: 189 epsilon: 0.1
2024-10-13 03:43:49.528: 189 q: 3.5213585
2024-10-13 03:54:13.133: 190 test start:
2024-10-13 03:54:39.338: 190 avg_reward: 2417.0
2024-10-13 03:54:39.338: 190 avg_steps: 1369.0
2024-10-13 03:54:39.339: 190 epsilon: 0.1
2024-10-13 03:54:39.339: 190 q: 3.5437644
2024-10-13 04:04:36.387: 191 test start:
2024-10-13 04:05:07.298: 191 avg_reward: 5557.0
2024-10-13 04:05:07.298: 191 avg_steps: 1654.25
2024-10-13 04:05:07.298: 191 epsilon: 0.1
2024-10-13 04:05:07.298: 191 q: 3.525875
2024-10-13 04:15:33.200: 192 test start:
2024-10-13 04:16:05.646: 192 avg_reward: 2847.0
2024-10-13 04:16:05.647: 192 avg_steps: 1724.05
2024-10-13 04:16:05.647: 192 epsilon: 0.1
2024-10-13 04:16:05.647: 192 q: 3.5275512
2024-10-13 04:26:02.644: 193 test start:
2024-10-13 04:26:26.942: 193 avg_reward: 2602.0
2024-10-13 04:26:26.943: 193 avg_steps: 1256.1
2024-10-13 04:26:26.943: 193 epsilon: 0.1
2024-10-13 04:26:26.943: 193 q: 3.4547055
2024-10-13 04:36:41.923: 194 test start:
2024-10-13 04:37:20.716: 194 avg_reward: 7877.0
2024-10-13 04:37:20.716: 194 avg_steps: 2044.15
2024-10-13 04:37:20.716: 194 epsilon: 0.1
2024-10-13 04:37:20.716: 194 q: 3.3880064
2024-10-13 04:47:16.736: 195 test start:
2024-10-13 04:47:45.879: 195 avg_reward: 3047.0
2024-10-13 04:47:45.879: 195 avg_steps: 1506.3
2024-10-13 04:47:45.879: 195 epsilon: 0.1
2024-10-13 04:47:45.879: 195 q: 3.4117286
2024-10-13 04:58:02.551: 196 test start:
2024-10-13 04:58:39.153: 196 avg_reward: 8637.0
2024-10-13 04:58:39.153: 196 avg_steps: 1945.15
2024-10-13 04:58:39.153: 196 epsilon: 0.1
2024-10-13 04:58:39.153: 196 q: 3.389678
2024-10-13 05:08:37.766: 197 test start:
2024-10-13 05:09:09.890: 197 avg_reward: 4132.0
2024-10-13 05:09:09.890: 197 avg_steps: 1650.5
2024-10-13 05:09:09.890: 197 epsilon: 0.1
2024-10-13 05:09:09.891: 197 q: 3.4053597
2024-10-13 05:19:09.289: 198 test start:
2024-10-13 05:19:41.540: 198 avg_reward: 5092.0
2024-10-13 05:19:41.540: 198 avg_steps: 1711.6
2024-10-13 05:19:41.540: 198 epsilon: 0.1
2024-10-13 05:19:41.540: 198 q: 3.355936
2024-10-13 05:30:01.218: 199 test start:
2024-10-13 05:30:36.128: 199 avg_reward: 8462.0
2024-10-13 05:30:36.128: 199 avg_steps: 1858.2
2024-10-13 05:30:36.128: 199 epsilon: 0.1
2024-10-13 05:30:36.128: 199 q: 3.3691087
2024-10-13 05:40:32.624: 200 test start:
2024-10-13 05:41:05.011: 200 avg_reward: 4317.0
2024-10-13 05:41:05.011: 200 avg_steps: 1711.55
2024-10-13 05:41:05.011: 200 epsilon: 0.1
2024-10-13 05:41:05.011: 200 q: 3.3495462
