2024-10-16 02:59:35.539: 
parameters:agent_test_episodes: 20
batch_num_per_epoch: 250000
device: cuda:0
env_name: ALE/Atlantis-v5
epsilon_for_test: 0.05
epsilon_max: 1.0
epsilon_min: 0.1
exp_name: ALE-Atlantis-v5_2024-10-16-02-59-35
exp_path: ../exps/dqn/
exploration_steps: 1000000
gamma: 0.99
held_out_states_num: 1000
learning_rate: 0.00025
mini_batch_size: 32
model_update_freq: 4
n_times: 5
no_op_max: 30
phi_channel: 4
replay_buffer_size: 1000000
replay_start_size: 50000
save_model: true
screen_size: 84
seed: 0
skip_k_frame: 4
step_c: 10000
training_steps: 50000000

2024-10-16 02:59:35.603: env id: ALE/Atlantis-v5 |repeat_action_probability: 0 
2024-10-16 02:59:35.603: screen_size: 84 | grayscale_obs:True 
scale_obs:False | action space size: 4
remove flickering: True | frame skip: 4
state space shape: (210, 160, 3) 
2024-10-16 02:59:35.617: optimizer: RMSprop (
Parameter Group 0
    alpha: 0.95
    centered: False
    differentiable: False
    eps: 0.01
    foreach: None
    lr: 0.00025
    maximize: False
    momentum: 0
    weight_decay: 0
)
2024-10-16 03:08:53.505: 1 test start:
2024-10-16 03:09:03.827: 1 avg_reward: 2779.0
2024-10-16 03:09:03.827: 1 avg_steps: 538.85
2024-10-16 03:09:03.827: 1 epsilon: 0.8197372
2024-10-16 03:09:03.827: 1 q: 0.17222387
2024-10-16 03:19:27.418: 2 test start:
2024-10-16 03:19:42.662: 2 avg_reward: 4904.0
2024-10-16 03:19:42.662: 2 avg_steps: 768.65
2024-10-16 03:19:42.662: 2 epsilon: 0.5949289
2024-10-16 03:19:42.662: 2 q: 0.33558714
2024-10-16 03:30:06.163: 3 test start:
2024-10-16 03:30:24.521: 3 avg_reward: 7974.0
2024-10-16 03:30:24.521: 3 avg_steps: 930.75
2024-10-16 03:30:24.521: 3 epsilon: 0.3691306
2024-10-16 03:30:24.521: 3 q: 0.44329378
2024-10-16 03:40:42.305: 4 test start:
2024-10-16 03:40:55.401: 4 avg_reward: 6549.0
2024-10-16 03:40:55.401: 4 avg_steps: 739.5
2024-10-16 03:40:55.401: 4 epsilon: 0.1445580999999999
2024-10-16 03:40:55.401: 4 q: 0.5305023
2024-10-16 03:51:06.895: 5 test start:
2024-10-16 03:51:15.705: 5 avg_reward: 2154.0
2024-10-16 03:51:15.705: 5 avg_steps: 437.2
2024-10-16 03:51:15.705: 5 epsilon: 0.1
2024-10-16 03:51:15.705: 5 q: 0.77485883
2024-10-16 04:01:33.592: 6 test start:
2024-10-16 04:01:46.970: 6 avg_reward: 5359.0
2024-10-16 04:01:46.971: 6 avg_steps: 672.15
2024-10-16 04:01:46.971: 6 epsilon: 0.1
2024-10-16 04:01:46.971: 6 q: 0.80026835
2024-10-16 04:12:04.954: 7 test start:
2024-10-16 04:12:18.295: 7 avg_reward: 4199.0
2024-10-16 04:12:18.295: 7 avg_steps: 670.65
2024-10-16 04:12:18.295: 7 epsilon: 0.1
2024-10-16 04:12:18.295: 7 q: 0.8619443
2024-10-16 04:22:39.531: 8 test start:
2024-10-16 04:22:51.280: 8 avg_reward: 3129.0
2024-10-16 04:22:51.280: 8 avg_steps: 590.2
2024-10-16 04:22:51.280: 8 epsilon: 0.1
2024-10-16 04:22:51.280: 8 q: 0.93534636
2024-10-16 04:33:15.356: 9 test start:
2024-10-16 04:33:38.535: 9 avg_reward: 13714.0
2024-10-16 04:33:38.535: 9 avg_steps: 1173.4
2024-10-16 04:33:38.535: 9 epsilon: 0.1
2024-10-16 04:33:38.535: 9 q: 0.9513255
2024-10-16 04:44:01.744: 10 test start:
2024-10-16 04:44:14.962: 10 avg_reward: 5554.0
2024-10-16 04:44:14.962: 10 avg_steps: 661.6
2024-10-16 04:44:14.962: 10 epsilon: 0.1
2024-10-16 04:44:14.962: 10 q: 0.981495
2024-10-16 04:54:41.039: 11 test start:
2024-10-16 04:54:53.529: 11 avg_reward: 5244.0
2024-10-16 04:54:53.529: 11 avg_steps: 639.25
2024-10-16 04:54:53.529: 11 epsilon: 0.1
2024-10-16 04:54:53.529: 11 q: 0.9954827
2024-10-16 05:05:13.628: 12 test start:
2024-10-16 05:05:24.233: 12 avg_reward: 4354.0
2024-10-16 05:05:24.233: 12 avg_steps: 616.65
2024-10-16 05:05:24.233: 12 epsilon: 0.1
2024-10-16 05:05:24.233: 12 q: 0.94678235
2024-10-16 05:15:53.976: 13 test start:
2024-10-16 05:16:09.613: 13 avg_reward: 7874.0
2024-10-16 05:16:09.613: 13 avg_steps: 790.8
2024-10-16 05:16:09.613: 13 epsilon: 0.1
2024-10-16 05:16:09.613: 13 q: 1.0340482
2024-10-16 05:26:40.928: 14 test start:
2024-10-16 05:27:02.286: 14 avg_reward: 11044.0
2024-10-16 05:27:02.286: 14 avg_steps: 1074.0
2024-10-16 05:27:02.286: 14 epsilon: 0.1
2024-10-16 05:27:02.287: 14 q: 1.0549918
2024-10-16 05:37:29.353: 15 test start:
2024-10-16 05:37:40.979: 15 avg_reward: 3374.0
2024-10-16 05:37:40.980: 15 avg_steps: 576.5
2024-10-16 05:37:40.980: 15 epsilon: 0.1
2024-10-16 05:37:40.980: 15 q: 1.1802236
2024-10-16 05:48:12.454: 16 test start:
2024-10-16 05:48:27.653: 16 avg_reward: 6519.0
2024-10-16 05:48:27.653: 16 avg_steps: 755.95
2024-10-16 05:48:27.653: 16 epsilon: 0.1
2024-10-16 05:48:27.653: 16 q: 1.2019017
2024-10-16 05:59:01.408: 17 test start:
2024-10-16 05:59:14.801: 17 avg_reward: 5219.0
2024-10-16 05:59:14.802: 17 avg_steps: 669.95
2024-10-16 05:59:14.802: 17 epsilon: 0.1
2024-10-16 05:59:14.802: 17 q: 1.2158804
2024-10-16 06:09:41.636: 18 test start:
2024-10-16 06:09:52.846: 18 avg_reward: 3764.0
2024-10-16 06:09:52.846: 18 avg_steps: 556.85
2024-10-16 06:09:52.846: 18 epsilon: 0.1
2024-10-16 06:09:52.846: 18 q: 1.2525275
2024-10-16 06:20:17.103: 19 test start:
2024-10-16 06:20:41.403: 19 avg_reward: 13989.0
2024-10-16 06:20:41.403: 19 avg_steps: 1206.3
2024-10-16 06:20:41.403: 19 epsilon: 0.1
2024-10-16 06:20:41.403: 19 q: 1.2452029
2024-10-16 06:31:13.786: 20 test start:
2024-10-16 06:31:26.451: 20 avg_reward: 3729.0
2024-10-16 06:31:26.451: 20 avg_steps: 626.25
2024-10-16 06:31:26.451: 20 epsilon: 0.1
2024-10-16 06:31:26.451: 20 q: 1.2969123
2024-10-16 06:42:00.285: 21 test start:
2024-10-16 06:42:12.706: 21 avg_reward: 3979.0
2024-10-16 06:42:12.706: 21 avg_steps: 618.75
2024-10-16 06:42:12.706: 21 epsilon: 0.1
2024-10-16 06:42:12.706: 21 q: 1.3943244
2024-10-16 06:52:47.168: 22 test start:
2024-10-16 06:53:02.958: 22 avg_reward: 8309.0
2024-10-16 06:53:02.958: 22 avg_steps: 790.25
2024-10-16 06:53:02.959: 22 epsilon: 0.1
2024-10-16 06:53:02.959: 22 q: 1.5343648
2024-10-16 07:03:34.961: 23 test start:
2024-10-16 07:03:46.337: 23 avg_reward: 3024.0
2024-10-16 07:03:46.337: 23 avg_steps: 566.8
2024-10-16 07:03:46.337: 23 epsilon: 0.1
2024-10-16 07:03:46.337: 23 q: 1.5504196
2024-10-16 07:14:19.166: 24 test start:
2024-10-16 07:14:36.002: 24 avg_reward: 7424.0
2024-10-16 07:14:36.003: 24 avg_steps: 847.1
2024-10-16 07:14:36.003: 24 epsilon: 0.1
2024-10-16 07:14:36.003: 24 q: 1.562384
2024-10-16 07:25:14.659: 25 test start:
2024-10-16 07:25:40.474: 25 avg_reward: 15439.0
2024-10-16 07:25:40.474: 25 avg_steps: 1333.7
2024-10-16 07:25:40.474: 25 epsilon: 0.1
2024-10-16 07:25:40.475: 25 q: 1.611239
2024-10-16 07:36:14.949: 26 test start:
2024-10-16 07:36:34.047: 26 avg_reward: 9119.0
2024-10-16 07:36:34.048: 26 avg_steps: 952.7
2024-10-16 07:36:34.048: 26 epsilon: 0.1
2024-10-16 07:36:34.048: 26 q: 1.574789
2024-10-16 07:47:05.584: 27 test start:
2024-10-16 07:47:17.746: 27 avg_reward: 4179.0
2024-10-16 07:47:17.746: 27 avg_steps: 602.65
2024-10-16 07:47:17.746: 27 epsilon: 0.1
2024-10-16 07:47:17.746: 27 q: 1.6899433
2024-10-16 07:57:51.918: 28 test start:
2024-10-16 07:58:05.584: 28 avg_reward: 4669.0
2024-10-16 07:58:05.584: 28 avg_steps: 677.0
2024-10-16 07:58:05.584: 28 epsilon: 0.1
2024-10-16 07:58:05.584: 28 q: 1.6630231
2024-10-16 08:08:34.721: 29 test start:
2024-10-16 08:08:48.096: 29 avg_reward: 3984.0
2024-10-16 08:08:48.096: 29 avg_steps: 663.65
2024-10-16 08:08:48.096: 29 epsilon: 0.1
2024-10-16 08:08:48.096: 29 q: 1.6461397
2024-10-16 08:19:19.657: 30 test start:
2024-10-16 08:19:35.688: 30 avg_reward: 7154.0
2024-10-16 08:19:35.688: 30 avg_steps: 795.4
2024-10-16 08:19:35.688: 30 epsilon: 0.1
2024-10-16 08:19:35.688: 30 q: 1.6981609
2024-10-16 08:30:09.686: 31 test start:
2024-10-16 08:30:25.632: 31 avg_reward: 6319.0
2024-10-16 08:30:25.632: 31 avg_steps: 800.0
2024-10-16 08:30:25.632: 31 epsilon: 0.1
2024-10-16 08:30:25.632: 31 q: 1.6775197
2024-10-16 08:41:00.497: 32 test start:
2024-10-16 08:41:20.241: 32 avg_reward: 9774.0
2024-10-16 08:41:20.241: 32 avg_steps: 991.15
2024-10-16 08:41:20.242: 32 epsilon: 0.1
2024-10-16 08:41:20.242: 32 q: 1.6815497
2024-10-16 08:51:51.903: 33 test start:
2024-10-16 08:52:18.905: 33 avg_reward: 17429.0
2024-10-16 08:52:18.905: 33 avg_steps: 1341.15
2024-10-16 08:52:18.905: 33 epsilon: 0.1
2024-10-16 08:52:18.905: 33 q: 1.7460852
2024-10-16 09:02:53.775: 34 test start:
2024-10-16 09:03:17.679: 34 avg_reward: 13369.0
2024-10-16 09:03:17.680: 34 avg_steps: 1186.15
2024-10-16 09:03:17.680: 34 epsilon: 0.1
2024-10-16 09:03:17.680: 34 q: 1.7598219
2024-10-16 09:13:46.985: 35 test start:
2024-10-16 09:14:08.652: 35 avg_reward: 13809.0
2024-10-16 09:14:08.652: 35 avg_steps: 1083.5
2024-10-16 09:14:08.652: 35 epsilon: 0.1
2024-10-16 09:14:08.652: 35 q: 1.802118
2024-10-16 09:24:42.891: 36 test start:
2024-10-16 09:25:01.162: 36 avg_reward: 10519.0
2024-10-16 09:25:01.162: 36 avg_steps: 911.6
2024-10-16 09:25:01.162: 36 epsilon: 0.1
2024-10-16 09:25:01.162: 36 q: 1.7875576
2024-10-16 09:35:31.929: 37 test start:
2024-10-16 09:36:03.630: 37 avg_reward: 23004.0
2024-10-16 09:36:03.631: 37 avg_steps: 1595.15
2024-10-16 09:36:03.631: 37 epsilon: 0.1
2024-10-16 09:36:03.631: 37 q: 1.779815
2024-10-16 09:46:36.266: 38 test start:
2024-10-16 09:47:15.681: 38 avg_reward: 29659.0
2024-10-16 09:47:15.681: 38 avg_steps: 1981.1
2024-10-16 09:47:15.681: 38 epsilon: 0.1
2024-10-16 09:47:15.681: 38 q: 1.778145
2024-10-16 09:57:22.836: 39 test start:
2024-10-16 09:57:36.454: 39 avg_reward: 6439.0
2024-10-16 09:57:36.455: 39 avg_steps: 681.6
2024-10-16 09:57:36.455: 39 epsilon: 0.1
2024-10-16 09:57:36.455: 39 q: 1.7136605
2024-10-16 10:08:14.497: 40 test start:
2024-10-16 10:08:30.826: 40 avg_reward: 7674.0
2024-10-16 10:08:30.826: 40 avg_steps: 809.25
2024-10-16 10:08:30.826: 40 epsilon: 0.1
2024-10-16 10:08:30.826: 40 q: 1.7575889
2024-10-16 10:19:06.986: 41 test start:
2024-10-16 10:19:37.778: 41 avg_reward: 21994.0
2024-10-16 10:19:37.778: 41 avg_steps: 1560.15
2024-10-16 10:19:37.778: 41 epsilon: 0.1
2024-10-16 10:19:37.778: 41 q: 1.7008103
2024-10-16 10:30:11.632: 42 test start:
2024-10-16 10:30:31.825: 42 avg_reward: 11979.0
2024-10-16 10:30:31.825: 42 avg_steps: 1035.0
2024-10-16 10:30:31.825: 42 epsilon: 0.1
2024-10-16 10:30:31.825: 42 q: 1.7102932
2024-10-16 10:41:14.902: 43 test start:
2024-10-16 10:41:48.151: 43 avg_reward: 23829.0
2024-10-16 10:41:48.151: 43 avg_steps: 1673.25
2024-10-16 10:41:48.151: 43 epsilon: 0.1
2024-10-16 10:41:48.151: 43 q: 1.7049605
2024-10-16 10:52:17.429: 44 test start:
2024-10-16 10:52:37.160: 44 avg_reward: 10469.0
2024-10-16 10:52:37.160: 44 avg_steps: 986.9
2024-10-16 10:52:37.160: 44 epsilon: 0.1
2024-10-16 10:52:37.161: 44 q: 1.7517619
2024-10-16 11:03:11.656: 45 test start:
2024-10-16 11:03:30.708: 45 avg_reward: 9789.0
2024-10-16 11:03:30.709: 45 avg_steps: 940.85
2024-10-16 11:03:30.709: 45 epsilon: 0.1
2024-10-16 11:03:30.709: 45 q: 1.7324761
2024-10-16 11:14:06.639: 46 test start:
2024-10-16 11:14:33.861: 46 avg_reward: 19059.0
2024-10-16 11:14:33.861: 46 avg_steps: 1350.7
2024-10-16 11:14:33.861: 46 epsilon: 0.1
2024-10-16 11:14:33.861: 46 q: 1.7166816
2024-10-16 11:25:04.886: 47 test start:
2024-10-16 11:25:29.517: 47 avg_reward: 16169.0
2024-10-16 11:25:29.517: 47 avg_steps: 1209.55
2024-10-16 11:25:29.517: 47 epsilon: 0.1
2024-10-16 11:25:29.517: 47 q: 1.7483553
2024-10-16 11:36:11.095: 48 test start:
2024-10-16 11:36:31.496: 48 avg_reward: 14074.0
2024-10-16 11:36:31.497: 48 avg_steps: 1012.8
2024-10-16 11:36:31.497: 48 epsilon: 0.1
2024-10-16 11:36:31.497: 48 q: 1.801302
2024-10-16 11:47:04.887: 49 test start:
2024-10-16 11:47:25.855: 49 avg_reward: 12809.0
2024-10-16 11:47:25.855: 49 avg_steps: 1031.8
2024-10-16 11:47:25.855: 49 epsilon: 0.1
2024-10-16 11:47:25.855: 49 q: 1.8521094
2024-10-16 11:58:00.750: 50 test start:
2024-10-16 11:58:41.735: 50 avg_reward: 31924.0
2024-10-16 11:58:41.735: 50 avg_steps: 2053.2
2024-10-16 11:58:41.735: 50 epsilon: 0.1
2024-10-16 11:58:41.736: 50 q: 1.796121
2024-10-16 12:09:26.143: 51 test start:
2024-10-16 12:10:06.166: 51 avg_reward: 30134.0
2024-10-16 12:10:06.167: 51 avg_steps: 1972.75
2024-10-16 12:10:06.167: 51 epsilon: 0.1
2024-10-16 12:10:06.167: 51 q: 1.8688325
2024-10-16 12:20:45.762: 52 test start:
2024-10-16 12:21:32.226: 52 avg_reward: 35984.0
2024-10-16 12:21:32.226: 52 avg_steps: 2299.05
2024-10-16 12:21:32.226: 52 epsilon: 0.1
2024-10-16 12:21:32.226: 52 q: 1.8623482
2024-10-16 12:32:06.433: 53 test start:
2024-10-16 12:32:39.869: 53 avg_reward: 22434.0
2024-10-16 12:32:39.869: 53 avg_steps: 1655.05
2024-10-16 12:32:39.869: 53 epsilon: 0.1
2024-10-16 12:32:39.869: 53 q: 1.9391321
2024-10-16 12:43:18.426: 54 test start:
2024-10-16 12:43:33.317: 54 avg_reward: 5569.0
2024-10-16 12:43:33.317: 54 avg_steps: 735.1
2024-10-16 12:43:33.317: 54 epsilon: 0.1
2024-10-16 12:43:33.317: 54 q: 1.9939778
2024-10-16 12:54:02.399: 55 test start:
2024-10-16 12:54:47.526: 55 avg_reward: 39074.0
2024-10-16 12:54:47.527: 55 avg_steps: 2265.0
2024-10-16 12:54:47.527: 55 epsilon: 0.1
2024-10-16 12:54:47.527: 55 q: 1.9743727
2024-10-16 13:05:20.504: 56 test start:
2024-10-16 13:06:19.531: 56 avg_reward: 58854.0
2024-10-16 13:06:19.531: 56 avg_steps: 2964.7
2024-10-16 13:06:19.531: 56 epsilon: 0.1
2024-10-16 13:06:19.531: 56 q: 2.0043764
2024-10-16 13:16:56.258: 57 test start:
2024-10-16 13:17:34.002: 57 avg_reward: 27324.0
2024-10-16 13:17:34.002: 57 avg_steps: 1889.0
2024-10-16 13:17:34.008: 57 epsilon: 0.1
2024-10-16 13:17:34.008: 57 q: 2.0669744
2024-10-16 13:28:05.999: 58 test start:
2024-10-16 13:28:44.396: 58 avg_reward: 28654.0
2024-10-16 13:28:44.396: 58 avg_steps: 1947.1
2024-10-16 13:28:44.396: 58 epsilon: 0.1
2024-10-16 13:28:44.396: 58 q: 2.1430826
2024-10-16 13:39:18.875: 59 test start:
2024-10-16 13:40:12.397: 59 avg_reward: 47339.0
2024-10-16 13:40:12.397: 59 avg_steps: 2687.9
2024-10-16 13:40:12.397: 59 epsilon: 0.1
2024-10-16 13:40:12.397: 59 q: 2.2320356
2024-10-16 13:50:46.656: 60 test start:
2024-10-16 13:51:12.638: 60 avg_reward: 16019.0
2024-10-16 13:51:12.638: 60 avg_steps: 1307.35
2024-10-16 13:51:12.638: 60 epsilon: 0.1
2024-10-16 13:51:12.638: 60 q: 2.30889
2024-10-16 14:01:47.261: 61 test start:
2024-10-16 14:02:36.313: 61 avg_reward: 39189.0
2024-10-16 14:02:36.314: 61 avg_steps: 2477.7
2024-10-16 14:02:36.314: 61 epsilon: 0.1
2024-10-16 14:02:36.314: 61 q: 2.3708813
2024-10-16 14:13:11.285: 62 test start:
2024-10-16 14:14:07.209: 62 avg_reward: 52939.0
2024-10-16 14:14:07.209: 62 avg_steps: 2874.5
2024-10-16 14:14:07.209: 62 epsilon: 0.1
2024-10-16 14:14:07.209: 62 q: 2.3978682
2024-10-16 14:24:45.412: 63 test start:
2024-10-16 14:25:12.809: 63 avg_reward: 15454.0
2024-10-16 14:25:12.809: 63 avg_steps: 1429.4
2024-10-16 14:25:12.809: 63 epsilon: 0.1
2024-10-16 14:25:12.809: 63 q: 2.390689
2024-10-16 14:35:45.837: 64 test start:
2024-10-16 14:36:38.553: 64 avg_reward: 42899.0
2024-10-16 14:36:38.554: 64 avg_steps: 2694.15
2024-10-16 14:36:38.554: 64 epsilon: 0.1
2024-10-16 14:36:38.554: 64 q: 2.497206
2024-10-16 14:47:12.208: 65 test start:
2024-10-16 14:48:16.456: 65 avg_reward: 62844.0
2024-10-16 14:48:16.456: 65 avg_steps: 3244.75
2024-10-16 14:48:16.456: 65 epsilon: 0.1
2024-10-16 14:48:16.456: 65 q: 2.5842495
2024-10-16 14:58:59.622: 66 test start:
2024-10-16 14:59:23.671: 66 avg_reward: 14704.0
2024-10-16 14:59:23.671: 66 avg_steps: 1212.95
2024-10-16 14:59:23.671: 66 epsilon: 0.1
2024-10-16 14:59:23.671: 66 q: 2.6856098
2024-10-16 15:09:49.494: 67 test start:
2024-10-16 15:13:18.504: 67 avg_reward: 277449.0
2024-10-16 15:13:18.504: 67 avg_steps: 10691.55
2024-10-16 15:13:18.504: 67 epsilon: 0.1
2024-10-16 15:13:18.504: 67 q: 2.6878958
2024-10-16 15:24:11.483: 68 test start:
2024-10-16 15:24:39.441: 68 avg_reward: 16939.0
2024-10-16 15:24:39.442: 68 avg_steps: 1433.6
2024-10-16 15:24:39.442: 68 epsilon: 0.1
2024-10-16 15:24:39.442: 68 q: 2.7571158
2024-10-16 15:35:18.507: 69 test start:
2024-10-16 15:35:51.697: 69 avg_reward: 22604.0
2024-10-16 15:35:51.697: 69 avg_steps: 1675.3
2024-10-16 15:35:51.697: 69 epsilon: 0.1
2024-10-16 15:35:51.697: 69 q: 2.7645996
2024-10-16 15:46:14.590: 70 test start:
2024-10-16 15:46:42.835: 70 avg_reward: 16999.0
2024-10-16 15:46:42.835: 70 avg_steps: 1435.75
2024-10-16 15:46:42.835: 70 epsilon: 0.1
2024-10-16 15:46:42.835: 70 q: 2.8057842
2024-10-16 15:57:22.668: 71 test start:
2024-10-16 16:04:56.076: 71 avg_reward: 668280.5
2024-10-16 16:04:56.077: 71 avg_steps: 22960.3
2024-10-16 16:04:56.077: 71 epsilon: 0.1
2024-10-16 16:04:56.077: 71 q: 2.8313484
2024-10-16 16:15:31.408: 72 test start:
2024-10-16 16:16:18.891: 72 avg_reward: 37789.0
2024-10-16 16:16:18.891: 72 avg_steps: 2460.1
2024-10-16 16:16:18.891: 72 epsilon: 0.1
2024-10-16 16:16:18.891: 72 q: 2.8863754
2024-10-16 16:26:55.774: 73 test start:
2024-10-16 16:27:34.442: 73 avg_reward: 32669.0
2024-10-16 16:27:34.442: 73 avg_steps: 2006.35
2024-10-16 16:27:34.442: 73 epsilon: 0.1
2024-10-16 16:27:34.442: 73 q: 2.939351
2024-10-16 16:37:46.861: 74 test start:
2024-10-16 16:39:09.372: 74 avg_reward: 87859.0
2024-10-16 16:39:09.372: 74 avg_steps: 4254.35
2024-10-16 16:39:09.372: 74 epsilon: 0.1
2024-10-16 16:39:09.372: 74 q: 2.9803803
2024-10-16 16:49:56.901: 75 test start:
2024-10-16 16:58:46.180: 75 avg_reward: 790356.55
2024-10-16 16:58:46.181: 75 avg_steps: 26996.25
2024-10-16 16:58:46.181: 75 epsilon: 0.1
2024-10-16 16:58:46.181: 75 q: 2.9741158
2024-10-16 17:09:28.094: 76 test start:
2024-10-16 17:12:01.288: 76 avg_reward: 172534.0
2024-10-16 17:12:01.288: 76 avg_steps: 7990.05
2024-10-16 17:12:01.288: 76 epsilon: 0.1
2024-10-16 17:12:01.288: 76 q: 2.961398
2024-10-16 17:22:27.228: 77 test start:
2024-10-16 17:30:51.670: 77 avg_reward: 804201.35
2024-10-16 17:30:51.670: 77 avg_steps: 25894.7
2024-10-16 17:30:51.670: 77 epsilon: 0.1
2024-10-16 17:30:51.670: 77 q: 2.9678187
2024-10-16 17:41:20.088: 78 test start:
2024-10-16 17:46:11.237: 78 avg_reward: 375809.15
2024-10-16 17:46:11.237: 78 avg_steps: 15162.6
2024-10-16 17:46:11.237: 78 epsilon: 0.1
2024-10-16 17:46:11.237: 78 q: 2.9915166
2024-10-16 17:56:45.195: 79 test start:
2024-10-16 18:04:24.337: 79 avg_reward: 694716.15
2024-10-16 18:04:24.337: 79 avg_steps: 23540.6
2024-10-16 18:04:24.337: 79 epsilon: 0.1
2024-10-16 18:04:24.337: 79 q: 3.0640247
2024-10-16 18:15:30.487: 80 test start:
2024-10-16 18:22:33.180: 80 avg_reward: 614155.75
2024-10-16 18:22:33.181: 80 avg_steps: 21690.5
2024-10-16 18:22:33.181: 80 epsilon: 0.1
2024-10-16 18:22:33.181: 80 q: 3.0472472
2024-10-16 18:32:32.340: 81 test start:
2024-10-16 18:34:04.190: 81 avg_reward: 92664.0
2024-10-16 18:34:04.191: 81 avg_steps: 4735.85
2024-10-16 18:34:04.191: 81 epsilon: 0.1
2024-10-16 18:34:04.191: 81 q: 3.0350914
2024-10-16 18:44:58.128: 82 test start:
2024-10-16 18:53:50.780: 82 avg_reward: 808607.2
2024-10-16 18:53:50.780: 82 avg_steps: 26997.1
2024-10-16 18:53:50.780: 82 epsilon: 0.1
2024-10-16 18:53:50.780: 82 q: 3.0239289
2024-10-16 19:04:40.737: 83 test start:
2024-10-16 19:11:54.591: 83 avg_reward: 690076.45
2024-10-16 19:11:54.591: 83 avg_steps: 22007.5
2024-10-16 19:11:54.591: 83 epsilon: 0.1
2024-10-16 19:11:54.592: 83 q: 3.0219295
2024-10-16 19:22:26.983: 84 test start:
2024-10-16 19:29:58.561: 84 avg_reward: 746776.4
2024-10-16 19:29:58.561: 84 avg_steps: 23126.6
2024-10-16 19:29:58.561: 84 epsilon: 0.1
2024-10-16 19:29:58.561: 84 q: 3.070043
2024-10-16 19:40:50.829: 85 test start:
2024-10-16 19:48:20.113: 85 avg_reward: 663885.4
2024-10-16 19:48:20.113: 85 avg_steps: 23016.1
2024-10-16 19:48:20.113: 85 epsilon: 0.1
2024-10-16 19:48:20.113: 85 q: 3.0005486
2024-10-16 19:58:15.350: 86 test start:
2024-10-16 20:07:05.196: 86 avg_reward: 875257.7
2024-10-16 20:07:05.196: 86 avg_steps: 26996.7
2024-10-16 20:07:05.196: 86 epsilon: 0.1
2024-10-16 20:07:05.196: 86 q: 3.0602064
2024-10-16 20:17:40.183: 87 test start:
2024-10-16 20:26:30.705: 87 avg_reward: 872387.5
2024-10-16 20:26:30.705: 87 avg_steps: 26996.5
2024-10-16 20:26:30.711: 87 epsilon: 0.1
2024-10-16 20:26:30.711: 87 q: 3.049558
2024-10-16 20:37:15.315: 88 test start:
2024-10-16 20:46:02.202: 88 avg_reward: 891622.85
2024-10-16 20:46:02.202: 88 avg_steps: 26995.85
2024-10-16 20:46:02.202: 88 epsilon: 0.1
2024-10-16 20:46:02.202: 88 q: 3.0736282
2024-10-16 20:56:40.569: 89 test start:
2024-10-16 21:05:33.637: 89 avg_reward: 938348.05
2024-10-16 21:05:33.637: 89 avg_steps: 26996.5
2024-10-16 21:05:33.637: 89 epsilon: 0.1
2024-10-16 21:05:33.637: 89 q: 3.15754
2024-10-16 21:16:58.700: 90 test start:
2024-10-16 21:25:21.051: 90 avg_reward: 855697.7
2024-10-16 21:25:21.052: 90 avg_steps: 25683.65
2024-10-16 21:25:21.052: 90 epsilon: 0.1
2024-10-16 21:25:21.052: 90 q: 3.212791
2024-10-16 21:35:39.794: 91 test start:
2024-10-16 21:43:35.477: 91 avg_reward: 769666.25
2024-10-16 21:43:35.477: 91 avg_steps: 24421.15
2024-10-16 21:43:35.477: 91 epsilon: 0.1
2024-10-16 21:43:35.477: 91 q: 3.263559
2024-10-16 21:53:58.298: 92 test start:
2024-10-16 22:02:46.866: 92 avg_reward: 861752.8
2024-10-16 22:02:46.866: 92 avg_steps: 26997.2
2024-10-16 22:02:46.866: 92 epsilon: 0.1
2024-10-16 22:02:46.866: 92 q: 3.2454526
2024-10-16 22:13:09.768: 93 test start:
2024-10-16 22:22:01.164: 93 avg_reward: 891873.05
2024-10-16 22:22:01.164: 93 avg_steps: 26996.2
2024-10-16 22:22:01.164: 93 epsilon: 0.1
2024-10-16 22:22:01.164: 93 q: 3.245001
2024-10-16 22:33:28.746: 94 test start:
2024-10-16 22:42:18.387: 94 avg_reward: 903157.75
2024-10-16 22:42:18.387: 94 avg_steps: 26998.25
2024-10-16 22:42:18.387: 94 epsilon: 0.1
2024-10-16 22:42:18.387: 94 q: 3.2533598
2024-10-16 22:52:42.972: 95 test start:
2024-10-16 23:01:32.719: 95 avg_reward: 886303.65
2024-10-16 23:01:32.719: 95 avg_steps: 26996.65
2024-10-16 23:01:32.719: 95 epsilon: 0.1
2024-10-16 23:01:32.719: 95 q: 3.2564142
2024-10-16 23:11:58.599: 96 test start:
2024-10-16 23:20:45.517: 96 avg_reward: 907078.1
2024-10-16 23:20:45.517: 96 avg_steps: 26996.55
2024-10-16 23:20:45.517: 96 epsilon: 0.1
2024-10-16 23:20:45.517: 96 q: 3.2916386
2024-10-16 23:31:06.616: 97 test start:
2024-10-16 23:39:57.838: 97 avg_reward: 894883.1
2024-10-16 23:39:57.838: 97 avg_steps: 26996.1
2024-10-16 23:39:57.838: 97 epsilon: 0.1
2024-10-16 23:39:57.838: 97 q: 3.3049576
2024-10-16 23:51:22.753: 98 test start:
2024-10-16 23:59:46.871: 98 avg_reward: 866266.95
2024-10-16 23:59:46.871: 98 avg_steps: 25711.45
2024-10-16 23:59:46.871: 98 epsilon: 0.1
2024-10-16 23:59:46.871: 98 q: 3.328342
2024-10-17 00:10:08.599: 99 test start:
2024-10-17 00:19:04.949: 99 avg_reward: 935077.0
2024-10-17 00:19:04.949: 99 avg_steps: 26997.5
2024-10-17 00:19:04.949: 99 epsilon: 0.1
2024-10-17 00:19:04.949: 99 q: 3.2649646
2024-10-17 00:29:29.088: 100 test start:
2024-10-17 00:38:22.301: 100 avg_reward: 921178.65
2024-10-17 00:38:22.302: 100 avg_steps: 26996.75
2024-10-17 00:38:22.302: 100 epsilon: 0.1
2024-10-17 00:38:22.302: 100 q: 3.314512
2024-10-17 00:48:38.416: 101 test start:
2024-10-17 00:57:28.489: 101 avg_reward: 940817.5
2024-10-17 00:57:28.489: 101 avg_steps: 26996.9
2024-10-17 00:57:28.489: 101 epsilon: 0.1
2024-10-17 00:57:28.489: 101 q: 3.3921957
2024-10-17 01:08:55.133: 102 test start:
2024-10-17 01:16:55.729: 102 avg_reward: 841496.95
2024-10-17 01:16:55.729: 102 avg_steps: 24443.25
2024-10-17 01:16:55.729: 102 epsilon: 0.1
2024-10-17 01:16:55.729: 102 q: 3.3026953
2024-10-17 01:27:12.037: 103 test start:
2024-10-17 01:36:02.111: 103 avg_reward: 904423.3
2024-10-17 01:36:02.112: 103 avg_steps: 26996.55
2024-10-17 01:36:02.112: 103 epsilon: 0.1
2024-10-17 01:36:02.112: 103 q: 3.294413
2024-10-17 01:46:16.796: 104 test start:
2024-10-17 01:55:05.987: 104 avg_reward: 920273.2
2024-10-17 01:55:05.987: 104 avg_steps: 26997.0
2024-10-17 01:55:05.987: 104 epsilon: 0.1
2024-10-17 01:55:05.987: 104 q: 3.3863409
2024-10-17 02:05:24.833: 105 test start:
2024-10-17 02:14:17.926: 105 avg_reward: 920453.4
2024-10-17 02:14:17.927: 105 avg_steps: 26996.2
2024-10-17 02:14:17.927: 105 epsilon: 0.1
2024-10-17 02:14:17.927: 105 q: 3.4356437
2024-10-17 02:25:43.933: 106 test start:
2024-10-17 02:34:08.827: 106 avg_reward: 890096.35
2024-10-17 02:34:08.828: 106 avg_steps: 25694.9
2024-10-17 02:34:08.828: 106 epsilon: 0.1
2024-10-17 02:34:08.828: 106 q: 3.4390738
2024-10-17 02:44:23.833: 107 test start:
2024-10-17 02:53:13.144: 107 avg_reward: 884908.3
2024-10-17 02:53:13.144: 107 avg_steps: 26996.9
2024-10-17 02:53:13.144: 107 epsilon: 0.1
2024-10-17 02:53:13.144: 107 q: 3.4146416
2024-10-17 03:03:29.262: 108 test start:
2024-10-17 03:12:22.571: 108 avg_reward: 926343.15
2024-10-17 03:12:22.571: 108 avg_steps: 26997.6
2024-10-17 03:12:22.571: 108 epsilon: 0.1
2024-10-17 03:12:22.571: 108 q: 3.3833992
2024-10-17 03:22:42.063: 109 test start:
2024-10-17 03:31:35.316: 109 avg_reward: 920858.4
2024-10-17 03:31:35.317: 109 avg_steps: 26997.3
2024-10-17 03:31:35.317: 109 epsilon: 0.1
2024-10-17 03:31:35.317: 109 q: 3.442108
2024-10-17 03:43:01.785: 110 test start:
2024-10-17 03:51:55.144: 110 avg_reward: 901682.9
2024-10-17 03:51:55.145: 110 avg_steps: 26996.15
2024-10-17 03:51:55.145: 110 epsilon: 0.1
2024-10-17 03:51:55.145: 110 q: 3.4973598
2024-10-17 04:02:15.868: 111 test start:
2024-10-17 04:11:06.582: 111 avg_reward: 946888.6
2024-10-17 04:11:06.582: 111 avg_steps: 26997.7
2024-10-17 04:11:06.583: 111 epsilon: 0.1
2024-10-17 04:11:06.583: 111 q: 3.5058439
2024-10-17 04:21:29.005: 112 test start:
2024-10-17 04:30:20.716: 112 avg_reward: 930307.95
2024-10-17 04:30:20.716: 112 avg_steps: 26997.5
2024-10-17 04:30:20.716: 112 epsilon: 0.1
2024-10-17 04:30:20.716: 112 q: 3.4815748
2024-10-17 04:40:38.760: 113 test start:
2024-10-17 04:49:32.269: 113 avg_reward: 910293.35
2024-10-17 04:49:32.269: 113 avg_steps: 26997.1
2024-10-17 04:49:32.269: 113 epsilon: 0.1
2024-10-17 04:49:32.269: 113 q: 3.5024917
2024-10-17 05:00:59.004: 114 test start:
2024-10-17 05:09:52.178: 114 avg_reward: 887878.3
2024-10-17 05:09:52.178: 114 avg_steps: 26996.9
2024-10-17 05:09:52.178: 114 epsilon: 0.1
2024-10-17 05:09:52.178: 114 q: 3.4976532
2024-10-17 05:20:13.174: 115 test start:
2024-10-17 05:29:06.926: 115 avg_reward: 936603.05
2024-10-17 05:29:06.926: 115 avg_steps: 26996.15
2024-10-17 05:29:06.926: 115 epsilon: 0.1
2024-10-17 05:29:06.926: 115 q: 3.507278
2024-10-17 05:39:28.690: 116 test start:
2024-10-17 05:48:22.976: 116 avg_reward: 904563.3
2024-10-17 05:48:22.976: 116 avg_steps: 26997.1
2024-10-17 05:48:22.976: 116 epsilon: 0.1
2024-10-17 05:48:22.976: 116 q: 3.4846046
2024-10-17 05:58:42.228: 117 test start:
2024-10-17 06:07:33.528: 117 avg_reward: 917712.35
2024-10-17 06:07:33.528: 117 avg_steps: 26997.3
2024-10-17 06:07:33.528: 117 epsilon: 0.1
2024-10-17 06:07:33.528: 117 q: 3.4470453
2024-10-17 06:19:08.138: 118 test start:
2024-10-17 06:27:59.650: 118 avg_reward: 894108.65
2024-10-17 06:27:59.650: 118 avg_steps: 26997.05
2024-10-17 06:27:59.650: 118 epsilon: 0.1
2024-10-17 06:27:59.651: 118 q: 3.3472197
2024-10-17 06:38:16.572: 119 test start:
2024-10-17 06:47:11.638: 119 avg_reward: 910563.55
2024-10-17 06:47:11.639: 119 avg_steps: 26996.6
2024-10-17 06:47:11.639: 119 epsilon: 0.1
2024-10-17 06:47:11.639: 119 q: 3.4233775
2024-10-17 06:57:29.493: 120 test start:
2024-10-17 07:06:22.611: 120 avg_reward: 940562.55
2024-10-17 07:06:22.611: 120 avg_steps: 26997.6
2024-10-17 07:06:22.611: 120 epsilon: 0.1
2024-10-17 07:06:22.611: 120 q: 3.4221456
2024-10-17 07:16:38.821: 121 test start:
2024-10-17 07:25:32.331: 121 avg_reward: 933628.2
2024-10-17 07:25:32.332: 121 avg_steps: 26996.95
2024-10-17 07:25:32.332: 121 epsilon: 0.1
2024-10-17 07:25:32.332: 121 q: 3.453539
2024-10-17 07:36:55.970: 122 test start:
2024-10-17 07:45:24.335: 122 avg_reward: 857302.6
2024-10-17 07:45:24.335: 122 avg_steps: 25739.85
2024-10-17 07:45:24.335: 122 epsilon: 0.1
2024-10-17 07:45:24.335: 122 q: 3.529495
2024-10-17 07:55:37.782: 123 test start:
2024-10-17 08:04:30.327: 123 avg_reward: 899817.1
2024-10-17 08:04:30.327: 123 avg_steps: 26996.65
2024-10-17 08:04:30.327: 123 epsilon: 0.1
2024-10-17 08:04:30.327: 123 q: 3.501284
2024-10-17 08:14:47.460: 124 test start:
2024-10-17 08:23:39.383: 124 avg_reward: 897762.8
2024-10-17 08:23:39.383: 124 avg_steps: 26996.8
2024-10-17 08:23:39.383: 124 epsilon: 0.1
2024-10-17 08:23:39.383: 124 q: 3.5608156
2024-10-17 08:33:55.100: 125 test start:
2024-10-17 08:42:51.161: 125 avg_reward: 932688.25
2024-10-17 08:42:51.161: 125 avg_steps: 26996.9
2024-10-17 08:42:51.161: 125 epsilon: 0.1
2024-10-17 08:42:51.161: 125 q: 3.5636575
2024-10-17 08:54:18.892: 126 test start:
2024-10-17 09:03:08.464: 126 avg_reward: 909473.2
2024-10-17 09:03:08.464: 126 avg_steps: 26997.9
2024-10-17 09:03:08.464: 126 epsilon: 0.1
2024-10-17 09:03:08.464: 126 q: 3.5109248
2024-10-17 09:13:27.597: 127 test start:
2024-10-17 09:22:19.306: 127 avg_reward: 933342.95
2024-10-17 09:22:19.306: 127 avg_steps: 26996.95
2024-10-17 09:22:19.306: 127 epsilon: 0.1
2024-10-17 09:22:19.313: 127 q: 3.5612164
2024-10-17 09:32:34.093: 128 test start:
2024-10-17 09:41:29.217: 128 avg_reward: 922592.9
2024-10-17 09:41:29.217: 128 avg_steps: 26996.5
2024-10-17 09:41:29.217: 128 epsilon: 0.1
2024-10-17 09:41:29.217: 128 q: 3.5960984
2024-10-17 09:52:54.263: 129 test start:
2024-10-17 10:01:47.291: 129 avg_reward: 916713.05
2024-10-17 10:01:47.291: 129 avg_steps: 26996.8
2024-10-17 10:01:47.291: 129 epsilon: 0.1
2024-10-17 10:01:47.291: 129 q: 3.504448
2024-10-17 10:11:57.752: 130 test start:
2024-10-17 10:20:47.592: 130 avg_reward: 912868.0
2024-10-17 10:20:47.592: 130 avg_steps: 26996.75
2024-10-17 10:20:47.592: 130 epsilon: 0.1
2024-10-17 10:20:47.592: 130 q: 3.5705874
2024-10-17 10:31:02.076: 131 test start:
2024-10-17 10:39:54.667: 131 avg_reward: 909268.5
2024-10-17 10:39:54.667: 131 avg_steps: 26996.5
2024-10-17 10:39:54.667: 131 epsilon: 0.1
2024-10-17 10:39:54.667: 131 q: 3.5693986
2024-10-17 10:50:08.623: 132 test start:
2024-10-17 10:59:03.587: 132 avg_reward: 907368.15
2024-10-17 10:59:03.587: 132 avg_steps: 26997.3
2024-10-17 10:59:03.587: 132 epsilon: 0.1
2024-10-17 10:59:03.587: 132 q: 3.523517
2024-10-17 11:10:27.623: 133 test start:
2024-10-17 11:19:21.566: 133 avg_reward: 889618.4
2024-10-17 11:19:21.566: 133 avg_steps: 26997.05
2024-10-17 11:19:21.566: 133 epsilon: 0.1
2024-10-17 11:19:21.566: 133 q: 3.6050014
2024-10-17 11:29:35.000: 134 test start:
2024-10-17 11:38:29.190: 134 avg_reward: 901128.15
2024-10-17 11:38:29.190: 134 avg_steps: 26996.4
2024-10-17 11:38:29.190: 134 epsilon: 0.1
2024-10-17 11:38:29.190: 134 q: 3.6686323
2024-10-17 11:48:43.313: 135 test start:
2024-10-17 11:57:34.271: 135 avg_reward: 897713.1
2024-10-17 11:57:34.271: 135 avg_steps: 26996.9
2024-10-17 11:57:34.271: 135 epsilon: 0.1
2024-10-17 11:57:34.271: 135 q: 3.671309
2024-10-17 12:07:52.485: 136 test start:
2024-10-17 12:16:45.210: 136 avg_reward: 903938.05
2024-10-17 12:16:45.210: 136 avg_steps: 26996.9
2024-10-17 12:16:45.210: 136 epsilon: 0.1
2024-10-17 12:16:45.210: 136 q: 3.7508512
2024-10-17 12:28:16.313: 137 test start:
2024-10-17 12:37:07.747: 137 avg_reward: 908893.45
2024-10-17 12:37:07.747: 137 avg_steps: 26997.3
2024-10-17 12:37:07.747: 137 epsilon: 0.1
2024-10-17 12:37:07.747: 137 q: 3.7785563
2024-10-17 12:47:23.258: 138 test start:
2024-10-17 12:56:15.635: 138 avg_reward: 885908.45
2024-10-17 12:56:15.636: 138 avg_steps: 26997.25
2024-10-17 12:56:15.636: 138 epsilon: 0.1
2024-10-17 12:56:15.636: 138 q: 3.6887455
2024-10-17 13:06:33.079: 139 test start:
2024-10-17 13:15:26.527: 139 avg_reward: 909017.7
2024-10-17 13:15:26.527: 139 avg_steps: 26997.4
2024-10-17 13:15:26.528: 139 epsilon: 0.1
2024-10-17 13:15:26.528: 139 q: 3.7739727
2024-10-17 13:25:43.193: 140 test start:
2024-10-17 13:34:33.867: 140 avg_reward: 922887.95
2024-10-17 13:34:33.867: 140 avg_steps: 26996.75
2024-10-17 13:34:33.867: 140 epsilon: 0.1
2024-10-17 13:34:33.867: 140 q: 3.8205216
2024-10-17 13:45:59.979: 141 test start:
2024-10-17 13:54:51.728: 141 avg_reward: 882848.0
2024-10-17 13:54:51.728: 141 avg_steps: 26997.15
2024-10-17 13:54:51.728: 141 epsilon: 0.1
2024-10-17 13:54:51.728: 141 q: 3.8312042
2024-10-17 14:05:06.649: 142 test start:
2024-10-17 14:13:58.179: 142 avg_reward: 898377.95
2024-10-17 14:13:58.179: 142 avg_steps: 26997.4
2024-10-17 14:13:58.179: 142 epsilon: 0.1
2024-10-17 14:13:58.179: 142 q: 3.7980077
2024-10-17 14:24:10.669: 143 test start:
2024-10-17 14:33:03.380: 143 avg_reward: 864438.5
2024-10-17 14:33:03.380: 143 avg_steps: 26996.55
2024-10-17 14:33:03.380: 143 epsilon: 0.1
2024-10-17 14:33:03.380: 143 q: 3.8008096
2024-10-17 14:43:24.211: 144 test start:
2024-10-17 14:52:15.670: 144 avg_reward: 868018.4
2024-10-17 14:52:15.670: 144 avg_steps: 26997.05
2024-10-17 14:52:15.670: 144 epsilon: 0.1
2024-10-17 14:52:15.670: 144 q: 3.9236257
2024-10-17 15:03:39.169: 145 test start:
2024-10-17 15:12:30.578: 145 avg_reward: 921021.65
2024-10-17 15:12:30.578: 145 avg_steps: 26996.75
2024-10-17 15:12:30.578: 145 epsilon: 0.1
2024-10-17 15:12:30.578: 145 q: 3.893354
2024-10-17 15:22:39.578: 146 test start:
2024-10-17 15:31:30.102: 146 avg_reward: 913428.15
2024-10-17 15:31:30.102: 146 avg_steps: 26997.3
2024-10-17 15:31:30.102: 146 epsilon: 0.1
2024-10-17 15:31:30.102: 146 q: 3.8762164
2024-10-17 15:41:45.476: 147 test start:
2024-10-17 15:50:36.786: 147 avg_reward: 881453.0
2024-10-17 15:50:36.786: 147 avg_steps: 26996.65
2024-10-17 15:50:36.786: 147 epsilon: 0.1
2024-10-17 15:50:36.786: 147 q: 3.9126515
2024-10-17 16:00:49.642: 148 test start:
2024-10-17 16:09:41.530: 148 avg_reward: 912762.9
2024-10-17 16:09:41.530: 148 avg_steps: 26996.55
2024-10-17 16:09:41.531: 148 epsilon: 0.1
2024-10-17 16:09:41.531: 148 q: 3.9548373
2024-10-17 16:20:59.117: 149 test start:
2024-10-17 16:29:54.403: 149 avg_reward: 882572.0
2024-10-17 16:29:54.403: 149 avg_steps: 26996.4
2024-10-17 16:29:54.403: 149 epsilon: 0.1
2024-10-17 16:29:54.403: 149 q: 4.02601
2024-10-17 16:40:04.945: 150 test start:
2024-10-17 16:48:58.787: 150 avg_reward: 850688.4
2024-10-17 16:48:58.787: 150 avg_steps: 26996.8
2024-10-17 16:48:58.787: 150 epsilon: 0.1
2024-10-17 16:48:58.787: 150 q: 3.9150121
2024-10-17 16:59:03.308: 151 test start:
2024-10-17 17:07:58.575: 151 avg_reward: 898757.9
2024-10-17 17:07:58.575: 151 avg_steps: 26996.9
2024-10-17 17:07:58.575: 151 epsilon: 0.1
2024-10-17 17:07:58.575: 151 q: 3.9253008
2024-10-17 17:18:20.006: 152 test start:
2024-10-17 17:27:13.080: 152 avg_reward: 884423.5
2024-10-17 17:27:13.080: 152 avg_steps: 26996.4
2024-10-17 17:27:13.080: 152 epsilon: 0.1
2024-10-17 17:27:13.080: 152 q: 3.8241503
2024-10-17 17:38:38.330: 153 test start:
2024-10-17 17:47:08.907: 153 avg_reward: 834868.0
2024-10-17 17:47:08.907: 153 avg_steps: 25696.65
2024-10-17 17:47:08.907: 153 epsilon: 0.1
2024-10-17 17:47:08.907: 153 q: 3.8564668
2024-10-17 17:57:20.004: 154 test start:
2024-10-17 18:06:16.806: 154 avg_reward: 849617.75
2024-10-17 18:06:16.806: 154 avg_steps: 26997.65
2024-10-17 18:06:16.806: 154 epsilon: 0.1
2024-10-17 18:06:16.806: 154 q: 3.9120994
2024-10-17 18:16:32.568: 155 test start:
2024-10-17 18:25:25.738: 155 avg_reward: 866648.35
2024-10-17 18:25:25.738: 155 avg_steps: 26996.45
2024-10-17 18:25:25.738: 155 epsilon: 0.1
2024-10-17 18:25:25.739: 155 q: 3.9595282
2024-10-17 18:35:42.789: 156 test start:
2024-10-17 18:44:32.241: 156 avg_reward: 873057.95
2024-10-17 18:44:32.242: 156 avg_steps: 26997.25
2024-10-17 18:44:32.242: 156 epsilon: 0.1
2024-10-17 18:44:32.242: 156 q: 3.9701421
2024-10-17 18:55:59.282: 157 test start:
2024-10-17 19:04:57.200: 157 avg_reward: 860073.5
2024-10-17 19:04:57.200: 157 avg_steps: 26996.95
2024-10-17 19:04:57.200: 157 epsilon: 0.1
2024-10-17 19:04:57.200: 157 q: 4.0138307
2024-10-17 19:15:13.711: 158 test start:
2024-10-17 19:24:11.192: 158 avg_reward: 871672.85
2024-10-17 19:24:11.192: 158 avg_steps: 26996.15
2024-10-17 19:24:11.192: 158 epsilon: 0.1
2024-10-17 19:24:11.192: 158 q: 3.9505312
2024-10-17 19:34:28.328: 159 test start:
2024-10-17 19:43:23.296: 159 avg_reward: 864303.3
2024-10-17 19:43:23.296: 159 avg_steps: 26996.6
2024-10-17 19:43:23.296: 159 epsilon: 0.1
2024-10-17 19:43:23.296: 159 q: 3.891773
2024-10-17 19:53:41.348: 160 test start:
2024-10-17 20:02:38.325: 160 avg_reward: 873563.1
2024-10-17 20:02:38.326: 160 avg_steps: 26996.8
2024-10-17 20:02:38.326: 160 epsilon: 0.1
2024-10-17 20:02:38.326: 160 q: 3.847742
2024-10-17 20:14:06.967: 161 test start:
2024-10-17 20:23:01.895: 161 avg_reward: 900133.45
2024-10-17 20:23:01.895: 161 avg_steps: 26996.6
2024-10-17 20:23:01.895: 161 epsilon: 0.1
2024-10-17 20:23:01.895: 161 q: 3.936421
2024-10-17 20:33:21.112: 162 test start:
2024-10-17 20:42:15.903: 162 avg_reward: 887728.85
2024-10-17 20:42:15.903: 162 avg_steps: 26996.8
2024-10-17 20:42:15.903: 162 epsilon: 0.1
2024-10-17 20:42:15.903: 162 q: 3.9504638
2024-10-17 20:52:31.534: 163 test start:
2024-10-17 21:01:24.944: 163 avg_reward: 883562.65
2024-10-17 21:01:24.944: 163 avg_steps: 26997.2
2024-10-17 21:01:24.945: 163 epsilon: 0.1
2024-10-17 21:01:24.945: 163 q: 3.901651
2024-10-17 21:11:40.016: 164 test start:
2024-10-17 21:20:37.479: 164 avg_reward: 921417.7
2024-10-17 21:20:37.479: 164 avg_steps: 26997.25
2024-10-17 21:20:37.479: 164 epsilon: 0.1
2024-10-17 21:20:37.479: 164 q: 3.9295757
2024-10-17 21:32:04.372: 165 test start:
2024-10-17 21:40:58.557: 165 avg_reward: 873623.05
2024-10-17 21:40:58.557: 165 avg_steps: 26996.4
2024-10-17 21:40:58.558: 165 epsilon: 0.1
2024-10-17 21:40:58.558: 165 q: 3.9377997
2024-10-17 21:51:15.303: 166 test start:
2024-10-17 22:00:10.335: 166 avg_reward: 869743.55
2024-10-17 22:00:10.335: 166 avg_steps: 26997.45
2024-10-17 22:00:10.336: 166 epsilon: 0.1
2024-10-17 22:00:10.336: 166 q: 3.8730783
2024-10-17 22:10:27.237: 167 test start:
2024-10-17 22:19:21.895: 167 avg_reward: 902493.7
2024-10-17 22:19:21.896: 167 avg_steps: 26996.9
2024-10-17 22:19:21.896: 167 epsilon: 0.1
2024-10-17 22:19:21.896: 167 q: 3.9796934
2024-10-17 22:29:40.294: 168 test start:
2024-10-17 22:38:36.984: 168 avg_reward: 924808.85
2024-10-17 22:38:36.985: 168 avg_steps: 26996.3
2024-10-17 22:38:36.985: 168 epsilon: 0.1
2024-10-17 22:38:36.985: 168 q: 3.9872746
2024-10-17 22:49:59.591: 169 test start:
2024-10-17 22:58:56.061: 169 avg_reward: 852503.25
2024-10-17 22:58:56.061: 169 avg_steps: 26997.3
2024-10-17 22:58:56.061: 169 epsilon: 0.1
2024-10-17 22:58:56.061: 169 q: 3.924001
2024-10-17 23:09:12.866: 170 test start:
2024-10-17 23:18:06.236: 170 avg_reward: 887818.15
2024-10-17 23:18:06.236: 170 avg_steps: 26996.45
2024-10-17 23:18:06.236: 170 epsilon: 0.1
2024-10-17 23:18:06.236: 170 q: 3.9603267
2024-10-17 23:28:20.810: 171 test start:
2024-10-17 23:37:17.430: 171 avg_reward: 860073.25
2024-10-17 23:37:17.430: 171 avg_steps: 26996.25
2024-10-17 23:37:17.430: 171 epsilon: 0.1
2024-10-17 23:37:17.430: 171 q: 3.9607909
2024-10-17 23:48:41.170: 172 test start:
2024-10-17 23:57:36.989: 172 avg_reward: 873653.5
2024-10-17 23:57:36.989: 172 avg_steps: 26995.9
2024-10-17 23:57:36.989: 172 epsilon: 0.1
2024-10-17 23:57:36.989: 172 q: 3.8707187
2024-10-18 00:07:52.939: 173 test start:
2024-10-18 00:16:47.556: 173 avg_reward: 849947.9
2024-10-18 00:16:47.556: 173 avg_steps: 26997.15
2024-10-18 00:16:47.556: 173 epsilon: 0.1
2024-10-18 00:16:47.556: 173 q: 3.8414953
2024-10-18 00:27:01.332: 174 test start:
2024-10-18 00:35:55.783: 174 avg_reward: 860408.05
2024-10-18 00:35:55.783: 174 avg_steps: 26997.05
2024-10-18 00:35:55.783: 174 epsilon: 0.1
2024-10-18 00:35:55.783: 174 q: 3.8484483
2024-10-18 00:46:12.796: 175 test start:
2024-10-18 00:55:09.771: 175 avg_reward: 869848.5
2024-10-18 00:55:09.772: 175 avg_steps: 26997.5
2024-10-18 00:55:09.772: 175 epsilon: 0.1
2024-10-18 00:55:09.772: 175 q: 3.8453486
2024-10-18 01:06:34.849: 176 test start:
2024-10-18 01:15:22.966: 176 avg_reward: 846914.1
2024-10-18 01:15:22.966: 176 avg_steps: 26996.8
2024-10-18 01:15:22.966: 176 epsilon: 0.1
2024-10-18 01:15:22.966: 176 q: 3.8371563
2024-10-18 01:25:40.871: 177 test start:
2024-10-18 01:34:38.998: 177 avg_reward: 846503.65
2024-10-18 01:34:38.999: 177 avg_steps: 26996.35
2024-10-18 01:34:38.999: 177 epsilon: 0.1
2024-10-18 01:34:38.999: 177 q: 3.9062455
2024-10-18 01:44:56.022: 178 test start:
2024-10-18 01:53:49.124: 178 avg_reward: 812953.15
2024-10-18 01:53:49.125: 178 avg_steps: 26996.65
2024-10-18 01:53:49.130: 178 epsilon: 0.1
2024-10-18 01:53:49.130: 178 q: 3.856079
2024-10-18 02:04:09.151: 179 test start:
2024-10-18 02:13:01.171: 179 avg_reward: 832747.8
2024-10-18 02:13:01.171: 179 avg_steps: 26996.55
2024-10-18 02:13:01.171: 179 epsilon: 0.1
2024-10-18 02:13:01.171: 179 q: 3.9075692
2024-10-18 02:24:30.783: 180 test start:
2024-10-18 02:33:21.980: 180 avg_reward: 873433.7
2024-10-18 02:33:21.980: 180 avg_steps: 26997.05
2024-10-18 02:33:21.980: 180 epsilon: 0.1
2024-10-18 02:33:21.980: 180 q: 3.817063
2024-10-18 02:43:44.611: 181 test start:
2024-10-18 02:52:37.364: 181 avg_reward: 886917.9
2024-10-18 02:52:37.365: 181 avg_steps: 26997.7
2024-10-18 02:52:37.365: 181 epsilon: 0.1
2024-10-18 02:52:37.365: 181 q: 3.7955241
2024-10-18 03:02:56.949: 182 test start:
2024-10-18 03:11:23.740: 182 avg_reward: 835111.65
2024-10-18 03:11:23.740: 182 avg_steps: 25714.15
2024-10-18 03:11:23.740: 182 epsilon: 0.1
2024-10-18 03:11:23.740: 182 q: 3.8202064
2024-10-18 03:21:42.493: 183 test start:
2024-10-18 03:30:07.705: 183 avg_reward: 760957.1
2024-10-18 03:30:07.705: 183 avg_steps: 25704.35
2024-10-18 03:30:07.705: 183 epsilon: 0.1
2024-10-18 03:30:07.705: 183 q: 3.7219718
2024-10-18 03:41:34.459: 184 test start:
2024-10-18 03:50:24.805: 184 avg_reward: 871852.75
2024-10-18 03:50:24.805: 184 avg_steps: 26997.25
2024-10-18 03:50:24.805: 184 epsilon: 0.1
2024-10-18 03:50:24.805: 184 q: 3.708423
2024-10-18 04:00:41.496: 185 test start:
2024-10-18 04:09:30.300: 185 avg_reward: 891113.45
2024-10-18 04:09:30.300: 185 avg_steps: 26996.55
2024-10-18 04:09:30.300: 185 epsilon: 0.1
2024-10-18 04:09:30.300: 185 q: 3.6803026
2024-10-18 04:19:47.701: 186 test start:
2024-10-18 04:28:42.126: 186 avg_reward: 823392.8
2024-10-18 04:28:42.126: 186 avg_steps: 26997.4
2024-10-18 04:28:42.126: 186 epsilon: 0.1
2024-10-18 04:28:42.126: 186 q: 3.6391926
2024-10-18 04:38:58.560: 187 test start:
2024-10-18 04:47:47.996: 187 avg_reward: 891713.65
2024-10-18 04:47:47.996: 187 avg_steps: 26996.8
2024-10-18 04:47:47.996: 187 epsilon: 0.1
2024-10-18 04:47:47.996: 187 q: 3.7133832
2024-10-18 04:59:17.066: 188 test start:
2024-10-18 05:08:09.708: 188 avg_reward: 848553.6
2024-10-18 05:08:09.708: 188 avg_steps: 26997.55
2024-10-18 05:08:09.708: 188 epsilon: 0.1
2024-10-18 05:08:09.708: 188 q: 3.719557
2024-10-18 05:18:26.412: 189 test start:
2024-10-18 05:27:15.522: 189 avg_reward: 872833.15
2024-10-18 05:27:15.522: 189 avg_steps: 26996.35
2024-10-18 05:27:15.522: 189 epsilon: 0.1
2024-10-18 05:27:15.522: 189 q: 3.6769598
2024-10-18 05:37:35.216: 190 test start:
2024-10-18 05:46:24.183: 190 avg_reward: 856608.05
2024-10-18 05:46:24.184: 190 avg_steps: 26996.85
2024-10-18 05:46:24.184: 190 epsilon: 0.1
2024-10-18 05:46:24.184: 190 q: 3.5922723
2024-10-18 05:56:47.763: 191 test start:
2024-10-18 06:04:45.341: 191 avg_reward: 725412.0
2024-10-18 06:04:45.341: 191 avg_steps: 24453.85
2024-10-18 06:04:45.341: 191 epsilon: 0.1
2024-10-18 06:04:45.341: 191 q: 3.5801144
2024-10-18 06:16:12.708: 192 test start:
2024-10-18 06:24:59.365: 192 avg_reward: 855728.0
2024-10-18 06:24:59.365: 192 avg_steps: 26997.3
2024-10-18 06:24:59.366: 192 epsilon: 0.1
2024-10-18 06:24:59.366: 192 q: 3.5460317
2024-10-18 06:35:19.644: 193 test start:
2024-10-18 06:44:07.299: 193 avg_reward: 858058.15
2024-10-18 06:44:07.299: 193 avg_steps: 26996.4
2024-10-18 06:44:07.299: 193 epsilon: 0.1
2024-10-18 06:44:07.299: 193 q: 3.6794863
2024-10-18 06:54:26.466: 194 test start:
2024-10-18 07:03:28.397: 194 avg_reward: 862698.75
2024-10-18 07:03:28.397: 194 avg_steps: 26997.55
2024-10-18 07:03:28.397: 194 epsilon: 0.1
2024-10-18 07:03:28.397: 194 q: 3.7509987
2024-10-18 07:13:46.572: 195 test start:
2024-10-18 07:22:33.231: 195 avg_reward: 864303.35
2024-10-18 07:22:33.232: 195 avg_steps: 26996.95
2024-10-18 07:22:33.232: 195 epsilon: 0.1
2024-10-18 07:22:33.232: 195 q: 3.7279556
2024-10-18 07:34:02.931: 196 test start:
2024-10-18 07:42:52.394: 196 avg_reward: 858223.15
2024-10-18 07:42:52.395: 196 avg_steps: 26997.55
2024-10-18 07:42:52.395: 196 epsilon: 0.1
2024-10-18 07:42:52.395: 196 q: 3.7511098
2024-10-18 07:53:15.567: 197 test start:
2024-10-18 08:01:10.405: 197 avg_reward: 773077.7
2024-10-18 08:01:10.405: 197 avg_steps: 24448.35
2024-10-18 08:01:10.405: 197 epsilon: 0.1
2024-10-18 08:01:10.405: 197 q: 3.7904222
2024-10-18 08:11:33.615: 198 test start:
2024-10-18 08:19:57.745: 198 avg_reward: 804472.7
2024-10-18 08:19:57.746: 198 avg_steps: 25684.55
2024-10-18 08:19:57.746: 198 epsilon: 0.1
2024-10-18 08:19:57.746: 198 q: 3.8048482
2024-10-18 08:30:19.468: 199 test start:
2024-10-18 08:39:06.239: 199 avg_reward: 860348.75
2024-10-18 08:39:06.239: 199 avg_steps: 26996.0
2024-10-18 08:39:06.239: 199 epsilon: 0.1
2024-10-18 08:39:06.239: 199 q: 3.824481
2024-10-18 08:50:30.454: 200 test start:
2024-10-18 08:58:48.987: 200 avg_reward: 819138.1
2024-10-18 08:58:48.988: 200 avg_steps: 25704.25
2024-10-18 08:58:48.988: 200 epsilon: 0.1
2024-10-18 08:58:48.988: 200 q: 3.8764343
