2024-05-02 19:19:17.805: 
parameters:agent_saving_period: 80000
agent_test_episodes: 20
batch_num_per_epoch: 100000
device: cuda:0
env_name: ALE/Atlantis-v5
epsilon_for_test: 0.05
epsilon_max: 1.0
epsilon_min: 0.1
exploration_steps: 1000000
gamma: 0.99
input_frame_height: 84
input_frame_width: 84
learning_rate: 1.0e-05
log_path: ../exps/dqn/
mini_batch_size: 32
no_op: 30
phi_channel: 4
replay_buffer_size: 200000
replay_start_size: 10000
save_path: ./exps/
skip_k_frame: 4
step_c: 10000
training_steps: 50000000

2024-05-02 19:31:50.087: 1 test start:
2024-05-02 19:32:14.890: 1 avg_reward: 13255.0
2024-05-02 19:32:14.891: 1 avg_steps: 1051.7
2024-05-02 19:32:14.891: 1 epsilon: 0.919774
2024-05-02 19:46:23.261: 2 test start:
2024-05-02 19:46:37.122: 2 avg_reward: 5860.0
2024-05-02 19:46:37.122: 2 avg_steps: 647.4
2024-05-02 19:46:37.122: 2 epsilon: 0.8324677
2024-05-02 20:28:04.978: 3 test start:
2024-05-02 20:28:17.011: 3 avg_reward: 4925.0
2024-05-02 20:28:17.012: 3 avg_steps: 637.1
2024-05-02 20:28:17.012: 3 epsilon: 0.7439184999999999
2024-05-02 20:42:28.108: 4 test start:
2024-05-02 20:42:42.223: 4 avg_reward: 5615.0
2024-05-02 20:42:42.223: 4 avg_steps: 742.8
2024-05-02 20:42:42.223: 4 epsilon: 0.6553621
2024-05-02 20:56:48.652: 5 test start:
2024-05-02 20:57:01.385: 5 avg_reward: 4800.0
2024-05-02 20:57:01.385: 5 avg_steps: 670.1
2024-05-02 20:57:01.385: 5 epsilon: 0.5673628
2024-05-02 21:11:10.570: 6 test start:
2024-05-02 21:11:26.823: 6 avg_reward: 8740.0
2024-05-02 21:11:26.823: 6 avg_steps: 855.2
2024-05-02 21:11:26.823: 6 epsilon: 0.4789567
2024-05-02 21:25:26.524: 7 test start:
2024-05-02 21:26:00.830: 7 avg_reward: 27620.0
2024-05-02 21:26:00.830: 7 avg_steps: 1821.6
2024-05-02 21:26:00.830: 7 epsilon: 0.39169719999999997
2024-05-02 21:40:03.754: 8 test start:
2024-05-02 21:40:17.130: 8 avg_reward: 5630.0
2024-05-02 21:40:17.130: 8 avg_steps: 710.5
2024-05-02 21:40:17.130: 8 epsilon: 0.30377619999999994
2024-05-02 21:54:25.818: 9 test start:
2024-05-02 21:54:46.079: 9 avg_reward: 11030.0
2024-05-02 21:54:46.079: 9 avg_steps: 1094.1
2024-05-02 21:54:46.079: 9 epsilon: 0.21551409999999993
2024-05-02 22:08:46.448: 10 test start:
2024-05-02 22:09:06.434: 10 avg_reward: 10500.0
2024-05-02 22:09:06.434: 10 avg_steps: 1060.1
2024-05-02 22:09:06.434: 10 epsilon: 0.12798729999999992
2024-05-02 22:23:04.749: 11 test start:
2024-05-02 22:23:21.510: 11 avg_reward: 8705.0
2024-05-02 22:23:21.510: 11 avg_steps: 879.5
2024-05-02 22:23:21.510: 11 epsilon: 0.1
2024-05-02 22:37:20.228: 12 test start:
2024-05-02 22:37:53.762: 12 avg_reward: 27145.0
2024-05-02 22:37:53.762: 12 avg_steps: 1760.8
2024-05-02 22:37:53.762: 12 epsilon: 0.1
2024-05-02 22:52:02.456: 13 test start:
2024-05-02 22:52:20.013: 13 avg_reward: 10140.0
2024-05-02 22:52:20.013: 13 avg_steps: 930.4
2024-05-02 22:52:20.013: 13 epsilon: 0.1
2024-05-02 23:06:16.296: 14 test start:
2024-05-02 23:06:31.309: 14 avg_reward: 7430.0
2024-05-02 23:06:31.309: 14 avg_steps: 798.2
2024-05-02 23:06:31.309: 14 epsilon: 0.1
2024-05-02 23:20:30.984: 15 test start:
2024-05-02 23:20:47.226: 15 avg_reward: 8680.0
2024-05-02 23:20:47.227: 15 avg_steps: 858.2
2024-05-02 23:20:47.227: 15 epsilon: 0.1
2024-05-02 23:34:51.994: 16 test start:
2024-05-02 23:35:09.683: 16 avg_reward: 10700.0
2024-05-02 23:35:09.683: 16 avg_steps: 933.1
2024-05-02 23:35:09.683: 16 epsilon: 0.1
2024-05-02 23:49:09.426: 17 test start:
2024-05-02 23:49:28.813: 17 avg_reward: 12830.0
2024-05-02 23:49:28.813: 17 avg_steps: 1033.6
2024-05-02 23:49:28.813: 17 epsilon: 0.1
2024-05-03 00:03:45.037: 18 test start:
2024-05-03 00:04:08.292: 18 avg_reward: 15540.0
2024-05-03 00:04:08.292: 18 avg_steps: 1232.3
2024-05-03 00:04:08.292: 18 epsilon: 0.1
2024-05-03 00:18:10.560: 19 test start:
2024-05-03 00:18:33.030: 19 avg_reward: 13015.0
2024-05-03 00:18:33.030: 19 avg_steps: 1198.8
2024-05-03 00:18:33.030: 19 epsilon: 0.1
2024-05-03 00:32:33.232: 20 test start:
2024-05-03 00:32:57.007: 20 avg_reward: 15710.0
2024-05-03 00:32:57.007: 20 avg_steps: 1263.1
2024-05-03 00:32:57.007: 20 epsilon: 0.1
2024-05-03 00:47:03.821: 21 test start:
2024-05-03 00:47:40.173: 21 avg_reward: 31610.0
2024-05-03 00:47:40.173: 21 avg_steps: 1951.9
2024-05-03 00:47:40.173: 21 epsilon: 0.1
2024-05-03 01:01:41.572: 22 test start:
2024-05-03 01:02:13.331: 22 avg_reward: 25000.0
2024-05-03 01:02:13.331: 22 avg_steps: 1689.8
2024-05-03 01:02:13.331: 22 epsilon: 0.1
2024-05-03 01:16:17.372: 23 test start:
2024-05-03 01:16:58.361: 23 avg_reward: 38865.0
2024-05-03 01:16:58.361: 23 avg_steps: 2197.3
2024-05-03 01:16:58.361: 23 epsilon: 0.1
2024-05-03 01:31:28.289: 24 test start:
2024-05-03 01:32:03.087: 24 avg_reward: 29350.0
2024-05-03 01:32:03.087: 24 avg_steps: 1848.3
2024-05-03 01:32:03.087: 24 epsilon: 0.1
2024-05-03 01:46:12.068: 25 test start:
2024-05-03 01:46:47.159: 25 avg_reward: 30310.0
2024-05-03 01:46:47.159: 25 avg_steps: 1869.9
2024-05-03 01:46:47.159: 25 epsilon: 0.1
2024-05-03 02:00:56.007: 26 test start:
2024-05-03 02:01:45.900: 26 avg_reward: 46770.0
2024-05-03 02:01:45.900: 26 avg_steps: 2648.2
2024-05-03 02:01:45.900: 26 epsilon: 0.1
2024-05-03 02:16:03.751: 27 test start:
2024-05-03 02:16:58.495: 27 avg_reward: 56215.0
2024-05-03 02:16:58.495: 27 avg_steps: 2932.3
2024-05-03 02:16:58.495: 27 epsilon: 0.1
2024-05-03 02:31:33.621: 28 test start:
2024-05-03 02:32:22.565: 28 avg_reward: 47335.0
2024-05-03 02:32:22.565: 28 avg_steps: 2615.9
2024-05-03 02:32:22.565: 28 epsilon: 0.1
2024-05-03 02:46:51.925: 29 test start:
2024-05-03 02:47:31.110: 29 avg_reward: 31615.0
2024-05-03 02:47:31.110: 29 avg_steps: 2093.6
2024-05-03 02:47:31.110: 29 epsilon: 0.1
2024-05-03 03:02:04.952: 30 test start:
2024-05-03 03:02:43.557: 30 avg_reward: 29910.0
2024-05-03 03:02:43.558: 30 avg_steps: 2034.1
2024-05-03 03:02:43.558: 30 epsilon: 0.1
2024-05-03 03:16:54.681: 31 test start:
2024-05-03 03:17:45.814: 31 avg_reward: 55090.0
2024-05-03 03:17:45.814: 31 avg_steps: 2751.7
2024-05-03 03:17:45.814: 31 epsilon: 0.1
2024-05-03 03:32:15.844: 32 test start:
2024-05-03 03:32:52.586: 32 avg_reward: 30650.0
2024-05-03 03:32:52.586: 32 avg_steps: 1974.8
2024-05-03 03:32:52.586: 32 epsilon: 0.1
2024-05-03 03:47:26.084: 33 test start:
2024-05-03 03:48:14.481: 33 avg_reward: 44540.0
2024-05-03 03:48:14.481: 33 avg_steps: 2549.0
2024-05-03 03:48:14.481: 33 epsilon: 0.1
2024-05-03 04:02:44.204: 34 test start:
2024-05-03 04:03:26.511: 34 avg_reward: 37610.0
2024-05-03 04:03:26.511: 34 avg_steps: 2222.4
2024-05-03 04:03:26.511: 34 epsilon: 0.1
2024-05-03 04:17:42.530: 35 test start:
2024-05-03 04:18:41.024: 35 avg_reward: 66295.0
2024-05-03 04:18:41.025: 35 avg_steps: 3094.6
2024-05-03 04:18:41.025: 35 epsilon: 0.1
2024-05-03 04:33:25.400: 36 test start:
2024-05-03 04:34:14.516: 36 avg_reward: 48835.0
2024-05-03 04:34:14.516: 36 avg_steps: 2601.0
2024-05-03 04:34:14.516: 36 epsilon: 0.1
2024-05-03 04:48:22.851: 37 test start:
2024-05-03 04:49:09.402: 37 avg_reward: 42945.0
2024-05-03 04:49:09.403: 37 avg_steps: 2456.5
2024-05-03 04:49:09.403: 37 epsilon: 0.1
2024-05-03 05:03:46.320: 38 test start:
2024-05-03 05:04:36.994: 38 avg_reward: 48785.0
2024-05-03 05:04:36.994: 38 avg_steps: 2689.2
2024-05-03 05:04:36.994: 38 epsilon: 0.1
2024-05-03 05:18:49.257: 39 test start:
2024-05-03 05:19:48.322: 39 avg_reward: 64120.0
2024-05-03 05:19:48.322: 39 avg_steps: 3133.2
2024-05-03 05:19:48.322: 39 epsilon: 0.1
2024-05-03 05:34:18.338: 40 test start:
2024-05-03 05:35:19.068: 40 avg_reward: 66875.0
2024-05-03 05:35:19.068: 40 avg_steps: 3196.5
2024-05-03 05:35:19.068: 40 epsilon: 0.1
2024-05-03 05:49:48.349: 41 test start:
2024-05-03 05:50:41.877: 41 avg_reward: 51415.0
2024-05-03 05:50:41.877: 41 avg_steps: 2844.8
2024-05-03 05:50:41.877: 41 epsilon: 0.1
2024-05-03 06:05:20.717: 42 test start:
2024-05-03 06:06:33.866: 42 avg_reward: 82210.0
2024-05-03 06:06:33.867: 42 avg_steps: 3867.0
2024-05-03 06:06:33.867: 42 epsilon: 0.1
2024-05-03 06:21:12.774: 43 test start:
2024-05-03 06:22:12.013: 43 avg_reward: 65200.0
2024-05-03 06:22:12.013: 43 avg_steps: 3154.5
2024-05-03 06:22:12.013: 43 epsilon: 0.1
2024-05-03 06:36:51.506: 44 test start:
2024-05-03 06:38:04.094: 44 avg_reward: 85405.0
2024-05-03 06:38:04.094: 44 avg_steps: 3841.5
2024-05-03 06:38:04.094: 44 epsilon: 0.1
2024-05-03 06:52:06.526: 45 test start:
2024-05-03 06:53:19.134: 45 avg_reward: 88010.0
2024-05-03 06:53:19.135: 45 avg_steps: 3855.5
2024-05-03 06:53:19.135: 45 epsilon: 0.1
2024-05-03 07:07:47.951: 46 test start:
2024-05-03 07:09:15.687: 46 avg_reward: 107820.0
2024-05-03 07:09:15.687: 46 avg_steps: 4681.2
2024-05-03 07:09:15.687: 46 epsilon: 0.1
2024-05-03 07:23:21.428: 47 test start:
2024-05-03 07:24:33.576: 47 avg_reward: 78260.0
2024-05-03 07:24:33.576: 47 avg_steps: 3802.4
2024-05-03 07:24:33.576: 47 epsilon: 0.1
2024-05-03 07:39:16.734: 48 test start:
2024-05-03 07:40:29.510: 48 avg_reward: 80990.0
2024-05-03 07:40:29.510: 48 avg_steps: 3901.3
2024-05-03 07:40:29.510: 48 epsilon: 0.1
2024-05-03 07:55:16.750: 49 test start:
2024-05-03 07:56:47.142: 49 avg_reward: 113560.0
2024-05-03 07:56:47.142: 49 avg_steps: 4780.6
2024-05-03 07:56:47.142: 49 epsilon: 0.1
2024-05-03 08:11:02.980: 50 test start:
2024-05-03 08:12:27.113: 50 avg_reward: 106550.0
2024-05-03 08:12:27.113: 50 avg_steps: 4510.0
2024-05-03 08:12:27.113: 50 epsilon: 0.1
2024-05-03 08:26:34.681: 51 test start:
2024-05-03 08:28:11.596: 51 avg_reward: 125450.0
2024-05-03 08:28:11.597: 51 avg_steps: 5222.1
2024-05-03 08:28:11.597: 51 epsilon: 0.1
2024-05-03 08:42:54.662: 52 test start:
2024-05-03 08:44:26.563: 52 avg_reward: 119020.0
2024-05-03 08:44:26.563: 52 avg_steps: 4900.2
2024-05-03 08:44:26.563: 52 epsilon: 0.1
2024-05-03 08:58:33.185: 53 test start:
2024-05-03 09:00:11.727: 53 avg_reward: 122550.0
2024-05-03 09:00:11.727: 53 avg_steps: 5307.3
2024-05-03 09:00:11.727: 53 epsilon: 0.1
2024-05-03 09:14:47.843: 54 test start:
2024-05-03 09:16:16.251: 54 avg_reward: 112900.0
2024-05-03 09:16:16.251: 54 avg_steps: 4711.1
2024-05-03 09:16:16.251: 54 epsilon: 0.1
2024-05-03 09:30:16.583: 55 test start:
2024-05-03 09:31:41.959: 55 avg_reward: 106585.0
2024-05-03 09:31:41.959: 55 avg_steps: 4554.3
2024-05-03 09:31:41.959: 55 epsilon: 0.1
2024-05-03 09:46:33.716: 56 test start:
2024-05-03 09:48:14.133: 56 avg_reward: 133055.0
2024-05-03 09:48:14.133: 56 avg_steps: 5354.4
2024-05-03 09:48:14.133: 56 epsilon: 0.1
2024-05-03 10:02:25.232: 57 test start:
2024-05-03 10:04:05.532: 57 avg_reward: 129580.0
2024-05-03 10:04:05.532: 57 avg_steps: 5344.7
2024-05-03 10:04:05.532: 57 epsilon: 0.1
2024-05-03 10:18:23.498: 58 test start:
2024-05-03 10:23:51.416: 58 avg_reward: 482970.0
2024-05-03 10:23:51.416: 58 avg_steps: 17321.85
2024-05-03 10:23:51.416: 58 epsilon: 0.1
2024-05-03 10:38:40.401: 59 test start:
2024-05-03 10:43:15.695: 59 avg_reward: 402080.0
2024-05-03 10:43:15.696: 59 avg_steps: 14482.75
2024-05-03 10:43:15.696: 59 epsilon: 0.1
2024-05-03 11:00:02.330: 60 test start:
2024-05-03 11:08:35.788: 60 avg_reward: 783575.0
2024-05-03 11:08:35.788: 60 avg_steps: 27000.0
2024-05-03 11:08:35.788: 60 epsilon: 0.1
2024-05-03 11:20:17.980: 61 test start:
2024-05-03 11:27:14.159: 61 avg_reward: 616825.0
2024-05-03 11:27:14.159: 61 avg_steps: 21905.0
2024-05-03 11:27:14.159: 61 epsilon: 0.1
2024-05-03 11:45:19.982: 62 test start:
2024-05-03 11:53:39.239: 62 avg_reward: 758480.0
2024-05-03 11:53:39.240: 62 avg_steps: 26240.55
2024-05-03 11:53:39.240: 62 epsilon: 0.1
2024-05-03 12:05:19.578: 63 test start:
2024-05-03 12:13:54.419: 63 avg_reward: 821895.0
2024-05-03 12:13:54.419: 63 avg_steps: 27000.0
2024-05-03 12:13:54.419: 63 epsilon: 0.1
2024-05-03 12:29:28.899: 64 test start:
2024-05-03 12:38:02.285: 64 avg_reward: 861365.0
2024-05-03 12:38:02.285: 64 avg_steps: 27000.0
2024-05-03 12:38:02.285: 64 epsilon: 0.1
2024-05-03 12:53:37.671: 65 test start:
2024-05-03 13:02:08.232: 65 avg_reward: 864810.0
2024-05-03 13:02:08.232: 65 avg_steps: 27000.0
2024-05-03 13:02:08.232: 65 epsilon: 0.1
2024-05-03 13:13:56.265: 66 test start:
2024-05-03 13:22:26.246: 66 avg_reward: 889140.0
2024-05-03 13:22:26.246: 66 avg_steps: 27000.0
2024-05-03 13:22:26.246: 66 epsilon: 0.1
2024-05-03 13:38:27.754: 67 test start:
2024-05-03 13:46:33.214: 67 avg_reward: 846295.0
2024-05-03 13:46:33.214: 67 avg_steps: 25737.45
2024-05-03 13:46:33.214: 67 epsilon: 0.1
2024-05-03 14:02:10.186: 68 test start:
2024-05-03 14:10:41.023: 68 avg_reward: 881180.0
2024-05-03 14:10:41.023: 68 avg_steps: 27000.0
2024-05-03 14:10:41.023: 68 epsilon: 0.1
2024-05-03 14:22:23.506: 69 test start:
2024-05-03 14:30:50.205: 69 avg_reward: 882365.0
2024-05-03 14:30:50.205: 69 avg_steps: 27000.0
2024-05-03 14:30:50.205: 69 epsilon: 0.1
2024-05-03 14:47:01.385: 70 test start:
2024-05-03 14:55:37.454: 70 avg_reward: 859800.0
2024-05-03 14:55:37.454: 70 avg_steps: 27000.0
2024-05-03 14:55:37.455: 70 epsilon: 0.1
2024-05-03 15:11:16.189: 71 test start:
2024-05-03 15:19:23.710: 71 avg_reward: 848075.0
2024-05-03 15:19:23.710: 71 avg_steps: 25737.35
2024-05-03 15:19:23.710: 71 epsilon: 0.1
2024-05-03 15:31:03.869: 72 test start:
2024-05-03 15:39:15.551: 72 avg_reward: 828335.0
2024-05-03 15:39:15.551: 72 avg_steps: 25758.65
2024-05-03 15:39:15.551: 72 epsilon: 0.1
2024-05-03 15:54:52.351: 73 test start:
2024-05-03 16:03:28.075: 73 avg_reward: 884995.0
2024-05-03 16:03:28.075: 73 avg_steps: 27000.0
2024-05-03 16:03:28.075: 73 epsilon: 0.1
2024-05-03 16:19:06.488: 74 test start:
2024-05-03 16:27:38.183: 74 avg_reward: 893130.0
2024-05-03 16:27:38.183: 74 avg_steps: 27000.0
2024-05-03 16:27:38.183: 74 epsilon: 0.1
2024-05-03 16:39:22.109: 75 test start:
2024-05-03 16:47:59.208: 75 avg_reward: 889775.0
2024-05-03 16:47:59.208: 75 avg_steps: 27000.0
2024-05-03 16:47:59.208: 75 epsilon: 0.1
2024-05-03 17:03:35.689: 76 test start:
2024-05-03 17:12:13.008: 76 avg_reward: 872885.0
2024-05-03 17:12:13.008: 76 avg_steps: 27000.0
2024-05-03 17:12:13.008: 76 epsilon: 0.1
2024-05-03 17:27:51.162: 77 test start:
2024-05-03 17:35:59.805: 77 avg_reward: 854330.0
2024-05-03 17:35:59.805: 77 avg_steps: 25746.05
2024-05-03 17:35:59.805: 77 epsilon: 0.1
2024-05-03 17:51:34.258: 78 test start:
2024-05-03 18:00:03.944: 78 avg_reward: 886725.0
2024-05-03 18:00:03.945: 78 avg_steps: 27000.0
2024-05-03 18:00:03.945: 78 epsilon: 0.1
2024-05-03 18:11:46.872: 79 test start:
2024-05-03 18:20:19.618: 79 avg_reward: 867145.0
2024-05-03 18:20:19.618: 79 avg_steps: 27000.0
2024-05-03 18:20:19.618: 79 epsilon: 0.1
2024-05-03 18:35:57.143: 80 test start:
2024-05-03 18:44:30.952: 80 avg_reward: 883330.0
2024-05-03 18:44:30.953: 80 avg_steps: 27000.0
2024-05-03 18:44:30.953: 80 epsilon: 0.1
2024-05-03 19:00:10.787: 81 test start:
2024-05-03 19:08:41.209: 81 avg_reward: 890355.0
2024-05-03 19:08:41.209: 81 avg_steps: 27000.0
2024-05-03 19:08:41.209: 81 epsilon: 0.1
2024-05-03 19:20:26.973: 82 test start:
2024-05-03 19:28:59.659: 82 avg_reward: 883565.0
2024-05-03 19:28:59.659: 82 avg_steps: 27000.0
2024-05-03 19:28:59.659: 82 epsilon: 0.1
2024-05-03 19:44:38.870: 83 test start:
2024-05-03 19:53:13.575: 83 avg_reward: 871425.0
2024-05-03 19:53:13.575: 83 avg_steps: 27000.0
2024-05-03 19:53:13.575: 83 epsilon: 0.1
2024-05-03 20:08:44.452: 84 test start:
2024-05-03 20:17:18.228: 84 avg_reward: 864535.0
2024-05-03 20:17:18.228: 84 avg_steps: 27000.0
2024-05-03 20:17:18.228: 84 epsilon: 0.1
2024-05-03 20:32:56.444: 85 test start:
2024-05-03 20:41:35.032: 85 avg_reward: 854125.0
2024-05-03 20:41:35.033: 85 avg_steps: 27000.0
2024-05-03 20:41:35.033: 85 epsilon: 0.1
2024-05-03 20:53:15.009: 86 test start:
2024-05-03 21:01:51.356: 86 avg_reward: 842155.0
2024-05-03 21:01:51.356: 86 avg_steps: 27000.0
2024-05-03 21:01:51.356: 86 epsilon: 0.1
2024-05-03 21:17:27.071: 87 test start:
2024-05-03 21:26:01.553: 87 avg_reward: 853205.0
2024-05-03 21:26:01.553: 87 avg_steps: 27000.0
2024-05-03 21:26:01.553: 87 epsilon: 0.1
2024-05-03 21:41:39.246: 88 test start:
2024-05-03 21:50:15.315: 88 avg_reward: 844115.0
2024-05-03 21:50:15.315: 88 avg_steps: 27000.0
2024-05-03 21:50:15.315: 88 epsilon: 0.1
2024-05-03 22:01:59.952: 89 test start:
2024-05-03 22:10:31.110: 89 avg_reward: 838935.0
2024-05-03 22:10:31.110: 89 avg_steps: 27000.0
2024-05-03 22:10:31.110: 89 epsilon: 0.1
2024-05-03 22:26:10.972: 90 test start:
2024-05-03 22:34:44.662: 90 avg_reward: 795475.0
2024-05-03 22:34:44.662: 90 avg_steps: 27000.0
2024-05-03 22:34:44.662: 90 epsilon: 0.1
2024-05-03 22:50:22.913: 91 test start:
2024-05-03 22:58:56.739: 91 avg_reward: 790190.0
2024-05-03 22:58:56.739: 91 avg_steps: 27000.0
2024-05-03 22:58:56.739: 91 epsilon: 0.1
2024-05-03 23:10:37.823: 92 test start:
2024-05-03 23:18:45.562: 92 avg_reward: 786855.0
2024-05-03 23:18:45.562: 92 avg_steps: 25703.95
2024-05-03 23:18:45.562: 92 epsilon: 0.1
2024-05-03 23:34:40.127: 93 test start:
2024-05-03 23:42:25.245: 93 avg_reward: 762680.0
2024-05-03 23:42:25.245: 93 avg_steps: 24475.8
2024-05-03 23:42:25.245: 93 epsilon: 0.1
2024-05-03 23:58:04.224: 94 test start:
2024-05-04 00:06:13.278: 94 avg_reward: 800180.0
2024-05-04 00:06:13.278: 94 avg_steps: 25749.65
2024-05-04 00:06:13.278: 94 epsilon: 0.1
2024-05-04 00:19:22.658: 95 test start:
2024-05-04 00:27:06.801: 95 avg_reward: 763755.0
2024-05-04 00:27:06.801: 95 avg_steps: 24454.1
2024-05-04 00:27:06.801: 95 epsilon: 0.1
2024-05-04 00:42:45.832: 96 test start:
2024-05-04 00:50:53.250: 96 avg_reward: 795215.0
2024-05-04 00:50:53.250: 96 avg_steps: 25775.05
2024-05-04 00:50:53.250: 96 epsilon: 0.1
2024-05-04 01:02:57.031: 97 test start:
2024-05-04 01:11:27.584: 97 avg_reward: 818120.0
2024-05-04 01:11:27.584: 97 avg_steps: 27000.0
2024-05-04 01:11:27.585: 97 epsilon: 0.1
2024-05-04 01:27:05.380: 98 test start:
2024-05-04 01:35:39.524: 98 avg_reward: 828000.0
2024-05-04 01:35:39.524: 98 avg_steps: 27000.0
2024-05-04 01:35:39.524: 98 epsilon: 0.1
2024-05-04 01:51:16.976: 99 test start:
2024-05-04 01:57:48.274: 99 avg_reward: 621310.0
2024-05-04 01:57:48.274: 99 avg_steps: 20539.55
2024-05-04 01:57:48.274: 99 epsilon: 0.1
2024-05-04 02:13:28.953: 100 test start:
2024-05-04 02:22:01.282: 100 avg_reward: 832920.0
2024-05-04 02:22:01.282: 100 avg_steps: 27000.0
2024-05-04 02:22:01.282: 100 epsilon: 0.1
2024-05-04 02:33:44.980: 101 test start:
2024-05-04 02:42:15.522: 101 avg_reward: 789250.0
2024-05-04 02:42:15.522: 101 avg_steps: 27000.0
2024-05-04 02:42:15.522: 101 epsilon: 0.1
2024-05-04 02:57:55.555: 102 test start:
2024-05-04 03:06:06.864: 102 avg_reward: 793150.0
2024-05-04 03:06:06.864: 102 avg_steps: 25749.45
2024-05-04 03:06:06.864: 102 epsilon: 0.1
2024-05-04 03:22:11.158: 103 test start:
2024-05-04 03:30:43.168: 103 avg_reward: 813585.0
2024-05-04 03:30:43.168: 103 avg_steps: 27000.0
2024-05-04 03:30:43.168: 103 epsilon: 0.1
2024-05-04 03:42:27.350: 104 test start:
2024-05-04 03:50:33.899: 104 avg_reward: 771945.0
2024-05-04 03:50:33.899: 104 avg_steps: 25702.05
2024-05-04 03:50:33.899: 104 epsilon: 0.1
2024-05-04 04:06:10.559: 105 test start:
2024-05-04 04:13:11.744: 105 avg_reward: 694330.0
2024-05-04 04:13:11.744: 105 avg_steps: 22020.3
2024-05-04 04:13:11.744: 105 epsilon: 0.1
2024-05-04 04:28:50.444: 106 test start:
2024-05-04 04:36:59.591: 106 avg_reward: 793650.0
2024-05-04 04:36:59.591: 106 avg_steps: 25720.05
2024-05-04 04:36:59.591: 106 epsilon: 0.1
2024-05-04 04:48:46.758: 107 test start:
2024-05-04 04:57:24.220: 107 avg_reward: 818530.0
2024-05-04 04:57:24.220: 107 avg_steps: 27000.0
2024-05-04 04:57:24.220: 107 epsilon: 0.1
2024-05-04 05:13:17.286: 108 test start:
2024-05-04 05:21:23.883: 108 avg_reward: 769550.0
2024-05-04 05:21:23.883: 108 avg_steps: 25723.45
2024-05-04 05:21:23.883: 108 epsilon: 0.1
2024-05-04 05:37:04.011: 109 test start:
2024-05-04 05:44:25.772: 109 avg_reward: 696350.0
2024-05-04 05:44:25.772: 109 avg_steps: 23142.85
2024-05-04 05:44:25.772: 109 epsilon: 0.1
2024-05-04 05:56:20.404: 110 test start:
2024-05-04 06:04:54.340: 110 avg_reward: 832455.0
2024-05-04 06:04:54.340: 110 avg_steps: 27000.0
2024-05-04 06:04:54.340: 110 epsilon: 0.1
2024-05-04 06:20:32.963: 111 test start:
2024-05-04 06:29:06.186: 111 avg_reward: 821530.0
2024-05-04 06:29:06.186: 111 avg_steps: 27000.0
2024-05-04 06:29:06.186: 111 epsilon: 0.1
2024-05-04 06:45:08.967: 112 test start:
2024-05-04 06:53:17.304: 112 avg_reward: 787915.0
2024-05-04 06:53:17.304: 112 avg_steps: 25694.15
2024-05-04 06:53:17.304: 112 epsilon: 0.1
2024-05-04 07:04:57.393: 113 test start:
2024-05-04 07:13:35.105: 113 avg_reward: 815375.0
2024-05-04 07:13:35.105: 113 avg_steps: 27000.0
2024-05-04 07:13:35.105: 113 epsilon: 0.1
2024-05-04 07:29:13.809: 114 test start:
2024-05-04 07:37:23.483: 114 avg_reward: 751970.0
2024-05-04 07:37:23.483: 114 avg_steps: 25704.95
2024-05-04 07:37:23.483: 114 epsilon: 0.1
2024-05-04 07:53:04.374: 115 test start:
2024-05-04 08:00:32.284: 115 avg_reward: 692045.0
2024-05-04 08:00:32.284: 115 avg_steps: 23420.75
2024-05-04 08:00:32.284: 115 epsilon: 0.1
2024-05-04 08:12:16.670: 116 test start:
2024-05-04 08:20:49.265: 116 avg_reward: 815910.0
2024-05-04 08:20:49.265: 116 avg_steps: 27000.0
2024-05-04 08:20:49.265: 116 epsilon: 0.1
2024-05-04 08:36:28.308: 117 test start:
2024-05-04 08:45:01.580: 117 avg_reward: 798495.0
2024-05-04 08:45:01.580: 117 avg_steps: 27000.0
2024-05-04 08:45:01.580: 117 epsilon: 0.1
2024-05-04 09:00:43.162: 118 test start:
2024-05-04 09:09:20.314: 118 avg_reward: 758250.0
2024-05-04 09:09:20.314: 118 avg_steps: 27000.0
2024-05-04 09:09:20.314: 118 epsilon: 0.1
2024-05-04 09:25:22.257: 119 test start:
2024-05-04 09:33:15.223: 119 avg_reward: 713020.0
2024-05-04 09:33:15.223: 119 avg_steps: 24538.9
2024-05-04 09:33:15.223: 119 epsilon: 0.1
2024-05-04 09:44:59.750: 120 test start:
2024-05-04 09:53:33.854: 120 avg_reward: 814685.0
2024-05-04 09:53:33.854: 120 avg_steps: 27000.0
2024-05-04 09:53:33.854: 120 epsilon: 0.1
2024-05-04 10:09:13.536: 121 test start:
2024-05-04 10:17:45.940: 121 avg_reward: 826195.0
2024-05-04 10:17:45.940: 121 avg_steps: 27000.0
2024-05-04 10:17:45.940: 121 epsilon: 0.1
2024-05-04 10:30:27.614: 122 test start:
2024-05-04 10:39:02.155: 122 avg_reward: 813425.0
2024-05-04 10:39:02.156: 122 avg_steps: 27000.0
2024-05-04 10:39:02.156: 122 epsilon: 0.1
2024-05-04 10:55:00.334: 123 test start:
2024-05-04 11:03:35.475: 123 avg_reward: 809340.0
2024-05-04 11:03:35.475: 123 avg_steps: 27000.0
2024-05-04 11:03:35.475: 123 epsilon: 0.1
2024-05-04 11:19:15.579: 124 test start:
2024-05-04 11:27:50.162: 124 avg_reward: 810395.0
2024-05-04 11:27:50.163: 124 avg_steps: 27000.0
2024-05-04 11:27:50.163: 124 epsilon: 0.1
2024-05-04 11:39:59.104: 125 test start:
2024-05-04 11:48:32.079: 125 avg_reward: 826505.0
2024-05-04 11:48:32.079: 125 avg_steps: 27000.0
2024-05-04 11:48:32.079: 125 epsilon: 0.1
2024-05-04 12:04:33.429: 126 test start:
2024-05-04 12:12:42.083: 126 avg_reward: 765375.0
2024-05-04 12:12:42.083: 126 avg_steps: 25720.75
2024-05-04 12:12:42.083: 126 epsilon: 0.1
2024-05-04 12:28:24.672: 127 test start:
2024-05-04 12:36:36.300: 127 avg_reward: 776245.0
2024-05-04 12:36:36.300: 127 avg_steps: 25812.05
2024-05-04 12:36:36.300: 127 epsilon: 0.1
2024-05-04 12:48:50.155: 128 test start:
2024-05-04 12:57:23.488: 128 avg_reward: 831540.0
2024-05-04 12:57:23.488: 128 avg_steps: 27000.0
2024-05-04 12:57:23.488: 128 epsilon: 0.1
2024-05-04 13:13:03.784: 129 test start:
2024-05-04 13:21:37.762: 129 avg_reward: 817810.0
2024-05-04 13:21:37.762: 129 avg_steps: 27000.0
2024-05-04 13:21:37.762: 129 epsilon: 0.1
2024-05-04 13:37:16.498: 130 test start:
2024-05-04 13:45:54.873: 130 avg_reward: 805695.0
2024-05-04 13:45:54.873: 130 avg_steps: 27000.0
2024-05-04 13:45:54.873: 130 epsilon: 0.1
2024-05-04 13:57:41.084: 131 test start:
2024-05-04 14:06:16.092: 131 avg_reward: 819175.0
2024-05-04 14:06:16.092: 131 avg_steps: 27000.0
2024-05-04 14:06:16.092: 131 epsilon: 0.1
2024-05-04 14:21:59.086: 132 test start:
2024-05-04 14:30:33.307: 132 avg_reward: 824735.0
2024-05-04 14:30:33.307: 132 avg_steps: 27000.0
2024-05-04 14:30:33.307: 132 epsilon: 0.1
2024-05-04 14:46:13.899: 133 test start:
2024-05-04 14:54:47.924: 133 avg_reward: 798500.0
2024-05-04 14:54:47.924: 133 avg_steps: 27000.0
2024-05-04 14:54:47.924: 133 epsilon: 0.1
2024-05-04 15:06:33.002: 134 test start:
2024-05-04 15:15:08.608: 134 avg_reward: 814590.0
2024-05-04 15:15:08.608: 134 avg_steps: 27000.0
2024-05-04 15:15:08.608: 134 epsilon: 0.1
2024-05-04 15:31:34.961: 135 test start:
2024-05-04 15:40:11.429: 135 avg_reward: 813155.0
2024-05-04 15:40:11.429: 135 avg_steps: 27000.0
2024-05-04 15:40:11.429: 135 epsilon: 0.1
2024-05-04 15:56:02.613: 136 test start:
2024-05-04 16:04:36.249: 136 avg_reward: 823080.0
2024-05-04 16:04:36.249: 136 avg_steps: 27000.0
2024-05-04 16:04:36.249: 136 epsilon: 0.1
2024-05-04 16:16:21.951: 137 test start:
2024-05-04 16:24:08.563: 137 avg_reward: 729090.0
2024-05-04 16:24:08.563: 137 avg_steps: 24443.3
2024-05-04 16:24:08.563: 137 epsilon: 0.1
2024-05-04 16:39:49.431: 138 test start:
2024-05-04 16:47:34.972: 138 avg_reward: 737265.0
2024-05-04 16:47:34.972: 138 avg_steps: 24555.2
2024-05-04 16:47:34.972: 138 epsilon: 0.1
2024-05-04 17:03:15.900: 139 test start:
2024-05-04 17:10:59.605: 139 avg_reward: 742905.0
2024-05-04 17:10:59.605: 139 avg_steps: 24451.2
2024-05-04 17:10:59.605: 139 epsilon: 0.1
2024-05-04 17:22:57.137: 140 test start:
2024-05-04 17:31:36.801: 140 avg_reward: 805365.0
2024-05-04 17:31:36.802: 140 avg_steps: 27000.0
2024-05-04 17:31:36.802: 140 epsilon: 0.1
2024-05-04 17:47:18.042: 141 test start:
2024-05-04 17:55:51.481: 141 avg_reward: 815335.0
2024-05-04 17:55:51.481: 141 avg_steps: 27000.0
2024-05-04 17:55:51.481: 141 epsilon: 0.1
2024-05-04 18:11:32.472: 142 test start:
2024-05-04 18:20:07.556: 142 avg_reward: 814330.0
2024-05-04 18:20:07.556: 142 avg_steps: 27000.0
2024-05-04 18:20:07.556: 142 epsilon: 0.1
2024-05-04 18:31:54.241: 143 test start:
2024-05-04 18:40:29.333: 143 avg_reward: 811965.0
2024-05-04 18:40:29.333: 143 avg_steps: 27000.0
2024-05-04 18:40:29.333: 143 epsilon: 0.1
2024-05-04 18:56:07.807: 144 test start:
2024-05-04 19:04:18.407: 144 avg_reward: 791395.0
2024-05-04 19:04:18.407: 144 avg_steps: 25799.85
2024-05-04 19:04:18.407: 144 epsilon: 0.1
2024-05-04 19:19:58.294: 145 test start:
2024-05-04 19:28:34.855: 145 avg_reward: 825725.0
2024-05-04 19:28:34.855: 145 avg_steps: 27000.0
2024-05-04 19:28:34.855: 145 epsilon: 0.1
2024-05-04 19:44:13.881: 146 test start:
2024-05-04 19:52:48.229: 146 avg_reward: 818955.0
2024-05-04 19:52:48.229: 146 avg_steps: 27000.0
2024-05-04 19:52:48.229: 146 epsilon: 0.1
2024-05-04 20:04:58.191: 147 test start:
2024-05-04 20:13:29.643: 147 avg_reward: 820895.0
2024-05-04 20:13:29.643: 147 avg_steps: 27000.0
2024-05-04 20:13:29.643: 147 epsilon: 0.1
2024-05-04 20:29:09.277: 148 test start:
2024-05-04 20:37:43.310: 148 avg_reward: 820410.0
2024-05-04 20:37:43.310: 148 avg_steps: 27000.0
2024-05-04 20:37:43.310: 148 epsilon: 0.1
2024-05-04 20:53:23.985: 149 test start:
2024-05-04 21:01:57.583: 149 avg_reward: 819860.0
2024-05-04 21:01:57.583: 149 avg_steps: 27000.0
2024-05-04 21:01:57.583: 149 epsilon: 0.1
2024-05-04 21:13:42.237: 150 test start:
2024-05-04 21:22:16.478: 150 avg_reward: 803850.0
2024-05-04 21:22:16.478: 150 avg_steps: 27000.0
2024-05-04 21:22:16.478: 150 epsilon: 0.1
2024-05-04 21:38:00.544: 151 test start:
2024-05-04 21:46:14.893: 151 avg_reward: 785785.0
2024-05-04 21:46:14.893: 151 avg_steps: 25745.25
2024-05-04 21:46:14.893: 151 epsilon: 0.1
2024-05-04 22:01:57.921: 152 test start:
2024-05-04 22:09:49.509: 152 avg_reward: 740315.0
2024-05-04 22:09:49.509: 152 avg_steps: 24543.5
2024-05-04 22:09:49.509: 152 epsilon: 0.1
2024-05-04 22:21:50.317: 153 test start:
2024-05-04 22:30:24.264: 153 avg_reward: 816625.0
2024-05-04 22:30:24.264: 153 avg_steps: 27000.0
2024-05-04 22:30:24.264: 153 epsilon: 0.1
2024-05-04 22:43:08.265: 154 test start:
2024-05-04 22:47:27.757: 154 avg_reward: 807925.0
2024-05-04 22:47:27.757: 154 avg_steps: 27000.0
2024-05-04 22:47:27.757: 154 epsilon: 0.1
2024-05-04 22:53:59.259: 155 test start:
2024-05-04 22:57:30.714: 155 avg_reward: 667240.0
2024-05-04 22:57:30.714: 155 avg_steps: 21955.6
2024-05-04 22:57:30.714: 155 epsilon: 0.1
2024-05-04 23:02:24.426: 156 test start:
2024-05-04 23:05:55.845: 156 avg_reward: 659060.0
2024-05-04 23:05:55.845: 156 avg_steps: 21876.2
2024-05-04 23:05:55.845: 156 epsilon: 0.1
2024-05-04 23:12:27.114: 157 test start:
2024-05-04 23:16:46.659: 157 avg_reward: 807420.0
2024-05-04 23:16:46.659: 157 avg_steps: 27000.0
2024-05-04 23:16:46.659: 157 epsilon: 0.1
2024-05-04 23:23:17.594: 158 test start:
2024-05-04 23:27:36.395: 158 avg_reward: 829870.0
2024-05-04 23:27:36.395: 158 avg_steps: 27000.0
2024-05-04 23:27:36.395: 158 epsilon: 0.1
2024-05-04 23:34:06.873: 159 test start:
2024-05-04 23:38:27.345: 159 avg_reward: 827050.0
2024-05-04 23:38:27.345: 159 avg_steps: 27000.0
2024-05-04 23:38:27.345: 159 epsilon: 0.1
2024-05-04 23:43:20.966: 160 test start:
2024-05-04 23:47:29.833: 160 avg_reward: 781890.0
2024-05-04 23:47:29.833: 160 avg_steps: 25728.55
2024-05-04 23:47:29.833: 160 epsilon: 0.1
2024-05-04 23:54:05.332: 161 test start:
2024-05-04 23:58:25.211: 161 avg_reward: 826810.0
2024-05-04 23:58:25.211: 161 avg_steps: 27000.0
2024-05-04 23:58:25.211: 161 epsilon: 0.1
2024-05-05 00:04:56.136: 162 test start:
2024-05-05 00:09:15.040: 162 avg_reward: 835335.0
2024-05-05 00:09:15.041: 162 avg_steps: 27000.0
2024-05-05 00:09:15.041: 162 epsilon: 0.1
2024-05-05 00:14:18.247: 163 test start:
2024-05-05 00:18:37.502: 163 avg_reward: 820290.0
2024-05-05 00:18:37.502: 163 avg_steps: 27000.0
2024-05-05 00:18:37.502: 163 epsilon: 0.1
2024-05-05 00:25:08.935: 164 test start:
2024-05-05 00:29:16.192: 164 avg_reward: 773005.0
2024-05-05 00:29:16.192: 164 avg_steps: 25724.55
2024-05-05 00:29:16.192: 164 epsilon: 0.1
2024-05-05 00:35:47.076: 165 test start:
2024-05-05 00:39:55.028: 165 avg_reward: 777660.0
2024-05-05 00:39:55.028: 165 avg_steps: 25703.45
2024-05-05 00:39:55.028: 165 epsilon: 0.1
2024-05-05 00:44:48.398: 166 test start:
2024-05-05 00:49:07.605: 166 avg_reward: 825520.0
2024-05-05 00:49:07.605: 166 avg_steps: 27000.0
2024-05-05 00:49:07.605: 166 epsilon: 0.1
2024-05-05 00:55:38.949: 167 test start:
2024-05-05 00:59:58.909: 167 avg_reward: 809070.0
2024-05-05 00:59:58.909: 167 avg_steps: 27000.0
2024-05-05 00:59:58.909: 167 epsilon: 0.1
2024-05-05 01:06:29.952: 168 test start:
2024-05-05 01:10:49.270: 168 avg_reward: 821305.0
2024-05-05 01:10:49.270: 168 avg_steps: 27000.0
2024-05-05 01:10:49.270: 168 epsilon: 0.1
2024-05-05 01:15:46.652: 169 test start:
2024-05-05 01:20:06.420: 169 avg_reward: 811795.0
2024-05-05 01:20:06.420: 169 avg_steps: 27000.0
2024-05-05 01:20:06.420: 169 epsilon: 0.1
2024-05-05 01:26:45.241: 170 test start:
2024-05-05 01:30:41.656: 170 avg_reward: 735655.0
2024-05-05 01:30:41.656: 170 avg_steps: 24453.8
2024-05-05 01:30:41.656: 170 epsilon: 0.1
2024-05-05 01:37:12.657: 171 test start:
2024-05-05 01:41:20.311: 171 avg_reward: 769985.0
2024-05-05 01:41:20.311: 171 avg_steps: 25774.85
2024-05-05 01:41:20.311: 171 epsilon: 0.1
2024-05-05 01:46:13.670: 172 test start:
2024-05-05 01:49:44.487: 172 avg_reward: 649540.0
2024-05-05 01:49:44.487: 172 avg_steps: 21872.1
2024-05-05 01:49:44.487: 172 epsilon: 0.1
2024-05-05 01:56:15.346: 173 test start:
2024-05-05 02:00:23.799: 173 avg_reward: 780735.0
2024-05-05 02:00:23.799: 173 avg_steps: 25745.55
2024-05-05 02:00:23.799: 173 epsilon: 0.1
2024-05-05 02:07:10.150: 174 test start:
2024-05-05 02:11:30.366: 174 avg_reward: 834950.0
2024-05-05 02:11:30.366: 174 avg_steps: 27000.0
2024-05-05 02:11:30.366: 174 epsilon: 0.1
2024-05-05 02:16:23.453: 175 test start:
2024-05-05 02:20:19.928: 175 avg_reward: 734915.0
2024-05-05 02:20:19.928: 175 avg_steps: 24560.9
2024-05-05 02:20:19.928: 175 epsilon: 0.1
2024-05-05 02:26:51.150: 176 test start:
2024-05-05 02:30:47.277: 176 avg_reward: 727240.0
2024-05-05 02:30:47.277: 176 avg_steps: 24480.5
2024-05-05 02:30:47.277: 176 epsilon: 0.1
2024-05-05 02:37:33.699: 177 test start:
2024-05-05 02:41:53.522: 177 avg_reward: 804085.0
2024-05-05 02:41:53.522: 177 avg_steps: 27000.0
2024-05-05 02:41:53.522: 177 epsilon: 0.1
2024-05-05 02:46:46.803: 178 test start:
2024-05-05 02:51:06.287: 178 avg_reward: 789590.0
2024-05-05 02:51:06.287: 178 avg_steps: 27000.0
2024-05-05 02:51:06.287: 178 epsilon: 0.1
2024-05-05 02:57:37.850: 179 test start:
2024-05-05 03:01:57.633: 179 avg_reward: 787580.0
2024-05-05 03:01:57.633: 179 avg_steps: 27000.0
2024-05-05 03:01:57.633: 179 epsilon: 0.1
2024-05-05 03:08:43.644: 180 test start:
2024-05-05 03:12:51.411: 180 avg_reward: 754435.0
2024-05-05 03:12:51.411: 180 avg_steps: 25832.25
2024-05-05 03:12:51.411: 180 epsilon: 0.1
