2024-10-14 18:18:50.616: 
parameters:agent_test_episodes: 20
batch_num_per_epoch: 250000
device: cuda:0
env_name: ALE/Seaquest-v5
epsilon_for_test: 0.05
epsilon_max: 1.0
epsilon_min: 0.1
exp_name: ALE-Seaquest-v5_2024-10-14-18-18-50
exp_path: ../exps/dqn/
exploration_steps: 1000000
gamma: 0.99
held_out_states_num: 1000
learning_rate: 0.00025
mini_batch_size: 32
model_update_freq: 4
n_times: 5
no_op_max: 30
phi_channel: 4
replay_buffer_size: 1000000
replay_start_size: 50000
save_model: true
screen_size: 84
seed: 0
skip_k_frame: 4
step_c: 10000
training_steps: 50000000

2024-10-14 18:18:50.677: env id: ALE/Seaquest-v5 |repeat_action_probability: 0 
2024-10-14 18:18:50.678: screen_size: 84 | grayscale_obs:True 
scale_obs:False | action space size: 18
remove flickering: True | frame skip: 4
state space shape: (210, 160, 3) 
2024-10-14 18:18:50.694: optimizer: RMSprop (
Parameter Group 0
    alpha: 0.95
    centered: False
    differentiable: False
    eps: 0.01
    foreach: None
    lr: 0.00025
    maximize: False
    momentum: 0
    weight_decay: 0
)
2024-10-14 18:27:44.589: 1 test start:
2024-10-14 18:27:56.956: 1 avg_reward: 97.0
2024-10-14 18:27:56.956: 1 avg_steps: 667.4
2024-10-14 18:27:56.956: 1 epsilon: 0.8195878
2024-10-14 18:27:56.956: 1 q: 0.11352975
2024-10-14 18:38:00.616: 2 test start:
2024-10-14 18:38:23.297: 2 avg_reward: 39.0
2024-10-14 18:38:23.297: 2 avg_steps: 1257.5
2024-10-14 18:38:23.297: 2 epsilon: 0.5944555
2024-10-14 18:38:23.297: 2 q: 0.24348477
2024-10-14 18:48:17.177: 3 test start:
2024-10-14 18:48:27.446: 3 avg_reward: 79.0
2024-10-14 18:48:27.447: 3 avg_steps: 537.15
2024-10-14 18:48:27.447: 3 epsilon: 0.3698307999999999
2024-10-14 18:48:27.447: 3 q: 0.43177342
2024-10-14 18:58:24.113: 4 test start:
2024-10-14 18:58:41.809: 4 avg_reward: 215.0
2024-10-14 18:58:41.809: 4 avg_steps: 957.35
2024-10-14 18:58:41.809: 4 epsilon: 0.14470839999999996
2024-10-14 18:58:41.809: 4 q: 0.7318669
2024-10-14 19:08:42.869: 5 test start:
2024-10-14 19:08:58.272: 5 avg_reward: 211.0
2024-10-14 19:08:58.272: 5 avg_steps: 797.95
2024-10-14 19:08:58.272: 5 epsilon: 0.1
2024-10-14 19:08:58.272: 5 q: 0.9787678
2024-10-14 19:18:53.607: 6 test start:
2024-10-14 19:19:17.006: 6 avg_reward: 393.0
2024-10-14 19:19:17.007: 6 avg_steps: 1266.5
2024-10-14 19:19:17.007: 6 epsilon: 0.1
2024-10-14 19:19:17.007: 6 q: 1.2099917
2024-10-14 19:29:36.179: 7 test start:
2024-10-14 19:29:53.749: 7 avg_reward: 237.0
2024-10-14 19:29:53.749: 7 avg_steps: 887.0
2024-10-14 19:29:53.749: 7 epsilon: 0.1
2024-10-14 19:29:53.749: 7 q: 1.545061
2024-10-14 19:39:43.676: 8 test start:
2024-10-14 19:40:03.414: 8 avg_reward: 318.0
2024-10-14 19:40:03.414: 8 avg_steps: 1049.0
2024-10-14 19:40:03.414: 8 epsilon: 0.1
2024-10-14 19:40:03.415: 8 q: 1.8641709
2024-10-14 19:50:22.584: 9 test start:
2024-10-14 19:50:37.283: 9 avg_reward: 165.0
2024-10-14 19:50:37.284: 9 avg_steps: 759.8
2024-10-14 19:50:37.284: 9 epsilon: 0.1
2024-10-14 19:50:37.284: 9 q: 2.1045034
2024-10-14 20:00:29.815: 10 test start:
2024-10-14 20:00:42.547: 10 avg_reward: 113.0
2024-10-14 20:00:42.548: 10 avg_steps: 652.05
2024-10-14 20:00:42.548: 10 epsilon: 0.1
2024-10-14 20:00:42.548: 10 q: 2.5588298
2024-10-14 20:11:03.365: 11 test start:
2024-10-14 20:11:31.980: 11 avg_reward: 24.0
2024-10-14 20:11:31.980: 11 avg_steps: 1558.8
2024-10-14 20:11:31.980: 11 epsilon: 0.1
2024-10-14 20:11:31.980: 11 q: 2.9303522
2024-10-14 20:21:31.395: 12 test start:
2024-10-14 20:21:45.256: 12 avg_reward: 118.0
2024-10-14 20:21:45.257: 12 avg_steps: 727.5
2024-10-14 20:21:45.257: 12 epsilon: 0.1
2024-10-14 20:21:45.257: 12 q: 2.9708235
2024-10-14 20:32:01.771: 13 test start:
2024-10-14 20:32:13.944: 13 avg_reward: 161.0
2024-10-14 20:32:13.944: 13 avg_steps: 660.9
2024-10-14 20:32:13.944: 13 epsilon: 0.1
2024-10-14 20:32:13.944: 13 q: 3.2806928
2024-10-14 20:42:14.755: 14 test start:
2024-10-14 20:42:35.469: 14 avg_reward: 371.0
2024-10-14 20:42:35.469: 14 avg_steps: 1077.8
2024-10-14 20:42:35.469: 14 epsilon: 0.1
2024-10-14 20:42:35.469: 14 q: 3.5423346
2024-10-14 20:52:45.917: 15 test start:
2024-10-14 20:53:02.886: 15 avg_reward: 304.0
2024-10-14 20:53:02.887: 15 avg_steps: 898.4
2024-10-14 20:53:02.887: 15 epsilon: 0.1
2024-10-14 20:53:02.887: 15 q: 3.7552953
2024-10-14 21:03:08.937: 16 test start:
2024-10-14 21:03:35.595: 16 avg_reward: 494.0
2024-10-14 21:03:35.595: 16 avg_steps: 1362.5
2024-10-14 21:03:35.601: 16 epsilon: 0.1
2024-10-14 21:03:35.601: 16 q: 4.0330267
2024-10-14 21:13:39.656: 17 test start:
2024-10-14 21:13:57.784: 17 avg_reward: 309.0
2024-10-14 21:13:57.784: 17 avg_steps: 959.25
2024-10-14 21:13:57.785: 17 epsilon: 0.1
2024-10-14 21:13:57.785: 17 q: 4.4300876
2024-10-14 21:24:05.281: 18 test start:
2024-10-14 21:24:16.664: 18 avg_reward: 129.0
2024-10-14 21:24:16.664: 18 avg_steps: 567.6
2024-10-14 21:24:16.664: 18 epsilon: 0.1
2024-10-14 21:24:16.664: 18 q: 4.7621365
2024-10-14 21:34:22.824: 19 test start:
2024-10-14 21:34:54.015: 19 avg_reward: 51.0
2024-10-14 21:34:54.015: 19 avg_steps: 1654.7
2024-10-14 21:34:54.015: 19 epsilon: 0.1
2024-10-14 21:34:54.015: 19 q: 4.9321775
2024-10-14 21:45:25.677: 20 test start:
2024-10-14 21:45:37.460: 20 avg_reward: 182.0
2024-10-14 21:45:37.461: 20 avg_steps: 597.05
2024-10-14 21:45:37.461: 20 epsilon: 0.1
2024-10-14 21:45:37.461: 20 q: 5.1594768
2024-10-14 21:55:42.779: 21 test start:
2024-10-14 21:55:59.685: 21 avg_reward: 373.0
2024-10-14 21:55:59.686: 21 avg_steps: 877.95
2024-10-14 21:55:59.686: 21 epsilon: 0.1
2024-10-14 21:55:59.686: 21 q: 5.385462
2024-10-14 22:06:32.426: 22 test start:
2024-10-14 22:06:46.800: 22 avg_reward: 358.0
2024-10-14 22:06:46.800: 22 avg_steps: 731.3
2024-10-14 22:06:46.800: 22 epsilon: 0.1
2024-10-14 22:06:46.800: 22 q: 5.7435966
2024-10-14 22:16:47.002: 23 test start:
2024-10-14 22:17:04.330: 23 avg_reward: 468.0
2024-10-14 22:17:04.330: 23 avg_steps: 862.6
2024-10-14 22:17:04.330: 23 epsilon: 0.1
2024-10-14 22:17:04.330: 23 q: 5.8629913
2024-10-14 22:27:35.208: 24 test start:
2024-10-14 22:27:53.772: 24 avg_reward: 277.0
2024-10-14 22:27:53.772: 24 avg_steps: 967.2
2024-10-14 22:27:53.772: 24 epsilon: 0.1
2024-10-14 22:27:53.772: 24 q: 6.015575
2024-10-14 22:37:59.774: 25 test start:
2024-10-14 22:38:12.202: 25 avg_reward: 285.0
2024-10-14 22:38:12.202: 25 avg_steps: 621.4
2024-10-14 22:38:12.202: 25 epsilon: 0.1
2024-10-14 22:38:12.202: 25 q: 6.282971
2024-10-14 22:48:33.181: 26 test start:
2024-10-14 22:48:59.866: 26 avg_reward: 212.0
2024-10-14 22:48:59.866: 26 avg_steps: 1421.9
2024-10-14 22:48:59.866: 26 epsilon: 0.1
2024-10-14 22:48:59.866: 26 q: 6.3031445
2024-10-14 22:59:17.173: 27 test start:
2024-10-14 22:59:30.504: 27 avg_reward: 351.0
2024-10-14 22:59:30.504: 27 avg_steps: 691.65
2024-10-14 22:59:30.504: 27 epsilon: 0.1
2024-10-14 22:59:30.504: 27 q: 6.324529
2024-10-14 23:09:47.274: 28 test start:
2024-10-14 23:10:00.274: 28 avg_reward: 337.0
2024-10-14 23:10:00.274: 28 avg_steps: 676.85
2024-10-14 23:10:00.274: 28 epsilon: 0.1
2024-10-14 23:10:00.275: 28 q: 6.439838
2024-10-14 23:20:15.864: 29 test start:
2024-10-14 23:20:28.178: 29 avg_reward: 90.0
2024-10-14 23:20:28.178: 29 avg_steps: 617.6
2024-10-14 23:20:28.178: 29 epsilon: 0.1
2024-10-14 23:20:28.178: 29 q: 6.5317926
2024-10-14 23:30:39.362: 30 test start:
2024-10-14 23:31:10.414: 30 avg_reward: 43.0
2024-10-14 23:31:10.414: 30 avg_steps: 1662.85
2024-10-14 23:31:10.414: 30 epsilon: 0.1
2024-10-14 23:31:10.414: 30 q: 6.632195
2024-10-14 23:41:33.862: 31 test start:
2024-10-14 23:41:46.117: 31 avg_reward: 361.0
2024-10-14 23:41:46.117: 31 avg_steps: 620.15
2024-10-14 23:41:46.123: 31 epsilon: 0.1
2024-10-14 23:41:46.123: 31 q: 6.5980997
2024-10-14 23:51:49.530: 32 test start:
2024-10-14 23:52:00.155: 32 avg_reward: 361.0
2024-10-14 23:52:00.155: 32 avg_steps: 582.2
2024-10-14 23:52:00.155: 32 epsilon: 0.1
2024-10-14 23:52:00.155: 32 q: 6.6682167
2024-10-15 00:02:28.824: 33 test start:
2024-10-15 00:02:43.779: 33 avg_reward: 477.0
2024-10-15 00:02:43.779: 33 avg_steps: 761.6
2024-10-15 00:02:43.779: 33 epsilon: 0.1
2024-10-15 00:02:43.779: 33 q: 6.7496567
2024-10-15 00:12:43.811: 34 test start:
2024-10-15 00:13:03.636: 34 avg_reward: 777.0
2024-10-15 00:13:03.636: 34 avg_steps: 1010.15
2024-10-15 00:13:03.636: 34 epsilon: 0.1
2024-10-15 00:13:03.636: 34 q: 6.8338075
2024-10-15 00:23:35.475: 35 test start:
2024-10-15 00:23:57.888: 35 avg_reward: 921.0
2024-10-15 00:23:57.888: 35 avg_steps: 1169.3
2024-10-15 00:23:57.888: 35 epsilon: 0.1
2024-10-15 00:23:57.889: 35 q: 7.0171514
2024-10-15 00:34:01.565: 36 test start:
2024-10-15 00:34:14.196: 36 avg_reward: 359.0
2024-10-15 00:34:14.196: 36 avg_steps: 637.0
2024-10-15 00:34:14.196: 36 epsilon: 0.1
2024-10-15 00:34:14.196: 36 q: 7.1131907
2024-10-15 00:44:38.173: 37 test start:
2024-10-15 00:45:03.943: 37 avg_reward: 875.0
2024-10-15 00:45:03.944: 37 avg_steps: 1358.4
2024-10-15 00:45:03.944: 37 epsilon: 0.1
2024-10-15 00:45:03.944: 37 q: 7.1147747
2024-10-15 00:55:10.539: 38 test start:
2024-10-15 00:55:26.965: 38 avg_reward: 578.0
2024-10-15 00:55:26.965: 38 avg_steps: 822.2
2024-10-15 00:55:26.965: 38 epsilon: 0.1
2024-10-15 00:55:26.965: 38 q: 7.387852
2024-10-15 01:05:47.413: 39 test start:
2024-10-15 01:06:01.119: 39 avg_reward: 324.0
2024-10-15 01:06:01.120: 39 avg_steps: 718.1
2024-10-15 01:06:01.120: 39 epsilon: 0.1
2024-10-15 01:06:01.120: 39 q: 7.4840703
2024-10-15 01:16:13.898: 40 test start:
2024-10-15 01:16:34.349: 40 avg_reward: 828.0
2024-10-15 01:16:34.349: 40 avg_steps: 1018.6
2024-10-15 01:16:34.350: 40 epsilon: 0.1
2024-10-15 01:16:34.350: 40 q: 7.4563603
2024-10-15 01:26:46.336: 41 test start:
2024-10-15 01:27:17.911: 41 avg_reward: 1584.0
2024-10-15 01:27:17.912: 41 avg_steps: 1646.45
2024-10-15 01:27:17.912: 41 epsilon: 0.1
2024-10-15 01:27:17.912: 41 q: 7.4589767
2024-10-15 01:37:41.043: 42 test start:
2024-10-15 01:38:03.647: 42 avg_reward: 753.0
2024-10-15 01:38:03.647: 42 avg_steps: 1134.45
2024-10-15 01:38:03.647: 42 epsilon: 0.1
2024-10-15 01:38:03.647: 42 q: 7.5172396
2024-10-15 01:48:12.755: 43 test start:
2024-10-15 01:48:49.003: 43 avg_reward: 1876.0
2024-10-15 01:48:49.003: 43 avg_steps: 1883.75
2024-10-15 01:48:49.003: 43 epsilon: 0.1
2024-10-15 01:48:49.003: 43 q: 7.5863457
2024-10-15 01:59:14.539: 44 test start:
2024-10-15 01:59:37.365: 44 avg_reward: 949.0
2024-10-15 01:59:37.365: 44 avg_steps: 1150.0
2024-10-15 01:59:37.365: 44 epsilon: 0.1
2024-10-15 01:59:37.365: 44 q: 7.7013927
2024-10-15 02:09:37.322: 45 test start:
2024-10-15 02:10:17.722: 45 avg_reward: 1998.0
2024-10-15 02:10:17.722: 45 avg_steps: 2046.0
2024-10-15 02:10:17.722: 45 epsilon: 0.1
2024-10-15 02:10:17.722: 45 q: 7.722753
2024-10-15 02:20:43.048: 46 test start:
2024-10-15 02:21:11.913: 46 avg_reward: 1460.0
2024-10-15 02:21:11.913: 46 avg_steps: 1531.5
2024-10-15 02:21:11.913: 46 epsilon: 0.1
2024-10-15 02:21:11.913: 46 q: 7.840508
2024-10-15 02:31:19.968: 47 test start:
2024-10-15 02:31:48.642: 47 avg_reward: 1411.0
2024-10-15 02:31:48.642: 47 avg_steps: 1513.1
2024-10-15 02:31:48.642: 47 epsilon: 0.1
2024-10-15 02:31:48.642: 47 q: 7.886713
2024-10-15 02:42:10.600: 48 test start:
2024-10-15 02:42:50.075: 48 avg_reward: 2216.0
2024-10-15 02:42:50.075: 48 avg_steps: 2131.6
2024-10-15 02:42:50.075: 48 epsilon: 0.1
2024-10-15 02:42:50.075: 48 q: 7.889705
2024-10-15 02:53:06.877: 49 test start:
2024-10-15 02:53:45.436: 49 avg_reward: 2069.0
2024-10-15 02:53:45.436: 49 avg_steps: 1969.5
2024-10-15 02:53:45.436: 49 epsilon: 0.1
2024-10-15 02:53:45.436: 49 q: 8.050009
2024-10-15 03:03:57.447: 50 test start:
2024-10-15 03:04:13.494: 50 avg_reward: 484.0
2024-10-15 03:04:13.494: 50 avg_steps: 839.1
2024-10-15 03:04:13.494: 50 epsilon: 0.1
2024-10-15 03:04:13.495: 50 q: 8.123881
2024-10-15 03:14:37.318: 51 test start:
2024-10-15 03:15:18.855: 51 avg_reward: 2156.0
2024-10-15 03:15:18.855: 51 avg_steps: 2093.05
2024-10-15 03:15:18.855: 51 epsilon: 0.1
2024-10-15 03:15:18.855: 51 q: 8.260391
2024-10-15 03:25:20.446: 52 test start:
2024-10-15 03:25:35.925: 52 avg_reward: 559.0
2024-10-15 03:25:35.925: 52 avg_steps: 806.95
2024-10-15 03:25:35.925: 52 epsilon: 0.1
2024-10-15 03:25:35.925: 52 q: 8.254494
2024-10-15 03:36:04.605: 53 test start:
2024-10-15 03:36:35.262: 53 avg_reward: 1548.0
2024-10-15 03:36:35.262: 53 avg_steps: 1612.4
2024-10-15 03:36:35.262: 53 epsilon: 0.1
2024-10-15 03:36:35.262: 53 q: 8.324235
2024-10-15 03:46:36.605: 54 test start:
2024-10-15 03:47:01.007: 54 avg_reward: 932.0
2024-10-15 03:47:01.007: 54 avg_steps: 1240.85
2024-10-15 03:47:01.007: 54 epsilon: 0.1
2024-10-15 03:47:01.008: 54 q: 8.261615
2024-10-15 03:57:25.130: 55 test start:
2024-10-15 03:57:57.353: 55 avg_reward: 1547.0
2024-10-15 03:57:57.353: 55 avg_steps: 1700.05
2024-10-15 03:57:57.353: 55 epsilon: 0.1
2024-10-15 03:57:57.353: 55 q: 8.388623
2024-10-15 04:08:08.061: 56 test start:
2024-10-15 04:08:24.260: 56 avg_reward: 482.0
2024-10-15 04:08:24.260: 56 avg_steps: 813.6
2024-10-15 04:08:24.260: 56 epsilon: 0.1
2024-10-15 04:08:24.260: 56 q: 8.405506
2024-10-15 04:18:38.331: 57 test start:
2024-10-15 04:19:09.344: 57 avg_reward: 1604.0
2024-10-15 04:19:09.344: 57 avg_steps: 1628.9
2024-10-15 04:19:09.345: 57 epsilon: 0.1
2024-10-15 04:19:09.345: 57 q: 8.475247
2024-10-15 04:29:30.050: 58 test start:
2024-10-15 04:30:02.371: 58 avg_reward: 1614.0
2024-10-15 04:30:02.371: 58 avg_steps: 1636.55
2024-10-15 04:30:02.371: 58 epsilon: 0.1
2024-10-15 04:30:02.371: 58 q: 8.615033
2024-10-15 04:40:08.657: 59 test start:
2024-10-15 04:40:25.357: 59 avg_reward: 329.0
2024-10-15 04:40:25.357: 59 avg_steps: 882.65
2024-10-15 04:40:25.357: 59 epsilon: 0.1
2024-10-15 04:40:25.357: 59 q: 8.660872
2024-10-15 04:50:50.586: 60 test start:
2024-10-15 04:51:28.519: 60 avg_reward: 2010.0
2024-10-15 04:51:28.520: 60 avg_steps: 1933.3
2024-10-15 04:51:28.520: 60 epsilon: 0.1
2024-10-15 04:51:28.520: 60 q: 8.8564825
2024-10-15 05:01:29.698: 61 test start:
2024-10-15 05:01:59.701: 61 avg_reward: 1540.0
2024-10-15 05:01:59.701: 61 avg_steps: 1583.6
2024-10-15 05:01:59.701: 61 epsilon: 0.1
2024-10-15 05:01:59.701: 61 q: 8.916772
2024-10-15 05:12:30.353: 62 test start:
2024-10-15 05:13:07.669: 62 avg_reward: 1979.0
2024-10-15 05:13:07.669: 62 avg_steps: 1918.4
2024-10-15 05:13:07.669: 62 epsilon: 0.1
2024-10-15 05:13:07.669: 62 q: 8.889214
2024-10-15 05:23:06.519: 63 test start:
2024-10-15 05:23:40.398: 63 avg_reward: 1612.0
2024-10-15 05:23:40.398: 63 avg_steps: 1719.75
2024-10-15 05:23:40.398: 63 epsilon: 0.1
2024-10-15 05:23:40.398: 63 q: 8.9515705
2024-10-15 05:34:02.488: 64 test start:
2024-10-15 05:34:42.961: 64 avg_reward: 2219.0
2024-10-15 05:34:42.961: 64 avg_steps: 2146.3
2024-10-15 05:34:42.961: 64 epsilon: 0.1
2024-10-15 05:34:42.961: 64 q: 9.087112
2024-10-15 05:44:53.868: 65 test start:
2024-10-15 05:45:22.926: 65 avg_reward: 1211.0
2024-10-15 05:45:22.927: 65 avg_steps: 1475.5
2024-10-15 05:45:22.927: 65 epsilon: 0.1
2024-10-15 05:45:22.927: 65 q: 9.162425
2024-10-15 05:55:40.273: 66 test start:
2024-10-15 05:55:59.980: 66 avg_reward: 866.0
2024-10-15 05:55:59.981: 66 avg_steps: 1037.95
2024-10-15 05:55:59.981: 66 epsilon: 0.1
2024-10-15 05:55:59.981: 66 q: 9.303377
2024-10-15 06:06:24.207: 67 test start:
2024-10-15 06:06:58.416: 67 avg_reward: 1639.0
2024-10-15 06:06:58.416: 67 avg_steps: 1769.0
2024-10-15 06:06:58.416: 67 epsilon: 0.1
2024-10-15 06:06:58.416: 67 q: 9.512779
2024-10-15 06:17:06.354: 68 test start:
2024-10-15 06:17:39.422: 68 avg_reward: 1690.0
2024-10-15 06:17:39.423: 68 avg_steps: 1768.65
2024-10-15 06:17:39.423: 68 epsilon: 0.1
2024-10-15 06:17:39.423: 68 q: 9.65865
2024-10-15 06:28:07.221: 69 test start:
2024-10-15 06:28:48.588: 69 avg_reward: 2290.0
2024-10-15 06:28:48.588: 69 avg_steps: 2176.7
2024-10-15 06:28:48.588: 69 epsilon: 0.1
2024-10-15 06:28:48.588: 69 q: 9.788715
2024-10-15 06:38:52.540: 70 test start:
2024-10-15 06:39:30.847: 70 avg_reward: 2109.0
2024-10-15 06:39:30.847: 70 avg_steps: 1991.6
2024-10-15 06:39:30.848: 70 epsilon: 0.1
2024-10-15 06:39:30.848: 70 q: 9.7995825
2024-10-15 06:49:59.744: 71 test start:
2024-10-15 06:50:37.220: 71 avg_reward: 1884.0
2024-10-15 06:50:37.220: 71 avg_steps: 1997.25
2024-10-15 06:50:37.220: 71 epsilon: 0.1
2024-10-15 06:50:37.220: 71 q: 9.799453
2024-10-15 07:00:44.076: 72 test start:
2024-10-15 07:01:21.666: 72 avg_reward: 1939.0
2024-10-15 07:01:21.666: 72 avg_steps: 1922.25
2024-10-15 07:01:21.666: 72 epsilon: 0.1
2024-10-15 07:01:21.666: 72 q: 9.992931
2024-10-15 07:11:50.736: 73 test start:
2024-10-15 07:12:22.930: 73 avg_reward: 1682.0
2024-10-15 07:12:22.930: 73 avg_steps: 1679.3
2024-10-15 07:12:22.930: 73 epsilon: 0.1
2024-10-15 07:12:22.930: 73 q: 9.8785925
2024-10-15 07:23:04.662: 74 test start:
2024-10-15 07:23:39.178: 74 avg_reward: 1731.0
2024-10-15 07:23:39.178: 74 avg_steps: 1734.3
2024-10-15 07:23:39.178: 74 epsilon: 0.1
2024-10-15 07:23:39.178: 74 q: 9.974055
2024-10-15 07:34:07.368: 75 test start:
2024-10-15 07:34:32.286: 75 avg_reward: 1011.0
2024-10-15 07:34:32.286: 75 avg_steps: 1310.65
2024-10-15 07:34:32.286: 75 epsilon: 0.1
2024-10-15 07:34:32.286: 75 q: 10.037467
2024-10-15 07:45:08.738: 76 test start:
2024-10-15 07:45:30.316: 76 avg_reward: 922.0
2024-10-15 07:45:30.317: 76 avg_steps: 1087.6
2024-10-15 07:45:30.317: 76 epsilon: 0.1
2024-10-15 07:45:30.317: 76 q: 10.03682
2024-10-15 07:55:48.496: 77 test start:
2024-10-15 07:56:17.459: 77 avg_reward: 1346.0
2024-10-15 07:56:17.459: 77 avg_steps: 1452.65
2024-10-15 07:56:17.459: 77 epsilon: 0.1
2024-10-15 07:56:17.459: 77 q: 10.072267
2024-10-15 08:07:09.466: 78 test start:
2024-10-15 08:07:37.443: 78 avg_reward: 1355.0
2024-10-15 08:07:37.444: 78 avg_steps: 1476.9
2024-10-15 08:07:37.444: 78 epsilon: 0.1
2024-10-15 08:07:37.444: 78 q: 10.147691
2024-10-15 08:18:06.390: 79 test start:
2024-10-15 08:18:47.114: 79 avg_reward: 2228.0
2024-10-15 08:18:47.114: 79 avg_steps: 2075.5
2024-10-15 08:18:47.114: 79 epsilon: 0.1
2024-10-15 08:18:47.114: 79 q: 10.019576
2024-10-15 08:29:23.221: 80 test start:
2024-10-15 08:30:07.152: 80 avg_reward: 2698.5
2024-10-15 08:30:07.152: 80 avg_steps: 2313.65
2024-10-15 08:30:07.152: 80 epsilon: 0.1
2024-10-15 08:30:07.152: 80 q: 9.999234
2024-10-15 08:40:45.915: 81 test start:
2024-10-15 08:41:17.070: 81 avg_reward: 1479.0
2024-10-15 08:41:17.070: 81 avg_steps: 1565.75
2024-10-15 08:41:17.070: 81 epsilon: 0.1
2024-10-15 08:41:17.070: 81 q: 10.009862
2024-10-15 08:51:48.074: 82 test start:
2024-10-15 08:52:17.981: 82 avg_reward: 1521.0
2024-10-15 08:52:17.981: 82 avg_steps: 1584.35
2024-10-15 08:52:17.981: 82 epsilon: 0.1
2024-10-15 08:52:17.981: 82 q: 9.949877
2024-10-15 09:03:09.410: 83 test start:
2024-10-15 09:03:36.685: 83 avg_reward: 1221.0
2024-10-15 09:03:36.685: 83 avg_steps: 1360.4
2024-10-15 09:03:36.685: 83 epsilon: 0.1
2024-10-15 09:03:36.685: 83 q: 9.924643
2024-10-15 09:14:01.952: 84 test start:
2024-10-15 09:14:18.658: 84 avg_reward: 590.0
2024-10-15 09:14:18.658: 84 avg_steps: 820.15
2024-10-15 09:14:18.658: 84 epsilon: 0.1
2024-10-15 09:14:18.658: 84 q: 9.806737
2024-10-15 09:24:59.800: 85 test start:
2024-10-15 09:25:28.712: 85 avg_reward: 1444.0
2024-10-15 09:25:28.712: 85 avg_steps: 1487.75
2024-10-15 09:25:28.712: 85 epsilon: 0.1
2024-10-15 09:25:28.712: 85 q: 9.915242
2024-10-15 09:35:43.525: 86 test start:
2024-10-15 09:36:24.618: 86 avg_reward: 1973.0
2024-10-15 09:36:24.619: 86 avg_steps: 2011.8
2024-10-15 09:36:24.619: 86 epsilon: 0.1
2024-10-15 09:36:24.619: 86 q: 9.962356
2024-10-15 09:47:05.298: 87 test start:
2024-10-15 09:47:42.810: 87 avg_reward: 2071.0
2024-10-15 09:47:42.810: 87 avg_steps: 1927.25
2024-10-15 09:47:42.810: 87 epsilon: 0.1
2024-10-15 09:47:42.810: 87 q: 10.021844
2024-10-15 09:58:30.029: 88 test start:
2024-10-15 09:59:04.202: 88 avg_reward: 1628.0
2024-10-15 09:59:04.202: 88 avg_steps: 1706.0
2024-10-15 09:59:04.202: 88 epsilon: 0.1
2024-10-15 09:59:04.202: 88 q: 10.1163845
2024-10-15 10:09:39.413: 89 test start:
2024-10-15 10:10:00.744: 89 avg_reward: 915.0
2024-10-15 10:10:00.745: 89 avg_steps: 1090.3
2024-10-15 10:10:00.745: 89 epsilon: 0.1
2024-10-15 10:10:00.745: 89 q: 10.07684
2024-10-15 10:20:55.901: 90 test start:
2024-10-15 10:21:36.980: 90 avg_reward: 2198.0
2024-10-15 10:21:36.980: 90 avg_steps: 2086.6
2024-10-15 10:21:36.980: 90 epsilon: 0.1
2024-10-15 10:21:36.980: 90 q: 9.948621
2024-10-15 10:32:06.272: 91 test start:
2024-10-15 10:32:41.642: 91 avg_reward: 1665.0
2024-10-15 10:32:41.642: 91 avg_steps: 1755.45
2024-10-15 10:32:41.642: 91 epsilon: 0.1
2024-10-15 10:32:41.643: 91 q: 9.985394
2024-10-15 10:43:26.027: 92 test start:
2024-10-15 10:43:43.147: 92 avg_reward: 653.0
2024-10-15 10:43:43.147: 92 avg_steps: 880.15
2024-10-15 10:43:43.147: 92 epsilon: 0.1
2024-10-15 10:43:43.147: 92 q: 9.933006
2024-10-15 10:54:20.572: 93 test start:
2024-10-15 10:54:36.851: 93 avg_reward: 543.0
2024-10-15 10:54:36.852: 93 avg_steps: 814.45
2024-10-15 10:54:36.852: 93 epsilon: 0.1
2024-10-15 10:54:36.852: 93 q: 10.0919
2024-10-15 11:05:01.961: 94 test start:
2024-10-15 11:05:22.126: 94 avg_reward: 862.0
2024-10-15 11:05:22.127: 94 avg_steps: 1060.45
2024-10-15 11:05:22.127: 94 epsilon: 0.1
2024-10-15 11:05:22.127: 94 q: 10.122574
2024-10-15 11:15:58.260: 95 test start:
2024-10-15 11:16:40.429: 95 avg_reward: 2345.0
2024-10-15 11:16:40.429: 95 avg_steps: 2136.6
2024-10-15 11:16:40.429: 95 epsilon: 0.1
2024-10-15 11:16:40.429: 95 q: 10.043712
2024-10-15 11:26:53.743: 96 test start:
2024-10-15 11:27:24.185: 96 avg_reward: 1778.5
2024-10-15 11:27:24.185: 96 avg_steps: 1602.2
2024-10-15 11:27:24.185: 96 epsilon: 0.1
2024-10-15 11:27:24.185: 96 q: 10.190914
2024-10-15 11:38:02.628: 97 test start:
2024-10-15 11:38:42.950: 97 avg_reward: 2468.5
2024-10-15 11:38:42.956: 97 avg_steps: 2054.5
2024-10-15 11:38:42.956: 97 epsilon: 0.1
2024-10-15 11:38:42.956: 97 q: 10.129303
2024-10-15 11:48:48.418: 98 test start:
2024-10-15 11:49:28.455: 98 avg_reward: 2208.0
2024-10-15 11:49:28.455: 98 avg_steps: 2019.7
2024-10-15 11:49:28.455: 98 epsilon: 0.1
2024-10-15 11:49:28.455: 98 q: 10.17446
2024-10-15 12:00:03.056: 99 test start:
2024-10-15 12:00:26.312: 99 avg_reward: 1033.0
2024-10-15 12:00:26.312: 99 avg_steps: 1226.35
2024-10-15 12:00:26.312: 99 epsilon: 0.1
2024-10-15 12:00:26.312: 99 q: 10.070461
2024-10-15 12:10:40.301: 100 test start:
2024-10-15 12:11:19.601: 100 avg_reward: 2149.0
2024-10-15 12:11:19.601: 100 avg_steps: 1986.6
2024-10-15 12:11:19.601: 100 epsilon: 0.1
2024-10-15 12:11:19.601: 100 q: 10.141797
2024-10-15 12:21:44.408: 101 test start:
2024-10-15 12:22:20.841: 101 avg_reward: 2074.0
2024-10-15 12:22:20.841: 101 avg_steps: 1909.95
2024-10-15 12:22:20.841: 101 epsilon: 0.1
2024-10-15 12:22:20.841: 101 q: 10.12633
2024-10-15 12:32:47.554: 102 test start:
2024-10-15 12:33:09.222: 102 avg_reward: 855.0
2024-10-15 12:33:09.222: 102 avg_steps: 1083.1
2024-10-15 12:33:09.223: 102 epsilon: 0.1
2024-10-15 12:33:09.223: 102 q: 10.145092
2024-10-15 12:43:43.723: 103 test start:
2024-10-15 12:44:14.870: 103 avg_reward: 1763.5
2024-10-15 12:44:14.870: 103 avg_steps: 1643.05
2024-10-15 12:44:14.870: 103 epsilon: 0.1
2024-10-15 12:44:14.870: 103 q: 10.196006
2024-10-15 12:54:56.381: 104 test start:
2024-10-15 12:55:22.601: 104 avg_reward: 1327.0
2024-10-15 12:55:22.601: 104 avg_steps: 1357.4
2024-10-15 12:55:22.601: 104 epsilon: 0.1
2024-10-15 12:55:22.601: 104 q: 10.139251
2024-10-15 13:05:35.114: 105 test start:
2024-10-15 13:06:08.366: 105 avg_reward: 1980.5
2024-10-15 13:06:08.366: 105 avg_steps: 1742.25
2024-10-15 13:06:08.366: 105 epsilon: 0.1
2024-10-15 13:06:08.366: 105 q: 10.16167
2024-10-15 13:16:49.771: 106 test start:
2024-10-15 13:17:26.592: 106 avg_reward: 2676.5
2024-10-15 13:17:26.592: 106 avg_steps: 1966.75
2024-10-15 13:17:26.592: 106 epsilon: 0.1
2024-10-15 13:17:26.592: 106 q: 10.170292
2024-10-15 13:27:40.698: 107 test start:
2024-10-15 13:28:06.201: 107 avg_reward: 1102.0
2024-10-15 13:28:06.201: 107 avg_steps: 1299.7
2024-10-15 13:28:06.201: 107 epsilon: 0.1
2024-10-15 13:28:06.201: 107 q: 10.094814
2024-10-15 13:38:24.693: 108 test start:
2024-10-15 13:38:47.883: 108 avg_reward: 922.0
2024-10-15 13:38:47.883: 108 avg_steps: 1208.6
2024-10-15 13:38:47.883: 108 epsilon: 0.1
2024-10-15 13:38:47.883: 108 q: 10.198568
2024-10-15 13:49:10.855: 109 test start:
2024-10-15 13:49:25.699: 109 avg_reward: 460.0
2024-10-15 13:49:25.700: 109 avg_steps: 745.6
2024-10-15 13:49:25.700: 109 epsilon: 0.1
2024-10-15 13:49:25.700: 109 q: 10.257551
2024-10-15 13:59:42.331: 110 test start:
2024-10-15 13:59:59.770: 110 avg_reward: 654.0
2024-10-15 13:59:59.771: 110 avg_steps: 917.25
2024-10-15 13:59:59.771: 110 epsilon: 0.1
2024-10-15 13:59:59.771: 110 q: 10.247988
2024-10-15 14:10:20.942: 111 test start:
2024-10-15 14:10:55.088: 111 avg_reward: 2033.0
2024-10-15 14:10:55.088: 111 avg_steps: 1714.85
2024-10-15 14:10:55.088: 111 epsilon: 0.1
2024-10-15 14:10:55.088: 111 q: 10.401816
2024-10-15 14:21:11.605: 112 test start:
2024-10-15 14:21:31.212: 112 avg_reward: 841.0
2024-10-15 14:21:31.213: 112 avg_steps: 1025.95
2024-10-15 14:21:31.218: 112 epsilon: 0.1
2024-10-15 14:21:31.218: 112 q: 10.689748
2024-10-15 14:32:00.574: 113 test start:
2024-10-15 14:32:23.263: 113 avg_reward: 1079.0
2024-10-15 14:32:23.263: 113 avg_steps: 1141.7
2024-10-15 14:32:23.263: 113 epsilon: 0.1
2024-10-15 14:32:23.263: 113 q: 10.579785
2024-10-15 14:42:33.985: 114 test start:
2024-10-15 14:43:03.907: 114 avg_reward: 1587.0
2024-10-15 14:43:03.907: 114 avg_steps: 1509.35
2024-10-15 14:43:03.908: 114 epsilon: 0.1
2024-10-15 14:43:03.908: 114 q: 10.606553
2024-10-15 14:53:43.727: 115 test start:
2024-10-15 14:54:10.059: 115 avg_reward: 1383.0
2024-10-15 14:54:10.059: 115 avg_steps: 1376.5
2024-10-15 14:54:10.059: 115 epsilon: 0.1
2024-10-15 14:54:10.059: 115 q: 10.772938
2024-10-15 15:04:19.907: 116 test start:
2024-10-15 15:04:36.121: 116 avg_reward: 407.0
2024-10-15 15:04:36.122: 116 avg_steps: 825.0
2024-10-15 15:04:36.122: 116 epsilon: 0.1
2024-10-15 15:04:36.122: 116 q: 10.802385
2024-10-15 15:15:04.727: 117 test start:
2024-10-15 15:15:24.105: 117 avg_reward: 861.0
2024-10-15 15:15:24.105: 117 avg_steps: 1024.35
2024-10-15 15:15:24.105: 117 epsilon: 0.1
2024-10-15 15:15:24.105: 117 q: 10.708987
2024-10-15 15:25:33.560: 118 test start:
2024-10-15 15:26:00.801: 118 avg_reward: 1454.5
2024-10-15 15:26:00.801: 118 avg_steps: 1394.65
2024-10-15 15:26:00.802: 118 epsilon: 0.1
2024-10-15 15:26:00.802: 118 q: 10.6277485
2024-10-15 15:36:21.423: 119 test start:
2024-10-15 15:36:51.846: 119 avg_reward: 1941.0
2024-10-15 15:36:51.846: 119 avg_steps: 1601.55
2024-10-15 15:36:51.846: 119 epsilon: 0.1
2024-10-15 15:36:51.846: 119 q: 10.542993
2024-10-15 15:47:12.824: 120 test start:
2024-10-15 15:47:28.273: 120 avg_reward: 539.0
2024-10-15 15:47:28.273: 120 avg_steps: 778.75
2024-10-15 15:47:28.273: 120 epsilon: 0.1
2024-10-15 15:47:28.273: 120 q: 10.516689
2024-10-15 15:57:52.578: 121 test start:
2024-10-15 15:58:02.608: 121 avg_reward: 226.0
2024-10-15 15:58:02.608: 121 avg_steps: 529.15
2024-10-15 15:58:02.608: 121 epsilon: 0.1
2024-10-15 15:58:02.608: 121 q: 10.53526
2024-10-15 16:08:33.884: 122 test start:
2024-10-15 16:09:06.925: 122 avg_reward: 1954.0
2024-10-15 16:09:06.925: 122 avg_steps: 1743.3
2024-10-15 16:09:06.925: 122 epsilon: 0.1
2024-10-15 16:09:06.925: 122 q: 10.436529
2024-10-15 16:19:12.539: 123 test start:
2024-10-15 16:19:26.466: 123 avg_reward: 539.0
2024-10-15 16:19:26.466: 123 avg_steps: 742.35
2024-10-15 16:19:26.466: 123 epsilon: 0.1
2024-10-15 16:19:26.466: 123 q: 10.479668
2024-10-15 16:30:10.423: 124 test start:
2024-10-15 16:30:45.430: 124 avg_reward: 2160.5
2024-10-15 16:30:45.430: 124 avg_steps: 1811.2
2024-10-15 16:30:45.430: 124 epsilon: 0.1
2024-10-15 16:30:45.430: 124 q: 10.591379
2024-10-15 16:40:58.589: 125 test start:
2024-10-15 16:41:35.534: 125 avg_reward: 2359.5
2024-10-15 16:41:35.534: 125 avg_steps: 1845.45
2024-10-15 16:41:35.534: 125 epsilon: 0.1
2024-10-15 16:41:35.534: 125 q: 10.665207
2024-10-15 16:52:19.466: 126 test start:
2024-10-15 16:52:49.682: 126 avg_reward: 1823.5
2024-10-15 16:52:49.682: 126 avg_steps: 1579.75
2024-10-15 16:52:49.682: 126 epsilon: 0.1
2024-10-15 16:52:49.682: 126 q: 10.567269
2024-10-15 17:03:17.811: 127 test start:
2024-10-15 17:03:48.579: 127 avg_reward: 1585.0
2024-10-15 17:03:48.579: 127 avg_steps: 1522.35
2024-10-15 17:03:48.579: 127 epsilon: 0.1
2024-10-15 17:03:48.579: 127 q: 10.625873
2024-10-15 17:14:14.577: 128 test start:
2024-10-15 17:14:29.456: 128 avg_reward: 402.0
2024-10-15 17:14:29.456: 128 avg_steps: 764.9
2024-10-15 17:14:29.461: 128 epsilon: 0.1
2024-10-15 17:14:29.461: 128 q: 10.615277
2024-10-15 17:25:06.515: 129 test start:
2024-10-15 17:25:39.160: 129 avg_reward: 1960.5
2024-10-15 17:25:39.161: 129 avg_steps: 1678.75
2024-10-15 17:25:39.161: 129 epsilon: 0.1
2024-10-15 17:25:39.161: 129 q: 10.456144
2024-10-15 17:36:01.447: 130 test start:
2024-10-15 17:36:20.187: 130 avg_reward: 680.0
2024-10-15 17:36:20.187: 130 avg_steps: 993.85
2024-10-15 17:36:20.187: 130 epsilon: 0.1
2024-10-15 17:36:20.187: 130 q: 10.515342
2024-10-15 17:47:07.465: 131 test start:
2024-10-15 17:47:34.111: 131 avg_reward: 1228.0
2024-10-15 17:47:34.111: 131 avg_steps: 1385.8
2024-10-15 17:47:34.112: 131 epsilon: 0.1
2024-10-15 17:47:34.112: 131 q: 10.436295
2024-10-15 17:57:50.171: 132 test start:
2024-10-15 17:58:07.950: 132 avg_reward: 808.5
2024-10-15 17:58:07.950: 132 avg_steps: 938.75
2024-10-15 17:58:07.950: 132 epsilon: 0.1
2024-10-15 17:58:07.950: 132 q: 10.440671
2024-10-15 18:08:47.855: 133 test start:
2024-10-15 18:09:11.632: 133 avg_reward: 1619.0
2024-10-15 18:09:11.632: 133 avg_steps: 1290.95
2024-10-15 18:09:11.632: 133 epsilon: 0.1
2024-10-15 18:09:11.632: 133 q: 10.313791
2024-10-15 18:19:21.790: 134 test start:
2024-10-15 18:19:49.952: 134 avg_reward: 2213.0
2024-10-15 18:19:49.952: 134 avg_steps: 1433.55
2024-10-15 18:19:49.952: 134 epsilon: 0.1
2024-10-15 18:19:49.952: 134 q: 10.266693
2024-10-15 18:30:26.006: 135 test start:
2024-10-15 18:30:50.303: 135 avg_reward: 1711.5
2024-10-15 18:30:50.303: 135 avg_steps: 1287.15
2024-10-15 18:30:50.303: 135 epsilon: 0.1
2024-10-15 18:30:50.303: 135 q: 10.305407
2024-10-15 18:41:21.188: 136 test start:
2024-10-15 18:41:47.789: 136 avg_reward: 1387.0
2024-10-15 18:41:47.789: 136 avg_steps: 1360.35
2024-10-15 18:41:47.789: 136 epsilon: 0.1
2024-10-15 18:41:47.789: 136 q: 10.227385
2024-10-15 18:52:11.306: 137 test start:
2024-10-15 18:52:40.366: 137 avg_reward: 2006.0
2024-10-15 18:52:40.366: 137 avg_steps: 1548.1
2024-10-15 18:52:40.366: 137 epsilon: 0.1
2024-10-15 18:52:40.366: 137 q: 10.220395
2024-10-15 19:03:25.591: 138 test start:
2024-10-15 19:03:44.024: 138 avg_reward: 726.0
2024-10-15 19:03:44.024: 138 avg_steps: 970.25
2024-10-15 19:03:44.024: 138 epsilon: 0.1
2024-10-15 19:03:44.024: 138 q: 10.240821
2024-10-15 19:13:56.684: 139 test start:
2024-10-15 19:14:21.795: 139 avg_reward: 1557.0
2024-10-15 19:14:21.795: 139 avg_steps: 1355.7
2024-10-15 19:14:21.795: 139 epsilon: 0.1
2024-10-15 19:14:21.795: 139 q: 10.106106
2024-10-15 19:25:08.822: 140 test start:
2024-10-15 19:25:35.212: 140 avg_reward: 2074.5
2024-10-15 19:25:35.212: 140 avg_steps: 1408.0
2024-10-15 19:25:35.212: 140 epsilon: 0.1
2024-10-15 19:25:35.212: 140 q: 10.190756
2024-10-15 19:35:43.593: 141 test start:
2024-10-15 19:36:12.988: 141 avg_reward: 2587.0
2024-10-15 19:36:12.988: 141 avg_steps: 1523.0
2024-10-15 19:36:12.988: 141 epsilon: 0.1
2024-10-15 19:36:12.988: 141 q: 10.208917
2024-10-15 19:46:46.441: 142 test start:
2024-10-15 19:47:06.994: 142 avg_reward: 1284.5
2024-10-15 19:47:06.994: 142 avg_steps: 1113.6
2024-10-15 19:47:06.994: 142 epsilon: 0.1
2024-10-15 19:47:06.994: 142 q: 10.141695
2024-10-15 19:57:21.497: 143 test start:
2024-10-15 19:57:35.096: 143 avg_reward: 619.5
2024-10-15 19:57:35.096: 143 avg_steps: 716.25
2024-10-15 19:57:35.096: 143 epsilon: 0.1
2024-10-15 19:57:35.096: 143 q: 10.119419
2024-10-15 20:07:56.122: 144 test start:
2024-10-15 20:08:22.010: 144 avg_reward: 1757.0
2024-10-15 20:08:22.010: 144 avg_steps: 1423.7
2024-10-15 20:08:22.010: 144 epsilon: 0.1
2024-10-15 20:08:22.010: 144 q: 10.194129
2024-10-15 20:18:46.298: 145 test start:
2024-10-15 20:19:13.036: 145 avg_reward: 2082.5
2024-10-15 20:19:13.036: 145 avg_steps: 1399.7
2024-10-15 20:19:13.036: 145 epsilon: 0.1
2024-10-15 20:19:13.036: 145 q: 10.193362
2024-10-15 20:29:25.506: 146 test start:
2024-10-15 20:29:39.475: 146 avg_reward: 610.0
2024-10-15 20:29:39.475: 146 avg_steps: 731.7
2024-10-15 20:29:39.475: 146 epsilon: 0.1
2024-10-15 20:29:39.475: 146 q: 10.088487
2024-10-15 20:40:04.657: 147 test start:
2024-10-15 20:40:35.511: 147 avg_reward: 2010.0
2024-10-15 20:40:35.511: 147 avg_steps: 1542.35
2024-10-15 20:40:35.511: 147 epsilon: 0.1
2024-10-15 20:40:35.511: 147 q: 9.9302
2024-10-15 20:50:43.421: 148 test start:
2024-10-15 20:51:19.121: 148 avg_reward: 2962.5
2024-10-15 20:51:19.121: 148 avg_steps: 1876.65
2024-10-15 20:51:19.121: 148 epsilon: 0.1
2024-10-15 20:51:19.121: 148 q: 10.024083
2024-10-15 21:01:49.176: 149 test start:
2024-10-15 21:02:21.990: 149 avg_reward: 2301.5
2024-10-15 21:02:21.991: 149 avg_steps: 1673.9
2024-10-15 21:02:21.991: 149 epsilon: 0.1
2024-10-15 21:02:21.991: 149 q: 9.816411
2024-10-15 21:12:26.112: 150 test start:
2024-10-15 21:13:03.571: 150 avg_reward: 2993.0
2024-10-15 21:13:03.571: 150 avg_steps: 1872.75
2024-10-15 21:13:03.571: 150 epsilon: 0.1
2024-10-15 21:13:03.571: 150 q: 9.887955
2024-10-15 21:23:31.645: 151 test start:
2024-10-15 21:23:47.556: 151 avg_reward: 900.0
2024-10-15 21:23:47.556: 151 avg_steps: 834.2
2024-10-15 21:23:47.556: 151 epsilon: 0.1
2024-10-15 21:23:47.556: 151 q: 9.970996
2024-10-15 21:33:55.979: 152 test start:
2024-10-15 21:34:34.213: 152 avg_reward: 3325.0
2024-10-15 21:34:34.213: 152 avg_steps: 1925.7
2024-10-15 21:34:34.213: 152 epsilon: 0.1
2024-10-15 21:34:34.213: 152 q: 9.920267
2024-10-15 21:44:55.288: 153 test start:
2024-10-15 21:45:10.906: 153 avg_reward: 590.0
2024-10-15 21:45:10.906: 153 avg_steps: 822.35
2024-10-15 21:45:10.906: 153 epsilon: 0.1
2024-10-15 21:45:10.906: 153 q: 10.00332
2024-10-15 21:55:26.412: 154 test start:
2024-10-15 21:56:07.562: 154 avg_reward: 3241.5
2024-10-15 21:56:07.562: 154 avg_steps: 2076.35
2024-10-15 21:56:07.563: 154 epsilon: 0.1
2024-10-15 21:56:07.563: 154 q: 10.070566
2024-10-15 22:06:27.808: 155 test start:
2024-10-15 22:06:45.699: 155 avg_reward: 612.0
2024-10-15 22:06:45.699: 155 avg_steps: 939.7
2024-10-15 22:06:45.699: 155 epsilon: 0.1
2024-10-15 22:06:45.699: 155 q: 10.170076
2024-10-15 22:17:11.096: 156 test start:
2024-10-15 22:17:33.064: 156 avg_reward: 1755.0
2024-10-15 22:17:33.064: 156 avg_steps: 1109.25
2024-10-15 22:17:33.064: 156 epsilon: 0.1
2024-10-15 22:17:33.064: 156 q: 10.12474
2024-10-15 22:27:39.926: 157 test start:
2024-10-15 22:28:18.110: 157 avg_reward: 3561.0
2024-10-15 22:28:18.110: 157 avg_steps: 1942.25
2024-10-15 22:28:18.110: 157 epsilon: 0.1
2024-10-15 22:28:18.110: 157 q: 10.1051035
2024-10-15 22:38:48.249: 158 test start:
2024-10-15 22:39:12.329: 158 avg_reward: 1486.0
2024-10-15 22:39:12.329: 158 avg_steps: 1284.95
2024-10-15 22:39:12.329: 158 epsilon: 0.1
2024-10-15 22:39:12.329: 158 q: 10.089266
2024-10-15 22:49:13.984: 159 test start:
2024-10-15 22:49:51.734: 159 avg_reward: 3941.5
2024-10-15 22:49:51.734: 159 avg_steps: 1939.3
2024-10-15 22:49:51.735: 159 epsilon: 0.1
2024-10-15 22:49:51.735: 159 q: 10.137331
2024-10-15 23:00:23.198: 160 test start:
2024-10-15 23:00:51.987: 160 avg_reward: 2844.5
2024-10-15 23:00:51.988: 160 avg_steps: 1556.5
2024-10-15 23:00:51.988: 160 epsilon: 0.1
2024-10-15 23:00:51.988: 160 q: 10.1952095
2024-10-15 23:11:06.799: 161 test start:
2024-10-15 23:11:13.854: 161 avg_reward: 65.0
2024-10-15 23:11:13.854: 161 avg_steps: 374.1
2024-10-15 23:11:13.854: 161 epsilon: 0.1
2024-10-15 23:11:13.854: 161 q: 10.294456
2024-10-15 23:21:37.752: 162 test start:
2024-10-15 23:22:09.767: 162 avg_reward: 2812.0
2024-10-15 23:22:09.768: 162 avg_steps: 1677.35
2024-10-15 23:22:09.768: 162 epsilon: 0.1
2024-10-15 23:22:09.768: 162 q: 10.188559
2024-10-15 23:32:33.004: 163 test start:
2024-10-15 23:33:14.229: 163 avg_reward: 4542.5
2024-10-15 23:33:14.229: 163 avg_steps: 2093.15
2024-10-15 23:33:14.229: 163 epsilon: 0.1
2024-10-15 23:33:14.229: 163 q: 10.277125
2024-10-15 23:43:16.874: 164 test start:
2024-10-15 23:43:49.021: 164 avg_reward: 3017.0
2024-10-15 23:43:49.021: 164 avg_steps: 1697.35
2024-10-15 23:43:49.021: 164 epsilon: 0.1
2024-10-15 23:43:49.021: 164 q: 10.188176
2024-10-15 23:54:11.741: 165 test start:
2024-10-15 23:54:47.867: 165 avg_reward: 3920.0
2024-10-15 23:54:47.867: 165 avg_steps: 1832.6
2024-10-15 23:54:47.867: 165 epsilon: 0.1
2024-10-15 23:54:47.867: 165 q: 10.2101755
2024-10-16 00:04:47.441: 166 test start:
2024-10-16 00:05:30.972: 166 avg_reward: 4091.5
2024-10-16 00:05:30.972: 166 avg_steps: 2192.3
2024-10-16 00:05:30.972: 166 epsilon: 0.1
2024-10-16 00:05:30.972: 166 q: 10.194792
2024-10-16 00:16:03.100: 167 test start:
2024-10-16 00:16:26.330: 167 avg_reward: 1624.5
2024-10-16 00:16:26.330: 167 avg_steps: 1218.4
2024-10-16 00:16:26.330: 167 epsilon: 0.1
2024-10-16 00:16:26.330: 167 q: 10.207117
2024-10-16 00:26:28.163: 168 test start:
2024-10-16 00:27:04.549: 168 avg_reward: 4066.0
2024-10-16 00:27:04.549: 168 avg_steps: 1835.05
2024-10-16 00:27:04.549: 168 epsilon: 0.1
2024-10-16 00:27:04.549: 168 q: 10.239489
2024-10-16 00:37:24.917: 169 test start:
2024-10-16 00:37:59.863: 169 avg_reward: 3504.0
2024-10-16 00:37:59.863: 169 avg_steps: 1838.35
2024-10-16 00:37:59.863: 169 epsilon: 0.1
2024-10-16 00:37:59.863: 169 q: 10.216307
2024-10-16 00:48:12.028: 170 test start:
2024-10-16 00:48:53.092: 170 avg_reward: 3126.5
2024-10-16 00:48:53.092: 170 avg_steps: 2076.75
2024-10-16 00:48:53.092: 170 epsilon: 0.1
2024-10-16 00:48:53.092: 170 q: 10.286637
2024-10-16 00:59:08.813: 171 test start:
2024-10-16 00:59:44.515: 171 avg_reward: 3574.0
2024-10-16 00:59:44.515: 171 avg_steps: 1871.15
2024-10-16 00:59:44.515: 171 epsilon: 0.1
2024-10-16 00:59:44.515: 171 q: 10.199852
2024-10-16 01:10:00.672: 172 test start:
2024-10-16 01:10:38.919: 172 avg_reward: 3981.0
2024-10-16 01:10:38.919: 172 avg_steps: 1936.3
2024-10-16 01:10:38.919: 172 epsilon: 0.1
2024-10-16 01:10:38.920: 172 q: 10.233695
2024-10-16 01:20:41.058: 173 test start:
2024-10-16 01:21:12.831: 173 avg_reward: 2629.5
2024-10-16 01:21:12.831: 173 avg_steps: 1661.7
2024-10-16 01:21:12.831: 173 epsilon: 0.1
2024-10-16 01:21:12.831: 173 q: 10.159863
2024-10-16 01:31:42.368: 174 test start:
2024-10-16 01:32:19.679: 174 avg_reward: 3481.5
2024-10-16 01:32:19.679: 174 avg_steps: 1882.5
2024-10-16 01:32:19.679: 174 epsilon: 0.1
2024-10-16 01:32:19.679: 174 q: 10.093896
2024-10-16 01:42:20.725: 175 test start:
2024-10-16 01:42:55.943: 175 avg_reward: 3347.0
2024-10-16 01:42:55.943: 175 avg_steps: 1781.1
2024-10-16 01:42:55.943: 175 epsilon: 0.1
2024-10-16 01:42:55.943: 175 q: 10.190076
2024-10-16 01:53:26.466: 176 test start:
2024-10-16 01:54:04.249: 176 avg_reward: 3217.0
2024-10-16 01:54:04.249: 176 avg_steps: 1960.0
2024-10-16 01:54:04.249: 176 epsilon: 0.1
2024-10-16 01:54:04.249: 176 q: 10.2215185
2024-10-16 02:04:06.239: 177 test start:
2024-10-16 02:04:16.395: 177 avg_reward: 393.0
2024-10-16 02:04:16.395: 177 avg_steps: 508.9
2024-10-16 02:04:16.395: 177 epsilon: 0.1
2024-10-16 02:04:16.395: 177 q: 10.23989
2024-10-16 02:14:42.987: 178 test start:
2024-10-16 02:15:21.533: 178 avg_reward: 3999.0
2024-10-16 02:15:21.533: 178 avg_steps: 2019.55
2024-10-16 02:15:21.533: 178 epsilon: 0.1
2024-10-16 02:15:21.533: 178 q: 10.277676
2024-10-16 02:25:38.260: 179 test start:
2024-10-16 02:26:06.370: 179 avg_reward: 2414.5
2024-10-16 02:26:06.370: 179 avg_steps: 1422.8
2024-10-16 02:26:06.370: 179 epsilon: 0.1
2024-10-16 02:26:06.370: 179 q: 10.31912
2024-10-16 02:36:19.784: 180 test start:
2024-10-16 02:36:53.946: 180 avg_reward: 3017.0
2024-10-16 02:36:53.946: 180 avg_steps: 1835.95
2024-10-16 02:36:53.946: 180 epsilon: 0.1
2024-10-16 02:36:53.947: 180 q: 10.246459
2024-10-16 02:47:19.770: 181 test start:
2024-10-16 02:47:51.134: 181 avg_reward: 3013.0
2024-10-16 02:47:51.134: 181 avg_steps: 1608.25
2024-10-16 02:47:51.134: 181 epsilon: 0.1
2024-10-16 02:47:51.134: 181 q: 10.262947
2024-10-16 02:58:00.633: 182 test start:
2024-10-16 02:58:33.407: 182 avg_reward: 3117.0
2024-10-16 02:58:33.407: 182 avg_steps: 1748.9
2024-10-16 02:58:33.407: 182 epsilon: 0.1
2024-10-16 02:58:33.407: 182 q: 10.185225
2024-10-16 03:08:56.477: 183 test start:
2024-10-16 03:09:08.380: 183 avg_reward: 338.0
2024-10-16 03:09:08.380: 183 avg_steps: 614.3
2024-10-16 03:09:08.380: 183 epsilon: 0.1
2024-10-16 03:09:08.380: 183 q: 10.250796
2024-10-16 03:19:42.517: 184 test start:
2024-10-16 03:20:06.459: 184 avg_reward: 1233.5
2024-10-16 03:20:06.460: 184 avg_steps: 1207.55
2024-10-16 03:20:06.460: 184 epsilon: 0.1
2024-10-16 03:20:06.460: 184 q: 10.2467375
2024-10-16 03:30:38.582: 185 test start:
2024-10-16 03:31:21.630: 185 avg_reward: 4713.0
2024-10-16 03:31:21.631: 185 avg_steps: 2178.05
2024-10-16 03:31:21.631: 185 epsilon: 0.1
2024-10-16 03:31:21.631: 185 q: 10.176568
2024-10-16 03:41:45.276: 186 test start:
2024-10-16 03:42:02.485: 186 avg_reward: 796.0
2024-10-16 03:42:02.485: 186 avg_steps: 868.45
2024-10-16 03:42:02.485: 186 epsilon: 0.1
2024-10-16 03:42:02.485: 186 q: 10.159949
2024-10-16 03:52:34.176: 187 test start:
2024-10-16 03:53:10.317: 187 avg_reward: 3409.5
2024-10-16 03:53:10.317: 187 avg_steps: 1845.85
2024-10-16 03:53:10.317: 187 epsilon: 0.1
2024-10-16 03:53:10.317: 187 q: 10.049259
2024-10-16 04:03:39.635: 188 test start:
2024-10-16 04:04:22.402: 188 avg_reward: 4666.5
2024-10-16 04:04:22.402: 188 avg_steps: 2156.75
2024-10-16 04:04:22.402: 188 epsilon: 0.1
2024-10-16 04:04:22.402: 188 q: 10.108657
2024-10-16 04:14:53.532: 189 test start:
2024-10-16 04:15:26.643: 189 avg_reward: 2798.5
2024-10-16 04:15:26.644: 189 avg_steps: 1669.9
2024-10-16 04:15:26.644: 189 epsilon: 0.1
2024-10-16 04:15:26.644: 189 q: 10.138075
2024-10-16 04:25:59.775: 190 test start:
2024-10-16 04:26:30.747: 190 avg_reward: 2455.5
2024-10-16 04:26:30.748: 190 avg_steps: 1551.0
2024-10-16 04:26:30.748: 190 epsilon: 0.1
2024-10-16 04:26:30.748: 190 q: 10.126934
2024-10-16 04:37:01.506: 191 test start:
2024-10-16 04:37:43.740: 191 avg_reward: 3786.5
2024-10-16 04:37:43.740: 191 avg_steps: 2134.1
2024-10-16 04:37:43.740: 191 epsilon: 0.1
2024-10-16 04:37:43.740: 191 q: 10.191574
2024-10-16 04:48:16.052: 192 test start:
2024-10-16 04:48:38.695: 192 avg_reward: 1464.0
2024-10-16 04:48:38.695: 192 avg_steps: 1149.1
2024-10-16 04:48:38.695: 192 epsilon: 0.1
2024-10-16 04:48:38.695: 192 q: 10.145062
2024-10-16 04:59:12.990: 193 test start:
2024-10-16 04:59:33.870: 193 avg_reward: 1276.5
2024-10-16 04:59:33.870: 193 avg_steps: 1052.0
2024-10-16 04:59:33.870: 193 epsilon: 0.1
2024-10-16 04:59:33.870: 193 q: 10.283473
2024-10-16 05:09:54.033: 194 test start:
2024-10-16 05:10:16.644: 194 avg_reward: 1477.5
2024-10-16 05:10:16.644: 194 avg_steps: 1142.2
2024-10-16 05:10:16.644: 194 epsilon: 0.1
2024-10-16 05:10:16.645: 194 q: 10.315353
2024-10-16 05:20:50.763: 195 test start:
2024-10-16 05:21:05.455: 195 avg_reward: 631.0
2024-10-16 05:21:05.456: 195 avg_steps: 739.9
2024-10-16 05:21:05.456: 195 epsilon: 0.1
2024-10-16 05:21:05.456: 195 q: 10.33235
2024-10-16 05:31:46.581: 196 test start:
2024-10-16 05:32:12.647: 196 avg_reward: 1551.5
2024-10-16 05:32:12.647: 196 avg_steps: 1308.8
2024-10-16 05:32:12.647: 196 epsilon: 0.1
2024-10-16 05:32:12.647: 196 q: 10.316788
2024-10-16 05:42:40.732: 197 test start:
2024-10-16 05:43:06.715: 197 avg_reward: 1723.0
2024-10-16 05:43:06.715: 197 avg_steps: 1303.6
2024-10-16 05:43:06.716: 197 epsilon: 0.1
2024-10-16 05:43:06.716: 197 q: 10.318412
2024-10-16 05:53:40.905: 198 test start:
2024-10-16 05:54:00.629: 198 avg_reward: 1261.0
2024-10-16 05:54:00.629: 198 avg_steps: 986.25
2024-10-16 05:54:00.629: 198 epsilon: 0.1
2024-10-16 05:54:00.629: 198 q: 10.2925
2024-10-16 06:04:38.481: 199 test start:
2024-10-16 06:04:55.513: 199 avg_reward: 869.0
2024-10-16 06:04:55.513: 199 avg_steps: 851.85
2024-10-16 06:04:55.514: 199 epsilon: 0.1
2024-10-16 06:04:55.514: 199 q: 10.366447
2024-10-16 06:15:34.052: 200 test start:
2024-10-16 06:16:01.347: 200 avg_reward: 2359.5
2024-10-16 06:16:01.347: 200 avg_steps: 1409.5
2024-10-16 06:16:01.347: 200 epsilon: 0.1
2024-10-16 06:16:01.347: 200 q: 10.468986
