2024-09-12 09:27:19.030: 
parameters:agent_test_episodes: 20
batch_num_per_epoch: 300000
device: cuda:0
env_name: ALE/WizardOfWor-v5
epsilon_for_test: 0.05
epsilon_max: 1.0
epsilon_min: 0.1
exp_name: ALE-WizardOfWor-v5_2024-09-12-09-27-19
exp_path: ../exps/dqn/
exploration_steps: 1000000
gamma: 0.99
held_out_states_num: 1000
learning_rate: 0.00025
mini_batch_size: 32
model_update_freq: 4
n_times: 5
no_op_max: 30
phi_channel: 4
replay_buffer_size: 1000000
replay_start_size: 50000
save_model: true
screen_size: 84
skip_k_frame: 4
step_c: 10000
training_steps: 60000000

2024-09-12 09:27:19.111: env id: ALE/WizardOfWor-v5 |repeat_action_probability: 0 
2024-09-12 09:27:19.111: screen_size: 84 | grayscale_obs:True 
scale_obs:False | action space size: 10
remove flickering: True | frame skip: 4
state space shape: (210, 160, 3) 
2024-09-12 09:27:19.399: optimizer: RMSprop (
Parameter Group 0
    alpha: 0.95
    centered: False
    differentiable: False
    eps: 0.01
    foreach: None
    lr: 0.00025
    maximize: False
    momentum: 0.0
    weight_decay: 0
)
2024-09-12 09:40:08.792: 1 test start:
2024-09-12 09:40:16.523: 1 avg_reward: 30.0
2024-09-12 09:40:16.523: 1 avg_steps: 384.2
2024-09-12 09:40:16.523: 1 epsilon: 0.7740009999999999
2024-09-12 09:40:16.523: 1 q: 0.09964822
2024-09-12 09:54:29.824: 2 test start:
2024-09-12 09:54:43.294: 2 avg_reward: 75.0
2024-09-12 09:54:43.294: 2 avg_steps: 639.9
2024-09-12 09:54:43.294: 2 epsilon: 0.5046913
2024-09-12 09:54:43.294: 2 q: 0.1794292
2024-09-12 10:08:57.990: 3 test start:
2024-09-12 10:09:08.720: 3 avg_reward: 85.0
2024-09-12 10:09:08.720: 3 avg_steps: 495.55
2024-09-12 10:09:08.720: 3 epsilon: 0.23474889999999993
2024-09-12 10:09:08.720: 3 q: 0.26107222
