2024-05-01 10:28:12.438: 
parameters:agent_saving_period: 80000
agent_test_episodes: 20
batch_num_per_epoch: 100000
device: cuda:0
env_name: ALE/Asterix-v5
epsilon_for_test: 0.05
epsilon_max: 1.0
epsilon_min: 0.1
exploration_steps: 1000000
gamma: 0.99
input_frame_height: 84
input_frame_width: 84
learning_rate: 1.0e-05
log_path: ../exps/dqn/
mini_batch_size: 32
no_op: 30
phi_channel: 4
replay_buffer_size: 200000
replay_start_size: 10000
save_path: ./exps/
skip_k_frame: 4
step_c: 10000
training_steps: 50000000

2024-05-01 10:45:13.485: 1 test start:
2024-05-01 10:45:23.083: 1 avg_reward: 415.0
2024-05-01 10:45:23.083: 1 avg_steps: 285.45
2024-05-01 10:45:23.083: 1 epsilon: 0.9278641
2024-05-01 11:07:45.861: 2 test start:
2024-05-01 11:07:53.561: 2 avg_reward: 180.0
2024-05-01 11:07:53.561: 2 avg_steps: 237.55
2024-05-01 11:07:53.561: 2 epsilon: 0.847954
2024-05-01 11:31:27.999: 3 test start:
2024-05-01 11:31:36.252: 3 avg_reward: 402.5
2024-05-01 11:31:36.253: 3 avg_steps: 259.8
2024-05-01 11:31:36.253: 3 epsilon: 0.7681131999999999
2024-05-01 11:54:49.006: 4 test start:
2024-05-01 11:54:57.711: 4 avg_reward: 190.0
2024-05-01 11:54:57.711: 4 avg_steps: 246.9
2024-05-01 11:54:57.711: 4 epsilon: 0.6882652
2024-05-01 12:18:41.559: 5 test start:
2024-05-01 12:18:51.848: 5 avg_reward: 480.0
2024-05-01 12:18:51.848: 5 avg_steps: 300.95
2024-05-01 12:18:51.848: 5 epsilon: 0.6081013
2024-05-01 12:42:42.067: 6 test start:
2024-05-01 12:42:51.995: 6 avg_reward: 497.5
2024-05-01 12:42:51.995: 6 avg_steps: 308.0
2024-05-01 12:42:51.995: 6 epsilon: 0.5280453999999999
2024-05-01 13:06:42.937: 7 test start:
2024-05-01 13:06:53.624: 7 avg_reward: 620.0
2024-05-01 13:06:53.624: 7 avg_steps: 341.3
2024-05-01 13:06:53.625: 7 epsilon: 0.4477312
2024-05-01 13:30:44.679: 8 test start:
2024-05-01 13:30:54.677: 8 avg_reward: 540.0
2024-05-01 13:30:54.677: 8 avg_steps: 317.95
2024-05-01 13:30:54.677: 8 epsilon: 0.36719289999999993
2024-05-01 13:54:57.506: 9 test start:
2024-05-01 13:55:08.194: 9 avg_reward: 697.5
2024-05-01 13:55:08.194: 9 avg_steps: 315.05
2024-05-01 13:55:08.195: 9 epsilon: 0.28644669999999994
2024-05-01 14:19:58.147: 10 test start:
2024-05-01 14:20:09.755: 10 avg_reward: 722.5
2024-05-01 14:20:09.756: 10 avg_steps: 362.75
2024-05-01 14:20:09.756: 10 epsilon: 0.20493819999999996
2024-05-01 14:44:28.894: 11 test start:
2024-05-01 14:44:40.660: 11 avg_reward: 702.5
2024-05-01 14:44:40.660: 11 avg_steps: 353.75
2024-05-01 14:44:40.660: 11 epsilon: 0.1234251999999999
2024-05-01 15:09:51.141: 12 test start:
2024-05-01 15:10:03.202: 12 avg_reward: 820.0
2024-05-01 15:10:03.203: 12 avg_steps: 374.5
2024-05-01 15:10:03.203: 12 epsilon: 0.1
2024-05-01 15:36:11.793: 13 test start:
2024-05-01 15:36:25.109: 13 avg_reward: 882.5
2024-05-01 15:36:25.109: 13 avg_steps: 389.1
2024-05-01 15:36:25.109: 13 epsilon: 0.1
2024-05-01 16:02:23.729: 14 test start:
2024-05-01 16:02:39.270: 14 avg_reward: 1230.0
2024-05-01 16:02:39.271: 14 avg_steps: 492.5
2024-05-01 16:02:39.271: 14 epsilon: 0.1
2024-05-01 16:28:46.129: 15 test start:
2024-05-01 16:29:01.621: 15 avg_reward: 1172.5
2024-05-01 16:29:01.621: 15 avg_steps: 483.1
2024-05-01 16:29:01.621: 15 epsilon: 0.1
2024-05-01 16:55:19.976: 16 test start:
2024-05-01 16:55:34.155: 16 avg_reward: 1095.0
2024-05-01 16:55:34.156: 16 avg_steps: 447.7
2024-05-01 16:55:34.156: 16 epsilon: 0.1
2024-05-01 17:22:02.070: 17 test start:
2024-05-01 17:22:17.461: 17 avg_reward: 1245.0
2024-05-01 17:22:17.462: 17 avg_steps: 495.45
2024-05-01 17:22:17.462: 17 epsilon: 0.1
2024-05-01 17:48:31.515: 18 test start:
2024-05-01 17:48:44.671: 18 avg_reward: 970.0
2024-05-01 17:48:44.671: 18 avg_steps: 428.45
2024-05-01 17:48:44.671: 18 epsilon: 0.1
2024-05-01 18:15:10.404: 19 test start:
2024-05-01 18:15:24.290: 19 avg_reward: 1012.5
2024-05-01 18:15:24.290: 19 avg_steps: 417.95
2024-05-01 18:15:24.291: 19 epsilon: 0.1
2024-05-01 18:41:49.019: 20 test start:
2024-05-01 18:42:05.561: 20 avg_reward: 1400.0
2024-05-01 18:42:05.561: 20 avg_steps: 524.5
2024-05-01 18:42:05.561: 20 epsilon: 0.1
2024-05-01 19:08:35.445: 21 test start:
2024-05-01 19:08:54.118: 21 avg_reward: 1340.0
2024-05-01 19:08:54.119: 21 avg_steps: 560.45
2024-05-01 19:08:54.119: 21 epsilon: 0.1
2024-05-01 19:35:03.242: 22 test start:
2024-05-01 19:35:22.596: 22 avg_reward: 1602.5
2024-05-01 19:35:22.596: 22 avg_steps: 598.8
2024-05-01 19:35:22.596: 22 epsilon: 0.1
2024-05-01 20:01:19.922: 23 test start:
2024-05-01 20:01:36.416: 23 avg_reward: 1287.5
2024-05-01 20:01:36.416: 23 avg_steps: 506.3
2024-05-01 20:01:36.416: 23 epsilon: 0.1
2024-05-01 20:28:20.926: 24 test start:
2024-05-01 20:28:38.879: 24 avg_reward: 1387.5
2024-05-01 20:28:38.879: 24 avg_steps: 545.1
2024-05-01 20:28:38.879: 24 epsilon: 0.1
2024-05-01 20:54:48.264: 25 test start:
2024-05-01 20:55:07.566: 25 avg_reward: 1575.0
2024-05-01 20:55:07.567: 25 avg_steps: 595.75
2024-05-01 20:55:07.567: 25 epsilon: 0.1
2024-05-01 21:21:13.616: 26 test start:
2024-05-01 21:21:32.011: 26 avg_reward: 1647.5
2024-05-01 21:21:32.012: 26 avg_steps: 569.7
2024-05-01 21:21:32.012: 26 epsilon: 0.1
2024-05-01 21:47:51.824: 27 test start:
2024-05-01 21:48:07.145: 27 avg_reward: 1252.5
2024-05-01 21:48:07.146: 27 avg_steps: 471.75
2024-05-01 21:48:07.146: 27 epsilon: 0.1
2024-05-01 22:15:00.435: 28 test start:
2024-05-01 22:15:17.714: 28 avg_reward: 1440.0
2024-05-01 22:15:17.714: 28 avg_steps: 559.1
2024-05-01 22:15:17.714: 28 epsilon: 0.1
2024-05-01 22:41:36.233: 29 test start:
2024-05-01 22:41:53.587: 29 avg_reward: 1477.5
2024-05-01 22:41:53.587: 29 avg_steps: 569.65
2024-05-01 22:41:53.587: 29 epsilon: 0.1
2024-05-01 23:05:12.712: 30 test start:
2024-05-01 23:05:32.585: 30 avg_reward: 1702.5
2024-05-01 23:05:32.585: 30 avg_steps: 651.25
2024-05-01 23:05:32.586: 30 epsilon: 0.1
2024-05-01 23:28:29.400: 31 test start:
2024-05-01 23:28:53.423: 31 avg_reward: 2165.0
2024-05-01 23:28:53.423: 31 avg_steps: 776.25
2024-05-01 23:28:53.423: 31 epsilon: 0.1
2024-05-01 23:54:26.902: 32 test start:
2024-05-01 23:54:45.108: 32 avg_reward: 1632.5
2024-05-01 23:54:45.109: 32 avg_steps: 574.3
2024-05-01 23:54:45.109: 32 epsilon: 0.1
2024-05-02 00:20:54.549: 33 test start:
2024-05-02 00:21:17.143: 33 avg_reward: 1850.0
2024-05-02 00:21:17.143: 33 avg_steps: 673.15
2024-05-02 00:21:17.143: 33 epsilon: 0.1
2024-05-02 00:48:20.488: 34 test start:
2024-05-02 00:48:40.877: 34 avg_reward: 1785.0
2024-05-02 00:48:40.877: 34 avg_steps: 636.1
2024-05-02 00:48:40.877: 34 epsilon: 0.1
2024-05-02 01:15:47.124: 35 test start:
2024-05-02 01:16:07.561: 35 avg_reward: 1875.0
2024-05-02 01:16:07.561: 35 avg_steps: 647.15
2024-05-02 01:16:07.561: 35 epsilon: 0.1
2024-05-02 01:43:40.329: 36 test start:
2024-05-02 01:44:05.301: 36 avg_reward: 2337.5
2024-05-02 01:44:05.301: 36 avg_steps: 803.95
2024-05-02 01:44:05.301: 36 epsilon: 0.1
2024-05-02 02:10:20.136: 37 test start:
2024-05-02 02:10:39.304: 37 avg_reward: 1742.5
2024-05-02 02:10:39.305: 37 avg_steps: 618.75
2024-05-02 02:10:39.305: 37 epsilon: 0.1
2024-05-02 02:37:02.254: 38 test start:
2024-05-02 02:37:22.919: 38 avg_reward: 1755.0
2024-05-02 02:37:22.919: 38 avg_steps: 643.95
2024-05-02 02:37:22.919: 38 epsilon: 0.1
2024-05-02 03:03:52.852: 39 test start:
2024-05-02 03:04:12.199: 39 avg_reward: 1727.5
2024-05-02 03:04:12.199: 39 avg_steps: 602.0
2024-05-02 03:04:12.199: 39 epsilon: 0.1
2024-05-02 03:30:49.085: 40 test start:
2024-05-02 03:31:06.871: 40 avg_reward: 1570.0
2024-05-02 03:31:06.872: 40 avg_steps: 556.75
2024-05-02 03:31:06.872: 40 epsilon: 0.1
2024-05-02 03:57:43.264: 41 test start:
2024-05-02 03:58:06.815: 41 avg_reward: 1970.0
2024-05-02 03:58:06.816: 41 avg_steps: 709.6
2024-05-02 03:58:06.816: 41 epsilon: 0.1
2024-05-02 04:24:33.838: 42 test start:
2024-05-02 04:24:56.715: 42 avg_reward: 1997.5
2024-05-02 04:24:56.715: 42 avg_steps: 711.05
2024-05-02 04:24:56.715: 42 epsilon: 0.1
2024-05-02 04:51:29.196: 43 test start:
2024-05-02 04:51:49.815: 43 avg_reward: 1917.5
2024-05-02 04:51:49.815: 43 avg_steps: 641.35
2024-05-02 04:51:49.815: 43 epsilon: 0.1
2024-05-02 05:18:23.613: 44 test start:
2024-05-02 05:18:48.782: 44 avg_reward: 2325.0
2024-05-02 05:18:48.783: 44 avg_steps: 782.45
2024-05-02 05:18:48.783: 44 epsilon: 0.1
2024-05-02 05:45:09.105: 45 test start:
2024-05-02 05:45:28.840: 45 avg_reward: 1660.0
2024-05-02 05:45:28.840: 45 avg_steps: 604.35
2024-05-02 05:45:28.840: 45 epsilon: 0.1
2024-05-02 06:10:58.380: 46 test start:
2024-05-02 06:11:18.311: 46 avg_reward: 1727.5
2024-05-02 06:11:18.312: 46 avg_steps: 630.45
2024-05-02 06:11:18.312: 46 epsilon: 0.1
2024-05-02 06:37:05.580: 47 test start:
2024-05-02 06:37:24.197: 47 avg_reward: 1740.0
2024-05-02 06:37:24.197: 47 avg_steps: 602.15
2024-05-02 06:37:24.197: 47 epsilon: 0.1
2024-05-02 07:03:13.128: 48 test start:
2024-05-02 07:03:36.525: 48 avg_reward: 2220.0
2024-05-02 07:03:36.526: 48 avg_steps: 744.0
2024-05-02 07:03:36.526: 48 epsilon: 0.1
2024-05-02 07:29:24.102: 49 test start:
2024-05-02 07:29:47.696: 49 avg_reward: 2310.0
2024-05-02 07:29:47.696: 49 avg_steps: 772.4
2024-05-02 07:29:47.696: 49 epsilon: 0.1
2024-05-02 07:55:49.424: 50 test start:
2024-05-02 07:56:10.530: 50 avg_reward: 2020.0
2024-05-02 07:56:10.530: 50 avg_steps: 661.2
2024-05-02 07:56:10.530: 50 epsilon: 0.1
2024-05-02 08:22:14.032: 51 test start:
2024-05-02 08:22:34.238: 51 avg_reward: 2005.0
2024-05-02 08:22:34.239: 51 avg_steps: 659.55
2024-05-02 08:22:34.239: 51 epsilon: 0.1
2024-05-02 08:47:27.437: 52 test start:
2024-05-02 08:47:47.563: 52 avg_reward: 1995.0
2024-05-02 08:47:47.563: 52 avg_steps: 658.85
2024-05-02 08:47:47.563: 52 epsilon: 0.1
2024-05-02 09:13:15.836: 53 test start:
2024-05-02 09:13:34.348: 53 avg_reward: 1715.0
2024-05-02 09:13:34.348: 53 avg_steps: 603.4
2024-05-02 09:13:34.348: 53 epsilon: 0.1
2024-05-02 09:40:21.526: 54 test start:
2024-05-02 09:40:45.892: 54 avg_reward: 2222.5
2024-05-02 09:40:45.892: 54 avg_steps: 755.5
2024-05-02 09:40:45.892: 54 epsilon: 0.1
2024-05-02 10:07:31.436: 55 test start:
2024-05-02 10:07:50.249: 55 avg_reward: 1675.0
2024-05-02 10:07:50.249: 55 avg_steps: 600.9
2024-05-02 10:07:50.249: 55 epsilon: 0.1
2024-05-02 10:34:44.909: 56 test start:
2024-05-02 10:35:07.060: 56 avg_reward: 1810.0
2024-05-02 10:35:07.061: 56 avg_steps: 647.3
2024-05-02 10:35:07.061: 56 epsilon: 0.1
2024-05-02 11:02:20.820: 57 test start:
2024-05-02 11:02:43.319: 57 avg_reward: 2037.5
2024-05-02 11:02:43.319: 57 avg_steps: 691.55
2024-05-02 11:02:43.319: 57 epsilon: 0.1
2024-05-02 11:29:24.431: 58 test start:
2024-05-02 11:29:44.318: 58 avg_reward: 1722.5
2024-05-02 11:29:44.319: 58 avg_steps: 611.75
2024-05-02 11:29:44.319: 58 epsilon: 0.1
2024-05-02 11:55:53.358: 59 test start:
2024-05-02 11:56:11.308: 59 avg_reward: 1565.0
2024-05-02 11:56:11.309: 59 avg_steps: 556.75
2024-05-02 11:56:11.309: 59 epsilon: 0.1
2024-05-02 12:22:50.236: 60 test start:
2024-05-02 12:23:08.241: 60 avg_reward: 1372.5
2024-05-02 12:23:08.241: 60 avg_steps: 513.4
2024-05-02 12:23:08.241: 60 epsilon: 0.1
2024-05-02 12:50:45.877: 61 test start:
2024-05-02 12:51:07.356: 61 avg_reward: 1887.5
2024-05-02 12:51:07.356: 61 avg_steps: 637.75
2024-05-02 12:51:07.356: 61 epsilon: 0.1
2024-05-02 13:18:08.746: 62 test start:
2024-05-02 13:18:31.391: 62 avg_reward: 2005.0
2024-05-02 13:18:31.391: 62 avg_steps: 671.0
2024-05-02 13:18:31.391: 62 epsilon: 0.1
2024-05-02 13:45:27.285: 63 test start:
2024-05-02 13:45:49.264: 63 avg_reward: 1937.5
2024-05-02 13:45:49.265: 63 avg_steps: 669.8
2024-05-02 13:45:49.265: 63 epsilon: 0.1
2024-05-02 14:11:24.301: 64 test start:
2024-05-02 14:11:43.856: 64 avg_reward: 1805.0
2024-05-02 14:11:43.856: 64 avg_steps: 621.25
2024-05-02 14:11:43.856: 64 epsilon: 0.1
2024-05-02 14:37:07.520: 65 test start:
2024-05-02 14:37:26.854: 65 avg_reward: 1750.0
2024-05-02 14:37:26.854: 65 avg_steps: 605.2
2024-05-02 14:37:26.854: 65 epsilon: 0.1
2024-05-02 15:02:54.270: 66 test start:
2024-05-02 15:03:14.398: 66 avg_reward: 1822.5
2024-05-02 15:03:14.399: 66 avg_steps: 635.65
2024-05-02 15:03:14.399: 66 epsilon: 0.1
2024-05-02 15:28:24.258: 67 test start:
2024-05-02 15:28:46.597: 67 avg_reward: 2022.5
2024-05-02 15:28:46.597: 67 avg_steps: 691.7
2024-05-02 15:28:46.597: 67 epsilon: 0.1
2024-05-02 15:54:26.984: 68 test start:
2024-05-02 15:54:52.647: 68 avg_reward: 2352.5
2024-05-02 15:54:52.647: 68 avg_steps: 747.75
2024-05-02 15:54:52.647: 68 epsilon: 0.1
2024-05-02 16:20:53.861: 69 test start:
2024-05-02 16:21:12.197: 69 avg_reward: 1570.0
2024-05-02 16:21:12.198: 69 avg_steps: 553.8
2024-05-02 16:21:12.198: 69 epsilon: 0.1
2024-05-02 16:47:20.339: 70 test start:
2024-05-02 16:47:43.135: 70 avg_reward: 1950.0
2024-05-02 16:47:43.136: 70 avg_steps: 674.8
2024-05-02 16:47:43.136: 70 epsilon: 0.1
2024-05-02 17:14:01.625: 71 test start:
2024-05-02 17:14:21.506: 71 avg_reward: 1752.5
2024-05-02 17:14:21.506: 71 avg_steps: 597.9
2024-05-02 17:14:21.506: 71 epsilon: 0.1
2024-05-02 17:40:09.752: 72 test start:
2024-05-02 17:40:27.901: 72 avg_reward: 1467.5
2024-05-02 17:40:27.901: 72 avg_steps: 519.25
2024-05-02 17:40:27.901: 72 epsilon: 0.1
2024-05-02 18:06:51.613: 73 test start:
2024-05-02 18:07:13.343: 73 avg_reward: 1775.0
2024-05-02 18:07:13.344: 73 avg_steps: 616.3
2024-05-02 18:07:13.344: 73 epsilon: 0.1
2024-05-02 18:33:11.336: 74 test start:
2024-05-02 18:33:36.699: 74 avg_reward: 2087.5
2024-05-02 18:33:36.699: 74 avg_steps: 699.4
2024-05-02 18:33:36.699: 74 epsilon: 0.1
2024-05-02 19:00:06.608: 75 test start:
2024-05-02 19:00:32.315: 75 avg_reward: 2092.5
2024-05-02 19:00:32.316: 75 avg_steps: 700.45
2024-05-02 19:00:32.316: 75 epsilon: 0.1
2024-05-02 19:26:43.169: 76 test start:
2024-05-02 19:27:04.563: 76 avg_reward: 1852.5
2024-05-02 19:27:04.563: 76 avg_steps: 623.1
2024-05-02 19:27:04.563: 76 epsilon: 0.1
2024-05-02 19:53:59.241: 77 test start:
2024-05-02 19:54:20.254: 77 avg_reward: 1805.0
2024-05-02 19:54:20.254: 77 avg_steps: 632.45
2024-05-02 19:54:20.254: 77 epsilon: 0.1
2024-05-02 20:20:55.130: 78 test start:
2024-05-02 20:21:14.768: 78 avg_reward: 1575.0
2024-05-02 20:21:14.769: 78 avg_steps: 583.8
2024-05-02 20:21:14.769: 78 epsilon: 0.1
2024-05-02 20:46:12.054: 79 test start:
2024-05-02 20:46:34.686: 79 avg_reward: 2047.5
2024-05-02 20:46:34.686: 79 avg_steps: 708.15
2024-05-02 20:46:34.686: 79 epsilon: 0.1
2024-05-02 21:11:59.134: 80 test start:
2024-05-02 21:12:17.755: 80 avg_reward: 1387.5
2024-05-02 21:12:17.755: 80 avg_steps: 507.4
2024-05-02 21:12:17.755: 80 epsilon: 0.1
2024-05-02 21:39:30.131: 81 test start:
2024-05-02 21:39:53.034: 81 avg_reward: 1980.0
2024-05-02 21:39:53.034: 81 avg_steps: 668.15
2024-05-02 21:39:53.034: 81 epsilon: 0.1
2024-05-02 22:07:26.112: 82 test start:
2024-05-02 22:07:50.356: 82 avg_reward: 2105.0
2024-05-02 22:07:50.356: 82 avg_steps: 687.45
2024-05-02 22:07:50.356: 82 epsilon: 0.1
2024-05-02 22:34:59.278: 83 test start:
2024-05-02 22:35:23.065: 83 avg_reward: 1900.0
2024-05-02 22:35:23.066: 83 avg_steps: 643.9
2024-05-02 22:35:23.066: 83 epsilon: 0.1
2024-05-02 23:01:51.161: 84 test start:
2024-05-02 23:02:12.171: 84 avg_reward: 1742.5
2024-05-02 23:02:12.172: 84 avg_steps: 603.15
2024-05-02 23:02:12.172: 84 epsilon: 0.1
2024-05-02 23:28:42.736: 85 test start:
2024-05-02 23:29:04.685: 85 avg_reward: 1912.5
2024-05-02 23:29:04.685: 85 avg_steps: 630.45
2024-05-02 23:29:04.685: 85 epsilon: 0.1
2024-05-02 23:54:35.353: 86 test start:
2024-05-02 23:54:52.432: 86 avg_reward: 1437.5
2024-05-02 23:54:52.432: 86 avg_steps: 511.15
2024-05-02 23:54:52.432: 86 epsilon: 0.1
2024-05-03 00:20:58.627: 87 test start:
2024-05-03 00:21:16.830: 87 avg_reward: 1510.0
2024-05-03 00:21:16.830: 87 avg_steps: 540.05
2024-05-03 00:21:16.830: 87 epsilon: 0.1
2024-05-03 00:46:41.128: 88 test start:
2024-05-03 00:47:04.350: 88 avg_reward: 2025.0
2024-05-03 00:47:04.350: 88 avg_steps: 661.35
2024-05-03 00:47:04.350: 88 epsilon: 0.1
2024-05-03 01:12:12.957: 89 test start:
2024-05-03 01:12:31.009: 89 avg_reward: 1542.5
2024-05-03 01:12:31.009: 89 avg_steps: 530.2
2024-05-03 01:12:31.009: 89 epsilon: 0.1
2024-05-03 01:38:00.697: 90 test start:
2024-05-03 01:38:18.191: 90 avg_reward: 1492.5
2024-05-03 01:38:18.191: 90 avg_steps: 521.3
2024-05-03 01:38:18.191: 90 epsilon: 0.1
2024-05-03 02:03:05.390: 91 test start:
2024-05-03 02:03:25.960: 91 avg_reward: 1765.0
2024-05-03 02:03:25.961: 91 avg_steps: 610.15
2024-05-03 02:03:25.961: 91 epsilon: 0.1
2024-05-03 02:30:07.212: 92 test start:
2024-05-03 02:30:24.033: 92 avg_reward: 1305.0
2024-05-03 02:30:24.033: 92 avg_steps: 476.55
2024-05-03 02:30:24.033: 92 epsilon: 0.1
2024-05-03 02:56:41.617: 93 test start:
2024-05-03 02:57:01.582: 93 avg_reward: 1687.5
2024-05-03 02:57:01.582: 93 avg_steps: 574.1
2024-05-03 02:57:01.582: 93 epsilon: 0.1
2024-05-03 03:22:54.671: 94 test start:
2024-05-03 03:23:14.838: 94 avg_reward: 1595.0
2024-05-03 03:23:14.839: 94 avg_steps: 557.6
2024-05-03 03:23:14.839: 94 epsilon: 0.1
2024-05-03 03:49:05.380: 95 test start:
2024-05-03 03:49:23.647: 95 avg_reward: 1495.0
2024-05-03 03:49:23.648: 95 avg_steps: 522.9
2024-05-03 03:49:23.648: 95 epsilon: 0.1
2024-05-03 04:15:34.380: 96 test start:
2024-05-03 04:15:52.096: 96 avg_reward: 1487.5
2024-05-03 04:15:52.096: 96 avg_steps: 519.95
2024-05-03 04:15:52.096: 96 epsilon: 0.1
2024-05-03 04:41:56.115: 97 test start:
2024-05-03 04:42:12.034: 97 avg_reward: 1190.0
2024-05-03 04:42:12.034: 97 avg_steps: 459.15
2024-05-03 04:42:12.034: 97 epsilon: 0.1
2024-05-03 05:07:59.926: 98 test start:
2024-05-03 05:08:15.905: 98 avg_reward: 1255.0
2024-05-03 05:08:15.905: 98 avg_steps: 470.3
2024-05-03 05:08:15.905: 98 epsilon: 0.1
2024-05-03 05:33:52.206: 99 test start:
2024-05-03 05:34:11.540: 99 avg_reward: 1515.0
2024-05-03 05:34:11.541: 99 avg_steps: 534.45
2024-05-03 05:34:11.541: 99 epsilon: 0.1
2024-05-03 05:59:41.580: 100 test start:
2024-05-03 05:59:56.711: 100 avg_reward: 1202.5
2024-05-03 05:59:56.712: 100 avg_steps: 428.1
2024-05-03 05:59:56.712: 100 epsilon: 0.1
2024-05-03 06:26:05.378: 101 test start:
2024-05-03 06:26:24.459: 101 avg_reward: 1495.0
2024-05-03 06:26:24.460: 101 avg_steps: 519.95
2024-05-03 06:26:24.460: 101 epsilon: 0.1
2024-05-03 06:52:23.784: 102 test start:
2024-05-03 06:52:38.309: 102 avg_reward: 1125.0
2024-05-03 06:52:38.309: 102 avg_steps: 417.35
2024-05-03 06:52:38.309: 102 epsilon: 0.1
2024-05-03 07:18:54.528: 103 test start:
2024-05-03 07:19:10.607: 103 avg_reward: 1242.5
2024-05-03 07:19:10.607: 103 avg_steps: 452.05
2024-05-03 07:19:10.607: 103 epsilon: 0.1
2024-05-03 07:45:22.091: 104 test start:
2024-05-03 07:45:38.951: 104 avg_reward: 1305.0
2024-05-03 07:45:38.951: 104 avg_steps: 483.6
2024-05-03 07:45:38.951: 104 epsilon: 0.1
2024-05-03 08:12:19.785: 105 test start:
2024-05-03 08:12:39.312: 105 avg_reward: 1557.5
2024-05-03 08:12:39.313: 105 avg_steps: 545.5
2024-05-03 08:12:39.313: 105 epsilon: 0.1
2024-05-03 08:39:47.589: 106 test start:
2024-05-03 08:40:04.407: 106 avg_reward: 1292.5
2024-05-03 08:40:04.407: 106 avg_steps: 477.7
2024-05-03 08:40:04.408: 106 epsilon: 0.1
2024-05-03 09:07:04.434: 107 test start:
2024-05-03 09:07:23.075: 107 avg_reward: 1447.5
2024-05-03 09:07:23.076: 107 avg_steps: 518.65
2024-05-03 09:07:23.076: 107 epsilon: 0.1
2024-05-03 09:33:36.099: 108 test start:
2024-05-03 09:33:56.266: 108 avg_reward: 1712.5
2024-05-03 09:33:56.266: 108 avg_steps: 592.05
2024-05-03 09:33:56.266: 108 epsilon: 0.1
2024-05-03 10:00:31.152: 109 test start:
2024-05-03 10:00:49.578: 109 avg_reward: 1455.0
2024-05-03 10:00:49.578: 109 avg_steps: 508.85
2024-05-03 10:00:49.578: 109 epsilon: 0.1
2024-05-03 10:27:30.591: 110 test start:
2024-05-03 10:27:49.348: 110 avg_reward: 1612.5
2024-05-03 10:27:49.349: 110 avg_steps: 560.2
2024-05-03 10:27:49.349: 110 epsilon: 0.1
2024-05-03 10:52:36.975: 111 test start:
2024-05-03 10:52:52.719: 111 avg_reward: 1327.5
2024-05-03 10:52:52.719: 111 avg_steps: 478.2
2024-05-03 10:52:52.719: 111 epsilon: 0.1
2024-05-03 11:16:47.034: 112 test start:
2024-05-03 11:17:07.170: 112 avg_reward: 1692.5
2024-05-03 11:17:07.170: 112 avg_steps: 593.85
2024-05-03 11:17:07.170: 112 epsilon: 0.1
2024-05-03 11:41:07.731: 113 test start:
2024-05-03 11:41:21.699: 113 avg_reward: 1170.0
2024-05-03 11:41:21.699: 113 avg_steps: 415.95
2024-05-03 11:41:21.699: 113 epsilon: 0.1
2024-05-03 12:06:54.484: 114 test start:
2024-05-03 12:07:07.675: 114 avg_reward: 997.5
2024-05-03 12:07:07.675: 114 avg_steps: 396.1
2024-05-03 12:07:07.675: 114 epsilon: 0.1
2024-05-03 12:33:12.404: 115 test start:
2024-05-03 12:33:28.210: 115 avg_reward: 1265.0
2024-05-03 12:33:28.211: 115 avg_steps: 467.8
2024-05-03 12:33:28.211: 115 epsilon: 0.1
2024-05-03 12:57:28.575: 116 test start:
2024-05-03 12:57:46.392: 116 avg_reward: 1555.0
2024-05-03 12:57:46.393: 116 avg_steps: 554.95
2024-05-03 12:57:46.393: 116 epsilon: 0.1
2024-05-03 13:21:42.025: 117 test start:
2024-05-03 13:21:55.143: 117 avg_reward: 1062.5
2024-05-03 13:21:55.144: 117 avg_steps: 403.35
2024-05-03 13:21:55.144: 117 epsilon: 0.1
2024-05-03 13:46:01.261: 118 test start:
2024-05-03 13:46:16.730: 118 avg_reward: 1332.5
2024-05-03 13:46:16.730: 118 avg_steps: 481.25
2024-05-03 13:46:16.730: 118 epsilon: 0.1
2024-05-03 14:10:18.494: 119 test start:
2024-05-03 14:10:35.139: 119 avg_reward: 1372.5
2024-05-03 14:10:35.140: 119 avg_steps: 503.2
2024-05-03 14:10:35.140: 119 epsilon: 0.1
2024-05-03 14:35:06.154: 120 test start:
2024-05-03 14:35:22.305: 120 avg_reward: 1440.0
2024-05-03 14:35:22.305: 120 avg_steps: 510.9
2024-05-03 14:35:22.305: 120 epsilon: 0.1
2024-05-03 14:59:35.160: 121 test start:
2024-05-03 14:59:53.555: 121 avg_reward: 1685.0
2024-05-03 14:59:53.555: 121 avg_steps: 573.85
2024-05-03 14:59:53.555: 121 epsilon: 0.1
2024-05-03 15:23:28.037: 122 test start:
2024-05-03 15:23:44.187: 122 avg_reward: 1480.0
2024-05-03 15:23:44.188: 122 avg_steps: 507.4
2024-05-03 15:23:44.188: 122 epsilon: 0.1
2024-05-03 15:47:10.885: 123 test start:
2024-05-03 15:47:27.235: 123 avg_reward: 1437.5
2024-05-03 15:47:27.236: 123 avg_steps: 521.65
2024-05-03 15:47:27.236: 123 epsilon: 0.1
2024-05-03 16:11:38.953: 124 test start:
2024-05-03 16:11:57.862: 124 avg_reward: 1702.5
2024-05-03 16:11:57.862: 124 avg_steps: 585.3
2024-05-03 16:11:57.862: 124 epsilon: 0.1
2024-05-03 16:36:02.145: 125 test start:
2024-05-03 16:36:20.964: 125 avg_reward: 1585.0
2024-05-03 16:36:20.964: 125 avg_steps: 554.95
2024-05-03 16:36:20.964: 125 epsilon: 0.1
2024-05-03 17:00:14.004: 126 test start:
2024-05-03 17:00:30.133: 126 avg_reward: 1390.0
2024-05-03 17:00:30.133: 126 avg_steps: 499.2
2024-05-03 17:00:30.133: 126 epsilon: 0.1
2024-05-03 17:24:14.141: 127 test start:
2024-05-03 17:24:32.312: 127 avg_reward: 1677.5
2024-05-03 17:24:32.312: 127 avg_steps: 561.2
2024-05-03 17:24:32.312: 127 epsilon: 0.1
2024-05-03 17:47:56.563: 128 test start:
2024-05-03 17:48:11.166: 128 avg_reward: 1325.0
2024-05-03 17:48:11.167: 128 avg_steps: 471.0
2024-05-03 17:48:11.167: 128 epsilon: 0.1
2024-05-03 18:11:33.774: 129 test start:
2024-05-03 18:11:53.361: 129 avg_reward: 1865.0
2024-05-03 18:11:53.361: 129 avg_steps: 620.1
2024-05-03 18:11:53.361: 129 epsilon: 0.1
2024-05-03 18:35:24.574: 130 test start:
2024-05-03 18:35:39.371: 130 avg_reward: 1162.5
2024-05-03 18:35:39.371: 130 avg_steps: 446.5
2024-05-03 18:35:39.371: 130 epsilon: 0.1
2024-05-03 19:02:06.058: 131 test start:
2024-05-03 19:02:23.857: 131 avg_reward: 1507.5
2024-05-03 19:02:23.857: 131 avg_steps: 535.8
2024-05-03 19:02:23.857: 131 epsilon: 0.1
2024-05-03 19:28:56.285: 132 test start:
2024-05-03 19:29:15.266: 132 avg_reward: 1622.5
2024-05-03 19:29:15.266: 132 avg_steps: 570.0
2024-05-03 19:29:15.266: 132 epsilon: 0.1
2024-05-03 19:56:04.720: 133 test start:
2024-05-03 19:56:21.789: 133 avg_reward: 1437.5
2024-05-03 19:56:21.789: 133 avg_steps: 526.85
2024-05-03 19:56:21.789: 133 epsilon: 0.1
2024-05-03 20:20:09.980: 134 test start:
2024-05-03 20:20:26.552: 134 avg_reward: 1357.5
2024-05-03 20:20:26.552: 134 avg_steps: 491.7
2024-05-03 20:20:26.552: 134 epsilon: 0.1
2024-05-03 20:44:42.803: 135 test start:
2024-05-03 20:44:58.490: 135 avg_reward: 1310.0
2024-05-03 20:44:58.491: 135 avg_steps: 478.4
2024-05-03 20:44:58.491: 135 epsilon: 0.1
2024-05-03 21:08:59.636: 136 test start:
2024-05-03 21:09:13.922: 136 avg_reward: 1197.5
2024-05-03 21:09:13.923: 136 avg_steps: 448.95
2024-05-03 21:09:13.923: 136 epsilon: 0.1
2024-05-03 21:32:13.308: 137 test start:
2024-05-03 21:32:27.451: 137 avg_reward: 1277.5
2024-05-03 21:32:27.451: 137 avg_steps: 454.9
2024-05-03 21:32:27.451: 137 epsilon: 0.1
2024-05-03 21:54:17.473: 138 test start:
2024-05-03 21:54:33.152: 138 avg_reward: 1460.0
2024-05-03 21:54:33.153: 138 avg_steps: 514.55
2024-05-03 21:54:33.153: 138 epsilon: 0.1
2024-05-03 22:18:06.731: 139 test start:
2024-05-03 22:18:20.927: 139 avg_reward: 1142.5
2024-05-03 22:18:20.928: 139 avg_steps: 431.2
2024-05-03 22:18:20.928: 139 epsilon: 0.1
2024-05-03 22:43:10.389: 140 test start:
2024-05-03 22:43:26.867: 140 avg_reward: 1425.0
2024-05-03 22:43:26.868: 140 avg_steps: 508.55
2024-05-03 22:43:26.868: 140 epsilon: 0.1
2024-05-03 23:08:10.469: 141 test start:
2024-05-03 23:08:28.091: 141 avg_reward: 1600.0
2024-05-03 23:08:28.091: 141 avg_steps: 553.9
2024-05-03 23:08:28.091: 141 epsilon: 0.1
2024-05-03 23:32:03.722: 142 test start:
2024-05-03 23:32:21.406: 142 avg_reward: 1625.0
2024-05-03 23:32:21.406: 142 avg_steps: 549.6
2024-05-03 23:32:21.406: 142 epsilon: 0.1
2024-05-03 23:56:14.942: 143 test start:
2024-05-03 23:56:30.111: 143 avg_reward: 1317.5
2024-05-03 23:56:30.112: 143 avg_steps: 464.25
2024-05-03 23:56:30.112: 143 epsilon: 0.1
2024-05-04 00:19:52.630: 144 test start:
2024-05-04 00:20:04.869: 144 avg_reward: 1000.0
2024-05-04 00:20:04.869: 144 avg_steps: 393.15
2024-05-04 00:20:04.869: 144 epsilon: 0.1
2024-05-04 00:43:08.685: 145 test start:
2024-05-04 00:43:23.133: 145 avg_reward: 1260.0
2024-05-04 00:43:23.134: 145 avg_steps: 460.3
2024-05-04 00:43:23.134: 145 epsilon: 0.1
2024-05-04 01:07:34.607: 146 test start:
2024-05-04 01:07:50.620: 146 avg_reward: 1505.0
2024-05-04 01:07:50.620: 146 avg_steps: 518.3
2024-05-04 01:07:50.620: 146 epsilon: 0.1
2024-05-04 01:32:13.900: 147 test start:
2024-05-04 01:32:29.565: 147 avg_reward: 1425.0
2024-05-04 01:32:29.565: 147 avg_steps: 508.75
2024-05-04 01:32:29.565: 147 epsilon: 0.1
2024-05-04 01:57:19.230: 148 test start:
2024-05-04 01:57:35.403: 148 avg_reward: 1452.5
2024-05-04 01:57:35.403: 148 avg_steps: 509.5
2024-05-04 01:57:35.403: 148 epsilon: 0.1
2024-05-04 02:22:42.385: 149 test start:
2024-05-04 02:22:58.862: 149 avg_reward: 1470.0
2024-05-04 02:22:58.863: 149 avg_steps: 519.3
2024-05-04 02:22:58.863: 149 epsilon: 0.1
2024-05-04 02:47:58.581: 150 test start:
2024-05-04 02:48:16.190: 150 avg_reward: 1565.0
2024-05-04 02:48:16.190: 150 avg_steps: 554.8
2024-05-04 02:48:16.190: 150 epsilon: 0.1
2024-05-04 03:13:05.657: 151 test start:
2024-05-04 03:13:23.548: 151 avg_reward: 1585.0
2024-05-04 03:13:23.548: 151 avg_steps: 551.35
2024-05-04 03:13:23.548: 151 epsilon: 0.1
2024-05-04 03:38:13.046: 152 test start:
2024-05-04 03:38:29.841: 152 avg_reward: 1475.0
2024-05-04 03:38:29.842: 152 avg_steps: 523.1
2024-05-04 03:38:29.842: 152 epsilon: 0.1
2024-05-04 04:03:20.254: 153 test start:
2024-05-04 04:03:35.478: 153 avg_reward: 1360.0
2024-05-04 04:03:35.479: 153 avg_steps: 492.55
2024-05-04 04:03:35.479: 153 epsilon: 0.1
2024-05-04 04:28:09.323: 154 test start:
2024-05-04 04:28:22.662: 154 avg_reward: 1167.5
2024-05-04 04:28:22.663: 154 avg_steps: 436.25
2024-05-04 04:28:22.663: 154 epsilon: 0.1
2024-05-04 04:52:02.333: 155 test start:
2024-05-04 04:52:16.039: 155 avg_reward: 1147.5
2024-05-04 04:52:16.039: 155 avg_steps: 426.95
2024-05-04 04:52:16.039: 155 epsilon: 0.1
2024-05-04 05:16:14.182: 156 test start:
2024-05-04 05:16:30.192: 156 avg_reward: 1462.5
2024-05-04 05:16:30.193: 156 avg_steps: 514.05
2024-05-04 05:16:30.193: 156 epsilon: 0.1
2024-05-04 05:40:36.264: 157 test start:
2024-05-04 05:40:48.796: 157 avg_reward: 1085.0
2024-05-04 05:40:48.796: 157 avg_steps: 397.55
2024-05-04 05:40:48.796: 157 epsilon: 0.1
2024-05-04 06:04:35.019: 158 test start:
2024-05-04 06:04:49.899: 158 avg_reward: 1355.0
2024-05-04 06:04:49.899: 158 avg_steps: 480.1
2024-05-04 06:04:49.899: 158 epsilon: 0.1
2024-05-04 06:26:15.543: 159 test start:
2024-05-04 06:26:30.476: 159 avg_reward: 1305.0
2024-05-04 06:26:30.476: 159 avg_steps: 497.15
2024-05-04 06:26:30.476: 159 epsilon: 0.1
2024-05-04 06:47:59.706: 160 test start:
2024-05-04 06:48:14.461: 160 avg_reward: 1315.0
2024-05-04 06:48:14.462: 160 avg_steps: 484.6
2024-05-04 06:48:14.462: 160 epsilon: 0.1
2024-05-04 07:09:40.232: 161 test start:
2024-05-04 07:09:53.248: 161 avg_reward: 1150.0
2024-05-04 07:09:53.248: 161 avg_steps: 427.3
2024-05-04 07:09:53.248: 161 epsilon: 0.1
2024-05-04 07:31:28.342: 162 test start:
2024-05-04 07:31:42.809: 162 avg_reward: 1267.5
2024-05-04 07:31:42.809: 162 avg_steps: 460.1
2024-05-04 07:31:42.809: 162 epsilon: 0.1
2024-05-04 07:53:36.718: 163 test start:
2024-05-04 07:53:50.781: 163 avg_reward: 1255.0
2024-05-04 07:53:50.781: 163 avg_steps: 462.5
2024-05-04 07:53:50.781: 163 epsilon: 0.1
2024-05-04 08:16:42.739: 164 test start:
2024-05-04 08:16:56.514: 164 avg_reward: 1182.5
2024-05-04 08:16:56.515: 164 avg_steps: 443.7
2024-05-04 08:16:56.515: 164 epsilon: 0.1
2024-05-04 08:41:12.937: 165 test start:
2024-05-04 08:41:27.923: 165 avg_reward: 1282.5
2024-05-04 08:41:27.924: 165 avg_steps: 470.65
2024-05-04 08:41:27.924: 165 epsilon: 0.1
2024-05-04 09:06:33.207: 166 test start:
2024-05-04 09:06:48.766: 166 avg_reward: 1322.5
2024-05-04 09:06:48.767: 166 avg_steps: 486.4
2024-05-04 09:06:48.767: 166 epsilon: 0.1
2024-05-04 09:31:58.858: 167 test start:
2024-05-04 09:32:09.909: 167 avg_reward: 727.5
2024-05-04 09:32:09.909: 167 avg_steps: 324.35
2024-05-04 09:32:09.909: 167 epsilon: 0.1
2024-05-04 09:58:21.873: 168 test start:
2024-05-04 09:58:35.289: 168 avg_reward: 1025.0
2024-05-04 09:58:35.289: 168 avg_steps: 416.5
2024-05-04 09:58:35.289: 168 epsilon: 0.1
2024-05-04 10:23:22.343: 169 test start:
2024-05-04 10:23:39.607: 169 avg_reward: 1565.0
2024-05-04 10:23:39.607: 169 avg_steps: 544.0
2024-05-04 10:23:39.607: 169 epsilon: 0.1
2024-05-04 10:49:15.168: 170 test start:
2024-05-04 10:49:28.964: 170 avg_reward: 1222.5
2024-05-04 10:49:28.964: 170 avg_steps: 444.1
2024-05-04 10:49:28.964: 170 epsilon: 0.1
2024-05-04 11:14:19.476: 171 test start:
2024-05-04 11:14:33.683: 171 avg_reward: 1175.0
2024-05-04 11:14:33.683: 171 avg_steps: 436.8
2024-05-04 11:14:33.683: 171 epsilon: 0.1
2024-05-04 11:40:29.459: 172 test start:
2024-05-04 11:40:40.279: 172 avg_reward: 827.5
2024-05-04 11:40:40.279: 172 avg_steps: 326.5
2024-05-04 11:40:40.279: 172 epsilon: 0.1
2024-05-04 12:05:36.730: 173 test start:
2024-05-04 12:05:48.208: 173 avg_reward: 915.0
2024-05-04 12:05:48.209: 173 avg_steps: 340.35
2024-05-04 12:05:48.209: 173 epsilon: 0.1
2024-05-04 12:30:55.211: 174 test start:
2024-05-04 12:31:08.065: 174 avg_reward: 1025.0
2024-05-04 12:31:08.066: 174 avg_steps: 396.95
2024-05-04 12:31:08.066: 174 epsilon: 0.1
2024-05-04 12:53:20.366: 175 test start:
2024-05-04 12:53:33.247: 175 avg_reward: 1137.5
2024-05-04 12:53:33.248: 175 avg_steps: 417.25
2024-05-04 12:53:33.248: 175 epsilon: 0.1
2024-05-04 13:17:59.040: 176 test start:
2024-05-04 13:18:15.915: 176 avg_reward: 1435.0
2024-05-04 13:18:15.916: 176 avg_steps: 515.3
2024-05-04 13:18:15.916: 176 epsilon: 0.1
2024-05-04 13:44:24.881: 177 test start:
2024-05-04 13:44:41.775: 177 avg_reward: 1397.5
2024-05-04 13:44:41.776: 177 avg_steps: 506.4
2024-05-04 13:44:41.776: 177 epsilon: 0.1
2024-05-04 14:13:03.663: 178 test start:
2024-05-04 14:13:17.434: 178 avg_reward: 967.5
2024-05-04 14:13:17.434: 178 avg_steps: 386.0
2024-05-04 14:13:17.434: 178 epsilon: 0.1
2024-05-04 14:41:19.946: 179 test start:
2024-05-04 14:41:36.802: 179 avg_reward: 1335.0
2024-05-04 14:41:36.803: 179 avg_steps: 474.15
2024-05-04 14:41:36.803: 179 epsilon: 0.1
2024-05-04 15:09:39.113: 180 test start:
2024-05-04 15:09:52.300: 180 avg_reward: 977.5
2024-05-04 15:09:52.301: 180 avg_steps: 363.8
2024-05-04 15:09:52.301: 180 epsilon: 0.1
2024-05-04 15:37:58.582: 181 test start:
2024-05-04 15:38:14.735: 181 avg_reward: 1352.5
2024-05-04 15:38:14.736: 181 avg_steps: 472.95
2024-05-04 15:38:14.736: 181 epsilon: 0.1
2024-05-04 16:06:13.518: 182 test start:
2024-05-04 16:06:29.643: 182 avg_reward: 1292.5
2024-05-04 16:06:29.644: 182 avg_steps: 466.7
2024-05-04 16:06:29.644: 182 epsilon: 0.1
2024-05-04 16:34:01.474: 183 test start:
2024-05-04 16:34:20.117: 183 avg_reward: 1590.0
2024-05-04 16:34:20.118: 183 avg_steps: 529.95
2024-05-04 16:34:20.118: 183 epsilon: 0.1
2024-05-04 17:01:46.749: 184 test start:
2024-05-04 17:02:01.914: 184 avg_reward: 1185.0
2024-05-04 17:02:01.915: 184 avg_steps: 434.45
2024-05-04 17:02:01.915: 184 epsilon: 0.1
2024-05-04 17:29:13.092: 185 test start:
2024-05-04 17:29:26.313: 185 avg_reward: 1090.0
2024-05-04 17:29:26.313: 185 avg_steps: 401.95
2024-05-04 17:29:26.313: 185 epsilon: 0.1
2024-05-04 17:56:01.851: 186 test start:
2024-05-04 17:56:18.254: 186 avg_reward: 1450.0
2024-05-04 17:56:18.254: 186 avg_steps: 506.35
2024-05-04 17:56:18.255: 186 epsilon: 0.1
2024-05-04 18:22:10.582: 187 test start:
2024-05-04 18:22:25.849: 187 avg_reward: 1267.5
2024-05-04 18:22:25.849: 187 avg_steps: 447.25
2024-05-04 18:22:25.849: 187 epsilon: 0.1
2024-05-04 18:47:24.987: 188 test start:
2024-05-04 18:47:41.040: 188 avg_reward: 1437.5
2024-05-04 18:47:41.041: 188 avg_steps: 500.9
2024-05-04 18:47:41.041: 188 epsilon: 0.1
2024-05-04 19:12:35.458: 189 test start:
2024-05-04 19:12:49.205: 189 avg_reward: 1152.5
2024-05-04 19:12:49.205: 189 avg_steps: 425.9
2024-05-04 19:12:49.205: 189 epsilon: 0.1
2024-05-04 19:37:53.635: 190 test start:
2024-05-04 19:38:08.624: 190 avg_reward: 1147.5
2024-05-04 19:38:08.625: 190 avg_steps: 441.15
2024-05-04 19:38:08.625: 190 epsilon: 0.1
2024-05-04 20:02:49.515: 191 test start:
2024-05-04 20:03:03.536: 191 avg_reward: 1242.5
2024-05-04 20:03:03.536: 191 avg_steps: 443.1
2024-05-04 20:03:03.536: 191 epsilon: 0.1
2024-05-04 20:26:42.633: 192 test start:
2024-05-04 20:26:55.452: 192 avg_reward: 1010.0
2024-05-04 20:26:55.452: 192 avg_steps: 408.05
2024-05-04 20:26:55.452: 192 epsilon: 0.1
2024-05-04 20:51:00.401: 193 test start:
2024-05-04 20:51:14.042: 193 avg_reward: 1200.0
2024-05-04 20:51:14.043: 193 avg_steps: 436.85
2024-05-04 20:51:14.043: 193 epsilon: 0.1
2024-05-04 21:14:32.474: 194 test start:
2024-05-04 21:14:48.339: 194 avg_reward: 1337.5
2024-05-04 21:14:48.340: 194 avg_steps: 488.5
2024-05-04 21:14:48.340: 194 epsilon: 0.1
2024-05-04 21:39:43.542: 195 test start:
2024-05-04 21:39:54.399: 195 avg_reward: 780.0
2024-05-04 21:39:54.400: 195 avg_steps: 324.4
2024-05-04 21:39:54.400: 195 epsilon: 0.1
2024-05-04 22:05:28.010: 196 test start:
2024-05-04 22:05:42.003: 196 avg_reward: 1145.0
2024-05-04 22:05:42.003: 196 avg_steps: 433.1
2024-05-04 22:05:42.003: 196 epsilon: 0.1
2024-05-04 22:28:06.961: 197 test start:
2024-05-04 22:28:19.833: 197 avg_reward: 1105.0
2024-05-04 22:28:19.834: 197 avg_steps: 421.6
2024-05-04 22:28:19.834: 197 epsilon: 0.1
2024-05-04 22:50:12.212: 198 test start:
2024-05-04 22:50:26.283: 198 avg_reward: 1222.5
2024-05-04 22:50:26.283: 198 avg_steps: 454.6
2024-05-04 22:50:26.283: 198 epsilon: 0.1
2024-05-04 23:12:49.840: 199 test start:
2024-05-04 23:13:04.923: 199 avg_reward: 1282.5
2024-05-04 23:13:04.923: 199 avg_steps: 465.0
2024-05-04 23:13:04.923: 199 epsilon: 0.1
2024-05-04 23:35:40.458: 200 test start:
2024-05-04 23:35:55.805: 200 avg_reward: 1347.5
2024-05-04 23:35:55.805: 200 avg_steps: 481.65
2024-05-04 23:35:55.805: 200 epsilon: 0.1
2024-05-04 23:58:21.050: 201 test start:
2024-05-04 23:58:33.019: 201 avg_reward: 955.0
2024-05-04 23:58:33.020: 201 avg_steps: 379.65
2024-05-04 23:58:33.020: 201 epsilon: 0.1
2024-05-05 00:20:40.528: 202 test start:
2024-05-05 00:20:57.452: 202 avg_reward: 1522.5
2024-05-05 00:20:57.453: 202 avg_steps: 538.7
2024-05-05 00:20:57.453: 202 epsilon: 0.1
2024-05-05 00:44:07.126: 203 test start:
2024-05-05 00:44:20.227: 203 avg_reward: 1162.5
2024-05-05 00:44:20.227: 203 avg_steps: 436.0
2024-05-05 00:44:20.227: 203 epsilon: 0.1
2024-05-05 01:05:26.956: 204 test start:
2024-05-05 01:05:38.399: 204 avg_reward: 845.0
2024-05-05 01:05:38.400: 204 avg_steps: 357.95
2024-05-05 01:05:38.400: 204 epsilon: 0.1
2024-05-05 01:27:34.422: 205 test start:
2024-05-05 01:27:45.612: 205 avg_reward: 847.5
2024-05-05 01:27:45.613: 205 avg_steps: 353.35
2024-05-05 01:27:45.613: 205 epsilon: 0.1
2024-05-05 01:49:55.962: 206 test start:
2024-05-05 01:50:08.540: 206 avg_reward: 995.0
2024-05-05 01:50:08.540: 206 avg_steps: 392.3
2024-05-05 01:50:08.540: 206 epsilon: 0.1
2024-05-05 02:11:59.407: 207 test start:
2024-05-05 02:12:11.585: 207 avg_reward: 945.0
2024-05-05 02:12:11.585: 207 avg_steps: 388.2
2024-05-05 02:12:11.585: 207 epsilon: 0.1
2024-05-05 02:34:15.032: 208 test start:
2024-05-05 02:34:25.898: 208 avg_reward: 840.0
2024-05-05 02:34:25.898: 208 avg_steps: 350.85
2024-05-05 02:34:25.898: 208 epsilon: 0.1
2024-05-05 02:56:34.351: 209 test start:
2024-05-05 02:56:46.804: 209 avg_reward: 990.0
2024-05-05 02:56:46.804: 209 avg_steps: 394.65
2024-05-05 02:56:46.804: 209 epsilon: 0.1
2024-05-05 03:18:43.023: 210 test start:
2024-05-05 03:18:54.662: 210 avg_reward: 995.0
2024-05-05 03:18:54.662: 210 avg_steps: 393.1
2024-05-05 03:18:54.662: 210 epsilon: 0.1
2024-05-05 03:40:14.323: 211 test start:
2024-05-05 03:40:27.309: 211 avg_reward: 1140.0
2024-05-05 03:40:27.309: 211 avg_steps: 426.9
2024-05-05 03:40:27.309: 211 epsilon: 0.1
2024-05-05 04:01:46.190: 212 test start:
2024-05-05 04:01:57.661: 212 avg_reward: 1012.5
2024-05-05 04:01:57.662: 212 avg_steps: 395.1
2024-05-05 04:01:57.662: 212 epsilon: 0.1
2024-05-05 04:22:04.171: 213 test start:
2024-05-05 04:22:17.115: 213 avg_reward: 1087.5
2024-05-05 04:22:17.116: 213 avg_steps: 428.75
2024-05-05 04:22:17.116: 213 epsilon: 0.1
2024-05-05 04:42:21.708: 214 test start:
2024-05-05 04:42:35.333: 214 avg_reward: 1330.0
2024-05-05 04:42:35.334: 214 avg_steps: 475.15
2024-05-05 04:42:35.334: 214 epsilon: 0.1
2024-05-05 05:02:24.899: 215 test start:
2024-05-05 05:02:38.266: 215 avg_reward: 1220.0
2024-05-05 05:02:38.266: 215 avg_steps: 450.7
2024-05-05 05:02:38.266: 215 epsilon: 0.1
2024-05-05 05:22:48.567: 216 test start:
2024-05-05 05:23:01.197: 216 avg_reward: 1185.0
2024-05-05 05:23:01.197: 216 avg_steps: 434.95
2024-05-05 05:23:01.197: 216 epsilon: 0.1
2024-05-05 05:43:00.626: 217 test start:
2024-05-05 05:43:13.357: 217 avg_reward: 1197.5
2024-05-05 05:43:13.358: 217 avg_steps: 436.55
2024-05-05 05:43:13.358: 217 epsilon: 0.1
2024-05-05 06:03:09.346: 218 test start:
2024-05-05 06:03:21.931: 218 avg_reward: 1200.0
2024-05-05 06:03:21.931: 218 avg_steps: 438.3
2024-05-05 06:03:21.931: 218 epsilon: 0.1
2024-05-05 06:23:14.459: 219 test start:
2024-05-05 06:23:24.144: 219 avg_reward: 787.5
2024-05-05 06:23:24.145: 219 avg_steps: 344.75
2024-05-05 06:23:24.145: 219 epsilon: 0.1
2024-05-05 06:43:20.434: 220 test start:
2024-05-05 06:43:35.114: 220 avg_reward: 1467.5
2024-05-05 06:43:35.114: 220 avg_steps: 519.15
2024-05-05 06:43:35.114: 220 epsilon: 0.1
2024-05-05 07:03:19.566: 221 test start:
2024-05-05 07:03:31.178: 221 avg_reward: 1045.0
2024-05-05 07:03:31.178: 221 avg_steps: 397.15
2024-05-05 07:03:31.179: 221 epsilon: 0.1
2024-05-05 07:23:21.636: 222 test start:
2024-05-05 07:23:32.546: 222 avg_reward: 900.0
2024-05-05 07:23:32.546: 222 avg_steps: 375.1
2024-05-05 07:23:32.547: 222 epsilon: 0.1
2024-05-05 07:43:15.230: 223 test start:
2024-05-05 07:43:25.759: 223 avg_reward: 847.5
2024-05-05 07:43:25.759: 223 avg_steps: 354.5
2024-05-05 07:43:25.759: 223 epsilon: 0.1
2024-05-05 08:03:29.972: 224 test start:
2024-05-05 08:03:43.746: 224 avg_reward: 1272.5
2024-05-05 08:03:43.746: 224 avg_steps: 462.25
2024-05-05 08:03:43.747: 224 epsilon: 0.1
2024-05-05 08:24:06.252: 225 test start:
2024-05-05 08:24:18.740: 225 avg_reward: 1055.0
2024-05-05 08:24:18.741: 225 avg_steps: 415.5
2024-05-05 08:24:18.741: 225 epsilon: 0.1
2024-05-05 08:44:48.443: 226 test start:
2024-05-05 08:45:00.338: 226 avg_reward: 1047.5
2024-05-05 08:45:00.338: 226 avg_steps: 404.55
2024-05-05 08:45:00.338: 226 epsilon: 0.1
