2024-10-17 15:22:12.275: 
parameters:agent_test_episodes: 20
batch_num_per_epoch: 250000
device: cuda:0
env_name: ALE/SpaceInvaders-v5
epsilon_for_test: 0.05
epsilon_max: 1.0
epsilon_min: 0.1
exp_name: ALE-SpaceInvaders-v5_2024-10-17-15-22-12
exp_path: ../exps/dqn/
exploration_steps: 1000000
gamma: 0.99
held_out_states_num: 1000
learning_rate: 0.00025
mini_batch_size: 32
model_update_freq: 4
n_times: 5
no_op_max: 30
phi_channel: 4
replay_buffer_size: 1000000
replay_start_size: 50000
save_model: true
screen_size: 84
seed: 0
skip_k_frame: 4
step_c: 10000
training_steps: 50000000

2024-10-17 15:22:12.340: env id: ALE/SpaceInvaders-v5 |repeat_action_probability: 0 
2024-10-17 15:22:12.340: screen_size: 84 | grayscale_obs:True 
scale_obs:False | action space size: 6
remove flickering: True | frame skip: 4
state space shape: (210, 160, 3) 
2024-10-17 15:22:12.354: optimizer: RMSprop (
Parameter Group 0
    alpha: 0.95
    centered: False
    differentiable: False
    eps: 0.01
    foreach: None
    lr: 0.00025
    maximize: False
    momentum: 0
    weight_decay: 0
)
2024-10-17 15:30:54.649: 1 test start:
2024-10-17 15:31:05.297: 1 avg_reward: 245.25
2024-10-17 15:31:05.297: 1 avg_steps: 578.3
2024-10-17 15:31:05.298: 1 epsilon: 0.8194492
2024-10-17 15:31:05.298: 1 q: 0.16361034
2024-10-17 15:41:24.322: 2 test start:
2024-10-17 15:41:37.068: 2 avg_reward: 66.5
2024-10-17 15:41:37.069: 2 avg_steps: 645.1
2024-10-17 15:41:37.069: 2 epsilon: 0.5948236
2024-10-17 15:41:37.069: 2 q: 0.44167873
2024-10-17 15:51:18.501: 3 test start:
2024-10-17 15:51:29.414: 3 avg_reward: 24.25
2024-10-17 15:51:29.414: 3 avg_steps: 556.6
2024-10-17 15:51:29.414: 3 epsilon: 0.36956619999999996
2024-10-17 15:51:29.414: 3 q: 0.61288846
2024-10-17 16:01:42.529: 4 test start:
2024-10-17 16:01:53.722: 4 avg_reward: 302.25
2024-10-17 16:01:53.722: 4 avg_steps: 597.55
2024-10-17 16:01:53.722: 4 epsilon: 0.14473269999999994
2024-10-17 16:01:53.722: 4 q: 0.80225503
2024-10-17 16:11:36.218: 5 test start:
2024-10-17 16:11:49.740: 5 avg_reward: 244.25
2024-10-17 16:11:49.740: 5 avg_steps: 697.15
2024-10-17 16:11:49.740: 5 epsilon: 0.1
2024-10-17 16:11:49.740: 5 q: 1.0293473
2024-10-17 16:22:01.201: 6 test start:
2024-10-17 16:22:12.843: 6 avg_reward: 242.25
2024-10-17 16:22:12.843: 6 avg_steps: 616.1
2024-10-17 16:22:12.843: 6 epsilon: 0.1
2024-10-17 16:22:12.843: 6 q: 1.2315618
2024-10-17 16:31:58.306: 7 test start:
2024-10-17 16:32:11.180: 7 avg_reward: 213.0
2024-10-17 16:32:11.181: 7 avg_steps: 657.5
2024-10-17 16:32:11.181: 7 epsilon: 0.1
2024-10-17 16:32:11.181: 7 q: 1.2502301
2024-10-17 16:42:21.673: 8 test start:
2024-10-17 16:42:31.254: 8 avg_reward: 125.25
2024-10-17 16:42:31.254: 8 avg_steps: 514.95
2024-10-17 16:42:31.254: 8 epsilon: 0.1
2024-10-17 16:42:31.254: 8 q: 1.4363909
2024-10-17 16:52:28.585: 9 test start:
2024-10-17 16:52:38.496: 9 avg_reward: 224.75
2024-10-17 16:52:38.496: 9 avg_steps: 568.65
2024-10-17 16:52:38.496: 9 epsilon: 0.1
2024-10-17 16:52:38.496: 9 q: 1.6045523
2024-10-17 17:02:44.347: 10 test start:
2024-10-17 17:02:55.513: 10 avg_reward: 220.25
2024-10-17 17:02:55.513: 10 avg_steps: 584.75
2024-10-17 17:02:55.513: 10 epsilon: 0.1
2024-10-17 17:02:55.513: 10 q: 1.7539338
2024-10-17 17:13:03.560: 11 test start:
2024-10-17 17:13:14.346: 11 avg_reward: 229.55
2024-10-17 17:13:14.346: 11 avg_steps: 569.7
2024-10-17 17:13:14.346: 11 epsilon: 0.1
2024-10-17 17:13:14.346: 11 q: 1.935613
2024-10-17 17:23:20.993: 12 test start:
2024-10-17 17:23:30.426: 12 avg_reward: 230.25
2024-10-17 17:23:30.426: 12 avg_steps: 496.95
2024-10-17 17:23:30.426: 12 epsilon: 0.1
2024-10-17 17:23:30.426: 12 q: 2.1035047
2024-10-17 17:33:44.479: 13 test start:
2024-10-17 17:33:55.758: 13 avg_reward: 277.0
2024-10-17 17:33:55.759: 13 avg_steps: 577.2
2024-10-17 17:33:55.759: 13 epsilon: 0.1
2024-10-17 17:33:55.759: 13 q: 2.2979417
2024-10-17 17:44:01.598: 14 test start:
2024-10-17 17:44:12.828: 14 avg_reward: 274.75
2024-10-17 17:44:12.828: 14 avg_steps: 594.85
2024-10-17 17:44:12.828: 14 epsilon: 0.1
2024-10-17 17:44:12.828: 14 q: 2.2719257
2024-10-17 17:54:20.120: 15 test start:
2024-10-17 17:54:31.052: 15 avg_reward: 315.55
2024-10-17 17:54:31.052: 15 avg_steps: 560.7
2024-10-17 17:54:31.052: 15 epsilon: 0.1
2024-10-17 17:54:31.052: 15 q: 2.4271986
2024-10-17 18:04:27.928: 16 test start:
2024-10-17 18:04:40.486: 16 avg_reward: 289.35
2024-10-17 18:04:40.486: 16 avg_steps: 659.9
2024-10-17 18:04:40.486: 16 epsilon: 0.1
2024-10-17 18:04:40.486: 16 q: 2.5191917
2024-10-17 18:15:02.894: 17 test start:
2024-10-17 18:15:16.155: 17 avg_reward: 394.3
2024-10-17 18:15:16.156: 17 avg_steps: 672.05
2024-10-17 18:15:16.156: 17 epsilon: 0.1
2024-10-17 18:15:16.156: 17 q: 2.7183604
2024-10-17 18:25:08.688: 18 test start:
2024-10-17 18:25:24.183: 18 avg_reward: 480.25
2024-10-17 18:25:24.183: 18 avg_steps: 813.85
2024-10-17 18:25:24.183: 18 epsilon: 0.1
2024-10-17 18:25:24.183: 18 q: 2.9833677
2024-10-17 18:35:52.165: 19 test start:
2024-10-17 18:36:06.186: 19 avg_reward: 441.3
2024-10-17 18:36:06.186: 19 avg_steps: 739.6
2024-10-17 18:36:06.186: 19 epsilon: 0.1
2024-10-17 18:36:06.186: 19 q: 3.0538993
2024-10-17 18:45:51.901: 20 test start:
2024-10-17 18:46:08.240: 20 avg_reward: 523.25
2024-10-17 18:46:08.240: 20 avg_steps: 841.5
2024-10-17 18:46:08.240: 20 epsilon: 0.1
2024-10-17 18:46:08.240: 20 q: 3.2065303
2024-10-17 18:56:32.755: 21 test start:
2024-10-17 18:56:50.920: 21 avg_reward: 610.7
2024-10-17 18:56:50.920: 21 avg_steps: 958.55
2024-10-17 18:56:50.920: 21 epsilon: 0.1
2024-10-17 18:56:50.921: 21 q: 3.3202295
2024-10-17 19:06:46.972: 22 test start:
2024-10-17 19:07:03.344: 22 avg_reward: 548.9
2024-10-17 19:07:03.345: 22 avg_steps: 843.35
2024-10-17 19:07:03.345: 22 epsilon: 0.1
2024-10-17 19:07:03.345: 22 q: 3.5069168
2024-10-17 19:17:24.634: 23 test start:
2024-10-17 19:17:41.312: 23 avg_reward: 646.85
2024-10-17 19:17:41.312: 23 avg_steps: 899.95
2024-10-17 19:17:41.312: 23 epsilon: 0.1
2024-10-17 19:17:41.312: 23 q: 3.7470317
2024-10-17 19:27:42.542: 24 test start:
2024-10-17 19:27:59.519: 24 avg_reward: 610.5
2024-10-17 19:27:59.520: 24 avg_steps: 878.35
2024-10-17 19:27:59.520: 24 epsilon: 0.1
2024-10-17 19:27:59.520: 24 q: 3.882947
2024-10-17 19:38:14.355: 25 test start:
2024-10-17 19:38:30.732: 25 avg_reward: 648.2
2024-10-17 19:38:30.733: 25 avg_steps: 866.05
2024-10-17 19:38:30.733: 25 epsilon: 0.1
2024-10-17 19:38:30.733: 25 q: 4.0231547
2024-10-17 19:48:37.516: 26 test start:
2024-10-17 19:48:53.108: 26 avg_reward: 557.7
2024-10-17 19:48:53.109: 26 avg_steps: 802.8
2024-10-17 19:48:53.109: 26 epsilon: 0.1
2024-10-17 19:48:53.109: 26 q: 4.1299176
2024-10-17 19:58:59.872: 27 test start:
2024-10-17 19:59:16.574: 27 avg_reward: 632.2
2024-10-17 19:59:16.574: 27 avg_steps: 888.8
2024-10-17 19:59:16.574: 27 epsilon: 0.1
2024-10-17 19:59:16.574: 27 q: 4.3438663
2024-10-17 20:09:33.477: 28 test start:
2024-10-17 20:09:51.500: 28 avg_reward: 718.5
2024-10-17 20:09:51.501: 28 avg_steps: 925.65
2024-10-17 20:09:51.501: 28 epsilon: 0.1
2024-10-17 20:09:51.501: 28 q: 4.329341
2024-10-17 20:19:55.550: 29 test start:
2024-10-17 20:20:13.510: 29 avg_reward: 742.3
2024-10-17 20:20:13.510: 29 avg_steps: 961.4
2024-10-17 20:20:13.510: 29 epsilon: 0.1
2024-10-17 20:20:13.510: 29 q: 4.5496397
2024-10-17 20:30:31.552: 30 test start:
2024-10-17 20:30:48.985: 30 avg_reward: 646.95
2024-10-17 20:30:48.985: 30 avg_steps: 904.25
2024-10-17 20:30:48.985: 30 epsilon: 0.1
2024-10-17 20:30:48.985: 30 q: 4.6463346
2024-10-17 20:40:45.261: 31 test start:
2024-10-17 20:40:59.993: 31 avg_reward: 601.8
2024-10-17 20:40:59.994: 31 avg_steps: 780.5
2024-10-17 20:40:59.994: 31 epsilon: 0.1
2024-10-17 20:40:59.994: 31 q: 4.821674
2024-10-17 20:51:20.730: 32 test start:
2024-10-17 20:51:36.898: 32 avg_reward: 615.95
2024-10-17 20:51:36.898: 32 avg_steps: 834.75
2024-10-17 20:51:36.898: 32 epsilon: 0.1
2024-10-17 20:51:36.898: 32 q: 5.132578
2024-10-17 21:01:28.789: 33 test start:
2024-10-17 21:01:43.806: 33 avg_reward: 588.45
2024-10-17 21:01:43.806: 33 avg_steps: 768.4
2024-10-17 21:01:43.806: 33 epsilon: 0.1
2024-10-17 21:01:43.806: 33 q: 5.1101513
2024-10-17 21:12:08.073: 34 test start:
2024-10-17 21:12:24.315: 34 avg_reward: 631.6
2024-10-17 21:12:24.315: 34 avg_steps: 866.75
2024-10-17 21:12:24.315: 34 epsilon: 0.1
2024-10-17 21:12:24.316: 34 q: 5.0641074
2024-10-17 21:22:17.283: 35 test start:
2024-10-17 21:22:34.335: 35 avg_reward: 581.2
2024-10-17 21:22:34.335: 35 avg_steps: 875.0
2024-10-17 21:22:34.335: 35 epsilon: 0.1
2024-10-17 21:22:34.335: 35 q: 5.2014084
2024-10-17 21:33:01.003: 36 test start:
2024-10-17 21:33:16.724: 36 avg_reward: 657.0
2024-10-17 21:33:16.724: 36 avg_steps: 853.8
2024-10-17 21:33:16.724: 36 epsilon: 0.1
2024-10-17 21:33:16.725: 36 q: 5.3674617
2024-10-17 21:43:12.284: 37 test start:
2024-10-17 21:43:28.868: 37 avg_reward: 616.95
2024-10-17 21:43:28.868: 37 avg_steps: 852.3
2024-10-17 21:43:28.868: 37 epsilon: 0.1
2024-10-17 21:43:28.868: 37 q: 5.3937187
2024-10-17 21:53:46.047: 38 test start:
2024-10-17 21:54:00.591: 38 avg_reward: 556.25
2024-10-17 21:54:00.592: 38 avg_steps: 770.25
2024-10-17 21:54:00.592: 38 epsilon: 0.1
2024-10-17 21:54:00.592: 38 q: 5.5856733
2024-10-17 22:04:02.776: 39 test start:
2024-10-17 22:04:23.484: 39 avg_reward: 783.1
2024-10-17 22:04:23.484: 39 avg_steps: 1079.05
2024-10-17 22:04:23.484: 39 epsilon: 0.1
2024-10-17 22:04:23.485: 39 q: 5.612544
2024-10-17 22:14:34.246: 40 test start:
2024-10-17 22:14:48.293: 40 avg_reward: 527.7
2024-10-17 22:14:48.293: 40 avg_steps: 758.4
2024-10-17 22:14:48.293: 40 epsilon: 0.1
2024-10-17 22:14:48.293: 40 q: 5.829643
2024-10-17 22:24:58.708: 41 test start:
2024-10-17 22:25:14.227: 41 avg_reward: 629.25
2024-10-17 22:25:14.228: 41 avg_steps: 810.6
2024-10-17 22:25:14.228: 41 epsilon: 0.1
2024-10-17 22:25:14.228: 41 q: 6.012836
2024-10-17 22:35:18.795: 42 test start:
2024-10-17 22:35:35.135: 42 avg_reward: 683.85
2024-10-17 22:35:35.136: 42 avg_steps: 876.3
2024-10-17 22:35:35.136: 42 epsilon: 0.1
2024-10-17 22:35:35.136: 42 q: 6.1104608
2024-10-17 22:45:50.574: 43 test start:
2024-10-17 22:46:06.689: 43 avg_reward: 645.9
2024-10-17 22:46:06.689: 43 avg_steps: 831.2
2024-10-17 22:46:06.689: 43 epsilon: 0.1
2024-10-17 22:46:06.689: 43 q: 6.1440105
2024-10-17 22:56:09.710: 44 test start:
2024-10-17 22:56:24.020: 44 avg_reward: 575.05
2024-10-17 22:56:24.020: 44 avg_steps: 761.3
2024-10-17 22:56:24.021: 44 epsilon: 0.1
2024-10-17 22:56:24.021: 44 q: 6.243241
2024-10-17 23:06:42.349: 45 test start:
2024-10-17 23:06:57.138: 45 avg_reward: 584.65
2024-10-17 23:06:57.138: 45 avg_steps: 769.55
2024-10-17 23:06:57.138: 45 epsilon: 0.1
2024-10-17 23:06:57.138: 45 q: 6.1692443
2024-10-17 23:16:52.525: 46 test start:
2024-10-17 23:17:09.058: 46 avg_reward: 661.25
2024-10-17 23:17:09.058: 46 avg_steps: 886.6
2024-10-17 23:17:09.058: 46 epsilon: 0.1
2024-10-17 23:17:09.058: 46 q: 6.295938
2024-10-17 23:27:29.279: 47 test start:
2024-10-17 23:27:46.983: 47 avg_reward: 689.1
2024-10-17 23:27:46.983: 47 avg_steps: 919.65
2024-10-17 23:27:46.983: 47 epsilon: 0.1
2024-10-17 23:27:46.983: 47 q: 6.234405
2024-10-17 23:37:36.466: 48 test start:
2024-10-17 23:37:50.393: 48 avg_reward: 508.0
2024-10-17 23:37:50.393: 48 avg_steps: 742.15
2024-10-17 23:37:50.393: 48 epsilon: 0.1
2024-10-17 23:37:50.393: 48 q: 6.292426
2024-10-17 23:48:20.666: 49 test start:
2024-10-17 23:48:37.217: 49 avg_reward: 728.15
2024-10-17 23:48:37.217: 49 avg_steps: 860.4
2024-10-17 23:48:37.223: 49 epsilon: 0.1
2024-10-17 23:48:37.223: 49 q: 6.2991924
2024-10-17 23:58:27.090: 50 test start:
2024-10-17 23:58:40.317: 50 avg_reward: 486.35
2024-10-17 23:58:40.317: 50 avg_steps: 675.95
2024-10-17 23:58:40.317: 50 epsilon: 0.1
2024-10-17 23:58:40.318: 50 q: 6.389348
2024-10-18 00:09:02.593: 51 test start:
2024-10-18 00:09:21.069: 51 avg_reward: 729.55
2024-10-18 00:09:21.069: 51 avg_steps: 984.55
2024-10-18 00:09:21.075: 51 epsilon: 0.1
2024-10-18 00:09:21.075: 51 q: 6.3437023
2024-10-18 00:19:16.136: 52 test start:
2024-10-18 00:19:29.845: 52 avg_reward: 519.75
2024-10-18 00:19:29.845: 52 avg_steps: 713.75
2024-10-18 00:19:29.845: 52 epsilon: 0.1
2024-10-18 00:19:29.845: 52 q: 6.376282
2024-10-18 00:29:42.599: 53 test start:
2024-10-18 00:29:56.196: 53 avg_reward: 554.35
2024-10-18 00:29:56.196: 53 avg_steps: 731.25
2024-10-18 00:29:56.196: 53 epsilon: 0.1
2024-10-18 00:29:56.196: 53 q: 6.450488
2024-10-18 00:40:00.067: 54 test start:
2024-10-18 00:40:14.969: 54 avg_reward: 655.15
2024-10-18 00:40:14.969: 54 avg_steps: 770.65
2024-10-18 00:40:14.969: 54 epsilon: 0.1
2024-10-18 00:40:14.970: 54 q: 6.386006
2024-10-18 00:50:23.134: 55 test start:
2024-10-18 00:50:38.995: 55 avg_reward: 694.8
2024-10-18 00:50:38.995: 55 avg_steps: 852.8
2024-10-18 00:50:38.995: 55 epsilon: 0.1
2024-10-18 00:50:38.995: 55 q: 6.544415
2024-10-18 01:00:49.130: 56 test start:
2024-10-18 01:01:08.240: 56 avg_reward: 786.5
2024-10-18 01:01:08.241: 56 avg_steps: 986.95
2024-10-18 01:01:08.241: 56 epsilon: 0.1
2024-10-18 01:01:08.241: 56 q: 6.6575274
2024-10-18 01:11:09.430: 57 test start:
2024-10-18 01:11:25.237: 57 avg_reward: 508.85
2024-10-18 01:11:25.237: 57 avg_steps: 843.0
2024-10-18 01:11:25.237: 57 epsilon: 0.1
2024-10-18 01:11:25.237: 57 q: 6.587438
2024-10-18 01:21:35.310: 58 test start:
2024-10-18 01:21:52.437: 58 avg_reward: 684.7
2024-10-18 01:21:52.437: 58 avg_steps: 886.2
2024-10-18 01:21:52.438: 58 epsilon: 0.1
2024-10-18 01:21:52.438: 58 q: 6.4794073
2024-10-18 01:31:58.592: 59 test start:
2024-10-18 01:32:14.052: 59 avg_reward: 634.35
2024-10-18 01:32:14.052: 59 avg_steps: 825.2
2024-10-18 01:32:14.052: 59 epsilon: 0.1
2024-10-18 01:32:14.052: 59 q: 6.3730145
2024-10-18 01:42:31.617: 60 test start:
2024-10-18 01:42:50.658: 60 avg_reward: 773.45
2024-10-18 01:42:50.658: 60 avg_steps: 980.65
2024-10-18 01:42:50.659: 60 epsilon: 0.1
2024-10-18 01:42:50.659: 60 q: 6.3053837
2024-10-18 01:53:06.435: 61 test start:
2024-10-18 01:53:25.148: 61 avg_reward: 812.05
2024-10-18 01:53:25.148: 61 avg_steps: 979.35
2024-10-18 01:53:25.148: 61 epsilon: 0.1
2024-10-18 01:53:25.148: 61 q: 6.3281164
2024-10-18 02:04:16.299: 62 test start:
2024-10-18 02:04:30.209: 62 avg_reward: 562.0
2024-10-18 02:04:30.209: 62 avg_steps: 718.7
2024-10-18 02:04:30.209: 62 epsilon: 0.1
2024-10-18 02:04:30.209: 62 q: 6.3072505
2024-10-18 02:14:54.356: 63 test start:
2024-10-18 02:15:12.058: 63 avg_reward: 768.35
2024-10-18 02:15:12.059: 63 avg_steps: 888.15
2024-10-18 02:15:12.059: 63 epsilon: 0.1
2024-10-18 02:15:12.059: 63 q: 6.270341
2024-10-18 02:25:58.042: 64 test start:
2024-10-18 02:26:14.698: 64 avg_reward: 684.35
2024-10-18 02:26:14.698: 64 avg_steps: 862.65
2024-10-18 02:26:14.698: 64 epsilon: 0.1
2024-10-18 02:26:14.698: 64 q: 6.3429785
2024-10-18 02:36:42.808: 65 test start:
2024-10-18 02:37:02.109: 65 avg_reward: 837.5
2024-10-18 02:37:02.109: 65 avg_steps: 974.4
2024-10-18 02:37:02.109: 65 epsilon: 0.1
2024-10-18 02:37:02.109: 65 q: 6.299702
2024-10-18 02:47:39.745: 66 test start:
2024-10-18 02:47:53.544: 66 avg_reward: 553.1
2024-10-18 02:47:53.545: 66 avg_steps: 713.05
2024-10-18 02:47:53.545: 66 epsilon: 0.1
2024-10-18 02:47:53.545: 66 q: 6.324723
2024-10-18 02:58:29.216: 67 test start:
2024-10-18 02:58:47.568: 67 avg_reward: 775.8
2024-10-18 02:58:47.569: 67 avg_steps: 920.95
2024-10-18 02:58:47.569: 67 epsilon: 0.1
2024-10-18 02:58:47.569: 67 q: 6.3289723
2024-10-18 03:09:16.295: 68 test start:
2024-10-18 03:09:30.842: 68 avg_reward: 563.0
2024-10-18 03:09:30.842: 68 avg_steps: 756.6
2024-10-18 03:09:30.842: 68 epsilon: 0.1
2024-10-18 03:09:30.842: 68 q: 6.3212066
2024-10-18 03:20:16.219: 69 test start:
2024-10-18 03:20:25.843: 69 avg_reward: 317.0
2024-10-18 03:20:25.843: 69 avg_steps: 499.95
2024-10-18 03:20:25.843: 69 epsilon: 0.1
2024-10-18 03:20:25.843: 69 q: 6.2767463
2024-10-18 03:30:49.630: 70 test start:
2024-10-18 03:31:07.617: 70 avg_reward: 766.15
2024-10-18 03:31:07.617: 70 avg_steps: 939.9
2024-10-18 03:31:07.617: 70 epsilon: 0.1
2024-10-18 03:31:07.617: 70 q: 6.3023624
2024-10-18 03:41:59.376: 71 test start:
2024-10-18 03:42:17.593: 71 avg_reward: 774.85
2024-10-18 03:42:17.593: 71 avg_steps: 973.4
2024-10-18 03:42:17.598: 71 epsilon: 0.1
2024-10-18 03:42:17.598: 71 q: 6.263234
2024-10-18 03:52:44.745: 72 test start:
2024-10-18 03:53:01.170: 72 avg_reward: 660.05
2024-10-18 03:53:01.170: 72 avg_steps: 834.1
2024-10-18 03:53:01.170: 72 epsilon: 0.1
2024-10-18 03:53:01.170: 72 q: 6.3119736
2024-10-18 04:03:40.448: 73 test start:
2024-10-18 04:03:59.537: 73 avg_reward: 838.0
2024-10-18 04:03:59.537: 73 avg_steps: 1005.7
2024-10-18 04:03:59.537: 73 epsilon: 0.1
2024-10-18 04:03:59.537: 73 q: 6.2749825
2024-10-18 04:14:31.443: 74 test start:
2024-10-18 04:14:47.308: 74 avg_reward: 606.6
2024-10-18 04:14:47.308: 74 avg_steps: 794.2
2024-10-18 04:14:47.308: 74 epsilon: 0.1
2024-10-18 04:14:47.308: 74 q: 6.2506604
2024-10-18 04:25:16.606: 75 test start:
2024-10-18 04:25:30.495: 75 avg_reward: 553.8
2024-10-18 04:25:30.495: 75 avg_steps: 726.15
2024-10-18 04:25:30.495: 75 epsilon: 0.1
2024-10-18 04:25:30.495: 75 q: 6.252874
2024-10-18 04:36:08.885: 76 test start:
2024-10-18 04:36:22.363: 76 avg_reward: 465.05
2024-10-18 04:36:22.363: 76 avg_steps: 677.55
2024-10-18 04:36:22.363: 76 epsilon: 0.1
2024-10-18 04:36:22.363: 76 q: 6.3735547
2024-10-18 04:46:46.805: 77 test start:
2024-10-18 04:47:03.851: 77 avg_reward: 726.8
2024-10-18 04:47:03.852: 77 avg_steps: 901.4
2024-10-18 04:47:03.852: 77 epsilon: 0.1
2024-10-18 04:47:03.852: 77 q: 6.459073
2024-10-18 04:57:53.941: 78 test start:
2024-10-18 04:58:09.818: 78 avg_reward: 641.55
2024-10-18 04:58:09.818: 78 avg_steps: 802.4
2024-10-18 04:58:09.818: 78 epsilon: 0.1
2024-10-18 04:58:09.824: 78 q: 6.4427714
2024-10-18 05:08:28.425: 79 test start:
2024-10-18 05:08:48.520: 79 avg_reward: 827.1
2024-10-18 05:08:48.520: 79 avg_steps: 1018.6
2024-10-18 05:08:48.520: 79 epsilon: 0.1
2024-10-18 05:08:48.520: 79 q: 6.4612284
2024-10-18 05:19:34.614: 80 test start:
2024-10-18 05:19:51.237: 80 avg_reward: 730.2
2024-10-18 05:19:51.237: 80 avg_steps: 868.65
2024-10-18 05:19:51.237: 80 epsilon: 0.1
2024-10-18 05:19:51.237: 80 q: 6.5141544
2024-10-18 05:30:16.505: 81 test start:
2024-10-18 05:30:33.092: 81 avg_reward: 644.9
2024-10-18 05:30:33.092: 81 avg_steps: 833.55
2024-10-18 05:30:33.092: 81 epsilon: 0.1
2024-10-18 05:30:33.092: 81 q: 6.533706
2024-10-18 05:41:14.126: 82 test start:
2024-10-18 05:41:30.949: 82 avg_reward: 686.95
2024-10-18 05:41:30.949: 82 avg_steps: 878.7
2024-10-18 05:41:30.949: 82 epsilon: 0.1
2024-10-18 05:41:30.949: 82 q: 6.465103
2024-10-18 05:52:06.990: 83 test start:
2024-10-18 05:52:27.401: 83 avg_reward: 868.35
2024-10-18 05:52:27.401: 83 avg_steps: 1042.0
2024-10-18 05:52:27.401: 83 epsilon: 0.1
2024-10-18 05:52:27.401: 83 q: 6.524882
2024-10-18 06:02:54.137: 84 test start:
2024-10-18 06:03:10.998: 84 avg_reward: 671.5
2024-10-18 06:03:10.998: 84 avg_steps: 897.5
2024-10-18 06:03:10.998: 84 epsilon: 0.1
2024-10-18 06:03:10.998: 84 q: 6.5548067
2024-10-18 06:13:46.227: 85 test start:
2024-10-18 06:14:07.082: 85 avg_reward: 928.5
2024-10-18 06:14:07.082: 85 avg_steps: 1078.5
2024-10-18 06:14:07.082: 85 epsilon: 0.1
2024-10-18 06:14:07.082: 85 q: 6.482166
2024-10-18 06:24:16.576: 86 test start:
2024-10-18 06:24:36.435: 86 avg_reward: 862.9
2024-10-18 06:24:36.435: 86 avg_steps: 1059.05
2024-10-18 06:24:36.436: 86 epsilon: 0.1
2024-10-18 06:24:36.436: 86 q: 6.4418592
2024-10-18 06:35:15.832: 87 test start:
2024-10-18 06:35:32.576: 87 avg_reward: 715.4
2024-10-18 06:35:32.577: 87 avg_steps: 870.25
2024-10-18 06:35:32.577: 87 epsilon: 0.1
2024-10-18 06:35:32.577: 87 q: 6.44367
2024-10-18 06:45:52.955: 88 test start:
2024-10-18 06:46:10.299: 88 avg_reward: 767.95
2024-10-18 06:46:10.299: 88 avg_steps: 883.85
2024-10-18 06:46:10.299: 88 epsilon: 0.1
2024-10-18 06:46:10.299: 88 q: 6.4422307
2024-10-18 06:56:50.069: 89 test start:
2024-10-18 06:57:06.736: 89 avg_reward: 724.65
2024-10-18 06:57:06.736: 89 avg_steps: 888.95
2024-10-18 06:57:06.736: 89 epsilon: 0.1
2024-10-18 06:57:06.736: 89 q: 6.395154
2024-10-18 07:07:23.992: 90 test start:
2024-10-18 07:07:41.070: 90 avg_reward: 767.85
2024-10-18 07:07:41.070: 90 avg_steps: 893.75
2024-10-18 07:07:41.070: 90 epsilon: 0.1
2024-10-18 07:07:41.070: 90 q: 6.352299
2024-10-18 07:18:00.250: 91 test start:
2024-10-18 07:18:16.575: 91 avg_reward: 713.8
2024-10-18 07:18:16.575: 91 avg_steps: 864.75
2024-10-18 07:18:16.575: 91 epsilon: 0.1
2024-10-18 07:18:16.576: 91 q: 6.3361397
2024-10-18 07:28:45.693: 92 test start:
2024-10-18 07:29:05.309: 92 avg_reward: 866.3
2024-10-18 07:29:05.309: 92 avg_steps: 1000.85
2024-10-18 07:29:05.309: 92 epsilon: 0.1
2024-10-18 07:29:05.309: 92 q: 6.240256
2024-10-18 07:39:27.818: 93 test start:
2024-10-18 07:39:45.162: 93 avg_reward: 790.9
2024-10-18 07:39:45.162: 93 avg_steps: 929.65
2024-10-18 07:39:45.162: 93 epsilon: 0.1
2024-10-18 07:39:45.162: 93 q: 6.283018
2024-10-18 07:50:20.378: 94 test start:
2024-10-18 07:50:41.253: 94 avg_reward: 858.3
2024-10-18 07:50:41.253: 94 avg_steps: 1065.3
2024-10-18 07:50:41.253: 94 epsilon: 0.1
2024-10-18 07:50:41.253: 94 q: 6.386911
2024-10-18 08:01:07.194: 95 test start:
2024-10-18 08:01:28.213: 95 avg_reward: 879.8
2024-10-18 08:01:28.213: 95 avg_steps: 1071.0
2024-10-18 08:01:28.213: 95 epsilon: 0.1
2024-10-18 08:01:28.213: 95 q: 6.3609414
2024-10-18 08:12:20.409: 96 test start:
2024-10-18 08:12:36.219: 96 avg_reward: 677.7
2024-10-18 08:12:36.219: 96 avg_steps: 834.7
2024-10-18 08:12:36.219: 96 epsilon: 0.1
2024-10-18 08:12:36.219: 96 q: 6.2429676
2024-10-18 08:23:03.866: 97 test start:
2024-10-18 08:23:14.345: 97 avg_reward: 366.0
2024-10-18 08:23:14.345: 97 avg_steps: 546.45
2024-10-18 08:23:14.351: 97 epsilon: 0.1
2024-10-18 08:23:14.351: 97 q: 6.1938496
2024-10-18 08:33:55.444: 98 test start:
2024-10-18 08:34:06.629: 98 avg_reward: 410.0
2024-10-18 08:34:06.629: 98 avg_steps: 590.4
2024-10-18 08:34:06.629: 98 epsilon: 0.1
2024-10-18 08:34:06.629: 98 q: 6.143471
2024-10-18 08:44:40.322: 99 test start:
2024-10-18 08:44:58.713: 99 avg_reward: 774.0
2024-10-18 08:44:58.713: 99 avg_steps: 962.0
2024-10-18 08:44:58.713: 99 epsilon: 0.1
2024-10-18 08:44:58.713: 99 q: 6.151817
2024-10-18 08:55:36.822: 100 test start:
2024-10-18 08:55:56.301: 100 avg_reward: 886.85
2024-10-18 08:55:56.302: 100 avg_steps: 1046.1
2024-10-18 08:55:56.307: 100 epsilon: 0.1
2024-10-18 08:55:56.307: 100 q: 6.102106
2024-10-18 09:06:30.521: 101 test start:
2024-10-18 09:06:51.408: 101 avg_reward: 893.25
2024-10-18 09:06:51.409: 101 avg_steps: 1073.0
2024-10-18 09:06:51.414: 101 epsilon: 0.1
2024-10-18 09:06:51.414: 101 q: 6.2204356
2024-10-18 09:17:42.188: 102 test start:
2024-10-18 09:18:00.455: 102 avg_reward: 732.45
2024-10-18 09:18:00.455: 102 avg_steps: 933.05
2024-10-18 09:18:00.455: 102 epsilon: 0.1
2024-10-18 09:18:00.456: 102 q: 6.230915
2024-10-18 09:28:49.692: 103 test start:
2024-10-18 09:29:10.876: 103 avg_reward: 928.9
2024-10-18 09:29:10.876: 103 avg_steps: 1095.85
2024-10-18 09:29:10.876: 103 epsilon: 0.1
2024-10-18 09:29:10.876: 103 q: 6.2442746
2024-10-18 09:39:56.561: 104 test start:
2024-10-18 09:40:13.404: 104 avg_reward: 766.5
2024-10-18 09:40:13.404: 104 avg_steps: 898.65
2024-10-18 09:40:13.404: 104 epsilon: 0.1
2024-10-18 09:40:13.404: 104 q: 6.230447
2024-10-18 09:50:54.948: 105 test start:
2024-10-18 09:51:17.614: 105 avg_reward: 1029.15
2024-10-18 09:51:17.614: 105 avg_steps: 1184.1
2024-10-18 09:51:17.614: 105 epsilon: 0.1
2024-10-18 09:51:17.614: 105 q: 6.2793617
2024-10-18 10:01:46.462: 106 test start:
2024-10-18 10:02:07.305: 106 avg_reward: 968.85
2024-10-18 10:02:07.305: 106 avg_steps: 1098.55
2024-10-18 10:02:07.305: 106 epsilon: 0.1
2024-10-18 10:02:07.305: 106 q: 6.221082
2024-10-18 10:12:37.335: 107 test start:
2024-10-18 10:12:57.918: 107 avg_reward: 879.0
2024-10-18 10:12:57.919: 107 avg_steps: 1080.6
2024-10-18 10:12:57.919: 107 epsilon: 0.1
2024-10-18 10:12:57.919: 107 q: 6.168371
2024-10-18 10:23:26.958: 108 test start:
2024-10-18 10:23:43.198: 108 avg_reward: 720.05
2024-10-18 10:23:43.198: 108 avg_steps: 844.95
2024-10-18 10:23:43.198: 108 epsilon: 0.1
2024-10-18 10:23:43.199: 108 q: 6.2052994
2024-10-18 10:34:15.474: 109 test start:
2024-10-18 10:34:35.804: 109 avg_reward: 886.4
2024-10-18 10:34:35.805: 109 avg_steps: 1039.8
2024-10-18 10:34:35.810: 109 epsilon: 0.1
2024-10-18 10:34:35.810: 109 q: 6.3011503
2024-10-18 10:45:14.928: 110 test start:
2024-10-18 10:45:37.501: 110 avg_reward: 990.5
2024-10-18 10:45:37.501: 110 avg_steps: 1167.25
2024-10-18 10:45:37.501: 110 epsilon: 0.1
2024-10-18 10:45:37.501: 110 q: 6.2243915
2024-10-18 10:56:07.617: 111 test start:
2024-10-18 10:56:25.243: 111 avg_reward: 681.7
2024-10-18 10:56:25.244: 111 avg_steps: 901.8
2024-10-18 10:56:25.244: 111 epsilon: 0.1
2024-10-18 10:56:25.244: 111 q: 6.2057843
2024-10-18 11:07:01.126: 112 test start:
2024-10-18 11:07:17.633: 112 avg_reward: 617.0
2024-10-18 11:07:17.633: 112 avg_steps: 847.2
2024-10-18 11:07:17.633: 112 epsilon: 0.1
2024-10-18 11:07:17.633: 112 q: 6.2072353
2024-10-18 11:17:44.775: 113 test start:
2024-10-18 11:18:05.628: 113 avg_reward: 917.4
2024-10-18 11:18:05.628: 113 avg_steps: 1086.8
2024-10-18 11:18:05.629: 113 epsilon: 0.1
2024-10-18 11:18:05.629: 113 q: 6.2400246
2024-10-18 11:28:35.470: 114 test start:
2024-10-18 11:28:52.571: 114 avg_reward: 780.65
2024-10-18 11:28:52.571: 114 avg_steps: 912.75
2024-10-18 11:28:52.571: 114 epsilon: 0.1
2024-10-18 11:28:52.571: 114 q: 6.2814784
2024-10-18 11:39:21.129: 115 test start:
2024-10-18 11:39:42.317: 115 avg_reward: 931.05
2024-10-18 11:39:42.317: 115 avg_steps: 1121.5
2024-10-18 11:39:42.317: 115 epsilon: 0.1
2024-10-18 11:39:42.317: 115 q: 6.3722835
2024-10-18 11:50:11.884: 116 test start:
2024-10-18 11:50:29.961: 116 avg_reward: 868.1
2024-10-18 11:50:29.961: 116 avg_steps: 972.3
2024-10-18 11:50:29.961: 116 epsilon: 0.1
2024-10-18 11:50:29.961: 116 q: 6.2695327
2024-10-18 12:00:59.889: 117 test start:
2024-10-18 12:01:20.213: 117 avg_reward: 931.4
2024-10-18 12:01:20.213: 117 avg_steps: 1059.25
2024-10-18 12:01:20.213: 117 epsilon: 0.1
2024-10-18 12:01:20.213: 117 q: 6.327327
2024-10-18 12:11:51.971: 118 test start:
2024-10-18 12:12:06.810: 118 avg_reward: 562.55
2024-10-18 12:12:06.810: 118 avg_steps: 761.95
2024-10-18 12:12:06.810: 118 epsilon: 0.1
2024-10-18 12:12:06.810: 118 q: 6.2443256
2024-10-18 12:22:36.396: 119 test start:
2024-10-18 12:22:55.754: 119 avg_reward: 823.55
2024-10-18 12:22:55.754: 119 avg_steps: 1000.3
2024-10-18 12:22:55.754: 119 epsilon: 0.1
2024-10-18 12:22:55.754: 119 q: 6.291441
2024-10-18 12:33:22.258: 120 test start:
2024-10-18 12:33:42.036: 120 avg_reward: 834.75
2024-10-18 12:33:42.037: 120 avg_steps: 1017.85
2024-10-18 12:33:42.037: 120 epsilon: 0.1
2024-10-18 12:33:42.037: 120 q: 6.295574
2024-10-18 12:44:13.148: 121 test start:
2024-10-18 12:44:34.324: 121 avg_reward: 902.5
2024-10-18 12:44:34.324: 121 avg_steps: 1100.1
2024-10-18 12:44:34.324: 121 epsilon: 0.1
2024-10-18 12:44:34.324: 121 q: 6.394478
2024-10-18 12:55:08.795: 122 test start:
2024-10-18 12:55:27.167: 122 avg_reward: 796.25
2024-10-18 12:55:27.167: 122 avg_steps: 949.25
2024-10-18 12:55:27.167: 122 epsilon: 0.1
2024-10-18 12:55:27.167: 122 q: 6.3233147
2024-10-18 13:05:56.908: 123 test start:
2024-10-18 13:06:19.241: 123 avg_reward: 975.1
2024-10-18 13:06:19.242: 123 avg_steps: 1152.85
2024-10-18 13:06:19.242: 123 epsilon: 0.1
2024-10-18 13:06:19.242: 123 q: 6.3421164
2024-10-18 13:16:54.950: 124 test start:
2024-10-18 13:17:12.848: 124 avg_reward: 822.9
2024-10-18 13:17:12.849: 124 avg_steps: 925.3
2024-10-18 13:17:12.854: 124 epsilon: 0.1
2024-10-18 13:17:12.855: 124 q: 6.3885183
2024-10-18 13:27:43.461: 125 test start:
2024-10-18 13:27:59.439: 125 avg_reward: 684.5
2024-10-18 13:27:59.439: 125 avg_steps: 827.5
2024-10-18 13:27:59.439: 125 epsilon: 0.1
2024-10-18 13:27:59.439: 125 q: 6.359576
2024-10-18 13:38:29.358: 126 test start:
2024-10-18 13:38:48.111: 126 avg_reward: 839.6
2024-10-18 13:38:48.111: 126 avg_steps: 966.6
2024-10-18 13:38:48.111: 126 epsilon: 0.1
2024-10-18 13:38:48.111: 126 q: 6.4230723
2024-10-18 13:49:26.437: 127 test start:
2024-10-18 13:49:44.973: 127 avg_reward: 856.3
2024-10-18 13:49:44.973: 127 avg_steps: 954.6
2024-10-18 13:49:44.973: 127 epsilon: 0.1
2024-10-18 13:49:44.973: 127 q: 6.418408
2024-10-18 14:00:25.201: 128 test start:
2024-10-18 14:00:44.277: 128 avg_reward: 818.25
2024-10-18 14:00:44.278: 128 avg_steps: 983.9
2024-10-18 14:00:44.278: 128 epsilon: 0.1
2024-10-18 14:00:44.278: 128 q: 6.3405027
2024-10-18 14:11:15.669: 129 test start:
2024-10-18 14:11:33.372: 129 avg_reward: 815.05
2024-10-18 14:11:33.373: 129 avg_steps: 912.15
2024-10-18 14:11:33.373: 129 epsilon: 0.1
2024-10-18 14:11:33.373: 129 q: 6.3877597
2024-10-18 14:21:57.942: 130 test start:
2024-10-18 14:22:12.649: 130 avg_reward: 604.05
2024-10-18 14:22:12.650: 130 avg_steps: 753.55
2024-10-18 14:22:12.650: 130 epsilon: 0.1
2024-10-18 14:22:12.650: 130 q: 6.340797
2024-10-18 14:32:47.322: 131 test start:
2024-10-18 14:33:07.482: 131 avg_reward: 965.6
2024-10-18 14:33:07.483: 131 avg_steps: 1092.5
2024-10-18 14:33:07.483: 131 epsilon: 0.1
2024-10-18 14:33:07.483: 131 q: 6.3979673
2024-10-18 14:43:43.151: 132 test start:
2024-10-18 14:44:01.571: 132 avg_reward: 865.75
2024-10-18 14:44:01.571: 132 avg_steps: 987.25
2024-10-18 14:44:01.572: 132 epsilon: 0.1
2024-10-18 14:44:01.572: 132 q: 6.366994
2024-10-18 14:54:35.565: 133 test start:
2024-10-18 14:54:53.086: 133 avg_reward: 763.3
2024-10-18 14:54:53.086: 133 avg_steps: 892.3
2024-10-18 14:54:53.086: 133 epsilon: 0.1
2024-10-18 14:54:53.086: 133 q: 6.3799863
2024-10-18 15:05:23.318: 134 test start:
2024-10-18 15:05:42.317: 134 avg_reward: 848.05
2024-10-18 15:05:42.317: 134 avg_steps: 989.6
2024-10-18 15:05:42.317: 134 epsilon: 0.1
2024-10-18 15:05:42.317: 134 q: 6.362825
2024-10-18 15:16:13.267: 135 test start:
2024-10-18 15:16:31.982: 135 avg_reward: 778.45
2024-10-18 15:16:31.982: 135 avg_steps: 970.1
2024-10-18 15:16:31.982: 135 epsilon: 0.1
2024-10-18 15:16:31.982: 135 q: 6.3802085
2024-10-18 15:27:01.956: 136 test start:
2024-10-18 15:27:19.730: 136 avg_reward: 810.4
2024-10-18 15:27:19.731: 136 avg_steps: 933.55
2024-10-18 15:27:19.731: 136 epsilon: 0.1
2024-10-18 15:27:19.731: 136 q: 6.2964973
2024-10-18 15:37:54.311: 137 test start:
2024-10-18 15:38:11.625: 137 avg_reward: 743.3
2024-10-18 15:38:11.625: 137 avg_steps: 898.55
2024-10-18 15:38:11.625: 137 epsilon: 0.1
2024-10-18 15:38:11.625: 137 q: 6.3509398
2024-10-18 15:48:53.547: 138 test start:
2024-10-18 15:49:16.725: 138 avg_reward: 982.65
2024-10-18 15:49:16.725: 138 avg_steps: 1199.6
2024-10-18 15:49:16.725: 138 epsilon: 0.1
2024-10-18 15:49:16.725: 138 q: 6.289566
2024-10-18 16:00:02.426: 139 test start:
2024-10-18 16:00:24.262: 139 avg_reward: 992.45
2024-10-18 16:00:24.262: 139 avg_steps: 1123.7
2024-10-18 16:00:24.262: 139 epsilon: 0.1
2024-10-18 16:00:24.262: 139 q: 6.2716475
2024-10-18 16:11:14.620: 140 test start:
2024-10-18 16:11:31.593: 140 avg_reward: 755.5
2024-10-18 16:11:31.594: 140 avg_steps: 871.55
2024-10-18 16:11:31.594: 140 epsilon: 0.1
2024-10-18 16:11:31.594: 140 q: 6.31184
2024-10-18 16:22:23.446: 141 test start:
2024-10-18 16:22:39.965: 141 avg_reward: 751.5
2024-10-18 16:22:39.965: 141 avg_steps: 867.55
2024-10-18 16:22:39.965: 141 epsilon: 0.1
2024-10-18 16:22:39.965: 141 q: 6.2852
2024-10-18 16:33:32.990: 142 test start:
2024-10-18 16:33:48.078: 142 avg_reward: 625.05
2024-10-18 16:33:48.078: 142 avg_steps: 767.3
2024-10-18 16:33:48.078: 142 epsilon: 0.1
2024-10-18 16:33:48.078: 142 q: 6.2629476
2024-10-18 16:44:40.878: 143 test start:
2024-10-18 16:45:02.675: 143 avg_reward: 975.7
2024-10-18 16:45:02.675: 143 avg_steps: 1115.45
2024-10-18 16:45:02.675: 143 epsilon: 0.1
2024-10-18 16:45:02.675: 143 q: 6.2635236
2024-10-18 16:55:58.235: 144 test start:
2024-10-18 16:56:18.409: 144 avg_reward: 912.85
2024-10-18 16:56:18.409: 144 avg_steps: 1043.45
2024-10-18 16:56:18.409: 144 epsilon: 0.1
2024-10-18 16:56:18.409: 144 q: 6.2476687
2024-10-18 17:07:13.877: 145 test start:
2024-10-18 17:07:30.263: 145 avg_reward: 689.3
2024-10-18 17:07:30.263: 145 avg_steps: 835.55
2024-10-18 17:07:30.263: 145 epsilon: 0.1
2024-10-18 17:07:30.263: 145 q: 6.371845
2024-10-18 17:18:23.513: 146 test start:
2024-10-18 17:18:37.743: 146 avg_reward: 615.0
2024-10-18 17:18:37.744: 146 avg_steps: 722.75
2024-10-18 17:18:37.744: 146 epsilon: 0.1
2024-10-18 17:18:37.744: 146 q: 6.295804
2024-10-18 17:29:26.837: 147 test start:
2024-10-18 17:29:47.515: 147 avg_reward: 934.9
2024-10-18 17:29:47.516: 147 avg_steps: 1070.55
2024-10-18 17:29:47.516: 147 epsilon: 0.1
2024-10-18 17:29:47.516: 147 q: 6.323723
2024-10-18 17:40:32.819: 148 test start:
2024-10-18 17:40:55.911: 148 avg_reward: 1031.75
2024-10-18 17:40:55.911: 148 avg_steps: 1173.8
2024-10-18 17:40:55.911: 148 epsilon: 0.1
2024-10-18 17:40:55.911: 148 q: 6.39089
2024-10-18 17:51:48.838: 149 test start:
2024-10-18 17:52:07.746: 149 avg_reward: 813.9
2024-10-18 17:52:07.746: 149 avg_steps: 966.15
2024-10-18 17:52:07.746: 149 epsilon: 0.1
2024-10-18 17:52:07.747: 149 q: 6.282058
2024-10-18 18:03:02.210: 150 test start:
2024-10-18 18:03:19.600: 150 avg_reward: 767.5
2024-10-18 18:03:19.600: 150 avg_steps: 910.1
2024-10-18 18:03:19.601: 150 epsilon: 0.1
2024-10-18 18:03:19.601: 150 q: 6.276022
2024-10-18 18:14:14.827: 151 test start:
2024-10-18 18:14:31.428: 151 avg_reward: 730.4
2024-10-18 18:14:31.429: 151 avg_steps: 879.85
2024-10-18 18:14:31.429: 151 epsilon: 0.1
2024-10-18 18:14:31.429: 151 q: 6.177289
2024-10-18 18:25:26.453: 152 test start:
2024-10-18 18:25:46.150: 152 avg_reward: 898.6
2024-10-18 18:25:46.150: 152 avg_steps: 1072.2
2024-10-18 18:25:46.151: 152 epsilon: 0.1
2024-10-18 18:25:46.151: 152 q: 6.195959
2024-10-18 18:36:45.476: 153 test start:
2024-10-18 18:37:05.284: 153 avg_reward: 833.8
2024-10-18 18:37:05.284: 153 avg_steps: 1059.6
2024-10-18 18:37:05.290: 153 epsilon: 0.1
2024-10-18 18:37:05.290: 153 q: 6.157111
2024-10-18 18:47:54.026: 154 test start:
2024-10-18 18:48:15.366: 154 avg_reward: 992.65
2024-10-18 18:48:15.366: 154 avg_steps: 1094.55
2024-10-18 18:48:15.366: 154 epsilon: 0.1
2024-10-18 18:48:15.366: 154 q: 6.1640253
2024-10-18 18:59:04.829: 155 test start:
2024-10-18 18:59:25.265: 155 avg_reward: 927.65
2024-10-18 18:59:25.265: 155 avg_steps: 1049.45
2024-10-18 18:59:25.265: 155 epsilon: 0.1
2024-10-18 18:59:25.265: 155 q: 6.1318164
2024-10-18 19:10:08.713: 156 test start:
2024-10-18 19:10:22.377: 156 avg_reward: 607.0
2024-10-18 19:10:22.377: 156 avg_steps: 722.0
2024-10-18 19:10:22.377: 156 epsilon: 0.1
2024-10-18 19:10:22.377: 156 q: 6.118962
2024-10-18 19:21:09.684: 157 test start:
2024-10-18 19:21:27.010: 157 avg_reward: 764.75
2024-10-18 19:21:27.010: 157 avg_steps: 914.6
2024-10-18 19:21:27.010: 157 epsilon: 0.1
2024-10-18 19:21:27.011: 157 q: 6.090003
2024-10-18 19:32:06.935: 158 test start:
2024-10-18 19:32:27.522: 158 avg_reward: 966.6
2024-10-18 19:32:27.523: 158 avg_steps: 1069.0
2024-10-18 19:32:27.523: 158 epsilon: 0.1
2024-10-18 19:32:27.523: 158 q: 6.0697703
2024-10-18 19:43:08.825: 159 test start:
2024-10-18 19:43:25.557: 159 avg_reward: 718.7
2024-10-18 19:43:25.557: 159 avg_steps: 893.45
2024-10-18 19:43:25.557: 159 epsilon: 0.1
2024-10-18 19:43:25.557: 159 q: 6.0638156
2024-10-18 19:54:02.355: 160 test start:
2024-10-18 19:54:20.453: 160 avg_reward: 847.8
2024-10-18 19:54:20.453: 160 avg_steps: 975.05
2024-10-18 19:54:20.453: 160 epsilon: 0.1
2024-10-18 19:54:20.453: 160 q: 6.1625457
2024-10-18 20:04:56.374: 161 test start:
2024-10-18 20:05:18.595: 161 avg_reward: 1086.3
2024-10-18 20:05:18.595: 161 avg_steps: 1178.05
2024-10-18 20:05:18.595: 161 epsilon: 0.1
2024-10-18 20:05:18.595: 161 q: 6.142383
2024-10-18 20:15:48.836: 162 test start:
2024-10-18 20:16:08.041: 162 avg_reward: 880.65
2024-10-18 20:16:08.042: 162 avg_steps: 1019.95
2024-10-18 20:16:08.042: 162 epsilon: 0.1
2024-10-18 20:16:08.042: 162 q: 6.1565566
2024-10-18 20:25:14.728: 163 test start:
2024-10-18 20:25:30.330: 163 avg_reward: 762.85
2024-10-18 20:25:30.330: 163 avg_steps: 905.05
2024-10-18 20:25:30.330: 163 epsilon: 0.1
2024-10-18 20:25:30.330: 163 q: 6.1437674
2024-10-18 20:34:37.173: 164 test start:
2024-10-18 20:34:52.104: 164 avg_reward: 706.3
2024-10-18 20:34:52.105: 164 avg_steps: 865.8
2024-10-18 20:34:52.105: 164 epsilon: 0.1
2024-10-18 20:34:52.105: 164 q: 6.0907145
2024-10-18 20:44:06.303: 165 test start:
2024-10-18 20:44:23.616: 165 avg_reward: 885.05
2024-10-18 20:44:23.616: 165 avg_steps: 999.55
2024-10-18 20:44:23.616: 165 epsilon: 0.1
2024-10-18 20:44:23.616: 165 q: 6.0918517
2024-10-18 20:53:52.712: 166 test start:
2024-10-18 20:54:07.927: 166 avg_reward: 779.55
2024-10-18 20:54:07.927: 166 avg_steps: 879.75
2024-10-18 20:54:07.927: 166 epsilon: 0.1
2024-10-18 20:54:07.928: 166 q: 6.0863824
2024-10-18 21:03:39.978: 167 test start:
2024-10-18 21:03:58.773: 167 avg_reward: 996.1
2024-10-18 21:03:58.774: 167 avg_steps: 1079.5
2024-10-18 21:03:58.774: 167 epsilon: 0.1
2024-10-18 21:03:58.774: 167 q: 6.0816054
2024-10-18 21:13:24.677: 168 test start:
2024-10-18 21:13:43.963: 168 avg_reward: 1076.3
2024-10-18 21:13:43.963: 168 avg_steps: 1171.75
2024-10-18 21:13:43.963: 168 epsilon: 0.1
2024-10-18 21:13:43.963: 168 q: 6.109144
2024-10-18 21:23:19.251: 169 test start:
2024-10-18 21:23:35.434: 169 avg_reward: 866.35
2024-10-18 21:23:35.434: 169 avg_steps: 971.15
2024-10-18 21:23:35.434: 169 epsilon: 0.1
2024-10-18 21:23:35.434: 169 q: 6.1484337
2024-10-18 21:32:55.209: 170 test start:
2024-10-18 21:33:15.537: 170 avg_reward: 1050.8
2024-10-18 21:33:15.537: 170 avg_steps: 1173.25
2024-10-18 21:33:15.537: 170 epsilon: 0.1
2024-10-18 21:33:15.537: 170 q: 6.1089864
2024-10-18 21:42:25.353: 171 test start:
2024-10-18 21:42:45.902: 171 avg_reward: 1025.9
2024-10-18 21:42:45.902: 171 avg_steps: 1183.35
2024-10-18 21:42:45.902: 171 epsilon: 0.1
2024-10-18 21:42:45.902: 171 q: 6.170617
2024-10-18 21:52:10.951: 172 test start:
2024-10-18 21:52:22.764: 172 avg_reward: 503.25
2024-10-18 21:52:22.764: 172 avg_steps: 668.55
2024-10-18 21:52:22.764: 172 epsilon: 0.1
2024-10-18 21:52:22.764: 172 q: 6.196752
2024-10-18 22:01:38.475: 173 test start:
2024-10-18 22:01:53.912: 173 avg_reward: 732.6
2024-10-18 22:01:53.912: 173 avg_steps: 882.5
2024-10-18 22:01:53.912: 173 epsilon: 0.1
2024-10-18 22:01:53.913: 173 q: 6.265392
2024-10-18 22:11:11.668: 174 test start:
2024-10-18 22:11:31.282: 174 avg_reward: 1023.45
2024-10-18 22:11:31.282: 174 avg_steps: 1159.2
2024-10-18 22:11:31.282: 174 epsilon: 0.1
2024-10-18 22:11:31.282: 174 q: 6.218911
2024-10-18 22:20:48.503: 175 test start:
2024-10-18 22:21:04.383: 175 avg_reward: 821.05
2024-10-18 22:21:04.383: 175 avg_steps: 941.65
2024-10-18 22:21:04.383: 175 epsilon: 0.1
2024-10-18 22:21:04.383: 175 q: 6.2724857
2024-10-18 22:30:16.277: 176 test start:
2024-10-18 22:30:35.416: 176 avg_reward: 1053.8
2024-10-18 22:30:35.416: 176 avg_steps: 1138.35
2024-10-18 22:30:35.422: 176 epsilon: 0.1
2024-10-18 22:30:35.422: 176 q: 6.249623
2024-10-18 22:39:48.654: 177 test start:
2024-10-18 22:40:02.386: 177 avg_reward: 705.35
2024-10-18 22:40:02.386: 177 avg_steps: 816.65
2024-10-18 22:40:02.386: 177 epsilon: 0.1
2024-10-18 22:40:02.386: 177 q: 6.27335
2024-10-18 22:48:45.740: 178 test start:
2024-10-18 22:49:05.434: 178 avg_reward: 982.15
2024-10-18 22:49:05.434: 178 avg_steps: 1132.5
2024-10-18 22:49:05.434: 178 epsilon: 0.1
2024-10-18 22:49:05.434: 178 q: 6.3124013
2024-10-18 22:58:09.119: 179 test start:
2024-10-18 22:58:25.791: 179 avg_reward: 809.05
2024-10-18 22:58:25.791: 179 avg_steps: 952.0
2024-10-18 22:58:25.791: 179 epsilon: 0.1
2024-10-18 22:58:25.791: 179 q: 6.3161364
2024-10-18 23:07:27.999: 180 test start:
2024-10-18 23:07:45.146: 180 avg_reward: 790.65
2024-10-18 23:07:45.146: 180 avg_steps: 979.4
2024-10-18 23:07:45.147: 180 epsilon: 0.1
2024-10-18 23:07:45.147: 180 q: 6.2926707
2024-10-18 23:16:57.296: 181 test start:
2024-10-18 23:17:15.482: 181 avg_reward: 993.5
2024-10-18 23:17:15.482: 181 avg_steps: 1066.2
2024-10-18 23:17:15.482: 181 epsilon: 0.1
2024-10-18 23:17:15.482: 181 q: 6.351326
2024-10-18 23:26:25.719: 182 test start:
2024-10-18 23:26:45.669: 182 avg_reward: 1125.9
2024-10-18 23:26:45.669: 182 avg_steps: 1194.8
2024-10-18 23:26:45.669: 182 epsilon: 0.1
2024-10-18 23:26:45.669: 182 q: 6.3152995
2024-10-18 23:35:48.715: 183 test start:
2024-10-18 23:36:02.250: 183 avg_reward: 642.25
2024-10-18 23:36:02.250: 183 avg_steps: 772.15
2024-10-18 23:36:02.250: 183 epsilon: 0.1
2024-10-18 23:36:02.250: 183 q: 6.3220205
2024-10-18 23:45:02.682: 184 test start:
2024-10-18 23:45:16.114: 184 avg_reward: 648.9
2024-10-18 23:45:16.114: 184 avg_steps: 795.0
2024-10-18 23:45:16.114: 184 epsilon: 0.1
2024-10-18 23:45:16.114: 184 q: 6.240359
2024-10-18 23:54:13.938: 185 test start:
2024-10-18 23:54:30.683: 185 avg_reward: 835.5
2024-10-18 23:54:30.684: 185 avg_steps: 968.0
2024-10-18 23:54:30.684: 185 epsilon: 0.1
2024-10-18 23:54:30.684: 185 q: 6.254582
2024-10-19 00:03:32.834: 186 test start:
2024-10-19 00:03:50.241: 186 avg_reward: 928.25
2024-10-19 00:03:50.241: 186 avg_steps: 1009.9
2024-10-19 00:03:50.246: 186 epsilon: 0.1
2024-10-19 00:03:50.247: 186 q: 6.2547536
2024-10-19 00:12:52.654: 187 test start:
2024-10-19 00:13:07.439: 187 avg_reward: 720.5
2024-10-19 00:13:07.440: 187 avg_steps: 855.35
2024-10-19 00:13:07.445: 187 epsilon: 0.1
2024-10-19 00:13:07.445: 187 q: 6.2516046
2024-10-19 00:22:11.198: 188 test start:
2024-10-19 00:22:30.195: 188 avg_reward: 981.1
2024-10-19 00:22:30.196: 188 avg_steps: 1102.65
2024-10-19 00:22:30.201: 188 epsilon: 0.1
2024-10-19 00:22:30.201: 188 q: 6.2591686
2024-10-19 00:31:30.925: 189 test start:
2024-10-19 00:31:46.685: 189 avg_reward: 721.5
2024-10-19 00:31:46.685: 189 avg_steps: 916.75
2024-10-19 00:31:46.685: 189 epsilon: 0.1
2024-10-19 00:31:46.685: 189 q: 6.1783
2024-10-19 00:40:36.659: 190 test start:
2024-10-19 00:40:50.984: 190 avg_reward: 766.3
2024-10-19 00:40:50.985: 190 avg_steps: 849.85
2024-10-19 00:40:50.985: 190 epsilon: 0.1
2024-10-19 00:40:50.985: 190 q: 6.1966553
2024-10-19 00:49:53.766: 191 test start:
2024-10-19 00:50:10.870: 191 avg_reward: 912.55
2024-10-19 00:50:10.871: 191 avg_steps: 987.85
2024-10-19 00:50:10.871: 191 epsilon: 0.1
2024-10-19 00:50:10.871: 191 q: 6.1966553
2024-10-19 00:59:14.664: 192 test start:
2024-10-19 00:59:30.111: 192 avg_reward: 742.3
2024-10-19 00:59:30.111: 192 avg_steps: 918.4
2024-10-19 00:59:30.111: 192 epsilon: 0.1
2024-10-19 00:59:30.111: 192 q: 6.1477375
2024-10-19 01:08:37.689: 193 test start:
2024-10-19 01:08:56.008: 193 avg_reward: 981.35
2024-10-19 01:08:56.008: 193 avg_steps: 1114.85
2024-10-19 01:08:56.008: 193 epsilon: 0.1
2024-10-19 01:08:56.008: 193 q: 6.1187577
2024-10-19 01:18:02.124: 194 test start:
2024-10-19 01:18:21.296: 194 avg_reward: 1050.55
2024-10-19 01:18:21.297: 194 avg_steps: 1128.4
2024-10-19 01:18:21.297: 194 epsilon: 0.1
2024-10-19 01:18:21.297: 194 q: 6.164254
2024-10-19 01:27:26.179: 195 test start:
2024-10-19 01:27:45.174: 195 avg_reward: 1000.2
2024-10-19 01:27:45.174: 195 avg_steps: 1109.35
2024-10-19 01:27:45.175: 195 epsilon: 0.1
2024-10-19 01:27:45.175: 195 q: 6.179599
2024-10-19 01:36:27.658: 196 test start:
2024-10-19 01:36:42.527: 196 avg_reward: 783.8
2024-10-19 01:36:42.527: 196 avg_steps: 893.0
2024-10-19 01:36:42.527: 196 epsilon: 0.1
2024-10-19 01:36:42.527: 196 q: 6.177261
2024-10-19 01:45:44.278: 197 test start:
2024-10-19 01:46:00.727: 197 avg_reward: 856.0
2024-10-19 01:46:00.727: 197 avg_steps: 992.3
2024-10-19 01:46:00.727: 197 epsilon: 0.1
2024-10-19 01:46:00.727: 197 q: 6.149113
2024-10-19 01:54:39.730: 198 test start:
2024-10-19 01:54:55.506: 198 avg_reward: 759.0
2024-10-19 01:54:55.506: 198 avg_steps: 911.6
2024-10-19 01:54:55.506: 198 epsilon: 0.1
2024-10-19 01:54:55.506: 198 q: 6.1415205
2024-10-19 02:03:54.876: 199 test start:
2024-10-19 02:04:13.351: 199 avg_reward: 962.75
2024-10-19 02:04:13.351: 199 avg_steps: 1105.85
2024-10-19 02:04:13.351: 199 epsilon: 0.1
2024-10-19 02:04:13.351: 199 q: 6.2708416
2024-10-19 02:13:20.677: 200 test start:
2024-10-19 02:13:36.678: 200 avg_reward: 761.75
2024-10-19 02:13:36.678: 200 avg_steps: 966.0
2024-10-19 02:13:36.679: 200 epsilon: 0.1
2024-10-19 02:13:36.679: 200 q: 6.2230654
