2024-05-01 10:09:25.900: 
parameters:agent_saving_period: 80000
agent_test_episodes: 20
batch_num_per_epoch: 100000
device: cuda:0
env_name: ALE/MontezumaRevenge-v5
epsilon_for_test: 0.05
epsilon_max: 1.0
epsilon_min: 0.1
exploration_steps: 1000000
gamma: 0.99
input_frame_height: 84
input_frame_width: 84
learning_rate: 1.0e-05
log_path: ../exps/dqn/
mini_batch_size: 32
no_op: 30
phi_channel: 4
replay_buffer_size: 200000
replay_start_size: 10000
save_path: ./exps/
skip_k_frame: 4
step_c: 10000
training_steps: 50000000

2024-05-01 10:23:49.205: 1 test start:
2024-05-01 10:24:07.336: 1 avg_reward: 0.0
2024-05-01 10:24:07.336: 1 avg_steps: 485.7
2024-05-01 10:24:07.336: 1 epsilon: 0.9218322999999999
2024-05-01 10:42:23.223: 2 test start:
2024-05-01 10:49:13.172: 2 avg_reward: 0.0
2024-05-01 10:49:13.172: 2 avg_steps: 11054.85
2024-05-01 10:49:13.172: 2 epsilon: 0.8359165
2024-05-01 11:08:57.779: 3 test start:
2024-05-01 11:09:28.649: 3 avg_reward: 0.0
2024-05-01 11:09:28.649: 3 avg_steps: 800.65
2024-05-01 11:09:28.649: 3 epsilon: 0.7501888
2024-05-01 11:29:20.119: 4 test start:
2024-05-01 11:31:17.139: 4 avg_reward: 0.0
2024-05-01 11:31:17.139: 4 avg_steps: 3127.15
2024-05-01 11:31:17.139: 4 epsilon: 0.6642694
2024-05-01 11:51:06.586: 5 test start:
2024-05-01 11:51:20.168: 5 avg_reward: 0.0
2024-05-01 11:51:20.168: 5 avg_steps: 348.15
2024-05-01 11:51:20.168: 5 epsilon: 0.5792743
2024-05-01 12:10:54.918: 6 test start:
2024-05-01 12:16:57.641: 6 avg_reward: 0.0
2024-05-01 12:16:57.641: 6 avg_steps: 9799.1
2024-05-01 12:16:57.641: 6 epsilon: 0.4950856
2024-05-01 12:36:34.292: 7 test start:
2024-05-01 12:41:59.121: 7 avg_reward: 0.0
2024-05-01 12:41:59.121: 7 avg_steps: 8727.1
2024-05-01 12:41:59.121: 7 epsilon: 0.4121515
2024-05-01 13:01:19.387: 8 test start:
2024-05-01 13:01:29.845: 8 avg_reward: 0.0
2024-05-01 13:01:29.845: 8 avg_steps: 271.7
2024-05-01 13:01:29.845: 8 epsilon: 0.33077259999999997
2024-05-01 13:20:54.087: 9 test start:
2024-05-01 13:21:02.607: 9 avg_reward: 0.0
2024-05-01 13:21:02.607: 9 avg_steps: 219.3
2024-05-01 13:21:02.607: 9 epsilon: 0.2506428999999999
2024-05-01 13:40:24.776: 10 test start:
2024-05-01 13:40:36.587: 10 avg_reward: 0.0
2024-05-01 13:40:36.587: 10 avg_steps: 312.75
2024-05-01 13:40:36.587: 10 epsilon: 0.17127369999999997
2024-05-01 14:00:05.079: 11 test start:
2024-05-01 14:02:09.223: 11 avg_reward: 0.0
2024-05-01 14:02:09.224: 11 avg_steps: 3382.55
2024-05-01 14:02:09.224: 11 epsilon: 0.1
2024-05-01 14:21:40.871: 12 test start:
2024-05-01 14:26:12.517: 12 avg_reward: 0.0
2024-05-01 14:26:12.518: 12 avg_steps: 7335.55
2024-05-01 14:26:12.518: 12 epsilon: 0.1
2024-05-01 14:45:58.834: 13 test start:
2024-05-01 14:47:07.407: 13 avg_reward: 0.0
2024-05-01 14:47:07.407: 13 avg_steps: 1853.7
2024-05-01 14:47:07.407: 13 epsilon: 0.1
2024-05-01 15:06:24.043: 14 test start:
2024-05-01 15:07:20.125: 14 avg_reward: 0.0
2024-05-01 15:07:20.125: 14 avg_steps: 1523.75
2024-05-01 15:07:20.125: 14 epsilon: 0.1
2024-05-01 15:27:18.062: 15 test start:
2024-05-01 15:41:23.298: 15 avg_reward: 0.0
2024-05-01 15:41:23.298: 15 avg_steps: 22803.55
2024-05-01 15:41:23.298: 15 epsilon: 0.1
2024-05-01 16:04:02.105: 16 test start:
2024-05-01 16:20:41.064: 16 avg_reward: 0.0
2024-05-01 16:20:41.064: 16 avg_steps: 27000.0
2024-05-01 16:20:41.065: 16 epsilon: 0.1
2024-05-01 16:37:40.965: 17 test start:
2024-05-01 16:51:58.871: 17 avg_reward: 0.0
2024-05-01 16:51:58.871: 17 avg_steps: 23172.8
2024-05-01 16:51:58.871: 17 epsilon: 0.1
2024-05-01 17:12:10.158: 18 test start:
2024-05-01 17:25:41.128: 18 avg_reward: 0.0
2024-05-01 17:25:41.128: 18 avg_steps: 22008.75
2024-05-01 17:25:41.128: 18 epsilon: 0.1
2024-05-01 17:43:29.938: 19 test start:
2024-05-01 17:43:46.001: 19 avg_reward: 0.0
2024-05-01 17:43:46.001: 19 avg_steps: 431.1
2024-05-01 17:43:46.001: 19 epsilon: 0.1
2024-05-01 18:03:38.088: 20 test start:
2024-05-01 18:05:15.139: 20 avg_reward: 0.0
2024-05-01 18:05:15.139: 20 avg_steps: 2599.4
2024-05-01 18:05:15.139: 20 epsilon: 0.1
2024-05-01 18:24:36.331: 21 test start:
2024-05-01 18:41:09.446: 21 avg_reward: 0.0
2024-05-01 18:41:09.446: 21 avg_steps: 27000.0
2024-05-01 18:41:09.446: 21 epsilon: 0.1
2024-05-01 18:59:52.428: 22 test start:
2024-05-01 19:12:16.002: 22 avg_reward: 0.0
2024-05-01 19:12:16.002: 22 avg_steps: 20078.9
2024-05-01 19:12:16.002: 22 epsilon: 0.1
2024-05-01 19:31:46.065: 23 test start:
2024-05-01 19:44:17.774: 23 avg_reward: 0.0
2024-05-01 19:44:17.774: 23 avg_steps: 20561.05
2024-05-01 19:44:17.774: 23 epsilon: 0.1
2024-05-01 20:03:29.778: 24 test start:
2024-05-01 20:08:10.709: 24 avg_reward: 0.0
2024-05-01 20:08:10.709: 24 avg_steps: 7506.95
2024-05-01 20:08:10.709: 24 epsilon: 0.1
2024-05-01 20:27:56.513: 25 test start:
2024-05-01 20:28:30.369: 25 avg_reward: 0.0
2024-05-01 20:28:30.370: 25 avg_steps: 910.25
2024-05-01 20:28:30.370: 25 epsilon: 0.1
2024-05-01 20:48:18.905: 26 test start:
2024-05-01 20:49:10.021: 26 avg_reward: 0.0
2024-05-01 20:49:10.021: 26 avg_steps: 1374.15
2024-05-01 20:49:10.022: 26 epsilon: 0.1
2024-05-01 21:08:12.807: 27 test start:
2024-05-01 21:15:32.555: 27 avg_reward: 0.0
2024-05-01 21:15:32.555: 27 avg_steps: 11997.1
2024-05-01 21:15:32.555: 27 epsilon: 0.1
2024-05-01 21:34:45.107: 28 test start:
2024-05-01 21:35:03.060: 28 avg_reward: 0.0
2024-05-01 21:35:03.060: 28 avg_steps: 487.25
2024-05-01 21:35:03.060: 28 epsilon: 0.1
2024-05-01 21:54:14.426: 29 test start:
2024-05-01 21:55:47.174: 29 avg_reward: 0.0
2024-05-01 21:55:47.174: 29 avg_steps: 2518.9
2024-05-01 21:55:47.174: 29 epsilon: 0.1
2024-05-01 22:15:35.121: 30 test start:
2024-05-01 22:20:16.943: 30 avg_reward: 0.0
2024-05-01 22:20:16.943: 30 avg_steps: 7660.7
2024-05-01 22:20:16.943: 30 epsilon: 0.1
2024-05-01 22:39:48.653: 31 test start:
2024-05-01 22:51:17.727: 31 avg_reward: 0.0
2024-05-01 22:51:17.727: 31 avg_steps: 18763.05
2024-05-01 22:51:17.727: 31 epsilon: 0.1
2024-05-01 23:09:59.899: 32 test start:
2024-05-01 23:10:15.692: 32 avg_reward: 0.0
2024-05-01 23:10:15.692: 32 avg_steps: 422.5
2024-05-01 23:10:15.692: 32 epsilon: 0.1
2024-05-01 23:29:30.490: 33 test start:
2024-05-01 23:29:49.600: 33 avg_reward: 0.0
2024-05-01 23:29:49.600: 33 avg_steps: 512.85
2024-05-01 23:29:49.600: 33 epsilon: 0.1
2024-05-01 23:49:07.533: 34 test start:
2024-05-01 23:57:54.888: 34 avg_reward: 0.0
2024-05-01 23:57:54.888: 34 avg_steps: 14388.05
2024-05-01 23:57:54.888: 34 epsilon: 0.1
2024-05-02 00:17:23.563: 35 test start:
2024-05-02 00:17:40.149: 35 avg_reward: 0.0
2024-05-02 00:17:40.149: 35 avg_steps: 443.85
2024-05-02 00:17:40.149: 35 epsilon: 0.1
2024-05-02 00:36:28.791: 36 test start:
2024-05-02 00:36:41.120: 36 avg_reward: 0.0
2024-05-02 00:36:41.120: 36 avg_steps: 321.6
2024-05-02 00:36:41.120: 36 epsilon: 0.1
2024-05-02 00:55:59.317: 37 test start:
2024-05-02 00:57:34.418: 37 avg_reward: 0.0
2024-05-02 00:57:34.418: 37 avg_steps: 2533.4
2024-05-02 00:57:34.418: 37 epsilon: 0.1
2024-05-02 01:17:05.474: 38 test start:
2024-05-02 01:19:09.805: 38 avg_reward: 0.0
2024-05-02 01:19:09.806: 38 avg_steps: 3319.15
2024-05-02 01:19:09.806: 38 epsilon: 0.1
2024-05-02 01:38:26.071: 39 test start:
2024-05-02 01:41:10.761: 39 avg_reward: 0.0
2024-05-02 01:41:10.761: 39 avg_steps: 4411.1
2024-05-02 01:41:10.761: 39 epsilon: 0.1
2024-05-02 02:00:53.679: 40 test start:
2024-05-02 02:15:55.555: 40 avg_reward: 0.0
2024-05-02 02:15:55.555: 40 avg_steps: 24376.4
2024-05-02 02:15:55.555: 40 epsilon: 0.1
2024-05-02 02:35:09.737: 41 test start:
2024-05-02 02:35:20.597: 41 avg_reward: 0.0
2024-05-02 02:35:20.597: 41 avg_steps: 277.8
2024-05-02 02:35:20.597: 41 epsilon: 0.1
2024-05-02 02:54:28.386: 42 test start:
2024-05-02 02:54:57.941: 42 avg_reward: 0.0
2024-05-02 02:54:57.942: 42 avg_steps: 781.6
2024-05-02 02:54:57.942: 42 epsilon: 0.1
2024-05-02 03:14:03.206: 43 test start:
2024-05-02 03:15:11.953: 43 avg_reward: 0.0
2024-05-02 03:15:11.953: 43 avg_steps: 1855.5
2024-05-02 03:15:11.953: 43 epsilon: 0.1
2024-05-02 03:34:19.246: 44 test start:
2024-05-02 03:46:03.567: 44 avg_reward: 0.0
2024-05-02 03:46:03.567: 44 avg_steps: 19152.45
2024-05-02 03:46:03.567: 44 epsilon: 0.1
2024-05-02 04:05:10.327: 45 test start:
2024-05-02 04:05:56.859: 45 avg_reward: 0.0
2024-05-02 04:05:56.859: 45 avg_steps: 1265.35
2024-05-02 04:05:56.860: 45 epsilon: 0.1
2024-05-02 04:25:12.324: 46 test start:
2024-05-02 04:25:37.826: 46 avg_reward: 0.0
2024-05-02 04:25:37.826: 46 avg_steps: 690.35
2024-05-02 04:25:37.826: 46 epsilon: 0.1
2024-05-02 04:45:03.293: 47 test start:
2024-05-02 04:47:39.938: 47 avg_reward: 0.0
2024-05-02 04:47:39.939: 47 avg_steps: 4277.75
2024-05-02 04:47:39.939: 47 epsilon: 0.1
2024-05-02 05:06:52.032: 48 test start:
2024-05-02 05:09:47.332: 48 avg_reward: 0.0
2024-05-02 05:09:47.332: 48 avg_steps: 4774.35
2024-05-02 05:09:47.332: 48 epsilon: 0.1
2024-05-02 05:28:57.354: 49 test start:
2024-05-02 05:31:35.766: 49 avg_reward: 0.0
2024-05-02 05:31:35.766: 49 avg_steps: 4314.05
2024-05-02 05:31:35.766: 49 epsilon: 0.1
2024-05-02 05:50:28.069: 50 test start:
2024-05-02 05:52:31.120: 50 avg_reward: 0.0
2024-05-02 05:52:31.120: 50 avg_steps: 3250.15
2024-05-02 05:52:31.120: 50 epsilon: 0.1
2024-05-02 06:11:39.221: 51 test start:
2024-05-02 06:11:55.686: 51 avg_reward: 0.0
2024-05-02 06:11:55.686: 51 avg_steps: 440.45
2024-05-02 06:11:55.686: 51 epsilon: 0.1
2024-05-02 06:31:07.579: 52 test start:
2024-05-02 06:32:16.059: 52 avg_reward: 0.0
2024-05-02 06:32:16.059: 52 avg_steps: 1902.0
2024-05-02 06:32:16.059: 52 epsilon: 0.1
2024-05-02 06:51:03.233: 53 test start:
2024-05-02 06:52:38.338: 53 avg_reward: 0.0
2024-05-02 06:52:38.339: 53 avg_steps: 2589.3
2024-05-02 06:52:38.339: 53 epsilon: 0.1
2024-05-02 07:11:49.780: 54 test start:
2024-05-02 07:12:51.324: 54 avg_reward: 0.0
2024-05-02 07:12:51.324: 54 avg_steps: 1697.8
2024-05-02 07:12:51.324: 54 epsilon: 0.1
2024-05-02 07:31:55.466: 55 test start:
2024-05-02 07:45:21.950: 55 avg_reward: 0.0
2024-05-02 07:45:21.951: 55 avg_steps: 22261.55
2024-05-02 07:45:21.951: 55 epsilon: 0.1
2024-05-02 08:04:37.086: 56 test start:
2024-05-02 08:05:54.822: 56 avg_reward: 0.0
2024-05-02 08:05:54.823: 56 avg_steps: 2073.95
2024-05-02 08:05:54.823: 56 epsilon: 0.1
2024-05-02 08:24:49.008: 57 test start:
2024-05-02 08:41:13.317: 57 avg_reward: 0.0
2024-05-02 08:41:13.317: 57 avg_steps: 27000.0
2024-05-02 08:41:13.317: 57 epsilon: 0.1
2024-05-02 09:00:20.895: 58 test start:
2024-05-02 09:12:51.573: 58 avg_reward: 0.0
2024-05-02 09:12:51.573: 58 avg_steps: 20484.05
2024-05-02 09:12:51.573: 58 epsilon: 0.1
2024-05-02 09:32:21.422: 59 test start:
2024-05-02 09:35:41.859: 59 avg_reward: 0.0
2024-05-02 09:35:41.859: 59 avg_steps: 5478.75
2024-05-02 09:35:41.859: 59 epsilon: 0.1
2024-05-02 09:54:31.270: 60 test start:
2024-05-02 09:57:00.898: 60 avg_reward: 0.0
2024-05-02 09:57:00.898: 60 avg_steps: 4133.55
2024-05-02 09:57:00.898: 60 epsilon: 0.1
2024-05-02 10:16:19.187: 61 test start:
2024-05-02 10:16:42.958: 61 avg_reward: 0.0
2024-05-02 10:16:42.958: 61 avg_steps: 627.5
2024-05-02 10:16:42.958: 61 epsilon: 0.1
2024-05-02 10:35:43.988: 62 test start:
2024-05-02 10:37:41.487: 62 avg_reward: 0.0
2024-05-02 10:37:41.487: 62 avg_steps: 3218.5
2024-05-02 10:37:41.487: 62 epsilon: 0.1
2024-05-02 10:56:51.843: 63 test start:
2024-05-02 10:57:34.222: 63 avg_reward: 0.0
2024-05-02 10:57:34.222: 63 avg_steps: 1165.05
2024-05-02 10:57:34.222: 63 epsilon: 0.1
2024-05-02 11:16:35.611: 64 test start:
2024-05-02 11:20:18.963: 64 avg_reward: 0.0
2024-05-02 11:20:18.963: 64 avg_steps: 6168.75
2024-05-02 11:20:18.963: 64 epsilon: 0.1
2024-05-02 11:39:31.122: 65 test start:
2024-05-02 11:39:53.783: 65 avg_reward: 0.0
2024-05-02 11:39:53.783: 65 avg_steps: 615.9
2024-05-02 11:39:53.783: 65 epsilon: 0.1
2024-05-02 11:58:52.786: 66 test start:
2024-05-02 12:12:37.308: 66 avg_reward: 0.0
2024-05-02 12:12:37.308: 66 avg_steps: 22241.35
2024-05-02 12:12:37.308: 66 epsilon: 0.1
2024-05-02 12:31:39.473: 67 test start:
2024-05-02 12:47:29.924: 67 avg_reward: 0.0
2024-05-02 12:47:29.924: 67 avg_steps: 25716.2
2024-05-02 12:47:29.924: 67 epsilon: 0.1
2024-05-02 13:06:34.048: 68 test start:
2024-05-02 13:08:11.442: 68 avg_reward: 0.0
2024-05-02 13:08:11.442: 68 avg_steps: 2627.9
2024-05-02 13:08:11.442: 68 epsilon: 0.1
2024-05-02 13:27:23.451: 69 test start:
2024-05-02 13:31:06.741: 69 avg_reward: 0.0
2024-05-02 13:31:06.741: 69 avg_steps: 6203.85
2024-05-02 13:31:06.741: 69 epsilon: 0.1
2024-05-02 13:50:19.035: 70 test start:
2024-05-02 13:51:18.118: 70 avg_reward: 0.0
2024-05-02 13:51:18.118: 70 avg_steps: 1596.5
2024-05-02 13:51:18.118: 70 epsilon: 0.1
2024-05-02 14:10:21.649: 71 test start:
2024-05-02 14:10:49.784: 71 avg_reward: 0.0
2024-05-02 14:10:49.784: 71 avg_steps: 770.35
2024-05-02 14:10:49.784: 71 epsilon: 0.1
2024-05-02 14:30:48.523: 72 test start:
2024-05-02 14:45:51.522: 72 avg_reward: 0.0
2024-05-02 14:45:51.522: 72 avg_steps: 25006.55
2024-05-02 14:45:51.522: 72 epsilon: 0.1
2024-05-02 15:04:22.289: 73 test start:
2024-05-02 15:05:43.220: 73 avg_reward: 0.0
2024-05-02 15:05:43.220: 73 avg_steps: 2165.1
2024-05-02 15:05:43.220: 73 epsilon: 0.1
2024-05-02 15:24:26.230: 74 test start:
2024-05-02 15:26:57.611: 74 avg_reward: 0.0
2024-05-02 15:26:57.611: 74 avg_steps: 4101.25
2024-05-02 15:26:57.611: 74 epsilon: 0.1
2024-05-02 15:46:23.860: 75 test start:
2024-05-02 15:48:00.368: 75 avg_reward: 0.0
2024-05-02 15:48:00.368: 75 avg_steps: 2625.9
2024-05-02 15:48:00.368: 75 epsilon: 0.1
2024-05-02 16:07:06.891: 76 test start:
2024-05-02 16:21:17.857: 76 avg_reward: 0.0
2024-05-02 16:21:17.857: 76 avg_steps: 23220.95
2024-05-02 16:21:17.857: 76 epsilon: 0.1
2024-05-02 16:40:17.531: 77 test start:
2024-05-02 16:42:29.961: 77 avg_reward: 0.0
2024-05-02 16:42:29.961: 77 avg_steps: 3590.6
2024-05-02 16:42:29.961: 77 epsilon: 0.1
2024-05-02 17:01:32.676: 78 test start:
2024-05-02 17:02:14.785: 78 avg_reward: 0.0
2024-05-02 17:02:14.785: 78 avg_steps: 1144.1
2024-05-02 17:02:14.785: 78 epsilon: 0.1
2024-05-02 17:21:19.169: 79 test start:
2024-05-02 17:23:23.077: 79 avg_reward: 0.0
2024-05-02 17:23:23.078: 79 avg_steps: 3381.45
2024-05-02 17:23:23.078: 79 epsilon: 0.1
2024-05-02 17:42:16.369: 80 test start:
2024-05-02 17:43:45.292: 80 avg_reward: 0.0
2024-05-02 17:43:45.292: 80 avg_steps: 2344.4
2024-05-02 17:43:45.292: 80 epsilon: 0.1
2024-05-02 18:03:20.623: 81 test start:
2024-05-02 18:03:39.096: 81 avg_reward: 0.0
2024-05-02 18:03:39.096: 81 avg_steps: 480.15
2024-05-02 18:03:39.096: 81 epsilon: 0.1
2024-05-02 18:22:41.158: 82 test start:
2024-05-02 18:28:54.594: 82 avg_reward: 0.0
2024-05-02 18:28:54.594: 82 avg_steps: 10168.35
2024-05-02 18:28:54.594: 82 epsilon: 0.1
2024-05-02 18:48:19.045: 83 test start:
2024-05-02 18:56:22.503: 83 avg_reward: 0.0
2024-05-02 18:56:22.503: 83 avg_steps: 13389.8
2024-05-02 18:56:22.503: 83 epsilon: 0.1
2024-05-02 19:16:10.470: 84 test start:
2024-05-02 19:25:09.438: 84 avg_reward: 0.0
2024-05-02 19:25:09.439: 84 avg_steps: 14910.0
2024-05-02 19:25:09.439: 84 epsilon: 0.1
2024-05-02 19:44:05.637: 85 test start:
2024-05-02 20:00:27.322: 85 avg_reward: 0.0
2024-05-02 20:00:27.322: 85 avg_steps: 27000.0
2024-05-02 20:00:27.322: 85 epsilon: 0.1
2024-05-02 20:19:40.215: 86 test start:
2024-05-02 20:20:36.068: 86 avg_reward: 0.0
2024-05-02 20:20:36.068: 86 avg_steps: 1494.25
2024-05-02 20:20:36.068: 86 epsilon: 0.1
2024-05-02 20:39:32.345: 87 test start:
2024-05-02 20:39:42.001: 87 avg_reward: 0.0
2024-05-02 20:39:42.001: 87 avg_steps: 252.6
2024-05-02 20:39:42.001: 87 epsilon: 0.1
2024-05-02 20:58:52.392: 88 test start:
2024-05-02 20:59:01.136: 88 avg_reward: 0.0
2024-05-02 20:59:01.136: 88 avg_steps: 229.65
2024-05-02 20:59:01.136: 88 epsilon: 0.1
2024-05-02 21:18:14.112: 89 test start:
2024-05-02 21:22:15.262: 89 avg_reward: 0.0
2024-05-02 21:22:15.262: 89 avg_steps: 6538.75
2024-05-02 21:22:15.262: 89 epsilon: 0.1
2024-05-02 21:41:29.004: 90 test start:
2024-05-02 21:58:02.676: 90 avg_reward: 0.0
2024-05-02 21:58:02.676: 90 avg_steps: 27000.0
2024-05-02 21:58:02.676: 90 epsilon: 0.1
2024-05-02 22:17:16.786: 91 test start:
2024-05-02 22:33:48.983: 91 avg_reward: 0.0
2024-05-02 22:33:48.983: 91 avg_steps: 26927.45
2024-05-02 22:33:48.983: 91 epsilon: 0.1
2024-05-02 22:52:34.920: 92 test start:
2024-05-02 22:57:30.428: 92 avg_reward: 0.0
2024-05-02 22:57:30.428: 92 avg_steps: 8196.75
2024-05-02 22:57:30.428: 92 epsilon: 0.1
2024-05-02 23:16:45.019: 93 test start:
2024-05-02 23:17:08.235: 93 avg_reward: 0.0
2024-05-02 23:17:08.236: 93 avg_steps: 633.9
2024-05-02 23:17:08.236: 93 epsilon: 0.1
2024-05-02 23:36:16.332: 94 test start:
2024-05-02 23:39:29.434: 94 avg_reward: 0.0
2024-05-02 23:39:29.434: 94 avg_steps: 5256.95
2024-05-02 23:39:29.434: 94 epsilon: 0.1
2024-05-02 23:59:31.110: 95 test start:
2024-05-03 00:00:33.396: 95 avg_reward: 0.0
2024-05-03 00:00:33.396: 95 avg_steps: 1728.95
2024-05-03 00:00:33.396: 95 epsilon: 0.1
2024-05-03 00:18:37.993: 96 test start:
2024-05-03 00:22:17.521: 96 avg_reward: 0.0
2024-05-03 00:22:17.521: 96 avg_steps: 5950.8
2024-05-03 00:22:17.521: 96 epsilon: 0.1
2024-05-03 00:41:25.964: 97 test start:
2024-05-03 00:49:03.955: 97 avg_reward: 0.0
2024-05-03 00:49:03.955: 97 avg_steps: 12522.35
2024-05-03 00:49:03.955: 97 epsilon: 0.1
2024-05-03 01:08:04.327: 98 test start:
2024-05-03 01:09:24.990: 98 avg_reward: 0.0
2024-05-03 01:09:24.990: 98 avg_steps: 2208.45
2024-05-03 01:09:24.990: 98 epsilon: 0.1
2024-05-03 01:28:34.946: 99 test start:
2024-05-03 01:31:09.683: 99 avg_reward: 0.0
2024-05-03 01:31:09.683: 99 avg_steps: 4206.55
2024-05-03 01:31:09.683: 99 epsilon: 0.1
2024-05-03 01:49:53.391: 100 test start:
2024-05-03 01:51:00.314: 100 avg_reward: 0.0
2024-05-03 01:51:00.314: 100 avg_steps: 1828.2
2024-05-03 01:51:00.314: 100 epsilon: 0.1
2024-05-03 02:10:07.718: 101 test start:
2024-05-03 02:10:42.608: 101 avg_reward: 0.0
2024-05-03 02:10:42.609: 101 avg_steps: 970.85
2024-05-03 02:10:42.609: 101 epsilon: 0.1
2024-05-03 02:32:35.713: 102 test start:
2024-05-03 02:45:59.686: 102 avg_reward: 75.0
2024-05-03 02:45:59.687: 102 avg_steps: 22003.45
2024-05-03 02:45:59.687: 102 epsilon: 0.1
2024-05-03 03:04:36.675: 103 test start:
2024-05-03 03:10:50.695: 103 avg_reward: 5.0
2024-05-03 03:10:50.695: 103 avg_steps: 10189.75
2024-05-03 03:10:50.695: 103 epsilon: 0.1
2024-05-03 03:27:56.750: 104 test start:
2024-05-03 03:35:31.197: 104 avg_reward: 30.0
2024-05-03 03:35:31.197: 104 avg_steps: 12493.75
2024-05-03 03:35:31.197: 104 epsilon: 0.1
2024-05-03 03:58:29.786: 105 test start:
2024-05-03 04:09:22.957: 105 avg_reward: 10.0
2024-05-03 04:09:22.957: 105 avg_steps: 17772.45
2024-05-03 04:09:22.957: 105 epsilon: 0.1
2024-05-03 04:27:27.823: 106 test start:
2024-05-03 04:42:22.621: 106 avg_reward: 35.0
2024-05-03 04:42:22.621: 106 avg_steps: 24368.7
2024-05-03 04:42:22.621: 106 epsilon: 0.1
2024-05-03 05:02:55.571: 107 test start:
2024-05-03 05:16:06.834: 107 avg_reward: 0.0
2024-05-03 05:16:06.834: 107 avg_steps: 21649.75
2024-05-03 05:16:06.834: 107 epsilon: 0.1
2024-05-03 05:31:39.010: 108 test start:
2024-05-03 05:47:12.333: 108 avg_reward: 20.0
2024-05-03 05:47:12.333: 108 avg_steps: 25712.9
2024-05-03 05:47:12.333: 108 epsilon: 0.1
2024-05-03 06:08:05.941: 109 test start:
2024-05-03 06:13:06.160: 109 avg_reward: 0.0
2024-05-03 06:13:06.160: 109 avg_steps: 8327.35
2024-05-03 06:13:06.160: 109 epsilon: 0.1
2024-05-03 06:30:26.384: 110 test start:
2024-05-03 06:34:13.140: 110 avg_reward: 15.0
2024-05-03 06:34:13.141: 110 avg_steps: 6171.15
2024-05-03 06:34:13.141: 110 epsilon: 0.1
2024-05-03 06:53:27.772: 111 test start:
2024-05-03 06:58:46.774: 111 avg_reward: 0.0
2024-05-03 06:58:46.774: 111 avg_steps: 8714.1
2024-05-03 06:58:46.774: 111 epsilon: 0.1
2024-05-03 07:19:13.459: 112 test start:
2024-05-03 07:23:56.241: 112 avg_reward: 0.0
2024-05-03 07:23:56.241: 112 avg_steps: 7734.0
2024-05-03 07:23:56.241: 112 epsilon: 0.1
2024-05-03 07:44:01.273: 113 test start:
2024-05-03 07:55:41.204: 113 avg_reward: 45.0
2024-05-03 07:55:41.204: 113 avg_steps: 19120.15
2024-05-03 07:55:41.205: 113 epsilon: 0.1
2024-05-03 08:15:31.027: 114 test start:
2024-05-03 08:30:13.748: 114 avg_reward: 20.0
2024-05-03 08:30:13.748: 114 avg_steps: 24022.45
2024-05-03 08:30:13.748: 114 epsilon: 0.1
2024-05-03 08:49:57.812: 115 test start:
2024-05-03 09:01:45.532: 115 avg_reward: 75.0
2024-05-03 09:01:45.532: 115 avg_steps: 19219.6
2024-05-03 09:01:45.532: 115 epsilon: 0.1
2024-05-03 09:17:36.228: 116 test start:
2024-05-03 09:29:22.063: 116 avg_reward: 110.0
2024-05-03 09:29:22.063: 116 avg_steps: 19263.4
2024-05-03 09:29:22.063: 116 epsilon: 0.1
2024-05-03 09:49:18.244: 117 test start:
2024-05-03 09:57:55.135: 117 avg_reward: 175.0
2024-05-03 09:57:55.135: 117 avg_steps: 14012.9
2024-05-03 09:57:55.135: 117 epsilon: 0.1
2024-05-03 10:17:46.281: 118 test start:
2024-05-03 10:32:58.921: 118 avg_reward: 100.0
2024-05-03 10:32:58.921: 118 avg_steps: 24677.95
2024-05-03 10:32:58.921: 118 epsilon: 0.1
2024-05-03 10:54:35.479: 119 test start:
2024-05-03 11:03:52.655: 119 avg_reward: 230.0
2024-05-03 11:03:52.655: 119 avg_steps: 15297.2
2024-05-03 11:03:52.655: 119 epsilon: 0.1
2024-05-03 11:18:36.257: 120 test start:
2024-05-03 11:21:10.421: 120 avg_reward: 140.0
2024-05-03 11:21:10.422: 120 avg_steps: 4172.7
2024-05-03 11:21:10.422: 120 epsilon: 0.1
2024-05-03 11:41:35.385: 121 test start:
2024-05-03 11:47:30.480: 121 avg_reward: 120.0
2024-05-03 11:47:30.480: 121 avg_steps: 9836.8
2024-05-03 11:47:30.480: 121 epsilon: 0.1
2024-05-03 12:06:25.557: 122 test start:
2024-05-03 12:20:16.207: 122 avg_reward: 100.0
2024-05-03 12:20:16.207: 122 avg_steps: 22916.6
2024-05-03 12:20:16.207: 122 epsilon: 0.1
2024-05-03 12:43:50.753: 123 test start:
2024-05-03 12:58:24.999: 123 avg_reward: 145.0
2024-05-03 12:58:24.999: 123 avg_steps: 24357.65
2024-05-03 12:58:24.999: 123 epsilon: 0.1
2024-05-03 13:13:28.022: 124 test start:
2024-05-03 13:26:50.859: 124 avg_reward: 40.0
2024-05-03 13:26:50.859: 124 avg_steps: 22322.75
2024-05-03 13:26:50.859: 124 epsilon: 0.1
2024-05-03 13:49:44.400: 125 test start:
2024-05-03 13:50:49.086: 125 avg_reward: 5.0
2024-05-03 13:50:49.087: 125 avg_steps: 1760.5
2024-05-03 13:50:49.087: 125 epsilon: 0.1
2024-05-03 14:10:49.901: 126 test start:
2024-05-03 14:11:06.938: 126 avg_reward: 10.0
2024-05-03 14:11:06.938: 126 avg_steps: 456.35
2024-05-03 14:11:06.938: 126 epsilon: 0.1
2024-05-03 14:25:39.152: 127 test start:
2024-05-03 14:30:36.739: 127 avg_reward: 85.0
2024-05-03 14:30:36.739: 127 avg_steps: 8208.75
2024-05-03 14:30:36.739: 127 epsilon: 0.1
2024-05-03 14:49:36.644: 128 test start:
2024-05-03 14:55:52.740: 128 avg_reward: 205.0
2024-05-03 14:55:52.740: 128 avg_steps: 10238.2
2024-05-03 14:55:52.740: 128 epsilon: 0.1
2024-05-03 15:14:55.738: 129 test start:
2024-05-03 15:15:48.716: 129 avg_reward: 45.0
2024-05-03 15:15:48.716: 129 avg_steps: 1465.75
2024-05-03 15:15:48.716: 129 epsilon: 0.1
2024-05-03 15:36:33.696: 130 test start:
2024-05-03 15:43:18.294: 130 avg_reward: 320.0
2024-05-03 15:43:18.294: 130 avg_steps: 11284.5
2024-05-03 15:43:18.294: 130 epsilon: 0.1
2024-05-03 16:01:01.203: 131 test start:
2024-05-03 16:10:00.791: 131 avg_reward: 380.0
2024-05-03 16:10:00.792: 131 avg_steps: 14839.0
2024-05-03 16:10:00.792: 131 epsilon: 0.1
2024-05-03 16:31:28.424: 132 test start:
2024-05-03 16:43:11.739: 132 avg_reward: 400.0
2024-05-03 16:43:11.739: 132 avg_steps: 19166.6
2024-05-03 16:43:11.739: 132 epsilon: 0.1
2024-05-03 17:04:06.837: 133 test start:
2024-05-03 17:10:00.795: 133 avg_reward: 160.0
2024-05-03 17:10:00.795: 133 avg_steps: 9792.5
2024-05-03 17:10:00.795: 133 epsilon: 0.1
2024-05-03 17:25:48.831: 134 test start:
2024-05-03 17:38:23.820: 134 avg_reward: 220.0
2024-05-03 17:38:23.820: 134 avg_steps: 20783.9
2024-05-03 17:38:23.821: 134 epsilon: 0.1
2024-05-03 17:57:39.632: 135 test start:
2024-05-03 18:11:40.735: 135 avg_reward: 380.0
2024-05-03 18:11:40.735: 135 avg_steps: 23047.9
2024-05-03 18:11:40.735: 135 epsilon: 0.1
2024-05-03 18:33:47.773: 136 test start:
2024-05-03 18:37:39.682: 136 avg_reward: 95.0
2024-05-03 18:37:39.682: 136 avg_steps: 6430.55
2024-05-03 18:37:39.682: 136 epsilon: 0.1
2024-05-03 18:55:12.493: 137 test start:
2024-05-03 18:56:33.756: 137 avg_reward: 40.0
2024-05-03 18:56:33.757: 137 avg_steps: 2242.5
2024-05-03 18:56:33.757: 137 epsilon: 0.1
2024-05-03 19:18:22.656: 138 test start:
2024-05-03 19:32:22.335: 138 avg_reward: 400.0
2024-05-03 19:32:22.335: 138 avg_steps: 23121.2
2024-05-03 19:32:22.335: 138 epsilon: 0.1
2024-05-03 19:51:42.682: 139 test start:
2024-05-03 19:54:00.392: 139 avg_reward: 140.0
2024-05-03 19:54:00.392: 139 avg_steps: 3732.4
2024-05-03 19:54:00.392: 139 epsilon: 0.1
2024-05-03 20:11:50.603: 140 test start:
2024-05-03 20:25:37.124: 140 avg_reward: 200.0
2024-05-03 20:25:37.124: 140 avg_steps: 22932.35
2024-05-03 20:25:37.124: 140 epsilon: 0.1
2024-05-03 20:45:54.976: 141 test start:
2024-05-03 20:48:31.427: 141 avg_reward: 400.0
2024-05-03 20:48:31.427: 141 avg_steps: 4419.55
2024-05-03 20:48:31.427: 141 epsilon: 0.1
2024-05-03 21:04:25.816: 142 test start:
2024-05-03 21:15:42.706: 142 avg_reward: 380.0
2024-05-03 21:15:42.706: 142 avg_steps: 18929.45
2024-05-03 21:15:42.706: 142 epsilon: 0.1
2024-05-03 21:33:34.265: 143 test start:
2024-05-03 21:43:08.604: 143 avg_reward: 400.0
2024-05-03 21:43:08.604: 143 avg_steps: 15905.05
2024-05-03 21:43:08.604: 143 epsilon: 0.1
2024-05-03 22:02:31.288: 144 test start:
2024-05-03 22:09:38.805: 144 avg_reward: 400.0
2024-05-03 22:09:38.805: 144 avg_steps: 11857.6
2024-05-03 22:09:38.805: 144 epsilon: 0.1
2024-05-03 22:29:17.922: 145 test start:
2024-05-03 22:32:15.031: 145 avg_reward: 400.0
2024-05-03 22:32:15.031: 145 avg_steps: 4986.45
2024-05-03 22:32:15.031: 145 epsilon: 0.1
2024-05-03 22:54:20.842: 146 test start:
2024-05-03 23:03:32.450: 146 avg_reward: 385.0
2024-05-03 23:03:32.450: 146 avg_steps: 15667.45
2024-05-03 23:03:32.450: 146 epsilon: 0.1
2024-05-03 23:20:46.977: 147 test start:
2024-05-03 23:35:49.855: 147 avg_reward: 420.0
2024-05-03 23:35:49.855: 147 avg_steps: 24852.3
2024-05-03 23:35:49.855: 147 epsilon: 0.1
2024-05-03 23:56:26.721: 148 test start:
2024-05-04 00:08:32.565: 148 avg_reward: 400.0
2024-05-04 00:08:32.565: 148 avg_steps: 19825.45
2024-05-04 00:08:32.565: 148 epsilon: 0.1
2024-05-04 00:26:33.071: 149 test start:
2024-05-04 00:36:16.317: 149 avg_reward: 405.0
2024-05-04 00:36:16.317: 149 avg_steps: 16317.9
2024-05-04 00:36:16.317: 149 epsilon: 0.1
2024-05-04 00:54:39.548: 150 test start:
2024-05-04 01:02:16.412: 150 avg_reward: 400.0
2024-05-04 01:02:16.413: 150 avg_steps: 12403.1
2024-05-04 01:02:16.413: 150 epsilon: 0.1
2024-05-04 01:21:22.699: 151 test start:
2024-05-04 01:25:28.137: 151 avg_reward: 400.0
2024-05-04 01:25:28.137: 151 avg_steps: 6827.45
2024-05-04 01:25:28.137: 151 epsilon: 0.1
2024-05-04 01:43:57.022: 152 test start:
2024-05-04 01:46:14.876: 152 avg_reward: 400.0
2024-05-04 01:46:14.876: 152 avg_steps: 3770.6
2024-05-04 01:46:14.876: 152 epsilon: 0.1
2024-05-04 02:08:22.994: 153 test start:
2024-05-04 02:22:38.504: 153 avg_reward: 400.0
2024-05-04 02:22:38.504: 153 avg_steps: 23399.95
2024-05-04 02:22:38.504: 153 epsilon: 0.1
2024-05-04 02:39:21.270: 154 test start:
2024-05-04 02:45:31.727: 154 avg_reward: 400.0
2024-05-04 02:45:31.727: 154 avg_steps: 10152.05
2024-05-04 02:45:31.727: 154 epsilon: 0.1
2024-05-04 03:07:36.241: 155 test start:
2024-05-04 03:19:48.514: 155 avg_reward: 460.0
2024-05-04 03:19:48.514: 155 avg_steps: 20566.4
2024-05-04 03:19:48.514: 155 epsilon: 0.1
2024-05-04 03:35:30.536: 156 test start:
2024-05-04 03:42:55.431: 156 avg_reward: 385.0
2024-05-04 03:42:55.431: 156 avg_steps: 12505.8
2024-05-04 03:42:55.431: 156 epsilon: 0.1
2024-05-04 04:02:00.976: 157 test start:
2024-05-04 04:14:59.351: 157 avg_reward: 400.0
2024-05-04 04:14:59.351: 157 avg_steps: 22081.4
2024-05-04 04:14:59.351: 157 epsilon: 0.1
2024-05-04 04:36:28.624: 158 test start:
2024-05-04 04:48:49.838: 158 avg_reward: 400.0
2024-05-04 04:48:49.838: 158 avg_steps: 20693.65
2024-05-04 04:48:49.838: 158 epsilon: 0.1
2024-05-04 05:09:03.359: 159 test start:
2024-05-04 05:17:58.688: 159 avg_reward: 400.0
2024-05-04 05:17:58.688: 159 avg_steps: 14786.25
2024-05-04 05:17:58.688: 159 epsilon: 0.1
2024-05-04 05:34:54.771: 160 test start:
2024-05-04 05:36:05.681: 160 avg_reward: 400.0
2024-05-04 05:36:05.682: 160 avg_steps: 1935.3
2024-05-04 05:36:05.682: 160 epsilon: 0.1
2024-05-04 05:55:10.114: 161 test start:
2024-05-04 06:04:25.105: 161 avg_reward: 400.0
2024-05-04 06:04:25.106: 161 avg_steps: 15422.9
2024-05-04 06:04:25.106: 161 epsilon: 0.1
2024-05-04 06:28:12.781: 162 test start:
2024-05-04 06:33:08.112: 162 avg_reward: 400.0
2024-05-04 06:33:08.112: 162 avg_steps: 8245.55
2024-05-04 06:33:08.112: 162 epsilon: 0.1
2024-05-04 06:48:07.982: 163 test start:
2024-05-04 06:51:00.443: 163 avg_reward: 410.0
2024-05-04 06:51:00.443: 163 avg_steps: 4806.95
2024-05-04 06:51:00.443: 163 epsilon: 0.1
2024-05-04 07:14:58.121: 164 test start:
2024-05-04 07:27:48.940: 164 avg_reward: 425.0
2024-05-04 07:27:48.940: 164 avg_steps: 21714.15
2024-05-04 07:27:48.941: 164 epsilon: 0.1
2024-05-04 07:46:10.321: 165 test start:
2024-05-04 07:57:48.477: 165 avg_reward: 405.0
2024-05-04 07:57:48.477: 165 avg_steps: 19091.35
2024-05-04 07:57:48.477: 165 epsilon: 0.1
2024-05-04 08:13:28.838: 166 test start:
2024-05-04 08:26:29.839: 166 avg_reward: 400.0
2024-05-04 08:26:29.840: 166 avg_steps: 21442.35
2024-05-04 08:26:29.840: 166 epsilon: 0.1
2024-05-04 08:47:08.206: 167 test start:
2024-05-04 09:01:49.930: 167 avg_reward: 400.0
2024-05-04 09:01:49.930: 167 avg_steps: 23816.75
2024-05-04 09:01:49.930: 167 epsilon: 0.1
2024-05-04 09:19:12.484: 168 test start:
2024-05-04 09:34:08.040: 168 avg_reward: 400.0
2024-05-04 09:34:08.041: 168 avg_steps: 24339.95
2024-05-04 09:34:08.041: 168 epsilon: 0.1
2024-05-04 09:54:01.346: 169 test start:
2024-05-04 10:06:08.522: 169 avg_reward: 400.0
2024-05-04 10:06:08.522: 169 avg_steps: 25085.5
2024-05-04 10:06:08.522: 169 epsilon: 0.1
2024-05-04 10:23:00.651: 170 test start:
2024-05-04 10:29:25.324: 170 avg_reward: 400.0
2024-05-04 10:29:25.324: 170 avg_steps: 9871.6
2024-05-04 10:29:25.324: 170 epsilon: 0.1
2024-05-04 10:45:44.460: 171 test start:
2024-05-04 10:52:16.828: 171 avg_reward: 400.0
2024-05-04 10:52:16.828: 171 avg_steps: 9979.7
2024-05-04 10:52:16.828: 171 epsilon: 0.1
2024-05-04 11:13:04.979: 172 test start:
2024-05-04 11:17:50.834: 172 avg_reward: 400.0
2024-05-04 11:17:50.834: 172 avg_steps: 7096.55
2024-05-04 11:17:50.834: 172 epsilon: 0.1
2024-05-04 11:39:49.737: 173 test start:
2024-05-04 11:53:45.021: 173 avg_reward: 405.0
2024-05-04 11:53:45.021: 173 avg_steps: 21317.8
2024-05-04 11:53:45.021: 173 epsilon: 0.1
2024-05-04 12:16:23.228: 174 test start:
2024-05-04 12:27:28.829: 174 avg_reward: 400.0
2024-05-04 12:27:28.829: 174 avg_steps: 16923.8
2024-05-04 12:27:28.829: 174 epsilon: 0.1
2024-05-04 12:46:51.958: 175 test start:
2024-05-04 12:47:12.055: 175 avg_reward: 400.0
2024-05-04 12:47:12.055: 175 avg_steps: 504.45
2024-05-04 12:47:12.055: 175 epsilon: 0.1
2024-05-04 13:11:34.856: 176 test start:
2024-05-04 13:12:44.146: 176 avg_reward: 400.0
2024-05-04 13:12:44.146: 176 avg_steps: 1666.75
2024-05-04 13:12:44.146: 176 epsilon: 0.1
2024-05-04 13:32:12.518: 177 test start:
2024-05-04 13:32:49.187: 177 avg_reward: 400.0
2024-05-04 13:32:49.187: 177 avg_steps: 902.75
2024-05-04 13:32:49.187: 177 epsilon: 0.1
2024-05-04 13:56:15.918: 178 test start:
2024-05-04 14:06:34.273: 178 avg_reward: 400.0
2024-05-04 14:06:34.273: 178 avg_steps: 15593.25
2024-05-04 14:06:34.273: 178 epsilon: 0.1
2024-05-04 14:27:34.019: 179 test start:
2024-05-04 14:34:00.493: 179 avg_reward: 400.0
2024-05-04 14:34:00.493: 179 avg_steps: 9791.95
2024-05-04 14:34:00.493: 179 epsilon: 0.1
2024-05-04 14:56:13.207: 180 test start:
2024-05-04 15:07:34.519: 180 avg_reward: 410.0
2024-05-04 15:07:34.520: 180 avg_steps: 17271.3
2024-05-04 15:07:34.520: 180 epsilon: 0.1
2024-05-04 15:34:29.220: 181 test start:
2024-05-04 15:47:38.710: 181 avg_reward: 405.0
2024-05-04 15:47:38.710: 181 avg_steps: 19509.5
2024-05-04 15:47:38.710: 181 epsilon: 0.1
2024-05-04 16:06:16.114: 182 test start:
2024-05-04 16:12:27.829: 182 avg_reward: 400.0
2024-05-04 16:12:27.829: 182 avg_steps: 9391.55
2024-05-04 16:12:27.829: 182 epsilon: 0.1
2024-05-04 16:36:36.404: 183 test start:
2024-05-04 16:44:20.689: 183 avg_reward: 400.0
2024-05-04 16:44:20.689: 183 avg_steps: 11645.5
2024-05-04 16:44:20.689: 183 epsilon: 0.1
2024-05-04 17:02:32.512: 184 test start:
2024-05-04 17:19:18.141: 184 avg_reward: 400.0
2024-05-04 17:19:18.141: 184 avg_steps: 25598.1
2024-05-04 17:19:18.141: 184 epsilon: 0.1
2024-05-04 17:46:32.134: 185 test start:
2024-05-04 18:00:10.417: 185 avg_reward: 400.0
2024-05-04 18:00:10.417: 185 avg_steps: 20537.5
2024-05-04 18:00:10.417: 185 epsilon: 0.1
2024-05-04 18:21:58.304: 186 test start:
2024-05-04 18:36:22.366: 186 avg_reward: 400.0
2024-05-04 18:36:22.366: 186 avg_steps: 21935.75
2024-05-04 18:36:22.366: 186 epsilon: 0.1
2024-05-04 18:56:21.060: 187 test start:
2024-05-04 19:02:44.220: 187 avg_reward: 400.0
2024-05-04 19:02:44.220: 187 avg_steps: 9487.9
2024-05-04 19:02:44.220: 187 epsilon: 0.1
2024-05-04 19:26:34.640: 188 test start:
2024-05-04 19:29:37.259: 188 avg_reward: 400.0
2024-05-04 19:29:37.259: 188 avg_steps: 4559.4
2024-05-04 19:29:37.259: 188 epsilon: 0.1
2024-05-04 19:47:32.035: 189 test start:
2024-05-04 19:54:14.976: 189 avg_reward: 410.0
2024-05-04 19:54:14.976: 189 avg_steps: 10418.8
2024-05-04 19:54:14.976: 189 epsilon: 0.1
2024-05-04 20:18:41.552: 190 test start:
2024-05-04 20:24:35.683: 190 avg_reward: 400.0
2024-05-04 20:24:35.683: 190 avg_steps: 9045.2
2024-05-04 20:24:35.683: 190 epsilon: 0.1
2024-05-04 20:44:46.803: 191 test start:
2024-05-04 20:49:13.893: 191 avg_reward: 400.0
2024-05-04 20:49:13.893: 191 avg_steps: 6962.65
2024-05-04 20:49:13.893: 191 epsilon: 0.1
2024-05-04 21:08:13.638: 192 test start:
2024-05-04 21:21:52.208: 192 avg_reward: 400.0
2024-05-04 21:21:52.208: 192 avg_steps: 21345.85
2024-05-04 21:21:52.208: 192 epsilon: 0.1
2024-05-04 21:44:40.208: 193 test start:
2024-05-04 21:56:49.078: 193 avg_reward: 410.0
2024-05-04 21:56:49.078: 193 avg_steps: 18895.15
2024-05-04 21:56:49.078: 193 epsilon: 0.1
2024-05-04 22:18:16.634: 194 test start:
2024-05-04 22:26:39.138: 194 avg_reward: 400.0
2024-05-04 22:26:39.138: 194 avg_steps: 12809.1
2024-05-04 22:26:39.138: 194 epsilon: 0.1
2024-05-04 22:48:24.742: 195 test start:
2024-05-04 22:53:15.292: 195 avg_reward: 400.0
2024-05-04 22:53:15.292: 195 avg_steps: 7236.15
2024-05-04 22:53:15.292: 195 epsilon: 0.1
2024-05-04 23:14:18.382: 196 test start:
2024-05-04 23:18:29.249: 196 avg_reward: 400.0
2024-05-04 23:18:29.249: 196 avg_steps: 6327.1
2024-05-04 23:18:29.249: 196 epsilon: 0.1
2024-05-04 23:41:26.835: 197 test start:
2024-05-04 23:50:01.972: 197 avg_reward: 400.0
2024-05-04 23:50:01.972: 197 avg_steps: 13193.55
2024-05-04 23:50:01.972: 197 epsilon: 0.1
2024-05-05 00:15:15.995: 198 test start:
2024-05-05 00:26:54.409: 198 avg_reward: 400.0
2024-05-05 00:26:54.409: 198 avg_steps: 17852.7
2024-05-05 00:26:54.409: 198 epsilon: 0.1
2024-05-05 00:44:59.312: 199 test start:
2024-05-05 00:48:26.292: 199 avg_reward: 400.0
2024-05-05 00:48:26.293: 199 avg_steps: 5121.65
2024-05-05 00:48:26.293: 199 epsilon: 0.1
2024-05-05 01:10:09.020: 200 test start:
2024-05-05 01:16:23.525: 200 avg_reward: 425.0
2024-05-05 01:16:23.526: 200 avg_steps: 9664.1
2024-05-05 01:16:23.526: 200 epsilon: 0.1
2024-05-05 01:41:45.241: 201 test start:
2024-05-05 01:49:21.139: 201 avg_reward: 400.0
2024-05-05 01:49:21.139: 201 avg_steps: 11581.95
2024-05-05 01:49:21.139: 201 epsilon: 0.1
2024-05-05 02:06:52.780: 202 test start:
2024-05-05 02:13:41.930: 202 avg_reward: 430.0
2024-05-05 02:13:41.930: 202 avg_steps: 10341.9
2024-05-05 02:13:41.930: 202 epsilon: 0.1
2024-05-05 02:38:19.410: 203 test start:
2024-05-05 02:43:44.266: 203 avg_reward: 400.0
2024-05-05 02:43:44.266: 203 avg_steps: 8204.6
2024-05-05 02:43:44.266: 203 epsilon: 0.1
2024-05-05 03:02:11.317: 204 test start:
2024-05-05 03:18:42.317: 204 avg_reward: 470.0
2024-05-05 03:18:42.318: 204 avg_steps: 25700.5
2024-05-05 03:18:42.318: 204 epsilon: 0.1
2024-05-05 03:44:43.647: 205 test start:
2024-05-05 03:46:55.844: 205 avg_reward: 405.0
2024-05-05 03:46:55.844: 205 avg_steps: 3347.35
2024-05-05 03:46:55.845: 205 epsilon: 0.1
2024-05-05 04:08:21.111: 206 test start:
2024-05-05 04:25:59.555: 206 avg_reward: 315.0
2024-05-05 04:25:59.555: 206 avg_steps: 27000.0
2024-05-05 04:25:59.555: 206 epsilon: 0.1
2024-05-05 04:45:40.223: 207 test start:
2024-05-05 04:50:45.308: 207 avg_reward: 400.0
2024-05-05 04:50:45.308: 207 avg_steps: 7796.4
2024-05-05 04:50:45.308: 207 epsilon: 0.1
2024-05-05 05:15:14.568: 208 test start:
2024-05-05 05:15:50.315: 208 avg_reward: 400.0
2024-05-05 05:15:50.316: 208 avg_steps: 908.55
2024-05-05 05:15:50.316: 208 epsilon: 0.1
2024-05-05 05:32:50.073: 209 test start:
2024-05-05 05:37:34.976: 209 avg_reward: 400.0
2024-05-05 05:37:34.976: 209 avg_steps: 7163.7
2024-05-05 05:37:34.976: 209 epsilon: 0.1
2024-05-05 06:01:05.336: 210 test start:
2024-05-05 06:17:59.296: 210 avg_reward: 475.0
2024-05-05 06:17:59.296: 210 avg_steps: 27000.0
2024-05-05 06:17:59.296: 210 epsilon: 0.1
2024-05-05 06:38:11.754: 211 test start:
2024-05-05 06:54:00.057: 211 avg_reward: 590.0
2024-05-05 06:54:00.057: 211 avg_steps: 24932.6
2024-05-05 06:54:00.057: 211 epsilon: 0.1
2024-05-05 07:16:05.769: 212 test start:
2024-05-05 07:22:57.350: 212 avg_reward: 1000.0
2024-05-05 07:22:57.350: 212 avg_steps: 11001.4
2024-05-05 07:22:57.350: 212 epsilon: 0.1
2024-05-05 07:44:13.239: 213 test start:
2024-05-05 07:47:15.181: 213 avg_reward: 500.0
2024-05-05 07:47:15.181: 213 avg_steps: 4913.8
2024-05-05 07:47:15.181: 213 epsilon: 0.1
2024-05-05 08:10:57.226: 214 test start:
2024-05-05 08:26:58.311: 214 avg_reward: 480.0
2024-05-05 08:26:58.311: 214 avg_steps: 25668.85
2024-05-05 08:26:58.311: 214 epsilon: 0.1
2024-05-05 08:45:17.326: 215 test start:
2024-05-05 08:59:41.542: 215 avg_reward: 595.0
2024-05-05 08:59:41.542: 215 avg_steps: 23016.25
2024-05-05 08:59:41.542: 215 epsilon: 0.1
2024-05-05 09:22:53.395: 216 test start:
2024-05-05 09:35:47.684: 216 avg_reward: 400.0
2024-05-05 09:35:47.684: 216 avg_steps: 20402.1
2024-05-05 09:35:47.684: 216 epsilon: 0.1
2024-05-05 09:53:00.089: 217 test start:
2024-05-05 09:55:17.883: 217 avg_reward: 400.0
2024-05-05 09:55:17.883: 217 avg_steps: 3415.6
2024-05-05 09:55:17.883: 217 epsilon: 0.1
2024-05-05 10:21:48.839: 218 test start:
2024-05-05 10:39:06.211: 218 avg_reward: 425.0
2024-05-05 10:39:06.211: 218 avg_steps: 27000.0
2024-05-05 10:39:06.211: 218 epsilon: 0.1
2024-05-05 10:56:12.108: 219 test start:
2024-05-05 11:08:52.422: 219 avg_reward: 385.0
2024-05-05 11:08:52.422: 219 avg_steps: 19876.35
2024-05-05 11:08:52.422: 219 epsilon: 0.1
2024-05-05 11:33:53.228: 220 test start:
2024-05-05 11:50:17.124: 220 avg_reward: 400.0
2024-05-05 11:50:17.124: 220 avg_steps: 25860.5
2024-05-05 11:50:17.125: 220 epsilon: 0.1
2024-05-05 12:09:42.670: 221 test start:
2024-05-05 12:22:36.412: 221 avg_reward: 385.0
2024-05-05 12:22:36.412: 221 avg_steps: 20605.75
2024-05-05 12:22:36.412: 221 epsilon: 0.1
2024-05-05 12:46:27.726: 222 test start:
2024-05-05 13:03:57.827: 222 avg_reward: 500.0
2024-05-05 13:03:57.827: 222 avg_steps: 27000.0
2024-05-05 13:03:57.827: 222 epsilon: 0.1
2024-05-05 13:21:48.558: 223 test start:
2024-05-05 13:39:08.168: 223 avg_reward: 490.0
2024-05-05 13:39:08.168: 223 avg_steps: 27000.0
2024-05-05 13:39:08.168: 223 epsilon: 0.1
2024-05-05 14:03:28.031: 224 test start:
2024-05-05 14:20:43.770: 224 avg_reward: 475.0
2024-05-05 14:20:43.770: 224 avg_steps: 27000.0
2024-05-05 14:20:43.770: 224 epsilon: 0.1
