2024-05-01 10:28:12.578: 
parameters:agent_saving_period: 80000
agent_test_episodes: 20
batch_num_per_epoch: 100000
device: cuda:0
env_name: ALE/MontezumaRevenge-v5
epsilon_for_test: 0.05
epsilon_max: 1.0
epsilon_min: 0.1
exploration_steps: 1000000
gamma: 0.99
input_frame_height: 84
input_frame_width: 84
learning_rate: 1.0e-05
log_path: ../exps/dqn/
mini_batch_size: 32
no_op: 30
phi_channel: 4
replay_buffer_size: 200000
replay_start_size: 10000
save_path: ./exps/
skip_k_frame: 4
step_c: 10000
training_steps: 50000000

2024-05-01 10:46:58.046: 1 test start:
2024-05-01 10:47:26.887: 1 avg_reward: 0.0
2024-05-01 10:47:26.888: 1 avg_steps: 733.25
2024-05-01 10:47:26.888: 1 epsilon: 0.9221284
2024-05-01 11:11:57.421: 2 test start:
2024-05-01 11:12:17.113: 2 avg_reward: 0.0
2024-05-01 11:12:17.113: 2 avg_steps: 533.95
2024-05-01 11:12:17.113: 2 epsilon: 0.8364178
2024-05-01 11:38:29.799: 3 test start:
2024-05-01 11:55:05.705: 3 avg_reward: 0.0
2024-05-01 11:55:05.705: 3 avg_steps: 27000.0
2024-05-01 11:55:05.705: 3 epsilon: 0.7496640999999999
2024-05-01 12:21:23.389: 4 test start:
2024-05-01 12:23:21.286: 4 avg_reward: 0.0
2024-05-01 12:23:21.286: 4 avg_steps: 3213.35
2024-05-01 12:23:21.287: 4 epsilon: 0.6632308
2024-05-01 12:49:07.462: 5 test start:
2024-05-01 12:49:41.800: 5 avg_reward: 0.0
2024-05-01 12:49:41.800: 5 avg_steps: 958.0
2024-05-01 12:49:41.800: 5 epsilon: 0.5775058
2024-05-01 13:15:05.073: 6 test start:
2024-05-01 13:22:05.992: 6 avg_reward: 0.0
2024-05-01 13:22:05.992: 6 avg_steps: 11278.25
2024-05-01 13:22:05.992: 6 epsilon: 0.4921318
2024-05-01 13:48:10.835: 7 test start:
2024-05-01 14:03:02.395: 7 avg_reward: 0.0
2024-05-01 14:03:02.396: 7 avg_steps: 25260.7
2024-05-01 14:03:02.396: 7 epsilon: 0.4073194
2024-05-01 14:28:57.238: 8 test start:
2024-05-01 14:29:24.617: 8 avg_reward: 0.0
2024-05-01 14:29:24.617: 8 avg_steps: 738.55
2024-05-01 14:29:24.617: 8 epsilon: 0.3225781
2024-05-01 14:55:10.390: 9 test start:
2024-05-01 14:58:28.655: 9 avg_reward: 0.0
2024-05-01 14:58:28.656: 9 avg_steps: 5443.85
2024-05-01 14:58:28.656: 9 epsilon: 0.23614479999999993
2024-05-01 15:24:17.439: 10 test start:
2024-05-01 15:29:10.576: 10 avg_reward: 0.0
2024-05-01 15:29:10.576: 10 avg_steps: 7852.65
2024-05-01 15:29:10.576: 10 epsilon: 0.14970249999999996
2024-05-01 15:55:19.866: 11 test start:
2024-05-01 15:55:29.668: 11 avg_reward: 0.0
2024-05-01 15:55:29.668: 11 avg_steps: 270.75
2024-05-01 15:55:29.668: 11 epsilon: 0.1
2024-05-01 16:22:20.237: 12 test start:
2024-05-01 16:23:52.885: 12 avg_reward: 0.0
2024-05-01 16:23:52.885: 12 avg_steps: 2433.55
2024-05-01 16:23:52.885: 12 epsilon: 0.1
2024-05-01 16:50:01.985: 13 test start:
2024-05-01 17:04:46.234: 13 avg_reward: 0.0
2024-05-01 17:04:46.235: 13 avg_steps: 23816.3
2024-05-01 17:04:46.235: 13 epsilon: 0.1
2024-05-01 17:31:09.962: 14 test start:
2024-05-01 17:34:02.069: 14 avg_reward: 0.0
2024-05-01 17:34:02.069: 14 avg_steps: 4570.05
2024-05-01 17:34:02.069: 14 epsilon: 0.1
2024-05-01 18:01:00.777: 15 test start:
2024-05-01 18:02:25.110: 15 avg_reward: 0.0
2024-05-01 18:02:25.110: 15 avg_steps: 2149.2
2024-05-01 18:02:25.110: 15 epsilon: 0.1
2024-05-01 18:29:37.097: 16 test start:
2024-05-01 18:30:14.943: 16 avg_reward: 0.0
2024-05-01 18:30:14.943: 16 avg_steps: 993.65
2024-05-01 18:30:14.943: 16 epsilon: 0.1
2024-05-01 18:56:25.337: 17 test start:
2024-05-01 19:00:29.767: 17 avg_reward: 0.0
2024-05-01 19:00:29.767: 17 avg_steps: 6466.35
2024-05-01 19:00:29.767: 17 epsilon: 0.1
2024-05-01 19:30:10.957: 18 test start:
2024-05-01 19:30:20.020: 18 avg_reward: 0.0
2024-05-01 19:30:20.021: 18 avg_steps: 228.4
2024-05-01 19:30:20.021: 18 epsilon: 0.1
2024-05-01 19:56:44.014: 19 test start:
2024-05-01 20:00:53.894: 19 avg_reward: 0.0
2024-05-01 20:00:53.894: 19 avg_steps: 6588.45
2024-05-01 20:00:53.894: 19 epsilon: 0.1
2024-05-01 20:25:11.368: 20 test start:
2024-05-01 20:31:34.247: 20 avg_reward: 0.0
2024-05-01 20:31:34.247: 20 avg_steps: 10278.0
2024-05-01 20:31:34.247: 20 epsilon: 0.1
2024-05-01 20:58:02.621: 21 test start:
2024-05-01 20:59:21.594: 21 avg_reward: 0.0
2024-05-01 20:59:21.595: 21 avg_steps: 2090.0
2024-05-01 20:59:21.595: 21 epsilon: 0.1
2024-05-01 21:25:53.913: 22 test start:
2024-05-01 21:38:39.790: 22 avg_reward: 20.0
2024-05-01 21:38:39.791: 22 avg_steps: 20251.45
2024-05-01 21:38:39.791: 22 epsilon: 0.1
2024-05-01 22:08:19.843: 23 test start:
2024-05-01 22:16:58.744: 23 avg_reward: 0.0
2024-05-01 22:16:58.745: 23 avg_steps: 13932.2
2024-05-01 22:16:58.745: 23 epsilon: 0.1
2024-05-01 22:44:57.993: 24 test start:
2024-05-01 22:45:44.965: 24 avg_reward: 0.0
2024-05-01 22:45:44.965: 24 avg_steps: 1220.6
2024-05-01 22:45:44.965: 24 epsilon: 0.1
2024-05-01 23:08:12.131: 25 test start:
2024-05-01 23:23:50.359: 25 avg_reward: 0.0
2024-05-01 23:23:50.360: 25 avg_steps: 24634.45
2024-05-01 23:23:50.360: 25 epsilon: 0.1
2024-05-01 23:53:43.653: 26 test start:
2024-05-02 00:10:28.355: 26 avg_reward: 0.0
2024-05-02 00:10:28.356: 26 avg_steps: 27000.0
2024-05-02 00:10:28.356: 26 epsilon: 0.1
2024-05-02 00:34:51.150: 27 test start:
2024-05-02 00:51:42.944: 27 avg_reward: 0.0
2024-05-02 00:51:42.944: 27 avg_steps: 27000.0
2024-05-02 00:51:42.944: 27 epsilon: 0.1
2024-05-02 01:17:03.184: 28 test start:
2024-05-02 01:24:12.529: 28 avg_reward: 0.0
2024-05-02 01:24:12.530: 28 avg_steps: 11617.45
2024-05-02 01:24:12.530: 28 epsilon: 0.1
2024-05-02 01:49:50.245: 29 test start:
2024-05-02 01:56:19.076: 29 avg_reward: 0.0
2024-05-02 01:56:19.076: 29 avg_steps: 10504.25
2024-05-02 01:56:19.076: 29 epsilon: 0.1
2024-05-02 02:24:34.527: 30 test start:
2024-05-02 02:33:19.426: 30 avg_reward: 0.0
2024-05-02 02:33:19.426: 30 avg_steps: 14054.65
2024-05-02 02:33:19.426: 30 epsilon: 0.1
2024-05-02 03:04:47.956: 31 test start:
2024-05-02 03:15:37.202: 31 avg_reward: 0.0
2024-05-02 03:15:37.203: 31 avg_steps: 17761.9
2024-05-02 03:15:37.203: 31 epsilon: 0.1
2024-05-02 03:42:53.239: 32 test start:
2024-05-02 03:56:39.140: 32 avg_reward: 0.0
2024-05-02 03:56:39.140: 32 avg_steps: 23134.5
2024-05-02 03:56:39.140: 32 epsilon: 0.1
2024-05-02 04:16:59.403: 33 test start:
2024-05-02 04:33:08.000: 33 avg_reward: 0.0
2024-05-02 04:33:08.000: 33 avg_steps: 26415.6
2024-05-02 04:33:08.000: 33 epsilon: 0.1
2024-05-02 05:00:39.345: 34 test start:
2024-05-02 05:16:18.499: 34 avg_reward: 0.0
2024-05-02 05:16:18.500: 34 avg_steps: 25928.4
2024-05-02 05:16:18.500: 34 epsilon: 0.1
2024-05-02 05:47:05.981: 35 test start:
2024-05-02 05:59:29.082: 35 avg_reward: 20.0
2024-05-02 05:59:29.082: 35 avg_steps: 21224.2
2024-05-02 05:59:29.082: 35 epsilon: 0.1
2024-05-02 06:21:18.760: 36 test start:
2024-05-02 06:36:36.791: 36 avg_reward: 25.0
2024-05-02 06:36:36.792: 36 avg_steps: 25691.9
2024-05-02 06:36:36.792: 36 epsilon: 0.1
2024-05-02 07:06:52.944: 37 test start:
2024-05-02 07:22:53.016: 37 avg_reward: 0.0
2024-05-02 07:22:53.016: 37 avg_steps: 26136.45
2024-05-02 07:22:53.016: 37 epsilon: 0.1
2024-05-02 07:44:49.024: 38 test start:
2024-05-02 08:00:46.494: 38 avg_reward: 0.0
2024-05-02 08:00:46.494: 38 avg_steps: 26299.0
2024-05-02 08:00:46.495: 38 epsilon: 0.1
2024-05-02 08:29:41.710: 39 test start:
2024-05-02 08:45:45.183: 39 avg_reward: 0.0
2024-05-02 08:45:45.184: 39 avg_steps: 27000.0
2024-05-02 08:45:45.184: 39 epsilon: 0.1
2024-05-02 09:08:51.690: 40 test start:
2024-05-02 09:10:50.994: 40 avg_reward: 0.0
2024-05-02 09:10:50.995: 40 avg_steps: 3225.3
2024-05-02 09:10:50.995: 40 epsilon: 0.1
2024-05-02 09:37:14.905: 41 test start:
2024-05-02 09:37:56.001: 41 avg_reward: 0.0
2024-05-02 09:37:56.001: 41 avg_steps: 1148.4
2024-05-02 09:37:56.001: 41 epsilon: 0.1
2024-05-02 10:01:11.081: 42 test start:
2024-05-02 10:16:40.772: 42 avg_reward: 0.0
2024-05-02 10:16:40.772: 42 avg_steps: 27000.0
2024-05-02 10:16:40.773: 42 epsilon: 0.1
2024-05-02 10:37:19.939: 43 test start:
2024-05-02 10:47:01.922: 43 avg_reward: 0.0
2024-05-02 10:47:01.922: 43 avg_steps: 16806.75
2024-05-02 10:47:01.922: 43 epsilon: 0.1
2024-05-02 11:15:11.333: 44 test start:
2024-05-02 11:26:00.048: 44 avg_reward: 0.0
2024-05-02 11:26:00.048: 44 avg_steps: 18135.45
2024-05-02 11:26:00.048: 44 epsilon: 0.1
2024-05-02 11:48:48.439: 45 test start:
2024-05-02 11:58:59.878: 45 avg_reward: 0.0
2024-05-02 11:58:59.878: 45 avg_steps: 17138.05
2024-05-02 11:58:59.878: 45 epsilon: 0.1
2024-05-02 12:23:26.066: 46 test start:
2024-05-02 12:27:26.889: 46 avg_reward: 15.0
2024-05-02 12:27:26.889: 46 avg_steps: 6668.3
2024-05-02 12:27:26.889: 46 epsilon: 0.1
2024-05-02 12:52:00.685: 47 test start:
2024-05-02 13:00:26.768: 47 avg_reward: 0.0
2024-05-02 13:00:26.768: 47 avg_steps: 13696.25
2024-05-02 13:00:26.768: 47 epsilon: 0.1
2024-05-02 13:26:03.281: 48 test start:
2024-05-02 13:32:35.018: 48 avg_reward: 10.0
2024-05-02 13:32:35.019: 48 avg_steps: 10488.25
2024-05-02 13:32:35.019: 48 epsilon: 0.1
2024-05-02 14:01:39.636: 49 test start:
2024-05-02 14:11:18.440: 49 avg_reward: 20.0
2024-05-02 14:11:18.440: 49 avg_steps: 15612.6
2024-05-02 14:11:18.440: 49 epsilon: 0.1
2024-05-02 14:33:48.537: 50 test start:
2024-05-02 14:34:27.519: 50 avg_reward: 0.0
2024-05-02 14:34:27.520: 50 avg_steps: 995.55
2024-05-02 14:34:27.520: 50 epsilon: 0.1
2024-05-02 15:00:46.279: 51 test start:
2024-05-02 15:05:34.832: 51 avg_reward: 25.0
2024-05-02 15:05:34.833: 51 avg_steps: 7527.15
2024-05-02 15:05:34.833: 51 epsilon: 0.1
2024-05-02 15:37:22.612: 52 test start:
2024-05-02 15:44:58.935: 52 avg_reward: 0.0
2024-05-02 15:44:58.936: 52 avg_steps: 11493.6
2024-05-02 15:44:58.936: 52 epsilon: 0.1
2024-05-02 16:10:31.379: 53 test start:
2024-05-02 16:24:01.452: 53 avg_reward: 90.0
2024-05-02 16:24:01.452: 53 avg_steps: 20962.6
2024-05-02 16:24:01.452: 53 epsilon: 0.1
2024-05-02 16:47:57.425: 54 test start:
2024-05-02 16:49:14.961: 54 avg_reward: 70.0
2024-05-02 16:49:14.961: 54 avg_steps: 1990.3
2024-05-02 16:49:14.961: 54 epsilon: 0.1
2024-05-02 17:16:01.439: 55 test start:
2024-05-02 17:30:44.622: 55 avg_reward: 100.0
2024-05-02 17:30:44.622: 55 avg_steps: 23010.65
2024-05-02 17:30:44.622: 55 epsilon: 0.1
2024-05-02 17:55:40.788: 56 test start:
2024-05-02 18:07:26.728: 56 avg_reward: 95.0
2024-05-02 18:07:26.728: 56 avg_steps: 18580.25
2024-05-02 18:07:26.728: 56 epsilon: 0.1
2024-05-02 18:33:51.333: 57 test start:
2024-05-02 18:34:17.828: 57 avg_reward: 5.0
2024-05-02 18:34:17.828: 57 avg_steps: 681.65
2024-05-02 18:34:17.828: 57 epsilon: 0.1
2024-05-02 19:04:53.653: 58 test start:
2024-05-02 19:13:32.695: 58 avg_reward: 105.0
2024-05-02 19:13:32.696: 58 avg_steps: 13341.35
2024-05-02 19:13:32.696: 58 epsilon: 0.1
2024-05-02 19:40:55.573: 59 test start:
2024-05-02 19:49:05.339: 59 avg_reward: 150.0
2024-05-02 19:49:05.339: 59 avg_steps: 12735.35
2024-05-02 19:49:05.339: 59 epsilon: 0.1
2024-05-02 20:11:38.058: 60 test start:
2024-05-02 20:12:35.334: 60 avg_reward: 20.0
2024-05-02 20:12:35.335: 60 avg_steps: 1464.8
2024-05-02 20:12:35.335: 60 epsilon: 0.1
2024-05-02 20:38:59.070: 61 test start:
2024-05-02 20:50:59.152: 61 avg_reward: 165.0
2024-05-02 20:50:59.153: 61 avg_steps: 19042.85
2024-05-02 20:50:59.153: 61 epsilon: 0.1
2024-05-02 21:24:59.236: 62 test start:
2024-05-02 21:35:16.905: 62 avg_reward: 0.0
2024-05-02 21:35:16.906: 62 avg_steps: 15412.95
2024-05-02 21:35:16.906: 62 epsilon: 0.1
2024-05-02 21:55:52.024: 63 test start:
2024-05-02 21:56:29.553: 63 avg_reward: 0.0
2024-05-02 21:56:29.554: 63 avg_steps: 916.5
2024-05-02 21:56:29.554: 63 epsilon: 0.1
2024-05-02 22:24:11.851: 64 test start:
2024-05-02 22:28:34.967: 64 avg_reward: 160.0
2024-05-02 22:28:34.967: 64 avg_steps: 6580.0
2024-05-02 22:28:34.967: 64 epsilon: 0.1
2024-05-02 22:58:10.677: 65 test start:
2024-05-02 23:00:29.401: 65 avg_reward: 370.0
2024-05-02 23:00:29.401: 65 avg_steps: 3574.25
2024-05-02 23:00:29.401: 65 epsilon: 0.1
2024-05-02 23:24:03.545: 66 test start:
2024-05-02 23:26:13.235: 66 avg_reward: 280.0
2024-05-02 23:26:13.235: 66 avg_steps: 3269.75
2024-05-02 23:26:13.235: 66 epsilon: 0.1
2024-05-02 23:51:56.252: 67 test start:
2024-05-02 23:54:34.687: 67 avg_reward: 370.0
2024-05-02 23:54:34.687: 67 avg_steps: 4108.2
2024-05-02 23:54:34.688: 67 epsilon: 0.1
2024-05-03 00:19:48.912: 68 test start:
2024-05-03 00:21:02.961: 68 avg_reward: 385.0
2024-05-03 00:21:02.962: 68 avg_steps: 1931.1
2024-05-03 00:21:02.962: 68 epsilon: 0.1
2024-05-03 00:47:16.227: 69 test start:
2024-05-03 00:56:51.318: 69 avg_reward: 385.0
2024-05-03 00:56:51.319: 69 avg_steps: 14718.8
2024-05-03 00:56:51.319: 69 epsilon: 0.1
2024-05-03 01:29:10.178: 70 test start:
2024-05-03 01:31:56.483: 70 avg_reward: 385.0
2024-05-03 01:31:56.484: 70 avg_steps: 4231.65
2024-05-03 01:31:56.484: 70 epsilon: 0.1
2024-05-03 01:53:24.779: 71 test start:
2024-05-03 01:54:25.194: 71 avg_reward: 400.0
2024-05-03 01:54:25.194: 71 avg_steps: 1515.2
2024-05-03 01:54:25.194: 71 epsilon: 0.1
2024-05-03 02:21:44.042: 72 test start:
2024-05-03 02:23:36.664: 72 avg_reward: 400.0
2024-05-03 02:23:36.665: 72 avg_steps: 2880.5
2024-05-03 02:23:36.665: 72 epsilon: 0.1
2024-05-03 02:54:46.057: 73 test start:
2024-05-03 03:04:36.058: 73 avg_reward: 385.0
2024-05-03 03:04:36.058: 73 avg_steps: 15035.55
2024-05-03 03:04:36.058: 73 epsilon: 0.1
2024-05-03 03:27:11.207: 74 test start:
2024-05-03 03:37:26.723: 74 avg_reward: 385.0
2024-05-03 03:37:26.724: 74 avg_steps: 15741.5
2024-05-03 03:37:26.724: 74 epsilon: 0.1
2024-05-03 04:09:53.003: 75 test start:
2024-05-03 04:24:35.672: 75 avg_reward: 400.0
2024-05-03 04:24:35.672: 75 avg_steps: 22158.45
2024-05-03 04:24:35.672: 75 epsilon: 0.1
2024-05-03 04:48:18.997: 76 test start:
2024-05-03 05:01:35.795: 76 avg_reward: 400.0
2024-05-03 05:01:35.795: 76 avg_steps: 20102.3
2024-05-03 05:01:35.795: 76 epsilon: 0.1
2024-05-03 05:26:39.567: 77 test start:
2024-05-03 05:44:21.925: 77 avg_reward: 400.0
2024-05-03 05:44:21.926: 77 avg_steps: 27000.0
2024-05-03 05:44:21.926: 77 epsilon: 0.1
2024-05-03 06:12:35.725: 78 test start:
2024-05-03 06:18:28.347: 78 avg_reward: 400.0
2024-05-03 06:18:28.347: 78 avg_steps: 8828.1
2024-05-03 06:18:28.347: 78 epsilon: 0.1
2024-05-03 06:44:25.205: 79 test start:
2024-05-03 06:59:06.651: 79 avg_reward: 400.0
2024-05-03 06:59:06.651: 79 avg_steps: 22635.05
2024-05-03 06:59:06.651: 79 epsilon: 0.1
2024-05-03 07:25:01.968: 80 test start:
2024-05-03 07:37:26.513: 80 avg_reward: 400.0
2024-05-03 07:37:26.513: 80 avg_steps: 18840.95
2024-05-03 07:37:26.513: 80 epsilon: 0.1
2024-05-03 08:04:32.936: 81 test start:
2024-05-03 08:17:16.483: 81 avg_reward: 380.0
2024-05-03 08:17:16.484: 81 avg_steps: 19772.6
2024-05-03 08:17:16.484: 81 epsilon: 0.1
2024-05-03 08:49:47.724: 82 test start:
2024-05-03 08:51:14.180: 82 avg_reward: 400.0
2024-05-03 08:51:14.181: 82 avg_steps: 2197.15
2024-05-03 08:51:14.181: 82 epsilon: 0.1
2024-05-03 09:17:40.125: 83 test start:
2024-05-03 09:33:17.058: 83 avg_reward: 400.0
2024-05-03 09:33:17.058: 83 avg_steps: 24740.15
2024-05-03 09:33:17.059: 83 epsilon: 0.1
2024-05-03 09:56:35.191: 84 test start:
2024-05-03 09:59:22.711: 84 avg_reward: 400.0
2024-05-03 09:59:22.712: 84 avg_steps: 4374.25
2024-05-03 09:59:22.712: 84 epsilon: 0.1
2024-05-03 10:26:40.821: 85 test start:
2024-05-03 10:30:19.263: 85 avg_reward: 400.0
2024-05-03 10:30:19.263: 85 avg_steps: 5533.1
2024-05-03 10:30:19.263: 85 epsilon: 0.1
2024-05-03 10:57:24.253: 86 test start:
2024-05-03 10:59:46.109: 86 avg_reward: 400.0
2024-05-03 10:59:46.110: 86 avg_steps: 3685.75
2024-05-03 10:59:46.110: 86 epsilon: 0.1
2024-05-03 11:31:37.175: 87 test start:
2024-05-03 11:34:19.528: 87 avg_reward: 400.0
2024-05-03 11:34:19.528: 87 avg_steps: 4232.1
2024-05-03 11:34:19.528: 87 epsilon: 0.1
2024-05-03 11:55:44.100: 88 test start:
2024-05-03 11:57:21.621: 88 avg_reward: 400.0
2024-05-03 11:57:21.621: 88 avg_steps: 2553.2
2024-05-03 11:57:21.621: 88 epsilon: 0.1
2024-05-03 12:29:37.631: 89 test start:
2024-05-03 12:30:55.662: 89 avg_reward: 400.0
2024-05-03 12:30:55.662: 89 avg_steps: 2028.5
2024-05-03 12:30:55.662: 89 epsilon: 0.1
2024-05-03 12:52:21.977: 90 test start:
2024-05-03 12:58:24.843: 90 avg_reward: 400.0
2024-05-03 12:58:24.843: 90 avg_steps: 9374.85
2024-05-03 12:58:24.843: 90 epsilon: 0.1
2024-05-03 13:24:21.461: 91 test start:
2024-05-03 13:27:28.383: 91 avg_reward: 400.0
2024-05-03 13:27:28.384: 91 avg_steps: 4837.5
2024-05-03 13:27:28.384: 91 epsilon: 0.1
2024-05-03 13:56:57.014: 92 test start:
2024-05-03 14:12:00.314: 92 avg_reward: 400.0
2024-05-03 14:12:00.315: 92 avg_steps: 23193.65
2024-05-03 14:12:00.315: 92 epsilon: 0.1
2024-05-03 14:38:46.676: 93 test start:
2024-05-03 14:53:43.179: 93 avg_reward: 400.0
2024-05-03 14:53:43.179: 93 avg_steps: 23281.5
2024-05-03 14:53:43.179: 93 epsilon: 0.1
2024-05-03 15:21:13.597: 94 test start:
2024-05-03 15:23:11.400: 94 avg_reward: 400.0
2024-05-03 15:23:11.401: 94 avg_steps: 3049.85
2024-05-03 15:23:11.401: 94 epsilon: 0.1
2024-05-03 15:51:39.618: 95 test start:
2024-05-03 15:59:14.572: 95 avg_reward: 400.0
2024-05-03 15:59:14.572: 95 avg_steps: 11677.85
2024-05-03 15:59:14.572: 95 epsilon: 0.1
2024-05-03 16:21:54.281: 96 test start:
2024-05-03 16:33:21.238: 96 avg_reward: 400.0
2024-05-03 16:33:21.239: 96 avg_steps: 17786.1
2024-05-03 16:33:21.239: 96 epsilon: 0.1
2024-05-03 16:59:06.256: 97 test start:
2024-05-03 17:03:34.488: 97 avg_reward: 400.0
2024-05-03 17:03:34.488: 97 avg_steps: 6874.0
2024-05-03 17:03:34.488: 97 epsilon: 0.1
2024-05-03 17:30:43.291: 98 test start:
2024-05-03 17:37:00.580: 98 avg_reward: 380.0
2024-05-03 17:37:00.581: 98 avg_steps: 9691.3
2024-05-03 17:37:00.581: 98 epsilon: 0.1
2024-05-03 18:03:22.775: 99 test start:
2024-05-03 18:06:25.598: 99 avg_reward: 400.0
2024-05-03 18:06:25.599: 99 avg_steps: 4773.35
2024-05-03 18:06:25.599: 99 epsilon: 0.1
2024-05-03 18:33:35.007: 100 test start:
2024-05-03 18:41:53.095: 100 avg_reward: 400.0
2024-05-03 18:41:53.095: 100 avg_steps: 13176.1
2024-05-03 18:41:53.095: 100 epsilon: 0.1
2024-05-03 19:08:10.065: 101 test start:
2024-05-03 19:12:46.352: 101 avg_reward: 400.0
2024-05-03 19:12:46.353: 101 avg_steps: 7158.05
2024-05-03 19:12:46.353: 101 epsilon: 0.1
2024-05-03 19:39:34.691: 102 test start:
2024-05-03 19:41:38.294: 102 avg_reward: 400.0
2024-05-03 19:41:38.294: 102 avg_steps: 3218.2
2024-05-03 19:41:38.294: 102 epsilon: 0.1
2024-05-03 20:09:01.170: 103 test start:
2024-05-03 20:11:02.952: 103 avg_reward: 400.0
2024-05-03 20:11:02.953: 103 avg_steps: 3156.95
2024-05-03 20:11:02.953: 103 epsilon: 0.1
2024-05-03 20:41:41.955: 104 test start:
2024-05-03 20:42:48.508: 104 avg_reward: 400.0
2024-05-03 20:42:48.508: 104 avg_steps: 1704.65
2024-05-03 20:42:48.508: 104 epsilon: 0.1
2024-05-03 21:08:48.815: 105 test start:
2024-05-03 21:17:12.077: 105 avg_reward: 400.0
2024-05-03 21:17:12.078: 105 avg_steps: 13010.75
2024-05-03 21:17:12.078: 105 epsilon: 0.1
2024-05-03 21:44:25.464: 106 test start:
2024-05-03 21:53:49.471: 106 avg_reward: 400.0
2024-05-03 21:53:49.472: 106 avg_steps: 14851.2
2024-05-03 21:53:49.472: 106 epsilon: 0.1
2024-05-03 22:18:54.300: 107 test start:
2024-05-03 22:28:26.381: 107 avg_reward: 400.0
2024-05-03 22:28:26.381: 107 avg_steps: 15811.8
2024-05-03 22:28:26.381: 107 epsilon: 0.1
2024-05-03 22:47:05.918: 108 test start:
2024-05-03 22:58:06.152: 108 avg_reward: 400.0
2024-05-03 22:58:06.153: 108 avg_steps: 18031.75
2024-05-03 22:58:06.153: 108 epsilon: 0.1
2024-05-03 23:24:39.047: 109 test start:
2024-05-03 23:31:10.464: 109 avg_reward: 400.0
2024-05-03 23:31:10.464: 109 avg_steps: 10172.6
2024-05-03 23:31:10.464: 109 epsilon: 0.1
2024-05-04 00:00:28.333: 110 test start:
2024-05-04 00:03:23.424: 110 avg_reward: 400.0
2024-05-04 00:03:23.424: 110 avg_steps: 4551.1
2024-05-04 00:03:23.424: 110 epsilon: 0.1
2024-05-04 00:29:12.121: 111 test start:
2024-05-04 00:32:24.297: 111 avg_reward: 400.0
2024-05-04 00:32:24.298: 111 avg_steps: 4870.25
2024-05-04 00:32:24.298: 111 epsilon: 0.1
2024-05-04 01:01:36.008: 112 test start:
2024-05-04 01:09:55.812: 112 avg_reward: 400.0
2024-05-04 01:09:55.813: 112 avg_steps: 12602.9
2024-05-04 01:09:55.813: 112 epsilon: 0.1
2024-05-04 01:36:11.124: 113 test start:
2024-05-04 01:37:08.528: 113 avg_reward: 400.0
2024-05-04 01:37:08.529: 113 avg_steps: 1429.5
2024-05-04 01:37:08.529: 113 epsilon: 0.1
2024-05-04 02:07:08.177: 114 test start:
2024-05-04 02:16:55.488: 114 avg_reward: 360.0
2024-05-04 02:16:55.489: 114 avg_steps: 15202.65
2024-05-04 02:16:55.489: 114 epsilon: 0.1
2024-05-04 02:46:08.619: 115 test start:
2024-05-04 02:51:02.981: 115 avg_reward: 400.0
2024-05-04 02:51:02.981: 115 avg_steps: 7250.8
2024-05-04 02:51:02.981: 115 epsilon: 0.1
2024-05-04 03:20:00.153: 116 test start:
2024-05-04 03:29:46.964: 116 avg_reward: 400.0
2024-05-04 03:29:46.964: 116 avg_steps: 14696.05
2024-05-04 03:29:46.964: 116 epsilon: 0.1
2024-05-04 03:59:50.871: 117 test start:
2024-05-04 04:04:11.459: 117 avg_reward: 400.0
2024-05-04 04:04:11.459: 117 avg_steps: 6575.05
2024-05-04 04:04:11.460: 117 epsilon: 0.1
2024-05-04 04:32:14.899: 118 test start:
2024-05-04 04:32:35.811: 118 avg_reward: 400.0
2024-05-04 04:32:35.811: 118 avg_steps: 524.95
2024-05-04 04:32:35.811: 118 epsilon: 0.1
2024-05-04 05:03:24.819: 119 test start:
2024-05-04 05:05:07.665: 119 avg_reward: 400.0
2024-05-04 05:05:07.666: 119 avg_steps: 2577.05
2024-05-04 05:05:07.666: 119 epsilon: 0.1
2024-05-04 05:32:02.266: 120 test start:
2024-05-04 05:32:45.041: 120 avg_reward: 400.0
2024-05-04 05:32:45.041: 120 avg_steps: 1090.4
2024-05-04 05:32:45.041: 120 epsilon: 0.1
2024-05-04 06:02:42.610: 121 test start:
2024-05-04 06:09:34.388: 121 avg_reward: 400.0
2024-05-04 06:09:34.389: 121 avg_steps: 10979.3
2024-05-04 06:09:34.389: 121 epsilon: 0.1
2024-05-04 06:35:13.027: 122 test start:
2024-05-04 06:37:27.651: 122 avg_reward: 400.0
2024-05-04 06:37:27.652: 122 avg_steps: 3501.0
2024-05-04 06:37:27.652: 122 epsilon: 0.1
2024-05-04 07:04:22.328: 123 test start:
2024-05-04 07:04:51.302: 123 avg_reward: 400.0
2024-05-04 07:04:51.303: 123 avg_steps: 754.6
2024-05-04 07:04:51.303: 123 epsilon: 0.1
2024-05-04 07:34:24.960: 124 test start:
2024-05-04 07:35:43.832: 124 avg_reward: 400.0
2024-05-04 07:35:43.833: 124 avg_steps: 2239.75
2024-05-04 07:35:43.833: 124 epsilon: 0.1
2024-05-04 07:54:22.194: 125 test start:
2024-05-04 07:55:07.899: 125 avg_reward: 400.0
2024-05-04 07:55:07.899: 125 avg_steps: 1305.6
2024-05-04 07:55:07.899: 125 epsilon: 0.1
2024-05-04 08:18:38.875: 126 test start:
2024-05-04 08:19:00.318: 126 avg_reward: 400.0
2024-05-04 08:19:00.318: 126 avg_steps: 629.75
2024-05-04 08:19:00.318: 126 epsilon: 0.1
2024-05-04 08:43:32.397: 127 test start:
2024-05-04 08:43:59.711: 127 avg_reward: 400.0
2024-05-04 08:43:59.712: 127 avg_steps: 813.65
2024-05-04 08:43:59.712: 127 epsilon: 0.1
2024-05-04 09:08:22.482: 128 test start:
2024-05-04 09:08:53.649: 128 avg_reward: 400.0
2024-05-04 09:08:53.649: 128 avg_steps: 876.35
2024-05-04 09:08:53.649: 128 epsilon: 0.1
2024-05-04 09:33:07.576: 129 test start:
2024-05-04 09:33:50.173: 129 avg_reward: 400.0
2024-05-04 09:33:50.174: 129 avg_steps: 1340.25
2024-05-04 09:33:50.174: 129 epsilon: 0.1
2024-05-04 09:56:26.469: 130 test start:
2024-05-04 09:56:54.458: 130 avg_reward: 400.0
2024-05-04 09:56:54.458: 130 avg_steps: 779.9
2024-05-04 09:56:54.458: 130 epsilon: 0.1
2024-05-04 10:21:56.770: 131 test start:
2024-05-04 10:23:01.896: 131 avg_reward: 400.0
2024-05-04 10:23:01.897: 131 avg_steps: 1752.8
2024-05-04 10:23:01.897: 131 epsilon: 0.1
2024-05-04 10:52:51.860: 132 test start:
2024-05-04 11:03:03.963: 132 avg_reward: 400.0
2024-05-04 11:03:03.964: 132 avg_steps: 16965.25
2024-05-04 11:03:03.964: 132 epsilon: 0.1
2024-05-04 11:24:27.001: 133 test start:
2024-05-04 11:24:46.697: 133 avg_reward: 400.0
2024-05-04 11:24:46.697: 133 avg_steps: 520.8
2024-05-04 11:24:46.697: 133 epsilon: 0.1
2024-05-04 11:50:21.629: 134 test start:
2024-05-04 11:51:05.849: 134 avg_reward: 400.0
2024-05-04 11:51:05.849: 134 avg_steps: 1234.4
2024-05-04 11:51:05.849: 134 epsilon: 0.1
2024-05-04 12:16:41.306: 135 test start:
2024-05-04 12:19:39.324: 135 avg_reward: 400.0
2024-05-04 12:19:39.324: 135 avg_steps: 5001.9
2024-05-04 12:19:39.324: 135 epsilon: 0.1
2024-05-04 12:45:35.364: 136 test start:
2024-05-04 12:52:02.929: 136 avg_reward: 400.0
2024-05-04 12:52:02.929: 136 avg_steps: 10393.0
2024-05-04 12:52:02.929: 136 epsilon: 0.1
2024-05-04 13:22:02.380: 137 test start:
2024-05-04 13:23:23.930: 137 avg_reward: 400.0
2024-05-04 13:23:23.931: 137 avg_steps: 2194.75
2024-05-04 13:23:23.931: 137 epsilon: 0.1
2024-05-04 13:51:35.711: 138 test start:
2024-05-04 13:52:22.785: 138 avg_reward: 400.0
2024-05-04 13:52:22.786: 138 avg_steps: 1188.8
2024-05-04 13:52:22.786: 138 epsilon: 0.1
2024-05-04 14:20:39.000: 139 test start:
2024-05-04 14:22:18.057: 139 avg_reward: 400.0
2024-05-04 14:22:18.058: 139 avg_steps: 2673.55
2024-05-04 14:22:18.058: 139 epsilon: 0.1
2024-05-04 14:41:39.063: 140 test start:
2024-05-04 14:42:11.707: 140 avg_reward: 400.0
2024-05-04 14:42:11.708: 140 avg_steps: 849.25
2024-05-04 14:42:11.708: 140 epsilon: 0.1
2024-05-04 15:12:35.571: 141 test start:
2024-05-04 15:21:05.891: 141 avg_reward: 400.0
2024-05-04 15:21:05.892: 141 avg_steps: 13576.15
2024-05-04 15:21:05.892: 141 epsilon: 0.1
2024-05-04 15:44:03.276: 142 test start:
2024-05-04 15:49:46.457: 142 avg_reward: 400.0
2024-05-04 15:49:46.457: 142 avg_steps: 9033.3
2024-05-04 15:49:46.457: 142 epsilon: 0.1
2024-05-04 16:17:54.353: 143 test start:
2024-05-04 16:28:37.718: 143 avg_reward: 400.0
2024-05-04 16:28:37.718: 143 avg_steps: 16655.15
2024-05-04 16:28:37.719: 143 epsilon: 0.1
2024-05-04 16:54:27.149: 144 test start:
2024-05-04 16:57:36.673: 144 avg_reward: 400.0
2024-05-04 16:57:36.673: 144 avg_steps: 4814.1
2024-05-04 16:57:36.673: 144 epsilon: 0.1
2024-05-04 17:31:47.783: 145 test start:
2024-05-04 17:33:57.229: 145 avg_reward: 400.0
2024-05-04 17:33:57.230: 145 avg_steps: 3344.45
2024-05-04 17:33:57.230: 145 epsilon: 0.1
2024-05-04 17:56:46.453: 146 test start:
2024-05-04 18:03:12.637: 146 avg_reward: 400.0
2024-05-04 18:03:12.638: 146 avg_steps: 10101.25
2024-05-04 18:03:12.638: 146 epsilon: 0.1
2024-05-04 18:27:58.050: 147 test start:
2024-05-04 18:30:00.469: 147 avg_reward: 400.0
2024-05-04 18:30:00.470: 147 avg_steps: 3203.05
2024-05-04 18:30:00.470: 147 epsilon: 0.1
2024-05-04 19:01:05.747: 148 test start:
2024-05-04 19:04:42.100: 148 avg_reward: 400.0
2024-05-04 19:04:42.100: 148 avg_steps: 5764.95
2024-05-04 19:04:42.100: 148 epsilon: 0.1
2024-05-04 19:23:31.021: 149 test start:
2024-05-04 19:24:34.609: 149 avg_reward: 400.0
2024-05-04 19:24:34.609: 149 avg_steps: 1714.35
2024-05-04 19:24:34.609: 149 epsilon: 0.1
2024-05-04 19:49:53.827: 150 test start:
2024-05-04 19:50:27.567: 150 avg_reward: 400.0
2024-05-04 19:50:27.567: 150 avg_steps: 891.7
2024-05-04 19:50:27.568: 150 epsilon: 0.1
2024-05-04 20:21:04.008: 151 test start:
2024-05-04 20:27:01.721: 151 avg_reward: 400.0
2024-05-04 20:27:01.721: 151 avg_steps: 9726.95
2024-05-04 20:27:01.721: 151 epsilon: 0.1
2024-05-04 20:45:32.135: 152 test start:
2024-05-04 20:46:25.855: 152 avg_reward: 400.0
2024-05-04 20:46:25.855: 152 avg_steps: 1504.9
2024-05-04 20:46:25.855: 152 epsilon: 0.1
2024-05-04 21:10:25.768: 153 test start:
2024-05-04 21:11:05.663: 153 avg_reward: 400.0
2024-05-04 21:11:05.664: 153 avg_steps: 1113.95
2024-05-04 21:11:05.664: 153 epsilon: 0.1
2024-05-04 21:35:45.643: 154 test start:
2024-05-04 21:37:58.914: 154 avg_reward: 400.0
2024-05-04 21:37:58.915: 154 avg_steps: 3531.55
2024-05-04 21:37:58.915: 154 epsilon: 0.1
2024-05-04 22:09:25.815: 155 test start:
2024-05-04 22:10:40.753: 155 avg_reward: 400.0
2024-05-04 22:10:40.753: 155 avg_steps: 1988.05
2024-05-04 22:10:40.753: 155 epsilon: 0.1
2024-05-04 22:29:48.523: 156 test start:
2024-05-04 22:31:56.285: 156 avg_reward: 400.0
2024-05-04 22:31:56.286: 156 avg_steps: 3560.8
2024-05-04 22:31:56.286: 156 epsilon: 0.1
2024-05-04 22:55:20.554: 157 test start:
2024-05-04 22:58:16.246: 157 avg_reward: 400.0
2024-05-04 22:58:16.247: 157 avg_steps: 4919.3
2024-05-04 22:58:16.247: 157 epsilon: 0.1
2024-05-04 23:23:06.373: 158 test start:
2024-05-04 23:23:43.050: 158 avg_reward: 400.0
2024-05-04 23:23:43.051: 158 avg_steps: 1042.9
2024-05-04 23:23:43.051: 158 epsilon: 0.1
2024-05-04 23:49:03.959: 159 test start:
2024-05-04 23:49:57.789: 159 avg_reward: 400.0
2024-05-04 23:49:57.790: 159 avg_steps: 1500.75
2024-05-04 23:49:57.790: 159 epsilon: 0.1
2024-05-05 00:14:07.803: 160 test start:
2024-05-05 00:17:42.219: 160 avg_reward: 400.0
2024-05-05 00:17:42.219: 160 avg_steps: 5978.5
2024-05-05 00:17:42.219: 160 epsilon: 0.1
2024-05-05 00:41:08.882: 161 test start:
2024-05-05 00:48:12.313: 161 avg_reward: 400.0
2024-05-05 00:48:12.314: 161 avg_steps: 11729.1
2024-05-05 00:48:12.314: 161 epsilon: 0.1
2024-05-05 01:12:34.540: 162 test start:
2024-05-05 01:13:50.521: 162 avg_reward: 400.0
2024-05-05 01:13:50.522: 162 avg_steps: 2042.25
2024-05-05 01:13:50.522: 162 epsilon: 0.1
2024-05-05 01:38:58.920: 163 test start:
2024-05-05 01:48:14.860: 163 avg_reward: 400.0
2024-05-05 01:48:14.860: 163 avg_steps: 15329.9
2024-05-05 01:48:14.860: 163 epsilon: 0.1
2024-05-05 02:09:17.094: 164 test start:
2024-05-05 02:13:49.949: 164 avg_reward: 380.0
2024-05-05 02:13:49.949: 164 avg_steps: 7475.3
2024-05-05 02:13:49.949: 164 epsilon: 0.1
2024-05-05 02:36:46.278: 165 test start:
2024-05-05 02:47:13.135: 165 avg_reward: 400.0
2024-05-05 02:47:13.135: 165 avg_steps: 17372.5
2024-05-05 02:47:13.135: 165 epsilon: 0.1
2024-05-05 03:12:33.447: 166 test start:
2024-05-05 03:18:41.164: 166 avg_reward: 400.0
2024-05-05 03:18:41.164: 166 avg_steps: 10117.75
2024-05-05 03:18:41.164: 166 epsilon: 0.1
2024-05-05 03:39:01.733: 167 test start:
2024-05-05 03:40:16.026: 167 avg_reward: 400.0
2024-05-05 03:40:16.026: 167 avg_steps: 2053.65
2024-05-05 03:40:16.027: 167 epsilon: 0.1
2024-05-05 04:09:12.149: 168 test start:
2024-05-05 04:12:56.890: 168 avg_reward: 400.0
2024-05-05 04:12:56.890: 168 avg_steps: 6233.9
2024-05-05 04:12:56.890: 168 epsilon: 0.1
2024-05-05 04:32:41.653: 169 test start:
2024-05-05 04:43:20.288: 169 avg_reward: 400.0
2024-05-05 04:43:20.289: 169 avg_steps: 17791.15
2024-05-05 04:43:20.289: 169 epsilon: 0.1
2024-05-05 05:08:05.907: 170 test start:
2024-05-05 05:10:45.752: 170 avg_reward: 400.0
2024-05-05 05:10:45.752: 170 avg_steps: 4595.85
2024-05-05 05:10:45.752: 170 epsilon: 0.1
2024-05-05 05:30:26.427: 171 test start:
2024-05-05 05:32:04.934: 171 avg_reward: 400.0
2024-05-05 05:32:04.934: 171 avg_steps: 2882.5
2024-05-05 05:32:04.934: 171 epsilon: 0.1
2024-05-05 05:51:12.697: 172 test start:
2024-05-05 05:52:05.008: 172 avg_reward: 400.0
2024-05-05 05:52:05.008: 172 avg_steps: 1490.8
2024-05-05 05:52:05.008: 172 epsilon: 0.1
2024-05-05 06:14:49.764: 173 test start:
2024-05-05 06:28:25.675: 173 avg_reward: 400.0
2024-05-05 06:28:25.675: 173 avg_steps: 23032.55
2024-05-05 06:28:25.675: 173 epsilon: 0.1
2024-05-05 06:49:47.339: 174 test start:
2024-05-05 06:50:40.223: 174 avg_reward: 400.0
2024-05-05 06:50:40.223: 174 avg_steps: 1501.5
2024-05-05 06:50:40.223: 174 epsilon: 0.1
2024-05-05 07:12:50.381: 175 test start:
2024-05-05 07:17:46.191: 175 avg_reward: 400.0
2024-05-05 07:17:46.192: 175 avg_steps: 8568.45
2024-05-05 07:17:46.192: 175 epsilon: 0.1
2024-05-05 07:39:42.905: 176 test start:
2024-05-05 07:40:45.362: 176 avg_reward: 400.0
2024-05-05 07:40:45.363: 176 avg_steps: 1796.6
2024-05-05 07:40:45.363: 176 epsilon: 0.1
2024-05-05 08:04:23.365: 177 test start:
2024-05-05 08:04:42.421: 177 avg_reward: 400.0
2024-05-05 08:04:42.422: 177 avg_steps: 574.5
2024-05-05 08:04:42.422: 177 epsilon: 0.1
2024-05-05 08:24:44.437: 178 test start:
2024-05-05 08:25:08.467: 178 avg_reward: 400.0
2024-05-05 08:25:08.468: 178 avg_steps: 696.3
2024-05-05 08:25:08.468: 178 epsilon: 0.1
2024-05-05 08:48:40.112: 179 test start:
2024-05-05 08:49:48.743: 179 avg_reward: 400.0
2024-05-05 08:49:48.743: 179 avg_steps: 2216.3
2024-05-05 08:49:48.743: 179 epsilon: 0.1
2024-05-05 09:06:25.313: 180 test start:
2024-05-05 09:14:42.595: 180 avg_reward: 400.0
2024-05-05 09:14:42.595: 180 avg_steps: 19074.3
2024-05-05 09:14:42.595: 180 epsilon: 0.1
2024-05-05 09:33:41.240: 181 test start:
2024-05-05 09:37:50.937: 181 avg_reward: 400.0
2024-05-05 09:37:50.937: 181 avg_steps: 9789.65
2024-05-05 09:37:50.937: 181 epsilon: 0.1
2024-05-05 09:52:22.255: 182 test start:
2024-05-05 09:52:43.806: 182 avg_reward: 400.0
2024-05-05 09:52:43.806: 182 avg_steps: 788.7
2024-05-05 09:52:43.806: 182 epsilon: 0.1
2024-05-05 10:10:17.044: 183 test start:
2024-05-05 10:11:45.178: 183 avg_reward: 400.0
2024-05-05 10:11:45.178: 183 avg_steps: 3370.75
2024-05-05 10:11:45.178: 183 epsilon: 0.1
2024-05-05 10:31:23.865: 184 test start:
2024-05-05 10:37:23.146: 184 avg_reward: 400.0
2024-05-05 10:37:23.146: 184 avg_steps: 13977.3
2024-05-05 10:37:23.147: 184 epsilon: 0.1
2024-05-05 10:56:41.152: 185 test start:
2024-05-05 10:57:11.640: 185 avg_reward: 400.0
2024-05-05 10:57:11.640: 185 avg_steps: 1131.95
2024-05-05 10:57:11.640: 185 epsilon: 0.1
2024-05-05 11:12:05.571: 186 test start:
2024-05-05 11:19:12.670: 186 avg_reward: 400.0
2024-05-05 11:19:12.671: 186 avg_steps: 17565.45
2024-05-05 11:19:12.671: 186 epsilon: 0.1
2024-05-05 11:38:25.623: 187 test start:
2024-05-05 11:43:43.193: 187 avg_reward: 400.0
2024-05-05 11:43:43.193: 187 avg_steps: 11704.95
2024-05-05 11:43:43.193: 187 epsilon: 0.1
2024-05-05 12:06:21.961: 188 test start:
2024-05-05 12:16:09.043: 188 avg_reward: 400.0
2024-05-05 12:16:09.043: 188 avg_steps: 20715.05
2024-05-05 12:16:09.043: 188 epsilon: 0.1
2024-05-05 12:31:13.437: 189 test start:
2024-05-05 12:36:43.659: 189 avg_reward: 400.0
2024-05-05 12:36:43.659: 189 avg_steps: 11557.15
2024-05-05 12:36:43.659: 189 epsilon: 0.1
2024-05-05 12:56:50.437: 190 test start:
2024-05-05 12:57:52.349: 190 avg_reward: 400.0
2024-05-05 12:57:52.350: 190 avg_steps: 2126.0
2024-05-05 12:57:52.350: 190 epsilon: 0.1
2024-05-05 13:17:49.242: 191 test start:
2024-05-05 13:25:49.941: 191 avg_reward: 400.0
2024-05-05 13:25:49.942: 191 avg_steps: 17602.9
2024-05-05 13:25:49.942: 191 epsilon: 0.1
2024-05-05 13:45:31.223: 192 test start:
2024-05-05 13:47:30.673: 192 avg_reward: 400.0
2024-05-05 13:47:30.674: 192 avg_steps: 4180.65
2024-05-05 13:47:30.674: 192 epsilon: 0.1
2024-05-05 14:06:40.561: 193 test start:
2024-05-05 14:07:50.758: 193 avg_reward: 400.0
2024-05-05 14:07:50.759: 193 avg_steps: 2499.55
2024-05-05 14:07:50.759: 193 epsilon: 0.1
2024-05-05 14:33:29.180: 194 test start:
2024-05-05 14:37:16.192: 194 avg_reward: 400.0
2024-05-05 14:37:16.193: 194 avg_steps: 7321.55
2024-05-05 14:37:16.193: 194 epsilon: 0.1
2024-05-05 14:58:32.063: 195 test start:
2024-05-05 14:59:00.925: 195 avg_reward: 400.0
2024-05-05 14:59:00.926: 195 avg_steps: 925.75
2024-05-05 14:59:00.926: 195 epsilon: 0.1
2024-05-05 15:18:17.742: 196 test start:
2024-05-05 15:19:06.413: 196 avg_reward: 400.0
2024-05-05 15:19:06.413: 196 avg_steps: 1468.25
2024-05-05 15:19:06.413: 196 epsilon: 0.1
2024-05-05 15:44:58.759: 197 test start:
2024-05-05 15:46:13.993: 197 avg_reward: 400.0
2024-05-05 15:46:13.994: 197 avg_steps: 2493.55
2024-05-05 15:46:13.994: 197 epsilon: 0.1
2024-05-05 16:05:15.009: 198 test start:
2024-05-05 16:06:12.536: 198 avg_reward: 400.0
2024-05-05 16:06:12.537: 198 avg_steps: 2160.3
2024-05-05 16:06:12.537: 198 epsilon: 0.1
2024-05-05 16:23:37.910: 199 test start:
2024-05-05 16:24:04.974: 199 avg_reward: 400.0
2024-05-05 16:24:04.974: 199 avg_steps: 1041.5
2024-05-05 16:24:04.974: 199 epsilon: 0.1
2024-05-05 16:43:22.686: 200 test start:
2024-05-05 16:44:49.756: 200 avg_reward: 400.0
2024-05-05 16:44:49.756: 200 avg_steps: 3307.9
2024-05-05 16:44:49.756: 200 epsilon: 0.1
2024-05-05 17:05:45.072: 201 test start:
2024-05-05 17:09:42.246: 201 avg_reward: 400.0
2024-05-05 17:09:42.247: 201 avg_steps: 9164.2
2024-05-05 17:09:42.247: 201 epsilon: 0.1
2024-05-05 17:28:41.142: 202 test start:
2024-05-05 17:34:19.942: 202 avg_reward: 400.0
2024-05-05 17:34:19.942: 202 avg_steps: 13006.2
2024-05-05 17:34:19.942: 202 epsilon: 0.1
2024-05-05 17:52:57.187: 203 test start:
2024-05-05 17:53:30.665: 203 avg_reward: 400.0
2024-05-05 17:53:30.665: 203 avg_steps: 1272.0
2024-05-05 17:53:30.665: 203 epsilon: 0.1
2024-05-05 18:13:46.594: 204 test start:
2024-05-05 18:16:53.137: 204 avg_reward: 400.0
2024-05-05 18:16:53.137: 204 avg_steps: 7368.0
2024-05-05 18:16:53.137: 204 epsilon: 0.1
2024-05-05 18:33:57.017: 205 test start:
2024-05-05 18:35:26.967: 205 avg_reward: 400.0
2024-05-05 18:35:26.967: 205 avg_steps: 3575.1
2024-05-05 18:35:26.967: 205 epsilon: 0.1
2024-05-05 18:50:55.196: 206 test start:
2024-05-05 18:51:33.029: 206 avg_reward: 400.0
2024-05-05 18:51:33.030: 206 avg_steps: 1559.7
2024-05-05 18:51:33.030: 206 epsilon: 0.1
2024-05-05 19:08:04.440: 207 test start:
2024-05-05 19:08:23.621: 207 avg_reward: 400.0
2024-05-05 19:08:23.621: 207 avg_steps: 780.2
2024-05-05 19:08:23.621: 207 epsilon: 0.1
2024-05-05 19:27:32.249: 208 test start:
2024-05-05 19:28:52.724: 208 avg_reward: 400.0
2024-05-05 19:28:52.724: 208 avg_steps: 3094.9
2024-05-05 19:28:52.724: 208 epsilon: 0.1
2024-05-05 19:45:58.154: 209 test start:
2024-05-05 19:46:17.289: 209 avg_reward: 400.0
2024-05-05 19:46:17.290: 209 avg_steps: 753.15
2024-05-05 19:46:17.290: 209 epsilon: 0.1
2024-05-05 20:07:27.787: 210 test start:
2024-05-05 20:07:49.174: 210 avg_reward: 400.0
2024-05-05 20:07:49.174: 210 avg_steps: 796.95
2024-05-05 20:07:49.174: 210 epsilon: 0.1
2024-05-05 20:23:21.700: 211 test start:
2024-05-05 20:24:28.674: 211 avg_reward: 400.0
2024-05-05 20:24:28.675: 211 avg_steps: 2407.65
2024-05-05 20:24:28.675: 211 epsilon: 0.1
2024-05-05 20:43:17.845: 212 test start:
2024-05-05 20:47:09.321: 212 avg_reward: 400.0
2024-05-05 20:47:09.321: 212 avg_steps: 8986.55
2024-05-05 20:47:09.321: 212 epsilon: 0.1
2024-05-05 21:05:49.741: 213 test start:
2024-05-05 21:10:53.407: 213 avg_reward: 400.0
2024-05-05 21:10:53.408: 213 avg_steps: 11769.75
2024-05-05 21:10:53.408: 213 epsilon: 0.1
