2024-05-01 10:09:25.910: 
parameters:agent_saving_period: 80000
agent_test_episodes: 20
batch_num_per_epoch: 100000
device: cuda:0
env_name: ALE/DoubleDunk-v5
epsilon_for_test: 0.05
epsilon_max: 1.0
epsilon_min: 0.1
exploration_steps: 1000000
gamma: 0.99
input_frame_height: 84
input_frame_width: 84
learning_rate: 1.0e-05
log_path: ../exps/dqn/
mini_batch_size: 32
no_op: 30
phi_channel: 4
replay_buffer_size: 200000
replay_start_size: 10000
save_path: ./exps/
skip_k_frame: 4
step_c: 10000
training_steps: 50000000

2024-05-01 10:23:54.695: 1 test start:
2024-05-01 10:25:21.994: 1 avg_reward: -21.0
2024-05-01 10:25:21.994: 1 avg_steps: 2175.95
2024-05-01 10:25:21.994: 1 epsilon: 0.919801
2024-05-01 10:43:54.243: 2 test start:
2024-05-01 10:45:06.873: 2 avg_reward: -20.1
2024-05-01 10:45:06.873: 2 avg_steps: 1950.65
2024-05-01 10:45:06.873: 2 epsilon: 0.8306146
2024-05-01 11:04:50.883: 3 test start:
2024-05-01 11:06:29.270: 3 avg_reward: -19.6
2024-05-01 11:06:29.271: 3 avg_steps: 2587.4
2024-05-01 11:06:29.271: 3 epsilon: 0.7421437
2024-05-01 11:26:22.390: 4 test start:
2024-05-01 11:27:35.409: 4 avg_reward: -20.3
2024-05-01 11:27:35.409: 4 avg_steps: 1912.65
2024-05-01 11:27:35.409: 4 epsilon: 0.6536008
2024-05-01 11:47:22.182: 5 test start:
2024-05-01 11:48:45.143: 5 avg_reward: -18.1
2024-05-01 11:48:45.144: 5 avg_steps: 2151.05
2024-05-01 11:48:45.144: 5 epsilon: 0.564886
2024-05-01 12:08:30.529: 6 test start:
2024-05-01 12:09:57.401: 6 avg_reward: -19.3
2024-05-01 12:09:57.401: 6 avg_steps: 2275.05
2024-05-01 12:09:57.401: 6 epsilon: 0.47690199999999994
2024-05-01 12:29:51.293: 7 test start:
2024-05-01 12:30:51.107: 7 avg_reward: -19.7
2024-05-01 12:30:51.107: 7 avg_steps: 1588.05
2024-05-01 12:30:51.107: 7 epsilon: 0.3867516999999999
2024-05-01 12:50:19.729: 8 test start:
2024-05-01 12:51:43.448: 8 avg_reward: -19.7
2024-05-01 12:51:43.448: 8 avg_steps: 2219.1
2024-05-01 12:51:43.448: 8 epsilon: 0.2986183
2024-05-01 13:11:03.638: 9 test start:
2024-05-01 13:12:25.334: 9 avg_reward: -18.8
2024-05-01 13:12:25.334: 9 avg_steps: 2167.65
2024-05-01 13:12:25.334: 9 epsilon: 0.21117789999999992
2024-05-01 13:32:11.477: 10 test start:
2024-05-01 13:33:37.415: 10 avg_reward: -17.8
2024-05-01 13:33:37.415: 10 avg_steps: 2228.5
2024-05-01 13:33:37.415: 10 epsilon: 0.12177099999999996
2024-05-01 13:53:07.051: 11 test start:
2024-05-01 13:54:32.073: 11 avg_reward: -18.8
2024-05-01 13:54:32.073: 11 avg_steps: 2214.55
2024-05-01 13:54:32.073: 11 epsilon: 0.1
2024-05-01 14:14:29.837: 12 test start:
2024-05-01 14:15:48.512: 12 avg_reward: -19.4
2024-05-01 14:15:48.512: 12 avg_steps: 2037.2
2024-05-01 14:15:48.512: 12 epsilon: 0.1
2024-05-01 14:35:23.772: 13 test start:
2024-05-01 14:37:04.633: 13 avg_reward: -17.0
2024-05-01 14:37:04.633: 13 avg_steps: 2661.7
2024-05-01 14:37:04.633: 13 epsilon: 0.1
2024-05-01 14:56:51.450: 14 test start:
2024-05-01 14:58:25.652: 14 avg_reward: -17.1
2024-05-01 14:58:25.652: 14 avg_steps: 2449.65
2024-05-01 14:58:25.652: 14 epsilon: 0.1
2024-05-01 15:17:51.091: 15 test start:
2024-05-01 15:19:19.686: 15 avg_reward: -17.9
2024-05-01 15:19:19.686: 15 avg_steps: 2359.2
2024-05-01 15:19:19.686: 15 epsilon: 0.1
2024-05-01 15:38:31.080: 16 test start:
2024-05-01 15:39:54.584: 16 avg_reward: -18.1
2024-05-01 15:39:54.584: 16 avg_steps: 2227.45
2024-05-01 15:39:54.584: 16 epsilon: 0.1
2024-05-01 16:00:05.463: 17 test start:
2024-05-01 16:01:43.488: 17 avg_reward: -17.3
2024-05-01 16:01:43.488: 17 avg_steps: 2640.15
2024-05-01 16:01:43.488: 17 epsilon: 0.1
2024-05-01 16:20:24.998: 18 test start:
2024-05-01 16:22:03.317: 18 avg_reward: -16.2
2024-05-01 16:22:03.317: 18 avg_steps: 2649.6
2024-05-01 16:22:03.317: 18 epsilon: 0.1
2024-05-01 16:41:42.719: 19 test start:
2024-05-01 16:43:09.431: 19 avg_reward: -16.7
2024-05-01 16:43:09.431: 19 avg_steps: 2347.55
2024-05-01 16:43:09.431: 19 epsilon: 0.1
2024-05-01 17:02:28.697: 20 test start:
2024-05-01 17:04:05.069: 20 avg_reward: -17.7
2024-05-01 17:04:05.069: 20 avg_steps: 2552.7
2024-05-01 17:04:05.069: 20 epsilon: 0.1
2024-05-01 17:23:20.440: 21 test start:
2024-05-01 17:24:49.052: 21 avg_reward: -18.7
2024-05-01 17:24:49.052: 21 avg_steps: 2374.25
2024-05-01 17:24:49.052: 21 epsilon: 0.1
2024-05-01 17:44:29.892: 22 test start:
2024-05-01 17:46:03.115: 22 avg_reward: -17.7
2024-05-01 17:46:03.115: 22 avg_steps: 2480.1
2024-05-01 17:46:03.115: 22 epsilon: 0.1
2024-05-01 18:05:08.261: 23 test start:
2024-05-01 18:06:36.259: 23 avg_reward: -18.7
2024-05-01 18:06:36.259: 23 avg_steps: 2330.9
2024-05-01 18:06:36.259: 23 epsilon: 0.1
2024-05-01 18:26:23.381: 24 test start:
2024-05-01 18:27:43.525: 24 avg_reward: -18.1
2024-05-01 18:27:43.525: 24 avg_steps: 2157.45
2024-05-01 18:27:43.525: 24 epsilon: 0.1
2024-05-01 18:46:47.264: 25 test start:
2024-05-01 18:48:18.653: 25 avg_reward: -16.9
2024-05-01 18:48:18.653: 25 avg_steps: 2369.25
2024-05-01 18:48:18.653: 25 epsilon: 0.1
2024-05-01 19:07:31.291: 26 test start:
2024-05-01 19:09:02.044: 26 avg_reward: -17.5
2024-05-01 19:09:02.044: 26 avg_steps: 2416.95
2024-05-01 19:09:02.044: 26 epsilon: 0.1
2024-05-01 19:28:31.207: 27 test start:
2024-05-01 19:29:53.548: 27 avg_reward: -17.7
2024-05-01 19:29:53.548: 27 avg_steps: 2209.2
2024-05-01 19:29:53.548: 27 epsilon: 0.1
2024-05-01 19:49:00.194: 28 test start:
2024-05-01 19:50:23.607: 28 avg_reward: -16.9
2024-05-01 19:50:23.607: 28 avg_steps: 2232.25
2024-05-01 19:50:23.607: 28 epsilon: 0.1
2024-05-01 20:09:41.381: 29 test start:
2024-05-01 20:11:05.123: 29 avg_reward: -17.7
2024-05-01 20:11:05.123: 29 avg_steps: 2216.8
2024-05-01 20:11:05.123: 29 epsilon: 0.1
2024-05-01 20:31:15.264: 30 test start:
2024-05-01 20:32:55.502: 30 avg_reward: -16.6
2024-05-01 20:32:55.502: 30 avg_steps: 2687.45
2024-05-01 20:32:55.502: 30 epsilon: 0.1
2024-05-01 20:52:22.321: 31 test start:
2024-05-01 20:54:06.361: 31 avg_reward: -18.7
2024-05-01 20:54:06.362: 31 avg_steps: 2768.55
2024-05-01 20:54:06.362: 31 epsilon: 0.1
2024-05-01 21:13:25.685: 32 test start:
2024-05-01 21:14:46.289: 32 avg_reward: -18.0
2024-05-01 21:14:46.289: 32 avg_steps: 2185.3
2024-05-01 21:14:46.289: 32 epsilon: 0.1
2024-05-01 21:34:05.411: 33 test start:
2024-05-01 21:35:36.513: 33 avg_reward: -17.4
2024-05-01 21:35:36.514: 33 avg_steps: 2456.75
2024-05-01 21:35:36.514: 33 epsilon: 0.1
2024-05-01 21:55:02.809: 34 test start:
2024-05-01 21:56:37.576: 34 avg_reward: -18.7
2024-05-01 21:56:37.576: 34 avg_steps: 2529.45
2024-05-01 21:56:37.576: 34 epsilon: 0.1
2024-05-01 22:16:08.134: 35 test start:
2024-05-01 22:17:32.501: 35 avg_reward: -15.2
2024-05-01 22:17:32.501: 35 avg_steps: 2280.3
2024-05-01 22:17:32.501: 35 epsilon: 0.1
2024-05-01 22:37:02.263: 36 test start:
2024-05-01 22:38:28.185: 36 avg_reward: -16.3
2024-05-01 22:38:28.185: 36 avg_steps: 2255.25
2024-05-01 22:38:28.185: 36 epsilon: 0.1
2024-05-01 22:57:46.860: 37 test start:
2024-05-01 22:59:11.793: 37 avg_reward: -17.0
2024-05-01 22:59:11.793: 37 avg_steps: 2257.85
2024-05-01 22:59:11.793: 37 epsilon: 0.1
2024-05-01 23:18:12.416: 38 test start:
2024-05-01 23:19:32.612: 38 avg_reward: -16.9
2024-05-01 23:19:32.612: 38 avg_steps: 2130.65
2024-05-01 23:19:32.612: 38 epsilon: 0.1
2024-05-01 23:39:15.213: 39 test start:
2024-05-01 23:40:42.791: 39 avg_reward: -15.7
2024-05-01 23:40:42.791: 39 avg_steps: 2328.95
2024-05-01 23:40:42.791: 39 epsilon: 0.1
2024-05-02 00:00:03.405: 40 test start:
2024-05-02 00:01:33.469: 40 avg_reward: -16.5
2024-05-02 00:01:33.469: 40 avg_steps: 2374.85
2024-05-02 00:01:33.469: 40 epsilon: 0.1
2024-05-02 00:20:33.814: 41 test start:
2024-05-02 00:22:03.506: 41 avg_reward: -16.0
2024-05-02 00:22:03.506: 41 avg_steps: 2392.9
2024-05-02 00:22:03.506: 41 epsilon: 0.1
2024-05-02 00:41:50.787: 42 test start:
2024-05-02 00:43:28.342: 42 avg_reward: -16.2
2024-05-02 00:43:28.342: 42 avg_steps: 2581.5
2024-05-02 00:43:28.342: 42 epsilon: 0.1
2024-05-02 01:02:51.535: 43 test start:
2024-05-02 01:04:19.859: 43 avg_reward: -16.0
2024-05-02 01:04:19.860: 43 avg_steps: 2350.35
2024-05-02 01:04:19.860: 43 epsilon: 0.1
2024-05-02 01:23:50.753: 44 test start:
2024-05-02 01:25:26.675: 44 avg_reward: -17.1
2024-05-02 01:25:26.675: 44 avg_steps: 2492.65
2024-05-02 01:25:26.675: 44 epsilon: 0.1
2024-05-02 01:45:15.629: 45 test start:
2024-05-02 01:46:55.171: 45 avg_reward: -14.8
2024-05-02 01:46:55.172: 45 avg_steps: 2632.75
2024-05-02 01:46:55.172: 45 epsilon: 0.1
2024-05-02 02:05:59.111: 46 test start:
2024-05-02 02:07:21.414: 46 avg_reward: -17.9
2024-05-02 02:07:21.414: 46 avg_steps: 2165.1
2024-05-02 02:07:21.414: 46 epsilon: 0.1
2024-05-02 02:26:41.675: 47 test start:
2024-05-02 02:28:11.753: 47 avg_reward: -16.5
2024-05-02 02:28:11.753: 47 avg_steps: 2363.15
2024-05-02 02:28:11.753: 47 epsilon: 0.1
2024-05-02 02:47:18.304: 48 test start:
2024-05-02 02:48:51.041: 48 avg_reward: -17.4
2024-05-02 02:48:51.041: 48 avg_steps: 2450.15
2024-05-02 02:48:51.041: 48 epsilon: 0.1
2024-05-02 03:08:24.170: 49 test start:
2024-05-02 03:09:45.216: 49 avg_reward: -17.6
2024-05-02 03:09:45.216: 49 avg_steps: 2164.2
2024-05-02 03:09:45.216: 49 epsilon: 0.1
2024-05-02 03:29:09.721: 50 test start:
2024-05-02 03:30:33.423: 50 avg_reward: -15.6
2024-05-02 03:30:33.423: 50 avg_steps: 2207.9
2024-05-02 03:30:33.423: 50 epsilon: 0.1
2024-05-02 03:49:48.200: 51 test start:
2024-05-02 03:51:12.012: 51 avg_reward: -16.2
2024-05-02 03:51:12.012: 51 avg_steps: 2224.8
2024-05-02 03:51:12.012: 51 epsilon: 0.1
2024-05-02 04:10:16.185: 52 test start:
2024-05-02 04:11:32.061: 52 avg_reward: -18.0
2024-05-02 04:11:32.062: 52 avg_steps: 2007.8
2024-05-02 04:11:32.062: 52 epsilon: 0.1
2024-05-02 04:30:53.557: 53 test start:
2024-05-02 04:32:14.858: 53 avg_reward: -18.1
2024-05-02 04:32:14.858: 53 avg_steps: 2189.4
2024-05-02 04:32:14.859: 53 epsilon: 0.1
2024-05-02 04:51:33.349: 54 test start:
2024-05-02 04:53:00.741: 54 avg_reward: -16.2
2024-05-02 04:53:00.741: 54 avg_steps: 2363.15
2024-05-02 04:53:00.741: 54 epsilon: 0.1
2024-05-02 05:12:27.846: 55 test start:
2024-05-02 05:13:49.302: 55 avg_reward: -16.9
2024-05-02 05:13:49.302: 55 avg_steps: 2213.15
2024-05-02 05:13:49.302: 55 epsilon: 0.1
2024-05-02 05:33:11.090: 56 test start:
2024-05-02 05:34:42.102: 56 avg_reward: -17.3
2024-05-02 05:34:42.102: 56 avg_steps: 2350.35
2024-05-02 05:34:42.102: 56 epsilon: 0.1
2024-05-02 05:53:51.571: 57 test start:
2024-05-02 05:54:57.685: 57 avg_reward: -19.8
2024-05-02 05:54:57.685: 57 avg_steps: 1741.5
2024-05-02 05:54:57.685: 57 epsilon: 0.1
2024-05-02 06:14:16.834: 58 test start:
2024-05-02 06:15:41.100: 58 avg_reward: -16.6
2024-05-02 06:15:41.100: 58 avg_steps: 2222.85
2024-05-02 06:15:41.100: 58 epsilon: 0.1
2024-05-02 06:34:53.755: 59 test start:
2024-05-02 06:36:12.714: 59 avg_reward: -18.1
2024-05-02 06:36:12.714: 59 avg_steps: 2146.35
2024-05-02 06:36:12.714: 59 epsilon: 0.1
2024-05-02 06:55:26.044: 60 test start:
2024-05-02 06:56:47.590: 60 avg_reward: -19.0
2024-05-02 06:56:47.590: 60 avg_steps: 2144.5
2024-05-02 06:56:47.590: 60 epsilon: 0.1
2024-05-02 07:16:16.663: 61 test start:
2024-05-02 07:17:30.263: 61 avg_reward: -18.4
2024-05-02 07:17:30.263: 61 avg_steps: 1990.8
2024-05-02 07:17:30.263: 61 epsilon: 0.1
2024-05-02 07:36:38.496: 62 test start:
2024-05-02 07:38:03.966: 62 avg_reward: -19.2
2024-05-02 07:38:03.966: 62 avg_steps: 2313.3
2024-05-02 07:38:03.966: 62 epsilon: 0.1
2024-05-02 07:57:07.571: 63 test start:
2024-05-02 07:58:32.666: 63 avg_reward: -18.5
2024-05-02 07:58:32.666: 63 avg_steps: 2240.25
2024-05-02 07:58:32.666: 63 epsilon: 0.1
2024-05-02 08:18:01.086: 64 test start:
2024-05-02 08:19:13.078: 64 avg_reward: -18.3
2024-05-02 08:19:13.079: 64 avg_steps: 1934.15
2024-05-02 08:19:13.079: 64 epsilon: 0.1
2024-05-02 08:38:09.954: 65 test start:
2024-05-02 08:39:41.827: 65 avg_reward: -16.7
2024-05-02 08:39:41.827: 65 avg_steps: 2479.65
2024-05-02 08:39:41.827: 65 epsilon: 0.1
2024-05-02 08:58:59.845: 66 test start:
2024-05-02 09:00:20.139: 66 avg_reward: -18.2
2024-05-02 09:00:20.139: 66 avg_steps: 2134.9
2024-05-02 09:00:20.139: 66 epsilon: 0.1
2024-05-02 09:19:41.914: 67 test start:
2024-05-02 09:21:06.388: 67 avg_reward: -18.5
2024-05-02 09:21:06.388: 67 avg_steps: 2251.4
2024-05-02 09:21:06.388: 67 epsilon: 0.1
2024-05-02 09:40:13.878: 68 test start:
2024-05-02 09:41:36.392: 68 avg_reward: -18.0
2024-05-02 09:41:36.392: 68 avg_steps: 2181.15
2024-05-02 09:41:36.392: 68 epsilon: 0.1
2024-05-02 10:00:39.652: 69 test start:
2024-05-02 10:01:56.192: 69 avg_reward: -19.6
2024-05-02 10:01:56.193: 69 avg_steps: 2066.2
2024-05-02 10:01:56.193: 69 epsilon: 0.1
2024-05-02 10:21:19.295: 70 test start:
2024-05-02 10:22:38.456: 70 avg_reward: -20.1
2024-05-02 10:22:38.456: 70 avg_steps: 2092.05
2024-05-02 10:22:38.456: 70 epsilon: 0.1
2024-05-02 10:42:12.882: 71 test start:
2024-05-02 10:43:25.289: 71 avg_reward: -19.8
2024-05-02 10:43:25.289: 71 avg_steps: 1970.1
2024-05-02 10:43:25.289: 71 epsilon: 0.1
2024-05-02 11:02:49.394: 72 test start:
2024-05-02 11:04:21.239: 72 avg_reward: -18.1
2024-05-02 11:04:21.239: 72 avg_steps: 2436.45
2024-05-02 11:04:21.239: 72 epsilon: 0.1
2024-05-02 11:23:22.987: 73 test start:
2024-05-02 11:24:33.378: 73 avg_reward: -18.8
2024-05-02 11:24:33.378: 73 avg_steps: 1858.6
2024-05-02 11:24:33.378: 73 epsilon: 0.1
2024-05-02 11:44:02.428: 74 test start:
2024-05-02 11:45:23.964: 74 avg_reward: -19.3
2024-05-02 11:45:23.964: 74 avg_steps: 2195.6
2024-05-02 11:45:23.964: 74 epsilon: 0.1
2024-05-02 12:04:22.498: 75 test start:
2024-05-02 12:05:37.493: 75 avg_reward: -18.9
2024-05-02 12:05:37.493: 75 avg_steps: 2002.6
2024-05-02 12:05:37.493: 75 epsilon: 0.1
2024-05-02 12:24:43.365: 76 test start:
2024-05-02 12:26:04.090: 76 avg_reward: -17.1
2024-05-02 12:26:04.090: 76 avg_steps: 2175.45
2024-05-02 12:26:04.090: 76 epsilon: 0.1
2024-05-02 12:45:18.412: 77 test start:
2024-05-02 12:46:31.238: 77 avg_reward: -19.3
2024-05-02 12:46:31.238: 77 avg_steps: 1913.6
2024-05-02 12:46:31.238: 77 epsilon: 0.1
2024-05-02 13:05:48.097: 78 test start:
2024-05-02 13:07:11.788: 78 avg_reward: -18.3
2024-05-02 13:07:11.788: 78 avg_steps: 2227.7
2024-05-02 13:07:11.788: 78 epsilon: 0.1
2024-05-02 13:26:41.486: 79 test start:
2024-05-02 13:27:56.691: 79 avg_reward: -19.5
2024-05-02 13:27:56.691: 79 avg_steps: 2018.8
2024-05-02 13:27:56.691: 79 epsilon: 0.1
2024-05-02 13:46:54.482: 80 test start:
2024-05-02 13:48:18.601: 80 avg_reward: -19.5
2024-05-02 13:48:18.601: 80 avg_steps: 2211.25
2024-05-02 13:48:18.601: 80 epsilon: 0.1
2024-05-02 14:07:34.966: 81 test start:
2024-05-02 14:08:59.902: 81 avg_reward: -19.5
2024-05-02 14:08:59.902: 81 avg_steps: 2287.85
2024-05-02 14:08:59.902: 81 epsilon: 0.1
2024-05-02 14:28:27.411: 82 test start:
2024-05-02 14:29:50.248: 82 avg_reward: -17.8
2024-05-02 14:29:50.248: 82 avg_steps: 2205.85
2024-05-02 14:29:50.248: 82 epsilon: 0.1
2024-05-02 14:48:26.233: 83 test start:
2024-05-02 14:49:37.848: 83 avg_reward: -18.7
2024-05-02 14:49:37.849: 83 avg_steps: 1940.95
2024-05-02 14:49:37.849: 83 epsilon: 0.1
2024-05-02 15:09:12.146: 84 test start:
2024-05-02 15:10:24.775: 84 avg_reward: -19.8
2024-05-02 15:10:24.775: 84 avg_steps: 1952.65
2024-05-02 15:10:24.775: 84 epsilon: 0.1
2024-05-02 15:29:21.883: 85 test start:
2024-05-02 15:30:42.929: 85 avg_reward: -17.9
2024-05-02 15:30:42.929: 85 avg_steps: 2129.6
2024-05-02 15:30:42.929: 85 epsilon: 0.1
2024-05-02 15:50:12.216: 86 test start:
2024-05-02 15:51:37.654: 86 avg_reward: -16.0
2024-05-02 15:51:37.654: 86 avg_steps: 2300.85
2024-05-02 15:51:37.654: 86 epsilon: 0.1
2024-05-02 16:10:51.067: 87 test start:
2024-05-02 16:12:22.861: 87 avg_reward: -18.7
2024-05-02 16:12:22.861: 87 avg_steps: 2439.6
2024-05-02 16:12:22.861: 87 epsilon: 0.1
2024-05-02 16:31:44.918: 88 test start:
2024-05-02 16:33:02.377: 88 avg_reward: -17.7
2024-05-02 16:33:02.377: 88 avg_steps: 2094.5
2024-05-02 16:33:02.377: 88 epsilon: 0.1
2024-05-02 16:52:34.780: 89 test start:
2024-05-02 16:53:58.076: 89 avg_reward: -17.9
2024-05-02 16:53:58.077: 89 avg_steps: 2176.95
2024-05-02 16:53:58.077: 89 epsilon: 0.1
2024-05-02 17:12:41.638: 90 test start:
2024-05-02 17:14:12.370: 90 avg_reward: -16.7
2024-05-02 17:14:12.370: 90 avg_steps: 2390.85
2024-05-02 17:14:12.370: 90 epsilon: 0.1
2024-05-02 17:33:32.506: 91 test start:
2024-05-02 17:34:52.422: 91 avg_reward: -19.6
2024-05-02 17:34:52.422: 91 avg_steps: 2106.2
2024-05-02 17:34:52.422: 91 epsilon: 0.1
2024-05-02 17:54:32.621: 92 test start:
2024-05-02 17:55:53.719: 92 avg_reward: -18.3
2024-05-02 17:55:53.719: 92 avg_steps: 2130.85
2024-05-02 17:55:53.719: 92 epsilon: 0.1
2024-05-02 18:15:01.568: 93 test start:
2024-05-02 18:16:26.213: 93 avg_reward: -17.7
2024-05-02 18:16:26.213: 93 avg_steps: 2284.15
2024-05-02 18:16:26.213: 93 epsilon: 0.1
2024-05-02 18:35:53.209: 94 test start:
2024-05-02 18:37:20.840: 94 avg_reward: -17.5
2024-05-02 18:37:20.840: 94 avg_steps: 2320.45
2024-05-02 18:37:20.840: 94 epsilon: 0.1
2024-05-02 18:56:38.157: 95 test start:
2024-05-02 18:57:56.257: 95 avg_reward: -17.5
2024-05-02 18:57:56.257: 95 avg_steps: 2060.95
2024-05-02 18:57:56.257: 95 epsilon: 0.1
2024-05-02 19:17:45.404: 96 test start:
2024-05-02 19:19:20.337: 96 avg_reward: -17.4
2024-05-02 19:19:20.337: 96 avg_steps: 2586.8
2024-05-02 19:19:20.337: 96 epsilon: 0.1
2024-05-02 19:38:38.594: 97 test start:
2024-05-02 19:39:58.892: 97 avg_reward: -17.8
2024-05-02 19:39:58.893: 97 avg_steps: 2129.95
2024-05-02 19:39:58.893: 97 epsilon: 0.1
2024-05-02 19:58:37.019: 98 test start:
2024-05-02 20:00:01.276: 98 avg_reward: -17.8
2024-05-02 20:00:01.276: 98 avg_steps: 2302.75
2024-05-02 20:00:01.276: 98 epsilon: 0.1
2024-05-02 20:19:24.594: 99 test start:
2024-05-02 20:20:43.364: 99 avg_reward: -18.0
2024-05-02 20:20:43.365: 99 avg_steps: 2108.6
2024-05-02 20:20:43.365: 99 epsilon: 0.1
2024-05-02 20:39:43.849: 100 test start:
2024-05-02 20:41:01.523: 100 avg_reward: -17.2
2024-05-02 20:41:01.524: 100 avg_steps: 2055.7
2024-05-02 20:41:01.524: 100 epsilon: 0.1
2024-05-02 21:00:49.745: 101 test start:
2024-05-02 21:02:14.251: 101 avg_reward: -17.4
2024-05-02 21:02:14.251: 101 avg_steps: 2287.7
2024-05-02 21:02:14.251: 101 epsilon: 0.1
2024-05-02 21:21:15.392: 102 test start:
2024-05-02 21:22:29.932: 102 avg_reward: -18.1
2024-05-02 21:22:29.932: 102 avg_steps: 1973.4
2024-05-02 21:22:29.932: 102 epsilon: 0.1
2024-05-02 21:42:13.692: 103 test start:
2024-05-02 21:43:29.209: 103 avg_reward: -17.2
2024-05-02 21:43:29.209: 103 avg_steps: 2057.95
2024-05-02 21:43:29.209: 103 epsilon: 0.1
2024-05-02 22:02:24.375: 104 test start:
2024-05-02 22:03:41.935: 104 avg_reward: -19.5
2024-05-02 22:03:41.935: 104 avg_steps: 2036.3
2024-05-02 22:03:41.935: 104 epsilon: 0.1
2024-05-02 22:22:42.517: 105 test start:
2024-05-02 22:24:08.032: 105 avg_reward: -18.3
2024-05-02 22:24:08.032: 105 avg_steps: 2324.75
2024-05-02 22:24:08.033: 105 epsilon: 0.1
2024-05-02 22:43:37.349: 106 test start:
2024-05-02 22:45:06.684: 106 avg_reward: -15.9
2024-05-02 22:45:06.684: 106 avg_steps: 2418.6
2024-05-02 22:45:06.684: 106 epsilon: 0.1
2024-05-02 23:04:20.478: 107 test start:
2024-05-02 23:05:47.784: 107 avg_reward: -17.4
2024-05-02 23:05:47.784: 107 avg_steps: 2301.9
2024-05-02 23:05:47.784: 107 epsilon: 0.1
2024-05-02 23:25:01.494: 108 test start:
2024-05-02 23:26:26.999: 108 avg_reward: -17.1
2024-05-02 23:26:26.999: 108 avg_steps: 2334.85
2024-05-02 23:26:26.999: 108 epsilon: 0.1
2024-05-02 23:45:56.730: 109 test start:
2024-05-02 23:47:22.471: 109 avg_reward: -18.2
2024-05-02 23:47:22.471: 109 avg_steps: 2255.65
2024-05-02 23:47:22.471: 109 epsilon: 0.1
2024-05-03 00:06:27.199: 110 test start:
2024-05-03 00:07:52.329: 110 avg_reward: -18.1
2024-05-03 00:07:52.329: 110 avg_steps: 2250.1
2024-05-03 00:07:52.329: 110 epsilon: 0.1
2024-05-03 00:27:37.276: 111 test start:
2024-05-03 00:29:06.326: 111 avg_reward: -18.4
2024-05-03 00:29:06.326: 111 avg_steps: 2408.8
2024-05-03 00:29:06.326: 111 epsilon: 0.1
2024-05-03 00:47:46.154: 112 test start:
2024-05-03 00:49:07.678: 112 avg_reward: -16.8
2024-05-03 00:49:07.678: 112 avg_steps: 2214.9
2024-05-03 00:49:07.678: 112 epsilon: 0.1
2024-05-03 01:08:29.821: 113 test start:
2024-05-03 01:09:47.362: 113 avg_reward: -19.0
2024-05-03 01:09:47.362: 113 avg_steps: 2110.55
2024-05-03 01:09:47.362: 113 epsilon: 0.1
2024-05-03 01:29:15.376: 114 test start:
2024-05-03 01:30:46.048: 114 avg_reward: -18.4
2024-05-03 01:30:46.048: 114 avg_steps: 2449.05
2024-05-03 01:30:46.048: 114 epsilon: 0.1
2024-05-03 01:49:56.603: 115 test start:
2024-05-03 01:51:16.017: 115 avg_reward: -19.0
2024-05-03 01:51:16.018: 115 avg_steps: 2142.85
2024-05-03 01:51:16.018: 115 epsilon: 0.1
2024-05-03 02:10:34.711: 116 test start:
2024-05-03 02:12:08.658: 116 avg_reward: -17.9
2024-05-03 02:12:08.658: 116 avg_steps: 2551.8
2024-05-03 02:12:08.658: 116 epsilon: 0.1
2024-05-03 02:31:41.277: 117 test start:
2024-05-03 02:33:10.685: 117 avg_reward: -17.5
2024-05-03 02:33:10.686: 117 avg_steps: 2391.45
2024-05-03 02:33:10.686: 117 epsilon: 0.1
2024-05-03 02:51:54.975: 118 test start:
2024-05-03 02:53:29.576: 118 avg_reward: -17.0
2024-05-03 02:53:29.576: 118 avg_steps: 2570.95
2024-05-03 02:53:29.576: 118 epsilon: 0.1
2024-05-03 03:13:06.674: 119 test start:
2024-05-03 03:14:32.861: 119 avg_reward: -18.0
2024-05-03 03:14:32.862: 119 avg_steps: 2297.15
2024-05-03 03:14:32.862: 119 epsilon: 0.1
2024-05-03 03:33:14.386: 120 test start:
2024-05-03 03:34:40.669: 120 avg_reward: -15.3
2024-05-03 03:34:40.669: 120 avg_steps: 2335.8
2024-05-03 03:34:40.669: 120 epsilon: 0.1
2024-05-03 03:54:23.548: 121 test start:
2024-05-03 03:55:55.496: 121 avg_reward: -16.7
2024-05-03 03:55:55.496: 121 avg_steps: 2440.55
2024-05-03 03:55:55.496: 121 epsilon: 0.1
2024-05-03 04:15:01.756: 122 test start:
2024-05-03 04:16:34.065: 122 avg_reward: -16.2
2024-05-03 04:16:34.065: 122 avg_steps: 2458.5
2024-05-03 04:16:34.065: 122 epsilon: 0.1
2024-05-03 04:35:47.040: 123 test start:
2024-05-03 04:37:18.452: 123 avg_reward: -14.7
2024-05-03 04:37:18.452: 123 avg_steps: 2438.3
2024-05-03 04:37:18.452: 123 epsilon: 0.1
2024-05-03 04:56:37.656: 124 test start:
2024-05-03 04:58:03.724: 124 avg_reward: -17.1
2024-05-03 04:58:03.724: 124 avg_steps: 2329.05
2024-05-03 04:58:03.724: 124 epsilon: 0.1
2024-05-03 05:17:12.546: 125 test start:
2024-05-03 05:18:37.610: 125 avg_reward: -18.4
2024-05-03 05:18:37.610: 125 avg_steps: 2269.8
2024-05-03 05:18:37.610: 125 epsilon: 0.1
2024-05-03 05:37:28.557: 126 test start:
2024-05-03 05:39:05.002: 126 avg_reward: -17.9
2024-05-03 05:39:05.002: 126 avg_steps: 2630.1
2024-05-03 05:39:05.002: 126 epsilon: 0.1
2024-05-03 05:58:35.045: 127 test start:
2024-05-03 06:00:06.198: 127 avg_reward: -16.8
2024-05-03 06:00:06.198: 127 avg_steps: 2446.55
2024-05-03 06:00:06.198: 127 epsilon: 0.1
2024-05-03 06:19:30.849: 128 test start:
2024-05-03 06:21:00.465: 128 avg_reward: -15.1
2024-05-03 06:21:00.466: 128 avg_steps: 2400.05
2024-05-03 06:21:00.466: 128 epsilon: 0.1
2024-05-03 06:40:00.591: 129 test start:
2024-05-03 06:41:30.269: 129 avg_reward: -13.8
2024-05-03 06:41:30.269: 129 avg_steps: 2418.05
2024-05-03 06:41:30.269: 129 epsilon: 0.1
2024-05-03 07:00:49.905: 130 test start:
2024-05-03 07:02:28.832: 130 avg_reward: -15.6
2024-05-03 07:02:28.832: 130 avg_steps: 2619.15
2024-05-03 07:02:28.832: 130 epsilon: 0.1
2024-05-03 07:21:40.647: 131 test start:
2024-05-03 07:23:22.589: 131 avg_reward: -17.8
2024-05-03 07:23:22.590: 131 avg_steps: 2747.8
2024-05-03 07:23:22.590: 131 epsilon: 0.1
2024-05-03 07:42:41.524: 132 test start:
2024-05-03 07:44:07.513: 132 avg_reward: -18.2
2024-05-03 07:44:07.513: 132 avg_steps: 2305.7
2024-05-03 07:44:07.513: 132 epsilon: 0.1
2024-05-03 08:03:19.250: 133 test start:
2024-05-03 08:04:45.194: 133 avg_reward: -15.4
2024-05-03 08:04:45.194: 133 avg_steps: 2327.8
2024-05-03 08:04:45.194: 133 epsilon: 0.1
2024-05-03 08:24:00.728: 134 test start:
2024-05-03 08:25:30.887: 134 avg_reward: -17.6
2024-05-03 08:25:30.887: 134 avg_steps: 2435.6
2024-05-03 08:25:30.887: 134 epsilon: 0.1
2024-05-03 08:44:48.074: 135 test start:
2024-05-03 08:46:12.547: 135 avg_reward: -16.0
2024-05-03 08:46:12.547: 135 avg_steps: 2281.75
2024-05-03 08:46:12.547: 135 epsilon: 0.1
2024-05-03 09:05:16.620: 136 test start:
2024-05-03 09:06:32.539: 136 avg_reward: -18.2
2024-05-03 09:06:32.539: 136 avg_steps: 2099.4
2024-05-03 09:06:32.539: 136 epsilon: 0.1
2024-05-03 09:25:55.096: 137 test start:
2024-05-03 09:27:28.483: 137 avg_reward: -14.7
2024-05-03 09:27:28.483: 137 avg_steps: 2531.85
2024-05-03 09:27:28.484: 137 epsilon: 0.1
2024-05-03 09:47:00.882: 138 test start:
2024-05-03 09:48:38.077: 138 avg_reward: -15.6
2024-05-03 09:48:38.077: 138 avg_steps: 2588.25
2024-05-03 09:48:38.077: 138 epsilon: 0.1
2024-05-03 10:07:35.176: 139 test start:
2024-05-03 10:09:09.501: 139 avg_reward: -18.1
2024-05-03 10:09:09.501: 139 avg_steps: 2569.9
2024-05-03 10:09:09.501: 139 epsilon: 0.1
2024-05-03 10:28:22.057: 140 test start:
2024-05-03 10:29:58.425: 140 avg_reward: -18.2
2024-05-03 10:29:58.425: 140 avg_steps: 2574.25
2024-05-03 10:29:58.425: 140 epsilon: 0.1
2024-05-03 10:48:47.313: 141 test start:
2024-05-03 10:50:23.290: 141 avg_reward: -16.0
2024-05-03 10:50:23.290: 141 avg_steps: 2546.95
2024-05-03 10:50:23.290: 141 epsilon: 0.1
2024-05-03 11:09:38.542: 142 test start:
2024-05-03 11:11:16.200: 142 avg_reward: -16.9
2024-05-03 11:11:16.200: 142 avg_steps: 2667.65
2024-05-03 11:11:16.200: 142 epsilon: 0.1
2024-05-03 11:31:02.511: 143 test start:
2024-05-03 11:32:27.961: 143 avg_reward: -16.4
2024-05-03 11:32:27.961: 143 avg_steps: 2278.1
2024-05-03 11:32:27.961: 143 epsilon: 0.1
2024-05-03 11:51:35.638: 144 test start:
2024-05-03 11:53:12.590: 144 avg_reward: -17.0
2024-05-03 11:53:12.590: 144 avg_steps: 2532.2
2024-05-03 11:53:12.590: 144 epsilon: 0.1
2024-05-03 12:12:20.997: 145 test start:
2024-05-03 12:13:48.301: 145 avg_reward: -17.1
2024-05-03 12:13:48.301: 145 avg_steps: 2398.0
2024-05-03 12:13:48.301: 145 epsilon: 0.1
2024-05-03 12:33:11.531: 146 test start:
2024-05-03 12:35:02.609: 146 avg_reward: -15.2
2024-05-03 12:35:02.609: 146 avg_steps: 2886.1
2024-05-03 12:35:02.609: 146 epsilon: 0.1
2024-05-03 12:54:13.220: 147 test start:
2024-05-03 12:55:51.381: 147 avg_reward: -16.4
2024-05-03 12:55:51.381: 147 avg_steps: 2680.3
2024-05-03 12:55:51.381: 147 epsilon: 0.1
2024-05-03 13:15:28.711: 148 test start:
2024-05-03 13:17:07.023: 148 avg_reward: -14.7
2024-05-03 13:17:07.023: 148 avg_steps: 2667.4
2024-05-03 13:17:07.023: 148 epsilon: 0.1
2024-05-03 13:35:38.155: 149 test start:
2024-05-03 13:37:17.294: 149 avg_reward: -13.9
2024-05-03 13:37:17.294: 149 avg_steps: 2580.7
2024-05-03 13:37:17.294: 149 epsilon: 0.1
2024-05-03 13:57:16.990: 150 test start:
2024-05-03 13:59:01.141: 150 avg_reward: -15.9
2024-05-03 13:59:01.141: 150 avg_steps: 2832.0
2024-05-03 13:59:01.141: 150 epsilon: 0.1
2024-05-03 14:18:00.772: 151 test start:
2024-05-03 14:19:44.649: 151 avg_reward: -15.6
2024-05-03 14:19:44.649: 151 avg_steps: 2775.8
2024-05-03 14:19:44.649: 151 epsilon: 0.1
2024-05-03 14:38:40.142: 152 test start:
2024-05-03 14:40:13.657: 152 avg_reward: -16.9
2024-05-03 14:40:13.657: 152 avg_steps: 2543.2
2024-05-03 14:40:13.657: 152 epsilon: 0.1
2024-05-03 14:59:49.654: 153 test start:
2024-05-03 15:01:45.639: 153 avg_reward: -12.6
2024-05-03 15:01:45.639: 153 avg_steps: 3099.6
2024-05-03 15:01:45.639: 153 epsilon: 0.1
2024-05-03 15:20:45.981: 154 test start:
2024-05-03 15:22:07.192: 154 avg_reward: -17.2
2024-05-03 15:22:07.192: 154 avg_steps: 2144.0
2024-05-03 15:22:07.192: 154 epsilon: 0.1
2024-05-03 15:41:42.771: 155 test start:
2024-05-03 15:43:14.663: 155 avg_reward: -15.7
2024-05-03 15:43:14.664: 155 avg_steps: 2512.8
2024-05-03 15:43:14.664: 155 epsilon: 0.1
2024-05-03 16:02:20.666: 156 test start:
2024-05-03 16:04:04.860: 156 avg_reward: -15.2
2024-05-03 16:04:04.860: 156 avg_steps: 2815.55
2024-05-03 16:04:04.860: 156 epsilon: 0.1
2024-05-03 16:22:58.968: 157 test start:
2024-05-03 16:24:37.539: 157 avg_reward: -16.5
2024-05-03 16:24:37.540: 157 avg_steps: 2602.8
2024-05-03 16:24:37.540: 157 epsilon: 0.1
2024-05-03 16:43:53.793: 158 test start:
2024-05-03 16:45:32.300: 158 avg_reward: -16.9
2024-05-03 16:45:32.300: 158 avg_steps: 2677.15
2024-05-03 16:45:32.300: 158 epsilon: 0.1
2024-05-03 17:04:56.256: 159 test start:
2024-05-03 17:06:37.951: 159 avg_reward: -15.2
2024-05-03 17:06:37.951: 159 avg_steps: 2756.45
2024-05-03 17:06:37.951: 159 epsilon: 0.1
2024-05-03 17:25:55.292: 160 test start:
2024-05-03 17:27:23.758: 160 avg_reward: -16.7
2024-05-03 17:27:23.758: 160 avg_steps: 2442.6
2024-05-03 17:27:23.758: 160 epsilon: 0.1
2024-05-03 17:46:39.423: 161 test start:
2024-05-03 17:48:20.093: 161 avg_reward: -16.7
2024-05-03 17:48:20.093: 161 avg_steps: 2733.55
2024-05-03 17:48:20.093: 161 epsilon: 0.1
2024-05-03 18:07:14.982: 162 test start:
2024-05-03 18:08:47.590: 162 avg_reward: -16.6
2024-05-03 18:08:47.590: 162 avg_steps: 2511.6
2024-05-03 18:08:47.590: 162 epsilon: 0.1
2024-05-03 18:28:31.678: 163 test start:
2024-05-03 18:30:01.139: 163 avg_reward: -16.5
2024-05-03 18:30:01.139: 163 avg_steps: 2396.85
2024-05-03 18:30:01.139: 163 epsilon: 0.1
2024-05-03 18:49:27.968: 164 test start:
2024-05-03 18:50:56.156: 164 avg_reward: -16.8
2024-05-03 18:50:56.156: 164 avg_steps: 2334.25
2024-05-03 18:50:56.156: 164 epsilon: 0.1
2024-05-03 19:09:59.502: 165 test start:
2024-05-03 19:11:29.383: 165 avg_reward: -16.3
2024-05-03 19:11:29.383: 165 avg_steps: 2444.6
2024-05-03 19:11:29.383: 165 epsilon: 0.1
2024-05-03 19:30:43.745: 166 test start:
2024-05-03 19:32:14.569: 166 avg_reward: -17.7
2024-05-03 19:32:14.569: 166 avg_steps: 2503.35
2024-05-03 19:32:14.569: 166 epsilon: 0.1
2024-05-03 19:51:25.738: 167 test start:
2024-05-03 19:53:05.564: 167 avg_reward: -17.5
2024-05-03 19:53:05.564: 167 avg_steps: 2675.55
2024-05-03 19:53:05.564: 167 epsilon: 0.1
2024-05-03 20:12:18.727: 168 test start:
2024-05-03 20:13:58.600: 168 avg_reward: -17.7
2024-05-03 20:13:58.600: 168 avg_steps: 2726.05
2024-05-03 20:13:58.600: 168 epsilon: 0.1
2024-05-03 20:33:06.406: 169 test start:
2024-05-03 20:34:48.107: 169 avg_reward: -17.0
2024-05-03 20:34:48.107: 169 avg_steps: 2658.75
2024-05-03 20:34:48.107: 169 epsilon: 0.1
2024-05-03 20:53:58.217: 170 test start:
2024-05-03 20:55:33.488: 170 avg_reward: -14.5
2024-05-03 20:55:33.488: 170 avg_steps: 2584.55
2024-05-03 20:55:33.488: 170 epsilon: 0.1
2024-05-03 21:14:55.570: 171 test start:
2024-05-03 21:16:31.817: 171 avg_reward: -16.9
2024-05-03 21:16:31.817: 171 avg_steps: 2638.05
2024-05-03 21:16:31.817: 171 epsilon: 0.1
2024-05-03 21:35:26.037: 172 test start:
2024-05-03 21:37:08.985: 172 avg_reward: -14.9
2024-05-03 21:37:08.985: 172 avg_steps: 2787.9
2024-05-03 21:37:08.986: 172 epsilon: 0.1
2024-05-03 21:56:23.342: 173 test start:
2024-05-03 21:58:05.779: 173 avg_reward: -17.8
2024-05-03 21:58:05.779: 173 avg_steps: 2785.1
2024-05-03 21:58:05.779: 173 epsilon: 0.1
2024-05-03 22:17:34.256: 174 test start:
2024-05-03 22:19:22.350: 174 avg_reward: -13.7
2024-05-03 22:19:22.350: 174 avg_steps: 2871.5
2024-05-03 22:19:22.350: 174 epsilon: 0.1
2024-05-03 22:38:18.967: 175 test start:
2024-05-03 22:40:03.213: 175 avg_reward: -14.2
2024-05-03 22:40:03.213: 175 avg_steps: 2838.35
2024-05-03 22:40:03.213: 175 epsilon: 0.1
2024-05-03 22:59:42.016: 176 test start:
2024-05-03 23:01:24.883: 176 avg_reward: -16.2
2024-05-03 23:01:24.883: 176 avg_steps: 2822.35
2024-05-03 23:01:24.883: 176 epsilon: 0.1
2024-05-03 23:20:25.238: 177 test start:
2024-05-03 23:21:56.796: 177 avg_reward: -13.5
2024-05-03 23:21:56.797: 177 avg_steps: 2413.4
2024-05-03 23:21:56.797: 177 epsilon: 0.1
2024-05-03 23:41:03.690: 178 test start:
2024-05-03 23:42:29.719: 178 avg_reward: -18.5
2024-05-03 23:42:29.719: 178 avg_steps: 2311.0
2024-05-03 23:42:29.719: 178 epsilon: 0.1
2024-05-04 00:02:07.882: 179 test start:
2024-05-04 00:03:39.084: 179 avg_reward: -17.3
2024-05-04 00:03:39.084: 179 avg_steps: 2466.95
2024-05-04 00:03:39.084: 179 epsilon: 0.1
2024-05-04 00:22:32.557: 180 test start:
2024-05-04 00:24:11.828: 180 avg_reward: -14.8
2024-05-04 00:24:11.828: 180 avg_steps: 2649.95
2024-05-04 00:24:11.828: 180 epsilon: 0.1
2024-05-04 00:43:30.538: 181 test start:
2024-05-04 00:45:05.570: 181 avg_reward: -14.2
2024-05-04 00:45:05.570: 181 avg_steps: 2589.45
2024-05-04 00:45:05.570: 181 epsilon: 0.1
2024-05-04 01:04:21.664: 182 test start:
2024-05-04 01:06:00.629: 182 avg_reward: -15.9
2024-05-04 01:06:00.630: 182 avg_steps: 2608.6
2024-05-04 01:06:00.630: 182 epsilon: 0.1
2024-05-04 01:25:11.928: 183 test start:
2024-05-04 01:26:42.981: 183 avg_reward: -16.1
2024-05-04 01:26:42.981: 183 avg_steps: 2465.45
2024-05-04 01:26:42.981: 183 epsilon: 0.1
2024-05-04 01:46:08.188: 184 test start:
2024-05-04 01:48:06.274: 184 avg_reward: -15.2
2024-05-04 01:48:06.274: 184 avg_steps: 3117.45
2024-05-04 01:48:06.274: 184 epsilon: 0.1
2024-05-04 02:07:03.895: 185 test start:
2024-05-04 02:08:34.568: 185 avg_reward: -16.2
2024-05-04 02:08:34.568: 185 avg_steps: 2391.4
2024-05-04 02:08:34.568: 185 epsilon: 0.1
2024-05-04 02:28:05.774: 186 test start:
2024-05-04 02:29:50.404: 186 avg_reward: -18.0
2024-05-04 02:29:50.404: 186 avg_steps: 2831.75
2024-05-04 02:29:50.404: 186 epsilon: 0.1
2024-05-04 02:48:48.250: 187 test start:
2024-05-04 02:50:28.192: 187 avg_reward: -17.4
2024-05-04 02:50:28.192: 187 avg_steps: 2661.5
2024-05-04 02:50:28.192: 187 epsilon: 0.1
2024-05-04 03:09:43.326: 188 test start:
2024-05-04 03:11:20.981: 188 avg_reward: -15.8
2024-05-04 03:11:20.981: 188 avg_steps: 2668.05
2024-05-04 03:11:20.981: 188 epsilon: 0.1
2024-05-04 03:30:59.046: 189 test start:
2024-05-04 03:32:22.061: 189 avg_reward: -17.4
2024-05-04 03:32:22.061: 189 avg_steps: 2256.65
2024-05-04 03:32:22.061: 189 epsilon: 0.1
2024-05-04 03:51:33.783: 190 test start:
2024-05-04 03:53:01.665: 190 avg_reward: -16.2
2024-05-04 03:53:01.665: 190 avg_steps: 2334.65
2024-05-04 03:53:01.665: 190 epsilon: 0.1
2024-05-04 04:12:09.545: 191 test start:
2024-05-04 04:13:39.384: 191 avg_reward: -17.1
2024-05-04 04:13:39.384: 191 avg_steps: 2471.5
2024-05-04 04:13:39.384: 191 epsilon: 0.1
2024-05-04 04:33:04.426: 192 test start:
2024-05-04 04:34:50.679: 192 avg_reward: -16.1
2024-05-04 04:34:50.679: 192 avg_steps: 2806.9
2024-05-04 04:34:50.679: 192 epsilon: 0.1
2024-05-04 04:54:00.946: 193 test start:
2024-05-04 04:55:44.004: 193 avg_reward: -16.3
2024-05-04 04:55:44.004: 193 avg_steps: 2713.05
2024-05-04 04:55:44.004: 193 epsilon: 0.1
2024-05-04 05:14:54.096: 194 test start:
2024-05-04 05:16:32.388: 194 avg_reward: -16.2
2024-05-04 05:16:32.388: 194 avg_steps: 2706.3
2024-05-04 05:16:32.388: 194 epsilon: 0.1
2024-05-04 05:35:58.028: 195 test start:
2024-05-04 05:37:40.255: 195 avg_reward: -14.9
2024-05-04 05:37:40.255: 195 avg_steps: 2700.3
2024-05-04 05:37:40.255: 195 epsilon: 0.1
2024-05-04 05:56:49.231: 196 test start:
2024-05-04 05:58:19.761: 196 avg_reward: -16.2
2024-05-04 05:58:19.761: 196 avg_steps: 2445.45
2024-05-04 05:58:19.761: 196 epsilon: 0.1
2024-05-04 06:17:34.650: 197 test start:
2024-05-04 06:19:01.012: 197 avg_reward: -17.5
2024-05-04 06:19:01.012: 197 avg_steps: 2354.35
2024-05-04 06:19:01.012: 197 epsilon: 0.1
2024-05-04 06:38:23.713: 198 test start:
2024-05-04 06:39:56.357: 198 avg_reward: -16.3
2024-05-04 06:39:56.357: 198 avg_steps: 2447.5
2024-05-04 06:39:56.357: 198 epsilon: 0.1
2024-05-04 06:59:06.867: 199 test start:
2024-05-04 07:00:51.934: 199 avg_reward: -17.9
2024-05-04 07:00:51.934: 199 avg_steps: 2806.45
2024-05-04 07:00:51.934: 199 epsilon: 0.1
2024-05-04 07:20:50.295: 200 test start:
2024-05-04 07:22:36.265: 200 avg_reward: -16.4
2024-05-04 07:22:36.265: 200 avg_steps: 2817.4
2024-05-04 07:22:36.265: 200 epsilon: 0.1
2024-05-04 07:41:31.015: 201 test start:
2024-05-04 07:43:19.254: 201 avg_reward: -15.6
2024-05-04 07:43:19.254: 201 avg_steps: 2847.5
2024-05-04 07:43:19.254: 201 epsilon: 0.1
2024-05-04 08:02:28.853: 202 test start:
2024-05-04 08:03:57.592: 202 avg_reward: -18.5
2024-05-04 08:03:57.592: 202 avg_steps: 2418.1
2024-05-04 08:03:57.592: 202 epsilon: 0.1
2024-05-04 08:22:57.612: 203 test start:
2024-05-04 08:24:39.700: 203 avg_reward: -14.4
2024-05-04 08:24:39.700: 203 avg_steps: 2779.6
2024-05-04 08:24:39.700: 203 epsilon: 0.1
2024-05-04 08:44:00.668: 204 test start:
2024-05-04 08:45:46.109: 204 avg_reward: -16.7
2024-05-04 08:45:46.109: 204 avg_steps: 2872.95
2024-05-04 08:45:46.109: 204 epsilon: 0.1
2024-05-04 09:05:02.682: 205 test start:
2024-05-04 09:06:49.241: 205 avg_reward: -15.8
2024-05-04 09:06:49.242: 205 avg_steps: 2810.1
2024-05-04 09:06:49.242: 205 epsilon: 0.1
2024-05-04 09:26:10.272: 206 test start:
2024-05-04 09:27:56.825: 206 avg_reward: -15.5
2024-05-04 09:27:56.825: 206 avg_steps: 2822.7
2024-05-04 09:27:56.825: 206 epsilon: 0.1
2024-05-04 09:47:13.002: 207 test start:
2024-05-04 09:48:50.728: 207 avg_reward: -15.9
2024-05-04 09:48:50.728: 207 avg_steps: 2647.75
2024-05-04 09:48:50.728: 207 epsilon: 0.1
