2024-10-17 18:40:16.284: 
parameters:agent_test_episodes: 20
batch_num_per_epoch: 250000
device: cuda:0
env_name: ALE/Seaquest-v5
epsilon_for_test: 0.05
epsilon_max: 1.0
epsilon_min: 0.1
exp_name: ALE-Seaquest-v5_2024-10-17-18-40-16
exp_path: ../exps/dqn/
exploration_steps: 1000000
gamma: 0.99
held_out_states_num: 1000
learning_rate: 0.00025
mini_batch_size: 32
model_update_freq: 4
n_times: 5
no_op_max: 30
phi_channel: 4
replay_buffer_size: 1000000
replay_start_size: 50000
save_model: true
screen_size: 84
seed: 0
skip_k_frame: 4
step_c: 10000
training_steps: 50000000

2024-10-17 18:40:16.345: env id: ALE/Seaquest-v5 |repeat_action_probability: 0 
2024-10-17 18:40:16.346: screen_size: 84 | grayscale_obs:True 
scale_obs:False | action space size: 18
remove flickering: True | frame skip: 4
state space shape: (210, 160, 3) 
2024-10-17 18:40:16.363: optimizer: RMSprop (
Parameter Group 0
    alpha: 0.95
    centered: False
    differentiable: False
    eps: 0.01
    foreach: None
    lr: 0.00025
    maximize: False
    momentum: 0
    weight_decay: 0
)
2024-10-17 18:49:20.697: 1 test start:
2024-10-17 18:49:35.119: 1 avg_reward: 150.0
2024-10-17 18:49:35.119: 1 avg_steps: 735.75
2024-10-17 18:49:35.120: 1 epsilon: 0.8199793
2024-10-17 18:49:35.120: 1 q: 0.09827283
2024-10-17 18:59:44.040: 2 test start:
2024-10-17 19:00:02.274: 2 avg_reward: 96.0
2024-10-17 19:00:02.274: 2 avg_steps: 964.2
2024-10-17 19:00:02.275: 2 epsilon: 0.5949091
2024-10-17 19:00:02.275: 2 q: 0.20912518
2024-10-17 19:10:05.881: 3 test start:
2024-10-17 19:10:16.620: 3 avg_reward: 11.0
2024-10-17 19:10:16.620: 3 avg_steps: 554.35
2024-10-17 19:10:16.620: 3 epsilon: 0.36980559999999996
2024-10-17 19:10:16.620: 3 q: 0.42888606
2024-10-17 19:20:20.711: 4 test start:
2024-10-17 19:20:35.252: 4 avg_reward: -3.0
2024-10-17 19:20:35.252: 4 avg_steps: 771.15
2024-10-17 19:20:35.252: 4 epsilon: 0.14437719999999998
2024-10-17 19:20:35.252: 4 q: 0.67558277
2024-10-17 19:30:44.667: 5 test start:
2024-10-17 19:31:02.128: 5 avg_reward: 194.0
2024-10-17 19:31:02.129: 5 avg_steps: 886.75
2024-10-17 19:31:02.129: 5 epsilon: 0.1
2024-10-17 19:31:02.129: 5 q: 0.8999117
2024-10-17 19:41:02.711: 6 test start:
2024-10-17 19:41:11.223: 6 avg_reward: 84.0
2024-10-17 19:41:11.223: 6 avg_steps: 443.6
2024-10-17 19:41:11.223: 6 epsilon: 0.1
2024-10-17 19:41:11.223: 6 q: 1.1740148
2024-10-17 19:51:31.803: 7 test start:
2024-10-17 19:51:45.032: 7 avg_reward: 130.0
2024-10-17 19:51:45.033: 7 avg_steps: 687.1
2024-10-17 19:51:45.033: 7 epsilon: 0.1
2024-10-17 19:51:45.033: 7 q: 1.6317031
2024-10-17 20:01:43.419: 8 test start:
2024-10-17 20:02:06.477: 8 avg_reward: 286.0
2024-10-17 20:02:06.477: 8 avg_steps: 1218.5
2024-10-17 20:02:06.478: 8 epsilon: 0.1
2024-10-17 20:02:06.478: 8 q: 1.8927959
2024-10-17 20:12:36.876: 9 test start:
2024-10-17 20:12:48.331: 9 avg_reward: 137.0
2024-10-17 20:12:48.331: 9 avg_steps: 576.75
2024-10-17 20:12:48.331: 9 epsilon: 0.1
2024-10-17 20:12:48.331: 9 q: 2.3172233
2024-10-17 20:22:44.821: 10 test start:
2024-10-17 20:23:08.933: 10 avg_reward: 411.0
2024-10-17 20:23:08.934: 10 avg_steps: 1253.25
2024-10-17 20:23:08.934: 10 epsilon: 0.1
2024-10-17 20:23:08.934: 10 q: 2.6732185
2024-10-17 20:33:39.529: 11 test start:
2024-10-17 20:34:01.830: 11 avg_reward: 331.0
2024-10-17 20:34:01.830: 11 avg_steps: 1176.15
2024-10-17 20:34:01.831: 11 epsilon: 0.1
2024-10-17 20:34:01.831: 11 q: 3.1834185
2024-10-17 20:43:58.794: 12 test start:
2024-10-17 20:44:15.553: 12 avg_reward: 170.0
2024-10-17 20:44:15.553: 12 avg_steps: 854.4
2024-10-17 20:44:15.553: 12 epsilon: 0.1
2024-10-17 20:44:15.553: 12 q: 3.533472
2024-10-17 20:54:38.200: 13 test start:
2024-10-17 20:54:58.135: 13 avg_reward: 239.0
2024-10-17 20:54:58.135: 13 avg_steps: 1039.8
2024-10-17 20:54:58.136: 13 epsilon: 0.1
2024-10-17 20:54:58.136: 13 q: 3.7293682
2024-10-17 21:05:03.281: 14 test start:
2024-10-17 21:05:25.430: 14 avg_reward: 335.0
2024-10-17 21:05:25.430: 14 avg_steps: 1124.3
2024-10-17 21:05:25.430: 14 epsilon: 0.1
2024-10-17 21:05:25.430: 14 q: 4.0144506
2024-10-17 21:15:40.440: 15 test start:
2024-10-17 21:15:55.113: 15 avg_reward: 139.0
2024-10-17 21:15:55.113: 15 avg_steps: 768.6
2024-10-17 21:15:55.113: 15 epsilon: 0.1
2024-10-17 21:15:55.113: 15 q: 4.4711123
2024-10-17 21:26:09.189: 16 test start:
2024-10-17 21:26:27.238: 16 avg_reward: 87.0
2024-10-17 21:26:27.238: 16 avg_steps: 918.7
2024-10-17 21:26:27.238: 16 epsilon: 0.1
2024-10-17 21:26:27.238: 16 q: 4.77321
2024-10-17 21:36:39.817: 17 test start:
2024-10-17 21:36:53.779: 17 avg_reward: 135.0
2024-10-17 21:36:53.780: 17 avg_steps: 738.75
2024-10-17 21:36:53.780: 17 epsilon: 0.1
2024-10-17 21:36:53.780: 17 q: 5.189531
2024-10-17 21:47:09.554: 18 test start:
2024-10-17 21:47:27.167: 18 avg_reward: 301.0
2024-10-17 21:47:27.167: 18 avg_steps: 886.85
2024-10-17 21:47:27.167: 18 epsilon: 0.1
2024-10-17 21:47:27.167: 18 q: 5.448518
2024-10-17 21:57:35.004: 19 test start:
2024-10-17 21:57:47.682: 19 avg_reward: 154.0
2024-10-17 21:57:47.683: 19 avg_steps: 678.1
2024-10-17 21:57:47.683: 19 epsilon: 0.1
2024-10-17 21:57:47.683: 19 q: 5.642619
2024-10-17 22:08:11.766: 20 test start:
2024-10-17 22:08:34.267: 20 avg_reward: 359.0
2024-10-17 22:08:34.267: 20 avg_steps: 1142.95
2024-10-17 22:08:34.267: 20 epsilon: 0.1
2024-10-17 22:08:34.267: 20 q: 5.660386
2024-10-17 22:18:34.848: 21 test start:
2024-10-17 22:18:58.153: 21 avg_reward: 88.0
2024-10-17 22:18:58.153: 21 avg_steps: 1252.0
2024-10-17 22:18:58.153: 21 epsilon: 0.1
2024-10-17 22:18:58.153: 21 q: 5.873047
2024-10-17 22:29:32.749: 22 test start:
2024-10-17 22:29:43.753: 22 avg_reward: 147.0
2024-10-17 22:29:43.753: 22 avg_steps: 563.5
2024-10-17 22:29:43.753: 22 epsilon: 0.1
2024-10-17 22:29:43.754: 22 q: 5.9694266
2024-10-17 22:39:43.586: 23 test start:
2024-10-17 22:40:01.590: 23 avg_reward: 330.0
2024-10-17 22:40:01.590: 23 avg_steps: 893.55
2024-10-17 22:40:01.590: 23 epsilon: 0.1
2024-10-17 22:40:01.590: 23 q: 6.1167345
2024-10-17 22:50:30.634: 24 test start:
2024-10-17 22:50:51.486: 24 avg_reward: 327.0
2024-10-17 22:50:51.486: 24 avg_steps: 1092.75
2024-10-17 22:50:51.487: 24 epsilon: 0.1
2024-10-17 22:50:51.487: 24 q: 6.3604517
2024-10-17 23:00:54.495: 25 test start:
2024-10-17 23:01:05.168: 25 avg_reward: 191.0
2024-10-17 23:01:05.169: 25 avg_steps: 540.05
2024-10-17 23:01:05.169: 25 epsilon: 0.1
2024-10-17 23:01:05.169: 25 q: 6.689539
2024-10-17 23:11:30.281: 26 test start:
2024-10-17 23:11:49.795: 26 avg_reward: 371.0
2024-10-17 23:11:49.795: 26 avg_steps: 1022.1
2024-10-17 23:11:49.795: 26 epsilon: 0.1
2024-10-17 23:11:49.795: 26 q: 6.9798613
2024-10-17 23:21:57.223: 27 test start:
2024-10-17 23:22:10.415: 27 avg_reward: 186.0
2024-10-17 23:22:10.415: 27 avg_steps: 662.6
2024-10-17 23:22:10.415: 27 epsilon: 0.1
2024-10-17 23:22:10.415: 27 q: 6.951789
2024-10-17 23:32:23.586: 28 test start:
2024-10-17 23:32:35.105: 28 avg_reward: 264.0
2024-10-17 23:32:35.105: 28 avg_steps: 604.95
2024-10-17 23:32:35.105: 28 epsilon: 0.1
2024-10-17 23:32:35.105: 28 q: 7.092156
2024-10-17 23:42:48.435: 29 test start:
2024-10-17 23:43:00.018: 29 avg_reward: 210.0
2024-10-17 23:43:00.018: 29 avg_steps: 591.5
2024-10-17 23:43:00.018: 29 epsilon: 0.1
2024-10-17 23:43:00.018: 29 q: 7.190548
2024-10-17 23:53:13.483: 30 test start:
2024-10-17 23:53:23.032: 30 avg_reward: 165.0
2024-10-17 23:53:23.032: 30 avg_steps: 513.25
2024-10-17 23:53:23.032: 30 epsilon: 0.1
2024-10-17 23:53:23.032: 30 q: 7.291456
2024-10-18 00:03:40.161: 31 test start:
2024-10-18 00:03:56.125: 31 avg_reward: 335.0
2024-10-18 00:03:56.125: 31 avg_steps: 846.0
2024-10-18 00:03:56.125: 31 epsilon: 0.1
2024-10-18 00:03:56.125: 31 q: 7.2958684
2024-10-18 00:14:06.818: 32 test start:
2024-10-18 00:14:18.120: 32 avg_reward: 269.0
2024-10-18 00:14:18.120: 32 avg_steps: 613.4
2024-10-18 00:14:18.120: 32 epsilon: 0.1
2024-10-18 00:14:18.120: 32 q: 7.263994
2024-10-18 00:24:40.525: 33 test start:
2024-10-18 00:24:54.145: 33 avg_reward: 352.0
2024-10-18 00:24:54.145: 33 avg_steps: 727.25
2024-10-18 00:24:54.145: 33 epsilon: 0.1
2024-10-18 00:24:54.145: 33 q: 7.293947
2024-10-18 00:34:56.541: 34 test start:
2024-10-18 00:35:06.857: 34 avg_reward: 278.0
2024-10-18 00:35:06.857: 34 avg_steps: 556.6
2024-10-18 00:35:06.857: 34 epsilon: 0.1
2024-10-18 00:35:06.857: 34 q: 7.4842668
2024-10-18 00:45:39.090: 35 test start:
2024-10-18 00:45:49.964: 35 avg_reward: 291.0
2024-10-18 00:45:49.964: 35 avg_steps: 568.85
2024-10-18 00:45:49.964: 35 epsilon: 0.1
2024-10-18 00:45:49.964: 35 q: 7.458576
2024-10-18 00:55:47.714: 36 test start:
2024-10-18 00:55:59.061: 36 avg_reward: 311.0
2024-10-18 00:55:59.061: 36 avg_steps: 573.95
2024-10-18 00:55:59.061: 36 epsilon: 0.1
2024-10-18 00:55:59.061: 36 q: 7.3726068
2024-10-18 01:06:31.405: 37 test start:
2024-10-18 01:06:49.736: 37 avg_reward: 413.0
2024-10-18 01:06:49.737: 37 avg_steps: 958.0
2024-10-18 01:06:49.737: 37 epsilon: 0.1
2024-10-18 01:06:49.737: 37 q: 7.397999
2024-10-18 01:16:45.693: 38 test start:
2024-10-18 01:17:00.963: 38 avg_reward: 509.0
2024-10-18 01:17:00.964: 38 avg_steps: 771.6
2024-10-18 01:17:00.964: 38 epsilon: 0.1
2024-10-18 01:17:00.964: 38 q: 7.465238
2024-10-18 01:27:28.855: 39 test start:
2024-10-18 01:27:44.292: 39 avg_reward: 529.0
2024-10-18 01:27:44.292: 39 avg_steps: 803.9
2024-10-18 01:27:44.292: 39 epsilon: 0.1
2024-10-18 01:27:44.292: 39 q: 7.3803244
2024-10-18 01:37:55.009: 40 test start:
2024-10-18 01:38:20.029: 40 avg_reward: 884.0
2024-10-18 01:38:20.029: 40 avg_steps: 1249.1
2024-10-18 01:38:20.030: 40 epsilon: 0.1
2024-10-18 01:38:20.030: 40 q: 7.416081
2024-10-18 01:48:41.296: 41 test start:
2024-10-18 01:48:54.036: 41 avg_reward: 420.0
2024-10-18 01:48:54.036: 41 avg_steps: 670.65
2024-10-18 01:48:54.036: 41 epsilon: 0.1
2024-10-18 01:48:54.036: 41 q: 7.239093
2024-10-18 01:59:15.931: 42 test start:
2024-10-18 01:59:36.134: 42 avg_reward: 629.0
2024-10-18 01:59:36.134: 42 avg_steps: 1013.6
2024-10-18 01:59:36.134: 42 epsilon: 0.1
2024-10-18 01:59:36.134: 42 q: 7.25579
2024-10-18 02:09:48.310: 43 test start:
2024-10-18 02:10:13.261: 43 avg_reward: 975.0
2024-10-18 02:10:13.261: 43 avg_steps: 1309.35
2024-10-18 02:10:13.261: 43 epsilon: 0.1
2024-10-18 02:10:13.261: 43 q: 7.375495
2024-10-18 02:20:48.035: 44 test start:
2024-10-18 02:21:08.777: 44 avg_reward: 670.0
2024-10-18 02:21:08.777: 44 avg_steps: 1046.6
2024-10-18 02:21:08.777: 44 epsilon: 0.1
2024-10-18 02:21:08.777: 44 q: 7.404191
2024-10-18 02:31:14.761: 45 test start:
2024-10-18 02:31:37.529: 45 avg_reward: 756.0
2024-10-18 02:31:37.529: 45 avg_steps: 1207.25
2024-10-18 02:31:37.529: 45 epsilon: 0.1
2024-10-18 02:31:37.529: 45 q: 7.5387163
2024-10-18 02:42:06.390: 46 test start:
2024-10-18 02:42:39.578: 46 avg_reward: 1638.5
2024-10-18 02:42:39.578: 46 avg_steps: 1705.4
2024-10-18 02:42:39.578: 46 epsilon: 0.1
2024-10-18 02:42:39.578: 46 q: 7.5748606
2024-10-18 02:52:38.562: 47 test start:
2024-10-18 02:52:56.155: 47 avg_reward: 510.0
2024-10-18 02:52:56.156: 47 avg_steps: 883.75
2024-10-18 02:52:56.156: 47 epsilon: 0.1
2024-10-18 02:52:56.156: 47 q: 7.7295747
2024-10-18 03:03:33.125: 48 test start:
2024-10-18 03:04:07.999: 48 avg_reward: 2090.5
2024-10-18 03:04:07.999: 48 avg_steps: 1845.25
2024-10-18 03:04:07.999: 48 epsilon: 0.1
2024-10-18 03:04:07.999: 48 q: 7.680765
2024-10-18 03:14:15.148: 49 test start:
2024-10-18 03:14:45.875: 49 avg_reward: 1443.0
2024-10-18 03:14:45.875: 49 avg_steps: 1553.25
2024-10-18 03:14:45.875: 49 epsilon: 0.1
2024-10-18 03:14:45.875: 49 q: 7.7029366
2024-10-18 03:25:10.735: 50 test start:
2024-10-18 03:25:25.173: 50 avg_reward: 407.0
2024-10-18 03:25:25.173: 50 avg_steps: 759.3
2024-10-18 03:25:25.173: 50 epsilon: 0.1
2024-10-18 03:25:25.173: 50 q: 7.7883124
2024-10-18 03:35:38.219: 51 test start:
2024-10-18 03:36:12.487: 51 avg_reward: 1604.0
2024-10-18 03:36:12.488: 51 avg_steps: 1740.7
2024-10-18 03:36:12.488: 51 epsilon: 0.1
2024-10-18 03:36:12.488: 51 q: 7.8703465
2024-10-18 03:46:31.130: 52 test start:
2024-10-18 03:46:39.183: 52 avg_reward: 202.0
2024-10-18 03:46:39.183: 52 avg_steps: 421.15
2024-10-18 03:46:39.183: 52 epsilon: 0.1
2024-10-18 03:46:39.183: 52 q: 7.765406
2024-10-18 03:56:57.099: 53 test start:
2024-10-18 03:57:28.790: 53 avg_reward: 1497.0
2024-10-18 03:57:28.790: 53 avg_steps: 1609.15
2024-10-18 03:57:28.790: 53 epsilon: 0.1
2024-10-18 03:57:28.790: 53 q: 7.9792395
2024-10-18 04:07:37.274: 54 test start:
2024-10-18 04:08:08.245: 54 avg_reward: 1550.0
2024-10-18 04:08:08.245: 54 avg_steps: 1625.2
2024-10-18 04:08:08.246: 54 epsilon: 0.1
2024-10-18 04:08:08.246: 54 q: 8.121447
2024-10-18 04:18:38.824: 55 test start:
2024-10-18 04:19:17.038: 55 avg_reward: 1839.0
2024-10-18 04:19:17.038: 55 avg_steps: 1956.25
2024-10-18 04:19:17.038: 55 epsilon: 0.1
2024-10-18 04:19:17.038: 55 q: 8.074771
2024-10-18 04:29:16.809: 56 test start:
2024-10-18 04:29:59.245: 56 avg_reward: 2338.0
2024-10-18 04:29:59.246: 56 avg_steps: 2172.4
2024-10-18 04:29:59.246: 56 epsilon: 0.1
2024-10-18 04:29:59.246: 56 q: 8.037942
2024-10-18 04:40:29.392: 57 test start:
2024-10-18 04:41:04.628: 57 avg_reward: 1815.0
2024-10-18 04:41:04.628: 57 avg_steps: 1884.75
2024-10-18 04:41:04.628: 57 epsilon: 0.1
2024-10-18 04:41:04.628: 57 q: 8.01942
2024-10-18 04:51:11.962: 58 test start:
2024-10-18 04:51:41.687: 58 avg_reward: 1399.0
2024-10-18 04:51:41.688: 58 avg_steps: 1505.45
2024-10-18 04:51:41.688: 58 epsilon: 0.1
2024-10-18 04:51:41.688: 58 q: 8.23907
2024-10-18 05:02:10.383: 59 test start:
2024-10-18 05:02:47.346: 59 avg_reward: 1925.0
2024-10-18 05:02:47.346: 59 avg_steps: 1990.35
2024-10-18 05:02:47.346: 59 epsilon: 0.1
2024-10-18 05:02:47.347: 59 q: 8.25218
2024-10-18 05:12:59.887: 60 test start:
2024-10-18 05:13:38.225: 60 avg_reward: 2495.5
2024-10-18 05:13:38.225: 60 avg_steps: 2021.1
2024-10-18 05:13:38.225: 60 epsilon: 0.1
2024-10-18 05:13:38.225: 60 q: 8.499496
2024-10-18 05:23:51.835: 61 test start:
2024-10-18 05:24:24.143: 61 avg_reward: 1870.0
2024-10-18 05:24:24.144: 61 avg_steps: 1727.35
2024-10-18 05:24:24.144: 61 epsilon: 0.1
2024-10-18 05:24:24.144: 61 q: 8.857792
2024-10-18 05:34:47.409: 62 test start:
2024-10-18 05:35:06.956: 62 avg_reward: 580.0
2024-10-18 05:35:06.957: 62 avg_steps: 995.8
2024-10-18 05:35:06.957: 62 epsilon: 0.1
2024-10-18 05:35:06.957: 62 q: 8.97909
2024-10-18 05:45:25.593: 63 test start:
2024-10-18 05:45:51.076: 63 avg_reward: 1307.0
2024-10-18 05:45:51.076: 63 avg_steps: 1381.9
2024-10-18 05:45:51.076: 63 epsilon: 0.1
2024-10-18 05:45:51.077: 63 q: 9.077611
2024-10-18 05:56:50.303: 64 test start:
2024-10-18 05:57:21.433: 64 avg_reward: 1840.0
2024-10-18 05:57:21.433: 64 avg_steps: 1659.95
2024-10-18 05:57:21.433: 64 epsilon: 0.1
2024-10-18 05:57:21.433: 64 q: 9.1103525
2024-10-18 06:07:53.713: 65 test start:
2024-10-18 06:08:14.702: 65 avg_reward: 694.0
2024-10-18 06:08:14.702: 65 avg_steps: 1065.1
2024-10-18 06:08:14.702: 65 epsilon: 0.1
2024-10-18 06:08:14.703: 65 q: 9.220983
2024-10-18 06:18:59.724: 66 test start:
2024-10-18 06:19:35.306: 66 avg_reward: 2660.5
2024-10-18 06:19:35.306: 66 avg_steps: 1894.55
2024-10-18 06:19:35.306: 66 epsilon: 0.1
2024-10-18 06:19:35.307: 66 q: 9.182902
2024-10-18 06:30:10.140: 67 test start:
2024-10-18 06:30:49.466: 67 avg_reward: 2284.5
2024-10-18 06:30:49.467: 67 avg_steps: 2015.35
2024-10-18 06:30:49.467: 67 epsilon: 0.1
2024-10-18 06:30:49.467: 67 q: 9.297732
2024-10-18 06:41:18.766: 68 test start:
2024-10-18 06:41:51.925: 68 avg_reward: 1948.0
2024-10-18 06:41:51.925: 68 avg_steps: 1801.6
2024-10-18 06:41:51.925: 68 epsilon: 0.1
2024-10-18 06:41:51.925: 68 q: 9.317277
2024-10-18 06:52:33.165: 69 test start:
2024-10-18 06:53:01.201: 69 avg_reward: 1379.0
2024-10-18 06:53:01.201: 69 avg_steps: 1457.1
2024-10-18 06:53:01.201: 69 epsilon: 0.1
2024-10-18 06:53:01.201: 69 q: 9.429568
2024-10-18 07:03:10.732: 70 test start:
2024-10-18 07:03:47.880: 70 avg_reward: 2162.5
2024-10-18 07:03:47.880: 70 avg_steps: 1935.3
2024-10-18 07:03:47.880: 70 epsilon: 0.1
2024-10-18 07:03:47.880: 70 q: 9.724047
2024-10-18 07:14:38.977: 71 test start:
2024-10-18 07:15:15.176: 71 avg_reward: 2223.5
2024-10-18 07:15:15.176: 71 avg_steps: 1881.75
2024-10-18 07:15:15.176: 71 epsilon: 0.1
2024-10-18 07:15:15.176: 71 q: 9.862664
2024-10-18 07:25:46.274: 72 test start:
2024-10-18 07:26:30.397: 72 avg_reward: 2380.0
2024-10-18 07:26:30.397: 72 avg_steps: 2215.1
2024-10-18 07:26:30.397: 72 epsilon: 0.1
2024-10-18 07:26:30.397: 72 q: 9.98663
2024-10-18 07:37:17.533: 73 test start:
2024-10-18 07:37:39.687: 73 avg_reward: 619.0
2024-10-18 07:37:39.687: 73 avg_steps: 1170.45
2024-10-18 07:37:39.687: 73 epsilon: 0.1
2024-10-18 07:37:39.687: 73 q: 10.062795
2024-10-18 07:48:14.392: 74 test start:
2024-10-18 07:48:44.612: 74 avg_reward: 1598.0
2024-10-18 07:48:44.613: 74 avg_steps: 1546.25
2024-10-18 07:48:44.613: 74 epsilon: 0.1
2024-10-18 07:48:44.613: 74 q: 10.047978
2024-10-18 07:59:07.652: 75 test start:
2024-10-18 07:59:30.995: 75 avg_reward: 1045.0
2024-10-18 07:59:30.995: 75 avg_steps: 1235.1
2024-10-18 07:59:30.995: 75 epsilon: 0.1
2024-10-18 07:59:30.995: 75 q: 10.049188
2024-10-18 08:10:10.584: 76 test start:
2024-10-18 08:10:30.018: 76 avg_reward: 619.0
2024-10-18 08:10:30.019: 76 avg_steps: 979.95
2024-10-18 08:10:30.019: 76 epsilon: 0.1
2024-10-18 08:10:30.019: 76 q: 10.155661
2024-10-18 08:20:41.331: 77 test start:
2024-10-18 08:21:05.079: 77 avg_reward: 1163.0
2024-10-18 08:21:05.079: 77 avg_steps: 1191.8
2024-10-18 08:21:05.079: 77 epsilon: 0.1
2024-10-18 08:21:05.079: 77 q: 10.393179
2024-10-18 08:31:41.167: 78 test start:
2024-10-18 08:32:23.112: 78 avg_reward: 2302.0
2024-10-18 08:32:23.112: 78 avg_steps: 2180.6
2024-10-18 08:32:23.112: 78 epsilon: 0.1
2024-10-18 08:32:23.112: 78 q: 10.3189535
2024-10-18 08:42:47.472: 79 test start:
2024-10-18 08:43:28.467: 79 avg_reward: 2324.0
2024-10-18 08:43:28.467: 79 avg_steps: 2023.85
2024-10-18 08:43:28.472: 79 epsilon: 0.1
2024-10-18 08:43:28.473: 79 q: 10.169795
2024-10-18 08:54:11.298: 80 test start:
2024-10-18 08:54:47.017: 80 avg_reward: 2300.0
2024-10-18 08:54:47.017: 80 avg_steps: 1846.5
2024-10-18 08:54:47.017: 80 epsilon: 0.1
2024-10-18 08:54:47.017: 80 q: 10.126108
2024-10-18 09:05:26.316: 81 test start:
2024-10-18 09:05:59.470: 81 avg_reward: 2125.0
2024-10-18 09:05:59.470: 81 avg_steps: 1647.0
2024-10-18 09:05:59.470: 81 epsilon: 0.1
2024-10-18 09:05:59.470: 81 q: 10.292886
2024-10-18 09:16:56.181: 82 test start:
2024-10-18 09:17:33.509: 82 avg_reward: 2697.0
2024-10-18 09:17:33.509: 82 avg_steps: 1891.35
2024-10-18 09:17:33.509: 82 epsilon: 0.1
2024-10-18 09:17:33.509: 82 q: 10.288135
2024-10-18 09:28:26.183: 83 test start:
2024-10-18 09:28:52.392: 83 avg_reward: 1251.0
2024-10-18 09:28:52.392: 83 avg_steps: 1301.1
2024-10-18 09:28:52.392: 83 epsilon: 0.1
2024-10-18 09:28:52.392: 83 q: 10.443529
2024-10-18 09:39:45.605: 84 test start:
2024-10-18 09:40:26.090: 84 avg_reward: 3044.0
2024-10-18 09:40:26.090: 84 avg_steps: 2071.7
2024-10-18 09:40:26.090: 84 epsilon: 0.1
2024-10-18 09:40:26.090: 84 q: 10.457596
2024-10-18 09:51:21.137: 85 test start:
2024-10-18 09:51:59.485: 85 avg_reward: 2317.0
2024-10-18 09:51:59.485: 85 avg_steps: 1881.7
2024-10-18 09:51:59.485: 85 epsilon: 0.1
2024-10-18 09:51:59.485: 85 q: 10.573923
2024-10-18 10:02:46.442: 86 test start:
2024-10-18 10:03:10.814: 86 avg_reward: 1347.0
2024-10-18 10:03:10.815: 86 avg_steps: 1211.85
2024-10-18 10:03:10.815: 86 epsilon: 0.1
2024-10-18 10:03:10.815: 86 q: 10.538805
2024-10-18 10:14:00.064: 87 test start:
2024-10-18 10:14:13.988: 87 avg_reward: 494.0
2024-10-18 10:14:13.988: 87 avg_steps: 693.15
2024-10-18 10:14:13.988: 87 epsilon: 0.1
2024-10-18 10:14:13.988: 87 q: 10.681728
2024-10-18 10:24:58.168: 88 test start:
2024-10-18 10:25:22.905: 88 avg_reward: 479.0
2024-10-18 10:25:22.905: 88 avg_steps: 1239.5
2024-10-18 10:25:22.905: 88 epsilon: 0.1
2024-10-18 10:25:22.906: 88 q: 10.64704
2024-10-18 10:36:07.921: 89 test start:
2024-10-18 10:36:37.836: 89 avg_reward: 1743.5
2024-10-18 10:36:37.836: 89 avg_steps: 1502.15
2024-10-18 10:36:37.836: 89 epsilon: 0.1
2024-10-18 10:36:37.836: 89 q: 10.633543
2024-10-18 10:47:16.844: 90 test start:
2024-10-18 10:47:32.243: 90 avg_reward: 155.0
2024-10-18 10:47:32.243: 90 avg_steps: 774.0
2024-10-18 10:47:32.243: 90 epsilon: 0.1
2024-10-18 10:47:32.243: 90 q: 10.754099
2024-10-18 10:58:09.179: 91 test start:
2024-10-18 10:58:31.535: 91 avg_reward: 923.0
2024-10-18 10:58:31.535: 91 avg_steps: 1120.7
2024-10-18 10:58:31.535: 91 epsilon: 0.1
2024-10-18 10:58:31.535: 91 q: 10.706716
2024-10-18 11:09:10.231: 92 test start:
2024-10-18 11:09:43.664: 92 avg_reward: 2313.0
2024-10-18 11:09:43.664: 92 avg_steps: 1682.55
2024-10-18 11:09:43.664: 92 epsilon: 0.1
2024-10-18 11:09:43.664: 92 q: 10.613945
2024-10-18 11:20:19.616: 93 test start:
2024-10-18 11:20:55.481: 93 avg_reward: 2245.5
2024-10-18 11:20:55.481: 93 avg_steps: 1804.15
2024-10-18 11:20:55.481: 93 epsilon: 0.1
2024-10-18 11:20:55.481: 93 q: 10.558047
2024-10-18 11:31:30.327: 94 test start:
2024-10-18 11:32:06.457: 94 avg_reward: 2381.0
2024-10-18 11:32:06.457: 94 avg_steps: 1817.15
2024-10-18 11:32:06.457: 94 epsilon: 0.1
2024-10-18 11:32:06.457: 94 q: 10.352856
2024-10-18 11:42:46.524: 95 test start:
2024-10-18 11:43:11.710: 95 avg_reward: 1465.0
2024-10-18 11:43:11.710: 95 avg_steps: 1260.95
2024-10-18 11:43:11.710: 95 epsilon: 0.1
2024-10-18 11:43:11.710: 95 q: 10.416066
2024-10-18 11:53:48.618: 96 test start:
2024-10-18 11:54:19.328: 96 avg_reward: 2107.5
2024-10-18 11:54:19.329: 96 avg_steps: 1531.2
2024-10-18 11:54:19.329: 96 epsilon: 0.1
2024-10-18 11:54:19.329: 96 q: 10.373798
2024-10-18 12:04:53.443: 97 test start:
2024-10-18 12:05:03.619: 97 avg_reward: 298.0
2024-10-18 12:05:03.619: 97 avg_steps: 498.1
2024-10-18 12:05:03.619: 97 epsilon: 0.1
2024-10-18 12:05:03.619: 97 q: 10.266449
2024-10-18 12:15:46.108: 98 test start:
2024-10-18 12:16:02.043: 98 avg_reward: 545.0
2024-10-18 12:16:02.043: 98 avg_steps: 783.75
2024-10-18 12:16:02.043: 98 epsilon: 0.1
2024-10-18 12:16:02.043: 98 q: 10.329848
2024-10-18 12:26:47.905: 99 test start:
2024-10-18 12:27:25.347: 99 avg_reward: 3292.5
2024-10-18 12:27:25.347: 99 avg_steps: 1889.35
2024-10-18 12:27:25.347: 99 epsilon: 0.1
2024-10-18 12:27:25.347: 99 q: 10.229192
2024-10-18 12:38:06.189: 100 test start:
2024-10-18 12:38:32.604: 100 avg_reward: 1331.0
2024-10-18 12:38:32.605: 100 avg_steps: 1329.2
2024-10-18 12:38:32.605: 100 epsilon: 0.1
2024-10-18 12:38:32.605: 100 q: 10.304762
2024-10-18 12:49:05.515: 101 test start:
2024-10-18 12:49:20.623: 101 avg_reward: 591.0
2024-10-18 12:49:20.624: 101 avg_steps: 751.45
2024-10-18 12:49:20.624: 101 epsilon: 0.1
2024-10-18 12:49:20.624: 101 q: 10.238491
2024-10-18 13:00:00.419: 102 test start:
2024-10-18 13:00:26.818: 102 avg_reward: 1036.0
2024-10-18 13:00:26.818: 102 avg_steps: 1326.9
2024-10-18 13:00:26.818: 102 epsilon: 0.1
2024-10-18 13:00:26.818: 102 q: 10.270763
2024-10-18 13:11:03.222: 103 test start:
2024-10-18 13:11:39.825: 103 avg_reward: 2884.0
2024-10-18 13:11:39.826: 103 avg_steps: 1912.55
2024-10-18 13:11:39.826: 103 epsilon: 0.1
2024-10-18 13:11:39.826: 103 q: 10.257596
2024-10-18 13:22:20.489: 104 test start:
2024-10-18 13:22:40.858: 104 avg_reward: 1106.0
2024-10-18 13:22:40.859: 104 avg_steps: 1042.05
2024-10-18 13:22:40.859: 104 epsilon: 0.1
2024-10-18 13:22:40.859: 104 q: 10.265149
2024-10-18 13:33:14.815: 105 test start:
2024-10-18 13:33:55.778: 105 avg_reward: 2966.5
2024-10-18 13:33:55.779: 105 avg_steps: 2053.9
2024-10-18 13:33:55.779: 105 epsilon: 0.1
2024-10-18 13:33:55.779: 105 q: 10.505934
2024-10-18 13:44:31.171: 106 test start:
2024-10-18 13:45:09.027: 106 avg_reward: 3008.5
2024-10-18 13:45:09.027: 106 avg_steps: 1921.7
2024-10-18 13:45:09.027: 106 epsilon: 0.1
2024-10-18 13:45:09.027: 106 q: 10.492078
2024-10-18 13:55:44.236: 107 test start:
2024-10-18 13:56:03.699: 107 avg_reward: 824.0
2024-10-18 13:56:03.699: 107 avg_steps: 974.7
2024-10-18 13:56:03.699: 107 epsilon: 0.1
2024-10-18 13:56:03.699: 107 q: 10.556696
2024-10-18 14:06:44.186: 108 test start:
2024-10-18 14:07:20.924: 108 avg_reward: 2849.0
2024-10-18 14:07:20.925: 108 avg_steps: 1835.1
2024-10-18 14:07:20.925: 108 epsilon: 0.1
2024-10-18 14:07:20.925: 108 q: 10.374437
2024-10-18 14:17:56.213: 109 test start:
2024-10-18 14:18:42.923: 109 avg_reward: 3688.5
2024-10-18 14:18:42.923: 109 avg_steps: 2356.85
2024-10-18 14:18:42.923: 109 epsilon: 0.1
2024-10-18 14:18:42.923: 109 q: 10.335234
2024-10-18 14:29:27.408: 110 test start:
2024-10-18 14:30:05.496: 110 avg_reward: 3458.0
2024-10-18 14:30:05.496: 110 avg_steps: 1927.7
2024-10-18 14:30:05.496: 110 epsilon: 0.1
2024-10-18 14:30:05.496: 110 q: 10.3505745
2024-10-18 14:40:45.629: 111 test start:
2024-10-18 14:41:19.954: 111 avg_reward: 2782.0
2024-10-18 14:41:19.954: 111 avg_steps: 1744.4
2024-10-18 14:41:19.954: 111 epsilon: 0.1
2024-10-18 14:41:19.954: 111 q: 10.373322
2024-10-18 14:51:57.652: 112 test start:
2024-10-18 14:52:12.729: 112 avg_reward: 712.0
2024-10-18 14:52:12.729: 112 avg_steps: 752.65
2024-10-18 14:52:12.729: 112 epsilon: 0.1
2024-10-18 14:52:12.729: 112 q: 10.388419
2024-10-18 15:02:46.844: 113 test start:
2024-10-18 15:03:19.218: 113 avg_reward: 2514.0
2024-10-18 15:03:19.218: 113 avg_steps: 1635.2
2024-10-18 15:03:19.218: 113 epsilon: 0.1
2024-10-18 15:03:19.218: 113 q: 10.479787
2024-10-18 15:13:59.043: 114 test start:
2024-10-18 15:14:32.923: 114 avg_reward: 1953.0
2024-10-18 15:14:32.923: 114 avg_steps: 1711.75
2024-10-18 15:14:32.923: 114 epsilon: 0.1
2024-10-18 15:14:32.923: 114 q: 10.517062
2024-10-18 15:25:14.002: 115 test start:
2024-10-18 15:25:57.355: 115 avg_reward: 3833.0
2024-10-18 15:25:57.355: 115 avg_steps: 2190.85
2024-10-18 15:25:57.355: 115 epsilon: 0.1
2024-10-18 15:25:57.355: 115 q: 10.58902
2024-10-18 15:36:36.184: 116 test start:
2024-10-18 15:37:15.105: 116 avg_reward: 3364.0
2024-10-18 15:37:15.105: 116 avg_steps: 1969.7
2024-10-18 15:37:15.105: 116 epsilon: 0.1
2024-10-18 15:37:15.105: 116 q: 10.559883
2024-10-18 15:47:58.448: 117 test start:
2024-10-18 15:48:26.716: 117 avg_reward: 1744.5
2024-10-18 15:48:26.717: 117 avg_steps: 1415.15
2024-10-18 15:48:26.717: 117 epsilon: 0.1
2024-10-18 15:48:26.717: 117 q: 10.649399
2024-10-18 15:58:59.735: 118 test start:
2024-10-18 15:59:12.665: 118 avg_reward: 402.0
2024-10-18 15:59:12.666: 118 avg_steps: 647.5
2024-10-18 15:59:12.666: 118 epsilon: 0.1
2024-10-18 15:59:12.666: 118 q: 10.651176
2024-10-18 16:09:52.865: 119 test start:
2024-10-18 16:10:17.862: 119 avg_reward: 1430.5
2024-10-18 16:10:17.862: 119 avg_steps: 1255.35
2024-10-18 16:10:17.862: 119 epsilon: 0.1
2024-10-18 16:10:17.862: 119 q: 10.672934
2024-10-18 16:20:54.313: 120 test start:
2024-10-18 16:21:37.698: 120 avg_reward: 4024.0
2024-10-18 16:21:37.699: 120 avg_steps: 2209.35
2024-10-18 16:21:37.699: 120 epsilon: 0.1
2024-10-18 16:21:37.699: 120 q: 10.643746
2024-10-18 16:32:19.684: 121 test start:
2024-10-18 16:33:01.289: 121 avg_reward: 3331.0
2024-10-18 16:33:01.290: 121 avg_steps: 2116.3
2024-10-18 16:33:01.290: 121 epsilon: 0.1
2024-10-18 16:33:01.290: 121 q: 10.592055
2024-10-18 16:43:41.430: 122 test start:
2024-10-18 16:44:00.631: 122 avg_reward: 1131.0
2024-10-18 16:44:00.631: 122 avg_steps: 996.3
2024-10-18 16:44:00.631: 122 epsilon: 0.1
2024-10-18 16:44:00.631: 122 q: 10.596939
2024-10-18 16:54:51.819: 123 test start:
2024-10-18 16:55:22.914: 123 avg_reward: 1812.0
2024-10-18 16:55:22.914: 123 avg_steps: 1584.25
2024-10-18 16:55:22.914: 123 epsilon: 0.1
2024-10-18 16:55:22.914: 123 q: 10.535648
2024-10-18 17:06:13.702: 124 test start:
2024-10-18 17:06:37.715: 124 avg_reward: 1669.0
2024-10-18 17:06:37.715: 124 avg_steps: 1227.5
2024-10-18 17:06:37.715: 124 epsilon: 0.1
2024-10-18 17:06:37.715: 124 q: 10.528374
2024-10-18 17:17:23.008: 125 test start:
2024-10-18 17:17:37.876: 125 avg_reward: 568.0
2024-10-18 17:17:37.876: 125 avg_steps: 757.65
2024-10-18 17:17:37.877: 125 epsilon: 0.1
2024-10-18 17:17:37.877: 125 q: 10.5384865
2024-10-18 17:28:15.721: 126 test start:
2024-10-18 17:28:40.669: 126 avg_reward: 1595.5
2024-10-18 17:28:40.669: 126 avg_steps: 1246.75
2024-10-18 17:28:40.669: 126 epsilon: 0.1
2024-10-18 17:28:40.669: 126 q: 10.639404
2024-10-18 17:39:21.687: 127 test start:
2024-10-18 17:39:59.508: 127 avg_reward: 3755.0
2024-10-18 17:39:59.509: 127 avg_steps: 1907.05
2024-10-18 17:39:59.509: 127 epsilon: 0.1
2024-10-18 17:39:59.509: 127 q: 10.5778675
2024-10-18 17:50:45.409: 128 test start:
2024-10-18 17:51:24.026: 128 avg_reward: 3726.5
2024-10-18 17:51:24.026: 128 avg_steps: 1944.7
2024-10-18 17:51:24.026: 128 epsilon: 0.1
2024-10-18 17:51:24.026: 128 q: 10.565599
2024-10-18 18:02:04.568: 129 test start:
2024-10-18 18:02:36.816: 129 avg_reward: 2301.0
2024-10-18 18:02:36.816: 129 avg_steps: 1645.0
2024-10-18 18:02:36.816: 129 epsilon: 0.1
2024-10-18 18:02:36.816: 129 q: 10.571579
2024-10-18 18:13:35.242: 130 test start:
2024-10-18 18:13:51.190: 130 avg_reward: 679.5
2024-10-18 18:13:51.191: 130 avg_steps: 833.55
2024-10-18 18:13:51.191: 130 epsilon: 0.1
2024-10-18 18:13:51.191: 130 q: 10.511215
2024-10-18 18:24:41.772: 131 test start:
2024-10-18 18:25:04.558: 131 avg_reward: 810.0
2024-10-18 18:25:04.558: 131 avg_steps: 1161.9
2024-10-18 18:25:04.558: 131 epsilon: 0.1
2024-10-18 18:25:04.558: 131 q: 10.488084
2024-10-18 18:35:54.216: 132 test start:
2024-10-18 18:36:26.731: 132 avg_reward: 2277.5
2024-10-18 18:36:26.731: 132 avg_steps: 1643.8
2024-10-18 18:36:26.731: 132 epsilon: 0.1
2024-10-18 18:36:26.731: 132 q: 10.528933
2024-10-18 18:47:14.845: 133 test start:
2024-10-18 18:47:50.410: 133 avg_reward: 2752.0
2024-10-18 18:47:50.410: 133 avg_steps: 1829.45
2024-10-18 18:47:50.410: 133 epsilon: 0.1
2024-10-18 18:47:50.410: 133 q: 10.56792
2024-10-18 18:58:39.395: 134 test start:
2024-10-18 18:59:02.645: 134 avg_reward: 1567.0
2024-10-18 18:59:02.645: 134 avg_steps: 1196.7
2024-10-18 18:59:02.645: 134 epsilon: 0.1
2024-10-18 18:59:02.645: 134 q: 10.569716
2024-10-18 19:09:47.175: 135 test start:
2024-10-18 19:10:29.077: 135 avg_reward: 4401.0
2024-10-18 19:10:29.077: 135 avg_steps: 2166.35
2024-10-18 19:10:29.077: 135 epsilon: 0.1
2024-10-18 19:10:29.077: 135 q: 10.49325
2024-10-18 19:21:12.844: 136 test start:
2024-10-18 19:21:50.120: 136 avg_reward: 3385.5
2024-10-18 19:21:50.121: 136 avg_steps: 1907.45
2024-10-18 19:21:50.121: 136 epsilon: 0.1
2024-10-18 19:21:50.121: 136 q: 10.500095
2024-10-18 19:32:36.245: 137 test start:
2024-10-18 19:32:52.899: 137 avg_reward: 524.0
2024-10-18 19:32:52.899: 137 avg_steps: 841.4
2024-10-18 19:32:52.899: 137 epsilon: 0.1
2024-10-18 19:32:52.899: 137 q: 10.449175
2024-10-18 19:43:31.960: 138 test start:
2024-10-18 19:44:17.738: 138 avg_reward: 4533.5
2024-10-18 19:44:17.738: 138 avg_steps: 2332.1
2024-10-18 19:44:17.739: 138 epsilon: 0.1
2024-10-18 19:44:17.739: 138 q: 10.465506
2024-10-18 19:54:51.306: 139 test start:
2024-10-18 19:55:22.242: 139 avg_reward: 2660.0
2024-10-18 19:55:22.242: 139 avg_steps: 1578.5
2024-10-18 19:55:22.243: 139 epsilon: 0.1
2024-10-18 19:55:22.243: 139 q: 10.637334
2024-10-18 20:06:00.118: 140 test start:
2024-10-18 20:06:37.362: 140 avg_reward: 3430.5
2024-10-18 20:06:37.362: 140 avg_steps: 1887.7
2024-10-18 20:06:37.362: 140 epsilon: 0.1
2024-10-18 20:06:37.362: 140 q: 10.647379
2024-10-18 20:17:04.343: 141 test start:
2024-10-18 20:17:33.577: 141 avg_reward: 2479.0
2024-10-18 20:17:33.578: 141 avg_steps: 1644.2
2024-10-18 20:17:33.578: 141 epsilon: 0.1
2024-10-18 20:17:33.578: 141 q: 10.717559
2024-10-18 20:26:50.112: 142 test start:
2024-10-18 20:27:25.538: 142 avg_reward: 3779.5
2024-10-18 20:27:25.538: 142 avg_steps: 1987.0
2024-10-18 20:27:25.538: 142 epsilon: 0.1
2024-10-18 20:27:25.538: 142 q: 10.728154
2024-10-18 20:36:43.611: 143 test start:
2024-10-18 20:37:04.870: 143 avg_reward: 1369.5
2024-10-18 20:37:04.871: 143 avg_steps: 1184.5
2024-10-18 20:37:04.871: 143 epsilon: 0.1
2024-10-18 20:37:04.871: 143 q: 10.694546
2024-10-18 20:46:24.052: 144 test start:
2024-10-18 20:46:53.745: 144 avg_reward: 2770.0
2024-10-18 20:46:53.745: 144 avg_steps: 1638.1
2024-10-18 20:46:53.746: 144 epsilon: 0.1
2024-10-18 20:46:53.746: 144 q: 10.701759
2024-10-18 20:56:22.515: 145 test start:
2024-10-18 20:56:53.735: 145 avg_reward: 2540.0
2024-10-18 20:56:53.735: 145 avg_steps: 1751.75
2024-10-18 20:56:53.735: 145 epsilon: 0.1
2024-10-18 20:56:53.735: 145 q: 10.78803
2024-10-18 21:06:16.708: 146 test start:
2024-10-18 21:06:42.927: 146 avg_reward: 2176.0
2024-10-18 21:06:42.927: 146 avg_steps: 1475.8
2024-10-18 21:06:42.927: 146 epsilon: 0.1
2024-10-18 21:06:42.927: 146 q: 10.87175
2024-10-18 21:16:04.023: 147 test start:
2024-10-18 21:16:28.844: 147 avg_reward: 1798.5
2024-10-18 21:16:28.845: 147 avg_steps: 1392.2
2024-10-18 21:16:28.845: 147 epsilon: 0.1
2024-10-18 21:16:28.845: 147 q: 10.819664
2024-10-18 21:25:54.099: 148 test start:
2024-10-18 21:26:28.900: 148 avg_reward: 3281.0
2024-10-18 21:26:28.900: 148 avg_steps: 1952.8
2024-10-18 21:26:28.900: 148 epsilon: 0.1
2024-10-18 21:26:28.900: 148 q: 10.806924
2024-10-18 21:35:41.865: 149 test start:
2024-10-18 21:36:14.975: 149 avg_reward: 3613.0
2024-10-18 21:36:14.976: 149 avg_steps: 1856.55
2024-10-18 21:36:14.976: 149 epsilon: 0.1
2024-10-18 21:36:14.976: 149 q: 10.875201
2024-10-18 21:45:32.799: 150 test start:
2024-10-18 21:46:04.871: 150 avg_reward: 3463.0
2024-10-18 21:46:04.871: 150 avg_steps: 1770.0
2024-10-18 21:46:04.872: 150 epsilon: 0.1
2024-10-18 21:46:04.872: 150 q: 10.811623
2024-10-18 21:55:29.102: 151 test start:
2024-10-18 21:55:41.043: 151 avg_reward: 543.0
2024-10-18 21:55:41.043: 151 avg_steps: 665.4
2024-10-18 21:55:41.043: 151 epsilon: 0.1
2024-10-18 21:55:41.043: 151 q: 10.7787285
2024-10-18 22:05:06.270: 152 test start:
2024-10-18 22:05:31.214: 152 avg_reward: 1748.0
2024-10-18 22:05:31.214: 152 avg_steps: 1453.6
2024-10-18 22:05:31.214: 152 epsilon: 0.1
2024-10-18 22:05:31.214: 152 q: 10.766754
2024-10-18 22:14:53.162: 153 test start:
2024-10-18 22:15:11.146: 153 avg_reward: 1222.5
2024-10-18 22:15:11.147: 153 avg_steps: 1041.3
2024-10-18 22:15:11.147: 153 epsilon: 0.1
2024-10-18 22:15:11.147: 153 q: 10.689652
2024-10-18 22:24:31.950: 154 test start:
2024-10-18 22:25:00.865: 154 avg_reward: 2699.0
2024-10-18 22:25:00.865: 154 avg_steps: 1624.1
2024-10-18 22:25:00.865: 154 epsilon: 0.1
2024-10-18 22:25:00.865: 154 q: 10.668265
2024-10-18 22:34:20.143: 155 test start:
2024-10-18 22:34:50.656: 155 avg_reward: 3545.0
2024-10-18 22:34:50.656: 155 avg_steps: 1717.6
2024-10-18 22:34:50.656: 155 epsilon: 0.1
2024-10-18 22:34:50.656: 155 q: 10.602162
2024-10-18 22:43:54.432: 156 test start:
2024-10-18 22:44:22.512: 156 avg_reward: 2373.0
2024-10-18 22:44:22.512: 156 avg_steps: 1629.8
2024-10-18 22:44:22.512: 156 epsilon: 0.1
2024-10-18 22:44:22.512: 156 q: 10.632382
2024-10-18 22:53:33.890: 157 test start:
2024-10-18 22:54:03.183: 157 avg_reward: 2122.5
2024-10-18 22:54:03.183: 157 avg_steps: 1638.75
2024-10-18 22:54:03.183: 157 epsilon: 0.1
2024-10-18 22:54:03.183: 157 q: 10.655736
2024-10-18 23:03:14.854: 158 test start:
2024-10-18 23:03:32.885: 158 avg_reward: 1254.0
2024-10-18 23:03:32.885: 158 avg_steps: 1014.75
2024-10-18 23:03:32.885: 158 epsilon: 0.1
2024-10-18 23:03:32.885: 158 q: 10.647209
2024-10-18 23:12:50.102: 159 test start:
2024-10-18 23:13:12.547: 159 avg_reward: 1824.5
2024-10-18 23:13:12.547: 159 avg_steps: 1253.7
2024-10-18 23:13:12.547: 159 epsilon: 0.1
2024-10-18 23:13:12.547: 159 q: 10.554308
2024-10-18 23:22:27.638: 160 test start:
2024-10-18 23:22:41.020: 160 avg_reward: 518.0
2024-10-18 23:22:41.020: 160 avg_steps: 743.05
2024-10-18 23:22:41.020: 160 epsilon: 0.1
2024-10-18 23:22:41.021: 160 q: 10.620779
2024-10-18 23:31:59.101: 161 test start:
2024-10-18 23:32:34.331: 161 avg_reward: 3465.5
2024-10-18 23:32:34.331: 161 avg_steps: 1966.15
2024-10-18 23:32:34.331: 161 epsilon: 0.1
2024-10-18 23:32:34.331: 161 q: 10.576897
2024-10-18 23:41:49.781: 162 test start:
2024-10-18 23:42:22.978: 162 avg_reward: 3011.0
2024-10-18 23:42:22.978: 162 avg_steps: 1858.55
2024-10-18 23:42:22.978: 162 epsilon: 0.1
2024-10-18 23:42:22.978: 162 q: 10.535793
2024-10-18 23:51:27.781: 163 test start:
2024-10-18 23:52:02.851: 163 avg_reward: 3113.0
2024-10-18 23:52:02.851: 163 avg_steps: 1952.75
2024-10-18 23:52:02.851: 163 epsilon: 0.1
2024-10-18 23:52:02.851: 163 q: 10.5158205
2024-10-19 00:01:14.316: 164 test start:
2024-10-19 00:01:49.931: 164 avg_reward: 3787.0
2024-10-19 00:01:49.931: 164 avg_steps: 1977.55
2024-10-19 00:01:49.931: 164 epsilon: 0.1
2024-10-19 00:01:49.931: 164 q: 10.540633
2024-10-19 00:11:01.910: 165 test start:
2024-10-19 00:11:26.882: 165 avg_reward: 1605.0
2024-10-19 00:11:26.882: 165 avg_steps: 1385.65
2024-10-19 00:11:26.882: 165 epsilon: 0.1
2024-10-19 00:11:26.882: 165 q: 10.701092
2024-10-19 00:20:40.912: 166 test start:
2024-10-19 00:21:13.119: 166 avg_reward: 3300.0
2024-10-19 00:21:13.120: 166 avg_steps: 1808.05
2024-10-19 00:21:13.120: 166 epsilon: 0.1
2024-10-19 00:21:13.120: 166 q: 10.696627
2024-10-19 00:30:24.660: 167 test start:
2024-10-19 00:30:40.477: 167 avg_reward: 578.0
2024-10-19 00:30:40.477: 167 avg_steps: 894.3
2024-10-19 00:30:40.477: 167 epsilon: 0.1
2024-10-19 00:30:40.477: 167 q: 10.701091
2024-10-19 00:39:42.740: 168 test start:
2024-10-19 00:39:55.524: 168 avg_reward: 591.0
2024-10-19 00:39:55.524: 168 avg_steps: 740.25
2024-10-19 00:39:55.524: 168 epsilon: 0.1
2024-10-19 00:39:55.524: 168 q: 10.592508
2024-10-19 00:49:04.555: 169 test start:
2024-10-19 00:49:36.521: 169 avg_reward: 3468.5
2024-10-19 00:49:36.521: 169 avg_steps: 1791.85
2024-10-19 00:49:36.521: 169 epsilon: 0.1
2024-10-19 00:49:36.521: 169 q: 10.388199
2024-10-19 00:58:54.276: 170 test start:
2024-10-19 00:59:29.383: 170 avg_reward: 4241.5
2024-10-19 00:59:29.383: 170 avg_steps: 2001.05
2024-10-19 00:59:29.383: 170 epsilon: 0.1
2024-10-19 00:59:29.383: 170 q: 10.4361
2024-10-19 01:08:45.783: 171 test start:
2024-10-19 01:09:04.892: 171 avg_reward: 1106.5
2024-10-19 01:09:04.892: 171 avg_steps: 1102.55
2024-10-19 01:09:04.892: 171 epsilon: 0.1
2024-10-19 01:09:04.892: 171 q: 10.26477
2024-10-19 01:18:23.168: 172 test start:
2024-10-19 01:18:52.006: 172 avg_reward: 2809.5
2024-10-19 01:18:52.006: 172 avg_steps: 1671.25
2024-10-19 01:18:52.006: 172 epsilon: 0.1
2024-10-19 01:18:52.006: 172 q: 10.318018
2024-10-19 01:28:10.433: 173 test start:
2024-10-19 01:28:36.469: 173 avg_reward: 2214.5
2024-10-19 01:28:36.470: 173 avg_steps: 1493.9
2024-10-19 01:28:36.470: 173 epsilon: 0.1
2024-10-19 01:28:36.470: 173 q: 10.413893
2024-10-19 01:37:34.668: 174 test start:
2024-10-19 01:38:01.453: 174 avg_reward: 2054.5
2024-10-19 01:38:01.453: 174 avg_steps: 1508.15
2024-10-19 01:38:01.454: 174 epsilon: 0.1
2024-10-19 01:38:01.454: 174 q: 10.402545
2024-10-19 01:47:09.044: 175 test start:
2024-10-19 01:47:45.908: 175 avg_reward: 4040.5
2024-10-19 01:47:45.908: 175 avg_steps: 2143.75
2024-10-19 01:47:45.908: 175 epsilon: 0.1
2024-10-19 01:47:45.908: 175 q: 10.346453
2024-10-19 01:56:45.101: 176 test start:
2024-10-19 01:57:13.690: 176 avg_reward: 2434.5
2024-10-19 01:57:13.690: 176 avg_steps: 1607.35
2024-10-19 01:57:13.691: 176 epsilon: 0.1
2024-10-19 01:57:13.691: 176 q: 10.377672
2024-10-19 02:06:20.519: 177 test start:
2024-10-19 02:06:45.762: 177 avg_reward: 2204.5
2024-10-19 02:06:45.762: 177 avg_steps: 1420.5
2024-10-19 02:06:45.762: 177 epsilon: 0.1
2024-10-19 02:06:45.762: 177 q: 10.289049
2024-10-19 02:15:38.666: 178 test start:
2024-10-19 02:16:03.306: 178 avg_reward: 1868.0
2024-10-19 02:16:03.306: 178 avg_steps: 1582.25
2024-10-19 02:16:03.306: 178 epsilon: 0.1
2024-10-19 02:16:03.307: 178 q: 10.319209
2024-10-19 02:24:07.567: 179 test start:
2024-10-19 02:24:39.705: 179 avg_reward: 3305.5
2024-10-19 02:24:39.705: 179 avg_steps: 1998.2
2024-10-19 02:24:39.705: 179 epsilon: 0.1
2024-10-19 02:24:39.705: 179 q: 10.328852
2024-10-19 02:32:57.018: 180 test start:
2024-10-19 02:33:20.414: 180 avg_reward: 2273.0
2024-10-19 02:33:20.414: 180 avg_steps: 1446.75
2024-10-19 02:33:20.414: 180 epsilon: 0.1
2024-10-19 02:33:20.414: 180 q: 10.42321
2024-10-19 02:41:36.433: 181 test start:
2024-10-19 02:42:06.599: 181 avg_reward: 2818.0
2024-10-19 02:42:06.599: 181 avg_steps: 1866.95
2024-10-19 02:42:06.600: 181 epsilon: 0.1
2024-10-19 02:42:06.600: 181 q: 10.584842
2024-10-19 02:50:22.925: 182 test start:
2024-10-19 02:50:49.704: 182 avg_reward: 2684.0
2024-10-19 02:50:49.704: 182 avg_steps: 1655.85
2024-10-19 02:50:49.704: 182 epsilon: 0.1
2024-10-19 02:50:49.704: 182 q: 10.61181
2024-10-19 02:59:02.124: 183 test start:
2024-10-19 02:59:23.148: 183 avg_reward: 1877.0
2024-10-19 02:59:23.148: 183 avg_steps: 1298.65
2024-10-19 02:59:23.148: 183 epsilon: 0.1
2024-10-19 02:59:23.148: 183 q: 10.674693
2024-10-19 03:07:33.708: 184 test start:
2024-10-19 03:08:00.312: 184 avg_reward: 2569.0
2024-10-19 03:08:00.313: 184 avg_steps: 1682.35
2024-10-19 03:08:00.313: 184 epsilon: 0.1
2024-10-19 03:08:00.313: 184 q: 10.645094
2024-10-19 03:16:18.480: 185 test start:
2024-10-19 03:16:45.899: 185 avg_reward: 3050.5
2024-10-19 03:16:45.900: 185 avg_steps: 1762.2
2024-10-19 03:16:45.900: 185 epsilon: 0.1
2024-10-19 03:16:45.900: 185 q: 10.604452
2024-10-19 03:25:01.717: 186 test start:
2024-10-19 03:25:28.363: 186 avg_reward: 2764.5
2024-10-19 03:25:28.363: 186 avg_steps: 1641.4
2024-10-19 03:25:28.363: 186 epsilon: 0.1
2024-10-19 03:25:28.363: 186 q: 10.615105
2024-10-19 03:33:43.279: 187 test start:
2024-10-19 03:34:13.414: 187 avg_reward: 3237.5
2024-10-19 03:34:13.414: 187 avg_steps: 1867.0
2024-10-19 03:34:13.415: 187 epsilon: 0.1
2024-10-19 03:34:13.415: 187 q: 10.582041
2024-10-19 03:42:03.222: 188 test start:
2024-10-19 03:42:19.974: 188 avg_reward: 1399.5
2024-10-19 03:42:19.975: 188 avg_steps: 1131.1
2024-10-19 03:42:19.975: 188 epsilon: 0.1
2024-10-19 03:42:19.975: 188 q: 10.577995
2024-10-19 03:49:48.598: 189 test start:
2024-10-19 03:50:02.556: 189 avg_reward: 994.0
2024-10-19 03:50:02.557: 189 avg_steps: 935.45
2024-10-19 03:50:02.557: 189 epsilon: 0.1
2024-10-19 03:50:02.557: 189 q: 10.580629
2024-10-19 03:57:13.682: 190 test start:
2024-10-19 03:57:29.615: 190 avg_reward: 1390.5
2024-10-19 03:57:29.615: 190 avg_steps: 1114.1
2024-10-19 03:57:29.615: 190 epsilon: 0.1
2024-10-19 03:57:29.615: 190 q: 10.608477
2024-10-19 04:04:44.794: 191 test start:
2024-10-19 04:04:58.758: 191 avg_reward: 1083.5
2024-10-19 04:04:58.758: 191 avg_steps: 943.9
2024-10-19 04:04:58.758: 191 epsilon: 0.1
2024-10-19 04:04:58.758: 191 q: 10.741325
2024-10-19 04:12:28.400: 192 test start:
2024-10-19 04:12:49.415: 192 avg_reward: 2006.0
2024-10-19 04:12:49.415: 192 avg_steps: 1464.35
2024-10-19 04:12:49.415: 192 epsilon: 0.1
2024-10-19 04:12:49.415: 192 q: 10.738894
2024-10-19 04:20:17.908: 193 test start:
2024-10-19 04:20:34.222: 193 avg_reward: 1114.0
2024-10-19 04:20:34.222: 193 avg_steps: 1099.8
2024-10-19 04:20:34.222: 193 epsilon: 0.1
2024-10-19 04:20:34.222: 193 q: 10.713197
2024-10-19 04:28:05.937: 194 test start:
2024-10-19 04:28:27.892: 194 avg_reward: 2290.5
2024-10-19 04:28:27.892: 194 avg_steps: 1471.1
2024-10-19 04:28:27.892: 194 epsilon: 0.1
2024-10-19 04:28:27.892: 194 q: 10.649455
2024-10-19 04:35:41.759: 195 test start:
2024-10-19 04:35:54.499: 195 avg_reward: 1007.5
2024-10-19 04:35:54.499: 195 avg_steps: 963.15
2024-10-19 04:35:54.499: 195 epsilon: 0.1
2024-10-19 04:35:54.499: 195 q: 10.684798
2024-10-19 04:42:04.108: 196 test start:
2024-10-19 04:42:29.298: 196 avg_reward: 2917.5
2024-10-19 04:42:29.298: 196 avg_steps: 1811.95
2024-10-19 04:42:29.298: 196 epsilon: 0.1
2024-10-19 04:42:29.298: 196 q: 10.555719
2024-10-19 04:48:45.445: 197 test start:
2024-10-19 04:49:08.163: 197 avg_reward: 2672.5
2024-10-19 04:49:08.163: 197 avg_steps: 1720.8
2024-10-19 04:49:08.163: 197 epsilon: 0.1
2024-10-19 04:49:08.163: 197 q: 10.611352
2024-10-19 04:55:36.419: 198 test start:
2024-10-19 04:55:45.825: 198 avg_reward: 591.5
2024-10-19 04:55:45.825: 198 avg_steps: 671.95
2024-10-19 04:55:45.825: 198 epsilon: 0.1
2024-10-19 04:55:45.825: 198 q: 10.660813
2024-10-19 05:02:17.639: 199 test start:
2024-10-19 05:02:30.132: 199 avg_reward: 950.5
2024-10-19 05:02:30.132: 199 avg_steps: 908.05
2024-10-19 05:02:30.132: 199 epsilon: 0.1
2024-10-19 05:02:30.132: 199 q: 10.720637
2024-10-19 05:08:57.956: 200 test start:
2024-10-19 05:09:20.243: 200 avg_reward: 1828.0
2024-10-19 05:09:20.244: 200 avg_steps: 1600.6
2024-10-19 05:09:20.244: 200 epsilon: 0.1
2024-10-19 05:09:20.244: 200 q: 10.787297
