2024-10-13 19:43:09.838: 
parameters:agent_test_episodes: 20
batch_num_per_epoch: 250000
device: cuda:0
env_name: ALE/Atlantis-v5
epsilon_for_test: 0.05
epsilon_max: 1.0
epsilon_min: 0.1
exp_name: ALE-Atlantis-v5_2024-10-13-19-43-09
exp_path: ../exps/dqn/
exploration_steps: 1000000
gamma: 0.99
held_out_states_num: 1000
learning_rate: 0.00025
mini_batch_size: 32
model_update_freq: 4
n_times: 5
no_op_max: 30
phi_channel: 4
replay_buffer_size: 1000000
replay_start_size: 50000
save_model: true
screen_size: 84
seed: 0
skip_k_frame: 4
step_c: 10000
training_steps: 50000000

2024-10-13 19:43:09.903: env id: ALE/Atlantis-v5 |repeat_action_probability: 0 
2024-10-13 19:43:09.904: screen_size: 84 | grayscale_obs:True 
scale_obs:False | action space size: 4
remove flickering: True | frame skip: 4
state space shape: (210, 160, 3) 
2024-10-13 19:43:09.920: optimizer: RMSprop (
Parameter Group 0
    alpha: 0.95
    centered: False
    differentiable: False
    eps: 0.01
    foreach: None
    lr: 0.00025
    maximize: False
    momentum: 0
    weight_decay: 0
)
2024-10-13 19:52:30.386: 1 test start:
2024-10-13 19:52:40.639: 1 avg_reward: 2649.0
2024-10-13 19:52:40.639: 1 avg_steps: 535.8
2024-10-13 19:52:40.639: 1 epsilon: 0.8196661
2024-10-13 19:52:40.639: 1 q: 0.1789097
2024-10-13 20:03:01.590: 2 test start:
2024-10-13 20:03:16.564: 2 avg_reward: 6434.0
2024-10-13 20:03:16.565: 2 avg_steps: 769.5
2024-10-13 20:03:16.565: 2 epsilon: 0.5946175
2024-10-13 20:03:16.565: 2 q: 0.3546854
2024-10-13 20:13:39.435: 3 test start:
2024-10-13 20:13:48.533: 3 avg_reward: 1964.0
2024-10-13 20:13:48.533: 3 avg_steps: 450.15
2024-10-13 20:13:48.533: 3 epsilon: 0.36994689999999997
2024-10-13 20:13:48.533: 3 q: 0.540841
2024-10-13 20:24:06.101: 4 test start:
2024-10-13 20:24:16.820: 4 avg_reward: 2794.0
2024-10-13 20:24:16.820: 4 avg_steps: 549.3
2024-10-13 20:24:16.820: 4 epsilon: 0.14499639999999991
2024-10-13 20:24:16.820: 4 q: 0.6871965
2024-10-13 20:34:33.948: 5 test start:
2024-10-13 20:34:57.145: 5 avg_reward: 16174.0
2024-10-13 20:34:57.145: 5 avg_steps: 1197.9
2024-10-13 20:34:57.145: 5 epsilon: 0.1
2024-10-13 20:34:57.145: 5 q: 0.806639
2024-10-13 20:45:14.541: 6 test start:
2024-10-13 20:45:42.867: 6 avg_reward: 20924.0
2024-10-13 20:45:42.867: 6 avg_steps: 1457.0
2024-10-13 20:45:42.867: 6 epsilon: 0.1
2024-10-13 20:45:42.867: 6 q: 0.9960292
2024-10-13 20:56:03.426: 7 test start:
2024-10-13 20:56:17.211: 7 avg_reward: 6479.0
2024-10-13 20:56:17.211: 7 avg_steps: 712.65
2024-10-13 20:56:17.211: 7 epsilon: 0.1
2024-10-13 20:56:17.211: 7 q: 1.0862197
2024-10-13 21:06:38.668: 8 test start:
2024-10-13 21:06:54.488: 8 avg_reward: 7039.0
2024-10-13 21:06:54.489: 8 avg_steps: 813.4
2024-10-13 21:06:54.489: 8 epsilon: 0.1
2024-10-13 21:06:54.489: 8 q: 1.1829042
2024-10-13 21:17:22.108: 9 test start:
2024-10-13 21:17:32.966: 9 avg_reward: 2689.0
2024-10-13 21:17:32.966: 9 avg_steps: 550.55
2024-10-13 21:17:32.966: 9 epsilon: 0.1
2024-10-13 21:17:32.967: 9 q: 1.2052655
2024-10-13 21:27:57.869: 10 test start:
2024-10-13 21:28:09.625: 10 avg_reward: 3459.0
2024-10-13 21:28:09.625: 10 avg_steps: 602.9
2024-10-13 21:28:09.625: 10 epsilon: 0.1
2024-10-13 21:28:09.625: 10 q: 1.2003227
2024-10-13 21:38:34.822: 11 test start:
2024-10-13 21:38:54.576: 11 avg_reward: 9669.0
2024-10-13 21:38:54.576: 11 avg_steps: 1008.25
2024-10-13 21:38:54.576: 11 epsilon: 0.1
2024-10-13 21:38:54.577: 11 q: 1.28122
2024-10-13 21:49:21.054: 12 test start:
2024-10-13 21:49:41.157: 12 avg_reward: 11199.0
2024-10-13 21:49:41.157: 12 avg_steps: 1023.25
2024-10-13 21:49:41.157: 12 epsilon: 0.1
2024-10-13 21:49:41.157: 12 q: 1.3111328
2024-10-13 22:00:08.104: 13 test start:
2024-10-13 22:00:21.439: 13 avg_reward: 6199.0
2024-10-13 22:00:21.439: 13 avg_steps: 695.8
2024-10-13 22:00:21.440: 13 epsilon: 0.1
2024-10-13 22:00:21.440: 13 q: 1.3159075
2024-10-13 22:10:49.645: 14 test start:
2024-10-13 22:11:00.834: 14 avg_reward: 3289.0
2024-10-13 22:11:00.834: 14 avg_steps: 580.35
2024-10-13 22:11:00.834: 14 epsilon: 0.1
2024-10-13 22:11:00.834: 14 q: 1.3707283
2024-10-13 22:21:30.536: 15 test start:
2024-10-13 22:21:44.170: 15 avg_reward: 6699.0
2024-10-13 22:21:44.170: 15 avg_steps: 727.35
2024-10-13 22:21:44.170: 15 epsilon: 0.1
2024-10-13 22:21:44.170: 15 q: 1.3784657
2024-10-13 22:32:12.116: 16 test start:
2024-10-13 22:32:27.985: 16 avg_reward: 6249.0
2024-10-13 22:32:27.985: 16 avg_steps: 802.5
2024-10-13 22:32:27.985: 16 epsilon: 0.1
2024-10-13 22:32:27.985: 16 q: 1.3561711
2024-10-13 22:42:55.635: 17 test start:
2024-10-13 22:43:13.622: 17 avg_reward: 8474.0
2024-10-13 22:43:13.623: 17 avg_steps: 914.4
2024-10-13 22:43:13.623: 17 epsilon: 0.1
2024-10-13 22:43:13.623: 17 q: 1.3915128
2024-10-13 22:53:43.682: 18 test start:
2024-10-13 22:53:58.337: 18 avg_reward: 5209.0
2024-10-13 22:53:58.337: 18 avg_steps: 738.7
2024-10-13 22:53:58.337: 18 epsilon: 0.1
2024-10-13 22:53:58.337: 18 q: 1.3604951
2024-10-13 23:04:26.350: 19 test start:
2024-10-13 23:05:07.674: 19 avg_reward: 34604.0
2024-10-13 23:05:07.674: 19 avg_steps: 2082.45
2024-10-13 23:05:07.674: 19 epsilon: 0.1
2024-10-13 23:05:07.674: 19 q: 1.4007536
2024-10-13 23:15:34.294: 20 test start:
2024-10-13 23:15:49.182: 20 avg_reward: 6724.0
2024-10-13 23:15:49.182: 20 avg_steps: 750.0
2024-10-13 23:15:49.182: 20 epsilon: 0.1
2024-10-13 23:15:49.182: 20 q: 1.4881997
2024-10-13 23:26:17.944: 21 test start:
2024-10-13 23:26:31.769: 21 avg_reward: 4364.0
2024-10-13 23:26:31.769: 21 avg_steps: 698.9
2024-10-13 23:26:31.769: 21 epsilon: 0.1
2024-10-13 23:26:31.769: 21 q: 1.5395142
2024-10-13 23:36:55.696: 22 test start:
2024-10-13 23:37:11.150: 22 avg_reward: 7604.0
2024-10-13 23:37:11.151: 22 avg_steps: 773.8
2024-10-13 23:37:11.151: 22 epsilon: 0.1
2024-10-13 23:37:11.151: 22 q: 1.5286479
2024-10-13 23:47:41.425: 23 test start:
2024-10-13 23:47:52.630: 23 avg_reward: 3094.0
2024-10-13 23:47:52.630: 23 avg_steps: 560.7
2024-10-13 23:47:52.630: 23 epsilon: 0.1
2024-10-13 23:47:52.630: 23 q: 1.5544151
2024-10-13 23:58:22.461: 24 test start:
2024-10-13 23:58:40.136: 24 avg_reward: 9434.0
2024-10-13 23:58:40.136: 24 avg_steps: 926.2
2024-10-13 23:58:40.137: 24 epsilon: 0.1
2024-10-13 23:58:40.137: 24 q: 1.5497907
2024-10-14 00:09:07.875: 25 test start:
2024-10-14 00:09:39.446: 25 avg_reward: 24249.0
2024-10-14 00:09:39.447: 25 avg_steps: 1622.05
2024-10-14 00:09:39.447: 25 epsilon: 0.1
2024-10-14 00:09:39.447: 25 q: 1.572439
2024-10-14 00:20:06.862: 26 test start:
2024-10-14 00:20:32.001: 26 avg_reward: 20014.0
2024-10-14 00:20:32.002: 26 avg_steps: 1309.15
2024-10-14 00:20:32.002: 26 epsilon: 0.1
2024-10-14 00:20:32.002: 26 q: 1.6612849
2024-10-14 00:31:02.897: 27 test start:
2024-10-14 00:31:27.598: 27 avg_reward: 19994.0
2024-10-14 00:31:27.598: 27 avg_steps: 1337.75
2024-10-14 00:31:27.598: 27 epsilon: 0.1
2024-10-14 00:31:27.598: 27 q: 1.6092241
2024-10-14 00:41:59.955: 28 test start:
2024-10-14 00:42:14.791: 28 avg_reward: 7399.0
2024-10-14 00:42:14.791: 28 avg_steps: 768.15
2024-10-14 00:42:14.791: 28 epsilon: 0.1
2024-10-14 00:42:14.792: 28 q: 1.6712458
2024-10-14 00:52:44.907: 29 test start:
2024-10-14 00:53:05.390: 29 avg_reward: 12829.0
2024-10-14 00:53:05.390: 29 avg_steps: 1026.45
2024-10-14 00:53:05.391: 29 epsilon: 0.1
2024-10-14 00:53:05.391: 29 q: 1.6938018
2024-10-14 01:03:29.823: 30 test start:
2024-10-14 01:03:41.612: 30 avg_reward: 3864.0
2024-10-14 01:03:41.612: 30 avg_steps: 592.8
2024-10-14 01:03:41.612: 30 epsilon: 0.1
2024-10-14 01:03:41.612: 30 q: 1.7532622
2024-10-14 01:14:07.563: 31 test start:
2024-10-14 01:14:20.472: 31 avg_reward: 4194.0
2024-10-14 01:14:20.473: 31 avg_steps: 646.55
2024-10-14 01:14:20.473: 31 epsilon: 0.1
2024-10-14 01:14:20.473: 31 q: 1.7479194
2024-10-14 01:24:47.575: 32 test start:
2024-10-14 01:25:27.699: 32 avg_reward: 37659.0
2024-10-14 01:25:27.699: 32 avg_steps: 2051.7
2024-10-14 01:25:27.700: 32 epsilon: 0.1
2024-10-14 01:25:27.700: 32 q: 1.7270557
2024-10-14 01:36:02.093: 33 test start:
2024-10-14 01:36:12.971: 33 avg_reward: 4639.0
2024-10-14 01:36:12.971: 33 avg_steps: 557.35
2024-10-14 01:36:12.971: 33 epsilon: 0.1
2024-10-14 01:36:12.971: 33 q: 1.7597888
2024-10-14 01:46:45.356: 34 test start:
2024-10-14 01:47:13.131: 34 avg_reward: 20909.0
2024-10-14 01:47:13.131: 34 avg_steps: 1417.9
2024-10-14 01:47:13.131: 34 epsilon: 0.1
2024-10-14 01:47:13.131: 34 q: 1.8009037
2024-10-14 01:57:46.688: 35 test start:
2024-10-14 01:58:02.153: 35 avg_reward: 9649.0
2024-10-14 01:58:02.153: 35 avg_steps: 812.25
2024-10-14 01:58:02.153: 35 epsilon: 0.1
2024-10-14 01:58:02.154: 35 q: 1.7973002
2024-10-14 02:08:33.006: 36 test start:
2024-10-14 02:08:46.648: 36 avg_reward: 5439.0
2024-10-14 02:08:46.649: 36 avg_steps: 700.15
2024-10-14 02:08:46.649: 36 epsilon: 0.1
2024-10-14 02:08:46.649: 36 q: 1.8734277
2024-10-14 02:19:20.013: 37 test start:
2024-10-14 02:19:33.045: 37 avg_reward: 5674.0
2024-10-14 02:19:33.045: 37 avg_steps: 659.85
2024-10-14 02:19:33.045: 37 epsilon: 0.1
2024-10-14 02:19:33.045: 37 q: 1.8730401
2024-10-14 02:30:02.921: 38 test start:
2024-10-14 02:30:40.606: 38 avg_reward: 31459.0
2024-10-14 02:30:40.606: 38 avg_steps: 1946.05
2024-10-14 02:30:40.606: 38 epsilon: 0.1
2024-10-14 02:30:40.606: 38 q: 1.8303399
2024-10-14 02:41:10.516: 39 test start:
2024-10-14 02:41:33.670: 39 avg_reward: 16169.0
2024-10-14 02:41:33.670: 39 avg_steps: 1190.65
2024-10-14 02:41:33.671: 39 epsilon: 0.1
2024-10-14 02:41:33.671: 39 q: 1.8533654
2024-10-14 02:51:57.505: 40 test start:
2024-10-14 02:52:22.129: 40 avg_reward: 18794.0
2024-10-14 02:52:22.129: 40 avg_steps: 1265.75
2024-10-14 02:52:22.129: 40 epsilon: 0.1
2024-10-14 02:52:22.129: 40 q: 1.8709686
2024-10-14 03:02:52.154: 41 test start:
2024-10-14 03:03:29.055: 41 avg_reward: 32204.0
2024-10-14 03:03:29.055: 41 avg_steps: 1862.8
2024-10-14 03:03:29.056: 41 epsilon: 0.1
2024-10-14 03:03:29.056: 41 q: 1.8835522
2024-10-14 03:13:55.786: 42 test start:
2024-10-14 03:14:13.929: 42 avg_reward: 11364.0
2024-10-14 03:14:13.929: 42 avg_steps: 919.6
2024-10-14 03:14:13.929: 42 epsilon: 0.1
2024-10-14 03:14:13.929: 42 q: 1.8175974
2024-10-14 03:24:52.628: 43 test start:
2024-10-14 03:25:14.480: 43 avg_reward: 16189.0
2024-10-14 03:25:14.481: 43 avg_steps: 1151.85
2024-10-14 03:25:14.481: 43 epsilon: 0.1
2024-10-14 03:25:14.481: 43 q: 1.8392047
2024-10-14 03:35:56.742: 44 test start:
2024-10-14 03:36:14.749: 44 avg_reward: 10089.0
2024-10-14 03:36:14.749: 44 avg_steps: 915.1
2024-10-14 03:36:14.755: 44 epsilon: 0.1
2024-10-14 03:36:14.755: 44 q: 1.8671948
2024-10-14 03:46:57.805: 45 test start:
2024-10-14 03:47:18.600: 45 avg_reward: 14529.0
2024-10-14 03:47:18.600: 45 avg_steps: 1053.25
2024-10-14 03:47:18.600: 45 epsilon: 0.1
2024-10-14 03:47:18.600: 45 q: 1.8925222
2024-10-14 03:57:52.675: 46 test start:
2024-10-14 03:58:28.517: 46 avg_reward: 28779.0
2024-10-14 03:58:28.517: 46 avg_steps: 1835.5
2024-10-14 03:58:28.517: 46 epsilon: 0.1
2024-10-14 03:58:28.517: 46 q: 1.8827057
2024-10-14 04:09:01.449: 47 test start:
2024-10-14 04:09:20.467: 47 avg_reward: 11489.0
2024-10-14 04:09:20.467: 47 avg_steps: 961.85
2024-10-14 04:09:20.468: 47 epsilon: 0.1
2024-10-14 04:09:20.468: 47 q: 1.8784564
2024-10-14 04:19:53.219: 48 test start:
2024-10-14 04:20:19.283: 48 avg_reward: 17019.0
2024-10-14 04:20:19.283: 48 avg_steps: 1326.5
2024-10-14 04:20:19.283: 48 epsilon: 0.1
2024-10-14 04:20:19.283: 48 q: 1.9134905
2024-10-14 04:30:59.298: 49 test start:
2024-10-14 04:31:13.764: 49 avg_reward: 6759.0
2024-10-14 04:31:13.764: 49 avg_steps: 771.05
2024-10-14 04:31:13.764: 49 epsilon: 0.1
2024-10-14 04:31:13.764: 49 q: 1.9493902
2024-10-14 04:42:01.575: 50 test start:
2024-10-14 04:42:33.736: 50 avg_reward: 24539.0
2024-10-14 04:42:33.736: 50 avg_steps: 1687.9
2024-10-14 04:42:33.736: 50 epsilon: 0.1
2024-10-14 04:42:33.736: 50 q: 1.9894903
2024-10-14 04:53:17.851: 51 test start:
2024-10-14 04:53:39.388: 51 avg_reward: 12074.0
2024-10-14 04:53:39.388: 51 avg_steps: 1148.1
2024-10-14 04:53:39.388: 51 epsilon: 0.1
2024-10-14 04:53:39.388: 51 q: 1.984549
2024-10-14 05:04:16.142: 52 test start:
2024-10-14 05:05:19.462: 52 avg_reward: 71404.0
2024-10-14 05:05:19.462: 52 avg_steps: 3252.4
2024-10-14 05:05:19.462: 52 epsilon: 0.1
2024-10-14 05:05:19.462: 52 q: 2.0077028
2024-10-14 05:16:03.282: 53 test start:
2024-10-14 05:16:20.481: 53 avg_reward: 8924.0
2024-10-14 05:16:20.481: 53 avg_steps: 910.05
2024-10-14 05:16:20.481: 53 epsilon: 0.1
2024-10-14 05:16:20.481: 53 q: 2.0560489
2024-10-14 05:27:05.141: 54 test start:
2024-10-14 05:27:22.093: 54 avg_reward: 10724.0
2024-10-14 05:27:22.093: 54 avg_steps: 898.65
2024-10-14 05:27:22.094: 54 epsilon: 0.1
2024-10-14 05:27:22.094: 54 q: 2.1500506
2024-10-14 05:37:58.459: 55 test start:
2024-10-14 05:38:37.334: 55 avg_reward: 31314.0
2024-10-14 05:38:37.334: 55 avg_steps: 1965.85
2024-10-14 05:38:37.334: 55 epsilon: 0.1
2024-10-14 05:38:37.334: 55 q: 2.1839414
2024-10-14 05:49:10.513: 56 test start:
2024-10-14 05:50:03.632: 56 avg_reward: 48379.0
2024-10-14 05:50:03.632: 56 avg_steps: 2682.75
2024-10-14 05:50:03.632: 56 epsilon: 0.1
2024-10-14 05:50:03.632: 56 q: 2.1936426
2024-10-14 06:00:52.301: 57 test start:
2024-10-14 06:01:42.755: 57 avg_reward: 49929.0
2024-10-14 06:01:42.755: 57 avg_steps: 2603.75
2024-10-14 06:01:42.755: 57 epsilon: 0.1
2024-10-14 06:01:42.755: 57 q: 2.217506
2024-10-14 06:12:21.427: 58 test start:
2024-10-14 06:13:21.162: 58 avg_reward: 62239.0
2024-10-14 06:13:21.162: 58 avg_steps: 3037.95
2024-10-14 06:13:21.162: 58 epsilon: 0.1
2024-10-14 06:13:21.162: 58 q: 2.314599
2024-10-14 06:23:54.016: 59 test start:
2024-10-14 06:24:52.187: 59 avg_reward: 56534.0
2024-10-14 06:24:52.187: 59 avg_steps: 2984.6
2024-10-14 06:24:52.187: 59 epsilon: 0.1
2024-10-14 06:24:52.187: 59 q: 2.3638291
2024-10-14 06:35:21.597: 60 test start:
2024-10-14 06:36:21.310: 60 avg_reward: 61019.0
2024-10-14 06:36:21.311: 60 avg_steps: 3057.0
2024-10-14 06:36:21.316: 60 epsilon: 0.1
2024-10-14 06:36:21.316: 60 q: 2.4105198
2024-10-14 06:46:57.723: 61 test start:
2024-10-14 06:48:00.702: 61 avg_reward: 59014.0
2024-10-14 06:48:00.702: 61 avg_steps: 3221.35
2024-10-14 06:48:00.702: 61 epsilon: 0.1
2024-10-14 06:48:00.702: 61 q: 2.4469988
2024-10-14 06:58:32.270: 62 test start:
2024-10-14 06:59:28.230: 62 avg_reward: 48024.0
2024-10-14 06:59:28.230: 62 avg_steps: 2844.8
2024-10-14 06:59:28.230: 62 epsilon: 0.1
2024-10-14 06:59:28.230: 62 q: 2.496291
2024-10-14 07:09:53.424: 63 test start:
2024-10-14 07:11:17.882: 63 avg_reward: 96049.0
2024-10-14 07:11:17.883: 63 avg_steps: 4284.15
2024-10-14 07:11:17.883: 63 epsilon: 0.1
2024-10-14 07:11:17.883: 63 q: 2.5211241
2024-10-14 07:21:54.467: 64 test start:
2024-10-14 07:24:47.346: 64 avg_reward: 226324.0
2024-10-14 07:24:47.346: 64 avg_steps: 8719.0
2024-10-14 07:24:47.346: 64 epsilon: 0.1
2024-10-14 07:24:47.346: 64 q: 2.6056333
2024-10-14 07:35:34.245: 65 test start:
2024-10-14 07:36:54.225: 65 avg_reward: 86119.0
2024-10-14 07:36:54.225: 65 avg_steps: 4089.15
2024-10-14 07:36:54.225: 65 epsilon: 0.1
2024-10-14 07:36:54.225: 65 q: 2.63962
2024-10-14 07:47:33.902: 66 test start:
2024-10-14 07:52:27.708: 66 avg_reward: 410509.75
2024-10-14 07:52:27.708: 66 avg_steps: 15028.45
2024-10-14 07:52:27.708: 66 epsilon: 0.1
2024-10-14 07:52:27.708: 66 q: 2.7066402
2024-10-14 08:03:49.895: 67 test start:
2024-10-14 08:12:38.967: 67 avg_reward: 757017.5
2024-10-14 08:12:38.967: 67 avg_steps: 26996.65
2024-10-14 08:12:38.967: 67 epsilon: 0.1
2024-10-14 08:12:38.967: 67 q: 2.7927067
2024-10-14 08:22:43.858: 68 test start:
2024-10-14 08:31:32.259: 68 avg_reward: 771542.2
2024-10-14 08:31:32.260: 68 avg_steps: 26996.65
2024-10-14 08:31:32.260: 68 epsilon: 0.1
2024-10-14 08:31:32.260: 68 q: 2.8541102
2024-10-14 08:42:16.633: 69 test start:
2024-10-14 08:50:16.497: 69 avg_reward: 744087.05
2024-10-14 08:50:16.497: 69 avg_steps: 24440.3
2024-10-14 08:50:16.497: 69 epsilon: 0.1
2024-10-14 08:50:16.497: 69 q: 2.9051347
2024-10-14 09:01:08.249: 70 test start:
2024-10-14 09:09:59.748: 70 avg_reward: 800533.05
2024-10-14 09:09:59.748: 70 avg_steps: 26997.2
2024-10-14 09:09:59.748: 70 epsilon: 0.1
2024-10-14 09:09:59.748: 70 q: 3.0082424
2024-10-14 09:20:17.878: 71 test start:
2024-10-14 09:28:44.175: 71 avg_reward: 752196.9
2024-10-14 09:28:44.176: 71 avg_steps: 25727.55
2024-10-14 09:28:44.176: 71 epsilon: 0.1
2024-10-14 09:28:44.176: 71 q: 2.9997392
2024-10-14 09:38:57.274: 72 test start:
2024-10-14 09:47:54.809: 72 avg_reward: 826847.35
2024-10-14 09:47:54.809: 72 avg_steps: 26996.95
2024-10-14 09:47:54.809: 72 epsilon: 0.1
2024-10-14 09:47:54.809: 72 q: 3.0815644
2024-10-14 09:58:08.166: 73 test start:
2024-10-14 10:07:05.726: 73 avg_reward: 828832.05
2024-10-14 10:07:05.726: 73 avg_steps: 26996.45
2024-10-14 10:07:05.726: 73 epsilon: 0.1
2024-10-14 10:07:05.726: 73 q: 3.1126635
2024-10-14 10:18:36.570: 74 test start:
2024-10-14 10:26:18.837: 74 avg_reward: 722146.05
2024-10-14 10:26:18.837: 74 avg_steps: 23321.5
2024-10-14 10:26:18.837: 74 epsilon: 0.1
2024-10-14 10:26:18.837: 74 q: 3.1353078
2024-10-14 10:36:32.836: 75 test start:
2024-10-14 10:45:27.323: 75 avg_reward: 881167.75
2024-10-14 10:45:27.324: 75 avg_steps: 26996.65
2024-10-14 10:45:27.324: 75 epsilon: 0.1
2024-10-14 10:45:27.324: 75 q: 3.1269739
2024-10-14 10:55:39.356: 76 test start:
2024-10-14 11:03:15.297: 76 avg_reward: 744511.25
2024-10-14 11:03:15.297: 76 avg_steps: 23208.7
2024-10-14 11:03:15.298: 76 epsilon: 0.1
2024-10-14 11:03:15.298: 76 q: 3.19527
2024-10-14 11:13:34.838: 77 test start:
2024-10-14 11:22:25.970: 77 avg_reward: 879423.3
2024-10-14 11:22:25.970: 77 avg_steps: 26996.75
2024-10-14 11:22:25.970: 77 epsilon: 0.1
2024-10-14 11:22:25.970: 77 q: 3.226818
2024-10-14 11:33:48.128: 78 test start:
2024-10-14 11:42:40.250: 78 avg_reward: 903248.55
2024-10-14 11:42:40.250: 78 avg_steps: 26997.9
2024-10-14 11:42:40.250: 78 epsilon: 0.1
2024-10-14 11:42:40.250: 78 q: 3.2669122
2024-10-14 11:52:55.111: 79 test start:
2024-10-14 12:01:50.955: 79 avg_reward: 883118.7
2024-10-14 12:01:50.956: 79 avg_steps: 26996.15
2024-10-14 12:01:50.956: 79 epsilon: 0.1
2024-10-14 12:01:50.956: 79 q: 3.2303662
2024-10-14 12:12:05.797: 80 test start:
2024-10-14 12:20:58.310: 80 avg_reward: 913507.95
2024-10-14 12:20:58.310: 80 avg_steps: 26996.1
2024-10-14 12:20:58.310: 80 epsilon: 0.1
2024-10-14 12:20:58.310: 80 q: 3.2218266
2024-10-14 12:31:09.872: 81 test start:
2024-10-14 12:39:12.539: 81 avg_reward: 714556.55
2024-10-14 12:39:12.540: 81 avg_steps: 24602.85
2024-10-14 12:39:12.540: 81 epsilon: 0.1
2024-10-14 12:39:12.540: 81 q: 3.248429
2024-10-14 12:50:35.006: 82 test start:
2024-10-14 12:59:29.441: 82 avg_reward: 837888.2
2024-10-14 12:59:29.441: 82 avg_steps: 26997.15
2024-10-14 12:59:29.441: 82 epsilon: 0.1
2024-10-14 12:59:29.441: 82 q: 3.2078943
2024-10-14 13:09:45.593: 83 test start:
2024-10-14 13:18:38.579: 83 avg_reward: 878563.25
2024-10-14 13:18:38.579: 83 avg_steps: 26997.7
2024-10-14 13:18:38.579: 83 epsilon: 0.1
2024-10-14 13:18:38.579: 83 q: 3.2217789
2024-10-14 13:28:54.528: 84 test start:
2024-10-14 13:37:49.201: 84 avg_reward: 833998.15
2024-10-14 13:37:49.201: 84 avg_steps: 26997.2
2024-10-14 13:37:49.201: 84 epsilon: 0.1
2024-10-14 13:37:49.201: 84 q: 3.206433
2024-10-14 13:48:06.958: 85 test start:
2024-10-14 13:56:02.879: 85 avg_reward: 739202.45
2024-10-14 13:56:02.879: 85 avg_steps: 24488.45
2024-10-14 13:56:02.879: 85 epsilon: 0.1
2024-10-14 13:56:02.880: 85 q: 3.2445333
2024-10-14 14:06:14.494: 86 test start:
2024-10-14 14:15:06.299: 86 avg_reward: 822182.6
2024-10-14 14:15:06.299: 86 avg_steps: 26996.2
2024-10-14 14:15:06.299: 86 epsilon: 0.1
2024-10-14 14:15:06.299: 86 q: 3.2765818
2024-10-14 14:26:23.174: 87 test start:
2024-10-14 14:35:14.628: 87 avg_reward: 746223.15
2024-10-14 14:35:14.628: 87 avg_steps: 26995.55
2024-10-14 14:35:14.628: 87 epsilon: 0.1
2024-10-14 14:35:14.628: 87 q: 3.2953422
2024-10-14 14:45:24.748: 88 test start:
2024-10-14 14:54:17.782: 88 avg_reward: 905498.25
2024-10-14 14:54:17.782: 88 avg_steps: 26997.55
2024-10-14 14:54:17.782: 88 epsilon: 0.1
2024-10-14 14:54:17.782: 88 q: 3.3101406
2024-10-14 15:04:30.302: 89 test start:
2024-10-14 15:13:22.690: 89 avg_reward: 749707.55
2024-10-14 15:13:22.690: 89 avg_steps: 26996.45
2024-10-14 15:13:22.690: 89 epsilon: 0.1
2024-10-14 15:13:22.690: 89 q: 3.3573184
2024-10-14 15:24:41.323: 90 test start:
2024-10-14 15:33:03.434: 90 avg_reward: 736642.4
2024-10-14 15:33:03.434: 90 avg_steps: 25706.95
2024-10-14 15:33:03.434: 90 epsilon: 0.1
2024-10-14 15:33:03.434: 90 q: 3.3371606
2024-10-14 15:43:18.224: 91 test start:
2024-10-14 15:52:06.950: 91 avg_reward: 756947.65
2024-10-14 15:52:06.950: 91 avg_steps: 26997.6
2024-10-14 15:52:06.950: 91 epsilon: 0.1
2024-10-14 15:52:06.950: 91 q: 3.3589048
2024-10-14 16:02:19.393: 92 test start:
2024-10-14 16:11:09.423: 92 avg_reward: 808748.4
2024-10-14 16:11:09.424: 92 avg_steps: 26996.4
2024-10-14 16:11:09.424: 92 epsilon: 0.1
2024-10-14 16:11:09.424: 92 q: 3.383527
2024-10-14 16:21:24.659: 93 test start:
2024-10-14 16:30:07.972: 93 avg_reward: 881523.5
2024-10-14 16:30:07.972: 93 avg_steps: 26996.55
2024-10-14 16:30:07.972: 93 epsilon: 0.1
2024-10-14 16:30:07.972: 93 q: 3.3563619
2024-10-14 16:41:26.376: 94 test start:
2024-10-14 16:50:13.234: 94 avg_reward: 827403.45
2024-10-14 16:50:13.235: 94 avg_steps: 26996.85
2024-10-14 16:50:13.235: 94 epsilon: 0.1
2024-10-14 16:50:13.235: 94 q: 3.4086306
2024-10-14 17:00:17.402: 95 test start:
2024-10-14 17:08:34.978: 95 avg_reward: 736637.0
2024-10-14 17:08:34.978: 95 avg_steps: 25712.6
2024-10-14 17:08:34.978: 95 epsilon: 0.1
2024-10-14 17:08:34.978: 95 q: 3.416019
2024-10-14 17:18:36.936: 96 test start:
2024-10-14 17:26:57.097: 96 avg_reward: 745647.75
2024-10-14 17:26:57.097: 96 avg_steps: 25692.4
2024-10-14 17:26:57.097: 96 epsilon: 0.1
2024-10-14 17:26:57.097: 96 q: 3.3855517
2024-10-14 17:37:05.757: 97 test start:
2024-10-14 17:45:53.255: 97 avg_reward: 742907.8
2024-10-14 17:45:53.256: 97 avg_steps: 26997.6
2024-10-14 17:45:53.256: 97 epsilon: 0.1
2024-10-14 17:45:53.256: 97 q: 3.4026725
2024-10-14 17:55:58.425: 98 test start:
2024-10-14 18:04:47.683: 98 avg_reward: 802678.05
2024-10-14 18:04:47.683: 98 avg_steps: 26997.15
2024-10-14 18:04:47.683: 98 epsilon: 0.1
2024-10-14 18:04:47.683: 98 q: 3.4218786
2024-10-14 18:16:01.685: 99 test start:
2024-10-14 18:24:45.452: 99 avg_reward: 836173.15
2024-10-14 18:24:45.453: 99 avg_steps: 26996.7
2024-10-14 18:24:45.453: 99 epsilon: 0.1
2024-10-14 18:24:45.453: 99 q: 3.4980195
2024-10-14 18:34:53.666: 100 test start:
2024-10-14 18:43:43.031: 100 avg_reward: 808393.35
2024-10-14 18:43:43.031: 100 avg_steps: 26996.7
2024-10-14 18:43:43.031: 100 epsilon: 0.1
2024-10-14 18:43:43.031: 100 q: 3.4659824
2024-10-14 18:53:50.478: 101 test start:
2024-10-14 19:02:42.157: 101 avg_reward: 817198.2
2024-10-14 19:02:42.157: 101 avg_steps: 26996.8
2024-10-14 19:02:42.157: 101 epsilon: 0.1
2024-10-14 19:02:42.158: 101 q: 3.3751378
2024-10-14 19:12:51.030: 102 test start:
2024-10-14 19:20:24.546: 102 avg_reward: 644401.65
2024-10-14 19:20:24.547: 102 avg_steps: 23157.55
2024-10-14 19:20:24.547: 102 epsilon: 0.1
2024-10-14 19:20:24.547: 102 q: 3.482893
2024-10-14 19:31:44.011: 103 test start:
2024-10-14 19:40:33.578: 103 avg_reward: 785342.95
2024-10-14 19:40:33.578: 103 avg_steps: 26996.3
2024-10-14 19:40:33.578: 103 epsilon: 0.1
2024-10-14 19:40:33.578: 103 q: 3.5488384
2024-10-14 19:50:44.533: 104 test start:
2024-10-14 19:59:35.264: 104 avg_reward: 831553.35
2024-10-14 19:59:35.264: 104 avg_steps: 26997.4
2024-10-14 19:59:35.264: 104 epsilon: 0.1
2024-10-14 19:59:35.264: 104 q: 3.5259311
2024-10-14 20:09:48.589: 105 test start:
2024-10-14 20:18:38.957: 105 avg_reward: 795863.1
2024-10-14 20:18:38.958: 105 avg_steps: 26996.5
2024-10-14 20:18:38.958: 105 epsilon: 0.1
2024-10-14 20:18:38.958: 105 q: 3.5390453
2024-10-14 20:29:58.119: 106 test start:
2024-10-14 20:38:50.644: 106 avg_reward: 784253.05
2024-10-14 20:38:50.644: 106 avg_steps: 26997.45
2024-10-14 20:38:50.644: 106 epsilon: 0.1
2024-10-14 20:38:50.644: 106 q: 3.5723538
2024-10-14 20:48:59.703: 107 test start:
2024-10-14 20:57:52.539: 107 avg_reward: 785408.25
2024-10-14 20:57:52.539: 107 avg_steps: 26996.85
2024-10-14 20:57:52.539: 107 epsilon: 0.1
2024-10-14 20:57:52.539: 107 q: 3.6360981
2024-10-14 21:08:01.910: 108 test start:
2024-10-14 21:16:55.816: 108 avg_reward: 771258.45
2024-10-14 21:16:55.817: 108 avg_steps: 26996.7
2024-10-14 21:16:55.817: 108 epsilon: 0.1
2024-10-14 21:16:55.817: 108 q: 3.612355
2024-10-14 21:27:02.124: 109 test start:
2024-10-14 21:35:59.636: 109 avg_reward: 793073.15
2024-10-14 21:35:59.636: 109 avg_steps: 26997.25
2024-10-14 21:35:59.636: 109 epsilon: 0.1
2024-10-14 21:35:59.636: 109 q: 3.6049135
2024-10-14 21:47:28.227: 110 test start:
2024-10-14 21:56:24.974: 110 avg_reward: 755753.3
2024-10-14 21:56:24.975: 110 avg_steps: 26996.4
2024-10-14 21:56:24.975: 110 epsilon: 0.1
2024-10-14 21:56:24.975: 110 q: 3.5877523
2024-10-14 22:06:42.238: 111 test start:
2024-10-14 22:15:43.564: 111 avg_reward: 749308.4
2024-10-14 22:15:43.564: 111 avg_steps: 26997.15
2024-10-14 22:15:43.564: 111 epsilon: 0.1
2024-10-14 22:15:43.564: 111 q: 3.604667
2024-10-14 22:26:06.696: 112 test start:
2024-10-14 22:35:01.800: 112 avg_reward: 797982.8
2024-10-14 22:35:01.800: 112 avg_steps: 26996.75
2024-10-14 22:35:01.800: 112 epsilon: 0.1
2024-10-14 22:35:01.800: 112 q: 3.5310128
2024-10-14 22:45:19.193: 113 test start:
2024-10-14 22:54:17.803: 113 avg_reward: 786088.15
2024-10-14 22:54:17.804: 113 avg_steps: 26997.3
2024-10-14 22:54:17.804: 113 epsilon: 0.1
2024-10-14 22:54:17.804: 113 q: 3.4788952
2024-10-14 23:05:44.010: 114 test start:
2024-10-14 23:14:39.354: 114 avg_reward: 824483.05
2024-10-14 23:14:39.355: 114 avg_steps: 26996.7
2024-10-14 23:14:39.355: 114 epsilon: 0.1
2024-10-14 23:14:39.355: 114 q: 3.6203833
2024-10-14 23:24:55.574: 115 test start:
2024-10-14 23:33:48.685: 115 avg_reward: 797023.15
2024-10-14 23:33:48.685: 115 avg_steps: 26996.45
2024-10-14 23:33:48.685: 115 epsilon: 0.1
2024-10-14 23:33:48.685: 115 q: 3.5944843
2024-10-14 23:44:07.219: 116 test start:
2024-10-14 23:53:03.271: 116 avg_reward: 800977.95
2024-10-14 23:53:03.271: 116 avg_steps: 26996.9
2024-10-14 23:53:03.271: 116 epsilon: 0.1
2024-10-14 23:53:03.271: 116 q: 3.681001
2024-10-15 00:03:18.854: 117 test start:
2024-10-15 00:12:16.257: 117 avg_reward: 800377.75
2024-10-15 00:12:16.257: 117 avg_steps: 26997.2
2024-10-15 00:12:16.257: 117 epsilon: 0.1
2024-10-15 00:12:16.257: 117 q: 3.7045367
2024-10-15 00:23:41.658: 118 test start:
2024-10-15 00:32:37.770: 118 avg_reward: 819242.8
2024-10-15 00:32:37.770: 118 avg_steps: 26996.9
2024-10-15 00:32:37.771: 118 epsilon: 0.1
2024-10-15 00:32:37.771: 118 q: 3.7312324
2024-10-15 00:42:52.786: 119 test start:
2024-10-15 00:51:45.472: 119 avg_reward: 789663.05
2024-10-15 00:51:45.472: 119 avg_steps: 26996.8
2024-10-15 00:51:45.472: 119 epsilon: 0.1
2024-10-15 00:51:45.472: 119 q: 3.816308
2024-10-15 01:02:08.062: 120 test start:
2024-10-15 01:11:02.789: 120 avg_reward: 767917.9
2024-10-15 01:11:02.789: 120 avg_steps: 26996.65
2024-10-15 01:11:02.789: 120 epsilon: 0.1
2024-10-15 01:11:02.789: 120 q: 3.803022
2024-10-15 01:21:17.334: 121 test start:
2024-10-15 01:30:09.860: 121 avg_reward: 782272.7
2024-10-15 01:30:09.860: 121 avg_steps: 26996.5
2024-10-15 01:30:09.860: 121 epsilon: 0.1
2024-10-15 01:30:09.860: 121 q: 3.8296688
2024-10-15 01:41:31.757: 122 test start:
2024-10-15 01:50:26.930: 122 avg_reward: 788897.7
2024-10-15 01:50:26.930: 122 avg_steps: 26996.9
2024-10-15 01:50:26.930: 122 epsilon: 0.1
2024-10-15 01:50:26.930: 122 q: 3.8308969
2024-10-15 02:00:38.742: 123 test start:
2024-10-15 02:08:44.363: 123 avg_reward: 678676.45
2024-10-15 02:08:44.363: 123 avg_steps: 24455.45
2024-10-15 02:08:44.363: 123 epsilon: 0.1
2024-10-15 02:08:44.363: 123 q: 3.9739747
2024-10-15 02:18:57.901: 124 test start:
2024-10-15 02:27:53.375: 124 avg_reward: 757428.3
2024-10-15 02:27:53.375: 124 avg_steps: 26997.1
2024-10-15 02:27:53.375: 124 epsilon: 0.1
2024-10-15 02:27:53.375: 124 q: 3.923091
2024-10-15 02:38:07.546: 125 test start:
2024-10-15 02:47:00.698: 125 avg_reward: 775237.7
2024-10-15 02:47:00.698: 125 avg_steps: 26996.8
2024-10-15 02:47:00.698: 125 epsilon: 0.1
2024-10-15 02:47:00.698: 125 q: 3.8491616
2024-10-15 02:58:20.663: 126 test start:
2024-10-15 03:06:25.102: 126 avg_reward: 704867.25
2024-10-15 03:06:25.102: 126 avg_steps: 24429.6
2024-10-15 03:06:25.102: 126 epsilon: 0.1
2024-10-15 03:06:25.102: 126 q: 3.8357658
2024-10-15 03:16:43.795: 127 test start:
2024-10-15 03:25:40.052: 127 avg_reward: 791448.3
2024-10-15 03:25:40.052: 127 avg_steps: 26996.6
2024-10-15 03:25:40.052: 127 epsilon: 0.1
2024-10-15 03:25:40.052: 127 q: 3.8232653
2024-10-15 03:35:55.382: 128 test start:
2024-10-15 03:44:52.371: 128 avg_reward: 801818.4
2024-10-15 03:44:52.371: 128 avg_steps: 26995.6
2024-10-15 03:44:52.371: 128 epsilon: 0.1
2024-10-15 03:44:52.372: 128 q: 3.7426133
2024-10-15 03:55:06.857: 129 test start:
2024-10-15 04:03:56.891: 129 avg_reward: 758848.5
2024-10-15 04:03:56.892: 129 avg_steps: 26997.2
2024-10-15 04:03:56.892: 129 epsilon: 0.1
2024-10-15 04:03:56.892: 129 q: 3.7537918
2024-10-15 04:14:22.443: 130 test start:
2024-10-15 04:23:13.507: 130 avg_reward: 780642.55
2024-10-15 04:23:13.507: 130 avg_steps: 26997.45
2024-10-15 04:23:13.507: 130 epsilon: 0.1
2024-10-15 04:23:13.507: 130 q: 3.6943896
2024-10-15 04:34:39.106: 131 test start:
2024-10-15 04:43:29.198: 131 avg_reward: 778662.95
2024-10-15 04:43:29.198: 131 avg_steps: 26997.65
2024-10-15 04:43:29.198: 131 epsilon: 0.1
2024-10-15 04:43:29.198: 131 q: 3.7109385
2024-10-15 04:53:48.711: 132 test start:
2024-10-15 05:02:35.428: 132 avg_reward: 774908.1
2024-10-15 05:02:35.428: 132 avg_steps: 26997.05
2024-10-15 05:02:35.428: 132 epsilon: 0.1
2024-10-15 05:02:35.428: 132 q: 3.6834302
2024-10-15 05:12:56.244: 133 test start:
2024-10-15 05:21:46.070: 133 avg_reward: 773497.9
2024-10-15 05:21:46.070: 133 avg_steps: 26997.05
2024-10-15 05:21:46.075: 133 epsilon: 0.1
2024-10-15 05:21:46.076: 133 q: 3.690456
2024-10-15 05:32:03.733: 134 test start:
2024-10-15 05:40:54.345: 134 avg_reward: 786123.15
2024-10-15 05:40:54.345: 134 avg_steps: 26997.2
2024-10-15 05:40:54.345: 134 epsilon: 0.1
2024-10-15 05:40:54.345: 134 q: 3.6523685
2024-10-15 05:51:25.676: 135 test start:
2024-10-15 05:59:21.672: 135 avg_reward: 602206.85
2024-10-15 05:59:21.672: 135 avg_steps: 24407.1
2024-10-15 05:59:21.673: 135 epsilon: 0.1
2024-10-15 05:59:21.673: 135 q: 3.671754
2024-10-15 06:10:46.839: 136 test start:
2024-10-15 06:19:36.088: 136 avg_reward: 774843.2
2024-10-15 06:19:36.088: 136 avg_steps: 26996.0
2024-10-15 06:19:36.088: 136 epsilon: 0.1
2024-10-15 06:19:36.088: 136 q: 3.6382656
2024-10-15 06:29:51.668: 137 test start:
2024-10-15 06:38:44.636: 137 avg_reward: 687968.4
2024-10-15 06:38:44.636: 137 avg_steps: 26997.55
2024-10-15 06:38:44.636: 137 epsilon: 0.1
2024-10-15 06:38:44.636: 137 q: 3.572421
2024-10-15 06:48:58.743: 138 test start:
2024-10-15 06:57:48.759: 138 avg_reward: 763582.8
2024-10-15 06:57:48.760: 138 avg_steps: 26996.55
2024-10-15 06:57:48.760: 138 epsilon: 0.1
2024-10-15 06:57:48.760: 138 q: 3.5250819
2024-10-15 07:08:04.859: 139 test start:
2024-10-15 07:16:27.897: 139 avg_reward: 754037.15
2024-10-15 07:16:27.897: 139 avg_steps: 25726.1
2024-10-15 07:16:27.897: 139 epsilon: 0.1
2024-10-15 07:16:27.897: 139 q: 3.4819422
2024-10-15 07:27:56.330: 140 test start:
2024-10-15 07:36:44.848: 140 avg_reward: 794157.85
2024-10-15 07:36:44.848: 140 avg_steps: 26997.35
2024-10-15 07:36:44.848: 140 epsilon: 0.1
2024-10-15 07:36:44.848: 140 q: 3.5265508
2024-10-15 07:47:05.025: 141 test start:
2024-10-15 07:55:54.388: 141 avg_reward: 771618.1
2024-10-15 07:55:54.388: 141 avg_steps: 26996.8
2024-10-15 07:55:54.388: 141 epsilon: 0.1
2024-10-15 07:55:54.388: 141 q: 3.5557103
2024-10-15 08:06:11.608: 142 test start:
2024-10-15 08:15:00.165: 142 avg_reward: 768892.9
2024-10-15 08:15:00.165: 142 avg_steps: 26996.55
2024-10-15 08:15:00.165: 142 epsilon: 0.1
2024-10-15 08:15:00.165: 142 q: 3.5449452
2024-10-15 08:26:27.730: 143 test start:
2024-10-15 08:34:51.469: 143 avg_reward: 722252.55
2024-10-15 08:34:51.469: 143 avg_steps: 25723.6
2024-10-15 08:34:51.469: 143 epsilon: 0.1
2024-10-15 08:34:51.469: 143 q: 3.4746602
2024-10-15 08:45:09.749: 144 test start:
2024-10-15 08:53:36.459: 144 avg_reward: 732557.9
2024-10-15 08:53:36.459: 144 avg_steps: 25701.85
2024-10-15 08:53:36.459: 144 epsilon: 0.1
2024-10-15 08:53:36.459: 144 q: 3.5645487
2024-10-15 09:03:57.117: 145 test start:
2024-10-15 09:12:52.906: 145 avg_reward: 776597.45
2024-10-15 09:12:52.906: 145 avg_steps: 26996.8
2024-10-15 09:12:52.906: 145 epsilon: 0.1
2024-10-15 09:12:52.906: 145 q: 3.6766229
2024-10-15 09:23:13.442: 146 test start:
2024-10-15 09:32:09.565: 146 avg_reward: 763983.35
2024-10-15 09:32:09.566: 146 avg_steps: 26997.0
2024-10-15 09:32:09.566: 146 epsilon: 0.1
2024-10-15 09:32:09.566: 146 q: 3.6169696
2024-10-15 09:43:39.021: 147 test start:
2024-10-15 09:52:03.108: 147 avg_reward: 763927.85
2024-10-15 09:52:03.108: 147 avg_steps: 25728.2
2024-10-15 09:52:03.108: 147 epsilon: 0.1
2024-10-15 09:52:03.108: 147 q: 3.5666485
2024-10-15 10:02:20.827: 148 test start:
2024-10-15 10:11:11.369: 148 avg_reward: 811803.5
2024-10-15 10:11:11.369: 148 avg_steps: 26996.6
2024-10-15 10:11:11.369: 148 epsilon: 0.1
2024-10-15 10:11:11.370: 148 q: 3.7014236
2024-10-15 10:21:27.075: 149 test start:
2024-10-15 10:29:25.033: 149 avg_reward: 680076.75
2024-10-15 10:29:25.033: 149 avg_steps: 24399.7
2024-10-15 10:29:25.033: 149 epsilon: 0.1
2024-10-15 10:29:25.033: 149 q: 3.739077
2024-10-15 10:39:51.582: 150 test start:
2024-10-15 10:48:45.276: 150 avg_reward: 739818.4
2024-10-15 10:48:45.277: 150 avg_steps: 26996.95
2024-10-15 10:48:45.282: 150 epsilon: 0.1
2024-10-15 10:48:45.283: 150 q: 3.7996387
2024-10-15 10:59:06.932: 151 test start:
2024-10-15 11:07:57.089: 151 avg_reward: 772203.0
2024-10-15 11:07:57.089: 151 avg_steps: 26996.8
2024-10-15 11:07:57.089: 151 epsilon: 0.1
2024-10-15 11:07:57.089: 151 q: 3.8075223
2024-10-15 11:19:26.611: 152 test start:
2024-10-15 11:28:17.854: 152 avg_reward: 788858.4
2024-10-15 11:28:17.854: 152 avg_steps: 26996.45
2024-10-15 11:28:17.854: 152 epsilon: 0.1
2024-10-15 11:28:17.854: 152 q: 3.8856783
2024-10-15 11:38:36.709: 153 test start:
2024-10-15 11:47:30.523: 153 avg_reward: 705248.1
2024-10-15 11:47:30.524: 153 avg_steps: 26996.9
2024-10-15 11:47:30.524: 153 epsilon: 0.1
2024-10-15 11:47:30.524: 153 q: 3.868686
2024-10-15 11:57:51.056: 154 test start:
2024-10-15 12:06:46.463: 154 avg_reward: 788902.85
2024-10-15 12:06:46.464: 154 avg_steps: 26996.65
2024-10-15 12:06:46.464: 154 epsilon: 0.1
2024-10-15 12:06:46.464: 154 q: 3.746034
2024-10-15 12:17:11.884: 155 test start:
2024-10-15 12:26:02.679: 155 avg_reward: 749003.45
2024-10-15 12:26:02.679: 155 avg_steps: 26996.6
2024-10-15 12:26:02.679: 155 epsilon: 0.1
2024-10-15 12:26:02.679: 155 q: 3.8432732
2024-10-15 12:37:33.302: 156 test start:
2024-10-15 12:46:26.390: 156 avg_reward: 780862.85
2024-10-15 12:46:26.390: 156 avg_steps: 26997.05
2024-10-15 12:46:26.390: 156 epsilon: 0.1
2024-10-15 12:46:26.390: 156 q: 3.802576
2024-10-15 12:56:47.340: 157 test start:
2024-10-15 13:05:43.059: 157 avg_reward: 743412.95
2024-10-15 13:05:43.060: 157 avg_steps: 26996.3
2024-10-15 13:05:43.065: 157 epsilon: 0.1
2024-10-15 13:05:43.065: 157 q: 3.7672403
2024-10-15 13:16:06.657: 158 test start:
2024-10-15 13:24:26.636: 158 avg_reward: 645636.9
2024-10-15 13:24:26.637: 158 avg_steps: 25711.4
2024-10-15 13:24:26.642: 158 epsilon: 0.1
2024-10-15 13:24:26.643: 158 q: 3.8851342
2024-10-15 13:34:44.853: 159 test start:
2024-10-15 13:43:38.539: 159 avg_reward: 680362.9
2024-10-15 13:43:38.539: 159 avg_steps: 26996.75
2024-10-15 13:43:38.539: 159 epsilon: 0.1
2024-10-15 13:43:38.539: 159 q: 3.870967
2024-10-15 13:55:08.721: 160 test start:
2024-10-15 14:04:02.731: 160 avg_reward: 772918.25
2024-10-15 14:04:02.731: 160 avg_steps: 26997.3
2024-10-15 14:04:02.731: 160 epsilon: 0.1
2024-10-15 14:04:02.731: 160 q: 3.8305554
2024-10-15 14:14:30.622: 161 test start:
2024-10-15 14:23:23.986: 161 avg_reward: 681952.55
2024-10-15 14:23:23.986: 161 avg_steps: 26997.6
2024-10-15 14:23:23.986: 161 epsilon: 0.1
2024-10-15 14:23:23.986: 161 q: 3.9493814
2024-10-15 14:33:39.644: 162 test start:
2024-10-15 14:42:33.029: 162 avg_reward: 699108.1
2024-10-15 14:42:33.029: 162 avg_steps: 26997.35
2024-10-15 14:42:33.029: 162 epsilon: 0.1
2024-10-15 14:42:33.029: 162 q: 4.035473
2024-10-15 14:52:48.305: 163 test start:
2024-10-15 15:01:37.785: 163 avg_reward: 738738.15
2024-10-15 15:01:37.785: 163 avg_steps: 26996.4
2024-10-15 15:01:37.785: 163 epsilon: 0.1
2024-10-15 15:01:37.785: 163 q: 4.071309
2024-10-15 15:13:09.043: 164 test start:
2024-10-15 15:21:58.514: 164 avg_reward: 781998.6
2024-10-15 15:21:58.514: 164 avg_steps: 26996.7
2024-10-15 15:21:58.514: 164 epsilon: 0.1
2024-10-15 15:21:58.514: 164 q: 3.947979
2024-10-15 15:32:14.377: 165 test start:
2024-10-15 15:41:02.415: 165 avg_reward: 773433.0
2024-10-15 15:41:02.415: 165 avg_steps: 26997.3
2024-10-15 15:41:02.415: 165 epsilon: 0.1
2024-10-15 15:41:02.415: 165 q: 3.873378
2024-10-15 15:51:23.768: 166 test start:
2024-10-15 16:00:11.152: 166 avg_reward: 708227.85
2024-10-15 16:00:11.152: 166 avg_steps: 26997.3
2024-10-15 16:00:11.152: 166 epsilon: 0.1
2024-10-15 16:00:11.152: 166 q: 3.903337
2024-10-15 16:10:28.516: 167 test start:
2024-10-15 16:19:19.754: 167 avg_reward: 686588.15
2024-10-15 16:19:19.754: 167 avg_steps: 26998.1
2024-10-15 16:19:19.754: 167 epsilon: 0.1
2024-10-15 16:19:19.754: 167 q: 3.9376943
2024-10-15 16:30:49.290: 168 test start:
2024-10-15 16:39:39.751: 168 avg_reward: 708697.75
2024-10-15 16:39:39.751: 168 avg_steps: 26997.55
2024-10-15 16:39:39.751: 168 epsilon: 0.1
2024-10-15 16:39:39.751: 168 q: 3.9659119
2024-10-15 16:49:53.859: 169 test start:
2024-10-15 16:58:42.217: 169 avg_reward: 656757.15
2024-10-15 16:58:42.217: 169 avg_steps: 26996.15
2024-10-15 16:58:42.217: 169 epsilon: 0.1
2024-10-15 16:58:42.217: 169 q: 3.9769983
2024-10-15 17:08:59.344: 170 test start:
2024-10-15 17:17:46.760: 170 avg_reward: 771397.8
2024-10-15 17:17:46.760: 170 avg_steps: 26996.45
2024-10-15 17:17:46.760: 170 epsilon: 0.1
2024-10-15 17:17:46.760: 170 q: 3.857107
2024-10-15 17:28:04.703: 171 test start:
2024-10-15 17:36:53.111: 171 avg_reward: 721378.2
2024-10-15 17:36:53.111: 171 avg_steps: 26997.15
2024-10-15 17:36:53.111: 171 epsilon: 0.1
2024-10-15 17:36:53.111: 171 q: 3.802232
2024-10-15 17:48:24.327: 172 test start:
2024-10-15 17:57:12.608: 172 avg_reward: 779313.2
2024-10-15 17:57:12.608: 172 avg_steps: 26996.4
2024-10-15 17:57:12.608: 172 epsilon: 0.1
2024-10-15 17:57:12.608: 172 q: 3.8648286
2024-10-15 18:07:35.551: 173 test start:
2024-10-15 18:16:20.531: 173 avg_reward: 676802.6
2024-10-15 18:16:20.531: 173 avg_steps: 26996.9
2024-10-15 18:16:20.531: 173 epsilon: 0.1
2024-10-15 18:16:20.531: 173 q: 3.820471
2024-10-15 18:26:46.990: 174 test start:
2024-10-15 18:35:35.889: 174 avg_reward: 739443.55
2024-10-15 18:35:35.889: 174 avg_steps: 26997.55
2024-10-15 18:35:35.889: 174 epsilon: 0.1
2024-10-15 18:35:35.889: 174 q: 3.8019671
2024-10-15 18:45:58.164: 175 test start:
2024-10-15 18:54:42.880: 175 avg_reward: 797323.35
2024-10-15 18:54:42.880: 175 avg_steps: 26997.15
2024-10-15 18:54:42.880: 175 epsilon: 0.1
2024-10-15 18:54:42.880: 175 q: 3.810036
2024-10-15 19:06:16.558: 176 test start:
2024-10-15 19:15:05.575: 176 avg_reward: 791838.5
2024-10-15 19:15:05.575: 176 avg_steps: 26996.85
2024-10-15 19:15:05.575: 176 epsilon: 0.1
2024-10-15 19:15:05.575: 176 q: 3.7693374
2024-10-15 19:25:29.249: 177 test start:
2024-10-15 19:34:17.877: 177 avg_reward: 754787.9
2024-10-15 19:34:17.877: 177 avg_steps: 26996.95
2024-10-15 19:34:17.877: 177 epsilon: 0.1
2024-10-15 19:34:17.877: 177 q: 3.8536348
2024-10-15 19:44:41.693: 178 test start:
2024-10-15 19:53:29.143: 178 avg_reward: 727343.05
2024-10-15 19:53:29.144: 178 avg_steps: 26996.65
2024-10-15 19:53:29.144: 178 epsilon: 0.1
2024-10-15 19:53:29.144: 178 q: 3.935496
2024-10-15 20:03:51.793: 179 test start:
2024-10-15 20:12:41.490: 179 avg_reward: 666808.25
2024-10-15 20:12:41.491: 179 avg_steps: 26997.25
2024-10-15 20:12:41.491: 179 epsilon: 0.1
2024-10-15 20:12:41.491: 179 q: 3.8531587
2024-10-15 20:24:05.739: 180 test start:
2024-10-15 20:32:56.311: 180 avg_reward: 748113.45
2024-10-15 20:32:56.311: 180 avg_steps: 26997.15
2024-10-15 20:32:56.312: 180 epsilon: 0.1
2024-10-15 20:32:56.312: 180 q: 3.8291733
2024-10-15 20:43:08.678: 181 test start:
2024-10-15 20:51:58.791: 181 avg_reward: 776483.4
2024-10-15 20:51:58.791: 181 avg_steps: 26997.5
2024-10-15 20:51:58.791: 181 epsilon: 0.1
2024-10-15 20:51:58.791: 181 q: 3.8505673
2024-10-15 21:02:13.368: 182 test start:
2024-10-15 21:11:02.925: 182 avg_reward: 670522.7
2024-10-15 21:11:02.925: 182 avg_steps: 26996.5
2024-10-15 21:11:02.925: 182 epsilon: 0.1
2024-10-15 21:11:02.925: 182 q: 3.7890303
2024-10-15 21:21:20.846: 183 test start:
2024-10-15 21:30:11.580: 183 avg_reward: 720863.2
2024-10-15 21:30:11.580: 183 avg_steps: 26996.75
2024-10-15 21:30:11.580: 183 epsilon: 0.1
2024-10-15 21:30:11.580: 183 q: 3.7425144
2024-10-15 21:41:36.189: 184 test start:
2024-10-15 21:50:28.214: 184 avg_reward: 713438.35
2024-10-15 21:50:28.214: 184 avg_steps: 26997.15
2024-10-15 21:50:28.214: 184 epsilon: 0.1
2024-10-15 21:50:28.214: 184 q: 3.7593818
2024-10-15 22:00:44.377: 185 test start:
2024-10-15 22:09:12.443: 185 avg_reward: 659282.65
2024-10-15 22:09:12.443: 185 avg_steps: 25742.5
2024-10-15 22:09:12.443: 185 epsilon: 0.1
2024-10-15 22:09:12.443: 185 q: 3.672708
2024-10-15 22:19:28.627: 186 test start:
2024-10-15 22:27:55.632: 186 avg_reward: 690892.45
2024-10-15 22:27:55.632: 186 avg_steps: 25682.45
2024-10-15 22:27:55.632: 186 epsilon: 0.1
2024-10-15 22:27:55.632: 186 q: 3.7087822
2024-10-15 22:38:11.568: 187 test start:
2024-10-15 22:47:05.185: 187 avg_reward: 700853.4
2024-10-15 22:47:05.185: 187 avg_steps: 26997.75
2024-10-15 22:47:05.185: 187 epsilon: 0.1
2024-10-15 22:47:05.185: 187 q: 3.745312
2024-10-15 22:58:27.927: 188 test start:
2024-10-15 23:07:21.386: 188 avg_reward: 753268.4
2024-10-15 23:07:21.386: 188 avg_steps: 26997.75
2024-10-15 23:07:21.387: 188 epsilon: 0.1
2024-10-15 23:07:21.387: 188 q: 3.744853
2024-10-15 23:17:42.141: 189 test start:
2024-10-15 23:26:32.044: 189 avg_reward: 705562.9
2024-10-15 23:26:32.044: 189 avg_steps: 26997.5
2024-10-15 23:26:32.044: 189 epsilon: 0.1
2024-10-15 23:26:32.044: 189 q: 3.7483642
2024-10-15 23:36:48.161: 190 test start:
2024-10-15 23:45:32.615: 190 avg_reward: 685878.0
2024-10-15 23:45:32.615: 190 avg_steps: 26997.55
2024-10-15 23:45:32.615: 190 epsilon: 0.1
2024-10-15 23:45:32.615: 190 q: 3.8069983
2024-10-15 23:55:46.045: 191 test start:
2024-10-16 00:04:40.297: 191 avg_reward: 776998.25
2024-10-16 00:04:40.297: 191 avg_steps: 26996.15
2024-10-16 00:04:40.297: 191 epsilon: 0.1
2024-10-16 00:04:40.297: 191 q: 3.6761448
2024-10-16 00:15:59.910: 192 test start:
2024-10-16 00:24:51.751: 192 avg_reward: 759122.95
2024-10-16 00:24:51.751: 192 avg_steps: 26996.75
2024-10-16 00:24:51.751: 192 epsilon: 0.1
2024-10-16 00:24:51.751: 192 q: 3.6903665
2024-10-16 00:35:07.372: 193 test start:
2024-10-16 00:43:57.799: 193 avg_reward: 752553.2
2024-10-16 00:43:57.800: 193 avg_steps: 26997.05
2024-10-16 00:43:57.800: 193 epsilon: 0.1
2024-10-16 00:43:57.800: 193 q: 3.6162128
2024-10-16 00:54:09.761: 194 test start:
2024-10-16 01:03:03.629: 194 avg_reward: 756482.85
2024-10-16 01:03:03.629: 194 avg_steps: 26997.35
2024-10-16 01:03:03.629: 194 epsilon: 0.1
2024-10-16 01:03:03.629: 194 q: 3.6489303
2024-10-16 01:13:15.221: 195 test start:
2024-10-16 01:22:09.575: 195 avg_reward: 675443.25
2024-10-16 01:22:09.576: 195 avg_steps: 26996.4
2024-10-16 01:22:09.576: 195 epsilon: 0.1
2024-10-16 01:22:09.576: 195 q: 3.7300992
2024-10-16 01:33:32.634: 196 test start:
2024-10-16 01:42:23.683: 196 avg_reward: 748333.2
2024-10-16 01:42:23.684: 196 avg_steps: 26996.95
2024-10-16 01:42:23.684: 196 epsilon: 0.1
2024-10-16 01:42:23.684: 196 q: 3.758355
2024-10-16 01:52:35.515: 197 test start:
2024-10-16 02:01:28.170: 197 avg_reward: 731978.35
2024-10-16 02:01:28.170: 197 avg_steps: 26996.75
2024-10-16 02:01:28.170: 197 epsilon: 0.1
2024-10-16 02:01:28.170: 197 q: 3.813517
2024-10-16 02:11:49.183: 198 test start:
2024-10-16 02:20:15.000: 198 avg_reward: 639822.8
2024-10-16 02:20:15.000: 198 avg_steps: 25707.35
2024-10-16 02:20:15.000: 198 epsilon: 0.1
2024-10-16 02:20:15.000: 198 q: 3.761143
2024-10-16 02:30:29.867: 199 test start:
2024-10-16 02:39:21.811: 199 avg_reward: 727773.0
2024-10-16 02:39:21.811: 199 avg_steps: 26996.65
2024-10-16 02:39:21.811: 199 epsilon: 0.1
2024-10-16 02:39:21.811: 199 q: 3.768874
2024-10-16 02:50:43.192: 200 test start:
2024-10-16 02:59:35.066: 200 avg_reward: 704958.1
2024-10-16 02:59:35.067: 200 avg_steps: 26996.35
2024-10-16 02:59:35.067: 200 epsilon: 0.1
2024-10-16 02:59:35.067: 200 q: 3.722838
