2024-10-13 05:05:11.437: 
parameters:agent_test_episodes: 20
batch_num_per_epoch: 250000
device: cuda:0
env_name: ALE/SpaceInvaders-v5
epsilon_for_test: 0.05
epsilon_max: 1.0
epsilon_min: 0.1
exp_name: ALE-SpaceInvaders-v5_2024-10-13-05-05-11
exp_path: ../exps/dqn/
exploration_steps: 1000000
gamma: 0.99
held_out_states_num: 1000
learning_rate: 0.00025
mini_batch_size: 32
model_update_freq: 4
n_times: 5
no_op_max: 30
phi_channel: 4
replay_buffer_size: 1000000
replay_start_size: 50000
save_model: true
screen_size: 84
seed: 0
skip_k_frame: 4
step_c: 10000
training_steps: 50000000

2024-10-13 05:05:11.503: env id: ALE/SpaceInvaders-v5 |repeat_action_probability: 0 
2024-10-13 05:05:11.503: screen_size: 84 | grayscale_obs:True 
scale_obs:False | action space size: 6
remove flickering: True | frame skip: 4
state space shape: (210, 160, 3) 
2024-10-13 05:05:11.518: optimizer: RMSprop (
Parameter Group 0
    alpha: 0.95
    centered: False
    differentiable: False
    eps: 0.01
    foreach: None
    lr: 0.00025
    maximize: False
    momentum: 0
    weight_decay: 0
)
2024-10-13 05:14:15.852: 1 test start:
2024-10-13 05:14:29.190: 1 avg_reward: 282.0
2024-10-13 05:14:29.190: 1 avg_steps: 718.35
2024-10-13 05:14:29.190: 1 epsilon: 0.8199334
2024-10-13 05:14:29.197: 1 q: 0.13672833
2024-10-13 05:24:12.349: 2 test start:
2024-10-13 05:24:23.134: 2 avg_reward: 184.5
2024-10-13 05:24:23.134: 2 avg_steps: 556.1
2024-10-13 05:24:23.135: 2 epsilon: 0.594424
2024-10-13 05:24:23.135: 2 q: 0.35859466
2024-10-13 05:34:27.530: 3 test start:
2024-10-13 05:34:41.489: 3 avg_reward: 271.0
2024-10-13 05:34:41.489: 3 avg_steps: 750.25
2024-10-13 05:34:41.489: 3 epsilon: 0.3697975
2024-10-13 05:34:41.489: 3 q: 0.62663287
2024-10-13 05:44:17.072: 4 test start:
2024-10-13 05:44:27.347: 4 avg_reward: 34.0
2024-10-13 05:44:27.347: 4 avg_steps: 524.5
2024-10-13 05:44:27.353: 4 epsilon: 0.14486769999999993
2024-10-13 05:44:27.353: 4 q: 0.79581225
2024-10-13 05:54:31.188: 5 test start:
2024-10-13 05:54:41.221: 5 avg_reward: 33.5
2024-10-13 05:54:41.221: 5 avg_steps: 524.8
2024-10-13 05:54:41.221: 5 epsilon: 0.1
2024-10-13 05:54:41.221: 5 q: 0.99656004
2024-10-13 06:04:46.719: 6 test start:
2024-10-13 06:04:55.482: 6 avg_reward: 175.0
2024-10-13 06:04:55.483: 6 avg_steps: 448.65
2024-10-13 06:04:55.483: 6 epsilon: 0.1
2024-10-13 06:04:55.483: 6 q: 1.1251854
2024-10-13 06:14:51.249: 7 test start:
2024-10-13 06:15:00.846: 7 avg_reward: 106.25
2024-10-13 06:15:00.846: 7 avg_steps: 523.8
2024-10-13 06:15:00.846: 7 epsilon: 0.1
2024-10-13 06:15:00.846: 7 q: 1.1423115
2024-10-13 06:24:56.738: 8 test start:
2024-10-13 06:25:07.783: 8 avg_reward: 205.25
2024-10-13 06:25:07.783: 8 avg_steps: 557.4
2024-10-13 06:25:07.783: 8 epsilon: 0.1
2024-10-13 06:25:07.783: 8 q: 1.3267202
2024-10-13 06:35:07.184: 9 test start:
2024-10-13 06:35:15.946: 9 avg_reward: 147.25
2024-10-13 06:35:15.946: 9 avg_steps: 460.0
2024-10-13 06:35:15.946: 9 epsilon: 0.1
2024-10-13 06:35:15.946: 9 q: 1.3762554
2024-10-13 06:45:38.118: 10 test start:
2024-10-13 06:45:50.801: 10 avg_reward: 258.5
2024-10-13 06:45:50.801: 10 avg_steps: 641.3
2024-10-13 06:45:50.801: 10 epsilon: 0.1
2024-10-13 06:45:50.801: 10 q: 1.5143917
2024-10-13 06:55:47.426: 11 test start:
2024-10-13 06:55:58.399: 11 avg_reward: 266.0
2024-10-13 06:55:58.399: 11 avg_steps: 575.4
2024-10-13 06:55:58.399: 11 epsilon: 0.1
2024-10-13 06:55:58.399: 11 q: 1.6062049
2024-10-13 07:06:22.291: 12 test start:
2024-10-13 07:06:30.811: 12 avg_reward: 158.25
2024-10-13 07:06:30.811: 12 avg_steps: 433.95
2024-10-13 07:06:30.811: 12 epsilon: 0.1
2024-10-13 07:06:30.811: 12 q: 1.6942233
2024-10-13 07:16:21.986: 13 test start:
2024-10-13 07:16:34.114: 13 avg_reward: 319.0
2024-10-13 07:16:34.114: 13 avg_steps: 622.3
2024-10-13 07:16:34.115: 13 epsilon: 0.1
2024-10-13 07:16:34.115: 13 q: 1.8246597
2024-10-13 07:26:51.287: 14 test start:
2024-10-13 07:27:02.840: 14 avg_reward: 346.15
2024-10-13 07:27:02.840: 14 avg_steps: 605.8
2024-10-13 07:27:02.840: 14 epsilon: 0.1
2024-10-13 07:27:02.840: 14 q: 2.0576744
2024-10-13 07:37:02.900: 15 test start:
2024-10-13 07:37:14.683: 15 avg_reward: 390.25
2024-10-13 07:37:14.683: 15 avg_steps: 596.5
2024-10-13 07:37:14.683: 15 epsilon: 0.1
2024-10-13 07:37:14.683: 15 q: 2.2430034
2024-10-13 07:47:38.041: 16 test start:
2024-10-13 07:47:51.879: 16 avg_reward: 431.1
2024-10-13 07:47:51.879: 16 avg_steps: 732.05
2024-10-13 07:47:51.879: 16 epsilon: 0.1
2024-10-13 07:47:51.880: 16 q: 2.4313717
2024-10-13 07:58:15.708: 17 test start:
2024-10-13 07:58:30.008: 17 avg_reward: 430.3
2024-10-13 07:58:30.009: 17 avg_steps: 733.35
2024-10-13 07:58:30.009: 17 epsilon: 0.1
2024-10-13 07:58:30.009: 17 q: 2.6836133
2024-10-13 08:08:33.399: 18 test start:
2024-10-13 08:08:48.021: 18 avg_reward: 398.55
2024-10-13 08:08:48.021: 18 avg_steps: 772.05
2024-10-13 08:08:48.021: 18 epsilon: 0.1
2024-10-13 08:08:48.021: 18 q: 2.7763093
2024-10-13 08:19:13.014: 19 test start:
2024-10-13 08:19:27.796: 19 avg_reward: 452.3
2024-10-13 08:19:27.796: 19 avg_steps: 747.1
2024-10-13 08:19:27.796: 19 epsilon: 0.1
2024-10-13 08:19:27.796: 19 q: 2.8481123
2024-10-13 08:29:27.616: 20 test start:
2024-10-13 08:29:46.011: 20 avg_reward: 591.45
2024-10-13 08:29:46.011: 20 avg_steps: 937.7
2024-10-13 08:29:46.011: 20 epsilon: 0.1
2024-10-13 08:29:46.011: 20 q: 3.0859816
2024-10-13 08:40:04.765: 21 test start:
2024-10-13 08:40:24.059: 21 avg_reward: 640.7
2024-10-13 08:40:24.060: 21 avg_steps: 1035.6
2024-10-13 08:40:24.060: 21 epsilon: 0.1
2024-10-13 08:40:24.060: 21 q: 3.2631972
2024-10-13 08:50:23.462: 22 test start:
2024-10-13 08:50:43.129: 22 avg_reward: 735.1
2024-10-13 08:50:43.129: 22 avg_steps: 1049.65
2024-10-13 08:50:43.129: 22 epsilon: 0.1
2024-10-13 08:50:43.130: 22 q: 3.4017208
2024-10-13 09:01:02.045: 23 test start:
2024-10-13 09:01:19.257: 23 avg_reward: 617.4
2024-10-13 09:01:19.257: 23 avg_steps: 912.45
2024-10-13 09:01:19.257: 23 epsilon: 0.1
2024-10-13 09:01:19.257: 23 q: 3.6131577
2024-10-13 09:11:26.983: 24 test start:
2024-10-13 09:11:47.013: 24 avg_reward: 719.7
2024-10-13 09:11:47.014: 24 avg_steps: 1023.45
2024-10-13 09:11:47.014: 24 epsilon: 0.1
2024-10-13 09:11:47.014: 24 q: 3.7567544
2024-10-13 09:22:01.328: 25 test start:
2024-10-13 09:22:17.549: 25 avg_reward: 589.95
2024-10-13 09:22:17.549: 25 avg_steps: 865.0
2024-10-13 09:22:17.549: 25 epsilon: 0.1
2024-10-13 09:22:17.549: 25 q: 3.9389334
2024-10-13 09:32:22.980: 26 test start:
2024-10-13 09:32:43.768: 26 avg_reward: 771.15
2024-10-13 09:32:43.769: 26 avg_steps: 1067.0
2024-10-13 09:32:43.769: 26 epsilon: 0.1
2024-10-13 09:32:43.769: 26 q: 4.0740657
2024-10-13 09:42:51.383: 27 test start:
2024-10-13 09:43:08.972: 27 avg_reward: 672.4
2024-10-13 09:43:08.972: 27 avg_steps: 943.85
2024-10-13 09:43:08.972: 27 epsilon: 0.1
2024-10-13 09:43:08.973: 27 q: 4.1844425
2024-10-13 09:53:17.744: 28 test start:
2024-10-13 09:53:35.015: 28 avg_reward: 703.75
2024-10-13 09:53:35.015: 28 avg_steps: 898.2
2024-10-13 09:53:35.016: 28 epsilon: 0.1
2024-10-13 09:53:35.016: 28 q: 4.332931
2024-10-13 10:03:36.665: 29 test start:
2024-10-13 10:03:53.858: 29 avg_reward: 695.3
2024-10-13 10:03:53.858: 29 avg_steps: 919.55
2024-10-13 10:03:53.858: 29 epsilon: 0.1
2024-10-13 10:03:53.858: 29 q: 4.543166
2024-10-13 10:14:11.496: 30 test start:
2024-10-13 10:14:29.776: 30 avg_reward: 682.35
2024-10-13 10:14:29.777: 30 avg_steps: 944.4
2024-10-13 10:14:29.777: 30 epsilon: 0.1
2024-10-13 10:14:29.777: 30 q: 4.7800684
2024-10-13 10:24:22.035: 31 test start:
2024-10-13 10:24:39.135: 31 avg_reward: 660.55
2024-10-13 10:24:39.135: 31 avg_steps: 911.75
2024-10-13 10:24:39.135: 31 epsilon: 0.1
2024-10-13 10:24:39.135: 31 q: 4.903756
2024-10-13 10:35:05.581: 32 test start:
2024-10-13 10:35:23.659: 32 avg_reward: 720.15
2024-10-13 10:35:23.659: 32 avg_steps: 954.75
2024-10-13 10:35:23.659: 32 epsilon: 0.1
2024-10-13 10:35:23.659: 32 q: 5.0674806
2024-10-13 10:45:14.068: 33 test start:
2024-10-13 10:45:29.666: 33 avg_reward: 608.65
2024-10-13 10:45:29.666: 33 avg_steps: 807.2
2024-10-13 10:45:29.666: 33 epsilon: 0.1
2024-10-13 10:45:29.666: 33 q: 5.094022
2024-10-13 10:55:52.451: 34 test start:
2024-10-13 10:56:08.527: 34 avg_reward: 636.35
2024-10-13 10:56:08.527: 34 avg_steps: 856.0
2024-10-13 10:56:08.527: 34 epsilon: 0.1
2024-10-13 10:56:08.527: 34 q: 5.2500925
2024-10-13 11:05:59.633: 35 test start:
2024-10-13 11:06:16.628: 35 avg_reward: 657.45
2024-10-13 11:06:16.629: 35 avg_steps: 889.45
2024-10-13 11:06:16.629: 35 epsilon: 0.1
2024-10-13 11:06:16.629: 35 q: 5.3494387
2024-10-13 11:16:36.214: 36 test start:
2024-10-13 11:16:55.790: 36 avg_reward: 787.85
2024-10-13 11:16:55.790: 36 avg_steps: 1053.55
2024-10-13 11:16:55.791: 36 epsilon: 0.1
2024-10-13 11:16:55.791: 36 q: 5.4882617
2024-10-13 11:26:53.907: 37 test start:
2024-10-13 11:27:09.763: 37 avg_reward: 577.45
2024-10-13 11:27:09.763: 37 avg_steps: 817.85
2024-10-13 11:27:09.763: 37 epsilon: 0.1
2024-10-13 11:27:09.763: 37 q: 5.6261015
2024-10-13 11:37:25.842: 38 test start:
2024-10-13 11:37:41.463: 38 avg_reward: 651.8
2024-10-13 11:37:41.463: 38 avg_steps: 852.3
2024-10-13 11:37:41.464: 38 epsilon: 0.1
2024-10-13 11:37:41.464: 38 q: 5.6767373
2024-10-13 11:47:44.773: 39 test start:
2024-10-13 11:48:04.642: 39 avg_reward: 720.2
2024-10-13 11:48:04.642: 39 avg_steps: 1047.65
2024-10-13 11:48:04.642: 39 epsilon: 0.1
2024-10-13 11:48:04.642: 39 q: 5.723875
2024-10-13 11:58:10.917: 40 test start:
2024-10-13 11:58:26.757: 40 avg_reward: 687.9
2024-10-13 11:58:26.757: 40 avg_steps: 852.9
2024-10-13 11:58:26.757: 40 epsilon: 0.1
2024-10-13 11:58:26.757: 40 q: 5.924043
2024-10-13 12:08:35.968: 41 test start:
2024-10-13 12:08:52.596: 41 avg_reward: 664.0
2024-10-13 12:08:52.596: 41 avg_steps: 876.2
2024-10-13 12:08:52.596: 41 epsilon: 0.1
2024-10-13 12:08:52.596: 41 q: 5.940054
2024-10-13 12:18:54.985: 42 test start:
2024-10-13 12:19:11.292: 42 avg_reward: 666.9
2024-10-13 12:19:11.292: 42 avg_steps: 880.55
2024-10-13 12:19:11.292: 42 epsilon: 0.1
2024-10-13 12:19:11.292: 42 q: 6.078155
2024-10-13 12:29:26.330: 43 test start:
2024-10-13 12:29:40.621: 43 avg_reward: 562.2
2024-10-13 12:29:40.621: 43 avg_steps: 750.9
2024-10-13 12:29:40.621: 43 epsilon: 0.1
2024-10-13 12:29:40.621: 43 q: 6.2695866
2024-10-13 12:39:32.356: 44 test start:
2024-10-13 12:39:47.540: 44 avg_reward: 649.75
2024-10-13 12:39:47.541: 44 avg_steps: 834.8
2024-10-13 12:39:47.541: 44 epsilon: 0.1
2024-10-13 12:39:47.541: 44 q: 6.225738
2024-10-13 12:50:10.435: 45 test start:
2024-10-13 12:50:31.494: 45 avg_reward: 815.8
2024-10-13 12:50:31.494: 45 avg_steps: 1121.0
2024-10-13 12:50:31.495: 45 epsilon: 0.1
2024-10-13 12:50:31.495: 45 q: 6.234131
2024-10-13 13:00:19.438: 46 test start:
2024-10-13 13:00:35.157: 46 avg_reward: 612.9
2024-10-13 13:00:35.158: 46 avg_steps: 805.9
2024-10-13 13:00:35.158: 46 epsilon: 0.1
2024-10-13 13:00:35.158: 46 q: 6.370751
2024-10-13 13:10:55.340: 47 test start:
2024-10-13 13:11:11.143: 47 avg_reward: 665.0
2024-10-13 13:11:11.143: 47 avg_steps: 847.6
2024-10-13 13:11:11.143: 47 epsilon: 0.1
2024-10-13 13:11:11.144: 47 q: 6.3431396
2024-10-13 13:21:00.564: 48 test start:
2024-10-13 13:21:17.325: 48 avg_reward: 659.9
2024-10-13 13:21:17.325: 48 avg_steps: 873.6
2024-10-13 13:21:17.325: 48 epsilon: 0.1
2024-10-13 13:21:17.325: 48 q: 6.3483076
2024-10-13 13:31:31.195: 49 test start:
2024-10-13 13:31:47.651: 49 avg_reward: 717.75
2024-10-13 13:31:47.651: 49 avg_steps: 883.15
2024-10-13 13:31:47.651: 49 epsilon: 0.1
2024-10-13 13:31:47.651: 49 q: 6.4296513
2024-10-13 13:41:47.138: 50 test start:
2024-10-13 13:42:03.498: 50 avg_reward: 693.9
2024-10-13 13:42:03.498: 50 avg_steps: 854.4
2024-10-13 13:42:03.498: 50 epsilon: 0.1
2024-10-13 13:42:03.498: 50 q: 6.486183
2024-10-13 13:52:14.622: 51 test start:
2024-10-13 13:52:35.244: 51 avg_reward: 834.85
2024-10-13 13:52:35.244: 51 avg_steps: 1124.1
2024-10-13 13:52:35.260: 51 epsilon: 0.1
2024-10-13 13:52:35.260: 51 q: 6.5158
2024-10-13 14:02:37.475: 52 test start:
2024-10-13 14:02:53.075: 52 avg_reward: 612.6
2024-10-13 14:02:53.075: 52 avg_steps: 839.15
2024-10-13 14:02:53.075: 52 epsilon: 0.1
2024-10-13 14:02:53.075: 52 q: 6.5850024
2024-10-13 14:12:58.036: 53 test start:
2024-10-13 14:13:18.297: 53 avg_reward: 847.2
2024-10-13 14:13:18.297: 53 avg_steps: 1090.2
2024-10-13 14:13:18.297: 53 epsilon: 0.1
2024-10-13 14:13:18.297: 53 q: 6.5644054
2024-10-13 14:23:23.279: 54 test start:
2024-10-13 14:23:41.276: 54 avg_reward: 701.85
2024-10-13 14:23:41.276: 54 avg_steps: 936.35
2024-10-13 14:23:41.276: 54 epsilon: 0.1
2024-10-13 14:23:41.276: 54 q: 6.597417
2024-10-13 14:34:01.023: 55 test start:
2024-10-13 14:34:16.466: 55 avg_reward: 611.3
2024-10-13 14:34:16.467: 55 avg_steps: 803.85
2024-10-13 14:34:16.467: 55 epsilon: 0.1
2024-10-13 14:34:16.467: 55 q: 6.679847
2024-10-13 14:44:55.516: 56 test start:
2024-10-13 14:45:14.150: 56 avg_reward: 808.35
2024-10-13 14:45:14.150: 56 avg_steps: 952.3
2024-10-13 14:45:14.150: 56 epsilon: 0.1
2024-10-13 14:45:14.150: 56 q: 6.570902
2024-10-13 14:55:32.970: 57 test start:
2024-10-13 14:55:51.059: 57 avg_reward: 790.45
2024-10-13 14:55:51.059: 57 avg_steps: 959.25
2024-10-13 14:55:51.059: 57 epsilon: 0.1
2024-10-13 14:55:51.059: 57 q: 6.648954
2024-10-13 15:06:39.627: 58 test start:
2024-10-13 15:06:53.658: 58 avg_reward: 485.0
2024-10-13 15:06:53.658: 58 avg_steps: 712.6
2024-10-13 15:06:53.658: 58 epsilon: 0.1
2024-10-13 15:06:53.658: 58 q: 6.606009
2024-10-13 15:17:11.611: 59 test start:
2024-10-13 15:17:30.515: 59 avg_reward: 767.1
2024-10-13 15:17:30.515: 59 avg_steps: 951.7
2024-10-13 15:17:30.515: 59 epsilon: 0.1
2024-10-13 15:17:30.515: 59 q: 6.472377
2024-10-13 15:28:13.086: 60 test start:
2024-10-13 15:28:29.611: 60 avg_reward: 743.45
2024-10-13 15:28:29.612: 60 avg_steps: 878.15
2024-10-13 15:28:29.612: 60 epsilon: 0.1
2024-10-13 15:28:29.612: 60 q: 6.3425655
2024-10-13 15:38:56.116: 61 test start:
2024-10-13 15:39:15.409: 61 avg_reward: 790.5
2024-10-13 15:39:15.409: 61 avg_steps: 993.75
2024-10-13 15:39:15.409: 61 epsilon: 0.1
2024-10-13 15:39:15.409: 61 q: 6.404472
2024-10-13 15:49:45.950: 62 test start:
2024-10-13 15:50:02.778: 62 avg_reward: 733.2
2024-10-13 15:50:02.778: 62 avg_steps: 894.35
2024-10-13 15:50:02.778: 62 epsilon: 0.1
2024-10-13 15:50:02.778: 62 q: 6.331954
2024-10-13 16:00:38.520: 63 test start:
2024-10-13 16:00:58.280: 63 avg_reward: 827.1
2024-10-13 16:00:58.280: 63 avg_steps: 1021.7
2024-10-13 16:00:58.280: 63 epsilon: 0.1
2024-10-13 16:00:58.280: 63 q: 6.4785233
2024-10-13 16:11:23.608: 64 test start:
2024-10-13 16:11:43.771: 64 avg_reward: 849.65
2024-10-13 16:11:43.771: 64 avg_steps: 1058.9
2024-10-13 16:11:43.771: 64 epsilon: 0.1
2024-10-13 16:11:43.771: 64 q: 6.489537
2024-10-13 16:22:35.527: 65 test start:
2024-10-13 16:22:51.617: 65 avg_reward: 728.55
2024-10-13 16:22:51.617: 65 avg_steps: 842.2
2024-10-13 16:22:51.617: 65 epsilon: 0.1
2024-10-13 16:22:51.617: 65 q: 6.616291
2024-10-13 16:33:13.871: 66 test start:
2024-10-13 16:33:26.398: 66 avg_reward: 486.25
2024-10-13 16:33:26.398: 66 avg_steps: 649.15
2024-10-13 16:33:26.398: 66 epsilon: 0.1
2024-10-13 16:33:26.398: 66 q: 6.6460648
2024-10-13 16:44:09.881: 67 test start:
2024-10-13 16:44:25.376: 67 avg_reward: 624.9
2024-10-13 16:44:25.376: 67 avg_steps: 816.55
2024-10-13 16:44:25.376: 67 epsilon: 0.1
2024-10-13 16:44:25.376: 67 q: 6.630796
2024-10-13 16:54:51.303: 68 test start:
2024-10-13 16:55:07.346: 68 avg_reward: 624.85
2024-10-13 16:55:07.346: 68 avg_steps: 832.55
2024-10-13 16:55:07.346: 68 epsilon: 0.1
2024-10-13 16:55:07.346: 68 q: 6.561447
2024-10-13 17:05:44.909: 69 test start:
2024-10-13 17:06:02.723: 69 avg_reward: 723.6
2024-10-13 17:06:02.723: 69 avg_steps: 951.5
2024-10-13 17:06:02.723: 69 epsilon: 0.1
2024-10-13 17:06:02.723: 69 q: 6.4974785
2024-10-13 17:16:41.220: 70 test start:
2024-10-13 17:16:55.664: 70 avg_reward: 618.8
2024-10-13 17:16:55.664: 70 avg_steps: 757.0
2024-10-13 17:16:55.664: 70 epsilon: 0.1
2024-10-13 17:16:55.664: 70 q: 6.460622
2024-10-13 17:27:19.039: 71 test start:
2024-10-13 17:27:32.598: 71 avg_reward: 583.3
2024-10-13 17:27:32.598: 71 avg_steps: 734.0
2024-10-13 17:27:32.598: 71 epsilon: 0.1
2024-10-13 17:27:32.598: 71 q: 6.5318413
2024-10-13 17:38:21.853: 72 test start:
2024-10-13 17:38:39.888: 72 avg_reward: 801.15
2024-10-13 17:38:39.888: 72 avg_steps: 980.65
2024-10-13 17:38:39.888: 72 epsilon: 0.1
2024-10-13 17:38:39.888: 72 q: 6.5934043
2024-10-13 17:49:02.931: 73 test start:
2024-10-13 17:49:19.468: 73 avg_reward: 723.8
2024-10-13 17:49:19.468: 73 avg_steps: 889.1
2024-10-13 17:49:19.468: 73 epsilon: 0.1
2024-10-13 17:49:19.468: 73 q: 6.5667205
2024-10-13 18:00:08.478: 74 test start:
2024-10-13 18:00:28.021: 74 avg_reward: 894.2
2024-10-13 18:00:28.021: 74 avg_steps: 1069.35
2024-10-13 18:00:28.021: 74 epsilon: 0.1
2024-10-13 18:00:28.021: 74 q: 6.5785
2024-10-13 18:10:56.792: 75 test start:
2024-10-13 18:11:16.189: 75 avg_reward: 801.15
2024-10-13 18:11:16.189: 75 avg_steps: 991.25
2024-10-13 18:11:16.189: 75 epsilon: 0.1
2024-10-13 18:11:16.189: 75 q: 6.523573
2024-10-13 18:21:49.616: 76 test start:
2024-10-13 18:22:06.849: 76 avg_reward: 745.6
2024-10-13 18:22:06.849: 76 avg_steps: 914.75
2024-10-13 18:22:06.849: 76 epsilon: 0.1
2024-10-13 18:22:06.849: 76 q: 6.6144915
2024-10-13 18:32:41.966: 77 test start:
2024-10-13 18:32:59.139: 77 avg_reward: 720.0
2024-10-13 18:32:59.139: 77 avg_steps: 885.7
2024-10-13 18:32:59.139: 77 epsilon: 0.1
2024-10-13 18:32:59.139: 77 q: 6.619
2024-10-13 18:43:24.152: 78 test start:
2024-10-13 18:43:40.125: 78 avg_reward: 656.85
2024-10-13 18:43:40.125: 78 avg_steps: 846.0
2024-10-13 18:43:40.125: 78 epsilon: 0.1
2024-10-13 18:43:40.125: 78 q: 6.569554
2024-10-13 18:54:22.004: 79 test start:
2024-10-13 18:54:41.581: 79 avg_reward: 841.85
2024-10-13 18:54:41.581: 79 avg_steps: 1013.55
2024-10-13 18:54:41.582: 79 epsilon: 0.1
2024-10-13 18:54:41.582: 79 q: 6.5676503
2024-10-13 19:04:41.504: 80 test start:
2024-10-13 19:04:59.853: 80 avg_reward: 753.1
2024-10-13 19:04:59.853: 80 avg_steps: 944.2
2024-10-13 19:04:59.853: 80 epsilon: 0.1
2024-10-13 19:04:59.854: 80 q: 6.5433993
2024-10-13 19:15:26.195: 81 test start:
2024-10-13 19:15:44.925: 81 avg_reward: 850.8
2024-10-13 19:15:44.925: 81 avg_steps: 983.65
2024-10-13 19:15:44.925: 81 epsilon: 0.1
2024-10-13 19:15:44.925: 81 q: 6.5433464
2024-10-13 19:25:57.066: 82 test start:
2024-10-13 19:26:14.989: 82 avg_reward: 690.4
2024-10-13 19:26:14.989: 82 avg_steps: 915.6
2024-10-13 19:26:14.989: 82 epsilon: 0.1
2024-10-13 19:26:14.989: 82 q: 6.5775514
2024-10-13 19:36:55.593: 83 test start:
2024-10-13 19:37:08.426: 83 avg_reward: 538.05
2024-10-13 19:37:08.427: 83 avg_steps: 677.55
2024-10-13 19:37:08.427: 83 epsilon: 0.1
2024-10-13 19:37:08.427: 83 q: 6.5308185
2024-10-13 19:47:19.922: 84 test start:
2024-10-13 19:47:40.671: 84 avg_reward: 889.1
2024-10-13 19:47:40.671: 84 avg_steps: 1066.75
2024-10-13 19:47:40.671: 84 epsilon: 0.1
2024-10-13 19:47:40.671: 84 q: 6.5322814
2024-10-13 19:58:12.133: 85 test start:
2024-10-13 19:58:31.455: 85 avg_reward: 810.4
2024-10-13 19:58:31.455: 85 avg_steps: 986.4
2024-10-13 19:58:31.455: 85 epsilon: 0.1
2024-10-13 19:58:31.455: 85 q: 6.566211
2024-10-13 20:09:13.004: 86 test start:
2024-10-13 20:09:27.467: 86 avg_reward: 549.85
2024-10-13 20:09:27.467: 86 avg_steps: 733.0
2024-10-13 20:09:27.468: 86 epsilon: 0.1
2024-10-13 20:09:27.468: 86 q: 6.5927687
2024-10-13 20:20:01.019: 87 test start:
2024-10-13 20:20:17.080: 87 avg_reward: 677.4
2024-10-13 20:20:17.080: 87 avg_steps: 830.45
2024-10-13 20:20:17.080: 87 epsilon: 0.1
2024-10-13 20:20:17.080: 87 q: 6.5415845
2024-10-13 20:30:49.128: 88 test start:
2024-10-13 20:31:07.375: 88 avg_reward: 814.8
2024-10-13 20:31:07.375: 88 avg_steps: 931.1
2024-10-13 20:31:07.375: 88 epsilon: 0.1
2024-10-13 20:31:07.375: 88 q: 6.48983
2024-10-13 20:41:54.423: 89 test start:
2024-10-13 20:42:14.201: 89 avg_reward: 771.2
2024-10-13 20:42:14.201: 89 avg_steps: 1013.45
2024-10-13 20:42:14.201: 89 epsilon: 0.1
2024-10-13 20:42:14.201: 89 q: 6.5265927
2024-10-13 20:53:02.962: 90 test start:
2024-10-13 20:53:24.046: 90 avg_reward: 910.85
2024-10-13 20:53:24.046: 90 avg_steps: 1081.45
2024-10-13 20:53:24.046: 90 epsilon: 0.1
2024-10-13 20:53:24.046: 90 q: 6.5368257
2024-10-13 21:04:10.313: 91 test start:
2024-10-13 21:04:30.666: 91 avg_reward: 836.15
2024-10-13 21:04:30.666: 91 avg_steps: 1032.5
2024-10-13 21:04:30.666: 91 epsilon: 0.1
2024-10-13 21:04:30.666: 91 q: 6.6027427
2024-10-13 21:15:20.973: 92 test start:
2024-10-13 21:15:41.399: 92 avg_reward: 837.4
2024-10-13 21:15:41.399: 92 avg_steps: 1054.45
2024-10-13 21:15:41.399: 92 epsilon: 0.1
2024-10-13 21:15:41.399: 92 q: 6.5547853
2024-10-13 21:26:31.146: 93 test start:
2024-10-13 21:26:51.058: 93 avg_reward: 825.85
2024-10-13 21:26:51.058: 93 avg_steps: 1016.1
2024-10-13 21:26:51.059: 93 epsilon: 0.1
2024-10-13 21:26:51.059: 93 q: 6.570102
2024-10-13 21:37:39.434: 94 test start:
2024-10-13 21:37:59.049: 94 avg_reward: 819.95
2024-10-13 21:37:59.049: 94 avg_steps: 996.7
2024-10-13 21:37:59.049: 94 epsilon: 0.1
2024-10-13 21:37:59.049: 94 q: 6.553627
2024-10-13 21:48:46.568: 95 test start:
2024-10-13 21:49:03.263: 95 avg_reward: 772.1
2024-10-13 21:49:03.263: 95 avg_steps: 880.65
2024-10-13 21:49:03.263: 95 epsilon: 0.1
2024-10-13 21:49:03.263: 95 q: 6.6253567
2024-10-13 21:59:51.532: 96 test start:
2024-10-13 22:00:09.013: 96 avg_reward: 745.3
2024-10-13 22:00:09.013: 96 avg_steps: 926.5
2024-10-13 22:00:09.013: 96 epsilon: 0.1
2024-10-13 22:00:09.013: 96 q: 6.592286
2024-10-13 22:10:55.972: 97 test start:
2024-10-13 22:11:14.556: 97 avg_reward: 825.25
2024-10-13 22:11:14.556: 97 avg_steps: 961.3
2024-10-13 22:11:14.556: 97 epsilon: 0.1
2024-10-13 22:11:14.556: 97 q: 6.610502
2024-10-13 22:22:00.785: 98 test start:
2024-10-13 22:22:22.364: 98 avg_reward: 905.65
2024-10-13 22:22:22.364: 98 avg_steps: 1097.2
2024-10-13 22:22:22.364: 98 epsilon: 0.1
2024-10-13 22:22:22.364: 98 q: 6.5188956
2024-10-13 22:33:09.359: 99 test start:
2024-10-13 22:33:26.548: 99 avg_reward: 688.25
2024-10-13 22:33:26.548: 99 avg_steps: 875.45
2024-10-13 22:33:26.548: 99 epsilon: 0.1
2024-10-13 22:33:26.548: 99 q: 6.526153
2024-10-13 22:44:09.415: 100 test start:
2024-10-13 22:44:27.024: 100 avg_reward: 771.35
2024-10-13 22:44:27.024: 100 avg_steps: 914.05
2024-10-13 22:44:27.024: 100 epsilon: 0.1
2024-10-13 22:44:27.024: 100 q: 6.5340395
2024-10-13 22:55:09.285: 101 test start:
2024-10-13 22:55:30.638: 101 avg_reward: 910.05
2024-10-13 22:55:30.638: 101 avg_steps: 1127.25
2024-10-13 22:55:30.638: 101 epsilon: 0.1
2024-10-13 22:55:30.638: 101 q: 6.4755507
2024-10-13 23:06:02.588: 102 test start:
2024-10-13 23:06:17.644: 102 avg_reward: 675.6
2024-10-13 23:06:17.645: 102 avg_steps: 803.05
2024-10-13 23:06:17.645: 102 epsilon: 0.1
2024-10-13 23:06:17.645: 102 q: 6.410005
2024-10-13 23:16:45.036: 103 test start:
2024-10-13 23:17:01.487: 103 avg_reward: 732.5
2024-10-13 23:17:01.488: 103 avg_steps: 851.0
2024-10-13 23:17:01.488: 103 epsilon: 0.1
2024-10-13 23:17:01.488: 103 q: 6.451154
2024-10-13 23:27:27.551: 104 test start:
2024-10-13 23:27:42.067: 104 avg_reward: 647.25
2024-10-13 23:27:42.067: 104 avg_steps: 749.85
2024-10-13 23:27:42.067: 104 epsilon: 0.1
2024-10-13 23:27:42.067: 104 q: 6.524242
2024-10-13 23:38:07.542: 105 test start:
2024-10-13 23:38:24.776: 105 avg_reward: 748.7
2024-10-13 23:38:24.776: 105 avg_steps: 896.4
2024-10-13 23:38:24.776: 105 epsilon: 0.1
2024-10-13 23:38:24.776: 105 q: 6.4875937
2024-10-13 23:48:57.889: 106 test start:
2024-10-13 23:49:14.944: 106 avg_reward: 725.15
2024-10-13 23:49:14.944: 106 avg_steps: 893.6
2024-10-13 23:49:14.944: 106 epsilon: 0.1
2024-10-13 23:49:14.944: 106 q: 6.452715
2024-10-13 23:59:42.507: 107 test start:
2024-10-13 23:59:59.904: 107 avg_reward: 759.0
2024-10-13 23:59:59.904: 107 avg_steps: 916.65
2024-10-13 23:59:59.904: 107 epsilon: 0.1
2024-10-13 23:59:59.904: 107 q: 6.438817
2024-10-14 00:10:19.904: 108 test start:
2024-10-14 00:10:31.911: 108 avg_reward: 526.35
2024-10-14 00:10:31.911: 108 avg_steps: 623.2
2024-10-14 00:10:31.911: 108 epsilon: 0.1
2024-10-14 00:10:31.911: 108 q: 6.32162
2024-10-14 00:20:53.255: 109 test start:
2024-10-14 00:21:12.974: 109 avg_reward: 809.2
2024-10-14 00:21:12.974: 109 avg_steps: 1021.2
2024-10-14 00:21:12.974: 109 epsilon: 0.1
2024-10-14 00:21:12.974: 109 q: 6.1774883
2024-10-14 00:31:36.946: 110 test start:
2024-10-14 00:31:54.528: 110 avg_reward: 750.8
2024-10-14 00:31:54.528: 110 avg_steps: 925.8
2024-10-14 00:31:54.528: 110 epsilon: 0.1
2024-10-14 00:31:54.528: 110 q: 6.345456
2024-10-14 00:42:21.263: 111 test start:
2024-10-14 00:42:40.174: 111 avg_reward: 805.3
2024-10-14 00:42:40.174: 111 avg_steps: 1026.7
2024-10-14 00:42:40.174: 111 epsilon: 0.1
2024-10-14 00:42:40.174: 111 q: 6.351564
2024-10-14 00:53:07.120: 112 test start:
2024-10-14 00:53:23.681: 112 avg_reward: 730.4
2024-10-14 00:53:23.681: 112 avg_steps: 893.25
2024-10-14 00:53:23.681: 112 epsilon: 0.1
2024-10-14 00:53:23.681: 112 q: 6.4065127
2024-10-14 01:03:51.367: 113 test start:
2024-10-14 01:04:06.405: 113 avg_reward: 672.5
2024-10-14 01:04:06.406: 113 avg_steps: 806.7
2024-10-14 01:04:06.406: 113 epsilon: 0.1
2024-10-14 01:04:06.406: 113 q: 6.366584
2024-10-14 01:14:30.794: 114 test start:
2024-10-14 01:14:48.256: 114 avg_reward: 806.0
2024-10-14 01:14:48.256: 114 avg_steps: 918.1
2024-10-14 01:14:48.256: 114 epsilon: 0.1
2024-10-14 01:14:48.256: 114 q: 6.37537
2024-10-14 01:25:13.025: 115 test start:
2024-10-14 01:25:37.355: 115 avg_reward: 1082.2
2024-10-14 01:25:37.355: 115 avg_steps: 1267.4
2024-10-14 01:25:37.355: 115 epsilon: 0.1
2024-10-14 01:25:37.355: 115 q: 6.3217525
2024-10-14 01:36:11.396: 116 test start:
2024-10-14 01:36:24.362: 116 avg_reward: 522.05
2024-10-14 01:36:24.362: 116 avg_steps: 673.15
2024-10-14 01:36:24.362: 116 epsilon: 0.1
2024-10-14 01:36:24.362: 116 q: 6.4141307
2024-10-14 01:47:06.198: 117 test start:
2024-10-14 01:47:22.059: 117 avg_reward: 674.8
2024-10-14 01:47:22.059: 117 avg_steps: 837.5
2024-10-14 01:47:22.059: 117 epsilon: 0.1
2024-10-14 01:47:22.059: 117 q: 6.424678
2024-10-14 01:57:54.290: 118 test start:
2024-10-14 01:58:09.278: 118 avg_reward: 629.75
2024-10-14 01:58:09.279: 118 avg_steps: 797.95
2024-10-14 01:58:09.279: 118 epsilon: 0.1
2024-10-14 01:58:09.279: 118 q: 6.351329
2024-10-14 02:08:41.711: 119 test start:
2024-10-14 02:08:59.560: 119 avg_reward: 825.2
2024-10-14 02:08:59.560: 119 avg_steps: 940.05
2024-10-14 02:08:59.560: 119 epsilon: 0.1
2024-10-14 02:08:59.560: 119 q: 6.2832766
2024-10-14 02:19:29.809: 120 test start:
2024-10-14 02:19:49.372: 120 avg_reward: 917.15
2024-10-14 02:19:49.373: 120 avg_steps: 1021.15
2024-10-14 02:19:49.373: 120 epsilon: 0.1
2024-10-14 02:19:49.373: 120 q: 6.367299
2024-10-14 02:30:15.859: 121 test start:
2024-10-14 02:30:32.273: 121 avg_reward: 756.85
2024-10-14 02:30:32.273: 121 avg_steps: 878.6
2024-10-14 02:30:32.273: 121 epsilon: 0.1
2024-10-14 02:30:32.275: 121 q: 6.2752867
2024-10-14 02:41:00.223: 122 test start:
2024-10-14 02:41:17.656: 122 avg_reward: 817.1
2024-10-14 02:41:17.657: 122 avg_steps: 928.2
2024-10-14 02:41:17.657: 122 epsilon: 0.1
2024-10-14 02:41:17.657: 122 q: 6.3097167
2024-10-14 02:51:40.965: 123 test start:
2024-10-14 02:52:05.283: 123 avg_reward: 1148.8
2024-10-14 02:52:05.284: 123 avg_steps: 1293.6
2024-10-14 02:52:05.284: 123 epsilon: 0.1
2024-10-14 02:52:05.284: 123 q: 6.2278676
2024-10-14 03:02:27.621: 124 test start:
2024-10-14 03:02:42.228: 124 avg_reward: 639.5
2024-10-14 03:02:42.228: 124 avg_steps: 758.65
2024-10-14 03:02:42.228: 124 epsilon: 0.1
2024-10-14 03:02:42.228: 124 q: 6.222481
2024-10-14 03:13:05.129: 125 test start:
2024-10-14 03:13:18.577: 125 avg_reward: 575.3
2024-10-14 03:13:18.578: 125 avg_steps: 713.55
2024-10-14 03:13:18.578: 125 epsilon: 0.1
2024-10-14 03:13:18.578: 125 q: 6.154661
2024-10-14 03:24:02.005: 126 test start:
2024-10-14 03:24:22.305: 126 avg_reward: 969.95
2024-10-14 03:24:22.305: 126 avg_steps: 1065.1
2024-10-14 03:24:22.305: 126 epsilon: 0.1
2024-10-14 03:24:22.305: 126 q: 6.139168
2024-10-14 03:35:13.306: 127 test start:
2024-10-14 03:35:31.832: 127 avg_reward: 810.75
2024-10-14 03:35:31.832: 127 avg_steps: 950.25
2024-10-14 03:35:31.832: 127 epsilon: 0.1
2024-10-14 03:35:31.832: 127 q: 6.1447
2024-10-14 03:46:29.699: 128 test start:
2024-10-14 03:46:45.486: 128 avg_reward: 668.75
2024-10-14 03:46:45.486: 128 avg_steps: 805.0
2024-10-14 03:46:45.486: 128 epsilon: 0.1
2024-10-14 03:46:45.486: 128 q: 6.18076
2024-10-14 03:57:36.584: 129 test start:
2024-10-14 03:57:58.087: 129 avg_reward: 910.25
2024-10-14 03:57:58.088: 129 avg_steps: 1104.6
2024-10-14 03:57:58.088: 129 epsilon: 0.1
2024-10-14 03:57:58.088: 129 q: 6.192284
2024-10-14 04:08:43.694: 130 test start:
2024-10-14 04:09:03.177: 130 avg_reward: 873.7
2024-10-14 04:09:03.177: 130 avg_steps: 1006.0
2024-10-14 04:09:03.177: 130 epsilon: 0.1
2024-10-14 04:09:03.177: 130 q: 6.181341
2024-10-14 04:19:48.789: 131 test start:
2024-10-14 04:20:03.455: 131 avg_reward: 646.75
2024-10-14 04:20:03.455: 131 avg_steps: 777.75
2024-10-14 04:20:03.455: 131 epsilon: 0.1
2024-10-14 04:20:03.455: 131 q: 6.2396436
2024-10-14 04:30:54.718: 132 test start:
2024-10-14 04:31:11.595: 132 avg_reward: 791.95
2024-10-14 04:31:11.595: 132 avg_steps: 906.45
2024-10-14 04:31:11.595: 132 epsilon: 0.1
2024-10-14 04:31:11.595: 132 q: 6.372823
2024-10-14 04:42:04.568: 133 test start:
2024-10-14 04:42:17.876: 133 avg_reward: 579.1
2024-10-14 04:42:17.877: 133 avg_steps: 722.5
2024-10-14 04:42:17.877: 133 epsilon: 0.1
2024-10-14 04:42:17.877: 133 q: 6.321716
2024-10-14 04:53:09.895: 134 test start:
2024-10-14 04:53:25.539: 134 avg_reward: 706.55
2024-10-14 04:53:25.539: 134 avg_steps: 842.15
2024-10-14 04:53:25.539: 134 epsilon: 0.1
2024-10-14 04:53:25.539: 134 q: 6.278432
2024-10-14 05:04:13.464: 135 test start:
2024-10-14 05:04:29.226: 135 avg_reward: 682.5
2024-10-14 05:04:29.226: 135 avg_steps: 834.3
2024-10-14 05:04:29.226: 135 epsilon: 0.1
2024-10-14 05:04:29.226: 135 q: 6.3295665
2024-10-14 05:15:16.699: 136 test start:
2024-10-14 05:15:29.584: 136 avg_reward: 473.75
2024-10-14 05:15:29.585: 136 avg_steps: 654.6
2024-10-14 05:15:29.585: 136 epsilon: 0.1
2024-10-14 05:15:29.585: 136 q: 6.27087
2024-10-14 05:26:21.032: 137 test start:
2024-10-14 05:26:41.809: 137 avg_reward: 917.1
2024-10-14 05:26:41.809: 137 avg_steps: 1071.5
2024-10-14 05:26:41.809: 137 epsilon: 0.1
2024-10-14 05:26:41.809: 137 q: 6.258543
2024-10-14 05:37:30.033: 138 test start:
2024-10-14 05:37:44.692: 138 avg_reward: 608.75
2024-10-14 05:37:44.692: 138 avg_steps: 754.05
2024-10-14 05:37:44.692: 138 epsilon: 0.1
2024-10-14 05:37:44.692: 138 q: 6.2534785
2024-10-14 05:48:24.290: 139 test start:
2024-10-14 05:48:38.449: 139 avg_reward: 607.05
2024-10-14 05:48:38.449: 139 avg_steps: 727.75
2024-10-14 05:48:38.449: 139 epsilon: 0.1
2024-10-14 05:48:38.449: 139 q: 6.3038373
2024-10-14 05:59:18.202: 140 test start:
2024-10-14 05:59:32.957: 140 avg_reward: 633.25
2024-10-14 05:59:32.957: 140 avg_steps: 762.05
2024-10-14 05:59:32.957: 140 epsilon: 0.1
2024-10-14 05:59:32.957: 140 q: 6.3805223
2024-10-14 06:10:09.005: 141 test start:
2024-10-14 06:10:29.634: 141 avg_reward: 988.85
2024-10-14 06:10:29.634: 141 avg_steps: 1106.2
2024-10-14 06:10:29.634: 141 epsilon: 0.1
2024-10-14 06:10:29.634: 141 q: 6.388409
2024-10-14 06:20:59.303: 142 test start:
2024-10-14 06:21:14.175: 142 avg_reward: 598.75
2024-10-14 06:21:14.175: 142 avg_steps: 782.65
2024-10-14 06:21:14.176: 142 epsilon: 0.1
2024-10-14 06:21:14.176: 142 q: 6.4401417
2024-10-14 06:31:37.872: 143 test start:
2024-10-14 06:31:56.916: 143 avg_reward: 895.85
2024-10-14 06:31:56.916: 143 avg_steps: 1028.95
2024-10-14 06:31:56.916: 143 epsilon: 0.1
2024-10-14 06:31:56.916: 143 q: 6.535758
2024-10-14 06:42:27.154: 144 test start:
2024-10-14 06:42:44.101: 144 avg_reward: 765.75
2024-10-14 06:42:44.101: 144 avg_steps: 868.5
2024-10-14 06:42:44.101: 144 epsilon: 0.1
2024-10-14 06:42:44.101: 144 q: 6.5373335
2024-10-14 06:53:14.742: 145 test start:
2024-10-14 06:53:36.097: 145 avg_reward: 947.3
2024-10-14 06:53:36.097: 145 avg_steps: 1106.6
2024-10-14 06:53:36.097: 145 epsilon: 0.1
2024-10-14 06:53:36.097: 145 q: 6.391593
2024-10-14 07:04:09.707: 146 test start:
2024-10-14 07:04:24.361: 146 avg_reward: 592.5
2024-10-14 07:04:24.361: 146 avg_steps: 752.3
2024-10-14 07:04:24.361: 146 epsilon: 0.1
2024-10-14 07:04:24.361: 146 q: 6.4530797
2024-10-14 07:14:56.442: 147 test start:
2024-10-14 07:15:13.607: 147 avg_reward: 784.6
2024-10-14 07:15:13.607: 147 avg_steps: 895.85
2024-10-14 07:15:13.607: 147 epsilon: 0.1
2024-10-14 07:15:13.608: 147 q: 6.453033
2024-10-14 07:25:37.509: 148 test start:
2024-10-14 07:25:53.162: 148 avg_reward: 671.55
2024-10-14 07:25:53.162: 148 avg_steps: 798.8
2024-10-14 07:25:53.162: 148 epsilon: 0.1
2024-10-14 07:25:53.162: 148 q: 6.508545
2024-10-14 07:36:28.163: 149 test start:
2024-10-14 07:36:45.426: 149 avg_reward: 850.4
2024-10-14 07:36:45.426: 149 avg_steps: 916.4
2024-10-14 07:36:45.426: 149 epsilon: 0.1
2024-10-14 07:36:45.426: 149 q: 6.3960733
2024-10-14 07:47:25.989: 150 test start:
2024-10-14 07:47:42.238: 150 avg_reward: 718.75
2024-10-14 07:47:42.238: 150 avg_steps: 855.25
2024-10-14 07:47:42.238: 150 epsilon: 0.1
2024-10-14 07:47:42.238: 150 q: 6.3851643
2024-10-14 07:57:51.484: 151 test start:
2024-10-14 07:58:06.512: 151 avg_reward: 637.05
2024-10-14 07:58:06.512: 151 avg_steps: 769.95
2024-10-14 07:58:06.512: 151 epsilon: 0.1
2024-10-14 07:58:06.512: 151 q: 6.359484
2024-10-14 08:08:23.887: 152 test start:
2024-10-14 08:08:37.264: 152 avg_reward: 579.5
2024-10-14 08:08:37.264: 152 avg_steps: 712.2
2024-10-14 08:08:37.264: 152 epsilon: 0.1
2024-10-14 08:08:37.264: 152 q: 6.4543133
2024-10-14 08:18:50.341: 153 test start:
2024-10-14 08:19:02.000: 153 avg_reward: 480.25
2024-10-14 08:19:02.001: 153 avg_steps: 597.15
2024-10-14 08:19:02.001: 153 epsilon: 0.1
2024-10-14 08:19:02.001: 153 q: 6.4774814
2024-10-14 08:29:08.514: 154 test start:
2024-10-14 08:29:29.528: 154 avg_reward: 1008.2
2024-10-14 08:29:29.528: 154 avg_steps: 1138.15
2024-10-14 08:29:29.528: 154 epsilon: 0.1
2024-10-14 08:29:29.528: 154 q: 6.3987675
2024-10-14 08:39:46.739: 155 test start:
2024-10-14 08:39:58.093: 155 avg_reward: 436.0
2024-10-14 08:39:58.094: 155 avg_steps: 579.15
2024-10-14 08:39:58.094: 155 epsilon: 0.1
2024-10-14 08:39:58.094: 155 q: 6.5287137
2024-10-14 08:49:58.291: 156 test start:
2024-10-14 08:50:17.962: 156 avg_reward: 929.05
2024-10-14 08:50:17.963: 156 avg_steps: 1040.45
2024-10-14 08:50:17.963: 156 epsilon: 0.1
2024-10-14 08:50:17.963: 156 q: 6.5009217
2024-10-14 09:00:54.054: 157 test start:
2024-10-14 09:01:13.606: 157 avg_reward: 848.8
2024-10-14 09:01:13.606: 157 avg_steps: 1048.0
2024-10-14 09:01:13.606: 157 epsilon: 0.1
2024-10-14 09:01:13.606: 157 q: 6.5385566
2024-10-14 09:11:08.190: 158 test start:
2024-10-14 09:11:26.214: 158 avg_reward: 850.1
2024-10-14 09:11:26.214: 158 avg_steps: 972.4
2024-10-14 09:11:26.214: 158 epsilon: 0.1
2024-10-14 09:11:26.214: 158 q: 6.5635824
2024-10-14 09:21:50.907: 159 test start:
2024-10-14 09:22:04.807: 159 avg_reward: 601.25
2024-10-14 09:22:04.808: 159 avg_steps: 747.6
2024-10-14 09:22:04.808: 159 epsilon: 0.1
2024-10-14 09:22:04.808: 159 q: 6.5492177
2024-10-14 09:32:06.137: 160 test start:
2024-10-14 09:32:25.823: 160 avg_reward: 870.75
2024-10-14 09:32:25.823: 160 avg_steps: 1020.2
2024-10-14 09:32:25.823: 160 epsilon: 0.1
2024-10-14 09:32:25.823: 160 q: 6.4821053
2024-10-14 09:42:36.497: 161 test start:
2024-10-14 09:42:49.566: 161 avg_reward: 575.75
2024-10-14 09:42:49.566: 161 avg_steps: 689.25
2024-10-14 09:42:49.566: 161 epsilon: 0.1
2024-10-14 09:42:49.566: 161 q: 6.4052677
2024-10-14 09:52:54.149: 162 test start:
2024-10-14 09:53:09.738: 162 avg_reward: 665.25
2024-10-14 09:53:09.739: 162 avg_steps: 797.25
2024-10-14 09:53:09.739: 162 epsilon: 0.1
2024-10-14 09:53:09.739: 162 q: 6.39333
2024-10-14 10:03:13.837: 163 test start:
2024-10-14 10:03:29.590: 163 avg_reward: 715.0
2024-10-14 10:03:29.590: 163 avg_steps: 853.3
2024-10-14 10:03:29.590: 163 epsilon: 0.1
2024-10-14 10:03:29.590: 163 q: 6.465026
2024-10-14 10:13:42.993: 164 test start:
2024-10-14 10:13:58.192: 164 avg_reward: 707.05
2024-10-14 10:13:58.193: 164 avg_steps: 804.45
2024-10-14 10:13:58.193: 164 epsilon: 0.1
2024-10-14 10:13:58.193: 164 q: 6.50977
2024-10-14 10:24:01.099: 165 test start:
2024-10-14 10:24:19.699: 165 avg_reward: 889.75
2024-10-14 10:24:19.699: 165 avg_steps: 990.3
2024-10-14 10:24:19.714: 165 epsilon: 0.1
2024-10-14 10:24:19.715: 165 q: 6.44816
2024-10-14 10:34:37.702: 166 test start:
2024-10-14 10:34:54.621: 166 avg_reward: 743.75
2024-10-14 10:34:54.622: 166 avg_steps: 873.0
2024-10-14 10:34:54.622: 166 epsilon: 0.1
2024-10-14 10:34:54.622: 166 q: 6.4023266
2024-10-14 10:44:45.588: 167 test start:
2024-10-14 10:45:04.519: 167 avg_reward: 897.25
2024-10-14 10:45:04.520: 167 avg_steps: 1007.85
2024-10-14 10:45:04.520: 167 epsilon: 0.1
2024-10-14 10:45:04.520: 167 q: 6.384929
2024-10-14 10:55:26.858: 168 test start:
2024-10-14 10:55:49.290: 168 avg_reward: 1031.25
2024-10-14 10:55:49.290: 168 avg_steps: 1182.95
2024-10-14 10:55:49.290: 168 epsilon: 0.1
2024-10-14 10:55:49.290: 168 q: 6.3647003
2024-10-14 11:05:41.688: 169 test start:
2024-10-14 11:06:04.545: 169 avg_reward: 1100.05
2024-10-14 11:06:04.545: 169 avg_steps: 1201.85
2024-10-14 11:06:04.545: 169 epsilon: 0.1
2024-10-14 11:06:04.545: 169 q: 6.2904973
2024-10-14 11:16:25.549: 170 test start:
2024-10-14 11:16:45.124: 170 avg_reward: 930.9
2024-10-14 11:16:45.125: 170 avg_steps: 1071.7
2024-10-14 11:16:45.125: 170 epsilon: 0.1
2024-10-14 11:16:45.125: 170 q: 6.3520617
2024-10-14 11:26:48.398: 171 test start:
2024-10-14 11:27:06.153: 171 avg_reward: 751.55
2024-10-14 11:27:06.154: 171 avg_steps: 922.7
2024-10-14 11:27:06.154: 171 epsilon: 0.1
2024-10-14 11:27:06.154: 171 q: 6.245064
2024-10-14 11:37:18.147: 172 test start:
2024-10-14 11:37:37.748: 172 avg_reward: 947.1
2024-10-14 11:37:37.748: 172 avg_steps: 1044.45
2024-10-14 11:37:37.748: 172 epsilon: 0.1
2024-10-14 11:37:37.748: 172 q: 6.3029394
2024-10-14 11:47:41.599: 173 test start:
2024-10-14 11:48:00.621: 173 avg_reward: 908.0
2024-10-14 11:48:00.621: 173 avg_steps: 990.4
2024-10-14 11:48:00.621: 173 epsilon: 0.1
2024-10-14 11:48:00.621: 173 q: 6.3032784
2024-10-14 11:58:02.617: 174 test start:
2024-10-14 11:58:14.521: 174 avg_reward: 516.75
2024-10-14 11:58:14.521: 174 avg_steps: 630.3
2024-10-14 11:58:14.527: 174 epsilon: 0.1
2024-10-14 11:58:14.527: 174 q: 6.3671536
2024-10-14 12:08:24.409: 175 test start:
2024-10-14 12:08:42.200: 175 avg_reward: 774.25
2024-10-14 12:08:42.200: 175 avg_steps: 916.5
2024-10-14 12:08:42.200: 175 epsilon: 0.1
2024-10-14 12:08:42.200: 175 q: 6.301592
2024-10-14 12:18:38.125: 176 test start:
2024-10-14 12:18:55.939: 176 avg_reward: 782.0
2024-10-14 12:18:55.939: 176 avg_steps: 961.85
2024-10-14 12:18:55.939: 176 epsilon: 0.1
2024-10-14 12:18:55.939: 176 q: 6.327487
2024-10-14 12:29:15.188: 177 test start:
2024-10-14 12:29:36.785: 177 avg_reward: 1033.0
2024-10-14 12:29:36.785: 177 avg_steps: 1132.1
2024-10-14 12:29:36.785: 177 epsilon: 0.1
2024-10-14 12:29:36.785: 177 q: 6.4419875
2024-10-14 12:39:26.014: 178 test start:
2024-10-14 12:39:45.271: 178 avg_reward: 929.3
2024-10-14 12:39:45.271: 178 avg_steps: 997.65
2024-10-14 12:39:45.271: 178 epsilon: 0.1
2024-10-14 12:39:45.271: 178 q: 6.481499
2024-10-14 12:50:18.209: 179 test start:
2024-10-14 12:50:33.612: 179 avg_reward: 619.0
2024-10-14 12:50:33.612: 179 avg_steps: 789.05
2024-10-14 12:50:33.612: 179 epsilon: 0.1
2024-10-14 12:50:33.612: 179 q: 6.4299726
2024-10-14 13:00:23.668: 180 test start:
2024-10-14 13:00:47.992: 180 avg_reward: 1196.2
2024-10-14 13:00:47.993: 180 avg_steps: 1262.2
2024-10-14 13:00:47.993: 180 epsilon: 0.1
2024-10-14 13:00:47.993: 180 q: 6.425086
2024-10-14 13:11:09.510: 181 test start:
2024-10-14 13:11:27.904: 181 avg_reward: 841.6
2024-10-14 13:11:27.904: 181 avg_steps: 968.7
2024-10-14 13:11:27.904: 181 epsilon: 0.1
2024-10-14 13:11:27.904: 181 q: 6.4284773
2024-10-14 13:21:24.334: 182 test start:
2024-10-14 13:21:45.430: 182 avg_reward: 1022.35
2024-10-14 13:21:45.430: 182 avg_steps: 1128.85
2024-10-14 13:21:45.430: 182 epsilon: 0.1
2024-10-14 13:21:45.430: 182 q: 6.343089
2024-10-14 13:32:02.011: 183 test start:
2024-10-14 13:32:22.427: 183 avg_reward: 1007.25
2024-10-14 13:32:22.427: 183 avg_steps: 1110.05
2024-10-14 13:32:22.427: 183 epsilon: 0.1
2024-10-14 13:32:22.427: 183 q: 6.3843184
2024-10-14 13:42:25.895: 184 test start:
2024-10-14 13:42:36.811: 184 avg_reward: 452.75
2024-10-14 13:42:36.811: 184 avg_steps: 575.65
2024-10-14 13:42:36.811: 184 epsilon: 0.1
2024-10-14 13:42:36.811: 184 q: 6.4075193
2024-10-14 13:52:37.133: 185 test start:
2024-10-14 13:52:54.600: 185 avg_reward: 855.75
2024-10-14 13:52:54.600: 185 avg_steps: 934.15
2024-10-14 13:52:54.600: 185 epsilon: 0.1
2024-10-14 13:52:54.600: 185 q: 6.41905
2024-10-14 14:03:01.937: 186 test start:
2024-10-14 14:03:18.962: 186 avg_reward: 743.0
2024-10-14 14:03:18.963: 186 avg_steps: 887.6
2024-10-14 14:03:18.963: 186 epsilon: 0.1
2024-10-14 14:03:18.963: 186 q: 6.3555098
2024-10-14 14:13:09.224: 187 test start:
2024-10-14 14:13:26.969: 187 avg_reward: 785.25
2024-10-14 14:13:26.969: 187 avg_steps: 951.2
2024-10-14 14:13:26.969: 187 epsilon: 0.1
2024-10-14 14:13:26.969: 187 q: 6.259006
2024-10-14 14:23:41.117: 188 test start:
2024-10-14 14:24:03.390: 188 avg_reward: 1063.0
2024-10-14 14:24:03.390: 188 avg_steps: 1163.0
2024-10-14 14:24:03.390: 188 epsilon: 0.1
2024-10-14 14:24:03.390: 188 q: 6.251606
2024-10-14 14:33:57.032: 189 test start:
2024-10-14 14:34:16.147: 189 avg_reward: 943.8
2024-10-14 14:34:16.147: 189 avg_steps: 1038.15
2024-10-14 14:34:16.147: 189 epsilon: 0.1
2024-10-14 14:34:16.147: 189 q: 6.29015
2024-10-14 14:44:38.499: 190 test start:
2024-10-14 14:44:56.231: 190 avg_reward: 808.4
2024-10-14 14:44:56.231: 190 avg_steps: 948.25
2024-10-14 14:44:56.231: 190 epsilon: 0.1
2024-10-14 14:44:56.231: 190 q: 6.2247753
2024-10-14 14:54:41.939: 191 test start:
2024-10-14 14:54:59.890: 191 avg_reward: 803.75
2024-10-14 14:54:59.890: 191 avg_steps: 927.2
2024-10-14 14:54:59.890: 191 epsilon: 0.1
2024-10-14 14:54:59.890: 191 q: 6.2948422
2024-10-14 15:05:17.653: 192 test start:
2024-10-14 15:05:34.940: 192 avg_reward: 860.75
2024-10-14 15:05:34.941: 192 avg_steps: 945.45
2024-10-14 15:05:34.941: 192 epsilon: 0.1
2024-10-14 15:05:34.941: 192 q: 6.266125
2024-10-14 15:15:28.802: 193 test start:
2024-10-14 15:15:41.633: 193 avg_reward: 576.5
2024-10-14 15:15:41.633: 193 avg_steps: 672.7
2024-10-14 15:15:41.633: 193 epsilon: 0.1
2024-10-14 15:15:41.633: 193 q: 6.2611837
2024-10-14 15:25:59.936: 194 test start:
2024-10-14 15:26:15.705: 194 avg_reward: 707.8
2024-10-14 15:26:15.706: 194 avg_steps: 857.15
2024-10-14 15:26:15.706: 194 epsilon: 0.1
2024-10-14 15:26:15.706: 194 q: 6.246818
2024-10-14 15:36:16.481: 195 test start:
2024-10-14 15:36:35.361: 195 avg_reward: 896.5
2024-10-14 15:36:35.361: 195 avg_steps: 996.1
2024-10-14 15:36:35.362: 195 epsilon: 0.1
2024-10-14 15:36:35.362: 195 q: 6.259555
2024-10-14 15:46:40.643: 196 test start:
2024-10-14 15:47:00.428: 196 avg_reward: 955.0
2024-10-14 15:47:00.428: 196 avg_steps: 1063.9
2024-10-14 15:47:00.428: 196 epsilon: 0.1
2024-10-14 15:47:00.428: 196 q: 6.3099446
2024-10-14 15:57:04.837: 197 test start:
2024-10-14 15:57:21.305: 197 avg_reward: 756.0
2024-10-14 15:57:21.305: 197 avg_steps: 855.7
2024-10-14 15:57:21.305: 197 epsilon: 0.1
2024-10-14 15:57:21.305: 197 q: 6.3229876
2024-10-14 16:07:26.787: 198 test start:
2024-10-14 16:07:43.852: 198 avg_reward: 821.0
2024-10-14 16:07:43.852: 198 avg_steps: 915.95
2024-10-14 16:07:43.852: 198 epsilon: 0.1
2024-10-14 16:07:43.852: 198 q: 6.276385
2024-10-14 16:17:54.043: 199 test start:
2024-10-14 16:18:07.047: 199 avg_reward: 534.5
2024-10-14 16:18:07.048: 199 avg_steps: 672.1
2024-10-14 16:18:07.048: 199 epsilon: 0.1
2024-10-14 16:18:07.048: 199 q: 6.308203
2024-10-14 16:28:07.753: 200 test start:
2024-10-14 16:28:27.062: 200 avg_reward: 872.5
2024-10-14 16:28:27.063: 200 avg_steps: 1029.9
2024-10-14 16:28:27.063: 200 epsilon: 0.1
2024-10-14 16:28:27.063: 200 q: 6.2408533
