2024-05-02 19:19:17.726: 
parameters:agent_saving_period: 80000
agent_test_episodes: 20
batch_num_per_epoch: 100000
device: cuda:0
env_name: ALE/Kangaroo-v5
epsilon_for_test: 0.05
epsilon_max: 1.0
epsilon_min: 0.1
exploration_steps: 1000000
gamma: 0.99
input_frame_height: 84
input_frame_width: 84
learning_rate: 1.0e-05
log_path: ../exps/dqn/
mini_batch_size: 32
no_op: 30
phi_channel: 4
replay_buffer_size: 200000
replay_start_size: 10000
save_path: ./exps/
skip_k_frame: 4
step_c: 10000
training_steps: 50000000

2024-05-02 19:31:45.378: 1 test start:
2024-05-02 19:31:53.366: 1 avg_reward: 10.0
2024-05-02 19:31:53.366: 1 avg_steps: 339.0
2024-05-02 19:31:53.366: 1 epsilon: 0.9236224
2024-05-02 19:46:09.279: 2 test start:
2024-05-02 19:46:19.563: 2 avg_reward: 230.0
2024-05-02 19:46:19.564: 2 avg_steps: 470.8
2024-05-02 19:46:19.564: 2 epsilon: 0.8395057
2024-05-02 20:27:47.244: 3 test start:
2024-05-02 20:27:53.708: 3 avg_reward: 0.0
2024-05-02 20:27:53.708: 3 avg_steps: 335.1
2024-05-02 20:27:53.708: 3 epsilon: 0.7551289
2024-05-02 20:41:59.961: 4 test start:
2024-05-02 20:42:07.202: 4 avg_reward: 0.0
2024-05-02 20:42:07.202: 4 avg_steps: 370.9
2024-05-02 20:42:07.202: 4 epsilon: 0.6710284
2024-05-02 20:56:11.843: 5 test start:
2024-05-02 20:56:18.273: 5 avg_reward: 40.0
2024-05-02 20:56:18.273: 5 avg_steps: 331.15
2024-05-02 20:56:18.273: 5 epsilon: 0.5870008
2024-05-02 21:10:17.903: 6 test start:
2024-05-02 21:10:25.543: 6 avg_reward: 60.0
2024-05-02 21:10:25.543: 6 avg_steps: 390.15
2024-05-02 21:10:25.543: 6 epsilon: 0.5033871999999999
2024-05-02 21:24:30.474: 7 test start:
2024-05-02 21:24:37.305: 7 avg_reward: 70.0
2024-05-02 21:24:37.305: 7 avg_steps: 350.65
2024-05-02 21:24:37.305: 7 epsilon: 0.41937579999999997
2024-05-02 21:38:40.759: 8 test start:
2024-05-02 21:38:49.150: 8 avg_reward: 150.0
2024-05-02 21:38:49.151: 8 avg_steps: 429.3
2024-05-02 21:38:49.151: 8 epsilon: 0.33558849999999996
2024-05-02 21:53:00.099: 9 test start:
2024-05-02 21:53:05.657: 9 avg_reward: 10.0
2024-05-02 21:53:05.657: 9 avg_steps: 281.25
2024-05-02 21:53:05.657: 9 epsilon: 0.25143759999999993
2024-05-02 22:07:07.728: 10 test start:
2024-05-02 22:07:17.510: 10 avg_reward: 210.0
2024-05-02 22:07:17.510: 10 avg_steps: 495.15
2024-05-02 22:07:17.510: 10 epsilon: 0.16743429999999992
2024-05-02 22:21:20.898: 11 test start:
2024-05-02 22:21:32.039: 11 avg_reward: 870.0
2024-05-02 22:21:32.039: 11 avg_steps: 575.6
2024-05-02 22:21:32.039: 11 epsilon: 0.1
2024-05-02 22:35:41.318: 12 test start:
2024-05-02 22:35:52.629: 12 avg_reward: 1100.0
2024-05-02 22:35:52.629: 12 avg_steps: 580.8
2024-05-02 22:35:52.629: 12 epsilon: 0.1
2024-05-02 22:49:58.435: 13 test start:
2024-05-02 22:50:10.658: 13 avg_reward: 1050.0
2024-05-02 22:50:10.658: 13 avg_steps: 635.75
2024-05-02 22:50:10.658: 13 epsilon: 0.1
2024-05-02 23:04:14.813: 14 test start:
2024-05-02 23:04:27.817: 14 avg_reward: 1290.0
2024-05-02 23:04:27.817: 14 avg_steps: 658.75
2024-05-02 23:04:27.817: 14 epsilon: 0.1
2024-05-02 23:18:38.626: 15 test start:
2024-05-02 23:18:51.596: 15 avg_reward: 1380.0
2024-05-02 23:18:51.596: 15 avg_steps: 655.25
2024-05-02 23:18:51.596: 15 epsilon: 0.1
2024-05-02 23:32:55.916: 16 test start:
2024-05-02 23:33:09.035: 16 avg_reward: 1440.0
2024-05-02 23:33:09.035: 16 avg_steps: 669.65
2024-05-02 23:33:09.035: 16 epsilon: 0.1
2024-05-02 23:47:19.852: 17 test start:
2024-05-02 23:47:33.221: 17 avg_reward: 1510.0
2024-05-02 23:47:33.222: 17 avg_steps: 684.0
2024-05-02 23:47:33.222: 17 epsilon: 0.1
2024-05-03 00:01:46.079: 18 test start:
2024-05-03 00:02:00.135: 18 avg_reward: 1400.0
2024-05-03 00:02:00.135: 18 avg_steps: 703.55
2024-05-03 00:02:00.135: 18 epsilon: 0.1
2024-05-03 00:16:09.201: 19 test start:
2024-05-03 00:16:22.171: 19 avg_reward: 1360.0
2024-05-03 00:16:22.171: 19 avg_steps: 653.05
2024-05-03 00:16:22.171: 19 epsilon: 0.1
2024-05-03 00:30:30.800: 20 test start:
2024-05-03 00:30:43.795: 20 avg_reward: 1370.0
2024-05-03 00:30:43.795: 20 avg_steps: 664.7
2024-05-03 00:30:43.795: 20 epsilon: 0.1
2024-05-03 00:44:59.206: 21 test start:
2024-05-03 00:45:12.349: 21 avg_reward: 1570.0
2024-05-03 00:45:12.349: 21 avg_steps: 686.75
2024-05-03 00:45:12.349: 21 epsilon: 0.1
2024-05-03 00:59:23.127: 22 test start:
2024-05-03 00:59:36.295: 22 avg_reward: 1460.0
2024-05-03 00:59:36.295: 22 avg_steps: 662.7
2024-05-03 00:59:36.295: 22 epsilon: 0.1
2024-05-03 01:13:46.529: 23 test start:
2024-05-03 01:14:00.349: 23 avg_reward: 1640.0
2024-05-03 01:14:00.349: 23 avg_steps: 700.2
2024-05-03 01:14:00.349: 23 epsilon: 0.1
2024-05-03 01:28:11.105: 24 test start:
2024-05-03 01:28:24.817: 24 avg_reward: 1460.0
2024-05-03 01:28:24.817: 24 avg_steps: 694.9
2024-05-03 01:28:24.817: 24 epsilon: 0.1
2024-05-03 01:42:36.760: 25 test start:
2024-05-03 01:42:49.607: 25 avg_reward: 1330.0
2024-05-03 01:42:49.607: 25 avg_steps: 656.9
2024-05-03 01:42:49.607: 25 epsilon: 0.1
2024-05-03 01:56:57.844: 26 test start:
2024-05-03 01:57:10.776: 26 avg_reward: 1490.0
2024-05-03 01:57:10.776: 26 avg_steps: 658.25
2024-05-03 01:57:10.776: 26 epsilon: 0.1
2024-05-03 02:11:24.781: 27 test start:
2024-05-03 02:11:38.441: 27 avg_reward: 1520.0
2024-05-03 02:11:38.441: 27 avg_steps: 687.1
2024-05-03 02:11:38.441: 27 epsilon: 0.1
2024-05-03 02:25:46.420: 28 test start:
2024-05-03 02:25:59.517: 28 avg_reward: 1470.0
2024-05-03 02:25:59.518: 28 avg_steps: 664.5
2024-05-03 02:25:59.518: 28 epsilon: 0.1
2024-05-03 02:40:10.937: 29 test start:
2024-05-03 02:40:23.863: 29 avg_reward: 1430.0
2024-05-03 02:40:23.863: 29 avg_steps: 657.85
2024-05-03 02:40:23.863: 29 epsilon: 0.1
2024-05-03 02:54:41.206: 30 test start:
2024-05-03 02:54:54.023: 30 avg_reward: 1340.0
2024-05-03 02:54:54.023: 30 avg_steps: 648.1
2024-05-03 02:54:54.023: 30 epsilon: 0.1
2024-05-03 03:09:06.802: 31 test start:
2024-05-03 03:09:20.483: 31 avg_reward: 1460.0
2024-05-03 03:09:20.483: 31 avg_steps: 694.65
2024-05-03 03:09:20.483: 31 epsilon: 0.1
2024-05-03 03:23:34.401: 32 test start:
2024-05-03 03:23:48.147: 32 avg_reward: 1480.0
2024-05-03 03:23:48.147: 32 avg_steps: 690.85
2024-05-03 03:23:48.147: 32 epsilon: 0.1
2024-05-03 03:38:01.051: 33 test start:
2024-05-03 03:38:14.345: 33 avg_reward: 1510.0
2024-05-03 03:38:14.345: 33 avg_steps: 670.55
2024-05-03 03:38:14.345: 33 epsilon: 0.1
2024-05-03 03:52:30.258: 34 test start:
2024-05-03 03:52:43.382: 34 avg_reward: 1380.0
2024-05-03 03:52:43.382: 34 avg_steps: 657.0
2024-05-03 03:52:43.382: 34 epsilon: 0.1
2024-05-03 04:07:02.662: 35 test start:
2024-05-03 04:07:16.413: 35 avg_reward: 1570.0
2024-05-03 04:07:16.413: 35 avg_steps: 693.1
2024-05-03 04:07:16.413: 35 epsilon: 0.1
2024-05-03 04:21:28.146: 36 test start:
2024-05-03 04:21:41.682: 36 avg_reward: 1420.0
2024-05-03 04:21:41.682: 36 avg_steps: 692.3
2024-05-03 04:21:41.682: 36 epsilon: 0.1
2024-05-03 04:35:57.688: 37 test start:
2024-05-03 04:36:12.251: 37 avg_reward: 1780.0
2024-05-03 04:36:12.251: 37 avg_steps: 740.1
2024-05-03 04:36:12.251: 37 epsilon: 0.1
2024-05-03 04:50:24.924: 38 test start:
2024-05-03 04:50:38.580: 38 avg_reward: 1540.0
2024-05-03 04:50:38.580: 38 avg_steps: 699.65
2024-05-03 04:50:38.580: 38 epsilon: 0.1
2024-05-03 05:04:55.999: 39 test start:
2024-05-03 05:05:11.382: 39 avg_reward: 1850.0
2024-05-03 05:05:11.382: 39 avg_steps: 783.6
2024-05-03 05:05:11.382: 39 epsilon: 0.1
2024-05-03 05:19:25.058: 40 test start:
2024-05-03 05:19:39.299: 40 avg_reward: 1680.0
2024-05-03 05:19:39.299: 40 avg_steps: 728.4
2024-05-03 05:19:39.299: 40 epsilon: 0.1
2024-05-03 05:33:52.218: 41 test start:
2024-05-03 05:34:06.290: 41 avg_reward: 1520.0
2024-05-03 05:34:06.290: 41 avg_steps: 709.6
2024-05-03 05:34:06.290: 41 epsilon: 0.1
2024-05-03 05:48:23.652: 42 test start:
2024-05-03 05:48:37.255: 42 avg_reward: 1440.0
2024-05-03 05:48:37.255: 42 avg_steps: 692.65
2024-05-03 05:48:37.255: 42 epsilon: 0.1
2024-05-03 06:02:54.841: 43 test start:
2024-05-03 06:03:09.634: 43 avg_reward: 1790.0
2024-05-03 06:03:09.634: 43 avg_steps: 770.0
2024-05-03 06:03:09.634: 43 epsilon: 0.1
2024-05-03 06:17:26.217: 44 test start:
2024-05-03 06:17:43.681: 44 avg_reward: 1700.0
2024-05-03 06:17:43.682: 44 avg_steps: 882.25
2024-05-03 06:17:43.682: 44 epsilon: 0.1
2024-05-03 06:31:53.287: 45 test start:
2024-05-03 06:32:08.666: 45 avg_reward: 1690.0
2024-05-03 06:32:08.666: 45 avg_steps: 789.25
2024-05-03 06:32:08.666: 45 epsilon: 0.1
2024-05-03 06:46:21.491: 46 test start:
2024-05-03 06:46:36.903: 46 avg_reward: 1670.0
2024-05-03 06:46:36.903: 46 avg_steps: 774.7
2024-05-03 06:46:36.903: 46 epsilon: 0.1
2024-05-03 07:00:51.417: 47 test start:
2024-05-03 07:01:10.280: 47 avg_reward: 2050.0
2024-05-03 07:01:10.280: 47 avg_steps: 953.05
2024-05-03 07:01:10.280: 47 epsilon: 0.1
2024-05-03 07:15:24.552: 48 test start:
2024-05-03 07:15:39.848: 48 avg_reward: 1740.0
2024-05-03 07:15:39.848: 48 avg_steps: 780.0
2024-05-03 07:15:39.848: 48 epsilon: 0.1
2024-05-03 07:29:50.485: 49 test start:
2024-05-03 07:30:08.802: 49 avg_reward: 1930.0
2024-05-03 07:30:08.802: 49 avg_steps: 917.15
2024-05-03 07:30:08.802: 49 epsilon: 0.1
2024-05-03 07:44:26.163: 50 test start:
2024-05-03 07:44:42.175: 50 avg_reward: 1660.0
2024-05-03 07:44:42.175: 50 avg_steps: 817.45
2024-05-03 07:44:42.175: 50 epsilon: 0.1
2024-05-03 07:58:52.371: 51 test start:
2024-05-03 07:59:10.866: 51 avg_reward: 1930.0
2024-05-03 07:59:10.866: 51 avg_steps: 920.5
2024-05-03 07:59:10.866: 51 epsilon: 0.1
2024-05-03 08:13:32.228: 52 test start:
2024-05-03 08:13:48.536: 52 avg_reward: 1390.0
2024-05-03 08:13:48.536: 52 avg_steps: 831.55
2024-05-03 08:13:48.536: 52 epsilon: 0.1
2024-05-03 08:27:56.943: 53 test start:
2024-05-03 08:28:14.207: 53 avg_reward: 1720.0
2024-05-03 08:28:14.207: 53 avg_steps: 884.9
2024-05-03 08:28:14.207: 53 epsilon: 0.1
2024-05-03 08:42:39.260: 54 test start:
2024-05-03 08:42:58.770: 54 avg_reward: 2070.0
2024-05-03 08:42:58.770: 54 avg_steps: 984.35
2024-05-03 08:42:58.770: 54 epsilon: 0.1
2024-05-03 08:57:07.326: 55 test start:
2024-05-03 08:57:26.100: 55 avg_reward: 2050.0
2024-05-03 08:57:26.100: 55 avg_steps: 934.2
2024-05-03 08:57:26.100: 55 epsilon: 0.1
2024-05-03 09:11:40.278: 56 test start:
2024-05-03 09:11:59.051: 56 avg_reward: 2100.0
2024-05-03 09:11:59.052: 56 avg_steps: 961.45
2024-05-03 09:11:59.052: 56 epsilon: 0.1
2024-05-03 09:26:07.273: 57 test start:
2024-05-03 09:26:25.515: 57 avg_reward: 2090.0
2024-05-03 09:26:25.515: 57 avg_steps: 920.0
2024-05-03 09:26:25.516: 57 epsilon: 0.1
2024-05-03 09:40:36.819: 58 test start:
2024-05-03 09:40:55.041: 58 avg_reward: 2050.0
2024-05-03 09:40:55.041: 58 avg_steps: 925.05
2024-05-03 09:40:55.041: 58 epsilon: 0.1
2024-05-03 09:55:09.132: 59 test start:
2024-05-03 09:55:30.731: 59 avg_reward: 2440.0
2024-05-03 09:55:30.731: 59 avg_steps: 1072.7
2024-05-03 09:55:30.731: 59 epsilon: 0.1
2024-05-03 10:09:37.908: 60 test start:
2024-05-03 10:09:57.614: 60 avg_reward: 1965.0
2024-05-03 10:09:57.614: 60 avg_steps: 995.7
2024-05-03 10:09:57.614: 60 epsilon: 0.1
2024-05-03 10:23:51.633: 61 test start:
2024-05-03 10:24:10.283: 61 avg_reward: 1935.0
2024-05-03 10:24:10.283: 61 avg_steps: 930.25
2024-05-03 10:24:10.283: 61 epsilon: 0.1
2024-05-03 10:38:32.431: 62 test start:
2024-05-03 10:38:51.445: 62 avg_reward: 2230.0
2024-05-03 10:38:51.446: 62 avg_steps: 969.55
2024-05-03 10:38:51.446: 62 epsilon: 0.1
2024-05-03 10:52:46.270: 63 test start:
2024-05-03 10:53:05.029: 63 avg_reward: 1980.0
2024-05-03 10:53:05.029: 63 avg_steps: 947.45
2024-05-03 10:53:05.029: 63 epsilon: 0.1
2024-05-03 11:07:00.617: 64 test start:
2024-05-03 11:07:18.655: 64 avg_reward: 2020.0
2024-05-03 11:07:18.655: 64 avg_steps: 933.1
2024-05-03 11:07:18.655: 64 epsilon: 0.1
2024-05-03 11:21:21.138: 65 test start:
2024-05-03 11:21:38.347: 65 avg_reward: 1940.0
2024-05-03 11:21:38.347: 65 avg_steps: 891.4
2024-05-03 11:21:38.347: 65 epsilon: 0.1
2024-05-03 11:35:34.836: 66 test start:
2024-05-03 11:35:55.681: 66 avg_reward: 2325.0
2024-05-03 11:35:55.682: 66 avg_steps: 1049.0
2024-05-03 11:35:55.682: 66 epsilon: 0.1
2024-05-03 11:49:49.353: 67 test start:
2024-05-03 11:50:06.754: 67 avg_reward: 1975.0
2024-05-03 11:50:06.754: 67 avg_steps: 897.05
2024-05-03 11:50:06.754: 67 epsilon: 0.1
2024-05-03 12:04:11.297: 68 test start:
2024-05-03 12:04:29.294: 68 avg_reward: 1840.0
2024-05-03 12:04:29.294: 68 avg_steps: 906.6
2024-05-03 12:04:29.294: 68 epsilon: 0.1
2024-05-03 12:18:21.755: 69 test start:
2024-05-03 12:18:42.987: 69 avg_reward: 2310.0
2024-05-03 12:18:42.987: 69 avg_steps: 1075.0
2024-05-03 12:18:42.987: 69 epsilon: 0.1
2024-05-03 12:32:37.606: 70 test start:
2024-05-03 12:32:55.260: 70 avg_reward: 1910.0
2024-05-03 12:32:55.260: 70 avg_steps: 912.25
2024-05-03 12:32:55.260: 70 epsilon: 0.1
2024-05-03 12:47:01.387: 71 test start:
2024-05-03 12:47:22.139: 71 avg_reward: 2330.0
2024-05-03 12:47:22.139: 71 avg_steps: 1039.5
2024-05-03 12:47:22.139: 71 epsilon: 0.1
2024-05-03 13:01:03.411: 72 test start:
2024-05-03 13:01:25.328: 72 avg_reward: 2490.0
2024-05-03 13:01:25.328: 72 avg_steps: 1138.7
2024-05-03 13:01:25.328: 72 epsilon: 0.1
2024-05-03 13:15:39.459: 73 test start:
2024-05-03 13:15:58.557: 73 avg_reward: 2100.0
2024-05-03 13:15:58.557: 73 avg_steps: 994.05
2024-05-03 13:15:58.557: 73 epsilon: 0.1
2024-05-03 13:29:51.199: 74 test start:
2024-05-03 13:30:07.396: 74 avg_reward: 1560.0
2024-05-03 13:30:07.396: 74 avg_steps: 829.8
2024-05-03 13:30:07.396: 74 epsilon: 0.1
2024-05-03 13:44:05.428: 75 test start:
2024-05-03 13:44:23.898: 75 avg_reward: 1985.0
2024-05-03 13:44:23.898: 75 avg_steps: 953.3
2024-05-03 13:44:23.898: 75 epsilon: 0.1
2024-05-03 13:58:35.862: 76 test start:
2024-05-03 13:58:55.873: 76 avg_reward: 2090.0
2024-05-03 13:58:55.873: 76 avg_steps: 1009.6
2024-05-03 13:58:55.873: 76 epsilon: 0.1
2024-05-03 14:12:37.761: 77 test start:
2024-05-03 14:12:55.137: 77 avg_reward: 1820.0
2024-05-03 14:12:55.137: 77 avg_steps: 869.75
2024-05-03 14:12:55.137: 77 epsilon: 0.1
2024-05-03 14:26:52.168: 78 test start:
2024-05-03 14:27:12.653: 78 avg_reward: 2385.0
2024-05-03 14:27:12.654: 78 avg_steps: 1056.1
2024-05-03 14:27:12.654: 78 epsilon: 0.1
2024-05-03 14:41:24.569: 79 test start:
2024-05-03 14:41:43.997: 79 avg_reward: 2160.0
2024-05-03 14:41:43.997: 79 avg_steps: 984.3
2024-05-03 14:41:43.997: 79 epsilon: 0.1
2024-05-03 14:55:26.516: 80 test start:
2024-05-03 14:55:45.718: 80 avg_reward: 1790.0
2024-05-03 14:55:45.718: 80 avg_steps: 963.85
2024-05-03 14:55:45.718: 80 epsilon: 0.1
2024-05-03 15:10:05.037: 81 test start:
2024-05-03 15:10:22.524: 81 avg_reward: 1870.0
2024-05-03 15:10:22.524: 81 avg_steps: 878.9
2024-05-03 15:10:22.524: 81 epsilon: 0.1
2024-05-03 15:24:11.772: 82 test start:
2024-05-03 15:24:29.831: 82 avg_reward: 1900.0
2024-05-03 15:24:29.831: 82 avg_steps: 915.9
2024-05-03 15:24:29.831: 82 epsilon: 0.1
2024-05-03 15:38:14.546: 83 test start:
2024-05-03 15:38:32.651: 83 avg_reward: 2060.0
2024-05-03 15:38:32.651: 83 avg_steps: 932.95
2024-05-03 15:38:32.651: 83 epsilon: 0.1
2024-05-03 15:52:50.231: 84 test start:
2024-05-03 15:53:08.925: 84 avg_reward: 2070.0
2024-05-03 15:53:08.925: 84 avg_steps: 938.45
2024-05-03 15:53:08.925: 84 epsilon: 0.1
2024-05-03 16:06:52.336: 85 test start:
2024-05-03 16:07:10.714: 85 avg_reward: 1950.0
2024-05-03 16:07:10.715: 85 avg_steps: 936.45
2024-05-03 16:07:10.715: 85 epsilon: 0.1
2024-05-03 16:21:27.745: 86 test start:
2024-05-03 16:21:44.715: 86 avg_reward: 1930.0
2024-05-03 16:21:44.715: 86 avg_steps: 880.0
2024-05-03 16:21:44.715: 86 epsilon: 0.1
2024-05-03 16:35:30.553: 87 test start:
2024-05-03 16:35:49.767: 87 avg_reward: 2175.0
2024-05-03 16:35:49.768: 87 avg_steps: 989.7
2024-05-03 16:35:49.768: 87 epsilon: 0.1
2024-05-03 16:49:35.320: 88 test start:
2024-05-03 16:49:53.736: 88 avg_reward: 1905.0
2024-05-03 16:49:53.736: 88 avg_steps: 918.9
2024-05-03 16:49:53.736: 88 epsilon: 0.1
2024-05-03 17:04:06.136: 89 test start:
2024-05-03 17:04:26.003: 89 avg_reward: 2260.0
2024-05-03 17:04:26.004: 89 avg_steps: 1022.15
2024-05-03 17:04:26.004: 89 epsilon: 0.1
2024-05-03 17:18:15.762: 90 test start:
2024-05-03 17:18:32.277: 90 avg_reward: 1590.0
2024-05-03 17:18:32.277: 90 avg_steps: 837.5
2024-05-03 17:18:32.277: 90 epsilon: 0.1
2024-05-03 17:32:29.657: 91 test start:
2024-05-03 17:32:46.144: 91 avg_reward: 1715.0
2024-05-03 17:32:46.145: 91 avg_steps: 853.35
2024-05-03 17:32:46.145: 91 epsilon: 0.1
2024-05-03 17:46:49.806: 92 test start:
2024-05-03 17:47:06.534: 92 avg_reward: 1715.0
2024-05-03 17:47:06.534: 92 avg_steps: 841.25
2024-05-03 17:47:06.534: 92 epsilon: 0.1
2024-05-03 18:00:41.445: 93 test start:
2024-05-03 18:00:59.087: 93 avg_reward: 1700.0
2024-05-03 18:00:59.087: 93 avg_steps: 894.25
2024-05-03 18:00:59.087: 93 epsilon: 0.1
2024-05-03 18:15:02.759: 94 test start:
2024-05-03 18:15:19.663: 94 avg_reward: 1820.0
2024-05-03 18:15:19.663: 94 avg_steps: 882.05
2024-05-03 18:15:19.663: 94 epsilon: 0.1
2024-05-03 18:29:11.249: 95 test start:
2024-05-03 18:29:28.468: 95 avg_reward: 1740.0
2024-05-03 18:29:28.468: 95 avg_steps: 877.25
2024-05-03 18:29:28.468: 95 epsilon: 0.1
2024-05-03 18:43:16.162: 96 test start:
2024-05-03 18:43:33.240: 96 avg_reward: 1910.0
2024-05-03 18:43:33.240: 96 avg_steps: 878.6
2024-05-03 18:43:33.240: 96 epsilon: 0.1
2024-05-03 18:57:52.027: 97 test start:
2024-05-03 18:58:09.957: 97 avg_reward: 1950.0
2024-05-03 18:58:09.957: 97 avg_steps: 914.25
2024-05-03 18:58:09.957: 97 epsilon: 0.1
2024-05-03 19:11:52.317: 98 test start:
2024-05-03 19:12:12.086: 98 avg_reward: 2130.0
2024-05-03 19:12:12.087: 98 avg_steps: 996.85
2024-05-03 19:12:12.087: 98 epsilon: 0.1
2024-05-03 19:26:04.147: 99 test start:
2024-05-03 19:26:23.496: 99 avg_reward: 2020.0
2024-05-03 19:26:23.496: 99 avg_steps: 1000.65
2024-05-03 19:26:23.496: 99 epsilon: 0.1
2024-05-03 19:40:29.117: 100 test start:
2024-05-03 19:40:47.985: 100 avg_reward: 2160.0
2024-05-03 19:40:47.985: 100 avg_steps: 953.7
2024-05-03 19:40:47.985: 100 epsilon: 0.1
2024-05-03 19:54:30.159: 101 test start:
2024-05-03 19:54:49.981: 101 avg_reward: 2280.0
2024-05-03 19:54:49.981: 101 avg_steps: 991.85
2024-05-03 19:54:49.981: 101 epsilon: 0.1
2024-05-03 20:08:58.995: 102 test start:
2024-05-03 20:09:16.269: 102 avg_reward: 1875.0
2024-05-03 20:09:16.269: 102 avg_steps: 897.9
2024-05-03 20:09:16.269: 102 epsilon: 0.1
2024-05-03 20:23:09.076: 103 test start:
2024-05-03 20:23:27.855: 103 avg_reward: 2270.0
2024-05-03 20:23:27.855: 103 avg_steps: 981.1
2024-05-03 20:23:27.855: 103 epsilon: 0.1
2024-05-03 20:37:23.344: 104 test start:
2024-05-03 20:37:38.266: 104 avg_reward: 1550.0
2024-05-03 20:37:38.266: 104 avg_steps: 773.55
2024-05-03 20:37:38.266: 104 epsilon: 0.1
2024-05-03 20:51:39.498: 105 test start:
2024-05-03 20:51:58.431: 105 avg_reward: 1985.0
2024-05-03 20:51:58.431: 105 avg_steps: 978.0
2024-05-03 20:51:58.431: 105 epsilon: 0.1
2024-05-03 21:05:36.872: 106 test start:
2024-05-03 21:05:52.761: 106 avg_reward: 1660.0
2024-05-03 21:05:52.762: 106 avg_steps: 819.05
2024-05-03 21:05:52.762: 106 epsilon: 0.1
2024-05-03 21:19:55.869: 107 test start:
2024-05-03 21:20:14.283: 107 avg_reward: 2180.0
2024-05-03 21:20:14.283: 107 avg_steps: 957.6
2024-05-03 21:20:14.283: 107 epsilon: 0.1
2024-05-03 21:34:09.219: 108 test start:
2024-05-03 21:34:25.335: 108 avg_reward: 1520.0
2024-05-03 21:34:25.335: 108 avg_steps: 819.55
2024-05-03 21:34:25.335: 108 epsilon: 0.1
2024-05-03 21:48:07.715: 109 test start:
2024-05-03 21:48:23.958: 109 avg_reward: 1765.0
2024-05-03 21:48:23.958: 109 avg_steps: 846.4
2024-05-03 21:48:23.958: 109 epsilon: 0.1
2024-05-03 22:02:32.971: 110 test start:
2024-05-03 22:02:50.160: 110 avg_reward: 1655.0
2024-05-03 22:02:50.160: 110 avg_steps: 889.75
2024-05-03 22:02:50.160: 110 epsilon: 0.1
2024-05-03 22:16:30.182: 111 test start:
2024-05-03 22:16:48.032: 111 avg_reward: 1705.0
2024-05-03 22:16:48.032: 111 avg_steps: 915.65
2024-05-03 22:16:48.032: 111 epsilon: 0.1
2024-05-03 22:30:47.622: 112 test start:
2024-05-03 22:31:02.971: 112 avg_reward: 1510.0
2024-05-03 22:31:02.971: 112 avg_steps: 806.55
2024-05-03 22:31:02.971: 112 epsilon: 0.1
2024-05-03 22:45:04.118: 113 test start:
2024-05-03 22:45:21.365: 113 avg_reward: 1700.0
2024-05-03 22:45:21.365: 113 avg_steps: 877.1
2024-05-03 22:45:21.365: 113 epsilon: 0.1
2024-05-03 22:59:00.822: 114 test start:
2024-05-03 22:59:16.949: 114 avg_reward: 1560.0
2024-05-03 22:59:16.949: 114 avg_steps: 829.3
2024-05-03 22:59:16.949: 114 epsilon: 0.1
2024-05-03 23:13:19.582: 115 test start:
2024-05-03 23:13:37.224: 115 avg_reward: 1725.0
2024-05-03 23:13:37.224: 115 avg_steps: 919.15
2024-05-03 23:13:37.224: 115 epsilon: 0.1
2024-05-03 23:27:36.276: 116 test start:
2024-05-03 23:27:54.841: 116 avg_reward: 1810.0
2024-05-03 23:27:54.841: 116 avg_steps: 953.75
2024-05-03 23:27:54.841: 116 epsilon: 0.1
2024-05-03 23:41:38.600: 117 test start:
2024-05-03 23:41:56.716: 117 avg_reward: 1790.0
2024-05-03 23:41:56.717: 117 avg_steps: 939.05
2024-05-03 23:41:56.717: 117 epsilon: 0.1
2024-05-03 23:56:14.423: 118 test start:
2024-05-03 23:56:32.171: 118 avg_reward: 1635.0
2024-05-03 23:56:32.171: 118 avg_steps: 913.7
2024-05-03 23:56:32.171: 118 epsilon: 0.1
2024-05-04 00:10:14.316: 119 test start:
2024-05-04 00:10:32.241: 119 avg_reward: 1705.0
2024-05-04 00:10:32.241: 119 avg_steps: 924.9
2024-05-04 00:10:32.241: 119 epsilon: 0.1
2024-05-04 00:24:32.062: 120 test start:
2024-05-04 00:24:49.892: 120 avg_reward: 1895.0
2024-05-04 00:24:49.892: 120 avg_steps: 927.1
2024-05-04 00:24:49.892: 120 epsilon: 0.1
2024-05-04 00:38:52.849: 121 test start:
2024-05-04 00:39:11.645: 121 avg_reward: 2015.0
2024-05-04 00:39:11.646: 121 avg_steps: 945.35
2024-05-04 00:39:11.646: 121 epsilon: 0.1
2024-05-04 00:52:56.343: 122 test start:
2024-05-04 00:53:14.379: 122 avg_reward: 1695.0
2024-05-04 00:53:14.379: 122 avg_steps: 918.7
2024-05-04 00:53:14.379: 122 epsilon: 0.1
2024-05-04 01:07:12.482: 123 test start:
2024-05-04 01:07:29.999: 123 avg_reward: 1800.0
2024-05-04 01:07:29.999: 123 avg_steps: 915.5
2024-05-04 01:07:29.999: 123 epsilon: 0.1
2024-05-04 01:21:36.841: 124 test start:
2024-05-04 01:21:54.610: 124 avg_reward: 1675.0
2024-05-04 01:21:54.610: 124 avg_steps: 905.2
2024-05-04 01:21:54.610: 124 epsilon: 0.1
2024-05-04 01:35:37.735: 125 test start:
2024-05-04 01:35:53.428: 125 avg_reward: 1485.0
2024-05-04 01:35:53.428: 125 avg_steps: 804.95
2024-05-04 01:35:53.428: 125 epsilon: 0.1
2024-05-04 01:50:02.339: 126 test start:
2024-05-04 01:50:21.873: 126 avg_reward: 2015.0
2024-05-04 01:50:21.873: 126 avg_steps: 988.25
2024-05-04 01:50:21.874: 126 epsilon: 0.1
2024-05-04 02:04:17.016: 127 test start:
2024-05-04 02:04:35.764: 127 avg_reward: 2000.0
2024-05-04 02:04:35.764: 127 avg_steps: 959.4
2024-05-04 02:04:35.764: 127 epsilon: 0.1
2024-05-04 02:18:29.866: 128 test start:
2024-05-04 02:18:46.747: 128 avg_reward: 1695.0
2024-05-04 02:18:46.747: 128 avg_steps: 888.2
2024-05-04 02:18:46.747: 128 epsilon: 0.1
2024-05-04 02:32:58.651: 129 test start:
2024-05-04 02:33:16.362: 129 avg_reward: 1740.0
2024-05-04 02:33:16.362: 129 avg_steps: 921.9
2024-05-04 02:33:16.362: 129 epsilon: 0.1
2024-05-04 02:46:54.284: 130 test start:
2024-05-04 02:47:13.872: 130 avg_reward: 1920.0
2024-05-04 02:47:13.872: 130 avg_steps: 975.15
2024-05-04 02:47:13.872: 130 epsilon: 0.1
2024-05-04 03:01:10.313: 131 test start:
2024-05-04 03:01:29.228: 131 avg_reward: 2060.0
2024-05-04 03:01:29.229: 131 avg_steps: 983.75
2024-05-04 03:01:29.229: 131 epsilon: 0.1
2024-05-04 03:15:33.279: 132 test start:
2024-05-04 03:15:53.919: 132 avg_reward: 2030.0
2024-05-04 03:15:53.919: 132 avg_steps: 1049.05
2024-05-04 03:15:53.919: 132 epsilon: 0.1
2024-05-04 03:29:37.082: 133 test start:
2024-05-04 03:29:55.877: 133 avg_reward: 2010.0
2024-05-04 03:29:55.877: 133 avg_steps: 973.6
2024-05-04 03:29:55.877: 133 epsilon: 0.1
2024-05-04 03:44:02.477: 134 test start:
2024-05-04 03:44:21.625: 134 avg_reward: 2045.0
2024-05-04 03:44:21.625: 134 avg_steps: 989.2
2024-05-04 03:44:21.625: 134 epsilon: 0.1
2024-05-04 03:58:14.599: 135 test start:
2024-05-04 03:58:34.135: 135 avg_reward: 2070.0
2024-05-04 03:58:34.135: 135 avg_steps: 989.85
2024-05-04 03:58:34.135: 135 epsilon: 0.1
2024-05-04 04:12:20.833: 136 test start:
2024-05-04 04:12:41.500: 136 avg_reward: 2275.0
2024-05-04 04:12:41.500: 136 avg_steps: 1057.4
2024-05-04 04:12:41.500: 136 epsilon: 0.1
2024-05-04 04:26:57.043: 137 test start:
2024-05-04 04:27:15.722: 137 avg_reward: 1960.0
2024-05-04 04:27:15.722: 137 avg_steps: 940.6
2024-05-04 04:27:15.722: 137 epsilon: 0.1
2024-05-04 04:40:59.179: 138 test start:
2024-05-04 04:41:20.754: 138 avg_reward: 2365.0
2024-05-04 04:41:20.755: 138 avg_steps: 1081.2
2024-05-04 04:41:20.755: 138 epsilon: 0.1
2024-05-04 04:55:14.849: 139 test start:
2024-05-04 04:55:31.352: 139 avg_reward: 1615.0
2024-05-04 04:55:31.353: 139 avg_steps: 843.65
2024-05-04 04:55:31.353: 139 epsilon: 0.1
2024-05-04 05:09:38.994: 140 test start:
2024-05-04 05:09:56.393: 140 avg_reward: 1980.0
2024-05-04 05:09:56.393: 140 avg_steps: 883.75
2024-05-04 05:09:56.393: 140 epsilon: 0.1
2024-05-04 05:23:39.583: 141 test start:
2024-05-04 05:23:59.368: 141 avg_reward: 2270.0
2024-05-04 05:23:59.368: 141 avg_steps: 1009.3
2024-05-04 05:23:59.368: 141 epsilon: 0.1
2024-05-04 05:38:12.275: 142 test start:
2024-05-04 05:38:28.593: 142 avg_reward: 1765.0
2024-05-04 05:38:28.593: 142 avg_steps: 843.05
2024-05-04 05:38:28.593: 142 epsilon: 0.1
2024-05-04 05:52:19.905: 143 test start:
2024-05-04 05:52:36.544: 143 avg_reward: 1820.0
2024-05-04 05:52:36.544: 143 avg_steps: 852.35
2024-05-04 05:52:36.544: 143 epsilon: 0.1
2024-05-04 06:06:21.351: 144 test start:
2024-05-04 06:06:39.284: 144 avg_reward: 1835.0
2024-05-04 06:06:39.284: 144 avg_steps: 907.75
2024-05-04 06:06:39.284: 144 epsilon: 0.1
2024-05-04 06:20:58.107: 145 test start:
2024-05-04 06:21:13.677: 145 avg_reward: 1730.0
2024-05-04 06:21:13.677: 145 avg_steps: 811.6
2024-05-04 06:21:13.677: 145 epsilon: 0.1
2024-05-04 06:35:05.026: 146 test start:
2024-05-04 06:35:20.329: 146 avg_reward: 1620.0
2024-05-04 06:35:20.329: 146 avg_steps: 779.0
2024-05-04 06:35:20.329: 146 epsilon: 0.1
2024-05-04 06:49:19.196: 147 test start:
2024-05-04 06:49:36.437: 147 avg_reward: 1945.0
2024-05-04 06:49:36.437: 147 avg_steps: 885.3
2024-05-04 06:49:36.437: 147 epsilon: 0.1
2024-05-04 07:03:29.139: 148 test start:
2024-05-04 07:03:44.289: 148 avg_reward: 1380.0
2024-05-04 07:03:44.289: 148 avg_steps: 758.75
2024-05-04 07:03:44.289: 148 epsilon: 0.1
2024-05-04 07:17:33.717: 149 test start:
2024-05-04 07:17:53.549: 149 avg_reward: 2230.0
2024-05-04 07:17:53.549: 149 avg_steps: 1001.1
2024-05-04 07:17:53.549: 149 epsilon: 0.1
2024-05-04 07:32:03.602: 150 test start:
2024-05-04 07:32:22.671: 150 avg_reward: 2410.0
2024-05-04 07:32:22.672: 150 avg_steps: 994.95
2024-05-04 07:32:22.672: 150 epsilon: 0.1
2024-05-04 07:46:15.128: 151 test start:
2024-05-04 07:46:33.551: 151 avg_reward: 1895.0
2024-05-04 07:46:33.552: 151 avg_steps: 950.25
2024-05-04 07:46:33.552: 151 epsilon: 0.1
2024-05-04 08:00:27.345: 152 test start:
2024-05-04 08:00:43.707: 152 avg_reward: 1650.0
2024-05-04 08:00:43.707: 152 avg_steps: 847.25
2024-05-04 08:00:43.707: 152 epsilon: 0.1
2024-05-04 08:14:52.077: 153 test start:
2024-05-04 08:15:08.840: 153 avg_reward: 1855.0
2024-05-04 08:15:08.840: 153 avg_steps: 870.7
2024-05-04 08:15:08.840: 153 epsilon: 0.1
2024-05-04 08:28:56.245: 154 test start:
2024-05-04 08:29:13.950: 154 avg_reward: 1645.0
2024-05-04 08:29:13.950: 154 avg_steps: 904.05
2024-05-04 08:29:13.950: 154 epsilon: 0.1
2024-05-04 08:43:09.057: 155 test start:
2024-05-04 08:43:29.283: 155 avg_reward: 2210.0
2024-05-04 08:43:29.283: 155 avg_steps: 1051.85
2024-05-04 08:43:29.283: 155 epsilon: 0.1
2024-05-04 08:57:42.521: 156 test start:
2024-05-04 08:58:01.776: 156 avg_reward: 1990.0
2024-05-04 08:58:01.776: 156 avg_steps: 983.8
2024-05-04 08:58:01.776: 156 epsilon: 0.1
2024-05-04 09:11:46.466: 157 test start:
2024-05-04 09:12:07.481: 157 avg_reward: 2250.0
2024-05-04 09:12:07.481: 157 avg_steps: 1062.05
2024-05-04 09:12:07.481: 157 epsilon: 0.1
2024-05-04 09:26:27.436: 158 test start:
2024-05-04 09:26:45.698: 158 avg_reward: 1845.0
2024-05-04 09:26:45.698: 158 avg_steps: 958.05
2024-05-04 09:26:45.698: 158 epsilon: 0.1
2024-05-04 09:40:32.550: 159 test start:
2024-05-04 09:40:50.924: 159 avg_reward: 1825.0
2024-05-04 09:40:50.924: 159 avg_steps: 943.4
2024-05-04 09:40:50.924: 159 epsilon: 0.1
2024-05-04 09:54:36.450: 160 test start:
2024-05-04 09:54:54.596: 160 avg_reward: 1860.0
2024-05-04 09:54:54.596: 160 avg_steps: 920.6
2024-05-04 09:54:54.596: 160 epsilon: 0.1
2024-05-04 10:09:10.385: 161 test start:
2024-05-04 10:09:30.777: 161 avg_reward: 2235.0
2024-05-04 10:09:30.777: 161 avg_steps: 1057.05
2024-05-04 10:09:30.777: 161 epsilon: 0.1
2024-05-04 10:23:16.818: 162 test start:
2024-05-04 10:23:38.010: 162 avg_reward: 2340.0
2024-05-04 10:23:38.010: 162 avg_steps: 1081.65
2024-05-04 10:23:38.010: 162 epsilon: 0.1
2024-05-04 10:37:28.872: 163 test start:
2024-05-04 10:37:48.812: 163 avg_reward: 2235.0
2024-05-04 10:37:48.812: 163 avg_steps: 1034.7
2024-05-04 10:37:48.812: 163 epsilon: 0.1
2024-05-04 10:52:07.817: 164 test start:
2024-05-04 10:52:33.107: 164 avg_reward: 2925.0
2024-05-04 10:52:33.107: 164 avg_steps: 1295.8
2024-05-04 10:52:33.107: 164 epsilon: 0.1
2024-05-04 11:06:15.284: 165 test start:
2024-05-04 11:06:36.555: 165 avg_reward: 2410.0
2024-05-04 11:06:36.555: 165 avg_steps: 1106.2
2024-05-04 11:06:36.555: 165 epsilon: 0.1
2024-05-04 11:20:49.380: 166 test start:
2024-05-04 11:21:11.792: 166 avg_reward: 2670.0
2024-05-04 11:21:11.792: 166 avg_steps: 1180.95
2024-05-04 11:21:11.792: 166 epsilon: 0.1
2024-05-04 11:35:07.360: 167 test start:
2024-05-04 11:35:28.567: 167 avg_reward: 2270.0
2024-05-04 11:35:28.567: 167 avg_steps: 1071.75
2024-05-04 11:35:28.567: 167 epsilon: 0.1
2024-05-04 11:49:09.592: 168 test start:
2024-05-04 11:49:36.589: 168 avg_reward: 3175.0
2024-05-04 11:49:36.589: 168 avg_steps: 1371.9
2024-05-04 11:49:36.589: 168 epsilon: 0.1
2024-05-04 12:03:58.719: 169 test start:
2024-05-04 12:04:18.463: 169 avg_reward: 2125.0
2024-05-04 12:04:18.463: 169 avg_steps: 1008.65
2024-05-04 12:04:18.464: 169 epsilon: 0.1
2024-05-04 12:18:02.010: 170 test start:
2024-05-04 12:18:20.670: 170 avg_reward: 1890.0
2024-05-04 12:18:20.671: 170 avg_steps: 935.65
2024-05-04 12:18:20.671: 170 epsilon: 0.1
2024-05-04 12:32:26.895: 171 test start:
2024-05-04 12:32:43.010: 171 avg_reward: 1635.0
2024-05-04 12:32:43.010: 171 avg_steps: 845.55
2024-05-04 12:32:43.010: 171 epsilon: 0.1
2024-05-04 12:46:48.560: 172 test start:
2024-05-04 12:47:06.538: 172 avg_reward: 1915.0
2024-05-04 12:47:06.538: 172 avg_steps: 922.45
2024-05-04 12:47:06.538: 172 epsilon: 0.1
2024-05-04 13:00:50.874: 173 test start:
2024-05-04 13:01:09.355: 173 avg_reward: 2000.0
2024-05-04 13:01:09.355: 173 avg_steps: 931.75
2024-05-04 13:01:09.355: 173 epsilon: 0.1
2024-05-04 13:15:16.119: 174 test start:
2024-05-04 13:15:33.337: 174 avg_reward: 1810.0
2024-05-04 13:15:33.337: 174 avg_steps: 898.05
2024-05-04 13:15:33.337: 174 epsilon: 0.1
2024-05-04 13:29:28.448: 175 test start:
2024-05-04 13:29:45.822: 175 avg_reward: 1940.0
2024-05-04 13:29:45.822: 175 avg_steps: 888.75
2024-05-04 13:29:45.822: 175 epsilon: 0.1
2024-05-04 13:43:40.238: 176 test start:
2024-05-04 13:43:58.929: 176 avg_reward: 2215.0
2024-05-04 13:43:58.929: 176 avg_steps: 966.25
2024-05-04 13:43:58.929: 176 epsilon: 0.1
2024-05-04 13:58:06.550: 177 test start:
2024-05-04 13:58:23.048: 177 avg_reward: 1910.0
2024-05-04 13:58:23.048: 177 avg_steps: 849.95
2024-05-04 13:58:23.048: 177 epsilon: 0.1
2024-05-04 14:12:09.838: 178 test start:
2024-05-04 14:12:26.272: 178 avg_reward: 1790.0
2024-05-04 14:12:26.272: 178 avg_steps: 841.4
2024-05-04 14:12:26.272: 178 epsilon: 0.1
2024-05-04 14:26:34.388: 179 test start:
2024-05-04 14:26:50.433: 179 avg_reward: 1810.0
2024-05-04 14:26:50.433: 179 avg_steps: 836.3
2024-05-04 14:26:50.433: 179 epsilon: 0.1
2024-05-04 14:40:57.109: 180 test start:
2024-05-04 14:41:13.952: 180 avg_reward: 1765.0
2024-05-04 14:41:13.952: 180 avg_steps: 876.2
2024-05-04 14:41:13.952: 180 epsilon: 0.1
2024-05-04 14:54:56.444: 181 test start:
2024-05-04 14:55:10.837: 181 avg_reward: 1355.0
2024-05-04 14:55:10.837: 181 avg_steps: 724.3
2024-05-04 14:55:10.837: 181 epsilon: 0.1
2024-05-04 15:09:17.427: 182 test start:
2024-05-04 15:09:33.279: 182 avg_reward: 1830.0
2024-05-04 15:09:33.279: 182 avg_steps: 829.95
2024-05-04 15:09:33.279: 182 epsilon: 0.1
2024-05-04 15:23:36.449: 183 test start:
2024-05-04 15:23:52.633: 183 avg_reward: 1545.0
2024-05-04 15:23:52.633: 183 avg_steps: 819.65
2024-05-04 15:23:52.634: 183 epsilon: 0.1
2024-05-04 15:37:44.227: 184 test start:
2024-05-04 15:37:59.603: 184 avg_reward: 1670.0
2024-05-04 15:37:59.603: 184 avg_steps: 794.9
2024-05-04 15:37:59.603: 184 epsilon: 0.1
2024-05-04 15:52:07.132: 185 test start:
2024-05-04 15:52:22.414: 185 avg_reward: 1500.0
2024-05-04 15:52:22.414: 185 avg_steps: 774.2
2024-05-04 15:52:22.414: 185 epsilon: 0.1
2024-05-04 16:06:06.143: 186 test start:
2024-05-04 16:06:23.029: 186 avg_reward: 1740.0
2024-05-04 16:06:23.029: 186 avg_steps: 849.75
2024-05-04 16:06:23.029: 186 epsilon: 0.1
2024-05-04 16:20:27.450: 187 test start:
2024-05-04 16:20:44.696: 187 avg_reward: 1920.0
2024-05-04 16:20:44.696: 187 avg_steps: 892.85
2024-05-04 16:20:44.696: 187 epsilon: 0.1
2024-05-04 16:34:50.880: 188 test start:
2024-05-04 16:35:05.823: 188 avg_reward: 1635.0
2024-05-04 16:35:05.824: 188 avg_steps: 762.45
2024-05-04 16:35:05.824: 188 epsilon: 0.1
2024-05-04 16:48:53.750: 189 test start:
2024-05-04 16:49:12.015: 189 avg_reward: 2160.0
2024-05-04 16:49:12.015: 189 avg_steps: 929.15
2024-05-04 16:49:12.015: 189 epsilon: 0.1
2024-05-04 17:03:28.362: 190 test start:
2024-05-04 17:03:42.840: 190 avg_reward: 1550.0
2024-05-04 17:03:42.840: 190 avg_steps: 750.15
2024-05-04 17:03:42.840: 190 epsilon: 0.1
2024-05-04 17:17:33.975: 191 test start:
2024-05-04 17:17:50.030: 191 avg_reward: 1680.0
2024-05-04 17:17:50.030: 191 avg_steps: 818.3
2024-05-04 17:17:50.030: 191 epsilon: 0.1
2024-05-04 17:31:30.979: 192 test start:
2024-05-04 17:31:45.615: 192 avg_reward: 1610.0
2024-05-04 17:31:45.615: 192 avg_steps: 752.9
2024-05-04 17:31:45.615: 192 epsilon: 0.1
2024-05-04 17:46:03.736: 193 test start:
2024-05-04 17:46:22.631: 193 avg_reward: 2180.0
2024-05-04 17:46:22.631: 193 avg_steps: 953.65
2024-05-04 17:46:22.631: 193 epsilon: 0.1
2024-05-04 18:00:13.533: 194 test start:
2024-05-04 18:00:31.277: 194 avg_reward: 1955.0
2024-05-04 18:00:31.277: 194 avg_steps: 893.05
2024-05-04 18:00:31.277: 194 epsilon: 0.1
2024-05-04 18:14:32.515: 195 test start:
2024-05-04 18:14:48.623: 195 avg_reward: 1820.0
2024-05-04 18:14:48.623: 195 avg_steps: 826.0
2024-05-04 18:14:48.623: 195 epsilon: 0.1
2024-05-04 18:28:51.837: 196 test start:
2024-05-04 18:29:10.101: 196 avg_reward: 2130.0
2024-05-04 18:29:10.101: 196 avg_steps: 929.2
2024-05-04 18:29:10.101: 196 epsilon: 0.1
2024-05-04 18:42:56.214: 197 test start:
2024-05-04 18:43:12.259: 197 avg_reward: 1830.0
2024-05-04 18:43:12.259: 197 avg_steps: 809.55
2024-05-04 18:43:12.259: 197 epsilon: 0.1
2024-05-04 18:57:25.879: 198 test start:
2024-05-04 18:57:41.241: 198 avg_reward: 1660.0
2024-05-04 18:57:41.241: 198 avg_steps: 798.35
2024-05-04 18:57:41.241: 198 epsilon: 0.1
2024-05-04 19:11:28.062: 199 test start:
2024-05-04 19:11:45.574: 199 avg_reward: 1910.0
2024-05-04 19:11:45.574: 199 avg_steps: 877.4
2024-05-04 19:11:45.574: 199 epsilon: 0.1
2024-05-04 19:25:41.990: 200 test start:
2024-05-04 19:25:57.091: 200 avg_reward: 1575.0
2024-05-04 19:25:57.091: 200 avg_steps: 791.8
2024-05-04 19:25:57.091: 200 epsilon: 0.1
2024-05-04 19:40:10.928: 201 test start:
2024-05-04 19:40:30.255: 201 avg_reward: 2180.0
2024-05-04 19:40:30.255: 201 avg_steps: 972.4
2024-05-04 19:40:30.255: 201 epsilon: 0.1
2024-05-04 19:54:15.000: 202 test start:
2024-05-04 19:54:30.825: 202 avg_reward: 1650.0
2024-05-04 19:54:30.826: 202 avg_steps: 810.1
2024-05-04 19:54:30.826: 202 epsilon: 0.1
2024-05-04 20:08:34.353: 203 test start:
2024-05-04 20:08:48.043: 203 avg_reward: 1500.0
2024-05-04 20:08:48.043: 203 avg_steps: 718.95
2024-05-04 20:08:48.043: 203 epsilon: 0.1
2024-05-04 20:22:51.546: 204 test start:
2024-05-04 20:23:06.936: 204 avg_reward: 1540.0
2024-05-04 20:23:06.936: 204 avg_steps: 784.3
2024-05-04 20:23:06.936: 204 epsilon: 0.1
2024-05-04 20:36:49.688: 205 test start:
2024-05-04 20:37:05.887: 205 avg_reward: 1895.0
2024-05-04 20:37:05.887: 205 avg_steps: 842.3
2024-05-04 20:37:05.887: 205 epsilon: 0.1
2024-05-04 20:51:23.408: 206 test start:
2024-05-04 20:51:39.510: 206 avg_reward: 1810.0
2024-05-04 20:51:39.510: 206 avg_steps: 817.25
2024-05-04 20:51:39.510: 206 epsilon: 0.1
2024-05-04 21:05:26.698: 207 test start:
2024-05-04 21:05:41.381: 207 avg_reward: 1480.0
2024-05-04 21:05:41.381: 207 avg_steps: 737.7
2024-05-04 21:05:41.381: 207 epsilon: 0.1
2024-05-04 21:19:32.226: 208 test start:
2024-05-04 21:19:48.049: 208 avg_reward: 1760.0
2024-05-04 21:19:48.049: 208 avg_steps: 817.9
2024-05-04 21:19:48.049: 208 epsilon: 0.1
2024-05-04 21:34:03.540: 209 test start:
2024-05-04 21:34:19.303: 209 avg_reward: 1750.0
2024-05-04 21:34:19.303: 209 avg_steps: 799.35
2024-05-04 21:34:19.303: 209 epsilon: 0.1
2024-05-04 21:48:04.684: 210 test start:
2024-05-04 21:48:20.082: 210 avg_reward: 1620.0
2024-05-04 21:48:20.082: 210 avg_steps: 788.45
2024-05-04 21:48:20.082: 210 epsilon: 0.1
2024-05-04 22:02:30.089: 211 test start:
2024-05-04 22:02:47.774: 211 avg_reward: 2005.0
2024-05-04 22:02:47.774: 211 avg_steps: 913.25
2024-05-04 22:02:47.774: 211 epsilon: 0.1
2024-05-04 22:16:38.977: 212 test start:
2024-05-04 22:16:53.578: 212 avg_reward: 1545.0
2024-05-04 22:16:53.578: 212 avg_steps: 753.0
2024-05-04 22:16:53.578: 212 epsilon: 0.1
2024-05-04 22:30:44.465: 213 test start:
2024-05-04 22:31:00.453: 213 avg_reward: 1750.0
2024-05-04 22:31:00.453: 213 avg_steps: 806.2
2024-05-04 22:31:00.453: 213 epsilon: 0.1
