2024-05-01 10:09:25.853: 
parameters:agent_saving_period: 80000
agent_test_episodes: 20
batch_num_per_epoch: 100000
device: cuda:0
env_name: ALE/Kangaroo-v5
epsilon_for_test: 0.05
epsilon_max: 1.0
epsilon_min: 0.1
exploration_steps: 1000000
gamma: 0.99
input_frame_height: 84
input_frame_width: 84
learning_rate: 1.0e-05
log_path: ../exps/dqn/
mini_batch_size: 32
no_op: 30
phi_channel: 4
replay_buffer_size: 200000
replay_start_size: 10000
save_path: ./exps/
skip_k_frame: 4
step_c: 10000
training_steps: 50000000

2024-05-01 10:23:43.655: 1 test start:
2024-05-01 10:23:57.066: 1 avg_reward: 0.0
2024-05-01 10:23:57.066: 1 avg_steps: 363.85
2024-05-01 10:23:57.066: 1 epsilon: 0.9236422
2024-05-01 10:42:09.580: 2 test start:
2024-05-01 10:42:28.327: 2 avg_reward: 320.0
2024-05-01 10:42:28.327: 2 avg_steps: 508.65
2024-05-01 10:42:28.327: 2 epsilon: 0.8394499
2024-05-01 11:01:56.370: 3 test start:
2024-05-01 11:02:09.633: 3 avg_reward: 50.0
2024-05-01 11:02:09.633: 3 avg_steps: 346.45
2024-05-01 11:02:09.633: 3 epsilon: 0.7550245
2024-05-01 11:21:52.179: 4 test start:
2024-05-01 11:22:09.750: 4 avg_reward: 50.0
2024-05-01 11:22:09.750: 4 avg_steps: 465.65
2024-05-01 11:22:09.750: 4 epsilon: 0.6704218
2024-05-01 11:41:44.464: 5 test start:
2024-05-01 11:41:58.724: 5 avg_reward: 230.0
2024-05-01 11:41:58.724: 5 avg_steps: 376.3
2024-05-01 11:41:58.724: 5 epsilon: 0.5860135
2024-05-01 12:01:42.494: 6 test start:
2024-05-01 12:02:00.797: 6 avg_reward: 140.0
2024-05-01 12:02:00.797: 6 avg_steps: 488.2
2024-05-01 12:02:00.797: 6 epsilon: 0.5017267
2024-05-01 12:21:14.266: 7 test start:
2024-05-01 12:21:32.063: 7 avg_reward: 260.0
2024-05-01 12:21:32.063: 7 avg_steps: 475.25
2024-05-01 12:21:32.063: 7 epsilon: 0.41770359999999995
2024-05-01 12:41:06.470: 8 test start:
2024-05-01 12:41:20.620: 8 avg_reward: 240.0
2024-05-01 12:41:20.620: 8 avg_steps: 378.75
2024-05-01 12:41:20.620: 8 epsilon: 0.33335019999999993
2024-05-01 13:00:39.240: 9 test start:
2024-05-01 13:01:00.010: 9 avg_reward: 430.0
2024-05-01 13:01:00.010: 9 avg_steps: 550.0
2024-05-01 13:01:00.010: 9 epsilon: 0.2494350999999999
2024-05-01 13:20:31.301: 10 test start:
2024-05-01 13:20:51.260: 10 avg_reward: 520.0
2024-05-01 13:20:51.260: 10 avg_steps: 533.8
2024-05-01 13:20:51.260: 10 epsilon: 0.16516179999999991
2024-05-01 13:40:36.432: 11 test start:
2024-05-01 13:40:57.406: 11 avg_reward: 560.0
2024-05-01 13:40:57.407: 11 avg_steps: 557.35
2024-05-01 13:40:57.407: 11 epsilon: 0.1
2024-05-01 14:00:21.136: 12 test start:
2024-05-01 14:00:44.501: 12 avg_reward: 1050.0
2024-05-01 14:00:44.501: 12 avg_steps: 628.95
2024-05-01 14:00:44.501: 12 epsilon: 0.1
2024-05-01 14:20:22.477: 13 test start:
2024-05-01 14:20:45.037: 13 avg_reward: 990.0
2024-05-01 14:20:45.037: 13 avg_steps: 585.9
2024-05-01 14:20:45.037: 13 epsilon: 0.1
2024-05-01 14:40:17.819: 14 test start:
2024-05-01 14:40:41.883: 14 avg_reward: 1190.0
2024-05-01 14:40:41.883: 14 avg_steps: 644.6
2024-05-01 14:40:41.883: 14 epsilon: 0.1
2024-05-01 15:00:13.341: 15 test start:
2024-05-01 15:00:39.445: 15 avg_reward: 1410.0
2024-05-01 15:00:39.445: 15 avg_steps: 695.05
2024-05-01 15:00:39.445: 15 epsilon: 0.1
2024-05-01 15:20:11.708: 16 test start:
2024-05-01 15:20:36.217: 16 avg_reward: 1330.0
2024-05-01 15:20:36.217: 16 avg_steps: 652.35
2024-05-01 15:20:36.217: 16 epsilon: 0.1
2024-05-01 15:39:50.116: 17 test start:
2024-05-01 15:40:15.984: 17 avg_reward: 1590.0
2024-05-01 15:40:15.984: 17 avg_steps: 684.8
2024-05-01 15:40:15.984: 17 epsilon: 0.1
2024-05-01 15:59:50.898: 18 test start:
2024-05-01 16:00:17.013: 18 avg_reward: 1490.0
2024-05-01 16:00:17.013: 18 avg_steps: 684.3
2024-05-01 16:00:17.013: 18 epsilon: 0.1
2024-05-01 16:19:21.493: 19 test start:
2024-05-01 16:19:46.656: 19 avg_reward: 1580.0
2024-05-01 16:19:46.656: 19 avg_steps: 674.7
2024-05-01 16:19:46.656: 19 epsilon: 0.1
2024-05-01 16:39:12.710: 20 test start:
2024-05-01 16:39:37.405: 20 avg_reward: 1240.0
2024-05-01 16:39:37.405: 20 avg_steps: 646.15
2024-05-01 16:39:37.405: 20 epsilon: 0.1
2024-05-01 16:58:43.065: 21 test start:
2024-05-01 16:59:07.478: 21 avg_reward: 1000.0
2024-05-01 16:59:07.478: 21 avg_steps: 645.3
2024-05-01 16:59:07.478: 21 epsilon: 0.1
2024-05-01 17:18:30.676: 22 test start:
2024-05-01 17:18:55.325: 22 avg_reward: 1170.0
2024-05-01 17:18:55.325: 22 avg_steps: 660.75
2024-05-01 17:18:55.325: 22 epsilon: 0.1
2024-05-01 17:38:14.168: 23 test start:
2024-05-01 17:38:37.732: 23 avg_reward: 995.0
2024-05-01 17:38:37.733: 23 avg_steps: 627.2
2024-05-01 17:38:37.733: 23 epsilon: 0.1
2024-05-01 17:58:00.368: 24 test start:
2024-05-01 17:58:25.539: 24 avg_reward: 1290.0
2024-05-01 17:58:25.539: 24 avg_steps: 666.4
2024-05-01 17:58:25.539: 24 epsilon: 0.1
2024-05-01 18:17:47.866: 25 test start:
2024-05-01 18:18:12.827: 25 avg_reward: 1110.0
2024-05-01 18:18:12.827: 25 avg_steps: 651.85
2024-05-01 18:18:12.827: 25 epsilon: 0.1
2024-05-01 18:37:22.004: 26 test start:
2024-05-01 18:37:46.170: 26 avg_reward: 1310.0
2024-05-01 18:37:46.170: 26 avg_steps: 640.65
2024-05-01 18:37:46.170: 26 epsilon: 0.1
2024-05-01 18:57:06.471: 27 test start:
2024-05-01 18:57:30.285: 27 avg_reward: 1190.0
2024-05-01 18:57:30.285: 27 avg_steps: 633.75
2024-05-01 18:57:30.285: 27 epsilon: 0.1
2024-05-01 19:16:36.458: 28 test start:
2024-05-01 19:17:01.320: 28 avg_reward: 1270.0
2024-05-01 19:17:01.320: 28 avg_steps: 656.3
2024-05-01 19:17:01.320: 28 epsilon: 0.1
2024-05-01 19:36:17.696: 29 test start:
2024-05-01 19:36:41.890: 29 avg_reward: 1170.0
2024-05-01 19:36:41.890: 29 avg_steps: 648.25
2024-05-01 19:36:41.890: 29 epsilon: 0.1
2024-05-01 19:55:53.640: 30 test start:
2024-05-01 19:56:20.905: 30 avg_reward: 1475.0
2024-05-01 19:56:20.905: 30 avg_steps: 710.2
2024-05-01 19:56:20.905: 30 epsilon: 0.1
2024-05-01 20:15:49.997: 31 test start:
2024-05-01 20:16:16.192: 31 avg_reward: 1390.0
2024-05-01 20:16:16.192: 31 avg_steps: 689.95
2024-05-01 20:16:16.192: 31 epsilon: 0.1
2024-05-01 20:35:52.685: 32 test start:
2024-05-01 20:36:18.492: 32 avg_reward: 1550.0
2024-05-01 20:36:18.492: 32 avg_steps: 691.4
2024-05-01 20:36:18.492: 32 epsilon: 0.1
2024-05-01 20:55:38.777: 33 test start:
2024-05-01 20:56:02.696: 33 avg_reward: 1320.0
2024-05-01 20:56:02.696: 33 avg_steps: 633.7
2024-05-01 20:56:02.696: 33 epsilon: 0.1
2024-05-01 21:15:18.852: 34 test start:
2024-05-01 21:15:43.856: 34 avg_reward: 1280.0
2024-05-01 21:15:43.856: 34 avg_steps: 666.9
2024-05-01 21:15:43.856: 34 epsilon: 0.1
2024-05-01 21:34:57.997: 35 test start:
2024-05-01 21:35:23.221: 35 avg_reward: 1450.0
2024-05-01 21:35:23.221: 35 avg_steps: 685.9
2024-05-01 21:35:23.221: 35 epsilon: 0.1
2024-05-01 21:54:41.445: 36 test start:
2024-05-01 21:55:08.523: 36 avg_reward: 1670.0
2024-05-01 21:55:08.524: 36 avg_steps: 720.5
2024-05-01 21:55:08.524: 36 epsilon: 0.1
2024-05-01 22:14:29.631: 37 test start:
2024-05-01 22:14:57.085: 37 avg_reward: 1660.0
2024-05-01 22:14:57.085: 37 avg_steps: 731.45
2024-05-01 22:14:57.085: 37 epsilon: 0.1
2024-05-01 22:34:09.421: 38 test start:
2024-05-01 22:34:35.916: 38 avg_reward: 1580.0
2024-05-01 22:34:35.916: 38 avg_steps: 702.3
2024-05-01 22:34:35.917: 38 epsilon: 0.1
2024-05-01 22:53:48.133: 39 test start:
2024-05-01 22:54:14.713: 39 avg_reward: 1500.0
2024-05-01 22:54:14.713: 39 avg_steps: 703.5
2024-05-01 22:54:14.713: 39 epsilon: 0.1
2024-05-01 23:13:30.036: 40 test start:
2024-05-01 23:13:56.345: 40 avg_reward: 1380.0
2024-05-01 23:13:56.345: 40 avg_steps: 685.0
2024-05-01 23:13:56.345: 40 epsilon: 0.1
2024-05-01 23:33:21.626: 41 test start:
2024-05-01 23:33:49.464: 41 avg_reward: 1520.0
2024-05-01 23:33:49.464: 41 avg_steps: 731.3
2024-05-01 23:33:49.464: 41 epsilon: 0.1
2024-05-01 23:52:59.608: 42 test start:
2024-05-01 23:53:28.787: 42 avg_reward: 1490.0
2024-05-01 23:53:28.787: 42 avg_steps: 776.6
2024-05-01 23:53:28.787: 42 epsilon: 0.1
2024-05-02 00:12:51.226: 43 test start:
2024-05-02 00:13:19.524: 43 avg_reward: 1680.0
2024-05-02 00:13:19.524: 43 avg_steps: 760.1
2024-05-02 00:13:19.524: 43 epsilon: 0.1
2024-05-02 00:32:39.713: 44 test start:
2024-05-02 00:33:15.604: 44 avg_reward: 2080.0
2024-05-02 00:33:15.605: 44 avg_steps: 956.2
2024-05-02 00:33:15.605: 44 epsilon: 0.1
2024-05-02 00:52:47.535: 45 test start:
2024-05-02 00:53:20.326: 45 avg_reward: 1900.0
2024-05-02 00:53:20.326: 45 avg_steps: 880.3
2024-05-02 00:53:20.326: 45 epsilon: 0.1
2024-05-02 01:12:56.465: 46 test start:
2024-05-02 01:13:27.684: 46 avg_reward: 1890.0
2024-05-02 01:13:27.684: 46 avg_steps: 833.55
2024-05-02 01:13:27.684: 46 epsilon: 0.1
2024-05-02 01:32:50.859: 47 test start:
2024-05-02 01:33:20.858: 47 avg_reward: 1910.0
2024-05-02 01:33:20.858: 47 avg_steps: 812.1
2024-05-02 01:33:20.858: 47 epsilon: 0.1
2024-05-02 01:52:55.735: 48 test start:
2024-05-02 01:53:26.700: 48 avg_reward: 1780.0
2024-05-02 01:53:26.700: 48 avg_steps: 837.05
2024-05-02 01:53:26.700: 48 epsilon: 0.1
2024-05-02 02:12:31.203: 49 test start:
2024-05-02 02:13:09.379: 49 avg_reward: 2350.0
2024-05-02 02:13:09.379: 49 avg_steps: 1025.65
2024-05-02 02:13:09.379: 49 epsilon: 0.1
2024-05-02 02:32:22.075: 50 test start:
2024-05-02 02:32:54.463: 50 avg_reward: 2000.0
2024-05-02 02:32:54.463: 50 avg_steps: 883.55
2024-05-02 02:32:54.463: 50 epsilon: 0.1
2024-05-02 02:52:24.319: 51 test start:
2024-05-02 02:53:00.364: 51 avg_reward: 2170.0
2024-05-02 02:53:00.364: 51 avg_steps: 956.5
2024-05-02 02:53:00.364: 51 epsilon: 0.1
2024-05-02 03:12:17.133: 52 test start:
2024-05-02 03:12:53.448: 52 avg_reward: 2020.0
2024-05-02 03:12:53.448: 52 avg_steps: 969.35
2024-05-02 03:12:53.448: 52 epsilon: 0.1
2024-05-02 03:32:19.963: 53 test start:
2024-05-02 03:32:52.979: 53 avg_reward: 1980.0
2024-05-02 03:32:52.979: 53 avg_steps: 881.25
2024-05-02 03:32:52.979: 53 epsilon: 0.1
2024-05-02 03:51:49.549: 54 test start:
2024-05-02 03:52:29.533: 54 avg_reward: 2360.0
2024-05-02 03:52:29.533: 54 avg_steps: 1061.5
2024-05-02 03:52:29.533: 54 epsilon: 0.1
2024-05-02 04:11:36.549: 55 test start:
2024-05-02 04:12:11.317: 55 avg_reward: 2050.0
2024-05-02 04:12:11.317: 55 avg_steps: 910.6
2024-05-02 04:12:11.317: 55 epsilon: 0.1
2024-05-02 04:31:41.758: 56 test start:
2024-05-02 04:32:21.420: 56 avg_reward: 2570.0
2024-05-02 04:32:21.420: 56 avg_steps: 1068.6
2024-05-02 04:32:21.420: 56 epsilon: 0.1
2024-05-02 04:51:29.725: 57 test start:
2024-05-02 04:52:01.498: 57 avg_reward: 1950.0
2024-05-02 04:52:01.498: 57 avg_steps: 864.9
2024-05-02 04:52:01.498: 57 epsilon: 0.1
2024-05-02 05:11:17.174: 58 test start:
2024-05-02 05:11:51.186: 58 avg_reward: 1950.0
2024-05-02 05:11:51.186: 58 avg_steps: 919.65
2024-05-02 05:11:51.186: 58 epsilon: 0.1
2024-05-02 05:30:53.766: 59 test start:
2024-05-02 05:31:31.737: 59 avg_reward: 2250.0
2024-05-02 05:31:31.737: 59 avg_steps: 1014.85
2024-05-02 05:31:31.737: 59 epsilon: 0.1
2024-05-02 05:50:54.759: 60 test start:
2024-05-02 05:51:30.341: 60 avg_reward: 2065.0
2024-05-02 05:51:30.341: 60 avg_steps: 933.8
2024-05-02 05:51:30.341: 60 epsilon: 0.1
2024-05-02 06:10:58.712: 61 test start:
2024-05-02 06:11:35.892: 61 avg_reward: 2130.0
2024-05-02 06:11:35.893: 61 avg_steps: 970.5
2024-05-02 06:11:35.893: 61 epsilon: 0.1
2024-05-02 06:30:56.422: 62 test start:
2024-05-02 06:31:27.884: 62 avg_reward: 1700.0
2024-05-02 06:31:27.884: 62 avg_steps: 847.6
2024-05-02 06:31:27.884: 62 epsilon: 0.1
2024-05-02 06:50:20.498: 63 test start:
2024-05-02 06:50:53.365: 63 avg_reward: 1770.0
2024-05-02 06:50:53.365: 63 avg_steps: 865.25
2024-05-02 06:50:53.365: 63 epsilon: 0.1
2024-05-02 07:10:11.871: 64 test start:
2024-05-02 07:10:46.928: 64 avg_reward: 2060.0
2024-05-02 07:10:46.928: 64 avg_steps: 947.75
2024-05-02 07:10:46.928: 64 epsilon: 0.1
2024-05-02 07:29:56.691: 65 test start:
2024-05-02 07:30:33.422: 65 avg_reward: 2165.0
2024-05-02 07:30:33.423: 65 avg_steps: 983.85
2024-05-02 07:30:33.423: 65 epsilon: 0.1
2024-05-02 07:49:16.110: 66 test start:
2024-05-02 07:49:48.066: 66 avg_reward: 1810.0
2024-05-02 07:49:48.066: 66 avg_steps: 855.3
2024-05-02 07:49:48.066: 66 epsilon: 0.1
2024-05-02 08:09:08.948: 67 test start:
2024-05-02 08:09:44.879: 67 avg_reward: 2125.0
2024-05-02 08:09:44.879: 67 avg_steps: 957.85
2024-05-02 08:09:44.879: 67 epsilon: 0.1
2024-05-02 08:28:49.050: 68 test start:
2024-05-02 08:29:23.749: 68 avg_reward: 2070.0
2024-05-02 08:29:23.749: 68 avg_steps: 933.6
2024-05-02 08:29:23.749: 68 epsilon: 0.1
2024-05-02 08:48:26.283: 69 test start:
2024-05-02 08:49:03.484: 69 avg_reward: 2220.0
2024-05-02 08:49:03.484: 69 avg_steps: 984.6
2024-05-02 08:49:03.484: 69 epsilon: 0.1
2024-05-02 09:08:00.398: 70 test start:
2024-05-02 09:08:41.357: 70 avg_reward: 2575.0
2024-05-02 09:08:41.357: 70 avg_steps: 1081.65
2024-05-02 09:08:41.357: 70 epsilon: 0.1
2024-05-02 09:27:51.665: 71 test start:
2024-05-02 09:28:26.828: 71 avg_reward: 2115.0
2024-05-02 09:28:26.828: 71 avg_steps: 954.3
2024-05-02 09:28:26.828: 71 epsilon: 0.1
2024-05-02 09:47:35.167: 72 test start:
2024-05-02 09:48:12.442: 72 avg_reward: 2130.0
2024-05-02 09:48:12.442: 72 avg_steps: 976.75
2024-05-02 09:48:12.442: 72 epsilon: 0.1
2024-05-02 10:07:19.762: 73 test start:
2024-05-02 10:07:56.698: 73 avg_reward: 2250.0
2024-05-02 10:07:56.698: 73 avg_steps: 992.7
2024-05-02 10:07:56.698: 73 epsilon: 0.1
2024-05-02 10:27:33.885: 74 test start:
2024-05-02 10:28:11.120: 74 avg_reward: 2190.0
2024-05-02 10:28:11.121: 74 avg_steps: 989.35
2024-05-02 10:28:11.121: 74 epsilon: 0.1
2024-05-02 10:47:15.663: 75 test start:
2024-05-02 10:47:50.978: 75 avg_reward: 1890.0
2024-05-02 10:47:50.978: 75 avg_steps: 917.3
2024-05-02 10:47:50.978: 75 epsilon: 0.1
2024-05-02 11:07:18.425: 76 test start:
2024-05-02 11:07:57.709: 76 avg_reward: 2155.0
2024-05-02 11:07:57.709: 76 avg_steps: 1021.9
2024-05-02 11:07:57.709: 76 epsilon: 0.1
2024-05-02 11:27:06.391: 77 test start:
2024-05-02 11:27:40.334: 77 avg_reward: 1805.0
2024-05-02 11:27:40.334: 77 avg_steps: 902.95
2024-05-02 11:27:40.334: 77 epsilon: 0.1
2024-05-02 11:46:49.402: 78 test start:
2024-05-02 11:47:27.724: 78 avg_reward: 2075.0
2024-05-02 11:47:27.724: 78 avg_steps: 1017.85
2024-05-02 11:47:27.724: 78 epsilon: 0.1
2024-05-02 12:06:36.920: 79 test start:
2024-05-02 12:07:19.430: 79 avg_reward: 2595.0
2024-05-02 12:07:19.430: 79 avg_steps: 1120.15
2024-05-02 12:07:19.430: 79 epsilon: 0.1
2024-05-02 12:26:21.326: 80 test start:
2024-05-02 12:26:57.146: 80 avg_reward: 2065.0
2024-05-02 12:26:57.146: 80 avg_steps: 969.4
2024-05-02 12:26:57.146: 80 epsilon: 0.1
2024-05-02 12:46:04.777: 81 test start:
2024-05-02 12:46:41.909: 81 avg_reward: 2160.0
2024-05-02 12:46:41.909: 81 avg_steps: 983.45
2024-05-02 12:46:41.909: 81 epsilon: 0.1
2024-05-02 13:05:44.559: 82 test start:
2024-05-02 13:06:19.040: 82 avg_reward: 1950.0
2024-05-02 13:06:19.040: 82 avg_steps: 919.0
2024-05-02 13:06:19.040: 82 epsilon: 0.1
2024-05-02 13:25:41.933: 83 test start:
2024-05-02 13:26:18.517: 83 avg_reward: 2130.0
2024-05-02 13:26:18.517: 83 avg_steps: 946.6
2024-05-02 13:26:18.517: 83 epsilon: 0.1
2024-05-02 13:45:25.851: 84 test start:
2024-05-02 13:46:02.777: 84 avg_reward: 2225.0
2024-05-02 13:46:02.777: 84 avg_steps: 988.2
2024-05-02 13:46:02.777: 84 epsilon: 0.1
2024-05-02 14:05:14.737: 85 test start:
2024-05-02 14:05:51.473: 85 avg_reward: 2215.0
2024-05-02 14:05:51.473: 85 avg_steps: 996.85
2024-05-02 14:05:51.473: 85 epsilon: 0.1
2024-05-02 14:25:01.087: 86 test start:
2024-05-02 14:25:33.366: 86 avg_reward: 1880.0
2024-05-02 14:25:33.366: 86 avg_steps: 861.75
2024-05-02 14:25:33.366: 86 epsilon: 0.1
2024-05-02 14:44:22.521: 87 test start:
2024-05-02 14:44:57.758: 87 avg_reward: 1950.0
2024-05-02 14:44:57.759: 87 avg_steps: 956.35
2024-05-02 14:44:57.759: 87 epsilon: 0.1
2024-05-02 15:04:17.732: 88 test start:
2024-05-02 15:04:51.530: 88 avg_reward: 1935.0
2024-05-02 15:04:51.530: 88 avg_steps: 876.2
2024-05-02 15:04:51.530: 88 epsilon: 0.1
2024-05-02 15:23:46.553: 89 test start:
2024-05-02 15:24:22.033: 89 avg_reward: 2065.0
2024-05-02 15:24:22.033: 89 avg_steps: 952.75
2024-05-02 15:24:22.033: 89 epsilon: 0.1
2024-05-02 15:43:53.834: 90 test start:
2024-05-02 15:44:29.823: 90 avg_reward: 2125.0
2024-05-02 15:44:29.823: 90 avg_steps: 950.8
2024-05-02 15:44:29.823: 90 epsilon: 0.1
2024-05-02 16:03:44.589: 91 test start:
2024-05-02 16:04:19.909: 91 avg_reward: 2070.0
2024-05-02 16:04:19.909: 91 avg_steps: 929.5
2024-05-02 16:04:19.909: 91 epsilon: 0.1
2024-05-02 16:23:08.569: 92 test start:
2024-05-02 16:23:41.755: 92 avg_reward: 1920.0
2024-05-02 16:23:41.755: 92 avg_steps: 903.8
2024-05-02 16:23:41.755: 92 epsilon: 0.1
2024-05-02 16:42:53.749: 93 test start:
2024-05-02 16:43:26.343: 93 avg_reward: 1620.0
2024-05-02 16:43:26.343: 93 avg_steps: 860.25
2024-05-02 16:43:26.343: 93 epsilon: 0.1
2024-05-02 17:02:41.147: 94 test start:
2024-05-02 17:03:18.206: 94 avg_reward: 2135.0
2024-05-02 17:03:18.206: 94 avg_steps: 986.2
2024-05-02 17:03:18.206: 94 epsilon: 0.1
2024-05-02 17:22:27.193: 95 test start:
2024-05-02 17:23:00.951: 95 avg_reward: 1990.0
2024-05-02 17:23:00.951: 95 avg_steps: 903.8
2024-05-02 17:23:00.951: 95 epsilon: 0.1
2024-05-02 17:42:06.661: 96 test start:
2024-05-02 17:42:40.049: 96 avg_reward: 1890.0
2024-05-02 17:42:40.049: 96 avg_steps: 892.75
2024-05-02 17:42:40.049: 96 epsilon: 0.1
2024-05-02 18:02:08.660: 97 test start:
2024-05-02 18:02:47.599: 97 avg_reward: 2215.0
2024-05-02 18:02:47.599: 97 avg_steps: 1019.25
2024-05-02 18:02:47.599: 97 epsilon: 0.1
2024-05-02 18:21:53.812: 98 test start:
2024-05-02 18:22:30.303: 98 avg_reward: 2045.0
2024-05-02 18:22:30.303: 98 avg_steps: 972.65
2024-05-02 18:22:30.303: 98 epsilon: 0.1
2024-05-02 18:41:50.258: 99 test start:
2024-05-02 18:42:21.074: 99 avg_reward: 1555.0
2024-05-02 18:42:21.074: 99 avg_steps: 838.6
2024-05-02 18:42:21.074: 99 epsilon: 0.1
2024-05-02 19:01:14.705: 100 test start:
2024-05-02 19:01:44.513: 100 avg_reward: 1365.0
2024-05-02 19:01:44.513: 100 avg_steps: 797.85
2024-05-02 19:01:44.513: 100 epsilon: 0.1
2024-05-02 19:21:07.356: 101 test start:
2024-05-02 19:21:40.314: 101 avg_reward: 1640.0
2024-05-02 19:21:40.315: 101 avg_steps: 897.9
2024-05-02 19:21:40.315: 101 epsilon: 0.1
2024-05-02 19:40:56.820: 102 test start:
2024-05-02 19:41:30.812: 102 avg_reward: 1675.0
2024-05-02 19:41:30.812: 102 avg_steps: 891.45
2024-05-02 19:41:30.812: 102 epsilon: 0.1
2024-05-02 20:00:13.462: 103 test start:
2024-05-02 20:00:51.049: 103 avg_reward: 1920.0
2024-05-02 20:00:51.049: 103 avg_steps: 1007.2
2024-05-02 20:00:51.049: 103 epsilon: 0.1
2024-05-02 20:20:10.366: 104 test start:
2024-05-02 20:20:43.182: 104 avg_reward: 1570.0
2024-05-02 20:20:43.182: 104 avg_steps: 862.1
2024-05-02 20:20:43.182: 104 epsilon: 0.1
2024-05-02 20:39:51.016: 105 test start:
2024-05-02 20:40:24.724: 105 avg_reward: 1785.0
2024-05-02 20:40:24.724: 105 avg_steps: 908.3
2024-05-02 20:40:24.724: 105 epsilon: 0.1
2024-05-02 20:59:37.678: 106 test start:
2024-05-02 21:00:12.938: 106 avg_reward: 1845.0
2024-05-02 21:00:12.938: 106 avg_steps: 953.85
2024-05-02 21:00:12.938: 106 epsilon: 0.1
2024-05-02 21:19:03.106: 107 test start:
2024-05-02 21:19:36.027: 107 avg_reward: 1705.0
2024-05-02 21:19:36.027: 107 avg_steps: 884.9
2024-05-02 21:19:36.027: 107 epsilon: 0.1
2024-05-02 21:38:43.649: 108 test start:
2024-05-02 21:39:17.483: 108 avg_reward: 1875.0
2024-05-02 21:39:17.483: 108 avg_steps: 914.6
2024-05-02 21:39:17.483: 108 epsilon: 0.1
2024-05-02 21:58:12.037: 109 test start:
2024-05-02 21:58:46.321: 109 avg_reward: 1850.0
2024-05-02 21:58:46.321: 109 avg_steps: 933.6
2024-05-02 21:58:46.321: 109 epsilon: 0.1
2024-05-02 22:17:50.747: 110 test start:
2024-05-02 22:18:23.356: 110 avg_reward: 1655.0
2024-05-02 22:18:23.356: 110 avg_steps: 891.65
2024-05-02 22:18:23.356: 110 epsilon: 0.1
2024-05-02 22:37:25.479: 111 test start:
2024-05-02 22:38:02.974: 111 avg_reward: 2060.0
2024-05-02 22:38:02.975: 111 avg_steps: 990.9
2024-05-02 22:38:02.975: 111 epsilon: 0.1
2024-05-02 22:56:59.462: 112 test start:
2024-05-02 22:57:31.019: 112 avg_reward: 1620.0
2024-05-02 22:57:31.019: 112 avg_steps: 858.85
2024-05-02 22:57:31.019: 112 epsilon: 0.1
2024-05-02 23:16:47.101: 113 test start:
2024-05-02 23:17:22.467: 113 avg_reward: 1850.0
2024-05-02 23:17:22.467: 113 avg_steps: 965.45
2024-05-02 23:17:22.467: 113 epsilon: 0.1
2024-05-02 23:36:28.033: 114 test start:
2024-05-02 23:37:02.619: 114 avg_reward: 1610.0
2024-05-02 23:37:02.619: 114 avg_steps: 917.5
2024-05-02 23:37:02.620: 114 epsilon: 0.1
2024-05-02 23:56:07.830: 115 test start:
2024-05-02 23:56:41.943: 115 avg_reward: 1740.0
2024-05-02 23:56:41.943: 115 avg_steps: 921.9
2024-05-02 23:56:41.943: 115 epsilon: 0.1
2024-05-03 00:15:50.550: 116 test start:
2024-05-03 00:16:25.628: 116 avg_reward: 1760.0
2024-05-03 00:16:25.628: 116 avg_steps: 927.0
2024-05-03 00:16:25.628: 116 epsilon: 0.1
2024-05-03 00:35:34.544: 117 test start:
2024-05-03 00:36:07.631: 117 avg_reward: 1750.0
2024-05-03 00:36:07.631: 117 avg_steps: 898.5
2024-05-03 00:36:07.632: 117 epsilon: 0.1
2024-05-03 00:55:12.120: 118 test start:
2024-05-03 00:55:52.055: 118 avg_reward: 2165.0
2024-05-03 00:55:52.055: 118 avg_steps: 1064.35
2024-05-03 00:55:52.055: 118 epsilon: 0.1
2024-05-03 01:14:45.924: 119 test start:
2024-05-03 01:15:25.053: 119 avg_reward: 2185.0
2024-05-03 01:15:25.053: 119 avg_steps: 1045.75
2024-05-03 01:15:25.053: 119 epsilon: 0.1
2024-05-03 01:34:41.287: 120 test start:
2024-05-03 01:35:24.371: 120 avg_reward: 2645.0
2024-05-03 01:35:24.371: 120 avg_steps: 1181.25
2024-05-03 01:35:24.372: 120 epsilon: 0.1
2024-05-03 01:54:19.299: 121 test start:
2024-05-03 01:54:52.186: 121 avg_reward: 1735.0
2024-05-03 01:54:52.186: 121 avg_steps: 873.2
2024-05-03 01:54:52.186: 121 epsilon: 0.1
2024-05-03 02:14:01.782: 122 test start:
2024-05-03 02:14:39.323: 122 avg_reward: 2095.0
2024-05-03 02:14:39.323: 122 avg_steps: 1022.5
2024-05-03 02:14:39.323: 122 epsilon: 0.1
2024-05-03 02:33:43.805: 123 test start:
2024-05-03 02:34:23.707: 123 avg_reward: 2265.0
2024-05-03 02:34:23.707: 123 avg_steps: 1068.85
2024-05-03 02:34:23.707: 123 epsilon: 0.1
2024-05-03 02:53:24.939: 124 test start:
2024-05-03 02:53:58.909: 124 avg_reward: 1770.0
2024-05-03 02:53:58.909: 124 avg_steps: 917.35
2024-05-03 02:53:58.909: 124 epsilon: 0.1
2024-05-03 03:13:00.439: 125 test start:
2024-05-03 03:13:34.489: 125 avg_reward: 1815.0
2024-05-03 03:13:34.490: 125 avg_steps: 902.55
2024-05-03 03:13:34.490: 125 epsilon: 0.1
2024-05-03 03:32:22.929: 126 test start:
2024-05-03 03:32:59.582: 126 avg_reward: 2030.0
2024-05-03 03:32:59.582: 126 avg_steps: 988.55
2024-05-03 03:32:59.582: 126 epsilon: 0.1
2024-05-03 03:52:17.685: 127 test start:
2024-05-03 03:52:57.681: 127 avg_reward: 2190.0
2024-05-03 03:52:57.682: 127 avg_steps: 1061.15
2024-05-03 03:52:57.682: 127 epsilon: 0.1
2024-05-03 04:12:04.459: 128 test start:
2024-05-03 04:12:41.795: 128 avg_reward: 2005.0
2024-05-03 04:12:41.795: 128 avg_steps: 996.85
2024-05-03 04:12:41.795: 128 epsilon: 0.1
2024-05-03 04:31:50.095: 129 test start:
2024-05-03 04:32:25.076: 129 avg_reward: 1860.0
2024-05-03 04:32:25.076: 129 avg_steps: 955.75
2024-05-03 04:32:25.076: 129 epsilon: 0.1
2024-05-03 04:51:28.976: 130 test start:
2024-05-03 04:52:09.724: 130 avg_reward: 2255.0
2024-05-03 04:52:09.724: 130 avg_steps: 1091.15
2024-05-03 04:52:09.724: 130 epsilon: 0.1
2024-05-03 05:10:53.606: 131 test start:
2024-05-03 05:11:27.453: 131 avg_reward: 1875.0
2024-05-03 05:11:27.453: 131 avg_steps: 910.15
2024-05-03 05:11:27.453: 131 epsilon: 0.1
2024-05-03 05:30:40.365: 132 test start:
2024-05-03 05:31:08.782: 132 avg_reward: 1410.0
2024-05-03 05:31:08.782: 132 avg_steps: 772.3
2024-05-03 05:31:08.782: 132 epsilon: 0.1
2024-05-03 05:49:44.499: 133 test start:
2024-05-03 05:50:23.295: 133 avg_reward: 2060.0
2024-05-03 05:50:23.295: 133 avg_steps: 1029.95
2024-05-03 05:50:23.295: 133 epsilon: 0.1
2024-05-03 06:09:49.815: 134 test start:
2024-05-03 06:10:28.807: 134 avg_reward: 2235.0
2024-05-03 06:10:28.807: 134 avg_steps: 1064.8
2024-05-03 06:10:28.807: 134 epsilon: 0.1
2024-05-03 06:29:52.151: 135 test start:
2024-05-03 06:30:31.271: 135 avg_reward: 2155.0
2024-05-03 06:30:31.271: 135 avg_steps: 1050.75
2024-05-03 06:30:31.271: 135 epsilon: 0.1
2024-05-03 06:49:36.118: 136 test start:
2024-05-03 06:50:16.657: 136 avg_reward: 2460.0
2024-05-03 06:50:16.657: 136 avg_steps: 1092.05
2024-05-03 06:50:16.657: 136 epsilon: 0.1
2024-05-03 07:09:35.503: 137 test start:
2024-05-03 07:10:09.940: 137 avg_reward: 1870.0
2024-05-03 07:10:09.940: 137 avg_steps: 926.35
2024-05-03 07:10:09.940: 137 epsilon: 0.1
2024-05-03 07:29:19.860: 138 test start:
2024-05-03 07:29:57.187: 138 avg_reward: 1990.0
2024-05-03 07:29:57.187: 138 avg_steps: 974.85
2024-05-03 07:29:57.188: 138 epsilon: 0.1
2024-05-03 07:49:16.834: 139 test start:
2024-05-03 07:49:53.768: 139 avg_reward: 2145.0
2024-05-03 07:49:53.768: 139 avg_steps: 990.9
2024-05-03 07:49:53.768: 139 epsilon: 0.1
2024-05-03 08:09:01.980: 140 test start:
2024-05-03 08:09:38.531: 140 avg_reward: 2055.0
2024-05-03 08:09:38.531: 140 avg_steps: 1000.5
2024-05-03 08:09:38.531: 140 epsilon: 0.1
2024-05-03 08:28:50.827: 141 test start:
2024-05-03 08:29:38.573: 141 avg_reward: 3065.0
2024-05-03 08:29:38.573: 141 avg_steps: 1290.25
2024-05-03 08:29:38.573: 141 epsilon: 0.1
2024-05-03 08:48:55.170: 142 test start:
2024-05-03 08:49:34.995: 142 avg_reward: 2215.0
2024-05-03 08:49:34.995: 142 avg_steps: 1036.95
2024-05-03 08:49:34.995: 142 epsilon: 0.1
2024-05-03 09:08:19.012: 143 test start:
2024-05-03 09:08:55.709: 143 avg_reward: 2130.0
2024-05-03 09:08:55.709: 143 avg_steps: 999.8
2024-05-03 09:08:55.709: 143 epsilon: 0.1
2024-05-03 09:28:04.716: 144 test start:
2024-05-03 09:28:32.764: 144 avg_reward: 1470.0
2024-05-03 09:28:32.765: 144 avg_steps: 751.2
2024-05-03 09:28:32.765: 144 epsilon: 0.1
2024-05-03 09:47:43.238: 145 test start:
2024-05-03 09:48:21.717: 145 avg_reward: 2300.0
2024-05-03 09:48:21.717: 145 avg_steps: 1049.85
2024-05-03 09:48:21.717: 145 epsilon: 0.1
2024-05-03 10:07:35.558: 146 test start:
2024-05-03 10:08:06.799: 146 avg_reward: 1665.0
2024-05-03 10:08:06.799: 146 avg_steps: 855.6
2024-05-03 10:08:06.799: 146 epsilon: 0.1
2024-05-03 10:26:57.752: 147 test start:
2024-05-03 10:27:28.231: 147 avg_reward: 1685.0
2024-05-03 10:27:28.231: 147 avg_steps: 804.6
2024-05-03 10:27:28.231: 147 epsilon: 0.1
2024-05-03 10:46:26.154: 148 test start:
2024-05-03 10:46:59.738: 148 avg_reward: 1980.0
2024-05-03 10:46:59.738: 148 avg_steps: 896.45
2024-05-03 10:46:59.738: 148 epsilon: 0.1
2024-05-03 11:05:58.730: 149 test start:
2024-05-03 11:06:32.420: 149 avg_reward: 1935.0
2024-05-03 11:06:32.421: 149 avg_steps: 901.05
2024-05-03 11:06:32.421: 149 epsilon: 0.1
2024-05-03 11:25:48.739: 150 test start:
2024-05-03 11:26:18.359: 150 avg_reward: 1590.0
2024-05-03 11:26:18.359: 150 avg_steps: 781.8
2024-05-03 11:26:18.359: 150 epsilon: 0.1
2024-05-03 11:45:30.161: 151 test start:
2024-05-03 11:46:02.528: 151 avg_reward: 1965.0
2024-05-03 11:46:02.528: 151 avg_steps: 879.05
2024-05-03 11:46:02.528: 151 epsilon: 0.1
2024-05-03 12:05:29.989: 152 test start:
2024-05-03 12:06:02.029: 152 avg_reward: 1830.0
2024-05-03 12:06:02.029: 152 avg_steps: 846.6
2024-05-03 12:06:02.029: 152 epsilon: 0.1
2024-05-03 12:24:51.478: 153 test start:
2024-05-03 12:25:31.296: 153 avg_reward: 2315.0
2024-05-03 12:25:31.296: 153 avg_steps: 1041.0
2024-05-03 12:25:31.296: 153 epsilon: 0.1
2024-05-03 12:45:09.779: 154 test start:
2024-05-03 12:45:46.171: 154 avg_reward: 2160.0
2024-05-03 12:45:46.171: 154 avg_steps: 977.8
2024-05-03 12:45:46.171: 154 epsilon: 0.1
2024-05-03 13:04:36.613: 155 test start:
2024-05-03 13:05:08.854: 155 avg_reward: 1765.0
2024-05-03 13:05:08.855: 155 avg_steps: 862.1
2024-05-03 13:05:08.855: 155 epsilon: 0.1
2024-05-03 13:24:02.130: 156 test start:
2024-05-03 13:24:30.403: 156 avg_reward: 1565.0
2024-05-03 13:24:30.403: 156 avg_steps: 767.4
2024-05-03 13:24:30.403: 156 epsilon: 0.1
2024-05-03 13:43:33.911: 157 test start:
2024-05-03 13:44:20.230: 157 avg_reward: 3010.0
2024-05-03 13:44:20.230: 157 avg_steps: 1242.9
2024-05-03 13:44:20.230: 157 epsilon: 0.1
2024-05-03 14:03:33.043: 158 test start:
2024-05-03 14:04:14.326: 158 avg_reward: 2615.0
2024-05-03 14:04:14.326: 158 avg_steps: 1130.45
2024-05-03 14:04:14.326: 158 epsilon: 0.1
2024-05-03 14:23:30.070: 159 test start:
2024-05-03 14:24:02.559: 159 avg_reward: 1925.0
2024-05-03 14:24:02.559: 159 avg_steps: 862.95
2024-05-03 14:24:02.559: 159 epsilon: 0.1
2024-05-03 14:42:56.007: 160 test start:
2024-05-03 14:43:27.354: 160 avg_reward: 1805.0
2024-05-03 14:43:27.354: 160 avg_steps: 841.3
2024-05-03 14:43:27.354: 160 epsilon: 0.1
2024-05-03 15:02:41.662: 161 test start:
2024-05-03 15:03:19.861: 161 avg_reward: 2315.0
2024-05-03 15:03:19.861: 161 avg_steps: 1037.9
2024-05-03 15:03:19.861: 161 epsilon: 0.1
2024-05-03 15:22:23.759: 162 test start:
2024-05-03 15:22:56.428: 162 avg_reward: 1865.0
2024-05-03 15:22:56.428: 162 avg_steps: 875.8
2024-05-03 15:22:56.428: 162 epsilon: 0.1
2024-05-03 15:41:55.559: 163 test start:
2024-05-03 15:42:25.878: 163 avg_reward: 1685.0
2024-05-03 15:42:25.878: 163 avg_steps: 812.15
2024-05-03 15:42:25.878: 163 epsilon: 0.1
2024-05-03 16:01:48.211: 164 test start:
2024-05-03 16:02:14.450: 164 avg_reward: 1465.0
2024-05-03 16:02:14.450: 164 avg_steps: 708.85
2024-05-03 16:02:14.450: 164 epsilon: 0.1
2024-05-03 16:20:57.345: 165 test start:
2024-05-03 16:21:29.553: 165 avg_reward: 1870.0
2024-05-03 16:21:29.553: 165 avg_steps: 853.1
2024-05-03 16:21:29.553: 165 epsilon: 0.1
2024-05-03 16:40:39.305: 166 test start:
2024-05-03 16:41:08.931: 166 avg_reward: 1555.0
2024-05-03 16:41:08.931: 166 avg_steps: 814.55
2024-05-03 16:41:08.932: 166 epsilon: 0.1
2024-05-03 17:00:12.129: 167 test start:
2024-05-03 17:00:39.192: 167 avg_reward: 1450.0
2024-05-03 17:00:39.192: 167 avg_steps: 725.45
2024-05-03 17:00:39.192: 167 epsilon: 0.1
2024-05-03 17:19:51.132: 168 test start:
2024-05-03 17:20:26.801: 168 avg_reward: 2095.0
2024-05-03 17:20:26.801: 168 avg_steps: 960.25
2024-05-03 17:20:26.801: 168 epsilon: 0.1
2024-05-03 17:39:17.233: 169 test start:
2024-05-03 17:39:58.588: 169 avg_reward: 2790.0
2024-05-03 17:39:58.588: 169 avg_steps: 1119.45
2024-05-03 17:39:58.588: 169 epsilon: 0.1
2024-05-03 17:59:13.304: 170 test start:
2024-05-03 17:59:40.516: 170 avg_reward: 1450.0
2024-05-03 17:59:40.517: 170 avg_steps: 732.15
2024-05-03 17:59:40.517: 170 epsilon: 0.1
2024-05-03 18:18:39.533: 171 test start:
2024-05-03 18:19:12.343: 171 avg_reward: 1990.0
2024-05-03 18:19:12.343: 171 avg_steps: 870.7
2024-05-03 18:19:12.344: 171 epsilon: 0.1
2024-05-03 18:38:16.664: 172 test start:
2024-05-03 18:38:48.478: 172 avg_reward: 1870.0
2024-05-03 18:38:48.478: 172 avg_steps: 852.1
2024-05-03 18:38:48.479: 172 epsilon: 0.1
2024-05-03 18:58:06.100: 173 test start:
2024-05-03 18:58:39.283: 173 avg_reward: 1890.0
2024-05-03 18:58:39.283: 173 avg_steps: 901.0
2024-05-03 18:58:39.283: 173 epsilon: 0.1
2024-05-03 19:17:43.953: 174 test start:
2024-05-03 19:18:17.797: 174 avg_reward: 1960.0
2024-05-03 19:18:17.798: 174 avg_steps: 891.1
2024-05-03 19:18:17.798: 174 epsilon: 0.1
2024-05-03 19:37:06.540: 175 test start:
2024-05-03 19:37:39.215: 175 avg_reward: 1935.0
2024-05-03 19:37:39.215: 175 avg_steps: 878.45
2024-05-03 19:37:39.215: 175 epsilon: 0.1
2024-05-03 19:56:52.415: 176 test start:
2024-05-03 19:57:19.359: 176 avg_reward: 1400.0
2024-05-03 19:57:19.359: 176 avg_steps: 716.1
2024-05-03 19:57:19.359: 176 epsilon: 0.1
2024-05-03 20:16:17.590: 177 test start:
2024-05-03 20:16:45.972: 177 avg_reward: 1600.0
2024-05-03 20:16:45.972: 177 avg_steps: 761.35
2024-05-03 20:16:45.972: 177 epsilon: 0.1
2024-05-03 20:35:50.459: 178 test start:
2024-05-03 20:36:21.403: 178 avg_reward: 1610.0
2024-05-03 20:36:21.403: 178 avg_steps: 808.1
2024-05-03 20:36:21.403: 178 epsilon: 0.1
2024-05-03 20:55:20.949: 179 test start:
2024-05-03 20:55:49.569: 179 avg_reward: 1545.0
2024-05-03 20:55:49.570: 179 avg_steps: 780.1
2024-05-03 20:55:49.570: 179 epsilon: 0.1
2024-05-03 21:15:00.629: 180 test start:
2024-05-03 21:15:39.065: 180 avg_reward: 2465.0
2024-05-03 21:15:39.066: 180 avg_steps: 1056.65
2024-05-03 21:15:39.066: 180 epsilon: 0.1
2024-05-03 21:34:32.275: 181 test start:
2024-05-03 21:35:07.828: 181 avg_reward: 2035.0
2024-05-03 21:35:07.828: 181 avg_steps: 954.85
2024-05-03 21:35:07.828: 181 epsilon: 0.1
2024-05-03 21:54:19.675: 182 test start:
2024-05-03 21:54:50.292: 182 avg_reward: 1575.0
2024-05-03 21:54:50.292: 182 avg_steps: 825.55
2024-05-03 21:54:50.292: 182 epsilon: 0.1
2024-05-03 22:13:51.824: 183 test start:
2024-05-03 22:14:28.535: 183 avg_reward: 2150.0
2024-05-03 22:14:28.535: 183 avg_steps: 972.25
2024-05-03 22:14:28.535: 183 epsilon: 0.1
2024-05-03 22:33:37.916: 184 test start:
2024-05-03 22:34:19.587: 184 avg_reward: 2765.0
2024-05-03 22:34:19.587: 184 avg_steps: 1124.05
2024-05-03 22:34:19.587: 184 epsilon: 0.1
2024-05-03 22:53:51.477: 185 test start:
2024-05-03 22:54:37.596: 185 avg_reward: 3210.0
2024-05-03 22:54:37.596: 185 avg_steps: 1242.5
2024-05-03 22:54:37.596: 185 epsilon: 0.1
2024-05-03 23:13:24.322: 186 test start:
2024-05-03 23:14:03.934: 186 avg_reward: 2385.0
2024-05-03 23:14:03.934: 186 avg_steps: 1037.2
2024-05-03 23:14:03.934: 186 epsilon: 0.1
2024-05-03 23:33:19.599: 187 test start:
2024-05-03 23:33:59.158: 187 avg_reward: 2690.0
2024-05-03 23:33:59.158: 187 avg_steps: 1079.8
2024-05-03 23:33:59.158: 187 epsilon: 0.1
2024-05-03 23:52:56.785: 188 test start:
2024-05-03 23:53:42.215: 188 avg_reward: 2985.0
2024-05-03 23:53:42.215: 188 avg_steps: 1211.7
2024-05-03 23:53:42.215: 188 epsilon: 0.1
2024-05-04 00:12:42.348: 189 test start:
2024-05-04 00:13:28.523: 189 avg_reward: 3320.0
2024-05-04 00:13:28.523: 189 avg_steps: 1259.45
2024-05-04 00:13:28.523: 189 epsilon: 0.1
2024-05-04 00:32:27.714: 190 test start:
2024-05-04 00:33:11.191: 190 avg_reward: 3170.0
2024-05-04 00:33:11.191: 190 avg_steps: 1187.2
2024-05-04 00:33:11.191: 190 epsilon: 0.1
2024-05-04 00:52:12.854: 191 test start:
2024-05-04 00:52:47.674: 191 avg_reward: 2255.0
2024-05-04 00:52:47.674: 191 avg_steps: 952.9
2024-05-04 00:52:47.674: 191 epsilon: 0.1
2024-05-04 01:12:02.829: 192 test start:
2024-05-04 01:12:52.452: 192 avg_reward: 3785.0
2024-05-04 01:12:52.452: 192 avg_steps: 1346.4
2024-05-04 01:12:52.452: 192 epsilon: 0.1
2024-05-04 01:31:50.538: 193 test start:
2024-05-04 01:32:34.561: 193 avg_reward: 3040.0
2024-05-04 01:32:34.562: 193 avg_steps: 1205.7
2024-05-04 01:32:34.562: 193 epsilon: 0.1
2024-05-04 01:51:51.702: 194 test start:
2024-05-04 01:52:32.937: 194 avg_reward: 2750.0
2024-05-04 01:52:32.937: 194 avg_steps: 1126.5
2024-05-04 01:52:32.938: 194 epsilon: 0.1
2024-05-04 02:11:37.431: 195 test start:
2024-05-04 02:12:23.946: 195 avg_reward: 3530.0
2024-05-04 02:12:23.946: 195 avg_steps: 1262.65
2024-05-04 02:12:23.946: 195 epsilon: 0.1
2024-05-04 02:31:25.943: 196 test start:
2024-05-04 02:32:19.584: 196 avg_reward: 4210.0
2024-05-04 02:32:19.584: 196 avg_steps: 1468.35
2024-05-04 02:32:19.584: 196 epsilon: 0.1
2024-05-04 02:51:27.860: 197 test start:
2024-05-04 02:52:06.837: 197 avg_reward: 2555.0
2024-05-04 02:52:06.837: 197 avg_steps: 1043.1
2024-05-04 02:52:06.837: 197 epsilon: 0.1
2024-05-04 03:11:00.505: 198 test start:
2024-05-04 03:11:50.697: 198 avg_reward: 3845.0
2024-05-04 03:11:50.697: 198 avg_steps: 1350.8
2024-05-04 03:11:50.697: 198 epsilon: 0.1
2024-05-04 03:31:27.263: 199 test start:
2024-05-04 03:32:15.748: 199 avg_reward: 3865.0
2024-05-04 03:32:15.748: 199 avg_steps: 1353.6
2024-05-04 03:32:15.748: 199 epsilon: 0.1
2024-05-04 03:51:02.481: 200 test start:
2024-05-04 03:51:36.225: 200 avg_reward: 2185.0
2024-05-04 03:51:36.225: 200 avg_steps: 911.4
2024-05-04 03:51:36.225: 200 epsilon: 0.1
2024-05-04 04:10:34.713: 201 test start:
2024-05-04 04:11:18.285: 201 avg_reward: 3315.0
2024-05-04 04:11:18.285: 201 avg_steps: 1189.25
2024-05-04 04:11:18.285: 201 epsilon: 0.1
2024-05-04 04:30:38.394: 202 test start:
2024-05-04 04:31:28.561: 202 avg_reward: 3690.0
2024-05-04 04:31:28.561: 202 avg_steps: 1335.8
2024-05-04 04:31:28.561: 202 epsilon: 0.1
2024-05-04 04:50:20.337: 203 test start:
2024-05-04 04:51:09.068: 203 avg_reward: 3675.0
2024-05-04 04:51:09.069: 203 avg_steps: 1296.3
2024-05-04 04:51:09.069: 203 epsilon: 0.1
2024-05-04 05:10:48.261: 204 test start:
2024-05-04 05:11:19.571: 204 avg_reward: 1780.0
2024-05-04 05:11:19.571: 204 avg_steps: 836.7
2024-05-04 05:11:19.571: 204 epsilon: 0.1
2024-05-04 05:30:06.031: 205 test start:
2024-05-04 05:30:58.155: 205 avg_reward: 4075.0
2024-05-04 05:30:58.155: 205 avg_steps: 1404.4
2024-05-04 05:30:58.155: 205 epsilon: 0.1
2024-05-04 05:50:19.622: 206 test start:
2024-05-04 05:50:56.952: 206 avg_reward: 2330.0
2024-05-04 05:50:56.952: 206 avg_steps: 1016.6
2024-05-04 05:50:56.952: 206 epsilon: 0.1
2024-05-04 06:10:15.044: 207 test start:
2024-05-04 06:11:06.300: 207 avg_reward: 4090.0
2024-05-04 06:11:06.300: 207 avg_steps: 1384.55
2024-05-04 06:11:06.300: 207 epsilon: 0.1
2024-05-04 06:30:16.910: 208 test start:
2024-05-04 06:31:07.558: 208 avg_reward: 4140.0
2024-05-04 06:31:07.558: 208 avg_steps: 1384.65
2024-05-04 06:31:07.558: 208 epsilon: 0.1
2024-05-04 06:50:31.665: 209 test start:
2024-05-04 06:51:20.709: 209 avg_reward: 3755.0
2024-05-04 06:51:20.709: 209 avg_steps: 1329.0
2024-05-04 06:51:20.709: 209 epsilon: 0.1
2024-05-04 07:10:41.658: 210 test start:
2024-05-04 07:11:30.554: 210 avg_reward: 3685.0
2024-05-04 07:11:30.554: 210 avg_steps: 1310.9
2024-05-04 07:11:30.554: 210 epsilon: 0.1
2024-05-04 07:30:26.851: 211 test start:
2024-05-04 07:31:23.816: 211 avg_reward: 4905.0
2024-05-04 07:31:23.816: 211 avg_steps: 1551.05
2024-05-04 07:31:23.816: 211 epsilon: 0.1
2024-05-04 07:50:36.864: 212 test start:
2024-05-04 07:51:25.926: 212 avg_reward: 3760.0
2024-05-04 07:51:25.926: 212 avg_steps: 1328.95
2024-05-04 07:51:25.926: 212 epsilon: 0.1
2024-05-04 08:10:24.864: 213 test start:
2024-05-04 08:11:12.325: 213 avg_reward: 3665.0
2024-05-04 08:11:12.326: 213 avg_steps: 1288.0
2024-05-04 08:11:12.326: 213 epsilon: 0.1
2024-05-04 08:30:11.862: 214 test start:
2024-05-04 08:31:03.643: 214 avg_reward: 4155.0
2024-05-04 08:31:03.643: 214 avg_steps: 1398.5
2024-05-04 08:31:03.643: 214 epsilon: 0.1
2024-05-04 08:50:15.552: 215 test start:
2024-05-04 08:51:09.534: 215 avg_reward: 4175.0
2024-05-04 08:51:09.534: 215 avg_steps: 1440.5
2024-05-04 08:51:09.534: 215 epsilon: 0.1
2024-05-04 09:10:33.188: 216 test start:
2024-05-04 09:11:22.966: 216 avg_reward: 3920.0
2024-05-04 09:11:22.966: 216 avg_steps: 1350.15
2024-05-04 09:11:22.966: 216 epsilon: 0.1
2024-05-04 09:30:23.323: 217 test start:
2024-05-04 09:31:03.585: 217 avg_reward: 2985.0
2024-05-04 09:31:03.585: 217 avg_steps: 1079.15
2024-05-04 09:31:03.585: 217 epsilon: 0.1
2024-05-04 09:50:40.276: 218 test start:
2024-05-04 09:51:14.503: 218 avg_reward: 2460.0
2024-05-04 09:51:14.503: 218 avg_steps: 977.6
2024-05-04 09:51:14.503: 218 epsilon: 0.1
