2024-05-01 10:09:25.752: 
parameters:agent_saving_period: 80000
agent_test_episodes: 20
batch_num_per_epoch: 100000
device: cuda:0
env_name: ALE/Phoenix-v5
epsilon_for_test: 0.05
epsilon_max: 1.0
epsilon_min: 0.1
exploration_steps: 1000000
gamma: 0.99
input_frame_height: 84
input_frame_width: 84
learning_rate: 1.0e-05
log_path: ../exps/dqn/
mini_batch_size: 32
no_op: 30
phi_channel: 4
replay_buffer_size: 200000
replay_start_size: 10000
save_path: ./exps/
skip_k_frame: 4
step_c: 10000
training_steps: 50000000

2024-05-01 10:23:36.739: 1 test start:
2024-05-01 10:24:03.893: 1 avg_reward: 348.5
2024-05-01 10:24:03.894: 1 avg_steps: 852.6
2024-05-01 10:24:03.894: 1 epsilon: 0.9203707
2024-05-01 10:41:56.206: 2 test start:
2024-05-01 10:47:38.355: 2 avg_reward: 390.5
2024-05-01 10:47:38.355: 2 avg_steps: 10621.05
2024-05-01 10:47:38.355: 2 epsilon: 0.8341092999999999
2024-05-01 11:07:02.903: 3 test start:
2024-05-01 11:07:22.514: 3 avg_reward: 370.0
2024-05-01 11:07:22.514: 3 avg_steps: 560.6
2024-05-01 11:07:22.515: 3 epsilon: 0.7472359
2024-05-01 11:26:40.034: 4 test start:
2024-05-01 11:27:02.171: 4 avg_reward: 628.5
2024-05-01 11:27:02.171: 4 avg_steps: 663.8
2024-05-01 11:27:02.171: 4 epsilon: 0.6614974
2024-05-01 11:46:12.095: 5 test start:
2024-05-01 11:46:31.959: 5 avg_reward: 500.0
2024-05-01 11:46:31.959: 5 avg_steps: 590.2
2024-05-01 11:46:31.959: 5 epsilon: 0.5753899
2024-05-01 12:05:56.640: 6 test start:
2024-05-01 12:06:19.793: 6 avg_reward: 835.0
2024-05-01 12:06:19.793: 6 avg_steps: 683.8
2024-05-01 12:06:19.793: 6 epsilon: 0.4889557
2024-05-01 12:25:10.378: 7 test start:
2024-05-01 12:25:37.409: 7 avg_reward: 1143.5
2024-05-01 12:25:37.409: 7 avg_steps: 805.4
2024-05-01 12:25:37.409: 7 epsilon: 0.40252239999999995
2024-05-01 12:44:46.707: 8 test start:
2024-05-01 12:45:16.229: 8 avg_reward: 1240.0
2024-05-01 12:45:16.230: 8 avg_steps: 845.4
2024-05-01 12:45:16.230: 8 epsilon: 0.3159603999999999
2024-05-01 13:04:22.799: 9 test start:
2024-05-01 13:04:49.251: 9 avg_reward: 967.0
2024-05-01 13:04:49.251: 9 avg_steps: 781.4
2024-05-01 13:04:49.251: 9 epsilon: 0.22899249999999993
2024-05-01 13:23:54.815: 10 test start:
2024-05-01 13:24:23.657: 10 avg_reward: 1033.5
2024-05-01 13:24:23.657: 10 avg_steps: 882.2
2024-05-01 13:24:23.657: 10 epsilon: 0.1426905999999999
2024-05-01 13:43:34.883: 11 test start:
2024-05-01 13:44:06.774: 11 avg_reward: 1660.0
2024-05-01 13:44:06.774: 11 avg_steps: 970.2
2024-05-01 13:44:06.774: 11 epsilon: 0.1
2024-05-01 14:03:27.611: 12 test start:
2024-05-01 14:04:04.515: 12 avg_reward: 2515.5
2024-05-01 14:04:04.515: 12 avg_steps: 1057.4
2024-05-01 14:04:04.515: 12 epsilon: 0.1
2024-05-01 14:23:11.943: 13 test start:
2024-05-01 14:23:43.794: 13 avg_reward: 2480.0
2024-05-01 14:23:43.794: 13 avg_steps: 969.4
2024-05-01 14:23:43.794: 13 epsilon: 0.1
2024-05-01 14:42:54.551: 14 test start:
2024-05-01 14:43:24.244: 14 avg_reward: 2188.5
2024-05-01 14:43:24.244: 14 avg_steps: 880.6
2024-05-01 14:43:24.244: 14 epsilon: 0.1
2024-05-01 15:02:42.562: 15 test start:
2024-05-01 15:03:14.756: 15 avg_reward: 2485.0
2024-05-01 15:03:14.756: 15 avg_steps: 948.6
2024-05-01 15:03:14.756: 15 epsilon: 0.1
2024-05-01 15:22:15.267: 16 test start:
2024-05-01 15:22:43.814: 16 avg_reward: 1624.0
2024-05-01 15:22:43.814: 16 avg_steps: 840.6
2024-05-01 15:22:43.814: 16 epsilon: 0.1
2024-05-01 15:41:23.709: 17 test start:
2024-05-01 15:41:51.540: 17 avg_reward: 2000.5
2024-05-01 15:41:51.540: 17 avg_steps: 844.6
2024-05-01 15:41:51.540: 17 epsilon: 0.1
2024-05-01 16:01:09.125: 18 test start:
2024-05-01 16:01:35.916: 18 avg_reward: 1746.0
2024-05-01 16:01:35.916: 18 avg_steps: 830.2
2024-05-01 16:01:35.916: 18 epsilon: 0.1
2024-05-01 16:20:26.368: 19 test start:
2024-05-01 16:20:55.635: 19 avg_reward: 2298.0
2024-05-01 16:20:55.635: 19 avg_steps: 915.0
2024-05-01 16:20:55.635: 19 epsilon: 0.1
2024-05-01 16:40:00.261: 20 test start:
2024-05-01 16:40:30.182: 20 avg_reward: 2353.5
2024-05-01 16:40:30.183: 20 avg_steps: 915.0
2024-05-01 16:40:30.183: 20 epsilon: 0.1
2024-05-01 16:59:15.066: 21 test start:
2024-05-01 16:59:44.349: 21 avg_reward: 2297.5
2024-05-01 16:59:44.349: 21 avg_steps: 874.2
2024-05-01 16:59:44.349: 21 epsilon: 0.1
2024-05-01 17:18:43.756: 22 test start:
2024-05-01 17:19:16.921: 22 avg_reward: 2751.5
2024-05-01 17:19:16.921: 22 avg_steps: 1025.4
2024-05-01 17:19:16.921: 22 epsilon: 0.1
2024-05-01 17:38:26.272: 23 test start:
2024-05-01 17:38:57.497: 23 avg_reward: 2378.0
2024-05-01 17:38:57.497: 23 avg_steps: 938.2
2024-05-01 17:38:57.497: 23 epsilon: 0.1
2024-05-01 17:57:46.743: 24 test start:
2024-05-01 17:58:16.289: 24 avg_reward: 2251.5
2024-05-01 17:58:16.290: 24 avg_steps: 895.0
2024-05-01 17:58:16.290: 24 epsilon: 0.1
2024-05-01 18:17:32.796: 25 test start:
2024-05-01 18:18:04.901: 25 avg_reward: 2402.0
2024-05-01 18:18:04.901: 25 avg_steps: 957.4
2024-05-01 18:18:04.901: 25 epsilon: 0.1
2024-05-01 18:36:55.368: 26 test start:
2024-05-01 18:37:28.605: 26 avg_reward: 2988.5
2024-05-01 18:37:28.605: 26 avg_steps: 983.8
2024-05-01 18:37:28.605: 26 epsilon: 0.1
2024-05-01 18:56:18.681: 27 test start:
2024-05-01 18:56:52.024: 27 avg_reward: 2628.5
2024-05-01 18:56:52.025: 27 avg_steps: 1003.0
2024-05-01 18:56:52.025: 27 epsilon: 0.1
2024-05-01 19:15:15.218: 28 test start:
2024-05-01 19:15:47.278: 28 avg_reward: 2286.0
2024-05-01 19:15:47.279: 28 avg_steps: 962.2
2024-05-01 19:15:47.279: 28 epsilon: 0.1
2024-05-01 19:34:46.361: 29 test start:
2024-05-01 19:35:22.446: 29 avg_reward: 3018.0
2024-05-01 19:35:22.447: 29 avg_steps: 1103.8
2024-05-01 19:35:22.447: 29 epsilon: 0.1
2024-05-01 19:54:14.937: 30 test start:
2024-05-01 19:54:51.282: 30 avg_reward: 3258.5
2024-05-01 19:54:51.282: 30 avg_steps: 1095.0
2024-05-01 19:54:51.282: 30 epsilon: 0.1
2024-05-01 20:14:03.943: 31 test start:
2024-05-01 20:14:39.287: 31 avg_reward: 2493.5
2024-05-01 20:14:39.288: 31 avg_steps: 1040.6
2024-05-01 20:14:39.288: 31 epsilon: 0.1
2024-05-01 20:34:39.932: 32 test start:
2024-05-01 20:35:16.568: 32 avg_reward: 2935.0
2024-05-01 20:35:16.568: 32 avg_steps: 1082.2
2024-05-01 20:35:16.568: 32 epsilon: 0.1
2024-05-01 20:53:49.671: 33 test start:
2024-05-01 20:54:17.279: 33 avg_reward: 2995.5
2024-05-01 20:54:17.279: 33 avg_steps: 839.8
2024-05-01 20:54:17.279: 33 epsilon: 0.1
2024-05-01 21:13:04.435: 34 test start:
2024-05-01 21:13:40.748: 34 avg_reward: 3271.5
2024-05-01 21:13:40.748: 34 avg_steps: 1116.6
2024-05-01 21:13:40.748: 34 epsilon: 0.1
2024-05-01 21:32:44.431: 35 test start:
2024-05-01 21:33:18.292: 35 avg_reward: 2725.0
2024-05-01 21:33:18.292: 35 avg_steps: 1020.6
2024-05-01 21:33:18.292: 35 epsilon: 0.1
2024-05-01 21:52:21.673: 36 test start:
2024-05-01 21:52:56.765: 36 avg_reward: 3639.5
2024-05-01 21:52:56.765: 36 avg_steps: 1052.6
2024-05-01 21:52:56.765: 36 epsilon: 0.1
2024-05-01 22:12:00.767: 37 test start:
2024-05-01 22:12:41.157: 37 avg_reward: 3669.5
2024-05-01 22:12:41.157: 37 avg_steps: 1234.2
2024-05-01 22:12:41.157: 37 epsilon: 0.1
2024-05-01 22:31:29.489: 38 test start:
2024-05-01 22:32:03.032: 38 avg_reward: 2831.0
2024-05-01 22:32:03.032: 38 avg_steps: 1034.2
2024-05-01 22:32:03.032: 38 epsilon: 0.1
2024-05-01 22:50:50.920: 39 test start:
2024-05-01 22:51:26.715: 39 avg_reward: 3202.5
2024-05-01 22:51:26.715: 39 avg_steps: 1121.4
2024-05-01 22:51:26.715: 39 epsilon: 0.1
2024-05-01 23:10:25.780: 40 test start:
2024-05-01 23:12:25.648: 40 avg_reward: 3320.0
2024-05-01 23:12:25.648: 40 avg_steps: 3721.1
2024-05-01 23:12:25.648: 40 epsilon: 0.1
2024-05-01 23:31:41.490: 41 test start:
2024-05-01 23:32:18.283: 41 avg_reward: 3744.5
2024-05-01 23:32:18.283: 41 avg_steps: 1135.8
2024-05-01 23:32:18.283: 41 epsilon: 0.1
2024-05-01 23:51:11.125: 42 test start:
2024-05-01 23:52:23.641: 42 avg_reward: 2868.0
2024-05-01 23:52:23.642: 42 avg_steps: 2273.65
2024-05-01 23:52:23.642: 42 epsilon: 0.1
2024-05-02 00:11:19.748: 43 test start:
2024-05-02 00:13:17.206: 43 avg_reward: 3262.5
2024-05-02 00:13:17.207: 43 avg_steps: 3665.9
2024-05-02 00:13:17.207: 43 epsilon: 0.1
2024-05-02 00:32:20.504: 44 test start:
2024-05-02 00:33:14.650: 44 avg_reward: 2498.0
2024-05-02 00:33:14.650: 44 avg_steps: 1665.4
2024-05-02 00:33:14.650: 44 epsilon: 0.1
2024-05-02 00:52:37.234: 45 test start:
2024-05-02 00:53:07.045: 45 avg_reward: 2677.5
2024-05-02 00:53:07.045: 45 avg_steps: 919.8
2024-05-02 00:53:07.045: 45 epsilon: 0.1
2024-05-02 01:12:16.988: 46 test start:
2024-05-02 01:12:47.944: 46 avg_reward: 2604.0
2024-05-02 01:12:47.944: 46 avg_steps: 947.8
2024-05-02 01:12:47.944: 46 epsilon: 0.1
2024-05-02 01:31:58.313: 47 test start:
2024-05-02 01:34:45.638: 47 avg_reward: 3776.0
2024-05-02 01:34:45.638: 47 avg_steps: 5233.35
2024-05-02 01:34:45.638: 47 epsilon: 0.1
2024-05-02 01:53:54.325: 48 test start:
2024-05-02 01:54:35.628: 48 avg_reward: 3156.5
2024-05-02 01:54:35.629: 48 avg_steps: 1243.8
2024-05-02 01:54:35.629: 48 epsilon: 0.1
2024-05-02 02:13:28.098: 49 test start:
2024-05-02 02:14:02.108: 49 avg_reward: 2891.0
2024-05-02 02:14:02.108: 49 avg_steps: 1035.8
2024-05-02 02:14:02.108: 49 epsilon: 0.1
2024-05-02 02:32:34.973: 50 test start:
2024-05-02 02:33:11.901: 50 avg_reward: 3827.5
2024-05-02 02:33:11.901: 50 avg_steps: 1143.0
2024-05-02 02:33:11.901: 50 epsilon: 0.1
2024-05-02 02:52:25.575: 51 test start:
2024-05-02 02:52:58.111: 51 avg_reward: 2916.0
2024-05-02 02:52:58.111: 51 avg_steps: 986.2
2024-05-02 02:52:58.111: 51 epsilon: 0.1
2024-05-02 03:11:53.786: 52 test start:
2024-05-02 03:12:26.959: 52 avg_reward: 2941.0
2024-05-02 03:12:26.959: 52 avg_steps: 997.4
2024-05-02 03:12:26.959: 52 epsilon: 0.1
2024-05-02 03:31:36.219: 53 test start:
2024-05-02 03:32:10.454: 53 avg_reward: 3875.5
2024-05-02 03:32:10.454: 53 avg_steps: 1040.6
2024-05-02 03:32:10.454: 53 epsilon: 0.1
2024-05-02 03:50:32.347: 54 test start:
2024-05-02 03:51:07.576: 54 avg_reward: 3747.5
2024-05-02 03:51:07.576: 54 avg_steps: 1088.6
2024-05-02 03:51:07.576: 54 epsilon: 0.1
2024-05-02 04:10:02.762: 55 test start:
2024-05-02 04:10:36.356: 55 avg_reward: 2588.5
2024-05-02 04:10:36.356: 55 avg_steps: 1015.0
2024-05-02 04:10:36.356: 55 epsilon: 0.1
2024-05-02 04:29:38.722: 56 test start:
2024-05-02 04:30:12.088: 56 avg_reward: 2775.0
2024-05-02 04:30:12.088: 56 avg_steps: 1018.2
2024-05-02 04:30:12.088: 56 epsilon: 0.1
2024-05-02 04:49:00.323: 57 test start:
2024-05-02 04:49:33.039: 57 avg_reward: 2962.0
2024-05-02 04:49:33.039: 57 avg_steps: 1015.0
2024-05-02 04:49:33.039: 57 epsilon: 0.1
2024-05-02 05:08:34.703: 58 test start:
2024-05-02 05:10:28.914: 58 avg_reward: 3000.5
2024-05-02 05:10:28.914: 58 avg_steps: 3581.1
2024-05-02 05:10:28.914: 58 epsilon: 0.1
2024-05-02 05:29:27.214: 59 test start:
2024-05-02 05:30:49.286: 59 avg_reward: 3753.0
2024-05-02 05:30:49.286: 59 avg_steps: 2513.65
2024-05-02 05:30:49.286: 59 epsilon: 0.1
2024-05-02 05:49:30.033: 60 test start:
2024-05-02 05:50:05.210: 60 avg_reward: 3491.5
2024-05-02 05:50:05.210: 60 avg_steps: 1065.4
2024-05-02 05:50:05.210: 60 epsilon: 0.1
2024-05-02 06:09:16.597: 61 test start:
2024-05-02 06:09:48.737: 61 avg_reward: 2699.5
2024-05-02 06:09:48.737: 61 avg_steps: 1000.6
2024-05-02 06:09:48.737: 61 epsilon: 0.1
2024-05-02 06:28:45.222: 62 test start:
2024-05-02 06:29:18.363: 62 avg_reward: 3046.5
2024-05-02 06:29:18.363: 62 avg_steps: 1008.6
2024-05-02 06:29:18.363: 62 epsilon: 0.1
2024-05-02 06:47:55.130: 63 test start:
2024-05-02 06:48:33.010: 63 avg_reward: 3199.5
2024-05-02 06:48:33.010: 63 avg_steps: 1126.2
2024-05-02 06:48:33.010: 63 epsilon: 0.1
2024-05-02 07:07:27.048: 64 test start:
2024-05-02 07:08:01.655: 64 avg_reward: 3060.0
2024-05-02 07:08:01.655: 64 avg_steps: 1080.6
2024-05-02 07:08:01.655: 64 epsilon: 0.1
2024-05-02 07:26:46.983: 65 test start:
2024-05-02 07:27:19.241: 65 avg_reward: 2442.0
2024-05-02 07:27:19.241: 65 avg_steps: 971.0
2024-05-02 07:27:19.241: 65 epsilon: 0.1
2024-05-02 07:45:33.546: 66 test start:
2024-05-02 07:46:46.108: 66 avg_reward: 2934.5
2024-05-02 07:46:46.108: 66 avg_steps: 2267.25
2024-05-02 07:46:46.108: 66 epsilon: 0.1
2024-05-02 08:05:42.158: 67 test start:
2024-05-02 08:07:00.379: 67 avg_reward: 3546.0
2024-05-02 08:07:00.379: 67 avg_steps: 2400.05
2024-05-02 08:07:00.379: 67 epsilon: 0.1
2024-05-02 08:25:57.212: 68 test start:
2024-05-02 08:26:32.327: 68 avg_reward: 2733.5
2024-05-02 08:26:32.327: 68 avg_steps: 1102.2
2024-05-02 08:26:32.327: 68 epsilon: 0.1
2024-05-02 08:44:59.462: 69 test start:
2024-05-02 08:46:01.695: 69 avg_reward: 3602.5
2024-05-02 08:46:01.695: 69 avg_steps: 1883.8
2024-05-02 08:46:01.695: 69 epsilon: 0.1
2024-05-02 09:07:41.246: 70 test start:
2024-05-02 09:08:19.053: 70 avg_reward: 3358.5
2024-05-02 09:08:19.053: 70 avg_steps: 1131.8
2024-05-02 09:08:19.053: 70 epsilon: 0.1
2024-05-02 09:24:17.222: 71 test start:
2024-05-02 09:24:48.821: 71 avg_reward: 2665.0
2024-05-02 09:24:48.821: 71 avg_steps: 975.0
2024-05-02 09:24:48.821: 71 epsilon: 0.1
2024-05-02 09:43:30.101: 72 test start:
2024-05-02 09:44:21.086: 72 avg_reward: 2498.5
2024-05-02 09:44:21.087: 72 avg_steps: 1550.2
2024-05-02 09:44:21.087: 72 epsilon: 0.1
2024-05-02 10:03:02.629: 73 test start:
2024-05-02 10:03:36.392: 73 avg_reward: 3250.0
2024-05-02 10:03:36.392: 73 avg_steps: 1037.4
2024-05-02 10:03:36.392: 73 epsilon: 0.1
2024-05-02 10:22:45.637: 74 test start:
2024-05-02 10:23:23.930: 74 avg_reward: 2827.0
2024-05-02 10:23:23.930: 74 avg_steps: 1144.6
2024-05-02 10:23:23.930: 74 epsilon: 0.1
2024-05-02 10:42:30.890: 75 test start:
2024-05-02 10:44:30.522: 75 avg_reward: 3637.0
2024-05-02 10:44:30.522: 75 avg_steps: 3801.9
2024-05-02 10:44:30.522: 75 epsilon: 0.1
2024-05-02 11:03:36.178: 76 test start:
2024-05-02 11:04:15.183: 76 avg_reward: 3267.5
2024-05-02 11:04:15.183: 76 avg_steps: 1205.4
2024-05-02 11:04:15.183: 76 epsilon: 0.1
2024-05-02 11:23:04.558: 77 test start:
2024-05-02 11:23:44.121: 77 avg_reward: 3830.5
2024-05-02 11:23:44.121: 77 avg_steps: 1199.8
2024-05-02 11:23:44.121: 77 epsilon: 0.1
2024-05-02 11:42:40.438: 78 test start:
2024-05-02 11:44:38.630: 78 avg_reward: 3719.5
2024-05-02 11:44:38.630: 78 avg_steps: 3688.3
2024-05-02 11:44:38.630: 78 epsilon: 0.1
2024-05-02 12:03:20.554: 79 test start:
2024-05-02 12:04:00.316: 79 avg_reward: 3807.0
2024-05-02 12:04:00.316: 79 avg_steps: 1207.0
2024-05-02 12:04:00.316: 79 epsilon: 0.1
2024-05-02 12:22:50.744: 80 test start:
2024-05-02 12:23:24.172: 80 avg_reward: 2765.0
2024-05-02 12:23:24.172: 80 avg_steps: 1012.6
2024-05-02 12:23:24.172: 80 epsilon: 0.1
2024-05-02 12:42:02.926: 81 test start:
2024-05-02 12:43:23.788: 81 avg_reward: 4112.0
2024-05-02 12:43:23.788: 81 avg_steps: 2500.85
2024-05-02 12:43:23.788: 81 epsilon: 0.1
2024-05-02 13:02:12.622: 82 test start:
2024-05-02 13:02:47.133: 82 avg_reward: 2813.5
2024-05-02 13:02:47.133: 82 avg_steps: 1045.4
2024-05-02 13:02:47.133: 82 epsilon: 0.1
2024-05-02 13:21:48.188: 83 test start:
2024-05-02 13:23:44.601: 83 avg_reward: 3660.5
2024-05-02 13:23:44.602: 83 avg_steps: 3596.3
2024-05-02 13:23:44.602: 83 epsilon: 0.1
2024-05-02 13:42:22.441: 84 test start:
2024-05-02 13:43:03.466: 84 avg_reward: 3655.0
2024-05-02 13:43:03.466: 84 avg_steps: 1206.2
2024-05-02 13:43:03.466: 84 epsilon: 0.1
2024-05-02 14:02:02.155: 85 test start:
2024-05-02 14:02:39.760: 85 avg_reward: 3516.0
2024-05-02 14:02:39.761: 85 avg_steps: 1169.4
2024-05-02 14:02:39.761: 85 epsilon: 0.1
2024-05-02 14:21:20.436: 86 test start:
2024-05-02 14:21:56.922: 86 avg_reward: 3400.0
2024-05-02 14:21:56.922: 86 avg_steps: 1099.0
2024-05-02 14:21:56.922: 86 epsilon: 0.1
2024-05-02 14:40:24.932: 87 test start:
2024-05-02 14:40:56.952: 87 avg_reward: 3083.0
2024-05-02 14:40:56.952: 87 avg_steps: 980.6
2024-05-02 14:40:56.952: 87 epsilon: 0.1
2024-05-02 14:59:58.328: 88 test start:
2024-05-02 15:01:21.906: 88 avg_reward: 4202.5
2024-05-02 15:01:21.906: 88 avg_steps: 2598.45
2024-05-02 15:01:21.907: 88 epsilon: 0.1
2024-05-02 15:19:49.125: 89 test start:
2024-05-02 15:21:49.413: 89 avg_reward: 3717.5
2024-05-02 15:21:49.413: 89 avg_steps: 3737.1
2024-05-02 15:21:49.413: 89 epsilon: 0.1
2024-05-02 15:41:01.786: 90 test start:
2024-05-02 15:42:59.277: 90 avg_reward: 3401.0
2024-05-02 15:42:59.277: 90 avg_steps: 3645.1
2024-05-02 15:42:59.277: 90 epsilon: 0.1
2024-05-02 16:01:53.815: 91 test start:
2024-05-02 16:03:12.271: 91 avg_reward: 3513.5
2024-05-02 16:03:12.271: 91 avg_steps: 2389.65
2024-05-02 16:03:12.271: 91 epsilon: 0.1
2024-05-02 16:21:40.792: 92 test start:
2024-05-02 16:22:10.584: 92 avg_reward: 1729.5
2024-05-02 16:22:10.584: 92 avg_steps: 918.2
2024-05-02 16:22:10.584: 92 epsilon: 0.1
2024-05-02 16:40:57.787: 93 test start:
2024-05-02 16:41:43.843: 93 avg_reward: 2396.5
2024-05-02 16:41:43.843: 93 avg_steps: 1415.0
2024-05-02 16:41:43.843: 93 epsilon: 0.1
2024-05-02 17:00:36.136: 94 test start:
2024-05-02 17:01:10.594: 94 avg_reward: 3027.5
2024-05-02 17:01:10.594: 94 avg_steps: 1054.2
2024-05-02 17:01:10.594: 94 epsilon: 0.1
2024-05-02 17:19:58.102: 95 test start:
2024-05-02 17:22:02.842: 95 avg_reward: 3038.5
2024-05-02 17:22:02.842: 95 avg_steps: 3837.1
2024-05-02 17:22:02.842: 95 epsilon: 0.1
2024-05-02 17:40:47.841: 96 test start:
2024-05-02 17:41:18.846: 96 avg_reward: 2442.5
2024-05-02 17:41:18.846: 96 avg_steps: 946.2
2024-05-02 17:41:18.846: 96 epsilon: 0.1
2024-05-02 18:00:32.047: 97 test start:
2024-05-02 18:01:03.715: 97 avg_reward: 3177.0
2024-05-02 18:01:03.715: 97 avg_steps: 966.2
2024-05-02 18:01:03.715: 97 epsilon: 0.1
2024-05-02 18:19:44.937: 98 test start:
2024-05-02 18:21:42.174: 98 avg_reward: 2873.5
2024-05-02 18:21:42.174: 98 avg_steps: 3560.3
2024-05-02 18:21:42.174: 98 epsilon: 0.1
2024-05-02 18:40:46.186: 99 test start:
2024-05-02 18:42:43.591: 99 avg_reward: 3616.5
2024-05-02 18:42:43.591: 99 avg_steps: 3661.1
2024-05-02 18:42:43.591: 99 epsilon: 0.1
2024-05-02 19:01:18.399: 100 test start:
2024-05-02 19:01:54.372: 100 avg_reward: 3115.5
2024-05-02 19:01:54.372: 100 avg_steps: 1076.6
2024-05-02 19:01:54.372: 100 epsilon: 0.1
2024-05-02 19:20:58.735: 101 test start:
2024-05-02 19:21:29.468: 101 avg_reward: 2937.0
2024-05-02 19:21:29.469: 101 avg_steps: 955.8
2024-05-02 19:21:29.469: 101 epsilon: 0.1
2024-05-02 19:40:28.413: 102 test start:
2024-05-02 19:41:04.326: 102 avg_reward: 3594.0
2024-05-02 19:41:04.326: 102 avg_steps: 1088.6
2024-05-02 19:41:04.326: 102 epsilon: 0.1
2024-05-02 19:59:43.940: 103 test start:
2024-05-02 20:00:18.874: 103 avg_reward: 3253.5
2024-05-02 20:00:18.874: 103 avg_steps: 1087.8
2024-05-02 20:00:18.874: 103 epsilon: 0.1
2024-05-02 20:18:55.066: 104 test start:
2024-05-02 20:19:39.128: 104 avg_reward: 3354.5
2024-05-02 20:19:39.128: 104 avg_steps: 1343.8
2024-05-02 20:19:39.128: 104 epsilon: 0.1
2024-05-02 20:38:13.962: 105 test start:
2024-05-02 20:38:53.252: 105 avg_reward: 3669.0
2024-05-02 20:38:53.252: 105 avg_steps: 1216.6
2024-05-02 20:38:53.252: 105 epsilon: 0.1
2024-05-02 20:57:57.406: 106 test start:
2024-05-02 20:58:35.850: 106 avg_reward: 3771.0
2024-05-02 20:58:35.850: 106 avg_steps: 1159.8
2024-05-02 20:58:35.850: 106 epsilon: 0.1
2024-05-02 21:17:06.425: 107 test start:
2024-05-02 21:17:44.943: 107 avg_reward: 3480.5
2024-05-02 21:17:44.943: 107 avg_steps: 1149.4
2024-05-02 21:17:44.943: 107 epsilon: 0.1
2024-05-02 21:36:26.533: 108 test start:
2024-05-02 21:37:51.983: 108 avg_reward: 4211.0
2024-05-02 21:37:51.983: 108 avg_steps: 2628.05
2024-05-02 21:37:51.983: 108 epsilon: 0.1
2024-05-02 21:56:36.105: 109 test start:
2024-05-02 21:57:17.962: 109 avg_reward: 3654.0
2024-05-02 21:57:17.962: 109 avg_steps: 1277.4
2024-05-02 21:57:17.962: 109 epsilon: 0.1
2024-05-02 22:16:32.917: 110 test start:
2024-05-02 22:17:08.585: 110 avg_reward: 3033.0
2024-05-02 22:17:08.585: 110 avg_steps: 1074.2
2024-05-02 22:17:08.585: 110 epsilon: 0.1
2024-05-02 22:35:13.240: 111 test start:
2024-05-02 22:35:48.568: 111 avg_reward: 2833.5
2024-05-02 22:35:48.568: 111 avg_steps: 1058.2
2024-05-02 22:35:48.568: 111 epsilon: 0.1
2024-05-02 22:54:47.941: 112 test start:
2024-05-02 22:55:25.741: 112 avg_reward: 3380.5
2024-05-02 22:55:25.741: 112 avg_steps: 1183.0
2024-05-02 22:55:25.741: 112 epsilon: 0.1
2024-05-02 23:14:05.503: 113 test start:
2024-05-02 23:14:42.140: 113 avg_reward: 3576.5
2024-05-02 23:14:42.140: 113 avg_steps: 1097.4
2024-05-02 23:14:42.140: 113 epsilon: 0.1
2024-05-02 23:34:07.178: 114 test start:
2024-05-02 23:34:43.268: 114 avg_reward: 3001.0
2024-05-02 23:34:43.268: 114 avg_steps: 1088.6
2024-05-02 23:34:43.268: 114 epsilon: 0.1
2024-05-02 23:52:55.884: 115 test start:
2024-05-02 23:53:26.854: 115 avg_reward: 2670.5
2024-05-02 23:53:26.854: 115 avg_steps: 944.6
2024-05-02 23:53:26.854: 115 epsilon: 0.1
2024-05-03 00:12:23.039: 116 test start:
2024-05-03 00:13:13.659: 116 avg_reward: 3009.5
2024-05-03 00:13:13.659: 116 avg_steps: 1551.0
2024-05-03 00:13:13.659: 116 epsilon: 0.1
2024-05-03 00:32:22.450: 117 test start:
2024-05-03 00:33:03.044: 117 avg_reward: 3873.0
2024-05-03 00:33:03.044: 117 avg_steps: 1254.2
2024-05-03 00:33:03.044: 117 epsilon: 0.1
2024-05-03 00:51:13.235: 118 test start:
2024-05-03 00:52:30.362: 118 avg_reward: 3379.0
2024-05-03 00:52:30.363: 118 avg_steps: 2369.65
2024-05-03 00:52:30.363: 118 epsilon: 0.1
2024-05-03 01:11:11.431: 119 test start:
2024-05-03 01:11:47.078: 119 avg_reward: 3056.5
2024-05-03 01:11:47.078: 119 avg_steps: 1105.4
2024-05-03 01:11:47.078: 119 epsilon: 0.1
2024-05-03 01:30:40.959: 120 test start:
2024-05-03 01:31:12.506: 120 avg_reward: 2723.5
2024-05-03 01:31:12.506: 120 avg_steps: 953.4
2024-05-03 01:31:12.506: 120 epsilon: 0.1
2024-05-03 01:49:35.488: 121 test start:
2024-05-03 01:50:26.973: 121 avg_reward: 3279.5
2024-05-03 01:50:26.973: 121 avg_steps: 1584.6
2024-05-03 01:50:26.973: 121 epsilon: 0.1
2024-05-03 02:09:40.340: 122 test start:
2024-05-03 02:12:15.743: 122 avg_reward: 2637.5
2024-05-03 02:12:15.743: 122 avg_steps: 4864.55
2024-05-03 02:12:15.743: 122 epsilon: 0.1
2024-05-03 02:31:19.433: 123 test start:
2024-05-03 02:31:51.161: 123 avg_reward: 2951.0
2024-05-03 02:31:51.161: 123 avg_steps: 937.4
2024-05-03 02:31:51.161: 123 epsilon: 0.1
2024-05-03 02:50:05.423: 124 test start:
2024-05-03 02:50:39.697: 124 avg_reward: 3258.0
2024-05-03 02:50:39.697: 124 avg_steps: 1053.4
2024-05-03 02:50:39.698: 124 epsilon: 0.1
2024-05-03 03:09:39.306: 125 test start:
2024-05-03 03:12:01.118: 125 avg_reward: 3306.5
2024-05-03 03:12:01.118: 125 avg_steps: 4404.3
2024-05-03 03:12:01.119: 125 epsilon: 0.1
2024-05-03 03:30:25.839: 126 test start:
2024-05-03 03:31:38.015: 126 avg_reward: 2986.5
2024-05-03 03:31:38.016: 126 avg_steps: 2284.85
2024-05-03 03:31:38.016: 126 epsilon: 0.1
2024-05-03 03:50:28.648: 127 test start:
2024-05-03 03:51:01.848: 127 avg_reward: 3128.5
2024-05-03 03:51:01.848: 127 avg_steps: 991.8
2024-05-03 03:51:01.848: 127 epsilon: 0.1
2024-05-03 04:09:50.870: 128 test start:
2024-05-03 04:11:50.663: 128 avg_reward: 3320.5
2024-05-03 04:11:50.663: 128 avg_steps: 3645.1
2024-05-03 04:11:50.663: 128 epsilon: 0.1
2024-05-03 04:30:29.081: 129 test start:
2024-05-03 04:30:59.479: 129 avg_reward: 2377.0
2024-05-03 04:30:59.479: 129 avg_steps: 927.0
2024-05-03 04:30:59.479: 129 epsilon: 0.1
2024-05-03 04:49:38.315: 130 test start:
2024-05-03 04:50:24.832: 130 avg_reward: 3310.0
2024-05-03 04:50:24.833: 130 avg_steps: 1421.4
2024-05-03 04:50:24.833: 130 epsilon: 0.1
2024-05-03 05:09:07.556: 131 test start:
2024-05-03 05:10:21.028: 131 avg_reward: 2253.5
2024-05-03 05:10:21.028: 131 avg_steps: 2227.25
2024-05-03 05:10:21.028: 131 epsilon: 0.1
2024-05-03 05:29:40.010: 132 test start:
2024-05-03 05:30:53.266: 132 avg_reward: 3249.0
2024-05-03 05:30:53.266: 132 avg_steps: 2287.25
2024-05-03 05:30:53.266: 132 epsilon: 0.1
2024-05-03 05:48:35.027: 133 test start:
2024-05-03 05:49:48.498: 133 avg_reward: 3186.5
2024-05-03 05:49:48.498: 133 avg_steps: 2247.25
2024-05-03 05:49:48.498: 133 epsilon: 0.1
2024-05-03 06:08:26.547: 134 test start:
2024-05-03 06:08:59.888: 134 avg_reward: 2980.5
2024-05-03 06:08:59.888: 134 avg_steps: 1025.4
2024-05-03 06:08:59.888: 134 epsilon: 0.1
2024-05-03 06:27:53.775: 135 test start:
2024-05-03 06:28:22.260: 135 avg_reward: 2506.0
2024-05-03 06:28:22.260: 135 avg_steps: 849.4
2024-05-03 06:28:22.261: 135 epsilon: 0.1
2024-05-03 06:47:16.463: 136 test start:
2024-05-03 06:47:49.921: 136 avg_reward: 2634.5
2024-05-03 06:47:49.921: 136 avg_steps: 994.2
2024-05-03 06:47:49.921: 136 epsilon: 0.1
2024-05-03 07:06:47.955: 137 test start:
2024-05-03 07:07:20.230: 137 avg_reward: 3084.0
2024-05-03 07:07:20.230: 137 avg_steps: 990.2
2024-05-03 07:07:20.230: 137 epsilon: 0.1
2024-05-03 07:25:57.008: 138 test start:
2024-05-03 07:28:37.731: 138 avg_reward: 3162.5
2024-05-03 07:28:37.731: 138 avg_steps: 4906.95
2024-05-03 07:28:37.731: 138 epsilon: 0.1
2024-05-03 07:47:16.170: 139 test start:
2024-05-03 07:47:59.148: 139 avg_reward: 3500.0
2024-05-03 07:47:59.148: 139 avg_steps: 1303.8
2024-05-03 07:47:59.148: 139 epsilon: 0.1
2024-05-03 08:06:44.039: 140 test start:
2024-05-03 08:07:18.457: 140 avg_reward: 3064.5
2024-05-03 08:07:18.458: 140 avg_steps: 1041.4
2024-05-03 08:07:18.458: 140 epsilon: 0.1
2024-05-03 08:26:02.026: 141 test start:
2024-05-03 08:26:35.927: 141 avg_reward: 2953.5
2024-05-03 08:26:35.927: 141 avg_steps: 1027.0
2024-05-03 08:26:35.927: 141 epsilon: 0.1
2024-05-03 08:45:14.357: 142 test start:
2024-05-03 08:45:45.759: 142 avg_reward: 2652.0
2024-05-03 08:45:45.759: 142 avg_steps: 966.2
2024-05-03 08:45:45.759: 142 epsilon: 0.1
2024-05-03 09:04:36.775: 143 test start:
2024-05-03 09:07:51.151: 143 avg_reward: 3326.5
2024-05-03 09:07:51.151: 143 avg_steps: 6162.4
2024-05-03 09:07:51.151: 143 epsilon: 0.1
2024-05-03 09:26:24.565: 144 test start:
2024-05-03 09:26:53.779: 144 avg_reward: 3009.0
2024-05-03 09:26:53.779: 144 avg_steps: 904.6
2024-05-03 09:26:53.779: 144 epsilon: 0.1
2024-05-03 09:45:26.859: 145 test start:
2024-05-03 09:46:43.210: 145 avg_reward: 2978.5
2024-05-03 09:46:43.210: 145 avg_steps: 2238.45
2024-05-03 09:46:43.210: 145 epsilon: 0.1
2024-05-03 10:05:44.196: 146 test start:
2024-05-03 10:06:18.459: 146 avg_reward: 2797.5
2024-05-03 10:06:18.459: 146 avg_steps: 1063.8
2024-05-03 10:06:18.459: 146 epsilon: 0.1
2024-05-03 10:24:42.519: 147 test start:
2024-05-03 10:25:25.469: 147 avg_reward: 2985.5
2024-05-03 10:25:25.469: 147 avg_steps: 1321.4
2024-05-03 10:25:25.469: 147 epsilon: 0.1
2024-05-03 10:47:31.018: 148 test start:
2024-05-03 10:48:47.903: 148 avg_reward: 3135.5
2024-05-03 10:48:47.903: 148 avg_steps: 2367.25
2024-05-03 10:48:47.903: 148 epsilon: 0.1
2024-05-03 11:04:00.575: 149 test start:
2024-05-03 11:05:16.500: 149 avg_reward: 2515.5
2024-05-03 11:05:16.500: 149 avg_steps: 2308.85
2024-05-03 11:05:16.500: 149 epsilon: 0.1
2024-05-03 11:24:07.657: 150 test start:
2024-05-03 11:24:38.959: 150 avg_reward: 2473.0
2024-05-03 11:24:38.959: 150 avg_steps: 940.6
2024-05-03 11:24:38.959: 150 epsilon: 0.1
2024-05-03 11:43:43.155: 151 test start:
2024-05-03 11:44:14.408: 151 avg_reward: 3483.0
2024-05-03 11:44:14.408: 151 avg_steps: 972.6
2024-05-03 11:44:14.408: 151 epsilon: 0.1
2024-05-03 12:03:03.606: 152 test start:
2024-05-03 12:03:38.267: 152 avg_reward: 2902.5
2024-05-03 12:03:38.267: 152 avg_steps: 1030.2
2024-05-03 12:03:38.267: 152 epsilon: 0.1
2024-05-03 12:22:02.214: 153 test start:
2024-05-03 12:24:04.173: 153 avg_reward: 3237.5
2024-05-03 12:24:04.173: 153 avg_steps: 3781.9
2024-05-03 12:24:04.173: 153 epsilon: 0.1
2024-05-03 12:43:21.883: 154 test start:
2024-05-03 12:43:54.190: 154 avg_reward: 3086.0
2024-05-03 12:43:54.190: 154 avg_steps: 981.4
2024-05-03 12:43:54.190: 154 epsilon: 0.1
2024-05-03 13:05:22.227: 155 test start:
2024-05-03 13:06:37.152: 155 avg_reward: 3005.0
2024-05-03 13:06:37.152: 155 avg_steps: 2251.25
2024-05-03 13:06:37.152: 155 epsilon: 0.1
2024-05-03 13:22:09.697: 156 test start:
2024-05-03 13:22:40.828: 156 avg_reward: 2716.0
2024-05-03 13:22:40.829: 156 avg_steps: 975.0
2024-05-03 13:22:40.829: 156 epsilon: 0.1
2024-05-03 13:41:17.705: 157 test start:
2024-05-03 13:42:29.596: 157 avg_reward: 3035.0
2024-05-03 13:42:29.596: 157 avg_steps: 2208.05
2024-05-03 13:42:29.596: 157 epsilon: 0.1
2024-05-03 14:01:31.298: 158 test start:
2024-05-03 14:02:05.718: 158 avg_reward: 3384.0
2024-05-03 14:02:05.719: 158 avg_steps: 1039.0
2024-05-03 14:02:05.719: 158 epsilon: 0.1
2024-05-03 14:20:41.600: 159 test start:
2024-05-03 14:21:14.374: 159 avg_reward: 2851.0
2024-05-03 14:21:14.375: 159 avg_steps: 991.0
2024-05-03 14:21:14.375: 159 epsilon: 0.1
2024-05-03 14:39:54.023: 160 test start:
2024-05-03 14:40:25.106: 160 avg_reward: 3426.0
2024-05-03 14:40:25.106: 160 avg_steps: 958.2
2024-05-03 14:40:25.106: 160 epsilon: 0.1
2024-05-03 14:59:06.925: 161 test start:
2024-05-03 14:59:37.011: 161 avg_reward: 2336.0
2024-05-03 14:59:37.011: 161 avg_steps: 903.8
2024-05-03 14:59:37.011: 161 epsilon: 0.1
2024-05-03 15:18:27.412: 162 test start:
2024-05-03 15:19:45.677: 162 avg_reward: 3172.0
2024-05-03 15:19:45.678: 162 avg_steps: 2382.45
2024-05-03 15:19:45.678: 162 epsilon: 0.1
2024-05-03 15:38:23.354: 163 test start:
2024-05-03 15:38:49.996: 163 avg_reward: 2266.5
2024-05-03 15:38:49.996: 163 avg_steps: 820.6
2024-05-03 15:38:49.996: 163 epsilon: 0.1
2024-05-03 15:57:39.975: 164 test start:
2024-05-03 15:58:12.198: 164 avg_reward: 2457.0
2024-05-03 15:58:12.198: 164 avg_steps: 970.2
2024-05-03 15:58:12.198: 164 epsilon: 0.1
2024-05-03 16:16:33.147: 165 test start:
2024-05-03 16:17:03.403: 165 avg_reward: 2876.5
2024-05-03 16:17:03.404: 165 avg_steps: 919.0
2024-05-03 16:17:03.404: 165 epsilon: 0.1
2024-05-03 16:35:54.629: 166 test start:
2024-05-03 16:36:24.436: 166 avg_reward: 2778.5
2024-05-03 16:36:24.436: 166 avg_steps: 919.8
2024-05-03 16:36:24.436: 166 epsilon: 0.1
2024-05-03 16:54:47.209: 167 test start:
2024-05-03 16:55:13.697: 167 avg_reward: 2266.0
2024-05-03 16:55:13.697: 167 avg_steps: 812.6
2024-05-03 16:55:13.697: 167 epsilon: 0.1
2024-05-03 17:14:06.144: 168 test start:
2024-05-03 17:15:04.785: 168 avg_reward: 2364.5
2024-05-03 17:15:04.785: 168 avg_steps: 1752.6
2024-05-03 17:15:04.786: 168 epsilon: 0.1
2024-05-03 17:33:46.798: 169 test start:
2024-05-03 17:34:17.478: 169 avg_reward: 2555.0
2024-05-03 17:34:17.478: 169 avg_steps: 923.0
2024-05-03 17:34:17.478: 169 epsilon: 0.1
2024-05-03 17:53:05.586: 170 test start:
2024-05-03 17:53:36.091: 170 avg_reward: 2924.5
2024-05-03 17:53:36.092: 170 avg_steps: 936.6
2024-05-03 17:53:36.092: 170 epsilon: 0.1
2024-05-03 18:12:04.782: 171 test start:
2024-05-03 18:12:45.461: 171 avg_reward: 2515.5
2024-05-03 18:12:45.461: 171 avg_steps: 1214.2
2024-05-03 18:12:45.461: 171 epsilon: 0.1
2024-05-03 18:31:43.874: 172 test start:
2024-05-03 18:32:16.420: 172 avg_reward: 2962.0
2024-05-03 18:32:16.420: 172 avg_steps: 971.0
2024-05-03 18:32:16.420: 172 epsilon: 0.1
2024-05-03 18:51:19.325: 173 test start:
2024-05-03 18:52:33.602: 173 avg_reward: 3063.5
2024-05-03 18:52:33.602: 173 avg_steps: 2235.25
2024-05-03 18:52:33.602: 173 epsilon: 0.1
2024-05-03 19:10:52.476: 174 test start:
2024-05-03 19:12:08.037: 174 avg_reward: 3514.5
2024-05-03 19:12:08.037: 174 avg_steps: 2300.05
2024-05-03 19:12:08.037: 174 epsilon: 0.1
2024-05-03 19:31:00.713: 175 test start:
2024-05-03 19:32:13.822: 175 avg_reward: 3304.5
2024-05-03 19:32:13.822: 175 avg_steps: 2323.25
2024-05-03 19:32:13.823: 175 epsilon: 0.1
2024-05-03 19:50:56.459: 176 test start:
2024-05-03 19:51:26.419: 176 avg_reward: 2591.5
2024-05-03 19:51:26.419: 176 avg_steps: 883.0
2024-05-03 19:51:26.419: 176 epsilon: 0.1
2024-05-03 20:10:17.809: 177 test start:
2024-05-03 20:12:11.280: 177 avg_reward: 2967.0
2024-05-03 20:12:11.280: 177 avg_steps: 3558.7
2024-05-03 20:12:11.280: 177 epsilon: 0.1
2024-05-03 20:31:04.534: 178 test start:
2024-05-03 20:31:34.777: 178 avg_reward: 2543.0
2024-05-03 20:31:34.777: 178 avg_steps: 904.6
2024-05-03 20:31:34.777: 178 epsilon: 0.1
2024-05-03 20:50:06.469: 179 test start:
2024-05-03 20:50:39.613: 179 avg_reward: 2859.0
2024-05-03 20:50:39.614: 179 avg_steps: 1005.4
2024-05-03 20:50:39.614: 179 epsilon: 0.1
2024-05-03 21:11:32.870: 180 test start:
2024-05-03 21:12:05.989: 180 avg_reward: 2588.0
2024-05-03 21:12:05.989: 180 avg_steps: 1008.6
2024-05-03 21:12:05.989: 180 epsilon: 0.1
2024-05-03 21:28:14.186: 181 test start:
2024-05-03 21:29:23.132: 181 avg_reward: 2581.5
2024-05-03 21:29:23.132: 181 avg_steps: 2143.25
2024-05-03 21:29:23.132: 181 epsilon: 0.1
2024-05-03 21:53:03.525: 182 test start:
2024-05-03 21:53:34.996: 182 avg_reward: 3293.0
2024-05-03 21:53:34.996: 182 avg_steps: 955.8
2024-05-03 21:53:34.996: 182 epsilon: 0.1
2024-05-03 22:07:37.124: 183 test start:
2024-05-03 22:08:07.746: 183 avg_reward: 2951.0
2024-05-03 22:08:07.747: 183 avg_steps: 911.8
2024-05-03 22:08:07.747: 183 epsilon: 0.1
2024-05-03 22:29:38.402: 184 test start:
2024-05-03 22:30:06.032: 184 avg_reward: 2432.5
2024-05-03 22:30:06.032: 184 avg_steps: 839.8
2024-05-03 22:30:06.032: 184 epsilon: 0.1
2024-05-03 22:46:20.972: 185 test start:
2024-05-03 22:46:53.014: 185 avg_reward: 2735.5
2024-05-03 22:46:53.014: 185 avg_steps: 946.2
2024-05-03 22:46:53.014: 185 epsilon: 0.1
2024-05-03 23:05:32.714: 186 test start:
2024-05-03 23:07:02.192: 186 avg_reward: 3077.5
2024-05-03 23:07:02.192: 186 avg_steps: 2791.25
2024-05-03 23:07:02.192: 186 epsilon: 0.1
2024-05-03 23:25:44.278: 187 test start:
2024-05-03 23:26:13.707: 187 avg_reward: 2698.0
2024-05-03 23:26:13.707: 187 avg_steps: 901.4
2024-05-03 23:26:13.707: 187 epsilon: 0.1
2024-05-03 23:44:45.398: 188 test start:
2024-05-03 23:45:15.838: 188 avg_reward: 2703.0
2024-05-03 23:45:15.838: 188 avg_steps: 931.8
2024-05-03 23:45:15.838: 188 epsilon: 0.1
2024-05-04 00:04:04.287: 189 test start:
2024-05-04 00:05:13.779: 189 avg_reward: 2570.5
2024-05-04 00:05:13.779: 189 avg_steps: 2117.65
2024-05-04 00:05:13.779: 189 epsilon: 0.1
2024-05-04 00:25:03.985: 190 test start:
2024-05-04 00:25:36.348: 190 avg_reward: 3135.5
2024-05-04 00:25:36.348: 190 avg_steps: 971.8
2024-05-04 00:25:36.349: 190 epsilon: 0.1
2024-05-04 00:43:07.743: 191 test start:
2024-05-04 00:43:40.776: 191 avg_reward: 3338.0
2024-05-04 00:43:40.776: 191 avg_steps: 1022.2
2024-05-04 00:43:40.776: 191 epsilon: 0.1
2024-05-04 01:02:21.378: 192 test start:
2024-05-04 01:03:32.344: 192 avg_reward: 2452.5
2024-05-04 01:03:32.344: 192 avg_steps: 2146.45
2024-05-04 01:03:32.344: 192 epsilon: 0.1
2024-05-04 01:22:33.894: 193 test start:
2024-05-04 01:23:02.481: 193 avg_reward: 2602.5
2024-05-04 01:23:02.481: 193 avg_steps: 881.4
2024-05-04 01:23:02.481: 193 epsilon: 0.1
2024-05-04 01:41:53.784: 194 test start:
2024-05-04 01:42:26.435: 194 avg_reward: 2508.5
2024-05-04 01:42:26.435: 194 avg_steps: 987.8
2024-05-04 01:42:26.435: 194 epsilon: 0.1
2024-05-04 02:00:56.349: 195 test start:
2024-05-04 02:01:26.560: 195 avg_reward: 2747.0
2024-05-04 02:01:26.561: 195 avg_steps: 902.2
2024-05-04 02:01:26.561: 195 epsilon: 0.1
2024-05-04 02:19:59.292: 196 test start:
2024-05-04 02:21:20.568: 196 avg_reward: 2881.0
2024-05-04 02:21:20.568: 196 avg_steps: 2540.85
2024-05-04 02:21:20.568: 196 epsilon: 0.1
2024-05-04 02:40:07.185: 197 test start:
2024-05-04 02:41:20.523: 197 avg_reward: 2994.0
2024-05-04 02:41:20.523: 197 avg_steps: 2237.65
2024-05-04 02:41:20.523: 197 epsilon: 0.1
2024-05-04 03:00:23.704: 198 test start:
2024-05-04 03:00:52.206: 198 avg_reward: 3203.0
2024-05-04 03:00:52.206: 198 avg_steps: 875.0
2024-05-04 03:00:52.206: 198 epsilon: 0.1
2024-05-04 03:19:26.011: 199 test start:
2024-05-04 03:19:55.599: 199 avg_reward: 2236.0
2024-05-04 03:19:55.600: 199 avg_steps: 884.6
2024-05-04 03:19:55.600: 199 epsilon: 0.1
2024-05-04 03:38:48.103: 200 test start:
2024-05-04 03:39:29.478: 200 avg_reward: 2485.0
2024-05-04 03:39:29.478: 200 avg_steps: 1309.4
2024-05-04 03:39:29.478: 200 epsilon: 0.1
2024-05-04 03:58:31.097: 201 test start:
2024-05-04 03:58:58.906: 201 avg_reward: 2351.0
2024-05-04 03:58:58.906: 201 avg_steps: 841.4
2024-05-04 03:58:58.906: 201 epsilon: 0.1
2024-05-04 04:17:16.118: 202 test start:
2024-05-04 04:17:44.550: 202 avg_reward: 2316.5
2024-05-04 04:17:44.550: 202 avg_steps: 843.0
2024-05-04 04:17:44.550: 202 epsilon: 0.1
2024-05-04 04:36:52.151: 203 test start:
2024-05-04 04:37:58.994: 203 avg_reward: 2241.5
2024-05-04 04:37:58.994: 203 avg_steps: 2117.65
2024-05-04 04:37:58.994: 203 epsilon: 0.1
2024-05-04 04:56:35.898: 204 test start:
2024-05-04 04:57:07.451: 204 avg_reward: 2710.5
2024-05-04 04:57:07.451: 204 avg_steps: 935.8
2024-05-04 04:57:07.451: 204 epsilon: 0.1
2024-05-04 05:16:06.042: 205 test start:
2024-05-04 05:16:33.313: 205 avg_reward: 2617.5
2024-05-04 05:16:33.314: 205 avg_steps: 848.6
2024-05-04 05:16:33.314: 205 epsilon: 0.1
2024-05-04 05:35:26.172: 206 test start:
2024-05-04 05:36:36.313: 206 avg_reward: 2957.5
2024-05-04 05:36:36.313: 206 avg_steps: 2160.85
2024-05-04 05:36:36.313: 206 epsilon: 0.1
2024-05-04 05:55:30.296: 207 test start:
2024-05-04 05:56:00.590: 207 avg_reward: 2287.0
2024-05-04 05:56:00.590: 207 avg_steps: 924.6
2024-05-04 05:56:00.590: 207 epsilon: 0.1
2024-05-04 06:14:43.593: 208 test start:
2024-05-04 06:15:14.835: 208 avg_reward: 2825.5
2024-05-04 06:15:14.835: 208 avg_steps: 930.2
2024-05-04 06:15:14.835: 208 epsilon: 0.1
2024-05-04 06:33:53.853: 209 test start:
2024-05-04 06:34:22.042: 209 avg_reward: 2663.5
2024-05-04 06:34:22.042: 209 avg_steps: 848.6
2024-05-04 06:34:22.042: 209 epsilon: 0.1
2024-05-04 06:53:25.559: 210 test start:
2024-05-04 06:53:55.036: 210 avg_reward: 2588.5
2024-05-04 06:53:55.036: 210 avg_steps: 897.4
2024-05-04 06:53:55.036: 210 epsilon: 0.1
2024-05-04 07:12:56.183: 211 test start:
2024-05-04 07:13:24.856: 211 avg_reward: 2087.0
2024-05-04 07:13:24.856: 211 avg_steps: 857.4
2024-05-04 07:13:24.856: 211 epsilon: 0.1
2024-05-04 07:31:50.590: 212 test start:
2024-05-04 07:32:22.849: 212 avg_reward: 3317.0
2024-05-04 07:32:22.849: 212 avg_steps: 971.8
2024-05-04 07:32:22.849: 212 epsilon: 0.1
2024-05-04 07:54:30.721: 213 test start:
2024-05-04 07:54:58.227: 213 avg_reward: 2408.0
2024-05-04 07:54:58.228: 213 avg_steps: 832.6
2024-05-04 07:54:58.228: 213 epsilon: 0.1
2024-05-04 08:10:18.781: 214 test start:
2024-05-04 08:10:49.311: 214 avg_reward: 2880.0
2024-05-04 08:10:49.312: 214 avg_steps: 927.0
2024-05-04 08:10:49.312: 214 epsilon: 0.1
2024-05-04 08:32:07.428: 215 test start:
2024-05-04 08:32:39.546: 215 avg_reward: 3046.5
2024-05-04 08:32:39.546: 215 avg_steps: 983.8
2024-05-04 08:32:39.546: 215 epsilon: 0.1
2024-05-04 08:49:33.394: 216 test start:
2024-05-04 08:50:03.813: 216 avg_reward: 2595.0
2024-05-04 08:50:03.813: 216 avg_steps: 916.6
2024-05-04 08:50:03.813: 216 epsilon: 0.1
2024-05-04 09:08:28.155: 217 test start:
2024-05-04 09:08:56.143: 217 avg_reward: 2047.0
2024-05-04 09:08:56.143: 217 avg_steps: 842.2
2024-05-04 09:08:56.143: 217 epsilon: 0.1
2024-05-04 09:27:29.536: 218 test start:
2024-05-04 09:27:58.611: 218 avg_reward: 2555.5
2024-05-04 09:27:58.611: 218 avg_steps: 890.2
2024-05-04 09:27:58.611: 218 epsilon: 0.1
2024-05-04 09:46:58.129: 219 test start:
2024-05-04 09:47:28.965: 219 avg_reward: 2887.5
2024-05-04 09:47:28.965: 219 avg_steps: 929.4
2024-05-04 09:47:28.965: 219 epsilon: 0.1
