2024-05-01 10:09:25.804: 
parameters:agent_saving_period: 80000
agent_test_episodes: 20
batch_num_per_epoch: 100000
device: cuda:0
env_name: ALE/Asterix-v5
epsilon_for_test: 0.05
epsilon_max: 1.0
epsilon_min: 0.1
exploration_steps: 1000000
gamma: 0.99
input_frame_height: 84
input_frame_width: 84
learning_rate: 1.0e-05
log_path: ../exps/dqn/
mini_batch_size: 32
no_op: 30
phi_channel: 4
replay_buffer_size: 200000
replay_start_size: 10000
save_path: ./exps/
skip_k_frame: 4
step_c: 10000
training_steps: 50000000

2024-05-01 10:23:16.696: 1 test start:
2024-05-01 10:23:27.893: 1 avg_reward: 345.0
2024-05-01 10:23:27.894: 1 avg_steps: 301.3
2024-05-01 10:23:27.894: 1 epsilon: 0.9277093
2024-05-01 10:41:17.075: 2 test start:
2024-05-01 10:41:24.638: 2 avg_reward: 360.0
2024-05-01 10:41:24.639: 2 avg_steps: 215.0
2024-05-01 10:41:24.639: 2 epsilon: 0.8475787
2024-05-01 11:00:23.054: 3 test start:
2024-05-01 11:00:32.391: 3 avg_reward: 460.0
2024-05-01 11:00:32.391: 3 avg_steps: 268.85
2024-05-01 11:00:32.391: 3 epsilon: 0.767845
2024-05-01 11:19:29.095: 4 test start:
2024-05-01 11:19:38.026: 4 avg_reward: 487.5
2024-05-01 11:19:38.026: 4 avg_steps: 258.25
2024-05-01 11:19:38.026: 4 epsilon: 0.6881689
2024-05-01 11:38:53.356: 5 test start:
2024-05-01 11:39:02.519: 5 avg_reward: 402.5
2024-05-01 11:39:02.519: 5 avg_steps: 269.0
2024-05-01 11:39:02.519: 5 epsilon: 0.6078771999999999
2024-05-01 11:58:24.855: 6 test start:
2024-05-01 11:58:34.847: 6 avg_reward: 452.5
2024-05-01 11:58:34.847: 6 avg_steps: 284.15
2024-05-01 11:58:34.847: 6 epsilon: 0.5278248999999999
2024-05-01 12:17:18.584: 7 test start:
2024-05-01 12:17:31.899: 7 avg_reward: 932.5
2024-05-01 12:17:31.899: 7 avg_steps: 397.05
2024-05-01 12:17:31.899: 7 epsilon: 0.44730819999999993
2024-05-01 12:36:45.060: 8 test start:
2024-05-01 12:36:57.957: 8 avg_reward: 937.5
2024-05-01 12:36:57.957: 8 avg_steps: 382.9
2024-05-01 12:36:57.957: 8 epsilon: 0.3663982
2024-05-01 12:55:43.269: 9 test start:
2024-05-01 12:55:55.506: 9 avg_reward: 755.0
2024-05-01 12:55:55.507: 9 avg_steps: 363.8
2024-05-01 12:55:55.507: 9 epsilon: 0.28537479999999993
2024-05-01 13:14:50.028: 10 test start:
2024-05-01 13:15:02.826: 10 avg_reward: 842.5
2024-05-01 13:15:02.826: 10 avg_steps: 374.95
2024-05-01 13:15:02.826: 10 epsilon: 0.20397969999999999
2024-05-01 13:34:02.444: 11 test start:
2024-05-01 13:34:17.555: 11 avg_reward: 965.0
2024-05-01 13:34:17.555: 11 avg_steps: 436.85
2024-05-01 13:34:17.555: 11 epsilon: 0.12167739999999994
2024-05-01 13:53:21.069: 12 test start:
2024-05-01 13:53:37.007: 12 avg_reward: 1215.0
2024-05-01 13:53:37.007: 12 avg_steps: 475.3
2024-05-01 13:53:37.007: 12 epsilon: 0.1
2024-05-01 14:12:36.782: 13 test start:
2024-05-01 14:12:50.008: 13 avg_reward: 950.0
2024-05-01 14:12:50.008: 13 avg_steps: 387.45
2024-05-01 14:12:50.008: 13 epsilon: 0.1
2024-05-01 14:31:47.718: 14 test start:
2024-05-01 14:32:02.965: 14 avg_reward: 1105.0
2024-05-01 14:32:02.965: 14 avg_steps: 455.4
2024-05-01 14:32:02.965: 14 epsilon: 0.1
2024-05-01 14:51:17.397: 15 test start:
2024-05-01 14:51:33.918: 15 avg_reward: 1122.5
2024-05-01 14:51:33.919: 15 avg_steps: 485.5
2024-05-01 14:51:33.919: 15 epsilon: 0.1
2024-05-01 15:10:35.118: 16 test start:
2024-05-01 15:10:51.744: 16 avg_reward: 1267.5
2024-05-01 15:10:51.744: 16 avg_steps: 485.85
2024-05-01 15:10:51.744: 16 epsilon: 0.1
2024-05-01 15:29:51.617: 17 test start:
2024-05-01 15:30:09.839: 17 avg_reward: 1440.0
2024-05-01 15:30:09.839: 17 avg_steps: 548.25
2024-05-01 15:30:09.839: 17 epsilon: 0.1
2024-05-01 15:48:43.473: 18 test start:
2024-05-01 15:48:56.605: 18 avg_reward: 942.5
2024-05-01 15:48:56.605: 18 avg_steps: 391.5
2024-05-01 15:48:56.605: 18 epsilon: 0.1
2024-05-01 16:08:03.998: 19 test start:
2024-05-01 16:08:19.495: 19 avg_reward: 1220.0
2024-05-01 16:08:19.495: 19 avg_steps: 475.45
2024-05-01 16:08:19.495: 19 epsilon: 0.1
2024-05-01 16:26:53.379: 20 test start:
2024-05-01 16:27:12.062: 20 avg_reward: 1480.0
2024-05-01 16:27:12.062: 20 avg_steps: 559.75
2024-05-01 16:27:12.062: 20 epsilon: 0.1
2024-05-01 16:46:18.626: 21 test start:
2024-05-01 16:46:34.466: 21 avg_reward: 1155.0
2024-05-01 16:46:34.466: 21 avg_steps: 461.8
2024-05-01 16:46:34.466: 21 epsilon: 0.1
2024-05-01 17:05:27.612: 22 test start:
2024-05-01 17:05:44.667: 22 avg_reward: 1205.0
2024-05-01 17:05:44.667: 22 avg_steps: 505.15
2024-05-01 17:05:44.667: 22 epsilon: 0.1
2024-05-01 17:24:20.394: 23 test start:
2024-05-01 17:24:35.908: 23 avg_reward: 1242.5
2024-05-01 17:24:35.908: 23 avg_steps: 471.75
2024-05-01 17:24:35.908: 23 epsilon: 0.1
2024-05-01 17:43:37.792: 24 test start:
2024-05-01 17:43:55.233: 24 avg_reward: 1385.0
2024-05-01 17:43:55.233: 24 avg_steps: 530.0
2024-05-01 17:43:55.233: 24 epsilon: 0.1
2024-05-01 18:02:49.211: 25 test start:
2024-05-01 18:03:08.192: 25 avg_reward: 1472.5
2024-05-01 18:03:08.192: 25 avg_steps: 560.0
2024-05-01 18:03:08.193: 25 epsilon: 0.1
2024-05-01 18:22:06.673: 26 test start:
2024-05-01 18:22:23.468: 26 avg_reward: 1342.5
2024-05-01 18:22:23.468: 26 avg_steps: 505.15
2024-05-01 18:22:23.468: 26 epsilon: 0.1
2024-05-01 18:41:07.043: 27 test start:
2024-05-01 18:41:23.761: 27 avg_reward: 1322.5
2024-05-01 18:41:23.761: 27 avg_steps: 505.95
2024-05-01 18:41:23.761: 27 epsilon: 0.1
2024-05-01 19:00:07.667: 28 test start:
2024-05-01 19:00:26.457: 28 avg_reward: 1642.5
2024-05-01 19:00:26.457: 28 avg_steps: 568.75
2024-05-01 19:00:26.457: 28 epsilon: 0.1
2024-05-01 19:19:09.434: 29 test start:
2024-05-01 19:19:33.147: 29 avg_reward: 1877.5
2024-05-01 19:19:33.147: 29 avg_steps: 695.65
2024-05-01 19:19:33.147: 29 epsilon: 0.1
2024-05-01 19:38:08.102: 30 test start:
2024-05-01 19:38:27.841: 30 avg_reward: 1775.0
2024-05-01 19:38:27.841: 30 avg_steps: 604.25
2024-05-01 19:38:27.841: 30 epsilon: 0.1
2024-05-01 19:57:20.457: 31 test start:
2024-05-01 19:57:39.428: 31 avg_reward: 1575.0
2024-05-01 19:57:39.428: 31 avg_steps: 569.3
2024-05-01 19:57:39.429: 31 epsilon: 0.1
2024-05-01 20:16:51.205: 32 test start:
2024-05-01 20:17:12.733: 32 avg_reward: 1770.0
2024-05-01 20:17:12.733: 32 avg_steps: 630.95
2024-05-01 20:17:12.733: 32 epsilon: 0.1
2024-05-01 20:36:17.020: 33 test start:
2024-05-01 20:36:37.045: 33 avg_reward: 1610.0
2024-05-01 20:36:37.045: 33 avg_steps: 599.7
2024-05-01 20:36:37.045: 33 epsilon: 0.1
2024-05-01 20:55:39.332: 34 test start:
2024-05-01 20:56:00.391: 34 avg_reward: 1612.5
2024-05-01 20:56:00.391: 34 avg_steps: 620.35
2024-05-01 20:56:00.391: 34 epsilon: 0.1
2024-05-01 21:14:39.838: 35 test start:
2024-05-01 21:15:06.751: 35 avg_reward: 2210.0
2024-05-01 21:15:06.751: 35 avg_steps: 806.15
2024-05-01 21:15:06.751: 35 epsilon: 0.1
2024-05-01 21:34:03.989: 36 test start:
2024-05-01 21:34:25.743: 36 avg_reward: 1925.0
2024-05-01 21:34:25.743: 36 avg_steps: 656.1
2024-05-01 21:34:25.743: 36 epsilon: 0.1
2024-05-01 21:53:05.795: 37 test start:
2024-05-01 21:53:28.069: 37 avg_reward: 1862.5
2024-05-01 21:53:28.069: 37 avg_steps: 672.8
2024-05-01 21:53:28.069: 37 epsilon: 0.1
2024-05-01 22:12:12.196: 38 test start:
2024-05-01 22:12:37.134: 38 avg_reward: 2140.0
2024-05-01 22:12:37.134: 38 avg_steps: 751.2
2024-05-01 22:12:37.134: 38 epsilon: 0.1
2024-05-01 22:31:29.360: 39 test start:
2024-05-01 22:31:51.816: 39 avg_reward: 1987.5
2024-05-01 22:31:51.816: 39 avg_steps: 692.3
2024-05-01 22:31:51.816: 39 epsilon: 0.1
2024-05-01 22:50:44.438: 40 test start:
2024-05-01 22:51:06.581: 40 avg_reward: 1980.0
2024-05-01 22:51:06.582: 40 avg_steps: 683.8
2024-05-01 22:51:06.582: 40 epsilon: 0.1
2024-05-01 23:09:44.396: 41 test start:
2024-05-01 23:10:10.148: 41 avg_reward: 2145.0
2024-05-01 23:10:10.148: 41 avg_steps: 773.2
2024-05-01 23:10:10.148: 41 epsilon: 0.1
2024-05-01 23:28:51.714: 42 test start:
2024-05-01 23:29:12.581: 42 avg_reward: 1830.0
2024-05-01 23:29:12.581: 42 avg_steps: 624.55
2024-05-01 23:29:12.581: 42 epsilon: 0.1
2024-05-01 23:48:15.130: 43 test start:
2024-05-01 23:48:35.839: 43 avg_reward: 1775.0
2024-05-01 23:48:35.839: 43 avg_steps: 605.3
2024-05-01 23:48:35.839: 43 epsilon: 0.1
2024-05-02 00:07:02.935: 44 test start:
2024-05-02 00:07:24.628: 44 avg_reward: 1707.5
2024-05-02 00:07:24.628: 44 avg_steps: 646.4
2024-05-02 00:07:24.628: 44 epsilon: 0.1
2024-05-02 00:26:07.822: 45 test start:
2024-05-02 00:26:31.769: 45 avg_reward: 2010.0
2024-05-02 00:26:31.769: 45 avg_steps: 700.95
2024-05-02 00:26:31.769: 45 epsilon: 0.1
2024-05-02 00:45:22.715: 46 test start:
2024-05-02 00:45:45.578: 46 avg_reward: 1935.0
2024-05-02 00:45:45.579: 46 avg_steps: 686.75
2024-05-02 00:45:45.579: 46 epsilon: 0.1
2024-05-02 01:04:50.241: 47 test start:
2024-05-02 01:05:10.543: 47 avg_reward: 1652.5
2024-05-02 01:05:10.543: 47 avg_steps: 594.1
2024-05-02 01:05:10.543: 47 epsilon: 0.1
2024-05-02 01:24:10.249: 48 test start:
2024-05-02 01:24:33.376: 48 avg_reward: 2005.0
2024-05-02 01:24:33.376: 48 avg_steps: 689.6
2024-05-02 01:24:33.376: 48 epsilon: 0.1
2024-05-02 01:43:40.117: 49 test start:
2024-05-02 01:44:03.158: 49 avg_reward: 1902.5
2024-05-02 01:44:03.158: 49 avg_steps: 684.65
2024-05-02 01:44:03.158: 49 epsilon: 0.1
2024-05-02 02:03:02.584: 50 test start:
2024-05-02 02:03:22.286: 50 avg_reward: 1792.5
2024-05-02 02:03:22.286: 50 avg_steps: 593.15
2024-05-02 02:03:22.286: 50 epsilon: 0.1
2024-05-02 02:21:40.674: 51 test start:
2024-05-02 02:22:00.466: 51 avg_reward: 1645.0
2024-05-02 02:22:00.467: 51 avg_steps: 583.9
2024-05-02 02:22:00.467: 51 epsilon: 0.1
2024-05-02 02:40:48.427: 52 test start:
2024-05-02 02:41:09.198: 52 avg_reward: 1850.0
2024-05-02 02:41:09.198: 52 avg_steps: 624.25
2024-05-02 02:41:09.198: 52 epsilon: 0.1
2024-05-02 03:00:00.136: 53 test start:
2024-05-02 03:00:19.356: 53 avg_reward: 1632.5
2024-05-02 03:00:19.356: 53 avg_steps: 571.25
2024-05-02 03:00:19.356: 53 epsilon: 0.1
2024-05-02 03:19:12.682: 54 test start:
2024-05-02 03:19:34.759: 54 avg_reward: 1850.0
2024-05-02 03:19:34.759: 54 avg_steps: 643.55
2024-05-02 03:19:34.759: 54 epsilon: 0.1
2024-05-02 03:38:13.445: 55 test start:
2024-05-02 03:38:33.817: 55 avg_reward: 1782.5
2024-05-02 03:38:33.817: 55 avg_steps: 609.45
2024-05-02 03:38:33.817: 55 epsilon: 0.1
2024-05-02 03:57:16.746: 56 test start:
2024-05-02 03:57:37.355: 56 avg_reward: 1755.0
2024-05-02 03:57:37.356: 56 avg_steps: 623.6
2024-05-02 03:57:37.356: 56 epsilon: 0.1
2024-05-02 04:16:15.779: 57 test start:
2024-05-02 04:16:34.971: 57 avg_reward: 1610.0
2024-05-02 04:16:34.971: 57 avg_steps: 580.15
2024-05-02 04:16:34.971: 57 epsilon: 0.1
2024-05-02 04:35:28.486: 58 test start:
2024-05-02 04:35:46.732: 58 avg_reward: 1562.5
2024-05-02 04:35:46.732: 58 avg_steps: 540.35
2024-05-02 04:35:46.732: 58 epsilon: 0.1
2024-05-02 04:54:34.746: 59 test start:
2024-05-02 04:54:53.626: 59 avg_reward: 1580.0
2024-05-02 04:54:53.627: 59 avg_steps: 543.8
2024-05-02 04:54:53.627: 59 epsilon: 0.1
2024-05-02 05:13:29.702: 60 test start:
2024-05-02 05:13:46.298: 60 avg_reward: 1415.0
2024-05-02 05:13:46.298: 60 avg_steps: 512.75
2024-05-02 05:13:46.298: 60 epsilon: 0.1
2024-05-02 05:32:30.453: 61 test start:
2024-05-02 05:32:47.905: 61 avg_reward: 1545.0
2024-05-02 05:32:47.905: 61 avg_steps: 536.55
2024-05-02 05:32:47.905: 61 epsilon: 0.1
2024-05-02 05:51:24.088: 62 test start:
2024-05-02 05:51:42.496: 62 avg_reward: 1565.0
2024-05-02 05:51:42.496: 62 avg_steps: 551.7
2024-05-02 05:51:42.496: 62 epsilon: 0.1
2024-05-02 06:10:44.331: 63 test start:
2024-05-02 06:11:05.075: 63 avg_reward: 1807.5
2024-05-02 06:11:05.075: 63 avg_steps: 622.95
2024-05-02 06:11:05.075: 63 epsilon: 0.1
2024-05-02 06:29:56.306: 64 test start:
2024-05-02 06:30:14.406: 64 avg_reward: 1560.0
2024-05-02 06:30:14.407: 64 avg_steps: 544.75
2024-05-02 06:30:14.407: 64 epsilon: 0.1
2024-05-02 06:48:33.642: 65 test start:
2024-05-02 06:48:53.973: 65 avg_reward: 1667.5
2024-05-02 06:48:53.973: 65 avg_steps: 600.7
2024-05-02 06:48:53.973: 65 epsilon: 0.1
2024-05-02 07:07:41.115: 66 test start:
2024-05-02 07:07:59.332: 66 avg_reward: 1612.5
2024-05-02 07:07:59.332: 66 avg_steps: 568.65
2024-05-02 07:07:59.332: 66 epsilon: 0.1
2024-05-02 07:26:39.156: 67 test start:
2024-05-02 07:26:59.833: 67 avg_reward: 1795.0
2024-05-02 07:26:59.833: 67 avg_steps: 625.6
2024-05-02 07:26:59.833: 67 epsilon: 0.1
2024-05-02 07:45:24.300: 68 test start:
2024-05-02 07:45:45.901: 68 avg_reward: 1985.0
2024-05-02 07:45:45.901: 68 avg_steps: 655.45
2024-05-02 07:45:45.901: 68 epsilon: 0.1
2024-05-02 08:04:39.167: 69 test start:
2024-05-02 08:04:56.407: 69 avg_reward: 1420.0
2024-05-02 08:04:56.407: 69 avg_steps: 519.5
2024-05-02 08:04:56.407: 69 epsilon: 0.1
2024-05-02 08:23:27.799: 70 test start:
2024-05-02 08:23:46.722: 70 avg_reward: 1627.5
2024-05-02 08:23:46.722: 70 avg_steps: 565.45
2024-05-02 08:23:46.722: 70 epsilon: 0.1
2024-05-02 08:41:55.834: 71 test start:
2024-05-02 08:42:17.995: 71 avg_reward: 1967.5
2024-05-02 08:42:17.995: 71 avg_steps: 655.05
2024-05-02 08:42:17.995: 71 epsilon: 0.1
2024-05-02 09:01:02.173: 72 test start:
2024-05-02 09:01:19.874: 72 avg_reward: 1507.5
2024-05-02 09:01:19.874: 72 avg_steps: 551.55
2024-05-02 09:01:19.874: 72 epsilon: 0.1
2024-05-02 09:20:09.694: 73 test start:
2024-05-02 09:20:24.768: 73 avg_reward: 1265.0
2024-05-02 09:20:24.768: 73 avg_steps: 461.05
2024-05-02 09:20:24.769: 73 epsilon: 0.1
2024-05-02 09:38:58.164: 74 test start:
2024-05-02 09:39:15.219: 74 avg_reward: 1437.5
2024-05-02 09:39:15.219: 74 avg_steps: 511.25
2024-05-02 09:39:15.219: 74 epsilon: 0.1
2024-05-02 09:57:54.977: 75 test start:
2024-05-02 09:58:17.424: 75 avg_reward: 2030.0
2024-05-02 09:58:17.425: 75 avg_steps: 676.8
2024-05-02 09:58:17.425: 75 epsilon: 0.1
2024-05-02 10:17:16.336: 76 test start:
2024-05-02 10:17:33.865: 76 avg_reward: 1395.0
2024-05-02 10:17:33.865: 76 avg_steps: 524.9
2024-05-02 10:17:33.866: 76 epsilon: 0.1
2024-05-02 10:36:37.480: 77 test start:
2024-05-02 10:36:52.601: 77 avg_reward: 1150.0
2024-05-02 10:36:52.601: 77 avg_steps: 461.15
2024-05-02 10:36:52.601: 77 epsilon: 0.1
2024-05-02 10:55:37.628: 78 test start:
2024-05-02 10:55:56.530: 78 avg_reward: 1602.5
2024-05-02 10:55:56.530: 78 avg_steps: 562.4
2024-05-02 10:55:56.530: 78 epsilon: 0.1
2024-05-02 11:14:36.646: 79 test start:
2024-05-02 11:14:54.065: 79 avg_reward: 1457.5
2024-05-02 11:14:54.065: 79 avg_steps: 525.75
2024-05-02 11:14:54.065: 79 epsilon: 0.1
2024-05-02 11:33:34.047: 80 test start:
2024-05-02 11:33:52.119: 80 avg_reward: 1467.5
2024-05-02 11:33:52.119: 80 avg_steps: 542.3
2024-05-02 11:33:52.119: 80 epsilon: 0.1
2024-05-02 11:52:34.463: 81 test start:
2024-05-02 11:52:52.182: 81 avg_reward: 1520.0
2024-05-02 11:52:52.182: 81 avg_steps: 540.95
2024-05-02 11:52:52.182: 81 epsilon: 0.1
2024-05-02 12:11:34.896: 82 test start:
2024-05-02 12:11:50.660: 82 avg_reward: 1287.5
2024-05-02 12:11:50.660: 82 avg_steps: 478.05
2024-05-02 12:11:50.660: 82 epsilon: 0.1
2024-05-02 12:30:19.877: 83 test start:
2024-05-02 12:30:36.316: 83 avg_reward: 1290.0
2024-05-02 12:30:36.316: 83 avg_steps: 485.75
2024-05-02 12:30:36.316: 83 epsilon: 0.1
2024-05-02 12:49:14.827: 84 test start:
2024-05-02 12:49:29.743: 84 avg_reward: 1190.0
2024-05-02 12:49:29.744: 84 avg_steps: 456.0
2024-05-02 12:49:29.744: 84 epsilon: 0.1
2024-05-02 13:08:10.370: 85 test start:
2024-05-02 13:08:28.515: 85 avg_reward: 1472.5
2024-05-02 13:08:28.515: 85 avg_steps: 532.5
2024-05-02 13:08:28.515: 85 epsilon: 0.1
2024-05-02 13:27:14.978: 86 test start:
2024-05-02 13:27:31.043: 86 avg_reward: 1320.0
2024-05-02 13:27:31.043: 86 avg_steps: 493.1
2024-05-02 13:27:31.043: 86 epsilon: 0.1
2024-05-02 13:46:19.727: 87 test start:
2024-05-02 13:46:37.037: 87 avg_reward: 1445.0
2024-05-02 13:46:37.037: 87 avg_steps: 518.7
2024-05-02 13:46:37.037: 87 epsilon: 0.1
2024-05-02 14:05:17.032: 88 test start:
2024-05-02 14:05:36.187: 88 avg_reward: 1760.0
2024-05-02 14:05:36.188: 88 avg_steps: 589.6
2024-05-02 14:05:36.188: 88 epsilon: 0.1
2024-05-02 14:24:24.220: 89 test start:
2024-05-02 14:24:41.929: 89 avg_reward: 1470.0
2024-05-02 14:24:41.929: 89 avg_steps: 518.95
2024-05-02 14:24:41.929: 89 epsilon: 0.1
2024-05-02 14:43:04.064: 90 test start:
2024-05-02 14:43:19.167: 90 avg_reward: 1265.0
2024-05-02 14:43:19.167: 90 avg_steps: 471.15
2024-05-02 14:43:19.167: 90 epsilon: 0.1
2024-05-02 15:01:52.406: 91 test start:
2024-05-02 15:02:10.092: 91 avg_reward: 1507.5
2024-05-02 15:02:10.092: 91 avg_steps: 529.75
2024-05-02 15:02:10.092: 91 epsilon: 0.1
2024-05-02 15:20:39.844: 92 test start:
2024-05-02 15:20:57.679: 92 avg_reward: 1572.5
2024-05-02 15:20:57.679: 92 avg_steps: 556.7
2024-05-02 15:20:57.679: 92 epsilon: 0.1
2024-05-02 15:39:48.686: 93 test start:
2024-05-02 15:40:10.155: 93 avg_reward: 1882.5
2024-05-02 15:40:10.155: 93 avg_steps: 634.5
2024-05-02 15:40:10.156: 93 epsilon: 0.1
2024-05-02 15:58:42.934: 94 test start:
2024-05-02 15:59:02.898: 94 avg_reward: 1772.5
2024-05-02 15:59:02.898: 94 avg_steps: 600.75
2024-05-02 15:59:02.898: 94 epsilon: 0.1
2024-05-02 16:17:37.327: 95 test start:
2024-05-02 16:17:53.212: 95 avg_reward: 1367.5
2024-05-02 16:17:53.212: 95 avg_steps: 485.05
2024-05-02 16:17:53.212: 95 epsilon: 0.1
2024-05-02 16:36:13.441: 96 test start:
2024-05-02 16:36:28.513: 96 avg_reward: 1192.5
2024-05-02 16:36:28.513: 96 avg_steps: 441.75
2024-05-02 16:36:28.513: 96 epsilon: 0.1
2024-05-02 16:55:12.432: 97 test start:
2024-05-02 16:55:29.884: 97 avg_reward: 1560.0
2024-05-02 16:55:29.884: 97 avg_steps: 532.8
2024-05-02 16:55:29.884: 97 epsilon: 0.1
2024-05-02 17:14:05.335: 98 test start:
2024-05-02 17:14:23.551: 98 avg_reward: 1562.5
2024-05-02 17:14:23.551: 98 avg_steps: 543.25
2024-05-02 17:14:23.551: 98 epsilon: 0.1
2024-05-02 17:32:54.847: 99 test start:
2024-05-02 17:33:13.386: 99 avg_reward: 1627.5
2024-05-02 17:33:13.386: 99 avg_steps: 562.3
2024-05-02 17:33:13.386: 99 epsilon: 0.1
2024-05-02 17:52:16.306: 100 test start:
2024-05-02 17:52:33.004: 100 avg_reward: 1372.5
2024-05-02 17:52:33.004: 100 avg_steps: 491.4
2024-05-02 17:52:33.004: 100 epsilon: 0.1
2024-05-02 18:11:25.844: 101 test start:
2024-05-02 18:11:44.092: 101 avg_reward: 1655.0
2024-05-02 18:11:44.092: 101 avg_steps: 558.65
2024-05-02 18:11:44.092: 101 epsilon: 0.1
2024-05-02 18:30:17.458: 102 test start:
2024-05-02 18:30:38.158: 102 avg_reward: 1745.0
2024-05-02 18:30:38.158: 102 avg_steps: 589.2
2024-05-02 18:30:38.158: 102 epsilon: 0.1
2024-05-02 18:49:32.230: 103 test start:
2024-05-02 18:49:50.102: 103 avg_reward: 1627.5
2024-05-02 18:49:50.102: 103 avg_steps: 557.35
2024-05-02 18:49:50.102: 103 epsilon: 0.1
2024-05-02 19:08:32.915: 104 test start:
2024-05-02 19:08:51.008: 104 avg_reward: 1540.0
2024-05-02 19:08:51.008: 104 avg_steps: 536.5
2024-05-02 19:08:51.008: 104 epsilon: 0.1
2024-05-02 19:27:32.886: 105 test start:
2024-05-02 19:27:51.841: 105 avg_reward: 1665.0
2024-05-02 19:27:51.842: 105 avg_steps: 576.3
2024-05-02 19:27:51.842: 105 epsilon: 0.1
2024-05-02 19:46:56.551: 106 test start:
2024-05-02 19:47:12.806: 106 avg_reward: 1427.5
2024-05-02 19:47:12.806: 106 avg_steps: 505.8
2024-05-02 19:47:12.806: 106 epsilon: 0.1
2024-05-02 20:05:12.259: 107 test start:
2024-05-02 20:05:30.638: 107 avg_reward: 1660.0
2024-05-02 20:05:30.638: 107 avg_steps: 559.25
2024-05-02 20:05:30.638: 107 epsilon: 0.1
2024-05-02 20:24:20.048: 108 test start:
2024-05-02 20:24:36.455: 108 avg_reward: 1425.0
2024-05-02 20:24:36.455: 108 avg_steps: 499.35
2024-05-02 20:24:36.455: 108 epsilon: 0.1
2024-05-02 20:43:12.258: 109 test start:
2024-05-02 20:43:28.430: 109 avg_reward: 1407.5
2024-05-02 20:43:28.430: 109 avg_steps: 486.65
2024-05-02 20:43:28.430: 109 epsilon: 0.1
2024-05-02 21:02:15.471: 110 test start:
2024-05-02 21:02:33.955: 110 avg_reward: 1667.5
2024-05-02 21:02:33.955: 110 avg_steps: 564.4
2024-05-02 21:02:33.955: 110 epsilon: 0.1
2024-05-02 21:21:15.400: 111 test start:
2024-05-02 21:21:32.647: 111 avg_reward: 1397.5
2024-05-02 21:21:32.648: 111 avg_steps: 512.85
2024-05-02 21:21:32.648: 111 epsilon: 0.1
2024-05-02 21:40:13.880: 112 test start:
2024-05-02 21:40:31.372: 112 avg_reward: 1512.5
2024-05-02 21:40:31.372: 112 avg_steps: 530.9
2024-05-02 21:40:31.372: 112 epsilon: 0.1
2024-05-02 21:58:47.504: 113 test start:
2024-05-02 21:59:04.000: 113 avg_reward: 1395.0
2024-05-02 21:59:04.000: 113 avg_steps: 489.45
2024-05-02 21:59:04.000: 113 epsilon: 0.1
2024-05-02 22:17:41.057: 114 test start:
2024-05-02 22:17:58.982: 114 avg_reward: 1692.5
2024-05-02 22:17:58.982: 114 avg_steps: 561.7
2024-05-02 22:17:58.982: 114 epsilon: 0.1
2024-05-02 22:36:21.167: 115 test start:
2024-05-02 22:36:40.291: 115 avg_reward: 1647.5
2024-05-02 22:36:40.292: 115 avg_steps: 559.55
2024-05-02 22:36:40.292: 115 epsilon: 0.1
2024-05-02 22:55:22.286: 116 test start:
2024-05-02 22:55:40.346: 116 avg_reward: 1710.0
2024-05-02 22:55:40.346: 116 avg_steps: 564.9
2024-05-02 22:55:40.346: 116 epsilon: 0.1
2024-05-02 23:14:19.075: 117 test start:
2024-05-02 23:14:37.123: 117 avg_reward: 1530.0
2024-05-02 23:14:37.123: 117 avg_steps: 536.75
2024-05-02 23:14:37.123: 117 epsilon: 0.1
2024-05-02 23:32:54.956: 118 test start:
2024-05-02 23:33:10.773: 118 avg_reward: 1245.0
2024-05-02 23:33:10.773: 118 avg_steps: 468.95
2024-05-02 23:33:10.773: 118 epsilon: 0.1
2024-05-02 23:51:58.296: 119 test start:
2024-05-02 23:52:17.185: 119 avg_reward: 1702.5
2024-05-02 23:52:17.185: 119 avg_steps: 570.5
2024-05-02 23:52:17.185: 119 epsilon: 0.1
2024-05-03 00:10:47.775: 120 test start:
2024-05-03 00:11:04.353: 120 avg_reward: 1365.0
2024-05-03 00:11:04.353: 120 avg_steps: 490.35
2024-05-03 00:11:04.353: 120 epsilon: 0.1
2024-05-03 00:29:59.715: 121 test start:
2024-05-03 00:30:15.299: 121 avg_reward: 1292.5
2024-05-03 00:30:15.300: 121 avg_steps: 462.8
2024-05-03 00:30:15.300: 121 epsilon: 0.1
2024-05-03 00:48:38.152: 122 test start:
2024-05-03 00:48:52.597: 122 avg_reward: 1225.0
2024-05-03 00:48:52.597: 122 avg_steps: 445.95
2024-05-03 00:48:52.597: 122 epsilon: 0.1
2024-05-03 01:07:32.238: 123 test start:
2024-05-03 01:07:45.289: 123 avg_reward: 1002.5
2024-05-03 01:07:45.289: 123 avg_steps: 393.15
2024-05-03 01:07:45.289: 123 epsilon: 0.1
2024-05-03 01:26:29.360: 124 test start:
2024-05-03 01:26:44.552: 124 avg_reward: 1227.5
2024-05-03 01:26:44.552: 124 avg_steps: 452.75
2024-05-03 01:26:44.552: 124 epsilon: 0.1
2024-05-03 01:45:06.029: 125 test start:
2024-05-03 01:45:21.407: 125 avg_reward: 1335.0
2024-05-03 01:45:21.407: 125 avg_steps: 473.4
2024-05-03 01:45:21.407: 125 epsilon: 0.1
2024-05-03 02:04:00.262: 126 test start:
2024-05-03 02:04:15.922: 126 avg_reward: 1240.0
2024-05-03 02:04:15.922: 126 avg_steps: 463.0
2024-05-03 02:04:15.922: 126 epsilon: 0.1
2024-05-03 02:22:40.783: 127 test start:
2024-05-03 02:22:57.073: 127 avg_reward: 1440.0
2024-05-03 02:22:57.073: 127 avg_steps: 494.6
2024-05-03 02:22:57.073: 127 epsilon: 0.1
2024-05-03 02:41:39.012: 128 test start:
2024-05-03 02:41:55.154: 128 avg_reward: 1495.0
2024-05-03 02:41:55.154: 128 avg_steps: 493.2
2024-05-03 02:41:55.154: 128 epsilon: 0.1
2024-05-03 03:00:29.651: 129 test start:
2024-05-03 03:00:45.156: 129 avg_reward: 1225.0
2024-05-03 03:00:45.156: 129 avg_steps: 457.0
2024-05-03 03:00:45.156: 129 epsilon: 0.1
2024-05-03 03:19:27.884: 130 test start:
2024-05-03 03:19:44.527: 130 avg_reward: 1482.5
2024-05-03 03:19:44.527: 130 avg_steps: 508.2
2024-05-03 03:19:44.527: 130 epsilon: 0.1
2024-05-03 03:37:50.915: 131 test start:
2024-05-03 03:38:04.371: 131 avg_reward: 985.0
2024-05-03 03:38:04.371: 131 avg_steps: 392.5
2024-05-03 03:38:04.371: 131 epsilon: 0.1
2024-05-03 03:56:54.952: 132 test start:
2024-05-03 03:57:11.334: 132 avg_reward: 1430.0
2024-05-03 03:57:11.334: 132 avg_steps: 502.5
2024-05-03 03:57:11.334: 132 epsilon: 0.1
2024-05-03 04:15:55.285: 133 test start:
2024-05-03 04:16:11.624: 133 avg_reward: 1410.0
2024-05-03 04:16:11.624: 133 avg_steps: 499.6
2024-05-03 04:16:11.624: 133 epsilon: 0.1
2024-05-03 04:34:24.977: 134 test start:
2024-05-03 04:34:44.352: 134 avg_reward: 1805.0
2024-05-03 04:34:44.353: 134 avg_steps: 587.35
2024-05-03 04:34:44.353: 134 epsilon: 0.1
2024-05-03 04:53:17.913: 135 test start:
2024-05-03 04:53:34.688: 135 avg_reward: 1422.5
2024-05-03 04:53:34.688: 135 avg_steps: 497.3
2024-05-03 04:53:34.688: 135 epsilon: 0.1
2024-05-03 05:11:50.669: 136 test start:
2024-05-03 05:12:07.549: 136 avg_reward: 1422.5
2024-05-03 05:12:07.549: 136 avg_steps: 508.05
2024-05-03 05:12:07.550: 136 epsilon: 0.1
2024-05-03 05:30:51.601: 137 test start:
2024-05-03 05:31:06.871: 137 avg_reward: 1322.5
2024-05-03 05:31:06.871: 137 avg_steps: 474.2
2024-05-03 05:31:06.871: 137 epsilon: 0.1
2024-05-03 05:49:21.105: 138 test start:
2024-05-03 05:49:35.466: 138 avg_reward: 1177.5
2024-05-03 05:49:35.466: 138 avg_steps: 433.5
2024-05-03 05:49:35.466: 138 epsilon: 0.1
2024-05-03 06:08:09.854: 139 test start:
2024-05-03 06:08:26.511: 139 avg_reward: 1462.5
2024-05-03 06:08:26.511: 139 avg_steps: 506.05
2024-05-03 06:08:26.511: 139 epsilon: 0.1
2024-05-03 06:27:09.241: 140 test start:
2024-05-03 06:27:23.371: 140 avg_reward: 1080.0
2024-05-03 06:27:23.371: 140 avg_steps: 416.45
2024-05-03 06:27:23.371: 140 epsilon: 0.1
2024-05-03 06:45:54.943: 141 test start:
2024-05-03 06:46:08.738: 141 avg_reward: 1102.5
2024-05-03 06:46:08.738: 141 avg_steps: 412.5
2024-05-03 06:46:08.738: 141 epsilon: 0.1
2024-05-03 07:04:46.823: 142 test start:
2024-05-03 07:05:02.295: 142 avg_reward: 1097.5
2024-05-03 07:05:02.295: 142 avg_steps: 437.85
2024-05-03 07:05:02.296: 142 epsilon: 0.1
2024-05-03 07:23:35.021: 143 test start:
2024-05-03 07:23:49.633: 143 avg_reward: 1157.5
2024-05-03 07:23:49.633: 143 avg_steps: 434.4
2024-05-03 07:23:49.633: 143 epsilon: 0.1
2024-05-03 07:42:38.362: 144 test start:
2024-05-03 07:42:51.688: 144 avg_reward: 1067.5
2024-05-03 07:42:51.688: 144 avg_steps: 399.45
2024-05-03 07:42:51.688: 144 epsilon: 0.1
2024-05-03 08:01:26.579: 145 test start:
2024-05-03 08:01:43.575: 145 avg_reward: 1450.0
2024-05-03 08:01:43.575: 145 avg_steps: 515.45
2024-05-03 08:01:43.575: 145 epsilon: 0.1
2024-05-03 08:20:34.388: 146 test start:
2024-05-03 08:20:48.074: 146 avg_reward: 1102.5
2024-05-03 08:20:48.074: 146 avg_steps: 407.1
2024-05-03 08:20:48.074: 146 epsilon: 0.1
2024-05-03 08:39:30.549: 147 test start:
2024-05-03 08:39:45.116: 147 avg_reward: 1282.5
2024-05-03 08:39:45.116: 147 avg_steps: 434.55
2024-05-03 08:39:45.117: 147 epsilon: 0.1
2024-05-03 08:58:02.541: 148 test start:
2024-05-03 08:58:17.463: 148 avg_reward: 1277.5
2024-05-03 08:58:17.463: 148 avg_steps: 448.0
2024-05-03 08:58:17.463: 148 epsilon: 0.1
2024-05-03 09:16:39.123: 149 test start:
2024-05-03 09:16:57.849: 149 avg_reward: 1605.0
2024-05-03 09:16:57.849: 149 avg_steps: 554.1
2024-05-03 09:16:57.849: 149 epsilon: 0.1
2024-05-03 09:35:18.673: 150 test start:
2024-05-03 09:35:35.958: 150 avg_reward: 1455.0
2024-05-03 09:35:35.958: 150 avg_steps: 522.65
2024-05-03 09:35:35.958: 150 epsilon: 0.1
2024-05-03 09:54:18.507: 151 test start:
2024-05-03 09:54:35.092: 151 avg_reward: 1432.5
2024-05-03 09:54:35.093: 151 avg_steps: 510.0
2024-05-03 09:54:35.093: 151 epsilon: 0.1
2024-05-03 10:12:58.110: 152 test start:
2024-05-03 10:13:12.503: 152 avg_reward: 1230.0
2024-05-03 10:13:12.503: 152 avg_steps: 437.4
2024-05-03 10:13:12.504: 152 epsilon: 0.1
2024-05-03 10:31:36.467: 153 test start:
2024-05-03 10:31:49.031: 153 avg_reward: 947.5
2024-05-03 10:31:49.031: 153 avg_steps: 372.2
2024-05-03 10:31:49.031: 153 epsilon: 0.1
2024-05-03 10:50:09.257: 154 test start:
2024-05-03 10:50:25.632: 154 avg_reward: 1382.5
2024-05-03 10:50:25.632: 154 avg_steps: 489.4
2024-05-03 10:50:25.632: 154 epsilon: 0.1
2024-05-03 11:09:12.471: 155 test start:
2024-05-03 11:09:27.023: 155 avg_reward: 1242.5
2024-05-03 11:09:27.023: 155 avg_steps: 438.05
2024-05-03 11:09:27.023: 155 epsilon: 0.1
2024-05-03 11:28:03.733: 156 test start:
2024-05-03 11:28:19.111: 156 avg_reward: 1190.0
2024-05-03 11:28:19.111: 156 avg_steps: 447.1
2024-05-03 11:28:19.111: 156 epsilon: 0.1
2024-05-03 11:46:56.132: 157 test start:
2024-05-03 11:47:11.539: 157 avg_reward: 1357.5
2024-05-03 11:47:11.539: 157 avg_steps: 478.55
2024-05-03 11:47:11.539: 157 epsilon: 0.1
2024-05-03 12:06:18.441: 158 test start:
2024-05-03 12:06:34.243: 158 avg_reward: 1375.0
2024-05-03 12:06:34.243: 158 avg_steps: 470.6
2024-05-03 12:06:34.243: 158 epsilon: 0.1
2024-05-03 12:24:38.718: 159 test start:
2024-05-03 12:24:53.083: 159 avg_reward: 1060.0
2024-05-03 12:24:53.083: 159 avg_steps: 417.7
2024-05-03 12:24:53.083: 159 epsilon: 0.1
2024-05-03 12:44:10.375: 160 test start:
2024-05-03 12:44:24.492: 160 avg_reward: 1105.0
2024-05-03 12:44:24.492: 160 avg_steps: 423.4
2024-05-03 12:44:24.492: 160 epsilon: 0.1
2024-05-03 13:02:36.838: 161 test start:
2024-05-03 13:02:54.139: 161 avg_reward: 1482.5
2024-05-03 13:02:54.139: 161 avg_steps: 515.9
2024-05-03 13:02:54.139: 161 epsilon: 0.1
2024-05-03 13:21:29.433: 162 test start:
2024-05-03 13:21:44.692: 162 avg_reward: 1390.0
2024-05-03 13:21:44.692: 162 avg_steps: 470.6
2024-05-03 13:21:44.692: 162 epsilon: 0.1
2024-05-03 13:40:17.333: 163 test start:
2024-05-03 13:40:33.414: 163 avg_reward: 1372.5
2024-05-03 13:40:33.415: 163 avg_steps: 475.3
2024-05-03 13:40:33.415: 163 epsilon: 0.1
2024-05-03 13:59:37.724: 164 test start:
2024-05-03 13:59:53.780: 164 avg_reward: 1350.0
2024-05-03 13:59:53.780: 164 avg_steps: 491.2
2024-05-03 13:59:53.780: 164 epsilon: 0.1
2024-05-03 14:18:19.327: 165 test start:
2024-05-03 14:18:32.893: 165 avg_reward: 1055.0
2024-05-03 14:18:32.893: 165 avg_steps: 406.8
2024-05-03 14:18:32.893: 165 epsilon: 0.1
2024-05-03 14:37:01.769: 166 test start:
2024-05-03 14:37:17.750: 166 avg_reward: 1437.5
2024-05-03 14:37:17.750: 166 avg_steps: 492.9
2024-05-03 14:37:17.750: 166 epsilon: 0.1
2024-05-03 14:55:42.995: 167 test start:
2024-05-03 14:55:58.223: 167 avg_reward: 1287.5
2024-05-03 14:55:58.224: 167 avg_steps: 455.15
2024-05-03 14:55:58.224: 167 epsilon: 0.1
2024-05-03 15:14:38.048: 168 test start:
2024-05-03 15:14:54.213: 168 avg_reward: 1370.0
2024-05-03 15:14:54.213: 168 avg_steps: 492.15
2024-05-03 15:14:54.213: 168 epsilon: 0.1
2024-05-03 15:33:38.033: 169 test start:
2024-05-03 15:33:51.385: 169 avg_reward: 975.0
2024-05-03 15:33:51.386: 169 avg_steps: 399.05
2024-05-03 15:33:51.386: 169 epsilon: 0.1
2024-05-03 15:52:11.162: 170 test start:
2024-05-03 15:52:27.428: 170 avg_reward: 1360.0
2024-05-03 15:52:27.428: 170 avg_steps: 485.1
2024-05-03 15:52:27.428: 170 epsilon: 0.1
2024-05-03 16:11:03.928: 171 test start:
2024-05-03 16:11:18.579: 171 avg_reward: 1182.5
2024-05-03 16:11:18.579: 171 avg_steps: 442.55
2024-05-03 16:11:18.579: 171 epsilon: 0.1
2024-05-03 16:29:57.937: 172 test start:
2024-05-03 16:30:12.393: 172 avg_reward: 1180.0
2024-05-03 16:30:12.393: 172 avg_steps: 432.9
2024-05-03 16:30:12.393: 172 epsilon: 0.1
2024-05-03 16:48:31.214: 173 test start:
2024-05-03 16:48:42.667: 173 avg_reward: 847.5
2024-05-03 16:48:42.667: 173 avg_steps: 346.3
2024-05-03 16:48:42.667: 173 epsilon: 0.1
2024-05-03 17:07:24.673: 174 test start:
2024-05-03 17:07:42.185: 174 avg_reward: 1570.0
2024-05-03 17:07:42.185: 174 avg_steps: 537.8
2024-05-03 17:07:42.186: 174 epsilon: 0.1
2024-05-03 17:26:23.008: 175 test start:
2024-05-03 17:26:37.386: 175 avg_reward: 1237.5
2024-05-03 17:26:37.386: 175 avg_steps: 449.8
2024-05-03 17:26:37.386: 175 epsilon: 0.1
2024-05-03 17:45:00.856: 176 test start:
2024-05-03 17:45:14.189: 176 avg_reward: 1037.5
2024-05-03 17:45:14.189: 176 avg_steps: 397.0
2024-05-03 17:45:14.189: 176 epsilon: 0.1
2024-05-03 18:03:38.658: 177 test start:
2024-05-03 18:03:52.221: 177 avg_reward: 1085.0
2024-05-03 18:03:52.221: 177 avg_steps: 410.35
2024-05-03 18:03:52.222: 177 epsilon: 0.1
2024-05-03 18:22:31.019: 178 test start:
2024-05-03 18:22:46.941: 178 avg_reward: 1352.5
2024-05-03 18:22:46.941: 178 avg_steps: 483.25
2024-05-03 18:22:46.941: 178 epsilon: 0.1
2024-05-03 18:41:21.069: 179 test start:
2024-05-03 18:41:38.275: 179 avg_reward: 1492.5
2024-05-03 18:41:38.275: 179 avg_steps: 513.7
2024-05-03 18:41:38.275: 179 epsilon: 0.1
2024-05-03 19:00:19.872: 180 test start:
2024-05-03 19:00:34.777: 180 avg_reward: 1315.0
2024-05-03 19:00:34.777: 180 avg_steps: 457.05
2024-05-03 19:00:34.777: 180 epsilon: 0.1
2024-05-03 19:19:05.780: 181 test start:
2024-05-03 19:19:19.529: 181 avg_reward: 1117.5
2024-05-03 19:19:19.529: 181 avg_steps: 415.05
2024-05-03 19:19:19.529: 181 epsilon: 0.1
2024-05-03 19:37:39.823: 182 test start:
2024-05-03 19:37:54.560: 182 avg_reward: 1205.0
2024-05-03 19:37:54.560: 182 avg_steps: 446.2
2024-05-03 19:37:54.560: 182 epsilon: 0.1
2024-05-03 19:56:45.109: 183 test start:
2024-05-03 19:57:02.698: 183 avg_reward: 1512.5
2024-05-03 19:57:02.698: 183 avg_steps: 519.55
2024-05-03 19:57:02.698: 183 epsilon: 0.1
2024-05-03 20:15:25.956: 184 test start:
2024-05-03 20:15:36.826: 184 avg_reward: 835.0
2024-05-03 20:15:36.826: 184 avg_steps: 331.65
2024-05-03 20:15:36.826: 184 epsilon: 0.1
2024-05-03 20:34:00.075: 185 test start:
2024-05-03 20:34:13.947: 185 avg_reward: 1170.0
2024-05-03 20:34:13.947: 185 avg_steps: 415.45
2024-05-03 20:34:13.947: 185 epsilon: 0.1
2024-05-03 20:52:54.446: 186 test start:
2024-05-03 20:53:08.715: 186 avg_reward: 1187.5
2024-05-03 20:53:08.715: 186 avg_steps: 430.9
2024-05-03 20:53:08.715: 186 epsilon: 0.1
2024-05-03 21:11:50.227: 187 test start:
2024-05-03 21:12:04.345: 187 avg_reward: 1157.5
2024-05-03 21:12:04.345: 187 avg_steps: 427.6
2024-05-03 21:12:04.345: 187 epsilon: 0.1
2024-05-03 21:30:30.199: 188 test start:
2024-05-03 21:30:45.175: 188 avg_reward: 1212.5
2024-05-03 21:30:45.176: 188 avg_steps: 444.15
2024-05-03 21:30:45.176: 188 epsilon: 0.1
2024-05-03 21:49:29.095: 189 test start:
2024-05-03 21:49:42.054: 189 avg_reward: 980.0
2024-05-03 21:49:42.054: 189 avg_steps: 375.95
2024-05-03 21:49:42.054: 189 epsilon: 0.1
2024-05-03 22:07:59.471: 190 test start:
2024-05-03 22:08:12.802: 190 avg_reward: 1037.5
2024-05-03 22:08:12.802: 190 avg_steps: 400.45
2024-05-03 22:08:12.802: 190 epsilon: 0.1
2024-05-03 22:27:14.387: 191 test start:
2024-05-03 22:27:30.822: 191 avg_reward: 1415.0
2024-05-03 22:27:30.822: 191 avg_steps: 494.15
2024-05-03 22:27:30.822: 191 epsilon: 0.1
2024-05-03 22:45:45.416: 192 test start:
2024-05-03 22:45:56.625: 192 avg_reward: 765.0
2024-05-03 22:45:56.625: 192 avg_steps: 329.0
2024-05-03 22:45:56.625: 192 epsilon: 0.1
2024-05-03 23:04:27.737: 193 test start:
2024-05-03 23:04:41.010: 193 avg_reward: 1040.0
2024-05-03 23:04:41.010: 193 avg_steps: 399.75
2024-05-03 23:04:41.010: 193 epsilon: 0.1
2024-05-03 23:23:31.828: 194 test start:
2024-05-03 23:23:44.615: 194 avg_reward: 1000.0
2024-05-03 23:23:44.615: 194 avg_steps: 385.1
2024-05-03 23:23:44.615: 194 epsilon: 0.1
2024-05-03 23:41:59.306: 195 test start:
2024-05-03 23:42:11.714: 195 avg_reward: 992.5
2024-05-03 23:42:11.714: 195 avg_steps: 377.5
2024-05-03 23:42:11.714: 195 epsilon: 0.1
2024-05-04 00:01:03.487: 196 test start:
2024-05-04 00:01:15.750: 196 avg_reward: 942.5
2024-05-04 00:01:15.750: 196 avg_steps: 364.95
2024-05-04 00:01:15.750: 196 epsilon: 0.1
2024-05-04 00:19:48.945: 197 test start:
2024-05-04 00:20:03.059: 197 avg_reward: 1157.5
2024-05-04 00:20:03.059: 197 avg_steps: 414.9
2024-05-04 00:20:03.059: 197 epsilon: 0.1
2024-05-04 00:38:30.999: 198 test start:
2024-05-04 00:38:43.334: 198 avg_reward: 907.5
2024-05-04 00:38:43.334: 198 avg_steps: 353.45
2024-05-04 00:38:43.334: 198 epsilon: 0.1
2024-05-04 00:57:14.455: 199 test start:
2024-05-04 00:57:28.664: 199 avg_reward: 1127.5
2024-05-04 00:57:28.664: 199 avg_steps: 424.4
2024-05-04 00:57:28.664: 199 epsilon: 0.1
2024-05-04 01:16:22.701: 200 test start:
2024-05-04 01:16:36.827: 200 avg_reward: 1212.5
2024-05-04 01:16:36.827: 200 avg_steps: 430.2
2024-05-04 01:16:36.827: 200 epsilon: 0.1
2024-05-04 01:34:55.309: 201 test start:
2024-05-04 01:35:12.307: 201 avg_reward: 1445.0
2024-05-04 01:35:12.307: 201 avg_steps: 503.85
2024-05-04 01:35:12.307: 201 epsilon: 0.1
2024-05-04 01:53:52.934: 202 test start:
2024-05-04 01:54:04.452: 202 avg_reward: 887.5
2024-05-04 01:54:04.452: 202 avg_steps: 349.6
2024-05-04 01:54:04.452: 202 epsilon: 0.1
2024-05-04 02:12:30.807: 203 test start:
2024-05-04 02:12:44.711: 203 avg_reward: 1045.0
2024-05-04 02:12:44.711: 203 avg_steps: 417.2
2024-05-04 02:12:44.711: 203 epsilon: 0.1
2024-05-04 02:31:18.809: 204 test start:
2024-05-04 02:31:31.594: 204 avg_reward: 935.0
2024-05-04 02:31:31.594: 204 avg_steps: 390.3
2024-05-04 02:31:31.594: 204 epsilon: 0.1
2024-05-04 02:50:16.092: 205 test start:
2024-05-04 02:50:29.329: 205 avg_reward: 1112.5
2024-05-04 02:50:29.329: 205 avg_steps: 403.8
2024-05-04 02:50:29.329: 205 epsilon: 0.1
2024-05-04 03:09:12.134: 206 test start:
2024-05-04 03:09:25.769: 206 avg_reward: 1110.0
2024-05-04 03:09:25.769: 206 avg_steps: 413.4
2024-05-04 03:09:25.769: 206 epsilon: 0.1
2024-05-04 03:28:20.021: 207 test start:
2024-05-04 03:28:36.832: 207 avg_reward: 1320.0
2024-05-04 03:28:36.832: 207 avg_steps: 474.25
2024-05-04 03:28:36.832: 207 epsilon: 0.1
2024-05-04 03:47:09.114: 208 test start:
2024-05-04 03:47:24.721: 208 avg_reward: 1290.0
2024-05-04 03:47:24.721: 208 avg_steps: 462.7
2024-05-04 03:47:24.721: 208 epsilon: 0.1
2024-05-04 04:06:05.557: 209 test start:
2024-05-04 04:06:17.279: 209 avg_reward: 932.5
2024-05-04 04:06:17.279: 209 avg_steps: 356.8
2024-05-04 04:06:17.279: 209 epsilon: 0.1
2024-05-04 04:24:50.704: 210 test start:
2024-05-04 04:25:04.316: 210 avg_reward: 1150.0
2024-05-04 04:25:04.316: 210 avg_steps: 401.95
2024-05-04 04:25:04.316: 210 epsilon: 0.1
2024-05-04 04:43:41.773: 211 test start:
2024-05-04 04:43:54.615: 211 avg_reward: 1067.5
2024-05-04 04:43:54.615: 211 avg_steps: 389.55
2024-05-04 04:43:54.615: 211 epsilon: 0.1
2024-05-04 05:02:44.337: 212 test start:
2024-05-04 05:02:57.304: 212 avg_reward: 1022.5
2024-05-04 05:02:57.304: 212 avg_steps: 377.8
2024-05-04 05:02:57.304: 212 epsilon: 0.1
2024-05-04 05:21:23.051: 213 test start:
2024-05-04 05:21:38.818: 213 avg_reward: 1332.5
2024-05-04 05:21:38.818: 213 avg_steps: 465.3
2024-05-04 05:21:38.818: 213 epsilon: 0.1
2024-05-04 05:40:18.016: 214 test start:
2024-05-04 05:40:29.551: 214 avg_reward: 865.0
2024-05-04 05:40:29.551: 214 avg_steps: 345.2
2024-05-04 05:40:29.551: 214 epsilon: 0.1
2024-05-04 05:59:01.445: 215 test start:
2024-05-04 05:59:15.541: 215 avg_reward: 1192.5
2024-05-04 05:59:15.541: 215 avg_steps: 431.45
2024-05-04 05:59:15.541: 215 epsilon: 0.1
2024-05-04 06:17:59.488: 216 test start:
2024-05-04 06:18:16.675: 216 avg_reward: 1587.5
2024-05-04 06:18:16.675: 216 avg_steps: 526.75
2024-05-04 06:18:16.675: 216 epsilon: 0.1
2024-05-04 06:36:42.843: 217 test start:
2024-05-04 06:36:57.984: 217 avg_reward: 1205.0
2024-05-04 06:36:57.985: 217 avg_steps: 446.8
2024-05-04 06:36:57.985: 217 epsilon: 0.1
2024-05-04 06:55:45.513: 218 test start:
2024-05-04 06:55:59.547: 218 avg_reward: 1120.0
2024-05-04 06:55:59.547: 218 avg_steps: 426.25
2024-05-04 06:55:59.547: 218 epsilon: 0.1
2024-05-04 07:14:53.357: 219 test start:
2024-05-04 07:15:05.663: 219 avg_reward: 947.5
2024-05-04 07:15:05.663: 219 avg_steps: 370.2
2024-05-04 07:15:05.663: 219 epsilon: 0.1
2024-05-04 07:33:38.559: 220 test start:
2024-05-04 07:33:53.219: 220 avg_reward: 1222.5
2024-05-04 07:33:53.219: 220 avg_steps: 440.8
2024-05-04 07:33:53.219: 220 epsilon: 0.1
2024-05-04 07:52:21.942: 221 test start:
2024-05-04 07:52:35.152: 221 avg_reward: 1047.5
2024-05-04 07:52:35.152: 221 avg_steps: 402.2
2024-05-04 07:52:35.153: 221 epsilon: 0.1
2024-05-04 08:11:06.261: 222 test start:
2024-05-04 08:11:21.154: 222 avg_reward: 1227.5
2024-05-04 08:11:21.155: 222 avg_steps: 445.6
2024-05-04 08:11:21.155: 222 epsilon: 0.1
2024-05-04 08:29:55.612: 223 test start:
2024-05-04 08:30:09.864: 223 avg_reward: 1140.0
2024-05-04 08:30:09.864: 223 avg_steps: 424.65
2024-05-04 08:30:09.864: 223 epsilon: 0.1
2024-05-04 08:48:47.725: 224 test start:
2024-05-04 08:49:01.389: 224 avg_reward: 1137.5
2024-05-04 08:49:01.390: 224 avg_steps: 412.25
2024-05-04 08:49:01.390: 224 epsilon: 0.1
2024-05-04 09:07:50.644: 225 test start:
2024-05-04 09:08:05.070: 225 avg_reward: 1127.5
2024-05-04 09:08:05.070: 225 avg_steps: 421.2
2024-05-04 09:08:05.070: 225 epsilon: 0.1
2024-05-04 09:26:39.837: 226 test start:
2024-05-04 09:26:52.013: 226 avg_reward: 927.5
2024-05-04 09:26:52.013: 226 avg_steps: 360.8
2024-05-04 09:26:52.013: 226 epsilon: 0.1
2024-05-04 09:45:59.041: 227 test start:
2024-05-04 09:46:10.987: 227 avg_reward: 882.5
2024-05-04 09:46:10.987: 227 avg_steps: 352.65
2024-05-04 09:46:10.987: 227 epsilon: 0.1
