2024-05-02 19:19:17.715: 
parameters:agent_saving_period: 80000
agent_test_episodes: 20
batch_num_per_epoch: 100000
device: cuda:0
env_name: ALE/SpaceInvaders-v5
epsilon_for_test: 0.05
epsilon_max: 1.0
epsilon_min: 0.1
exploration_steps: 1000000
gamma: 0.99
input_frame_height: 84
input_frame_width: 84
learning_rate: 1.0e-05
log_path: ../exps/dqn/
mini_batch_size: 32
no_op: 30
phi_channel: 4
replay_buffer_size: 200000
replay_start_size: 10000
save_path: ./exps/
skip_k_frame: 4
step_c: 10000
training_steps: 50000000

2024-05-02 19:31:39.657: 1 test start:
2024-05-02 19:31:52.795: 1 avg_reward: 142.25
2024-05-02 19:31:52.795: 1 avg_steps: 548.1
2024-05-02 19:31:52.795: 1 epsilon: 0.9235926999999999
2024-05-02 19:46:06.777: 2 test start:
2024-05-02 19:46:18.074: 2 avg_reward: 163.0
2024-05-02 19:46:18.074: 2 avg_steps: 527.9
2024-05-02 19:46:18.074: 2 epsilon: 0.8385004
2024-05-02 20:27:41.247: 3 test start:
2024-05-02 20:27:50.892: 3 avg_reward: 236.5
2024-05-02 20:27:50.892: 3 avg_steps: 508.6
2024-05-02 20:27:50.892: 3 epsilon: 0.7537267
2024-05-02 20:41:57.987: 4 test start:
2024-05-02 20:42:08.482: 4 avg_reward: 229.75
2024-05-02 20:42:08.482: 4 avg_steps: 550.85
2024-05-02 20:42:08.482: 4 epsilon: 0.6685642
2024-05-02 20:56:11.906: 5 test start:
2024-05-02 20:56:23.811: 5 avg_reward: 286.0
2024-05-02 20:56:23.811: 5 avg_steps: 628.0
2024-05-02 20:56:23.811: 5 epsilon: 0.5836204
2024-05-02 21:10:26.155: 6 test start:
2024-05-02 21:10:37.066: 6 avg_reward: 280.75
2024-05-02 21:10:37.066: 6 avg_steps: 574.5
2024-05-02 21:10:37.066: 6 epsilon: 0.49853709999999996
2024-05-02 21:24:37.813: 7 test start:
2024-05-02 21:24:49.602: 7 avg_reward: 325.5
2024-05-02 21:24:49.602: 7 avg_steps: 616.65
2024-05-02 21:24:49.602: 7 epsilon: 0.4130883999999999
2024-05-02 21:38:48.260: 8 test start:
2024-05-02 21:39:00.038: 8 avg_reward: 338.75
2024-05-02 21:39:00.038: 8 avg_steps: 615.45
2024-05-02 21:39:00.038: 8 epsilon: 0.32765679999999997
2024-05-02 21:53:05.303: 9 test start:
2024-05-02 21:53:17.166: 9 avg_reward: 341.25
2024-05-02 21:53:17.166: 9 avg_steps: 623.1
2024-05-02 21:53:17.166: 9 epsilon: 0.24203979999999992
2024-05-02 22:07:18.431: 10 test start:
2024-05-02 22:07:31.448: 10 avg_reward: 398.5
2024-05-02 22:07:31.448: 10 avg_steps: 681.4
2024-05-02 22:07:31.448: 10 epsilon: 0.15636609999999995
2024-05-02 22:21:30.238: 11 test start:
2024-05-02 22:21:42.383: 11 avg_reward: 380.75
2024-05-02 22:21:42.383: 11 avg_steps: 645.85
2024-05-02 22:21:42.383: 11 epsilon: 0.1
2024-05-02 22:35:42.030: 12 test start:
2024-05-02 22:35:54.377: 12 avg_reward: 415.5
2024-05-02 22:35:54.377: 12 avg_steps: 660.3
2024-05-02 22:35:54.377: 12 epsilon: 0.1
2024-05-02 22:49:55.418: 13 test start:
2024-05-02 22:50:06.904: 13 avg_reward: 380.75
2024-05-02 22:50:06.904: 13 avg_steps: 618.45
2024-05-02 22:50:06.904: 13 epsilon: 0.1
2024-05-02 23:04:00.623: 14 test start:
2024-05-02 23:04:11.431: 14 avg_reward: 351.25
2024-05-02 23:04:11.432: 14 avg_steps: 571.0
2024-05-02 23:04:11.432: 14 epsilon: 0.1
2024-05-02 23:18:10.193: 15 test start:
2024-05-02 23:18:22.735: 15 avg_reward: 430.0
2024-05-02 23:18:22.736: 15 avg_steps: 658.9
2024-05-02 23:18:22.736: 15 epsilon: 0.1
2024-05-02 23:32:19.959: 16 test start:
2024-05-02 23:32:32.721: 16 avg_reward: 397.0
2024-05-02 23:32:32.721: 16 avg_steps: 683.3
2024-05-02 23:32:32.721: 16 epsilon: 0.1
2024-05-02 23:46:31.385: 17 test start:
2024-05-02 23:46:43.841: 17 avg_reward: 435.5
2024-05-02 23:46:43.841: 17 avg_steps: 656.05
2024-05-02 23:46:43.841: 17 epsilon: 0.1
2024-05-03 00:00:47.138: 18 test start:
2024-05-03 00:00:59.235: 18 avg_reward: 409.5
2024-05-03 00:00:59.235: 18 avg_steps: 649.7
2024-05-03 00:00:59.235: 18 epsilon: 0.1
2024-05-03 00:15:01.305: 19 test start:
2024-05-03 00:15:14.504: 19 avg_reward: 447.0
2024-05-03 00:15:14.504: 19 avg_steps: 700.25
2024-05-03 00:15:14.504: 19 epsilon: 0.1
2024-05-03 00:29:14.936: 20 test start:
2024-05-03 00:29:27.404: 20 avg_reward: 427.75
2024-05-03 00:29:27.404: 20 avg_steps: 672.35
2024-05-03 00:29:27.404: 20 epsilon: 0.1
2024-05-03 00:43:27.393: 21 test start:
2024-05-03 00:43:39.079: 21 avg_reward: 412.0
2024-05-03 00:43:39.079: 21 avg_steps: 626.4
2024-05-03 00:43:39.079: 21 epsilon: 0.1
2024-05-03 00:57:46.252: 22 test start:
2024-05-03 00:57:59.783: 22 avg_reward: 438.25
2024-05-03 00:57:59.783: 22 avg_steps: 723.45
2024-05-03 00:57:59.783: 22 epsilon: 0.1
2024-05-03 01:12:00.089: 23 test start:
2024-05-03 01:12:13.446: 23 avg_reward: 479.75
2024-05-03 01:12:13.446: 23 avg_steps: 714.9
2024-05-03 01:12:13.446: 23 epsilon: 0.1
2024-05-03 01:26:11.943: 24 test start:
2024-05-03 01:26:25.289: 24 avg_reward: 478.75
2024-05-03 01:26:25.289: 24 avg_steps: 710.2
2024-05-03 01:26:25.289: 24 epsilon: 0.1
2024-05-03 01:40:34.589: 25 test start:
2024-05-03 01:40:47.513: 25 avg_reward: 406.5
2024-05-03 01:40:47.513: 25 avg_steps: 684.95
2024-05-03 01:40:47.513: 25 epsilon: 0.1
2024-05-03 01:54:48.868: 26 test start:
2024-05-03 01:55:01.471: 26 avg_reward: 456.75
2024-05-03 01:55:01.471: 26 avg_steps: 676.75
2024-05-03 01:55:01.471: 26 epsilon: 0.1
2024-05-03 02:09:02.937: 27 test start:
2024-05-03 02:09:15.018: 27 avg_reward: 420.5
2024-05-03 02:09:15.019: 27 avg_steps: 637.05
2024-05-03 02:09:15.019: 27 epsilon: 0.1
2024-05-03 02:23:20.246: 28 test start:
2024-05-03 02:23:32.657: 28 avg_reward: 459.5
2024-05-03 02:23:32.657: 28 avg_steps: 673.2
2024-05-03 02:23:32.657: 28 epsilon: 0.1
2024-05-03 02:37:30.386: 29 test start:
2024-05-03 02:37:44.047: 29 avg_reward: 461.5
2024-05-03 02:37:44.047: 29 avg_steps: 731.95
2024-05-03 02:37:44.047: 29 epsilon: 0.1
2024-05-03 02:51:51.956: 30 test start:
2024-05-03 02:52:04.991: 30 avg_reward: 456.0
2024-05-03 02:52:04.991: 30 avg_steps: 701.85
2024-05-03 02:52:04.991: 30 epsilon: 0.1
2024-05-03 03:06:07.959: 31 test start:
2024-05-03 03:06:19.966: 31 avg_reward: 400.75
2024-05-03 03:06:19.966: 31 avg_steps: 630.15
2024-05-03 03:06:19.966: 31 epsilon: 0.1
2024-05-03 03:20:25.670: 32 test start:
2024-05-03 03:20:39.737: 32 avg_reward: 506.0
2024-05-03 03:20:39.737: 32 avg_steps: 756.9
2024-05-03 03:20:39.737: 32 epsilon: 0.1
2024-05-03 03:34:41.442: 33 test start:
2024-05-03 03:34:55.485: 33 avg_reward: 494.75
2024-05-03 03:34:55.485: 33 avg_steps: 749.65
2024-05-03 03:34:55.485: 33 epsilon: 0.1
2024-05-03 03:48:58.509: 34 test start:
2024-05-03 03:49:11.420: 34 avg_reward: 490.25
2024-05-03 03:49:11.420: 34 avg_steps: 692.3
2024-05-03 03:49:11.420: 34 epsilon: 0.1
2024-05-03 04:03:17.712: 35 test start:
2024-05-03 04:03:30.951: 35 avg_reward: 423.5
2024-05-03 04:03:30.952: 35 avg_steps: 710.95
2024-05-03 04:03:30.952: 35 epsilon: 0.1
2024-05-03 04:17:41.441: 36 test start:
2024-05-03 04:17:54.522: 36 avg_reward: 518.0
2024-05-03 04:17:54.522: 36 avg_steps: 705.9
2024-05-03 04:17:54.522: 36 epsilon: 0.1
2024-05-03 04:32:05.239: 37 test start:
2024-05-03 04:32:18.267: 37 avg_reward: 456.5
2024-05-03 04:32:18.267: 37 avg_steps: 698.9
2024-05-03 04:32:18.267: 37 epsilon: 0.1
2024-05-03 04:46:17.872: 38 test start:
2024-05-03 04:46:30.017: 38 avg_reward: 434.75
2024-05-03 04:46:30.017: 38 avg_steps: 645.7
2024-05-03 04:46:30.017: 38 epsilon: 0.1
2024-05-03 05:00:38.700: 39 test start:
2024-05-03 05:00:50.876: 39 avg_reward: 408.75
2024-05-03 05:00:50.877: 39 avg_steps: 659.35
2024-05-03 05:00:50.877: 39 epsilon: 0.1
2024-05-03 05:14:53.373: 40 test start:
2024-05-03 05:15:06.756: 40 avg_reward: 448.5
2024-05-03 05:15:06.756: 40 avg_steps: 720.95
2024-05-03 05:15:06.756: 40 epsilon: 0.1
2024-05-03 05:29:11.137: 41 test start:
2024-05-03 05:29:24.233: 41 avg_reward: 495.75
2024-05-03 05:29:24.233: 41 avg_steps: 704.65
2024-05-03 05:29:24.233: 41 epsilon: 0.1
2024-05-03 05:43:31.947: 42 test start:
2024-05-03 05:43:47.591: 42 avg_reward: 573.0
2024-05-03 05:43:47.592: 42 avg_steps: 843.45
2024-05-03 05:43:47.592: 42 epsilon: 0.1
2024-05-03 05:57:52.196: 43 test start:
2024-05-03 05:58:05.392: 43 avg_reward: 484.0
2024-05-03 05:58:05.392: 43 avg_steps: 709.7
2024-05-03 05:58:05.392: 43 epsilon: 0.1
2024-05-03 06:12:05.076: 44 test start:
2024-05-03 06:12:16.929: 44 avg_reward: 445.0
2024-05-03 06:12:16.929: 44 avg_steps: 629.6
2024-05-03 06:12:16.929: 44 epsilon: 0.1
2024-05-03 06:26:21.218: 45 test start:
2024-05-03 06:26:33.663: 45 avg_reward: 452.25
2024-05-03 06:26:33.663: 45 avg_steps: 654.85
2024-05-03 06:26:33.664: 45 epsilon: 0.1
2024-05-03 06:40:40.106: 46 test start:
2024-05-03 06:40:52.169: 46 avg_reward: 480.5
2024-05-03 06:40:52.169: 46 avg_steps: 647.6
2024-05-03 06:40:52.169: 46 epsilon: 0.1
2024-05-03 06:54:50.908: 47 test start:
2024-05-03 06:55:01.797: 47 avg_reward: 402.5
2024-05-03 06:55:01.797: 47 avg_steps: 580.6
2024-05-03 06:55:01.797: 47 epsilon: 0.1
2024-05-03 07:09:05.072: 48 test start:
2024-05-03 07:09:16.379: 48 avg_reward: 392.5
2024-05-03 07:09:16.379: 48 avg_steps: 606.75
2024-05-03 07:09:16.379: 48 epsilon: 0.1
2024-05-03 07:23:23.927: 49 test start:
2024-05-03 07:23:34.955: 49 avg_reward: 415.25
2024-05-03 07:23:34.955: 49 avg_steps: 593.1
2024-05-03 07:23:34.955: 49 epsilon: 0.1
2024-05-03 07:37:32.901: 50 test start:
2024-05-03 07:37:45.112: 50 avg_reward: 443.0
2024-05-03 07:37:45.112: 50 avg_steps: 662.5
2024-05-03 07:37:45.112: 50 epsilon: 0.1
2024-05-03 07:51:54.042: 51 test start:
2024-05-03 07:52:05.604: 51 avg_reward: 452.5
2024-05-03 07:52:05.604: 51 avg_steps: 620.25
2024-05-03 07:52:05.604: 51 epsilon: 0.1
2024-05-03 08:06:01.917: 52 test start:
2024-05-03 08:06:13.698: 52 avg_reward: 442.0
2024-05-03 08:06:13.698: 52 avg_steps: 633.95
2024-05-03 08:06:13.698: 52 epsilon: 0.1
2024-05-03 08:20:18.811: 53 test start:
2024-05-03 08:20:29.639: 53 avg_reward: 395.5
2024-05-03 08:20:29.639: 53 avg_steps: 574.9
2024-05-03 08:20:29.639: 53 epsilon: 0.1
2024-05-03 08:34:28.449: 54 test start:
2024-05-03 08:34:40.608: 54 avg_reward: 471.5
2024-05-03 08:34:40.608: 54 avg_steps: 650.1
2024-05-03 08:34:40.608: 54 epsilon: 0.1
2024-05-03 08:48:45.074: 55 test start:
2024-05-03 08:48:57.264: 55 avg_reward: 460.5
2024-05-03 08:48:57.264: 55 avg_steps: 649.25
2024-05-03 08:48:57.264: 55 epsilon: 0.1
2024-05-03 09:02:51.801: 56 test start:
2024-05-03 09:03:05.318: 56 avg_reward: 475.0
2024-05-03 09:03:05.318: 56 avg_steps: 712.45
2024-05-03 09:03:05.318: 56 epsilon: 0.1
2024-05-03 09:17:02.124: 57 test start:
2024-05-03 09:17:14.722: 57 avg_reward: 505.5
2024-05-03 09:17:14.722: 57 avg_steps: 681.0
2024-05-03 09:17:14.722: 57 epsilon: 0.1
2024-05-03 09:31:14.109: 58 test start:
2024-05-03 09:31:26.800: 58 avg_reward: 487.75
2024-05-03 09:31:26.800: 58 avg_steps: 678.85
2024-05-03 09:31:26.800: 58 epsilon: 0.1
2024-05-03 09:45:33.708: 59 test start:
2024-05-03 09:45:46.067: 59 avg_reward: 466.75
2024-05-03 09:45:46.067: 59 avg_steps: 664.25
2024-05-03 09:45:46.067: 59 epsilon: 0.1
2024-05-03 09:59:42.717: 60 test start:
2024-05-03 09:59:54.245: 60 avg_reward: 414.5
2024-05-03 09:59:54.245: 60 avg_steps: 620.45
2024-05-03 09:59:54.245: 60 epsilon: 0.1
2024-05-03 10:13:48.739: 61 test start:
2024-05-03 10:14:02.094: 61 avg_reward: 500.5
2024-05-03 10:14:02.094: 61 avg_steps: 720.35
2024-05-03 10:14:02.094: 61 epsilon: 0.1
2024-05-03 10:27:46.566: 62 test start:
2024-05-03 10:27:58.205: 62 avg_reward: 449.5
2024-05-03 10:27:58.206: 62 avg_steps: 627.15
2024-05-03 10:27:58.206: 62 epsilon: 0.1
2024-05-03 10:41:48.088: 63 test start:
2024-05-03 10:41:58.122: 63 avg_reward: 316.0
2024-05-03 10:41:58.123: 63 avg_steps: 535.05
2024-05-03 10:41:58.123: 63 epsilon: 0.1
2024-05-03 10:55:56.999: 64 test start:
2024-05-03 10:56:08.415: 64 avg_reward: 475.25
2024-05-03 10:56:08.415: 64 avg_steps: 620.25
2024-05-03 10:56:08.415: 64 epsilon: 0.1
2024-05-03 11:09:47.810: 65 test start:
2024-05-03 11:09:59.678: 65 avg_reward: 486.75
2024-05-03 11:09:59.678: 65 avg_steps: 643.35
2024-05-03 11:09:59.678: 65 epsilon: 0.1
2024-05-03 11:23:50.489: 66 test start:
2024-05-03 11:24:03.023: 66 avg_reward: 526.25
2024-05-03 11:24:03.023: 66 avg_steps: 675.8
2024-05-03 11:24:03.023: 66 epsilon: 0.1
2024-05-03 11:37:54.211: 67 test start:
2024-05-03 11:38:07.281: 67 avg_reward: 506.75
2024-05-03 11:38:07.281: 67 avg_steps: 701.4
2024-05-03 11:38:07.281: 67 epsilon: 0.1
2024-05-03 11:51:44.402: 68 test start:
2024-05-03 11:51:55.922: 68 avg_reward: 421.25
2024-05-03 11:51:55.922: 68 avg_steps: 618.2
2024-05-03 11:51:55.922: 68 epsilon: 0.1
2024-05-03 12:05:49.757: 69 test start:
2024-05-03 12:06:01.142: 69 avg_reward: 437.25
2024-05-03 12:06:01.142: 69 avg_steps: 615.3
2024-05-03 12:06:01.142: 69 epsilon: 0.1
2024-05-03 12:19:40.704: 70 test start:
2024-05-03 12:19:51.834: 70 avg_reward: 451.5
2024-05-03 12:19:51.835: 70 avg_steps: 590.65
2024-05-03 12:19:51.835: 70 epsilon: 0.1
2024-05-03 12:33:39.098: 71 test start:
2024-05-03 12:33:51.327: 71 avg_reward: 466.0
2024-05-03 12:33:51.327: 71 avg_steps: 661.65
2024-05-03 12:33:51.327: 71 epsilon: 0.1
2024-05-03 12:47:39.157: 72 test start:
2024-05-03 12:47:51.735: 72 avg_reward: 483.5
2024-05-03 12:47:51.735: 72 avg_steps: 672.7
2024-05-03 12:47:51.735: 72 epsilon: 0.1
2024-05-03 13:01:25.327: 73 test start:
2024-05-03 13:01:35.028: 73 avg_reward: 351.5
2024-05-03 13:01:35.028: 73 avg_steps: 519.85
2024-05-03 13:01:35.028: 73 epsilon: 0.1
2024-05-03 13:15:36.071: 74 test start:
2024-05-03 13:15:45.383: 74 avg_reward: 354.75
2024-05-03 13:15:45.384: 74 avg_steps: 503.4
2024-05-03 13:15:45.384: 74 epsilon: 0.1
2024-05-03 13:29:26.496: 75 test start:
2024-05-03 13:29:37.345: 75 avg_reward: 389.75
2024-05-03 13:29:37.345: 75 avg_steps: 578.1
2024-05-03 13:29:37.345: 75 epsilon: 0.1
2024-05-03 13:43:25.901: 76 test start:
2024-05-03 13:43:38.186: 76 avg_reward: 498.25
2024-05-03 13:43:38.186: 76 avg_steps: 666.9
2024-05-03 13:43:38.186: 76 epsilon: 0.1
2024-05-03 13:57:32.233: 77 test start:
2024-05-03 13:57:42.295: 77 avg_reward: 386.5
2024-05-03 13:57:42.295: 77 avg_steps: 537.85
2024-05-03 13:57:42.295: 77 epsilon: 0.1
2024-05-03 14:11:11.129: 78 test start:
2024-05-03 14:11:19.522: 78 avg_reward: 319.25
2024-05-03 14:11:19.522: 78 avg_steps: 440.5
2024-05-03 14:11:19.522: 78 epsilon: 0.1
2024-05-03 14:25:19.171: 79 test start:
2024-05-03 14:25:31.101: 79 avg_reward: 459.75
2024-05-03 14:25:31.101: 79 avg_steps: 646.15
2024-05-03 14:25:31.101: 79 epsilon: 0.1
2024-05-03 14:39:21.260: 80 test start:
2024-05-03 14:39:33.060: 80 avg_reward: 458.75
2024-05-03 14:39:33.060: 80 avg_steps: 634.5
2024-05-03 14:39:33.060: 80 epsilon: 0.1
2024-05-03 14:53:09.186: 81 test start:
2024-05-03 14:53:22.046: 81 avg_reward: 492.25
2024-05-03 14:53:22.046: 81 avg_steps: 699.35
2024-05-03 14:53:22.046: 81 epsilon: 0.1
2024-05-03 15:07:22.610: 82 test start:
2024-05-03 15:07:34.889: 82 avg_reward: 451.25
2024-05-03 15:07:34.889: 82 avg_steps: 661.2
2024-05-03 15:07:34.889: 82 epsilon: 0.1
2024-05-03 15:21:09.541: 83 test start:
2024-05-03 15:21:21.548: 83 avg_reward: 470.5
2024-05-03 15:21:21.548: 83 avg_steps: 640.6
2024-05-03 15:21:21.548: 83 epsilon: 0.1
2024-05-03 15:35:08.966: 84 test start:
2024-05-03 15:35:19.821: 84 avg_reward: 425.75
2024-05-03 15:35:19.821: 84 avg_steps: 581.4
2024-05-03 15:35:19.821: 84 epsilon: 0.1
2024-05-03 15:49:14.748: 85 test start:
2024-05-03 15:49:25.772: 85 avg_reward: 440.25
2024-05-03 15:49:25.772: 85 avg_steps: 598.0
2024-05-03 15:49:25.772: 85 epsilon: 0.1
2024-05-03 16:02:55.682: 86 test start:
2024-05-03 16:03:07.376: 86 avg_reward: 496.25
2024-05-03 16:03:07.376: 86 avg_steps: 633.55
2024-05-03 16:03:07.376: 86 epsilon: 0.1
2024-05-03 16:17:09.974: 87 test start:
2024-05-03 16:17:20.239: 87 avg_reward: 383.5
2024-05-03 16:17:20.240: 87 avg_steps: 537.95
2024-05-03 16:17:20.240: 87 epsilon: 0.1
2024-05-03 16:30:50.993: 88 test start:
2024-05-03 16:31:00.968: 88 avg_reward: 389.25
2024-05-03 16:31:00.968: 88 avg_steps: 534.45
2024-05-03 16:31:00.968: 88 epsilon: 0.1
2024-05-03 16:44:43.514: 89 test start:
2024-05-03 16:44:53.220: 89 avg_reward: 368.0
2024-05-03 16:44:53.220: 89 avg_steps: 518.85
2024-05-03 16:44:53.220: 89 epsilon: 0.1
2024-05-03 16:58:50.672: 90 test start:
2024-05-03 16:59:00.829: 90 avg_reward: 390.75
2024-05-03 16:59:00.829: 90 avg_steps: 539.95
2024-05-03 16:59:00.829: 90 epsilon: 0.1
2024-05-03 17:12:25.675: 91 test start:
2024-05-03 17:12:37.578: 91 avg_reward: 495.75
2024-05-03 17:12:37.578: 91 avg_steps: 637.85
2024-05-03 17:12:37.578: 91 epsilon: 0.1
2024-05-03 17:26:41.772: 92 test start:
2024-05-03 17:26:53.653: 92 avg_reward: 462.0
2024-05-03 17:26:53.653: 92 avg_steps: 635.05
2024-05-03 17:26:53.653: 92 epsilon: 0.1
2024-05-03 17:40:30.204: 93 test start:
2024-05-03 17:40:42.592: 93 avg_reward: 544.25
2024-05-03 17:40:42.592: 93 avg_steps: 668.35
2024-05-03 17:40:42.592: 93 epsilon: 0.1
2024-05-03 17:54:30.438: 94 test start:
2024-05-03 17:54:41.169: 94 avg_reward: 439.5
2024-05-03 17:54:41.169: 94 avg_steps: 576.8
2024-05-03 17:54:41.169: 94 epsilon: 0.1
2024-05-03 18:08:25.620: 95 test start:
2024-05-03 18:08:35.145: 95 avg_reward: 368.5
2024-05-03 18:08:35.145: 95 avg_steps: 503.5
2024-05-03 18:08:35.145: 95 epsilon: 0.1
2024-05-03 18:22:00.081: 96 test start:
2024-05-03 18:22:11.846: 96 avg_reward: 501.5
2024-05-03 18:22:11.846: 96 avg_steps: 629.25
2024-05-03 18:22:11.846: 96 epsilon: 0.1
2024-05-03 18:36:15.917: 97 test start:
2024-05-03 18:36:24.508: 97 avg_reward: 316.25
2024-05-03 18:36:24.508: 97 avg_steps: 458.2
2024-05-03 18:36:24.508: 97 epsilon: 0.1
2024-05-03 18:49:54.416: 98 test start:
2024-05-03 18:50:05.950: 98 avg_reward: 463.0
2024-05-03 18:50:05.950: 98 avg_steps: 609.0
2024-05-03 18:50:05.950: 98 epsilon: 0.1
2024-05-03 19:03:59.416: 99 test start:
2024-05-03 19:04:08.779: 99 avg_reward: 347.75
2024-05-03 19:04:08.779: 99 avg_steps: 500.25
2024-05-03 19:04:08.779: 99 epsilon: 0.1
2024-05-03 19:17:48.987: 100 test start:
2024-05-03 19:18:00.215: 100 avg_reward: 463.25
2024-05-03 19:18:00.215: 100 avg_steps: 592.15
2024-05-03 19:18:00.215: 100 epsilon: 0.1
2024-05-03 19:31:30.389: 101 test start:
2024-05-03 19:31:41.972: 101 avg_reward: 423.5
2024-05-03 19:31:41.972: 101 avg_steps: 622.85
2024-05-03 19:31:41.972: 101 epsilon: 0.1
2024-05-03 19:45:40.586: 102 test start:
2024-05-03 19:45:51.083: 102 avg_reward: 391.75
2024-05-03 19:45:51.083: 102 avg_steps: 565.65
2024-05-03 19:45:51.083: 102 epsilon: 0.1
2024-05-03 19:59:31.194: 103 test start:
2024-05-03 19:59:39.166: 103 avg_reward: 272.75
2024-05-03 19:59:39.166: 103 avg_steps: 427.95
2024-05-03 19:59:39.166: 103 epsilon: 0.1
2024-05-03 20:13:18.537: 104 test start:
2024-05-03 20:13:30.867: 104 avg_reward: 546.5
2024-05-03 20:13:30.867: 104 avg_steps: 669.55
2024-05-03 20:13:30.867: 104 epsilon: 0.1
2024-05-03 20:27:19.726: 105 test start:
2024-05-03 20:27:29.231: 105 avg_reward: 382.25
2024-05-03 20:27:29.231: 105 avg_steps: 503.6
2024-05-03 20:27:29.231: 105 epsilon: 0.1
2024-05-03 20:40:56.909: 106 test start:
2024-05-03 20:41:07.733: 106 avg_reward: 429.25
2024-05-03 20:41:07.733: 106 avg_steps: 581.5
2024-05-03 20:41:07.733: 106 epsilon: 0.1
2024-05-03 20:55:04.000: 107 test start:
2024-05-03 20:55:13.923: 107 avg_reward: 406.5
2024-05-03 20:55:13.923: 107 avg_steps: 531.85
2024-05-03 20:55:13.923: 107 epsilon: 0.1
2024-05-03 21:08:44.729: 108 test start:
2024-05-03 21:08:55.175: 108 avg_reward: 388.5
2024-05-03 21:08:55.175: 108 avg_steps: 558.1
2024-05-03 21:08:55.175: 108 epsilon: 0.1
2024-05-03 21:22:43.211: 109 test start:
2024-05-03 21:22:52.950: 109 avg_reward: 365.75
2024-05-03 21:22:52.950: 109 avg_steps: 515.1
2024-05-03 21:22:52.950: 109 epsilon: 0.1
2024-05-03 21:36:42.517: 110 test start:
2024-05-03 21:36:53.833: 110 avg_reward: 455.25
2024-05-03 21:36:53.833: 110 avg_steps: 604.25
2024-05-03 21:36:53.833: 110 epsilon: 0.1
2024-05-03 21:50:23.876: 111 test start:
2024-05-03 21:50:34.515: 111 avg_reward: 409.5
2024-05-03 21:50:34.515: 111 avg_steps: 569.75
2024-05-03 21:50:34.515: 111 epsilon: 0.1
2024-05-03 22:04:30.372: 112 test start:
2024-05-03 22:04:41.060: 112 avg_reward: 420.5
2024-05-03 22:04:41.060: 112 avg_steps: 578.55
2024-05-03 22:04:41.060: 112 epsilon: 0.1
2024-05-03 22:18:23.883: 113 test start:
2024-05-03 22:18:34.249: 113 avg_reward: 381.75
2024-05-03 22:18:34.249: 113 avg_steps: 547.5
2024-05-03 22:18:34.249: 113 epsilon: 0.1
2024-05-03 22:32:18.278: 114 test start:
2024-05-03 22:32:28.333: 114 avg_reward: 442.25
2024-05-03 22:32:28.333: 114 avg_steps: 542.9
2024-05-03 22:32:28.333: 114 epsilon: 0.1
2024-05-03 22:46:20.421: 115 test start:
2024-05-03 22:46:32.217: 115 avg_reward: 453.0
2024-05-03 22:46:32.217: 115 avg_steps: 627.45
2024-05-03 22:46:32.217: 115 epsilon: 0.1
2024-05-03 23:00:05.786: 116 test start:
2024-05-03 23:00:17.231: 116 avg_reward: 436.5
2024-05-03 23:00:17.231: 116 avg_steps: 603.2
2024-05-03 23:00:17.231: 116 epsilon: 0.1
2024-05-03 23:14:09.688: 117 test start:
2024-05-03 23:14:20.149: 117 avg_reward: 395.75
2024-05-03 23:14:20.149: 117 avg_steps: 559.4
2024-05-03 23:14:20.149: 117 epsilon: 0.1
2024-05-03 23:28:03.640: 118 test start:
2024-05-03 23:28:14.699: 118 avg_reward: 465.5
2024-05-03 23:28:14.699: 118 avg_steps: 587.4
2024-05-03 23:28:14.699: 118 epsilon: 0.1
2024-05-03 23:41:55.430: 119 test start:
2024-05-03 23:42:06.823: 119 avg_reward: 462.5
2024-05-03 23:42:06.823: 119 avg_steps: 609.65
2024-05-03 23:42:06.823: 119 epsilon: 0.1
2024-05-03 23:56:12.702: 120 test start:
2024-05-03 23:56:23.627: 120 avg_reward: 412.0
2024-05-03 23:56:23.627: 120 avg_steps: 594.6
2024-05-03 23:56:23.627: 120 epsilon: 0.1
2024-05-04 00:10:01.283: 121 test start:
2024-05-04 00:10:13.655: 121 avg_reward: 495.75
2024-05-04 00:10:13.655: 121 avg_steps: 664.4
2024-05-04 00:10:13.655: 121 epsilon: 0.1
2024-05-04 00:24:05.651: 122 test start:
2024-05-04 00:24:16.038: 122 avg_reward: 419.5
2024-05-04 00:24:16.038: 122 avg_steps: 555.95
2024-05-04 00:24:16.038: 122 epsilon: 0.1
2024-05-04 00:38:08.327: 123 test start:
2024-05-04 00:38:19.066: 123 avg_reward: 416.5
2024-05-04 00:38:19.066: 123 avg_steps: 570.45
2024-05-04 00:38:19.066: 123 epsilon: 0.1
2024-05-04 00:51:50.090: 124 test start:
2024-05-04 00:52:03.536: 124 avg_reward: 550.0
2024-05-04 00:52:03.536: 124 avg_steps: 723.95
2024-05-04 00:52:03.536: 124 epsilon: 0.1
2024-05-04 01:05:59.899: 125 test start:
2024-05-04 01:06:10.316: 125 avg_reward: 403.0
2024-05-04 01:06:10.316: 125 avg_steps: 560.2
2024-05-04 01:06:10.316: 125 epsilon: 0.1
2024-05-04 01:19:55.495: 126 test start:
2024-05-04 01:20:05.815: 126 avg_reward: 398.5
2024-05-04 01:20:05.815: 126 avg_steps: 546.55
2024-05-04 01:20:05.815: 126 epsilon: 0.1
2024-05-04 01:33:47.916: 127 test start:
2024-05-04 01:34:00.458: 127 avg_reward: 532.25
2024-05-04 01:34:00.458: 127 avg_steps: 664.6
2024-05-04 01:34:00.458: 127 epsilon: 0.1
2024-05-04 01:48:04.206: 128 test start:
2024-05-04 01:48:14.927: 128 avg_reward: 410.75
2024-05-04 01:48:14.927: 128 avg_steps: 574.8
2024-05-04 01:48:14.927: 128 epsilon: 0.1
2024-05-04 02:01:55.012: 129 test start:
2024-05-04 02:02:05.385: 129 avg_reward: 402.25
2024-05-04 02:02:05.385: 129 avg_steps: 544.5
2024-05-04 02:02:05.385: 129 epsilon: 0.1
2024-05-04 02:15:58.342: 130 test start:
2024-05-04 02:16:08.271: 130 avg_reward: 423.25
2024-05-04 02:16:08.271: 130 avg_steps: 529.25
2024-05-04 02:16:08.271: 130 epsilon: 0.1
2024-05-04 02:29:54.903: 131 test start:
2024-05-04 02:30:05.245: 131 avg_reward: 396.25
2024-05-04 02:30:05.245: 131 avg_steps: 554.55
2024-05-04 02:30:05.245: 131 epsilon: 0.1
2024-05-04 02:43:37.355: 132 test start:
2024-05-04 02:43:48.196: 132 avg_reward: 464.25
2024-05-04 02:43:48.196: 132 avg_steps: 574.25
2024-05-04 02:43:48.196: 132 epsilon: 0.1
2024-05-04 02:57:48.810: 133 test start:
2024-05-04 02:57:59.879: 133 avg_reward: 450.0
2024-05-04 02:57:59.879: 133 avg_steps: 590.3
2024-05-04 02:57:59.879: 133 epsilon: 0.1
2024-05-04 03:11:34.879: 134 test start:
2024-05-04 03:11:43.890: 134 avg_reward: 367.0
2024-05-04 03:11:43.890: 134 avg_steps: 481.95
2024-05-04 03:11:43.890: 134 epsilon: 0.1
2024-05-04 03:25:34.685: 135 test start:
2024-05-04 03:25:46.114: 135 avg_reward: 459.75
2024-05-04 03:25:46.114: 135 avg_steps: 616.2
2024-05-04 03:25:46.114: 135 epsilon: 0.1
2024-05-04 03:39:32.283: 136 test start:
2024-05-04 03:39:44.715: 136 avg_reward: 489.0
2024-05-04 03:39:44.715: 136 avg_steps: 673.1
2024-05-04 03:39:44.715: 136 epsilon: 0.1
2024-05-04 03:53:18.713: 137 test start:
2024-05-04 03:53:30.416: 137 avg_reward: 398.75
2024-05-04 03:53:30.416: 137 avg_steps: 624.95
2024-05-04 03:53:30.416: 137 epsilon: 0.1
2024-05-04 04:07:29.489: 138 test start:
2024-05-04 04:07:39.935: 138 avg_reward: 440.5
2024-05-04 04:07:39.935: 138 avg_steps: 560.85
2024-05-04 04:07:39.935: 138 epsilon: 0.1
2024-05-04 04:21:21.425: 139 test start:
2024-05-04 04:21:33.746: 139 avg_reward: 488.75
2024-05-04 04:21:33.746: 139 avg_steps: 659.95
2024-05-04 04:21:33.746: 139 epsilon: 0.1
2024-05-04 04:35:14.748: 140 test start:
2024-05-04 04:35:24.908: 140 avg_reward: 399.0
2024-05-04 04:35:24.908: 140 avg_steps: 541.15
2024-05-04 04:35:24.908: 140 epsilon: 0.1
2024-05-04 04:49:18.613: 141 test start:
2024-05-04 04:49:28.053: 141 avg_reward: 387.25
2024-05-04 04:49:28.053: 141 avg_steps: 509.45
2024-05-04 04:49:28.053: 141 epsilon: 0.1
2024-05-04 05:03:06.091: 142 test start:
2024-05-04 05:03:16.168: 142 avg_reward: 421.0
2024-05-04 05:03:16.168: 142 avg_steps: 541.55
2024-05-04 05:03:16.168: 142 epsilon: 0.1
2024-05-04 05:17:11.266: 143 test start:
2024-05-04 05:17:20.437: 143 avg_reward: 342.0
2024-05-04 05:17:20.438: 143 avg_steps: 484.3
2024-05-04 05:17:20.438: 143 epsilon: 0.1
2024-05-04 05:31:07.303: 144 test start:
2024-05-04 05:31:17.778: 144 avg_reward: 421.25
2024-05-04 05:31:17.778: 144 avg_steps: 559.05
2024-05-04 05:31:17.778: 144 epsilon: 0.1
2024-05-04 05:44:58.655: 145 test start:
2024-05-04 05:45:10.413: 145 avg_reward: 486.5
2024-05-04 05:45:10.413: 145 avg_steps: 623.05
2024-05-04 05:45:10.413: 145 epsilon: 0.1
2024-05-04 05:59:05.294: 146 test start:
2024-05-04 05:59:14.830: 146 avg_reward: 365.25
2024-05-04 05:59:14.830: 146 avg_steps: 511.25
2024-05-04 05:59:14.830: 146 epsilon: 0.1
2024-05-04 06:12:58.082: 147 test start:
2024-05-04 06:13:07.750: 147 avg_reward: 373.75
2024-05-04 06:13:07.750: 147 avg_steps: 510.45
2024-05-04 06:13:07.750: 147 epsilon: 0.1
2024-05-04 06:26:50.216: 148 test start:
2024-05-04 06:27:05.419: 148 avg_reward: 672.75
2024-05-04 06:27:05.419: 148 avg_steps: 824.8
2024-05-04 06:27:05.419: 148 epsilon: 0.1
2024-05-04 06:41:06.932: 149 test start:
2024-05-04 06:41:16.354: 149 avg_reward: 354.5
2024-05-04 06:41:16.354: 149 avg_steps: 498.0
2024-05-04 06:41:16.354: 149 epsilon: 0.1
2024-05-04 06:54:52.321: 150 test start:
2024-05-04 06:55:06.058: 150 avg_reward: 554.75
2024-05-04 06:55:06.058: 150 avg_steps: 735.95
2024-05-04 06:55:06.058: 150 epsilon: 0.1
2024-05-04 07:08:58.371: 151 test start:
2024-05-04 07:09:08.381: 151 avg_reward: 416.25
2024-05-04 07:09:08.381: 151 avg_steps: 538.9
2024-05-04 07:09:08.381: 151 epsilon: 0.1
2024-05-04 07:22:56.417: 152 test start:
2024-05-04 07:23:05.868: 152 avg_reward: 391.25
2024-05-04 07:23:05.869: 152 avg_steps: 490.2
2024-05-04 07:23:05.869: 152 epsilon: 0.1
2024-05-04 07:36:39.007: 153 test start:
2024-05-04 07:36:49.290: 153 avg_reward: 401.25
2024-05-04 07:36:49.290: 153 avg_steps: 550.9
2024-05-04 07:36:49.290: 153 epsilon: 0.1
2024-05-04 07:50:55.095: 154 test start:
2024-05-04 07:51:05.287: 154 avg_reward: 391.25
2024-05-04 07:51:05.287: 154 avg_steps: 536.7
2024-05-04 07:51:05.287: 154 epsilon: 0.1
2024-05-04 08:04:42.712: 155 test start:
2024-05-04 08:04:53.025: 155 avg_reward: 380.75
2024-05-04 08:04:53.025: 155 avg_steps: 539.3
2024-05-04 08:04:53.025: 155 epsilon: 0.1
2024-05-04 08:18:39.732: 156 test start:
2024-05-04 08:18:52.418: 156 avg_reward: 483.25
2024-05-04 08:18:52.418: 156 avg_steps: 689.05
2024-05-04 08:18:52.418: 156 epsilon: 0.1
2024-05-04 08:32:53.706: 157 test start:
2024-05-04 08:33:07.640: 157 avg_reward: 591.5
2024-05-04 08:33:07.640: 157 avg_steps: 749.65
2024-05-04 08:33:07.640: 157 epsilon: 0.1
2024-05-04 08:46:40.836: 158 test start:
2024-05-04 08:46:52.752: 158 avg_reward: 474.25
2024-05-04 08:46:52.752: 158 avg_steps: 625.35
2024-05-04 08:46:52.752: 158 epsilon: 0.1
2024-05-04 09:00:55.433: 159 test start:
2024-05-04 09:01:06.747: 159 avg_reward: 439.0
2024-05-04 09:01:06.747: 159 avg_steps: 608.8
2024-05-04 09:01:06.747: 159 epsilon: 0.1
2024-05-04 09:14:45.088: 160 test start:
2024-05-04 09:14:56.624: 160 avg_reward: 458.5
2024-05-04 09:14:56.624: 160 avg_steps: 607.0
2024-05-04 09:14:56.624: 160 epsilon: 0.1
2024-05-04 09:28:46.296: 161 test start:
2024-05-04 09:28:56.236: 161 avg_reward: 423.0
2024-05-04 09:28:56.236: 161 avg_steps: 533.7
2024-05-04 09:28:56.236: 161 epsilon: 0.1
2024-05-04 09:42:45.331: 162 test start:
2024-05-04 09:42:54.701: 162 avg_reward: 364.5
2024-05-04 09:42:54.701: 162 avg_steps: 495.25
2024-05-04 09:42:54.701: 162 epsilon: 0.1
2024-05-04 09:56:29.133: 163 test start:
2024-05-04 09:56:40.198: 163 avg_reward: 431.75
2024-05-04 09:56:40.198: 163 avg_steps: 589.45
2024-05-04 09:56:40.198: 163 epsilon: 0.1
2024-05-04 10:10:38.513: 164 test start:
2024-05-04 10:10:49.981: 164 avg_reward: 481.25
2024-05-04 10:10:49.981: 164 avg_steps: 616.9
2024-05-04 10:10:49.981: 164 epsilon: 0.1
2024-05-04 10:24:30.156: 165 test start:
2024-05-04 10:24:41.765: 165 avg_reward: 459.0
2024-05-04 10:24:41.765: 165 avg_steps: 610.0
2024-05-04 10:24:41.765: 165 epsilon: 0.1
2024-05-04 10:38:12.944: 166 test start:
2024-05-04 10:38:22.416: 166 avg_reward: 368.0
2024-05-04 10:38:22.416: 166 avg_steps: 506.1
2024-05-04 10:38:22.416: 166 epsilon: 0.1
2024-05-04 10:52:29.375: 167 test start:
2024-05-04 10:52:38.622: 167 avg_reward: 393.0
2024-05-04 10:52:38.622: 167 avg_steps: 495.25
2024-05-04 10:52:38.622: 167 epsilon: 0.1
2024-05-04 11:06:15.839: 168 test start:
2024-05-04 11:06:25.991: 168 avg_reward: 433.0
2024-05-04 11:06:25.991: 168 avg_steps: 552.15
2024-05-04 11:06:25.991: 168 epsilon: 0.1
2024-05-04 11:20:26.457: 169 test start:
2024-05-04 11:20:35.671: 169 avg_reward: 323.5
2024-05-04 11:20:35.671: 169 avg_steps: 490.35
2024-05-04 11:20:35.671: 169 epsilon: 0.1
2024-05-04 11:34:08.885: 170 test start:
2024-05-04 11:34:20.612: 170 avg_reward: 463.0
2024-05-04 11:34:20.612: 170 avg_steps: 617.35
2024-05-04 11:34:20.612: 170 epsilon: 0.1
2024-05-04 11:47:58.872: 171 test start:
2024-05-04 11:48:10.215: 171 avg_reward: 455.25
2024-05-04 11:48:10.215: 171 avg_steps: 605.3
2024-05-04 11:48:10.215: 171 epsilon: 0.1
2024-05-04 12:02:13.316: 172 test start:
2024-05-04 12:02:24.622: 172 avg_reward: 468.5
2024-05-04 12:02:24.622: 172 avg_steps: 597.55
2024-05-04 12:02:24.622: 172 epsilon: 0.1
2024-05-04 12:15:59.370: 173 test start:
2024-05-04 12:16:09.520: 173 avg_reward: 420.5
2024-05-04 12:16:09.520: 173 avg_steps: 543.45
2024-05-04 12:16:09.520: 173 epsilon: 0.1
2024-05-04 12:30:12.880: 174 test start:
2024-05-04 12:30:25.289: 174 avg_reward: 497.0
2024-05-04 12:30:25.289: 174 avg_steps: 664.4
2024-05-04 12:30:25.289: 174 epsilon: 0.1
2024-05-04 12:44:06.406: 175 test start:
2024-05-04 12:44:17.944: 175 avg_reward: 466.25
2024-05-04 12:44:17.944: 175 avg_steps: 606.95
2024-05-04 12:44:17.944: 175 epsilon: 0.1
2024-05-04 12:57:49.777: 176 test start:
2024-05-04 12:57:59.882: 176 avg_reward: 390.0
2024-05-04 12:57:59.882: 176 avg_steps: 522.6
2024-05-04 12:57:59.882: 176 epsilon: 0.1
2024-05-04 13:12:10.660: 177 test start:
2024-05-04 13:12:20.497: 177 avg_reward: 401.5
2024-05-04 13:12:20.497: 177 avg_steps: 519.65
2024-05-04 13:12:20.497: 177 epsilon: 0.1
2024-05-04 13:25:58.678: 178 test start:
2024-05-04 13:26:08.662: 178 avg_reward: 403.5
2024-05-04 13:26:08.662: 178 avg_steps: 531.9
2024-05-04 13:26:08.662: 178 epsilon: 0.1
2024-05-04 13:40:06.569: 179 test start:
2024-05-04 13:40:18.763: 179 avg_reward: 459.5
2024-05-04 13:40:18.763: 179 avg_steps: 648.6
2024-05-04 13:40:18.763: 179 epsilon: 0.1
2024-05-04 13:53:59.235: 180 test start:
2024-05-04 13:54:12.302: 180 avg_reward: 538.75
2024-05-04 13:54:12.302: 180 avg_steps: 695.9
2024-05-04 13:54:12.302: 180 epsilon: 0.1
2024-05-04 14:07:42.903: 181 test start:
2024-05-04 14:07:53.579: 181 avg_reward: 433.25
2024-05-04 14:07:53.579: 181 avg_steps: 572.85
2024-05-04 14:07:53.579: 181 epsilon: 0.1
2024-05-04 14:22:04.869: 182 test start:
2024-05-04 14:22:16.240: 182 avg_reward: 454.25
2024-05-04 14:22:16.240: 182 avg_steps: 608.9
2024-05-04 14:22:16.240: 182 epsilon: 0.1
2024-05-04 14:35:54.124: 183 test start:
2024-05-04 14:36:04.403: 183 avg_reward: 414.0
2024-05-04 14:36:04.404: 183 avg_steps: 538.95
2024-05-04 14:36:04.404: 183 epsilon: 0.1
2024-05-04 14:49:50.459: 184 test start:
2024-05-04 14:50:01.827: 184 avg_reward: 441.5
2024-05-04 14:50:01.827: 184 avg_steps: 608.2
2024-05-04 14:50:01.827: 184 epsilon: 0.1
2024-05-04 15:03:50.347: 185 test start:
2024-05-04 15:03:59.814: 185 avg_reward: 389.0
2024-05-04 15:03:59.814: 185 avg_steps: 499.9
2024-05-04 15:03:59.814: 185 epsilon: 0.1
2024-05-04 15:17:35.273: 186 test start:
2024-05-04 15:17:45.237: 186 avg_reward: 400.25
2024-05-04 15:17:45.237: 186 avg_steps: 521.4
2024-05-04 15:17:45.237: 186 epsilon: 0.1
2024-05-04 15:31:52.574: 187 test start:
2024-05-04 15:32:03.206: 187 avg_reward: 435.25
2024-05-04 15:32:03.206: 187 avg_steps: 564.0
2024-05-04 15:32:03.206: 187 epsilon: 0.1
2024-05-04 15:45:37.033: 188 test start:
2024-05-04 15:45:48.006: 188 avg_reward: 433.0
2024-05-04 15:45:48.006: 188 avg_steps: 581.8
2024-05-04 15:45:48.006: 188 epsilon: 0.1
2024-05-04 15:59:42.168: 189 test start:
2024-05-04 15:59:52.469: 189 avg_reward: 373.5
2024-05-04 15:59:52.469: 189 avg_steps: 549.45
2024-05-04 15:59:52.469: 189 epsilon: 0.1
2024-05-04 16:13:41.704: 190 test start:
2024-05-04 16:13:51.484: 190 avg_reward: 382.25
2024-05-04 16:13:51.484: 190 avg_steps: 512.45
2024-05-04 16:13:51.484: 190 epsilon: 0.1
2024-05-04 16:27:32.496: 191 test start:
2024-05-04 16:27:44.797: 191 avg_reward: 472.5
2024-05-04 16:27:44.797: 191 avg_steps: 651.15
2024-05-04 16:27:44.797: 191 epsilon: 0.1
2024-05-04 16:41:44.200: 192 test start:
2024-05-04 16:41:54.239: 192 avg_reward: 392.0
2024-05-04 16:41:54.239: 192 avg_steps: 540.3
2024-05-04 16:41:54.239: 192 epsilon: 0.1
2024-05-04 16:55:41.294: 193 test start:
2024-05-04 16:55:51.489: 193 avg_reward: 401.0
2024-05-04 16:55:51.489: 193 avg_steps: 542.15
2024-05-04 16:55:51.489: 193 epsilon: 0.1
2024-05-04 17:09:38.506: 194 test start:
2024-05-04 17:09:49.100: 194 avg_reward: 408.75
2024-05-04 17:09:49.100: 194 avg_steps: 560.7
2024-05-04 17:09:49.100: 194 epsilon: 0.1
2024-05-04 17:23:50.420: 195 test start:
2024-05-04 17:24:03.194: 195 avg_reward: 502.25
2024-05-04 17:24:03.194: 195 avg_steps: 688.75
2024-05-04 17:24:03.194: 195 epsilon: 0.1
2024-05-04 17:37:44.615: 196 test start:
2024-05-04 17:37:55.290: 196 avg_reward: 443.0
2024-05-04 17:37:55.290: 196 avg_steps: 561.8
2024-05-04 17:37:55.290: 196 epsilon: 0.1
2024-05-04 17:51:42.782: 197 test start:
2024-05-04 17:51:52.483: 197 avg_reward: 418.5
2024-05-04 17:51:52.484: 197 avg_steps: 521.4
2024-05-04 17:51:52.484: 197 epsilon: 0.1
2024-05-04 18:05:48.793: 198 test start:
2024-05-04 18:05:58.693: 198 avg_reward: 406.5
2024-05-04 18:05:58.693: 198 avg_steps: 529.95
2024-05-04 18:05:58.693: 198 epsilon: 0.1
2024-05-04 18:19:34.002: 199 test start:
2024-05-04 18:19:43.323: 199 avg_reward: 381.75
2024-05-04 18:19:43.323: 199 avg_steps: 494.45
2024-05-04 18:19:43.323: 199 epsilon: 0.1
2024-05-04 18:33:40.510: 200 test start:
2024-05-04 18:33:51.280: 200 avg_reward: 415.0
2024-05-04 18:33:51.280: 200 avg_steps: 575.5
2024-05-04 18:33:51.280: 200 epsilon: 0.1
2024-05-04 18:47:33.979: 201 test start:
2024-05-04 18:47:44.974: 201 avg_reward: 463.75
2024-05-04 18:47:44.974: 201 avg_steps: 580.55
2024-05-04 18:47:44.974: 201 epsilon: 0.1
2024-05-04 19:01:28.625: 202 test start:
2024-05-04 19:01:39.884: 202 avg_reward: 459.0
2024-05-04 19:01:39.884: 202 avg_steps: 603.6
2024-05-04 19:01:39.884: 202 epsilon: 0.1
2024-05-04 19:15:39.220: 203 test start:
2024-05-04 19:15:47.862: 203 avg_reward: 336.5
2024-05-04 19:15:47.862: 203 avg_steps: 461.15
2024-05-04 19:15:47.862: 203 epsilon: 0.1
2024-05-04 19:29:24.586: 204 test start:
2024-05-04 19:29:34.525: 204 avg_reward: 393.75
2024-05-04 19:29:34.525: 204 avg_steps: 521.95
2024-05-04 19:29:34.525: 204 epsilon: 0.1
2024-05-04 19:43:41.859: 205 test start:
2024-05-04 19:43:50.627: 205 avg_reward: 344.25
2024-05-04 19:43:50.627: 205 avg_steps: 459.1
2024-05-04 19:43:50.627: 205 epsilon: 0.1
2024-05-04 19:57:26.147: 206 test start:
2024-05-04 19:57:37.964: 206 avg_reward: 474.0
2024-05-04 19:57:37.964: 206 avg_steps: 634.95
2024-05-04 19:57:37.964: 206 epsilon: 0.1
2024-05-04 20:11:21.911: 207 test start:
2024-05-04 20:11:34.966: 207 avg_reward: 487.25
2024-05-04 20:11:34.966: 207 avg_steps: 704.65
2024-05-04 20:11:34.966: 207 epsilon: 0.1
2024-05-04 20:25:37.167: 208 test start:
2024-05-04 20:25:49.326: 208 avg_reward: 480.75
2024-05-04 20:25:49.326: 208 avg_steps: 645.95
2024-05-04 20:25:49.326: 208 epsilon: 0.1
2024-05-04 20:39:26.802: 209 test start:
2024-05-04 20:39:38.480: 209 avg_reward: 441.5
2024-05-04 20:39:38.480: 209 avg_steps: 625.25
2024-05-04 20:39:38.480: 209 epsilon: 0.1
2024-05-04 20:53:47.911: 210 test start:
2024-05-04 20:53:59.288: 210 avg_reward: 460.25
2024-05-04 20:53:59.288: 210 avg_steps: 611.85
2024-05-04 20:53:59.288: 210 epsilon: 0.1
2024-05-04 21:07:35.586: 211 test start:
2024-05-04 21:07:45.120: 211 avg_reward: 384.5
2024-05-04 21:07:45.120: 211 avg_steps: 502.05
2024-05-04 21:07:45.120: 211 epsilon: 0.1
2024-05-04 21:21:23.975: 212 test start:
2024-05-04 21:21:35.186: 212 avg_reward: 435.25
2024-05-04 21:21:35.186: 212 avg_steps: 604.25
2024-05-04 21:21:35.186: 212 epsilon: 0.1
2024-05-04 21:35:43.929: 213 test start:
2024-05-04 21:35:56.345: 213 avg_reward: 478.25
2024-05-04 21:35:56.345: 213 avg_steps: 662.9
2024-05-04 21:35:56.345: 213 epsilon: 0.1
2024-05-04 21:49:31.894: 214 test start:
2024-05-04 21:49:41.657: 214 avg_reward: 385.25
2024-05-04 21:49:41.657: 214 avg_steps: 518.45
2024-05-04 21:49:41.657: 214 epsilon: 0.1
2024-05-04 22:03:44.346: 215 test start:
2024-05-04 22:03:55.210: 215 avg_reward: 349.25
2024-05-04 22:03:55.210: 215 avg_steps: 578.0
2024-05-04 22:03:55.210: 215 epsilon: 0.1
2024-05-04 22:17:40.456: 216 test start:
2024-05-04 22:17:51.795: 216 avg_reward: 427.5
2024-05-04 22:17:51.795: 216 avg_steps: 606.1
2024-05-04 22:17:51.795: 216 epsilon: 0.1
2024-05-04 22:31:28.414: 217 test start:
2024-05-04 22:31:41.158: 217 avg_reward: 506.75
2024-05-04 22:31:41.158: 217 avg_steps: 688.95
2024-05-04 22:31:41.158: 217 epsilon: 0.1
