2024-05-01 10:28:12.661: 
parameters:agent_saving_period: 80000
agent_test_episodes: 20
batch_num_per_epoch: 100000
device: cuda:0
env_name: ALE/SpaceInvaders-v5
epsilon_for_test: 0.05
epsilon_max: 1.0
epsilon_min: 0.1
exploration_steps: 1000000
gamma: 0.99
input_frame_height: 84
input_frame_width: 84
learning_rate: 1.0e-05
log_path: ../exps/dqn/
mini_batch_size: 32
no_op: 30
phi_channel: 4
replay_buffer_size: 200000
replay_start_size: 10000
save_path: ./exps/
skip_k_frame: 4
step_c: 10000
training_steps: 50000000

2024-05-01 10:46:33.236: 1 test start:
2024-05-01 10:46:54.083: 1 avg_reward: 151.75
2024-05-01 10:46:54.083: 1 avg_steps: 573.9
2024-05-01 10:46:54.083: 1 epsilon: 0.9235558
2024-05-01 11:11:17.068: 2 test start:
2024-05-01 11:11:39.618: 2 avg_reward: 265.5
2024-05-01 11:11:39.619: 2 avg_steps: 649.35
2024-05-01 11:11:39.619: 2 epsilon: 0.8389081
2024-05-01 11:37:55.878: 3 test start:
2024-05-01 11:38:14.358: 3 avg_reward: 203.5
2024-05-01 11:38:14.358: 3 avg_steps: 526.9
2024-05-01 11:38:14.358: 3 epsilon: 0.7540785999999999
2024-05-01 12:04:15.235: 4 test start:
2024-05-01 12:04:33.257: 4 avg_reward: 248.5
2024-05-01 12:04:33.257: 4 avg_steps: 537.15
2024-05-01 12:04:33.257: 4 epsilon: 0.6692509
2024-05-01 12:30:49.062: 5 test start:
2024-05-01 12:31:10.492: 5 avg_reward: 268.25
2024-05-01 12:31:10.492: 5 avg_steps: 596.05
2024-05-01 12:31:10.493: 5 epsilon: 0.5836509999999999
2024-05-01 12:56:44.595: 6 test start:
2024-05-01 12:57:02.498: 6 avg_reward: 305.75
2024-05-01 12:57:02.499: 6 avg_steps: 557.65
2024-05-01 12:57:02.499: 6 epsilon: 0.4986459999999999
2024-05-01 13:22:37.819: 7 test start:
2024-05-01 13:22:57.754: 7 avg_reward: 276.0
2024-05-01 13:22:57.755: 7 avg_steps: 568.25
2024-05-01 13:22:57.755: 7 epsilon: 0.41295609999999994
2024-05-01 13:49:05.812: 8 test start:
2024-05-01 13:49:24.611: 8 avg_reward: 326.5
2024-05-01 13:49:24.611: 8 avg_steps: 603.75
2024-05-01 13:49:24.611: 8 epsilon: 0.3276621999999999
2024-05-01 14:13:53.684: 9 test start:
2024-05-01 14:14:14.882: 9 avg_reward: 304.0
2024-05-01 14:14:14.882: 9 avg_steps: 571.8
2024-05-01 14:14:14.882: 9 epsilon: 0.24194349999999998
2024-05-01 14:40:27.097: 10 test start:
2024-05-01 14:40:49.193: 10 avg_reward: 380.0
2024-05-01 14:40:49.193: 10 avg_steps: 653.35
2024-05-01 14:40:49.193: 10 epsilon: 0.15668379999999993
2024-05-01 15:06:57.546: 11 test start:
2024-05-01 15:07:17.616: 11 avg_reward: 378.75
2024-05-01 15:07:17.617: 11 avg_steps: 588.9
2024-05-01 15:07:17.617: 11 epsilon: 0.1
2024-05-01 15:33:36.903: 12 test start:
2024-05-01 15:34:01.713: 12 avg_reward: 406.75
2024-05-01 15:34:01.713: 12 avg_steps: 688.25
2024-05-01 15:34:01.713: 12 epsilon: 0.1
2024-05-01 15:59:59.048: 13 test start:
2024-05-01 16:00:20.832: 13 avg_reward: 363.0
2024-05-01 16:00:20.833: 13 avg_steps: 616.75
2024-05-01 16:00:20.833: 13 epsilon: 0.1
2024-05-01 16:27:14.918: 14 test start:
2024-05-01 16:27:37.333: 14 avg_reward: 373.25
2024-05-01 16:27:37.334: 14 avg_steps: 627.05
2024-05-01 16:27:37.334: 14 epsilon: 0.1
2024-05-01 16:54:12.703: 15 test start:
2024-05-01 16:54:34.457: 15 avg_reward: 416.75
2024-05-01 16:54:34.458: 15 avg_steps: 623.65
2024-05-01 16:54:34.458: 15 epsilon: 0.1
2024-05-01 17:20:55.728: 16 test start:
2024-05-01 17:21:21.448: 16 avg_reward: 444.5
2024-05-01 17:21:21.449: 16 avg_steps: 725.3
2024-05-01 17:21:21.449: 16 epsilon: 0.1
2024-05-01 17:47:38.589: 17 test start:
2024-05-01 17:48:02.668: 17 avg_reward: 354.0
2024-05-01 17:48:02.668: 17 avg_steps: 661.75
2024-05-01 17:48:02.669: 17 epsilon: 0.1
2024-05-01 18:14:51.467: 18 test start:
2024-05-01 18:15:16.279: 18 avg_reward: 405.0
2024-05-01 18:15:16.279: 18 avg_steps: 645.95
2024-05-01 18:15:16.279: 18 epsilon: 0.1
2024-05-01 18:42:05.322: 19 test start:
2024-05-01 18:42:31.520: 19 avg_reward: 458.0
2024-05-01 18:42:31.521: 19 avg_steps: 714.8
2024-05-01 18:42:31.521: 19 epsilon: 0.1
2024-05-01 19:09:05.517: 20 test start:
2024-05-01 19:09:29.329: 20 avg_reward: 393.5
2024-05-01 19:09:29.329: 20 avg_steps: 628.6
2024-05-01 19:09:29.329: 20 epsilon: 0.1
2024-05-01 19:36:39.367: 21 test start:
2024-05-01 19:37:02.981: 21 avg_reward: 449.75
2024-05-01 19:37:02.981: 21 avg_steps: 643.75
2024-05-01 19:37:02.981: 21 epsilon: 0.1
2024-05-01 20:03:50.531: 22 test start:
2024-05-01 20:04:19.836: 22 avg_reward: 558.25
2024-05-01 20:04:19.837: 22 avg_steps: 854.9
2024-05-01 20:04:19.837: 22 epsilon: 0.1
2024-05-01 20:30:44.654: 23 test start:
2024-05-01 20:31:10.220: 23 avg_reward: 504.0
2024-05-01 20:31:10.220: 23 avg_steps: 748.35
2024-05-01 20:31:10.220: 23 epsilon: 0.1
2024-05-01 20:57:40.526: 24 test start:
2024-05-01 20:58:06.302: 24 avg_reward: 489.5
2024-05-01 20:58:06.303: 24 avg_steps: 744.05
2024-05-01 20:58:06.303: 24 epsilon: 0.1
2024-05-01 21:24:34.922: 25 test start:
2024-05-01 21:24:58.233: 25 avg_reward: 446.5
2024-05-01 21:24:58.234: 25 avg_steps: 657.45
2024-05-01 21:24:58.234: 25 epsilon: 0.1
2024-05-01 21:51:41.038: 26 test start:
2024-05-01 21:52:03.550: 26 avg_reward: 403.5
2024-05-01 21:52:03.551: 26 avg_steps: 636.95
2024-05-01 21:52:03.551: 26 epsilon: 0.1
2024-05-01 22:18:52.638: 27 test start:
2024-05-01 22:19:17.952: 27 avg_reward: 492.0
2024-05-01 22:19:17.953: 27 avg_steps: 710.55
2024-05-01 22:19:17.953: 27 epsilon: 0.1
2024-05-01 22:45:52.868: 28 test start:
2024-05-01 22:46:18.130: 28 avg_reward: 471.25
2024-05-01 22:46:18.130: 28 avg_steps: 690.3
2024-05-01 22:46:18.130: 28 epsilon: 0.1
2024-05-01 23:13:16.447: 29 test start:
2024-05-01 23:13:41.802: 29 avg_reward: 491.25
2024-05-01 23:13:41.802: 29 avg_steps: 716.35
2024-05-01 23:13:41.802: 29 epsilon: 0.1
2024-05-01 23:40:30.387: 30 test start:
2024-05-01 23:40:54.302: 30 avg_reward: 448.25
2024-05-01 23:40:54.302: 30 avg_steps: 666.8
2024-05-01 23:40:54.302: 30 epsilon: 0.1
2024-05-02 00:06:16.776: 31 test start:
2024-05-02 00:06:43.860: 31 avg_reward: 476.25
2024-05-02 00:06:43.861: 31 avg_steps: 733.6
2024-05-02 00:06:43.861: 31 epsilon: 0.1
2024-05-02 00:33:34.612: 32 test start:
2024-05-02 00:34:00.505: 32 avg_reward: 491.25
2024-05-02 00:34:00.505: 32 avg_steps: 726.55
2024-05-02 00:34:00.505: 32 epsilon: 0.1
2024-05-02 01:00:54.104: 33 test start:
2024-05-02 01:01:20.102: 33 avg_reward: 490.0
2024-05-02 01:01:20.102: 33 avg_steps: 724.75
2024-05-02 01:01:20.103: 33 epsilon: 0.1
2024-05-02 01:28:05.797: 34 test start:
2024-05-02 01:28:32.738: 34 avg_reward: 543.25
2024-05-02 01:28:32.738: 34 avg_steps: 782.65
2024-05-02 01:28:32.739: 34 epsilon: 0.1
2024-05-02 01:56:05.462: 35 test start:
2024-05-02 01:56:32.317: 35 avg_reward: 475.0
2024-05-02 01:56:32.318: 35 avg_steps: 711.7
2024-05-02 01:56:32.318: 35 epsilon: 0.1
2024-05-02 02:22:46.603: 36 test start:
2024-05-02 02:23:10.270: 36 avg_reward: 438.75
2024-05-02 02:23:10.270: 36 avg_steps: 681.7
2024-05-02 02:23:10.270: 36 epsilon: 0.1
2024-05-02 02:49:46.589: 37 test start:
2024-05-02 02:50:12.460: 37 avg_reward: 499.5
2024-05-02 02:50:12.460: 37 avg_steps: 771.6
2024-05-02 02:50:12.460: 37 epsilon: 0.1
2024-05-02 03:16:38.137: 38 test start:
2024-05-02 03:17:02.820: 38 avg_reward: 512.0
2024-05-02 03:17:02.820: 38 avg_steps: 736.65
2024-05-02 03:17:02.820: 38 epsilon: 0.1
2024-05-02 03:43:42.544: 39 test start:
2024-05-02 03:44:06.178: 39 avg_reward: 446.0
2024-05-02 03:44:06.179: 39 avg_steps: 697.35
2024-05-02 03:44:06.179: 39 epsilon: 0.1
2024-05-02 04:10:35.252: 40 test start:
2024-05-02 04:11:00.927: 40 avg_reward: 509.0
2024-05-02 04:11:00.927: 40 avg_steps: 755.1
2024-05-02 04:11:00.927: 40 epsilon: 0.1
2024-05-02 04:37:30.306: 41 test start:
2024-05-02 04:37:51.973: 41 avg_reward: 372.25
2024-05-02 04:37:51.973: 41 avg_steps: 631.55
2024-05-02 04:37:51.973: 41 epsilon: 0.1
2024-05-02 05:04:22.239: 42 test start:
2024-05-02 05:04:48.177: 42 avg_reward: 478.5
2024-05-02 05:04:48.178: 42 avg_steps: 751.05
2024-05-02 05:04:48.178: 42 epsilon: 0.1
2024-05-02 05:31:09.603: 43 test start:
2024-05-02 05:31:34.413: 43 avg_reward: 527.25
2024-05-02 05:31:34.413: 43 avg_steps: 731.1
2024-05-02 05:31:34.413: 43 epsilon: 0.1
2024-05-02 05:57:05.414: 44 test start:
2024-05-02 05:57:28.052: 44 avg_reward: 526.5
2024-05-02 05:57:28.052: 44 avg_steps: 702.45
2024-05-02 05:57:28.052: 44 epsilon: 0.1
2024-05-02 06:23:13.258: 45 test start:
2024-05-02 06:23:37.508: 45 avg_reward: 462.25
2024-05-02 06:23:37.508: 45 avg_steps: 706.05
2024-05-02 06:23:37.508: 45 epsilon: 0.1
2024-05-02 06:49:45.695: 46 test start:
2024-05-02 06:50:09.582: 46 avg_reward: 456.0
2024-05-02 06:50:09.582: 46 avg_steps: 678.15
2024-05-02 06:50:09.582: 46 epsilon: 0.1
2024-05-02 07:16:01.984: 47 test start:
2024-05-02 07:16:27.115: 47 avg_reward: 500.0
2024-05-02 07:16:27.115: 47 avg_steps: 721.7
2024-05-02 07:16:27.115: 47 epsilon: 0.1
2024-05-02 07:42:25.088: 48 test start:
2024-05-02 07:42:49.738: 48 avg_reward: 472.25
2024-05-02 07:42:49.738: 48 avg_steps: 720.9
2024-05-02 07:42:49.738: 48 epsilon: 0.1
2024-05-02 08:09:00.720: 49 test start:
2024-05-02 08:09:25.576: 49 avg_reward: 514.25
2024-05-02 08:09:25.576: 49 avg_steps: 738.5
2024-05-02 08:09:25.576: 49 epsilon: 0.1
2024-05-02 08:35:45.625: 50 test start:
2024-05-02 08:36:06.604: 50 avg_reward: 405.75
2024-05-02 08:36:06.605: 50 avg_steps: 611.65
2024-05-02 08:36:06.605: 50 epsilon: 0.1
2024-05-02 09:00:25.364: 51 test start:
2024-05-02 09:00:51.291: 51 avg_reward: 520.0
2024-05-02 09:00:51.291: 51 avg_steps: 739.45
2024-05-02 09:00:51.291: 51 epsilon: 0.1
2024-05-02 09:27:22.105: 52 test start:
2024-05-02 09:27:44.931: 52 avg_reward: 454.75
2024-05-02 09:27:44.931: 52 avg_steps: 668.7
2024-05-02 09:27:44.931: 52 epsilon: 0.1
2024-05-02 09:54:27.840: 53 test start:
2024-05-02 09:54:50.134: 53 avg_reward: 451.75
2024-05-02 09:54:50.135: 53 avg_steps: 645.6
2024-05-02 09:54:50.135: 53 epsilon: 0.1
2024-05-02 10:21:33.531: 54 test start:
2024-05-02 10:21:55.647: 54 avg_reward: 425.0
2024-05-02 10:21:55.648: 54 avg_steps: 612.75
2024-05-02 10:21:55.648: 54 epsilon: 0.1
2024-05-02 10:49:27.410: 55 test start:
2024-05-02 10:49:51.116: 55 avg_reward: 417.25
2024-05-02 10:49:51.116: 55 avg_steps: 667.45
2024-05-02 10:49:51.116: 55 epsilon: 0.1
2024-05-02 11:16:29.292: 56 test start:
2024-05-02 11:16:48.443: 56 avg_reward: 441.5
2024-05-02 11:16:48.443: 56 avg_steps: 627.45
2024-05-02 11:16:48.443: 56 epsilon: 0.1
2024-05-02 11:43:58.114: 57 test start:
2024-05-02 11:44:18.758: 57 avg_reward: 431.5
2024-05-02 11:44:18.758: 57 avg_steps: 653.25
2024-05-02 11:44:18.759: 57 epsilon: 0.1
2024-05-02 12:10:43.861: 58 test start:
2024-05-02 12:11:09.010: 58 avg_reward: 525.0
2024-05-02 12:11:09.011: 58 avg_steps: 731.4
2024-05-02 12:11:09.011: 58 epsilon: 0.1
2024-05-02 12:38:45.497: 59 test start:
2024-05-02 12:39:09.496: 59 avg_reward: 490.25
2024-05-02 12:39:09.496: 59 avg_steps: 674.2
2024-05-02 12:39:09.496: 59 epsilon: 0.1
2024-05-02 13:06:50.028: 60 test start:
2024-05-02 13:07:11.162: 60 avg_reward: 423.25
2024-05-02 13:07:11.162: 60 avg_steps: 617.6
2024-05-02 13:07:11.162: 60 epsilon: 0.1
2024-05-02 13:34:28.664: 61 test start:
2024-05-02 13:34:53.694: 61 avg_reward: 436.5
2024-05-02 13:34:53.695: 61 avg_steps: 703.8
2024-05-02 13:34:53.695: 61 epsilon: 0.1
2024-05-02 14:00:57.164: 62 test start:
2024-05-02 14:01:21.788: 62 avg_reward: 515.5
2024-05-02 14:01:21.789: 62 avg_steps: 671.4
2024-05-02 14:01:21.789: 62 epsilon: 0.1
2024-05-02 14:27:17.084: 63 test start:
2024-05-02 14:27:40.290: 63 avg_reward: 462.0
2024-05-02 14:27:40.291: 63 avg_steps: 646.15
2024-05-02 14:27:40.291: 63 epsilon: 0.1
2024-05-02 14:53:52.346: 64 test start:
2024-05-02 14:54:15.186: 64 avg_reward: 409.25
2024-05-02 14:54:15.187: 64 avg_steps: 614.9
2024-05-02 14:54:15.187: 64 epsilon: 0.1
2024-05-02 15:20:22.688: 65 test start:
2024-05-02 15:20:46.881: 65 avg_reward: 506.5
2024-05-02 15:20:46.881: 65 avg_steps: 694.05
2024-05-02 15:20:46.881: 65 epsilon: 0.1
2024-05-02 15:47:28.076: 66 test start:
2024-05-02 15:47:55.423: 66 avg_reward: 469.25
2024-05-02 15:47:55.424: 66 avg_steps: 687.7
2024-05-02 15:47:55.424: 66 epsilon: 0.1
2024-05-02 16:15:15.216: 67 test start:
2024-05-02 16:15:42.593: 67 avg_reward: 570.5
2024-05-02 16:15:42.593: 67 avg_steps: 777.6
2024-05-02 16:15:42.593: 67 epsilon: 0.1
2024-05-02 16:41:52.252: 68 test start:
2024-05-02 16:42:16.519: 68 avg_reward: 469.5
2024-05-02 16:42:16.519: 68 avg_steps: 661.65
2024-05-02 16:42:16.519: 68 epsilon: 0.1
2024-05-02 17:08:45.405: 69 test start:
2024-05-02 17:09:10.297: 69 avg_reward: 422.5
2024-05-02 17:09:10.298: 69 avg_steps: 657.05
2024-05-02 17:09:10.298: 69 epsilon: 0.1
2024-05-02 17:35:47.525: 70 test start:
2024-05-02 17:36:14.267: 70 avg_reward: 545.0
2024-05-02 17:36:14.268: 70 avg_steps: 755.65
2024-05-02 17:36:14.268: 70 epsilon: 0.1
2024-05-02 18:02:10.102: 71 test start:
2024-05-02 18:02:33.383: 71 avg_reward: 488.25
2024-05-02 18:02:33.383: 71 avg_steps: 638.45
2024-05-02 18:02:33.383: 71 epsilon: 0.1
2024-05-02 18:28:40.274: 72 test start:
2024-05-02 18:29:02.879: 72 avg_reward: 457.5
2024-05-02 18:29:02.880: 72 avg_steps: 635.25
2024-05-02 18:29:02.880: 72 epsilon: 0.1
2024-05-02 18:55:20.526: 73 test start:
2024-05-02 18:55:45.943: 73 avg_reward: 521.25
2024-05-02 18:55:45.944: 73 avg_steps: 706.65
2024-05-02 18:55:45.944: 73 epsilon: 0.1
2024-05-02 19:23:25.771: 74 test start:
2024-05-02 19:23:48.828: 74 avg_reward: 427.25
2024-05-02 19:23:48.828: 74 avg_steps: 637.55
2024-05-02 19:23:48.829: 74 epsilon: 0.1
2024-05-02 19:51:37.635: 75 test start:
2024-05-02 19:52:00.147: 75 avg_reward: 421.25
2024-05-02 19:52:00.148: 75 avg_steps: 606.95
2024-05-02 19:52:00.148: 75 epsilon: 0.1
2024-05-02 20:19:37.677: 76 test start:
2024-05-02 20:20:01.676: 76 avg_reward: 462.25
2024-05-02 20:20:01.676: 76 avg_steps: 656.8
2024-05-02 20:20:01.677: 76 epsilon: 0.1
2024-05-02 20:46:06.182: 77 test start:
2024-05-02 20:46:31.426: 77 avg_reward: 507.75
2024-05-02 20:46:31.427: 77 avg_steps: 717.75
2024-05-02 20:46:31.427: 77 epsilon: 0.1
2024-05-02 21:12:53.638: 78 test start:
2024-05-02 21:13:17.087: 78 avg_reward: 501.0
2024-05-02 21:13:17.087: 78 avg_steps: 667.1
2024-05-02 21:13:17.087: 78 epsilon: 0.1
2024-05-02 21:40:47.539: 79 test start:
2024-05-02 21:41:15.105: 79 avg_reward: 531.0
2024-05-02 21:41:15.106: 79 avg_steps: 713.15
2024-05-02 21:41:15.106: 79 epsilon: 0.1
2024-05-02 22:08:27.591: 80 test start:
2024-05-02 22:08:51.967: 80 avg_reward: 452.5
2024-05-02 22:08:51.967: 80 avg_steps: 651.85
2024-05-02 22:08:51.967: 80 epsilon: 0.1
2024-05-02 22:37:03.490: 81 test start:
2024-05-02 22:37:29.498: 81 avg_reward: 503.0
2024-05-02 22:37:29.498: 81 avg_steps: 678.6
2024-05-02 22:37:29.498: 81 epsilon: 0.1
2024-05-02 23:04:04.536: 82 test start:
2024-05-02 23:04:26.235: 82 avg_reward: 475.0
2024-05-02 23:04:26.235: 82 avg_steps: 618.65
2024-05-02 23:04:26.235: 82 epsilon: 0.1
2024-05-02 23:31:06.488: 83 test start:
2024-05-02 23:31:26.091: 83 avg_reward: 384.25
2024-05-02 23:31:26.092: 83 avg_steps: 549.5
2024-05-02 23:31:26.092: 83 epsilon: 0.1
2024-05-02 23:58:16.049: 84 test start:
2024-05-02 23:58:40.682: 84 avg_reward: 503.25
2024-05-02 23:58:40.683: 84 avg_steps: 685.95
2024-05-02 23:58:40.683: 84 epsilon: 0.1
2024-05-03 00:25:55.517: 85 test start:
2024-05-03 00:26:22.331: 85 avg_reward: 545.0
2024-05-03 00:26:22.332: 85 avg_steps: 727.65
2024-05-03 00:26:22.332: 85 epsilon: 0.1
2024-05-03 00:53:30.687: 86 test start:
2024-05-03 00:53:51.830: 86 avg_reward: 385.25
2024-05-03 00:53:51.830: 86 avg_steps: 535.15
2024-05-03 00:53:51.830: 86 epsilon: 0.1
2024-05-03 01:21:09.280: 87 test start:
2024-05-03 01:21:30.893: 87 avg_reward: 362.75
2024-05-03 01:21:30.894: 87 avg_steps: 536.7
2024-05-03 01:21:30.894: 87 epsilon: 0.1
2024-05-03 01:49:12.445: 88 test start:
2024-05-03 01:49:33.645: 88 avg_reward: 417.5
2024-05-03 01:49:33.646: 88 avg_steps: 557.9
2024-05-03 01:49:33.646: 88 epsilon: 0.1
2024-05-03 02:16:58.154: 89 test start:
2024-05-03 02:17:24.351: 89 avg_reward: 518.0
2024-05-03 02:17:24.352: 89 avg_steps: 686.95
2024-05-03 02:17:24.352: 89 epsilon: 0.1
2024-05-03 02:44:39.042: 90 test start:
2024-05-03 02:45:05.282: 90 avg_reward: 453.75
2024-05-03 02:45:05.282: 90 avg_steps: 693.65
2024-05-03 02:45:05.282: 90 epsilon: 0.1
2024-05-03 03:11:58.612: 91 test start:
2024-05-03 03:12:24.340: 91 avg_reward: 471.5
2024-05-03 03:12:24.340: 91 avg_steps: 681.45
2024-05-03 03:12:24.340: 91 epsilon: 0.1
2024-05-03 03:39:09.694: 92 test start:
2024-05-03 03:39:30.581: 92 avg_reward: 390.5
2024-05-03 03:39:30.581: 92 avg_steps: 547.65
2024-05-03 03:39:30.581: 92 epsilon: 0.1
2024-05-03 04:06:50.108: 93 test start:
2024-05-03 04:07:17.625: 93 avg_reward: 556.5
2024-05-03 04:07:17.625: 93 avg_steps: 750.05
2024-05-03 04:07:17.625: 93 epsilon: 0.1
2024-05-03 04:34:09.759: 94 test start:
2024-05-03 04:34:34.341: 94 avg_reward: 502.5
2024-05-03 04:34:34.341: 94 avg_steps: 656.35
2024-05-03 04:34:34.341: 94 epsilon: 0.1
2024-05-03 05:01:40.260: 95 test start:
2024-05-03 05:02:04.478: 95 avg_reward: 479.75
2024-05-03 05:02:04.478: 95 avg_steps: 632.3
2024-05-03 05:02:04.478: 95 epsilon: 0.1
2024-05-03 05:28:53.567: 96 test start:
2024-05-03 05:29:15.447: 96 avg_reward: 387.5
2024-05-03 05:29:15.448: 96 avg_steps: 560.85
2024-05-03 05:29:15.448: 96 epsilon: 0.1
2024-05-03 05:56:12.901: 97 test start:
2024-05-03 05:56:37.346: 97 avg_reward: 449.0
2024-05-03 05:56:37.347: 97 avg_steps: 645.9
2024-05-03 05:56:37.347: 97 epsilon: 0.1
2024-05-03 06:23:31.253: 98 test start:
2024-05-03 06:23:56.639: 98 avg_reward: 515.0
2024-05-03 06:23:56.639: 98 avg_steps: 654.75
2024-05-03 06:23:56.639: 98 epsilon: 0.1
2024-05-03 06:51:03.252: 99 test start:
2024-05-03 06:51:27.291: 99 avg_reward: 496.25
2024-05-03 06:51:27.291: 99 avg_steps: 640.2
2024-05-03 06:51:27.291: 99 epsilon: 0.1
2024-05-03 07:18:51.118: 100 test start:
2024-05-03 07:19:12.892: 100 avg_reward: 400.0
2024-05-03 07:19:12.892: 100 avg_steps: 571.7
2024-05-03 07:19:12.892: 100 epsilon: 0.1
2024-05-03 07:46:25.896: 101 test start:
2024-05-03 07:46:47.575: 101 avg_reward: 437.5
2024-05-03 07:46:47.576: 101 avg_steps: 590.95
2024-05-03 07:46:47.576: 101 epsilon: 0.1
2024-05-03 08:14:22.745: 102 test start:
2024-05-03 08:14:46.659: 102 avg_reward: 533.75
2024-05-03 08:14:46.659: 102 avg_steps: 668.8
2024-05-03 08:14:46.660: 102 epsilon: 0.1
2024-05-03 08:42:49.987: 103 test start:
2024-05-03 08:43:13.189: 103 avg_reward: 492.25
2024-05-03 08:43:13.189: 103 avg_steps: 626.6
2024-05-03 08:43:13.189: 103 epsilon: 0.1
2024-05-03 09:11:01.337: 104 test start:
2024-05-03 09:11:25.730: 104 avg_reward: 471.75
2024-05-03 09:11:25.731: 104 avg_steps: 628.8
2024-05-03 09:11:25.731: 104 epsilon: 0.1
2024-05-03 09:38:23.151: 105 test start:
2024-05-03 09:38:45.972: 105 avg_reward: 475.75
2024-05-03 09:38:45.973: 105 avg_steps: 644.45
2024-05-03 09:38:45.973: 105 epsilon: 0.1
2024-05-03 10:06:12.812: 106 test start:
2024-05-03 10:06:35.269: 106 avg_reward: 403.75
2024-05-03 10:06:35.269: 106 avg_steps: 598.3
2024-05-03 10:06:35.269: 106 epsilon: 0.1
2024-05-03 10:33:56.391: 107 test start:
2024-05-03 10:34:21.772: 107 avg_reward: 502.75
2024-05-03 10:34:21.773: 107 avg_steps: 681.95
2024-05-03 10:34:21.773: 107 epsilon: 0.1
2024-05-03 11:01:37.960: 108 test start:
2024-05-03 11:02:05.757: 108 avg_reward: 566.0
2024-05-03 11:02:05.757: 108 avg_steps: 762.3
2024-05-03 11:02:05.757: 108 epsilon: 0.1
2024-05-03 11:29:48.666: 109 test start:
2024-05-03 11:30:11.431: 109 avg_reward: 442.25
2024-05-03 11:30:11.432: 109 avg_steps: 603.9
2024-05-03 11:30:11.432: 109 epsilon: 0.1
2024-05-03 11:57:33.301: 110 test start:
2024-05-03 11:57:54.491: 110 avg_reward: 366.5
2024-05-03 11:57:54.491: 110 avg_steps: 581.2
2024-05-03 11:57:54.491: 110 epsilon: 0.1
2024-05-03 12:25:35.512: 111 test start:
2024-05-03 12:26:00.818: 111 avg_reward: 523.75
2024-05-03 12:26:00.818: 111 avg_steps: 701.5
2024-05-03 12:26:00.818: 111 epsilon: 0.1
2024-05-03 12:50:48.642: 112 test start:
2024-05-03 12:51:12.948: 112 avg_reward: 530.25
2024-05-03 12:51:12.948: 112 avg_steps: 702.15
2024-05-03 12:51:12.948: 112 epsilon: 0.1
2024-05-03 13:15:50.189: 113 test start:
2024-05-03 13:16:12.310: 113 avg_reward: 452.5
2024-05-03 13:16:12.310: 113 avg_steps: 616.65
2024-05-03 13:16:12.310: 113 epsilon: 0.1
2024-05-03 13:41:08.301: 114 test start:
2024-05-03 13:41:31.588: 114 avg_reward: 524.0
2024-05-03 13:41:31.588: 114 avg_steps: 678.45
2024-05-03 13:41:31.588: 114 epsilon: 0.1
2024-05-03 14:06:17.032: 115 test start:
2024-05-03 14:06:40.968: 115 avg_reward: 480.75
2024-05-03 14:06:40.968: 115 avg_steps: 674.55
2024-05-03 14:06:40.968: 115 epsilon: 0.1
2024-05-03 14:32:08.576: 116 test start:
2024-05-03 14:32:31.567: 116 avg_reward: 497.25
2024-05-03 14:32:31.568: 116 avg_steps: 652.9
2024-05-03 14:32:31.568: 116 epsilon: 0.1
2024-05-03 14:58:41.758: 117 test start:
2024-05-03 14:59:05.265: 117 avg_reward: 482.0
2024-05-03 14:59:05.266: 117 avg_steps: 644.55
2024-05-03 14:59:05.266: 117 epsilon: 0.1
2024-05-03 15:25:43.647: 118 test start:
2024-05-03 15:26:11.622: 118 avg_reward: 528.75
2024-05-03 15:26:11.623: 118 avg_steps: 778.95
2024-05-03 15:26:11.623: 118 epsilon: 0.1
2024-05-03 15:52:46.150: 119 test start:
2024-05-03 15:53:07.617: 119 avg_reward: 425.0
2024-05-03 15:53:07.618: 119 avg_steps: 602.3
2024-05-03 15:53:07.618: 119 epsilon: 0.1
2024-05-03 16:20:06.249: 120 test start:
2024-05-03 16:20:28.142: 120 avg_reward: 437.0
2024-05-03 16:20:28.142: 120 avg_steps: 591.05
2024-05-03 16:20:28.142: 120 epsilon: 0.1
2024-05-03 16:47:18.634: 121 test start:
2024-05-03 16:47:43.006: 121 avg_reward: 503.25
2024-05-03 16:47:43.006: 121 avg_steps: 670.25
2024-05-03 16:47:43.006: 121 epsilon: 0.1
2024-05-03 17:14:33.584: 122 test start:
2024-05-03 17:14:57.425: 122 avg_reward: 488.0
2024-05-03 17:14:57.425: 122 avg_steps: 656.15
2024-05-03 17:14:57.425: 122 epsilon: 0.1
2024-05-03 17:41:39.203: 123 test start:
2024-05-03 17:42:01.412: 123 avg_reward: 478.75
2024-05-03 17:42:01.413: 123 avg_steps: 608.5
2024-05-03 17:42:01.413: 123 epsilon: 0.1
2024-05-03 18:09:00.362: 124 test start:
2024-05-03 18:09:23.336: 124 avg_reward: 413.0
2024-05-03 18:09:23.337: 124 avg_steps: 601.9
2024-05-03 18:09:23.337: 124 epsilon: 0.1
2024-05-03 18:35:39.612: 125 test start:
2024-05-03 18:36:03.270: 125 avg_reward: 476.5
2024-05-03 18:36:03.270: 125 avg_steps: 659.2
2024-05-03 18:36:03.270: 125 epsilon: 0.1
2024-05-03 19:02:44.625: 126 test start:
2024-05-03 19:03:06.612: 126 avg_reward: 412.5
2024-05-03 19:03:06.613: 126 avg_steps: 590.75
2024-05-03 19:03:06.613: 126 epsilon: 0.1
2024-05-03 19:29:44.724: 127 test start:
2024-05-03 19:30:07.389: 127 avg_reward: 434.25
2024-05-03 19:30:07.389: 127 avg_steps: 627.65
2024-05-03 19:30:07.389: 127 epsilon: 0.1
2024-05-03 19:57:17.042: 128 test start:
2024-05-03 19:57:43.091: 128 avg_reward: 547.75
2024-05-03 19:57:43.092: 128 avg_steps: 728.85
2024-05-03 19:57:43.092: 128 epsilon: 0.1
2024-05-03 20:24:30.212: 129 test start:
2024-05-03 20:24:55.287: 129 avg_reward: 536.0
2024-05-03 20:24:55.287: 129 avg_steps: 697.5
2024-05-03 20:24:55.287: 129 epsilon: 0.1
2024-05-03 20:51:54.808: 130 test start:
2024-05-03 20:52:18.291: 130 avg_reward: 470.0
2024-05-03 20:52:18.292: 130 avg_steps: 645.05
2024-05-03 20:52:18.292: 130 epsilon: 0.1
2024-05-03 21:18:44.138: 131 test start:
2024-05-03 21:19:04.922: 131 avg_reward: 420.5
2024-05-03 21:19:04.922: 131 avg_steps: 585.15
2024-05-03 21:19:04.922: 131 epsilon: 0.1
2024-05-03 21:45:04.735: 132 test start:
2024-05-03 21:45:26.856: 132 avg_reward: 481.0
2024-05-03 21:45:26.857: 132 avg_steps: 626.45
2024-05-03 21:45:26.857: 132 epsilon: 0.1
2024-05-03 22:11:11.445: 133 test start:
2024-05-03 22:11:30.914: 133 avg_reward: 408.25
2024-05-03 22:11:30.915: 133 avg_steps: 545.85
2024-05-03 22:11:30.915: 133 epsilon: 0.1
2024-05-03 22:37:26.167: 134 test start:
2024-05-03 22:37:50.983: 134 avg_reward: 461.5
2024-05-03 22:37:50.984: 134 avg_steps: 669.4
2024-05-03 22:37:50.984: 134 epsilon: 0.1
2024-05-03 23:03:29.879: 135 test start:
2024-05-03 23:03:52.415: 135 avg_reward: 450.75
2024-05-03 23:03:52.415: 135 avg_steps: 639.1
2024-05-03 23:03:52.415: 135 epsilon: 0.1
2024-05-03 23:31:55.532: 136 test start:
2024-05-03 23:32:20.350: 136 avg_reward: 545.75
2024-05-03 23:32:20.350: 136 avg_steps: 709.7
2024-05-03 23:32:20.350: 136 epsilon: 0.1
2024-05-04 00:00:38.024: 137 test start:
2024-05-04 00:01:02.033: 137 avg_reward: 491.5
2024-05-04 00:01:02.033: 137 avg_steps: 677.95
2024-05-04 00:01:02.033: 137 epsilon: 0.1
2024-05-04 00:29:12.266: 138 test start:
2024-05-04 00:29:32.078: 138 avg_reward: 396.25
2024-05-04 00:29:32.079: 138 avg_steps: 531.1
2024-05-04 00:29:32.079: 138 epsilon: 0.1
2024-05-04 00:57:06.120: 139 test start:
2024-05-04 00:57:28.200: 139 avg_reward: 446.75
2024-05-04 00:57:28.200: 139 avg_steps: 598.05
2024-05-04 00:57:28.200: 139 epsilon: 0.1
2024-05-04 01:25:20.542: 140 test start:
2024-05-04 01:25:46.836: 140 avg_reward: 540.75
2024-05-04 01:25:46.837: 140 avg_steps: 730.2
2024-05-04 01:25:46.837: 140 epsilon: 0.1
2024-05-04 01:54:44.892: 141 test start:
2024-05-04 01:55:12.409: 141 avg_reward: 532.75
2024-05-04 01:55:12.410: 141 avg_steps: 696.8
2024-05-04 01:55:12.410: 141 epsilon: 0.1
2024-05-04 02:24:06.224: 142 test start:
2024-05-04 02:24:31.158: 142 avg_reward: 503.5
2024-05-04 02:24:31.159: 142 avg_steps: 668.25
2024-05-04 02:24:31.159: 142 epsilon: 0.1
2024-05-04 02:53:54.660: 143 test start:
2024-05-04 02:54:17.630: 143 avg_reward: 404.25
2024-05-04 02:54:17.630: 143 avg_steps: 581.35
2024-05-04 02:54:17.630: 143 epsilon: 0.1
2024-05-04 03:23:42.982: 144 test start:
2024-05-04 03:24:05.125: 144 avg_reward: 454.5
2024-05-04 03:24:05.126: 144 avg_steps: 593.9
2024-05-04 03:24:05.126: 144 epsilon: 0.1
2024-05-04 03:52:50.949: 145 test start:
2024-05-04 03:53:09.645: 145 avg_reward: 359.5
2024-05-04 03:53:09.646: 145 avg_steps: 502.6
2024-05-04 03:53:09.646: 145 epsilon: 0.1
2024-05-04 04:22:24.125: 146 test start:
2024-05-04 04:22:49.192: 146 avg_reward: 497.5
2024-05-04 04:22:49.192: 146 avg_steps: 666.6
2024-05-04 04:22:49.192: 146 epsilon: 0.1
2024-05-04 04:51:57.011: 147 test start:
2024-05-04 04:52:21.676: 147 avg_reward: 488.0
2024-05-04 04:52:21.676: 147 avg_steps: 674.65
2024-05-04 04:52:21.676: 147 epsilon: 0.1
2024-05-04 05:21:07.242: 148 test start:
2024-05-04 05:21:33.446: 148 avg_reward: 539.0
2024-05-04 05:21:33.446: 148 avg_steps: 713.25
2024-05-04 05:21:33.446: 148 epsilon: 0.1
2024-05-04 05:50:10.841: 149 test start:
2024-05-04 05:50:36.168: 149 avg_reward: 490.0
2024-05-04 05:50:36.168: 149 avg_steps: 627.75
2024-05-04 05:50:36.169: 149 epsilon: 0.1
2024-05-04 06:15:21.978: 150 test start:
2024-05-04 06:15:44.144: 150 avg_reward: 500.5
2024-05-04 06:15:44.145: 150 avg_steps: 663.1
2024-05-04 06:15:44.145: 150 epsilon: 0.1
2024-05-04 06:37:54.287: 151 test start:
2024-05-04 06:38:17.717: 151 avg_reward: 515.5
2024-05-04 06:38:17.717: 151 avg_steps: 694.7
2024-05-04 06:38:17.717: 151 epsilon: 0.1
2024-05-04 07:00:36.204: 152 test start:
2024-05-04 07:00:57.515: 152 avg_reward: 383.0
2024-05-04 07:00:57.515: 152 avg_steps: 628.75
2024-05-04 07:00:57.515: 152 epsilon: 0.1
2024-05-04 07:23:23.113: 153 test start:
2024-05-04 07:23:35.574: 153 avg_reward: 143.5
2024-05-04 07:23:35.574: 153 avg_steps: 358.65
2024-05-04 07:23:35.574: 153 epsilon: 0.1
2024-05-04 07:46:23.846: 154 test start:
2024-05-04 07:46:41.414: 154 avg_reward: 310.0
2024-05-04 07:46:41.415: 154 avg_steps: 515.8
2024-05-04 07:46:41.415: 154 epsilon: 0.1
2024-05-04 08:09:53.150: 155 test start:
2024-05-04 08:10:08.136: 155 avg_reward: 254.25
2024-05-04 08:10:08.136: 155 avg_steps: 473.65
2024-05-04 08:10:08.136: 155 epsilon: 0.1
2024-05-04 08:34:32.316: 156 test start:
2024-05-04 08:34:48.979: 156 avg_reward: 325.5
2024-05-04 08:34:48.980: 156 avg_steps: 516.65
2024-05-04 08:34:48.980: 156 epsilon: 0.1
2024-05-04 08:59:33.675: 157 test start:
2024-05-04 08:59:50.190: 157 avg_reward: 308.25
2024-05-04 08:59:50.190: 157 avg_steps: 501.6
2024-05-04 08:59:50.190: 157 epsilon: 0.1
2024-05-04 09:24:48.180: 158 test start:
2024-05-04 09:25:01.163: 158 avg_reward: 190.75
2024-05-04 09:25:01.164: 158 avg_steps: 386.8
2024-05-04 09:25:01.164: 158 epsilon: 0.1
2024-05-04 09:48:12.551: 159 test start:
2024-05-04 09:48:29.736: 159 avg_reward: 319.75
2024-05-04 09:48:29.736: 159 avg_steps: 548.65
2024-05-04 09:48:29.736: 159 epsilon: 0.1
2024-05-04 10:13:06.279: 160 test start:
2024-05-04 10:13:23.213: 160 avg_reward: 375.25
2024-05-04 10:13:23.214: 160 avg_steps: 535.15
2024-05-04 10:13:23.214: 160 epsilon: 0.1
2024-05-04 10:37:55.420: 161 test start:
2024-05-04 10:38:15.060: 161 avg_reward: 417.0
2024-05-04 10:38:15.060: 161 avg_steps: 621.75
2024-05-04 10:38:15.060: 161 epsilon: 0.1
2024-05-04 11:02:47.185: 162 test start:
2024-05-04 11:03:03.755: 162 avg_reward: 324.5
2024-05-04 11:03:03.755: 162 avg_steps: 517.65
2024-05-04 11:03:03.755: 162 epsilon: 0.1
2024-05-04 11:27:47.358: 163 test start:
2024-05-04 11:28:04.420: 163 avg_reward: 331.75
2024-05-04 11:28:04.420: 163 avg_steps: 556.6
2024-05-04 11:28:04.421: 163 epsilon: 0.1
2024-05-04 11:52:21.964: 164 test start:
2024-05-04 11:52:40.171: 164 avg_reward: 364.5
2024-05-04 11:52:40.171: 164 avg_steps: 537.25
2024-05-04 11:52:40.171: 164 epsilon: 0.1
2024-05-04 12:17:32.412: 165 test start:
2024-05-04 12:17:47.379: 165 avg_reward: 246.5
2024-05-04 12:17:47.379: 165 avg_steps: 463.5
2024-05-04 12:17:47.379: 165 epsilon: 0.1
2024-05-04 12:43:09.895: 166 test start:
2024-05-04 12:43:27.941: 166 avg_reward: 268.25
2024-05-04 12:43:27.942: 166 avg_steps: 478.55
2024-05-04 12:43:27.942: 166 epsilon: 0.1
2024-05-04 13:10:20.510: 167 test start:
2024-05-04 13:10:40.573: 167 avg_reward: 355.0
2024-05-04 13:10:40.574: 167 avg_steps: 572.15
2024-05-04 13:10:40.574: 167 epsilon: 0.1
2024-05-04 13:37:55.862: 168 test start:
2024-05-04 13:38:15.399: 168 avg_reward: 339.25
2024-05-04 13:38:15.399: 168 avg_steps: 548.25
2024-05-04 13:38:15.399: 168 epsilon: 0.1
2024-05-04 14:06:17.641: 169 test start:
2024-05-04 14:06:37.080: 169 avg_reward: 283.25
2024-05-04 14:06:37.080: 169 avg_steps: 512.55
2024-05-04 14:06:37.080: 169 epsilon: 0.1
2024-05-04 14:35:16.928: 170 test start:
2024-05-04 14:35:36.783: 170 avg_reward: 330.75
2024-05-04 14:35:36.783: 170 avg_steps: 517.95
2024-05-04 14:35:36.783: 170 epsilon: 0.1
2024-05-04 15:04:08.282: 171 test start:
2024-05-04 15:04:29.566: 171 avg_reward: 401.25
2024-05-04 15:04:29.566: 171 avg_steps: 567.45
2024-05-04 15:04:29.566: 171 epsilon: 0.1
2024-05-04 15:32:37.334: 172 test start:
2024-05-04 15:32:55.126: 172 avg_reward: 282.75
2024-05-04 15:32:55.126: 172 avg_steps: 461.55
2024-05-04 15:32:55.127: 172 epsilon: 0.1
2024-05-04 16:00:57.603: 173 test start:
2024-05-04 16:01:17.811: 173 avg_reward: 303.5
2024-05-04 16:01:17.811: 173 avg_steps: 514.1
2024-05-04 16:01:17.811: 173 epsilon: 0.1
2024-05-04 16:30:14.234: 174 test start:
2024-05-04 16:30:32.065: 174 avg_reward: 301.5
2024-05-04 16:30:32.065: 174 avg_steps: 461.35
2024-05-04 16:30:32.065: 174 epsilon: 0.1
2024-05-04 16:59:05.441: 175 test start:
2024-05-04 16:59:24.689: 175 avg_reward: 289.25
2024-05-04 16:59:24.689: 175 avg_steps: 503.6
2024-05-04 16:59:24.689: 175 epsilon: 0.1
2024-05-04 17:27:38.099: 176 test start:
2024-05-04 17:28:02.063: 176 avg_reward: 444.0
2024-05-04 17:28:02.063: 176 avg_steps: 628.1
2024-05-04 17:28:02.063: 176 epsilon: 0.1
2024-05-04 17:55:41.074: 177 test start:
2024-05-04 17:56:01.396: 177 avg_reward: 276.25
2024-05-04 17:56:01.396: 177 avg_steps: 513.0
2024-05-04 17:56:01.396: 177 epsilon: 0.1
2024-05-04 18:22:57.884: 178 test start:
2024-05-04 18:23:18.444: 178 avg_reward: 329.75
2024-05-04 18:23:18.444: 178 avg_steps: 551.45
2024-05-04 18:23:18.444: 178 epsilon: 0.1
2024-05-04 18:49:32.782: 179 test start:
2024-05-04 18:49:52.129: 179 avg_reward: 323.25
2024-05-04 18:49:52.129: 179 avg_steps: 532.6
2024-05-04 18:49:52.129: 179 epsilon: 0.1
2024-05-04 19:15:39.387: 180 test start:
2024-05-04 19:15:54.933: 180 avg_reward: 212.5
2024-05-04 19:15:54.933: 180 avg_steps: 414.65
2024-05-04 19:15:54.933: 180 epsilon: 0.1
2024-05-04 19:41:54.028: 181 test start:
2024-05-04 19:42:13.191: 181 avg_reward: 357.25
2024-05-04 19:42:13.192: 181 avg_steps: 521.55
2024-05-04 19:42:13.192: 181 epsilon: 0.1
2024-05-04 20:07:44.556: 182 test start:
2024-05-04 20:08:03.872: 182 avg_reward: 326.75
2024-05-04 20:08:03.873: 182 avg_steps: 532.05
2024-05-04 20:08:03.873: 182 epsilon: 0.1
2024-05-04 20:32:59.295: 183 test start:
2024-05-04 20:33:17.335: 183 avg_reward: 321.5
2024-05-04 20:33:17.336: 183 avg_steps: 500.3
2024-05-04 20:33:17.336: 183 epsilon: 0.1
2024-05-04 20:57:39.295: 184 test start:
2024-05-04 20:57:55.594: 184 avg_reward: 257.5
2024-05-04 20:57:55.595: 184 avg_steps: 462.75
2024-05-04 20:57:55.595: 184 epsilon: 0.1
2024-05-04 21:22:45.743: 185 test start:
2024-05-04 21:23:04.587: 185 avg_reward: 313.5
2024-05-04 21:23:04.587: 185 avg_steps: 511.5
2024-05-04 21:23:04.587: 185 epsilon: 0.1
2024-05-04 21:49:26.048: 186 test start:
2024-05-04 21:49:48.800: 186 avg_reward: 432.5
2024-05-04 21:49:48.800: 186 avg_steps: 619.15
2024-05-04 21:49:48.800: 186 epsilon: 0.1
2024-05-04 22:15:58.316: 187 test start:
2024-05-04 22:16:17.033: 187 avg_reward: 384.0
2024-05-04 22:16:17.033: 187 avg_steps: 551.95
2024-05-04 22:16:17.033: 187 epsilon: 0.1
2024-05-04 22:40:11.521: 188 test start:
2024-05-04 22:40:29.858: 188 avg_reward: 312.5
2024-05-04 22:40:29.858: 188 avg_steps: 542.75
2024-05-04 22:40:29.858: 188 epsilon: 0.1
2024-05-04 23:04:38.092: 189 test start:
2024-05-04 23:04:59.965: 189 avg_reward: 476.25
2024-05-04 23:04:59.965: 189 avg_steps: 658.0
2024-05-04 23:04:59.965: 189 epsilon: 0.1
2024-05-04 23:28:57.684: 190 test start:
2024-05-04 23:29:17.947: 190 avg_reward: 439.0
2024-05-04 23:29:17.948: 190 avg_steps: 601.35
2024-05-04 23:29:17.948: 190 epsilon: 0.1
2024-05-04 23:53:09.575: 191 test start:
2024-05-04 23:53:30.977: 191 avg_reward: 440.5
2024-05-04 23:53:30.977: 191 avg_steps: 648.3
2024-05-04 23:53:30.977: 191 epsilon: 0.1
2024-05-05 00:17:30.909: 192 test start:
2024-05-05 00:17:49.192: 192 avg_reward: 320.75
2024-05-05 00:17:49.192: 192 avg_steps: 510.2
2024-05-05 00:17:49.192: 192 epsilon: 0.1
2024-05-05 00:42:35.610: 193 test start:
2024-05-05 00:42:55.136: 193 avg_reward: 347.25
2024-05-05 00:42:55.136: 193 avg_steps: 563.15
2024-05-05 00:42:55.136: 193 epsilon: 0.1
2024-05-05 01:07:04.007: 194 test start:
2024-05-05 01:07:23.825: 194 avg_reward: 335.25
2024-05-05 01:07:23.826: 194 avg_steps: 540.7
2024-05-05 01:07:23.826: 194 epsilon: 0.1
2024-05-05 01:31:37.351: 195 test start:
2024-05-05 01:32:00.839: 195 avg_reward: 415.75
2024-05-05 01:32:00.839: 195 avg_steps: 687.5
2024-05-05 01:32:00.839: 195 epsilon: 0.1
2024-05-05 01:55:59.421: 196 test start:
2024-05-05 01:56:19.374: 196 avg_reward: 394.0
2024-05-05 01:56:19.374: 196 avg_steps: 574.0
2024-05-05 01:56:19.374: 196 epsilon: 0.1
2024-05-05 02:20:29.320: 197 test start:
2024-05-05 02:20:47.595: 197 avg_reward: 311.5
2024-05-05 02:20:47.595: 197 avg_steps: 514.3
2024-05-05 02:20:47.595: 197 epsilon: 0.1
2024-05-05 02:44:49.754: 198 test start:
2024-05-05 02:45:09.549: 198 avg_reward: 339.5
2024-05-05 02:45:09.549: 198 avg_steps: 572.25
2024-05-05 02:45:09.549: 198 epsilon: 0.1
2024-05-05 03:08:48.507: 199 test start:
2024-05-05 03:09:08.489: 199 avg_reward: 368.75
2024-05-05 03:09:08.490: 199 avg_steps: 587.05
2024-05-05 03:09:08.490: 199 epsilon: 0.1
2024-05-05 03:32:54.927: 200 test start:
2024-05-05 03:33:15.210: 200 avg_reward: 334.5
2024-05-05 03:33:15.210: 200 avg_steps: 549.75
2024-05-05 03:33:15.210: 200 epsilon: 0.1
2024-05-05 03:57:11.634: 201 test start:
2024-05-05 03:57:26.456: 201 avg_reward: 242.75
2024-05-05 03:57:26.456: 201 avg_steps: 412.4
2024-05-05 03:57:26.456: 201 epsilon: 0.1
2024-05-05 04:20:36.247: 202 test start:
2024-05-05 04:20:53.157: 202 avg_reward: 300.5
2024-05-05 04:20:53.157: 202 avg_steps: 496.7
2024-05-05 04:20:53.157: 202 epsilon: 0.1
2024-05-05 04:44:01.932: 203 test start:
2024-05-05 04:44:20.865: 203 avg_reward: 348.75
2024-05-05 04:44:20.865: 203 avg_steps: 544.5
2024-05-05 04:44:20.865: 203 epsilon: 0.1
2024-05-05 05:07:18.690: 204 test start:
2024-05-05 05:07:39.858: 204 avg_reward: 406.75
2024-05-05 05:07:39.858: 204 avg_steps: 620.95
2024-05-05 05:07:39.858: 204 epsilon: 0.1
2024-05-05 05:30:13.935: 205 test start:
2024-05-05 05:30:29.794: 205 avg_reward: 283.5
2024-05-05 05:30:29.794: 205 avg_steps: 488.6
2024-05-05 05:30:29.794: 205 epsilon: 0.1
2024-05-05 05:53:01.462: 206 test start:
2024-05-05 05:53:19.023: 206 avg_reward: 347.5
2024-05-05 05:53:19.023: 206 avg_steps: 525.3
2024-05-05 05:53:19.023: 206 epsilon: 0.1
2024-05-05 06:15:55.025: 207 test start:
2024-05-05 06:16:15.609: 207 avg_reward: 442.0
2024-05-05 06:16:15.609: 207 avg_steps: 641.85
2024-05-05 06:16:15.609: 207 epsilon: 0.1
2024-05-05 06:39:06.092: 208 test start:
2024-05-05 06:39:23.950: 208 avg_reward: 354.75
2024-05-05 06:39:23.950: 208 avg_steps: 531.05
2024-05-05 06:39:23.950: 208 epsilon: 0.1
2024-05-05 07:02:09.831: 209 test start:
2024-05-05 07:02:27.257: 209 avg_reward: 317.0
2024-05-05 07:02:27.257: 209 avg_steps: 533.25
2024-05-05 07:02:27.257: 209 epsilon: 0.1
2024-05-05 07:24:56.367: 210 test start:
2024-05-05 07:25:13.319: 210 avg_reward: 342.25
2024-05-05 07:25:13.319: 210 avg_steps: 501.5
2024-05-05 07:25:13.319: 210 epsilon: 0.1
2024-05-05 07:47:56.274: 211 test start:
2024-05-05 07:48:13.146: 211 avg_reward: 319.75
2024-05-05 07:48:13.146: 211 avg_steps: 514.9
2024-05-05 07:48:13.146: 211 epsilon: 0.1
2024-05-05 08:10:39.784: 212 test start:
2024-05-05 08:10:57.577: 212 avg_reward: 332.5
2024-05-05 08:10:57.577: 212 avg_steps: 551.0
2024-05-05 08:10:57.577: 212 epsilon: 0.1
2024-05-05 08:33:23.113: 213 test start:
2024-05-05 08:33:42.627: 213 avg_reward: 418.25
2024-05-05 08:33:42.628: 213 avg_steps: 617.65
2024-05-05 08:33:42.628: 213 epsilon: 0.1
