2024-05-01 10:09:31.496: 
parameters:agent_saving_period: 80000
agent_test_episodes: 20
batch_num_per_epoch: 100000
device: cuda:0
env_name: ALE/DoubleDunk-v5
epsilon_for_test: 0.05
epsilon_max: 1.0
epsilon_min: 0.1
exploration_steps: 1000000
gamma: 0.99
input_frame_height: 84
input_frame_width: 84
learning_rate: 1.0e-05
log_path: ../exps/dqn/
mini_batch_size: 32
no_op: 30
phi_channel: 4
replay_buffer_size: 200000
replay_start_size: 10000
save_path: ./exps/
skip_k_frame: 4
step_c: 10000
training_steps: 50000000

2024-05-01 10:25:27.262: 1 test start:
2024-05-01 10:26:35.675: 1 avg_reward: -20.1
2024-05-01 10:26:35.676: 1 avg_steps: 1919.25
2024-05-01 10:26:35.676: 1 epsilon: 0.9195229
2024-05-01 10:47:25.564: 2 test start:
2024-05-01 10:48:38.115: 2 avg_reward: -21.4
2024-05-01 10:48:38.116: 2 avg_steps: 2119.4
2024-05-01 10:48:38.116: 2 epsilon: 0.8316622
2024-05-01 11:11:40.728: 3 test start:
2024-05-01 11:12:57.154: 3 avg_reward: -21.7
2024-05-01 11:12:57.154: 3 avg_steps: 2059.15
2024-05-01 11:12:57.154: 3 epsilon: 0.7410565
2024-05-01 11:34:58.674: 4 test start:
2024-05-01 11:36:03.785: 4 avg_reward: -21.5
2024-05-01 11:36:03.786: 4 avg_steps: 1874.8
2024-05-01 11:36:03.786: 4 epsilon: 0.6536602
2024-05-01 11:58:06.050: 5 test start:
2024-05-01 11:59:38.927: 5 avg_reward: -19.1
2024-05-01 11:59:38.928: 5 avg_steps: 2661.0
2024-05-01 11:59:38.928: 5 epsilon: 0.5644863999999999
2024-05-01 12:22:24.687: 6 test start:
2024-05-01 12:23:39.596: 6 avg_reward: -20.1
2024-05-01 12:23:39.596: 6 avg_steps: 2153.8
2024-05-01 12:23:39.596: 6 epsilon: 0.476101
2024-05-01 12:46:32.729: 7 test start:
2024-05-01 12:47:42.905: 7 avg_reward: -19.9
2024-05-01 12:47:42.906: 7 avg_steps: 1978.55
2024-05-01 12:47:42.906: 7 epsilon: 0.3869100999999999
2024-05-01 13:09:52.652: 8 test start:
2024-05-01 13:11:02.008: 8 avg_reward: -21.1
2024-05-01 13:11:02.009: 8 avg_steps: 1972.15
2024-05-01 13:11:02.009: 8 epsilon: 0.29960469999999995
2024-05-01 13:32:10.513: 9 test start:
2024-05-01 13:33:19.143: 9 avg_reward: -18.9
2024-05-01 13:33:19.144: 9 avg_steps: 2074.6
2024-05-01 13:33:19.144: 9 epsilon: 0.2112364
2024-05-01 13:53:11.954: 10 test start:
2024-05-01 13:54:18.781: 10 avg_reward: -19.7
2024-05-01 13:54:18.782: 10 avg_steps: 2079.6
2024-05-01 13:54:18.782: 10 epsilon: 0.12252609999999997
2024-05-01 14:14:38.357: 11 test start:
2024-05-01 14:15:47.648: 11 avg_reward: -19.9
2024-05-01 14:15:47.648: 11 avg_steps: 2172.65
2024-05-01 14:15:47.648: 11 epsilon: 0.1
2024-05-01 14:36:35.571: 12 test start:
2024-05-01 14:37:52.210: 12 avg_reward: -19.4
2024-05-01 14:37:52.211: 12 avg_steps: 2260.65
2024-05-01 14:37:52.211: 12 epsilon: 0.1
2024-05-01 14:59:27.739: 13 test start:
2024-05-01 15:00:31.318: 13 avg_reward: -19.9
2024-05-01 15:00:31.318: 13 avg_steps: 1945.55
2024-05-01 15:00:31.318: 13 epsilon: 0.1
2024-05-01 15:20:37.900: 14 test start:
2024-05-01 15:21:48.936: 14 avg_reward: -19.2
2024-05-01 15:21:48.936: 14 avg_steps: 2293.55
2024-05-01 15:21:48.936: 14 epsilon: 0.1
2024-05-01 15:41:19.284: 15 test start:
2024-05-01 15:42:29.410: 15 avg_reward: -20.0
2024-05-01 15:42:29.410: 15 avg_steps: 2239.2
2024-05-01 15:42:29.410: 15 epsilon: 0.1
2024-05-01 16:02:42.072: 16 test start:
2024-05-01 16:03:52.497: 16 avg_reward: -19.0
2024-05-01 16:03:52.497: 16 avg_steps: 2299.95
2024-05-01 16:03:52.497: 16 epsilon: 0.1
2024-05-01 16:23:18.924: 17 test start:
2024-05-01 16:24:41.882: 17 avg_reward: -17.1
2024-05-01 16:24:41.882: 17 avg_steps: 2687.55
2024-05-01 16:24:41.882: 17 epsilon: 0.1
2024-05-01 16:43:47.657: 18 test start:
2024-05-01 16:45:04.786: 18 avg_reward: -19.8
2024-05-01 16:45:04.786: 18 avg_steps: 2455.85
2024-05-01 16:45:04.786: 18 epsilon: 0.1
2024-05-01 17:04:35.120: 19 test start:
2024-05-01 17:05:42.881: 19 avg_reward: -19.9
2024-05-01 17:05:42.882: 19 avg_steps: 2195.55
2024-05-01 17:05:42.882: 19 epsilon: 0.1
2024-05-01 17:25:08.635: 20 test start:
2024-05-01 17:26:19.518: 20 avg_reward: -18.2
2024-05-01 17:26:19.518: 20 avg_steps: 2233.7
2024-05-01 17:26:19.518: 20 epsilon: 0.1
2024-05-01 17:45:53.615: 21 test start:
2024-05-01 17:47:09.299: 21 avg_reward: -17.6
2024-05-01 17:47:09.299: 21 avg_steps: 2422.2
2024-05-01 17:47:09.299: 21 epsilon: 0.1
2024-05-01 18:06:15.474: 22 test start:
2024-05-01 18:07:25.582: 22 avg_reward: -17.6
2024-05-01 18:07:25.582: 22 avg_steps: 2221.65
2024-05-01 18:07:25.582: 22 epsilon: 0.1
2024-05-01 18:26:57.445: 23 test start:
2024-05-01 18:28:16.651: 23 avg_reward: -17.5
2024-05-01 18:28:16.651: 23 avg_steps: 2410.2
2024-05-01 18:28:16.651: 23 epsilon: 0.1
2024-05-01 18:47:50.532: 24 test start:
2024-05-01 18:49:10.393: 24 avg_reward: -19.9
2024-05-01 18:49:10.393: 24 avg_steps: 2530.25
2024-05-01 18:49:10.393: 24 epsilon: 0.1
2024-05-01 19:08:08.335: 25 test start:
2024-05-01 19:09:31.873: 25 avg_reward: -15.9
2024-05-01 19:09:31.873: 25 avg_steps: 2672.35
2024-05-01 19:09:31.873: 25 epsilon: 0.1
2024-05-01 19:28:42.601: 26 test start:
2024-05-01 19:30:05.594: 26 avg_reward: -16.4
2024-05-01 19:30:05.595: 26 avg_steps: 2658.95
2024-05-01 19:30:05.595: 26 epsilon: 0.1
2024-05-01 19:48:48.845: 27 test start:
2024-05-01 19:50:09.057: 27 avg_reward: -19.4
2024-05-01 19:50:09.058: 27 avg_steps: 2540.8
2024-05-01 19:50:09.058: 27 epsilon: 0.1
2024-05-01 20:09:13.739: 28 test start:
2024-05-01 20:10:31.630: 28 avg_reward: -17.5
2024-05-01 20:10:31.630: 28 avg_steps: 2484.15
2024-05-01 20:10:31.630: 28 epsilon: 0.1
2024-05-01 20:29:44.155: 29 test start:
2024-05-01 20:31:12.011: 29 avg_reward: -17.8
2024-05-01 20:31:12.012: 29 avg_steps: 2744.35
2024-05-01 20:31:12.012: 29 epsilon: 0.1
2024-05-01 20:50:27.512: 30 test start:
2024-05-01 20:51:55.993: 30 avg_reward: -17.9
2024-05-01 20:51:55.993: 30 avg_steps: 2798.55
2024-05-01 20:51:55.993: 30 epsilon: 0.1
2024-05-01 21:11:19.974: 31 test start:
2024-05-01 21:12:41.242: 31 avg_reward: -17.7
2024-05-01 21:12:41.242: 31 avg_steps: 2528.7
2024-05-01 21:12:41.242: 31 epsilon: 0.1
2024-05-01 21:31:44.853: 32 test start:
2024-05-01 21:33:00.080: 32 avg_reward: -17.1
2024-05-01 21:33:00.081: 32 avg_steps: 2385.25
2024-05-01 21:33:00.081: 32 epsilon: 0.1
2024-05-01 21:52:07.088: 33 test start:
2024-05-01 21:53:20.873: 33 avg_reward: -17.2
2024-05-01 21:53:20.874: 33 avg_steps: 2404.85
2024-05-01 21:53:20.874: 33 epsilon: 0.1
2024-05-01 22:12:03.955: 34 test start:
2024-05-01 22:13:23.240: 34 avg_reward: -16.7
2024-05-01 22:13:23.240: 34 avg_steps: 2573.0
2024-05-01 22:13:23.240: 34 epsilon: 0.1
2024-05-01 22:32:31.399: 35 test start:
2024-05-01 22:34:02.269: 35 avg_reward: -16.2
2024-05-01 22:34:02.269: 35 avg_steps: 2807.7
2024-05-01 22:34:02.269: 35 epsilon: 0.1
2024-05-01 22:53:19.673: 36 test start:
2024-05-01 22:54:44.936: 36 avg_reward: -16.9
2024-05-01 22:54:44.937: 36 avg_steps: 2624.6
2024-05-01 22:54:44.937: 36 epsilon: 0.1
2024-05-01 23:14:25.679: 37 test start:
2024-05-01 23:15:34.770: 37 avg_reward: -17.2
2024-05-01 23:15:34.770: 37 avg_steps: 2160.4
2024-05-01 23:15:34.770: 37 epsilon: 0.1
2024-05-01 23:34:46.117: 38 test start:
2024-05-01 23:36:03.679: 38 avg_reward: -14.4
2024-05-01 23:36:03.679: 38 avg_steps: 2334.3
2024-05-01 23:36:03.679: 38 epsilon: 0.1
2024-05-01 23:55:49.808: 39 test start:
2024-05-01 23:57:05.960: 39 avg_reward: -16.2
2024-05-01 23:57:05.960: 39 avg_steps: 2347.1
2024-05-01 23:57:05.960: 39 epsilon: 0.1
2024-05-02 00:16:35.159: 40 test start:
2024-05-02 00:17:47.643: 40 avg_reward: -17.9
2024-05-02 00:17:47.643: 40 avg_steps: 2169.65
2024-05-02 00:17:47.643: 40 epsilon: 0.1
2024-05-02 00:37:05.946: 41 test start:
2024-05-02 00:38:28.773: 41 avg_reward: -15.0
2024-05-02 00:38:28.774: 41 avg_steps: 2463.4
2024-05-02 00:38:28.774: 41 epsilon: 0.1
2024-05-02 00:58:38.692: 42 test start:
2024-05-02 01:00:18.262: 42 avg_reward: -15.3
2024-05-02 01:00:18.262: 42 avg_steps: 2904.0
2024-05-02 01:00:18.262: 42 epsilon: 0.1
2024-05-02 01:20:53.316: 43 test start:
2024-05-02 01:22:15.792: 43 avg_reward: -15.6
2024-05-02 01:22:15.792: 43 avg_steps: 2452.45
2024-05-02 01:22:15.792: 43 epsilon: 0.1
2024-05-02 01:42:08.162: 44 test start:
2024-05-02 01:43:40.919: 44 avg_reward: -16.5
2024-05-02 01:43:40.920: 44 avg_steps: 2763.2
2024-05-02 01:43:40.920: 44 epsilon: 0.1
2024-05-02 02:03:59.738: 45 test start:
2024-05-02 02:05:16.626: 45 avg_reward: -15.8
2024-05-02 02:05:16.626: 45 avg_steps: 2230.0
2024-05-02 02:05:16.626: 45 epsilon: 0.1
2024-05-02 02:24:59.176: 46 test start:
2024-05-02 02:26:17.334: 46 avg_reward: -15.5
2024-05-02 02:26:17.334: 46 avg_steps: 2281.45
2024-05-02 02:26:17.334: 46 epsilon: 0.1
2024-05-02 02:46:29.668: 47 test start:
2024-05-02 02:47:54.920: 47 avg_reward: -14.0
2024-05-02 02:47:54.920: 47 avg_steps: 2619.6
2024-05-02 02:47:54.920: 47 epsilon: 0.1
2024-05-02 03:07:24.024: 48 test start:
2024-05-02 03:08:39.325: 48 avg_reward: -13.9
2024-05-02 03:08:39.325: 48 avg_steps: 2283.45
2024-05-02 03:08:39.325: 48 epsilon: 0.1
2024-05-02 03:27:50.756: 49 test start:
2024-05-02 03:29:10.000: 49 avg_reward: -15.8
2024-05-02 03:29:10.000: 49 avg_steps: 2462.35
2024-05-02 03:29:10.000: 49 epsilon: 0.1
2024-05-02 03:48:34.561: 50 test start:
2024-05-02 03:49:53.683: 50 avg_reward: -15.1
2024-05-02 03:49:53.683: 50 avg_steps: 2336.25
2024-05-02 03:49:53.684: 50 epsilon: 0.1
2024-05-02 04:09:44.760: 51 test start:
2024-05-02 04:11:13.641: 51 avg_reward: -13.5
2024-05-02 04:11:13.641: 51 avg_steps: 2621.8
2024-05-02 04:11:13.641: 51 epsilon: 0.1
2024-05-02 04:30:34.626: 52 test start:
2024-05-02 04:31:50.735: 52 avg_reward: -14.1
2024-05-02 04:31:50.735: 52 avg_steps: 2437.25
2024-05-02 04:31:50.735: 52 epsilon: 0.1
2024-05-02 04:50:35.881: 53 test start:
2024-05-02 04:51:54.296: 53 avg_reward: -14.1
2024-05-02 04:51:54.296: 53 avg_steps: 2482.45
2024-05-02 04:51:54.296: 53 epsilon: 0.1
2024-05-02 05:10:51.345: 54 test start:
2024-05-02 05:12:14.658: 54 avg_reward: -12.8
2024-05-02 05:12:14.659: 54 avg_steps: 2626.9
2024-05-02 05:12:14.659: 54 epsilon: 0.1
2024-05-02 05:31:45.380: 55 test start:
2024-05-02 05:32:57.791: 55 avg_reward: -14.6
2024-05-02 05:32:57.792: 55 avg_steps: 2341.7
2024-05-02 05:32:57.792: 55 epsilon: 0.1
2024-05-02 05:51:37.442: 56 test start:
2024-05-02 05:52:47.171: 56 avg_reward: -17.3
2024-05-02 05:52:47.172: 56 avg_steps: 2218.15
2024-05-02 05:52:47.172: 56 epsilon: 0.1
2024-05-02 06:11:47.860: 57 test start:
2024-05-02 06:12:42.410: 57 avg_reward: -18.0
2024-05-02 06:12:42.410: 57 avg_steps: 1796.1
2024-05-02 06:12:42.410: 57 epsilon: 0.1
2024-05-02 06:31:14.475: 58 test start:
2024-05-02 06:32:16.687: 58 avg_reward: -18.8
2024-05-02 06:32:16.688: 58 avg_steps: 1992.25
2024-05-02 06:32:16.688: 58 epsilon: 0.1
2024-05-02 06:50:49.711: 59 test start:
2024-05-02 06:51:45.853: 59 avg_reward: -20.3
2024-05-02 06:51:45.854: 59 avg_steps: 1825.75
2024-05-02 06:51:45.854: 59 epsilon: 0.1
2024-05-02 07:10:52.612: 60 test start:
2024-05-02 07:11:56.299: 60 avg_reward: -19.9
2024-05-02 07:11:56.299: 60 avg_steps: 2026.4
2024-05-02 07:11:56.299: 60 epsilon: 0.1
2024-05-02 07:30:36.960: 61 test start:
2024-05-02 07:31:41.754: 61 avg_reward: -17.4
2024-05-02 07:31:41.754: 61 avg_steps: 2039.25
2024-05-02 07:31:41.755: 61 epsilon: 0.1
2024-05-02 07:50:37.709: 62 test start:
2024-05-02 07:51:48.486: 62 avg_reward: -17.0
2024-05-02 07:51:48.487: 62 avg_steps: 2266.9
2024-05-02 07:51:48.487: 62 epsilon: 0.1
2024-05-02 08:10:39.521: 63 test start:
2024-05-02 08:11:46.748: 63 avg_reward: -18.2
2024-05-02 08:11:46.748: 63 avg_steps: 2135.8
2024-05-02 08:11:46.748: 63 epsilon: 0.1
2024-05-02 08:30:55.642: 64 test start:
2024-05-02 08:31:59.417: 64 avg_reward: -19.7
2024-05-02 08:31:59.418: 64 avg_steps: 2056.6
2024-05-02 08:31:59.418: 64 epsilon: 0.1
2024-05-02 08:51:05.353: 65 test start:
2024-05-02 08:52:07.476: 65 avg_reward: -17.6
2024-05-02 08:52:07.476: 65 avg_steps: 2028.2
2024-05-02 08:52:07.476: 65 epsilon: 0.1
2024-05-02 09:10:48.249: 66 test start:
2024-05-02 09:11:51.497: 66 avg_reward: -18.3
2024-05-02 09:11:51.497: 66 avg_steps: 2071.65
2024-05-02 09:11:51.497: 66 epsilon: 0.1
2024-05-02 09:30:24.265: 67 test start:
2024-05-02 09:31:24.009: 67 avg_reward: -19.2
2024-05-02 09:31:24.009: 67 avg_steps: 1989.65
2024-05-02 09:31:24.009: 67 epsilon: 0.1
2024-05-02 09:49:58.895: 68 test start:
2024-05-02 09:51:05.041: 68 avg_reward: -18.2
2024-05-02 09:51:05.041: 68 avg_steps: 2103.05
2024-05-02 09:51:05.041: 68 epsilon: 0.1
2024-05-02 10:09:37.472: 69 test start:
2024-05-02 10:10:36.791: 69 avg_reward: -17.0
2024-05-02 10:10:36.791: 69 avg_steps: 1923.6
2024-05-02 10:10:36.791: 69 epsilon: 0.1
2024-05-02 10:29:13.543: 70 test start:
2024-05-02 10:30:14.422: 70 avg_reward: -19.1
2024-05-02 10:30:14.422: 70 avg_steps: 1995.75
2024-05-02 10:30:14.422: 70 epsilon: 0.1
2024-05-02 10:49:14.202: 71 test start:
2024-05-02 10:50:18.246: 71 avg_reward: -18.5
2024-05-02 10:50:18.247: 71 avg_steps: 2061.9
2024-05-02 10:50:18.247: 71 epsilon: 0.1
2024-05-02 11:08:56.867: 72 test start:
2024-05-02 11:10:04.687: 72 avg_reward: -18.1
2024-05-02 11:10:04.687: 72 avg_steps: 2201.4
2024-05-02 11:10:04.687: 72 epsilon: 0.1
2024-05-02 11:28:46.978: 73 test start:
2024-05-02 11:29:54.844: 73 avg_reward: -18.0
2024-05-02 11:29:54.844: 73 avg_steps: 2140.6
2024-05-02 11:29:54.844: 73 epsilon: 0.1
2024-05-02 11:48:46.394: 74 test start:
2024-05-02 11:49:58.765: 74 avg_reward: -17.7
2024-05-02 11:49:58.766: 74 avg_steps: 2318.5
2024-05-02 11:49:58.766: 74 epsilon: 0.1
2024-05-02 12:09:21.303: 75 test start:
2024-05-02 12:10:25.433: 75 avg_reward: -19.3
2024-05-02 12:10:25.433: 75 avg_steps: 2064.55
2024-05-02 12:10:25.433: 75 epsilon: 0.1
2024-05-02 12:29:57.448: 76 test start:
2024-05-02 12:31:00.981: 76 avg_reward: -18.6
2024-05-02 12:31:00.981: 76 avg_steps: 1968.75
2024-05-02 12:31:00.981: 76 epsilon: 0.1
2024-05-02 12:50:05.590: 77 test start:
2024-05-02 12:51:10.472: 77 avg_reward: -20.0
2024-05-02 12:51:10.473: 77 avg_steps: 2060.6
2024-05-02 12:51:10.473: 77 epsilon: 0.1
2024-05-02 13:10:45.024: 78 test start:
2024-05-02 13:11:56.899: 78 avg_reward: -17.0
2024-05-02 13:11:56.899: 78 avg_steps: 2236.85
2024-05-02 13:11:56.899: 78 epsilon: 0.1
2024-05-02 13:31:41.298: 79 test start:
2024-05-02 13:32:53.032: 79 avg_reward: -17.1
2024-05-02 13:32:53.032: 79 avg_steps: 2279.45
2024-05-02 13:32:53.032: 79 epsilon: 0.1
2024-05-02 13:52:43.103: 80 test start:
2024-05-02 13:53:50.537: 80 avg_reward: -16.6
2024-05-02 13:53:50.538: 80 avg_steps: 2190.35
2024-05-02 13:53:50.538: 80 epsilon: 0.1
2024-05-02 14:13:19.103: 81 test start:
2024-05-02 14:14:23.178: 81 avg_reward: -19.1
2024-05-02 14:14:23.178: 81 avg_steps: 1992.0
2024-05-02 14:14:23.178: 81 epsilon: 0.1
2024-05-02 14:34:01.801: 82 test start:
2024-05-02 14:35:09.353: 82 avg_reward: -17.7
2024-05-02 14:35:09.354: 82 avg_steps: 2104.4
2024-05-02 14:35:09.354: 82 epsilon: 0.1
2024-05-02 14:55:08.418: 83 test start:
2024-05-02 14:56:12.692: 83 avg_reward: -17.1
2024-05-02 14:56:12.692: 83 avg_steps: 2031.8
2024-05-02 14:56:12.692: 83 epsilon: 0.1
2024-05-02 15:15:28.825: 84 test start:
2024-05-02 15:16:41.820: 84 avg_reward: -17.7
2024-05-02 15:16:41.820: 84 avg_steps: 2327.25
2024-05-02 15:16:41.820: 84 epsilon: 0.1
2024-05-02 15:36:08.375: 85 test start:
2024-05-02 15:37:17.089: 85 avg_reward: -18.1
2024-05-02 15:37:17.089: 85 avg_steps: 1996.7
2024-05-02 15:37:17.089: 85 epsilon: 0.1
2024-05-02 15:58:15.359: 86 test start:
2024-05-02 15:59:24.563: 86 avg_reward: -18.6
2024-05-02 15:59:24.563: 86 avg_steps: 2085.3
2024-05-02 15:59:24.563: 86 epsilon: 0.1
2024-05-02 16:19:29.203: 87 test start:
2024-05-02 16:20:37.365: 87 avg_reward: -19.2
2024-05-02 16:20:37.366: 87 avg_steps: 2115.5
2024-05-02 16:20:37.366: 87 epsilon: 0.1
2024-05-02 16:41:32.473: 88 test start:
2024-05-02 16:42:42.678: 88 avg_reward: -17.7
2024-05-02 16:42:42.679: 88 avg_steps: 2196.65
2024-05-02 16:42:42.679: 88 epsilon: 0.1
2024-05-02 17:02:20.144: 89 test start:
2024-05-02 17:03:32.652: 89 avg_reward: -17.9
2024-05-02 17:03:32.653: 89 avg_steps: 2297.75
2024-05-02 17:03:32.653: 89 epsilon: 0.1
2024-05-02 17:23:40.362: 90 test start:
2024-05-02 17:24:50.999: 90 avg_reward: -18.0
2024-05-02 17:24:50.999: 90 avg_steps: 2195.4
2024-05-02 17:24:50.999: 90 epsilon: 0.1
2024-05-02 17:45:23.342: 91 test start:
2024-05-02 17:46:33.798: 91 avg_reward: -18.1
2024-05-02 17:46:33.799: 91 avg_steps: 2094.95
2024-05-02 17:46:33.799: 91 epsilon: 0.1
2024-05-02 18:07:32.521: 92 test start:
2024-05-02 18:08:43.090: 92 avg_reward: -18.9
2024-05-02 18:08:43.091: 92 avg_steps: 2160.1
2024-05-02 18:08:43.091: 92 epsilon: 0.1
2024-05-02 18:28:41.383: 93 test start:
2024-05-02 18:29:46.818: 93 avg_reward: -18.2
2024-05-02 18:29:46.818: 93 avg_steps: 2068.85
2024-05-02 18:29:46.818: 93 epsilon: 0.1
2024-05-02 18:49:54.288: 94 test start:
2024-05-02 18:51:11.427: 94 avg_reward: -18.0
2024-05-02 18:51:11.427: 94 avg_steps: 2474.7
2024-05-02 18:51:11.427: 94 epsilon: 0.1
2024-05-02 19:11:23.466: 95 test start:
2024-05-02 19:12:25.574: 95 avg_reward: -18.7
2024-05-02 19:12:25.575: 95 avg_steps: 1943.05
2024-05-02 19:12:25.575: 95 epsilon: 0.1
2024-05-02 19:32:29.959: 96 test start:
2024-05-02 19:33:47.420: 96 avg_reward: -18.7
2024-05-02 19:33:47.421: 96 avg_steps: 2153.45
2024-05-02 19:33:47.421: 96 epsilon: 0.1
2024-05-02 19:55:34.237: 97 test start:
2024-05-02 19:56:45.077: 97 avg_reward: -18.2
2024-05-02 19:56:45.078: 97 avg_steps: 2009.4
2024-05-02 19:56:45.078: 97 epsilon: 0.1
2024-05-02 20:17:50.256: 98 test start:
2024-05-02 20:19:08.959: 98 avg_reward: -16.8
2024-05-02 20:19:08.960: 98 avg_steps: 2315.95
2024-05-02 20:19:08.960: 98 epsilon: 0.1
2024-05-02 20:40:11.487: 99 test start:
2024-05-02 20:41:24.085: 99 avg_reward: -19.4
2024-05-02 20:41:24.085: 99 avg_steps: 2155.6
2024-05-02 20:41:24.085: 99 epsilon: 0.1
2024-05-02 21:02:37.988: 100 test start:
2024-05-02 21:03:57.191: 100 avg_reward: -16.8
2024-05-02 21:03:57.191: 100 avg_steps: 2323.55
2024-05-02 21:03:57.191: 100 epsilon: 0.1
2024-05-02 21:25:05.706: 101 test start:
2024-05-02 21:26:24.299: 101 avg_reward: -17.3
2024-05-02 21:26:24.300: 101 avg_steps: 2251.45
2024-05-02 21:26:24.300: 101 epsilon: 0.1
2024-05-02 21:47:01.839: 102 test start:
2024-05-02 21:48:18.760: 102 avg_reward: -18.9
2024-05-02 21:48:18.760: 102 avg_steps: 2258.35
2024-05-02 21:48:18.760: 102 epsilon: 0.1
2024-05-02 22:08:29.440: 103 test start:
2024-05-02 22:09:45.572: 103 avg_reward: -17.2
2024-05-02 22:09:45.573: 103 avg_steps: 2284.9
2024-05-02 22:09:45.573: 103 epsilon: 0.1
2024-05-02 22:30:00.375: 104 test start:
2024-05-02 22:31:12.641: 104 avg_reward: -17.3
2024-05-02 22:31:12.642: 104 avg_steps: 2276.7
2024-05-02 22:31:12.642: 104 epsilon: 0.1
2024-05-02 22:50:39.963: 105 test start:
2024-05-02 22:51:58.784: 105 avg_reward: -17.9
2024-05-02 22:51:58.785: 105 avg_steps: 2457.6
2024-05-02 22:51:58.785: 105 epsilon: 0.1
2024-05-02 23:12:23.738: 106 test start:
2024-05-02 23:13:24.497: 106 avg_reward: -19.5
2024-05-02 23:13:24.498: 106 avg_steps: 1901.6
2024-05-02 23:13:24.498: 106 epsilon: 0.1
2024-05-02 23:33:04.810: 107 test start:
2024-05-02 23:34:15.147: 107 avg_reward: -17.7
2024-05-02 23:34:15.147: 107 avg_steps: 2106.2
2024-05-02 23:34:15.147: 107 epsilon: 0.1
2024-05-02 23:54:54.744: 108 test start:
2024-05-02 23:55:58.626: 108 avg_reward: -20.0
2024-05-02 23:55:58.627: 108 avg_steps: 1944.4
2024-05-02 23:55:58.627: 108 epsilon: 0.1
2024-05-03 00:16:25.815: 109 test start:
2024-05-03 00:17:23.267: 109 avg_reward: -18.6
2024-05-03 00:17:23.267: 109 avg_steps: 1736.7
2024-05-03 00:17:23.267: 109 epsilon: 0.1
2024-05-03 00:38:26.939: 110 test start:
2024-05-03 00:39:52.519: 110 avg_reward: -16.9
2024-05-03 00:39:52.520: 110 avg_steps: 2300.95
2024-05-03 00:39:52.520: 110 epsilon: 0.1
2024-05-03 01:02:24.542: 111 test start:
2024-05-03 01:03:53.785: 111 avg_reward: -17.9
2024-05-03 01:03:53.786: 111 avg_steps: 2528.5
2024-05-03 01:03:53.786: 111 epsilon: 0.1
2024-05-03 01:26:48.152: 112 test start:
2024-05-03 01:28:16.671: 112 avg_reward: -16.8
2024-05-03 01:28:16.671: 112 avg_steps: 2430.65
2024-05-03 01:28:16.671: 112 epsilon: 0.1
2024-05-03 01:50:51.684: 113 test start:
2024-05-03 01:52:02.881: 113 avg_reward: -16.1
2024-05-03 01:52:02.882: 113 avg_steps: 2119.2
2024-05-03 01:52:02.882: 113 epsilon: 0.1
2024-05-03 02:12:34.270: 114 test start:
2024-05-03 02:13:51.072: 114 avg_reward: -16.3
2024-05-03 02:13:51.072: 114 avg_steps: 2405.75
2024-05-03 02:13:51.072: 114 epsilon: 0.1
2024-05-03 02:34:43.832: 115 test start:
2024-05-03 02:35:58.864: 115 avg_reward: -18.4
2024-05-03 02:35:58.865: 115 avg_steps: 2191.35
2024-05-03 02:35:58.865: 115 epsilon: 0.1
2024-05-03 02:56:54.132: 116 test start:
2024-05-03 02:58:21.678: 116 avg_reward: -17.5
2024-05-03 02:58:21.678: 116 avg_steps: 2530.85
2024-05-03 02:58:21.678: 116 epsilon: 0.1
2024-05-03 03:18:36.455: 117 test start:
2024-05-03 03:19:45.799: 117 avg_reward: -17.9
2024-05-03 03:19:45.799: 117 avg_steps: 2259.45
2024-05-03 03:19:45.799: 117 epsilon: 0.1
2024-05-03 03:39:27.902: 118 test start:
2024-05-03 03:40:42.049: 118 avg_reward: -18.5
2024-05-03 03:40:42.050: 118 avg_steps: 1960.1
2024-05-03 03:40:42.050: 118 epsilon: 0.1
2024-05-03 04:00:33.464: 119 test start:
2024-05-03 04:01:46.445: 119 avg_reward: -17.4
2024-05-03 04:01:46.445: 119 avg_steps: 2291.5
2024-05-03 04:01:46.445: 119 epsilon: 0.1
2024-05-03 04:23:21.392: 120 test start:
2024-05-03 04:24:48.100: 120 avg_reward: -16.5
2024-05-03 04:24:48.100: 120 avg_steps: 2286.6
2024-05-03 04:24:48.100: 120 epsilon: 0.1
2024-05-03 04:46:09.591: 121 test start:
2024-05-03 04:47:19.897: 121 avg_reward: -18.9
2024-05-03 04:47:19.897: 121 avg_steps: 2120.3
2024-05-03 04:47:19.897: 121 epsilon: 0.1
2024-05-03 05:06:55.699: 122 test start:
2024-05-03 05:08:01.732: 122 avg_reward: -18.0
2024-05-03 05:08:01.733: 122 avg_steps: 2103.65
2024-05-03 05:08:01.733: 122 epsilon: 0.1
2024-05-03 05:27:38.909: 123 test start:
2024-05-03 05:28:59.298: 123 avg_reward: -18.8
2024-05-03 05:28:59.298: 123 avg_steps: 2478.15
2024-05-03 05:28:59.298: 123 epsilon: 0.1
2024-05-03 05:48:17.360: 124 test start:
2024-05-03 05:49:28.880: 124 avg_reward: -17.8
2024-05-03 05:49:28.881: 124 avg_steps: 2238.25
2024-05-03 05:49:28.881: 124 epsilon: 0.1
2024-05-03 06:09:43.219: 125 test start:
2024-05-03 06:10:57.174: 125 avg_reward: -17.1
2024-05-03 06:10:57.174: 125 avg_steps: 2359.9
2024-05-03 06:10:57.174: 125 epsilon: 0.1
2024-05-03 06:30:29.151: 126 test start:
2024-05-03 06:31:36.849: 126 avg_reward: -18.4
2024-05-03 06:31:36.849: 126 avg_steps: 2123.8
2024-05-03 06:31:36.849: 126 epsilon: 0.1
2024-05-03 06:51:14.728: 127 test start:
2024-05-03 06:52:31.340: 127 avg_reward: -17.3
2024-05-03 06:52:31.341: 127 avg_steps: 2393.15
2024-05-03 06:52:31.341: 127 epsilon: 0.1
2024-05-03 07:12:15.873: 128 test start:
2024-05-03 07:13:37.945: 128 avg_reward: -18.6
2024-05-03 07:13:37.945: 128 avg_steps: 2610.35
2024-05-03 07:13:37.945: 128 epsilon: 0.1
2024-05-03 07:33:20.747: 129 test start:
2024-05-03 07:34:35.378: 129 avg_reward: -18.2
2024-05-03 07:34:35.378: 129 avg_steps: 2234.0
2024-05-03 07:34:35.378: 129 epsilon: 0.1
2024-05-03 07:55:39.511: 130 test start:
2024-05-03 07:56:51.866: 130 avg_reward: -17.1
2024-05-03 07:56:51.866: 130 avg_steps: 2117.25
2024-05-03 07:56:51.866: 130 epsilon: 0.1
2024-05-03 08:17:50.350: 131 test start:
2024-05-03 08:19:08.729: 131 avg_reward: -17.2
2024-05-03 08:19:08.730: 131 avg_steps: 2171.15
2024-05-03 08:19:08.730: 131 epsilon: 0.1
2024-05-03 08:40:24.660: 132 test start:
2024-05-03 08:41:46.845: 132 avg_reward: -17.6
2024-05-03 08:41:46.845: 132 avg_steps: 2208.25
2024-05-03 08:41:46.845: 132 epsilon: 0.1
2024-05-03 09:03:40.032: 133 test start:
2024-05-03 09:04:58.625: 133 avg_reward: -19.0
2024-05-03 09:04:58.625: 133 avg_steps: 2257.6
2024-05-03 09:04:58.625: 133 epsilon: 0.1
2024-05-03 09:26:37.212: 134 test start:
2024-05-03 09:28:04.161: 134 avg_reward: -16.5
2024-05-03 09:28:04.161: 134 avg_steps: 2420.45
2024-05-03 09:28:04.161: 134 epsilon: 0.1
2024-05-03 09:50:29.322: 135 test start:
2024-05-03 09:51:57.917: 135 avg_reward: -17.7
2024-05-03 09:51:57.917: 135 avg_steps: 2307.2
2024-05-03 09:51:57.917: 135 epsilon: 0.1
2024-05-03 10:13:56.028: 136 test start:
2024-05-03 10:15:19.942: 136 avg_reward: -17.2
2024-05-03 10:15:19.943: 136 avg_steps: 2383.45
2024-05-03 10:15:19.943: 136 epsilon: 0.1
2024-05-03 10:36:16.988: 137 test start:
2024-05-03 10:37:38.135: 137 avg_reward: -19.1
2024-05-03 10:37:38.135: 137 avg_steps: 2296.75
2024-05-03 10:37:38.136: 137 epsilon: 0.1
2024-05-03 10:58:31.806: 138 test start:
2024-05-03 10:59:46.676: 138 avg_reward: -18.1
2024-05-03 10:59:46.677: 138 avg_steps: 2181.35
2024-05-03 10:59:46.677: 138 epsilon: 0.1
2024-05-03 11:24:13.614: 139 test start:
2024-05-03 11:26:02.322: 139 avg_reward: -17.7
2024-05-03 11:26:02.323: 139 avg_steps: 2429.85
2024-05-03 11:26:02.323: 139 epsilon: 0.1
2024-05-03 11:53:20.176: 140 test start:
2024-05-03 11:54:51.777: 140 avg_reward: -16.2
2024-05-03 11:54:51.777: 140 avg_steps: 2631.8
2024-05-03 11:54:51.777: 140 epsilon: 0.1
2024-05-03 12:16:56.916: 141 test start:
2024-05-03 12:18:22.265: 141 avg_reward: -17.8
2024-05-03 12:18:22.266: 141 avg_steps: 2424.9
2024-05-03 12:18:22.266: 141 epsilon: 0.1
2024-05-03 12:40:13.273: 142 test start:
2024-05-03 12:41:36.094: 142 avg_reward: -17.4
2024-05-03 12:41:36.094: 142 avg_steps: 2423.8
2024-05-03 12:41:36.094: 142 epsilon: 0.1
2024-05-03 13:03:01.933: 143 test start:
2024-05-03 13:04:25.867: 143 avg_reward: -16.7
2024-05-03 13:04:25.867: 143 avg_steps: 2587.7
2024-05-03 13:04:25.867: 143 epsilon: 0.1
2024-05-03 13:26:02.225: 144 test start:
2024-05-03 13:27:17.937: 144 avg_reward: -18.6
2024-05-03 13:27:17.937: 144 avg_steps: 2266.75
2024-05-03 13:27:17.937: 144 epsilon: 0.1
2024-05-03 13:48:18.109: 145 test start:
2024-05-03 13:49:38.099: 145 avg_reward: -16.3
2024-05-03 13:49:38.099: 145 avg_steps: 2331.65
2024-05-03 13:49:38.099: 145 epsilon: 0.1
2024-05-03 14:10:36.826: 146 test start:
2024-05-03 14:11:57.181: 146 avg_reward: -16.9
2024-05-03 14:11:57.182: 146 avg_steps: 2373.85
2024-05-03 14:11:57.182: 146 epsilon: 0.1
2024-05-03 14:33:40.186: 147 test start:
2024-05-03 14:34:57.260: 147 avg_reward: -16.2
2024-05-03 14:34:57.260: 147 avg_steps: 2336.5
2024-05-03 14:34:57.260: 147 epsilon: 0.1
2024-05-03 14:56:22.993: 148 test start:
2024-05-03 14:57:31.976: 148 avg_reward: -18.0
2024-05-03 14:57:31.977: 148 avg_steps: 2133.45
2024-05-03 14:57:31.977: 148 epsilon: 0.1
2024-05-03 15:20:15.858: 149 test start:
2024-05-03 15:21:44.850: 149 avg_reward: -15.1
2024-05-03 15:21:44.850: 149 avg_steps: 2633.6
2024-05-03 15:21:44.850: 149 epsilon: 0.1
2024-05-03 15:44:03.234: 150 test start:
2024-05-03 15:45:29.966: 150 avg_reward: -15.8
2024-05-03 15:45:29.967: 150 avg_steps: 2660.15
2024-05-03 15:45:29.967: 150 epsilon: 0.1
2024-05-03 16:06:11.006: 151 test start:
2024-05-03 16:07:33.932: 151 avg_reward: -15.3
2024-05-03 16:07:33.933: 151 avg_steps: 2564.4
2024-05-03 16:07:33.933: 151 epsilon: 0.1
2024-05-03 16:27:59.015: 152 test start:
2024-05-03 16:29:17.516: 152 avg_reward: -18.5
2024-05-03 16:29:17.516: 152 avg_steps: 2407.95
2024-05-03 16:29:17.516: 152 epsilon: 0.1
2024-05-03 16:49:33.840: 153 test start:
2024-05-03 16:50:58.823: 153 avg_reward: -15.8
2024-05-03 16:50:58.823: 153 avg_steps: 2592.45
2024-05-03 16:50:58.823: 153 epsilon: 0.1
2024-05-03 17:11:27.296: 154 test start:
2024-05-03 17:12:45.836: 154 avg_reward: -16.2
2024-05-03 17:12:45.837: 154 avg_steps: 2416.9
2024-05-03 17:12:45.837: 154 epsilon: 0.1
2024-05-03 17:33:51.425: 155 test start:
2024-05-03 17:35:10.981: 155 avg_reward: -17.3
2024-05-03 17:35:10.981: 155 avg_steps: 2391.9
2024-05-03 17:35:10.981: 155 epsilon: 0.1
2024-05-03 17:56:55.573: 156 test start:
2024-05-03 17:58:28.709: 156 avg_reward: -16.2
2024-05-03 17:58:28.710: 156 avg_steps: 2808.25
2024-05-03 17:58:28.710: 156 epsilon: 0.1
2024-05-03 18:20:18.974: 157 test start:
2024-05-03 18:21:46.036: 157 avg_reward: -17.7
2024-05-03 18:21:46.037: 157 avg_steps: 2474.6
2024-05-03 18:21:46.037: 157 epsilon: 0.1
2024-05-03 18:43:02.151: 158 test start:
2024-05-03 18:44:26.363: 158 avg_reward: -16.9
2024-05-03 18:44:26.363: 158 avg_steps: 2643.05
2024-05-03 18:44:26.363: 158 epsilon: 0.1
2024-05-03 19:04:52.504: 159 test start:
2024-05-03 19:06:13.495: 159 avg_reward: -18.2
2024-05-03 19:06:13.496: 159 avg_steps: 2482.5
2024-05-03 19:06:13.496: 159 epsilon: 0.1
2024-05-03 19:26:59.035: 160 test start:
2024-05-03 19:28:21.347: 160 avg_reward: -18.6
2024-05-03 19:28:21.348: 160 avg_steps: 2542.8
2024-05-03 19:28:21.348: 160 epsilon: 0.1
2024-05-03 19:50:00.595: 161 test start:
2024-05-03 19:51:27.737: 161 avg_reward: -18.0
2024-05-03 19:51:27.737: 161 avg_steps: 2556.3
2024-05-03 19:51:27.738: 161 epsilon: 0.1
2024-05-03 20:11:52.183: 162 test start:
2024-05-03 20:13:07.482: 162 avg_reward: -17.4
2024-05-03 20:13:07.482: 162 avg_steps: 2377.4
2024-05-03 20:13:07.482: 162 epsilon: 0.1
2024-05-03 20:33:50.840: 163 test start:
2024-05-03 20:35:32.151: 163 avg_reward: -14.8
2024-05-03 20:35:32.152: 163 avg_steps: 3035.35
2024-05-03 20:35:32.152: 163 epsilon: 0.1
2024-05-03 20:56:35.057: 164 test start:
2024-05-03 20:57:55.416: 164 avg_reward: -14.9
2024-05-03 20:57:55.416: 164 avg_steps: 2501.15
2024-05-03 20:57:55.416: 164 epsilon: 0.1
2024-05-03 21:18:10.357: 165 test start:
2024-05-03 21:19:34.621: 165 avg_reward: -16.9
2024-05-03 21:19:34.622: 165 avg_steps: 2518.5
2024-05-03 21:19:34.622: 165 epsilon: 0.1
2024-05-03 21:40:40.675: 166 test start:
2024-05-03 21:41:56.345: 166 avg_reward: -18.1
2024-05-03 21:41:56.345: 166 avg_steps: 2187.15
2024-05-03 21:41:56.345: 166 epsilon: 0.1
2024-05-03 22:03:17.685: 167 test start:
2024-05-03 22:04:45.048: 167 avg_reward: -19.6
2024-05-03 22:04:45.048: 167 avg_steps: 2449.95
2024-05-03 22:04:45.048: 167 epsilon: 0.1
2024-05-03 22:27:09.288: 168 test start:
2024-05-03 22:28:18.021: 168 avg_reward: -18.8
2024-05-03 22:28:18.021: 168 avg_steps: 1942.35
2024-05-03 22:28:18.021: 168 epsilon: 0.1
2024-05-03 22:49:42.375: 169 test start:
2024-05-03 22:51:01.199: 169 avg_reward: -17.5
2024-05-03 22:51:01.199: 169 avg_steps: 2392.7
2024-05-03 22:51:01.199: 169 epsilon: 0.1
2024-05-03 23:12:42.255: 170 test start:
2024-05-03 23:14:08.767: 170 avg_reward: -18.8
2024-05-03 23:14:08.768: 170 avg_steps: 2309.0
2024-05-03 23:14:08.768: 170 epsilon: 0.1
2024-05-03 23:36:06.880: 171 test start:
2024-05-03 23:37:14.186: 171 avg_reward: -18.8
2024-05-03 23:37:14.186: 171 avg_steps: 1998.45
2024-05-03 23:37:14.186: 171 epsilon: 0.1
2024-05-03 23:59:08.147: 172 test start:
2024-05-04 00:00:33.729: 172 avg_reward: -17.6
2024-05-04 00:00:33.729: 172 avg_steps: 2459.2
2024-05-04 00:00:33.730: 172 epsilon: 0.1
2024-05-04 00:22:01.924: 173 test start:
2024-05-04 00:23:20.958: 173 avg_reward: -17.3
2024-05-04 00:23:20.959: 173 avg_steps: 2332.3
2024-05-04 00:23:20.959: 173 epsilon: 0.1
2024-05-04 00:45:02.691: 174 test start:
2024-05-04 00:46:20.460: 174 avg_reward: -18.3
2024-05-04 00:46:20.460: 174 avg_steps: 2250.05
2024-05-04 00:46:20.460: 174 epsilon: 0.1
2024-05-04 01:08:06.993: 175 test start:
2024-05-04 01:09:19.890: 175 avg_reward: -17.5
2024-05-04 01:09:19.890: 175 avg_steps: 2137.2
2024-05-04 01:09:19.891: 175 epsilon: 0.1
2024-05-04 01:31:02.406: 176 test start:
2024-05-04 01:32:20.703: 176 avg_reward: -19.0
2024-05-04 01:32:20.704: 176 avg_steps: 2266.7
2024-05-04 01:32:20.704: 176 epsilon: 0.1
2024-05-04 01:53:25.669: 177 test start:
2024-05-04 01:54:42.708: 177 avg_reward: -18.8
2024-05-04 01:54:42.709: 177 avg_steps: 2326.75
2024-05-04 01:54:42.709: 177 epsilon: 0.1
2024-05-04 02:16:10.415: 178 test start:
2024-05-04 02:17:14.788: 178 avg_reward: -19.4
2024-05-04 02:17:14.788: 178 avg_steps: 1896.8
2024-05-04 02:17:14.788: 178 epsilon: 0.1
2024-05-04 02:38:50.858: 179 test start:
2024-05-04 02:40:12.517: 179 avg_reward: -17.9
2024-05-04 02:40:12.518: 179 avg_steps: 2335.0
2024-05-04 02:40:12.518: 179 epsilon: 0.1
2024-05-04 03:01:36.167: 180 test start:
2024-05-04 03:03:04.671: 180 avg_reward: -16.1
2024-05-04 03:03:04.671: 180 avg_steps: 2549.0
2024-05-04 03:03:04.671: 180 epsilon: 0.1
2024-05-04 03:25:13.957: 181 test start:
2024-05-04 03:26:31.214: 181 avg_reward: -16.1
2024-05-04 03:26:31.215: 181 avg_steps: 2205.55
2024-05-04 03:26:31.215: 181 epsilon: 0.1
2024-05-04 03:48:34.452: 182 test start:
2024-05-04 03:49:55.946: 182 avg_reward: -18.1
2024-05-04 03:49:55.947: 182 avg_steps: 2269.95
2024-05-04 03:49:55.947: 182 epsilon: 0.1
2024-05-04 04:12:42.668: 183 test start:
2024-05-04 04:14:17.129: 183 avg_reward: -15.5
2024-05-04 04:14:17.129: 183 avg_steps: 2634.2
2024-05-04 04:14:17.129: 183 epsilon: 0.1
2024-05-04 04:36:52.623: 184 test start:
2024-05-04 04:38:32.067: 184 avg_reward: -16.2
2024-05-04 04:38:32.067: 184 avg_steps: 2741.2
2024-05-04 04:38:32.067: 184 epsilon: 0.1
2024-05-04 04:59:12.694: 185 test start:
2024-05-04 05:00:32.760: 185 avg_reward: -18.1
2024-05-04 05:00:32.761: 185 avg_steps: 2477.85
2024-05-04 05:00:32.761: 185 epsilon: 0.1
2024-05-04 05:21:00.996: 186 test start:
2024-05-04 05:22:16.383: 186 avg_reward: -18.1
2024-05-04 05:22:16.384: 186 avg_steps: 2322.1
2024-05-04 05:22:16.384: 186 epsilon: 0.1
2024-05-04 05:42:04.947: 187 test start:
2024-05-04 05:43:22.752: 187 avg_reward: -18.6
2024-05-04 05:43:22.752: 187 avg_steps: 2360.35
2024-05-04 05:43:22.752: 187 epsilon: 0.1
2024-05-04 06:03:12.308: 188 test start:
2024-05-04 06:04:42.495: 188 avg_reward: -15.3
2024-05-04 06:04:42.495: 188 avg_steps: 2790.85
2024-05-04 06:04:42.495: 188 epsilon: 0.1
2024-05-04 06:24:31.948: 189 test start:
2024-05-04 06:25:52.188: 189 avg_reward: -17.8
2024-05-04 06:25:52.189: 189 avg_steps: 2454.2
2024-05-04 06:25:52.189: 189 epsilon: 0.1
2024-05-04 06:46:19.465: 190 test start:
2024-05-04 06:47:31.616: 190 avg_reward: -20.3
2024-05-04 06:47:31.616: 190 avg_steps: 2128.95
2024-05-04 06:47:31.616: 190 epsilon: 0.1
2024-05-04 07:07:43.992: 191 test start:
2024-05-04 07:08:48.863: 191 avg_reward: -18.9
2024-05-04 07:08:48.864: 191 avg_steps: 2003.45
2024-05-04 07:08:48.864: 191 epsilon: 0.1
2024-05-04 07:29:14.902: 192 test start:
2024-05-04 07:30:31.609: 192 avg_reward: -18.6
2024-05-04 07:30:31.609: 192 avg_steps: 2225.95
2024-05-04 07:30:31.609: 192 epsilon: 0.1
2024-05-04 07:52:15.234: 193 test start:
2024-05-04 07:53:34.682: 193 avg_reward: -19.0
2024-05-04 07:53:34.683: 193 avg_steps: 2285.55
2024-05-04 07:53:34.683: 193 epsilon: 0.1
2024-05-04 08:15:24.267: 194 test start:
2024-05-04 08:16:54.737: 194 avg_reward: -15.8
2024-05-04 08:16:54.737: 194 avg_steps: 2603.95
2024-05-04 08:16:54.737: 194 epsilon: 0.1
2024-05-04 08:38:37.594: 195 test start:
2024-05-04 08:40:23.884: 195 avg_reward: -16.4
2024-05-04 08:40:23.885: 195 avg_steps: 3014.25
2024-05-04 08:40:23.885: 195 epsilon: 0.1
2024-05-04 09:02:00.138: 196 test start:
2024-05-04 09:03:12.368: 196 avg_reward: -18.6
2024-05-04 09:03:12.368: 196 avg_steps: 2119.75
2024-05-04 09:03:12.369: 196 epsilon: 0.1
2024-05-04 09:25:13.251: 197 test start:
2024-05-04 09:26:34.641: 197 avg_reward: -17.3
2024-05-04 09:26:34.641: 197 avg_steps: 2379.0
2024-05-04 09:26:34.641: 197 epsilon: 0.1
2024-05-04 09:48:36.636: 198 test start:
2024-05-04 09:50:04.383: 198 avg_reward: -16.1
2024-05-04 09:50:04.384: 198 avg_steps: 2553.45
2024-05-04 09:50:04.384: 198 epsilon: 0.1
2024-05-04 10:11:03.003: 199 test start:
2024-05-04 10:12:40.398: 199 avg_reward: -16.0
2024-05-04 10:12:40.399: 199 avg_steps: 2911.5
2024-05-04 10:12:40.399: 199 epsilon: 0.1
2024-05-04 10:34:06.002: 200 test start:
2024-05-04 10:35:20.216: 200 avg_reward: -18.2
2024-05-04 10:35:20.217: 200 avg_steps: 2188.0
2024-05-04 10:35:20.217: 200 epsilon: 0.1
2024-05-04 10:56:34.498: 201 test start:
2024-05-04 10:58:05.355: 201 avg_reward: -16.9
2024-05-04 10:58:05.356: 201 avg_steps: 2681.9
2024-05-04 10:58:05.356: 201 epsilon: 0.1
2024-05-04 11:19:27.042: 202 test start:
2024-05-04 11:20:49.762: 202 avg_reward: -18.0
2024-05-04 11:20:49.762: 202 avg_steps: 2495.75
2024-05-04 11:20:49.762: 202 epsilon: 0.1
2024-05-04 11:42:16.957: 203 test start:
2024-05-04 11:43:53.701: 203 avg_reward: -16.5
2024-05-04 11:43:53.701: 203 avg_steps: 2781.2
2024-05-04 11:43:53.701: 203 epsilon: 0.1
