2024-10-17 17:47:34.430: 
parameters:agent_test_episodes: 20
batch_num_per_epoch: 250000
device: cuda:0
env_name: ALE/WizardOfWor-v5
epsilon_for_test: 0.05
epsilon_max: 1.0
epsilon_min: 0.1
exp_name: ALE-WizardOfWor-v5_2024-10-17-17-47-34
exp_path: ../exps/dqn/
exploration_steps: 1000000
gamma: 0.99
held_out_states_num: 1000
learning_rate: 0.00025
mini_batch_size: 32
model_update_freq: 4
n_times: 5
no_op_max: 30
phi_channel: 4
replay_buffer_size: 1000000
replay_start_size: 50000
save_model: true
screen_size: 84
seed: 0
skip_k_frame: 4
step_c: 10000
training_steps: 50000000

2024-10-17 17:47:34.492: env id: ALE/WizardOfWor-v5 |repeat_action_probability: 0 
2024-10-17 17:47:34.492: screen_size: 84 | grayscale_obs:True 
scale_obs:False | action space size: 10
remove flickering: True | frame skip: 4
state space shape: (210, 160, 3) 
2024-10-17 17:47:34.506: optimizer: RMSprop (
Parameter Group 0
    alpha: 0.95
    centered: False
    differentiable: False
    eps: 0.01
    foreach: None
    lr: 0.00025
    maximize: False
    momentum: 0
    weight_decay: 0
)
2024-10-17 17:56:54.132: 1 test start:
2024-10-17 17:57:14.718: 1 avg_reward: 257.0
2024-10-17 17:57:14.718: 1 avg_steps: 1089.9
2024-10-17 17:57:14.718: 1 epsilon: 0.8194915
2024-10-17 17:57:14.718: 1 q: 0.07954221
2024-10-17 18:06:59.291: 2 test start:
2024-10-17 18:07:11.742: 2 avg_reward: 172.0
2024-10-17 18:07:11.742: 2 avg_steps: 640.5
2024-10-17 18:07:11.742: 2 epsilon: 0.5943978999999999
2024-10-17 18:07:11.742: 2 q: 0.122571036
2024-10-17 18:17:30.537: 3 test start:
2024-10-17 18:17:41.217: 3 avg_reward: 172.0
2024-10-17 18:17:41.217: 3 avg_steps: 559.35
2024-10-17 18:17:41.217: 3 epsilon: 0.36889929999999993
2024-10-17 18:17:41.217: 3 q: 0.16165309
2024-10-17 18:27:28.359: 4 test start:
2024-10-17 18:27:41.752: 4 avg_reward: 142.0
2024-10-17 18:27:41.752: 4 avg_steps: 689.3
2024-10-17 18:27:41.752: 4 epsilon: 0.14465709999999998
2024-10-17 18:27:41.752: 4 q: 0.21608056
2024-10-17 18:37:54.275: 5 test start:
2024-10-17 18:38:05.180: 5 avg_reward: 127.0
2024-10-17 18:38:05.180: 5 avg_steps: 576.5
2024-10-17 18:38:05.181: 5 epsilon: 0.1
2024-10-17 18:38:05.181: 5 q: 0.2523169
2024-10-17 18:47:54.521: 6 test start:
2024-10-17 18:48:09.841: 6 avg_reward: 202.0
2024-10-17 18:48:09.841: 6 avg_steps: 790.15
2024-10-17 18:48:09.842: 6 epsilon: 0.1
2024-10-17 18:48:09.842: 6 q: 0.24144366
2024-10-17 18:58:24.256: 7 test start:
2024-10-17 18:58:34.450: 7 avg_reward: 147.0
2024-10-17 18:58:34.450: 7 avg_steps: 535.9
2024-10-17 18:58:34.450: 7 epsilon: 0.1
2024-10-17 18:58:34.450: 7 q: 0.28476802
2024-10-17 19:08:32.832: 8 test start:
2024-10-17 19:08:44.880: 8 avg_reward: 97.0
2024-10-17 19:08:44.880: 8 avg_steps: 618.5
2024-10-17 19:08:44.881: 8 epsilon: 0.1
2024-10-17 19:08:44.881: 8 q: 0.32356957
2024-10-17 19:18:56.810: 9 test start:
2024-10-17 19:19:17.457: 9 avg_reward: 322.0
2024-10-17 19:19:17.457: 9 avg_steps: 1088.9
2024-10-17 19:19:17.457: 9 epsilon: 0.1
2024-10-17 19:19:17.457: 9 q: 0.358326
2024-10-17 19:29:22.237: 10 test start:
2024-10-17 19:29:34.029: 10 avg_reward: 112.0
2024-10-17 19:29:34.035: 10 avg_steps: 600.15
2024-10-17 19:29:34.035: 10 epsilon: 0.1
2024-10-17 19:29:34.035: 10 q: 0.39246017
2024-10-17 19:39:43.051: 11 test start:
2024-10-17 19:40:00.696: 11 avg_reward: 242.0
2024-10-17 19:40:00.696: 11 avg_steps: 949.7
2024-10-17 19:40:00.696: 11 epsilon: 0.1
2024-10-17 19:40:00.696: 11 q: 0.3986148
2024-10-17 19:50:19.653: 12 test start:
2024-10-17 19:50:35.933: 12 avg_reward: 332.0
2024-10-17 19:50:35.934: 12 avg_steps: 834.7
2024-10-17 19:50:35.934: 12 epsilon: 0.1
2024-10-17 19:50:35.934: 12 q: 0.40625015
2024-10-17 20:00:37.085: 13 test start:
2024-10-17 20:00:46.935: 13 avg_reward: 227.0
2024-10-17 20:00:46.935: 13 avg_steps: 513.7
2024-10-17 20:00:46.935: 13 epsilon: 0.1
2024-10-17 20:00:46.935: 13 q: 0.43014973
2024-10-17 20:11:08.577: 14 test start:
2024-10-17 20:11:25.832: 14 avg_reward: 212.0
2024-10-17 20:11:25.833: 14 avg_steps: 877.7
2024-10-17 20:11:25.833: 14 epsilon: 0.1
2024-10-17 20:11:25.833: 14 q: 0.42890108
2024-10-17 20:21:29.430: 15 test start:
2024-10-17 20:21:51.335: 15 avg_reward: 532.0
2024-10-17 20:21:51.335: 15 avg_steps: 1156.75
2024-10-17 20:21:51.336: 15 epsilon: 0.1
2024-10-17 20:21:51.336: 15 q: 0.45273045
2024-10-17 20:32:15.061: 16 test start:
2024-10-17 20:32:24.995: 16 avg_reward: 62.0
2024-10-17 20:32:24.995: 16 avg_steps: 495.35
2024-10-17 20:32:24.995: 16 epsilon: 0.1
2024-10-17 20:32:24.995: 16 q: 0.4620181
2024-10-17 20:42:20.176: 17 test start:
2024-10-17 20:42:43.313: 17 avg_reward: 492.0
2024-10-17 20:42:43.313: 17 avg_steps: 1168.55
2024-10-17 20:42:43.313: 17 epsilon: 0.1
2024-10-17 20:42:43.313: 17 q: 0.50318485
2024-10-17 20:53:13.355: 18 test start:
2024-10-17 20:53:40.361: 18 avg_reward: 507.0
2024-10-17 20:53:40.361: 18 avg_steps: 1425.2
2024-10-17 20:53:40.361: 18 epsilon: 0.1
2024-10-17 20:53:40.361: 18 q: 0.54399616
2024-10-17 21:03:34.041: 19 test start:
2024-10-17 21:03:52.029: 19 avg_reward: 317.0
2024-10-17 21:03:52.029: 19 avg_steps: 911.25
2024-10-17 21:03:52.029: 19 epsilon: 0.1
2024-10-17 21:03:52.029: 19 q: 0.5673989
2024-10-17 21:14:11.672: 20 test start:
2024-10-17 21:14:32.821: 20 avg_reward: 272.0
2024-10-17 21:14:32.821: 20 avg_steps: 1111.85
2024-10-17 21:14:32.822: 20 epsilon: 0.1
2024-10-17 21:14:32.822: 20 q: 0.580859
2024-10-17 21:24:38.421: 21 test start:
2024-10-17 21:24:54.120: 21 avg_reward: 187.0
2024-10-17 21:24:54.121: 21 avg_steps: 800.45
2024-10-17 21:24:54.121: 21 epsilon: 0.1
2024-10-17 21:24:54.121: 21 q: 0.59809387
2024-10-17 21:35:17.262: 22 test start:
2024-10-17 21:36:07.868: 22 avg_reward: 1047.0
2024-10-17 21:36:07.868: 22 avg_steps: 2680.8
2024-10-17 21:36:07.868: 22 epsilon: 0.1
2024-10-17 21:36:07.868: 22 q: 0.5826267
2024-10-17 21:46:13.442: 23 test start:
2024-10-17 21:46:23.984: 23 avg_reward: 172.0
2024-10-17 21:46:23.984: 23 avg_steps: 533.2
2024-10-17 21:46:23.984: 23 epsilon: 0.1
2024-10-17 21:46:23.984: 23 q: 0.6362914
2024-10-17 21:56:38.003: 24 test start:
2024-10-17 21:57:00.684: 24 avg_reward: 372.0
2024-10-17 21:57:00.685: 24 avg_steps: 1193.6
2024-10-17 21:57:00.685: 24 epsilon: 0.1
2024-10-17 21:57:00.685: 24 q: 0.66068625
2024-10-17 22:07:14.629: 25 test start:
2024-10-17 22:07:27.579: 25 avg_reward: 302.0
2024-10-17 22:07:27.579: 25 avg_steps: 682.45
2024-10-17 22:07:27.579: 25 epsilon: 0.1
2024-10-17 22:07:27.579: 25 q: 0.69878805
2024-10-17 22:17:33.148: 26 test start:
2024-10-17 22:17:48.422: 26 avg_reward: 512.0
2024-10-17 22:17:48.422: 26 avg_steps: 799.85
2024-10-17 22:17:48.422: 26 epsilon: 0.1
2024-10-17 22:17:48.422: 26 q: 0.71442926
2024-10-17 22:28:10.136: 27 test start:
2024-10-17 22:28:35.873: 27 avg_reward: 662.0
2024-10-17 22:28:35.873: 27 avg_steps: 1337.25
2024-10-17 22:28:35.873: 27 epsilon: 0.1
2024-10-17 22:28:35.873: 27 q: 0.74003494
2024-10-17 22:38:31.049: 28 test start:
2024-10-17 22:38:46.493: 28 avg_reward: 337.0
2024-10-17 22:38:46.493: 28 avg_steps: 796.3
2024-10-17 22:38:46.493: 28 epsilon: 0.1
2024-10-17 22:38:46.493: 28 q: 0.7817964
2024-10-17 22:49:15.870: 29 test start:
2024-10-17 22:49:41.936: 29 avg_reward: 672.0
2024-10-17 22:49:41.936: 29 avg_steps: 1339.1
2024-10-17 22:49:41.937: 29 epsilon: 0.1
2024-10-17 22:49:41.937: 29 q: 0.83792603
2024-10-17 22:59:35.665: 30 test start:
2024-10-17 22:59:52.908: 30 avg_reward: 532.0
2024-10-17 22:59:52.909: 30 avg_steps: 874.1
2024-10-17 22:59:52.909: 30 epsilon: 0.1
2024-10-17 22:59:52.909: 30 q: 0.8692979
2024-10-17 23:10:21.833: 31 test start:
2024-10-17 23:10:40.824: 31 avg_reward: 507.0
2024-10-17 23:10:40.825: 31 avg_steps: 996.75
2024-10-17 23:10:40.825: 31 epsilon: 0.1
2024-10-17 23:10:40.825: 31 q: 0.9006884
2024-10-17 23:20:41.091: 32 test start:
2024-10-17 23:21:18.571: 32 avg_reward: 1392.0
2024-10-17 23:21:18.571: 32 avg_steps: 1932.0
2024-10-17 23:21:18.572: 32 epsilon: 0.1
2024-10-17 23:21:18.572: 32 q: 0.93082523
2024-10-17 23:31:33.808: 33 test start:
2024-10-17 23:32:03.697: 33 avg_reward: 1137.0
2024-10-17 23:32:03.697: 33 avg_steps: 1584.05
2024-10-17 23:32:03.697: 33 epsilon: 0.1
2024-10-17 23:32:03.697: 33 q: 0.9562471
2024-10-17 23:42:13.866: 34 test start:
2024-10-17 23:42:49.639: 34 avg_reward: 1107.0
2024-10-17 23:42:49.639: 34 avg_steps: 1836.0
2024-10-17 23:42:49.639: 34 epsilon: 0.1
2024-10-17 23:42:49.639: 34 q: 1.0068834
2024-10-17 23:53:03.514: 35 test start:
2024-10-17 23:53:25.299: 35 avg_reward: 917.0
2024-10-17 23:53:25.299: 35 avg_steps: 1161.65
2024-10-17 23:53:25.299: 35 epsilon: 0.1
2024-10-17 23:53:25.299: 35 q: 1.0765097
2024-10-18 00:03:35.654: 36 test start:
2024-10-18 00:04:00.363: 36 avg_reward: 867.0
2024-10-18 00:04:00.363: 36 avg_steps: 1298.8
2024-10-18 00:04:00.363: 36 epsilon: 0.1
2024-10-18 00:04:00.363: 36 q: 1.2217802
2024-10-18 00:14:07.629: 37 test start:
2024-10-18 00:14:19.031: 37 avg_reward: 392.0
2024-10-18 00:14:19.032: 37 avg_steps: 621.7
2024-10-18 00:14:19.032: 37 epsilon: 0.1
2024-10-18 00:14:19.032: 37 q: 1.3259643
2024-10-18 00:24:39.210: 38 test start:
2024-10-18 00:25:03.655: 38 avg_reward: 847.0
2024-10-18 00:25:03.655: 38 avg_steps: 1280.85
2024-10-18 00:25:03.656: 38 epsilon: 0.1
2024-10-18 00:25:03.656: 38 q: 1.3316823
2024-10-18 00:35:00.363: 39 test start:
2024-10-18 00:35:32.827: 39 avg_reward: 1072.0
2024-10-18 00:35:32.827: 39 avg_steps: 1724.4
2024-10-18 00:35:32.827: 39 epsilon: 0.1
2024-10-18 00:35:32.827: 39 q: 1.3802296
2024-10-18 00:46:03.211: 40 test start:
2024-10-18 00:46:33.421: 40 avg_reward: 1392.0
2024-10-18 00:46:33.422: 40 avg_steps: 1592.9
2024-10-18 00:46:33.422: 40 epsilon: 0.1
2024-10-18 00:46:33.422: 40 q: 1.4225793
2024-10-18 00:56:32.805: 41 test start:
2024-10-18 00:56:55.215: 41 avg_reward: 1082.0
2024-10-18 00:56:55.216: 41 avg_steps: 1190.9
2024-10-18 00:56:55.216: 41 epsilon: 0.1
2024-10-18 00:56:55.216: 41 q: 1.496618
2024-10-18 01:07:22.718: 42 test start:
2024-10-18 01:07:42.717: 42 avg_reward: 377.0
2024-10-18 01:07:42.717: 42 avg_steps: 1053.1
2024-10-18 01:07:42.717: 42 epsilon: 0.1
2024-10-18 01:07:42.717: 42 q: 1.5580242
2024-10-18 01:17:36.149: 43 test start:
2024-10-18 01:18:05.821: 43 avg_reward: 1467.0
2024-10-18 01:18:05.822: 43 avg_steps: 1536.7
2024-10-18 01:18:05.822: 43 epsilon: 0.1
2024-10-18 01:18:05.822: 43 q: 1.5677248
2024-10-18 01:28:30.878: 44 test start:
2024-10-18 01:28:56.018: 44 avg_reward: 1377.0
2024-10-18 01:28:56.019: 44 avg_steps: 1326.45
2024-10-18 01:28:56.019: 44 epsilon: 0.1
2024-10-18 01:28:56.019: 44 q: 1.6003118
2024-10-18 01:39:06.755: 45 test start:
2024-10-18 01:39:46.829: 45 avg_reward: 1192.0
2024-10-18 01:39:46.829: 45 avg_steps: 2040.25
2024-10-18 01:39:46.829: 45 epsilon: 0.1
2024-10-18 01:39:46.829: 45 q: 1.6334143
2024-10-18 01:49:58.921: 46 test start:
2024-10-18 01:50:22.167: 46 avg_reward: 1537.0
2024-10-18 01:50:22.167: 46 avg_steps: 1240.35
2024-10-18 01:50:22.167: 46 epsilon: 0.1
2024-10-18 01:50:22.168: 46 q: 1.6690966
2024-10-18 02:00:43.992: 47 test start:
2024-10-18 02:01:06.347: 47 avg_reward: 867.0
2024-10-18 02:01:06.347: 47 avg_steps: 1151.9
2024-10-18 02:01:06.348: 47 epsilon: 0.1
2024-10-18 02:01:06.348: 47 q: 1.7262392
2024-10-18 02:11:07.263: 48 test start:
2024-10-18 02:11:27.418: 48 avg_reward: 1097.0
2024-10-18 02:11:27.419: 48 avg_steps: 1065.9
2024-10-18 02:11:27.419: 48 epsilon: 0.1
2024-10-18 02:11:27.419: 48 q: 1.7693619
2024-10-18 02:21:57.248: 49 test start:
2024-10-18 02:22:28.174: 49 avg_reward: 1932.0
2024-10-18 02:22:28.174: 49 avg_steps: 1626.15
2024-10-18 02:22:28.174: 49 epsilon: 0.1
2024-10-18 02:22:28.174: 49 q: 1.824937
2024-10-18 02:32:28.524: 50 test start:
2024-10-18 02:32:48.264: 50 avg_reward: 837.0
2024-10-18 02:32:48.264: 50 avg_steps: 1039.65
2024-10-18 02:32:48.264: 50 epsilon: 0.1
2024-10-18 02:32:48.264: 50 q: 1.8512574
2024-10-18 02:43:15.886: 51 test start:
2024-10-18 02:43:44.114: 51 avg_reward: 1807.0
2024-10-18 02:43:44.114: 51 avg_steps: 1462.45
2024-10-18 02:43:44.114: 51 epsilon: 0.1
2024-10-18 02:43:44.114: 51 q: 1.835985
2024-10-18 02:53:34.968: 52 test start:
2024-10-18 02:53:58.783: 52 avg_reward: 1417.0
2024-10-18 02:53:58.783: 52 avg_steps: 1222.45
2024-10-18 02:53:58.783: 52 epsilon: 0.1
2024-10-18 02:53:58.783: 52 q: 1.979415
2024-10-18 03:04:22.370: 53 test start:
2024-10-18 03:04:44.221: 53 avg_reward: 1662.0
2024-10-18 03:04:44.221: 53 avg_steps: 1164.7
2024-10-18 03:04:44.221: 53 epsilon: 0.1
2024-10-18 03:04:44.221: 53 q: 2.0452707
2024-10-18 03:14:48.670: 54 test start:
2024-10-18 03:15:09.486: 54 avg_reward: 1267.0
2024-10-18 03:15:09.487: 54 avg_steps: 1071.65
2024-10-18 03:15:09.487: 54 epsilon: 0.1
2024-10-18 03:15:09.487: 54 q: 2.1630473
2024-10-18 03:25:27.978: 55 test start:
2024-10-18 03:26:01.323: 55 avg_reward: 1322.0
2024-10-18 03:26:01.323: 55 avg_steps: 1787.9
2024-10-18 03:26:01.323: 55 epsilon: 0.1
2024-10-18 03:26:01.323: 55 q: 2.2204888
2024-10-18 03:36:13.837: 56 test start:
2024-10-18 03:36:41.105: 56 avg_reward: 1757.0
2024-10-18 03:36:41.105: 56 avg_steps: 1412.6
2024-10-18 03:36:41.105: 56 epsilon: 0.1
2024-10-18 03:36:41.105: 56 q: 2.2451172
2024-10-18 03:46:52.833: 57 test start:
2024-10-18 03:47:26.861: 57 avg_reward: 2892.0
2024-10-18 03:47:26.861: 57 avg_steps: 1818.05
2024-10-18 03:47:26.862: 57 epsilon: 0.1
2024-10-18 03:47:26.862: 57 q: 2.3540251
2024-10-18 03:57:44.312: 58 test start:
2024-10-18 03:58:17.689: 58 avg_reward: 487.0
2024-10-18 03:58:17.689: 58 avg_steps: 1733.2
2024-10-18 03:58:17.689: 58 epsilon: 0.1
2024-10-18 03:58:17.689: 58 q: 2.33753
2024-10-18 04:08:18.985: 59 test start:
2024-10-18 04:08:52.667: 59 avg_reward: 1417.0
2024-10-18 04:08:52.667: 59 avg_steps: 1795.85
2024-10-18 04:08:52.667: 59 epsilon: 0.1
2024-10-18 04:08:52.667: 59 q: 2.3810043
2024-10-18 04:19:16.652: 60 test start:
2024-10-18 04:19:54.049: 60 avg_reward: 2262.0
2024-10-18 04:19:54.049: 60 avg_steps: 1945.25
2024-10-18 04:19:54.049: 60 epsilon: 0.1
2024-10-18 04:19:54.049: 60 q: 2.3499675
2024-10-18 04:29:51.488: 61 test start:
2024-10-18 04:30:24.440: 61 avg_reward: 1362.0
2024-10-18 04:30:24.441: 61 avg_steps: 1721.55
2024-10-18 04:30:24.441: 61 epsilon: 0.1
2024-10-18 04:30:24.441: 61 q: 2.3542037
2024-10-18 04:40:49.079: 62 test start:
2024-10-18 04:41:35.245: 62 avg_reward: 1042.0
2024-10-18 04:41:35.246: 62 avg_steps: 2497.35
2024-10-18 04:41:35.246: 62 epsilon: 0.1
2024-10-18 04:41:35.246: 62 q: 2.389222
2024-10-18 04:51:44.019: 63 test start:
2024-10-18 04:52:09.212: 63 avg_reward: 1667.0
2024-10-18 04:52:09.212: 63 avg_steps: 1306.6
2024-10-18 04:52:09.212: 63 epsilon: 0.1
2024-10-18 04:52:09.212: 63 q: 2.4257212
2024-10-18 05:02:24.733: 64 test start:
2024-10-18 05:02:51.752: 64 avg_reward: 1872.0
2024-10-18 05:02:51.752: 64 avg_steps: 1482.85
2024-10-18 05:02:51.752: 64 epsilon: 0.1
2024-10-18 05:02:51.752: 64 q: 2.404151
2024-10-18 05:13:00.386: 65 test start:
2024-10-18 05:13:29.398: 65 avg_reward: 2122.0
2024-10-18 05:13:29.398: 65 avg_steps: 1550.2
2024-10-18 05:13:29.398: 65 epsilon: 0.1
2024-10-18 05:13:29.398: 65 q: 2.338527
2024-10-18 05:23:40.200: 66 test start:
2024-10-18 05:24:01.057: 66 avg_reward: 322.0
2024-10-18 05:24:01.057: 66 avg_steps: 1125.95
2024-10-18 05:24:01.057: 66 epsilon: 0.1
2024-10-18 05:24:01.057: 66 q: 2.36271
2024-10-18 05:34:20.759: 67 test start:
2024-10-18 05:34:55.768: 67 avg_reward: 3802.0
2024-10-18 05:34:55.768: 67 avg_steps: 1862.4
2024-10-18 05:34:55.768: 67 epsilon: 0.1
2024-10-18 05:34:55.768: 67 q: 2.3868232
2024-10-18 05:45:01.864: 68 test start:
2024-10-18 05:45:33.529: 68 avg_reward: 1142.0
2024-10-18 05:45:33.529: 68 avg_steps: 1745.75
2024-10-18 05:45:33.529: 68 epsilon: 0.1
2024-10-18 05:45:33.529: 68 q: 2.4040399
2024-10-18 05:56:06.410: 69 test start:
2024-10-18 05:56:30.117: 69 avg_reward: 1842.0
2024-10-18 05:56:30.117: 69 avg_steps: 1246.8
2024-10-18 05:56:30.117: 69 epsilon: 0.1
2024-10-18 05:56:30.117: 69 q: 2.4271877
2024-10-18 06:06:32.014: 70 test start:
2024-10-18 06:06:59.685: 70 avg_reward: 2737.0
2024-10-18 06:06:59.685: 70 avg_steps: 1430.25
2024-10-18 06:06:59.685: 70 epsilon: 0.1
2024-10-18 06:06:59.685: 70 q: 2.454493
2024-10-18 06:17:26.991: 71 test start:
2024-10-18 06:18:17.394: 71 avg_reward: 2927.0
2024-10-18 06:18:17.395: 71 avg_steps: 2705.8
2024-10-18 06:18:17.395: 71 epsilon: 0.1
2024-10-18 06:18:17.395: 71 q: 2.4331338
2024-10-18 06:28:22.091: 72 test start:
2024-10-18 06:28:55.546: 72 avg_reward: 4057.0
2024-10-18 06:28:55.546: 72 avg_steps: 1723.55
2024-10-18 06:28:55.546: 72 epsilon: 0.1
2024-10-18 06:28:55.546: 72 q: 2.4322784
2024-10-18 06:39:16.264: 73 test start:
2024-10-18 06:39:37.220: 73 avg_reward: 1447.0
2024-10-18 06:39:37.220: 73 avg_steps: 1123.45
2024-10-18 06:39:37.220: 73 epsilon: 0.1
2024-10-18 06:39:37.220: 73 q: 2.442517
2024-10-18 06:49:48.678: 74 test start:
2024-10-18 06:50:21.043: 74 avg_reward: 3147.0
2024-10-18 06:50:21.044: 74 avg_steps: 1674.25
2024-10-18 06:50:21.044: 74 epsilon: 0.1
2024-10-18 06:50:21.044: 74 q: 2.459654
2024-10-18 07:00:34.924: 75 test start:
2024-10-18 07:00:56.500: 75 avg_reward: 1637.0
2024-10-18 07:00:56.500: 75 avg_steps: 1140.8
2024-10-18 07:00:56.500: 75 epsilon: 0.1
2024-10-18 07:00:56.500: 75 q: 2.5090156
2024-10-18 07:11:15.020: 76 test start:
2024-10-18 07:11:43.103: 76 avg_reward: 1802.0
2024-10-18 07:11:43.103: 76 avg_steps: 1446.4
2024-10-18 07:11:43.103: 76 epsilon: 0.1
2024-10-18 07:11:43.103: 76 q: 2.548519
2024-10-18 07:21:41.831: 77 test start:
2024-10-18 07:22:09.411: 77 avg_reward: 2242.0
2024-10-18 07:22:09.411: 77 avg_steps: 1472.9
2024-10-18 07:22:09.411: 77 epsilon: 0.1
2024-10-18 07:22:09.411: 77 q: 2.596641
2024-10-18 07:32:46.547: 78 test start:
2024-10-18 07:33:25.670: 78 avg_reward: 4167.0
2024-10-18 07:33:25.670: 78 avg_steps: 2029.35
2024-10-18 07:33:25.670: 78 epsilon: 0.1
2024-10-18 07:33:25.670: 78 q: 2.6406107
2024-10-18 07:43:21.430: 79 test start:
2024-10-18 07:43:46.737: 79 avg_reward: 1952.0
2024-10-18 07:43:46.737: 79 avg_steps: 1299.9
2024-10-18 07:43:46.737: 79 epsilon: 0.1
2024-10-18 07:43:46.737: 79 q: 2.6079462
2024-10-18 07:54:15.839: 80 test start:
2024-10-18 07:54:52.187: 80 avg_reward: 2242.0
2024-10-18 07:54:52.187: 80 avg_steps: 1961.4
2024-10-18 07:54:52.187: 80 epsilon: 0.1
2024-10-18 07:54:52.187: 80 q: 2.585689
2024-10-18 08:05:00.202: 81 test start:
2024-10-18 08:05:31.727: 81 avg_reward: 1702.0
2024-10-18 08:05:31.727: 81 avg_steps: 1615.5
2024-10-18 08:05:31.727: 81 epsilon: 0.1
2024-10-18 08:05:31.727: 81 q: 2.5912678
2024-10-18 08:15:46.855: 82 test start:
2024-10-18 08:16:25.527: 82 avg_reward: 5302.0
2024-10-18 08:16:25.527: 82 avg_steps: 2072.6
2024-10-18 08:16:25.527: 82 epsilon: 0.1
2024-10-18 08:16:25.527: 82 q: 2.5334086
2024-10-18 08:26:44.060: 83 test start:
2024-10-18 08:27:10.391: 83 avg_reward: 2437.0
2024-10-18 08:27:10.391: 83 avg_steps: 1358.95
2024-10-18 08:27:10.391: 83 epsilon: 0.1
2024-10-18 08:27:10.391: 83 q: 2.5360346
2024-10-18 08:37:12.027: 84 test start:
2024-10-18 08:37:40.963: 84 avg_reward: 4182.0
2024-10-18 08:37:40.964: 84 avg_steps: 1548.05
2024-10-18 08:37:40.964: 84 epsilon: 0.1
2024-10-18 08:37:40.964: 84 q: 2.501202
2024-10-18 08:48:06.967: 85 test start:
2024-10-18 08:48:39.055: 85 avg_reward: 2062.0
2024-10-18 08:48:39.055: 85 avg_steps: 1663.85
2024-10-18 08:48:39.055: 85 epsilon: 0.1
2024-10-18 08:48:39.056: 85 q: 2.5512867
2024-10-18 08:58:36.644: 86 test start:
2024-10-18 08:59:08.036: 86 avg_reward: 5007.0
2024-10-18 08:59:08.036: 86 avg_steps: 1758.8
2024-10-18 08:59:08.036: 86 epsilon: 0.1
2024-10-18 08:59:08.036: 86 q: 2.5706363
2024-10-18 09:09:28.328: 87 test start:
2024-10-18 09:09:56.776: 87 avg_reward: 3302.0
2024-10-18 09:09:56.776: 87 avg_steps: 1475.95
2024-10-18 09:09:56.777: 87 epsilon: 0.1
2024-10-18 09:09:56.777: 87 q: 2.5760906
2024-10-18 09:20:29.797: 88 test start:
2024-10-18 09:20:59.178: 88 avg_reward: 3497.0
2024-10-18 09:20:59.178: 88 avg_steps: 1541.5
2024-10-18 09:20:59.178: 88 epsilon: 0.1
2024-10-18 09:20:59.178: 88 q: 2.6094916
2024-10-18 09:31:25.913: 89 test start:
2024-10-18 09:31:55.909: 89 avg_reward: 3727.0
2024-10-18 09:31:55.909: 89 avg_steps: 1622.5
2024-10-18 09:31:55.909: 89 epsilon: 0.1
2024-10-18 09:31:55.909: 89 q: 2.5637205
2024-10-18 09:42:31.333: 90 test start:
2024-10-18 09:43:09.601: 90 avg_reward: 7077.0
2024-10-18 09:43:09.601: 90 avg_steps: 2048.15
2024-10-18 09:43:09.601: 90 epsilon: 0.1
2024-10-18 09:43:09.601: 90 q: 2.5883427
2024-10-18 09:53:40.124: 91 test start:
2024-10-18 09:54:07.128: 91 avg_reward: 2082.0
2024-10-18 09:54:07.128: 91 avg_steps: 1403.85
2024-10-18 09:54:07.128: 91 epsilon: 0.1
2024-10-18 09:54:07.128: 91 q: 2.6134508
2024-10-18 10:04:38.178: 92 test start:
2024-10-18 10:05:06.942: 92 avg_reward: 3037.0
2024-10-18 10:05:06.942: 92 avg_steps: 1476.1
2024-10-18 10:05:06.942: 92 epsilon: 0.1
2024-10-18 10:05:06.942: 92 q: 2.6127732
2024-10-18 10:15:35.559: 93 test start:
2024-10-18 10:16:02.943: 93 avg_reward: 2462.0
2024-10-18 10:16:02.943: 93 avg_steps: 1408.7
2024-10-18 10:16:02.943: 93 epsilon: 0.1
2024-10-18 10:16:02.943: 93 q: 2.5708158
2024-10-18 10:26:36.874: 94 test start:
2024-10-18 10:27:12.891: 94 avg_reward: 4077.0
2024-10-18 10:27:12.891: 94 avg_steps: 1854.45
2024-10-18 10:27:12.892: 94 epsilon: 0.1
2024-10-18 10:27:12.892: 94 q: 2.6016765
2024-10-18 10:37:43.529: 95 test start:
2024-10-18 10:38:08.996: 95 avg_reward: 3347.0
2024-10-18 10:38:08.997: 95 avg_steps: 1308.25
2024-10-18 10:38:08.997: 95 epsilon: 0.1
2024-10-18 10:38:08.997: 95 q: 2.5850945
2024-10-18 10:48:37.668: 96 test start:
2024-10-18 10:49:18.234: 96 avg_reward: 4732.0
2024-10-18 10:49:18.235: 96 avg_steps: 2073.3
2024-10-18 10:49:18.235: 96 epsilon: 0.1
2024-10-18 10:49:18.235: 96 q: 2.5700488
2024-10-18 10:59:51.835: 97 test start:
2024-10-18 11:00:18.090: 97 avg_reward: 2302.0
2024-10-18 11:00:18.091: 97 avg_steps: 1344.35
2024-10-18 11:00:18.091: 97 epsilon: 0.1
2024-10-18 11:00:18.091: 97 q: 2.5403123
2024-10-18 11:10:49.993: 98 test start:
2024-10-18 11:11:14.119: 98 avg_reward: 2302.0
2024-10-18 11:11:14.119: 98 avg_steps: 1241.55
2024-10-18 11:11:14.119: 98 epsilon: 0.1
2024-10-18 11:11:14.119: 98 q: 2.5581777
2024-10-18 11:21:41.073: 99 test start:
2024-10-18 11:22:10.689: 99 avg_reward: 4497.0
2024-10-18 11:22:10.689: 99 avg_steps: 1511.3
2024-10-18 11:22:10.689: 99 epsilon: 0.1
2024-10-18 11:22:10.689: 99 q: 2.551174
2024-10-18 11:32:45.104: 100 test start:
2024-10-18 11:33:17.810: 100 avg_reward: 5007.0
2024-10-18 11:33:17.810: 100 avg_steps: 1667.1
2024-10-18 11:33:17.811: 100 epsilon: 0.1
2024-10-18 11:33:17.811: 100 q: 2.5069363
2024-10-18 11:43:49.896: 101 test start:
2024-10-18 11:44:17.096: 101 avg_reward: 3362.0
2024-10-18 11:44:17.097: 101 avg_steps: 1390.25
2024-10-18 11:44:17.097: 101 epsilon: 0.1
2024-10-18 11:44:17.097: 101 q: 2.5907667
2024-10-18 11:54:46.672: 102 test start:
2024-10-18 11:55:20.806: 102 avg_reward: 4982.0
2024-10-18 11:55:20.806: 102 avg_steps: 1754.2
2024-10-18 11:55:20.806: 102 epsilon: 0.1
2024-10-18 11:55:20.806: 102 q: 2.5654213
2024-10-18 12:05:49.842: 103 test start:
2024-10-18 12:06:26.100: 103 avg_reward: 4507.0
2024-10-18 12:06:26.100: 103 avg_steps: 1862.95
2024-10-18 12:06:26.101: 103 epsilon: 0.1
2024-10-18 12:06:26.101: 103 q: 2.5973134
2024-10-18 12:17:00.702: 104 test start:
2024-10-18 12:17:39.100: 104 avg_reward: 6987.0
2024-10-18 12:17:39.101: 104 avg_steps: 1979.6
2024-10-18 12:17:39.101: 104 epsilon: 0.1
2024-10-18 12:17:39.101: 104 q: 2.5666947
2024-10-18 12:28:08.584: 105 test start:
2024-10-18 12:28:41.654: 105 avg_reward: 5312.0
2024-10-18 12:28:41.654: 105 avg_steps: 1695.8
2024-10-18 12:28:41.654: 105 epsilon: 0.1
2024-10-18 12:28:41.654: 105 q: 2.6088047
2024-10-18 12:39:14.748: 106 test start:
2024-10-18 12:39:47.888: 106 avg_reward: 4267.0
2024-10-18 12:39:47.888: 106 avg_steps: 1698.8
2024-10-18 12:39:47.888: 106 epsilon: 0.1
2024-10-18 12:39:47.888: 106 q: 2.6252723
2024-10-18 12:50:15.964: 107 test start:
2024-10-18 12:50:47.767: 107 avg_reward: 4007.0
2024-10-18 12:50:47.767: 107 avg_steps: 1627.25
2024-10-18 12:50:47.767: 107 epsilon: 0.1
2024-10-18 12:50:47.767: 107 q: 2.633668
2024-10-18 13:01:20.061: 108 test start:
2024-10-18 13:01:57.883: 108 avg_reward: 6352.0
2024-10-18 13:01:57.883: 108 avg_steps: 1939.15
2024-10-18 13:01:57.883: 108 epsilon: 0.1
2024-10-18 13:01:57.883: 108 q: 2.684759
2024-10-18 13:12:30.741: 109 test start:
2024-10-18 13:12:57.758: 109 avg_reward: 2707.0
2024-10-18 13:12:57.758: 109 avg_steps: 1393.45
2024-10-18 13:12:57.758: 109 epsilon: 0.1
2024-10-18 13:12:57.758: 109 q: 2.738353
2024-10-18 13:23:26.316: 110 test start:
2024-10-18 13:24:01.722: 110 avg_reward: 6677.0
2024-10-18 13:24:01.722: 110 avg_steps: 1846.6
2024-10-18 13:24:01.722: 110 epsilon: 0.1
2024-10-18 13:24:01.722: 110 q: 2.7568784
2024-10-18 13:34:33.319: 111 test start:
2024-10-18 13:34:58.412: 111 avg_reward: 3272.0
2024-10-18 13:34:58.412: 111 avg_steps: 1327.2
2024-10-18 13:34:58.417: 111 epsilon: 0.1
2024-10-18 13:34:58.417: 111 q: 2.7237217
2024-10-18 13:45:32.017: 112 test start:
2024-10-18 13:46:06.970: 112 avg_reward: 5107.0
2024-10-18 13:46:06.970: 112 avg_steps: 1838.7
2024-10-18 13:46:06.970: 112 epsilon: 0.1
2024-10-18 13:46:06.970: 112 q: 2.7140474
2024-10-18 13:56:39.691: 113 test start:
2024-10-18 13:57:13.869: 113 avg_reward: 6207.0
2024-10-18 13:57:13.870: 113 avg_steps: 1762.75
2024-10-18 13:57:13.870: 113 epsilon: 0.1
2024-10-18 13:57:13.870: 113 q: 2.71294
2024-10-18 14:07:49.806: 114 test start:
2024-10-18 14:08:33.816: 114 avg_reward: 1637.0
2024-10-18 14:08:33.816: 114 avg_steps: 2242.2
2024-10-18 14:08:33.816: 114 epsilon: 0.1
2024-10-18 14:08:33.816: 114 q: 2.7025049
2024-10-18 14:18:57.797: 115 test start:
2024-10-18 14:19:34.835: 115 avg_reward: 5292.0
2024-10-18 14:19:34.835: 115 avg_steps: 1911.65
2024-10-18 14:19:34.835: 115 epsilon: 0.1
2024-10-18 14:19:34.835: 115 q: 2.668643
2024-10-18 14:30:15.287: 116 test start:
2024-10-18 14:30:47.886: 116 avg_reward: 3562.0
2024-10-18 14:30:47.887: 116 avg_steps: 1666.35
2024-10-18 14:30:47.887: 116 epsilon: 0.1
2024-10-18 14:30:47.887: 116 q: 2.6183736
2024-10-18 14:41:37.795: 117 test start:
2024-10-18 14:42:08.562: 117 avg_reward: 4122.0
2024-10-18 14:42:08.563: 117 avg_steps: 1548.1
2024-10-18 14:42:08.563: 117 epsilon: 0.1
2024-10-18 14:42:08.563: 117 q: 2.6350615
2024-10-18 14:52:56.019: 118 test start:
2024-10-18 14:53:37.188: 118 avg_reward: 7817.0
2024-10-18 14:53:37.188: 118 avg_steps: 2093.0
2024-10-18 14:53:37.188: 118 epsilon: 0.1
2024-10-18 14:53:37.188: 118 q: 2.6672544
2024-10-18 15:04:24.260: 119 test start:
2024-10-18 15:04:58.305: 119 avg_reward: 7442.0
2024-10-18 15:04:58.305: 119 avg_steps: 1743.8
2024-10-18 15:04:58.305: 119 epsilon: 0.1
2024-10-18 15:04:58.305: 119 q: 2.689497
2024-10-18 15:15:40.573: 120 test start:
2024-10-18 15:16:14.776: 120 avg_reward: 6847.0
2024-10-18 15:16:14.777: 120 avg_steps: 1759.85
2024-10-18 15:16:14.777: 120 epsilon: 0.1
2024-10-18 15:16:14.777: 120 q: 2.7309523
2024-10-18 15:26:45.206: 121 test start:
2024-10-18 15:27:21.731: 121 avg_reward: 6562.0
2024-10-18 15:27:21.731: 121 avg_steps: 1907.05
2024-10-18 15:27:21.731: 121 epsilon: 0.1
2024-10-18 15:27:21.731: 121 q: 2.6839404
2024-10-18 15:37:58.836: 122 test start:
2024-10-18 15:38:31.953: 122 avg_reward: 3482.0
2024-10-18 15:38:31.953: 122 avg_steps: 1729.45
2024-10-18 15:38:31.953: 122 epsilon: 0.1
2024-10-18 15:38:31.953: 122 q: 2.687801
2024-10-18 15:49:11.793: 123 test start:
2024-10-18 15:49:49.623: 123 avg_reward: 6967.0
2024-10-18 15:49:49.624: 123 avg_steps: 1969.5
2024-10-18 15:49:49.624: 123 epsilon: 0.1
2024-10-18 15:49:49.624: 123 q: 2.6238425
2024-10-18 16:00:20.994: 124 test start:
2024-10-18 16:00:58.401: 124 avg_reward: 7537.0
2024-10-18 16:00:58.401: 124 avg_steps: 1901.45
2024-10-18 16:00:58.401: 124 epsilon: 0.1
2024-10-18 16:00:58.401: 124 q: 2.6246684
2024-10-18 16:11:46.246: 125 test start:
2024-10-18 16:12:18.808: 125 avg_reward: 2367.0
2024-10-18 16:12:18.808: 125 avg_steps: 1674.8
2024-10-18 16:12:18.808: 125 epsilon: 0.1
2024-10-18 16:12:18.808: 125 q: 2.615627
2024-10-18 16:23:16.024: 126 test start:
2024-10-18 16:23:49.787: 126 avg_reward: 3237.0
2024-10-18 16:23:49.787: 126 avg_steps: 1715.95
2024-10-18 16:23:49.787: 126 epsilon: 0.1
2024-10-18 16:23:49.787: 126 q: 2.6216714
2024-10-18 16:34:43.692: 127 test start:
2024-10-18 16:35:14.444: 127 avg_reward: 4902.0
2024-10-18 16:35:14.444: 127 avg_steps: 1589.6
2024-10-18 16:35:14.444: 127 epsilon: 0.1
2024-10-18 16:35:14.444: 127 q: 2.6354306
2024-10-18 16:46:12.371: 128 test start:
2024-10-18 16:46:42.349: 128 avg_reward: 4707.0
2024-10-18 16:46:42.349: 128 avg_steps: 1514.75
2024-10-18 16:46:42.349: 128 epsilon: 0.1
2024-10-18 16:46:42.349: 128 q: 2.6061847
2024-10-18 16:57:40.212: 129 test start:
2024-10-18 16:58:02.784: 129 avg_reward: 2852.0
2024-10-18 16:58:02.784: 129 avg_steps: 1149.35
2024-10-18 16:58:02.784: 129 epsilon: 0.1
2024-10-18 16:58:02.784: 129 q: 2.638547
2024-10-18 17:09:04.510: 130 test start:
2024-10-18 17:09:39.704: 130 avg_reward: 4037.0
2024-10-18 17:09:39.705: 130 avg_steps: 1774.3
2024-10-18 17:09:39.705: 130 epsilon: 0.1
2024-10-18 17:09:39.705: 130 q: 2.6378946
2024-10-18 17:20:38.647: 131 test start:
2024-10-18 17:21:02.941: 131 avg_reward: 2072.0
2024-10-18 17:21:02.941: 131 avg_steps: 1221.3
2024-10-18 17:21:02.941: 131 epsilon: 0.1
2024-10-18 17:21:02.941: 131 q: 2.5999634
2024-10-18 17:31:57.959: 132 test start:
2024-10-18 17:32:36.051: 132 avg_reward: 5762.0
2024-10-18 17:32:36.052: 132 avg_steps: 1939.9
2024-10-18 17:32:36.052: 132 epsilon: 0.1
2024-10-18 17:32:36.052: 132 q: 2.6774473
2024-10-18 17:43:30.110: 133 test start:
2024-10-18 17:44:08.456: 133 avg_reward: 8202.0
2024-10-18 17:44:08.456: 133 avg_steps: 1971.15
2024-10-18 17:44:08.456: 133 epsilon: 0.1
2024-10-18 17:44:08.456: 133 q: 2.6146016
2024-10-18 17:55:00.418: 134 test start:
2024-10-18 17:55:34.136: 134 avg_reward: 4972.0
2024-10-18 17:55:34.136: 134 avg_steps: 1720.0
2024-10-18 17:55:34.136: 134 epsilon: 0.1
2024-10-18 17:55:34.136: 134 q: 2.6305528
2024-10-18 18:06:25.520: 135 test start:
2024-10-18 18:06:57.869: 135 avg_reward: 4772.0
2024-10-18 18:06:57.870: 135 avg_steps: 1650.25
2024-10-18 18:06:57.870: 135 epsilon: 0.1
2024-10-18 18:06:57.870: 135 q: 2.6513584
2024-10-18 18:17:53.164: 136 test start:
2024-10-18 18:18:25.950: 136 avg_reward: 6837.0
2024-10-18 18:18:25.950: 136 avg_steps: 1679.7
2024-10-18 18:18:25.950: 136 epsilon: 0.1
2024-10-18 18:18:25.950: 136 q: 2.6874092
2024-10-18 18:29:17.469: 137 test start:
2024-10-18 18:29:55.433: 137 avg_reward: 8432.0
2024-10-18 18:29:55.433: 137 avg_steps: 1922.25
2024-10-18 18:29:55.433: 137 epsilon: 0.1
2024-10-18 18:29:55.433: 137 q: 2.650888
2024-10-18 18:40:55.904: 138 test start:
2024-10-18 18:41:28.478: 138 avg_reward: 6487.0
2024-10-18 18:41:28.478: 138 avg_steps: 1650.3
2024-10-18 18:41:28.478: 138 epsilon: 0.1
2024-10-18 18:41:28.478: 138 q: 2.668144
2024-10-18 18:52:24.672: 139 test start:
2024-10-18 18:52:47.334: 139 avg_reward: 1812.0
2024-10-18 18:52:47.334: 139 avg_steps: 1142.6
2024-10-18 18:52:47.334: 139 epsilon: 0.1
2024-10-18 18:52:47.334: 139 q: 2.6927042
2024-10-18 19:03:42.743: 140 test start:
2024-10-18 19:04:18.135: 140 avg_reward: 6737.0
2024-10-18 19:04:18.135: 140 avg_steps: 1785.25
2024-10-18 19:04:18.135: 140 epsilon: 0.1
2024-10-18 19:04:18.135: 140 q: 2.7363803
2024-10-18 19:15:11.689: 141 test start:
2024-10-18 19:15:45.515: 141 avg_reward: 5342.0
2024-10-18 19:15:45.515: 141 avg_steps: 1716.55
2024-10-18 19:15:45.515: 141 epsilon: 0.1
2024-10-18 19:15:45.515: 141 q: 2.7676587
2024-10-18 19:26:42.658: 142 test start:
2024-10-18 19:27:20.195: 142 avg_reward: 7157.0
2024-10-18 19:27:20.196: 142 avg_steps: 1889.65
2024-10-18 19:27:20.196: 142 epsilon: 0.1
2024-10-18 19:27:20.196: 142 q: 2.7563233
2024-10-18 19:38:13.138: 143 test start:
2024-10-18 19:38:50.001: 143 avg_reward: 4457.0
2024-10-18 19:38:50.001: 143 avg_steps: 1893.4
2024-10-18 19:38:50.001: 143 epsilon: 0.1
2024-10-18 19:38:50.001: 143 q: 2.6847265
2024-10-18 19:49:41.061: 144 test start:
2024-10-18 19:50:20.718: 144 avg_reward: 3242.0
2024-10-18 19:50:20.719: 144 avg_steps: 1987.5
2024-10-18 19:50:20.719: 144 epsilon: 0.1
2024-10-18 19:50:20.719: 144 q: 2.706849
2024-10-18 20:01:11.840: 145 test start:
2024-10-18 20:01:44.931: 145 avg_reward: 6272.0
2024-10-18 20:01:44.932: 145 avg_steps: 1653.9
2024-10-18 20:01:44.932: 145 epsilon: 0.1
2024-10-18 20:01:44.932: 145 q: 2.6739612
2024-10-18 20:12:32.221: 146 test start:
2024-10-18 20:13:03.861: 146 avg_reward: 3997.0
2024-10-18 20:13:03.861: 146 avg_steps: 1606.8
2024-10-18 20:13:03.861: 146 epsilon: 0.1
2024-10-18 20:13:03.861: 146 q: 2.6497765
2024-10-18 20:22:55.528: 147 test start:
2024-10-18 20:23:21.788: 147 avg_reward: 3982.0
2024-10-18 20:23:21.788: 147 avg_steps: 1483.75
2024-10-18 20:23:21.788: 147 epsilon: 0.1
2024-10-18 20:23:21.788: 147 q: 2.6465545
2024-10-18 20:32:48.559: 148 test start:
2024-10-18 20:33:22.192: 148 avg_reward: 3537.0
2024-10-18 20:33:22.192: 148 avg_steps: 1886.85
2024-10-18 20:33:22.192: 148 epsilon: 0.1
2024-10-18 20:33:22.192: 148 q: 2.6180093
2024-10-18 20:42:53.928: 149 test start:
2024-10-18 20:43:15.159: 149 avg_reward: 2167.0
2024-10-18 20:43:15.159: 149 avg_steps: 1198.3
2024-10-18 20:43:15.159: 149 epsilon: 0.1
2024-10-18 20:43:15.159: 149 q: 2.6262505
2024-10-18 20:52:51.547: 150 test start:
2024-10-18 20:53:15.481: 150 avg_reward: 2392.0
2024-10-18 20:53:15.481: 150 avg_steps: 1403.15
2024-10-18 20:53:15.481: 150 epsilon: 0.1
2024-10-18 20:53:15.481: 150 q: 2.5965106
2024-10-18 21:02:56.754: 151 test start:
2024-10-18 21:03:27.003: 151 avg_reward: 6997.0
2024-10-18 21:03:27.003: 151 avg_steps: 1775.1
2024-10-18 21:03:27.009: 151 epsilon: 0.1
2024-10-18 21:03:27.009: 151 q: 2.5984628
2024-10-18 21:13:00.543: 152 test start:
2024-10-18 21:13:32.511: 152 avg_reward: 6592.0
2024-10-18 21:13:32.511: 152 avg_steps: 1897.75
2024-10-18 21:13:32.511: 152 epsilon: 0.1
2024-10-18 21:13:32.511: 152 q: 2.5608072
2024-10-18 21:23:13.604: 153 test start:
2024-10-18 21:23:42.540: 153 avg_reward: 6452.0
2024-10-18 21:23:42.540: 153 avg_steps: 1697.15
2024-10-18 21:23:42.540: 153 epsilon: 0.1
2024-10-18 21:23:42.540: 153 q: 2.5614288
2024-10-18 21:33:12.442: 154 test start:
2024-10-18 21:33:41.901: 154 avg_reward: 4332.0
2024-10-18 21:33:41.901: 154 avg_steps: 1666.4
2024-10-18 21:33:41.901: 154 epsilon: 0.1
2024-10-18 21:33:41.901: 154 q: 2.5478423
2024-10-18 21:43:12.662: 155 test start:
2024-10-18 21:43:45.313: 155 avg_reward: 6882.0
2024-10-18 21:43:45.313: 155 avg_steps: 1866.1
2024-10-18 21:43:45.313: 155 epsilon: 0.1
2024-10-18 21:43:45.313: 155 q: 2.5333867
2024-10-18 21:53:13.844: 156 test start:
2024-10-18 21:53:41.286: 156 avg_reward: 4697.0
2024-10-18 21:53:41.286: 156 avg_steps: 1568.95
2024-10-18 21:53:41.286: 156 epsilon: 0.1
2024-10-18 21:53:41.286: 156 q: 2.5135055
2024-10-18 22:03:12.302: 157 test start:
2024-10-18 22:03:50.193: 157 avg_reward: 12087.0
2024-10-18 22:03:50.193: 157 avg_steps: 2204.85
2024-10-18 22:03:50.193: 157 epsilon: 0.1
2024-10-18 22:03:50.193: 157 q: 2.575224
2024-10-18 22:13:06.467: 158 test start:
2024-10-18 22:13:38.361: 158 avg_reward: 7297.0
2024-10-18 22:13:38.361: 158 avg_steps: 1852.2
2024-10-18 22:13:38.361: 158 epsilon: 0.1
2024-10-18 22:13:38.361: 158 q: 2.5777085
2024-10-18 22:22:54.033: 159 test start:
2024-10-18 22:23:35.656: 159 avg_reward: 12592.0
2024-10-18 22:23:35.656: 159 avg_steps: 2405.3
2024-10-18 22:23:35.656: 159 epsilon: 0.1
2024-10-18 22:23:35.657: 159 q: 2.6100333
2024-10-18 22:32:51.863: 160 test start:
2024-10-18 22:33:22.743: 160 avg_reward: 5197.0
2024-10-18 22:33:22.744: 160 avg_steps: 1780.0
2024-10-18 22:33:22.744: 160 epsilon: 0.1
2024-10-18 22:33:22.744: 160 q: 2.6440454
2024-10-18 22:42:32.060: 161 test start:
2024-10-18 22:43:03.614: 161 avg_reward: 5512.0
2024-10-18 22:43:03.614: 161 avg_steps: 1870.6
2024-10-18 22:43:03.615: 161 epsilon: 0.1
2024-10-18 22:43:03.615: 161 q: 2.6763878
2024-10-18 22:52:09.621: 162 test start:
2024-10-18 22:52:42.101: 162 avg_reward: 6662.0
2024-10-18 22:52:42.101: 162 avg_steps: 1876.25
2024-10-18 22:52:42.101: 162 epsilon: 0.1
2024-10-18 22:52:42.101: 162 q: 2.7260525
2024-10-18 23:01:47.638: 163 test start:
2024-10-18 23:02:21.342: 163 avg_reward: 8542.0
2024-10-18 23:02:21.342: 163 avg_steps: 1924.05
2024-10-18 23:02:21.348: 163 epsilon: 0.1
2024-10-18 23:02:21.348: 163 q: 2.728422
2024-10-18 23:11:30.380: 164 test start:
2024-10-18 23:11:57.715: 164 avg_reward: 5157.0
2024-10-18 23:11:57.715: 164 avg_steps: 1563.45
2024-10-18 23:11:57.715: 164 epsilon: 0.1
2024-10-18 23:11:57.715: 164 q: 2.7740543
2024-10-18 23:21:14.792: 165 test start:
2024-10-18 23:21:53.219: 165 avg_reward: 5182.0
2024-10-18 23:21:53.219: 165 avg_steps: 2203.1
2024-10-18 23:21:53.225: 165 epsilon: 0.1
2024-10-18 23:21:53.225: 165 q: 2.7750068
2024-10-18 23:31:15.655: 166 test start:
2024-10-18 23:31:54.989: 166 avg_reward: 11577.0
2024-10-18 23:31:54.990: 166 avg_steps: 2261.85
2024-10-18 23:31:54.990: 166 epsilon: 0.1
2024-10-18 23:31:54.990: 166 q: 2.7200074
2024-10-18 23:41:12.009: 167 test start:
2024-10-18 23:41:45.684: 167 avg_reward: 8212.0
2024-10-18 23:41:45.684: 167 avg_steps: 1942.8
2024-10-18 23:41:45.684: 167 epsilon: 0.1
2024-10-18 23:41:45.684: 167 q: 2.7802162
2024-10-18 23:50:41.539: 168 test start:
2024-10-18 23:51:17.315: 168 avg_reward: 8272.0
2024-10-18 23:51:17.315: 168 avg_steps: 2046.9
2024-10-18 23:51:17.315: 168 epsilon: 0.1
2024-10-18 23:51:17.315: 168 q: 2.6964629
2024-10-19 00:00:23.859: 169 test start:
2024-10-19 00:00:58.550: 169 avg_reward: 7942.0
2024-10-19 00:00:58.550: 169 avg_steps: 1988.85
2024-10-19 00:00:58.550: 169 epsilon: 0.1
2024-10-19 00:00:58.550: 169 q: 2.71295
2024-10-19 00:10:00.253: 170 test start:
2024-10-19 00:10:33.770: 170 avg_reward: 9502.0
2024-10-19 00:10:33.770: 170 avg_steps: 1936.4
2024-10-19 00:10:33.770: 170 epsilon: 0.1
2024-10-19 00:10:33.770: 170 q: 2.7058492
2024-10-19 00:19:44.558: 171 test start:
2024-10-19 00:20:20.682: 171 avg_reward: 7542.0
2024-10-19 00:20:20.683: 171 avg_steps: 2087.95
2024-10-19 00:20:20.683: 171 epsilon: 0.1
2024-10-19 00:20:20.683: 171 q: 2.7186568
2024-10-19 00:29:25.100: 172 test start:
2024-10-19 00:29:53.535: 172 avg_reward: 6137.0
2024-10-19 00:29:53.535: 172 avg_steps: 1629.45
2024-10-19 00:29:53.540: 172 epsilon: 0.1
2024-10-19 00:29:53.540: 172 q: 2.7195835
2024-10-19 00:38:55.138: 173 test start:
2024-10-19 00:39:19.273: 173 avg_reward: 3912.0
2024-10-19 00:39:19.273: 173 avg_steps: 1435.3
2024-10-19 00:39:19.273: 173 epsilon: 0.1
2024-10-19 00:39:19.273: 173 q: 2.719363
2024-10-19 00:48:21.999: 174 test start:
2024-10-19 00:48:58.218: 174 avg_reward: 9287.0
2024-10-19 00:48:58.218: 174 avg_steps: 2142.3
2024-10-19 00:48:58.218: 174 epsilon: 0.1
2024-10-19 00:48:58.219: 174 q: 2.735181
2024-10-19 00:58:07.083: 175 test start:
2024-10-19 00:58:31.735: 175 avg_reward: 2742.0
2024-10-19 00:58:31.736: 175 avg_steps: 1462.85
2024-10-19 00:58:31.736: 175 epsilon: 0.1
2024-10-19 00:58:31.736: 175 q: 2.6962042
2024-10-19 01:07:43.511: 176 test start:
2024-10-19 01:08:11.765: 176 avg_reward: 6262.0
2024-10-19 01:08:11.765: 176 avg_steps: 1635.85
2024-10-19 01:08:11.765: 176 epsilon: 0.1
2024-10-19 01:08:11.765: 176 q: 2.6577976
2024-10-19 01:17:19.780: 177 test start:
2024-10-19 01:17:51.285: 177 avg_reward: 5142.0
2024-10-19 01:17:51.285: 177 avg_steps: 1823.2
2024-10-19 01:17:51.285: 177 epsilon: 0.1
2024-10-19 01:17:51.285: 177 q: 2.6634376
2024-10-19 01:27:05.694: 178 test start:
2024-10-19 01:27:27.440: 178 avg_reward: 3337.0
2024-10-19 01:27:27.440: 178 avg_steps: 1261.85
2024-10-19 01:27:27.440: 178 epsilon: 0.1
2024-10-19 01:27:27.440: 178 q: 2.6594443
2024-10-19 01:36:15.686: 179 test start:
2024-10-19 01:36:46.819: 179 avg_reward: 7252.0
2024-10-19 01:36:46.820: 179 avg_steps: 1836.15
2024-10-19 01:36:46.820: 179 epsilon: 0.1
2024-10-19 01:36:46.820: 179 q: 2.6750982
2024-10-19 01:45:53.402: 180 test start:
2024-10-19 01:46:24.323: 180 avg_reward: 7622.0
2024-10-19 01:46:24.323: 180 avg_steps: 1850.7
2024-10-19 01:46:24.323: 180 epsilon: 0.1
2024-10-19 01:46:24.323: 180 q: 2.674667
2024-10-19 01:55:13.610: 181 test start:
2024-10-19 01:55:47.350: 181 avg_reward: 10362.0
2024-10-19 01:55:47.351: 181 avg_steps: 1934.75
2024-10-19 01:55:47.351: 181 epsilon: 0.1
2024-10-19 01:55:47.351: 181 q: 2.6753583
2024-10-19 02:04:46.471: 182 test start:
2024-10-19 02:05:20.227: 182 avg_reward: 6877.0
2024-10-19 02:05:20.227: 182 avg_steps: 1929.35
2024-10-19 02:05:20.227: 182 epsilon: 0.1
2024-10-19 02:05:20.227: 182 q: 2.6772738
2024-10-19 02:14:22.821: 183 test start:
2024-10-19 02:14:47.936: 183 avg_reward: 4652.0
2024-10-19 02:14:47.937: 183 avg_steps: 1627.5
2024-10-19 02:14:47.937: 183 epsilon: 0.1
2024-10-19 02:14:47.937: 183 q: 2.723918
2024-10-19 02:22:34.149: 184 test start:
2024-10-19 02:23:02.013: 184 avg_reward: 3987.0
2024-10-19 02:23:02.013: 184 avg_steps: 1748.6
2024-10-19 02:23:02.013: 184 epsilon: 0.1
2024-10-19 02:23:02.013: 184 q: 2.6814966
2024-10-19 02:31:15.250: 185 test start:
2024-10-19 02:31:47.254: 185 avg_reward: 8492.0
2024-10-19 02:31:47.255: 185 avg_steps: 2017.4
2024-10-19 02:31:47.255: 185 epsilon: 0.1
2024-10-19 02:31:47.255: 185 q: 2.671073
2024-10-19 02:40:06.031: 186 test start:
2024-10-19 02:40:35.380: 186 avg_reward: 7797.0
2024-10-19 02:40:35.381: 186 avg_steps: 1860.3
2024-10-19 02:40:35.381: 186 epsilon: 0.1
2024-10-19 02:40:35.381: 186 q: 2.6442738
2024-10-19 02:48:43.823: 187 test start:
2024-10-19 02:49:24.355: 187 avg_reward: 12802.0
2024-10-19 02:49:24.355: 187 avg_steps: 2548.05
2024-10-19 02:49:24.355: 187 epsilon: 0.1
2024-10-19 02:49:24.355: 187 q: 2.6292927
2024-10-19 02:57:30.696: 188 test start:
2024-10-19 02:57:56.474: 188 avg_reward: 4357.0
2024-10-19 02:57:56.474: 188 avg_steps: 1618.85
2024-10-19 02:57:56.474: 188 epsilon: 0.1
2024-10-19 02:57:56.474: 188 q: 2.6394556
2024-10-19 03:06:06.683: 189 test start:
2024-10-19 03:06:41.520: 189 avg_reward: 11327.0
2024-10-19 03:06:41.520: 189 avg_steps: 2269.2
2024-10-19 03:06:41.520: 189 epsilon: 0.1
2024-10-19 03:06:41.520: 189 q: 2.5957735
2024-10-19 03:14:49.200: 190 test start:
2024-10-19 03:15:19.175: 190 avg_reward: 7382.0
2024-10-19 03:15:19.175: 190 avg_steps: 1904.55
2024-10-19 03:15:19.175: 190 epsilon: 0.1
2024-10-19 03:15:19.175: 190 q: 2.57988
2024-10-19 03:23:26.009: 191 test start:
2024-10-19 03:23:49.062: 191 avg_reward: 4877.0
2024-10-19 03:23:49.062: 191 avg_steps: 1459.35
2024-10-19 03:23:49.062: 191 epsilon: 0.1
2024-10-19 03:23:49.062: 191 q: 2.5786293
2024-10-19 03:31:52.188: 192 test start:
2024-10-19 03:32:23.238: 192 avg_reward: 8897.0
2024-10-19 03:32:23.239: 192 avg_steps: 1972.15
2024-10-19 03:32:23.239: 192 epsilon: 0.1
2024-10-19 03:32:23.239: 192 q: 2.5997036
2024-10-19 03:40:22.058: 193 test start:
2024-10-19 03:40:51.443: 193 avg_reward: 8902.0
2024-10-19 03:40:51.443: 193 avg_steps: 2039.5
2024-10-19 03:40:51.443: 193 epsilon: 0.1
2024-10-19 03:40:51.444: 193 q: 2.5690415
2024-10-19 03:48:15.714: 194 test start:
2024-10-19 03:48:44.363: 194 avg_reward: 9162.0
2024-10-19 03:48:44.363: 194 avg_steps: 2006.25
2024-10-19 03:48:44.363: 194 epsilon: 0.1
2024-10-19 03:48:44.363: 194 q: 2.5581753
2024-10-19 03:55:57.637: 195 test start:
2024-10-19 03:56:22.194: 195 avg_reward: 6592.0
2024-10-19 03:56:22.195: 195 avg_steps: 1749.4
2024-10-19 03:56:22.195: 195 epsilon: 0.1
2024-10-19 03:56:22.195: 195 q: 2.5754828
2024-10-19 04:03:27.279: 196 test start:
2024-10-19 04:03:54.383: 196 avg_reward: 8102.0
2024-10-19 04:03:54.383: 196 avg_steps: 1875.1
2024-10-19 04:03:54.383: 196 epsilon: 0.1
2024-10-19 04:03:54.383: 196 q: 2.5386674
2024-10-19 04:11:14.426: 197 test start:
2024-10-19 04:11:38.119: 197 avg_reward: 6952.0
2024-10-19 04:11:38.119: 197 avg_steps: 1635.1
2024-10-19 04:11:38.119: 197 epsilon: 0.1
2024-10-19 04:11:38.119: 197 q: 2.5206847
2024-10-19 04:18:57.239: 198 test start:
2024-10-19 04:19:27.719: 198 avg_reward: 7557.0
2024-10-19 04:19:27.719: 198 avg_steps: 2092.95
2024-10-19 04:19:27.719: 198 epsilon: 0.1
2024-10-19 04:19:27.719: 198 q: 2.505312
2024-10-19 04:26:53.019: 199 test start:
2024-10-19 04:27:13.163: 199 avg_reward: 2382.0
2024-10-19 04:27:13.163: 199 avg_steps: 1371.4
2024-10-19 04:27:13.163: 199 epsilon: 0.1
2024-10-19 04:27:13.163: 199 q: 2.5019257
2024-10-19 04:34:34.512: 200 test start:
2024-10-19 04:35:01.211: 200 avg_reward: 7462.0
2024-10-19 04:35:01.211: 200 avg_steps: 1882.9
2024-10-19 04:35:01.212: 200 epsilon: 0.1
2024-10-19 04:35:01.212: 200 q: 2.5090487
