2024-05-01 10:28:12.872: 
parameters:agent_saving_period: 80000
agent_test_episodes: 20
batch_num_per_epoch: 100000
device: cuda:0
env_name: ALE/DoubleDunk-v5
epsilon_for_test: 0.05
epsilon_max: 1.0
epsilon_min: 0.1
exploration_steps: 1000000
gamma: 0.99
input_frame_height: 84
input_frame_width: 84
learning_rate: 1.0e-05
log_path: ../exps/dqn/
mini_batch_size: 32
no_op: 30
phi_channel: 4
replay_buffer_size: 200000
replay_start_size: 10000
save_path: ./exps/
skip_k_frame: 4
step_c: 10000
training_steps: 50000000

2024-05-01 10:45:37.679: 1 test start:
2024-05-01 10:47:00.777: 1 avg_reward: -21.0
2024-05-01 10:47:00.778: 1 avg_steps: 2104.85
2024-05-01 10:47:00.778: 1 epsilon: 0.9191682999999999
2024-05-01 11:10:02.442: 2 test start:
2024-05-01 11:11:25.380: 2 avg_reward: -21.0
2024-05-01 11:11:25.381: 2 avg_steps: 2154.8
2024-05-01 11:11:25.381: 2 epsilon: 0.8301349
2024-05-01 11:35:43.798: 3 test start:
2024-05-01 11:37:09.613: 3 avg_reward: -22.1
2024-05-01 11:37:09.614: 3 avg_steps: 2290.1
2024-05-01 11:37:09.614: 3 epsilon: 0.7416613
2024-05-01 12:01:25.675: 4 test start:
2024-05-01 12:02:43.325: 4 avg_reward: -21.0
2024-05-01 12:02:43.326: 4 avg_steps: 2090.1
2024-05-01 12:02:43.326: 4 epsilon: 0.6530940999999999
2024-05-01 12:27:16.660: 5 test start:
2024-05-01 12:28:22.433: 5 avg_reward: -20.8
2024-05-01 12:28:22.433: 5 avg_steps: 1751.15
2024-05-01 12:28:22.433: 5 epsilon: 0.5640993999999999
2024-05-01 12:52:50.068: 6 test start:
2024-05-01 12:53:52.852: 6 avg_reward: -20.2
2024-05-01 12:53:52.853: 6 avg_steps: 1638.95
2024-05-01 12:53:52.853: 6 epsilon: 0.4762693
2024-05-01 13:18:50.605: 7 test start:
2024-05-01 13:20:11.457: 7 avg_reward: -18.6
2024-05-01 13:20:11.457: 7 avg_steps: 2181.2
2024-05-01 13:20:11.457: 7 epsilon: 0.3867822999999999
2024-05-01 13:44:18.895: 8 test start:
2024-05-01 13:45:34.371: 8 avg_reward: -18.5
2024-05-01 13:45:34.371: 8 avg_steps: 1988.3
2024-05-01 13:45:34.371: 8 epsilon: 0.29950299999999996
2024-05-01 14:11:41.540: 9 test start:
2024-05-01 14:13:01.450: 9 avg_reward: -20.2
2024-05-01 14:13:01.450: 9 avg_steps: 2112.8
2024-05-01 14:13:01.450: 9 epsilon: 0.20984859999999994
2024-05-01 14:37:27.855: 10 test start:
2024-05-01 14:38:51.749: 10 avg_reward: -19.0
2024-05-01 14:38:51.750: 10 avg_steps: 2178.4
2024-05-01 14:38:51.750: 10 epsilon: 0.12232629999999989
2024-05-01 15:04:45.356: 11 test start:
2024-05-01 15:06:21.862: 11 avg_reward: -16.8
2024-05-01 15:06:21.862: 11 avg_steps: 2556.5
2024-05-01 15:06:21.862: 11 epsilon: 0.1
2024-05-01 15:32:58.403: 12 test start:
2024-05-01 15:34:28.382: 12 avg_reward: -18.2
2024-05-01 15:34:28.383: 12 avg_steps: 2331.35
2024-05-01 15:34:28.383: 12 epsilon: 0.1
2024-05-01 16:01:34.118: 13 test start:
2024-05-01 16:03:08.743: 13 avg_reward: -18.9
2024-05-01 16:03:08.743: 13 avg_steps: 2457.4
2024-05-01 16:03:08.743: 13 epsilon: 0.1
2024-05-01 16:29:54.454: 14 test start:
2024-05-01 16:31:32.755: 14 avg_reward: -18.0
2024-05-01 16:31:32.756: 14 avg_steps: 2587.5
2024-05-01 16:31:32.756: 14 epsilon: 0.1
2024-05-01 16:58:27.020: 15 test start:
2024-05-01 17:00:02.957: 15 avg_reward: -17.6
2024-05-01 17:00:02.958: 15 avg_steps: 2510.7
2024-05-01 17:00:02.958: 15 epsilon: 0.1
2024-05-01 17:27:44.915: 16 test start:
2024-05-01 17:29:13.657: 16 avg_reward: -16.2
2024-05-01 17:29:13.658: 16 avg_steps: 2223.75
2024-05-01 17:29:13.658: 16 epsilon: 0.1
2024-05-01 17:55:58.785: 17 test start:
2024-05-01 17:57:31.099: 17 avg_reward: -17.1
2024-05-01 17:57:31.100: 17 avg_steps: 2442.95
2024-05-01 17:57:31.100: 17 epsilon: 0.1
2024-05-01 18:24:54.199: 18 test start:
2024-05-01 18:26:17.024: 18 avg_reward: -18.6
2024-05-01 18:26:17.025: 18 avg_steps: 2109.7
2024-05-01 18:26:17.025: 18 epsilon: 0.1
2024-05-01 18:53:24.691: 19 test start:
2024-05-01 18:54:54.499: 19 avg_reward: -15.4
2024-05-01 18:54:54.500: 19 avg_steps: 2334.2
2024-05-01 18:54:54.500: 19 epsilon: 0.1
2024-05-01 19:21:46.565: 20 test start:
2024-05-01 19:23:23.202: 20 avg_reward: -16.5
2024-05-01 19:23:23.203: 20 avg_steps: 2605.8
2024-05-01 19:23:23.203: 20 epsilon: 0.1
2024-05-01 19:50:13.994: 21 test start:
2024-05-01 19:51:45.962: 21 avg_reward: -14.8
2024-05-01 19:51:45.963: 21 avg_steps: 2414.95
2024-05-01 19:51:45.963: 21 epsilon: 0.1
2024-05-01 20:18:58.209: 22 test start:
2024-05-01 20:20:29.430: 22 avg_reward: -17.4
2024-05-01 20:20:29.431: 22 avg_steps: 2382.75
2024-05-01 20:20:29.431: 22 epsilon: 0.1
2024-05-01 20:47:29.325: 23 test start:
2024-05-01 20:49:01.819: 23 avg_reward: -16.6
2024-05-01 20:49:01.819: 23 avg_steps: 2449.6
2024-05-01 20:49:01.820: 23 epsilon: 0.1
2024-05-01 21:15:27.293: 24 test start:
2024-05-01 21:16:57.853: 24 avg_reward: -19.4
2024-05-01 21:16:57.854: 24 avg_steps: 2456.4
2024-05-01 21:16:57.854: 24 epsilon: 0.1
2024-05-01 21:44:31.902: 25 test start:
2024-05-01 21:46:01.902: 25 avg_reward: -16.3
2024-05-01 21:46:01.902: 25 avg_steps: 2386.35
2024-05-01 21:46:01.902: 25 epsilon: 0.1
2024-05-01 22:12:49.545: 26 test start:
2024-05-01 22:14:12.912: 26 avg_reward: -17.8
2024-05-01 22:14:12.912: 26 avg_steps: 2242.45
2024-05-01 22:14:12.912: 26 epsilon: 0.1
2024-05-01 22:41:27.273: 27 test start:
2024-05-01 22:42:56.808: 27 avg_reward: -17.7
2024-05-01 22:42:56.809: 27 avg_steps: 2394.05
2024-05-01 22:42:56.809: 27 epsilon: 0.1
2024-05-01 23:06:41.634: 28 test start:
2024-05-01 23:08:00.126: 28 avg_reward: -18.6
2024-05-01 23:08:00.127: 28 avg_steps: 2151.6
2024-05-01 23:08:00.127: 28 epsilon: 0.1
2024-05-01 23:31:31.966: 29 test start:
2024-05-01 23:33:00.575: 29 avg_reward: -17.5
2024-05-01 23:33:00.576: 29 avg_steps: 2300.6
2024-05-01 23:33:00.576: 29 epsilon: 0.1
2024-05-01 23:57:43.251: 30 test start:
2024-05-01 23:59:03.974: 30 avg_reward: -16.9
2024-05-01 23:59:03.975: 30 avg_steps: 2109.55
2024-05-01 23:59:03.975: 30 epsilon: 0.1
2024-05-02 00:25:26.225: 31 test start:
2024-05-02 00:26:50.996: 31 avg_reward: -16.9
2024-05-02 00:26:50.996: 31 avg_steps: 2193.05
2024-05-02 00:26:50.996: 31 epsilon: 0.1
2024-05-02 00:53:25.667: 32 test start:
2024-05-02 00:54:59.631: 32 avg_reward: -15.6
2024-05-02 00:54:59.632: 32 avg_steps: 2447.2
2024-05-02 00:54:59.632: 32 epsilon: 0.1
2024-05-02 01:21:19.045: 33 test start:
2024-05-02 01:22:37.164: 33 avg_reward: -17.3
2024-05-02 01:22:37.164: 33 avg_steps: 2062.6
2024-05-02 01:22:37.164: 33 epsilon: 0.1
2024-05-02 01:49:28.770: 34 test start:
2024-05-02 01:50:40.191: 34 avg_reward: -20.3
2024-05-02 01:50:40.192: 34 avg_steps: 1809.85
2024-05-02 01:50:40.192: 34 epsilon: 0.1
2024-05-02 02:17:42.956: 35 test start:
2024-05-02 02:19:07.939: 35 avg_reward: -18.2
2024-05-02 02:19:07.940: 35 avg_steps: 2159.25
2024-05-02 02:19:07.940: 35 epsilon: 0.1
2024-05-02 02:46:10.924: 36 test start:
2024-05-02 02:47:25.975: 36 avg_reward: -17.5
2024-05-02 02:47:25.976: 36 avg_steps: 2037.25
2024-05-02 02:47:25.976: 36 epsilon: 0.1
2024-05-02 03:13:43.088: 37 test start:
2024-05-02 03:14:59.652: 37 avg_reward: -19.8
2024-05-02 03:14:59.652: 37 avg_steps: 2068.6
2024-05-02 03:14:59.652: 37 epsilon: 0.1
2024-05-02 03:41:40.998: 38 test start:
2024-05-02 03:42:56.021: 38 avg_reward: -18.8
2024-05-02 03:42:56.022: 38 avg_steps: 2065.35
2024-05-02 03:42:56.022: 38 epsilon: 0.1
2024-05-02 04:09:14.994: 39 test start:
2024-05-02 04:10:21.538: 39 avg_reward: -20.1
2024-05-02 04:10:21.538: 39 avg_steps: 1780.4
2024-05-02 04:10:21.538: 39 epsilon: 0.1
2024-05-02 04:36:45.472: 40 test start:
2024-05-02 04:38:00.997: 40 avg_reward: -19.0
2024-05-02 04:38:00.997: 40 avg_steps: 2052.2
2024-05-02 04:38:00.997: 40 epsilon: 0.1
2024-05-02 05:05:09.943: 41 test start:
2024-05-02 05:06:32.078: 41 avg_reward: -17.5
2024-05-02 05:06:32.079: 41 avg_steps: 2224.9
2024-05-02 05:06:32.079: 41 epsilon: 0.1
2024-05-02 05:32:36.725: 42 test start:
2024-05-02 05:33:57.206: 42 avg_reward: -16.2
2024-05-02 05:33:57.207: 42 avg_steps: 2123.1
2024-05-02 05:33:57.207: 42 epsilon: 0.1
2024-05-02 05:59:59.597: 43 test start:
2024-05-02 06:01:12.057: 43 avg_reward: -18.9
2024-05-02 06:01:12.057: 43 avg_steps: 1994.25
2024-05-02 06:01:12.057: 43 epsilon: 0.1
2024-05-02 06:27:05.775: 44 test start:
2024-05-02 06:28:15.172: 44 avg_reward: -19.1
2024-05-02 06:28:15.173: 44 avg_steps: 1901.2
2024-05-02 06:28:15.173: 44 epsilon: 0.1
2024-05-02 06:53:56.634: 45 test start:
2024-05-02 06:55:24.405: 45 avg_reward: -19.5
2024-05-02 06:55:24.406: 45 avg_steps: 2281.7
2024-05-02 06:55:24.406: 45 epsilon: 0.1
2024-05-02 07:21:48.083: 46 test start:
2024-05-02 07:23:11.032: 46 avg_reward: -17.0
2024-05-02 07:23:11.033: 46 avg_steps: 2252.05
2024-05-02 07:23:11.033: 46 epsilon: 0.1
2024-05-02 07:49:43.911: 47 test start:
2024-05-02 07:50:54.487: 47 avg_reward: -19.5
2024-05-02 07:50:54.488: 47 avg_steps: 1954.9
2024-05-02 07:50:54.488: 47 epsilon: 0.1
2024-05-02 08:17:25.983: 48 test start:
2024-05-02 08:18:48.335: 48 avg_reward: -17.7
2024-05-02 08:18:48.336: 48 avg_steps: 2283.9
2024-05-02 08:18:48.336: 48 epsilon: 0.1
2024-05-02 08:44:46.629: 49 test start:
2024-05-02 08:45:53.648: 49 avg_reward: -17.1
2024-05-02 08:45:53.649: 49 avg_steps: 1867.15
2024-05-02 08:45:53.649: 49 epsilon: 0.1
2024-05-02 09:11:26.905: 50 test start:
2024-05-02 09:12:36.902: 50 avg_reward: -18.3
2024-05-02 09:12:36.902: 50 avg_steps: 1838.35
2024-05-02 09:12:36.902: 50 epsilon: 0.1
2024-05-02 09:38:54.202: 51 test start:
2024-05-02 09:40:20.526: 51 avg_reward: -16.7
2024-05-02 09:40:20.527: 51 avg_steps: 2260.9
2024-05-02 09:40:20.527: 51 epsilon: 0.1
2024-05-02 10:02:00.824: 52 test start:
2024-05-02 10:03:17.923: 52 avg_reward: -16.8
2024-05-02 10:03:17.924: 52 avg_steps: 2206.7
2024-05-02 10:03:17.924: 52 epsilon: 0.1
2024-05-02 10:25:04.490: 53 test start:
2024-05-02 10:26:12.621: 53 avg_reward: -19.0
2024-05-02 10:26:12.621: 53 avg_steps: 1929.4
2024-05-02 10:26:12.621: 53 epsilon: 0.1
2024-05-02 10:47:53.256: 54 test start:
2024-05-02 10:49:17.561: 54 avg_reward: -18.0
2024-05-02 10:49:17.562: 54 avg_steps: 2265.3
2024-05-02 10:49:17.562: 54 epsilon: 0.1
2024-05-02 11:16:06.379: 55 test start:
2024-05-02 11:17:21.022: 55 avg_reward: -17.5
2024-05-02 11:17:21.023: 55 avg_steps: 1993.4
2024-05-02 11:17:21.023: 55 epsilon: 0.1
2024-05-02 11:41:00.192: 56 test start:
2024-05-02 11:42:08.331: 56 avg_reward: -19.0
2024-05-02 11:42:08.332: 56 avg_steps: 1824.4
2024-05-02 11:42:08.332: 56 epsilon: 0.1
2024-05-02 12:05:58.380: 57 test start:
2024-05-02 12:07:12.924: 57 avg_reward: -18.6
2024-05-02 12:07:12.925: 57 avg_steps: 1998.15
2024-05-02 12:07:12.925: 57 epsilon: 0.1
2024-05-02 12:34:31.780: 58 test start:
2024-05-02 12:35:57.243: 58 avg_reward: -17.4
2024-05-02 12:35:57.244: 58 avg_steps: 2089.35
2024-05-02 12:35:57.244: 58 epsilon: 0.1
2024-05-02 13:03:35.914: 59 test start:
2024-05-02 13:04:44.914: 59 avg_reward: -19.6
2024-05-02 13:04:44.914: 59 avg_steps: 1821.45
2024-05-02 13:04:44.914: 59 epsilon: 0.1
2024-05-02 13:30:28.573: 60 test start:
2024-05-02 13:31:49.156: 60 avg_reward: -19.3
2024-05-02 13:31:49.157: 60 avg_steps: 2038.95
2024-05-02 13:31:49.157: 60 epsilon: 0.1
2024-05-02 13:56:58.087: 61 test start:
2024-05-02 13:58:18.409: 61 avg_reward: -18.7
2024-05-02 13:58:18.409: 61 avg_steps: 2107.2
2024-05-02 13:58:18.409: 61 epsilon: 0.1
2024-05-02 14:24:05.898: 62 test start:
2024-05-02 14:25:18.753: 62 avg_reward: -18.5
2024-05-02 14:25:18.754: 62 avg_steps: 1906.0
2024-05-02 14:25:18.754: 62 epsilon: 0.1
2024-05-02 14:51:22.352: 63 test start:
2024-05-02 14:52:48.973: 63 avg_reward: -18.2
2024-05-02 14:52:48.974: 63 avg_steps: 2232.8
2024-05-02 14:52:48.974: 63 epsilon: 0.1
2024-05-02 15:18:18.829: 64 test start:
2024-05-02 15:19:50.880: 64 avg_reward: -17.3
2024-05-02 15:19:50.881: 64 avg_steps: 2405.35
2024-05-02 15:19:50.881: 64 epsilon: 0.1
2024-05-02 15:46:33.438: 65 test start:
2024-05-02 15:48:06.975: 65 avg_reward: -19.1
2024-05-02 15:48:06.976: 65 avg_steps: 2266.35
2024-05-02 15:48:06.976: 65 epsilon: 0.1
2024-05-02 16:14:47.996: 66 test start:
2024-05-02 16:16:13.401: 66 avg_reward: -18.1
2024-05-02 16:16:13.401: 66 avg_steps: 2080.0
2024-05-02 16:16:13.401: 66 epsilon: 0.1
2024-05-02 16:42:46.521: 67 test start:
2024-05-02 16:44:25.784: 67 avg_reward: -16.8
2024-05-02 16:44:25.784: 67 avg_steps: 2454.3
2024-05-02 16:44:25.784: 67 epsilon: 0.1
2024-05-02 17:11:23.818: 68 test start:
2024-05-02 17:12:58.338: 68 avg_reward: -16.2
2024-05-02 17:12:58.338: 68 avg_steps: 2269.9
2024-05-02 17:12:58.338: 68 epsilon: 0.1
2024-05-02 17:39:29.359: 69 test start:
2024-05-02 17:40:50.722: 69 avg_reward: -19.3
2024-05-02 17:40:50.723: 69 avg_steps: 1980.1
2024-05-02 17:40:50.723: 69 epsilon: 0.1
2024-05-02 18:07:56.090: 70 test start:
2024-05-02 18:09:24.467: 70 avg_reward: -17.8
2024-05-02 18:09:24.467: 70 avg_steps: 2156.9
2024-05-02 18:09:24.467: 70 epsilon: 0.1
2024-05-02 18:36:00.752: 71 test start:
2024-05-02 18:37:34.457: 71 avg_reward: -17.4
2024-05-02 18:37:34.458: 71 avg_steps: 2238.4
2024-05-02 18:37:34.458: 71 epsilon: 0.1
2024-05-02 19:04:26.327: 72 test start:
2024-05-02 19:05:43.173: 72 avg_reward: -18.6
2024-05-02 19:05:43.173: 72 avg_steps: 1894.9
2024-05-02 19:05:43.173: 72 epsilon: 0.1
2024-05-02 19:32:50.590: 73 test start:
2024-05-02 19:34:29.425: 73 avg_reward: -17.4
2024-05-02 19:34:29.425: 73 avg_steps: 2469.75
2024-05-02 19:34:29.425: 73 epsilon: 0.1
2024-05-02 20:01:45.979: 74 test start:
2024-05-02 20:03:07.318: 74 avg_reward: -18.6
2024-05-02 20:03:07.319: 74 avg_steps: 2011.0
2024-05-02 20:03:07.319: 74 epsilon: 0.1
2024-05-02 20:30:34.754: 75 test start:
2024-05-02 20:32:02.504: 75 avg_reward: -18.0
2024-05-02 20:32:02.504: 75 avg_steps: 2147.25
2024-05-02 20:32:02.504: 75 epsilon: 0.1
2024-05-02 20:59:06.356: 76 test start:
2024-05-02 21:00:30.216: 76 avg_reward: -19.0
2024-05-02 21:00:30.217: 76 avg_steps: 2069.55
2024-05-02 21:00:30.217: 76 epsilon: 0.1
2024-05-02 21:27:53.978: 77 test start:
2024-05-02 21:29:27.082: 77 avg_reward: -17.6
2024-05-02 21:29:27.083: 77 avg_steps: 2305.85
2024-05-02 21:29:27.083: 77 epsilon: 0.1
2024-05-02 21:57:12.090: 78 test start:
2024-05-02 21:58:32.335: 78 avg_reward: -18.0
2024-05-02 21:58:32.336: 78 avg_steps: 1931.55
2024-05-02 21:58:32.336: 78 epsilon: 0.1
2024-05-02 22:25:57.506: 79 test start:
2024-05-02 22:27:32.137: 79 avg_reward: -18.1
2024-05-02 22:27:32.137: 79 avg_steps: 2298.8
2024-05-02 22:27:32.137: 79 epsilon: 0.1
2024-05-02 22:54:51.277: 80 test start:
2024-05-02 22:56:11.002: 80 avg_reward: -18.6
2024-05-02 22:56:11.002: 80 avg_steps: 2037.3
2024-05-02 22:56:11.002: 80 epsilon: 0.1
2024-05-02 23:22:39.383: 81 test start:
2024-05-02 23:23:53.277: 81 avg_reward: -17.9
2024-05-02 23:23:53.277: 81 avg_steps: 1826.6
2024-05-02 23:23:53.278: 81 epsilon: 0.1
2024-05-02 23:49:31.247: 82 test start:
2024-05-02 23:50:54.231: 82 avg_reward: -18.2
2024-05-02 23:50:54.232: 82 avg_steps: 2081.5
2024-05-02 23:50:54.232: 82 epsilon: 0.1
2024-05-03 00:16:35.062: 83 test start:
2024-05-03 00:17:58.373: 83 avg_reward: -18.1
2024-05-03 00:17:58.373: 83 avg_steps: 2069.1
2024-05-03 00:17:58.374: 83 epsilon: 0.1
2024-05-03 00:42:57.535: 84 test start:
2024-05-03 00:44:22.905: 84 avg_reward: -18.5
2024-05-03 00:44:22.906: 84 avg_steps: 2107.9
2024-05-03 00:44:22.906: 84 epsilon: 0.1
2024-05-03 01:09:39.231: 85 test start:
2024-05-03 01:11:05.514: 85 avg_reward: -17.4
2024-05-03 01:11:05.514: 85 avg_steps: 2201.95
2024-05-03 01:11:05.515: 85 epsilon: 0.1
2024-05-03 01:35:58.914: 86 test start:
2024-05-03 01:37:26.160: 86 avg_reward: -17.0
2024-05-03 01:37:26.160: 86 avg_steps: 2088.2
2024-05-03 01:37:26.161: 86 epsilon: 0.1
2024-05-03 02:05:08.579: 87 test start:
2024-05-03 02:06:30.963: 87 avg_reward: -18.6
2024-05-03 02:06:30.963: 87 avg_steps: 1990.85
2024-05-03 02:06:30.964: 87 epsilon: 0.1
2024-05-03 02:33:14.757: 88 test start:
2024-05-03 02:34:46.727: 88 avg_reward: -17.9
2024-05-03 02:34:46.727: 88 avg_steps: 2253.75
2024-05-03 02:34:46.727: 88 epsilon: 0.1
2024-05-03 03:01:42.595: 89 test start:
2024-05-03 03:03:10.695: 89 avg_reward: -18.3
2024-05-03 03:03:10.695: 89 avg_steps: 2187.9
2024-05-03 03:03:10.696: 89 epsilon: 0.1
2024-05-03 03:30:10.773: 90 test start:
2024-05-03 03:31:36.629: 90 avg_reward: -17.9
2024-05-03 03:31:36.629: 90 avg_steps: 2069.55
2024-05-03 03:31:36.629: 90 epsilon: 0.1
2024-05-03 03:58:18.430: 91 test start:
2024-05-03 04:00:04.257: 91 avg_reward: -14.7
2024-05-03 04:00:04.258: 91 avg_steps: 2515.15
2024-05-03 04:00:04.259: 91 epsilon: 0.1
2024-05-03 04:26:43.042: 92 test start:
2024-05-03 04:28:18.119: 92 avg_reward: -16.9
2024-05-03 04:28:18.120: 92 avg_steps: 2327.4
2024-05-03 04:28:18.120: 92 epsilon: 0.1
2024-05-03 04:56:14.252: 93 test start:
2024-05-03 04:57:52.798: 93 avg_reward: -16.0
2024-05-03 04:57:52.798: 93 avg_steps: 2387.25
2024-05-03 04:57:52.798: 93 epsilon: 0.1
2024-05-03 05:24:21.171: 94 test start:
2024-05-03 05:25:43.016: 94 avg_reward: -18.6
2024-05-03 05:25:43.016: 94 avg_steps: 1997.95
2024-05-03 05:25:43.017: 94 epsilon: 0.1
2024-05-03 05:52:06.762: 95 test start:
2024-05-03 05:53:30.611: 95 avg_reward: -16.8
2024-05-03 05:53:30.612: 95 avg_steps: 2072.4
2024-05-03 05:53:30.612: 95 epsilon: 0.1
2024-05-03 06:20:30.647: 96 test start:
2024-05-03 06:22:10.691: 96 avg_reward: -17.5
2024-05-03 06:22:10.691: 96 avg_steps: 2383.6
2024-05-03 06:22:10.691: 96 epsilon: 0.1
2024-05-03 06:48:46.844: 97 test start:
2024-05-03 06:50:17.404: 97 avg_reward: -18.5
2024-05-03 06:50:17.405: 97 avg_steps: 2225.0
2024-05-03 06:50:17.405: 97 epsilon: 0.1
2024-05-03 07:17:05.800: 98 test start:
2024-05-03 07:18:34.526: 98 avg_reward: -17.6
2024-05-03 07:18:34.527: 98 avg_steps: 2176.8
2024-05-03 07:18:34.527: 98 epsilon: 0.1
2024-05-03 07:45:28.959: 99 test start:
2024-05-03 07:46:59.988: 99 avg_reward: -18.2
2024-05-03 07:46:59.989: 99 avg_steps: 2219.45
2024-05-03 07:46:59.989: 99 epsilon: 0.1
2024-05-03 08:14:25.108: 100 test start:
2024-05-03 08:16:00.522: 100 avg_reward: -17.8
2024-05-03 08:16:00.523: 100 avg_steps: 2392.5
2024-05-03 08:16:00.523: 100 epsilon: 0.1
2024-05-03 08:43:25.329: 101 test start:
2024-05-03 08:44:55.159: 101 avg_reward: -16.6
2024-05-03 08:44:55.160: 101 avg_steps: 2263.35
2024-05-03 08:44:55.160: 101 epsilon: 0.1
2024-05-03 09:13:06.936: 102 test start:
2024-05-03 09:14:32.598: 102 avg_reward: -18.4
2024-05-03 09:14:32.599: 102 avg_steps: 2205.6
2024-05-03 09:14:32.599: 102 epsilon: 0.1
2024-05-03 09:40:58.944: 103 test start:
2024-05-03 09:42:34.318: 103 avg_reward: -17.0
2024-05-03 09:42:34.318: 103 avg_steps: 2412.7
2024-05-03 09:42:34.318: 103 epsilon: 0.1
2024-05-03 10:09:14.128: 104 test start:
2024-05-03 10:10:46.378: 104 avg_reward: -18.0
2024-05-03 10:10:46.379: 104 avg_steps: 2236.25
2024-05-03 10:10:46.379: 104 epsilon: 0.1
2024-05-03 10:37:50.858: 105 test start:
2024-05-03 10:39:24.622: 105 avg_reward: -17.6
2024-05-03 10:39:24.623: 105 avg_steps: 2305.95
2024-05-03 10:39:24.623: 105 epsilon: 0.1
2024-05-03 11:06:29.178: 106 test start:
2024-05-03 11:08:08.237: 106 avg_reward: -16.9
2024-05-03 11:08:08.238: 106 avg_steps: 2505.05
2024-05-03 11:08:08.238: 106 epsilon: 0.1
2024-05-03 11:35:27.851: 107 test start:
2024-05-03 11:36:56.956: 107 avg_reward: -17.4
2024-05-03 11:36:56.956: 107 avg_steps: 2283.9
2024-05-03 11:36:56.957: 107 epsilon: 0.1
2024-05-03 12:00:35.459: 108 test start:
2024-05-03 12:02:06.586: 108 avg_reward: -16.8
2024-05-03 12:02:06.587: 108 avg_steps: 2307.35
2024-05-03 12:02:06.587: 108 epsilon: 0.1
2024-05-03 12:26:47.785: 109 test start:
2024-05-03 12:28:29.691: 109 avg_reward: -16.4
2024-05-03 12:28:29.692: 109 avg_steps: 2581.95
2024-05-03 12:28:29.692: 109 epsilon: 0.1
2024-05-03 12:54:36.848: 110 test start:
2024-05-03 12:56:00.074: 110 avg_reward: -18.0
2024-05-03 12:56:00.075: 110 avg_steps: 2113.3
2024-05-03 12:56:00.075: 110 epsilon: 0.1
2024-05-03 13:22:10.843: 111 test start:
2024-05-03 13:23:19.917: 111 avg_reward: -19.2
2024-05-03 13:23:19.917: 111 avg_steps: 1769.2
2024-05-03 13:23:19.917: 111 epsilon: 0.1
2024-05-03 13:49:47.516: 112 test start:
2024-05-03 13:51:15.703: 112 avg_reward: -16.6
2024-05-03 13:51:15.704: 112 avg_steps: 2252.15
2024-05-03 13:51:15.704: 112 epsilon: 0.1
2024-05-03 14:18:22.061: 113 test start:
2024-05-03 14:19:53.548: 113 avg_reward: -18.1
2024-05-03 14:19:53.549: 113 avg_steps: 2248.25
2024-05-03 14:19:53.549: 113 epsilon: 0.1
2024-05-03 14:46:44.750: 114 test start:
2024-05-03 14:48:03.485: 114 avg_reward: -17.7
2024-05-03 14:48:03.485: 114 avg_steps: 2026.6
2024-05-03 14:48:03.485: 114 epsilon: 0.1
2024-05-03 15:14:40.052: 115 test start:
2024-05-03 15:16:09.101: 115 avg_reward: -17.5
2024-05-03 15:16:09.102: 115 avg_steps: 2230.45
2024-05-03 15:16:09.102: 115 epsilon: 0.1
2024-05-03 15:42:37.933: 116 test start:
2024-05-03 15:44:00.522: 116 avg_reward: -19.5
2024-05-03 15:44:00.522: 116 avg_steps: 2108.15
2024-05-03 15:44:00.522: 116 epsilon: 0.1
2024-05-03 16:10:38.319: 117 test start:
2024-05-03 16:11:56.682: 117 avg_reward: -18.1
2024-05-03 16:11:56.683: 117 avg_steps: 1990.85
2024-05-03 16:11:56.683: 117 epsilon: 0.1
2024-05-03 16:38:40.128: 118 test start:
2024-05-03 16:40:20.153: 118 avg_reward: -18.0
2024-05-03 16:40:20.153: 118 avg_steps: 2519.15
2024-05-03 16:40:20.153: 118 epsilon: 0.1
2024-05-03 17:07:14.763: 119 test start:
2024-05-03 17:08:38.174: 119 avg_reward: -17.6
2024-05-03 17:08:38.174: 119 avg_steps: 2108.1
2024-05-03 17:08:38.174: 119 epsilon: 0.1
2024-05-03 17:35:31.962: 120 test start:
2024-05-03 17:37:06.674: 120 avg_reward: -18.2
2024-05-03 17:37:06.674: 120 avg_steps: 2388.85
2024-05-03 17:37:06.675: 120 epsilon: 0.1
2024-05-03 18:03:40.873: 121 test start:
2024-05-03 18:05:17.370: 121 avg_reward: -17.5
2024-05-03 18:05:17.371: 121 avg_steps: 2417.45
2024-05-03 18:05:17.371: 121 epsilon: 0.1
2024-05-03 18:32:06.997: 122 test start:
2024-05-03 18:33:39.547: 122 avg_reward: -16.7
2024-05-03 18:33:39.548: 122 avg_steps: 2392.05
2024-05-03 18:33:39.548: 122 epsilon: 0.1
2024-05-03 18:59:41.375: 123 test start:
2024-05-03 19:01:17.586: 123 avg_reward: -16.4
2024-05-03 19:01:17.587: 123 avg_steps: 2449.25
2024-05-03 19:01:17.587: 123 epsilon: 0.1
2024-05-03 19:28:32.446: 124 test start:
2024-05-03 19:30:17.651: 124 avg_reward: -17.8
2024-05-03 19:30:17.652: 124 avg_steps: 2594.9
2024-05-03 19:30:17.652: 124 epsilon: 0.1
2024-05-03 19:56:43.884: 125 test start:
2024-05-03 19:57:57.376: 125 avg_reward: -19.1
2024-05-03 19:57:57.377: 125 avg_steps: 1855.5
2024-05-03 19:57:57.377: 125 epsilon: 0.1
2024-05-03 20:24:20.926: 126 test start:
2024-05-03 20:25:57.928: 126 avg_reward: -17.5
2024-05-03 20:25:57.929: 126 avg_steps: 2443.3
2024-05-03 20:25:57.929: 126 epsilon: 0.1
2024-05-03 20:53:09.020: 127 test start:
2024-05-03 20:54:42.565: 127 avg_reward: -15.9
2024-05-03 20:54:42.566: 127 avg_steps: 2432.2
2024-05-03 20:54:42.566: 127 epsilon: 0.1
2024-05-03 21:20:56.167: 128 test start:
2024-05-03 21:22:27.305: 128 avg_reward: -18.9
2024-05-03 21:22:27.305: 128 avg_steps: 2377.0
2024-05-03 21:22:27.305: 128 epsilon: 0.1
2024-05-03 21:48:31.199: 129 test start:
2024-05-03 21:49:56.771: 129 avg_reward: -18.0
2024-05-03 21:49:56.772: 129 avg_steps: 2239.15
2024-05-03 21:49:56.772: 129 epsilon: 0.1
2024-05-03 22:14:34.582: 130 test start:
2024-05-03 22:15:50.254: 130 avg_reward: -18.9
2024-05-03 22:15:50.255: 130 avg_steps: 2083.55
2024-05-03 22:15:50.255: 130 epsilon: 0.1
2024-05-03 22:38:29.708: 131 test start:
2024-05-03 22:39:57.765: 131 avg_reward: -17.1
2024-05-03 22:39:57.766: 131 avg_steps: 2386.65
2024-05-03 22:39:57.766: 131 epsilon: 0.1
2024-05-03 23:02:43.343: 132 test start:
2024-05-03 23:04:18.507: 132 avg_reward: -16.7
2024-05-03 23:04:18.508: 132 avg_steps: 2498.2
2024-05-03 23:04:18.508: 132 epsilon: 0.1
2024-05-03 23:32:08.068: 133 test start:
2024-05-03 23:33:43.679: 133 avg_reward: -16.3
2024-05-03 23:33:43.679: 133 avg_steps: 2338.3
2024-05-03 23:33:43.679: 133 epsilon: 0.1
2024-05-04 00:02:19.454: 134 test start:
2024-05-04 00:03:56.686: 134 avg_reward: -16.7
2024-05-04 00:03:56.687: 134 avg_steps: 2447.7
2024-05-04 00:03:56.687: 134 epsilon: 0.1
2024-05-04 00:31:31.737: 135 test start:
2024-05-04 00:33:13.578: 135 avg_reward: -16.3
2024-05-04 00:33:13.578: 135 avg_steps: 2512.45
2024-05-04 00:33:13.578: 135 epsilon: 0.1
2024-05-04 01:01:01.195: 136 test start:
2024-05-04 01:02:34.824: 136 avg_reward: -15.6
2024-05-04 01:02:34.824: 136 avg_steps: 2354.35
2024-05-04 01:02:34.824: 136 epsilon: 0.1
2024-05-04 01:28:56.180: 137 test start:
2024-05-04 01:30:22.717: 137 avg_reward: -16.9
2024-05-04 01:30:22.718: 137 avg_steps: 2309.9
2024-05-04 01:30:22.718: 137 epsilon: 0.1
2024-05-04 01:55:26.012: 138 test start:
2024-05-04 01:56:49.201: 138 avg_reward: -17.8
2024-05-04 01:56:49.202: 138 avg_steps: 2171.25
2024-05-04 01:56:49.202: 138 epsilon: 0.1
2024-05-04 02:22:40.202: 139 test start:
2024-05-04 02:24:12.907: 139 avg_reward: -16.7
2024-05-04 02:24:12.908: 139 avg_steps: 2445.55
2024-05-04 02:24:12.908: 139 epsilon: 0.1
2024-05-04 02:49:27.774: 140 test start:
2024-05-04 02:51:03.625: 140 avg_reward: -16.3
2024-05-04 02:51:03.626: 140 avg_steps: 2521.1
2024-05-04 02:51:03.626: 140 epsilon: 0.1
2024-05-04 03:16:21.769: 141 test start:
2024-05-04 03:17:59.223: 141 avg_reward: -16.7
2024-05-04 03:17:59.224: 141 avg_steps: 2561.35
2024-05-04 03:17:59.224: 141 epsilon: 0.1
2024-05-04 03:43:52.089: 142 test start:
2024-05-04 03:45:18.137: 142 avg_reward: -16.4
2024-05-04 03:45:18.137: 142 avg_steps: 2280.9
2024-05-04 03:45:18.137: 142 epsilon: 0.1
2024-05-04 04:10:39.477: 143 test start:
2024-05-04 04:12:08.775: 143 avg_reward: -15.8
2024-05-04 04:12:08.775: 143 avg_steps: 2297.85
2024-05-04 04:12:08.775: 143 epsilon: 0.1
2024-05-04 04:36:34.307: 144 test start:
2024-05-04 04:37:53.427: 144 avg_reward: -17.7
2024-05-04 04:37:53.427: 144 avg_steps: 2122.0
2024-05-04 04:37:53.428: 144 epsilon: 0.1
2024-05-04 05:02:35.423: 145 test start:
2024-05-04 05:04:04.350: 145 avg_reward: -17.5
2024-05-04 05:04:04.351: 145 avg_steps: 2382.15
2024-05-04 05:04:04.351: 145 epsilon: 0.1
2024-05-04 05:28:18.635: 146 test start:
2024-05-04 05:29:51.507: 146 avg_reward: -17.8
2024-05-04 05:29:51.507: 146 avg_steps: 2448.55
2024-05-04 05:29:51.507: 146 epsilon: 0.1
2024-05-04 05:56:03.532: 147 test start:
2024-05-04 05:57:37.702: 147 avg_reward: -17.2
2024-05-04 05:57:37.702: 147 avg_steps: 2388.45
2024-05-04 05:57:37.702: 147 epsilon: 0.1
2024-05-04 06:24:45.904: 148 test start:
2024-05-04 06:26:31.555: 148 avg_reward: -16.0
2024-05-04 06:26:31.556: 148 avg_steps: 2706.8
2024-05-04 06:26:31.556: 148 epsilon: 0.1
2024-05-04 06:53:46.853: 149 test start:
2024-05-04 06:55:31.486: 149 avg_reward: -15.3
2024-05-04 06:55:31.486: 149 avg_steps: 2702.25
2024-05-04 06:55:31.486: 149 epsilon: 0.1
2024-05-04 07:22:35.363: 150 test start:
2024-05-04 07:24:26.722: 150 avg_reward: -16.0
2024-05-04 07:24:26.723: 150 avg_steps: 2851.65
2024-05-04 07:24:26.723: 150 epsilon: 0.1
2024-05-04 07:50:40.220: 151 test start:
2024-05-04 07:52:22.374: 151 avg_reward: -16.2
2024-05-04 07:52:22.375: 151 avg_steps: 2608.1
2024-05-04 07:52:22.375: 151 epsilon: 0.1
2024-05-04 08:18:29.022: 152 test start:
2024-05-04 08:20:03.993: 152 avg_reward: -15.4
2024-05-04 08:20:03.993: 152 avg_steps: 2631.9
2024-05-04 08:20:03.993: 152 epsilon: 0.1
2024-05-04 08:44:57.572: 153 test start:
2024-05-04 08:46:25.879: 153 avg_reward: -17.6
2024-05-04 08:46:25.879: 153 avg_steps: 2379.95
2024-05-04 08:46:25.879: 153 epsilon: 0.1
2024-05-04 09:11:14.166: 154 test start:
2024-05-04 09:12:47.908: 154 avg_reward: -19.0
2024-05-04 09:12:47.909: 154 avg_steps: 2477.25
2024-05-04 09:12:47.909: 154 epsilon: 0.1
2024-05-04 09:38:08.509: 155 test start:
2024-05-04 09:39:58.476: 155 avg_reward: -15.6
2024-05-04 09:39:58.477: 155 avg_steps: 2756.35
2024-05-04 09:39:58.477: 155 epsilon: 0.1
2024-05-04 10:05:30.722: 156 test start:
2024-05-04 10:07:33.335: 156 avg_reward: -13.8
2024-05-04 10:07:33.335: 156 avg_steps: 3223.3
2024-05-04 10:07:33.335: 156 epsilon: 0.1
2024-05-04 10:32:32.321: 157 test start:
2024-05-04 10:34:02.095: 157 avg_reward: -18.7
2024-05-04 10:34:02.096: 157 avg_steps: 2321.35
2024-05-04 10:34:02.096: 157 epsilon: 0.1
2024-05-04 10:58:39.425: 158 test start:
2024-05-04 11:00:10.542: 158 avg_reward: -18.7
2024-05-04 11:00:10.542: 158 avg_steps: 2475.7
2024-05-04 11:00:10.542: 158 epsilon: 0.1
2024-05-04 11:26:06.322: 159 test start:
2024-05-04 11:27:43.380: 159 avg_reward: -19.1
2024-05-04 11:27:43.381: 159 avg_steps: 2468.2
2024-05-04 11:27:43.381: 159 epsilon: 0.1
2024-05-04 11:53:09.844: 160 test start:
2024-05-04 11:54:45.384: 160 avg_reward: -17.8
2024-05-04 11:54:45.385: 160 avg_steps: 2544.9
2024-05-04 11:54:45.385: 160 epsilon: 0.1
2024-05-04 12:20:03.245: 161 test start:
2024-05-04 12:21:30.876: 161 avg_reward: -17.5
2024-05-04 12:21:30.877: 161 avg_steps: 2401.05
2024-05-04 12:21:30.877: 161 epsilon: 0.1
2024-05-04 12:45:04.375: 162 test start:
2024-05-04 12:46:36.728: 162 avg_reward: -16.7
2024-05-04 12:46:36.728: 162 avg_steps: 2652.8
2024-05-04 12:46:36.728: 162 epsilon: 0.1
2024-05-04 13:09:56.565: 163 test start:
2024-05-04 13:11:38.733: 163 avg_reward: -17.5
2024-05-04 13:11:38.734: 163 avg_steps: 2661.45
2024-05-04 13:11:38.734: 163 epsilon: 0.1
2024-05-04 13:38:07.075: 164 test start:
2024-05-04 13:39:59.324: 164 avg_reward: -14.2
2024-05-04 13:39:59.324: 164 avg_steps: 2827.25
2024-05-04 13:39:59.324: 164 epsilon: 0.1
2024-05-04 14:07:30.447: 165 test start:
2024-05-04 14:09:06.057: 165 avg_reward: -17.2
2024-05-04 14:09:06.057: 165 avg_steps: 2462.15
2024-05-04 14:09:06.057: 165 epsilon: 0.1
2024-05-04 14:34:44.009: 166 test start:
2024-05-04 14:36:17.547: 166 avg_reward: -16.0
2024-05-04 14:36:17.548: 166 avg_steps: 2430.85
2024-05-04 14:36:17.548: 166 epsilon: 0.1
2024-05-04 15:01:45.429: 167 test start:
2024-05-04 15:03:33.446: 167 avg_reward: -16.2
2024-05-04 15:03:33.447: 167 avg_steps: 2797.4
2024-05-04 15:03:33.447: 167 epsilon: 0.1
2024-05-04 15:28:57.548: 168 test start:
2024-05-04 15:30:23.257: 168 avg_reward: -18.0
2024-05-04 15:30:23.258: 168 avg_steps: 2182.5
2024-05-04 15:30:23.258: 168 epsilon: 0.1
2024-05-04 15:56:28.290: 169 test start:
2024-05-04 15:58:01.561: 169 avg_reward: -16.9
2024-05-04 15:58:01.561: 169 avg_steps: 2266.8
2024-05-04 15:58:01.562: 169 epsilon: 0.1
2024-05-04 16:26:05.023: 170 test start:
2024-05-04 16:27:40.982: 170 avg_reward: -17.1
2024-05-04 16:27:40.983: 170 avg_steps: 2383.3
2024-05-04 16:27:40.983: 170 epsilon: 0.1
2024-05-04 16:55:44.836: 171 test start:
2024-05-04 16:57:39.086: 171 avg_reward: -15.3
2024-05-04 16:57:39.087: 171 avg_steps: 2775.15
2024-05-04 16:57:39.087: 171 epsilon: 0.1
2024-05-04 17:25:46.810: 172 test start:
2024-05-04 17:27:42.853: 172 avg_reward: -16.9
2024-05-04 17:27:42.853: 172 avg_steps: 2821.25
2024-05-04 17:27:42.853: 172 epsilon: 0.1
2024-05-04 17:54:53.581: 173 test start:
2024-05-04 17:56:41.485: 173 avg_reward: -15.8
2024-05-04 17:56:41.485: 173 avg_steps: 2711.7
2024-05-04 17:56:41.485: 173 epsilon: 0.1
2024-05-04 18:23:21.091: 174 test start:
2024-05-04 18:24:58.287: 174 avg_reward: -15.6
2024-05-04 18:24:58.287: 174 avg_steps: 2492.75
2024-05-04 18:24:58.287: 174 epsilon: 0.1
2024-05-04 18:50:02.597: 175 test start:
2024-05-04 18:51:39.929: 175 avg_reward: -16.5
2024-05-04 18:51:39.930: 175 avg_steps: 2511.0
2024-05-04 18:51:39.930: 175 epsilon: 0.1
2024-05-04 19:17:14.137: 176 test start:
2024-05-04 19:18:43.080: 176 avg_reward: -17.5
2024-05-04 19:18:43.081: 176 avg_steps: 2297.0
2024-05-04 19:18:43.081: 176 epsilon: 0.1
2024-05-04 19:44:11.927: 177 test start:
2024-05-04 19:45:47.901: 177 avg_reward: -16.8
2024-05-04 19:45:47.902: 177 avg_steps: 2489.5
2024-05-04 19:45:47.902: 177 epsilon: 0.1
2024-05-04 20:13:24.875: 178 test start:
2024-05-04 20:15:04.890: 178 avg_reward: -18.0
2024-05-04 20:15:04.891: 178 avg_steps: 2496.5
2024-05-04 20:15:04.891: 178 epsilon: 0.1
2024-05-04 20:43:12.562: 179 test start:
2024-05-04 20:44:31.105: 179 avg_reward: -19.1
2024-05-04 20:44:31.106: 179 avg_steps: 2051.6
2024-05-04 20:44:31.106: 179 epsilon: 0.1
2024-05-04 21:11:33.964: 180 test start:
2024-05-04 21:13:08.809: 180 avg_reward: -17.8
2024-05-04 21:13:08.810: 180 avg_steps: 2330.2
2024-05-04 21:13:08.810: 180 epsilon: 0.1
2024-05-04 21:40:08.296: 181 test start:
2024-05-04 21:41:36.257: 181 avg_reward: -18.4
2024-05-04 21:41:36.257: 181 avg_steps: 2409.55
2024-05-04 21:41:36.257: 181 epsilon: 0.1
2024-05-04 22:07:44.730: 182 test start:
2024-05-04 22:09:11.530: 182 avg_reward: -19.1
2024-05-04 22:09:11.530: 182 avg_steps: 2203.0
2024-05-04 22:09:11.530: 182 epsilon: 0.1
2024-05-04 22:33:22.166: 183 test start:
2024-05-04 22:34:55.444: 183 avg_reward: -14.7
2024-05-04 22:34:55.445: 183 avg_steps: 2510.55
2024-05-04 22:34:55.445: 183 epsilon: 0.1
2024-05-04 22:58:53.820: 184 test start:
2024-05-04 23:00:30.242: 184 avg_reward: -17.1
2024-05-04 23:00:30.243: 184 avg_steps: 2529.95
2024-05-04 23:00:30.243: 184 epsilon: 0.1
2024-05-04 23:23:45.570: 185 test start:
2024-05-04 23:25:19.053: 185 avg_reward: -16.8
2024-05-04 23:25:19.053: 185 avg_steps: 2580.45
2024-05-04 23:25:19.053: 185 epsilon: 0.1
2024-05-04 23:48:38.999: 186 test start:
2024-05-04 23:50:04.872: 186 avg_reward: -18.5
2024-05-04 23:50:04.873: 186 avg_steps: 2300.2
2024-05-04 23:50:04.873: 186 epsilon: 0.1
2024-05-05 00:14:04.788: 187 test start:
2024-05-05 00:15:41.269: 187 avg_reward: -17.0
2024-05-05 00:15:41.269: 187 avg_steps: 2641.1
2024-05-05 00:15:41.269: 187 epsilon: 0.1
2024-05-05 00:40:34.646: 188 test start:
2024-05-05 00:41:55.940: 188 avg_reward: -16.6
2024-05-05 00:41:55.941: 188 avg_steps: 2236.55
2024-05-05 00:41:55.941: 188 epsilon: 0.1
2024-05-05 01:04:59.996: 189 test start:
2024-05-05 01:06:25.159: 189 avg_reward: -17.0
2024-05-05 01:06:25.160: 189 avg_steps: 2329.6
2024-05-05 01:06:25.160: 189 epsilon: 0.1
2024-05-05 01:30:44.058: 190 test start:
2024-05-05 01:32:17.381: 190 avg_reward: -16.0
2024-05-05 01:32:17.382: 190 avg_steps: 2496.75
2024-05-05 01:32:17.382: 190 epsilon: 0.1
2024-05-05 01:55:40.474: 191 test start:
2024-05-05 01:57:15.870: 191 avg_reward: -17.0
2024-05-05 01:57:15.871: 191 avg_steps: 2578.4
2024-05-05 01:57:15.871: 191 epsilon: 0.1
2024-05-05 02:20:46.141: 192 test start:
2024-05-05 02:22:11.048: 192 avg_reward: -17.9
2024-05-05 02:22:11.049: 192 avg_steps: 2299.05
2024-05-05 02:22:11.049: 192 epsilon: 0.1
2024-05-05 02:45:45.155: 193 test start:
2024-05-05 02:47:23.380: 193 avg_reward: -17.3
2024-05-05 02:47:23.380: 193 avg_steps: 2716.5
2024-05-05 02:47:23.380: 193 epsilon: 0.1
2024-05-05 03:10:38.335: 194 test start:
2024-05-05 03:12:22.226: 194 avg_reward: -14.4
2024-05-05 03:12:22.227: 194 avg_steps: 2788.05
2024-05-05 03:12:22.227: 194 epsilon: 0.1
2024-05-05 03:35:53.911: 195 test start:
2024-05-05 03:37:36.600: 195 avg_reward: -14.4
2024-05-05 03:37:36.600: 195 avg_steps: 2723.5
2024-05-05 03:37:36.600: 195 epsilon: 0.1
2024-05-05 04:01:10.001: 196 test start:
2024-05-05 04:02:43.877: 196 avg_reward: -16.1
2024-05-05 04:02:43.877: 196 avg_steps: 2550.75
2024-05-05 04:02:43.877: 196 epsilon: 0.1
2024-05-05 04:24:50.407: 197 test start:
2024-05-05 04:26:34.500: 197 avg_reward: -16.3
2024-05-05 04:26:34.501: 197 avg_steps: 2803.3
2024-05-05 04:26:34.501: 197 epsilon: 0.1
2024-05-05 04:49:29.862: 198 test start:
2024-05-05 04:51:05.128: 198 avg_reward: -15.8
2024-05-05 04:51:05.129: 198 avg_steps: 2572.0
2024-05-05 04:51:05.129: 198 epsilon: 0.1
2024-05-05 05:13:24.080: 199 test start:
2024-05-05 05:14:58.568: 199 avg_reward: -16.0
2024-05-05 05:14:58.569: 199 avg_steps: 2629.1
2024-05-05 05:14:58.569: 199 epsilon: 0.1
2024-05-05 05:37:07.801: 200 test start:
2024-05-05 05:38:35.047: 200 avg_reward: -17.1
2024-05-05 05:38:35.048: 200 avg_steps: 2405.95
2024-05-05 05:38:35.048: 200 epsilon: 0.1
2024-05-05 06:01:11.664: 201 test start:
2024-05-05 06:02:39.713: 201 avg_reward: -16.6
2024-05-05 06:02:39.714: 201 avg_steps: 2429.8
2024-05-05 06:02:39.714: 201 epsilon: 0.1
2024-05-05 06:24:48.418: 202 test start:
2024-05-05 06:26:26.175: 202 avg_reward: -15.3
2024-05-05 06:26:26.176: 202 avg_steps: 2734.2
2024-05-05 06:26:26.176: 202 epsilon: 0.1
2024-05-05 06:48:39.357: 203 test start:
2024-05-05 06:50:16.216: 203 avg_reward: -15.8
2024-05-05 06:50:16.216: 203 avg_steps: 2689.7
2024-05-05 06:50:16.216: 203 epsilon: 0.1
2024-05-05 07:13:03.984: 204 test start:
2024-05-05 07:14:28.060: 204 avg_reward: -17.5
2024-05-05 07:14:28.061: 204 avg_steps: 2335.85
2024-05-05 07:14:28.061: 204 epsilon: 0.1
2024-05-05 07:36:04.412: 205 test start:
2024-05-05 07:37:36.043: 205 avg_reward: -16.9
2024-05-05 07:37:36.043: 205 avg_steps: 2527.85
2024-05-05 07:37:36.043: 205 epsilon: 0.1
2024-05-05 07:59:44.753: 206 test start:
2024-05-05 08:01:14.617: 206 avg_reward: -17.0
2024-05-05 08:01:14.617: 206 avg_steps: 2471.15
2024-05-05 08:01:14.617: 206 epsilon: 0.1
2024-05-05 08:23:00.328: 207 test start:
2024-05-05 08:24:34.305: 207 avg_reward: -16.0
2024-05-05 08:24:34.305: 207 avg_steps: 2641.25
2024-05-05 08:24:34.305: 207 epsilon: 0.1
2024-05-05 08:47:01.892: 208 test start:
2024-05-05 08:48:35.239: 208 avg_reward: -16.7
2024-05-05 08:48:35.240: 208 avg_steps: 2622.95
2024-05-05 08:48:35.240: 208 epsilon: 0.1
