2024-10-15 23:41:54.885: 
parameters:agent_test_episodes: 20
batch_num_per_epoch: 250000
device: cuda:0
env_name: ALE/Asterix-v5
epsilon_for_test: 0.05
epsilon_max: 1.0
epsilon_min: 0.1
exp_name: ALE-Asterix-v5_2024-10-15-23-41-54
exp_path: ../exps/dqn/
exploration_steps: 1000000
gamma: 0.99
held_out_states_num: 1000
learning_rate: 0.00025
mini_batch_size: 32
model_update_freq: 4
n_times: 5
no_op_max: 30
phi_channel: 4
replay_buffer_size: 1000000
replay_start_size: 50000
save_model: true
screen_size: 84
seed: 0
skip_k_frame: 4
step_c: 10000
training_steps: 50000000

2024-10-15 23:41:54.950: env id: ALE/Asterix-v5 |repeat_action_probability: 0 
2024-10-15 23:41:54.950: screen_size: 84 | grayscale_obs:True 
scale_obs:False | action space size: 9
remove flickering: True | frame skip: 4
state space shape: (210, 160, 3) 
2024-10-15 23:41:54.969: optimizer: RMSprop (
Parameter Group 0
    alpha: 0.95
    centered: False
    differentiable: False
    eps: 0.01
    foreach: None
    lr: 0.00025
    maximize: False
    momentum: 0
    weight_decay: 0
)
2024-10-15 23:50:34.378: 1 test start:
2024-10-15 23:50:40.167: 1 avg_reward: 98.0
2024-10-15 23:50:40.167: 1 avg_steps: 310.65
2024-10-15 23:50:40.167: 1 epsilon: 0.8199037
2024-10-15 23:50:40.167: 1 q: 0.14752544
2024-10-16 00:00:25.033: 2 test start:
2024-10-16 00:00:29.873: 2 avg_reward: 278.0
2024-10-16 00:00:29.874: 2 avg_steps: 264.05
2024-10-16 00:00:29.874: 2 epsilon: 0.5948370999999999
2024-10-16 00:00:29.874: 2 q: 0.32847986
2024-10-16 00:10:15.951: 3 test start:
2024-10-16 00:10:21.359: 3 avg_reward: 353.0
2024-10-16 00:10:21.359: 3 avg_steps: 285.65
2024-10-16 00:10:21.359: 3 epsilon: 0.36988659999999995
2024-10-16 00:10:21.359: 3 q: 0.64680666
2024-10-16 00:20:09.204: 4 test start:
2024-10-16 00:20:13.665: 4 avg_reward: 305.5
2024-10-16 00:20:13.665: 4 avg_steps: 243.55
2024-10-16 00:20:13.665: 4 epsilon: 0.14485329999999996
2024-10-16 00:20:13.666: 4 q: 0.9343845
2024-10-16 00:30:06.901: 5 test start:
2024-10-16 00:30:11.963: 5 avg_reward: 385.5
2024-10-16 00:30:11.963: 5 avg_steps: 261.15
2024-10-16 00:30:11.964: 5 epsilon: 0.1
2024-10-16 00:30:11.964: 5 q: 1.0689213
2024-10-16 00:40:00.376: 6 test start:
2024-10-16 00:40:05.437: 6 avg_reward: 428.0
2024-10-16 00:40:05.437: 6 avg_steps: 273.55
2024-10-16 00:40:05.437: 6 epsilon: 0.1
2024-10-16 00:40:05.437: 6 q: 1.2805159
2024-10-16 00:49:59.833: 7 test start:
2024-10-16 00:50:06.324: 7 avg_reward: 778.0
2024-10-16 00:50:06.325: 7 avg_steps: 347.2
2024-10-16 00:50:06.325: 7 epsilon: 0.1
2024-10-16 00:50:06.325: 7 q: 1.7041072
2024-10-16 00:59:52.493: 8 test start:
2024-10-16 00:59:59.086: 8 avg_reward: 863.0
2024-10-16 00:59:59.086: 8 avg_steps: 357.55
2024-10-16 00:59:59.087: 8 epsilon: 0.1
2024-10-16 00:59:59.087: 8 q: 2.0646293
2024-10-16 01:09:57.169: 9 test start:
2024-10-16 01:10:07.434: 9 avg_reward: 1468.0
2024-10-16 01:10:07.435: 9 avg_steps: 555.0
2024-10-16 01:10:07.435: 9 epsilon: 0.1
2024-10-16 01:10:07.435: 9 q: 2.227083
2024-10-16 01:19:49.341: 10 test start:
2024-10-16 01:19:59.390: 10 avg_reward: 1530.5
2024-10-16 01:19:59.390: 10 avg_steps: 548.35
2024-10-16 01:19:59.390: 10 epsilon: 0.1
2024-10-16 01:19:59.390: 10 q: 2.4206789
2024-10-16 01:30:01.329: 11 test start:
2024-10-16 01:30:12.530: 11 avg_reward: 1730.5
2024-10-16 01:30:12.531: 11 avg_steps: 597.0
2024-10-16 01:30:12.531: 11 epsilon: 0.1
2024-10-16 01:30:12.531: 11 q: 2.9070437
2024-10-16 01:39:57.962: 12 test start:
2024-10-16 01:40:11.904: 12 avg_reward: 2123.0
2024-10-16 01:40:11.905: 12 avg_steps: 761.9
2024-10-16 01:40:11.905: 12 epsilon: 0.1
2024-10-16 01:40:11.905: 12 q: 3.1743407
2024-10-16 01:50:14.717: 13 test start:
2024-10-16 01:50:27.459: 13 avg_reward: 2018.0
2024-10-16 01:50:27.459: 13 avg_steps: 704.0
2024-10-16 01:50:27.460: 13 epsilon: 0.1
2024-10-16 01:50:27.460: 13 q: 3.486998
2024-10-16 02:00:10.290: 14 test start:
2024-10-16 02:00:20.800: 14 avg_reward: 1635.5
2024-10-16 02:00:20.800: 14 avg_steps: 579.85
2024-10-16 02:00:20.800: 14 epsilon: 0.1
2024-10-16 02:00:20.800: 14 q: 3.710601
2024-10-16 02:10:32.319: 15 test start:
2024-10-16 02:10:39.537: 15 avg_reward: 975.5
2024-10-16 02:10:39.538: 15 avg_steps: 382.25
2024-10-16 02:10:39.538: 15 epsilon: 0.1
2024-10-16 02:10:39.538: 15 q: 4.0786343
2024-10-16 02:20:18.115: 16 test start:
2024-10-16 02:20:28.855: 16 avg_reward: 1545.5
2024-10-16 02:20:28.855: 16 avg_steps: 571.8
2024-10-16 02:20:28.855: 16 epsilon: 0.1
2024-10-16 02:20:28.856: 16 q: 4.168646
2024-10-16 02:30:42.256: 17 test start:
2024-10-16 02:30:51.371: 17 avg_reward: 1368.0
2024-10-16 02:30:51.371: 17 avg_steps: 500.15
2024-10-16 02:30:51.372: 17 epsilon: 0.1
2024-10-16 02:30:51.372: 17 q: 4.324707
2024-10-16 02:40:31.395: 18 test start:
2024-10-16 02:40:44.699: 18 avg_reward: 1848.0
2024-10-16 02:40:44.699: 18 avg_steps: 708.0
2024-10-16 02:40:44.699: 18 epsilon: 0.1
2024-10-16 02:40:44.699: 18 q: 4.4534373
2024-10-16 02:50:59.061: 19 test start:
2024-10-16 02:51:11.690: 19 avg_reward: 1868.0
2024-10-16 02:51:11.690: 19 avg_steps: 704.0
2024-10-16 02:51:11.690: 19 epsilon: 0.1
2024-10-16 02:51:11.690: 19 q: 4.580522
2024-10-16 03:00:46.013: 20 test start:
2024-10-16 03:01:00.723: 20 avg_reward: 2120.5
2024-10-16 03:01:00.724: 20 avg_steps: 778.8
2024-10-16 03:01:00.724: 20 epsilon: 0.1
2024-10-16 03:01:00.724: 20 q: 4.635964
2024-10-16 03:11:14.463: 21 test start:
2024-10-16 03:11:25.401: 21 avg_reward: 1618.0
2024-10-16 03:11:25.401: 21 avg_steps: 571.95
2024-10-16 03:11:25.401: 21 epsilon: 0.1
2024-10-16 03:11:25.401: 21 q: 4.7051916
2024-10-16 03:21:41.105: 22 test start:
2024-10-16 03:21:53.785: 22 avg_reward: 1778.0
2024-10-16 03:21:53.785: 22 avg_steps: 695.9
2024-10-16 03:21:53.785: 22 epsilon: 0.1
2024-10-16 03:21:53.785: 22 q: 4.8586354
2024-10-16 03:32:08.376: 23 test start:
2024-10-16 03:32:17.369: 23 avg_reward: 1088.0
2024-10-16 03:32:17.369: 23 avg_steps: 469.7
2024-10-16 03:32:17.369: 23 epsilon: 0.1
2024-10-16 03:32:17.369: 23 q: 4.8805437
2024-10-16 03:42:21.053: 24 test start:
2024-10-16 03:42:30.492: 24 avg_reward: 1455.5
2024-10-16 03:42:30.493: 24 avg_steps: 506.5
2024-10-16 03:42:30.493: 24 epsilon: 0.1
2024-10-16 03:42:30.493: 24 q: 4.963176
2024-10-16 03:52:41.620: 25 test start:
2024-10-16 03:52:48.279: 25 avg_reward: 680.5
2024-10-16 03:52:48.279: 25 avg_steps: 360.15
2024-10-16 03:52:48.279: 25 epsilon: 0.1
2024-10-16 03:52:48.279: 25 q: 5.0375223
2024-10-16 04:03:00.169: 26 test start:
2024-10-16 04:03:13.888: 26 avg_reward: 2060.5
2024-10-16 04:03:13.888: 26 avg_steps: 726.8
2024-10-16 04:03:13.888: 26 epsilon: 0.1
2024-10-16 04:03:13.888: 26 q: 5.1891327
2024-10-16 04:13:25.101: 27 test start:
2024-10-16 04:13:37.365: 27 avg_reward: 1908.0
2024-10-16 04:13:37.366: 27 avg_steps: 647.5
2024-10-16 04:13:37.366: 27 epsilon: 0.1
2024-10-16 04:13:37.366: 27 q: 5.2181854
2024-10-16 04:23:49.688: 28 test start:
2024-10-16 04:24:02.854: 28 avg_reward: 1973.0
2024-10-16 04:24:02.855: 28 avg_steps: 689.9
2024-10-16 04:24:02.855: 28 epsilon: 0.1
2024-10-16 04:24:02.855: 28 q: 5.422288
2024-10-16 04:34:14.749: 29 test start:
2024-10-16 04:34:25.680: 29 avg_reward: 1613.0
2024-10-16 04:34:25.680: 29 avg_steps: 577.8
2024-10-16 04:34:25.681: 29 epsilon: 0.1
2024-10-16 04:34:25.681: 29 q: 5.5375457
2024-10-16 04:44:38.341: 30 test start:
2024-10-16 04:44:45.813: 30 avg_reward: 945.5
2024-10-16 04:44:45.813: 30 avg_steps: 393.75
2024-10-16 04:44:45.813: 30 epsilon: 0.1
2024-10-16 04:44:45.813: 30 q: 5.610669
2024-10-16 04:54:58.854: 31 test start:
2024-10-16 04:55:10.654: 31 avg_reward: 1933.0
2024-10-16 04:55:10.654: 31 avg_steps: 626.2
2024-10-16 04:55:10.655: 31 epsilon: 0.1
2024-10-16 04:55:10.655: 31 q: 5.800348
2024-10-16 05:05:20.637: 32 test start:
2024-10-16 05:05:30.671: 32 avg_reward: 1790.5
2024-10-16 05:05:30.671: 32 avg_steps: 574.95
2024-10-16 05:05:30.672: 32 epsilon: 0.1
2024-10-16 05:05:30.672: 32 q: 5.7523184
2024-10-16 05:15:49.444: 33 test start:
2024-10-16 05:15:59.678: 33 avg_reward: 1550.5
2024-10-16 05:15:59.678: 33 avg_steps: 545.8
2024-10-16 05:15:59.678: 33 epsilon: 0.1
2024-10-16 05:15:59.678: 33 q: 5.833899
2024-10-16 05:26:21.459: 34 test start:
2024-10-16 05:26:31.898: 34 avg_reward: 1600.5
2024-10-16 05:26:31.898: 34 avg_steps: 546.0
2024-10-16 05:26:31.898: 34 epsilon: 0.1
2024-10-16 05:26:31.898: 34 q: 5.9190283
2024-10-16 05:36:50.546: 35 test start:
2024-10-16 05:37:00.319: 35 avg_reward: 1715.5
2024-10-16 05:37:00.319: 35 avg_steps: 574.35
2024-10-16 05:37:00.319: 35 epsilon: 0.1
2024-10-16 05:37:00.319: 35 q: 5.954414
2024-10-16 05:47:16.271: 36 test start:
2024-10-16 05:47:25.143: 36 avg_reward: 1493.0
2024-10-16 05:47:25.143: 36 avg_steps: 460.95
2024-10-16 05:47:25.143: 36 epsilon: 0.1
2024-10-16 05:47:25.143: 36 q: 6.072454
2024-10-16 05:57:46.062: 37 test start:
2024-10-16 05:57:56.712: 37 avg_reward: 1808.0
2024-10-16 05:57:56.712: 37 avg_steps: 566.45
2024-10-16 05:57:56.713: 37 epsilon: 0.1
2024-10-16 05:57:56.713: 37 q: 6.0764017
2024-10-16 06:08:15.591: 38 test start:
2024-10-16 06:08:23.646: 38 avg_reward: 1153.0
2024-10-16 06:08:23.646: 38 avg_steps: 425.35
2024-10-16 06:08:23.647: 38 epsilon: 0.1
2024-10-16 06:08:23.647: 38 q: 6.0381646
2024-10-16 06:18:34.623: 39 test start:
2024-10-16 06:18:45.314: 39 avg_reward: 1728.0
2024-10-16 06:18:45.314: 39 avg_steps: 568.75
2024-10-16 06:18:45.314: 39 epsilon: 0.1
2024-10-16 06:18:45.315: 39 q: 6.032565
2024-10-16 06:29:04.890: 40 test start:
2024-10-16 06:29:15.514: 40 avg_reward: 1673.0
2024-10-16 06:29:15.514: 40 avg_steps: 546.55
2024-10-16 06:29:15.514: 40 epsilon: 0.1
2024-10-16 06:29:15.514: 40 q: 5.9964213
2024-10-16 06:39:36.487: 41 test start:
2024-10-16 06:39:46.196: 41 avg_reward: 1578.0
2024-10-16 06:39:46.197: 41 avg_steps: 510.9
2024-10-16 06:39:46.197: 41 epsilon: 0.1
2024-10-16 06:39:46.197: 41 q: 6.019724
2024-10-16 06:50:12.868: 42 test start:
2024-10-16 06:50:20.980: 42 avg_reward: 1308.0
2024-10-16 06:50:20.980: 42 avg_steps: 442.9
2024-10-16 06:50:20.980: 42 epsilon: 0.1
2024-10-16 06:50:20.980: 42 q: 6.127211
2024-10-16 07:00:41.767: 43 test start:
2024-10-16 07:00:52.796: 43 avg_reward: 1630.5
2024-10-16 07:00:52.796: 43 avg_steps: 581.55
2024-10-16 07:00:52.796: 43 epsilon: 0.1
2024-10-16 07:00:52.796: 43 q: 6.1233315
2024-10-16 07:11:15.311: 44 test start:
2024-10-16 07:11:26.740: 44 avg_reward: 1945.5
2024-10-16 07:11:26.740: 44 avg_steps: 632.1
2024-10-16 07:11:26.740: 44 epsilon: 0.1
2024-10-16 07:11:26.740: 44 q: 6.262817
2024-10-16 07:21:48.968: 45 test start:
2024-10-16 07:21:59.293: 45 avg_reward: 1658.0
2024-10-16 07:21:59.293: 45 avg_steps: 551.0
2024-10-16 07:21:59.293: 45 epsilon: 0.1
2024-10-16 07:21:59.293: 45 q: 6.343089
2024-10-16 07:32:18.064: 46 test start:
2024-10-16 07:32:27.930: 46 avg_reward: 1473.0
2024-10-16 07:32:27.930: 46 avg_steps: 527.05
2024-10-16 07:32:27.930: 46 epsilon: 0.1
2024-10-16 07:32:27.930: 46 q: 6.4485683
2024-10-16 07:42:47.563: 47 test start:
2024-10-16 07:42:57.210: 47 avg_reward: 1575.5
2024-10-16 07:42:57.210: 47 avg_steps: 521.3
2024-10-16 07:42:57.210: 47 epsilon: 0.1
2024-10-16 07:42:57.210: 47 q: 6.2775517
2024-10-16 07:53:15.677: 48 test start:
2024-10-16 07:53:26.067: 48 avg_reward: 1588.0
2024-10-16 07:53:26.067: 48 avg_steps: 543.95
2024-10-16 07:53:26.067: 48 epsilon: 0.1
2024-10-16 07:53:26.067: 48 q: 6.415492
2024-10-16 08:03:45.913: 49 test start:
2024-10-16 08:03:55.899: 49 avg_reward: 1540.5
2024-10-16 08:03:55.899: 49 avg_steps: 528.7
2024-10-16 08:03:55.899: 49 epsilon: 0.1
2024-10-16 08:03:55.899: 49 q: 6.459298
2024-10-16 08:14:10.933: 50 test start:
2024-10-16 08:14:23.450: 50 avg_reward: 1970.5
2024-10-16 08:14:23.450: 50 avg_steps: 666.0
2024-10-16 08:14:23.450: 50 epsilon: 0.1
2024-10-16 08:14:23.450: 50 q: 6.582438
2024-10-16 08:24:43.553: 51 test start:
2024-10-16 08:24:53.238: 51 avg_reward: 1305.5
2024-10-16 08:24:53.239: 51 avg_steps: 505.9
2024-10-16 08:24:53.239: 51 epsilon: 0.1
2024-10-16 08:24:53.239: 51 q: 6.5898457
2024-10-16 08:35:11.763: 52 test start:
2024-10-16 08:35:22.370: 52 avg_reward: 1510.5
2024-10-16 08:35:22.370: 52 avg_steps: 574.7
2024-10-16 08:35:22.370: 52 epsilon: 0.1
2024-10-16 08:35:22.370: 52 q: 6.7070723
2024-10-16 08:45:43.572: 53 test start:
2024-10-16 08:45:53.718: 53 avg_reward: 1515.5
2024-10-16 08:45:53.718: 53 avg_steps: 537.3
2024-10-16 08:45:53.718: 53 epsilon: 0.1
2024-10-16 08:45:53.719: 53 q: 6.7270703
2024-10-16 08:56:12.113: 54 test start:
2024-10-16 08:56:22.567: 54 avg_reward: 1583.0
2024-10-16 08:56:22.567: 54 avg_steps: 553.75
2024-10-16 08:56:22.567: 54 epsilon: 0.1
2024-10-16 08:56:22.567: 54 q: 6.77406
2024-10-16 09:06:42.966: 55 test start:
2024-10-16 09:06:53.504: 55 avg_reward: 1720.5
2024-10-16 09:06:53.504: 55 avg_steps: 559.75
2024-10-16 09:06:53.504: 55 epsilon: 0.1
2024-10-16 09:06:53.504: 55 q: 6.785269
2024-10-16 09:17:07.797: 56 test start:
2024-10-16 09:17:18.774: 56 avg_reward: 1763.0
2024-10-16 09:17:18.774: 56 avg_steps: 578.5
2024-10-16 09:17:18.774: 56 epsilon: 0.1
2024-10-16 09:17:18.774: 56 q: 6.7899647
2024-10-16 09:27:35.580: 57 test start:
2024-10-16 09:27:46.471: 57 avg_reward: 1740.5
2024-10-16 09:27:46.472: 57 avg_steps: 572.85
2024-10-16 09:27:46.472: 57 epsilon: 0.1
2024-10-16 09:27:46.472: 57 q: 6.7791386
2024-10-16 09:38:03.933: 58 test start:
2024-10-16 09:38:17.288: 58 avg_reward: 2025.5
2024-10-16 09:38:17.288: 58 avg_steps: 717.3
2024-10-16 09:38:17.288: 58 epsilon: 0.1
2024-10-16 09:38:17.288: 58 q: 6.904334
2024-10-16 09:48:32.617: 59 test start:
2024-10-16 09:48:43.345: 59 avg_reward: 1700.5
2024-10-16 09:48:43.346: 59 avg_steps: 564.2
2024-10-16 09:48:43.346: 59 epsilon: 0.1
2024-10-16 09:48:43.346: 59 q: 6.92679
2024-10-16 09:58:36.349: 60 test start:
2024-10-16 09:58:47.232: 60 avg_reward: 1670.5
2024-10-16 09:58:47.233: 60 avg_steps: 578.25
2024-10-16 09:58:47.233: 60 epsilon: 0.1
2024-10-16 09:58:47.233: 60 q: 6.8268447
2024-10-16 10:09:05.759: 61 test start:
2024-10-16 10:09:15.776: 61 avg_reward: 1413.0
2024-10-16 10:09:15.776: 61 avg_steps: 527.2
2024-10-16 10:09:15.776: 61 epsilon: 0.1
2024-10-16 10:09:15.776: 61 q: 6.9154754
2024-10-16 10:19:31.578: 62 test start:
2024-10-16 10:19:42.359: 62 avg_reward: 1813.0
2024-10-16 10:19:42.359: 62 avg_steps: 582.4
2024-10-16 10:19:42.359: 62 epsilon: 0.1
2024-10-16 10:19:42.359: 62 q: 6.863919
2024-10-16 10:30:05.468: 63 test start:
2024-10-16 10:30:12.595: 63 avg_reward: 850.5
2024-10-16 10:30:12.595: 63 avg_steps: 388.75
2024-10-16 10:30:12.595: 63 epsilon: 0.1
2024-10-16 10:30:12.595: 63 q: 6.762697
2024-10-16 10:40:31.322: 64 test start:
2024-10-16 10:40:41.193: 64 avg_reward: 1605.5
2024-10-16 10:40:41.193: 64 avg_steps: 517.65
2024-10-16 10:40:41.193: 64 epsilon: 0.1
2024-10-16 10:40:41.193: 64 q: 6.75055
2024-10-16 10:50:56.984: 65 test start:
2024-10-16 10:51:07.300: 65 avg_reward: 1593.0
2024-10-16 10:51:07.300: 65 avg_steps: 539.6
2024-10-16 10:51:07.300: 65 epsilon: 0.1
2024-10-16 10:51:07.300: 65 q: 6.786074
2024-10-16 11:01:22.829: 66 test start:
2024-10-16 11:01:31.568: 66 avg_reward: 1385.5
2024-10-16 11:01:31.568: 66 avg_steps: 472.0
2024-10-16 11:01:31.568: 66 epsilon: 0.1
2024-10-16 11:01:31.568: 66 q: 6.7797947
2024-10-16 11:11:49.417: 67 test start:
2024-10-16 11:11:56.396: 67 avg_reward: 765.5
2024-10-16 11:11:56.396: 67 avg_steps: 368.85
2024-10-16 11:11:56.396: 67 epsilon: 0.1
2024-10-16 11:11:56.396: 67 q: 6.825885
2024-10-16 11:22:06.139: 68 test start:
2024-10-16 11:22:16.942: 68 avg_reward: 1693.0
2024-10-16 11:22:16.942: 68 avg_steps: 566.45
2024-10-16 11:22:16.942: 68 epsilon: 0.1
2024-10-16 11:22:16.943: 68 q: 6.9252124
2024-10-16 11:32:41.853: 69 test start:
2024-10-16 11:32:49.621: 69 avg_reward: 950.5
2024-10-16 11:32:49.621: 69 avg_steps: 405.65
2024-10-16 11:32:49.621: 69 epsilon: 0.1
2024-10-16 11:32:49.621: 69 q: 6.917379
2024-10-16 11:43:12.138: 70 test start:
2024-10-16 11:43:21.423: 70 avg_reward: 1265.5
2024-10-16 11:43:21.423: 70 avg_steps: 488.4
2024-10-16 11:43:21.423: 70 epsilon: 0.1
2024-10-16 11:43:21.423: 70 q: 7.062663
2024-10-16 11:53:46.085: 71 test start:
2024-10-16 11:53:53.821: 71 avg_reward: 930.5
2024-10-16 11:53:53.822: 71 avg_steps: 401.9
2024-10-16 11:53:53.822: 71 epsilon: 0.1
2024-10-16 11:53:53.822: 71 q: 7.0468926
2024-10-16 12:04:13.483: 72 test start:
2024-10-16 12:04:23.729: 72 avg_reward: 1633.0
2024-10-16 12:04:23.730: 72 avg_steps: 550.0
2024-10-16 12:04:23.730: 72 epsilon: 0.1
2024-10-16 12:04:23.730: 72 q: 7.086217
2024-10-16 12:14:48.918: 73 test start:
2024-10-16 12:14:56.807: 73 avg_reward: 1003.0
2024-10-16 12:14:56.807: 73 avg_steps: 413.55
2024-10-16 12:14:56.807: 73 epsilon: 0.1
2024-10-16 12:14:56.807: 73 q: 6.9668584
2024-10-16 12:25:21.731: 74 test start:
2024-10-16 12:25:31.937: 74 avg_reward: 1670.5
2024-10-16 12:25:31.937: 74 avg_steps: 539.85
2024-10-16 12:25:31.937: 74 epsilon: 0.1
2024-10-16 12:25:31.937: 74 q: 6.982254
2024-10-16 12:35:56.042: 75 test start:
2024-10-16 12:36:05.917: 75 avg_reward: 1623.0
2024-10-16 12:36:05.917: 75 avg_steps: 540.35
2024-10-16 12:36:05.917: 75 epsilon: 0.1
2024-10-16 12:36:05.917: 75 q: 6.993423
2024-10-16 12:46:31.134: 76 test start:
2024-10-16 12:46:42.260: 76 avg_reward: 1810.5
2024-10-16 12:46:42.260: 76 avg_steps: 586.45
2024-10-16 12:46:42.260: 76 epsilon: 0.1
2024-10-16 12:46:42.260: 76 q: 7.1073117
2024-10-16 12:57:00.375: 77 test start:
2024-10-16 12:57:10.175: 77 avg_reward: 1463.0
2024-10-16 12:57:10.175: 77 avg_steps: 528.35
2024-10-16 12:57:10.176: 77 epsilon: 0.1
2024-10-16 12:57:10.176: 77 q: 7.0685925
2024-10-16 13:07:27.836: 78 test start:
2024-10-16 13:07:40.147: 78 avg_reward: 1845.5
2024-10-16 13:07:40.147: 78 avg_steps: 645.65
2024-10-16 13:07:40.147: 78 epsilon: 0.1
2024-10-16 13:07:40.148: 78 q: 7.0334473
2024-10-16 13:17:58.258: 79 test start:
2024-10-16 13:18:08.624: 79 avg_reward: 1628.0
2024-10-16 13:18:08.625: 79 avg_steps: 551.6
2024-10-16 13:18:08.625: 79 epsilon: 0.1
2024-10-16 13:18:08.625: 79 q: 7.0361524
2024-10-16 13:28:28.534: 80 test start:
2024-10-16 13:28:38.568: 80 avg_reward: 1768.0
2024-10-16 13:28:38.569: 80 avg_steps: 545.95
2024-10-16 13:28:38.569: 80 epsilon: 0.1
2024-10-16 13:28:38.569: 80 q: 6.978418
2024-10-16 13:38:57.299: 81 test start:
2024-10-16 13:39:09.902: 81 avg_reward: 2043.0
2024-10-16 13:39:09.903: 81 avg_steps: 664.45
2024-10-16 13:39:09.903: 81 epsilon: 0.1
2024-10-16 13:39:09.903: 81 q: 6.943396
2024-10-16 13:49:27.287: 82 test start:
2024-10-16 13:49:38.048: 82 avg_reward: 1680.5
2024-10-16 13:49:38.049: 82 avg_steps: 569.3
2024-10-16 13:49:38.049: 82 epsilon: 0.1
2024-10-16 13:49:38.049: 82 q: 6.938875
2024-10-16 13:59:58.271: 83 test start:
2024-10-16 14:00:09.167: 83 avg_reward: 1890.5
2024-10-16 14:00:09.167: 83 avg_steps: 581.25
2024-10-16 14:00:09.167: 83 epsilon: 0.1
2024-10-16 14:00:09.167: 83 q: 6.892862
2024-10-16 14:10:32.606: 84 test start:
2024-10-16 14:10:42.520: 84 avg_reward: 1635.5
2024-10-16 14:10:42.520: 84 avg_steps: 523.7
2024-10-16 14:10:42.520: 84 epsilon: 0.1
2024-10-16 14:10:42.520: 84 q: 6.8768573
2024-10-16 14:21:00.396: 85 test start:
2024-10-16 14:21:11.229: 85 avg_reward: 1800.5
2024-10-16 14:21:11.229: 85 avg_steps: 576.4
2024-10-16 14:21:11.229: 85 epsilon: 0.1
2024-10-16 14:21:11.229: 85 q: 6.926571
2024-10-16 14:31:32.025: 86 test start:
2024-10-16 14:31:41.425: 86 avg_reward: 1445.5
2024-10-16 14:31:41.425: 86 avg_steps: 496.55
2024-10-16 14:31:41.425: 86 epsilon: 0.1
2024-10-16 14:31:41.425: 86 q: 6.925682
2024-10-16 14:42:04.661: 87 test start:
2024-10-16 14:42:14.288: 87 avg_reward: 1638.0
2024-10-16 14:42:14.289: 87 avg_steps: 527.75
2024-10-16 14:42:14.289: 87 epsilon: 0.1
2024-10-16 14:42:14.289: 87 q: 6.8930955
2024-10-16 14:52:30.865: 88 test start:
2024-10-16 14:52:36.568: 88 avg_reward: 588.0
2024-10-16 14:52:36.568: 88 avg_steps: 302.8
2024-10-16 14:52:36.568: 88 epsilon: 0.1
2024-10-16 14:52:36.568: 88 q: 6.80916
2024-10-16 15:02:55.977: 89 test start:
2024-10-16 15:03:06.671: 89 avg_reward: 1703.0
2024-10-16 15:03:06.671: 89 avg_steps: 559.05
2024-10-16 15:03:06.671: 89 epsilon: 0.1
2024-10-16 15:03:06.671: 89 q: 6.730211
2024-10-16 15:13:12.848: 90 test start:
2024-10-16 15:13:24.502: 90 avg_reward: 1763.0
2024-10-16 15:13:24.502: 90 avg_steps: 625.9
2024-10-16 15:13:24.502: 90 epsilon: 0.1
2024-10-16 15:13:24.502: 90 q: 6.750738
2024-10-16 15:23:50.039: 91 test start:
2024-10-16 15:24:01.481: 91 avg_reward: 1838.0
2024-10-16 15:24:01.481: 91 avg_steps: 631.05
2024-10-16 15:24:01.481: 91 epsilon: 0.1
2024-10-16 15:24:01.481: 91 q: 6.706731
2024-10-16 15:34:22.182: 92 test start:
2024-10-16 15:34:34.202: 92 avg_reward: 1938.0
2024-10-16 15:34:34.202: 92 avg_steps: 631.95
2024-10-16 15:34:34.208: 92 epsilon: 0.1
2024-10-16 15:34:34.208: 92 q: 6.6737323
2024-10-16 15:44:57.944: 93 test start:
2024-10-16 15:45:10.752: 93 avg_reward: 2065.5
2024-10-16 15:45:10.753: 93 avg_steps: 680.15
2024-10-16 15:45:10.753: 93 epsilon: 0.1
2024-10-16 15:45:10.753: 93 q: 6.7059484
2024-10-16 15:55:31.636: 94 test start:
2024-10-16 15:55:42.810: 94 avg_reward: 1810.5
2024-10-16 15:55:42.811: 94 avg_steps: 591.05
2024-10-16 15:55:42.811: 94 epsilon: 0.1
2024-10-16 15:55:42.811: 94 q: 6.7526903
2024-10-16 16:05:32.598: 95 test start:
2024-10-16 16:05:42.236: 95 avg_reward: 1448.0
2024-10-16 16:05:42.236: 95 avg_steps: 509.85
2024-10-16 16:05:42.236: 95 epsilon: 0.1
2024-10-16 16:05:42.236: 95 q: 6.810271
2024-10-16 16:16:03.425: 96 test start:
2024-10-16 16:16:13.756: 96 avg_reward: 1813.0
2024-10-16 16:16:13.756: 96 avg_steps: 579.3
2024-10-16 16:16:13.756: 96 epsilon: 0.1
2024-10-16 16:16:13.756: 96 q: 6.880538
2024-10-16 16:26:29.887: 97 test start:
2024-10-16 16:26:40.918: 97 avg_reward: 1893.0
2024-10-16 16:26:40.918: 97 avg_steps: 585.5
2024-10-16 16:26:40.918: 97 epsilon: 0.1
2024-10-16 16:26:40.918: 97 q: 6.8193045
2024-10-16 16:37:00.366: 98 test start:
2024-10-16 16:37:10.744: 98 avg_reward: 1730.5
2024-10-16 16:37:10.744: 98 avg_steps: 573.35
2024-10-16 16:37:10.744: 98 epsilon: 0.1
2024-10-16 16:37:10.744: 98 q: 6.870007
2024-10-16 16:47:31.605: 99 test start:
2024-10-16 16:47:45.821: 99 avg_reward: 2328.0
2024-10-16 16:47:45.821: 99 avg_steps: 768.4
2024-10-16 16:47:45.821: 99 epsilon: 0.1
2024-10-16 16:47:45.821: 99 q: 6.8402605
2024-10-16 16:57:30.188: 100 test start:
2024-10-16 16:57:39.794: 100 avg_reward: 1618.0
2024-10-16 16:57:39.794: 100 avg_steps: 521.35
2024-10-16 16:57:39.794: 100 epsilon: 0.1
2024-10-16 16:57:39.794: 100 q: 6.8266053
2024-10-16 17:08:00.026: 101 test start:
2024-10-16 17:08:10.137: 101 avg_reward: 1640.5
2024-10-16 17:08:10.137: 101 avg_steps: 537.2
2024-10-16 17:08:10.137: 101 epsilon: 0.1
2024-10-16 17:08:10.137: 101 q: 6.9046707
2024-10-16 17:18:22.368: 102 test start:
2024-10-16 17:18:32.008: 102 avg_reward: 1518.0
2024-10-16 17:18:32.008: 102 avg_steps: 518.3
2024-10-16 17:18:32.008: 102 epsilon: 0.1
2024-10-16 17:18:32.008: 102 q: 6.9586425
2024-10-16 17:28:25.888: 103 test start:
2024-10-16 17:28:34.591: 103 avg_reward: 1590.5
2024-10-16 17:28:34.591: 103 avg_steps: 486.1
2024-10-16 17:28:34.591: 103 epsilon: 0.1
2024-10-16 17:28:34.592: 103 q: 7.070636
2024-10-16 17:38:41.438: 104 test start:
2024-10-16 17:38:51.439: 104 avg_reward: 1588.0
2024-10-16 17:38:51.440: 104 avg_steps: 537.6
2024-10-16 17:38:51.440: 104 epsilon: 0.1
2024-10-16 17:38:51.440: 104 q: 7.041011
2024-10-16 17:48:51.468: 105 test start:
2024-10-16 17:49:03.083: 105 avg_reward: 1875.5
2024-10-16 17:49:03.083: 105 avg_steps: 625.05
2024-10-16 17:49:03.083: 105 epsilon: 0.1
2024-10-16 17:49:03.084: 105 q: 7.0153856
2024-10-16 17:59:16.768: 106 test start:
2024-10-16 17:59:30.227: 106 avg_reward: 2105.5
2024-10-16 17:59:30.227: 106 avg_steps: 740.5
2024-10-16 17:59:30.227: 106 epsilon: 0.1
2024-10-16 17:59:30.227: 106 q: 7.087572
2024-10-16 18:09:34.311: 107 test start:
2024-10-16 18:09:45.633: 107 avg_reward: 1795.5
2024-10-16 18:09:45.633: 107 avg_steps: 596.85
2024-10-16 18:09:45.633: 107 epsilon: 0.1
2024-10-16 18:09:45.633: 107 q: 7.070766
2024-10-16 18:19:50.486: 108 test start:
2024-10-16 18:20:01.064: 108 avg_reward: 1760.5
2024-10-16 18:20:01.064: 108 avg_steps: 592.4
2024-10-16 18:20:01.064: 108 epsilon: 0.1
2024-10-16 18:20:01.064: 108 q: 7.0769153
2024-10-16 18:30:14.647: 109 test start:
2024-10-16 18:30:23.403: 109 avg_reward: 1395.5
2024-10-16 18:30:23.403: 109 avg_steps: 485.65
2024-10-16 18:30:23.403: 109 epsilon: 0.1
2024-10-16 18:30:23.403: 109 q: 7.1383104
2024-10-16 18:40:40.808: 110 test start:
2024-10-16 18:40:53.308: 110 avg_reward: 2045.5
2024-10-16 18:40:53.308: 110 avg_steps: 660.15
2024-10-16 18:40:53.308: 110 epsilon: 0.1
2024-10-16 18:40:53.308: 110 q: 7.160225
2024-10-16 18:50:49.541: 111 test start:
2024-10-16 18:51:01.536: 111 avg_reward: 1993.0
2024-10-16 18:51:01.536: 111 avg_steps: 657.35
2024-10-16 18:51:01.536: 111 epsilon: 0.1
2024-10-16 18:51:01.536: 111 q: 7.0110044
2024-10-16 19:01:11.990: 112 test start:
2024-10-16 19:01:23.428: 112 avg_reward: 1808.0
2024-10-16 19:01:23.428: 112 avg_steps: 611.25
2024-10-16 19:01:23.428: 112 epsilon: 0.1
2024-10-16 19:01:23.428: 112 q: 7.068313
2024-10-16 19:11:15.706: 113 test start:
2024-10-16 19:11:26.024: 113 avg_reward: 1755.5
2024-10-16 19:11:26.024: 113 avg_steps: 567.1
2024-10-16 19:11:26.024: 113 epsilon: 0.1
2024-10-16 19:11:26.024: 113 q: 7.096758
2024-10-16 19:21:45.091: 114 test start:
2024-10-16 19:21:54.591: 114 avg_reward: 1468.0
2024-10-16 19:21:54.591: 114 avg_steps: 506.95
2024-10-16 19:21:54.591: 114 epsilon: 0.1
2024-10-16 19:21:54.591: 114 q: 7.0883822
2024-10-16 19:31:43.249: 115 test start:
2024-10-16 19:31:55.174: 115 avg_reward: 1930.5
2024-10-16 19:31:55.174: 115 avg_steps: 637.95
2024-10-16 19:31:55.174: 115 epsilon: 0.1
2024-10-16 19:31:55.174: 115 q: 7.2085056
2024-10-16 19:42:11.696: 116 test start:
2024-10-16 19:42:21.753: 116 avg_reward: 1643.0
2024-10-16 19:42:21.753: 116 avg_steps: 553.1
2024-10-16 19:42:21.753: 116 epsilon: 0.1
2024-10-16 19:42:21.754: 116 q: 7.072738
2024-10-16 19:52:12.796: 117 test start:
2024-10-16 19:52:23.890: 117 avg_reward: 1950.5
2024-10-16 19:52:23.890: 117 avg_steps: 610.95
2024-10-16 19:52:23.891: 117 epsilon: 0.1
2024-10-16 19:52:23.891: 117 q: 7.113211
2024-10-16 20:02:32.128: 118 test start:
2024-10-16 20:02:43.367: 118 avg_reward: 1975.5
2024-10-16 20:02:43.367: 118 avg_steps: 630.45
2024-10-16 20:02:43.367: 118 epsilon: 0.1
2024-10-16 20:02:43.367: 118 q: 7.078204
2024-10-16 20:12:51.523: 119 test start:
2024-10-16 20:13:03.190: 119 avg_reward: 1753.0
2024-10-16 20:13:03.190: 119 avg_steps: 618.2
2024-10-16 20:13:03.190: 119 epsilon: 0.1
2024-10-16 20:13:03.190: 119 q: 7.1048827
2024-10-16 20:23:03.331: 120 test start:
2024-10-16 20:23:14.307: 120 avg_reward: 1743.0
2024-10-16 20:23:14.307: 120 avg_steps: 619.7
2024-10-16 20:23:14.308: 120 epsilon: 0.1
2024-10-16 20:23:14.308: 120 q: 7.0315194
2024-10-16 20:33:29.061: 121 test start:
2024-10-16 20:33:41.842: 121 avg_reward: 2160.5
2024-10-16 20:33:41.842: 121 avg_steps: 685.9
2024-10-16 20:33:41.842: 121 epsilon: 0.1
2024-10-16 20:33:41.843: 121 q: 7.043962
2024-10-16 20:43:35.134: 122 test start:
2024-10-16 20:43:44.913: 122 avg_reward: 1633.0
2024-10-16 20:43:44.914: 122 avg_steps: 540.8
2024-10-16 20:43:44.914: 122 epsilon: 0.1
2024-10-16 20:43:44.914: 122 q: 7.064455
2024-10-16 20:54:01.216: 123 test start:
2024-10-16 20:54:13.724: 123 avg_reward: 2028.0
2024-10-16 20:54:13.724: 123 avg_steps: 666.6
2024-10-16 20:54:13.724: 123 epsilon: 0.1
2024-10-16 20:54:13.724: 123 q: 7.0529056
2024-10-16 21:04:03.487: 124 test start:
2024-10-16 21:04:09.553: 124 avg_reward: 555.5
2024-10-16 21:04:09.553: 124 avg_steps: 332.15
2024-10-16 21:04:09.553: 124 epsilon: 0.1
2024-10-16 21:04:09.553: 124 q: 7.1428533
2024-10-16 21:14:24.630: 125 test start:
2024-10-16 21:14:37.076: 125 avg_reward: 1958.0
2024-10-16 21:14:37.076: 125 avg_steps: 665.75
2024-10-16 21:14:37.076: 125 epsilon: 0.1
2024-10-16 21:14:37.076: 125 q: 7.1040783
2024-10-16 21:24:25.773: 126 test start:
2024-10-16 21:24:39.782: 126 avg_reward: 2300.5
2024-10-16 21:24:39.782: 126 avg_steps: 771.35
2024-10-16 21:24:39.783: 126 epsilon: 0.1
2024-10-16 21:24:39.783: 126 q: 7.1704817
2024-10-16 21:35:00.239: 127 test start:
2024-10-16 21:35:13.106: 127 avg_reward: 1928.0
2024-10-16 21:35:13.106: 127 avg_steps: 694.4
2024-10-16 21:35:13.106: 127 epsilon: 0.1
2024-10-16 21:35:13.106: 127 q: 7.2570906
2024-10-16 21:45:01.434: 128 test start:
2024-10-16 21:45:10.802: 128 avg_reward: 1298.0
2024-10-16 21:45:10.802: 128 avg_steps: 498.7
2024-10-16 21:45:10.802: 128 epsilon: 0.1
2024-10-16 21:45:10.802: 128 q: 7.2090583
2024-10-16 21:55:29.645: 129 test start:
2024-10-16 21:55:39.954: 129 avg_reward: 1638.0
2024-10-16 21:55:39.954: 129 avg_steps: 568.85
2024-10-16 21:55:39.954: 129 epsilon: 0.1
2024-10-16 21:55:39.954: 129 q: 7.245978
2024-10-16 22:05:32.309: 130 test start:
2024-10-16 22:05:44.961: 130 avg_reward: 2253.0
2024-10-16 22:05:44.962: 130 avg_steps: 681.35
2024-10-16 22:05:44.962: 130 epsilon: 0.1
2024-10-16 22:05:44.962: 130 q: 7.1104317
2024-10-16 22:15:59.578: 131 test start:
2024-10-16 22:16:11.448: 131 avg_reward: 2103.0
2024-10-16 22:16:11.449: 131 avg_steps: 675.4
2024-10-16 22:16:11.449: 131 epsilon: 0.1
2024-10-16 22:16:11.449: 131 q: 7.1568565
2024-10-16 22:26:08.085: 132 test start:
2024-10-16 22:26:18.576: 132 avg_reward: 1673.0
2024-10-16 22:26:18.576: 132 avg_steps: 563.3
2024-10-16 22:26:18.577: 132 epsilon: 0.1
2024-10-16 22:26:18.577: 132 q: 7.1820545
2024-10-16 22:36:29.159: 133 test start:
2024-10-16 22:36:39.046: 133 avg_reward: 1693.0
2024-10-16 22:36:39.046: 133 avg_steps: 546.55
2024-10-16 22:36:39.046: 133 epsilon: 0.1
2024-10-16 22:36:39.046: 133 q: 7.1260333
2024-10-16 22:46:41.734: 134 test start:
2024-10-16 22:46:53.812: 134 avg_reward: 2065.5
2024-10-16 22:46:53.812: 134 avg_steps: 652.2
2024-10-16 22:46:53.812: 134 epsilon: 0.1
2024-10-16 22:46:53.812: 134 q: 7.147256
2024-10-16 22:57:02.233: 135 test start:
2024-10-16 22:57:14.052: 135 avg_reward: 1990.5
2024-10-16 22:57:14.052: 135 avg_steps: 668.85
2024-10-16 22:57:14.052: 135 epsilon: 0.1
2024-10-16 22:57:14.053: 135 q: 7.1909256
2024-10-16 23:07:26.170: 136 test start:
2024-10-16 23:07:38.314: 136 avg_reward: 1890.5
2024-10-16 23:07:38.315: 136 avg_steps: 650.5
2024-10-16 23:07:38.315: 136 epsilon: 0.1
2024-10-16 23:07:38.315: 136 q: 7.261225
2024-10-16 23:17:41.204: 137 test start:
2024-10-16 23:17:52.630: 137 avg_reward: 1968.0
2024-10-16 23:17:52.631: 137 avg_steps: 637.8
2024-10-16 23:17:52.631: 137 epsilon: 0.1
2024-10-16 23:17:52.631: 137 q: 7.2663174
2024-10-16 23:28:07.687: 138 test start:
2024-10-16 23:28:14.553: 138 avg_reward: 725.5
2024-10-16 23:28:14.553: 138 avg_steps: 360.15
2024-10-16 23:28:14.553: 138 epsilon: 0.1
2024-10-16 23:28:14.553: 138 q: 7.321714
2024-10-16 23:38:07.998: 139 test start:
2024-10-16 23:38:18.171: 139 avg_reward: 1620.5
2024-10-16 23:38:18.171: 139 avg_steps: 555.05
2024-10-16 23:38:18.171: 139 epsilon: 0.1
2024-10-16 23:38:18.171: 139 q: 7.2523274
2024-10-16 23:48:33.898: 140 test start:
2024-10-16 23:48:44.036: 140 avg_reward: 1605.5
2024-10-16 23:48:44.037: 140 avg_steps: 543.45
2024-10-16 23:48:44.037: 140 epsilon: 0.1
2024-10-16 23:48:44.037: 140 q: 7.2351017
2024-10-16 23:58:33.416: 141 test start:
2024-10-16 23:58:44.409: 141 avg_reward: 1835.5
2024-10-16 23:58:44.409: 141 avg_steps: 615.6
2024-10-16 23:58:44.410: 141 epsilon: 0.1
2024-10-16 23:58:44.410: 141 q: 7.2093387
2024-10-17 00:09:12.527: 142 test start:
2024-10-17 00:09:27.805: 142 avg_reward: 2728.0
2024-10-17 00:09:27.805: 142 avg_steps: 830.35
2024-10-17 00:09:27.805: 142 epsilon: 0.1
2024-10-17 00:09:27.805: 142 q: 7.2138057
2024-10-17 00:19:11.347: 143 test start:
2024-10-17 00:19:25.090: 143 avg_reward: 2140.5
2024-10-17 00:19:25.090: 143 avg_steps: 719.2
2024-10-17 00:19:25.090: 143 epsilon: 0.1
2024-10-17 00:19:25.090: 143 q: 7.3064075
2024-10-17 00:29:48.064: 144 test start:
2024-10-17 00:30:01.742: 144 avg_reward: 2345.5
2024-10-17 00:30:01.742: 144 avg_steps: 745.7
2024-10-17 00:30:01.742: 144 epsilon: 0.1
2024-10-17 00:30:01.742: 144 q: 7.3960786
2024-10-17 00:39:48.344: 145 test start:
2024-10-17 00:39:59.733: 145 avg_reward: 1740.5
2024-10-17 00:39:59.734: 145 avg_steps: 598.55
2024-10-17 00:39:59.734: 145 epsilon: 0.1
2024-10-17 00:39:59.734: 145 q: 7.4549274
2024-10-17 00:50:13.454: 146 test start:
2024-10-17 00:50:24.499: 146 avg_reward: 1793.0
2024-10-17 00:50:24.499: 146 avg_steps: 604.45
2024-10-17 00:50:24.499: 146 epsilon: 0.1
2024-10-17 00:50:24.500: 146 q: 7.4023046
2024-10-17 01:00:12.714: 147 test start:
2024-10-17 01:00:20.911: 147 avg_reward: 1073.0
2024-10-17 01:00:20.911: 147 avg_steps: 433.6
2024-10-17 01:00:20.911: 147 epsilon: 0.1
2024-10-17 01:00:20.911: 147 q: 7.3818674
2024-10-17 01:10:33.307: 148 test start:
2024-10-17 01:10:38.968: 148 avg_reward: 480.5
2024-10-17 01:10:38.968: 148 avg_steps: 306.6
2024-10-17 01:10:38.968: 148 epsilon: 0.1
2024-10-17 01:10:38.968: 148 q: 7.429537
2024-10-17 01:20:30.824: 149 test start:
2024-10-17 01:20:41.014: 149 avg_reward: 1670.5
2024-10-17 01:20:41.014: 149 avg_steps: 543.2
2024-10-17 01:20:41.014: 149 epsilon: 0.1
2024-10-17 01:20:41.014: 149 q: 7.374953
2024-10-17 01:30:48.240: 150 test start:
2024-10-17 01:30:59.902: 150 avg_reward: 1978.0
2024-10-17 01:30:59.902: 150 avg_steps: 639.8
2024-10-17 01:30:59.902: 150 epsilon: 0.1
2024-10-17 01:30:59.902: 150 q: 7.457483
2024-10-17 01:41:00.752: 151 test start:
2024-10-17 01:41:12.209: 151 avg_reward: 1910.5
2024-10-17 01:41:12.209: 151 avg_steps: 638.55
2024-10-17 01:41:12.209: 151 epsilon: 0.1
2024-10-17 01:41:12.209: 151 q: 7.45594
2024-10-17 01:51:13.265: 152 test start:
2024-10-17 01:51:23.793: 152 avg_reward: 1703.0
2024-10-17 01:51:23.793: 152 avg_steps: 575.8
2024-10-17 01:51:23.793: 152 epsilon: 0.1
2024-10-17 01:51:23.793: 152 q: 7.579316
2024-10-17 02:01:31.248: 153 test start:
2024-10-17 02:01:41.488: 153 avg_reward: 1578.0
2024-10-17 02:01:41.489: 153 avg_steps: 545.5
2024-10-17 02:01:41.494: 153 epsilon: 0.1
2024-10-17 02:01:41.494: 153 q: 7.6808763
2024-10-17 02:11:39.501: 154 test start:
2024-10-17 02:11:52.216: 154 avg_reward: 2025.5
2024-10-17 02:11:52.217: 154 avg_steps: 697.7
2024-10-17 02:11:52.217: 154 epsilon: 0.1
2024-10-17 02:11:52.217: 154 q: 7.6407547
2024-10-17 02:22:05.959: 155 test start:
2024-10-17 02:22:16.867: 155 avg_reward: 1683.0
2024-10-17 02:22:16.867: 155 avg_steps: 576.2
2024-10-17 02:22:16.867: 155 epsilon: 0.1
2024-10-17 02:22:16.867: 155 q: 7.697895
2024-10-17 02:32:11.208: 156 test start:
2024-10-17 02:32:20.125: 156 avg_reward: 1360.5
2024-10-17 02:32:20.125: 156 avg_steps: 490.4
2024-10-17 02:32:20.125: 156 epsilon: 0.1
2024-10-17 02:32:20.125: 156 q: 7.652681
2024-10-17 02:42:30.756: 157 test start:
2024-10-17 02:42:42.002: 157 avg_reward: 1763.0
2024-10-17 02:42:42.003: 157 avg_steps: 599.25
2024-10-17 02:42:42.003: 157 epsilon: 0.1
2024-10-17 02:42:42.003: 157 q: 7.6511164
2024-10-17 02:52:25.569: 158 test start:
2024-10-17 02:52:36.513: 158 avg_reward: 1848.0
2024-10-17 02:52:36.513: 158 avg_steps: 603.9
2024-10-17 02:52:36.513: 158 epsilon: 0.1
2024-10-17 02:52:36.513: 158 q: 7.661298
2024-10-17 03:02:55.336: 159 test start:
2024-10-17 03:03:06.393: 159 avg_reward: 1745.5
2024-10-17 03:03:06.393: 159 avg_steps: 580.85
2024-10-17 03:03:06.394: 159 epsilon: 0.1
2024-10-17 03:03:06.394: 159 q: 7.712868
2024-10-17 03:12:49.095: 160 test start:
2024-10-17 03:13:01.761: 160 avg_reward: 2063.0
2024-10-17 03:13:01.761: 160 avg_steps: 668.4
2024-10-17 03:13:01.761: 160 epsilon: 0.1
2024-10-17 03:13:01.761: 160 q: 7.714875
2024-10-17 03:23:25.025: 161 test start:
2024-10-17 03:23:36.935: 161 avg_reward: 2108.0
2024-10-17 03:23:36.935: 161 avg_steps: 667.2
2024-10-17 03:23:36.936: 161 epsilon: 0.1
2024-10-17 03:23:36.936: 161 q: 7.7862353
2024-10-17 03:33:23.555: 162 test start:
2024-10-17 03:33:36.130: 162 avg_reward: 2153.0
2024-10-17 03:33:36.130: 162 avg_steps: 668.0
2024-10-17 03:33:36.130: 162 epsilon: 0.1
2024-10-17 03:33:36.130: 162 q: 7.8884478
2024-10-17 03:43:55.244: 163 test start:
2024-10-17 03:44:06.938: 163 avg_reward: 1985.5
2024-10-17 03:44:06.938: 163 avg_steps: 637.05
2024-10-17 03:44:06.938: 163 epsilon: 0.1
2024-10-17 03:44:06.938: 163 q: 7.987233
2024-10-17 03:53:54.229: 164 test start:
2024-10-17 03:54:06.757: 164 avg_reward: 2013.0
2024-10-17 03:54:06.757: 164 avg_steps: 679.6
2024-10-17 03:54:06.757: 164 epsilon: 0.1
2024-10-17 03:54:06.757: 164 q: 7.9451346
2024-10-17 04:04:26.340: 165 test start:
2024-10-17 04:04:36.523: 165 avg_reward: 1610.5
2024-10-17 04:04:36.523: 165 avg_steps: 556.7
2024-10-17 04:04:36.523: 165 epsilon: 0.1
2024-10-17 04:04:36.523: 165 q: 7.9428363
2024-10-17 04:14:36.449: 166 test start:
2024-10-17 04:14:47.530: 166 avg_reward: 1900.5
2024-10-17 04:14:47.531: 166 avg_steps: 609.45
2024-10-17 04:14:47.531: 166 epsilon: 0.1
2024-10-17 04:14:47.531: 166 q: 7.8387213
2024-10-17 04:24:54.648: 167 test start:
2024-10-17 04:25:05.515: 167 avg_reward: 1818.0
2024-10-17 04:25:05.516: 167 avg_steps: 598.25
2024-10-17 04:25:05.516: 167 epsilon: 0.1
2024-10-17 04:25:05.516: 167 q: 7.837114
2024-10-17 04:35:03.944: 168 test start:
2024-10-17 04:35:16.035: 168 avg_reward: 2055.5
2024-10-17 04:35:16.035: 168 avg_steps: 639.45
2024-10-17 04:35:16.035: 168 epsilon: 0.1
2024-10-17 04:35:16.035: 168 q: 7.8594313
2024-10-17 04:45:20.811: 169 test start:
2024-10-17 04:45:32.852: 169 avg_reward: 2053.0
2024-10-17 04:45:32.852: 169 avg_steps: 668.15
2024-10-17 04:45:32.852: 169 epsilon: 0.1
2024-10-17 04:45:32.852: 169 q: 7.803458
2024-10-17 04:55:39.412: 170 test start:
2024-10-17 04:55:51.487: 170 avg_reward: 1860.5
2024-10-17 04:55:51.487: 170 avg_steps: 636.0
2024-10-17 04:55:51.487: 170 epsilon: 0.1
2024-10-17 04:55:51.487: 170 q: 7.820594
2024-10-17 05:05:51.996: 171 test start:
2024-10-17 05:06:03.383: 171 avg_reward: 1860.5
2024-10-17 05:06:03.384: 171 avg_steps: 629.85
2024-10-17 05:06:03.384: 171 epsilon: 0.1
2024-10-17 05:06:03.384: 171 q: 7.7602763
2024-10-17 05:16:10.262: 172 test start:
2024-10-17 05:16:19.598: 172 avg_reward: 1338.0
2024-10-17 05:16:19.598: 172 avg_steps: 498.8
2024-10-17 05:16:19.598: 172 epsilon: 0.1
2024-10-17 05:16:19.598: 172 q: 7.7251806
2024-10-17 05:26:14.002: 173 test start:
2024-10-17 05:26:21.687: 173 avg_reward: 960.5
2024-10-17 05:26:21.688: 173 avg_steps: 420.55
2024-10-17 05:26:21.688: 173 epsilon: 0.1
2024-10-17 05:26:21.688: 173 q: 7.7538166
2024-10-17 05:36:32.762: 174 test start:
2024-10-17 05:36:43.073: 174 avg_reward: 1570.5
2024-10-17 05:36:43.073: 174 avg_steps: 552.8
2024-10-17 05:36:43.073: 174 epsilon: 0.1
2024-10-17 05:36:43.073: 174 q: 7.7774715
2024-10-17 05:46:36.361: 175 test start:
2024-10-17 05:46:46.284: 175 avg_reward: 1403.0
2024-10-17 05:46:46.284: 175 avg_steps: 539.95
2024-10-17 05:46:46.284: 175 epsilon: 0.1
2024-10-17 05:46:46.284: 175 q: 7.839288
2024-10-17 05:57:01.873: 176 test start:
2024-10-17 05:57:12.641: 176 avg_reward: 1698.0
2024-10-17 05:57:12.641: 176 avg_steps: 571.7
2024-10-17 05:57:12.641: 176 epsilon: 0.1
2024-10-17 05:57:12.641: 176 q: 7.859377
2024-10-17 06:07:01.289: 177 test start:
2024-10-17 06:07:11.243: 177 avg_reward: 1703.0
2024-10-17 06:07:11.243: 177 avg_steps: 542.05
2024-10-17 06:07:11.243: 177 epsilon: 0.1
2024-10-17 06:07:11.243: 177 q: 7.9786954
2024-10-17 06:17:40.301: 178 test start:
2024-10-17 06:17:53.830: 178 avg_reward: 2140.5
2024-10-17 06:17:53.830: 178 avg_steps: 720.65
2024-10-17 06:17:53.830: 178 epsilon: 0.1
2024-10-17 06:17:53.830: 178 q: 8.068048
2024-10-17 06:27:39.302: 179 test start:
2024-10-17 06:27:51.829: 179 avg_reward: 2015.5
2024-10-17 06:27:51.829: 179 avg_steps: 682.55
2024-10-17 06:27:51.830: 179 epsilon: 0.1
2024-10-17 06:27:51.830: 179 q: 8.123765
2024-10-17 06:38:13.813: 180 test start:
2024-10-17 06:38:29.629: 180 avg_reward: 2768.0
2024-10-17 06:38:29.629: 180 avg_steps: 885.6
2024-10-17 06:38:29.629: 180 epsilon: 0.1
2024-10-17 06:38:29.629: 180 q: 8.12746
2024-10-17 06:48:15.857: 181 test start:
2024-10-17 06:48:26.278: 181 avg_reward: 1540.5
2024-10-17 06:48:26.278: 181 avg_steps: 554.0
2024-10-17 06:48:26.278: 181 epsilon: 0.1
2024-10-17 06:48:26.278: 181 q: 8.089268
2024-10-17 06:58:43.709: 182 test start:
2024-10-17 06:58:54.801: 182 avg_reward: 1843.0
2024-10-17 06:58:54.801: 182 avg_steps: 616.05
2024-10-17 06:58:54.801: 182 epsilon: 0.1
2024-10-17 06:58:54.801: 182 q: 8.075709
2024-10-17 07:08:44.201: 183 test start:
2024-10-17 07:08:56.577: 183 avg_reward: 2023.0
2024-10-17 07:08:56.577: 183 avg_steps: 664.55
2024-10-17 07:08:56.577: 183 epsilon: 0.1
2024-10-17 07:08:56.578: 183 q: 8.039613
2024-10-17 07:19:08.695: 184 test start:
2024-10-17 07:19:19.737: 184 avg_reward: 1765.5
2024-10-17 07:19:19.737: 184 avg_steps: 608.9
2024-10-17 07:19:19.737: 184 epsilon: 0.1
2024-10-17 07:19:19.737: 184 q: 8.115582
2024-10-17 07:29:14.590: 185 test start:
2024-10-17 07:29:24.986: 185 avg_reward: 1505.5
2024-10-17 07:29:24.986: 185 avg_steps: 551.7
2024-10-17 07:29:24.987: 185 epsilon: 0.1
2024-10-17 07:29:24.987: 185 q: 8.196265
2024-10-17 07:39:33.862: 186 test start:
2024-10-17 07:39:46.418: 186 avg_reward: 2155.5
2024-10-17 07:39:46.418: 186 avg_steps: 686.9
2024-10-17 07:39:46.418: 186 epsilon: 0.1
2024-10-17 07:39:46.418: 186 q: 8.092588
2024-10-17 07:49:39.605: 187 test start:
2024-10-17 07:49:48.099: 187 avg_reward: 1103.0
2024-10-17 07:49:48.100: 187 avg_steps: 451.75
2024-10-17 07:49:48.100: 187 epsilon: 0.1
2024-10-17 07:49:48.100: 187 q: 8.05752
2024-10-17 07:59:49.533: 188 test start:
2024-10-17 07:59:58.385: 188 avg_reward: 1200.5
2024-10-17 07:59:58.385: 188 avg_steps: 486.45
2024-10-17 07:59:58.385: 188 epsilon: 0.1
2024-10-17 07:59:58.385: 188 q: 8.009169
2024-10-17 08:09:57.582: 189 test start:
2024-10-17 08:10:11.471: 189 avg_reward: 2220.5
2024-10-17 08:10:11.471: 189 avg_steps: 733.0
2024-10-17 08:10:11.471: 189 epsilon: 0.1
2024-10-17 08:10:11.471: 189 q: 7.964388
2024-10-17 08:20:13.120: 190 test start:
2024-10-17 08:20:21.321: 190 avg_reward: 1288.0
2024-10-17 08:20:21.321: 190 avg_steps: 460.5
2024-10-17 08:20:21.321: 190 epsilon: 0.1
2024-10-17 08:20:21.321: 190 q: 7.8875723
2024-10-17 08:30:32.069: 191 test start:
2024-10-17 08:30:42.069: 191 avg_reward: 1463.0
2024-10-17 08:30:42.069: 191 avg_steps: 525.35
2024-10-17 08:30:42.069: 191 epsilon: 0.1
2024-10-17 08:30:42.069: 191 q: 7.93488
2024-10-17 08:40:30.138: 192 test start:
2024-10-17 08:40:41.815: 192 avg_reward: 2010.5
2024-10-17 08:40:41.815: 192 avg_steps: 636.65
2024-10-17 08:40:41.815: 192 epsilon: 0.1
2024-10-17 08:40:41.815: 192 q: 7.876422
2024-10-17 08:50:56.041: 193 test start:
2024-10-17 08:51:06.267: 193 avg_reward: 1523.0
2024-10-17 08:51:06.267: 193 avg_steps: 557.6
2024-10-17 08:51:06.268: 193 epsilon: 0.1
2024-10-17 08:51:06.268: 193 q: 7.8481326
2024-10-17 09:00:59.569: 194 test start:
2024-10-17 09:01:10.309: 194 avg_reward: 1615.5
2024-10-17 09:01:10.309: 194 avg_steps: 585.75
2024-10-17 09:01:10.309: 194 epsilon: 0.1
2024-10-17 09:01:10.309: 194 q: 7.9273186
2024-10-17 09:11:22.799: 195 test start:
2024-10-17 09:11:34.216: 195 avg_reward: 1685.5
2024-10-17 09:11:34.216: 195 avg_steps: 609.1
2024-10-17 09:11:34.216: 195 epsilon: 0.1
2024-10-17 09:11:34.216: 195 q: 7.715833
2024-10-17 09:21:19.721: 196 test start:
2024-10-17 09:21:29.358: 196 avg_reward: 1463.0
2024-10-17 09:21:29.358: 196 avg_steps: 525.65
2024-10-17 09:21:29.358: 196 epsilon: 0.1
2024-10-17 09:21:29.358: 196 q: 7.9252167
2024-10-17 09:31:45.005: 197 test start:
2024-10-17 09:31:55.116: 197 avg_reward: 1508.0
2024-10-17 09:31:55.117: 197 avg_steps: 536.2
2024-10-17 09:31:55.117: 197 epsilon: 0.1
2024-10-17 09:31:55.117: 197 q: 7.9493184
2024-10-17 09:41:38.333: 198 test start:
2024-10-17 09:41:45.850: 198 avg_reward: 920.5
2024-10-17 09:41:45.850: 198 avg_steps: 404.05
2024-10-17 09:41:45.850: 198 epsilon: 0.1
2024-10-17 09:41:45.850: 198 q: 7.8598104
2024-10-17 09:52:09.326: 199 test start:
2024-10-17 09:52:21.111: 199 avg_reward: 1845.5
2024-10-17 09:52:21.111: 199 avg_steps: 623.1
2024-10-17 09:52:21.111: 199 epsilon: 0.1
2024-10-17 09:52:21.112: 199 q: 8.113784
2024-10-17 10:02:04.070: 200 test start:
2024-10-17 10:02:11.935: 200 avg_reward: 890.5
2024-10-17 10:02:11.936: 200 avg_steps: 425.5
2024-10-17 10:02:11.936: 200 epsilon: 0.1
2024-10-17 10:02:11.936: 200 q: 8.157746
