2024-05-01 10:09:31.899: 
parameters:agent_saving_period: 80000
agent_test_episodes: 20
batch_num_per_epoch: 100000
device: cuda:0
env_name: ALE/WizardOfWor-v5
epsilon_for_test: 0.05
epsilon_max: 1.0
epsilon_min: 0.1
exploration_steps: 1000000
gamma: 0.99
input_frame_height: 84
input_frame_width: 84
learning_rate: 1.0e-05
log_path: ../exps/dqn/
mini_batch_size: 32
no_op: 30
phi_channel: 4
replay_buffer_size: 200000
replay_start_size: 10000
save_path: ./exps/
skip_k_frame: 4
step_c: 10000
training_steps: 50000000

2024-05-01 10:25:37.872: 1 test start:
2024-05-01 10:26:00.028: 1 avg_reward: 170.0
2024-05-01 10:26:00.028: 1 avg_steps: 721.0
2024-05-01 10:26:00.028: 1 epsilon: 0.9201952
2024-05-01 10:46:21.343: 2 test start:
2024-05-01 10:46:43.377: 2 avg_reward: 435.0
2024-05-01 10:46:43.377: 2 avg_steps: 711.85
2024-05-01 10:46:43.377: 2 epsilon: 0.8324461
2024-05-01 11:08:45.159: 3 test start:
2024-05-01 11:09:07.305: 3 avg_reward: 210.0
2024-05-01 11:09:07.305: 3 avg_steps: 713.9
2024-05-01 11:09:07.305: 3 epsilon: 0.7453422999999999
2024-05-01 11:31:31.781: 4 test start:
2024-05-01 11:32:00.535: 4 avg_reward: 670.0
2024-05-01 11:32:00.535: 4 avg_steps: 872.55
2024-05-01 11:32:00.535: 4 epsilon: 0.6572241999999999
2024-05-01 11:54:13.588: 5 test start:
2024-05-01 11:54:54.573: 5 avg_reward: 310.0
2024-05-01 11:54:54.573: 5 avg_steps: 1298.5
2024-05-01 11:54:54.574: 5 epsilon: 0.5686983999999999
2024-05-01 12:17:42.355: 6 test start:
2024-05-01 12:18:21.790: 6 avg_reward: 610.0
2024-05-01 12:18:21.790: 6 avg_steps: 1257.35
2024-05-01 12:18:21.790: 6 epsilon: 0.48078999999999994
2024-05-01 12:40:08.201: 7 test start:
2024-05-01 12:40:39.482: 7 avg_reward: 370.0
2024-05-01 12:40:39.483: 7 avg_steps: 992.25
2024-05-01 12:40:39.483: 7 epsilon: 0.3946221999999999
2024-05-01 13:03:12.829: 8 test start:
2024-05-01 13:03:30.960: 8 avg_reward: 330.0
2024-05-01 13:03:30.961: 8 avg_steps: 567.45
2024-05-01 13:03:30.961: 8 epsilon: 0.306847
2024-05-01 13:23:20.803: 9 test start:
2024-05-01 13:23:42.356: 9 avg_reward: 350.0
2024-05-01 13:23:42.356: 9 avg_steps: 754.95
2024-05-01 13:23:42.356: 9 epsilon: 0.2193733
2024-05-01 13:42:56.727: 10 test start:
2024-05-01 13:43:41.271: 10 avg_reward: 395.0
2024-05-01 13:43:41.271: 10 avg_steps: 1512.7
2024-05-01 13:43:41.271: 10 epsilon: 0.13185459999999993
2024-05-01 14:03:48.148: 11 test start:
2024-05-01 14:04:12.928: 11 avg_reward: 320.0
2024-05-01 14:04:12.928: 11 avg_steps: 848.65
2024-05-01 14:04:12.928: 11 epsilon: 0.1
2024-05-01 14:23:43.466: 12 test start:
2024-05-01 14:24:20.253: 12 avg_reward: 640.0
2024-05-01 14:24:20.254: 12 avg_steps: 1128.6
2024-05-01 14:24:20.254: 12 epsilon: 0.1
2024-05-01 14:46:30.217: 13 test start:
2024-05-01 14:47:08.218: 13 avg_reward: 355.0
2024-05-01 14:47:08.219: 13 avg_steps: 1126.25
2024-05-01 14:47:08.219: 13 epsilon: 0.1
2024-05-01 15:09:51.251: 14 test start:
2024-05-01 15:10:22.790: 14 avg_reward: 315.0
2024-05-01 15:10:22.791: 14 avg_steps: 1019.15
2024-05-01 15:10:22.791: 14 epsilon: 0.1
2024-05-01 15:33:19.389: 15 test start:
2024-05-01 15:33:58.724: 15 avg_reward: 440.0
2024-05-01 15:33:58.725: 15 avg_steps: 1274.75
2024-05-01 15:33:58.725: 15 epsilon: 0.1
2024-05-01 15:56:09.372: 16 test start:
2024-05-01 15:56:40.187: 16 avg_reward: 590.0
2024-05-01 15:56:40.187: 16 avg_steps: 991.3
2024-05-01 15:56:40.187: 16 epsilon: 0.1
2024-05-01 16:18:44.595: 17 test start:
2024-05-01 16:19:06.336: 17 avg_reward: 370.0
2024-05-01 16:19:06.337: 17 avg_steps: 682.55
2024-05-01 16:19:06.337: 17 epsilon: 0.1
2024-05-01 16:41:44.873: 18 test start:
2024-05-01 16:42:12.229: 18 avg_reward: 620.0
2024-05-01 16:42:12.230: 18 avg_steps: 894.0
2024-05-01 16:42:12.230: 18 epsilon: 0.1
2024-05-01 17:04:46.597: 19 test start:
2024-05-01 17:05:41.689: 19 avg_reward: 735.0
2024-05-01 17:05:41.690: 19 avg_steps: 1774.7
2024-05-01 17:05:41.690: 19 epsilon: 0.1
2024-05-01 17:28:52.105: 20 test start:
2024-05-01 17:29:35.929: 20 avg_reward: 460.0
2024-05-01 17:29:35.929: 20 avg_steps: 1385.3
2024-05-01 17:29:35.929: 20 epsilon: 0.1
2024-05-01 17:51:33.060: 21 test start:
2024-05-01 17:52:29.128: 21 avg_reward: 555.0
2024-05-01 17:52:29.128: 21 avg_steps: 1768.3
2024-05-01 17:52:29.128: 21 epsilon: 0.1
2024-05-01 18:14:45.538: 22 test start:
2024-05-01 18:15:12.316: 22 avg_reward: 350.0
2024-05-01 18:15:12.317: 22 avg_steps: 855.7
2024-05-01 18:15:12.317: 22 epsilon: 0.1
2024-05-01 18:37:46.256: 23 test start:
2024-05-01 18:38:16.830: 23 avg_reward: 445.0
2024-05-01 18:38:16.830: 23 avg_steps: 977.5
2024-05-01 18:38:16.830: 23 epsilon: 0.1
2024-05-01 19:00:43.155: 24 test start:
2024-05-01 19:01:39.994: 24 avg_reward: 585.0
2024-05-01 19:01:39.994: 24 avg_steps: 1847.4
2024-05-01 19:01:39.994: 24 epsilon: 0.1
2024-05-01 19:24:06.655: 25 test start:
2024-05-01 19:24:40.313: 25 avg_reward: 510.0
2024-05-01 19:24:40.314: 25 avg_steps: 1091.1
2024-05-01 19:24:40.314: 25 epsilon: 0.1
2024-05-01 19:47:37.812: 26 test start:
2024-05-01 19:48:00.032: 26 avg_reward: 280.0
2024-05-01 19:48:00.033: 26 avg_steps: 687.95
2024-05-01 19:48:00.033: 26 epsilon: 0.1
2024-05-01 20:10:44.297: 27 test start:
2024-05-01 20:11:12.719: 27 avg_reward: 390.0
2024-05-01 20:11:12.719: 27 avg_steps: 911.4
2024-05-01 20:11:12.719: 27 epsilon: 0.1
2024-05-01 20:34:20.555: 28 test start:
2024-05-01 20:35:01.900: 28 avg_reward: 590.0
2024-05-01 20:35:01.901: 28 avg_steps: 1266.05
2024-05-01 20:35:01.901: 28 epsilon: 0.1
2024-05-01 20:56:51.061: 29 test start:
2024-05-01 20:57:26.097: 29 avg_reward: 505.0
2024-05-01 20:57:26.098: 29 avg_steps: 1048.55
2024-05-01 20:57:26.098: 29 epsilon: 0.1
2024-05-01 21:19:40.157: 30 test start:
2024-05-01 21:20:05.233: 30 avg_reward: 350.0
2024-05-01 21:20:05.233: 30 avg_steps: 738.6
2024-05-01 21:20:05.233: 30 epsilon: 0.1
2024-05-01 21:42:35.845: 31 test start:
2024-05-01 21:43:11.585: 31 avg_reward: 615.0
2024-05-01 21:43:11.586: 31 avg_steps: 1048.0
2024-05-01 21:43:11.586: 31 epsilon: 0.1
2024-05-01 22:06:00.009: 32 test start:
2024-05-01 22:06:35.754: 32 avg_reward: 405.0
2024-05-01 22:06:35.755: 32 avg_steps: 1022.8
2024-05-01 22:06:35.755: 32 epsilon: 0.1
2024-05-01 22:29:29.711: 33 test start:
2024-05-01 22:30:09.459: 33 avg_reward: 555.0
2024-05-01 22:30:09.460: 33 avg_steps: 1278.45
2024-05-01 22:30:09.460: 33 epsilon: 0.1
2024-05-01 22:52:21.739: 34 test start:
2024-05-01 22:53:07.625: 34 avg_reward: 445.0
2024-05-01 22:53:07.626: 34 avg_steps: 1427.9
2024-05-01 22:53:07.626: 34 epsilon: 0.1
2024-05-01 23:15:49.727: 35 test start:
2024-05-01 23:16:28.796: 35 avg_reward: 550.0
2024-05-01 23:16:28.797: 35 avg_steps: 1257.65
2024-05-01 23:16:28.797: 35 epsilon: 0.1
2024-05-01 23:39:36.084: 36 test start:
2024-05-01 23:40:08.404: 36 avg_reward: 435.0
2024-05-01 23:40:08.405: 36 avg_steps: 1007.25
2024-05-01 23:40:08.405: 36 epsilon: 0.1
2024-05-02 00:02:03.871: 37 test start:
2024-05-02 00:02:39.315: 37 avg_reward: 520.0
2024-05-02 00:02:39.316: 37 avg_steps: 1113.0
2024-05-02 00:02:39.316: 37 epsilon: 0.1
2024-05-02 00:25:30.414: 38 test start:
2024-05-02 00:26:03.508: 38 avg_reward: 435.0
2024-05-02 00:26:03.509: 38 avg_steps: 1042.65
2024-05-02 00:26:03.509: 38 epsilon: 0.1
2024-05-02 00:48:03.637: 39 test start:
2024-05-02 00:48:32.669: 39 avg_reward: 485.0
2024-05-02 00:48:32.669: 39 avg_steps: 941.9
2024-05-02 00:48:32.669: 39 epsilon: 0.1
2024-05-02 01:10:20.173: 40 test start:
2024-05-02 01:10:59.319: 40 avg_reward: 565.0
2024-05-02 01:10:59.319: 40 avg_steps: 1257.5
2024-05-02 01:10:59.319: 40 epsilon: 0.1
2024-05-02 01:33:00.880: 41 test start:
2024-05-02 01:33:25.826: 41 avg_reward: 330.0
2024-05-02 01:33:25.826: 41 avg_steps: 820.45
2024-05-02 01:33:25.826: 41 epsilon: 0.1
2024-05-02 01:55:48.069: 42 test start:
2024-05-02 01:56:25.640: 42 avg_reward: 420.0
2024-05-02 01:56:25.641: 42 avg_steps: 1246.0
2024-05-02 01:56:25.641: 42 epsilon: 0.1
2024-05-02 02:18:56.285: 43 test start:
2024-05-02 02:19:28.211: 43 avg_reward: 500.0
2024-05-02 02:19:28.212: 43 avg_steps: 1072.05
2024-05-02 02:19:28.212: 43 epsilon: 0.1
2024-05-02 02:41:38.264: 44 test start:
2024-05-02 02:41:57.322: 44 avg_reward: 220.0
2024-05-02 02:41:57.323: 44 avg_steps: 602.7
2024-05-02 02:41:57.323: 44 epsilon: 0.1
2024-05-02 03:04:19.114: 45 test start:
2024-05-02 03:04:56.468: 45 avg_reward: 410.0
2024-05-02 03:04:56.469: 45 avg_steps: 1181.0
2024-05-02 03:04:56.469: 45 epsilon: 0.1
2024-05-02 03:27:34.103: 46 test start:
2024-05-02 03:27:53.852: 46 avg_reward: 270.0
2024-05-02 03:27:53.852: 46 avg_steps: 632.8
2024-05-02 03:27:53.852: 46 epsilon: 0.1
2024-05-02 03:50:30.649: 47 test start:
2024-05-02 03:51:04.645: 47 avg_reward: 440.0
2024-05-02 03:51:04.645: 47 avg_steps: 1075.5
2024-05-02 03:51:04.645: 47 epsilon: 0.1
2024-05-02 04:13:11.759: 48 test start:
2024-05-02 04:14:00.580: 48 avg_reward: 620.0
2024-05-02 04:14:00.581: 48 avg_steps: 1591.5
2024-05-02 04:14:00.581: 48 epsilon: 0.1
2024-05-02 04:36:30.631: 49 test start:
2024-05-02 04:37:16.908: 49 avg_reward: 615.0
2024-05-02 04:37:16.908: 49 avg_steps: 1474.65
2024-05-02 04:37:16.908: 49 epsilon: 0.1
2024-05-02 05:00:07.267: 50 test start:
2024-05-02 05:00:40.050: 50 avg_reward: 415.0
2024-05-02 05:00:40.050: 50 avg_steps: 1055.1
2024-05-02 05:00:40.050: 50 epsilon: 0.1
2024-05-02 05:22:56.611: 51 test start:
2024-05-02 05:23:37.026: 51 avg_reward: 715.0
2024-05-02 05:23:37.026: 51 avg_steps: 1299.3
2024-05-02 05:23:37.026: 51 epsilon: 0.1
2024-05-02 05:46:04.383: 52 test start:
2024-05-02 05:46:52.295: 52 avg_reward: 880.0
2024-05-02 05:46:52.295: 52 avg_steps: 1537.95
2024-05-02 05:46:52.295: 52 epsilon: 0.1
2024-05-02 06:09:00.492: 53 test start:
2024-05-02 06:09:27.106: 53 avg_reward: 395.0
2024-05-02 06:09:27.107: 53 avg_steps: 854.2
2024-05-02 06:09:27.107: 53 epsilon: 0.1
2024-05-02 06:32:03.087: 54 test start:
2024-05-02 06:32:39.640: 54 avg_reward: 500.0
2024-05-02 06:32:39.640: 54 avg_steps: 1149.1
2024-05-02 06:32:39.640: 54 epsilon: 0.1
2024-05-02 06:54:52.562: 55 test start:
2024-05-02 06:55:18.635: 55 avg_reward: 430.0
2024-05-02 06:55:18.636: 55 avg_steps: 824.9
2024-05-02 06:55:18.636: 55 epsilon: 0.1
2024-05-02 07:18:02.185: 56 test start:
2024-05-02 07:18:48.214: 56 avg_reward: 460.0
2024-05-02 07:18:48.215: 56 avg_steps: 1473.25
2024-05-02 07:18:48.215: 56 epsilon: 0.1
2024-05-02 07:41:13.487: 57 test start:
2024-05-02 07:41:41.088: 57 avg_reward: 410.0
2024-05-02 07:41:41.088: 57 avg_steps: 913.3
2024-05-02 07:41:41.088: 57 epsilon: 0.1
2024-05-02 08:04:25.629: 58 test start:
2024-05-02 08:05:15.013: 58 avg_reward: 665.0
2024-05-02 08:05:15.014: 58 avg_steps: 1567.55
2024-05-02 08:05:15.014: 58 epsilon: 0.1
2024-05-02 08:27:46.084: 59 test start:
2024-05-02 08:28:19.725: 59 avg_reward: 375.0
2024-05-02 08:28:19.726: 59 avg_steps: 1043.0
2024-05-02 08:28:19.726: 59 epsilon: 0.1
2024-05-02 08:50:34.679: 60 test start:
2024-05-02 08:51:05.820: 60 avg_reward: 490.0
2024-05-02 08:51:05.821: 60 avg_steps: 969.35
2024-05-02 08:51:05.821: 60 epsilon: 0.1
2024-05-02 09:13:41.468: 61 test start:
2024-05-02 09:14:08.178: 61 avg_reward: 345.0
2024-05-02 09:14:08.179: 61 avg_steps: 833.0
2024-05-02 09:14:08.179: 61 epsilon: 0.1
2024-05-02 09:36:43.097: 62 test start:
2024-05-02 09:37:23.710: 62 avg_reward: 665.0
2024-05-02 09:37:23.710: 62 avg_steps: 1302.0
2024-05-02 09:37:23.710: 62 epsilon: 0.1
2024-05-02 10:00:13.347: 63 test start:
2024-05-02 10:01:01.620: 63 avg_reward: 810.0
2024-05-02 10:01:01.621: 63 avg_steps: 1557.95
2024-05-02 10:01:01.621: 63 epsilon: 0.1
2024-05-02 10:23:49.204: 64 test start:
2024-05-02 10:24:28.224: 64 avg_reward: 500.0
2024-05-02 10:24:28.225: 64 avg_steps: 1237.85
2024-05-02 10:24:28.225: 64 epsilon: 0.1
2024-05-02 10:46:54.633: 65 test start:
2024-05-02 10:47:30.735: 65 avg_reward: 505.0
2024-05-02 10:47:30.735: 65 avg_steps: 1163.2
2024-05-02 10:47:30.735: 65 epsilon: 0.1
2024-05-02 11:09:59.031: 66 test start:
2024-05-02 11:10:24.034: 66 avg_reward: 335.0
2024-05-02 11:10:24.034: 66 avg_steps: 789.45
2024-05-02 11:10:24.034: 66 epsilon: 0.1
2024-05-02 11:32:56.457: 67 test start:
2024-05-02 11:33:39.079: 67 avg_reward: 635.0
2024-05-02 11:33:39.079: 67 avg_steps: 1364.45
2024-05-02 11:33:39.080: 67 epsilon: 0.1
2024-05-02 11:56:31.919: 68 test start:
2024-05-02 11:57:19.929: 68 avg_reward: 570.0
2024-05-02 11:57:19.930: 68 avg_steps: 1536.65
2024-05-02 11:57:19.930: 68 epsilon: 0.1
2024-05-02 12:20:06.678: 69 test start:
2024-05-02 12:20:42.370: 69 avg_reward: 490.0
2024-05-02 12:20:42.371: 69 avg_steps: 1139.8
2024-05-02 12:20:42.371: 69 epsilon: 0.1
2024-05-02 12:43:00.706: 70 test start:
2024-05-02 12:43:34.848: 70 avg_reward: 460.0
2024-05-02 12:43:34.849: 70 avg_steps: 1037.85
2024-05-02 12:43:34.849: 70 epsilon: 0.1
2024-05-02 13:07:00.708: 71 test start:
2024-05-02 13:07:47.056: 71 avg_reward: 695.0
2024-05-02 13:07:47.057: 71 avg_steps: 1480.3
2024-05-02 13:07:47.057: 71 epsilon: 0.1
2024-05-02 13:29:18.467: 72 test start:
2024-05-02 13:30:00.281: 72 avg_reward: 415.0
2024-05-02 13:30:00.281: 72 avg_steps: 1215.25
2024-05-02 13:30:00.281: 72 epsilon: 0.1
2024-05-02 13:52:35.528: 73 test start:
2024-05-02 13:53:19.169: 73 avg_reward: 595.0
2024-05-02 13:53:19.170: 73 avg_steps: 1265.8
2024-05-02 13:53:19.170: 73 epsilon: 0.1
2024-05-02 14:16:47.797: 74 test start:
2024-05-02 14:17:36.771: 74 avg_reward: 645.0
2024-05-02 14:17:36.771: 74 avg_steps: 1430.55
2024-05-02 14:17:36.771: 74 epsilon: 0.1
2024-05-02 14:40:46.103: 75 test start:
2024-05-02 14:41:24.704: 75 avg_reward: 515.0
2024-05-02 14:41:24.704: 75 avg_steps: 1124.2
2024-05-02 14:41:24.704: 75 epsilon: 0.1
2024-05-02 15:04:18.135: 76 test start:
2024-05-02 15:05:02.016: 76 avg_reward: 525.0
2024-05-02 15:05:02.016: 76 avg_steps: 1265.15
2024-05-02 15:05:02.016: 76 epsilon: 0.1
2024-05-02 15:27:35.519: 77 test start:
2024-05-02 15:28:21.328: 77 avg_reward: 895.0
2024-05-02 15:28:21.329: 77 avg_steps: 1440.1
2024-05-02 15:28:21.329: 77 epsilon: 0.1
2024-05-02 15:51:05.194: 78 test start:
2024-05-02 15:51:42.906: 78 avg_reward: 450.0
2024-05-02 15:51:42.907: 78 avg_steps: 1152.15
2024-05-02 15:51:42.907: 78 epsilon: 0.1
2024-05-02 16:15:01.003: 79 test start:
2024-05-02 16:15:34.564: 79 avg_reward: 470.0
2024-05-02 16:15:34.565: 79 avg_steps: 1106.85
2024-05-02 16:15:34.565: 79 epsilon: 0.1
2024-05-02 16:38:38.709: 80 test start:
2024-05-02 16:39:17.298: 80 avg_reward: 435.0
2024-05-02 16:39:17.299: 80 avg_steps: 1214.35
2024-05-02 16:39:17.299: 80 epsilon: 0.1
2024-05-02 17:01:51.480: 81 test start:
2024-05-02 17:02:33.899: 81 avg_reward: 480.0
2024-05-02 17:02:33.900: 81 avg_steps: 1358.8
2024-05-02 17:02:33.900: 81 epsilon: 0.1
2024-05-02 17:25:40.246: 82 test start:
2024-05-02 17:26:37.470: 82 avg_reward: 625.0
2024-05-02 17:26:37.470: 82 avg_steps: 1935.85
2024-05-02 17:26:37.470: 82 epsilon: 0.1
2024-05-02 17:49:28.745: 83 test start:
2024-05-02 17:50:11.303: 83 avg_reward: 590.0
2024-05-02 17:50:11.304: 83 avg_steps: 1421.9
2024-05-02 17:50:11.304: 83 epsilon: 0.1
2024-05-02 18:13:12.389: 84 test start:
2024-05-02 18:13:34.663: 84 avg_reward: 315.0
2024-05-02 18:13:34.663: 84 avg_steps: 687.85
2024-05-02 18:13:34.663: 84 epsilon: 0.1
2024-05-02 18:37:34.981: 85 test start:
2024-05-02 18:38:11.959: 85 avg_reward: 565.0
2024-05-02 18:38:11.960: 85 avg_steps: 1197.3
2024-05-02 18:38:11.960: 85 epsilon: 0.1
2024-05-02 19:00:34.990: 86 test start:
2024-05-02 19:01:12.343: 86 avg_reward: 715.0
2024-05-02 19:01:12.343: 86 avg_steps: 1197.95
2024-05-02 19:01:12.343: 86 epsilon: 0.1
2024-05-02 19:23:35.284: 87 test start:
2024-05-02 19:24:02.571: 87 avg_reward: 315.0
2024-05-02 19:24:02.571: 87 avg_steps: 881.3
2024-05-02 19:24:02.571: 87 epsilon: 0.1
2024-05-02 19:46:20.584: 88 test start:
2024-05-02 19:47:06.656: 88 avg_reward: 520.0
2024-05-02 19:47:06.656: 88 avg_steps: 1488.55
2024-05-02 19:47:06.656: 88 epsilon: 0.1
2024-05-02 20:09:26.842: 89 test start:
2024-05-02 20:10:17.779: 89 avg_reward: 550.0
2024-05-02 20:10:17.779: 89 avg_steps: 1630.25
2024-05-02 20:10:17.779: 89 epsilon: 0.1
2024-05-02 20:32:19.246: 90 test start:
2024-05-02 20:33:07.850: 90 avg_reward: 580.0
2024-05-02 20:33:07.850: 90 avg_steps: 1572.35
2024-05-02 20:33:07.850: 90 epsilon: 0.1
2024-05-02 20:55:40.692: 91 test start:
2024-05-02 20:56:18.626: 91 avg_reward: 320.0
2024-05-02 20:56:18.626: 91 avg_steps: 1213.2
2024-05-02 20:56:18.626: 91 epsilon: 0.1
2024-05-02 21:18:36.441: 92 test start:
2024-05-02 21:19:17.303: 92 avg_reward: 545.0
2024-05-02 21:19:17.304: 92 avg_steps: 1340.55
2024-05-02 21:19:17.304: 92 epsilon: 0.1
2024-05-02 21:41:53.309: 93 test start:
2024-05-02 21:42:39.442: 93 avg_reward: 570.0
2024-05-02 21:42:39.443: 93 avg_steps: 1465.7
2024-05-02 21:42:39.443: 93 epsilon: 0.1
2024-05-02 22:04:44.014: 94 test start:
2024-05-02 22:05:39.408: 94 avg_reward: 660.0
2024-05-02 22:05:39.408: 94 avg_steps: 1828.2
2024-05-02 22:05:39.408: 94 epsilon: 0.1
2024-05-02 22:28:17.663: 95 test start:
2024-05-02 22:29:02.915: 95 avg_reward: 500.0
2024-05-02 22:29:02.915: 95 avg_steps: 1435.2
2024-05-02 22:29:02.916: 95 epsilon: 0.1
2024-05-02 22:51:05.867: 96 test start:
2024-05-02 22:51:29.322: 96 avg_reward: 210.0
2024-05-02 22:51:29.323: 96 avg_steps: 735.6
2024-05-02 22:51:29.323: 96 epsilon: 0.1
2024-05-02 23:13:43.252: 97 test start:
2024-05-02 23:14:10.720: 97 avg_reward: 310.0
2024-05-02 23:14:10.720: 97 avg_steps: 886.05
2024-05-02 23:14:10.720: 97 epsilon: 0.1
2024-05-02 23:36:15.357: 98 test start:
2024-05-02 23:36:48.134: 98 avg_reward: 720.0
2024-05-02 23:36:48.134: 98 avg_steps: 1056.5
2024-05-02 23:36:48.134: 98 epsilon: 0.1
2024-05-02 23:58:53.704: 99 test start:
2024-05-02 23:59:18.158: 99 avg_reward: 350.0
2024-05-02 23:59:18.158: 99 avg_steps: 768.85
2024-05-02 23:59:18.158: 99 epsilon: 0.1
2024-05-03 00:21:34.016: 100 test start:
2024-05-03 00:22:05.408: 100 avg_reward: 425.0
2024-05-03 00:22:05.409: 100 avg_steps: 994.25
2024-05-03 00:22:05.409: 100 epsilon: 0.1
2024-05-03 00:44:15.114: 101 test start:
2024-05-03 00:44:47.018: 101 avg_reward: 375.0
2024-05-03 00:44:47.019: 101 avg_steps: 929.0
2024-05-03 00:44:47.019: 101 epsilon: 0.1
2024-05-03 01:08:36.992: 102 test start:
2024-05-03 01:09:20.910: 102 avg_reward: 630.0
2024-05-03 01:09:20.910: 102 avg_steps: 1340.35
2024-05-03 01:09:20.910: 102 epsilon: 0.1
2024-05-03 01:32:45.010: 103 test start:
2024-05-03 01:33:37.792: 103 avg_reward: 615.0
2024-05-03 01:33:37.793: 103 avg_steps: 1587.4
2024-05-03 01:33:37.793: 103 epsilon: 0.1
2024-05-03 01:56:29.503: 104 test start:
2024-05-03 01:56:56.545: 104 avg_reward: 305.0
2024-05-03 01:56:56.546: 104 avg_steps: 867.55
2024-05-03 01:56:56.546: 104 epsilon: 0.1
2024-05-03 02:18:49.277: 105 test start:
2024-05-03 02:19:36.251: 105 avg_reward: 650.0
2024-05-03 02:19:36.251: 105 avg_steps: 1543.9
2024-05-03 02:19:36.252: 105 epsilon: 0.1
2024-05-03 02:42:32.242: 106 test start:
2024-05-03 02:42:56.751: 106 avg_reward: 190.0
2024-05-03 02:42:56.752: 106 avg_steps: 759.95
2024-05-03 02:42:56.752: 106 epsilon: 0.1
2024-05-03 03:04:57.064: 107 test start:
2024-05-03 03:05:41.017: 107 avg_reward: 555.0
2024-05-03 03:05:41.018: 107 avg_steps: 1389.2
2024-05-03 03:05:41.018: 107 epsilon: 0.1
2024-05-03 03:28:08.511: 108 test start:
2024-05-03 03:28:45.239: 108 avg_reward: 390.0
2024-05-03 03:28:45.240: 108 avg_steps: 1141.65
2024-05-03 03:28:45.240: 108 epsilon: 0.1
2024-05-03 03:52:05.477: 109 test start:
2024-05-03 03:52:51.681: 109 avg_reward: 365.0
2024-05-03 03:52:51.682: 109 avg_steps: 1448.9
2024-05-03 03:52:51.682: 109 epsilon: 0.1
2024-05-03 04:15:18.035: 110 test start:
2024-05-03 04:16:06.354: 110 avg_reward: 520.0
2024-05-03 04:16:06.355: 110 avg_steps: 1578.95
2024-05-03 04:16:06.355: 110 epsilon: 0.1
2024-05-03 04:38:14.873: 111 test start:
2024-05-03 04:38:53.772: 111 avg_reward: 555.0
2024-05-03 04:38:53.772: 111 avg_steps: 1280.3
2024-05-03 04:38:53.772: 111 epsilon: 0.1
2024-05-03 05:01:03.830: 112 test start:
2024-05-03 05:01:20.227: 112 avg_reward: 190.0
2024-05-03 05:01:20.228: 112 avg_steps: 514.35
2024-05-03 05:01:20.228: 112 epsilon: 0.1
2024-05-03 05:23:40.446: 113 test start:
2024-05-03 05:24:16.537: 113 avg_reward: 440.0
2024-05-03 05:24:16.538: 113 avg_steps: 1140.95
2024-05-03 05:24:16.538: 113 epsilon: 0.1
2024-05-03 05:46:29.342: 114 test start:
2024-05-03 05:47:08.187: 114 avg_reward: 560.0
2024-05-03 05:47:08.188: 114 avg_steps: 1235.9
2024-05-03 05:47:08.188: 114 epsilon: 0.1
2024-05-03 06:09:53.290: 115 test start:
2024-05-03 06:10:45.913: 115 avg_reward: 660.0
2024-05-03 06:10:45.914: 115 avg_steps: 1702.4
2024-05-03 06:10:45.914: 115 epsilon: 0.1
2024-05-03 06:32:52.648: 116 test start:
2024-05-03 06:33:33.735: 116 avg_reward: 515.0
2024-05-03 06:33:33.736: 116 avg_steps: 1328.95
2024-05-03 06:33:33.736: 116 epsilon: 0.1
2024-05-03 06:55:54.007: 117 test start:
2024-05-03 06:56:33.587: 117 avg_reward: 515.0
2024-05-03 06:56:33.587: 117 avg_steps: 1271.85
2024-05-03 06:56:33.587: 117 epsilon: 0.1
2024-05-03 07:19:04.602: 118 test start:
2024-05-03 07:19:50.173: 118 avg_reward: 575.0
2024-05-03 07:19:50.173: 118 avg_steps: 1433.35
2024-05-03 07:19:50.173: 118 epsilon: 0.1
2024-05-03 07:42:30.506: 119 test start:
2024-05-03 07:43:08.490: 119 avg_reward: 400.0
2024-05-03 07:43:08.491: 119 avg_steps: 1077.85
2024-05-03 07:43:08.491: 119 epsilon: 0.1
2024-05-03 08:05:18.841: 120 test start:
2024-05-03 08:06:02.994: 120 avg_reward: 495.0
2024-05-03 08:06:02.995: 120 avg_steps: 1274.05
2024-05-03 08:06:02.995: 120 epsilon: 0.1
2024-05-03 08:28:40.073: 121 test start:
2024-05-03 08:29:04.723: 121 avg_reward: 310.0
2024-05-03 08:29:04.723: 121 avg_steps: 755.15
2024-05-03 08:29:04.723: 121 epsilon: 0.1
2024-05-03 08:50:53.679: 122 test start:
2024-05-03 08:51:11.684: 122 avg_reward: 85.0
2024-05-03 08:51:11.684: 122 avg_steps: 527.3
2024-05-03 08:51:11.684: 122 epsilon: 0.1
2024-05-03 09:13:32.076: 123 test start:
2024-05-03 09:14:20.881: 123 avg_reward: 485.0
2024-05-03 09:14:20.881: 123 avg_steps: 1428.0
2024-05-03 09:14:20.881: 123 epsilon: 0.1
2024-05-03 09:36:51.037: 124 test start:
2024-05-03 09:37:40.135: 124 avg_reward: 415.0
2024-05-03 09:37:40.136: 124 avg_steps: 1323.95
2024-05-03 09:37:40.136: 124 epsilon: 0.1
2024-05-03 09:59:59.233: 125 test start:
2024-05-03 10:00:31.070: 125 avg_reward: 475.0
2024-05-03 10:00:31.070: 125 avg_steps: 1035.4
2024-05-03 10:00:31.070: 125 epsilon: 0.1
2024-05-03 10:22:57.164: 126 test start:
2024-05-03 10:23:36.253: 126 avg_reward: 535.0
2024-05-03 10:23:36.253: 126 avg_steps: 1277.3
2024-05-03 10:23:36.253: 126 epsilon: 0.1
2024-05-03 10:46:19.748: 127 test start:
2024-05-03 10:46:57.057: 127 avg_reward: 470.0
2024-05-03 10:46:57.057: 127 avg_steps: 1201.35
2024-05-03 10:46:57.057: 127 epsilon: 0.1
2024-05-03 11:09:27.684: 128 test start:
2024-05-03 11:09:59.270: 128 avg_reward: 425.0
2024-05-03 11:09:59.270: 128 avg_steps: 999.5
2024-05-03 11:09:59.271: 128 epsilon: 0.1
2024-05-03 11:38:11.624: 129 test start:
2024-05-03 11:38:38.739: 129 avg_reward: 300.0
2024-05-03 11:38:38.739: 129 avg_steps: 742.1
2024-05-03 11:38:38.739: 129 epsilon: 0.1
2024-05-03 12:03:20.283: 130 test start:
2024-05-03 12:03:43.610: 130 avg_reward: 315.0
2024-05-03 12:03:43.610: 130 avg_steps: 735.7
2024-05-03 12:03:43.610: 130 epsilon: 0.1
2024-05-03 12:27:04.697: 131 test start:
2024-05-03 12:27:25.622: 131 avg_reward: 215.0
2024-05-03 12:27:25.623: 131 avg_steps: 639.05
2024-05-03 12:27:25.623: 131 epsilon: 0.1
2024-05-03 12:50:07.598: 132 test start:
2024-05-03 12:50:40.218: 132 avg_reward: 355.0
2024-05-03 12:50:40.218: 132 avg_steps: 1021.2
2024-05-03 12:50:40.218: 132 epsilon: 0.1
2024-05-03 13:14:13.550: 133 test start:
2024-05-03 13:14:57.514: 133 avg_reward: 625.0
2024-05-03 13:14:57.515: 133 avg_steps: 1354.6
2024-05-03 13:14:57.515: 133 epsilon: 0.1
2024-05-03 13:38:01.004: 134 test start:
2024-05-03 13:38:33.372: 134 avg_reward: 465.0
2024-05-03 13:38:33.372: 134 avg_steps: 1000.0
2024-05-03 13:38:33.372: 134 epsilon: 0.1
2024-05-03 14:01:39.162: 135 test start:
2024-05-03 14:02:25.329: 135 avg_reward: 345.0
2024-05-03 14:02:25.329: 135 avg_steps: 1434.15
2024-05-03 14:02:25.329: 135 epsilon: 0.1
2024-05-03 14:25:26.005: 136 test start:
2024-05-03 14:26:19.757: 136 avg_reward: 555.0
2024-05-03 14:26:19.758: 136 avg_steps: 1672.8
2024-05-03 14:26:19.758: 136 epsilon: 0.1
2024-05-03 14:49:26.334: 137 test start:
2024-05-03 14:50:02.663: 137 avg_reward: 520.0
2024-05-03 14:50:02.663: 137 avg_steps: 1149.95
2024-05-03 14:50:02.663: 137 epsilon: 0.1
2024-05-03 15:13:34.411: 138 test start:
2024-05-03 15:14:13.242: 138 avg_reward: 405.0
2024-05-03 15:14:13.243: 138 avg_steps: 1238.5
2024-05-03 15:14:13.243: 138 epsilon: 0.1
2024-05-03 15:38:02.817: 139 test start:
2024-05-03 15:38:49.263: 139 avg_reward: 475.0
2024-05-03 15:38:49.264: 139 avg_steps: 1458.45
2024-05-03 15:38:49.264: 139 epsilon: 0.1
2024-05-03 16:01:48.881: 140 test start:
2024-05-03 16:02:21.929: 140 avg_reward: 330.0
2024-05-03 16:02:21.929: 140 avg_steps: 1042.7
2024-05-03 16:02:21.929: 140 epsilon: 0.1
2024-05-03 16:25:24.607: 141 test start:
2024-05-03 16:25:54.574: 141 avg_reward: 300.0
2024-05-03 16:25:54.575: 141 avg_steps: 948.25
2024-05-03 16:25:54.575: 141 epsilon: 0.1
2024-05-03 16:48:37.604: 142 test start:
2024-05-03 16:49:13.469: 142 avg_reward: 430.0
2024-05-03 16:49:13.469: 142 avg_steps: 1136.95
2024-05-03 16:49:13.469: 142 epsilon: 0.1
2024-05-03 17:11:36.038: 143 test start:
2024-05-03 17:12:03.599: 143 avg_reward: 485.0
2024-05-03 17:12:03.599: 143 avg_steps: 852.4
2024-05-03 17:12:03.599: 143 epsilon: 0.1
2024-05-03 17:34:21.310: 144 test start:
2024-05-03 17:34:55.921: 144 avg_reward: 545.0
2024-05-03 17:34:55.922: 144 avg_steps: 1089.8
2024-05-03 17:34:55.922: 144 epsilon: 0.1
2024-05-03 17:57:42.112: 145 test start:
2024-05-03 17:58:27.466: 145 avg_reward: 535.0
2024-05-03 17:58:27.467: 145 avg_steps: 1473.75
2024-05-03 17:58:27.467: 145 epsilon: 0.1
2024-05-03 18:20:55.253: 146 test start:
2024-05-03 18:21:26.273: 146 avg_reward: 380.0
2024-05-03 18:21:26.274: 146 avg_steps: 1016.75
2024-05-03 18:21:26.274: 146 epsilon: 0.1
2024-05-03 18:43:58.403: 147 test start:
2024-05-03 18:44:30.962: 147 avg_reward: 315.0
2024-05-03 18:44:30.963: 147 avg_steps: 1033.5
2024-05-03 18:44:30.963: 147 epsilon: 0.1
2024-05-03 19:07:07.993: 148 test start:
2024-05-03 19:07:42.594: 148 avg_reward: 515.0
2024-05-03 19:07:42.594: 148 avg_steps: 1105.25
2024-05-03 19:07:42.594: 148 epsilon: 0.1
2024-05-03 19:30:17.553: 149 test start:
2024-05-03 19:30:59.420: 149 avg_reward: 495.0
2024-05-03 19:30:59.420: 149 avg_steps: 1331.05
2024-05-03 19:30:59.420: 149 epsilon: 0.1
2024-05-03 19:53:39.133: 150 test start:
2024-05-03 19:54:17.096: 150 avg_reward: 430.0
2024-05-03 19:54:17.096: 150 avg_steps: 1209.7
2024-05-03 19:54:17.096: 150 epsilon: 0.1
2024-05-03 20:16:35.546: 151 test start:
2024-05-03 20:16:58.962: 151 avg_reward: 300.0
2024-05-03 20:16:58.962: 151 avg_steps: 739.35
2024-05-03 20:16:58.962: 151 epsilon: 0.1
2024-05-03 20:39:26.423: 152 test start:
2024-05-03 20:40:16.334: 152 avg_reward: 670.0
2024-05-03 20:40:16.335: 152 avg_steps: 1621.15
2024-05-03 20:40:16.335: 152 epsilon: 0.1
2024-05-03 21:02:39.204: 153 test start:
2024-05-03 21:03:12.550: 153 avg_reward: 275.0
2024-05-03 21:03:12.551: 153 avg_steps: 1013.3
2024-05-03 21:03:12.551: 153 epsilon: 0.1
2024-05-03 21:26:18.333: 154 test start:
2024-05-03 21:27:04.885: 154 avg_reward: 480.0
2024-05-03 21:27:04.886: 154 avg_steps: 1411.3
2024-05-03 21:27:04.886: 154 epsilon: 0.1
2024-05-03 21:50:15.185: 155 test start:
2024-05-03 21:51:12.437: 155 avg_reward: 630.0
2024-05-03 21:51:12.438: 155 avg_steps: 1814.45
2024-05-03 21:51:12.438: 155 epsilon: 0.1
2024-05-03 22:13:40.169: 156 test start:
2024-05-03 22:14:00.154: 156 avg_reward: 280.0
2024-05-03 22:14:00.154: 156 avg_steps: 621.9
2024-05-03 22:14:00.154: 156 epsilon: 0.1
2024-05-03 22:37:45.507: 157 test start:
2024-05-03 22:38:24.210: 157 avg_reward: 430.0
2024-05-03 22:38:24.211: 157 avg_steps: 1231.7
2024-05-03 22:38:24.211: 157 epsilon: 0.1
2024-05-03 23:02:00.845: 158 test start:
2024-05-03 23:02:26.261: 158 avg_reward: 300.0
2024-05-03 23:02:26.261: 158 avg_steps: 822.75
2024-05-03 23:02:26.261: 158 epsilon: 0.1
2024-05-03 23:25:42.371: 159 test start:
2024-05-03 23:26:26.227: 159 avg_reward: 435.0
2024-05-03 23:26:26.227: 159 avg_steps: 1327.9
2024-05-03 23:26:26.227: 159 epsilon: 0.1
2024-05-03 23:48:56.353: 160 test start:
2024-05-03 23:49:31.196: 160 avg_reward: 455.0
2024-05-03 23:49:31.197: 160 avg_steps: 1068.65
2024-05-03 23:49:31.197: 160 epsilon: 0.1
2024-05-04 00:12:24.966: 161 test start:
2024-05-04 00:13:02.039: 161 avg_reward: 400.0
2024-05-04 00:13:02.040: 161 avg_steps: 1144.9
2024-05-04 00:13:02.040: 161 epsilon: 0.1
2024-05-04 00:36:01.342: 162 test start:
2024-05-04 00:36:46.115: 162 avg_reward: 395.0
2024-05-04 00:36:46.116: 162 avg_steps: 1392.35
2024-05-04 00:36:46.116: 162 epsilon: 0.1
2024-05-04 01:00:04.254: 163 test start:
2024-05-04 01:00:22.657: 163 avg_reward: 165.0
2024-05-04 01:00:22.657: 163 avg_steps: 574.2
2024-05-04 01:00:22.657: 163 epsilon: 0.1
2024-05-04 01:23:45.630: 164 test start:
2024-05-04 01:24:20.005: 164 avg_reward: 425.0
2024-05-04 01:24:20.005: 164 avg_steps: 1114.4
2024-05-04 01:24:20.005: 164 epsilon: 0.1
2024-05-04 01:47:33.298: 165 test start:
2024-05-04 01:48:02.991: 165 avg_reward: 530.0
2024-05-04 01:48:02.992: 165 avg_steps: 970.45
2024-05-04 01:48:02.992: 165 epsilon: 0.1
2024-05-04 02:10:37.151: 166 test start:
2024-05-04 02:11:24.913: 166 avg_reward: 685.0
2024-05-04 02:11:24.914: 166 avg_steps: 1398.2
2024-05-04 02:11:24.914: 166 epsilon: 0.1
2024-05-04 02:34:27.221: 167 test start:
2024-05-04 02:34:47.101: 167 avg_reward: 250.0
2024-05-04 02:34:47.101: 167 avg_steps: 572.55
2024-05-04 02:34:47.101: 167 epsilon: 0.1
2024-05-04 02:58:03.115: 168 test start:
2024-05-04 02:58:31.994: 168 avg_reward: 280.0
2024-05-04 02:58:31.995: 168 avg_steps: 866.4
2024-05-04 02:58:31.995: 168 epsilon: 0.1
2024-05-04 03:21:06.654: 169 test start:
2024-05-04 03:21:28.090: 169 avg_reward: 275.0
2024-05-04 03:21:28.091: 169 avg_steps: 629.05
2024-05-04 03:21:28.091: 169 epsilon: 0.1
2024-05-04 03:44:24.371: 170 test start:
2024-05-04 03:45:06.934: 170 avg_reward: 395.0
2024-05-04 03:45:06.935: 170 avg_steps: 1276.85
2024-05-04 03:45:06.935: 170 epsilon: 0.1
2024-05-04 04:08:12.960: 171 test start:
2024-05-04 04:09:09.733: 171 avg_reward: 580.0
2024-05-04 04:09:09.734: 171 avg_steps: 1708.55
2024-05-04 04:09:09.734: 171 epsilon: 0.1
2024-05-04 04:32:02.391: 172 test start:
2024-05-04 04:32:43.242: 172 avg_reward: 475.0
2024-05-04 04:32:43.243: 172 avg_steps: 1228.0
2024-05-04 04:32:43.243: 172 epsilon: 0.1
2024-05-04 04:54:40.738: 173 test start:
2024-05-04 04:55:13.542: 173 avg_reward: 450.0
2024-05-04 04:55:13.543: 173 avg_steps: 1087.5
2024-05-04 04:55:13.543: 173 epsilon: 0.1
2024-05-04 05:16:43.024: 174 test start:
2024-05-04 05:17:15.348: 174 avg_reward: 390.0
2024-05-04 05:17:15.349: 174 avg_steps: 1108.35
2024-05-04 05:17:15.349: 174 epsilon: 0.1
2024-05-04 05:38:36.274: 175 test start:
2024-05-04 05:39:04.678: 175 avg_reward: 340.0
2024-05-04 05:39:04.678: 175 avg_steps: 962.45
2024-05-04 05:39:04.678: 175 epsilon: 0.1
2024-05-04 06:00:32.282: 176 test start:
2024-05-04 06:00:59.788: 176 avg_reward: 340.0
2024-05-04 06:00:59.788: 176 avg_steps: 947.1
2024-05-04 06:00:59.789: 176 epsilon: 0.1
2024-05-04 06:22:36.700: 177 test start:
2024-05-04 06:22:58.119: 177 avg_reward: 360.0
2024-05-04 06:22:58.119: 177 avg_steps: 732.6
2024-05-04 06:22:58.120: 177 epsilon: 0.1
2024-05-04 06:44:33.368: 178 test start:
2024-05-04 06:44:52.350: 178 avg_reward: 225.0
2024-05-04 06:44:52.350: 178 avg_steps: 631.8
2024-05-04 06:44:52.350: 178 epsilon: 0.1
2024-05-04 07:06:00.768: 179 test start:
2024-05-04 07:06:25.721: 179 avg_reward: 540.0
2024-05-04 07:06:25.721: 179 avg_steps: 832.45
2024-05-04 07:06:25.721: 179 epsilon: 0.1
2024-05-04 07:28:12.463: 180 test start:
2024-05-04 07:28:36.651: 180 avg_reward: 265.0
2024-05-04 07:28:36.651: 180 avg_steps: 803.65
2024-05-04 07:28:36.651: 180 epsilon: 0.1
2024-05-04 07:50:13.490: 181 test start:
2024-05-04 07:50:44.165: 181 avg_reward: 335.0
2024-05-04 07:50:44.165: 181 avg_steps: 977.0
2024-05-04 07:50:44.165: 181 epsilon: 0.1
2024-05-04 08:12:46.806: 182 test start:
2024-05-04 08:13:35.658: 182 avg_reward: 535.0
2024-05-04 08:13:35.659: 182 avg_steps: 1604.55
2024-05-04 08:13:35.659: 182 epsilon: 0.1
2024-05-04 08:35:09.942: 183 test start:
2024-05-04 08:35:44.615: 183 avg_reward: 460.0
2024-05-04 08:35:44.615: 183 avg_steps: 1125.75
2024-05-04 08:35:44.615: 183 epsilon: 0.1
2024-05-04 08:56:59.035: 184 test start:
2024-05-04 08:58:11.999: 184 avg_reward: 630.0
2024-05-04 08:58:12.000: 184 avg_steps: 2392.2
2024-05-04 08:58:12.000: 184 epsilon: 0.1
2024-05-04 09:19:51.621: 185 test start:
2024-05-04 09:20:10.198: 185 avg_reward: 170.0
2024-05-04 09:20:10.199: 185 avg_steps: 584.65
2024-05-04 09:20:10.199: 185 epsilon: 0.1
2024-05-04 09:41:47.453: 186 test start:
2024-05-04 09:42:14.105: 186 avg_reward: 370.0
2024-05-04 09:42:14.105: 186 avg_steps: 844.55
2024-05-04 09:42:14.105: 186 epsilon: 0.1
2024-05-04 10:03:30.116: 187 test start:
2024-05-04 10:04:05.839: 187 avg_reward: 460.0
2024-05-04 10:04:05.839: 187 avg_steps: 1222.6
2024-05-04 10:04:05.839: 187 epsilon: 0.1
2024-05-04 10:25:07.851: 188 test start:
2024-05-04 10:25:45.023: 188 avg_reward: 565.0
2024-05-04 10:25:45.023: 188 avg_steps: 1221.7
2024-05-04 10:25:45.023: 188 epsilon: 0.1
2024-05-04 10:47:14.134: 189 test start:
2024-05-04 10:47:42.491: 189 avg_reward: 335.0
2024-05-04 10:47:42.492: 189 avg_steps: 971.85
2024-05-04 10:47:42.492: 189 epsilon: 0.1
2024-05-04 11:09:02.975: 190 test start:
2024-05-04 11:09:37.195: 190 avg_reward: 475.0
2024-05-04 11:09:37.195: 190 avg_steps: 1144.05
2024-05-04 11:09:37.195: 190 epsilon: 0.1
2024-05-04 11:30:34.521: 191 test start:
2024-05-04 11:31:00.358: 191 avg_reward: 235.0
2024-05-04 11:31:00.359: 191 avg_steps: 780.4
2024-05-04 11:31:00.359: 191 epsilon: 0.1
2024-05-04 11:52:13.628: 192 test start:
2024-05-04 11:52:36.747: 192 avg_reward: 485.0
2024-05-04 11:52:36.748: 192 avg_steps: 780.9
2024-05-04 11:52:36.748: 192 epsilon: 0.1
2024-05-04 12:13:28.889: 193 test start:
2024-05-04 12:14:11.063: 193 avg_reward: 470.0
2024-05-04 12:14:11.064: 193 avg_steps: 1451.05
2024-05-04 12:14:11.064: 193 epsilon: 0.1
2024-05-04 12:35:11.987: 194 test start:
2024-05-04 12:35:47.778: 194 avg_reward: 410.0
2024-05-04 12:35:47.778: 194 avg_steps: 1248.7
2024-05-04 12:35:47.778: 194 epsilon: 0.1
2024-05-04 12:56:18.152: 195 test start:
2024-05-04 12:56:55.673: 195 avg_reward: 485.0
2024-05-04 12:56:55.673: 195 avg_steps: 1364.25
2024-05-04 12:56:55.673: 195 epsilon: 0.1
2024-05-04 13:17:11.054: 196 test start:
2024-05-04 13:17:42.043: 196 avg_reward: 355.0
2024-05-04 13:17:42.043: 196 avg_steps: 1103.25
2024-05-04 13:17:42.043: 196 epsilon: 0.1
2024-05-04 13:38:49.032: 197 test start:
2024-05-04 13:39:20.011: 197 avg_reward: 335.0
2024-05-04 13:39:20.011: 197 avg_steps: 1029.45
2024-05-04 13:39:20.011: 197 epsilon: 0.1
2024-05-04 14:00:46.107: 198 test start:
2024-05-04 14:01:08.593: 198 avg_reward: 370.0
2024-05-04 14:01:08.593: 198 avg_steps: 776.3
2024-05-04 14:01:08.593: 198 epsilon: 0.1
2024-05-04 14:21:51.265: 199 test start:
2024-05-04 14:22:30.610: 199 avg_reward: 380.0
2024-05-04 14:22:30.611: 199 avg_steps: 1424.0
2024-05-04 14:22:30.611: 199 epsilon: 0.1
2024-05-04 14:42:48.656: 200 test start:
2024-05-04 14:43:01.839: 200 avg_reward: 155.0
2024-05-04 14:43:01.839: 200 avg_steps: 511.0
2024-05-04 14:43:01.840: 200 epsilon: 0.1
2024-05-04 15:01:51.047: 201 test start:
2024-05-04 15:02:05.624: 201 avg_reward: 155.0
2024-05-04 15:02:05.624: 201 avg_steps: 562.8
2024-05-04 15:02:05.624: 201 epsilon: 0.1
