2024-10-14 16:28:27.494: 
parameters:agent_test_episodes: 20
batch_num_per_epoch: 250000
device: cuda:0
env_name: ALE/SpaceInvaders-v5
epsilon_for_test: 0.05
epsilon_max: 1.0
epsilon_min: 0.1
exp_name: ALE-SpaceInvaders-v5_2024-10-14-16-28-27
exp_path: ../exps/dqn/
exploration_steps: 1000000
gamma: 0.99
held_out_states_num: 1000
learning_rate: 0.00025
mini_batch_size: 32
model_update_freq: 4
n_times: 5
no_op_max: 30
phi_channel: 4
replay_buffer_size: 1000000
replay_start_size: 50000
save_model: true
screen_size: 84
seed: 0
skip_k_frame: 4
step_c: 10000
training_steps: 50000000

2024-10-14 16:28:27.558: env id: ALE/SpaceInvaders-v5 |repeat_action_probability: 0 
2024-10-14 16:28:27.559: screen_size: 84 | grayscale_obs:True 
scale_obs:False | action space size: 6
remove flickering: True | frame skip: 4
state space shape: (210, 160, 3) 
2024-10-14 16:28:27.577: optimizer: RMSprop (
Parameter Group 0
    alpha: 0.95
    centered: False
    differentiable: False
    eps: 0.01
    foreach: None
    lr: 0.00025
    maximize: False
    momentum: 0
    weight_decay: 0
)
2024-10-14 16:37:33.040: 1 test start:
2024-10-14 16:37:46.349: 1 avg_reward: 239.75
2024-10-14 16:37:46.349: 1 avg_steps: 690.1
2024-10-14 16:37:46.349: 1 epsilon: 0.8198164
2024-10-14 16:37:46.349: 1 q: 0.17263898
2024-10-14 16:47:37.624: 2 test start:
2024-10-14 16:47:52.657: 2 avg_reward: 251.5
2024-10-14 16:47:52.657: 2 avg_steps: 811.1
2024-10-14 16:47:52.657: 2 epsilon: 0.5945427999999999
2024-10-14 16:47:52.658: 2 q: 0.36752307
2024-10-14 16:57:50.023: 3 test start:
2024-10-14 16:58:00.312: 3 avg_reward: 31.0
2024-10-14 16:58:00.312: 3 avg_steps: 535.65
2024-10-14 16:58:00.312: 3 epsilon: 0.369919
2024-10-14 16:58:00.312: 3 q: 0.59916365
2024-10-14 17:07:40.983: 4 test start:
2024-10-14 17:07:48.989: 4 avg_reward: 24.25
2024-10-14 17:07:48.989: 4 avg_steps: 432.1
2024-10-14 17:07:48.989: 4 epsilon: 0.14436189999999993
2024-10-14 17:07:48.989: 4 q: 0.82112765
2024-10-14 17:17:48.803: 5 test start:
2024-10-14 17:17:59.516: 5 avg_reward: 26.25
2024-10-14 17:17:59.517: 5 avg_steps: 555.95
2024-10-14 17:17:59.517: 5 epsilon: 0.1
2024-10-14 17:17:59.517: 5 q: 1.0207187
2024-10-14 17:27:45.484: 6 test start:
2024-10-14 17:27:58.450: 6 avg_reward: 278.5
2024-10-14 17:27:58.450: 6 avg_steps: 676.4
2024-10-14 17:27:58.450: 6 epsilon: 0.1
2024-10-14 17:27:58.450: 6 q: 1.1800044
2024-10-14 17:38:10.639: 7 test start:
2024-10-14 17:38:21.106: 7 avg_reward: 201.8
2024-10-14 17:38:21.106: 7 avg_steps: 555.45
2024-10-14 17:38:21.107: 7 epsilon: 0.1
2024-10-14 17:38:21.107: 7 q: 1.3320355
2024-10-14 17:48:09.636: 8 test start:
2024-10-14 17:48:22.863: 8 avg_reward: 298.25
2024-10-14 17:48:22.864: 8 avg_steps: 705.4
2024-10-14 17:48:22.864: 8 epsilon: 0.1
2024-10-14 17:48:22.864: 8 q: 1.6004646
2024-10-14 17:58:21.872: 9 test start:
2024-10-14 17:58:32.590: 9 avg_reward: 180.75
2024-10-14 17:58:32.590: 9 avg_steps: 564.85
2024-10-14 17:58:32.590: 9 epsilon: 0.1
2024-10-14 17:58:32.590: 9 q: 1.6984277
2024-10-14 18:08:25.217: 10 test start:
2024-10-14 18:08:35.126: 10 avg_reward: 184.25
2024-10-14 18:08:35.126: 10 avg_steps: 512.1
2024-10-14 18:08:35.126: 10 epsilon: 0.1
2024-10-14 18:08:35.126: 10 q: 1.7715533
2024-10-14 18:18:44.652: 11 test start:
2024-10-14 18:18:54.475: 11 avg_reward: 213.5
2024-10-14 18:18:54.475: 11 avg_steps: 551.7
2024-10-14 18:18:54.476: 11 epsilon: 0.1
2024-10-14 18:18:54.476: 11 q: 1.6910056
2024-10-14 18:28:45.454: 12 test start:
2024-10-14 18:28:56.014: 12 avg_reward: 247.0
2024-10-14 18:28:56.014: 12 avg_steps: 564.45
2024-10-14 18:28:56.014: 12 epsilon: 0.1
2024-10-14 18:28:56.014: 12 q: 1.7843308
2024-10-14 18:39:00.310: 13 test start:
2024-10-14 18:39:11.231: 13 avg_reward: 300.25
2024-10-14 18:39:11.231: 13 avg_steps: 592.5
2024-10-14 18:39:11.231: 13 epsilon: 0.1
2024-10-14 18:39:11.231: 13 q: 1.8311136
2024-10-14 18:49:08.853: 14 test start:
2024-10-14 18:49:20.418: 14 avg_reward: 342.0
2024-10-14 18:49:20.418: 14 avg_steps: 598.95
2024-10-14 18:49:20.418: 14 epsilon: 0.1
2024-10-14 18:49:20.418: 14 q: 1.9427439
2024-10-14 18:59:18.476: 15 test start:
2024-10-14 18:59:30.236: 15 avg_reward: 281.55
2024-10-14 18:59:30.237: 15 avg_steps: 626.3
2024-10-14 18:59:30.237: 15 epsilon: 0.1
2024-10-14 18:59:30.237: 15 q: 2.1130269
2024-10-14 19:09:36.944: 16 test start:
2024-10-14 19:09:49.076: 16 avg_reward: 343.95
2024-10-14 19:09:49.076: 16 avg_steps: 625.45
2024-10-14 19:09:49.076: 16 epsilon: 0.1
2024-10-14 19:09:49.077: 16 q: 2.2081637
2024-10-14 19:19:41.458: 17 test start:
2024-10-14 19:19:58.806: 17 avg_reward: 667.6
2024-10-14 19:19:58.806: 17 avg_steps: 931.15
2024-10-14 19:19:58.807: 17 epsilon: 0.1
2024-10-14 19:19:58.807: 17 q: 2.31546
2024-10-14 19:30:14.072: 18 test start:
2024-10-14 19:30:30.099: 18 avg_reward: 548.55
2024-10-14 19:30:30.099: 18 avg_steps: 845.15
2024-10-14 19:30:30.099: 18 epsilon: 0.1
2024-10-14 19:30:30.099: 18 q: 2.471085
2024-10-14 19:40:16.497: 19 test start:
2024-10-14 19:40:32.211: 19 avg_reward: 497.0
2024-10-14 19:40:32.211: 19 avg_steps: 837.1
2024-10-14 19:40:32.217: 19 epsilon: 0.1
2024-10-14 19:40:32.217: 19 q: 2.5796783
2024-10-14 19:50:50.375: 20 test start:
2024-10-14 19:51:05.311: 20 avg_reward: 533.4
2024-10-14 19:51:05.311: 20 avg_steps: 798.7
2024-10-14 19:51:05.311: 20 epsilon: 0.1
2024-10-14 19:51:05.311: 20 q: 2.8872347
2024-10-14 20:00:50.327: 21 test start:
2024-10-14 20:01:05.561: 21 avg_reward: 571.1
2024-10-14 20:01:05.561: 21 avg_steps: 814.5
2024-10-14 20:01:05.561: 21 epsilon: 0.1
2024-10-14 20:01:05.561: 21 q: 3.1157022
2024-10-14 20:11:19.542: 22 test start:
2024-10-14 20:11:34.260: 22 avg_reward: 573.65
2024-10-14 20:11:34.260: 22 avg_steps: 801.8
2024-10-14 20:11:34.260: 22 epsilon: 0.1
2024-10-14 20:11:34.260: 22 q: 3.3349493
2024-10-14 20:21:27.058: 23 test start:
2024-10-14 20:21:43.919: 23 avg_reward: 631.05
2024-10-14 20:21:43.919: 23 avg_steps: 902.05
2024-10-14 20:21:43.919: 23 epsilon: 0.1
2024-10-14 20:21:43.919: 23 q: 3.4549859
2024-10-14 20:31:53.681: 24 test start:
2024-10-14 20:32:10.725: 24 avg_reward: 626.95
2024-10-14 20:32:10.725: 24 avg_steps: 930.2
2024-10-14 20:32:10.725: 24 epsilon: 0.1
2024-10-14 20:32:10.725: 24 q: 3.4931629
2024-10-14 20:42:06.618: 25 test start:
2024-10-14 20:42:25.112: 25 avg_reward: 678.1
2024-10-14 20:42:25.112: 25 avg_steps: 979.3
2024-10-14 20:42:25.112: 25 epsilon: 0.1
2024-10-14 20:42:25.112: 25 q: 3.699438
2024-10-14 20:52:30.219: 26 test start:
2024-10-14 20:52:46.474: 26 avg_reward: 598.75
2024-10-14 20:52:46.474: 26 avg_steps: 866.7
2024-10-14 20:52:46.475: 26 epsilon: 0.1
2024-10-14 20:52:46.475: 26 q: 3.8510592
2024-10-14 21:02:47.775: 27 test start:
2024-10-14 21:03:05.740: 27 avg_reward: 621.8
2024-10-14 21:03:05.740: 27 avg_steps: 945.0
2024-10-14 21:03:05.740: 27 epsilon: 0.1
2024-10-14 21:03:05.740: 27 q: 4.024037
2024-10-14 21:13:04.220: 28 test start:
2024-10-14 21:13:18.424: 28 avg_reward: 548.95
2024-10-14 21:13:18.424: 28 avg_steps: 756.35
2024-10-14 21:13:18.424: 28 epsilon: 0.1
2024-10-14 21:13:18.425: 28 q: 4.118454
2024-10-14 21:23:17.387: 29 test start:
2024-10-14 21:23:33.330: 29 avg_reward: 623.7
2024-10-14 21:23:33.330: 29 avg_steps: 869.8
2024-10-14 21:23:33.330: 29 epsilon: 0.1
2024-10-14 21:23:33.330: 29 q: 4.29455
2024-10-14 21:33:38.627: 30 test start:
2024-10-14 21:33:56.762: 30 avg_reward: 695.85
2024-10-14 21:33:56.762: 30 avg_steps: 956.4
2024-10-14 21:33:56.763: 30 epsilon: 0.1
2024-10-14 21:33:56.763: 30 q: 4.4455247
2024-10-14 21:44:16.806: 31 test start:
2024-10-14 21:44:30.775: 31 avg_reward: 527.5
2024-10-14 21:44:30.775: 31 avg_steps: 732.3
2024-10-14 21:44:30.775: 31 epsilon: 0.1
2024-10-14 21:44:30.775: 31 q: 4.599231
2024-10-14 21:54:34.728: 32 test start:
2024-10-14 21:54:48.337: 32 avg_reward: 493.3
2024-10-14 21:54:48.337: 32 avg_steps: 724.85
2024-10-14 21:54:48.337: 32 epsilon: 0.1
2024-10-14 21:54:48.338: 32 q: 4.7132664
2024-10-14 22:05:12.313: 33 test start:
2024-10-14 22:05:27.208: 33 avg_reward: 577.55
2024-10-14 22:05:27.209: 33 avg_steps: 785.55
2024-10-14 22:05:27.209: 33 epsilon: 0.1
2024-10-14 22:05:27.209: 33 q: 5.0446763
2024-10-14 22:15:26.270: 34 test start:
2024-10-14 22:15:40.510: 34 avg_reward: 582.75
2024-10-14 22:15:40.510: 34 avg_steps: 796.8
2024-10-14 22:15:40.510: 34 epsilon: 0.1
2024-10-14 22:15:40.510: 34 q: 5.0877213
2024-10-14 22:26:11.955: 35 test start:
2024-10-14 22:26:26.526: 35 avg_reward: 599.2
2024-10-14 22:26:26.526: 35 avg_steps: 791.9
2024-10-14 22:26:26.527: 35 epsilon: 0.1
2024-10-14 22:26:26.527: 35 q: 5.2896867
2024-10-14 22:36:23.317: 36 test start:
2024-10-14 22:36:37.729: 36 avg_reward: 551.7
2024-10-14 22:36:37.729: 36 avg_steps: 759.35
2024-10-14 22:36:37.729: 36 epsilon: 0.1
2024-10-14 22:36:37.729: 36 q: 5.405938
2024-10-14 22:46:58.209: 37 test start:
2024-10-14 22:47:13.527: 37 avg_reward: 622.1
2024-10-14 22:47:13.527: 37 avg_steps: 816.8
2024-10-14 22:47:13.527: 37 epsilon: 0.1
2024-10-14 22:47:13.527: 37 q: 5.3292875
2024-10-14 22:57:12.874: 38 test start:
2024-10-14 22:57:26.704: 38 avg_reward: 552.9
2024-10-14 22:57:26.704: 38 avg_steps: 709.35
2024-10-14 22:57:26.704: 38 epsilon: 0.1
2024-10-14 22:57:26.704: 38 q: 5.607364
2024-10-14 23:07:46.664: 39 test start:
2024-10-14 23:08:00.508: 39 avg_reward: 574.95
2024-10-14 23:08:00.508: 39 avg_steps: 730.7
2024-10-14 23:08:00.508: 39 epsilon: 0.1
2024-10-14 23:08:00.508: 39 q: 5.7512765
2024-10-14 23:18:01.626: 40 test start:
2024-10-14 23:18:16.587: 40 avg_reward: 594.75
2024-10-14 23:18:16.588: 40 avg_steps: 775.35
2024-10-14 23:18:16.588: 40 epsilon: 0.1
2024-10-14 23:18:16.588: 40 q: 5.784131
2024-10-14 23:28:29.911: 41 test start:
2024-10-14 23:28:45.948: 41 avg_reward: 656.1
2024-10-14 23:28:45.948: 41 avg_steps: 858.85
2024-10-14 23:28:45.948: 41 epsilon: 0.1
2024-10-14 23:28:45.948: 41 q: 5.7464385
2024-10-14 23:38:52.183: 42 test start:
2024-10-14 23:39:10.821: 42 avg_reward: 714.85
2024-10-14 23:39:10.822: 42 avg_steps: 957.0
2024-10-14 23:39:10.822: 42 epsilon: 0.1
2024-10-14 23:39:10.822: 42 q: 5.879905
2024-10-14 23:49:17.562: 43 test start:
2024-10-14 23:49:34.264: 43 avg_reward: 683.85
2024-10-14 23:49:34.264: 43 avg_steps: 888.65
2024-10-14 23:49:34.264: 43 epsilon: 0.1
2024-10-14 23:49:34.264: 43 q: 5.865459
2024-10-14 23:59:46.269: 44 test start:
2024-10-14 23:59:59.861: 44 avg_reward: 520.6
2024-10-14 23:59:59.862: 44 avg_steps: 693.45
2024-10-14 23:59:59.862: 44 epsilon: 0.1
2024-10-14 23:59:59.862: 44 q: 6.1760144
2024-10-15 00:09:59.631: 45 test start:
2024-10-15 00:10:12.490: 45 avg_reward: 505.3
2024-10-15 00:10:12.490: 45 avg_steps: 677.0
2024-10-15 00:10:12.490: 45 epsilon: 0.1
2024-10-15 00:10:12.490: 45 q: 6.2427163
2024-10-15 00:20:27.408: 46 test start:
2024-10-15 00:20:46.784: 46 avg_reward: 757.75
2024-10-15 00:20:46.784: 46 avg_steps: 1004.2
2024-10-15 00:20:46.784: 46 epsilon: 0.1
2024-10-15 00:20:46.784: 46 q: 6.286284
2024-10-15 00:30:43.577: 47 test start:
2024-10-15 00:31:03.682: 47 avg_reward: 850.3
2024-10-15 00:31:03.683: 47 avg_steps: 1074.3
2024-10-15 00:31:03.683: 47 epsilon: 0.1
2024-10-15 00:31:03.683: 47 q: 6.353777
2024-10-15 00:41:25.190: 48 test start:
2024-10-15 00:41:43.850: 48 avg_reward: 720.65
2024-10-15 00:41:43.850: 48 avg_steps: 965.75
2024-10-15 00:41:43.850: 48 epsilon: 0.1
2024-10-15 00:41:43.850: 48 q: 6.3899474
2024-10-15 00:51:31.144: 49 test start:
2024-10-15 00:51:47.206: 49 avg_reward: 647.25
2024-10-15 00:51:47.206: 49 avg_steps: 855.05
2024-10-15 00:51:47.206: 49 epsilon: 0.1
2024-10-15 00:51:47.207: 49 q: 6.3314805
2024-10-15 01:02:13.224: 50 test start:
2024-10-15 01:02:23.850: 50 avg_reward: 386.3
2024-10-15 01:02:23.850: 50 avg_steps: 572.6
2024-10-15 01:02:23.850: 50 epsilon: 0.1
2024-10-15 01:02:23.850: 50 q: 6.3369775
2024-10-15 01:12:17.300: 51 test start:
2024-10-15 01:12:30.957: 51 avg_reward: 551.25
2024-10-15 01:12:30.958: 51 avg_steps: 699.25
2024-10-15 01:12:30.958: 51 epsilon: 0.1
2024-10-15 01:12:30.958: 51 q: 6.4422665
2024-10-15 01:22:47.685: 52 test start:
2024-10-15 01:23:05.955: 52 avg_reward: 784.15
2024-10-15 01:23:05.956: 52 avg_steps: 981.0
2024-10-15 01:23:05.956: 52 epsilon: 0.1
2024-10-15 01:23:05.956: 52 q: 6.4295444
2024-10-15 01:33:02.774: 53 test start:
2024-10-15 01:33:21.055: 53 avg_reward: 741.05
2024-10-15 01:33:21.055: 53 avg_steps: 960.7
2024-10-15 01:33:21.061: 53 epsilon: 0.1
2024-10-15 01:33:21.061: 53 q: 6.406759
2024-10-15 01:43:35.780: 54 test start:
2024-10-15 01:43:47.398: 54 avg_reward: 423.05
2024-10-15 01:43:47.398: 54 avg_steps: 611.1
2024-10-15 01:43:47.398: 54 epsilon: 0.1
2024-10-15 01:43:47.398: 54 q: 6.388985
2024-10-15 01:53:44.536: 55 test start:
2024-10-15 01:54:01.357: 55 avg_reward: 656.85
2024-10-15 01:54:01.357: 55 avg_steps: 877.15
2024-10-15 01:54:01.363: 55 epsilon: 0.1
2024-10-15 01:54:01.363: 55 q: 6.3713274
2024-10-15 02:04:09.327: 56 test start:
2024-10-15 02:04:26.332: 56 avg_reward: 713.2
2024-10-15 02:04:26.332: 56 avg_steps: 901.0
2024-10-15 02:04:26.332: 56 epsilon: 0.1
2024-10-15 02:04:26.332: 56 q: 6.4032936
2024-10-15 02:14:31.503: 57 test start:
2024-10-15 02:14:52.102: 57 avg_reward: 894.4
2024-10-15 02:14:52.102: 57 avg_steps: 1060.95
2024-10-15 02:14:52.102: 57 epsilon: 0.1
2024-10-15 02:14:52.102: 57 q: 6.4272876
2024-10-15 02:24:53.738: 58 test start:
2024-10-15 02:25:10.358: 58 avg_reward: 685.15
2024-10-15 02:25:10.358: 58 avg_steps: 884.6
2024-10-15 02:25:10.358: 58 epsilon: 0.1
2024-10-15 02:25:10.359: 58 q: 6.4404645
2024-10-15 02:35:23.580: 59 test start:
2024-10-15 02:35:39.549: 59 avg_reward: 634.45
2024-10-15 02:35:39.550: 59 avg_steps: 824.85
2024-10-15 02:35:39.550: 59 epsilon: 0.1
2024-10-15 02:35:39.550: 59 q: 6.413844
2024-10-15 02:45:33.181: 60 test start:
2024-10-15 02:45:45.947: 60 avg_reward: 527.9
2024-10-15 02:45:45.947: 60 avg_steps: 681.7
2024-10-15 02:45:45.947: 60 epsilon: 0.1
2024-10-15 02:45:45.948: 60 q: 6.3874674
2024-10-15 02:56:02.651: 61 test start:
2024-10-15 02:56:23.003: 61 avg_reward: 796.7
2024-10-15 02:56:23.004: 61 avg_steps: 1058.6
2024-10-15 02:56:23.004: 61 epsilon: 0.1
2024-10-15 02:56:23.004: 61 q: 6.4059763
2024-10-15 03:06:14.765: 62 test start:
2024-10-15 03:06:32.445: 62 avg_reward: 725.65
2024-10-15 03:06:32.446: 62 avg_steps: 925.9
2024-10-15 03:06:32.446: 62 epsilon: 0.1
2024-10-15 03:06:32.446: 62 q: 6.4244432
2024-10-15 03:16:55.961: 63 test start:
2024-10-15 03:17:09.710: 63 avg_reward: 555.65
2024-10-15 03:17:09.710: 63 avg_steps: 738.35
2024-10-15 03:17:09.710: 63 epsilon: 0.1
2024-10-15 03:17:09.710: 63 q: 6.534406
2024-10-15 03:27:01.026: 64 test start:
2024-10-15 03:27:17.594: 64 avg_reward: 648.7
2024-10-15 03:27:17.594: 64 avg_steps: 874.9
2024-10-15 03:27:17.594: 64 epsilon: 0.1
2024-10-15 03:27:17.594: 64 q: 6.6146817
2024-10-15 03:37:33.379: 65 test start:
2024-10-15 03:37:50.056: 65 avg_reward: 734.4
2024-10-15 03:37:50.056: 65 avg_steps: 892.35
2024-10-15 03:37:50.056: 65 epsilon: 0.1
2024-10-15 03:37:50.056: 65 q: 6.60791
2024-10-15 03:47:52.075: 66 test start:
2024-10-15 03:48:13.013: 66 avg_reward: 829.15
2024-10-15 03:48:13.013: 66 avg_steps: 1060.65
2024-10-15 03:48:13.013: 66 epsilon: 0.1
2024-10-15 03:48:13.013: 66 q: 6.6115494
2024-10-15 03:58:47.255: 67 test start:
2024-10-15 03:59:07.444: 67 avg_reward: 840.15
2024-10-15 03:59:07.445: 67 avg_steps: 1059.7
2024-10-15 03:59:07.445: 67 epsilon: 0.1
2024-10-15 03:59:07.445: 67 q: 6.716369
2024-10-15 04:09:40.209: 68 test start:
2024-10-15 04:09:53.500: 68 avg_reward: 502.8
2024-10-15 04:09:53.500: 68 avg_steps: 663.5
2024-10-15 04:09:53.501: 68 epsilon: 0.1
2024-10-15 04:09:53.501: 68 q: 6.7664394
2024-10-15 04:20:20.133: 69 test start:
2024-10-15 04:20:37.310: 69 avg_reward: 692.05
2024-10-15 04:20:37.311: 69 avg_steps: 896.55
2024-10-15 04:20:37.311: 69 epsilon: 0.1
2024-10-15 04:20:37.311: 69 q: 6.7864404
2024-10-15 04:31:18.406: 70 test start:
2024-10-15 04:31:38.329: 70 avg_reward: 851.95
2024-10-15 04:31:38.329: 70 avg_steps: 1022.15
2024-10-15 04:31:38.329: 70 epsilon: 0.1
2024-10-15 04:31:38.329: 70 q: 6.851384
2024-10-15 04:42:01.581: 71 test start:
2024-10-15 04:42:18.855: 71 avg_reward: 693.85
2024-10-15 04:42:18.855: 71 avg_steps: 902.65
2024-10-15 04:42:18.855: 71 epsilon: 0.1
2024-10-15 04:42:18.855: 71 q: 6.773778
2024-10-15 04:53:06.787: 72 test start:
2024-10-15 04:53:17.943: 72 avg_reward: 390.75
2024-10-15 04:53:17.944: 72 avg_steps: 551.2
2024-10-15 04:53:17.944: 72 epsilon: 0.1
2024-10-15 04:53:17.944: 72 q: 6.829941
2024-10-15 05:03:33.548: 73 test start:
2024-10-15 05:03:47.056: 73 avg_reward: 529.0
2024-10-15 05:03:47.056: 73 avg_steps: 679.0
2024-10-15 05:03:47.056: 73 epsilon: 0.1
2024-10-15 05:03:47.057: 73 q: 6.8074446
2024-10-15 05:14:30.588: 74 test start:
2024-10-15 05:14:43.479: 74 avg_reward: 473.5
2024-10-15 05:14:43.479: 74 avg_steps: 669.1
2024-10-15 05:14:43.480: 74 epsilon: 0.1
2024-10-15 05:14:43.480: 74 q: 6.8447886
2024-10-15 05:25:08.393: 75 test start:
2024-10-15 05:25:26.070: 75 avg_reward: 678.2
2024-10-15 05:25:26.070: 75 avg_steps: 888.6
2024-10-15 05:25:26.070: 75 epsilon: 0.1
2024-10-15 05:25:26.070: 75 q: 6.7705936
2024-10-15 05:36:03.812: 76 test start:
2024-10-15 05:36:19.484: 76 avg_reward: 700.2
2024-10-15 05:36:19.485: 76 avg_steps: 829.05
2024-10-15 05:36:19.485: 76 epsilon: 0.1
2024-10-15 05:36:19.485: 76 q: 6.686281
2024-10-15 05:46:53.907: 77 test start:
2024-10-15 05:47:10.498: 77 avg_reward: 638.05
2024-10-15 05:47:10.499: 77 avg_steps: 840.55
2024-10-15 05:47:10.499: 77 epsilon: 0.1
2024-10-15 05:47:10.499: 77 q: 6.768716
2024-10-15 05:57:38.222: 78 test start:
2024-10-15 05:57:54.791: 78 avg_reward: 668.05
2024-10-15 05:57:54.791: 78 avg_steps: 869.2
2024-10-15 05:57:54.792: 78 epsilon: 0.1
2024-10-15 05:57:54.792: 78 q: 6.774426
2024-10-15 06:08:43.565: 79 test start:
2024-10-15 06:09:01.585: 79 avg_reward: 792.6
2024-10-15 06:09:01.585: 79 avg_steps: 906.6
2024-10-15 06:09:01.585: 79 epsilon: 0.1
2024-10-15 06:09:01.585: 79 q: 6.769796
2024-10-15 06:19:18.494: 80 test start:
2024-10-15 06:19:39.183: 80 avg_reward: 897.55
2024-10-15 06:19:39.183: 80 avg_steps: 1086.0
2024-10-15 06:19:39.183: 80 epsilon: 0.1
2024-10-15 06:19:39.183: 80 q: 6.722509
2024-10-15 06:30:26.025: 81 test start:
2024-10-15 06:30:39.802: 81 avg_reward: 523.75
2024-10-15 06:30:39.802: 81 avg_steps: 716.1
2024-10-15 06:30:39.802: 81 epsilon: 0.1
2024-10-15 06:30:39.802: 81 q: 6.76065
2024-10-15 06:41:01.485: 82 test start:
2024-10-15 06:41:23.285: 82 avg_reward: 884.1
2024-10-15 06:41:23.285: 82 avg_steps: 1114.45
2024-10-15 06:41:23.285: 82 epsilon: 0.1
2024-10-15 06:41:23.285: 82 q: 6.771041
2024-10-15 06:52:05.586: 83 test start:
2024-10-15 06:52:24.794: 83 avg_reward: 869.3
2024-10-15 06:52:24.794: 83 avg_steps: 1004.55
2024-10-15 06:52:24.794: 83 epsilon: 0.1
2024-10-15 06:52:24.794: 83 q: 6.76397
2024-10-15 07:02:52.656: 84 test start:
2024-10-15 07:03:12.270: 84 avg_reward: 775.1
2024-10-15 07:03:12.270: 84 avg_steps: 996.4
2024-10-15 07:03:12.270: 84 epsilon: 0.1
2024-10-15 07:03:12.270: 84 q: 6.800538
2024-10-15 07:13:43.331: 85 test start:
2024-10-15 07:13:59.563: 85 avg_reward: 716.2
2024-10-15 07:13:59.564: 85 avg_steps: 848.05
2024-10-15 07:13:59.564: 85 epsilon: 0.1
2024-10-15 07:13:59.564: 85 q: 6.742712
2024-10-15 07:24:47.947: 86 test start:
2024-10-15 07:25:08.625: 86 avg_reward: 879.55
2024-10-15 07:25:08.625: 86 avg_steps: 1095.35
2024-10-15 07:25:08.625: 86 epsilon: 0.1
2024-10-15 07:25:08.626: 86 q: 6.705373
2024-10-15 07:35:36.819: 87 test start:
2024-10-15 07:35:51.453: 87 avg_reward: 592.3
2024-10-15 07:35:51.453: 87 avg_steps: 793.4
2024-10-15 07:35:51.453: 87 epsilon: 0.1
2024-10-15 07:35:51.453: 87 q: 6.6247325
2024-10-15 07:46:42.725: 88 test start:
2024-10-15 07:47:02.608: 88 avg_reward: 854.2
2024-10-15 07:47:02.608: 88 avg_steps: 1016.85
2024-10-15 07:47:02.608: 88 epsilon: 0.1
2024-10-15 07:47:02.608: 88 q: 6.6039796
2024-10-15 07:57:25.010: 89 test start:
2024-10-15 07:57:44.126: 89 avg_reward: 797.55
2024-10-15 07:57:44.126: 89 avg_steps: 970.45
2024-10-15 07:57:44.126: 89 epsilon: 0.1
2024-10-15 07:57:44.126: 89 q: 6.6235313
2024-10-15 08:08:26.419: 90 test start:
2024-10-15 08:08:43.880: 90 avg_reward: 789.35
2024-10-15 08:08:43.881: 90 avg_steps: 932.05
2024-10-15 08:08:43.881: 90 epsilon: 0.1
2024-10-15 08:08:43.881: 90 q: 6.5535984
2024-10-15 08:19:17.544: 91 test start:
2024-10-15 08:19:32.112: 91 avg_reward: 559.3
2024-10-15 08:19:32.112: 91 avg_steps: 734.9
2024-10-15 08:19:32.118: 91 epsilon: 0.1
2024-10-15 08:19:32.118: 91 q: 6.6302676
2024-10-15 08:30:11.281: 92 test start:
2024-10-15 08:30:26.257: 92 avg_reward: 571.9
2024-10-15 08:30:26.257: 92 avg_steps: 780.55
2024-10-15 08:30:26.257: 92 epsilon: 0.1
2024-10-15 08:30:26.257: 92 q: 6.68833
2024-10-15 08:41:03.772: 93 test start:
2024-10-15 08:41:19.724: 93 avg_reward: 655.1
2024-10-15 08:41:19.725: 93 avg_steps: 822.05
2024-10-15 08:41:19.725: 93 epsilon: 0.1
2024-10-15 08:41:19.725: 93 q: 6.6989694
2024-10-15 08:51:49.964: 94 test start:
2024-10-15 08:52:08.977: 94 avg_reward: 845.25
2024-10-15 08:52:08.977: 94 avg_steps: 1020.25
2024-10-15 08:52:08.977: 94 epsilon: 0.1
2024-10-15 08:52:08.977: 94 q: 6.6628428
2024-10-15 09:02:59.764: 95 test start:
2024-10-15 09:03:14.116: 95 avg_reward: 524.75
2024-10-15 09:03:14.116: 95 avg_steps: 728.0
2024-10-15 09:03:14.116: 95 epsilon: 0.1
2024-10-15 09:03:14.116: 95 q: 6.649828
2024-10-15 09:13:25.371: 96 test start:
2024-10-15 09:13:47.654: 96 avg_reward: 946.9
2024-10-15 09:13:47.655: 96 avg_steps: 1158.55
2024-10-15 09:13:47.655: 96 epsilon: 0.1
2024-10-15 09:13:47.655: 96 q: 6.6493535
2024-10-15 09:24:27.592: 97 test start:
2024-10-15 09:24:46.664: 97 avg_reward: 853.8
2024-10-15 09:24:46.664: 97 avg_steps: 1012.15
2024-10-15 09:24:46.664: 97 epsilon: 0.1
2024-10-15 09:24:46.665: 97 q: 6.6384263
2024-10-15 09:35:00.956: 98 test start:
2024-10-15 09:35:22.037: 98 avg_reward: 910.05
2024-10-15 09:35:22.037: 98 avg_steps: 1088.65
2024-10-15 09:35:22.037: 98 epsilon: 0.1
2024-10-15 09:35:22.037: 98 q: 6.5931005
2024-10-15 09:45:51.271: 99 test start:
2024-10-15 09:46:10.834: 99 avg_reward: 857.0
2024-10-15 09:46:10.834: 99 avg_steps: 1036.7
2024-10-15 09:46:10.834: 99 epsilon: 0.1
2024-10-15 09:46:10.834: 99 q: 6.5758934
2024-10-15 09:56:42.274: 100 test start:
2024-10-15 09:57:02.511: 100 avg_reward: 866.0
2024-10-15 09:57:02.511: 100 avg_steps: 1026.5
2024-10-15 09:57:02.511: 100 epsilon: 0.1
2024-10-15 09:57:02.511: 100 q: 6.6826124
2024-10-15 10:07:33.858: 101 test start:
2024-10-15 10:07:51.746: 101 avg_reward: 818.0
2024-10-15 10:07:51.747: 101 avg_steps: 950.15
2024-10-15 10:07:51.747: 101 epsilon: 0.1
2024-10-15 10:07:51.747: 101 q: 6.6806793
2024-10-15 10:18:17.731: 102 test start:
2024-10-15 10:18:39.104: 102 avg_reward: 965.85
2024-10-15 10:18:39.104: 102 avg_steps: 1089.75
2024-10-15 10:18:39.104: 102 epsilon: 0.1
2024-10-15 10:18:39.104: 102 q: 6.70257
2024-10-15 10:29:04.310: 103 test start:
2024-10-15 10:29:23.914: 103 avg_reward: 856.35
2024-10-15 10:29:23.914: 103 avg_steps: 1042.55
2024-10-15 10:29:23.914: 103 epsilon: 0.1
2024-10-15 10:29:23.914: 103 q: 6.703629
2024-10-15 10:40:10.687: 104 test start:
2024-10-15 10:40:32.110: 104 avg_reward: 964.1
2024-10-15 10:40:32.110: 104 avg_steps: 1130.25
2024-10-15 10:40:32.111: 104 epsilon: 0.1
2024-10-15 10:40:32.111: 104 q: 6.7448626
2024-10-15 10:50:46.508: 105 test start:
2024-10-15 10:51:00.255: 105 avg_reward: 555.75
2024-10-15 10:51:00.256: 105 avg_steps: 690.15
2024-10-15 10:51:00.256: 105 epsilon: 0.1
2024-10-15 10:51:00.256: 105 q: 6.7432303
2024-10-15 11:01:46.863: 106 test start:
2024-10-15 11:02:07.030: 106 avg_reward: 915.85
2024-10-15 11:02:07.030: 106 avg_steps: 1061.85
2024-10-15 11:02:07.030: 106 epsilon: 0.1
2024-10-15 11:02:07.030: 106 q: 6.7750635
2024-10-15 11:12:41.059: 107 test start:
2024-10-15 11:12:56.412: 107 avg_reward: 611.0
2024-10-15 11:12:56.412: 107 avg_steps: 772.9
2024-10-15 11:12:56.413: 107 epsilon: 0.1
2024-10-15 11:12:56.413: 107 q: 6.8265324
2024-10-15 11:23:35.255: 108 test start:
2024-10-15 11:23:53.083: 108 avg_reward: 777.0
2024-10-15 11:23:53.083: 108 avg_steps: 952.1
2024-10-15 11:23:53.083: 108 epsilon: 0.1
2024-10-15 11:23:53.083: 108 q: 6.8130956
2024-10-15 11:34:29.608: 109 test start:
2024-10-15 11:34:50.399: 109 avg_reward: 981.5
2024-10-15 11:34:50.399: 109 avg_steps: 1088.25
2024-10-15 11:34:50.399: 109 epsilon: 0.1
2024-10-15 11:34:50.399: 109 q: 6.8271027
2024-10-15 11:45:19.716: 110 test start:
2024-10-15 11:45:36.586: 110 avg_reward: 784.65
2024-10-15 11:45:36.586: 110 avg_steps: 911.8
2024-10-15 11:45:36.586: 110 epsilon: 0.1
2024-10-15 11:45:36.586: 110 q: 6.7965975
2024-10-15 11:56:23.858: 111 test start:
2024-10-15 11:56:38.996: 111 avg_reward: 637.3
2024-10-15 11:56:38.996: 111 avg_steps: 777.2
2024-10-15 11:56:38.996: 111 epsilon: 0.1
2024-10-15 11:56:38.997: 111 q: 6.9002423
2024-10-15 12:06:58.871: 112 test start:
2024-10-15 12:07:18.113: 112 avg_reward: 878.8
2024-10-15 12:07:18.114: 112 avg_steps: 984.4
2024-10-15 12:07:18.114: 112 epsilon: 0.1
2024-10-15 12:07:18.114: 112 q: 6.7997975
2024-10-15 12:18:04.497: 113 test start:
2024-10-15 12:18:23.383: 113 avg_reward: 871.65
2024-10-15 12:18:23.384: 113 avg_steps: 1010.4
2024-10-15 12:18:23.384: 113 epsilon: 0.1
2024-10-15 12:18:23.384: 113 q: 6.7461133
2024-10-15 12:28:42.834: 114 test start:
2024-10-15 12:29:02.196: 114 avg_reward: 867.55
2024-10-15 12:29:02.196: 114 avg_steps: 1009.55
2024-10-15 12:29:02.196: 114 epsilon: 0.1
2024-10-15 12:29:02.196: 114 q: 6.677493
2024-10-15 12:39:43.479: 115 test start:
2024-10-15 12:39:57.194: 115 avg_reward: 605.8
2024-10-15 12:39:57.194: 115 avg_steps: 727.0
2024-10-15 12:39:57.194: 115 epsilon: 0.1
2024-10-15 12:39:57.194: 115 q: 6.570134
2024-10-15 12:50:15.116: 116 test start:
2024-10-15 12:50:32.466: 116 avg_reward: 745.55
2024-10-15 12:50:32.466: 116 avg_steps: 907.65
2024-10-15 12:50:32.466: 116 epsilon: 0.1
2024-10-15 12:50:32.466: 116 q: 6.571317
2024-10-15 13:00:57.183: 117 test start:
2024-10-15 13:01:14.453: 117 avg_reward: 777.05
2024-10-15 13:01:14.453: 117 avg_steps: 923.0
2024-10-15 13:01:14.453: 117 epsilon: 0.1
2024-10-15 13:01:14.453: 117 q: 6.5143642
2024-10-15 13:11:36.984: 118 test start:
2024-10-15 13:11:46.982: 118 avg_reward: 356.5
2024-10-15 13:11:46.982: 118 avg_steps: 524.85
2024-10-15 13:11:46.982: 118 epsilon: 0.1
2024-10-15 13:11:46.982: 118 q: 6.5408535
2024-10-15 13:21:56.134: 119 test start:
2024-10-15 13:22:12.460: 119 avg_reward: 715.0
2024-10-15 13:22:12.461: 119 avg_steps: 901.25
2024-10-15 13:22:12.461: 119 epsilon: 0.1
2024-10-15 13:22:12.461: 119 q: 6.531951
2024-10-15 13:32:34.686: 120 test start:
2024-10-15 13:32:55.738: 120 avg_reward: 942.05
2024-10-15 13:32:55.738: 120 avg_steps: 1076.05
2024-10-15 13:32:55.738: 120 epsilon: 0.1
2024-10-15 13:32:55.738: 120 q: 6.5173573
2024-10-15 13:42:59.625: 121 test start:
2024-10-15 13:43:20.451: 121 avg_reward: 812.55
2024-10-15 13:43:20.452: 121 avg_steps: 1116.85
2024-10-15 13:43:20.452: 121 epsilon: 0.1
2024-10-15 13:43:20.452: 121 q: 6.502993
2024-10-15 13:53:57.102: 122 test start:
2024-10-15 13:54:16.977: 122 avg_reward: 864.35
2024-10-15 13:54:16.977: 122 avg_steps: 1029.95
2024-10-15 13:54:16.977: 122 epsilon: 0.1
2024-10-15 13:54:16.977: 122 q: 6.49479
2024-10-15 14:04:12.831: 123 test start:
2024-10-15 14:04:35.223: 123 avg_reward: 997.25
2024-10-15 14:04:35.223: 123 avg_steps: 1168.8
2024-10-15 14:04:35.223: 123 epsilon: 0.1
2024-10-15 14:04:35.223: 123 q: 6.544587
2024-10-15 14:15:08.045: 124 test start:
2024-10-15 14:15:26.692: 124 avg_reward: 879.0
2024-10-15 14:15:26.692: 124 avg_steps: 1020.85
2024-10-15 14:15:26.692: 124 epsilon: 0.1
2024-10-15 14:15:26.692: 124 q: 6.5495086
2024-10-15 14:25:32.501: 125 test start:
2024-10-15 14:25:45.834: 125 avg_reward: 547.9
2024-10-15 14:25:45.834: 125 avg_steps: 693.9
2024-10-15 14:25:45.834: 125 epsilon: 0.1
2024-10-15 14:25:45.834: 125 q: 6.6329308
2024-10-15 14:36:02.805: 126 test start:
2024-10-15 14:36:23.018: 126 avg_reward: 998.3
2024-10-15 14:36:23.019: 126 avg_steps: 1087.15
2024-10-15 14:36:23.019: 126 epsilon: 0.1
2024-10-15 14:36:23.019: 126 q: 6.7099233
2024-10-15 14:46:22.422: 127 test start:
2024-10-15 14:46:39.499: 127 avg_reward: 730.6
2024-10-15 14:46:39.499: 127 avg_steps: 883.2
2024-10-15 14:46:39.499: 127 epsilon: 0.1
2024-10-15 14:46:39.499: 127 q: 6.6921396
2024-10-15 14:56:50.367: 128 test start:
2024-10-15 14:57:07.438: 128 avg_reward: 773.25
2024-10-15 14:57:07.438: 128 avg_steps: 920.65
2024-10-15 14:57:07.438: 128 epsilon: 0.1
2024-10-15 14:57:07.438: 128 q: 6.6476994
2024-10-15 15:07:21.483: 129 test start:
2024-10-15 15:07:49.981: 129 avg_reward: 1247.75
2024-10-15 15:07:49.982: 129 avg_steps: 1485.85
2024-10-15 15:07:49.982: 129 epsilon: 0.1
2024-10-15 15:07:49.982: 129 q: 6.538008
2024-10-15 15:18:00.824: 130 test start:
2024-10-15 15:18:21.267: 130 avg_reward: 935.95
2024-10-15 15:18:21.267: 130 avg_steps: 1102.15
2024-10-15 15:18:21.267: 130 epsilon: 0.1
2024-10-15 15:18:21.267: 130 q: 6.5531044
2024-10-15 15:28:42.061: 131 test start:
2024-10-15 15:28:57.091: 131 avg_reward: 668.25
2024-10-15 15:28:57.091: 131 avg_steps: 781.8
2024-10-15 15:28:57.091: 131 epsilon: 0.1
2024-10-15 15:28:57.092: 131 q: 6.5274425
2024-10-15 15:39:08.330: 132 test start:
2024-10-15 15:39:31.911: 132 avg_reward: 1084.05
2024-10-15 15:39:31.912: 132 avg_steps: 1250.0
2024-10-15 15:39:31.912: 132 epsilon: 0.1
2024-10-15 15:39:31.912: 132 q: 6.589477
2024-10-15 15:50:14.492: 133 test start:
2024-10-15 15:50:33.135: 133 avg_reward: 771.25
2024-10-15 15:50:33.136: 133 avg_steps: 960.1
2024-10-15 15:50:33.136: 133 epsilon: 0.1
2024-10-15 15:50:33.136: 133 q: 6.5951133
2024-10-15 16:00:45.075: 134 test start:
2024-10-15 16:00:57.418: 134 avg_reward: 497.5
2024-10-15 16:00:57.418: 134 avg_steps: 632.55
2024-10-15 16:00:57.419: 134 epsilon: 0.1
2024-10-15 16:00:57.419: 134 q: 6.6506543
2024-10-15 16:11:35.104: 135 test start:
2024-10-15 16:11:52.348: 135 avg_reward: 805.85
2024-10-15 16:11:52.349: 135 avg_steps: 920.1
2024-10-15 16:11:52.349: 135 epsilon: 0.1
2024-10-15 16:11:52.349: 135 q: 6.5879774
2024-10-15 16:22:01.533: 136 test start:
2024-10-15 16:22:20.650: 136 avg_reward: 865.85
2024-10-15 16:22:20.650: 136 avg_steps: 995.15
2024-10-15 16:22:20.650: 136 epsilon: 0.1
2024-10-15 16:22:20.650: 136 q: 6.492892
2024-10-15 16:32:50.722: 137 test start:
2024-10-15 16:33:11.290: 137 avg_reward: 957.0
2024-10-15 16:33:11.290: 137 avg_steps: 1109.05
2024-10-15 16:33:11.290: 137 epsilon: 0.1
2024-10-15 16:33:11.290: 137 q: 6.4775662
2024-10-15 16:43:12.110: 138 test start:
2024-10-15 16:43:31.930: 138 avg_reward: 863.3
2024-10-15 16:43:31.930: 138 avg_steps: 1035.4
2024-10-15 16:43:31.930: 138 epsilon: 0.1
2024-10-15 16:43:31.930: 138 q: 6.4714074
2024-10-15 16:53:49.093: 139 test start:
2024-10-15 16:54:03.310: 139 avg_reward: 650.75
2024-10-15 16:54:03.310: 139 avg_steps: 781.3
2024-10-15 16:54:03.310: 139 epsilon: 0.1
2024-10-15 16:54:03.310: 139 q: 6.5286636
2024-10-15 17:04:14.557: 140 test start:
2024-10-15 17:04:36.422: 140 avg_reward: 978.35
2024-10-15 17:04:36.423: 140 avg_steps: 1141.45
2024-10-15 17:04:36.423: 140 epsilon: 0.1
2024-10-15 17:04:36.423: 140 q: 6.499798
2024-10-15 17:14:40.166: 141 test start:
2024-10-15 17:15:05.042: 141 avg_reward: 1169.95
2024-10-15 17:15:05.042: 141 avg_steps: 1318.4
2024-10-15 17:15:05.042: 141 epsilon: 0.1
2024-10-15 17:15:05.042: 141 q: 6.5184317
2024-10-15 17:25:22.303: 142 test start:
2024-10-15 17:25:44.208: 142 avg_reward: 1070.05
2024-10-15 17:25:44.209: 142 avg_steps: 1159.15
2024-10-15 17:25:44.209: 142 epsilon: 0.1
2024-10-15 17:25:44.209: 142 q: 6.550355
2024-10-15 17:35:57.349: 143 test start:
2024-10-15 17:36:10.913: 143 avg_reward: 616.75
2024-10-15 17:36:10.913: 143 avg_steps: 723.05
2024-10-15 17:36:10.913: 143 epsilon: 0.1
2024-10-15 17:36:10.913: 143 q: 6.524708
2024-10-15 17:47:06.031: 144 test start:
2024-10-15 17:47:27.545: 144 avg_reward: 1020.5
2024-10-15 17:47:27.546: 144 avg_steps: 1138.95
2024-10-15 17:47:27.546: 144 epsilon: 0.1
2024-10-15 17:47:27.546: 144 q: 6.5980806
2024-10-15 17:57:45.389: 145 test start:
2024-10-15 17:58:09.472: 145 avg_reward: 1128.05
2024-10-15 17:58:09.472: 145 avg_steps: 1296.85
2024-10-15 17:58:09.472: 145 epsilon: 0.1
2024-10-15 17:58:09.472: 145 q: 6.536581
2024-10-15 18:09:03.477: 146 test start:
2024-10-15 18:09:20.743: 146 avg_reward: 795.9
2024-10-15 18:09:20.743: 146 avg_steps: 952.65
2024-10-15 18:09:20.743: 146 epsilon: 0.1
2024-10-15 18:09:20.744: 146 q: 6.540023
2024-10-15 18:19:41.936: 147 test start:
2024-10-15 18:20:01.821: 147 avg_reward: 883.8
2024-10-15 18:20:01.821: 147 avg_steps: 1038.3
2024-10-15 18:20:01.821: 147 epsilon: 0.1
2024-10-15 18:20:01.821: 147 q: 6.501257
2024-10-15 18:30:41.882: 148 test start:
2024-10-15 18:31:00.676: 148 avg_reward: 916.45
2024-10-15 18:31:00.676: 148 avg_steps: 1017.05
2024-10-15 18:31:00.676: 148 epsilon: 0.1
2024-10-15 18:31:00.676: 148 q: 6.532974
2024-10-15 18:41:39.258: 149 test start:
2024-10-15 18:41:51.738: 149 avg_reward: 498.0
2024-10-15 18:41:51.738: 149 avg_steps: 649.55
2024-10-15 18:41:51.738: 149 epsilon: 0.1
2024-10-15 18:41:51.738: 149 q: 6.504537
2024-10-15 18:52:23.229: 150 test start:
2024-10-15 18:52:36.509: 150 avg_reward: 583.25
2024-10-15 18:52:36.509: 150 avg_steps: 720.15
2024-10-15 18:52:36.509: 150 epsilon: 0.1
2024-10-15 18:52:36.509: 150 q: 6.4694657
2024-10-15 19:03:25.070: 151 test start:
2024-10-15 19:03:43.813: 151 avg_reward: 846.05
2024-10-15 19:03:43.813: 151 avg_steps: 993.1
2024-10-15 19:03:43.813: 151 epsilon: 0.1
2024-10-15 19:03:43.813: 151 q: 6.384952
2024-10-15 19:14:02.510: 152 test start:
2024-10-15 19:14:25.998: 152 avg_reward: 1085.25
2024-10-15 19:14:25.998: 152 avg_steps: 1276.8
2024-10-15 19:14:25.998: 152 epsilon: 0.1
2024-10-15 19:14:25.999: 152 q: 6.2770157
2024-10-15 19:25:16.050: 153 test start:
2024-10-15 19:25:36.008: 153 avg_reward: 936.25
2024-10-15 19:25:36.008: 153 avg_steps: 1092.35
2024-10-15 19:25:36.008: 153 epsilon: 0.1
2024-10-15 19:25:36.009: 153 q: 6.2525315
2024-10-15 19:35:47.742: 154 test start:
2024-10-15 19:36:02.888: 154 avg_reward: 675.25
2024-10-15 19:36:02.888: 154 avg_steps: 803.3
2024-10-15 19:36:02.888: 154 epsilon: 0.1
2024-10-15 19:36:02.888: 154 q: 6.30316
2024-10-15 19:46:42.984: 155 test start:
2024-10-15 19:47:01.391: 155 avg_reward: 884.35
2024-10-15 19:47:01.391: 155 avg_steps: 1009.85
2024-10-15 19:47:01.391: 155 epsilon: 0.1
2024-10-15 19:47:01.391: 155 q: 6.360904
2024-10-15 19:57:16.203: 156 test start:
2024-10-15 19:57:36.485: 156 avg_reward: 950.0
2024-10-15 19:57:36.485: 156 avg_steps: 1076.4
2024-10-15 19:57:36.485: 156 epsilon: 0.1
2024-10-15 19:57:36.486: 156 q: 6.3970885
2024-10-15 20:07:56.844: 157 test start:
2024-10-15 20:08:13.966: 157 avg_reward: 845.3
2024-10-15 20:08:13.966: 157 avg_steps: 960.8
2024-10-15 20:08:13.966: 157 epsilon: 0.1
2024-10-15 20:08:13.966: 157 q: 6.358668
2024-10-15 20:18:29.881: 158 test start:
2024-10-15 20:18:50.676: 158 avg_reward: 914.05
2024-10-15 20:18:50.676: 158 avg_steps: 1074.6
2024-10-15 20:18:50.676: 158 epsilon: 0.1
2024-10-15 20:18:50.676: 158 q: 6.4099708
2024-10-15 20:28:57.389: 159 test start:
2024-10-15 20:29:15.255: 159 avg_reward: 868.4
2024-10-15 20:29:15.255: 159 avg_steps: 953.2
2024-10-15 20:29:15.255: 159 epsilon: 0.1
2024-10-15 20:29:15.255: 159 q: 6.4087925
2024-10-15 20:39:28.663: 160 test start:
2024-10-15 20:39:46.426: 160 avg_reward: 762.8
2024-10-15 20:39:46.426: 160 avg_steps: 898.05
2024-10-15 20:39:46.426: 160 epsilon: 0.1
2024-10-15 20:39:46.426: 160 q: 6.3672132
2024-10-15 20:50:00.540: 161 test start:
2024-10-15 20:50:26.245: 161 avg_reward: 1267.85
2024-10-15 20:50:26.245: 161 avg_steps: 1364.6
2024-10-15 20:50:26.245: 161 epsilon: 0.1
2024-10-15 20:50:26.245: 161 q: 6.431877
2024-10-15 21:00:52.205: 162 test start:
2024-10-15 21:01:15.692: 162 avg_reward: 1075.35
2024-10-15 21:01:15.692: 162 avg_steps: 1197.3
2024-10-15 21:01:15.692: 162 epsilon: 0.1
2024-10-15 21:01:15.692: 162 q: 6.4855313
2024-10-15 21:11:18.633: 163 test start:
2024-10-15 21:11:34.699: 163 avg_reward: 721.3
2024-10-15 21:11:34.700: 163 avg_steps: 820.9
2024-10-15 21:11:34.700: 163 epsilon: 0.1
2024-10-15 21:11:34.700: 163 q: 6.516691
2024-10-15 21:22:04.082: 164 test start:
2024-10-15 21:22:23.734: 164 avg_reward: 965.0
2024-10-15 21:22:23.734: 164 avg_steps: 1049.4
2024-10-15 21:22:23.734: 164 epsilon: 0.1
2024-10-15 21:22:23.734: 164 q: 6.5794396
2024-10-15 21:32:32.627: 165 test start:
2024-10-15 21:32:49.341: 165 avg_reward: 748.5
2024-10-15 21:32:49.341: 165 avg_steps: 884.9
2024-10-15 21:32:49.341: 165 epsilon: 0.1
2024-10-15 21:32:49.341: 165 q: 6.5801034
2024-10-15 21:43:25.675: 166 test start:
2024-10-15 21:43:43.386: 166 avg_reward: 868.4
2024-10-15 21:43:43.386: 166 avg_steps: 962.9
2024-10-15 21:43:43.386: 166 epsilon: 0.1
2024-10-15 21:43:43.386: 166 q: 6.6111856
2024-10-15 21:53:56.216: 167 test start:
2024-10-15 21:54:15.190: 167 avg_reward: 868.3
2024-10-15 21:54:15.190: 167 avg_steps: 976.6
2024-10-15 21:54:15.190: 167 epsilon: 0.1
2024-10-15 21:54:15.190: 167 q: 6.611738
2024-10-15 22:04:40.075: 168 test start:
2024-10-15 22:04:55.408: 168 avg_reward: 699.5
2024-10-15 22:04:55.409: 168 avg_steps: 809.3
2024-10-15 22:04:55.409: 168 epsilon: 0.1
2024-10-15 22:04:55.409: 168 q: 6.61122
2024-10-15 22:15:13.942: 169 test start:
2024-10-15 22:15:38.271: 169 avg_reward: 1144.55
2024-10-15 22:15:38.271: 169 avg_steps: 1255.05
2024-10-15 22:15:38.272: 169 epsilon: 0.1
2024-10-15 22:15:38.272: 169 q: 6.518197
2024-10-15 22:25:47.266: 170 test start:
2024-10-15 22:26:07.839: 170 avg_reward: 999.6
2024-10-15 22:26:07.839: 170 avg_steps: 1105.4
2024-10-15 22:26:07.839: 170 epsilon: 0.1
2024-10-15 22:26:07.839: 170 q: 6.524993
2024-10-15 22:36:31.125: 171 test start:
2024-10-15 22:36:51.211: 171 avg_reward: 962.5
2024-10-15 22:36:51.211: 171 avg_steps: 1076.95
2024-10-15 22:36:51.211: 171 epsilon: 0.1
2024-10-15 22:36:51.211: 171 q: 6.4987507
2024-10-15 22:46:43.598: 172 test start:
2024-10-15 22:46:57.767: 172 avg_reward: 609.55
2024-10-15 22:46:57.767: 172 avg_steps: 746.55
2024-10-15 22:46:57.767: 172 epsilon: 0.1
2024-10-15 22:46:57.767: 172 q: 6.522206
2024-10-15 22:57:20.918: 173 test start:
2024-10-15 22:57:41.901: 173 avg_reward: 990.6
2024-10-15 22:57:41.901: 173 avg_steps: 1086.4
2024-10-15 22:57:41.901: 173 epsilon: 0.1
2024-10-15 22:57:41.901: 173 q: 6.5954146
2024-10-15 23:07:36.944: 174 test start:
2024-10-15 23:07:50.973: 174 avg_reward: 610.3
2024-10-15 23:07:50.973: 174 avg_steps: 714.3
2024-10-15 23:07:50.973: 174 epsilon: 0.1
2024-10-15 23:07:50.973: 174 q: 6.575269
2024-10-15 23:18:27.149: 175 test start:
2024-10-15 23:18:47.488: 175 avg_reward: 952.6
2024-10-15 23:18:47.488: 175 avg_steps: 1081.25
2024-10-15 23:18:47.488: 175 epsilon: 0.1
2024-10-15 23:18:47.488: 175 q: 6.5362926
2024-10-15 23:28:47.178: 176 test start:
2024-10-15 23:29:04.247: 176 avg_reward: 809.35
2024-10-15 23:29:04.248: 176 avg_steps: 873.55
2024-10-15 23:29:04.248: 176 epsilon: 0.1
2024-10-15 23:29:04.248: 176 q: 6.525906
2024-10-15 23:39:22.514: 177 test start:
2024-10-15 23:39:43.608: 177 avg_reward: 1006.1
2024-10-15 23:39:43.608: 177 avg_steps: 1126.8
2024-10-15 23:39:43.608: 177 epsilon: 0.1
2024-10-15 23:39:43.608: 177 q: 6.599097
2024-10-15 23:49:34.873: 178 test start:
2024-10-15 23:49:59.343: 178 avg_reward: 1188.35
2024-10-15 23:49:59.343: 178 avg_steps: 1276.95
2024-10-15 23:49:59.343: 178 epsilon: 0.1
2024-10-15 23:49:59.343: 178 q: 6.50034
2024-10-16 00:00:05.055: 179 test start:
2024-10-16 00:00:23.833: 179 avg_reward: 878.75
2024-10-16 00:00:23.833: 179 avg_steps: 999.05
2024-10-16 00:00:23.833: 179 epsilon: 0.1
2024-10-16 00:00:23.833: 179 q: 6.4696336
2024-10-16 00:10:28.952: 180 test start:
2024-10-16 00:10:47.715: 180 avg_reward: 811.65
2024-10-16 00:10:47.715: 180 avg_steps: 978.1
2024-10-16 00:10:47.715: 180 epsilon: 0.1
2024-10-16 00:10:47.715: 180 q: 6.515433
2024-10-16 00:20:53.811: 181 test start:
2024-10-16 00:21:12.371: 181 avg_reward: 871.3
2024-10-16 00:21:12.371: 181 avg_steps: 994.55
2024-10-16 00:21:12.371: 181 epsilon: 0.1
2024-10-16 00:21:12.371: 181 q: 6.525576
2024-10-16 00:31:20.196: 182 test start:
2024-10-16 00:31:37.916: 182 avg_reward: 771.05
2024-10-16 00:31:37.916: 182 avg_steps: 916.7
2024-10-16 00:31:37.916: 182 epsilon: 0.1
2024-10-16 00:31:37.916: 182 q: 6.410141
2024-10-16 00:41:37.713: 183 test start:
2024-10-16 00:41:56.318: 183 avg_reward: 887.0
2024-10-16 00:41:56.319: 183 avg_steps: 1015.1
2024-10-16 00:41:56.324: 183 epsilon: 0.1
2024-10-16 00:41:56.324: 183 q: 6.433344
2024-10-16 00:52:15.794: 184 test start:
2024-10-16 00:52:36.200: 184 avg_reward: 978.8
2024-10-16 00:52:36.200: 184 avg_steps: 1063.45
2024-10-16 00:52:36.200: 184 epsilon: 0.1
2024-10-16 00:52:36.201: 184 q: 6.33639
2024-10-16 01:02:24.405: 185 test start:
2024-10-16 01:02:41.704: 185 avg_reward: 818.25
2024-10-16 01:02:41.704: 185 avg_steps: 930.0
2024-10-16 01:02:41.704: 185 epsilon: 0.1
2024-10-16 01:02:41.704: 185 q: 6.383394
2024-10-16 01:13:05.256: 186 test start:
2024-10-16 01:13:28.245: 186 avg_reward: 1145.85
2024-10-16 01:13:28.245: 186 avg_steps: 1237.7
2024-10-16 01:13:28.245: 186 epsilon: 0.1
2024-10-16 01:13:28.245: 186 q: 6.3362484
2024-10-16 01:23:19.030: 187 test start:
2024-10-16 01:23:36.291: 187 avg_reward: 810.5
2024-10-16 01:23:36.292: 187 avg_steps: 924.75
2024-10-16 01:23:36.292: 187 epsilon: 0.1
2024-10-16 01:23:36.292: 187 q: 6.455473
2024-10-16 01:33:59.860: 188 test start:
2024-10-16 01:34:16.202: 188 avg_reward: 741.05
2024-10-16 01:34:16.202: 188 avg_steps: 895.95
2024-10-16 01:34:16.203: 188 epsilon: 0.1
2024-10-16 01:34:16.203: 188 q: 6.4193244
2024-10-16 01:44:10.696: 189 test start:
2024-10-16 01:44:29.815: 189 avg_reward: 907.25
2024-10-16 01:44:29.815: 189 avg_steps: 1001.8
2024-10-16 01:44:29.815: 189 epsilon: 0.1
2024-10-16 01:44:29.815: 189 q: 6.4800367
2024-10-16 01:54:46.366: 190 test start:
2024-10-16 01:55:10.276: 190 avg_reward: 1173.3
2024-10-16 01:55:10.276: 190 avg_steps: 1272.75
2024-10-16 01:55:10.276: 190 epsilon: 0.1
2024-10-16 01:55:10.277: 190 q: 6.496513
2024-10-16 02:05:10.906: 191 test start:
2024-10-16 02:05:30.810: 191 avg_reward: 865.8
2024-10-16 02:05:30.810: 191 avg_steps: 1030.1
2024-10-16 02:05:30.810: 191 epsilon: 0.1
2024-10-16 02:05:30.810: 191 q: 6.4633174
2024-10-16 02:15:41.860: 192 test start:
2024-10-16 02:16:02.049: 192 avg_reward: 1019.85
2024-10-16 02:16:02.049: 192 avg_steps: 1084.1
2024-10-16 02:16:02.049: 192 epsilon: 0.1
2024-10-16 02:16:02.049: 192 q: 6.433593
2024-10-16 02:26:16.250: 193 test start:
2024-10-16 02:26:30.925: 193 avg_reward: 660.1
2024-10-16 02:26:30.925: 193 avg_steps: 756.7
2024-10-16 02:26:30.925: 193 epsilon: 0.1
2024-10-16 02:26:30.925: 193 q: 6.4700108
2024-10-16 02:36:33.405: 194 test start:
2024-10-16 02:36:53.636: 194 avg_reward: 983.0
2024-10-16 02:36:53.636: 194 avg_steps: 1103.1
2024-10-16 02:36:53.636: 194 epsilon: 0.1
2024-10-16 02:36:53.636: 194 q: 6.452494
2024-10-16 02:47:12.238: 195 test start:
2024-10-16 02:47:28.154: 195 avg_reward: 743.25
2024-10-16 02:47:28.154: 195 avg_steps: 861.15
2024-10-16 02:47:28.154: 195 epsilon: 0.1
2024-10-16 02:47:28.154: 195 q: 6.3693995
2024-10-16 02:57:31.008: 196 test start:
2024-10-16 02:57:48.457: 196 avg_reward: 809.6
2024-10-16 02:57:48.457: 196 avg_steps: 930.1
2024-10-16 02:57:48.457: 196 epsilon: 0.1
2024-10-16 02:57:48.457: 196 q: 6.389518
2024-10-16 03:07:58.564: 197 test start:
2024-10-16 03:08:21.074: 197 avg_reward: 1087.3
2024-10-16 03:08:21.074: 197 avg_steps: 1160.3
2024-10-16 03:08:21.074: 197 epsilon: 0.1
2024-10-16 03:08:21.074: 197 q: 6.5171685
2024-10-16 03:18:51.076: 198 test start:
2024-10-16 03:19:09.831: 198 avg_reward: 834.35
2024-10-16 03:19:09.831: 198 avg_steps: 954.55
2024-10-16 03:19:09.831: 198 epsilon: 0.1
2024-10-16 03:19:09.831: 198 q: 6.5201488
2024-10-16 03:29:33.220: 199 test start:
2024-10-16 03:29:53.808: 199 avg_reward: 1008.55
2024-10-16 03:29:53.808: 199 avg_steps: 1059.1
2024-10-16 03:29:53.809: 199 epsilon: 0.1
2024-10-16 03:29:53.809: 199 q: 6.5460286
2024-10-16 03:40:17.789: 200 test start:
2024-10-16 03:40:40.000: 200 avg_reward: 1036.1
2024-10-16 03:40:40.001: 200 avg_steps: 1150.9
2024-10-16 03:40:40.001: 200 epsilon: 0.1
2024-10-16 03:40:40.001: 200 q: 6.471835
