2024-05-02 19:19:17.716: 
parameters:agent_saving_period: 80000
agent_test_episodes: 20
batch_num_per_epoch: 100000
device: cuda:0
env_name: ALE/WizardOfWor-v5
epsilon_for_test: 0.05
epsilon_max: 1.0
epsilon_min: 0.1
exploration_steps: 1000000
gamma: 0.99
input_frame_height: 84
input_frame_width: 84
learning_rate: 1.0e-05
log_path: ../exps/dqn/
mini_batch_size: 32
no_op: 30
phi_channel: 4
replay_buffer_size: 200000
replay_start_size: 10000
save_path: ./exps/
skip_k_frame: 4
step_c: 10000
training_steps: 50000000

2024-05-02 19:31:51.538: 1 test start:
2024-05-02 19:32:11.270: 1 avg_reward: 350.0
2024-05-02 19:32:11.271: 1 avg_steps: 826.05
2024-05-02 19:32:11.271: 1 epsilon: 0.9193636
2024-05-02 19:46:26.356: 2 test start:
2024-05-02 19:46:47.991: 2 avg_reward: 440.0
2024-05-02 19:46:47.991: 2 avg_steps: 1039.15
2024-05-02 19:46:47.991: 2 epsilon: 0.8317531
2024-05-02 20:28:19.837: 3 test start:
2024-05-02 20:28:51.373: 3 avg_reward: 830.0
2024-05-02 20:28:51.374: 3 avg_steps: 1665.55
2024-05-02 20:28:51.374: 3 epsilon: 0.7428736
2024-05-02 20:42:39.615: 4 test start:
2024-05-02 20:42:53.738: 4 avg_reward: 395.0
2024-05-02 20:42:53.738: 4 avg_steps: 750.65
2024-05-02 20:42:53.738: 4 epsilon: 0.6568335999999999
2024-05-02 20:56:51.703: 5 test start:
2024-05-02 20:57:03.008: 5 avg_reward: 290.0
2024-05-02 20:57:03.009: 5 avg_steps: 602.15
2024-05-02 20:57:03.009: 5 epsilon: 0.5698702
2024-05-02 21:11:08.359: 6 test start:
2024-05-02 21:11:26.770: 6 avg_reward: 400.0
2024-05-02 21:11:26.770: 6 avg_steps: 991.85
2024-05-02 21:11:26.770: 6 epsilon: 0.4822137999999999
2024-05-02 21:25:32.712: 7 test start:
2024-05-02 21:25:42.488: 7 avg_reward: 260.0
2024-05-02 21:25:42.488: 7 avg_steps: 524.1
2024-05-02 21:25:42.488: 7 epsilon: 0.39474279999999995
2024-05-02 21:39:47.046: 8 test start:
2024-05-02 21:40:00.513: 8 avg_reward: 275.0
2024-05-02 21:40:00.513: 8 avg_steps: 721.5
2024-05-02 21:40:00.513: 8 epsilon: 0.30743109999999996
2024-05-02 21:54:10.695: 9 test start:
2024-05-02 21:54:21.738: 9 avg_reward: 280.0
2024-05-02 21:54:21.738: 9 avg_steps: 588.45
2024-05-02 21:54:21.738: 9 epsilon: 0.21977199999999997
2024-05-02 22:08:23.823: 10 test start:
2024-05-02 22:08:40.228: 10 avg_reward: 345.0
2024-05-02 22:08:40.228: 10 avg_steps: 880.9
2024-05-02 22:08:40.228: 10 epsilon: 0.1326375999999999
2024-05-02 22:22:42.568: 11 test start:
2024-05-02 22:23:02.695: 11 avg_reward: 730.0
2024-05-02 22:23:02.695: 11 avg_steps: 1084.9
2024-05-02 22:23:02.695: 11 epsilon: 0.1
2024-05-02 22:37:09.865: 12 test start:
2024-05-02 22:37:26.269: 12 avg_reward: 440.0
2024-05-02 22:37:26.269: 12 avg_steps: 878.6
2024-05-02 22:37:26.269: 12 epsilon: 0.1
2024-05-02 22:51:30.443: 13 test start:
2024-05-02 22:51:51.249: 13 avg_reward: 390.0
2024-05-02 22:51:51.249: 13 avg_steps: 1120.2
2024-05-02 22:51:51.249: 13 epsilon: 0.1
2024-05-02 23:06:00.892: 14 test start:
2024-05-02 23:06:14.248: 14 avg_reward: 450.0
2024-05-02 23:06:14.248: 14 avg_steps: 706.95
2024-05-02 23:06:14.248: 14 epsilon: 0.1
2024-05-02 23:20:19.402: 15 test start:
2024-05-02 23:20:30.540: 15 avg_reward: 190.0
2024-05-02 23:20:30.541: 15 avg_steps: 593.65
2024-05-02 23:20:30.541: 15 epsilon: 0.1
2024-05-02 23:34:36.274: 16 test start:
2024-05-02 23:34:55.117: 16 avg_reward: 635.0
2024-05-02 23:34:55.117: 16 avg_steps: 1011.55
2024-05-02 23:34:55.117: 16 epsilon: 0.1
2024-05-02 23:49:04.042: 17 test start:
2024-05-02 23:49:30.426: 17 avg_reward: 555.0
2024-05-02 23:49:30.426: 17 avg_steps: 1437.15
2024-05-02 23:49:30.426: 17 epsilon: 0.1
2024-05-03 00:03:32.632: 18 test start:
2024-05-03 00:03:48.149: 18 avg_reward: 550.0
2024-05-03 00:03:48.149: 18 avg_steps: 834.3
2024-05-03 00:03:48.149: 18 epsilon: 0.1
2024-05-03 00:17:52.237: 19 test start:
2024-05-03 00:18:11.537: 19 avg_reward: 695.0
2024-05-03 00:18:11.537: 19 avg_steps: 1043.95
2024-05-03 00:18:11.537: 19 epsilon: 0.1
2024-05-03 00:32:16.757: 20 test start:
2024-05-03 00:32:35.267: 20 avg_reward: 555.0
2024-05-03 00:32:35.267: 20 avg_steps: 999.8
2024-05-03 00:32:35.267: 20 epsilon: 0.1
2024-05-03 00:46:58.541: 21 test start:
2024-05-03 00:47:15.606: 21 avg_reward: 425.0
2024-05-03 00:47:15.606: 21 avg_steps: 917.65
2024-05-03 00:47:15.606: 21 epsilon: 0.1
2024-05-03 01:01:23.905: 22 test start:
2024-05-03 01:01:42.021: 22 avg_reward: 590.0
2024-05-03 01:01:42.021: 22 avg_steps: 975.95
2024-05-03 01:01:42.021: 22 epsilon: 0.1
2024-05-03 01:16:09.753: 23 test start:
2024-05-03 01:16:31.535: 23 avg_reward: 525.0
2024-05-03 01:16:31.535: 23 avg_steps: 1187.6
2024-05-03 01:16:31.535: 23 epsilon: 0.1
2024-05-03 01:30:44.734: 24 test start:
2024-05-03 01:31:01.819: 24 avg_reward: 310.0
2024-05-03 01:31:01.819: 24 avg_steps: 919.55
2024-05-03 01:31:01.819: 24 epsilon: 0.1
2024-05-03 01:45:25.282: 25 test start:
2024-05-03 01:45:50.595: 25 avg_reward: 745.0
2024-05-03 01:45:50.595: 25 avg_steps: 1369.5
2024-05-03 01:45:50.595: 25 epsilon: 0.1
2024-05-03 02:00:15.074: 26 test start:
2024-05-03 02:00:32.803: 26 avg_reward: 575.0
2024-05-03 02:00:32.803: 26 avg_steps: 952.55
2024-05-03 02:00:32.803: 26 epsilon: 0.1
2024-05-03 02:14:59.435: 27 test start:
2024-05-03 02:15:18.424: 27 avg_reward: 815.0
2024-05-03 02:15:18.424: 27 avg_steps: 1025.2
2024-05-03 02:15:18.424: 27 epsilon: 0.1
2024-05-03 02:29:32.368: 28 test start:
2024-05-03 02:29:47.132: 28 avg_reward: 360.0
2024-05-03 02:29:47.132: 28 avg_steps: 791.4
2024-05-03 02:29:47.132: 28 epsilon: 0.1
2024-05-03 02:44:04.528: 29 test start:
2024-05-03 02:44:28.327: 29 avg_reward: 660.0
2024-05-03 02:44:28.327: 29 avg_steps: 1296.9
2024-05-03 02:44:28.327: 29 epsilon: 0.1
2024-05-03 02:58:51.836: 30 test start:
2024-05-03 02:59:13.887: 30 avg_reward: 550.0
2024-05-03 02:59:13.887: 30 avg_steps: 1180.0
2024-05-03 02:59:13.887: 30 epsilon: 0.1
2024-05-03 03:13:34.715: 31 test start:
2024-05-03 03:13:59.059: 31 avg_reward: 535.0
2024-05-03 03:13:59.060: 31 avg_steps: 1305.55
2024-05-03 03:13:59.060: 31 epsilon: 0.1
2024-05-03 03:28:17.584: 32 test start:
2024-05-03 03:28:32.767: 32 avg_reward: 390.0
2024-05-03 03:28:32.767: 32 avg_steps: 814.25
2024-05-03 03:28:32.767: 32 epsilon: 0.1
2024-05-03 03:42:55.021: 33 test start:
2024-05-03 03:43:10.895: 33 avg_reward: 475.0
2024-05-03 03:43:10.895: 33 avg_steps: 855.3
2024-05-03 03:43:10.895: 33 epsilon: 0.1
2024-05-03 03:57:43.663: 34 test start:
2024-05-03 03:57:59.009: 34 avg_reward: 415.0
2024-05-03 03:57:59.009: 34 avg_steps: 830.5
2024-05-03 03:57:59.009: 34 epsilon: 0.1
2024-05-03 04:12:18.607: 35 test start:
2024-05-03 04:12:32.353: 35 avg_reward: 360.0
2024-05-03 04:12:32.353: 35 avg_steps: 739.15
2024-05-03 04:12:32.353: 35 epsilon: 0.1
2024-05-03 04:26:49.657: 36 test start:
2024-05-03 04:27:06.398: 36 avg_reward: 380.0
2024-05-03 04:27:06.398: 36 avg_steps: 905.45
2024-05-03 04:27:06.398: 36 epsilon: 0.1
2024-05-03 04:41:32.588: 37 test start:
2024-05-03 04:41:51.986: 37 avg_reward: 565.0
2024-05-03 04:41:51.986: 37 avg_steps: 1050.7
2024-05-03 04:41:51.986: 37 epsilon: 0.1
2024-05-03 04:56:16.173: 38 test start:
2024-05-03 04:56:31.221: 38 avg_reward: 635.0
2024-05-03 04:56:31.221: 38 avg_steps: 808.3
2024-05-03 04:56:31.221: 38 epsilon: 0.1
2024-05-03 05:10:50.022: 39 test start:
2024-05-03 05:11:11.602: 39 avg_reward: 835.0
2024-05-03 05:11:11.602: 39 avg_steps: 1166.85
2024-05-03 05:11:11.602: 39 epsilon: 0.1
2024-05-03 05:25:37.444: 40 test start:
2024-05-03 05:26:01.838: 40 avg_reward: 590.0
2024-05-03 05:26:01.838: 40 avg_steps: 1318.0
2024-05-03 05:26:01.838: 40 epsilon: 0.1
2024-05-03 05:40:15.997: 41 test start:
2024-05-03 05:40:34.335: 41 avg_reward: 450.0
2024-05-03 05:40:34.335: 41 avg_steps: 989.2
2024-05-03 05:40:34.335: 41 epsilon: 0.1
2024-05-03 05:54:57.752: 42 test start:
2024-05-03 05:55:12.043: 42 avg_reward: 345.0
2024-05-03 05:55:12.043: 42 avg_steps: 762.1
2024-05-03 05:55:12.043: 42 epsilon: 0.1
2024-05-03 06:09:34.143: 43 test start:
2024-05-03 06:09:51.936: 43 avg_reward: 450.0
2024-05-03 06:09:51.936: 43 avg_steps: 975.4
2024-05-03 06:09:51.936: 43 epsilon: 0.1
2024-05-03 06:24:11.908: 44 test start:
2024-05-03 06:24:31.827: 44 avg_reward: 440.0
2024-05-03 06:24:31.827: 44 avg_steps: 1063.7
2024-05-03 06:24:31.827: 44 epsilon: 0.1
2024-05-03 06:38:48.745: 45 test start:
2024-05-03 06:39:05.989: 45 avg_reward: 515.0
2024-05-03 06:39:05.989: 45 avg_steps: 928.9
2024-05-03 06:39:05.989: 45 epsilon: 0.1
2024-05-03 06:53:25.883: 46 test start:
2024-05-03 06:53:48.048: 46 avg_reward: 540.0
2024-05-03 06:53:48.048: 46 avg_steps: 1199.8
2024-05-03 06:53:48.048: 46 epsilon: 0.1
2024-05-03 07:08:07.267: 47 test start:
2024-05-03 07:08:27.738: 47 avg_reward: 715.0
2024-05-03 07:08:27.738: 47 avg_steps: 1118.05
2024-05-03 07:08:27.738: 47 epsilon: 0.1
2024-05-03 07:22:55.323: 48 test start:
2024-05-03 07:23:16.173: 48 avg_reward: 565.0
2024-05-03 07:23:16.173: 48 avg_steps: 1131.2
2024-05-03 07:23:16.173: 48 epsilon: 0.1
2024-05-03 07:37:33.683: 49 test start:
2024-05-03 07:37:53.189: 49 avg_reward: 390.0
2024-05-03 07:37:53.190: 49 avg_steps: 1049.8
2024-05-03 07:37:53.190: 49 epsilon: 0.1
2024-05-03 07:52:24.252: 50 test start:
2024-05-03 07:52:42.067: 50 avg_reward: 480.0
2024-05-03 07:52:42.067: 50 avg_steps: 958.05
2024-05-03 07:52:42.067: 50 epsilon: 0.1
2024-05-03 08:06:59.140: 51 test start:
2024-05-03 08:07:15.075: 51 avg_reward: 350.0
2024-05-03 08:07:15.075: 51 avg_steps: 861.7
2024-05-03 08:07:15.075: 51 epsilon: 0.1
2024-05-03 08:21:21.389: 52 test start:
2024-05-03 08:21:44.377: 52 avg_reward: 540.0
2024-05-03 08:21:44.377: 52 avg_steps: 1248.25
2024-05-03 08:21:44.377: 52 epsilon: 0.1
2024-05-03 08:36:03.019: 53 test start:
2024-05-03 08:36:24.587: 53 avg_reward: 525.0
2024-05-03 08:36:24.587: 53 avg_steps: 1174.45
2024-05-03 08:36:24.587: 53 epsilon: 0.1
2024-05-03 08:50:45.185: 54 test start:
2024-05-03 08:51:07.240: 54 avg_reward: 730.0
2024-05-03 08:51:07.240: 54 avg_steps: 1210.15
2024-05-03 08:51:07.240: 54 epsilon: 0.1
2024-05-03 09:05:24.934: 55 test start:
2024-05-03 09:05:41.422: 55 avg_reward: 490.0
2024-05-03 09:05:41.422: 55 avg_steps: 885.25
2024-05-03 09:05:41.422: 55 epsilon: 0.1
2024-05-03 09:19:45.177: 56 test start:
2024-05-03 09:20:02.362: 56 avg_reward: 470.0
2024-05-03 09:20:02.362: 56 avg_steps: 932.0
2024-05-03 09:20:02.362: 56 epsilon: 0.1
2024-05-03 09:34:23.188: 57 test start:
2024-05-03 09:34:39.802: 57 avg_reward: 480.0
2024-05-03 09:34:39.802: 57 avg_steps: 896.85
2024-05-03 09:34:39.802: 57 epsilon: 0.1
2024-05-03 09:49:01.739: 58 test start:
2024-05-03 09:49:24.033: 58 avg_reward: 540.0
2024-05-03 09:49:24.033: 58 avg_steps: 1210.45
2024-05-03 09:49:24.034: 58 epsilon: 0.1
2024-05-03 10:03:39.610: 59 test start:
2024-05-03 10:04:01.334: 59 avg_reward: 695.0
2024-05-03 10:04:01.334: 59 avg_steps: 1176.65
2024-05-03 10:04:01.334: 59 epsilon: 0.1
2024-05-03 10:18:23.243: 60 test start:
2024-05-03 10:18:38.318: 60 avg_reward: 380.0
2024-05-03 10:18:38.319: 60 avg_steps: 819.75
2024-05-03 10:18:38.319: 60 epsilon: 0.1
2024-05-03 10:32:49.515: 61 test start:
2024-05-03 10:33:18.423: 61 avg_reward: 395.0
2024-05-03 10:33:18.423: 61 avg_steps: 1578.85
2024-05-03 10:33:18.423: 61 epsilon: 0.1
2024-05-03 10:47:08.770: 62 test start:
2024-05-03 10:47:25.833: 62 avg_reward: 505.0
2024-05-03 10:47:25.833: 62 avg_steps: 904.85
2024-05-03 10:47:25.833: 62 epsilon: 0.1
2024-05-03 11:01:41.371: 63 test start:
2024-05-03 11:01:56.511: 63 avg_reward: 445.0
2024-05-03 11:01:56.511: 63 avg_steps: 829.2
2024-05-03 11:01:56.511: 63 epsilon: 0.1
2024-05-03 11:15:53.073: 64 test start:
2024-05-03 11:16:13.351: 64 avg_reward: 605.0
2024-05-03 11:16:13.351: 64 avg_steps: 1109.05
2024-05-03 11:16:13.352: 64 epsilon: 0.1
2024-05-03 11:30:10.846: 65 test start:
2024-05-03 11:30:26.970: 65 avg_reward: 385.0
2024-05-03 11:30:26.970: 65 avg_steps: 871.0
2024-05-03 11:30:26.970: 65 epsilon: 0.1
2024-05-03 11:44:41.020: 66 test start:
2024-05-03 11:44:53.794: 66 avg_reward: 300.0
2024-05-03 11:44:53.794: 66 avg_steps: 687.75
2024-05-03 11:44:53.794: 66 epsilon: 0.1
2024-05-03 11:58:52.877: 67 test start:
2024-05-03 11:59:13.241: 67 avg_reward: 510.0
2024-05-03 11:59:13.241: 67 avg_steps: 1107.5
2024-05-03 11:59:13.241: 67 epsilon: 0.1
2024-05-03 12:13:02.290: 68 test start:
2024-05-03 12:13:28.845: 68 avg_reward: 690.0
2024-05-03 12:13:28.845: 68 avg_steps: 1445.7
2024-05-03 12:13:28.845: 68 epsilon: 0.1
2024-05-03 12:27:50.021: 69 test start:
2024-05-03 12:28:08.040: 69 avg_reward: 565.0
2024-05-03 12:28:08.040: 69 avg_steps: 978.1
2024-05-03 12:28:08.040: 69 epsilon: 0.1
2024-05-03 12:41:51.234: 70 test start:
2024-05-03 12:42:09.338: 70 avg_reward: 655.0
2024-05-03 12:42:09.338: 70 avg_steps: 983.25
2024-05-03 12:42:09.338: 70 epsilon: 0.1
2024-05-03 12:56:29.461: 71 test start:
2024-05-03 12:56:43.868: 71 avg_reward: 405.0
2024-05-03 12:56:43.868: 71 avg_steps: 786.1
2024-05-03 12:56:43.868: 71 epsilon: 0.1
2024-05-03 13:10:45.248: 72 test start:
2024-05-03 13:11:00.439: 72 avg_reward: 455.0
2024-05-03 13:11:00.439: 72 avg_steps: 814.05
2024-05-03 13:11:00.439: 72 epsilon: 0.1
2024-05-03 13:24:43.445: 73 test start:
2024-05-03 13:25:03.610: 73 avg_reward: 550.0
2024-05-03 13:25:03.610: 73 avg_steps: 1094.65
2024-05-03 13:25:03.610: 73 epsilon: 0.1
2024-05-03 13:39:26.731: 74 test start:
2024-05-03 13:39:43.234: 74 avg_reward: 400.0
2024-05-03 13:39:43.234: 74 avg_steps: 897.95
2024-05-03 13:39:43.234: 74 epsilon: 0.1
2024-05-03 13:53:40.552: 75 test start:
2024-05-03 13:53:56.558: 75 avg_reward: 400.0
2024-05-03 13:53:56.558: 75 avg_steps: 858.2
2024-05-03 13:53:56.558: 75 epsilon: 0.1
2024-05-03 14:07:53.920: 76 test start:
2024-05-03 14:08:17.245: 76 avg_reward: 540.0
2024-05-03 14:08:17.245: 76 avg_steps: 1273.0
2024-05-03 14:08:17.245: 76 epsilon: 0.1
2024-05-03 14:22:32.398: 77 test start:
2024-05-03 14:22:51.049: 77 avg_reward: 455.0
2024-05-03 14:22:51.049: 77 avg_steps: 1014.45
2024-05-03 14:22:51.049: 77 epsilon: 0.1
2024-05-03 14:36:40.273: 78 test start:
2024-05-03 14:36:58.145: 78 avg_reward: 400.0
2024-05-03 14:36:58.145: 78 avg_steps: 976.4
2024-05-03 14:36:58.145: 78 epsilon: 0.1
2024-05-03 14:51:08.980: 79 test start:
2024-05-03 14:51:32.494: 79 avg_reward: 810.0
2024-05-03 14:51:32.494: 79 avg_steps: 1288.2
2024-05-03 14:51:32.494: 79 epsilon: 0.1
2024-05-03 15:05:44.627: 80 test start:
2024-05-03 15:06:04.403: 80 avg_reward: 580.0
2024-05-03 15:06:04.404: 80 avg_steps: 1065.4
2024-05-03 15:06:04.404: 80 epsilon: 0.1
2024-05-03 15:19:56.676: 81 test start:
2024-05-03 15:20:19.113: 81 avg_reward: 520.0
2024-05-03 15:20:19.113: 81 avg_steps: 1219.25
2024-05-03 15:20:19.113: 81 epsilon: 0.1
2024-05-03 15:34:28.510: 82 test start:
2024-05-03 15:34:50.638: 82 avg_reward: 550.0
2024-05-03 15:34:50.638: 82 avg_steps: 1209.1
2024-05-03 15:34:50.638: 82 epsilon: 0.1
2024-05-03 15:48:57.363: 83 test start:
2024-05-03 15:49:27.518: 83 avg_reward: 665.0
2024-05-03 15:49:27.518: 83 avg_steps: 1642.4
2024-05-03 15:49:27.518: 83 epsilon: 0.1
2024-05-03 16:03:22.222: 84 test start:
2024-05-03 16:03:45.465: 84 avg_reward: 545.0
2024-05-03 16:03:45.465: 84 avg_steps: 1274.55
2024-05-03 16:03:45.465: 84 epsilon: 0.1
2024-05-03 16:18:05.469: 85 test start:
2024-05-03 16:18:19.724: 85 avg_reward: 430.0
2024-05-03 16:18:19.724: 85 avg_steps: 767.55
2024-05-03 16:18:19.724: 85 epsilon: 0.1
2024-05-03 16:32:20.633: 86 test start:
2024-05-03 16:32:31.761: 86 avg_reward: 195.0
2024-05-03 16:32:31.761: 86 avg_steps: 601.45
2024-05-03 16:32:31.761: 86 epsilon: 0.1
2024-05-03 16:46:22.477: 87 test start:
2024-05-03 16:46:35.932: 87 avg_reward: 410.0
2024-05-03 16:46:35.932: 87 avg_steps: 727.6
2024-05-03 16:46:35.932: 87 epsilon: 0.1
2024-05-03 17:00:48.298: 88 test start:
2024-05-03 17:01:08.180: 88 avg_reward: 430.0
2024-05-03 17:01:08.180: 88 avg_steps: 1067.65
2024-05-03 17:01:08.180: 88 epsilon: 0.1
2024-05-03 17:14:52.698: 89 test start:
2024-05-03 17:15:13.688: 89 avg_reward: 545.0
2024-05-03 17:15:13.688: 89 avg_steps: 1133.55
2024-05-03 17:15:13.688: 89 epsilon: 0.1
2024-05-03 17:29:40.023: 90 test start:
2024-05-03 17:29:56.126: 90 avg_reward: 325.0
2024-05-03 17:29:56.126: 90 avg_steps: 873.75
2024-05-03 17:29:56.126: 90 epsilon: 0.1
2024-05-03 17:43:42.750: 91 test start:
2024-05-03 17:44:04.294: 91 avg_reward: 680.0
2024-05-03 17:44:04.294: 91 avg_steps: 1175.2
2024-05-03 17:44:04.294: 91 epsilon: 0.1
2024-05-03 17:58:17.578: 92 test start:
2024-05-03 17:58:43.260: 92 avg_reward: 605.0
2024-05-03 17:58:43.260: 92 avg_steps: 1398.3
2024-05-03 17:58:43.260: 92 epsilon: 0.1
2024-05-03 18:12:37.756: 93 test start:
2024-05-03 18:12:58.759: 93 avg_reward: 535.0
2024-05-03 18:12:58.759: 93 avg_steps: 1150.1
2024-05-03 18:12:58.759: 93 epsilon: 0.1
2024-05-03 18:26:48.022: 94 test start:
2024-05-03 18:27:08.940: 94 avg_reward: 505.0
2024-05-03 18:27:08.940: 94 avg_steps: 1142.0
2024-05-03 18:27:08.940: 94 epsilon: 0.1
2024-05-03 18:41:15.999: 95 test start:
2024-05-03 18:41:37.467: 95 avg_reward: 700.0
2024-05-03 18:41:37.467: 95 avg_steps: 1170.05
2024-05-03 18:41:37.467: 95 epsilon: 0.1
2024-05-03 18:55:46.546: 96 test start:
2024-05-03 18:56:02.708: 96 avg_reward: 310.0
2024-05-03 18:56:02.709: 96 avg_steps: 878.05
2024-05-03 18:56:02.709: 96 epsilon: 0.1
2024-05-03 19:10:01.925: 97 test start:
2024-05-03 19:10:23.336: 97 avg_reward: 430.0
2024-05-03 19:10:23.336: 97 avg_steps: 1164.15
2024-05-03 19:10:23.336: 97 epsilon: 0.1
2024-05-03 19:24:29.207: 98 test start:
2024-05-03 19:24:53.230: 98 avg_reward: 615.0
2024-05-03 19:24:53.231: 98 avg_steps: 1280.85
2024-05-03 19:24:53.231: 98 epsilon: 0.1
2024-05-03 19:38:55.855: 99 test start:
2024-05-03 19:39:16.049: 99 avg_reward: 470.0
2024-05-03 19:39:16.049: 99 avg_steps: 1094.95
2024-05-03 19:39:16.049: 99 epsilon: 0.1
2024-05-03 19:53:12.658: 100 test start:
2024-05-03 19:53:31.097: 100 avg_reward: 410.0
2024-05-03 19:53:31.097: 100 avg_steps: 999.65
2024-05-03 19:53:31.097: 100 epsilon: 0.1
2024-05-03 20:08:09.898: 101 test start:
2024-05-03 20:08:32.545: 101 avg_reward: 585.0
2024-05-03 20:08:32.545: 101 avg_steps: 1222.75
2024-05-03 20:08:32.545: 101 epsilon: 0.1
2024-05-03 20:22:07.338: 102 test start:
2024-05-03 20:22:27.356: 102 avg_reward: 485.0
2024-05-03 20:22:27.356: 102 avg_steps: 1090.9
2024-05-03 20:22:27.356: 102 epsilon: 0.1
2024-05-03 20:36:33.627: 103 test start:
2024-05-03 20:37:24.028: 103 avg_reward: 795.0
2024-05-03 20:37:24.028: 103 avg_steps: 2736.8
2024-05-03 20:37:24.028: 103 epsilon: 0.1
2024-05-03 20:51:38.096: 104 test start:
2024-05-03 20:52:05.151: 104 avg_reward: 615.0
2024-05-03 20:52:05.151: 104 avg_steps: 1481.0
2024-05-03 20:52:05.151: 104 epsilon: 0.1
2024-05-03 21:05:45.747: 105 test start:
2024-05-03 21:06:05.582: 105 avg_reward: 785.0
2024-05-03 21:06:05.582: 105 avg_steps: 1087.15
2024-05-03 21:06:05.582: 105 epsilon: 0.1
2024-05-03 21:20:25.670: 106 test start:
2024-05-03 21:20:54.526: 106 avg_reward: 520.0
2024-05-03 21:20:54.526: 106 avg_steps: 1581.3
2024-05-03 21:20:54.526: 106 epsilon: 0.1
2024-05-03 21:34:51.291: 107 test start:
2024-05-03 21:35:18.967: 107 avg_reward: 650.0
2024-05-03 21:35:18.967: 107 avg_steps: 1519.55
2024-05-03 21:35:18.967: 107 epsilon: 0.1
2024-05-03 21:49:11.105: 108 test start:
2024-05-03 21:49:28.390: 108 avg_reward: 350.0
2024-05-03 21:49:28.390: 108 avg_steps: 942.6
2024-05-03 21:49:28.390: 108 epsilon: 0.1
2024-05-03 22:03:40.377: 109 test start:
2024-05-03 22:04:03.005: 109 avg_reward: 580.0
2024-05-03 22:04:03.005: 109 avg_steps: 1238.9
2024-05-03 22:04:03.005: 109 epsilon: 0.1
2024-05-03 22:18:02.501: 110 test start:
2024-05-03 22:18:28.296: 110 avg_reward: 650.0
2024-05-03 22:18:28.296: 110 avg_steps: 1399.65
2024-05-03 22:18:28.296: 110 epsilon: 0.1
2024-05-03 22:32:34.796: 111 test start:
2024-05-03 22:33:02.846: 111 avg_reward: 720.0
2024-05-03 22:33:02.846: 111 avg_steps: 1541.85
2024-05-03 22:33:02.846: 111 epsilon: 0.1
2024-05-03 22:47:08.745: 112 test start:
2024-05-03 22:47:24.617: 112 avg_reward: 270.0
2024-05-03 22:47:24.617: 112 avg_steps: 848.05
2024-05-03 22:47:24.617: 112 epsilon: 0.1
2024-05-03 23:01:20.159: 113 test start:
2024-05-03 23:01:46.514: 113 avg_reward: 625.0
2024-05-03 23:01:46.514: 113 avg_steps: 1423.45
2024-05-03 23:01:46.514: 113 epsilon: 0.1
2024-05-03 23:15:47.099: 114 test start:
2024-05-03 23:16:17.089: 114 avg_reward: 665.0
2024-05-03 23:16:17.090: 114 avg_steps: 1638.3
2024-05-03 23:16:17.090: 114 epsilon: 0.1
2024-05-03 23:30:31.133: 115 test start:
2024-05-03 23:30:55.559: 115 avg_reward: 495.0
2024-05-03 23:30:55.559: 115 avg_steps: 1314.8
2024-05-03 23:30:55.559: 115 epsilon: 0.1
2024-05-03 23:45:07.606: 116 test start:
2024-05-03 23:45:19.758: 116 avg_reward: 200.0
2024-05-03 23:45:19.758: 116 avg_steps: 658.7
2024-05-03 23:45:19.758: 116 epsilon: 0.1
2024-05-03 23:59:23.586: 117 test start:
2024-05-03 23:59:47.536: 117 avg_reward: 365.0
2024-05-03 23:59:47.536: 117 avg_steps: 1312.15
2024-05-03 23:59:47.536: 117 epsilon: 0.1
2024-05-04 00:13:45.718: 118 test start:
2024-05-04 00:14:02.988: 118 avg_reward: 375.0
2024-05-04 00:14:02.988: 118 avg_steps: 936.85
2024-05-04 00:14:02.988: 118 epsilon: 0.1
2024-05-04 00:28:26.823: 119 test start:
2024-05-04 00:28:48.241: 119 avg_reward: 415.0
2024-05-04 00:28:48.241: 119 avg_steps: 1162.4
2024-05-04 00:28:48.241: 119 epsilon: 0.1
2024-05-04 00:42:46.462: 120 test start:
2024-05-04 00:43:08.028: 120 avg_reward: 575.0
2024-05-04 00:43:08.028: 120 avg_steps: 1179.4
2024-05-04 00:43:08.028: 120 epsilon: 0.1
2024-05-04 00:57:02.325: 121 test start:
2024-05-04 00:57:24.048: 121 avg_reward: 485.0
2024-05-04 00:57:24.048: 121 avg_steps: 1190.85
2024-05-04 00:57:24.048: 121 epsilon: 0.1
2024-05-04 01:11:12.765: 122 test start:
2024-05-04 01:11:35.143: 122 avg_reward: 520.0
2024-05-04 01:11:35.143: 122 avg_steps: 1222.3
2024-05-04 01:11:35.143: 122 epsilon: 0.1
2024-05-04 01:26:27.292: 123 test start:
2024-05-04 01:26:43.693: 123 avg_reward: 265.0
2024-05-04 01:26:43.693: 123 avg_steps: 882.85
2024-05-04 01:26:43.693: 123 epsilon: 0.1
2024-05-04 01:40:19.287: 124 test start:
2024-05-04 01:40:34.160: 124 avg_reward: 355.0
2024-05-04 01:40:34.161: 124 avg_steps: 806.2
2024-05-04 01:40:34.161: 124 epsilon: 0.1
2024-05-04 01:54:51.343: 125 test start:
2024-05-04 01:55:21.364: 125 avg_reward: 575.0
2024-05-04 01:55:21.364: 125 avg_steps: 1636.15
2024-05-04 01:55:21.364: 125 epsilon: 0.1
2024-05-04 02:09:20.664: 126 test start:
2024-05-04 02:09:42.699: 126 avg_reward: 475.0
2024-05-04 02:09:42.699: 126 avg_steps: 1198.2
2024-05-04 02:09:42.699: 126 epsilon: 0.1
2024-05-04 02:23:37.792: 127 test start:
2024-05-04 02:24:05.763: 127 avg_reward: 505.0
2024-05-04 02:24:05.763: 127 avg_steps: 1508.65
2024-05-04 02:24:05.763: 127 epsilon: 0.1
2024-05-04 02:38:40.610: 128 test start:
2024-05-04 02:39:03.721: 128 avg_reward: 380.0
2024-05-04 02:39:03.721: 128 avg_steps: 1255.3
2024-05-04 02:39:03.721: 128 epsilon: 0.1
2024-05-04 02:52:57.655: 129 test start:
2024-05-04 02:53:14.458: 129 avg_reward: 330.0
2024-05-04 02:53:14.458: 129 avg_steps: 904.5
2024-05-04 02:53:14.458: 129 epsilon: 0.1
2024-05-04 03:07:03.512: 130 test start:
2024-05-04 03:07:31.024: 130 avg_reward: 535.0
2024-05-04 03:07:31.025: 130 avg_steps: 1504.3
2024-05-04 03:07:31.025: 130 epsilon: 0.1
2024-05-04 03:21:47.762: 131 test start:
2024-05-04 03:22:16.876: 131 avg_reward: 820.0
2024-05-04 03:22:16.876: 131 avg_steps: 1578.6
2024-05-04 03:22:16.876: 131 epsilon: 0.1
2024-05-04 03:36:09.084: 132 test start:
2024-05-04 03:36:31.600: 132 avg_reward: 420.0
2024-05-04 03:36:31.600: 132 avg_steps: 1213.7
2024-05-04 03:36:31.600: 132 epsilon: 0.1
2024-05-04 03:51:01.144: 133 test start:
2024-05-04 03:51:20.484: 133 avg_reward: 365.0
2024-05-04 03:51:20.484: 133 avg_steps: 1059.5
2024-05-04 03:51:20.484: 133 epsilon: 0.1
2024-05-04 04:05:21.588: 134 test start:
2024-05-04 04:05:39.063: 134 avg_reward: 480.0
2024-05-04 04:05:39.063: 134 avg_steps: 957.0
2024-05-04 04:05:39.063: 134 epsilon: 0.1
2024-05-04 04:19:29.087: 135 test start:
2024-05-04 04:19:57.110: 135 avg_reward: 485.0
2024-05-04 04:19:57.110: 135 avg_steps: 1524.65
2024-05-04 04:19:57.110: 135 epsilon: 0.1
2024-05-04 04:33:59.645: 136 test start:
2024-05-04 04:34:20.081: 136 avg_reward: 375.0
2024-05-04 04:34:20.081: 136 avg_steps: 1101.7
2024-05-04 04:34:20.081: 136 epsilon: 0.1
2024-05-04 04:48:36.926: 137 test start:
2024-05-04 04:49:00.594: 137 avg_reward: 500.0
2024-05-04 04:49:00.594: 137 avg_steps: 1281.5
2024-05-04 04:49:00.594: 137 epsilon: 0.1
2024-05-04 05:03:07.395: 138 test start:
2024-05-04 05:03:40.492: 138 avg_reward: 595.0
2024-05-04 05:03:40.492: 138 avg_steps: 1786.2
2024-05-04 05:03:40.492: 138 epsilon: 0.1
2024-05-04 05:17:33.609: 139 test start:
2024-05-04 05:18:03.541: 139 avg_reward: 785.0
2024-05-04 05:18:03.541: 139 avg_steps: 1624.25
2024-05-04 05:18:03.541: 139 epsilon: 0.1
2024-05-04 05:32:25.276: 140 test start:
2024-05-04 05:32:55.563: 140 avg_reward: 595.0
2024-05-04 05:32:55.563: 140 avg_steps: 1644.05
2024-05-04 05:32:55.563: 140 epsilon: 0.1
2024-05-04 05:46:59.401: 141 test start:
2024-05-04 05:47:28.852: 141 avg_reward: 475.0
2024-05-04 05:47:28.852: 141 avg_steps: 1590.95
2024-05-04 05:47:28.852: 141 epsilon: 0.1
2024-05-04 06:01:31.753: 142 test start:
2024-05-04 06:02:00.131: 142 avg_reward: 530.0
2024-05-04 06:02:00.131: 142 avg_steps: 1545.5
2024-05-04 06:02:00.131: 142 epsilon: 0.1
2024-05-04 06:16:00.889: 143 test start:
2024-05-04 06:16:11.912: 143 avg_reward: 200.0
2024-05-04 06:16:11.912: 143 avg_steps: 595.85
2024-05-04 06:16:11.912: 143 epsilon: 0.1
2024-05-04 06:30:06.705: 144 test start:
2024-05-04 06:30:20.597: 144 avg_reward: 365.0
2024-05-04 06:30:20.597: 144 avg_steps: 752.25
2024-05-04 06:30:20.598: 144 epsilon: 0.1
2024-05-04 06:44:50.888: 145 test start:
2024-05-04 06:45:04.830: 145 avg_reward: 260.0
2024-05-04 06:45:04.830: 145 avg_steps: 753.2
2024-05-04 06:45:04.830: 145 epsilon: 0.1
2024-05-04 06:58:56.222: 146 test start:
2024-05-04 06:59:16.545: 146 avg_reward: 480.0
2024-05-04 06:59:16.545: 146 avg_steps: 1097.65
2024-05-04 06:59:16.545: 146 epsilon: 0.1
2024-05-04 07:13:07.143: 147 test start:
2024-05-04 07:13:21.995: 147 avg_reward: 265.0
2024-05-04 07:13:21.995: 147 avg_steps: 804.6
2024-05-04 07:13:21.995: 147 epsilon: 0.1
2024-05-04 07:27:54.356: 148 test start:
2024-05-04 07:28:23.061: 148 avg_reward: 360.0
2024-05-04 07:28:23.062: 148 avg_steps: 1570.45
2024-05-04 07:28:23.062: 148 epsilon: 0.1
2024-05-04 07:42:15.524: 149 test start:
2024-05-04 07:42:34.369: 149 avg_reward: 325.0
2024-05-04 07:42:34.369: 149 avg_steps: 1016.1
2024-05-04 07:42:34.369: 149 epsilon: 0.1
2024-05-04 07:56:51.378: 150 test start:
2024-05-04 07:57:06.468: 150 avg_reward: 295.0
2024-05-04 07:57:06.468: 150 avg_steps: 818.75
2024-05-04 07:57:06.468: 150 epsilon: 0.1
2024-05-04 08:11:13.760: 151 test start:
2024-05-04 08:11:37.298: 151 avg_reward: 435.0
2024-05-04 08:11:37.298: 151 avg_steps: 1278.6
2024-05-04 08:11:37.298: 151 epsilon: 0.1
2024-05-04 08:25:43.561: 152 test start:
2024-05-04 08:26:07.512: 152 avg_reward: 390.0
2024-05-04 08:26:07.512: 152 avg_steps: 1292.5
2024-05-04 08:26:07.512: 152 epsilon: 0.1
2024-05-04 08:40:01.373: 153 test start:
2024-05-04 08:40:15.735: 153 avg_reward: 365.0
2024-05-04 08:40:15.735: 153 avg_steps: 778.3
2024-05-04 08:40:15.735: 153 epsilon: 0.1
2024-05-04 08:54:25.604: 154 test start:
2024-05-04 08:54:46.620: 154 avg_reward: 355.0
2024-05-04 08:54:46.620: 154 avg_steps: 1144.45
2024-05-04 08:54:46.620: 154 epsilon: 0.1
2024-05-04 09:08:46.059: 155 test start:
2024-05-04 09:09:11.269: 155 avg_reward: 405.0
2024-05-04 09:09:11.269: 155 avg_steps: 1361.65
2024-05-04 09:09:11.269: 155 epsilon: 0.1
2024-05-04 09:23:38.728: 156 test start:
2024-05-04 09:24:00.336: 156 avg_reward: 370.0
2024-05-04 09:24:00.336: 156 avg_steps: 1174.6
2024-05-04 09:24:00.336: 156 epsilon: 0.1
2024-05-04 09:37:43.368: 157 test start:
2024-05-04 09:38:08.978: 157 avg_reward: 465.0
2024-05-04 09:38:08.978: 157 avg_steps: 1388.95
2024-05-04 09:38:08.978: 157 epsilon: 0.1
2024-05-04 09:52:13.044: 158 test start:
2024-05-04 09:52:33.052: 158 avg_reward: 395.0
2024-05-04 09:52:33.052: 158 avg_steps: 1084.3
2024-05-04 09:52:33.052: 158 epsilon: 0.1
2024-05-04 10:06:47.179: 159 test start:
2024-05-04 10:07:12.859: 159 avg_reward: 445.0
2024-05-04 10:07:12.859: 159 avg_steps: 1386.65
2024-05-04 10:07:12.859: 159 epsilon: 0.1
2024-05-04 10:21:18.503: 160 test start:
2024-05-04 10:21:32.855: 160 avg_reward: 385.0
2024-05-04 10:21:32.855: 160 avg_steps: 771.3
2024-05-04 10:21:32.855: 160 epsilon: 0.1
2024-05-04 10:35:29.318: 161 test start:
2024-05-04 10:35:47.422: 161 avg_reward: 325.0
2024-05-04 10:35:47.422: 161 avg_steps: 982.6
2024-05-04 10:35:47.422: 161 epsilon: 0.1
2024-05-04 10:50:05.413: 162 test start:
2024-05-04 10:50:25.640: 162 avg_reward: 410.0
2024-05-04 10:50:25.640: 162 avg_steps: 1091.45
2024-05-04 10:50:25.640: 162 epsilon: 0.1
2024-05-04 11:04:12.479: 163 test start:
2024-05-04 11:04:25.923: 163 avg_reward: 295.0
2024-05-04 11:04:25.923: 163 avg_steps: 730.1
2024-05-04 11:04:25.923: 163 epsilon: 0.1
2024-05-04 11:18:59.025: 164 test start:
2024-05-04 11:19:21.858: 164 avg_reward: 480.0
2024-05-04 11:19:21.858: 164 avg_steps: 1239.75
2024-05-04 11:19:21.858: 164 epsilon: 0.1
2024-05-04 11:33:12.972: 165 test start:
2024-05-04 11:33:33.694: 165 avg_reward: 330.0
2024-05-04 11:33:33.694: 165 avg_steps: 1121.05
2024-05-04 11:33:33.694: 165 epsilon: 0.1
2024-05-04 11:47:23.119: 166 test start:
2024-05-04 11:47:50.546: 166 avg_reward: 370.0
2024-05-04 11:47:50.546: 166 avg_steps: 1492.65
2024-05-04 11:47:50.546: 166 epsilon: 0.1
2024-05-04 12:02:21.886: 167 test start:
2024-05-04 12:02:43.105: 167 avg_reward: 605.0
2024-05-04 12:02:43.105: 167 avg_steps: 1147.75
2024-05-04 12:02:43.105: 167 epsilon: 0.1
2024-05-04 12:16:32.772: 168 test start:
2024-05-04 12:16:52.099: 168 avg_reward: 400.0
2024-05-04 12:16:52.099: 168 avg_steps: 1033.35
2024-05-04 12:16:52.099: 168 epsilon: 0.1
2024-05-04 12:31:22.841: 169 test start:
2024-05-04 12:31:43.263: 169 avg_reward: 405.0
2024-05-04 12:31:43.263: 169 avg_steps: 1111.65
2024-05-04 12:31:43.263: 169 epsilon: 0.1
2024-05-04 12:45:47.403: 170 test start:
2024-05-04 12:46:01.909: 170 avg_reward: 215.0
2024-05-04 12:46:01.909: 170 avg_steps: 784.75
2024-05-04 12:46:01.909: 170 epsilon: 0.1
2024-05-04 12:59:40.064: 171 test start:
2024-05-04 12:59:54.709: 171 avg_reward: 265.0
2024-05-04 12:59:54.709: 171 avg_steps: 780.45
2024-05-04 12:59:54.709: 171 epsilon: 0.1
2024-05-04 13:14:21.815: 172 test start:
2024-05-04 13:14:43.533: 172 avg_reward: 495.0
2024-05-04 13:14:43.533: 172 avg_steps: 1186.5
2024-05-04 13:14:43.533: 172 epsilon: 0.1
2024-05-04 13:28:40.285: 173 test start:
2024-05-04 13:29:04.506: 173 avg_reward: 490.0
2024-05-04 13:29:04.507: 173 avg_steps: 1315.25
2024-05-04 13:29:04.507: 173 epsilon: 0.1
2024-05-04 13:43:18.347: 174 test start:
2024-05-04 13:43:36.356: 174 avg_reward: 470.0
2024-05-04 13:43:36.356: 174 avg_steps: 978.25
2024-05-04 13:43:36.356: 174 epsilon: 0.1
2024-05-04 13:57:35.461: 175 test start:
2024-05-04 13:57:57.899: 175 avg_reward: 370.0
2024-05-04 13:57:57.899: 175 avg_steps: 1208.2
2024-05-04 13:57:57.899: 175 epsilon: 0.1
2024-05-04 14:11:52.891: 176 test start:
2024-05-04 14:12:18.490: 176 avg_reward: 535.0
2024-05-04 14:12:18.490: 176 avg_steps: 1384.95
2024-05-04 14:12:18.490: 176 epsilon: 0.1
2024-05-04 14:26:31.721: 177 test start:
2024-05-04 14:26:57.817: 177 avg_reward: 380.0
2024-05-04 14:26:57.817: 177 avg_steps: 1402.45
2024-05-04 14:26:57.817: 177 epsilon: 0.1
2024-05-04 14:41:15.444: 178 test start:
2024-05-04 14:41:36.751: 178 avg_reward: 360.0
2024-05-04 14:41:36.751: 178 avg_steps: 1155.35
2024-05-04 14:41:36.751: 178 epsilon: 0.1
2024-05-04 14:55:43.680: 179 test start:
2024-05-04 14:56:04.576: 179 avg_reward: 305.0
2024-05-04 14:56:04.576: 179 avg_steps: 1124.65
2024-05-04 14:56:04.576: 179 epsilon: 0.1
2024-05-04 15:09:58.787: 180 test start:
2024-05-04 15:10:07.568: 180 avg_reward: 135.0
2024-05-04 15:10:07.568: 180 avg_steps: 472.5
2024-05-04 15:10:07.568: 180 epsilon: 0.1
2024-05-04 15:24:17.935: 181 test start:
2024-05-04 15:24:40.135: 181 avg_reward: 275.0
2024-05-04 15:24:40.135: 181 avg_steps: 1209.05
2024-05-04 15:24:40.135: 181 epsilon: 0.1
2024-05-04 15:38:41.653: 182 test start:
2024-05-04 15:38:57.406: 182 avg_reward: 295.0
2024-05-04 15:38:57.406: 182 avg_steps: 850.8
2024-05-04 15:38:57.406: 182 epsilon: 0.1
2024-05-04 15:53:22.282: 183 test start:
2024-05-04 15:53:43.400: 183 avg_reward: 415.0
2024-05-04 15:53:43.400: 183 avg_steps: 1140.4
2024-05-04 15:53:43.400: 183 epsilon: 0.1
2024-05-04 16:07:23.432: 184 test start:
2024-05-04 16:07:36.391: 184 avg_reward: 245.0
2024-05-04 16:07:36.391: 184 avg_steps: 693.95
2024-05-04 16:07:36.391: 184 epsilon: 0.1
2024-05-04 16:21:37.260: 185 test start:
2024-05-04 16:21:55.498: 185 avg_reward: 375.0
2024-05-04 16:21:55.498: 185 avg_steps: 994.35
2024-05-04 16:21:55.498: 185 epsilon: 0.1
2024-05-04 16:36:16.214: 186 test start:
2024-05-04 16:36:36.841: 186 avg_reward: 355.0
2024-05-04 16:36:36.841: 186 avg_steps: 1115.8
2024-05-04 16:36:36.841: 186 epsilon: 0.1
2024-05-04 16:50:38.674: 187 test start:
2024-05-04 16:51:05.048: 187 avg_reward: 545.0
2024-05-04 16:51:05.048: 187 avg_steps: 1440.55
2024-05-04 16:51:05.048: 187 epsilon: 0.1
2024-05-04 17:05:20.205: 188 test start:
2024-05-04 17:05:38.854: 188 avg_reward: 450.0
2024-05-04 17:05:38.854: 188 avg_steps: 1018.0
2024-05-04 17:05:38.854: 188 epsilon: 0.1
2024-05-04 17:19:42.700: 189 test start:
2024-05-04 17:20:04.681: 189 avg_reward: 450.0
2024-05-04 17:20:04.682: 189 avg_steps: 1179.9
2024-05-04 17:20:04.682: 189 epsilon: 0.1
2024-05-04 17:34:00.304: 190 test start:
2024-05-04 17:34:29.220: 190 avg_reward: 595.0
2024-05-04 17:34:29.220: 190 avg_steps: 1582.8
2024-05-04 17:34:29.220: 190 epsilon: 0.1
2024-05-04 17:48:51.823: 191 test start:
2024-05-04 17:49:15.130: 191 avg_reward: 530.0
2024-05-04 17:49:15.130: 191 avg_steps: 1271.45
2024-05-04 17:49:15.130: 191 epsilon: 0.1
2024-05-04 18:03:20.665: 192 test start:
2024-05-04 18:03:32.597: 192 avg_reward: 200.0
2024-05-04 18:03:32.598: 192 avg_steps: 641.3
2024-05-04 18:03:32.598: 192 epsilon: 0.1
2024-05-04 18:17:29.001: 193 test start:
2024-05-04 18:17:47.130: 193 avg_reward: 315.0
2024-05-04 18:17:47.130: 193 avg_steps: 984.45
2024-05-04 18:17:47.130: 193 epsilon: 0.1
2024-05-04 18:32:12.708: 194 test start:
2024-05-04 18:32:30.308: 194 avg_reward: 380.0
2024-05-04 18:32:30.308: 194 avg_steps: 953.35
2024-05-04 18:32:30.308: 194 epsilon: 0.1
2024-05-04 18:46:17.029: 195 test start:
2024-05-04 18:46:48.233: 195 avg_reward: 735.0
2024-05-04 18:46:48.233: 195 avg_steps: 1668.75
2024-05-04 18:46:48.233: 195 epsilon: 0.1
2024-05-04 19:00:54.083: 196 test start:
2024-05-04 19:01:17.816: 196 avg_reward: 720.0
2024-05-04 19:01:17.816: 196 avg_steps: 1290.8
2024-05-04 19:01:17.816: 196 epsilon: 0.1
2024-05-04 19:15:40.005: 197 test start:
2024-05-04 19:15:54.765: 197 avg_reward: 490.0
2024-05-04 19:15:54.765: 197 avg_steps: 799.8
2024-05-04 19:15:54.765: 197 epsilon: 0.1
2024-05-04 19:29:51.730: 198 test start:
2024-05-04 19:30:19.612: 198 avg_reward: 375.0
2024-05-04 19:30:19.612: 198 avg_steps: 1504.75
2024-05-04 19:30:19.612: 198 epsilon: 0.1
2024-05-04 19:44:43.073: 199 test start:
2024-05-04 19:44:57.962: 199 avg_reward: 315.0
2024-05-04 19:44:57.962: 199 avg_steps: 808.95
2024-05-04 19:44:57.962: 199 epsilon: 0.1
2024-05-04 19:58:51.003: 200 test start:
2024-05-04 19:59:10.729: 200 avg_reward: 530.0
2024-05-04 19:59:10.729: 200 avg_steps: 1068.1
2024-05-04 19:59:10.729: 200 epsilon: 0.1
2024-05-04 20:13:10.934: 201 test start:
2024-05-04 20:13:27.641: 201 avg_reward: 325.0
2024-05-04 20:13:27.641: 201 avg_steps: 908.75
2024-05-04 20:13:27.641: 201 epsilon: 0.1
2024-05-04 20:27:50.003: 202 test start:
2024-05-04 20:28:12.559: 202 avg_reward: 425.0
2024-05-04 20:28:12.559: 202 avg_steps: 1219.5
2024-05-04 20:28:12.560: 202 epsilon: 0.1
2024-05-04 20:42:15.588: 203 test start:
2024-05-04 20:42:29.102: 203 avg_reward: 375.0
2024-05-04 20:42:29.102: 203 avg_steps: 731.65
2024-05-04 20:42:29.102: 203 epsilon: 0.1
2024-05-04 20:56:37.666: 204 test start:
2024-05-04 20:56:56.712: 204 avg_reward: 275.0
2024-05-04 20:56:56.712: 204 avg_steps: 1033.6
2024-05-04 20:56:56.712: 204 epsilon: 0.1
2024-05-04 21:11:10.135: 205 test start:
2024-05-04 21:11:33.282: 205 avg_reward: 430.0
2024-05-04 21:11:33.282: 205 avg_steps: 1250.3
2024-05-04 21:11:33.282: 205 epsilon: 0.1
2024-05-04 21:25:24.086: 206 test start:
2024-05-04 21:25:34.105: 206 avg_reward: 225.0
2024-05-04 21:25:34.105: 206 avg_steps: 541.75
2024-05-04 21:25:34.105: 206 epsilon: 0.1
2024-05-04 21:40:04.560: 207 test start:
2024-05-04 21:40:27.900: 207 avg_reward: 400.0
2024-05-04 21:40:27.900: 207 avg_steps: 1252.0
2024-05-04 21:40:27.900: 207 epsilon: 0.1
2024-05-04 21:54:26.376: 208 test start:
2024-05-04 21:54:48.211: 208 avg_reward: 475.0
2024-05-04 21:54:48.211: 208 avg_steps: 1183.35
2024-05-04 21:54:48.211: 208 epsilon: 0.1
2024-05-04 22:08:49.701: 209 test start:
2024-05-04 22:09:05.206: 209 avg_reward: 365.0
2024-05-04 22:09:05.206: 209 avg_steps: 841.5
2024-05-04 22:09:05.206: 209 epsilon: 0.1
2024-05-04 22:23:19.869: 210 test start:
2024-05-04 22:23:33.213: 210 avg_reward: 260.0
2024-05-04 22:23:33.213: 210 avg_steps: 720.25
2024-05-04 22:23:33.213: 210 epsilon: 0.1
2024-05-04 22:37:35.171: 211 test start:
2024-05-04 22:37:55.372: 211 avg_reward: 480.0
2024-05-04 22:37:55.372: 211 avg_steps: 1086.45
2024-05-04 22:37:55.372: 211 epsilon: 0.1
