2024-10-14 13:50:59.053: 
parameters:agent_test_episodes: 20
batch_num_per_epoch: 250000
device: cuda:0
env_name: ALE/Asterix-v5
epsilon_for_test: 0.05
epsilon_max: 1.0
epsilon_min: 0.1
exp_name: ALE-Asterix-v5_2024-10-14-13-50-59
exp_path: ../exps/dqn/
exploration_steps: 1000000
gamma: 0.99
held_out_states_num: 1000
learning_rate: 0.00025
mini_batch_size: 32
model_update_freq: 4
n_times: 5
no_op_max: 30
phi_channel: 4
replay_buffer_size: 1000000
replay_start_size: 50000
save_model: true
screen_size: 84
seed: 0
skip_k_frame: 4
step_c: 10000
training_steps: 50000000

2024-10-14 13:50:59.119: env id: ALE/Asterix-v5 |repeat_action_probability: 0 
2024-10-14 13:50:59.119: screen_size: 84 | grayscale_obs:True 
scale_obs:False | action space size: 9
remove flickering: True | frame skip: 4
state space shape: (210, 160, 3) 
2024-10-14 13:50:59.135: optimizer: RMSprop (
Parameter Group 0
    alpha: 0.95
    centered: False
    differentiable: False
    eps: 0.01
    foreach: None
    lr: 0.00025
    maximize: False
    momentum: 0
    weight_decay: 0
)
2024-10-14 13:59:36.964: 1 test start:
2024-10-14 13:59:49.602: 1 avg_reward: 308.0
2024-10-14 13:59:49.602: 1 avg_steps: 676.25
2024-10-14 13:59:49.602: 1 epsilon: 0.8197165
2024-10-14 13:59:49.602: 1 q: 0.13994889
2024-10-14 14:09:33.423: 2 test start:
2024-10-14 14:09:39.077: 2 avg_reward: 285.5
2024-10-14 14:09:39.077: 2 avg_steps: 307.8
2024-10-14 14:09:39.077: 2 epsilon: 0.5949819999999999
2024-10-14 14:09:39.077: 2 q: 0.40074322
2024-10-14 14:19:19.965: 3 test start:
2024-10-14 14:19:25.027: 3 avg_reward: 273.0
2024-10-14 14:19:25.028: 3 avg_steps: 268.8
2024-10-14 14:19:25.028: 3 epsilon: 0.3698235999999999
2024-10-14 14:19:25.028: 3 q: 0.7139362
2024-10-14 14:29:15.305: 4 test start:
2024-10-14 14:29:20.067: 4 avg_reward: 443.0
2024-10-14 14:29:20.067: 4 avg_steps: 264.15
2024-10-14 14:29:20.073: 4 epsilon: 0.14483259999999998
2024-10-14 14:29:20.073: 4 q: 1.0225964
2024-10-14 14:39:00.441: 5 test start:
2024-10-14 14:39:05.330: 5 avg_reward: 420.5
2024-10-14 14:39:05.330: 5 avg_steps: 259.5
2024-10-14 14:39:05.331: 5 epsilon: 0.1
2024-10-14 14:39:05.331: 5 q: 1.0564592
2024-10-14 14:48:56.845: 6 test start:
2024-10-14 14:49:02.399: 6 avg_reward: 603.0
2024-10-14 14:49:02.399: 6 avg_steps: 304.65
2024-10-14 14:49:02.399: 6 epsilon: 0.1
2024-10-14 14:49:02.399: 6 q: 1.1985552
2024-10-14 14:58:45.256: 7 test start:
2024-10-14 14:58:50.231: 7 avg_reward: 483.0
2024-10-14 14:58:50.232: 7 avg_steps: 262.9
2024-10-14 14:58:50.232: 7 epsilon: 0.1
2024-10-14 14:58:50.232: 7 q: 1.4085504
2024-10-14 15:08:37.273: 8 test start:
2024-10-14 15:08:44.895: 8 avg_reward: 903.0
2024-10-14 15:08:44.896: 8 avg_steps: 420.2
2024-10-14 15:08:44.896: 8 epsilon: 0.1
2024-10-14 15:08:44.896: 8 q: 1.5324793
2024-10-14 15:18:33.747: 9 test start:
2024-10-14 15:18:46.117: 9 avg_reward: 1685.5
2024-10-14 15:18:46.117: 9 avg_steps: 673.75
2024-10-14 15:18:46.117: 9 epsilon: 0.1
2024-10-14 15:18:46.117: 9 q: 1.88426
2024-10-14 15:28:38.852: 10 test start:
2024-10-14 15:28:51.658: 10 avg_reward: 1978.0
2024-10-14 15:28:51.659: 10 avg_steps: 709.4
2024-10-14 15:28:51.659: 10 epsilon: 0.1
2024-10-14 15:28:51.659: 10 q: 1.9236777
2024-10-14 15:38:45.461: 11 test start:
2024-10-14 15:38:57.570: 11 avg_reward: 1913.0
2024-10-14 15:38:57.570: 11 avg_steps: 659.85
2024-10-14 15:38:57.570: 11 epsilon: 0.1
2024-10-14 15:38:57.570: 11 q: 2.1775086
2024-10-14 15:48:45.877: 12 test start:
2024-10-14 15:48:59.410: 12 avg_reward: 2108.0
2024-10-14 15:48:59.410: 12 avg_steps: 750.5
2024-10-14 15:48:59.410: 12 epsilon: 0.1
2024-10-14 15:48:59.410: 12 q: 2.5107179
2024-10-14 15:59:04.094: 13 test start:
2024-10-14 15:59:16.446: 13 avg_reward: 1973.0
2024-10-14 15:59:16.446: 13 avg_steps: 688.45
2024-10-14 15:59:16.446: 13 epsilon: 0.1
2024-10-14 15:59:16.446: 13 q: 2.7646255
2024-10-14 16:08:59.152: 14 test start:
2024-10-14 16:09:15.909: 14 avg_reward: 2585.5
2024-10-14 16:09:15.909: 14 avg_steps: 919.5
2024-10-14 16:09:15.909: 14 epsilon: 0.1
2024-10-14 16:09:15.909: 14 q: 2.9932802
2024-10-14 16:19:18.481: 15 test start:
2024-10-14 16:19:31.817: 15 avg_reward: 1955.5
2024-10-14 16:19:31.817: 15 avg_steps: 712.8
2024-10-14 16:19:31.817: 15 epsilon: 0.1
2024-10-14 16:19:31.818: 15 q: 3.1527743
2024-10-14 16:29:06.180: 16 test start:
2024-10-14 16:29:17.143: 16 avg_reward: 1868.0
2024-10-14 16:29:17.143: 16 avg_steps: 675.4
2024-10-14 16:29:17.143: 16 epsilon: 0.1
2024-10-14 16:29:17.143: 16 q: 3.4316795
2024-10-14 16:39:23.527: 17 test start:
2024-10-14 16:39:36.142: 17 avg_reward: 1793.0
2024-10-14 16:39:36.142: 17 avg_steps: 675.85
2024-10-14 16:39:36.142: 17 epsilon: 0.1
2024-10-14 16:39:36.142: 17 q: 3.5557559
2024-10-14 16:49:11.443: 18 test start:
2024-10-14 16:49:23.332: 18 avg_reward: 1820.5
2024-10-14 16:49:23.333: 18 avg_steps: 657.85
2024-10-14 16:49:23.333: 18 epsilon: 0.1
2024-10-14 16:49:23.333: 18 q: 3.6878843
2024-10-14 16:59:25.173: 19 test start:
2024-10-14 16:59:36.823: 19 avg_reward: 1688.0
2024-10-14 16:59:36.823: 19 avg_steps: 620.1
2024-10-14 16:59:36.823: 19 epsilon: 0.1
2024-10-14 16:59:36.823: 19 q: 3.832089
2024-10-14 17:09:04.839: 20 test start:
2024-10-14 17:09:14.089: 20 avg_reward: 1305.5
2024-10-14 17:09:14.089: 20 avg_steps: 491.9
2024-10-14 17:09:14.089: 20 epsilon: 0.1
2024-10-14 17:09:14.089: 20 q: 3.950214
2024-10-14 17:19:20.094: 21 test start:
2024-10-14 17:19:28.737: 21 avg_reward: 1275.5
2024-10-14 17:19:28.737: 21 avg_steps: 484.05
2024-10-14 17:19:28.737: 21 epsilon: 0.1
2024-10-14 17:19:28.737: 21 q: 3.9453824
2024-10-14 17:29:08.532: 22 test start:
2024-10-14 17:29:19.809: 22 avg_reward: 1695.5
2024-10-14 17:29:19.809: 22 avg_steps: 609.65
2024-10-14 17:29:19.809: 22 epsilon: 0.1
2024-10-14 17:29:19.809: 22 q: 4.001725
2024-10-14 17:39:17.031: 23 test start:
2024-10-14 17:39:27.780: 23 avg_reward: 1575.5
2024-10-14 17:39:27.780: 23 avg_steps: 600.3
2024-10-14 17:39:27.780: 23 epsilon: 0.1
2024-10-14 17:39:27.780: 23 q: 4.138282
2024-10-14 17:49:04.898: 24 test start:
2024-10-14 17:49:12.135: 24 avg_reward: 1065.5
2024-10-14 17:49:12.136: 24 avg_steps: 440.85
2024-10-14 17:49:12.136: 24 epsilon: 0.1
2024-10-14 17:49:12.136: 24 q: 4.2649417
2024-10-14 17:59:04.810: 25 test start:
2024-10-14 17:59:15.748: 25 avg_reward: 1790.5
2024-10-14 17:59:15.749: 25 avg_steps: 607.3
2024-10-14 17:59:15.749: 25 epsilon: 0.1
2024-10-14 17:59:15.749: 25 q: 4.2918973
2024-10-14 18:09:00.092: 26 test start:
2024-10-14 18:09:06.264: 26 avg_reward: 620.5
2024-10-14 18:09:06.265: 26 avg_steps: 329.7
2024-10-14 18:09:06.265: 26 epsilon: 0.1
2024-10-14 18:09:06.265: 26 q: 4.2685075
2024-10-14 18:19:03.328: 27 test start:
2024-10-14 18:19:08.408: 27 avg_reward: 565.5
2024-10-14 18:19:08.408: 27 avg_steps: 312.55
2024-10-14 18:19:08.408: 27 epsilon: 0.1
2024-10-14 18:19:08.408: 27 q: 4.3895264
2024-10-14 18:28:52.942: 28 test start:
2024-10-14 18:29:00.203: 28 avg_reward: 990.5
2024-10-14 18:29:00.204: 28 avg_steps: 398.55
2024-10-14 18:29:00.204: 28 epsilon: 0.1
2024-10-14 18:29:00.204: 28 q: 4.443705
2024-10-14 18:38:55.943: 29 test start:
2024-10-14 18:39:03.149: 29 avg_reward: 968.0
2024-10-14 18:39:03.149: 29 avg_steps: 394.55
2024-10-14 18:39:03.149: 29 epsilon: 0.1
2024-10-14 18:39:03.149: 29 q: 4.4801307
2024-10-14 18:48:52.864: 30 test start:
2024-10-14 18:49:04.322: 30 avg_reward: 1755.5
2024-10-14 18:49:04.323: 30 avg_steps: 616.85
2024-10-14 18:49:04.323: 30 epsilon: 0.1
2024-10-14 18:49:04.323: 30 q: 4.5688176
2024-10-14 18:58:53.399: 31 test start:
2024-10-14 18:59:05.647: 31 avg_reward: 1993.0
2024-10-14 18:59:05.647: 31 avg_steps: 672.9
2024-10-14 18:59:05.647: 31 epsilon: 0.1
2024-10-14 18:59:05.647: 31 q: 4.7213507
2024-10-14 19:08:59.563: 32 test start:
2024-10-14 19:09:06.323: 32 avg_reward: 845.5
2024-10-14 19:09:06.323: 32 avg_steps: 364.25
2024-10-14 19:09:06.329: 32 epsilon: 0.1
2024-10-14 19:09:06.329: 32 q: 4.7050705
2024-10-14 19:18:52.584: 33 test start:
2024-10-14 19:19:01.914: 33 avg_reward: 1420.5
2024-10-14 19:19:01.914: 33 avg_steps: 523.55
2024-10-14 19:19:01.914: 33 epsilon: 0.1
2024-10-14 19:19:01.914: 33 q: 4.803969
2024-10-14 19:29:08.487: 34 test start:
2024-10-14 19:29:18.008: 34 avg_reward: 1350.5
2024-10-14 19:29:18.008: 34 avg_steps: 521.25
2024-10-14 19:29:18.008: 34 epsilon: 0.1
2024-10-14 19:29:18.009: 34 q: 4.966544
2024-10-14 19:39:01.135: 35 test start:
2024-10-14 19:39:12.582: 35 avg_reward: 1765.5
2024-10-14 19:39:12.583: 35 avg_steps: 628.8
2024-10-14 19:39:12.583: 35 epsilon: 0.1
2024-10-14 19:39:12.583: 35 q: 5.1241755
2024-10-14 19:49:20.837: 36 test start:
2024-10-14 19:49:31.386: 36 avg_reward: 1670.5
2024-10-14 19:49:31.386: 36 avg_steps: 577.1
2024-10-14 19:49:31.386: 36 epsilon: 0.1
2024-10-14 19:49:31.386: 36 q: 5.113538
2024-10-14 19:59:08.874: 37 test start:
2024-10-14 19:59:18.895: 37 avg_reward: 1470.5
2024-10-14 19:59:18.895: 37 avg_steps: 551.5
2024-10-14 19:59:18.896: 37 epsilon: 0.1
2024-10-14 19:59:18.896: 37 q: 5.3019223
2024-10-14 20:09:29.712: 38 test start:
2024-10-14 20:09:39.421: 38 avg_reward: 1535.5
2024-10-14 20:09:39.421: 38 avg_steps: 516.7
2024-10-14 20:09:39.421: 38 epsilon: 0.1
2024-10-14 20:09:39.421: 38 q: 5.321369
2024-10-14 20:19:17.155: 39 test start:
2024-10-14 20:19:24.507: 39 avg_reward: 878.0
2024-10-14 20:19:24.507: 39 avg_steps: 394.7
2024-10-14 20:19:24.507: 39 epsilon: 0.1
2024-10-14 20:19:24.508: 39 q: 5.3373976
2024-10-14 20:29:35.621: 40 test start:
2024-10-14 20:29:46.190: 40 avg_reward: 1660.5
2024-10-14 20:29:46.190: 40 avg_steps: 563.9
2024-10-14 20:29:46.190: 40 epsilon: 0.1
2024-10-14 20:29:46.190: 40 q: 5.378162
2024-10-14 20:39:22.605: 41 test start:
2024-10-14 20:39:33.208: 41 avg_reward: 1693.0
2024-10-14 20:39:33.208: 41 avg_steps: 570.7
2024-10-14 20:39:33.208: 41 epsilon: 0.1
2024-10-14 20:39:33.208: 41 q: 5.469255
2024-10-14 20:49:40.267: 42 test start:
2024-10-14 20:49:49.637: 42 avg_reward: 1675.5
2024-10-14 20:49:49.637: 42 avg_steps: 518.1
2024-10-14 20:49:49.637: 42 epsilon: 0.1
2024-10-14 20:49:49.637: 42 q: 5.5515227
2024-10-14 20:59:26.481: 43 test start:
2024-10-14 20:59:36.983: 43 avg_reward: 1743.0
2024-10-14 20:59:36.983: 43 avg_steps: 561.45
2024-10-14 20:59:36.983: 43 epsilon: 0.1
2024-10-14 20:59:36.984: 43 q: 5.471037
2024-10-14 21:09:42.727: 44 test start:
2024-10-14 21:09:50.110: 44 avg_reward: 1035.5
2024-10-14 21:09:50.111: 44 avg_steps: 403.55
2024-10-14 21:09:50.111: 44 epsilon: 0.1
2024-10-14 21:09:50.111: 44 q: 5.527889
2024-10-14 21:19:35.974: 45 test start:
2024-10-14 21:19:43.595: 45 avg_reward: 855.5
2024-10-14 21:19:43.595: 45 avg_steps: 406.35
2024-10-14 21:19:43.595: 45 epsilon: 0.1
2024-10-14 21:19:43.595: 45 q: 5.659968
2024-10-14 21:29:42.560: 46 test start:
2024-10-14 21:29:50.116: 46 avg_reward: 955.5
2024-10-14 21:29:50.116: 46 avg_steps: 409.25
2024-10-14 21:29:50.116: 46 epsilon: 0.1
2024-10-14 21:29:50.116: 46 q: 5.5864553
2024-10-14 21:39:45.558: 47 test start:
2024-10-14 21:39:56.641: 47 avg_reward: 1833.0
2024-10-14 21:39:56.641: 47 avg_steps: 589.25
2024-10-14 21:39:56.642: 47 epsilon: 0.1
2024-10-14 21:39:56.642: 47 q: 5.638294
2024-10-14 21:50:09.460: 48 test start:
2024-10-14 21:50:18.784: 48 avg_reward: 1558.0
2024-10-14 21:50:18.784: 48 avg_steps: 507.4
2024-10-14 21:50:18.784: 48 epsilon: 0.1
2024-10-14 21:50:18.784: 48 q: 5.712
2024-10-14 22:00:16.503: 49 test start:
2024-10-14 22:00:25.854: 49 avg_reward: 1593.0
2024-10-14 22:00:25.855: 49 avg_steps: 496.55
2024-10-14 22:00:25.855: 49 epsilon: 0.1
2024-10-14 22:00:25.855: 49 q: 5.7390013
2024-10-14 22:10:30.178: 50 test start:
2024-10-14 22:10:39.504: 50 avg_reward: 1455.5
2024-10-14 22:10:39.504: 50 avg_steps: 505.0
2024-10-14 22:10:39.504: 50 epsilon: 0.1
2024-10-14 22:10:39.504: 50 q: 5.7768826
2024-10-14 22:20:40.816: 51 test start:
2024-10-14 22:20:49.655: 51 avg_reward: 1460.5
2024-10-14 22:20:49.655: 51 avg_steps: 469.25
2024-10-14 22:20:49.655: 51 epsilon: 0.1
2024-10-14 22:20:49.655: 51 q: 5.808536
2024-10-14 22:30:53.433: 52 test start:
2024-10-14 22:31:01.277: 52 avg_reward: 1145.5
2024-10-14 22:31:01.277: 52 avg_steps: 427.25
2024-10-14 22:31:01.277: 52 epsilon: 0.1
2024-10-14 22:31:01.277: 52 q: 5.7723446
2024-10-14 22:41:03.817: 53 test start:
2024-10-14 22:41:09.443: 53 avg_reward: 525.5
2024-10-14 22:41:09.443: 53 avg_steps: 294.85
2024-10-14 22:41:09.443: 53 epsilon: 0.1
2024-10-14 22:41:09.443: 53 q: 5.781238
2024-10-14 22:51:02.627: 54 test start:
2024-10-14 22:51:11.480: 54 avg_reward: 1493.0
2024-10-14 22:51:11.480: 54 avg_steps: 482.3
2024-10-14 22:51:11.480: 54 epsilon: 0.1
2024-10-14 22:51:11.480: 54 q: 5.8434334
2024-10-14 23:01:20.028: 55 test start:
2024-10-14 23:01:27.893: 55 avg_reward: 1080.5
2024-10-14 23:01:27.893: 55 avg_steps: 417.15
2024-10-14 23:01:27.893: 55 epsilon: 0.1
2024-10-14 23:01:27.893: 55 q: 5.96608
2024-10-14 23:11:22.657: 56 test start:
2024-10-14 23:11:32.417: 56 avg_reward: 1700.5
2024-10-14 23:11:32.417: 56 avg_steps: 536.25
2024-10-14 23:11:32.423: 56 epsilon: 0.1
2024-10-14 23:11:32.423: 56 q: 5.925034
2024-10-14 23:21:42.602: 57 test start:
2024-10-14 23:21:48.113: 57 avg_reward: 530.5
2024-10-14 23:21:48.114: 57 avg_steps: 304.2
2024-10-14 23:21:48.114: 57 epsilon: 0.1
2024-10-14 23:21:48.114: 57 q: 5.98332
2024-10-14 23:31:38.924: 58 test start:
2024-10-14 23:31:47.958: 58 avg_reward: 1513.0
2024-10-14 23:31:47.958: 58 avg_steps: 494.35
2024-10-14 23:31:47.958: 58 epsilon: 0.1
2024-10-14 23:31:47.958: 58 q: 6.1367283
2024-10-14 23:41:57.410: 59 test start:
2024-10-14 23:42:03.526: 59 avg_reward: 645.5
2024-10-14 23:42:03.527: 59 avg_steps: 325.3
2024-10-14 23:42:03.527: 59 epsilon: 0.1
2024-10-14 23:42:03.527: 59 q: 6.2424426
2024-10-14 23:51:51.715: 60 test start:
2024-10-14 23:51:59.989: 60 avg_reward: 1488.0
2024-10-14 23:51:59.989: 60 avg_steps: 462.75
2024-10-14 23:51:59.990: 60 epsilon: 0.1
2024-10-14 23:51:59.990: 60 q: 6.1838436
2024-10-15 00:02:14.735: 61 test start:
2024-10-15 00:02:24.094: 61 avg_reward: 1538.0
2024-10-15 00:02:24.094: 61 avg_steps: 495.65
2024-10-15 00:02:24.094: 61 epsilon: 0.1
2024-10-15 00:02:24.094: 61 q: 6.1715274
2024-10-15 00:12:03.824: 62 test start:
2024-10-15 00:12:10.127: 62 avg_reward: 770.5
2024-10-15 00:12:10.127: 62 avg_steps: 343.05
2024-10-15 00:12:10.127: 62 epsilon: 0.1
2024-10-15 00:12:10.127: 62 q: 6.1398096
2024-10-15 00:22:26.285: 63 test start:
2024-10-15 00:22:36.852: 63 avg_reward: 1703.0
2024-10-15 00:22:36.852: 63 avg_steps: 557.25
2024-10-15 00:22:36.852: 63 epsilon: 0.1
2024-10-15 00:22:36.852: 63 q: 6.313331
2024-10-15 00:32:19.784: 64 test start:
2024-10-15 00:32:29.107: 64 avg_reward: 1515.5
2024-10-15 00:32:29.107: 64 avg_steps: 504.15
2024-10-15 00:32:29.108: 64 epsilon: 0.1
2024-10-15 00:32:29.108: 64 q: 6.276995
2024-10-15 00:42:44.525: 65 test start:
2024-10-15 00:42:53.759: 65 avg_reward: 1605.5
2024-10-15 00:42:53.760: 65 avg_steps: 497.0
2024-10-15 00:42:53.760: 65 epsilon: 0.1
2024-10-15 00:42:53.760: 65 q: 6.3799777
2024-10-15 00:52:31.636: 66 test start:
2024-10-15 00:52:41.114: 66 avg_reward: 1628.0
2024-10-15 00:52:41.114: 66 avg_steps: 510.2
2024-10-15 00:52:41.114: 66 epsilon: 0.1
2024-10-15 00:52:41.114: 66 q: 6.3247232
2024-10-15 01:02:54.501: 67 test start:
2024-10-15 01:03:04.184: 67 avg_reward: 1643.0
2024-10-15 01:03:04.185: 67 avg_steps: 527.3
2024-10-15 01:03:04.185: 67 epsilon: 0.1
2024-10-15 01:03:04.185: 67 q: 6.439869
2024-10-15 01:12:52.559: 68 test start:
2024-10-15 01:13:01.436: 68 avg_reward: 1588.0
2024-10-15 01:13:01.436: 68 avg_steps: 489.95
2024-10-15 01:13:01.436: 68 epsilon: 0.1
2024-10-15 01:13:01.436: 68 q: 6.4919825
2024-10-15 01:23:11.400: 69 test start:
2024-10-15 01:23:20.361: 69 avg_reward: 1528.0
2024-10-15 01:23:20.361: 69 avg_steps: 492.15
2024-10-15 01:23:20.361: 69 epsilon: 0.1
2024-10-15 01:23:20.361: 69 q: 6.5525784
2024-10-15 01:33:07.699: 70 test start:
2024-10-15 01:33:17.423: 70 avg_reward: 1635.5
2024-10-15 01:33:17.423: 70 avg_steps: 526.8
2024-10-15 01:33:17.423: 70 epsilon: 0.1
2024-10-15 01:33:17.423: 70 q: 6.5989485
2024-10-15 01:43:25.845: 71 test start:
2024-10-15 01:43:32.378: 71 avg_reward: 845.5
2024-10-15 01:43:32.378: 71 avg_steps: 356.0
2024-10-15 01:43:32.378: 71 epsilon: 0.1
2024-10-15 01:43:32.378: 71 q: 6.631493
2024-10-15 01:53:21.128: 72 test start:
2024-10-15 01:53:29.135: 72 avg_reward: 1165.5
2024-10-15 01:53:29.135: 72 avg_steps: 422.7
2024-10-15 01:53:29.135: 72 epsilon: 0.1
2024-10-15 01:53:29.135: 72 q: 6.795069
2024-10-15 02:03:29.925: 73 test start:
2024-10-15 02:03:37.023: 73 avg_reward: 1030.5
2024-10-15 02:03:37.023: 73 avg_steps: 388.6
2024-10-15 02:03:37.023: 73 epsilon: 0.1
2024-10-15 02:03:37.023: 73 q: 6.798544
2024-10-15 02:13:28.286: 74 test start:
2024-10-15 02:13:35.649: 74 avg_reward: 1065.5
2024-10-15 02:13:35.649: 74 avg_steps: 391.8
2024-10-15 02:13:35.649: 74 epsilon: 0.1
2024-10-15 02:13:35.650: 74 q: 6.79556
2024-10-15 02:23:33.050: 75 test start:
2024-10-15 02:23:40.865: 75 avg_reward: 1163.0
2024-10-15 02:23:40.865: 75 avg_steps: 427.75
2024-10-15 02:23:40.865: 75 epsilon: 0.1
2024-10-15 02:23:40.865: 75 q: 6.8758144
2024-10-15 02:33:40.067: 76 test start:
2024-10-15 02:33:48.439: 76 avg_reward: 1215.5
2024-10-15 02:33:48.439: 76 avg_steps: 439.95
2024-10-15 02:33:48.439: 76 epsilon: 0.1
2024-10-15 02:33:48.439: 76 q: 6.9032784
2024-10-15 02:43:41.449: 77 test start:
2024-10-15 02:43:49.831: 77 avg_reward: 1385.5
2024-10-15 02:43:49.831: 77 avg_steps: 461.15
2024-10-15 02:43:49.831: 77 epsilon: 0.1
2024-10-15 02:43:49.831: 77 q: 7.016471
2024-10-15 02:53:53.120: 78 test start:
2024-10-15 02:53:59.892: 78 avg_reward: 1035.5
2024-10-15 02:53:59.893: 78 avg_steps: 368.8
2024-10-15 02:53:59.893: 78 epsilon: 0.1
2024-10-15 02:53:59.893: 78 q: 6.99108
2024-10-15 03:03:54.301: 79 test start:
2024-10-15 03:04:01.147: 79 avg_reward: 1030.5
2024-10-15 03:04:01.148: 79 avg_steps: 375.2
2024-10-15 03:04:01.148: 79 epsilon: 0.1
2024-10-15 03:04:01.148: 79 q: 7.019862
2024-10-15 03:14:12.790: 80 test start:
2024-10-15 03:14:22.138: 80 avg_reward: 1548.0
2024-10-15 03:14:22.138: 80 avg_steps: 499.2
2024-10-15 03:14:22.138: 80 epsilon: 0.1
2024-10-15 03:14:22.138: 80 q: 7.056877
2024-10-15 03:24:06.013: 81 test start:
2024-10-15 03:24:13.809: 81 avg_reward: 1175.5
2024-10-15 03:24:13.809: 81 avg_steps: 421.25
2024-10-15 03:24:13.809: 81 epsilon: 0.1
2024-10-15 03:24:13.809: 81 q: 7.061342
2024-10-15 03:34:24.397: 82 test start:
2024-10-15 03:34:33.825: 82 avg_reward: 1578.0
2024-10-15 03:34:33.826: 82 avg_steps: 510.85
2024-10-15 03:34:33.826: 82 epsilon: 0.1
2024-10-15 03:34:33.826: 82 q: 7.0061336
2024-10-15 03:44:17.906: 83 test start:
2024-10-15 03:44:27.641: 83 avg_reward: 1615.5
2024-10-15 03:44:27.641: 83 avg_steps: 525.15
2024-10-15 03:44:27.641: 83 epsilon: 0.1
2024-10-15 03:44:27.641: 83 q: 7.0142198
2024-10-15 03:54:46.103: 84 test start:
2024-10-15 03:54:56.387: 84 avg_reward: 1758.0
2024-10-15 03:54:56.387: 84 avg_steps: 546.8
2024-10-15 03:54:56.387: 84 epsilon: 0.1
2024-10-15 03:54:56.387: 84 q: 6.9571853
2024-10-15 04:04:38.047: 85 test start:
2024-10-15 04:04:45.854: 85 avg_reward: 1120.5
2024-10-15 04:04:45.855: 85 avg_steps: 414.2
2024-10-15 04:04:45.855: 85 epsilon: 0.1
2024-10-15 04:04:45.855: 85 q: 6.9128428
2024-10-15 04:15:03.493: 86 test start:
2024-10-15 04:15:12.667: 86 avg_reward: 1445.5
2024-10-15 04:15:12.667: 86 avg_steps: 501.85
2024-10-15 04:15:12.667: 86 epsilon: 0.1
2024-10-15 04:15:12.667: 86 q: 6.878402
2024-10-15 04:24:54.475: 87 test start:
2024-10-15 04:25:02.020: 87 avg_reward: 1080.5
2024-10-15 04:25:02.021: 87 avg_steps: 407.75
2024-10-15 04:25:02.021: 87 epsilon: 0.1
2024-10-15 04:25:02.021: 87 q: 6.912923
2024-10-15 04:35:22.495: 88 test start:
2024-10-15 04:35:31.483: 88 avg_reward: 1498.0
2024-10-15 04:35:31.483: 88 avg_steps: 490.5
2024-10-15 04:35:31.483: 88 epsilon: 0.1
2024-10-15 04:35:31.483: 88 q: 6.811636
2024-10-15 04:45:14.912: 89 test start:
2024-10-15 04:45:22.243: 89 avg_reward: 908.0
2024-10-15 04:45:22.244: 89 avg_steps: 388.65
2024-10-15 04:45:22.244: 89 epsilon: 0.1
2024-10-15 04:45:22.244: 89 q: 6.77039
2024-10-15 04:55:31.688: 90 test start:
2024-10-15 04:55:40.164: 90 avg_reward: 1425.5
2024-10-15 04:55:40.164: 90 avg_steps: 459.85
2024-10-15 04:55:40.164: 90 epsilon: 0.1
2024-10-15 04:55:40.164: 90 q: 6.772814
2024-10-15 05:05:28.335: 91 test start:
2024-10-15 05:05:38.155: 91 avg_reward: 1633.0
2024-10-15 05:05:38.155: 91 avg_steps: 521.1
2024-10-15 05:05:38.155: 91 epsilon: 0.1
2024-10-15 05:05:38.155: 91 q: 6.91079
2024-10-15 05:15:44.139: 92 test start:
2024-10-15 05:15:53.790: 92 avg_reward: 1378.0
2024-10-15 05:15:53.790: 92 avg_steps: 528.8
2024-10-15 05:15:53.790: 92 epsilon: 0.1
2024-10-15 05:15:53.790: 92 q: 6.9576416
2024-10-15 05:25:46.125: 93 test start:
2024-10-15 05:25:56.290: 93 avg_reward: 1470.5
2024-10-15 05:25:56.291: 93 avg_steps: 540.35
2024-10-15 05:25:56.291: 93 epsilon: 0.1
2024-10-15 05:25:56.291: 93 q: 6.9579573
2024-10-15 05:35:55.901: 94 test start:
2024-10-15 05:36:05.091: 94 avg_reward: 1410.5
2024-10-15 05:36:05.091: 94 avg_steps: 506.2
2024-10-15 05:36:05.092: 94 epsilon: 0.1
2024-10-15 05:36:05.092: 94 q: 7.0950327
2024-10-15 05:46:01.240: 95 test start:
2024-10-15 05:46:10.181: 95 avg_reward: 1400.5
2024-10-15 05:46:10.182: 95 avg_steps: 470.7
2024-10-15 05:46:10.182: 95 epsilon: 0.1
2024-10-15 05:46:10.182: 95 q: 7.0344453
2024-10-15 05:56:13.068: 96 test start:
2024-10-15 05:56:21.750: 96 avg_reward: 1303.0
2024-10-15 05:56:21.750: 96 avg_steps: 478.95
2024-10-15 05:56:21.751: 96 epsilon: 0.1
2024-10-15 05:56:21.751: 96 q: 6.9987597
2024-10-15 06:06:30.409: 97 test start:
2024-10-15 06:06:39.680: 97 avg_reward: 1458.0
2024-10-15 06:06:39.680: 97 avg_steps: 509.1
2024-10-15 06:06:39.680: 97 epsilon: 0.1
2024-10-15 06:06:39.680: 97 q: 7.062977
2024-10-15 06:16:36.126: 98 test start:
2024-10-15 06:16:44.911: 98 avg_reward: 1513.0
2024-10-15 06:16:44.911: 98 avg_steps: 493.8
2024-10-15 06:16:44.912: 98 epsilon: 0.1
2024-10-15 06:16:44.912: 98 q: 6.999198
2024-10-15 06:26:53.071: 99 test start:
2024-10-15 06:27:03.494: 99 avg_reward: 1665.5
2024-10-15 06:27:03.494: 99 avg_steps: 560.4
2024-10-15 06:27:03.494: 99 epsilon: 0.1
2024-10-15 06:27:03.494: 99 q: 6.9732237
2024-10-15 06:36:52.758: 100 test start:
2024-10-15 06:37:02.400: 100 avg_reward: 1498.0
2024-10-15 06:37:02.400: 100 avg_steps: 535.15
2024-10-15 06:37:02.400: 100 epsilon: 0.1
2024-10-15 06:37:02.401: 100 q: 6.976355
2024-10-15 06:47:13.557: 101 test start:
2024-10-15 06:47:22.351: 101 avg_reward: 1303.0
2024-10-15 06:47:22.351: 101 avg_steps: 464.25
2024-10-15 06:47:22.352: 101 epsilon: 0.1
2024-10-15 06:47:22.352: 101 q: 6.954942
2024-10-15 06:57:07.324: 102 test start:
2024-10-15 06:57:16.601: 102 avg_reward: 1518.0
2024-10-15 06:57:16.601: 102 avg_steps: 509.05
2024-10-15 06:57:16.601: 102 epsilon: 0.1
2024-10-15 06:57:16.601: 102 q: 6.9800353
2024-10-15 07:07:33.999: 103 test start:
2024-10-15 07:07:41.717: 103 avg_reward: 990.5
2024-10-15 07:07:41.717: 103 avg_steps: 423.05
2024-10-15 07:07:41.717: 103 epsilon: 0.1
2024-10-15 07:07:41.717: 103 q: 6.956157
2024-10-15 07:17:27.864: 104 test start:
2024-10-15 07:17:38.001: 104 avg_reward: 1573.0
2024-10-15 07:17:38.001: 104 avg_steps: 546.6
2024-10-15 07:17:38.001: 104 epsilon: 0.1
2024-10-15 07:17:38.001: 104 q: 6.842246
2024-10-15 07:28:00.651: 105 test start:
2024-10-15 07:28:08.884: 105 avg_reward: 1140.5
2024-10-15 07:28:08.884: 105 avg_steps: 452.6
2024-10-15 07:28:08.884: 105 epsilon: 0.1
2024-10-15 07:28:08.884: 105 q: 6.9111376
2024-10-15 07:37:52.495: 106 test start:
2024-10-15 07:38:02.245: 106 avg_reward: 1463.0
2024-10-15 07:38:02.245: 106 avg_steps: 518.5
2024-10-15 07:38:02.245: 106 epsilon: 0.1
2024-10-15 07:38:02.245: 106 q: 6.886846
2024-10-15 07:48:16.814: 107 test start:
2024-10-15 07:48:27.779: 107 avg_reward: 1845.5
2024-10-15 07:48:27.779: 107 avg_steps: 605.3
2024-10-15 07:48:27.779: 107 epsilon: 0.1
2024-10-15 07:48:27.779: 107 q: 6.849939
2024-10-15 07:58:15.600: 108 test start:
2024-10-15 07:58:24.931: 108 avg_reward: 1448.0
2024-10-15 07:58:24.931: 108 avg_steps: 517.8
2024-10-15 07:58:24.932: 108 epsilon: 0.1
2024-10-15 07:58:24.932: 108 q: 6.9015174
2024-10-15 08:08:37.878: 109 test start:
2024-10-15 08:08:48.404: 109 avg_reward: 1730.5
2024-10-15 08:08:48.405: 109 avg_steps: 587.75
2024-10-15 08:08:48.405: 109 epsilon: 0.1
2024-10-15 08:08:48.405: 109 q: 6.920024
2024-10-15 08:18:45.116: 110 test start:
2024-10-15 08:18:56.103: 110 avg_reward: 1690.5
2024-10-15 08:18:56.104: 110 avg_steps: 583.75
2024-10-15 08:18:56.104: 110 epsilon: 0.1
2024-10-15 08:18:56.104: 110 q: 6.9647255
2024-10-15 08:29:08.729: 111 test start:
2024-10-15 08:29:21.060: 111 avg_reward: 1965.5
2024-10-15 08:29:21.061: 111 avg_steps: 681.2
2024-10-15 08:29:21.061: 111 epsilon: 0.1
2024-10-15 08:29:21.061: 111 q: 6.929299
2024-10-15 08:39:19.160: 112 test start:
2024-10-15 08:39:31.126: 112 avg_reward: 1823.0
2024-10-15 08:39:31.127: 112 avg_steps: 638.0
2024-10-15 08:39:31.127: 112 epsilon: 0.1
2024-10-15 08:39:31.127: 112 q: 6.956935
2024-10-15 08:49:32.595: 113 test start:
2024-10-15 08:49:41.982: 113 avg_reward: 1513.0
2024-10-15 08:49:41.983: 113 avg_steps: 516.3
2024-10-15 08:49:41.983: 113 epsilon: 0.1
2024-10-15 08:49:41.983: 113 q: 6.9230385
2024-10-15 08:59:46.721: 114 test start:
2024-10-15 08:59:57.778: 114 avg_reward: 1793.0
2024-10-15 08:59:57.779: 114 avg_steps: 587.35
2024-10-15 08:59:57.779: 114 epsilon: 0.1
2024-10-15 08:59:57.779: 114 q: 6.957798
2024-10-15 09:09:57.872: 115 test start:
2024-10-15 09:10:08.846: 115 avg_reward: 1833.0
2024-10-15 09:10:08.846: 115 avg_steps: 598.8
2024-10-15 09:10:08.846: 115 epsilon: 0.1
2024-10-15 09:10:08.846: 115 q: 6.85736
2024-10-15 09:20:21.421: 116 test start:
2024-10-15 09:20:32.294: 116 avg_reward: 1515.5
2024-10-15 09:20:32.294: 116 avg_steps: 571.8
2024-10-15 09:20:32.294: 116 epsilon: 0.1
2024-10-15 09:20:32.294: 116 q: 6.966331
2024-10-15 09:30:27.262: 117 test start:
2024-10-15 09:30:38.334: 117 avg_reward: 1740.5
2024-10-15 09:30:38.334: 117 avg_steps: 604.5
2024-10-15 09:30:38.334: 117 epsilon: 0.1
2024-10-15 09:30:38.335: 117 q: 6.872387
2024-10-15 09:41:00.929: 118 test start:
2024-10-15 09:41:12.274: 118 avg_reward: 1823.0
2024-10-15 09:41:12.274: 118 avg_steps: 625.1
2024-10-15 09:41:12.274: 118 epsilon: 0.1
2024-10-15 09:41:12.274: 118 q: 6.809066
2024-10-15 09:51:02.770: 119 test start:
2024-10-15 09:51:12.662: 119 avg_reward: 1740.5
2024-10-15 09:51:12.662: 119 avg_steps: 550.0
2024-10-15 09:51:12.663: 119 epsilon: 0.1
2024-10-15 09:51:12.663: 119 q: 6.7692966
2024-10-15 10:01:31.722: 120 test start:
2024-10-15 10:01:41.158: 120 avg_reward: 1385.5
2024-10-15 10:01:41.158: 120 avg_steps: 512.9
2024-10-15 10:01:41.158: 120 epsilon: 0.1
2024-10-15 10:01:41.158: 120 q: 6.8716917
2024-10-15 10:11:27.301: 121 test start:
2024-10-15 10:11:36.356: 121 avg_reward: 1230.5
2024-10-15 10:11:36.356: 121 avg_steps: 481.75
2024-10-15 10:11:36.356: 121 epsilon: 0.1
2024-10-15 10:11:36.356: 121 q: 6.8257866
2024-10-15 10:21:53.928: 122 test start:
2024-10-15 10:22:03.878: 122 avg_reward: 1613.0
2024-10-15 10:22:03.878: 122 avg_steps: 549.5
2024-10-15 10:22:03.878: 122 epsilon: 0.1
2024-10-15 10:22:03.878: 122 q: 6.97334
2024-10-15 10:31:56.844: 123 test start:
2024-10-15 10:32:07.018: 123 avg_reward: 1620.5
2024-10-15 10:32:07.018: 123 avg_steps: 540.25
2024-10-15 10:32:07.018: 123 epsilon: 0.1
2024-10-15 10:32:07.018: 123 q: 7.0490923
2024-10-15 10:42:22.865: 124 test start:
2024-10-15 10:42:31.571: 124 avg_reward: 1408.0
2024-10-15 10:42:31.571: 124 avg_steps: 481.7
2024-10-15 10:42:31.571: 124 epsilon: 0.1
2024-10-15 10:42:31.571: 124 q: 6.9878387
2024-10-15 10:52:30.300: 125 test start:
2024-10-15 10:52:41.798: 125 avg_reward: 1863.0
2024-10-15 10:52:41.798: 125 avg_steps: 608.6
2024-10-15 10:52:41.798: 125 epsilon: 0.1
2024-10-15 10:52:41.798: 125 q: 6.9160686
2024-10-15 11:02:53.882: 126 test start:
2024-10-15 11:03:02.771: 126 avg_reward: 1348.0
2024-10-15 11:03:02.771: 126 avg_steps: 490.95
2024-10-15 11:03:02.771: 126 epsilon: 0.1
2024-10-15 11:03:02.772: 126 q: 6.8464217
2024-10-15 11:13:06.629: 127 test start:
2024-10-15 11:13:16.922: 127 avg_reward: 1578.0
2024-10-15 11:13:16.922: 127 avg_steps: 547.5
2024-10-15 11:13:16.922: 127 epsilon: 0.1
2024-10-15 11:13:16.922: 127 q: 6.8308363
2024-10-15 11:23:23.575: 128 test start:
2024-10-15 11:23:33.061: 128 avg_reward: 1400.5
2024-10-15 11:23:33.061: 128 avg_steps: 528.25
2024-10-15 11:23:33.061: 128 epsilon: 0.1
2024-10-15 11:23:33.061: 128 q: 6.8333144
2024-10-15 11:33:37.673: 129 test start:
2024-10-15 11:33:47.636: 129 avg_reward: 1463.0
2024-10-15 11:33:47.636: 129 avg_steps: 522.75
2024-10-15 11:33:47.636: 129 epsilon: 0.1
2024-10-15 11:33:47.636: 129 q: 6.8747435
2024-10-15 11:43:44.984: 130 test start:
2024-10-15 11:43:54.858: 130 avg_reward: 1638.0
2024-10-15 11:43:54.858: 130 avg_steps: 533.0
2024-10-15 11:43:54.858: 130 epsilon: 0.1
2024-10-15 11:43:54.858: 130 q: 6.850443
2024-10-15 11:54:04.454: 131 test start:
2024-10-15 11:54:15.133: 131 avg_reward: 1630.5
2024-10-15 11:54:15.134: 131 avg_steps: 566.5
2024-10-15 11:54:15.134: 131 epsilon: 0.1
2024-10-15 11:54:15.134: 131 q: 6.8078694
2024-10-15 12:04:09.737: 132 test start:
2024-10-15 12:04:20.285: 132 avg_reward: 1698.0
2024-10-15 12:04:20.286: 132 avg_steps: 576.65
2024-10-15 12:04:20.286: 132 epsilon: 0.1
2024-10-15 12:04:20.286: 132 q: 6.8207526
2024-10-15 12:14:30.246: 133 test start:
2024-10-15 12:14:41.319: 133 avg_reward: 1648.0
2024-10-15 12:14:41.319: 133 avg_steps: 590.9
2024-10-15 12:14:41.319: 133 epsilon: 0.1
2024-10-15 12:14:41.319: 133 q: 6.846346
2024-10-15 12:24:32.323: 134 test start:
2024-10-15 12:24:41.180: 134 avg_reward: 1340.5
2024-10-15 12:24:41.180: 134 avg_steps: 482.9
2024-10-15 12:24:41.180: 134 epsilon: 0.1
2024-10-15 12:24:41.180: 134 q: 6.8560534
2024-10-15 12:34:58.692: 135 test start:
2024-10-15 12:35:08.435: 135 avg_reward: 1588.0
2024-10-15 12:35:08.436: 135 avg_steps: 515.65
2024-10-15 12:35:08.436: 135 epsilon: 0.1
2024-10-15 12:35:08.436: 135 q: 6.8719687
2024-10-15 12:44:59.133: 136 test start:
2024-10-15 12:45:09.567: 136 avg_reward: 1785.5
2024-10-15 12:45:09.568: 136 avg_steps: 575.0
2024-10-15 12:45:09.568: 136 epsilon: 0.1
2024-10-15 12:45:09.568: 136 q: 6.8719807
2024-10-15 12:55:30.263: 137 test start:
2024-10-15 12:55:39.903: 137 avg_reward: 1245.5
2024-10-15 12:55:39.904: 137 avg_steps: 516.15
2024-10-15 12:55:39.904: 137 epsilon: 0.1
2024-10-15 12:55:39.904: 137 q: 6.939141
2024-10-15 13:05:30.403: 138 test start:
2024-10-15 13:05:39.182: 138 avg_reward: 1295.5
2024-10-15 13:05:39.182: 138 avg_steps: 490.2
2024-10-15 13:05:39.182: 138 epsilon: 0.1
2024-10-15 13:05:39.182: 138 q: 6.9553876
2024-10-15 13:16:05.243: 139 test start:
2024-10-15 13:16:15.084: 139 avg_reward: 1470.5
2024-10-15 13:16:15.084: 139 avg_steps: 537.95
2024-10-15 13:16:15.084: 139 epsilon: 0.1
2024-10-15 13:16:15.084: 139 q: 6.9731493
2024-10-15 13:25:58.942: 140 test start:
2024-10-15 13:26:08.543: 140 avg_reward: 1530.5
2024-10-15 13:26:08.543: 140 avg_steps: 511.35
2024-10-15 13:26:08.544: 140 epsilon: 0.1
2024-10-15 13:26:08.544: 140 q: 6.906102
2024-10-15 13:36:23.565: 141 test start:
2024-10-15 13:36:33.373: 141 avg_reward: 1453.0
2024-10-15 13:36:33.373: 141 avg_steps: 540.1
2024-10-15 13:36:33.373: 141 epsilon: 0.1
2024-10-15 13:36:33.373: 141 q: 6.9604893
2024-10-15 13:46:27.824: 142 test start:
2024-10-15 13:46:37.517: 142 avg_reward: 1453.0
2024-10-15 13:46:37.517: 142 avg_steps: 509.7
2024-10-15 13:46:37.517: 142 epsilon: 0.1
2024-10-15 13:46:37.517: 142 q: 7.072071
2024-10-15 13:56:53.094: 143 test start:
2024-10-15 13:57:02.527: 143 avg_reward: 1313.0
2024-10-15 13:57:02.527: 143 avg_steps: 517.95
2024-10-15 13:57:02.527: 143 epsilon: 0.1
2024-10-15 13:57:02.533: 143 q: 6.9852777
2024-10-15 14:06:52.586: 144 test start:
2024-10-15 14:07:02.066: 144 avg_reward: 1293.0
2024-10-15 14:07:02.066: 144 avg_steps: 501.05
2024-10-15 14:07:02.066: 144 epsilon: 0.1
2024-10-15 14:07:02.066: 144 q: 7.0391827
2024-10-15 14:17:15.413: 145 test start:
2024-10-15 14:17:26.993: 145 avg_reward: 1823.0
2024-10-15 14:17:26.993: 145 avg_steps: 641.7
2024-10-15 14:17:26.993: 145 epsilon: 0.1
2024-10-15 14:17:26.993: 145 q: 6.9690514
2024-10-15 14:27:22.635: 146 test start:
2024-10-15 14:27:35.745: 146 avg_reward: 1825.5
2024-10-15 14:27:35.745: 146 avg_steps: 700.15
2024-10-15 14:27:35.745: 146 epsilon: 0.1
2024-10-15 14:27:35.745: 146 q: 6.9231315
2024-10-15 14:37:41.525: 147 test start:
2024-10-15 14:37:52.796: 147 avg_reward: 1793.0
2024-10-15 14:37:52.796: 147 avg_steps: 630.45
2024-10-15 14:37:52.796: 147 epsilon: 0.1
2024-10-15 14:37:52.796: 147 q: 6.8935957
2024-10-15 14:47:55.196: 148 test start:
2024-10-15 14:48:03.983: 148 avg_reward: 1405.5
2024-10-15 14:48:03.984: 148 avg_steps: 480.25
2024-10-15 14:48:03.984: 148 epsilon: 0.1
2024-10-15 14:48:03.984: 148 q: 6.8917403
2024-10-15 14:58:00.215: 149 test start:
2024-10-15 14:58:12.474: 149 avg_reward: 2035.5
2024-10-15 14:58:12.474: 149 avg_steps: 673.8
2024-10-15 14:58:12.475: 149 epsilon: 0.1
2024-10-15 14:58:12.475: 149 q: 6.9172063
2024-10-15 15:08:18.424: 150 test start:
2024-10-15 15:08:29.688: 150 avg_reward: 1723.0
2024-10-15 15:08:29.688: 150 avg_steps: 591.45
2024-10-15 15:08:29.688: 150 epsilon: 0.1
2024-10-15 15:08:29.688: 150 q: 6.947317
2024-10-15 15:18:26.757: 151 test start:
2024-10-15 15:18:36.835: 151 avg_reward: 1720.5
2024-10-15 15:18:36.835: 151 avg_steps: 553.8
2024-10-15 15:18:36.836: 151 epsilon: 0.1
2024-10-15 15:18:36.836: 151 q: 7.042902
2024-10-15 15:28:43.689: 152 test start:
2024-10-15 15:28:54.489: 152 avg_reward: 1708.0
2024-10-15 15:28:54.490: 152 avg_steps: 591.3
2024-10-15 15:28:54.490: 152 epsilon: 0.1
2024-10-15 15:28:54.490: 152 q: 7.009496
2024-10-15 15:38:47.280: 153 test start:
2024-10-15 15:39:01.266: 153 avg_reward: 2128.0
2024-10-15 15:39:01.267: 153 avg_steps: 767.7
2024-10-15 15:39:01.267: 153 epsilon: 0.1
2024-10-15 15:39:01.267: 153 q: 7.0035195
2024-10-15 15:49:15.623: 154 test start:
2024-10-15 15:49:27.107: 154 avg_reward: 1865.5
2024-10-15 15:49:27.107: 154 avg_steps: 611.6
2024-10-15 15:49:27.107: 154 epsilon: 0.1
2024-10-15 15:49:27.107: 154 q: 7.032071
2024-10-15 15:59:16.770: 155 test start:
2024-10-15 15:59:27.570: 155 avg_reward: 1818.0
2024-10-15 15:59:27.571: 155 avg_steps: 596.8
2024-10-15 15:59:27.571: 155 epsilon: 0.1
2024-10-15 15:59:27.571: 155 q: 7.0283947
2024-10-15 16:09:48.058: 156 test start:
2024-10-15 16:09:58.011: 156 avg_reward: 1540.5
2024-10-15 16:09:58.011: 156 avg_steps: 520.9
2024-10-15 16:09:58.011: 156 epsilon: 0.1
2024-10-15 16:09:58.011: 156 q: 7.044923
2024-10-15 16:19:43.442: 157 test start:
2024-10-15 16:19:53.258: 157 avg_reward: 1610.5
2024-10-15 16:19:53.258: 157 avg_steps: 536.35
2024-10-15 16:19:53.258: 157 epsilon: 0.1
2024-10-15 16:19:53.258: 157 q: 7.009413
2024-10-15 16:30:25.979: 158 test start:
2024-10-15 16:30:36.640: 158 avg_reward: 1823.0
2024-10-15 16:30:36.641: 158 avg_steps: 589.15
2024-10-15 16:30:36.641: 158 epsilon: 0.1
2024-10-15 16:30:36.641: 158 q: 6.9975624
2024-10-15 16:40:20.182: 159 test start:
2024-10-15 16:40:29.348: 159 avg_reward: 1433.0
2024-10-15 16:40:29.348: 159 avg_steps: 489.9
2024-10-15 16:40:29.349: 159 epsilon: 0.1
2024-10-15 16:40:29.349: 159 q: 6.9421835
2024-10-15 16:50:45.002: 160 test start:
2024-10-15 16:50:54.901: 160 avg_reward: 1723.0
2024-10-15 16:50:54.902: 160 avg_steps: 545.1
2024-10-15 16:50:54.902: 160 epsilon: 0.1
2024-10-15 16:50:54.902: 160 q: 7.0293427
2024-10-15 17:00:39.878: 161 test start:
2024-10-15 17:00:52.202: 161 avg_reward: 1850.5
2024-10-15 17:00:52.202: 161 avg_steps: 656.7
2024-10-15 17:00:52.202: 161 epsilon: 0.1
2024-10-15 17:00:52.202: 161 q: 6.972869
2024-10-15 17:11:05.338: 162 test start:
2024-10-15 17:11:15.805: 162 avg_reward: 1448.0
2024-10-15 17:11:15.805: 162 avg_steps: 574.7
2024-10-15 17:11:15.805: 162 epsilon: 0.1
2024-10-15 17:11:15.805: 162 q: 6.9464025
2024-10-15 17:21:07.653: 163 test start:
2024-10-15 17:21:19.352: 163 avg_reward: 1715.5
2024-10-15 17:21:19.352: 163 avg_steps: 618.15
2024-10-15 17:21:19.352: 163 epsilon: 0.1
2024-10-15 17:21:19.352: 163 q: 6.926644
2024-10-15 17:31:27.570: 164 test start:
2024-10-15 17:31:42.553: 164 avg_reward: 2400.5
2024-10-15 17:31:42.553: 164 avg_steps: 838.15
2024-10-15 17:31:42.559: 164 epsilon: 0.1
2024-10-15 17:31:42.559: 164 q: 6.915665
2024-10-15 17:41:50.210: 165 test start:
2024-10-15 17:42:04.544: 165 avg_reward: 2173.0
2024-10-15 17:42:04.544: 165 avg_steps: 775.05
2024-10-15 17:42:04.544: 165 epsilon: 0.1
2024-10-15 17:42:04.544: 165 q: 6.9765077
2024-10-15 17:52:14.395: 166 test start:
2024-10-15 17:52:24.889: 166 avg_reward: 1758.0
2024-10-15 17:52:24.889: 166 avg_steps: 581.3
2024-10-15 17:52:24.889: 166 epsilon: 0.1
2024-10-15 17:52:24.889: 166 q: 6.973681
2024-10-15 18:02:32.822: 167 test start:
2024-10-15 18:02:43.813: 167 avg_reward: 1730.5
2024-10-15 18:02:43.813: 167 avg_steps: 588.35
2024-10-15 18:02:43.813: 167 epsilon: 0.1
2024-10-15 18:02:43.813: 167 q: 6.922149
2024-10-15 18:12:49.781: 168 test start:
2024-10-15 18:13:01.246: 168 avg_reward: 1873.0
2024-10-15 18:13:01.246: 168 avg_steps: 648.9
2024-10-15 18:13:01.246: 168 epsilon: 0.1
2024-10-15 18:13:01.246: 168 q: 6.93275
2024-10-15 18:23:12.985: 169 test start:
2024-10-15 18:23:24.013: 169 avg_reward: 1673.0
2024-10-15 18:23:24.013: 169 avg_steps: 589.05
2024-10-15 18:23:24.013: 169 epsilon: 0.1
2024-10-15 18:23:24.013: 169 q: 6.8784328
2024-10-15 18:33:21.020: 170 test start:
2024-10-15 18:33:30.596: 170 avg_reward: 1350.5
2024-10-15 18:33:30.596: 170 avg_steps: 529.85
2024-10-15 18:33:30.596: 170 epsilon: 0.1
2024-10-15 18:33:30.596: 170 q: 6.88513
2024-10-15 18:43:47.668: 171 test start:
2024-10-15 18:44:01.377: 171 avg_reward: 2148.0
2024-10-15 18:44:01.377: 171 avg_steps: 738.05
2024-10-15 18:44:01.377: 171 epsilon: 0.1
2024-10-15 18:44:01.378: 171 q: 6.899126
2024-10-15 18:53:56.349: 172 test start:
2024-10-15 18:54:08.848: 172 avg_reward: 2008.0
2024-10-15 18:54:08.848: 172 avg_steps: 696.95
2024-10-15 18:54:08.848: 172 epsilon: 0.1
2024-10-15 18:54:08.848: 172 q: 6.930879
2024-10-15 19:04:39.923: 173 test start:
2024-10-15 19:04:52.456: 173 avg_reward: 1938.0
2024-10-15 19:04:52.456: 173 avg_steps: 667.5
2024-10-15 19:04:52.456: 173 epsilon: 0.1
2024-10-15 19:04:52.456: 173 q: 7.034323
2024-10-15 19:14:40.388: 174 test start:
2024-10-15 19:14:52.800: 174 avg_reward: 1970.5
2024-10-15 19:14:52.800: 174 avg_steps: 688.95
2024-10-15 19:14:52.800: 174 epsilon: 0.1
2024-10-15 19:14:52.800: 174 q: 6.9902263
2024-10-15 19:25:23.847: 175 test start:
2024-10-15 19:25:35.659: 175 avg_reward: 1903.0
2024-10-15 19:25:35.660: 175 avg_steps: 668.6
2024-10-15 19:25:35.660: 175 epsilon: 0.1
2024-10-15 19:25:35.660: 175 q: 6.9897704
2024-10-15 19:35:25.029: 176 test start:
2024-10-15 19:35:36.023: 176 avg_reward: 1533.0
2024-10-15 19:35:36.023: 176 avg_steps: 579.85
2024-10-15 19:35:36.023: 176 epsilon: 0.1
2024-10-15 19:35:36.024: 176 q: 6.910511
2024-10-15 19:45:57.560: 177 test start:
2024-10-15 19:46:12.407: 177 avg_reward: 2430.5
2024-10-15 19:46:12.407: 177 avg_steps: 821.85
2024-10-15 19:46:12.407: 177 epsilon: 0.1
2024-10-15 19:46:12.407: 177 q: 6.8273144
2024-10-15 19:56:06.914: 178 test start:
2024-10-15 19:56:22.180: 178 avg_reward: 2223.0
2024-10-15 19:56:22.180: 178 avg_steps: 847.0
2024-10-15 19:56:22.180: 178 epsilon: 0.1
2024-10-15 19:56:22.180: 178 q: 7.035946
2024-10-15 20:06:35.912: 179 test start:
2024-10-15 20:06:45.149: 179 avg_reward: 1328.0
2024-10-15 20:06:45.150: 179 avg_steps: 507.2
2024-10-15 20:06:45.150: 179 epsilon: 0.1
2024-10-15 20:06:45.150: 179 q: 7.164624
2024-10-15 20:16:41.090: 180 test start:
2024-10-15 20:16:53.104: 180 avg_reward: 1768.0
2024-10-15 20:16:53.104: 180 avg_steps: 631.7
2024-10-15 20:16:53.104: 180 epsilon: 0.1
2024-10-15 20:16:53.104: 180 q: 7.188637
2024-10-15 20:27:01.220: 181 test start:
2024-10-15 20:27:17.776: 181 avg_reward: 2535.5
2024-10-15 20:27:17.776: 181 avg_steps: 928.0
2024-10-15 20:27:17.776: 181 epsilon: 0.1
2024-10-15 20:27:17.776: 181 q: 7.2033787
2024-10-15 20:37:16.935: 182 test start:
2024-10-15 20:37:31.928: 182 avg_reward: 2408.0
2024-10-15 20:37:31.928: 182 avg_steps: 799.85
2024-10-15 20:37:31.928: 182 epsilon: 0.1
2024-10-15 20:37:31.928: 182 q: 7.257847
2024-10-15 20:47:33.850: 183 test start:
2024-10-15 20:47:49.629: 183 avg_reward: 2630.5
2024-10-15 20:47:49.630: 183 avg_steps: 881.7
2024-10-15 20:47:49.630: 183 epsilon: 0.1
2024-10-15 20:47:49.630: 183 q: 7.3044243
2024-10-15 20:57:50.461: 184 test start:
2024-10-15 20:58:03.537: 184 avg_reward: 2078.0
2024-10-15 20:58:03.537: 184 avg_steps: 687.85
2024-10-15 20:58:03.537: 184 epsilon: 0.1
2024-10-15 20:58:03.537: 184 q: 7.2764335
2024-10-15 21:07:58.212: 185 test start:
2024-10-15 21:08:09.595: 185 avg_reward: 1738.0
2024-10-15 21:08:09.595: 185 avg_steps: 630.6
2024-10-15 21:08:09.596: 185 epsilon: 0.1
2024-10-15 21:08:09.596: 185 q: 7.27135
2024-10-15 21:18:16.803: 186 test start:
2024-10-15 21:18:27.562: 186 avg_reward: 1578.0
2024-10-15 21:18:27.563: 186 avg_steps: 561.95
2024-10-15 21:18:27.563: 186 epsilon: 0.1
2024-10-15 21:18:27.563: 186 q: 7.2059693
2024-10-15 21:28:23.503: 187 test start:
2024-10-15 21:28:35.821: 187 avg_reward: 1955.5
2024-10-15 21:28:35.821: 187 avg_steps: 690.75
2024-10-15 21:28:35.821: 187 epsilon: 0.1
2024-10-15 21:28:35.821: 187 q: 7.272731
2024-10-15 21:38:54.703: 188 test start:
2024-10-15 21:39:08.010: 188 avg_reward: 2015.5
2024-10-15 21:39:08.010: 188 avg_steps: 707.1
2024-10-15 21:39:08.010: 188 epsilon: 0.1
2024-10-15 21:39:08.010: 188 q: 7.140746
2024-10-15 21:48:58.187: 189 test start:
2024-10-15 21:49:12.830: 189 avg_reward: 2503.0
2024-10-15 21:49:12.830: 189 avg_steps: 812.8
2024-10-15 21:49:12.831: 189 epsilon: 0.1
2024-10-15 21:49:12.831: 189 q: 7.153747
2024-10-15 21:59:31.898: 190 test start:
2024-10-15 21:59:46.449: 190 avg_reward: 1978.0
2024-10-15 21:59:46.450: 190 avg_steps: 770.0
2024-10-15 21:59:46.450: 190 epsilon: 0.1
2024-10-15 21:59:46.450: 190 q: 7.2429266
2024-10-15 22:09:33.134: 191 test start:
2024-10-15 22:09:44.258: 191 avg_reward: 1620.5
2024-10-15 22:09:44.258: 191 avg_steps: 586.15
2024-10-15 22:09:44.258: 191 epsilon: 0.1
2024-10-15 22:09:44.258: 191 q: 7.2607303
2024-10-15 22:20:02.543: 192 test start:
2024-10-15 22:20:13.835: 192 avg_reward: 1718.0
2024-10-15 22:20:13.835: 192 avg_steps: 621.35
2024-10-15 22:20:13.835: 192 epsilon: 0.1
2024-10-15 22:20:13.835: 192 q: 7.2011395
2024-10-15 22:29:59.924: 193 test start:
2024-10-15 22:30:12.858: 193 avg_reward: 2090.5
2024-10-15 22:30:12.859: 193 avg_steps: 696.75
2024-10-15 22:30:12.859: 193 epsilon: 0.1
2024-10-15 22:30:12.859: 193 q: 7.2307754
2024-10-15 22:40:19.976: 194 test start:
2024-10-15 22:40:36.025: 194 avg_reward: 2425.5
2024-10-15 22:40:36.025: 194 avg_steps: 885.15
2024-10-15 22:40:36.025: 194 epsilon: 0.1
2024-10-15 22:40:36.025: 194 q: 7.2195168
2024-10-15 22:50:25.015: 195 test start:
2024-10-15 22:50:33.834: 195 avg_reward: 1310.5
2024-10-15 22:50:33.835: 195 avg_steps: 461.75
2024-10-15 22:50:33.835: 195 epsilon: 0.1
2024-10-15 22:50:33.835: 195 q: 7.3197665
2024-10-15 23:00:45.100: 196 test start:
2024-10-15 23:00:57.212: 196 avg_reward: 1970.5
2024-10-15 23:00:57.212: 196 avg_steps: 670.1
2024-10-15 23:00:57.212: 196 epsilon: 0.1
2024-10-15 23:00:57.212: 196 q: 7.3076267
2024-10-15 23:10:58.082: 197 test start:
2024-10-15 23:11:08.304: 197 avg_reward: 1573.0
2024-10-15 23:11:08.304: 197 avg_steps: 564.8
2024-10-15 23:11:08.304: 197 epsilon: 0.1
2024-10-15 23:11:08.305: 197 q: 7.206336
2024-10-15 23:21:20.187: 198 test start:
2024-10-15 23:21:33.506: 198 avg_reward: 2173.0
2024-10-15 23:21:33.506: 198 avg_steps: 729.0
2024-10-15 23:21:33.506: 198 epsilon: 0.1
2024-10-15 23:21:33.507: 198 q: 7.271679
2024-10-15 23:31:35.933: 199 test start:
2024-10-15 23:31:50.122: 199 avg_reward: 1988.0
2024-10-15 23:31:50.123: 199 avg_steps: 758.95
2024-10-15 23:31:50.123: 199 epsilon: 0.1
2024-10-15 23:31:50.123: 199 q: 7.292612
2024-10-15 23:41:43.591: 200 test start:
2024-10-15 23:41:54.407: 200 avg_reward: 1538.0
2024-10-15 23:41:54.407: 200 avg_steps: 591.0
2024-10-15 23:41:54.407: 200 epsilon: 0.1
2024-10-15 23:41:54.407: 200 q: 7.331737
