2024-10-13 03:43:10.113: 
parameters:agent_test_episodes: 20
batch_num_per_epoch: 250000
device: cuda:0
env_name: ALE/Asterix-v5
epsilon_for_test: 0.05
epsilon_max: 1.0
epsilon_min: 0.1
exp_name: ALE-Asterix-v5_2024-10-13-03-43-10
exp_path: ../exps/dqn/
exploration_steps: 1000000
gamma: 0.99
held_out_states_num: 1000
learning_rate: 0.00025
mini_batch_size: 32
model_update_freq: 4
n_times: 5
no_op_max: 30
phi_channel: 4
replay_buffer_size: 1000000
replay_start_size: 50000
save_model: true
screen_size: 84
seed: 0
skip_k_frame: 4
step_c: 10000
training_steps: 50000000

2024-10-13 03:43:10.178: env id: ALE/Asterix-v5 |repeat_action_probability: 0 
2024-10-13 03:43:10.178: screen_size: 84 | grayscale_obs:True 
scale_obs:False | action space size: 9
remove flickering: True | frame skip: 4
state space shape: (210, 160, 3) 
2024-10-13 03:43:10.195: optimizer: RMSprop (
Parameter Group 0
    alpha: 0.95
    centered: False
    differentiable: False
    eps: 0.01
    foreach: None
    lr: 0.00025
    maximize: False
    momentum: 0
    weight_decay: 0
)
2024-10-13 03:51:56.809: 1 test start:
2024-10-13 03:52:18.762: 1 avg_reward: 573.0
2024-10-13 03:52:18.762: 1 avg_steps: 1195.35
2024-10-13 03:52:18.762: 1 epsilon: 0.8198515
2024-10-13 03:52:18.768: 1 q: 0.17525125
2024-10-13 04:02:00.910: 2 test start:
2024-10-13 04:02:04.894: 2 avg_reward: 203.0
2024-10-13 04:02:04.894: 2 avg_steps: 218.3
2024-10-13 04:02:04.894: 2 epsilon: 0.5948568999999999
2024-10-13 04:02:04.894: 2 q: 0.46436074
2024-10-13 04:11:57.218: 3 test start:
2024-10-13 04:12:03.714: 3 avg_reward: 303.0
2024-10-13 04:12:03.714: 3 avg_steps: 361.1
2024-10-13 04:12:03.714: 3 epsilon: 0.3699414999999999
2024-10-13 04:12:03.714: 3 q: 0.82336515
2024-10-13 04:21:46.253: 4 test start:
2024-10-13 04:21:51.535: 4 avg_reward: 318.0
2024-10-13 04:21:51.535: 4 avg_steps: 287.95
2024-10-13 04:21:51.535: 4 epsilon: 0.14490729999999996
2024-10-13 04:21:51.535: 4 q: 0.96235543
2024-10-13 04:31:45.272: 5 test start:
2024-10-13 04:31:52.067: 5 avg_reward: 653.0
2024-10-13 04:31:52.067: 5 avg_steps: 359.85
2024-10-13 04:31:52.067: 5 epsilon: 0.1
2024-10-13 04:31:52.067: 5 q: 1.1815842
2024-10-13 04:41:30.581: 6 test start:
2024-10-13 04:41:37.204: 6 avg_reward: 770.5
2024-10-13 04:41:37.204: 6 avg_steps: 360.75
2024-10-13 04:41:37.209: 6 epsilon: 0.1
2024-10-13 04:41:37.210: 6 q: 1.2508829
2024-10-13 04:51:31.233: 7 test start:
2024-10-13 04:51:37.739: 7 avg_reward: 725.5
2024-10-13 04:51:37.740: 7 avg_steps: 347.35
2024-10-13 04:51:37.740: 7 epsilon: 0.1
2024-10-13 04:51:37.740: 7 q: 1.263167
2024-10-13 05:01:16.027: 8 test start:
2024-10-13 05:01:23.201: 8 avg_reward: 998.0
2024-10-13 05:01:23.201: 8 avg_steps: 394.6
2024-10-13 05:01:23.201: 8 epsilon: 0.1
2024-10-13 05:01:23.201: 8 q: 1.4353038
2024-10-13 05:11:11.753: 9 test start:
2024-10-13 05:11:21.453: 9 avg_reward: 1278.0
2024-10-13 05:11:21.454: 9 avg_steps: 520.8
2024-10-13 05:11:21.454: 9 epsilon: 0.1
2024-10-13 05:11:21.454: 9 q: 1.6922742
2024-10-13 05:20:57.644: 10 test start:
2024-10-13 05:21:08.534: 10 avg_reward: 1725.5
2024-10-13 05:21:08.534: 10 avg_steps: 594.3
2024-10-13 05:21:08.535: 10 epsilon: 0.1
2024-10-13 05:21:08.535: 10 q: 2.0320292
2024-10-13 05:31:12.298: 11 test start:
2024-10-13 05:31:24.156: 11 avg_reward: 1840.5
2024-10-13 05:31:24.156: 11 avg_steps: 652.55
2024-10-13 05:31:24.156: 11 epsilon: 0.1
2024-10-13 05:31:24.156: 11 q: 2.3235357
2024-10-13 05:40:54.315: 12 test start:
2024-10-13 05:41:06.264: 12 avg_reward: 1843.0
2024-10-13 05:41:06.264: 12 avg_steps: 672.6
2024-10-13 05:41:06.264: 12 epsilon: 0.1
2024-10-13 05:41:06.264: 12 q: 2.4476025
2024-10-13 05:51:16.535: 13 test start:
2024-10-13 05:51:28.791: 13 avg_reward: 1765.5
2024-10-13 05:51:28.792: 13 avg_steps: 649.3
2024-10-13 05:51:28.792: 13 epsilon: 0.1
2024-10-13 05:51:28.792: 13 q: 2.7917104
2024-10-13 06:01:02.917: 14 test start:
2024-10-13 06:01:14.131: 14 avg_reward: 1678.0
2024-10-13 06:01:14.132: 14 avg_steps: 600.65
2024-10-13 06:01:14.132: 14 epsilon: 0.1
2024-10-13 06:01:14.132: 14 q: 3.081896
2024-10-13 06:11:25.063: 15 test start:
2024-10-13 06:11:36.379: 15 avg_reward: 1728.0
2024-10-13 06:11:36.380: 15 avg_steps: 618.4
2024-10-13 06:11:36.380: 15 epsilon: 0.1
2024-10-13 06:11:36.380: 15 q: 3.303818
2024-10-13 06:20:54.601: 16 test start:
2024-10-13 06:21:04.928: 16 avg_reward: 1450.5
2024-10-13 06:21:04.928: 16 avg_steps: 545.75
2024-10-13 06:21:04.928: 16 epsilon: 0.1
2024-10-13 06:21:04.928: 16 q: 3.599446
2024-10-13 06:31:11.804: 17 test start:
2024-10-13 06:31:21.634: 17 avg_reward: 1503.0
2024-10-13 06:31:21.635: 17 avg_steps: 537.5
2024-10-13 06:31:21.635: 17 epsilon: 0.1
2024-10-13 06:31:21.635: 17 q: 3.7703762
2024-10-13 06:41:18.871: 18 test start:
2024-10-13 06:41:29.354: 18 avg_reward: 1530.5
2024-10-13 06:41:29.354: 18 avg_steps: 556.8
2024-10-13 06:41:29.354: 18 epsilon: 0.1
2024-10-13 06:41:29.354: 18 q: 3.8770194
2024-10-13 06:51:35.493: 19 test start:
2024-10-13 06:51:48.792: 19 avg_reward: 1973.0
2024-10-13 06:51:48.792: 19 avg_steps: 727.45
2024-10-13 06:51:48.792: 19 epsilon: 0.1
2024-10-13 06:51:48.792: 19 q: 4.088979
2024-10-13 07:01:49.133: 20 test start:
2024-10-13 07:01:59.897: 20 avg_reward: 1568.0
2024-10-13 07:01:59.897: 20 avg_steps: 593.1
2024-10-13 07:01:59.897: 20 epsilon: 0.1
2024-10-13 07:01:59.897: 20 q: 4.1406474
2024-10-13 07:11:59.089: 21 test start:
2024-10-13 07:12:07.753: 21 avg_reward: 1268.0
2024-10-13 07:12:07.753: 21 avg_steps: 469.9
2024-10-13 07:12:07.753: 21 epsilon: 0.1
2024-10-13 07:12:07.753: 21 q: 4.231212
2024-10-13 07:22:12.514: 22 test start:
2024-10-13 07:22:22.702: 22 avg_reward: 1563.0
2024-10-13 07:22:22.702: 22 avg_steps: 555.5
2024-10-13 07:22:22.702: 22 epsilon: 0.1
2024-10-13 07:22:22.702: 22 q: 4.242946
2024-10-13 07:32:13.078: 23 test start:
2024-10-13 07:32:25.097: 23 avg_reward: 1863.0
2024-10-13 07:32:25.097: 23 avg_steps: 652.25
2024-10-13 07:32:25.097: 23 epsilon: 0.1
2024-10-13 07:32:25.097: 23 q: 4.571552
2024-10-13 07:42:38.149: 24 test start:
2024-10-13 07:42:51.802: 24 avg_reward: 2070.5
2024-10-13 07:42:51.802: 24 avg_steps: 712.55
2024-10-13 07:42:51.802: 24 epsilon: 0.1
2024-10-13 07:42:51.802: 24 q: 4.517223
2024-10-13 07:52:58.374: 25 test start:
2024-10-13 07:53:09.803: 25 avg_reward: 1615.5
2024-10-13 07:53:09.804: 25 avg_steps: 603.45
2024-10-13 07:53:09.804: 25 epsilon: 0.1
2024-10-13 07:53:09.804: 25 q: 4.7332478
2024-10-13 08:03:25.217: 26 test start:
2024-10-13 08:03:36.271: 26 avg_reward: 1708.0
2024-10-13 08:03:36.271: 26 avg_steps: 602.35
2024-10-13 08:03:36.271: 26 epsilon: 0.1
2024-10-13 08:03:36.271: 26 q: 4.793754
2024-10-13 08:13:32.545: 27 test start:
2024-10-13 08:13:41.255: 27 avg_reward: 1245.5
2024-10-13 08:13:41.256: 27 avg_steps: 454.05
2024-10-13 08:13:41.256: 27 epsilon: 0.1
2024-10-13 08:13:41.256: 27 q: 4.855626
2024-10-13 08:23:51.415: 28 test start:
2024-10-13 08:24:01.047: 28 avg_reward: 1510.5
2024-10-13 08:24:01.047: 28 avg_steps: 520.0
2024-10-13 08:24:01.047: 28 epsilon: 0.1
2024-10-13 08:24:01.048: 28 q: 4.9660726
2024-10-13 08:34:05.740: 29 test start:
2024-10-13 08:34:18.687: 29 avg_reward: 2053.0
2024-10-13 08:34:18.687: 29 avg_steps: 686.3
2024-10-13 08:34:18.687: 29 epsilon: 0.1
2024-10-13 08:34:18.687: 29 q: 5.1472297
2024-10-13 08:44:10.530: 30 test start:
2024-10-13 08:44:21.265: 30 avg_reward: 1765.5
2024-10-13 08:44:21.265: 30 avg_steps: 591.15
2024-10-13 08:44:21.266: 30 epsilon: 0.1
2024-10-13 08:44:21.266: 30 q: 5.199132
2024-10-13 08:54:27.051: 31 test start:
2024-10-13 08:54:37.997: 31 avg_reward: 1693.0
2024-10-13 08:54:37.997: 31 avg_steps: 577.1
2024-10-13 08:54:37.997: 31 epsilon: 0.1
2024-10-13 08:54:37.997: 31 q: 5.260335
2024-10-13 09:04:33.026: 32 test start:
2024-10-13 09:04:44.701: 32 avg_reward: 1778.0
2024-10-13 09:04:44.701: 32 avg_steps: 633.6
2024-10-13 09:04:44.701: 32 epsilon: 0.1
2024-10-13 09:04:44.701: 32 q: 5.5089426
2024-10-13 09:14:56.280: 33 test start:
2024-10-13 09:15:03.030: 33 avg_reward: 700.5
2024-10-13 09:15:03.030: 33 avg_steps: 353.65
2024-10-13 09:15:03.030: 33 epsilon: 0.1
2024-10-13 09:15:03.031: 33 q: 5.621841
2024-10-13 09:24:59.130: 34 test start:
2024-10-13 09:25:08.135: 34 avg_reward: 1383.0
2024-10-13 09:25:08.135: 34 avg_steps: 488.6
2024-10-13 09:25:08.135: 34 epsilon: 0.1
2024-10-13 09:25:08.135: 34 q: 5.6813784
2024-10-13 09:35:15.526: 35 test start:
2024-10-13 09:35:25.812: 35 avg_reward: 1638.0
2024-10-13 09:35:25.812: 35 avg_steps: 561.4
2024-10-13 09:35:25.812: 35 epsilon: 0.1
2024-10-13 09:35:25.813: 35 q: 5.7251873
2024-10-13 09:45:15.509: 36 test start:
2024-10-13 09:45:23.534: 36 avg_reward: 1253.0
2024-10-13 09:45:23.534: 36 avg_steps: 437.4
2024-10-13 09:45:23.534: 36 epsilon: 0.1
2024-10-13 09:45:23.534: 36 q: 5.9154162
2024-10-13 09:55:34.416: 37 test start:
2024-10-13 09:55:43.389: 37 avg_reward: 1420.5
2024-10-13 09:55:43.389: 37 avg_steps: 472.05
2024-10-13 09:55:43.389: 37 epsilon: 0.1
2024-10-13 09:55:43.389: 37 q: 5.9201007
2024-10-13 10:05:26.326: 38 test start:
2024-10-13 10:05:35.354: 38 avg_reward: 1655.5
2024-10-13 10:05:35.354: 38 avg_steps: 489.25
2024-10-13 10:05:35.354: 38 epsilon: 0.1
2024-10-13 10:05:35.354: 38 q: 5.928757
2024-10-13 10:15:51.241: 39 test start:
2024-10-13 10:16:00.816: 39 avg_reward: 1590.5
2024-10-13 10:16:00.817: 39 avg_steps: 509.6
2024-10-13 10:16:00.817: 39 epsilon: 0.1
2024-10-13 10:16:00.817: 39 q: 5.983838
2024-10-13 10:25:40.701: 40 test start:
2024-10-13 10:25:49.873: 40 avg_reward: 1435.5
2024-10-13 10:25:49.873: 40 avg_steps: 481.05
2024-10-13 10:25:49.873: 40 epsilon: 0.1
2024-10-13 10:25:49.873: 40 q: 6.0972176
2024-10-13 10:36:02.165: 41 test start:
2024-10-13 10:36:11.811: 41 avg_reward: 1500.5
2024-10-13 10:36:11.811: 41 avg_steps: 528.9
2024-10-13 10:36:11.811: 41 epsilon: 0.1
2024-10-13 10:36:11.811: 41 q: 6.1409593
2024-10-13 10:45:55.019: 42 test start:
2024-10-13 10:46:04.018: 42 avg_reward: 1438.0
2024-10-13 10:46:04.018: 42 avg_steps: 478.95
2024-10-13 10:46:04.018: 42 epsilon: 0.1
2024-10-13 10:46:04.018: 42 q: 6.1103597
2024-10-13 10:56:16.499: 43 test start:
2024-10-13 10:56:26.462: 43 avg_reward: 1735.5
2024-10-13 10:56:26.462: 43 avg_steps: 537.3
2024-10-13 10:56:26.462: 43 epsilon: 0.1
2024-10-13 10:56:26.462: 43 q: 6.147541
2024-10-13 11:06:09.454: 44 test start:
2024-10-13 11:06:19.710: 44 avg_reward: 1643.0
2024-10-13 11:06:19.710: 44 avg_steps: 551.65
2024-10-13 11:06:19.715: 44 epsilon: 0.1
2024-10-13 11:06:19.715: 44 q: 6.200942
2024-10-13 11:16:31.960: 45 test start:
2024-10-13 11:16:41.727: 45 avg_reward: 1590.5
2024-10-13 11:16:41.728: 45 avg_steps: 541.8
2024-10-13 11:16:41.728: 45 epsilon: 0.1
2024-10-13 11:16:41.728: 45 q: 6.3475785
2024-10-13 11:26:30.779: 46 test start:
2024-10-13 11:26:41.603: 46 avg_reward: 1723.0
2024-10-13 11:26:41.604: 46 avg_steps: 596.7
2024-10-13 11:26:41.604: 46 epsilon: 0.1
2024-10-13 11:26:41.604: 46 q: 6.434672
2024-10-13 11:36:47.370: 47 test start:
2024-10-13 11:36:56.202: 47 avg_reward: 1555.5
2024-10-13 11:36:56.202: 47 avg_steps: 482.95
2024-10-13 11:36:56.202: 47 epsilon: 0.1
2024-10-13 11:36:56.202: 47 q: 6.4553084
2024-10-13 11:46:42.409: 48 test start:
2024-10-13 11:46:52.544: 48 avg_reward: 1685.5
2024-10-13 11:46:52.544: 48 avg_steps: 551.5
2024-10-13 11:46:52.544: 48 epsilon: 0.1
2024-10-13 11:46:52.544: 48 q: 6.4523253
2024-10-13 11:56:51.426: 49 test start:
2024-10-13 11:57:02.468: 49 avg_reward: 1690.5
2024-10-13 11:57:02.468: 49 avg_steps: 600.5
2024-10-13 11:57:02.468: 49 epsilon: 0.1
2024-10-13 11:57:02.468: 49 q: 6.6690207
2024-10-13 12:06:58.203: 50 test start:
2024-10-13 12:07:08.797: 50 avg_reward: 1720.5
2024-10-13 12:07:08.797: 50 avg_steps: 560.9
2024-10-13 12:07:08.797: 50 epsilon: 0.1
2024-10-13 12:07:08.797: 50 q: 6.778763
2024-10-13 12:17:09.243: 51 test start:
2024-10-13 12:17:18.159: 51 avg_reward: 1423.0
2024-10-13 12:17:18.159: 51 avg_steps: 484.15
2024-10-13 12:17:18.159: 51 epsilon: 0.1
2024-10-13 12:17:18.159: 51 q: 6.641796
2024-10-13 12:27:14.434: 52 test start:
2024-10-13 12:27:24.126: 52 avg_reward: 1460.5
2024-10-13 12:27:24.127: 52 avg_steps: 513.45
2024-10-13 12:27:24.127: 52 epsilon: 0.1
2024-10-13 12:27:24.127: 52 q: 6.7150187
2024-10-13 12:37:12.947: 53 test start:
2024-10-13 12:37:21.824: 53 avg_reward: 1448.0
2024-10-13 12:37:21.824: 53 avg_steps: 482.95
2024-10-13 12:37:21.824: 53 epsilon: 0.1
2024-10-13 12:37:21.824: 53 q: 6.7778563
2024-10-13 12:47:24.061: 54 test start:
2024-10-13 12:47:33.196: 54 avg_reward: 1398.0
2024-10-13 12:47:33.197: 54 avg_steps: 485.4
2024-10-13 12:47:33.197: 54 epsilon: 0.1
2024-10-13 12:47:33.197: 54 q: 6.935332
2024-10-13 12:57:19.720: 55 test start:
2024-10-13 12:57:28.266: 55 avg_reward: 1313.0
2024-10-13 12:57:28.267: 55 avg_steps: 470.6
2024-10-13 12:57:28.267: 55 epsilon: 0.1
2024-10-13 12:57:28.267: 55 q: 6.9170117
2024-10-13 13:07:30.103: 56 test start:
2024-10-13 13:07:39.681: 56 avg_reward: 1423.0
2024-10-13 13:07:39.681: 56 avg_steps: 499.15
2024-10-13 13:07:39.687: 56 epsilon: 0.1
2024-10-13 13:07:39.687: 56 q: 6.827875
2024-10-13 13:17:27.081: 57 test start:
2024-10-13 13:17:36.253: 57 avg_reward: 1560.5
2024-10-13 13:17:36.253: 57 avg_steps: 507.5
2024-10-13 13:17:36.253: 57 epsilon: 0.1
2024-10-13 13:17:36.254: 57 q: 6.779628
2024-10-13 13:27:45.960: 58 test start:
2024-10-13 13:27:57.264: 58 avg_reward: 1765.5
2024-10-13 13:27:57.264: 58 avg_steps: 601.4
2024-10-13 13:27:57.264: 58 epsilon: 0.1
2024-10-13 13:27:57.264: 58 q: 6.810983
2024-10-13 13:37:37.430: 59 test start:
2024-10-13 13:37:47.126: 59 avg_reward: 1508.0
2024-10-13 13:37:47.126: 59 avg_steps: 528.9
2024-10-13 13:37:47.126: 59 epsilon: 0.1
2024-10-13 13:37:47.127: 59 q: 6.8343506
2024-10-13 13:48:01.127: 60 test start:
2024-10-13 13:48:09.901: 60 avg_reward: 1333.0
2024-10-13 13:48:09.901: 60 avg_steps: 463.5
2024-10-13 13:48:09.901: 60 epsilon: 0.1
2024-10-13 13:48:09.901: 60 q: 6.760766
2024-10-13 13:57:50.525: 61 test start:
2024-10-13 13:58:01.126: 61 avg_reward: 1708.0
2024-10-13 13:58:01.126: 61 avg_steps: 581.35
2024-10-13 13:58:01.126: 61 epsilon: 0.1
2024-10-13 13:58:01.126: 61 q: 6.814882
2024-10-13 14:08:12.076: 62 test start:
2024-10-13 14:08:23.331: 62 avg_reward: 1818.0
2024-10-13 14:08:23.332: 62 avg_steps: 593.8
2024-10-13 14:08:23.332: 62 epsilon: 0.1
2024-10-13 14:08:23.332: 62 q: 6.8188186
2024-10-13 14:18:00.688: 63 test start:
2024-10-13 14:18:10.543: 63 avg_reward: 1433.0
2024-10-13 14:18:10.543: 63 avg_steps: 521.25
2024-10-13 14:18:10.549: 63 epsilon: 0.1
2024-10-13 14:18:10.549: 63 q: 6.831508
2024-10-13 14:28:22.639: 64 test start:
2024-10-13 14:28:32.413: 64 avg_reward: 1665.5
2024-10-13 14:28:32.414: 64 avg_steps: 540.65
2024-10-13 14:28:32.414: 64 epsilon: 0.1
2024-10-13 14:28:32.414: 64 q: 6.923055
2024-10-13 14:38:12.111: 65 test start:
2024-10-13 14:38:21.458: 65 avg_reward: 1510.5
2024-10-13 14:38:21.458: 65 avg_steps: 497.75
2024-10-13 14:38:21.458: 65 epsilon: 0.1
2024-10-13 14:38:21.458: 65 q: 7.019258
2024-10-13 14:48:33.436: 66 test start:
2024-10-13 14:48:42.133: 66 avg_reward: 1580.5
2024-10-13 14:48:42.134: 66 avg_steps: 488.95
2024-10-13 14:48:42.134: 66 epsilon: 0.1
2024-10-13 14:48:42.134: 66 q: 7.17922
2024-10-13 14:58:29.256: 67 test start:
2024-10-13 14:58:38.753: 67 avg_reward: 1613.0
2024-10-13 14:58:38.753: 67 avg_steps: 525.5
2024-10-13 14:58:38.753: 67 epsilon: 0.1
2024-10-13 14:58:38.754: 67 q: 7.162499
2024-10-13 15:08:49.203: 68 test start:
2024-10-13 15:08:56.936: 68 avg_reward: 1233.0
2024-10-13 15:08:56.936: 68 avg_steps: 432.9
2024-10-13 15:08:56.936: 68 epsilon: 0.1
2024-10-13 15:08:56.936: 68 q: 7.1405754
2024-10-13 15:18:39.418: 69 test start:
2024-10-13 15:18:49.447: 69 avg_reward: 1555.5
2024-10-13 15:18:49.447: 69 avg_steps: 533.65
2024-10-13 15:18:49.447: 69 epsilon: 0.1
2024-10-13 15:18:49.447: 69 q: 7.2124286
2024-10-13 15:28:54.584: 70 test start:
2024-10-13 15:29:03.299: 70 avg_reward: 1305.5
2024-10-13 15:29:03.299: 70 avg_steps: 478.55
2024-10-13 15:29:03.304: 70 epsilon: 0.1
2024-10-13 15:29:03.305: 70 q: 7.1621957
2024-10-13 15:38:57.678: 71 test start:
2024-10-13 15:39:07.474: 71 avg_reward: 1633.0
2024-10-13 15:39:07.474: 71 avg_steps: 537.25
2024-10-13 15:39:07.474: 71 epsilon: 0.1
2024-10-13 15:39:07.474: 71 q: 7.237536
2024-10-13 15:49:07.080: 72 test start:
2024-10-13 15:49:16.774: 72 avg_reward: 1493.0
2024-10-13 15:49:16.775: 72 avg_steps: 531.0
2024-10-13 15:49:16.775: 72 epsilon: 0.1
2024-10-13 15:49:16.775: 72 q: 7.340044
2024-10-13 15:59:15.020: 73 test start:
2024-10-13 15:59:25.040: 73 avg_reward: 1528.0
2024-10-13 15:59:25.041: 73 avg_steps: 535.2
2024-10-13 15:59:25.041: 73 epsilon: 0.1
2024-10-13 15:59:25.041: 73 q: 7.4586563
2024-10-13 16:09:20.889: 74 test start:
2024-10-13 16:09:28.530: 74 avg_reward: 1135.5
2024-10-13 16:09:28.530: 74 avg_steps: 427.5
2024-10-13 16:09:28.530: 74 epsilon: 0.1
2024-10-13 16:09:28.530: 74 q: 7.497788
2024-10-13 16:19:36.335: 75 test start:
2024-10-13 16:19:44.969: 75 avg_reward: 1218.0
2024-10-13 16:19:44.969: 75 avg_steps: 458.4
2024-10-13 16:19:44.969: 75 epsilon: 0.1
2024-10-13 16:19:44.969: 75 q: 7.5004425
2024-10-13 16:29:30.772: 76 test start:
2024-10-13 16:29:39.695: 76 avg_reward: 1428.0
2024-10-13 16:29:39.696: 76 avg_steps: 505.0
2024-10-13 16:29:39.696: 76 epsilon: 0.1
2024-10-13 16:29:39.696: 76 q: 7.5741143
2024-10-13 16:39:55.156: 77 test start:
2024-10-13 16:40:04.733: 77 avg_reward: 1455.5
2024-10-13 16:40:04.734: 77 avg_steps: 515.4
2024-10-13 16:40:04.734: 77 epsilon: 0.1
2024-10-13 16:40:04.734: 77 q: 7.684632
2024-10-13 16:49:47.023: 78 test start:
2024-10-13 16:49:56.274: 78 avg_reward: 1543.0
2024-10-13 16:49:56.274: 78 avg_steps: 513.6
2024-10-13 16:49:56.275: 78 epsilon: 0.1
2024-10-13 16:49:56.275: 78 q: 7.767073
2024-10-13 17:00:11.219: 79 test start:
2024-10-13 17:00:20.153: 79 avg_reward: 1400.5
2024-10-13 17:00:20.153: 79 avg_steps: 476.05
2024-10-13 17:00:20.153: 79 epsilon: 0.1
2024-10-13 17:00:20.154: 79 q: 7.770408
2024-10-13 17:09:58.997: 80 test start:
2024-10-13 17:10:08.312: 80 avg_reward: 1413.0
2024-10-13 17:10:08.313: 80 avg_steps: 495.95
2024-10-13 17:10:08.313: 80 epsilon: 0.1
2024-10-13 17:10:08.313: 80 q: 7.8335204
2024-10-13 17:20:27.091: 81 test start:
2024-10-13 17:20:36.475: 81 avg_reward: 1470.5
2024-10-13 17:20:36.476: 81 avg_steps: 518.9
2024-10-13 17:20:36.476: 81 epsilon: 0.1
2024-10-13 17:20:36.476: 81 q: 7.775182
2024-10-13 17:30:20.328: 82 test start:
2024-10-13 17:30:29.540: 82 avg_reward: 1433.0
2024-10-13 17:30:29.540: 82 avg_steps: 497.8
2024-10-13 17:30:29.540: 82 epsilon: 0.1
2024-10-13 17:30:29.540: 82 q: 7.783258
2024-10-13 17:40:35.331: 83 test start:
2024-10-13 17:40:45.246: 83 avg_reward: 1630.5
2024-10-13 17:40:45.246: 83 avg_steps: 549.05
2024-10-13 17:40:45.246: 83 epsilon: 0.1
2024-10-13 17:40:45.246: 83 q: 7.812059
2024-10-13 17:50:31.423: 84 test start:
2024-10-13 17:50:40.510: 84 avg_reward: 1425.5
2024-10-13 17:50:40.511: 84 avg_steps: 485.4
2024-10-13 17:50:40.511: 84 epsilon: 0.1
2024-10-13 17:50:40.511: 84 q: 7.772885
2024-10-13 18:00:48.464: 85 test start:
2024-10-13 18:00:55.414: 85 avg_reward: 900.5
2024-10-13 18:00:55.414: 85 avg_steps: 391.05
2024-10-13 18:00:55.414: 85 epsilon: 0.1
2024-10-13 18:00:55.414: 85 q: 7.82946
2024-10-13 18:10:50.520: 86 test start:
2024-10-13 18:10:59.475: 86 avg_reward: 1318.0
2024-10-13 18:10:59.476: 86 avg_steps: 483.1
2024-10-13 18:10:59.476: 86 epsilon: 0.1
2024-10-13 18:10:59.476: 86 q: 7.7448764
2024-10-13 18:20:59.776: 87 test start:
2024-10-13 18:21:07.904: 87 avg_reward: 1380.5
2024-10-13 18:21:07.904: 87 avg_steps: 456.05
2024-10-13 18:21:07.904: 87 epsilon: 0.1
2024-10-13 18:21:07.904: 87 q: 7.6938524
2024-10-13 18:31:05.520: 88 test start:
2024-10-13 18:31:14.629: 88 avg_reward: 1453.0
2024-10-13 18:31:14.629: 88 avg_steps: 489.95
2024-10-13 18:31:14.629: 88 epsilon: 0.1
2024-10-13 18:31:14.629: 88 q: 7.6969543
2024-10-13 18:41:08.747: 89 test start:
2024-10-13 18:41:17.470: 89 avg_reward: 1380.5
2024-10-13 18:41:17.471: 89 avg_steps: 481.15
2024-10-13 18:41:17.471: 89 epsilon: 0.1
2024-10-13 18:41:17.471: 89 q: 7.6735625
2024-10-13 18:51:18.473: 90 test start:
2024-10-13 18:51:27.804: 90 avg_reward: 1440.5
2024-10-13 18:51:27.805: 90 avg_steps: 499.3
2024-10-13 18:51:27.805: 90 epsilon: 0.1
2024-10-13 18:51:27.805: 90 q: 7.686627
2024-10-13 19:01:18.159: 91 test start:
2024-10-13 19:01:27.802: 91 avg_reward: 1483.0
2024-10-13 19:01:27.803: 91 avg_steps: 531.9
2024-10-13 19:01:27.803: 91 epsilon: 0.1
2024-10-13 19:01:27.803: 91 q: 7.6608195
2024-10-13 19:11:34.572: 92 test start:
2024-10-13 19:11:43.090: 92 avg_reward: 1205.5
2024-10-13 19:11:43.090: 92 avg_steps: 466.45
2024-10-13 19:11:43.091: 92 epsilon: 0.1
2024-10-13 19:11:43.091: 92 q: 7.534956
2024-10-13 19:21:30.593: 93 test start:
2024-10-13 19:21:40.893: 93 avg_reward: 1593.0
2024-10-13 19:21:40.894: 93 avg_steps: 568.35
2024-10-13 19:21:40.894: 93 epsilon: 0.1
2024-10-13 19:21:40.894: 93 q: 7.604375
2024-10-13 19:31:46.377: 94 test start:
2024-10-13 19:31:54.783: 94 avg_reward: 1058.0
2024-10-13 19:31:54.783: 94 avg_steps: 449.85
2024-10-13 19:31:54.784: 94 epsilon: 0.1
2024-10-13 19:31:54.784: 94 q: 7.5120716
2024-10-13 19:41:45.291: 95 test start:
2024-10-13 19:41:56.287: 95 avg_reward: 1765.5
2024-10-13 19:41:56.287: 95 avg_steps: 622.2
2024-10-13 19:41:56.287: 95 epsilon: 0.1
2024-10-13 19:41:56.287: 95 q: 7.6781616
2024-10-13 19:52:01.365: 96 test start:
2024-10-13 19:52:14.849: 96 avg_reward: 2018.0
2024-10-13 19:52:14.849: 96 avg_steps: 713.0
2024-10-13 19:52:14.849: 96 epsilon: 0.1
2024-10-13 19:52:14.849: 96 q: 7.625685
2024-10-13 20:02:30.486: 97 test start:
2024-10-13 20:02:40.359: 97 avg_reward: 1445.5
2024-10-13 20:02:40.360: 97 avg_steps: 523.85
2024-10-13 20:02:40.360: 97 epsilon: 0.1
2024-10-13 20:02:40.360: 97 q: 7.4693465
2024-10-13 20:12:57.441: 98 test start:
2024-10-13 20:13:09.885: 98 avg_reward: 1898.0
2024-10-13 20:13:09.885: 98 avg_steps: 664.65
2024-10-13 20:13:09.885: 98 epsilon: 0.1
2024-10-13 20:13:09.885: 98 q: 7.523271
2024-10-13 20:23:24.369: 99 test start:
2024-10-13 20:23:35.313: 99 avg_reward: 1585.5
2024-10-13 20:23:35.313: 99 avg_steps: 583.85
2024-10-13 20:23:35.313: 99 epsilon: 0.1
2024-10-13 20:23:35.313: 99 q: 7.5673103
2024-10-13 20:33:46.382: 100 test start:
2024-10-13 20:33:56.855: 100 avg_reward: 1498.0
2024-10-13 20:33:56.855: 100 avg_steps: 560.7
2024-10-13 20:33:56.855: 100 epsilon: 0.1
2024-10-13 20:33:56.855: 100 q: 7.388382
2024-10-13 20:44:10.960: 101 test start:
2024-10-13 20:44:23.020: 101 avg_reward: 1950.5
2024-10-13 20:44:23.020: 101 avg_steps: 647.8
2024-10-13 20:44:23.020: 101 epsilon: 0.1
2024-10-13 20:44:23.020: 101 q: 7.30579
2024-10-13 20:54:40.006: 102 test start:
2024-10-13 20:54:47.885: 102 avg_reward: 835.5
2024-10-13 20:54:47.885: 102 avg_steps: 416.9
2024-10-13 20:54:47.885: 102 epsilon: 0.1
2024-10-13 20:54:47.885: 102 q: 7.340252
2024-10-13 21:05:05.073: 103 test start:
2024-10-13 21:05:15.749: 103 avg_reward: 1688.0
2024-10-13 21:05:15.749: 103 avg_steps: 570.75
2024-10-13 21:05:15.749: 103 epsilon: 0.1
2024-10-13 21:05:15.749: 103 q: 7.373497
2024-10-13 21:15:34.833: 104 test start:
2024-10-13 21:15:44.495: 104 avg_reward: 1383.0
2024-10-13 21:15:44.495: 104 avg_steps: 523.6
2024-10-13 21:15:44.495: 104 epsilon: 0.1
2024-10-13 21:15:44.495: 104 q: 7.3305535
2024-10-13 21:26:05.253: 105 test start:
2024-10-13 21:26:15.819: 105 avg_reward: 1588.0
2024-10-13 21:26:15.819: 105 avg_steps: 563.7
2024-10-13 21:26:15.825: 105 epsilon: 0.1
2024-10-13 21:26:15.825: 105 q: 7.412125
2024-10-13 21:36:36.997: 106 test start:
2024-10-13 21:36:47.070: 106 avg_reward: 1580.5
2024-10-13 21:36:47.071: 106 avg_steps: 558.0
2024-10-13 21:36:47.071: 106 epsilon: 0.1
2024-10-13 21:36:47.071: 106 q: 7.398511
2024-10-13 21:47:03.787: 107 test start:
2024-10-13 21:47:14.072: 107 avg_reward: 1480.5
2024-10-13 21:47:14.072: 107 avg_steps: 557.05
2024-10-13 21:47:14.072: 107 epsilon: 0.1
2024-10-13 21:47:14.072: 107 q: 7.4174666
2024-10-13 21:57:32.322: 108 test start:
2024-10-13 21:57:43.157: 108 avg_reward: 1715.5
2024-10-13 21:57:43.157: 108 avg_steps: 585.55
2024-10-13 21:57:43.157: 108 epsilon: 0.1
2024-10-13 21:57:43.157: 108 q: 7.3852897
2024-10-13 22:07:59.790: 109 test start:
2024-10-13 22:08:10.407: 109 avg_reward: 1658.0
2024-10-13 22:08:10.408: 109 avg_steps: 569.9
2024-10-13 22:08:10.408: 109 epsilon: 0.1
2024-10-13 22:08:10.408: 109 q: 7.4309883
2024-10-13 22:18:27.201: 110 test start:
2024-10-13 22:18:36.275: 110 avg_reward: 1428.0
2024-10-13 22:18:36.276: 110 avg_steps: 487.6
2024-10-13 22:18:36.276: 110 epsilon: 0.1
2024-10-13 22:18:36.276: 110 q: 7.560503
2024-10-13 22:28:48.046: 111 test start:
2024-10-13 22:29:01.036: 111 avg_reward: 2070.5
2024-10-13 22:29:01.036: 111 avg_steps: 692.25
2024-10-13 22:29:01.036: 111 epsilon: 0.1
2024-10-13 22:29:01.036: 111 q: 7.52883
2024-10-13 22:39:16.895: 112 test start:
2024-10-13 22:39:25.383: 112 avg_reward: 1223.0
2024-10-13 22:39:25.384: 112 avg_steps: 450.45
2024-10-13 22:39:25.384: 112 epsilon: 0.1
2024-10-13 22:39:25.384: 112 q: 7.542464
2024-10-13 22:49:40.042: 113 test start:
2024-10-13 22:49:50.791: 113 avg_reward: 1685.5
2024-10-13 22:49:50.791: 113 avg_steps: 574.2
2024-10-13 22:49:50.791: 113 epsilon: 0.1
2024-10-13 22:49:50.791: 113 q: 7.417421
2024-10-13 23:00:09.688: 114 test start:
2024-10-13 23:00:21.280: 114 avg_reward: 1815.5
2024-10-13 23:00:21.280: 114 avg_steps: 611.0
2024-10-13 23:00:21.280: 114 epsilon: 0.1
2024-10-13 23:00:21.281: 114 q: 7.4198294
2024-10-13 23:10:35.432: 115 test start:
2024-10-13 23:10:46.917: 115 avg_reward: 1770.5
2024-10-13 23:10:46.917: 115 avg_steps: 612.2
2024-10-13 23:10:46.917: 115 epsilon: 0.1
2024-10-13 23:10:46.917: 115 q: 7.4762306
2024-10-13 23:21:07.673: 116 test start:
2024-10-13 23:21:16.758: 116 avg_reward: 1398.0
2024-10-13 23:21:16.759: 116 avg_steps: 497.55
2024-10-13 23:21:16.759: 116 epsilon: 0.1
2024-10-13 23:21:16.759: 116 q: 7.5679526
2024-10-13 23:31:30.266: 117 test start:
2024-10-13 23:31:42.072: 117 avg_reward: 1850.5
2024-10-13 23:31:42.073: 117 avg_steps: 630.7
2024-10-13 23:31:42.073: 117 epsilon: 0.1
2024-10-13 23:31:42.073: 117 q: 7.5542846
2024-10-13 23:41:56.524: 118 test start:
2024-10-13 23:42:09.035: 118 avg_reward: 1895.5
2024-10-13 23:42:09.036: 118 avg_steps: 660.75
2024-10-13 23:42:09.036: 118 epsilon: 0.1
2024-10-13 23:42:09.036: 118 q: 7.5177317
2024-10-13 23:52:26.082: 119 test start:
2024-10-13 23:52:36.322: 119 avg_reward: 1523.0
2024-10-13 23:52:36.323: 119 avg_steps: 544.0
2024-10-13 23:52:36.323: 119 epsilon: 0.1
2024-10-13 23:52:36.323: 119 q: 7.536128
2024-10-14 00:02:50.912: 120 test start:
2024-10-14 00:02:59.768: 120 avg_reward: 1278.0
2024-10-14 00:02:59.768: 120 avg_steps: 487.4
2024-10-14 00:02:59.768: 120 epsilon: 0.1
2024-10-14 00:02:59.768: 120 q: 7.512259
2024-10-14 00:13:13.850: 121 test start:
2024-10-14 00:13:26.604: 121 avg_reward: 1958.0
2024-10-14 00:13:26.604: 121 avg_steps: 684.85
2024-10-14 00:13:26.604: 121 epsilon: 0.1
2024-10-14 00:13:26.604: 121 q: 7.505426
2024-10-14 00:23:43.824: 122 test start:
2024-10-14 00:23:52.946: 122 avg_reward: 1315.5
2024-10-14 00:23:52.947: 122 avg_steps: 497.5
2024-10-14 00:23:52.947: 122 epsilon: 0.1
2024-10-14 00:23:52.947: 122 q: 7.538214
2024-10-14 00:34:06.152: 123 test start:
2024-10-14 00:34:17.626: 123 avg_reward: 1770.5
2024-10-14 00:34:17.626: 123 avg_steps: 613.4
2024-10-14 00:34:17.626: 123 epsilon: 0.1
2024-10-14 00:34:17.626: 123 q: 7.529593
2024-10-14 00:44:32.623: 124 test start:
2024-10-14 00:44:40.849: 124 avg_reward: 1210.5
2024-10-14 00:44:40.849: 124 avg_steps: 439.85
2024-10-14 00:44:40.849: 124 epsilon: 0.1
2024-10-14 00:44:40.849: 124 q: 7.621927
2024-10-14 00:54:53.524: 125 test start:
2024-10-14 00:55:05.347: 125 avg_reward: 1725.5
2024-10-14 00:55:05.347: 125 avg_steps: 630.85
2024-10-14 00:55:05.347: 125 epsilon: 0.1
2024-10-14 00:55:05.347: 125 q: 7.5414395
2024-10-14 01:05:24.750: 126 test start:
2024-10-14 01:05:35.809: 126 avg_reward: 1730.5
2024-10-14 01:05:35.810: 126 avg_steps: 610.1
2024-10-14 01:05:35.810: 126 epsilon: 0.1
2024-10-14 01:05:35.810: 126 q: 7.657956
2024-10-14 01:15:51.193: 127 test start:
2024-10-14 01:16:04.835: 127 avg_reward: 2183.0
2024-10-14 01:16:04.835: 127 avg_steps: 727.95
2024-10-14 01:16:04.835: 127 epsilon: 0.1
2024-10-14 01:16:04.836: 127 q: 7.7051806
2024-10-14 01:26:18.283: 128 test start:
2024-10-14 01:26:30.774: 128 avg_reward: 1945.5
2024-10-14 01:26:30.775: 128 avg_steps: 679.8
2024-10-14 01:26:30.775: 128 epsilon: 0.1
2024-10-14 01:26:30.775: 128 q: 7.589004
2024-10-14 01:36:55.081: 129 test start:
2024-10-14 01:37:04.826: 129 avg_reward: 1375.5
2024-10-14 01:37:04.826: 129 avg_steps: 521.5
2024-10-14 01:37:04.832: 129 epsilon: 0.1
2024-10-14 01:37:04.832: 129 q: 7.699938
2024-10-14 01:47:21.912: 130 test start:
2024-10-14 01:47:29.869: 130 avg_reward: 963.0
2024-10-14 01:47:29.869: 130 avg_steps: 424.8
2024-10-14 01:47:29.869: 130 epsilon: 0.1
2024-10-14 01:47:29.869: 130 q: 7.6231313
2024-10-14 01:57:52.300: 131 test start:
2024-10-14 01:58:04.661: 131 avg_reward: 2155.5
2024-10-14 01:58:04.661: 131 avg_steps: 695.35
2024-10-14 01:58:04.661: 131 epsilon: 0.1
2024-10-14 01:58:04.661: 131 q: 7.5411925
2024-10-14 02:08:24.460: 132 test start:
2024-10-14 02:08:36.365: 132 avg_reward: 1780.5
2024-10-14 02:08:36.365: 132 avg_steps: 637.6
2024-10-14 02:08:36.365: 132 epsilon: 0.1
2024-10-14 02:08:36.365: 132 q: 7.4658394
2024-10-14 02:18:55.324: 133 test start:
2024-10-14 02:19:08.677: 133 avg_reward: 1905.5
2024-10-14 02:19:08.677: 133 avg_steps: 712.6
2024-10-14 02:19:08.677: 133 epsilon: 0.1
2024-10-14 02:19:08.677: 133 q: 7.479519
2024-10-14 02:29:22.056: 134 test start:
2024-10-14 02:29:32.561: 134 avg_reward: 1578.0
2024-10-14 02:29:32.561: 134 avg_steps: 564.7
2024-10-14 02:29:32.561: 134 epsilon: 0.1
2024-10-14 02:29:32.561: 134 q: 7.4944453
2024-10-14 02:39:46.719: 135 test start:
2024-10-14 02:39:59.943: 135 avg_reward: 2073.0
2024-10-14 02:39:59.943: 135 avg_steps: 715.65
2024-10-14 02:39:59.943: 135 epsilon: 0.1
2024-10-14 02:39:59.944: 135 q: 7.387532
2024-10-14 02:50:12.794: 136 test start:
2024-10-14 02:50:23.258: 136 avg_reward: 1688.0
2024-10-14 02:50:23.259: 136 avg_steps: 577.85
2024-10-14 02:50:23.259: 136 epsilon: 0.1
2024-10-14 02:50:23.259: 136 q: 7.3912053
2024-10-14 03:00:42.488: 137 test start:
2024-10-14 03:00:54.079: 137 avg_reward: 1815.5
2024-10-14 03:00:54.080: 137 avg_steps: 632.05
2024-10-14 03:00:54.080: 137 epsilon: 0.1
2024-10-14 03:00:54.080: 137 q: 7.2763433
2024-10-14 03:11:08.319: 138 test start:
2024-10-14 03:11:22.119: 138 avg_reward: 2308.0
2024-10-14 03:11:22.120: 138 avg_steps: 763.5
2024-10-14 03:11:22.120: 138 epsilon: 0.1
2024-10-14 03:11:22.120: 138 q: 7.3535233
2024-10-14 03:21:43.039: 139 test start:
2024-10-14 03:21:52.854: 139 avg_reward: 1420.5
2024-10-14 03:21:52.854: 139 avg_steps: 528.9
2024-10-14 03:21:52.854: 139 epsilon: 0.1
2024-10-14 03:21:52.854: 139 q: 7.3635526
2024-10-14 03:32:14.880: 140 test start:
2024-10-14 03:32:24.720: 140 avg_reward: 1365.5
2024-10-14 03:32:24.720: 140 avg_steps: 522.85
2024-10-14 03:32:24.720: 140 epsilon: 0.1
2024-10-14 03:32:24.720: 140 q: 7.485497
2024-10-14 03:42:52.947: 141 test start:
2024-10-14 03:43:04.289: 141 avg_reward: 1740.5
2024-10-14 03:43:04.289: 141 avg_steps: 619.2
2024-10-14 03:43:04.295: 141 epsilon: 0.1
2024-10-14 03:43:04.295: 141 q: 7.546936
2024-10-14 03:53:26.452: 142 test start:
2024-10-14 03:53:36.533: 142 avg_reward: 1538.0
2024-10-14 03:53:36.533: 142 avg_steps: 538.1
2024-10-14 03:53:36.533: 142 epsilon: 0.1
2024-10-14 03:53:36.533: 142 q: 7.6065264
2024-10-14 04:03:56.185: 143 test start:
2024-10-14 04:04:08.494: 143 avg_reward: 1883.0
2024-10-14 04:04:08.495: 143 avg_steps: 655.9
2024-10-14 04:04:08.495: 143 epsilon: 0.1
2024-10-14 04:04:08.495: 143 q: 7.551059
2024-10-14 04:14:27.651: 144 test start:
2024-10-14 04:14:37.823: 144 avg_reward: 1410.5
2024-10-14 04:14:37.823: 144 avg_steps: 541.5
2024-10-14 04:14:37.823: 144 epsilon: 0.1
2024-10-14 04:14:37.824: 144 q: 7.639839
2024-10-14 04:24:55.113: 145 test start:
2024-10-14 04:25:07.135: 145 avg_reward: 1705.5
2024-10-14 04:25:07.136: 145 avg_steps: 633.65
2024-10-14 04:25:07.136: 145 epsilon: 0.1
2024-10-14 04:25:07.136: 145 q: 7.7133436
2024-10-14 04:35:27.181: 146 test start:
2024-10-14 04:35:35.898: 146 avg_reward: 1228.0
2024-10-14 04:35:35.899: 146 avg_steps: 462.35
2024-10-14 04:35:35.899: 146 epsilon: 0.1
2024-10-14 04:35:35.899: 146 q: 7.6384315
2024-10-14 04:46:05.375: 147 test start:
2024-10-14 04:46:15.626: 147 avg_reward: 1788.0
2024-10-14 04:46:15.627: 147 avg_steps: 578.55
2024-10-14 04:46:15.627: 147 epsilon: 0.1
2024-10-14 04:46:15.627: 147 q: 7.5311403
2024-10-14 04:56:38.045: 148 test start:
2024-10-14 04:56:47.945: 148 avg_reward: 1478.0
2024-10-14 04:56:47.945: 148 avg_steps: 525.05
2024-10-14 04:56:47.945: 148 epsilon: 0.1
2024-10-14 04:56:47.945: 148 q: 7.4796944
2024-10-14 05:07:04.032: 149 test start:
2024-10-14 05:07:18.624: 149 avg_reward: 2233.0
2024-10-14 05:07:18.624: 149 avg_steps: 775.45
2024-10-14 05:07:18.624: 149 epsilon: 0.1
2024-10-14 05:07:18.624: 149 q: 7.4779854
2024-10-14 05:17:41.753: 150 test start:
2024-10-14 05:17:53.267: 150 avg_reward: 1768.0
2024-10-14 05:17:53.267: 150 avg_steps: 615.45
2024-10-14 05:17:53.267: 150 epsilon: 0.1
2024-10-14 05:17:53.267: 150 q: 7.5048146
2024-10-14 05:28:17.960: 151 test start:
2024-10-14 05:28:27.685: 151 avg_reward: 1545.5
2024-10-14 05:28:27.685: 151 avg_steps: 520.65
2024-10-14 05:28:27.685: 151 epsilon: 0.1
2024-10-14 05:28:27.685: 151 q: 7.5175085
2024-10-14 05:38:51.636: 152 test start:
2024-10-14 05:39:02.710: 152 avg_reward: 1713.0
2024-10-14 05:39:02.711: 152 avg_steps: 607.85
2024-10-14 05:39:02.711: 152 epsilon: 0.1
2024-10-14 05:39:02.711: 152 q: 7.478034
2024-10-14 05:49:26.870: 153 test start:
2024-10-14 05:49:37.348: 153 avg_reward: 1710.5
2024-10-14 05:49:37.349: 153 avg_steps: 575.25
2024-10-14 05:49:37.349: 153 epsilon: 0.1
2024-10-14 05:49:37.349: 153 q: 7.5651155
2024-10-14 05:59:57.178: 154 test start:
2024-10-14 06:00:08.179: 154 avg_reward: 1650.5
2024-10-14 06:00:08.179: 154 avg_steps: 583.85
2024-10-14 06:00:08.179: 154 epsilon: 0.1
2024-10-14 06:00:08.179: 154 q: 7.567928
2024-10-14 06:10:28.576: 155 test start:
2024-10-14 06:10:39.656: 155 avg_reward: 1728.0
2024-10-14 06:10:39.656: 155 avg_steps: 604.9
2024-10-14 06:10:39.661: 155 epsilon: 0.1
2024-10-14 06:10:39.662: 155 q: 7.4886246
2024-10-14 06:20:58.578: 156 test start:
2024-10-14 06:21:10.318: 156 avg_reward: 1873.0
2024-10-14 06:21:10.318: 156 avg_steps: 651.1
2024-10-14 06:21:10.319: 156 epsilon: 0.1
2024-10-14 06:21:10.319: 156 q: 7.524505
2024-10-14 06:31:28.612: 157 test start:
2024-10-14 06:31:40.561: 157 avg_reward: 1895.5
2024-10-14 06:31:40.562: 157 avg_steps: 666.85
2024-10-14 06:31:40.562: 157 epsilon: 0.1
2024-10-14 06:31:40.562: 157 q: 7.4665356
2024-10-14 06:41:58.068: 158 test start:
2024-10-14 06:42:10.723: 158 avg_reward: 2065.5
2024-10-14 06:42:10.723: 158 avg_steps: 670.75
2024-10-14 06:42:10.723: 158 epsilon: 0.1
2024-10-14 06:42:10.723: 158 q: 7.4998116
2024-10-14 06:52:24.105: 159 test start:
2024-10-14 06:52:34.923: 159 avg_reward: 1740.5
2024-10-14 06:52:34.923: 159 avg_steps: 583.05
2024-10-14 06:52:34.923: 159 epsilon: 0.1
2024-10-14 06:52:34.923: 159 q: 7.499726
2024-10-14 07:02:53.120: 160 test start:
2024-10-14 07:03:02.831: 160 avg_reward: 1570.5
2024-10-14 07:03:02.832: 160 avg_steps: 520.1
2024-10-14 07:03:02.832: 160 epsilon: 0.1
2024-10-14 07:03:02.832: 160 q: 7.4638915
2024-10-14 07:13:17.594: 161 test start:
2024-10-14 07:13:30.724: 161 avg_reward: 2050.5
2024-10-14 07:13:30.725: 161 avg_steps: 696.25
2024-10-14 07:13:30.725: 161 epsilon: 0.1
2024-10-14 07:13:30.725: 161 q: 7.4310007
2024-10-14 07:23:41.912: 162 test start:
2024-10-14 07:23:52.701: 162 avg_reward: 1623.0
2024-10-14 07:23:52.701: 162 avg_steps: 592.7
2024-10-14 07:23:52.701: 162 epsilon: 0.1
2024-10-14 07:23:52.701: 162 q: 7.490406
2024-10-14 07:34:09.163: 163 test start:
2024-10-14 07:34:15.948: 163 avg_reward: 758.0
2024-10-14 07:34:15.948: 163 avg_steps: 359.85
2024-10-14 07:34:15.948: 163 epsilon: 0.1
2024-10-14 07:34:15.948: 163 q: 7.4678326
2024-10-14 07:44:32.210: 164 test start:
2024-10-14 07:44:42.598: 164 avg_reward: 1670.5
2024-10-14 07:44:42.598: 164 avg_steps: 557.85
2024-10-14 07:44:42.598: 164 epsilon: 0.1
2024-10-14 07:44:42.598: 164 q: 7.4642677
2024-10-14 07:54:39.751: 165 test start:
2024-10-14 07:54:49.262: 165 avg_reward: 1450.5
2024-10-14 07:54:49.263: 165 avg_steps: 507.15
2024-10-14 07:54:49.263: 165 epsilon: 0.1
2024-10-14 07:54:49.263: 165 q: 7.489303
2024-10-14 08:05:05.632: 166 test start:
2024-10-14 08:05:14.013: 166 avg_reward: 1300.5
2024-10-14 08:05:14.013: 166 avg_steps: 463.15
2024-10-14 08:05:14.013: 166 epsilon: 0.1
2024-10-14 08:05:14.013: 166 q: 7.4874716
2024-10-14 08:15:06.072: 167 test start:
2024-10-14 08:15:15.753: 167 avg_reward: 1643.0
2024-10-14 08:15:15.754: 167 avg_steps: 534.3
2024-10-14 08:15:15.754: 167 epsilon: 0.1
2024-10-14 08:15:15.754: 167 q: 7.4378104
2024-10-14 08:25:26.977: 168 test start:
2024-10-14 08:25:36.466: 168 avg_reward: 1528.0
2024-10-14 08:25:36.466: 168 avg_steps: 524.15
2024-10-14 08:25:36.466: 168 epsilon: 0.1
2024-10-14 08:25:36.466: 168 q: 7.5145993
2024-10-14 08:35:27.761: 169 test start:
2024-10-14 08:35:36.748: 169 avg_reward: 1375.5
2024-10-14 08:35:36.748: 169 avg_steps: 475.1
2024-10-14 08:35:36.748: 169 epsilon: 0.1
2024-10-14 08:35:36.748: 169 q: 7.5518155
2024-10-14 08:45:37.370: 170 test start:
2024-10-14 08:45:48.478: 170 avg_reward: 1710.5
2024-10-14 08:45:48.478: 170 avg_steps: 610.1
2024-10-14 08:45:48.478: 170 epsilon: 0.1
2024-10-14 08:45:48.478: 170 q: 7.4689755
2024-10-14 08:55:51.666: 171 test start:
2024-10-14 08:56:02.247: 171 avg_reward: 1628.0
2024-10-14 08:56:02.247: 171 avg_steps: 561.3
2024-10-14 08:56:02.247: 171 epsilon: 0.1
2024-10-14 08:56:02.247: 171 q: 7.404926
2024-10-14 09:05:58.903: 172 test start:
2024-10-14 09:06:08.792: 172 avg_reward: 1570.5
2024-10-14 09:06:08.792: 172 avg_steps: 547.55
2024-10-14 09:06:08.792: 172 epsilon: 0.1
2024-10-14 09:06:08.792: 172 q: 7.487732
2024-10-14 09:16:12.784: 173 test start:
2024-10-14 09:16:22.513: 173 avg_reward: 1348.0
2024-10-14 09:16:22.513: 173 avg_steps: 520.2
2024-10-14 09:16:22.513: 173 epsilon: 0.1
2024-10-14 09:16:22.513: 173 q: 7.489249
2024-10-14 09:26:12.529: 174 test start:
2024-10-14 09:26:22.922: 174 avg_reward: 1570.5
2024-10-14 09:26:22.922: 174 avg_steps: 568.2
2024-10-14 09:26:22.922: 174 epsilon: 0.1
2024-10-14 09:26:22.922: 174 q: 7.4331574
2024-10-14 09:36:29.054: 175 test start:
2024-10-14 09:36:39.748: 175 avg_reward: 1430.5
2024-10-14 09:36:39.748: 175 avg_steps: 559.25
2024-10-14 09:36:39.748: 175 epsilon: 0.1
2024-10-14 09:36:39.749: 175 q: 7.363097
2024-10-14 09:46:23.396: 176 test start:
2024-10-14 09:46:38.398: 176 avg_reward: 2465.5
2024-10-14 09:46:38.398: 176 avg_steps: 817.2
2024-10-14 09:46:38.398: 176 epsilon: 0.1
2024-10-14 09:46:38.398: 176 q: 7.422409
2024-10-14 09:56:54.783: 177 test start:
2024-10-14 09:57:06.985: 177 avg_reward: 1970.5
2024-10-14 09:57:06.985: 177 avg_steps: 670.05
2024-10-14 09:57:06.985: 177 epsilon: 0.1
2024-10-14 09:57:06.985: 177 q: 7.4205236
2024-10-14 10:06:47.118: 178 test start:
2024-10-14 10:07:01.256: 178 avg_reward: 2203.0
2024-10-14 10:07:01.256: 178 avg_steps: 779.05
2024-10-14 10:07:01.256: 178 epsilon: 0.1
2024-10-14 10:07:01.256: 178 q: 7.3800235
2024-10-14 10:17:17.922: 179 test start:
2024-10-14 10:17:29.892: 179 avg_reward: 1745.5
2024-10-14 10:17:29.892: 179 avg_steps: 634.4
2024-10-14 10:17:29.892: 179 epsilon: 0.1
2024-10-14 10:17:29.892: 179 q: 7.390477
2024-10-14 10:27:12.212: 180 test start:
2024-10-14 10:27:26.175: 180 avg_reward: 2093.0
2024-10-14 10:27:26.175: 180 avg_steps: 749.95
2024-10-14 10:27:26.175: 180 epsilon: 0.1
2024-10-14 10:27:26.176: 180 q: 7.4348097
2024-10-14 10:37:41.861: 181 test start:
2024-10-14 10:37:54.147: 181 avg_reward: 1863.0
2024-10-14 10:37:54.148: 181 avg_steps: 672.5
2024-10-14 10:37:54.148: 181 epsilon: 0.1
2024-10-14 10:37:54.148: 181 q: 7.4796395
2024-10-14 10:47:40.147: 182 test start:
2024-10-14 10:47:53.886: 182 avg_reward: 2235.5
2024-10-14 10:47:53.886: 182 avg_steps: 743.85
2024-10-14 10:47:53.886: 182 epsilon: 0.1
2024-10-14 10:47:53.886: 182 q: 7.505624
2024-10-14 10:57:56.941: 183 test start:
2024-10-14 10:58:08.916: 183 avg_reward: 1860.5
2024-10-14 10:58:08.916: 183 avg_steps: 654.7
2024-10-14 10:58:08.916: 183 epsilon: 0.1
2024-10-14 10:58:08.916: 183 q: 7.4492397
2024-10-14 11:08:05.392: 184 test start:
2024-10-14 11:08:16.684: 184 avg_reward: 1803.0
2024-10-14 11:08:16.685: 184 avg_steps: 611.65
2024-10-14 11:08:16.685: 184 epsilon: 0.1
2024-10-14 11:08:16.685: 184 q: 7.544628
2024-10-14 11:18:14.133: 185 test start:
2024-10-14 11:18:27.488: 185 avg_reward: 2168.0
2024-10-14 11:18:27.488: 185 avg_steps: 729.55
2024-10-14 11:18:27.488: 185 epsilon: 0.1
2024-10-14 11:18:27.488: 185 q: 7.6153708
2024-10-14 11:28:25.134: 186 test start:
2024-10-14 11:28:36.598: 186 avg_reward: 1720.5
2024-10-14 11:28:36.598: 186 avg_steps: 606.5
2024-10-14 11:28:36.598: 186 epsilon: 0.1
2024-10-14 11:28:36.598: 186 q: 7.6511946
2024-10-14 11:38:36.948: 187 test start:
2024-10-14 11:38:46.088: 187 avg_reward: 1355.5
2024-10-14 11:38:46.088: 187 avg_steps: 499.1
2024-10-14 11:38:46.093: 187 epsilon: 0.1
2024-10-14 11:38:46.094: 187 q: 7.688941
2024-10-14 11:48:45.084: 188 test start:
2024-10-14 11:48:57.494: 188 avg_reward: 1920.5
2024-10-14 11:48:57.494: 188 avg_steps: 661.75
2024-10-14 11:48:57.494: 188 epsilon: 0.1
2024-10-14 11:48:57.494: 188 q: 7.668308
2024-10-14 11:58:49.432: 189 test start:
2024-10-14 11:59:02.753: 189 avg_reward: 2120.5
2024-10-14 11:59:02.753: 189 avg_steps: 730.35
2024-10-14 11:59:02.753: 189 epsilon: 0.1
2024-10-14 11:59:02.753: 189 q: 7.7919636
2024-10-14 12:09:06.182: 190 test start:
2024-10-14 12:09:19.595: 190 avg_reward: 2138.0
2024-10-14 12:09:19.596: 190 avg_steps: 709.2
2024-10-14 12:09:19.601: 190 epsilon: 0.1
2024-10-14 12:09:19.601: 190 q: 7.6736665
2024-10-14 12:19:06.972: 191 test start:
2024-10-14 12:19:16.755: 191 avg_reward: 1328.0
2024-10-14 12:19:16.755: 191 avg_steps: 537.55
2024-10-14 12:19:16.755: 191 epsilon: 0.1
2024-10-14 12:19:16.755: 191 q: 7.692284
2024-10-14 12:29:26.033: 192 test start:
2024-10-14 12:29:37.157: 192 avg_reward: 1788.0
2024-10-14 12:29:37.157: 192 avg_steps: 609.4
2024-10-14 12:29:37.157: 192 epsilon: 0.1
2024-10-14 12:29:37.157: 192 q: 7.6279106
2024-10-14 12:39:18.551: 193 test start:
2024-10-14 12:39:33.552: 193 avg_reward: 2248.0
2024-10-14 12:39:33.553: 193 avg_steps: 814.25
2024-10-14 12:39:33.553: 193 epsilon: 0.1
2024-10-14 12:39:33.553: 193 q: 7.5672345
2024-10-14 12:49:52.386: 194 test start:
2024-10-14 12:50:06.310: 194 avg_reward: 2360.5
2024-10-14 12:50:06.310: 194 avg_steps: 746.5
2024-10-14 12:50:06.310: 194 epsilon: 0.1
2024-10-14 12:50:06.310: 194 q: 7.5432305
2024-10-14 12:59:47.163: 195 test start:
2024-10-14 12:59:57.935: 195 avg_reward: 1793.0
2024-10-14 12:59:57.935: 195 avg_steps: 589.8
2024-10-14 12:59:57.935: 195 epsilon: 0.1
2024-10-14 12:59:57.935: 195 q: 7.5492773
2024-10-14 13:10:15.505: 196 test start:
2024-10-14 13:10:28.151: 196 avg_reward: 1853.0
2024-10-14 13:10:28.151: 196 avg_steps: 708.0
2024-10-14 13:10:28.151: 196 epsilon: 0.1
2024-10-14 13:10:28.151: 196 q: 7.561662
2024-10-14 13:20:13.899: 197 test start:
2024-10-14 13:20:29.193: 197 avg_reward: 2315.5
2024-10-14 13:20:29.194: 197 avg_steps: 809.4
2024-10-14 13:20:29.194: 197 epsilon: 0.1
2024-10-14 13:20:29.194: 197 q: 7.477452
2024-10-14 13:30:34.786: 198 test start:
2024-10-14 13:30:45.227: 198 avg_reward: 1620.5
2024-10-14 13:30:45.227: 198 avg_steps: 567.9
2024-10-14 13:30:45.227: 198 epsilon: 0.1
2024-10-14 13:30:45.227: 198 q: 7.5259743
2024-10-14 13:40:29.572: 199 test start:
2024-10-14 13:40:41.220: 199 avg_reward: 1818.0
2024-10-14 13:40:41.221: 199 avg_steps: 637.0
2024-10-14 13:40:41.221: 199 epsilon: 0.1
2024-10-14 13:40:41.221: 199 q: 7.499303
2024-10-14 13:50:46.448: 200 test start:
2024-10-14 13:50:58.618: 200 avg_reward: 1983.0
2024-10-14 13:50:58.618: 200 avg_steps: 666.25
2024-10-14 13:50:58.618: 200 epsilon: 0.1
2024-10-14 13:50:58.618: 200 q: 7.505882
