2024-10-14 17:48:37.881: 
parameters:agent_test_episodes: 20
batch_num_per_epoch: 250000
device: cuda:0
env_name: ALE/WizardOfWor-v5
epsilon_for_test: 0.05
epsilon_max: 1.0
epsilon_min: 0.1
exp_name: ALE-WizardOfWor-v5_2024-10-14-17-48-37
exp_path: ../exps/dqn/
exploration_steps: 1000000
gamma: 0.99
held_out_states_num: 1000
learning_rate: 0.00025
mini_batch_size: 32
model_update_freq: 4
n_times: 5
no_op_max: 30
phi_channel: 4
replay_buffer_size: 1000000
replay_start_size: 50000
save_model: true
screen_size: 84
seed: 0
skip_k_frame: 4
step_c: 10000
training_steps: 50000000

2024-10-14 17:48:37.941: env id: ALE/WizardOfWor-v5 |repeat_action_probability: 0 
2024-10-14 17:48:37.941: screen_size: 84 | grayscale_obs:True 
scale_obs:False | action space size: 10
remove flickering: True | frame skip: 4
state space shape: (210, 160, 3) 
2024-10-14 17:48:37.961: optimizer: RMSprop (
Parameter Group 0
    alpha: 0.95
    centered: False
    differentiable: False
    eps: 0.01
    foreach: None
    lr: 0.00025
    maximize: False
    momentum: 0
    weight_decay: 0
)
2024-10-14 17:57:36.896: 1 test start:
2024-10-14 17:57:54.529: 1 avg_reward: 217.0
2024-10-14 17:57:54.530: 1 avg_steps: 945.95
2024-10-14 17:57:54.530: 1 epsilon: 0.8195815
2024-10-14 17:57:54.530: 1 q: 0.084869675
2024-10-14 18:07:39.129: 2 test start:
2024-10-14 18:07:53.877: 2 avg_reward: 377.0
2024-10-14 18:07:53.877: 2 avg_steps: 803.05
2024-10-14 18:07:53.877: 2 epsilon: 0.5949055
2024-10-14 18:07:53.877: 2 q: 0.12661366
2024-10-14 18:17:58.667: 3 test start:
2024-10-14 18:18:06.024: 3 avg_reward: 152.0
2024-10-14 18:18:06.024: 3 avg_steps: 394.05
2024-10-14 18:18:06.024: 3 epsilon: 0.36970749999999997
2024-10-14 18:18:06.024: 3 q: 0.15641312
2024-10-14 18:27:47.968: 4 test start:
2024-10-14 18:28:02.258: 4 avg_reward: 197.0
2024-10-14 18:28:02.258: 4 avg_steps: 770.45
2024-10-14 18:28:02.259: 4 epsilon: 0.14404329999999999
2024-10-14 18:28:02.259: 4 q: 0.22916406
2024-10-14 18:38:01.760: 5 test start:
2024-10-14 18:38:15.834: 5 avg_reward: 157.0
2024-10-14 18:38:15.834: 5 avg_steps: 783.2
2024-10-14 18:38:15.834: 5 epsilon: 0.1
2024-10-14 18:38:15.834: 5 q: 0.2549447
2024-10-14 18:48:07.818: 6 test start:
2024-10-14 18:48:19.362: 6 avg_reward: 77.0
2024-10-14 18:48:19.363: 6 avg_steps: 604.45
2024-10-14 18:48:19.363: 6 epsilon: 0.1
2024-10-14 18:48:19.363: 6 q: 0.26498967
2024-10-14 18:58:16.429: 7 test start:
2024-10-14 18:58:30.319: 7 avg_reward: 132.0
2024-10-14 18:58:30.319: 7 avg_steps: 752.7
2024-10-14 18:58:30.319: 7 epsilon: 0.1
2024-10-14 18:58:30.319: 7 q: 0.3376653
2024-10-14 19:08:28.256: 8 test start:
2024-10-14 19:08:44.216: 8 avg_reward: 207.0
2024-10-14 19:08:44.216: 8 avg_steps: 836.55
2024-10-14 19:08:44.216: 8 epsilon: 0.1
2024-10-14 19:08:44.216: 8 q: 0.3561976
2024-10-14 19:18:38.905: 9 test start:
2024-10-14 19:18:52.368: 9 avg_reward: 207.0
2024-10-14 19:18:52.368: 9 avg_steps: 713.7
2024-10-14 19:18:52.368: 9 epsilon: 0.1
2024-10-14 19:18:52.368: 9 q: 0.38131493
2024-10-14 19:29:06.184: 10 test start:
2024-10-14 19:29:16.006: 10 avg_reward: 77.0
2024-10-14 19:29:16.007: 10 avg_steps: 516.7
2024-10-14 19:29:16.007: 10 epsilon: 0.1
2024-10-14 19:29:16.007: 10 q: 0.39803576
2024-10-14 19:39:08.761: 11 test start:
2024-10-14 19:39:25.380: 11 avg_reward: 212.0
2024-10-14 19:39:25.380: 11 avg_steps: 882.8
2024-10-14 19:39:25.380: 11 epsilon: 0.1
2024-10-14 19:39:25.381: 11 q: 0.4069922
2024-10-14 19:49:43.275: 12 test start:
2024-10-14 19:50:00.575: 12 avg_reward: 282.0
2024-10-14 19:50:00.575: 12 avg_steps: 918.15
2024-10-14 19:50:00.575: 12 epsilon: 0.1
2024-10-14 19:50:00.575: 12 q: 0.4210052
2024-10-14 19:59:49.832: 13 test start:
2024-10-14 20:00:10.390: 13 avg_reward: 257.0
2024-10-14 20:00:10.390: 13 avg_steps: 1063.95
2024-10-14 20:00:10.390: 13 epsilon: 0.1
2024-10-14 20:00:10.390: 13 q: 0.45131963
2024-10-14 20:10:32.310: 14 test start:
2024-10-14 20:10:43.785: 14 avg_reward: 222.0
2024-10-14 20:10:43.785: 14 avg_steps: 604.6
2024-10-14 20:10:43.785: 14 epsilon: 0.1
2024-10-14 20:10:43.785: 14 q: 0.44952372
2024-10-14 20:20:34.722: 15 test start:
2024-10-14 20:20:53.485: 15 avg_reward: 507.0
2024-10-14 20:20:53.486: 15 avg_steps: 970.5
2024-10-14 20:20:53.486: 15 epsilon: 0.1
2024-10-14 20:20:53.486: 15 q: 0.4633776
2024-10-14 20:31:09.648: 16 test start:
2024-10-14 20:31:29.013: 16 avg_reward: 297.0
2024-10-14 20:31:29.013: 16 avg_steps: 1024.15
2024-10-14 20:31:29.013: 16 epsilon: 0.1
2024-10-14 20:31:29.014: 16 q: 0.5069592
2024-10-14 20:41:25.863: 17 test start:
2024-10-14 20:41:44.772: 17 avg_reward: 277.0
2024-10-14 20:41:44.773: 17 avg_steps: 967.15
2024-10-14 20:41:44.773: 17 epsilon: 0.1
2024-10-14 20:41:44.773: 17 q: 0.52155346
2024-10-14 20:51:56.454: 18 test start:
2024-10-14 20:52:13.670: 18 avg_reward: 277.0
2024-10-14 20:52:13.671: 18 avg_steps: 910.4
2024-10-14 20:52:13.676: 18 epsilon: 0.1
2024-10-14 20:52:13.676: 18 q: 0.5216886
2024-10-14 21:02:13.465: 19 test start:
2024-10-14 21:02:25.799: 19 avg_reward: 317.0
2024-10-14 21:02:25.800: 19 avg_steps: 632.55
2024-10-14 21:02:25.800: 19 epsilon: 0.1
2024-10-14 21:02:25.800: 19 q: 0.52876186
2024-10-14 21:12:34.408: 20 test start:
2024-10-14 21:12:53.554: 20 avg_reward: 277.0
2024-10-14 21:12:53.554: 20 avg_steps: 1024.0
2024-10-14 21:12:53.554: 20 epsilon: 0.1
2024-10-14 21:12:53.554: 20 q: 0.554879
2024-10-14 21:22:55.949: 21 test start:
2024-10-14 21:23:08.004: 21 avg_reward: 317.0
2024-10-14 21:23:08.004: 21 avg_steps: 687.2
2024-10-14 21:23:08.004: 21 epsilon: 0.1
2024-10-14 21:23:08.004: 21 q: 0.6120864
2024-10-14 21:33:15.484: 22 test start:
2024-10-14 21:33:28.476: 22 avg_reward: 242.0
2024-10-14 21:33:28.477: 22 avg_steps: 680.4
2024-10-14 21:33:28.477: 22 epsilon: 0.1
2024-10-14 21:33:28.477: 22 q: 0.63323003
2024-10-14 21:43:49.637: 23 test start:
2024-10-14 21:44:03.162: 23 avg_reward: 437.0
2024-10-14 21:44:03.162: 23 avg_steps: 686.85
2024-10-14 21:44:03.162: 23 epsilon: 0.1
2024-10-14 21:44:03.162: 23 q: 0.6905039
2024-10-14 21:54:09.955: 24 test start:
2024-10-14 21:54:25.979: 24 avg_reward: 282.0
2024-10-14 21:54:25.980: 24 avg_steps: 832.45
2024-10-14 21:54:25.980: 24 epsilon: 0.1
2024-10-14 21:54:25.980: 24 q: 0.72734046
2024-10-14 22:04:52.533: 25 test start:
2024-10-14 22:05:18.816: 25 avg_reward: 707.0
2024-10-14 22:05:18.816: 25 avg_steps: 1395.5
2024-10-14 22:05:18.816: 25 epsilon: 0.1
2024-10-14 22:05:18.816: 25 q: 0.7751528
2024-10-14 22:15:18.640: 26 test start:
2024-10-14 22:15:39.451: 26 avg_reward: 257.0
2024-10-14 22:15:39.452: 26 avg_steps: 1150.4
2024-10-14 22:15:39.452: 26 epsilon: 0.1
2024-10-14 22:15:39.452: 26 q: 0.84329474
2024-10-14 22:26:14.335: 27 test start:
2024-10-14 22:26:27.672: 27 avg_reward: 472.0
2024-10-14 22:26:27.672: 27 avg_steps: 718.0
2024-10-14 22:26:27.672: 27 epsilon: 0.1
2024-10-14 22:26:27.672: 27 q: 0.82950735
2024-10-14 22:36:31.121: 28 test start:
2024-10-14 22:36:54.355: 28 avg_reward: 287.0
2024-10-14 22:36:54.355: 28 avg_steps: 1208.85
2024-10-14 22:36:54.355: 28 epsilon: 0.1
2024-10-14 22:36:54.355: 28 q: 0.9027407
2024-10-14 22:47:14.270: 29 test start:
2024-10-14 22:47:49.975: 29 avg_reward: 472.0
2024-10-14 22:47:49.975: 29 avg_steps: 1877.85
2024-10-14 22:47:49.976: 29 epsilon: 0.1
2024-10-14 22:47:49.976: 29 q: 0.90085316
2024-10-14 22:57:56.942: 30 test start:
2024-10-14 22:58:08.728: 30 avg_reward: 232.0
2024-10-14 22:58:08.728: 30 avg_steps: 591.15
2024-10-14 22:58:08.728: 30 epsilon: 0.1
2024-10-14 22:58:08.728: 30 q: 0.9885072
2024-10-14 23:08:26.693: 31 test start:
2024-10-14 23:09:04.852: 31 avg_reward: 622.0
2024-10-14 23:09:04.852: 31 avg_steps: 2008.65
2024-10-14 23:09:04.852: 31 epsilon: 0.1
2024-10-14 23:09:04.852: 31 q: 0.9913924
2024-10-14 23:19:16.926: 32 test start:
2024-10-14 23:19:41.196: 32 avg_reward: 452.0
2024-10-14 23:19:41.196: 32 avg_steps: 1240.65
2024-10-14 23:19:41.196: 32 epsilon: 0.1
2024-10-14 23:19:41.196: 32 q: 1.0133051
2024-10-14 23:29:50.962: 33 test start:
2024-10-14 23:30:07.308: 33 avg_reward: 237.0
2024-10-14 23:30:07.309: 33 avg_steps: 856.7
2024-10-14 23:30:07.309: 33 epsilon: 0.1
2024-10-14 23:30:07.309: 33 q: 1.0824074
2024-10-14 23:40:24.920: 34 test start:
2024-10-14 23:40:45.547: 34 avg_reward: 717.0
2024-10-14 23:40:45.548: 34 avg_steps: 1053.65
2024-10-14 23:40:45.553: 34 epsilon: 0.1
2024-10-14 23:40:45.553: 34 q: 1.058312
2024-10-14 23:50:52.212: 35 test start:
2024-10-14 23:51:20.066: 35 avg_reward: 877.0
2024-10-14 23:51:20.066: 35 avg_steps: 1453.4
2024-10-14 23:51:20.066: 35 epsilon: 0.1
2024-10-14 23:51:20.066: 35 q: 1.1909007
2024-10-15 00:01:41.613: 36 test start:
2024-10-15 00:02:04.538: 36 avg_reward: 877.0
2024-10-15 00:02:04.538: 36 avg_steps: 1160.5
2024-10-15 00:02:04.538: 36 epsilon: 0.1
2024-10-15 00:02:04.538: 36 q: 1.2102358
2024-10-15 00:12:01.262: 37 test start:
2024-10-15 00:12:33.086: 37 avg_reward: 1397.0
2024-10-15 00:12:33.086: 37 avg_steps: 1650.95
2024-10-15 00:12:33.086: 37 epsilon: 0.1
2024-10-15 00:12:33.086: 37 q: 1.3111421
2024-10-15 00:23:03.067: 38 test start:
2024-10-15 00:23:31.869: 38 avg_reward: 1007.0
2024-10-15 00:23:31.869: 38 avg_steps: 1470.6
2024-10-15 00:23:31.869: 38 epsilon: 0.1
2024-10-15 00:23:31.869: 38 q: 1.3796885
2024-10-15 00:33:29.230: 39 test start:
2024-10-15 00:33:49.263: 39 avg_reward: 702.0
2024-10-15 00:33:49.263: 39 avg_steps: 1031.0
2024-10-15 00:33:49.263: 39 epsilon: 0.1
2024-10-15 00:33:49.263: 39 q: 1.4236803
2024-10-15 00:44:10.756: 40 test start:
2024-10-15 00:44:44.249: 40 avg_reward: 1142.0
2024-10-15 00:44:44.249: 40 avg_steps: 1764.7
2024-10-15 00:44:44.249: 40 epsilon: 0.1
2024-10-15 00:44:44.249: 40 q: 1.4405226
2024-10-15 00:54:46.817: 41 test start:
2024-10-15 00:54:58.418: 41 avg_reward: 227.0
2024-10-15 00:54:58.418: 41 avg_steps: 584.15
2024-10-15 00:54:58.418: 41 epsilon: 0.1
2024-10-15 00:54:58.418: 41 q: 1.5241836
2024-10-15 01:05:18.243: 42 test start:
2024-10-15 01:05:34.439: 42 avg_reward: 732.0
2024-10-15 01:05:34.439: 42 avg_steps: 853.75
2024-10-15 01:05:34.445: 42 epsilon: 0.1
2024-10-15 01:05:34.445: 42 q: 1.6099108
2024-10-15 01:15:39.042: 43 test start:
2024-10-15 01:16:05.716: 43 avg_reward: 1527.0
2024-10-15 01:16:05.716: 43 avg_steps: 1364.55
2024-10-15 01:16:05.716: 43 epsilon: 0.1
2024-10-15 01:16:05.716: 43 q: 1.6397393
2024-10-15 01:26:14.356: 44 test start:
2024-10-15 01:26:38.507: 44 avg_reward: 1257.0
2024-10-15 01:26:38.507: 44 avg_steps: 1273.4
2024-10-15 01:26:38.507: 44 epsilon: 0.1
2024-10-15 01:26:38.507: 44 q: 1.6467795
2024-10-15 01:36:55.046: 45 test start:
2024-10-15 01:37:19.834: 45 avg_reward: 1117.0
2024-10-15 01:37:19.834: 45 avg_steps: 1262.6
2024-10-15 01:37:19.840: 45 epsilon: 0.1
2024-10-15 01:37:19.840: 45 q: 1.6918582
2024-10-15 01:47:23.624: 46 test start:
2024-10-15 01:47:52.446: 46 avg_reward: 1537.0
2024-10-15 01:47:52.446: 46 avg_steps: 1512.8
2024-10-15 01:47:52.447: 46 epsilon: 0.1
2024-10-15 01:47:52.447: 46 q: 1.7657468
2024-10-15 01:58:11.036: 47 test start:
2024-10-15 01:58:48.783: 47 avg_reward: 1277.0
2024-10-15 01:58:48.783: 47 avg_steps: 1960.55
2024-10-15 01:58:48.783: 47 epsilon: 0.1
2024-10-15 01:58:48.783: 47 q: 1.8066536
2024-10-15 02:08:49.149: 48 test start:
2024-10-15 02:09:13.767: 48 avg_reward: 982.0
2024-10-15 02:09:13.767: 48 avg_steps: 1292.95
2024-10-15 02:09:13.767: 48 epsilon: 0.1
2024-10-15 02:09:13.767: 48 q: 1.8994666
2024-10-15 02:19:40.609: 49 test start:
2024-10-15 02:20:09.087: 49 avg_reward: 1437.0
2024-10-15 02:20:09.087: 49 avg_steps: 1513.05
2024-10-15 02:20:09.087: 49 epsilon: 0.1
2024-10-15 02:20:09.087: 49 q: 2.0449445
2024-10-15 02:30:07.368: 50 test start:
2024-10-15 02:30:38.411: 50 avg_reward: 1482.0
2024-10-15 02:30:38.412: 50 avg_steps: 1600.3
2024-10-15 02:30:38.412: 50 epsilon: 0.1
2024-10-15 02:30:38.412: 50 q: 2.1769493
2024-10-15 02:40:55.235: 51 test start:
2024-10-15 02:41:32.359: 51 avg_reward: 1652.0
2024-10-15 02:41:32.359: 51 avg_steps: 1960.85
2024-10-15 02:41:32.359: 51 epsilon: 0.1
2024-10-15 02:41:32.359: 51 q: 2.2465498
2024-10-15 02:51:40.576: 52 test start:
2024-10-15 02:52:10.203: 52 avg_reward: 1782.0
2024-10-15 02:52:10.203: 52 avg_steps: 1524.1
2024-10-15 02:52:10.203: 52 epsilon: 0.1
2024-10-15 02:52:10.203: 52 q: 2.255978
2024-10-15 03:02:22.220: 53 test start:
2024-10-15 03:02:50.522: 53 avg_reward: 1802.0
2024-10-15 03:02:50.522: 53 avg_steps: 1496.5
2024-10-15 03:02:50.522: 53 epsilon: 0.1
2024-10-15 03:02:50.522: 53 q: 2.2927985
2024-10-15 03:13:06.646: 54 test start:
2024-10-15 03:13:33.401: 54 avg_reward: 1902.0
2024-10-15 03:13:33.401: 54 avg_steps: 1371.05
2024-10-15 03:13:33.401: 54 epsilon: 0.1
2024-10-15 03:13:33.401: 54 q: 2.3066282
2024-10-15 03:23:30.774: 55 test start:
2024-10-15 03:23:54.998: 55 avg_reward: 817.0
2024-10-15 03:23:54.998: 55 avg_steps: 1278.7
2024-10-15 03:23:54.998: 55 epsilon: 0.1
2024-10-15 03:23:54.998: 55 q: 2.3827055
2024-10-15 03:34:15.534: 56 test start:
2024-10-15 03:34:51.135: 56 avg_reward: 1612.0
2024-10-15 03:34:51.135: 56 avg_steps: 1840.8
2024-10-15 03:34:51.135: 56 epsilon: 0.1
2024-10-15 03:34:51.135: 56 q: 2.408376
2024-10-15 03:44:46.304: 57 test start:
2024-10-15 03:45:09.442: 57 avg_reward: 832.0
2024-10-15 03:45:09.443: 57 avg_steps: 1188.65
2024-10-15 03:45:09.443: 57 epsilon: 0.1
2024-10-15 03:45:09.443: 57 q: 2.3724182
2024-10-15 03:55:39.042: 58 test start:
2024-10-15 03:56:10.548: 58 avg_reward: 2227.0
2024-10-15 03:56:10.548: 58 avg_steps: 1675.65
2024-10-15 03:56:10.548: 58 epsilon: 0.1
2024-10-15 03:56:10.548: 58 q: 2.3664668
2024-10-15 04:06:06.124: 59 test start:
2024-10-15 04:06:21.744: 59 avg_reward: 712.0
2024-10-15 04:06:21.744: 59 avg_steps: 804.65
2024-10-15 04:06:21.744: 59 epsilon: 0.1
2024-10-15 04:06:21.744: 59 q: 2.398539
2024-10-15 04:16:41.022: 60 test start:
2024-10-15 04:17:11.452: 60 avg_reward: 2022.0
2024-10-15 04:17:11.452: 60 avg_steps: 1612.5
2024-10-15 04:17:11.453: 60 epsilon: 0.1
2024-10-15 04:17:11.453: 60 q: 2.3913858
2024-10-15 04:27:19.736: 61 test start:
2024-10-15 04:27:42.612: 61 avg_reward: 1037.0
2024-10-15 04:27:42.613: 61 avg_steps: 1178.65
2024-10-15 04:27:42.613: 61 epsilon: 0.1
2024-10-15 04:27:42.613: 61 q: 2.3724194
2024-10-15 04:37:54.938: 62 test start:
2024-10-15 04:38:21.065: 62 avg_reward: 2747.0
2024-10-15 04:38:21.066: 62 avg_steps: 1397.5
2024-10-15 04:38:21.071: 62 epsilon: 0.1
2024-10-15 04:38:21.071: 62 q: 2.3880908
2024-10-15 04:48:28.211: 63 test start:
2024-10-15 04:48:55.778: 63 avg_reward: 2757.0
2024-10-15 04:48:55.779: 63 avg_steps: 1434.0
2024-10-15 04:48:55.779: 63 epsilon: 0.1
2024-10-15 04:48:55.779: 63 q: 2.4077792
2024-10-15 04:59:05.268: 64 test start:
2024-10-15 05:00:00.552: 64 avg_reward: 1262.1
2024-10-15 05:00:00.553: 64 avg_steps: 2972.75
2024-10-15 05:00:00.553: 64 epsilon: 0.1
2024-10-15 05:00:00.553: 64 q: 2.4407492
2024-10-15 05:10:15.199: 65 test start:
2024-10-15 05:10:42.700: 65 avg_reward: 2227.0
2024-10-15 05:10:42.700: 65 avg_steps: 1427.85
2024-10-15 05:10:42.700: 65 epsilon: 0.1
2024-10-15 05:10:42.700: 65 q: 2.4295228
2024-10-15 05:20:45.086: 66 test start:
2024-10-15 05:21:03.807: 66 avg_reward: 1167.0
2024-10-15 05:21:03.807: 66 avg_steps: 1023.95
2024-10-15 05:21:03.807: 66 epsilon: 0.1
2024-10-15 05:21:03.807: 66 q: 2.512395
2024-10-15 05:31:32.691: 67 test start:
2024-10-15 05:31:58.778: 67 avg_reward: 1882.0
2024-10-15 05:31:58.778: 67 avg_steps: 1378.9
2024-10-15 05:31:58.778: 67 epsilon: 0.1
2024-10-15 05:31:58.778: 67 q: 2.5104225
2024-10-15 05:41:50.330: 68 test start:
2024-10-15 05:42:21.938: 68 avg_reward: 1282.0
2024-10-15 05:42:21.938: 68 avg_steps: 1625.75
2024-10-15 05:42:21.938: 68 epsilon: 0.1
2024-10-15 05:42:21.938: 68 q: 2.5054154
2024-10-15 05:52:47.386: 69 test start:
2024-10-15 05:53:10.210: 69 avg_reward: 1767.0
2024-10-15 05:53:10.210: 69 avg_steps: 1214.05
2024-10-15 05:53:10.210: 69 epsilon: 0.1
2024-10-15 05:53:10.210: 69 q: 2.5059273
2024-10-15 06:03:17.908: 70 test start:
2024-10-15 06:03:54.515: 70 avg_reward: 1827.0
2024-10-15 06:03:54.516: 70 avg_steps: 1896.3
2024-10-15 06:03:54.516: 70 epsilon: 0.1
2024-10-15 06:03:54.516: 70 q: 2.4657924
2024-10-15 06:14:10.331: 71 test start:
2024-10-15 06:14:43.464: 71 avg_reward: 2877.0
2024-10-15 06:14:43.464: 71 avg_steps: 1754.35
2024-10-15 06:14:43.465: 71 epsilon: 0.1
2024-10-15 06:14:43.465: 71 q: 2.5067334
2024-10-15 06:24:55.527: 72 test start:
2024-10-15 06:25:14.435: 72 avg_reward: 1032.0
2024-10-15 06:25:14.435: 72 avg_steps: 978.0
2024-10-15 06:25:14.435: 72 epsilon: 0.1
2024-10-15 06:25:14.435: 72 q: 2.5204642
2024-10-15 06:35:18.035: 73 test start:
2024-10-15 06:35:44.524: 73 avg_reward: 2862.0
2024-10-15 06:35:44.525: 73 avg_steps: 1409.65
2024-10-15 06:35:44.525: 73 epsilon: 0.1
2024-10-15 06:35:44.525: 73 q: 2.4885557
2024-10-15 06:46:02.301: 74 test start:
2024-10-15 06:46:26.245: 74 avg_reward: 2392.0
2024-10-15 06:46:26.245: 74 avg_steps: 1233.15
2024-10-15 06:46:26.245: 74 epsilon: 0.1
2024-10-15 06:46:26.245: 74 q: 2.4787288
2024-10-15 06:56:24.647: 75 test start:
2024-10-15 06:56:54.946: 75 avg_reward: 1807.0
2024-10-15 06:56:54.946: 75 avg_steps: 1619.15
2024-10-15 06:56:54.946: 75 epsilon: 0.1
2024-10-15 06:56:54.946: 75 q: 2.4631143
2024-10-15 07:07:21.726: 76 test start:
2024-10-15 07:07:45.079: 76 avg_reward: 2682.0
2024-10-15 07:07:45.080: 76 avg_steps: 1218.4
2024-10-15 07:07:45.080: 76 epsilon: 0.1
2024-10-15 07:07:45.080: 76 q: 2.4990616
2024-10-15 07:17:42.489: 77 test start:
2024-10-15 07:18:05.056: 77 avg_reward: 1237.0
2024-10-15 07:18:05.056: 77 avg_steps: 1171.5
2024-10-15 07:18:05.056: 77 epsilon: 0.1
2024-10-15 07:18:05.056: 77 q: 2.5060496
2024-10-15 07:28:37.274: 78 test start:
2024-10-15 07:29:09.871: 78 avg_reward: 1567.0
2024-10-15 07:29:09.871: 78 avg_steps: 1748.4
2024-10-15 07:29:09.871: 78 epsilon: 0.1
2024-10-15 07:29:09.871: 78 q: 2.6385303
2024-10-15 07:39:13.255: 79 test start:
2024-10-15 07:39:44.272: 79 avg_reward: 2927.0
2024-10-15 07:39:44.272: 79 avg_steps: 1601.5
2024-10-15 07:39:44.272: 79 epsilon: 0.1
2024-10-15 07:39:44.272: 79 q: 2.6030128
2024-10-15 07:50:02.983: 80 test start:
2024-10-15 07:50:36.626: 80 avg_reward: 2702.0
2024-10-15 07:50:36.626: 80 avg_steps: 1805.5
2024-10-15 07:50:36.626: 80 epsilon: 0.1
2024-10-15 07:50:36.626: 80 q: 2.5631952
2024-10-15 08:00:47.311: 81 test start:
2024-10-15 08:01:15.403: 81 avg_reward: 1667.0
2024-10-15 08:01:15.403: 81 avg_steps: 1452.05
2024-10-15 08:01:15.404: 81 epsilon: 0.1
2024-10-15 08:01:15.404: 81 q: 2.5593317
2024-10-15 08:11:26.356: 82 test start:
2024-10-15 08:11:44.697: 82 avg_reward: 1157.0
2024-10-15 08:11:44.697: 82 avg_steps: 972.5
2024-10-15 08:11:44.697: 82 epsilon: 0.1
2024-10-15 08:11:44.697: 82 q: 2.5181136
2024-10-15 08:22:04.838: 83 test start:
2024-10-15 08:22:30.351: 83 avg_reward: 2657.0
2024-10-15 08:22:30.351: 83 avg_steps: 1310.3
2024-10-15 08:22:30.351: 83 epsilon: 0.1
2024-10-15 08:22:30.351: 83 q: 2.5434892
2024-10-15 08:32:39.219: 84 test start:
2024-10-15 08:33:00.330: 84 avg_reward: 1247.0
2024-10-15 08:33:00.330: 84 avg_steps: 1148.15
2024-10-15 08:33:00.330: 84 epsilon: 0.1
2024-10-15 08:33:00.330: 84 q: 2.5547128
2024-10-15 08:43:34.776: 85 test start:
2024-10-15 08:44:04.113: 85 avg_reward: 2307.0
2024-10-15 08:44:04.113: 85 avg_steps: 1546.35
2024-10-15 08:44:04.114: 85 epsilon: 0.1
2024-10-15 08:44:04.114: 85 q: 2.4969144
2024-10-15 08:53:58.233: 86 test start:
2024-10-15 08:54:23.641: 86 avg_reward: 2052.0
2024-10-15 08:54:23.642: 86 avg_steps: 1313.55
2024-10-15 08:54:23.642: 86 epsilon: 0.1
2024-10-15 08:54:23.642: 86 q: 2.5253184
2024-10-15 09:04:58.354: 87 test start:
2024-10-15 09:05:18.452: 87 avg_reward: 1152.0
2024-10-15 09:05:18.452: 87 avg_steps: 1056.65
2024-10-15 09:05:18.452: 87 epsilon: 0.1
2024-10-15 09:05:18.452: 87 q: 2.511087
2024-10-15 09:15:21.928: 88 test start:
2024-10-15 09:16:04.359: 88 avg_reward: 3767.0
2024-10-15 09:16:04.359: 88 avg_steps: 2164.35
2024-10-15 09:16:04.359: 88 epsilon: 0.1
2024-10-15 09:16:04.359: 88 q: 2.4927516
2024-10-15 09:26:29.106: 89 test start:
2024-10-15 09:26:56.102: 89 avg_reward: 1832.0
2024-10-15 09:26:56.102: 89 avg_steps: 1415.95
2024-10-15 09:26:56.102: 89 epsilon: 0.1
2024-10-15 09:26:56.102: 89 q: 2.5100877
2024-10-15 09:37:10.677: 90 test start:
2024-10-15 09:37:34.612: 90 avg_reward: 2367.0
2024-10-15 09:37:34.612: 90 avg_steps: 1234.35
2024-10-15 09:37:34.612: 90 epsilon: 0.1
2024-10-15 09:37:34.612: 90 q: 2.5766656
2024-10-15 09:47:51.197: 91 test start:
2024-10-15 09:48:18.710: 91 avg_reward: 3502.0
2024-10-15 09:48:18.710: 91 avg_steps: 1460.65
2024-10-15 09:48:18.710: 91 epsilon: 0.1
2024-10-15 09:48:18.710: 91 q: 2.6288996
2024-10-15 09:58:40.867: 92 test start:
2024-10-15 09:59:11.976: 92 avg_reward: 5042.0
2024-10-15 09:59:11.976: 92 avg_steps: 1655.05
2024-10-15 09:59:11.976: 92 epsilon: 0.1
2024-10-15 09:59:11.976: 92 q: 2.6457007
2024-10-15 10:09:15.903: 93 test start:
2024-10-15 10:09:41.426: 93 avg_reward: 3452.0
2024-10-15 10:09:41.426: 93 avg_steps: 1365.95
2024-10-15 10:09:41.426: 93 epsilon: 0.1
2024-10-15 10:09:41.426: 93 q: 2.7074056
2024-10-15 10:20:08.787: 94 test start:
2024-10-15 10:20:32.930: 94 avg_reward: 2647.0
2024-10-15 10:20:32.930: 94 avg_steps: 1254.0
2024-10-15 10:20:32.930: 94 epsilon: 0.1
2024-10-15 10:20:32.930: 94 q: 2.740804
2024-10-15 10:30:32.923: 95 test start:
2024-10-15 10:30:58.537: 95 avg_reward: 1767.0
2024-10-15 10:30:58.537: 95 avg_steps: 1310.5
2024-10-15 10:30:58.537: 95 epsilon: 0.1
2024-10-15 10:30:58.537: 95 q: 2.7989373
2024-10-15 10:41:28.072: 96 test start:
2024-10-15 10:41:48.631: 96 avg_reward: 2057.0
2024-10-15 10:41:48.631: 96 avg_steps: 1085.55
2024-10-15 10:41:48.632: 96 epsilon: 0.1
2024-10-15 10:41:48.632: 96 q: 2.801192
2024-10-15 10:51:54.534: 97 test start:
2024-10-15 10:52:19.160: 97 avg_reward: 2722.0
2024-10-15 10:52:19.160: 97 avg_steps: 1271.05
2024-10-15 10:52:19.160: 97 epsilon: 0.1
2024-10-15 10:52:19.160: 97 q: 2.844594
2024-10-15 11:02:42.021: 98 test start:
2024-10-15 11:02:58.832: 98 avg_reward: 1257.0
2024-10-15 11:02:58.833: 98 avg_steps: 898.7
2024-10-15 11:02:58.833: 98 epsilon: 0.1
2024-10-15 11:02:58.833: 98 q: 2.8701828
2024-10-15 11:13:15.602: 99 test start:
2024-10-15 11:13:45.279: 99 avg_reward: 3527.0
2024-10-15 11:13:45.279: 99 avg_steps: 1530.7
2024-10-15 11:13:45.279: 99 epsilon: 0.1
2024-10-15 11:13:45.279: 99 q: 2.8684926
2024-10-15 11:24:03.319: 100 test start:
2024-10-15 11:24:32.520: 100 avg_reward: 2722.0
2024-10-15 11:24:32.520: 100 avg_steps: 1545.95
2024-10-15 11:24:32.520: 100 epsilon: 0.1
2024-10-15 11:24:32.520: 100 q: 2.9037886
2024-10-15 11:34:48.034: 101 test start:
2024-10-15 11:35:11.717: 101 avg_reward: 1637.0
2024-10-15 11:35:11.718: 101 avg_steps: 1261.85
2024-10-15 11:35:11.718: 101 epsilon: 0.1
2024-10-15 11:35:11.718: 101 q: 2.9166582
2024-10-15 11:45:17.001: 102 test start:
2024-10-15 11:45:39.360: 102 avg_reward: 2562.0
2024-10-15 11:45:39.360: 102 avg_steps: 1222.6
2024-10-15 11:45:39.360: 102 epsilon: 0.1
2024-10-15 11:45:39.360: 102 q: 2.8894088
2024-10-15 11:56:10.607: 103 test start:
2024-10-15 11:56:33.779: 103 avg_reward: 2017.0
2024-10-15 11:56:33.779: 103 avg_steps: 1222.2
2024-10-15 11:56:33.780: 103 epsilon: 0.1
2024-10-15 11:56:33.780: 103 q: 2.8440938
2024-10-15 12:06:27.940: 104 test start:
2024-10-15 12:06:56.141: 104 avg_reward: 3137.0
2024-10-15 12:06:56.141: 104 avg_steps: 1488.8
2024-10-15 12:06:56.141: 104 epsilon: 0.1
2024-10-15 12:06:56.141: 104 q: 2.7939599
2024-10-15 12:17:30.806: 105 test start:
2024-10-15 12:17:50.939: 105 avg_reward: 2232.0
2024-10-15 12:17:50.939: 105 avg_steps: 1064.95
2024-10-15 12:17:50.939: 105 epsilon: 0.1
2024-10-15 12:17:50.939: 105 q: 2.7464125
2024-10-15 12:27:51.516: 106 test start:
2024-10-15 12:28:24.099: 106 avg_reward: 3242.0
2024-10-15 12:28:24.099: 106 avg_steps: 1678.2
2024-10-15 12:28:24.099: 106 epsilon: 0.1
2024-10-15 12:28:24.099: 106 q: 2.7961743
2024-10-15 12:38:54.256: 107 test start:
2024-10-15 12:39:18.964: 107 avg_reward: 3197.0
2024-10-15 12:39:18.964: 107 avg_steps: 1322.15
2024-10-15 12:39:18.964: 107 epsilon: 0.1
2024-10-15 12:39:18.964: 107 q: 2.7640464
2024-10-15 12:49:30.007: 108 test start:
2024-10-15 12:49:54.271: 108 avg_reward: 2362.0
2024-10-15 12:49:54.271: 108 avg_steps: 1242.6
2024-10-15 12:49:54.271: 108 epsilon: 0.1
2024-10-15 12:49:54.271: 108 q: 2.7044024
2024-10-15 13:00:14.198: 109 test start:
2024-10-15 13:00:40.493: 109 avg_reward: 2457.0
2024-10-15 13:00:40.493: 109 avg_steps: 1380.65
2024-10-15 13:00:40.493: 109 epsilon: 0.1
2024-10-15 13:00:40.493: 109 q: 2.7165377
2024-10-15 13:11:00.229: 110 test start:
2024-10-15 13:11:23.885: 110 avg_reward: 2382.0
2024-10-15 13:11:23.886: 110 avg_steps: 1190.65
2024-10-15 13:11:23.886: 110 epsilon: 0.1
2024-10-15 13:11:23.886: 110 q: 2.740973
2024-10-15 13:21:55.567: 111 test start:
2024-10-15 13:22:23.038: 111 avg_reward: 2482.0
2024-10-15 13:22:23.038: 111 avg_steps: 1493.4
2024-10-15 13:22:23.038: 111 epsilon: 0.1
2024-10-15 13:22:23.038: 111 q: 2.7803788
2024-10-15 13:33:11.456: 112 test start:
2024-10-15 13:33:41.500: 112 avg_reward: 3047.0
2024-10-15 13:33:41.501: 112 avg_steps: 1516.0
2024-10-15 13:33:41.501: 112 epsilon: 0.1
2024-10-15 13:33:41.501: 112 q: 2.79108
2024-10-15 13:43:57.416: 113 test start:
2024-10-15 13:44:24.895: 113 avg_reward: 2792.0
2024-10-15 13:44:24.895: 113 avg_steps: 1390.65
2024-10-15 13:44:24.896: 113 epsilon: 0.1
2024-10-15 13:44:24.896: 113 q: 2.7835157
2024-10-15 13:55:16.786: 114 test start:
2024-10-15 13:55:44.263: 114 avg_reward: 2462.0
2024-10-15 13:55:44.263: 114 avg_steps: 1429.2
2024-10-15 13:55:44.263: 114 epsilon: 0.1
2024-10-15 13:55:44.263: 114 q: 2.7168047
2024-10-15 14:05:57.384: 115 test start:
2024-10-15 14:06:25.824: 115 avg_reward: 2672.0
2024-10-15 14:06:25.825: 115 avg_steps: 1435.2
2024-10-15 14:06:25.825: 115 epsilon: 0.1
2024-10-15 14:06:25.825: 115 q: 2.7518847
2024-10-15 14:17:01.679: 116 test start:
2024-10-15 14:17:29.438: 116 avg_reward: 3017.0
2024-10-15 14:17:29.438: 116 avg_steps: 1482.65
2024-10-15 14:17:29.438: 116 epsilon: 0.1
2024-10-15 14:17:29.439: 116 q: 2.7364316
2024-10-15 14:27:50.329: 117 test start:
2024-10-15 14:28:19.154: 117 avg_reward: 2002.0
2024-10-15 14:28:19.154: 117 avg_steps: 1474.75
2024-10-15 14:28:19.154: 117 epsilon: 0.1
2024-10-15 14:28:19.154: 117 q: 2.7368186
2024-10-15 14:38:33.990: 118 test start:
2024-10-15 14:39:03.236: 118 avg_reward: 1177.0
2024-10-15 14:39:03.236: 118 avg_steps: 1537.5
2024-10-15 14:39:03.236: 118 epsilon: 0.1
2024-10-15 14:39:03.236: 118 q: 2.7183325
2024-10-15 14:49:24.353: 119 test start:
2024-10-15 14:50:08.103: 119 avg_reward: 1437.05
2024-10-15 14:50:08.103: 119 avg_steps: 2212.35
2024-10-15 14:50:08.103: 119 epsilon: 0.1
2024-10-15 14:50:08.103: 119 q: 2.7010012
2024-10-15 15:00:35.319: 120 test start:
2024-10-15 15:01:04.564: 120 avg_reward: 3077.0
2024-10-15 15:01:04.564: 120 avg_steps: 1522.65
2024-10-15 15:01:04.565: 120 epsilon: 0.1
2024-10-15 15:01:04.565: 120 q: 2.6393898
2024-10-15 15:11:53.330: 121 test start:
2024-10-15 15:12:28.230: 121 avg_reward: 5297.0
2024-10-15 15:12:28.231: 121 avg_steps: 1772.45
2024-10-15 15:12:28.231: 121 epsilon: 0.1
2024-10-15 15:12:28.231: 121 q: 2.6556108
2024-10-15 15:22:52.771: 122 test start:
2024-10-15 15:23:17.149: 122 avg_reward: 2317.0
2024-10-15 15:23:17.149: 122 avg_steps: 1260.55
2024-10-15 15:23:17.149: 122 epsilon: 0.1
2024-10-15 15:23:17.149: 122 q: 2.6228082
2024-10-15 15:34:10.088: 123 test start:
2024-10-15 15:34:40.509: 123 avg_reward: 4492.0
2024-10-15 15:34:40.510: 123 avg_steps: 1643.3
2024-10-15 15:34:40.510: 123 epsilon: 0.1
2024-10-15 15:34:40.510: 123 q: 2.6098843
2024-10-15 15:45:13.593: 124 test start:
2024-10-15 15:45:40.381: 124 avg_reward: 3262.0
2024-10-15 15:45:40.382: 124 avg_steps: 1404.6
2024-10-15 15:45:40.382: 124 epsilon: 0.1
2024-10-15 15:45:40.382: 124 q: 2.6055386
2024-10-15 15:56:26.911: 125 test start:
2024-10-15 15:56:58.827: 125 avg_reward: 4192.0
2024-10-15 15:56:58.827: 125 avg_steps: 1709.4
2024-10-15 15:56:58.827: 125 epsilon: 0.1
2024-10-15 15:56:58.827: 125 q: 2.6246874
2024-10-15 16:07:42.702: 126 test start:
2024-10-15 16:08:18.143: 126 avg_reward: 4582.0
2024-10-15 16:08:18.143: 126 avg_steps: 1812.15
2024-10-15 16:08:18.143: 126 epsilon: 0.1
2024-10-15 16:08:18.143: 126 q: 2.6394439
2024-10-15 16:18:43.706: 127 test start:
2024-10-15 16:19:16.953: 127 avg_reward: 4452.0
2024-10-15 16:19:16.953: 127 avg_steps: 1750.0
2024-10-15 16:19:16.953: 127 epsilon: 0.1
2024-10-15 16:19:16.954: 127 q: 2.6668026
2024-10-15 16:30:17.349: 128 test start:
2024-10-15 16:30:45.285: 128 avg_reward: 3472.0
2024-10-15 16:30:45.285: 128 avg_steps: 1496.2
2024-10-15 16:30:45.291: 128 epsilon: 0.1
2024-10-15 16:30:45.291: 128 q: 2.6591325
2024-10-15 16:40:42.669: 129 test start:
2024-10-15 16:41:04.682: 129 avg_reward: 2152.0
2024-10-15 16:41:04.683: 129 avg_steps: 1141.55
2024-10-15 16:41:04.683: 129 epsilon: 0.1
2024-10-15 16:41:04.683: 129 q: 2.672431
2024-10-15 16:51:34.982: 130 test start:
2024-10-15 16:52:08.402: 130 avg_reward: 3087.0
2024-10-15 16:52:08.403: 130 avg_steps: 1771.0
2024-10-15 16:52:08.403: 130 epsilon: 0.1
2024-10-15 16:52:08.403: 130 q: 2.7114248
2024-10-15 17:02:13.533: 131 test start:
2024-10-15 17:02:47.634: 131 avg_reward: 3122.0
2024-10-15 17:02:47.634: 131 avg_steps: 1752.9
2024-10-15 17:02:47.634: 131 epsilon: 0.1
2024-10-15 17:02:47.634: 131 q: 2.7308261
2024-10-15 17:13:07.792: 132 test start:
2024-10-15 17:13:31.583: 132 avg_reward: 3662.0
2024-10-15 17:13:31.583: 132 avg_steps: 1243.35
2024-10-15 17:13:31.583: 132 epsilon: 0.1
2024-10-15 17:13:31.583: 132 q: 2.6413896
2024-10-15 17:24:07.969: 133 test start:
2024-10-15 17:24:32.057: 133 avg_reward: 1747.0
2024-10-15 17:24:32.057: 133 avg_steps: 1223.8
2024-10-15 17:24:32.057: 133 epsilon: 0.1
2024-10-15 17:24:32.058: 133 q: 2.657049
2024-10-15 17:35:04.009: 134 test start:
2024-10-15 17:35:34.008: 134 avg_reward: 3782.0
2024-10-15 17:35:34.008: 134 avg_steps: 1570.55
2024-10-15 17:35:34.008: 134 epsilon: 0.1
2024-10-15 17:35:34.008: 134 q: 2.6664512
2024-10-15 17:46:28.309: 135 test start:
2024-10-15 17:46:57.636: 135 avg_reward: 3012.0
2024-10-15 17:46:57.636: 135 avg_steps: 1487.25
2024-10-15 17:46:57.636: 135 epsilon: 0.1
2024-10-15 17:46:57.636: 135 q: 2.687983
2024-10-15 17:57:31.359: 136 test start:
2024-10-15 17:58:01.334: 136 avg_reward: 4437.0
2024-10-15 17:58:01.334: 136 avg_steps: 1578.9
2024-10-15 17:58:01.334: 136 epsilon: 0.1
2024-10-15 17:58:01.334: 136 q: 2.68563
2024-10-15 18:08:56.448: 137 test start:
2024-10-15 18:09:28.855: 137 avg_reward: 5142.0
2024-10-15 18:09:28.855: 137 avg_steps: 1760.9
2024-10-15 18:09:28.856: 137 epsilon: 0.1
2024-10-15 18:09:28.856: 137 q: 2.7164738
2024-10-15 18:19:59.258: 138 test start:
2024-10-15 18:20:33.492: 138 avg_reward: 3982.0
2024-10-15 18:20:33.492: 138 avg_steps: 1739.1
2024-10-15 18:20:33.492: 138 epsilon: 0.1
2024-10-15 18:20:33.492: 138 q: 2.7127473
2024-10-15 18:31:21.356: 139 test start:
2024-10-15 18:31:51.416: 139 avg_reward: 4457.0
2024-10-15 18:31:51.416: 139 avg_steps: 1583.65
2024-10-15 18:31:51.416: 139 epsilon: 0.1
2024-10-15 18:31:51.416: 139 q: 2.7184756
2024-10-15 18:42:39.376: 140 test start:
2024-10-15 18:43:03.089: 140 avg_reward: 2412.0
2024-10-15 18:43:03.089: 140 avg_steps: 1193.85
2024-10-15 18:43:03.089: 140 epsilon: 0.1
2024-10-15 18:43:03.089: 140 q: 2.6778858
2024-10-15 18:53:36.355: 141 test start:
2024-10-15 18:54:05.713: 141 avg_reward: 3992.0
2024-10-15 18:54:05.713: 141 avg_steps: 1559.5
2024-10-15 18:54:05.713: 141 epsilon: 0.1
2024-10-15 18:54:05.713: 141 q: 2.6992722
2024-10-15 19:05:03.198: 142 test start:
2024-10-15 19:05:29.203: 142 avg_reward: 3432.0
2024-10-15 19:05:29.203: 142 avg_steps: 1318.7
2024-10-15 19:05:29.203: 142 epsilon: 0.1
2024-10-15 19:05:29.203: 142 q: 2.7173398
2024-10-15 19:15:58.278: 143 test start:
2024-10-15 19:16:30.830: 143 avg_reward: 5432.0
2024-10-15 19:16:30.830: 143 avg_steps: 1648.45
2024-10-15 19:16:30.830: 143 epsilon: 0.1
2024-10-15 19:16:30.830: 143 q: 2.748622
2024-10-15 19:27:21.048: 144 test start:
2024-10-15 19:27:43.029: 144 avg_reward: 1967.0
2024-10-15 19:27:43.029: 144 avg_steps: 1154.55
2024-10-15 19:27:43.029: 144 epsilon: 0.1
2024-10-15 19:27:43.029: 144 q: 2.7678623
2024-10-15 19:38:20.809: 145 test start:
2024-10-15 19:38:48.761: 145 avg_reward: 3962.0
2024-10-15 19:38:48.762: 145 avg_steps: 1414.0
2024-10-15 19:38:48.762: 145 epsilon: 0.1
2024-10-15 19:38:48.762: 145 q: 2.6845562
2024-10-15 19:49:26.976: 146 test start:
2024-10-15 19:49:56.162: 146 avg_reward: 4127.0
2024-10-15 19:49:56.163: 146 avg_steps: 1521.7
2024-10-15 19:49:56.163: 146 epsilon: 0.1
2024-10-15 19:49:56.163: 146 q: 2.6878345
2024-10-15 20:00:38.642: 147 test start:
2024-10-15 20:01:06.396: 147 avg_reward: 3127.0
2024-10-15 20:01:06.397: 147 avg_steps: 1401.0
2024-10-15 20:01:06.397: 147 epsilon: 0.1
2024-10-15 20:01:06.397: 147 q: 2.7412994
2024-10-15 20:11:31.013: 148 test start:
2024-10-15 20:11:59.432: 148 avg_reward: 3897.0
2024-10-15 20:11:59.433: 148 avg_steps: 1483.2
2024-10-15 20:11:59.433: 148 epsilon: 0.1
2024-10-15 20:11:59.433: 148 q: 2.7178676
2024-10-15 20:22:41.374: 149 test start:
2024-10-15 20:23:12.232: 149 avg_reward: 4542.0
2024-10-15 20:23:12.233: 149 avg_steps: 1559.85
2024-10-15 20:23:12.233: 149 epsilon: 0.1
2024-10-15 20:23:12.233: 149 q: 2.748276
2024-10-15 20:33:24.520: 150 test start:
2024-10-15 20:34:11.063: 150 avg_reward: 5902.0
2024-10-15 20:34:11.064: 150 avg_steps: 2372.7
2024-10-15 20:34:11.064: 150 epsilon: 0.1
2024-10-15 20:34:11.064: 150 q: 2.7201388
2024-10-15 20:44:40.802: 151 test start:
2024-10-15 20:45:03.969: 151 avg_reward: 2072.0
2024-10-15 20:45:03.969: 151 avg_steps: 1228.75
2024-10-15 20:45:03.969: 151 epsilon: 0.1
2024-10-15 20:45:03.970: 151 q: 2.7614093
2024-10-15 20:55:17.348: 152 test start:
2024-10-15 20:55:44.278: 152 avg_reward: 3102.0
2024-10-15 20:55:44.278: 152 avg_steps: 1387.65
2024-10-15 20:55:44.278: 152 epsilon: 0.1
2024-10-15 20:55:44.278: 152 q: 2.7719085
2024-10-15 21:06:02.289: 153 test start:
2024-10-15 21:06:33.810: 153 avg_reward: 5457.0
2024-10-15 21:06:33.810: 153 avg_steps: 1670.8
2024-10-15 21:06:33.810: 153 epsilon: 0.1
2024-10-15 21:06:33.810: 153 q: 2.816873
2024-10-15 21:16:48.692: 154 test start:
2024-10-15 21:17:16.606: 154 avg_reward: 3007.0
2024-10-15 21:17:16.607: 154 avg_steps: 1449.85
2024-10-15 21:17:16.607: 154 epsilon: 0.1
2024-10-15 21:17:16.607: 154 q: 2.8529313
2024-10-15 21:27:29.011: 155 test start:
2024-10-15 21:27:53.653: 155 avg_reward: 3247.0
2024-10-15 21:27:53.653: 155 avg_steps: 1340.55
2024-10-15 21:27:53.653: 155 epsilon: 0.1
2024-10-15 21:27:53.653: 155 q: 2.8018029
2024-10-15 21:38:20.187: 156 test start:
2024-10-15 21:38:52.905: 156 avg_reward: 4897.0
2024-10-15 21:38:52.905: 156 avg_steps: 1676.15
2024-10-15 21:38:52.905: 156 epsilon: 0.1
2024-10-15 21:38:52.906: 156 q: 2.838288
2024-10-15 21:48:51.440: 157 test start:
2024-10-15 21:49:24.058: 157 avg_reward: 4257.0
2024-10-15 21:49:24.059: 157 avg_steps: 1756.95
2024-10-15 21:49:24.059: 157 epsilon: 0.1
2024-10-15 21:49:24.059: 157 q: 2.8584752
2024-10-15 21:59:53.844: 158 test start:
2024-10-15 22:00:19.932: 158 avg_reward: 2272.0
2024-10-15 22:00:19.932: 158 avg_steps: 1335.0
2024-10-15 22:00:19.933: 158 epsilon: 0.1
2024-10-15 22:00:19.933: 158 q: 2.8367815
2024-10-15 22:10:24.410: 159 test start:
2024-10-15 22:10:57.902: 159 avg_reward: 5662.0
2024-10-15 22:10:57.902: 159 avg_steps: 1725.45
2024-10-15 22:10:57.902: 159 epsilon: 0.1
2024-10-15 22:10:57.902: 159 q: 2.8801584
2024-10-15 22:21:21.186: 160 test start:
2024-10-15 22:21:56.916: 160 avg_reward: 5937.0
2024-10-15 22:21:56.916: 160 avg_steps: 1907.3
2024-10-15 22:21:56.916: 160 epsilon: 0.1
2024-10-15 22:21:56.916: 160 q: 2.8732789
2024-10-15 22:32:05.633: 161 test start:
2024-10-15 22:32:31.224: 161 avg_reward: 2072.0
2024-10-15 22:32:31.224: 161 avg_steps: 1310.1
2024-10-15 22:32:31.224: 161 epsilon: 0.1
2024-10-15 22:32:31.224: 161 q: 2.9152157
2024-10-15 22:42:41.872: 162 test start:
2024-10-15 22:43:18.439: 162 avg_reward: 6057.0
2024-10-15 22:43:18.439: 162 avg_steps: 1941.5
2024-10-15 22:43:18.439: 162 epsilon: 0.1
2024-10-15 22:43:18.440: 162 q: 2.8707755
2024-10-15 22:53:31.645: 163 test start:
2024-10-15 22:54:00.944: 163 avg_reward: 2657.0
2024-10-15 22:54:00.944: 163 avg_steps: 1486.45
2024-10-15 22:54:00.944: 163 epsilon: 0.1
2024-10-15 22:54:00.944: 163 q: 2.92031
2024-10-15 23:04:07.488: 164 test start:
2024-10-15 23:04:32.935: 164 avg_reward: 2542.0
2024-10-15 23:04:32.936: 164 avg_steps: 1342.5
2024-10-15 23:04:32.936: 164 epsilon: 0.1
2024-10-15 23:04:32.936: 164 q: 2.9372785
2024-10-15 23:15:02.757: 165 test start:
2024-10-15 23:15:30.963: 165 avg_reward: 4072.0
2024-10-15 23:15:30.964: 165 avg_steps: 1450.15
2024-10-15 23:15:30.964: 165 epsilon: 0.1
2024-10-15 23:15:30.964: 165 q: 2.9809964
2024-10-15 23:25:36.008: 166 test start:
2024-10-15 23:26:15.587: 166 avg_reward: 7227.0
2024-10-15 23:26:15.587: 166 avg_steps: 2091.25
2024-10-15 23:26:15.587: 166 epsilon: 0.1
2024-10-15 23:26:15.587: 166 q: 2.970129
2024-10-15 23:36:47.643: 167 test start:
2024-10-15 23:37:17.965: 167 avg_reward: 5092.0
2024-10-15 23:37:17.965: 167 avg_steps: 1597.3
2024-10-15 23:37:17.965: 167 epsilon: 0.1
2024-10-15 23:37:17.965: 167 q: 2.9885743
2024-10-15 23:47:07.037: 168 test start:
2024-10-15 23:47:41.529: 168 avg_reward: 5967.0
2024-10-15 23:47:41.529: 168 avg_steps: 1773.25
2024-10-15 23:47:41.529: 168 epsilon: 0.1
2024-10-15 23:47:41.529: 168 q: 3.0716484
2024-10-15 23:58:00.793: 169 test start:
2024-10-15 23:58:33.809: 169 avg_reward: 5187.0
2024-10-15 23:58:33.810: 169 avg_steps: 1750.35
2024-10-15 23:58:33.810: 169 epsilon: 0.1
2024-10-15 23:58:33.810: 169 q: 3.0732794
2024-10-16 00:08:39.588: 170 test start:
2024-10-16 00:09:13.362: 170 avg_reward: 2362.0
2024-10-16 00:09:13.362: 170 avg_steps: 1736.6
2024-10-16 00:09:13.362: 170 epsilon: 0.1
2024-10-16 00:09:13.363: 170 q: 3.0334346
2024-10-16 00:19:31.543: 171 test start:
2024-10-16 00:19:57.820: 171 avg_reward: 2707.0
2024-10-16 00:19:57.820: 171 avg_steps: 1385.4
2024-10-16 00:19:57.820: 171 epsilon: 0.1
2024-10-16 00:19:57.820: 171 q: 3.0283296
2024-10-16 00:30:08.260: 172 test start:
2024-10-16 00:30:41.765: 172 avg_reward: 6752.0
2024-10-16 00:30:41.766: 172 avg_steps: 1781.5
2024-10-16 00:30:41.766: 172 epsilon: 0.1
2024-10-16 00:30:41.766: 172 q: 2.9944503
2024-10-16 00:40:56.181: 173 test start:
2024-10-16 00:41:14.576: 173 avg_reward: 1967.0
2024-10-16 00:41:14.576: 173 avg_steps: 973.0
2024-10-16 00:41:14.576: 173 epsilon: 0.1
2024-10-16 00:41:14.576: 173 q: 2.959056
2024-10-16 00:51:33.491: 174 test start:
2024-10-16 00:52:05.415: 174 avg_reward: 4657.0
2024-10-16 00:52:05.415: 174 avg_steps: 1632.85
2024-10-16 00:52:05.415: 174 epsilon: 0.1
2024-10-16 00:52:05.415: 174 q: 2.9405725
2024-10-16 01:02:01.662: 175 test start:
2024-10-16 01:02:29.974: 175 avg_reward: 5817.0
2024-10-16 01:02:29.974: 175 avg_steps: 1492.1
2024-10-16 01:02:29.974: 175 epsilon: 0.1
2024-10-16 01:02:29.974: 175 q: 2.935958
2024-10-16 01:12:55.678: 176 test start:
2024-10-16 01:13:19.597: 176 avg_reward: 2852.0
2024-10-16 01:13:19.598: 176 avg_steps: 1245.8
2024-10-16 01:13:19.598: 176 epsilon: 0.1
2024-10-16 01:13:19.598: 176 q: 2.950862
2024-10-16 01:23:18.112: 177 test start:
2024-10-16 01:23:51.677: 177 avg_reward: 6942.0
2024-10-16 01:23:51.677: 177 avg_steps: 1751.9
2024-10-16 01:23:51.677: 177 epsilon: 0.1
2024-10-16 01:23:51.677: 177 q: 2.96656
2024-10-16 01:34:23.027: 178 test start:
2024-10-16 01:34:57.590: 178 avg_reward: 6767.0
2024-10-16 01:34:57.590: 178 avg_steps: 1809.4
2024-10-16 01:34:57.590: 178 epsilon: 0.1
2024-10-16 01:34:57.591: 178 q: 2.9973764
2024-10-16 01:45:02.381: 179 test start:
2024-10-16 01:45:36.970: 179 avg_reward: 6412.0
2024-10-16 01:45:36.970: 179 avg_steps: 1794.15
2024-10-16 01:45:36.970: 179 epsilon: 0.1
2024-10-16 01:45:36.970: 179 q: 2.9570765
2024-10-16 01:56:00.652: 180 test start:
2024-10-16 01:56:24.767: 180 avg_reward: 4592.0
2024-10-16 01:56:24.767: 180 avg_steps: 1285.85
2024-10-16 01:56:24.767: 180 epsilon: 0.1
2024-10-16 01:56:24.767: 180 q: 2.9229054
2024-10-16 02:06:41.180: 181 test start:
2024-10-16 02:07:10.479: 181 avg_reward: 4802.0
2024-10-16 02:07:10.479: 181 avg_steps: 1527.75
2024-10-16 02:07:10.479: 181 epsilon: 0.1
2024-10-16 02:07:10.479: 181 q: 2.897762
2024-10-16 02:17:33.185: 182 test start:
2024-10-16 02:18:08.367: 182 avg_reward: 7297.0
2024-10-16 02:18:08.368: 182 avg_steps: 1899.4
2024-10-16 02:18:08.368: 182 epsilon: 0.1
2024-10-16 02:18:08.368: 182 q: 2.9258158
2024-10-16 02:28:44.210: 183 test start:
2024-10-16 02:29:14.257: 183 avg_reward: 6192.0
2024-10-16 02:29:14.257: 183 avg_steps: 1580.9
2024-10-16 02:29:14.257: 183 epsilon: 0.1
2024-10-16 02:29:14.257: 183 q: 2.927952
2024-10-16 02:39:19.440: 184 test start:
2024-10-16 02:39:54.480: 184 avg_reward: 7727.0
2024-10-16 02:39:54.481: 184 avg_steps: 1853.7
2024-10-16 02:39:54.481: 184 epsilon: 0.1
2024-10-16 02:39:54.481: 184 q: 2.9223504
2024-10-16 02:50:32.706: 185 test start:
2024-10-16 02:51:01.898: 185 avg_reward: 3317.0
2024-10-16 02:51:01.898: 185 avg_steps: 1570.2
2024-10-16 02:51:01.898: 185 epsilon: 0.1
2024-10-16 02:51:01.898: 185 q: 2.9460335
2024-10-16 03:00:57.351: 186 test start:
2024-10-16 03:01:47.410: 186 avg_reward: 5517.0
2024-10-16 03:01:47.410: 186 avg_steps: 2612.15
2024-10-16 03:01:47.415: 186 epsilon: 0.1
2024-10-16 03:01:47.415: 186 q: 2.9441006
2024-10-16 03:12:24.199: 187 test start:
2024-10-16 03:12:57.312: 187 avg_reward: 7392.0
2024-10-16 03:12:57.312: 187 avg_steps: 1750.2
2024-10-16 03:12:57.313: 187 epsilon: 0.1
2024-10-16 03:12:57.313: 187 q: 2.9352808
2024-10-16 03:23:30.653: 188 test start:
2024-10-16 03:24:03.971: 188 avg_reward: 6812.0
2024-10-16 03:24:03.972: 188 avg_steps: 1766.2
2024-10-16 03:24:03.972: 188 epsilon: 0.1
2024-10-16 03:24:03.972: 188 q: 2.8728907
2024-10-16 03:34:36.168: 189 test start:
2024-10-16 03:35:11.882: 189 avg_reward: 6587.0
2024-10-16 03:35:11.882: 189 avg_steps: 1884.55
2024-10-16 03:35:11.882: 189 epsilon: 0.1
2024-10-16 03:35:11.883: 189 q: 2.8162358
2024-10-16 03:45:35.503: 190 test start:
2024-10-16 03:46:07.953: 190 avg_reward: 6057.0
2024-10-16 03:46:07.953: 190 avg_steps: 1697.75
2024-10-16 03:46:07.953: 190 epsilon: 0.1
2024-10-16 03:46:07.953: 190 q: 2.847827
2024-10-16 03:56:39.125: 191 test start:
2024-10-16 03:57:11.302: 191 avg_reward: 6052.0
2024-10-16 03:57:11.302: 191 avg_steps: 1673.45
2024-10-16 03:57:11.302: 191 epsilon: 0.1
2024-10-16 03:57:11.302: 191 q: 2.8066208
2024-10-16 04:07:37.253: 192 test start:
2024-10-16 04:08:07.592: 192 avg_reward: 4307.0
2024-10-16 04:08:07.592: 192 avg_steps: 1605.45
2024-10-16 04:08:07.592: 192 epsilon: 0.1
2024-10-16 04:08:07.592: 192 q: 2.8315065
2024-10-16 04:18:37.699: 193 test start:
2024-10-16 04:19:08.041: 193 avg_reward: 4917.0
2024-10-16 04:19:08.041: 193 avg_steps: 1595.45
2024-10-16 04:19:08.041: 193 epsilon: 0.1
2024-10-16 04:19:08.041: 193 q: 2.8371792
2024-10-16 04:29:35.927: 194 test start:
2024-10-16 04:30:12.536: 194 avg_reward: 9362.0
2024-10-16 04:30:12.536: 194 avg_steps: 1872.65
2024-10-16 04:30:12.537: 194 epsilon: 0.1
2024-10-16 04:30:12.537: 194 q: 2.8190484
2024-10-16 04:40:43.500: 195 test start:
2024-10-16 04:41:07.723: 195 avg_reward: 1032.0
2024-10-16 04:41:07.723: 195 avg_steps: 1242.45
2024-10-16 04:41:07.723: 195 epsilon: 0.1
2024-10-16 04:41:07.723: 195 q: 2.8442183
2024-10-16 04:51:36.687: 196 test start:
2024-10-16 04:52:11.805: 196 avg_reward: 7117.0
2024-10-16 04:52:11.805: 196 avg_steps: 1787.2
2024-10-16 04:52:11.805: 196 epsilon: 0.1
2024-10-16 04:52:11.805: 196 q: 2.8303082
2024-10-16 05:02:46.367: 197 test start:
2024-10-16 05:03:16.480: 197 avg_reward: 5392.0
2024-10-16 05:03:16.480: 197 avg_steps: 1521.1
2024-10-16 05:03:16.480: 197 epsilon: 0.1
2024-10-16 05:03:16.480: 197 q: 2.8319814
2024-10-16 05:13:34.874: 198 test start:
2024-10-16 05:14:07.757: 198 avg_reward: 4642.0
2024-10-16 05:14:07.757: 198 avg_steps: 1715.85
2024-10-16 05:14:07.757: 198 epsilon: 0.1
2024-10-16 05:14:07.757: 198 q: 2.8412743
2024-10-16 05:24:44.530: 199 test start:
2024-10-16 05:25:17.052: 199 avg_reward: 3392.0
2024-10-16 05:25:17.052: 199 avg_steps: 1648.6
2024-10-16 05:25:17.052: 199 epsilon: 0.1
2024-10-16 05:25:17.052: 199 q: 2.8880806
2024-10-16 05:36:03.163: 200 test start:
2024-10-16 05:36:33.062: 200 avg_reward: 3062.0
2024-10-16 05:36:33.062: 200 avg_steps: 1512.3
2024-10-16 05:36:33.062: 200 epsilon: 0.1
2024-10-16 05:36:33.062: 200 q: 2.8935077
