2024-10-11 16:47:43.626: 
parameters:agent_test_episodes: 20
batch_num_per_epoch: 250000
device: cuda:0
env_name: ALE/SpaceInvaders-v5
epsilon_for_test: 0.05
epsilon_max: 1.0
epsilon_min: 0.1
exp_name: ALE-SpaceInvaders-v5_2024-10-11-16-47-43
exp_path: ../exps/dqn/
exploration_steps: 1000000
gamma: 0.99
held_out_states_num: 1000
learning_rate: 0.00025
mini_batch_size: 32
model_update_freq: 4
n_times: 5
no_op_max: 30
phi_channel: 4
replay_buffer_size: 1000000
replay_start_size: 50000
save_model: true
screen_size: 84
seed: 0
skip_k_frame: 4
step_c: 10000
training_steps: 50000000

2024-10-11 16:47:43.728: env id: ALE/SpaceInvaders-v5 |repeat_action_probability: 0 
2024-10-11 16:47:43.728: screen_size: 84 | grayscale_obs:True 
scale_obs:False | action space size: 6
remove flickering: True | frame skip: 4
state space shape: (210, 160, 3) 
2024-10-11 16:47:44.021: optimizer: RMSprop (
Parameter Group 0
    alpha: 0.95
    centered: False
    differentiable: False
    eps: 0.01
    foreach: None
    lr: 0.00025
    maximize: False
    momentum: 0
    weight_decay: 0
)
2024-10-11 16:57:02.234: 1 test start:
2024-10-11 16:57:14.319: 1 avg_reward: 226.0
2024-10-11 16:57:14.319: 1 avg_steps: 661.8
2024-10-11 16:57:14.319: 1 epsilon: 0.8199091
2024-10-11 16:57:14.319: 1 q: 0.18269837
2024-10-11 17:07:43.702: 2 test start:
2024-10-11 17:07:56.733: 2 avg_reward: 286.8
2024-10-11 17:07:56.734: 2 avg_steps: 695.3
2024-10-11 17:07:56.734: 2 epsilon: 0.5946913
2024-10-11 17:07:56.734: 2 q: 0.48272246
2024-10-11 17:17:48.803: 3 test start:
2024-10-11 17:18:00.160: 3 avg_reward: 242.75
2024-10-11 17:18:00.161: 3 avg_steps: 581.75
2024-10-11 17:18:00.161: 3 epsilon: 0.3696147999999999
2024-10-11 17:18:00.161: 3 q: 0.60470206
2024-10-11 18:06:02.543: 4 test start:
2024-10-11 18:06:14.463: 4 avg_reward: 53.0
2024-10-11 18:06:14.464: 4 avg_steps: 630.6
2024-10-11 18:06:14.464: 4 epsilon: 0.14439519999999995
2024-10-11 18:06:14.464: 4 q: 0.75846326
2024-10-11 18:16:44.561: 5 test start:
2024-10-11 18:16:57.065: 5 avg_reward: 215.0
2024-10-11 18:16:57.065: 5 avg_steps: 649.2
2024-10-11 18:16:57.065: 5 epsilon: 0.1
2024-10-11 18:16:57.065: 5 q: 0.9730642
2024-10-11 18:27:26.704: 6 test start:
2024-10-11 18:27:38.984: 6 avg_reward: 224.75
2024-10-11 18:27:38.984: 6 avg_steps: 641.05
2024-10-11 18:27:38.984: 6 epsilon: 0.1
2024-10-11 18:27:38.984: 6 q: 1.0755235
2024-10-11 18:38:07.126: 7 test start:
2024-10-11 18:38:21.539: 7 avg_reward: 253.0
2024-10-11 18:38:21.539: 7 avg_steps: 737.75
2024-10-11 18:38:21.539: 7 epsilon: 0.1
2024-10-11 18:38:21.539: 7 q: 1.2238976
2024-10-11 18:48:51.333: 8 test start:
2024-10-11 18:49:03.740: 8 avg_reward: 304.25
2024-10-11 18:49:03.740: 8 avg_steps: 629.05
2024-10-11 18:49:03.740: 8 epsilon: 0.1
2024-10-11 18:49:03.740: 8 q: 1.3930281
2024-10-11 18:59:34.128: 9 test start:
2024-10-11 18:59:47.185: 9 avg_reward: 309.55
2024-10-11 18:59:47.185: 9 avg_steps: 654.9
2024-10-11 18:59:47.185: 9 epsilon: 0.1
2024-10-11 18:59:47.185: 9 q: 1.505178
2024-10-11 19:10:19.582: 10 test start:
2024-10-11 19:10:31.417: 10 avg_reward: 280.25
2024-10-11 19:10:31.417: 10 avg_steps: 595.05
2024-10-11 19:10:31.417: 10 epsilon: 0.1
2024-10-11 19:10:31.417: 10 q: 1.576306
2024-10-11 19:21:03.329: 11 test start:
2024-10-11 19:21:14.573: 11 avg_reward: 242.5
2024-10-11 19:21:14.573: 11 avg_steps: 580.05
2024-10-11 19:21:14.573: 11 epsilon: 0.1
2024-10-11 19:21:14.573: 11 q: 1.7029058
2024-10-11 19:31:43.521: 12 test start:
2024-10-11 19:31:54.256: 12 avg_reward: 234.25
2024-10-11 19:31:54.256: 12 avg_steps: 570.0
2024-10-11 19:31:54.256: 12 epsilon: 0.1
2024-10-11 19:31:54.256: 12 q: 1.7552598
2024-10-11 19:42:23.874: 13 test start:
2024-10-11 19:42:32.641: 13 avg_reward: 196.75
2024-10-11 19:42:32.641: 13 avg_steps: 447.9
2024-10-11 19:42:32.642: 13 epsilon: 0.1
2024-10-11 19:42:32.642: 13 q: 1.8348447
2024-10-11 19:53:04.942: 14 test start:
2024-10-11 19:53:16.679: 14 avg_reward: 284.75
2024-10-11 19:53:16.679: 14 avg_steps: 594.1
2024-10-11 19:53:16.679: 14 epsilon: 0.1
2024-10-11 19:53:16.679: 14 q: 2.008427
2024-10-11 20:03:47.516: 15 test start:
2024-10-11 20:04:00.188: 15 avg_reward: 319.95
2024-10-11 20:04:00.188: 15 avg_steps: 644.3
2024-10-11 20:04:00.188: 15 epsilon: 0.1
2024-10-11 20:04:00.189: 15 q: 2.1089354
2024-10-11 20:14:31.428: 16 test start:
2024-10-11 20:14:44.403: 16 avg_reward: 445.55
2024-10-11 20:14:44.403: 16 avg_steps: 684.5
2024-10-11 20:14:44.403: 16 epsilon: 0.1
2024-10-11 20:14:44.403: 16 q: 2.311898
2024-10-11 20:25:17.623: 17 test start:
2024-10-11 20:25:32.628: 17 avg_reward: 480.85
2024-10-11 20:25:32.629: 17 avg_steps: 774.45
2024-10-11 20:25:32.629: 17 epsilon: 0.1
2024-10-11 20:25:32.629: 17 q: 2.4550786
2024-10-11 20:36:02.867: 18 test start:
2024-10-11 20:36:17.658: 18 avg_reward: 445.55
2024-10-11 20:36:17.658: 18 avg_steps: 769.55
2024-10-11 20:36:17.658: 18 epsilon: 0.1
2024-10-11 20:36:17.658: 18 q: 2.6032586
2024-10-11 20:46:44.036: 19 test start:
2024-10-11 20:46:58.594: 19 avg_reward: 527.65
2024-10-11 20:46:58.594: 19 avg_steps: 765.55
2024-10-11 20:46:58.594: 19 epsilon: 0.1
2024-10-11 20:46:58.594: 19 q: 2.794311
2024-10-11 20:57:32.346: 20 test start:
2024-10-11 20:57:48.155: 20 avg_reward: 584.6
2024-10-11 20:57:48.155: 20 avg_steps: 841.05
2024-10-11 20:57:48.155: 20 epsilon: 0.1
2024-10-11 20:57:48.155: 20 q: 2.9775229
2024-10-11 21:08:18.422: 21 test start:
2024-10-11 21:08:36.731: 21 avg_reward: 605.1
2024-10-11 21:08:36.731: 21 avg_steps: 968.7
2024-10-11 21:08:36.731: 21 epsilon: 0.1
2024-10-11 21:08:36.731: 21 q: 3.1485894
2024-10-11 21:19:06.830: 22 test start:
2024-10-11 21:19:23.181: 22 avg_reward: 593.65
2024-10-11 21:19:23.181: 22 avg_steps: 872.45
2024-10-11 21:19:23.181: 22 epsilon: 0.1
2024-10-11 21:19:23.181: 22 q: 3.2243652
2024-10-11 21:29:49.898: 23 test start:
2024-10-11 21:30:04.989: 23 avg_reward: 569.3
2024-10-11 21:30:04.989: 23 avg_steps: 787.2
2024-10-11 21:30:04.989: 23 epsilon: 0.1
2024-10-11 21:30:04.989: 23 q: 3.518262
2024-10-11 21:40:32.108: 24 test start:
2024-10-11 21:40:50.043: 24 avg_reward: 604.8
2024-10-11 21:40:50.043: 24 avg_steps: 935.0
2024-10-11 21:40:50.043: 24 epsilon: 0.1
2024-10-11 21:40:50.043: 24 q: 3.6079526
2024-10-11 21:51:13.082: 25 test start:
2024-10-11 21:51:30.808: 25 avg_reward: 646.25
2024-10-11 21:51:30.809: 25 avg_steps: 912.3
2024-10-11 21:51:30.809: 25 epsilon: 0.1
2024-10-11 21:51:30.809: 25 q: 3.8261795
2024-10-11 22:01:54.335: 26 test start:
2024-10-11 22:02:11.598: 26 avg_reward: 640.4
2024-10-11 22:02:11.598: 26 avg_steps: 896.15
2024-10-11 22:02:11.598: 26 epsilon: 0.1
2024-10-11 22:02:11.599: 26 q: 4.088844
2024-10-11 22:12:38.351: 27 test start:
2024-10-11 22:12:53.958: 27 avg_reward: 584.7
2024-10-11 22:12:53.958: 27 avg_steps: 806.35
2024-10-11 22:12:53.958: 27 epsilon: 0.1
2024-10-11 22:12:53.958: 27 q: 4.154738
2024-10-11 22:23:14.768: 28 test start:
2024-10-11 22:23:31.754: 28 avg_reward: 627.7
2024-10-11 22:23:31.754: 28 avg_steps: 881.0
2024-10-11 22:23:31.754: 28 epsilon: 0.1
2024-10-11 22:23:31.754: 28 q: 4.4919834
2024-10-11 22:33:56.380: 29 test start:
2024-10-11 22:34:08.587: 29 avg_reward: 438.8
2024-10-11 22:34:08.587: 29 avg_steps: 627.65
2024-10-11 22:34:08.587: 29 epsilon: 0.1
2024-10-11 22:34:08.587: 29 q: 4.733704
2024-10-11 22:44:33.982: 30 test start:
2024-10-11 22:44:44.873: 30 avg_reward: 355.75
2024-10-11 22:44:44.873: 30 avg_steps: 556.0
2024-10-11 22:44:44.873: 30 epsilon: 0.1
2024-10-11 22:44:44.873: 30 q: 4.925448
2024-10-11 22:55:12.303: 31 test start:
2024-10-11 22:55:27.302: 31 avg_reward: 616.55
2024-10-11 22:55:27.303: 31 avg_steps: 808.65
2024-10-11 22:55:27.303: 31 epsilon: 0.1
2024-10-11 22:55:27.303: 31 q: 5.132453
2024-10-11 23:05:50.729: 32 test start:
2024-10-11 23:06:06.930: 32 avg_reward: 638.3
2024-10-11 23:06:06.931: 32 avg_steps: 842.2
2024-10-11 23:06:06.931: 32 epsilon: 0.1
2024-10-11 23:06:06.931: 32 q: 5.2628527
2024-10-11 23:16:31.839: 33 test start:
2024-10-11 23:16:46.656: 33 avg_reward: 529.5
2024-10-11 23:16:46.657: 33 avg_steps: 759.95
2024-10-11 23:16:46.657: 33 epsilon: 0.1
2024-10-11 23:16:46.657: 33 q: 5.4411435
2024-10-11 23:27:09.916: 34 test start:
2024-10-11 23:27:27.284: 34 avg_reward: 663.5
2024-10-11 23:27:27.284: 34 avg_steps: 905.75
2024-10-11 23:27:27.284: 34 epsilon: 0.1
2024-10-11 23:27:27.284: 34 q: 5.463426
2024-10-11 23:37:52.643: 35 test start:
2024-10-11 23:38:10.593: 35 avg_reward: 691.95
2024-10-11 23:38:10.593: 35 avg_steps: 936.65
2024-10-11 23:38:10.593: 35 epsilon: 0.1
2024-10-11 23:38:10.593: 35 q: 5.517793
2024-10-11 23:48:33.394: 36 test start:
2024-10-11 23:48:46.287: 36 avg_reward: 455.4
2024-10-11 23:48:46.288: 36 avg_steps: 662.4
2024-10-11 23:48:46.288: 36 epsilon: 0.1
2024-10-11 23:48:46.288: 36 q: 5.738266
2024-10-11 23:59:09.907: 37 test start:
2024-10-11 23:59:24.040: 37 avg_reward: 557.95
2024-10-11 23:59:24.040: 37 avg_steps: 725.1
2024-10-11 23:59:24.040: 37 epsilon: 0.1
2024-10-11 23:59:24.040: 37 q: 5.81185
2024-10-12 00:09:49.098: 38 test start:
2024-10-12 00:10:06.842: 38 avg_reward: 698.8
2024-10-12 00:10:06.842: 38 avg_steps: 913.55
2024-10-12 00:10:06.842: 38 epsilon: 0.1
2024-10-12 00:10:06.842: 38 q: 5.918718
2024-10-12 00:20:29.582: 39 test start:
2024-10-12 00:20:44.626: 39 avg_reward: 533.85
2024-10-12 00:20:44.626: 39 avg_steps: 773.1
2024-10-12 00:20:44.626: 39 epsilon: 0.1
2024-10-12 00:20:44.627: 39 q: 6.016625
2024-10-12 00:31:08.771: 40 test start:
2024-10-12 00:31:23.185: 40 avg_reward: 566.5
2024-10-12 00:31:23.185: 40 avg_steps: 743.35
2024-10-12 00:31:23.185: 40 epsilon: 0.1
2024-10-12 00:31:23.185: 40 q: 6.0435886
2024-10-12 00:41:43.658: 41 test start:
2024-10-12 00:41:58.186: 41 avg_reward: 532.4
2024-10-12 00:41:58.187: 41 avg_steps: 740.05
2024-10-12 00:41:58.187: 41 epsilon: 0.1
2024-10-12 00:41:58.187: 41 q: 6.2241693
2024-10-12 00:52:19.060: 42 test start:
2024-10-12 00:52:36.734: 42 avg_reward: 707.1
2024-10-12 00:52:36.734: 42 avg_steps: 919.9
2024-10-12 00:52:36.734: 42 epsilon: 0.1
2024-10-12 00:52:36.734: 42 q: 6.124292
2024-10-12 01:02:57.711: 43 test start:
2024-10-12 01:03:11.964: 43 avg_reward: 540.05
2024-10-12 01:03:11.964: 43 avg_steps: 738.75
2024-10-12 01:03:11.964: 43 epsilon: 0.1
2024-10-12 01:03:11.964: 43 q: 6.0924215
2024-10-12 01:13:34.023: 44 test start:
2024-10-12 01:13:47.364: 44 avg_reward: 530.4
2024-10-12 01:13:47.364: 44 avg_steps: 709.95
2024-10-12 01:13:47.364: 44 epsilon: 0.1
2024-10-12 01:13:47.364: 44 q: 6.18593
2024-10-12 01:24:12.853: 45 test start:
2024-10-12 01:24:25.683: 45 avg_reward: 487.6
2024-10-12 01:24:25.683: 45 avg_steps: 662.25
2024-10-12 01:24:25.683: 45 epsilon: 0.1
2024-10-12 01:24:25.683: 45 q: 6.206829
2024-10-12 01:34:46.226: 46 test start:
2024-10-12 01:35:03.010: 46 avg_reward: 685.7
2024-10-12 01:35:03.010: 46 avg_steps: 874.8
2024-10-12 01:35:03.010: 46 epsilon: 0.1
2024-10-12 01:35:03.010: 46 q: 6.2238827
2024-10-12 01:45:27.296: 47 test start:
2024-10-12 01:45:41.393: 47 avg_reward: 507.25
2024-10-12 01:45:41.393: 47 avg_steps: 716.7
2024-10-12 01:45:41.393: 47 epsilon: 0.1
2024-10-12 01:45:41.393: 47 q: 6.1973767
2024-10-12 01:55:59.982: 48 test start:
2024-10-12 01:56:16.216: 48 avg_reward: 666.3
2024-10-12 01:56:16.216: 48 avg_steps: 840.8
2024-10-12 01:56:16.216: 48 epsilon: 0.1
2024-10-12 01:56:16.216: 48 q: 6.2275634
2024-10-12 02:06:36.251: 49 test start:
2024-10-12 02:06:54.399: 49 avg_reward: 734.4
2024-10-12 02:06:54.399: 49 avg_steps: 935.05
2024-10-12 02:06:54.399: 49 epsilon: 0.1
2024-10-12 02:06:54.399: 49 q: 6.314428
2024-10-12 02:17:13.882: 50 test start:
2024-10-12 02:17:30.784: 50 avg_reward: 675.8
2024-10-12 02:17:30.784: 50 avg_steps: 883.35
2024-10-12 02:17:30.784: 50 epsilon: 0.1
2024-10-12 02:17:30.784: 50 q: 6.3085155
2024-10-12 02:27:49.732: 51 test start:
2024-10-12 02:28:06.739: 51 avg_reward: 695.15
2024-10-12 02:28:06.739: 51 avg_steps: 882.75
2024-10-12 02:28:06.739: 51 epsilon: 0.1
2024-10-12 02:28:06.739: 51 q: 6.364058
2024-10-12 02:38:30.634: 52 test start:
2024-10-12 02:38:50.777: 52 avg_reward: 800.95
2024-10-12 02:38:50.777: 52 avg_steps: 1048.95
2024-10-12 02:38:50.777: 52 epsilon: 0.1
2024-10-12 02:38:50.777: 52 q: 6.398692
2024-10-12 02:49:12.627: 53 test start:
2024-10-12 02:49:28.626: 53 avg_reward: 647.0
2024-10-12 02:49:28.627: 53 avg_steps: 844.5
2024-10-12 02:49:28.627: 53 epsilon: 0.1
2024-10-12 02:49:28.627: 53 q: 6.3328342
2024-10-12 02:59:51.695: 54 test start:
2024-10-12 03:00:07.828: 54 avg_reward: 669.2
2024-10-12 03:00:07.828: 54 avg_steps: 871.4
2024-10-12 03:00:07.828: 54 epsilon: 0.1
2024-10-12 03:00:07.828: 54 q: 6.197586
2024-10-12 03:10:29.917: 55 test start:
2024-10-12 03:10:46.132: 55 avg_reward: 685.1
2024-10-12 03:10:46.132: 55 avg_steps: 846.45
2024-10-12 03:10:46.132: 55 epsilon: 0.1
2024-10-12 03:10:46.132: 55 q: 6.270956
2024-10-12 03:21:12.534: 56 test start:
2024-10-12 03:21:27.363: 56 avg_reward: 568.75
2024-10-12 03:21:27.363: 56 avg_steps: 770.7
2024-10-12 03:21:27.363: 56 epsilon: 0.1
2024-10-12 03:21:27.363: 56 q: 6.319066
2024-10-12 03:31:47.445: 57 test start:
2024-10-12 03:32:05.826: 57 avg_reward: 763.45
2024-10-12 03:32:05.826: 57 avg_steps: 984.3
2024-10-12 03:32:05.827: 57 epsilon: 0.1
2024-10-12 03:32:05.827: 57 q: 6.3758507
2024-10-12 03:42:30.846: 58 test start:
2024-10-12 03:42:48.145: 58 avg_reward: 695.1
2024-10-12 03:42:48.145: 58 avg_steps: 903.0
2024-10-12 03:42:48.145: 58 epsilon: 0.1
2024-10-12 03:42:48.145: 58 q: 6.3206162
2024-10-12 03:53:08.169: 59 test start:
2024-10-12 03:53:29.712: 59 avg_reward: 887.4
2024-10-12 03:53:29.712: 59 avg_steps: 1117.15
2024-10-12 03:53:29.712: 59 epsilon: 0.1
2024-10-12 03:53:29.712: 59 q: 6.3897166
2024-10-12 04:03:52.066: 60 test start:
2024-10-12 04:04:11.881: 60 avg_reward: 825.75
2024-10-12 04:04:11.881: 60 avg_steps: 1030.2
2024-10-12 04:04:11.881: 60 epsilon: 0.1
2024-10-12 04:04:11.881: 60 q: 6.3559976
2024-10-12 04:14:32.065: 61 test start:
2024-10-12 04:14:49.231: 61 avg_reward: 741.8
2024-10-12 04:14:49.231: 61 avg_steps: 889.4
2024-10-12 04:14:49.231: 61 epsilon: 0.1
2024-10-12 04:14:49.231: 61 q: 6.3989615
2024-10-12 04:25:10.859: 62 test start:
2024-10-12 04:25:23.953: 62 avg_reward: 539.65
2024-10-12 04:25:23.954: 62 avg_steps: 695.65
2024-10-12 04:25:23.954: 62 epsilon: 0.1
2024-10-12 04:25:23.954: 62 q: 6.405674
2024-10-12 04:35:44.986: 63 test start:
2024-10-12 04:35:58.642: 63 avg_reward: 569.65
2024-10-12 04:35:58.642: 63 avg_steps: 707.4
2024-10-12 04:35:58.642: 63 epsilon: 0.1
2024-10-12 04:35:58.642: 63 q: 6.4219737
2024-10-12 04:46:21.736: 64 test start:
2024-10-12 04:46:36.200: 64 avg_reward: 573.8
2024-10-12 04:46:36.200: 64 avg_steps: 743.15
2024-10-12 04:46:36.200: 64 epsilon: 0.1
2024-10-12 04:46:36.200: 64 q: 6.4236007
2024-10-12 04:56:59.643: 65 test start:
2024-10-12 04:57:16.595: 65 avg_reward: 766.45
2024-10-12 04:57:16.595: 65 avg_steps: 902.55
2024-10-12 04:57:16.595: 65 epsilon: 0.1
2024-10-12 04:57:16.595: 65 q: 6.4680223
2024-10-12 05:07:36.792: 66 test start:
2024-10-12 05:07:52.932: 66 avg_reward: 644.95
2024-10-12 05:07:52.932: 66 avg_steps: 855.55
2024-10-12 05:07:52.932: 66 epsilon: 0.1
2024-10-12 05:07:52.932: 66 q: 6.3542285
2024-10-12 05:18:12.356: 67 test start:
2024-10-12 05:18:26.101: 67 avg_reward: 523.2
2024-10-12 05:18:26.101: 67 avg_steps: 714.6
2024-10-12 05:18:26.107: 67 epsilon: 0.1
2024-10-12 05:18:26.107: 67 q: 6.385779
2024-10-12 05:28:47.512: 68 test start:
2024-10-12 05:29:06.235: 68 avg_reward: 784.85
2024-10-12 05:29:06.235: 68 avg_steps: 980.05
2024-10-12 05:29:06.235: 68 epsilon: 0.1
2024-10-12 05:29:06.235: 68 q: 6.5126114
2024-10-12 05:39:25.599: 69 test start:
2024-10-12 05:39:37.825: 69 avg_reward: 441.4
2024-10-12 05:39:37.825: 69 avg_steps: 625.3
2024-10-12 05:39:37.825: 69 epsilon: 0.1
2024-10-12 05:39:37.825: 69 q: 6.656104
2024-10-12 05:50:00.792: 70 test start:
2024-10-12 05:50:15.185: 70 avg_reward: 604.5
2024-10-12 05:50:15.185: 70 avg_steps: 750.75
2024-10-12 05:50:15.185: 70 epsilon: 0.1
2024-10-12 05:50:15.185: 70 q: 6.6563787
2024-10-12 06:00:41.690: 71 test start:
2024-10-12 06:00:59.219: 71 avg_reward: 749.0
2024-10-12 06:00:59.219: 71 avg_steps: 937.25
2024-10-12 06:00:59.219: 71 epsilon: 0.1
2024-10-12 06:00:59.219: 71 q: 6.6906414
2024-10-12 06:11:29.788: 72 test start:
2024-10-12 06:11:51.090: 72 avg_reward: 896.7
2024-10-12 06:11:51.090: 72 avg_steps: 1103.8
2024-10-12 06:11:51.090: 72 epsilon: 0.1
2024-10-12 06:11:51.090: 72 q: 6.6495557
2024-10-12 06:22:37.470: 73 test start:
2024-10-12 06:22:53.482: 73 avg_reward: 623.5
2024-10-12 06:22:53.482: 73 avg_steps: 813.0
2024-10-12 06:22:53.482: 73 epsilon: 0.1
2024-10-12 06:22:53.482: 73 q: 6.6840043
2024-10-12 06:33:39.719: 74 test start:
2024-10-12 06:33:59.575: 74 avg_reward: 841.7
2024-10-12 06:33:59.575: 74 avg_steps: 1004.2
2024-10-12 06:33:59.575: 74 epsilon: 0.1
2024-10-12 06:33:59.575: 74 q: 6.695617
2024-10-12 06:44:44.094: 75 test start:
2024-10-12 06:45:02.189: 75 avg_reward: 701.6
2024-10-12 06:45:02.189: 75 avg_steps: 915.4
2024-10-12 06:45:02.189: 75 epsilon: 0.1
2024-10-12 06:45:02.189: 75 q: 6.7698135
2024-10-12 06:55:49.586: 76 test start:
2024-10-12 06:56:08.720: 76 avg_reward: 815.75
2024-10-12 06:56:08.720: 76 avg_steps: 975.85
2024-10-12 06:56:08.720: 76 epsilon: 0.1
2024-10-12 06:56:08.720: 76 q: 6.7323585
2024-10-12 07:06:57.019: 77 test start:
2024-10-12 07:07:10.724: 77 avg_reward: 526.5
2024-10-12 07:07:10.725: 77 avg_steps: 694.25
2024-10-12 07:07:10.725: 77 epsilon: 0.1
2024-10-12 07:07:10.725: 77 q: 6.778209
2024-10-12 07:17:57.079: 78 test start:
2024-10-12 07:18:15.028: 78 avg_reward: 695.5
2024-10-12 07:18:15.028: 78 avg_steps: 911.3
2024-10-12 07:18:15.034: 78 epsilon: 0.1
2024-10-12 07:18:15.034: 78 q: 6.6999106
2024-10-12 07:29:02.066: 79 test start:
2024-10-12 07:29:19.402: 79 avg_reward: 657.65
2024-10-12 07:29:19.402: 79 avg_steps: 885.35
2024-10-12 07:29:19.402: 79 epsilon: 0.1
2024-10-12 07:29:19.402: 79 q: 6.724476
2024-10-12 07:40:04.544: 80 test start:
2024-10-12 07:40:23.666: 80 avg_reward: 797.4
2024-10-12 07:40:23.667: 80 avg_steps: 979.4
2024-10-12 07:40:23.667: 80 epsilon: 0.1
2024-10-12 07:40:23.667: 80 q: 6.7815166
2024-10-12 07:51:08.669: 81 test start:
2024-10-12 07:51:27.145: 81 avg_reward: 724.35
2024-10-12 07:51:27.145: 81 avg_steps: 934.65
2024-10-12 07:51:27.145: 81 epsilon: 0.1
2024-10-12 07:51:27.145: 81 q: 6.8984394
2024-10-12 08:02:13.042: 82 test start:
2024-10-12 08:02:31.578: 82 avg_reward: 823.15
2024-10-12 08:02:31.579: 82 avg_steps: 943.25
2024-10-12 08:02:31.579: 82 epsilon: 0.1
2024-10-12 08:02:31.579: 82 q: 6.8269825
2024-10-12 08:13:16.484: 83 test start:
2024-10-12 08:13:38.728: 83 avg_reward: 918.45
2024-10-12 08:13:38.728: 83 avg_steps: 1146.75
2024-10-12 08:13:38.728: 83 epsilon: 0.1
2024-10-12 08:13:38.728: 83 q: 6.744121
2024-10-12 08:24:21.841: 84 test start:
2024-10-12 08:24:42.951: 84 avg_reward: 917.05
2024-10-12 08:24:42.951: 84 avg_steps: 1076.6
2024-10-12 08:24:42.952: 84 epsilon: 0.1
2024-10-12 08:24:42.952: 84 q: 6.774494
2024-10-12 08:35:32.559: 85 test start:
2024-10-12 08:35:44.999: 85 avg_reward: 454.5
2024-10-12 08:35:44.999: 85 avg_steps: 624.05
2024-10-12 08:35:44.999: 85 epsilon: 0.1
2024-10-12 08:35:44.999: 85 q: 6.793701
2024-10-12 08:46:34.950: 86 test start:
2024-10-12 08:46:53.037: 86 avg_reward: 765.7
2024-10-12 08:46:53.037: 86 avg_steps: 928.3
2024-10-12 08:46:53.037: 86 epsilon: 0.1
2024-10-12 08:46:53.037: 86 q: 6.6947856
2024-10-12 08:57:41.998: 87 test start:
2024-10-12 08:58:02.198: 87 avg_reward: 807.5
2024-10-12 08:58:02.199: 87 avg_steps: 1027.4
2024-10-12 08:58:02.199: 87 epsilon: 0.1
2024-10-12 08:58:02.199: 87 q: 6.658589
2024-10-12 09:08:53.596: 88 test start:
2024-10-12 09:09:12.008: 88 avg_reward: 775.75
2024-10-12 09:09:12.008: 88 avg_steps: 950.4
2024-10-12 09:09:12.008: 88 epsilon: 0.1
2024-10-12 09:09:12.009: 88 q: 6.600613
2024-10-12 09:20:00.003: 89 test start:
2024-10-12 09:20:19.815: 89 avg_reward: 820.2
2024-10-12 09:20:19.816: 89 avg_steps: 1040.05
2024-10-12 09:20:19.816: 89 epsilon: 0.1
2024-10-12 09:20:19.816: 89 q: 6.6146226
2024-10-12 09:31:11.867: 90 test start:
2024-10-12 09:31:28.488: 90 avg_reward: 675.8
2024-10-12 09:31:28.488: 90 avg_steps: 864.6
2024-10-12 09:31:28.488: 90 epsilon: 0.1
2024-10-12 09:31:28.488: 90 q: 6.580921
2024-10-12 09:42:18.883: 91 test start:
2024-10-12 09:42:37.446: 91 avg_reward: 787.7
2024-10-12 09:42:37.446: 91 avg_steps: 945.6
2024-10-12 09:42:37.446: 91 epsilon: 0.1
2024-10-12 09:42:37.446: 91 q: 6.6668177
2024-10-12 09:53:26.113: 92 test start:
2024-10-12 09:53:42.115: 92 avg_reward: 660.1
2024-10-12 09:53:42.115: 92 avg_steps: 807.05
2024-10-12 09:53:42.115: 92 epsilon: 0.1
2024-10-12 09:53:42.115: 92 q: 6.6868954
2024-10-12 10:04:32.832: 93 test start:
2024-10-12 10:04:44.893: 93 avg_reward: 430.8
2024-10-12 10:04:44.893: 93 avg_steps: 600.25
2024-10-12 10:04:44.893: 93 epsilon: 0.1
2024-10-12 10:04:44.893: 93 q: 6.651837
2024-10-12 10:15:28.435: 94 test start:
2024-10-12 10:15:44.705: 94 avg_reward: 739.4
2024-10-12 10:15:44.705: 94 avg_steps: 874.75
2024-10-12 10:15:44.705: 94 epsilon: 0.1
2024-10-12 10:15:44.705: 94 q: 6.693285
2024-10-12 10:26:11.603: 95 test start:
2024-10-12 10:26:28.186: 95 avg_reward: 713.1
2024-10-12 10:26:28.186: 95 avg_steps: 862.6
2024-10-12 10:26:28.186: 95 epsilon: 0.1
2024-10-12 10:26:28.186: 95 q: 6.813631
2024-10-12 10:37:17.193: 96 test start:
2024-10-12 10:37:33.611: 96 avg_reward: 763.1
2024-10-12 10:37:33.611: 96 avg_steps: 890.85
2024-10-12 10:37:33.611: 96 epsilon: 0.1
2024-10-12 10:37:33.611: 96 q: 6.7089963
2024-10-12 10:48:26.265: 97 test start:
2024-10-12 10:48:46.446: 97 avg_reward: 845.5
2024-10-12 10:48:46.446: 97 avg_steps: 1082.3
2024-10-12 10:48:46.447: 97 epsilon: 0.1
2024-10-12 10:48:46.447: 97 q: 6.6413026
2024-10-12 10:59:26.055: 98 test start:
2024-10-12 10:59:44.100: 98 avg_reward: 759.5
2024-10-12 10:59:44.100: 98 avg_steps: 961.15
2024-10-12 10:59:44.100: 98 epsilon: 0.1
2024-10-12 10:59:44.100: 98 q: 6.653569
2024-10-12 11:10:17.142: 99 test start:
2024-10-12 11:10:33.253: 99 avg_reward: 665.8
2024-10-12 11:10:33.253: 99 avg_steps: 816.25
2024-10-12 11:10:33.253: 99 epsilon: 0.1
2024-10-12 11:10:33.253: 99 q: 6.6845284
2024-10-12 11:21:02.360: 100 test start:
2024-10-12 11:21:21.697: 100 avg_reward: 857.3
2024-10-12 11:21:21.698: 100 avg_steps: 1006.75
2024-10-12 11:21:21.698: 100 epsilon: 0.1
2024-10-12 11:21:21.698: 100 q: 6.743079
2024-10-12 11:32:07.018: 101 test start:
2024-10-12 11:32:24.535: 101 avg_reward: 733.75
2024-10-12 11:32:24.535: 101 avg_steps: 886.45
2024-10-12 11:32:24.535: 101 epsilon: 0.1
2024-10-12 11:32:24.535: 101 q: 6.664712
2024-10-12 11:43:14.473: 102 test start:
2024-10-12 11:43:35.162: 102 avg_reward: 916.75
2024-10-12 11:43:35.162: 102 avg_steps: 1069.2
2024-10-12 11:43:35.162: 102 epsilon: 0.1
2024-10-12 11:43:35.162: 102 q: 6.6799073
2024-10-12 11:54:07.724: 103 test start:
2024-10-12 11:54:27.079: 103 avg_reward: 824.4
2024-10-12 11:54:27.079: 103 avg_steps: 998.65
2024-10-12 11:54:27.079: 103 epsilon: 0.1
2024-10-12 11:54:27.079: 103 q: 6.6995635
2024-10-12 12:04:42.488: 104 test start:
2024-10-12 12:04:57.998: 104 avg_reward: 677.55
2024-10-12 12:04:57.999: 104 avg_steps: 833.65
2024-10-12 12:04:57.999: 104 epsilon: 0.1
2024-10-12 12:04:57.999: 104 q: 6.6162615
2024-10-12 12:15:17.473: 105 test start:
2024-10-12 12:15:37.726: 105 avg_reward: 846.9
2024-10-12 12:15:37.726: 105 avg_steps: 1049.25
2024-10-12 12:15:37.726: 105 epsilon: 0.1
2024-10-12 12:15:37.726: 105 q: 6.504008
2024-10-12 12:26:04.918: 106 test start:
2024-10-12 12:26:17.093: 106 avg_reward: 457.55
2024-10-12 12:26:17.093: 106 avg_steps: 616.6
2024-10-12 12:26:17.093: 106 epsilon: 0.1
2024-10-12 12:26:17.093: 106 q: 6.59885
2024-10-12 12:36:29.789: 107 test start:
2024-10-12 12:36:47.747: 107 avg_reward: 790.7
2024-10-12 12:36:47.747: 107 avg_steps: 943.95
2024-10-12 12:36:47.747: 107 epsilon: 0.1
2024-10-12 12:36:47.747: 107 q: 6.5771093
2024-10-12 12:47:30.113: 108 test start:
2024-10-12 12:47:49.571: 108 avg_reward: 886.3
2024-10-12 12:47:49.571: 108 avg_steps: 1000.05
2024-10-12 12:47:49.571: 108 epsilon: 0.1
2024-10-12 12:47:49.571: 108 q: 6.5925336
2024-10-12 12:58:06.846: 109 test start:
2024-10-12 12:58:24.399: 109 avg_reward: 765.3
2024-10-12 12:58:24.399: 109 avg_steps: 900.05
2024-10-12 12:58:24.400: 109 epsilon: 0.1
2024-10-12 12:58:24.400: 109 q: 6.5947556
2024-10-12 13:09:06.265: 110 test start:
2024-10-12 13:09:28.584: 110 avg_reward: 1005.15
2024-10-12 13:09:28.584: 110 avg_steps: 1218.0
2024-10-12 13:09:28.584: 110 epsilon: 0.1
2024-10-12 13:09:28.584: 110 q: 6.6458235
2024-10-12 13:19:30.169: 111 test start:
2024-10-12 13:19:54.929: 111 avg_reward: 1127.2
2024-10-12 13:19:54.929: 111 avg_steps: 1283.1
2024-10-12 13:19:54.929: 111 epsilon: 0.1
2024-10-12 13:19:54.929: 111 q: 6.6416016
2024-10-12 13:30:28.285: 112 test start:
2024-10-12 13:30:48.989: 112 avg_reward: 911.2
2024-10-12 13:30:48.989: 112 avg_steps: 1073.7
2024-10-12 13:30:48.989: 112 epsilon: 0.1
2024-10-12 13:30:48.989: 112 q: 6.6724105
2024-10-12 13:41:17.525: 113 test start:
2024-10-12 13:41:32.894: 113 avg_reward: 577.3
2024-10-12 13:41:32.894: 113 avg_steps: 815.4
2024-10-12 13:41:32.894: 113 epsilon: 0.1
2024-10-12 13:41:32.894: 113 q: 6.6582813
2024-10-12 13:51:53.143: 114 test start:
2024-10-12 13:52:13.052: 114 avg_reward: 842.25
2024-10-12 13:52:13.052: 114 avg_steps: 1035.05
2024-10-12 13:52:13.052: 114 epsilon: 0.1
2024-10-12 13:52:13.052: 114 q: 6.648544
2024-10-12 14:02:32.246: 115 test start:
2024-10-12 14:02:48.969: 115 avg_reward: 721.35
2024-10-12 14:02:48.969: 115 avg_steps: 891.85
2024-10-12 14:02:48.969: 115 epsilon: 0.1
2024-10-12 14:02:48.969: 115 q: 6.6844873
2024-10-12 14:13:30.843: 116 test start:
2024-10-12 14:13:45.399: 116 avg_reward: 667.45
2024-10-12 14:13:45.400: 116 avg_steps: 799.65
2024-10-12 14:13:45.400: 116 epsilon: 0.1
2024-10-12 14:13:45.400: 116 q: 6.6002784
2024-10-12 14:24:17.315: 117 test start:
2024-10-12 14:24:38.565: 117 avg_reward: 1023.4
2024-10-12 14:24:38.565: 117 avg_steps: 1127.1
2024-10-12 14:24:38.565: 117 epsilon: 0.1
2024-10-12 14:24:38.565: 117 q: 6.600441
2024-10-12 14:35:10.939: 118 test start:
2024-10-12 14:35:25.402: 118 avg_reward: 601.05
2024-10-12 14:35:25.402: 118 avg_steps: 752.75
2024-10-12 14:35:25.402: 118 epsilon: 0.1
2024-10-12 14:35:25.402: 118 q: 6.5877914
2024-10-12 14:46:00.551: 119 test start:
2024-10-12 14:46:21.510: 119 avg_reward: 949.2
2024-10-12 14:46:21.510: 119 avg_steps: 1060.45
2024-10-12 14:46:21.510: 119 epsilon: 0.1
2024-10-12 14:46:21.510: 119 q: 6.5453515
2024-10-12 14:56:42.750: 120 test start:
2024-10-12 14:57:02.763: 120 avg_reward: 884.9
2024-10-12 14:57:02.763: 120 avg_steps: 1053.1
2024-10-12 14:57:02.763: 120 epsilon: 0.1
2024-10-12 14:57:02.764: 120 q: 6.6827326
2024-10-12 15:07:44.765: 121 test start:
2024-10-12 15:08:06.929: 121 avg_reward: 1064.75
2024-10-12 15:08:06.929: 121 avg_steps: 1175.25
2024-10-12 15:08:06.929: 121 epsilon: 0.1
2024-10-12 15:08:06.930: 121 q: 6.5609617
2024-10-12 15:18:21.285: 122 test start:
2024-10-12 15:18:44.414: 122 avg_reward: 1054.5
2024-10-12 15:18:44.415: 122 avg_steps: 1176.3
2024-10-12 15:18:44.415: 122 epsilon: 0.1
2024-10-12 15:18:44.415: 122 q: 6.5469728
2024-10-12 15:29:26.008: 123 test start:
2024-10-12 15:29:43.363: 123 avg_reward: 749.05
2024-10-12 15:29:43.364: 123 avg_steps: 919.25
2024-10-12 15:29:43.364: 123 epsilon: 0.1
2024-10-12 15:29:43.364: 123 q: 6.5301766
2024-10-12 15:40:15.823: 124 test start:
2024-10-12 15:40:36.883: 124 avg_reward: 941.25
2024-10-12 15:40:36.884: 124 avg_steps: 1069.8
2024-10-12 15:40:36.884: 124 epsilon: 0.1
2024-10-12 15:40:36.884: 124 q: 6.5436482
2024-10-12 15:51:09.514: 125 test start:
2024-10-12 15:51:27.603: 125 avg_reward: 843.8
2024-10-12 15:51:27.603: 125 avg_steps: 954.45
2024-10-12 15:51:27.603: 125 epsilon: 0.1
2024-10-12 15:51:27.603: 125 q: 6.5056386
2024-10-12 16:02:05.838: 126 test start:
2024-10-12 16:02:22.435: 126 avg_reward: 725.15
2024-10-12 16:02:22.435: 126 avg_steps: 859.5
2024-10-12 16:02:22.435: 126 epsilon: 0.1
2024-10-12 16:02:22.435: 126 q: 6.4274893
2024-10-12 16:12:46.971: 127 test start:
2024-10-12 16:13:03.067: 127 avg_reward: 712.75
2024-10-12 16:13:03.067: 127 avg_steps: 853.8
2024-10-12 16:13:03.067: 127 epsilon: 0.1
2024-10-12 16:13:03.067: 127 q: 6.435573
2024-10-12 16:23:47.131: 128 test start:
2024-10-12 16:24:07.484: 128 avg_reward: 915.8
2024-10-12 16:24:07.484: 128 avg_steps: 1041.7
2024-10-12 16:24:07.484: 128 epsilon: 0.1
2024-10-12 16:24:07.484: 128 q: 6.4957314
2024-10-12 16:34:18.755: 129 test start:
2024-10-12 16:34:40.336: 129 avg_reward: 937.55
2024-10-12 16:34:40.336: 129 avg_steps: 1117.0
2024-10-12 16:34:40.337: 129 epsilon: 0.1
2024-10-12 16:34:40.337: 129 q: 6.4906306
2024-10-12 16:45:13.987: 130 test start:
2024-10-12 16:45:31.524: 130 avg_reward: 780.15
2024-10-12 16:45:31.524: 130 avg_steps: 926.8
2024-10-12 16:45:31.524: 130 epsilon: 0.1
2024-10-12 16:45:31.524: 130 q: 6.42408
2024-10-12 16:55:41.119: 131 test start:
2024-10-12 16:55:57.259: 131 avg_reward: 698.5
2024-10-12 16:55:57.260: 131 avg_steps: 841.45
2024-10-12 16:55:57.260: 131 epsilon: 0.1
2024-10-12 16:55:57.260: 131 q: 6.488558
2024-10-12 17:06:09.245: 132 test start:
2024-10-12 17:06:22.324: 132 avg_reward: 594.05
2024-10-12 17:06:22.324: 132 avg_steps: 700.45
2024-10-12 17:06:22.324: 132 epsilon: 0.1
2024-10-12 17:06:22.324: 132 q: 6.5111747
2024-10-12 17:16:25.551: 133 test start:
2024-10-12 17:16:46.108: 133 avg_reward: 881.25
2024-10-12 17:16:46.108: 133 avg_steps: 1075.2
2024-10-12 17:16:46.108: 133 epsilon: 0.1
2024-10-12 17:16:46.108: 133 q: 6.4528656
2024-10-12 17:26:57.093: 134 test start:
2024-10-12 17:27:16.828: 134 avg_reward: 874.25
2024-10-12 17:27:16.828: 134 avg_steps: 1066.1
2024-10-12 17:27:16.828: 134 epsilon: 0.1
2024-10-12 17:27:16.828: 134 q: 6.471532
2024-10-12 17:37:31.047: 135 test start:
2024-10-12 17:37:48.484: 135 avg_reward: 858.8
2024-10-12 17:37:48.484: 135 avg_steps: 959.25
2024-10-12 17:37:48.484: 135 epsilon: 0.1
2024-10-12 17:37:48.484: 135 q: 6.468502
2024-10-12 17:47:56.258: 136 test start:
2024-10-12 17:48:18.724: 136 avg_reward: 1027.05
2024-10-12 17:48:18.724: 136 avg_steps: 1260.05
2024-10-12 17:48:18.724: 136 epsilon: 0.1
2024-10-12 17:48:18.725: 136 q: 6.541507
2024-10-12 17:58:38.958: 137 test start:
2024-10-12 17:59:00.154: 137 avg_reward: 931.4
2024-10-12 17:59:00.154: 137 avg_steps: 1118.55
2024-10-12 17:59:00.154: 137 epsilon: 0.1
2024-10-12 17:59:00.154: 137 q: 6.549117
2024-10-12 18:08:46.863: 138 test start:
2024-10-12 18:09:06.664: 138 avg_reward: 955.85
2024-10-12 18:09:06.664: 138 avg_steps: 1059.7
2024-10-12 18:09:06.664: 138 epsilon: 0.1
2024-10-12 18:09:06.664: 138 q: 6.5231524
2024-10-12 18:19:30.517: 139 test start:
2024-10-12 18:19:53.208: 139 avg_reward: 1120.25
2024-10-12 18:19:53.209: 139 avg_steps: 1218.05
2024-10-12 18:19:53.209: 139 epsilon: 0.1
2024-10-12 18:19:53.209: 139 q: 6.5392685
2024-10-12 18:29:41.743: 140 test start:
2024-10-12 18:30:04.442: 140 avg_reward: 1065.75
2024-10-12 18:30:04.442: 140 avg_steps: 1206.65
2024-10-12 18:30:04.442: 140 epsilon: 0.1
2024-10-12 18:30:04.442: 140 q: 6.469847
2024-10-12 18:40:24.595: 141 test start:
2024-10-12 18:40:46.542: 141 avg_reward: 984.3
2024-10-12 18:40:46.542: 141 avg_steps: 1185.65
2024-10-12 18:40:46.542: 141 epsilon: 0.1
2024-10-12 18:40:46.542: 141 q: 6.435774
2024-10-12 18:50:45.885: 142 test start:
2024-10-12 18:51:05.016: 142 avg_reward: 914.35
2024-10-12 18:51:05.016: 142 avg_steps: 987.35
2024-10-12 18:51:05.016: 142 epsilon: 0.1
2024-10-12 18:51:05.016: 142 q: 6.4141445
2024-10-12 19:01:22.658: 143 test start:
2024-10-12 19:01:42.521: 143 avg_reward: 940.05
2024-10-12 19:01:42.521: 143 avg_steps: 1058.25
2024-10-12 19:01:42.526: 143 epsilon: 0.1
2024-10-12 19:01:42.527: 143 q: 6.3835993
2024-10-12 19:11:54.344: 144 test start:
2024-10-12 19:12:16.012: 144 avg_reward: 1031.5
2024-10-12 19:12:16.012: 144 avg_steps: 1124.45
2024-10-12 19:12:16.012: 144 epsilon: 0.1
2024-10-12 19:12:16.012: 144 q: 6.338228
2024-10-12 19:22:23.846: 145 test start:
2024-10-12 19:22:44.308: 145 avg_reward: 988.5
2024-10-12 19:22:44.308: 145 avg_steps: 1098.0
2024-10-12 19:22:44.308: 145 epsilon: 0.1
2024-10-12 19:22:44.308: 145 q: 6.2966805
2024-10-12 19:32:57.029: 146 test start:
2024-10-12 19:33:13.297: 146 avg_reward: 746.05
2024-10-12 19:33:13.297: 146 avg_steps: 847.2
2024-10-12 19:33:13.297: 146 epsilon: 0.1
2024-10-12 19:33:13.297: 146 q: 6.3134217
2024-10-12 19:43:11.805: 147 test start:
2024-10-12 19:43:35.100: 147 avg_reward: 1102.8
2024-10-12 19:43:35.100: 147 avg_steps: 1247.15
2024-10-12 19:43:35.100: 147 epsilon: 0.1
2024-10-12 19:43:35.100: 147 q: 6.2687855
2024-10-12 19:54:06.267: 148 test start:
2024-10-12 19:54:21.711: 148 avg_reward: 686.3
2024-10-12 19:54:21.711: 148 avg_steps: 804.0
2024-10-12 19:54:21.711: 148 epsilon: 0.1
2024-10-12 19:54:21.711: 148 q: 6.3154497
2024-10-12 20:04:23.357: 149 test start:
2024-10-12 20:04:38.603: 149 avg_reward: 684.5
2024-10-12 20:04:38.603: 149 avg_steps: 815.95
2024-10-12 20:04:38.603: 149 epsilon: 0.1
2024-10-12 20:04:38.603: 149 q: 6.340436
2024-10-12 20:15:07.247: 150 test start:
2024-10-12 20:15:28.794: 150 avg_reward: 1094.85
2024-10-12 20:15:28.794: 150 avg_steps: 1179.4
2024-10-12 20:15:28.794: 150 epsilon: 0.1
2024-10-12 20:15:28.794: 150 q: 6.336494
2024-10-12 20:25:18.351: 151 test start:
2024-10-12 20:25:39.050: 151 avg_reward: 978.75
2024-10-12 20:25:39.051: 151 avg_steps: 1111.75
2024-10-12 20:25:39.051: 151 epsilon: 0.1
2024-10-12 20:25:39.051: 151 q: 6.3581
2024-10-12 20:35:58.760: 152 test start:
2024-10-12 20:36:14.969: 152 avg_reward: 760.4
2024-10-12 20:36:14.969: 152 avg_steps: 873.35
2024-10-12 20:36:14.969: 152 epsilon: 0.1
2024-10-12 20:36:14.969: 152 q: 6.3094335
2024-10-12 20:46:08.791: 153 test start:
2024-10-12 20:46:29.505: 153 avg_reward: 944.3
2024-10-12 20:46:29.505: 153 avg_steps: 1073.3
2024-10-12 20:46:29.505: 153 epsilon: 0.1
2024-10-12 20:46:29.505: 153 q: 6.334288
2024-10-12 20:56:46.709: 154 test start:
2024-10-12 20:57:10.116: 154 avg_reward: 1121.5
2024-10-12 20:57:10.116: 154 avg_steps: 1267.8
2024-10-12 20:57:10.116: 154 epsilon: 0.1
2024-10-12 20:57:10.116: 154 q: 6.3466425
2024-10-12 21:07:08.170: 155 test start:
2024-10-12 21:07:27.642: 155 avg_reward: 872.35
2024-10-12 21:07:27.643: 155 avg_steps: 1022.65
2024-10-12 21:07:27.643: 155 epsilon: 0.1
2024-10-12 21:07:27.643: 155 q: 6.3290005
2024-10-12 21:17:36.664: 156 test start:
2024-10-12 21:17:56.519: 156 avg_reward: 898.6
2024-10-12 21:17:56.520: 156 avg_steps: 1066.9
2024-10-12 21:17:56.520: 156 epsilon: 0.1
2024-10-12 21:17:56.520: 156 q: 6.2730274
2024-10-12 21:27:57.963: 157 test start:
2024-10-12 21:28:15.910: 157 avg_reward: 771.0
2024-10-12 21:28:15.910: 157 avg_steps: 925.85
2024-10-12 21:28:15.911: 157 epsilon: 0.1
2024-10-12 21:28:15.911: 157 q: 6.2051663
2024-10-12 21:38:28.412: 158 test start:
2024-10-12 21:38:42.971: 158 avg_reward: 599.6
2024-10-12 21:38:42.972: 158 avg_steps: 768.15
2024-10-12 21:38:42.972: 158 epsilon: 0.1
2024-10-12 21:38:42.972: 158 q: 6.218438
2024-10-12 21:49:20.531: 159 test start:
2024-10-12 21:49:37.860: 159 avg_reward: 778.05
2024-10-12 21:49:37.861: 159 avg_steps: 918.9
2024-10-12 21:49:37.861: 159 epsilon: 0.1
2024-10-12 21:49:37.861: 159 q: 6.1775045
2024-10-12 21:59:50.599: 160 test start:
2024-10-12 22:00:14.336: 160 avg_reward: 1190.45
2024-10-12 22:00:14.337: 160 avg_steps: 1294.2
2024-10-12 22:00:14.337: 160 epsilon: 0.1
2024-10-12 22:00:14.337: 160 q: 6.1662407
2024-10-12 22:11:05.530: 161 test start:
2024-10-12 22:11:28.418: 161 avg_reward: 1076.15
2024-10-12 22:11:28.419: 161 avg_steps: 1193.2
2024-10-12 22:11:28.419: 161 epsilon: 0.1
2024-10-12 22:11:28.419: 161 q: 6.091046
2024-10-12 22:21:43.073: 162 test start:
2024-10-12 22:22:03.712: 162 avg_reward: 971.85
2024-10-12 22:22:03.712: 162 avg_steps: 1073.4
2024-10-12 22:22:03.712: 162 epsilon: 0.1
2024-10-12 22:22:03.712: 162 q: 6.1187363
2024-10-12 22:32:45.352: 163 test start:
2024-10-12 22:33:06.033: 163 avg_reward: 1011.4
2024-10-12 22:33:06.033: 163 avg_steps: 1105.35
2024-10-12 22:33:06.039: 163 epsilon: 0.1
2024-10-12 22:33:06.039: 163 q: 6.1768017
2024-10-12 22:43:35.207: 164 test start:
2024-10-12 22:43:57.800: 164 avg_reward: 1018.8
2024-10-12 22:43:57.800: 164 avg_steps: 1167.55
2024-10-12 22:43:57.800: 164 epsilon: 0.1
2024-10-12 22:43:57.800: 164 q: 6.1585736
2024-10-12 22:54:25.257: 165 test start:
2024-10-12 22:54:46.397: 165 avg_reward: 951.8
2024-10-12 22:54:46.397: 165 avg_steps: 1120.8
2024-10-12 22:54:46.397: 165 epsilon: 0.1
2024-10-12 22:54:46.397: 165 q: 6.138671
2024-10-12 23:05:29.192: 166 test start:
2024-10-12 23:05:49.688: 166 avg_reward: 937.0
2024-10-12 23:05:49.688: 166 avg_steps: 1087.75
2024-10-12 23:05:49.688: 166 epsilon: 0.1
2024-10-12 23:05:49.688: 166 q: 6.1878176
2024-10-12 23:16:04.265: 167 test start:
2024-10-12 23:16:24.563: 167 avg_reward: 1084.75
2024-10-12 23:16:24.563: 167 avg_steps: 1089.05
2024-10-12 23:16:24.563: 167 epsilon: 0.1
2024-10-12 23:16:24.563: 167 q: 6.1568513
2024-10-12 23:27:14.058: 168 test start:
2024-10-12 23:27:31.678: 168 avg_reward: 835.1
2024-10-12 23:27:31.678: 168 avg_steps: 934.7
2024-10-12 23:27:31.678: 168 epsilon: 0.1
2024-10-12 23:27:31.678: 168 q: 6.1502333
2024-10-12 23:37:41.538: 169 test start:
2024-10-12 23:38:01.539: 169 avg_reward: 937.65
2024-10-12 23:38:01.539: 169 avg_steps: 1070.05
2024-10-12 23:38:01.539: 169 epsilon: 0.1
2024-10-12 23:38:01.539: 169 q: 6.073343
2024-10-12 23:48:35.877: 170 test start:
2024-10-12 23:48:52.438: 170 avg_reward: 743.55
2024-10-12 23:48:52.443: 170 avg_steps: 883.8
2024-10-12 23:48:52.443: 170 epsilon: 0.1
2024-10-12 23:48:52.443: 170 q: 6.1030793
2024-10-12 23:59:02.121: 171 test start:
2024-10-12 23:59:21.428: 171 avg_reward: 904.1
2024-10-12 23:59:21.428: 171 avg_steps: 1004.15
2024-10-12 23:59:21.428: 171 epsilon: 0.1
2024-10-12 23:59:21.428: 171 q: 6.1235895
2024-10-13 00:09:39.740: 172 test start:
2024-10-13 00:09:59.075: 172 avg_reward: 922.6
2024-10-13 00:09:59.075: 172 avg_steps: 1039.35
2024-10-13 00:09:59.075: 172 epsilon: 0.1
2024-10-13 00:09:59.075: 172 q: 6.1522536
2024-10-13 00:20:11.282: 173 test start:
2024-10-13 00:20:25.505: 173 avg_reward: 605.0
2024-10-13 00:20:25.505: 173 avg_steps: 730.05
2024-10-13 00:20:25.505: 173 epsilon: 0.1
2024-10-13 00:20:25.505: 173 q: 6.2148895
2024-10-13 00:30:25.211: 174 test start:
2024-10-13 00:30:42.064: 174 avg_reward: 823.8
2024-10-13 00:30:42.064: 174 avg_steps: 901.9
2024-10-13 00:30:42.064: 174 epsilon: 0.1
2024-10-13 00:30:42.064: 174 q: 6.212685
2024-10-13 00:41:04.235: 175 test start:
2024-10-13 00:41:29.839: 175 avg_reward: 1202.2
2024-10-13 00:41:29.840: 175 avg_steps: 1317.4
2024-10-13 00:41:29.840: 175 epsilon: 0.1
2024-10-13 00:41:29.840: 175 q: 6.188496
2024-10-13 00:51:33.775: 176 test start:
2024-10-13 00:51:52.640: 176 avg_reward: 934.8
2024-10-13 00:51:52.640: 176 avg_steps: 1016.25
2024-10-13 00:51:52.640: 176 epsilon: 0.1
2024-10-13 00:51:52.640: 176 q: 6.302708
2024-10-13 01:02:17.886: 177 test start:
2024-10-13 01:02:36.608: 177 avg_reward: 875.25
2024-10-13 01:02:36.609: 177 avg_steps: 1000.95
2024-10-13 01:02:36.609: 177 epsilon: 0.1
2024-10-13 01:02:36.609: 177 q: 6.312751
2024-10-13 01:12:31.265: 178 test start:
2024-10-13 01:12:55.104: 178 avg_reward: 1158.65
2024-10-13 01:12:55.104: 178 avg_steps: 1276.1
2024-10-13 01:12:55.104: 178 epsilon: 0.1
2024-10-13 01:12:55.104: 178 q: 6.299609
2024-10-13 01:23:18.876: 179 test start:
2024-10-13 01:23:37.955: 179 avg_reward: 955.0
2024-10-13 01:23:37.955: 179 avg_steps: 1035.0
2024-10-13 01:23:37.955: 179 epsilon: 0.1
2024-10-13 01:23:37.955: 179 q: 6.3165236
2024-10-13 01:33:32.770: 180 test start:
2024-10-13 01:33:52.104: 180 avg_reward: 924.35
2024-10-13 01:33:52.104: 180 avg_steps: 1000.8
2024-10-13 01:33:52.104: 180 epsilon: 0.1
2024-10-13 01:33:52.105: 180 q: 6.370885
2024-10-13 01:44:03.242: 181 test start:
2024-10-13 01:44:23.152: 181 avg_reward: 999.45
2024-10-13 01:44:23.152: 181 avg_steps: 1093.35
2024-10-13 01:44:23.152: 181 epsilon: 0.1
2024-10-13 01:44:23.152: 181 q: 6.440865
2024-10-13 01:54:27.262: 182 test start:
2024-10-13 01:54:45.585: 182 avg_reward: 830.25
2024-10-13 01:54:45.585: 182 avg_steps: 950.8
2024-10-13 01:54:45.585: 182 epsilon: 0.1
2024-10-13 01:54:45.585: 182 q: 6.4054065
2024-10-13 02:04:54.815: 183 test start:
2024-10-13 02:05:11.839: 183 avg_reward: 769.5
2024-10-13 02:05:11.839: 183 avg_steps: 897.35
2024-10-13 02:05:11.839: 183 epsilon: 0.1
2024-10-13 02:05:11.839: 183 q: 6.402276
2024-10-13 02:15:18.449: 184 test start:
2024-10-13 02:15:40.177: 184 avg_reward: 1089.95
2024-10-13 02:15:40.178: 184 avg_steps: 1163.8
2024-10-13 02:15:40.178: 184 epsilon: 0.1
2024-10-13 02:15:40.178: 184 q: 6.371408
2024-10-13 02:25:57.953: 185 test start:
2024-10-13 02:26:19.991: 185 avg_reward: 1133.35
2024-10-13 02:26:19.991: 185 avg_steps: 1185.55
2024-10-13 02:26:19.991: 185 epsilon: 0.1
2024-10-13 02:26:19.991: 185 q: 6.3029523
2024-10-13 02:36:52.463: 186 test start:
2024-10-13 02:37:14.042: 186 avg_reward: 1047.4
2024-10-13 02:37:14.042: 186 avg_steps: 1122.4
2024-10-13 02:37:14.042: 186 epsilon: 0.1
2024-10-13 02:37:14.043: 186 q: 6.3239417
2024-10-13 02:47:22.269: 187 test start:
2024-10-13 02:47:41.923: 187 avg_reward: 923.0
2024-10-13 02:47:41.924: 187 avg_steps: 1053.7
2024-10-13 02:47:41.924: 187 epsilon: 0.1
2024-10-13 02:47:41.924: 187 q: 6.2794333
2024-10-13 02:58:24.486: 188 test start:
2024-10-13 02:58:38.501: 188 avg_reward: 589.6
2024-10-13 02:58:38.501: 188 avg_steps: 710.55
2024-10-13 02:58:38.501: 188 epsilon: 0.1
2024-10-13 02:58:38.502: 188 q: 6.330559
2024-10-13 03:08:49.444: 189 test start:
2024-10-13 03:09:05.336: 189 avg_reward: 694.0
2024-10-13 03:09:05.336: 189 avg_steps: 807.05
2024-10-13 03:09:05.337: 189 epsilon: 0.1
2024-10-13 03:09:05.337: 189 q: 6.3182974
2024-10-13 03:19:42.547: 190 test start:
2024-10-13 03:20:01.744: 190 avg_reward: 833.85
2024-10-13 03:20:01.745: 190 avg_steps: 1028.75
2024-10-13 03:20:01.745: 190 epsilon: 0.1
2024-10-13 03:20:01.745: 190 q: 6.2957287
2024-10-13 03:30:11.539: 191 test start:
2024-10-13 03:30:32.363: 191 avg_reward: 971.6
2024-10-13 03:30:32.363: 191 avg_steps: 1073.95
2024-10-13 03:30:32.363: 191 epsilon: 0.1
2024-10-13 03:30:32.363: 191 q: 6.2402287
2024-10-13 03:41:00.627: 192 test start:
2024-10-13 03:41:18.441: 192 avg_reward: 829.55
2024-10-13 03:41:18.441: 192 avg_steps: 945.45
2024-10-13 03:41:18.441: 192 epsilon: 0.1
2024-10-13 03:41:18.441: 192 q: 6.1749673
2024-10-13 03:51:26.401: 193 test start:
2024-10-13 03:51:43.327: 193 avg_reward: 789.3
2024-10-13 03:51:43.327: 193 avg_steps: 873.4
2024-10-13 03:51:43.327: 193 epsilon: 0.1
2024-10-13 03:51:43.328: 193 q: 6.308019
2024-10-13 04:01:51.514: 194 test start:
2024-10-13 04:02:09.329: 194 avg_reward: 860.55
2024-10-13 04:02:09.330: 194 avg_steps: 951.3
2024-10-13 04:02:09.330: 194 epsilon: 0.1
2024-10-13 04:02:09.330: 194 q: 6.2602305
2024-10-13 04:12:27.483: 195 test start:
2024-10-13 04:12:42.055: 195 avg_reward: 608.75
2024-10-13 04:12:42.055: 195 avg_steps: 751.0
2024-10-13 04:12:42.055: 195 epsilon: 0.1
2024-10-13 04:12:42.056: 195 q: 6.2374735
2024-10-13 04:22:44.163: 196 test start:
2024-10-13 04:23:06.008: 196 avg_reward: 1106.5
2024-10-13 04:23:06.008: 196 avg_steps: 1198.5
2024-10-13 04:23:06.009: 196 epsilon: 0.1
2024-10-13 04:23:06.009: 196 q: 6.2874002
2024-10-13 04:33:29.233: 197 test start:
2024-10-13 04:33:48.346: 197 avg_reward: 895.3
2024-10-13 04:33:48.346: 197 avg_steps: 1029.85
2024-10-13 04:33:48.346: 197 epsilon: 0.1
2024-10-13 04:33:48.346: 197 q: 6.396381
2024-10-13 04:43:37.146: 198 test start:
2024-10-13 04:44:00.465: 198 avg_reward: 1123.25
2024-10-13 04:44:00.465: 198 avg_steps: 1258.75
2024-10-13 04:44:00.466: 198 epsilon: 0.1
2024-10-13 04:44:00.466: 198 q: 6.337769
2024-10-13 04:54:29.358: 199 test start:
2024-10-13 04:54:45.647: 199 avg_reward: 723.5
2024-10-13 04:54:45.647: 199 avg_steps: 841.55
2024-10-13 04:54:45.647: 199 epsilon: 0.1
2024-10-13 04:54:45.647: 199 q: 6.3331456
2024-10-13 05:04:46.255: 200 test start:
2024-10-13 05:05:10.952: 200 avg_reward: 1167.0
2024-10-13 05:05:10.952: 200 avg_steps: 1273.4
2024-10-13 05:05:10.952: 200 epsilon: 0.1
2024-10-13 05:05:10.952: 200 q: 6.35875
