2024-05-01 10:28:12.677: 
parameters:agent_saving_period: 80000
agent_test_episodes: 20
batch_num_per_epoch: 100000
device: cuda:0
env_name: ALE/Phoenix-v5
epsilon_for_test: 0.05
epsilon_max: 1.0
epsilon_min: 0.1
exploration_steps: 1000000
gamma: 0.99
input_frame_height: 84
input_frame_width: 84
learning_rate: 1.0e-05
log_path: ../exps/dqn/
mini_batch_size: 32
no_op: 30
phi_channel: 4
replay_buffer_size: 200000
replay_start_size: 10000
save_path: ./exps/
skip_k_frame: 4
step_c: 10000
training_steps: 50000000

2024-05-01 10:46:21.908: 1 test start:
2024-05-01 10:47:00.255: 1 avg_reward: 382.0
2024-05-01 10:47:00.256: 1 avg_steps: 1183.0
2024-05-01 10:47:00.256: 1 epsilon: 0.9203194
2024-05-01 11:09:29.270: 2 test start:
2024-05-01 11:10:03.106: 2 avg_reward: 440.5
2024-05-01 11:10:03.107: 2 avg_steps: 1082.2
2024-05-01 11:10:03.107: 2 epsilon: 0.8335594
2024-05-01 11:34:03.409: 3 test start:
2024-05-01 11:34:30.128: 3 avg_reward: 505.5
2024-05-01 11:34:30.128: 3 avg_steps: 839.8
2024-05-01 11:34:30.128: 3 epsilon: 0.7474546
2024-05-01 11:58:20.866: 4 test start:
2024-05-01 11:58:43.248: 4 avg_reward: 656.0
2024-05-01 11:58:43.248: 4 avg_steps: 700.6
2024-05-01 11:58:43.248: 4 epsilon: 0.6609862
2024-05-01 12:22:49.832: 5 test start:
2024-05-01 12:23:12.839: 5 avg_reward: 923.5
2024-05-01 12:23:12.839: 5 avg_steps: 710.2
2024-05-01 12:23:12.839: 5 epsilon: 0.5745484
2024-05-01 12:47:06.141: 6 test start:
2024-05-01 12:47:30.466: 6 avg_reward: 794.0
2024-05-01 12:47:30.466: 6 avg_steps: 754.2
2024-05-01 12:47:30.466: 6 epsilon: 0.4889781999999999
2024-05-01 13:11:57.518: 7 test start:
2024-05-01 13:12:18.290: 7 avg_reward: 628.5
2024-05-01 13:12:18.291: 7 avg_steps: 660.6
2024-05-01 13:12:18.291: 7 epsilon: 0.4024287999999999
2024-05-01 13:36:10.256: 8 test start:
2024-05-01 13:36:36.195: 8 avg_reward: 1220.0
2024-05-01 13:36:36.196: 8 avg_steps: 821.4
2024-05-01 13:36:36.196: 8 epsilon: 0.3162609999999999
2024-05-01 14:01:35.093: 9 test start:
2024-05-01 14:02:07.585: 9 avg_reward: 1935.0
2024-05-01 14:02:07.585: 9 avg_steps: 1032.6
2024-05-01 14:02:07.585: 9 epsilon: 0.22996629999999996
2024-05-01 14:27:13.534: 10 test start:
2024-05-01 14:27:56.431: 10 avg_reward: 1275.5
2024-05-01 14:27:56.432: 10 avg_steps: 1332.6
2024-05-01 14:27:56.432: 10 epsilon: 0.1426438
2024-05-01 14:53:05.303: 11 test start:
2024-05-01 14:53:32.080: 11 avg_reward: 1533.0
2024-05-01 14:53:32.081: 11 avg_steps: 828.6
2024-05-01 14:53:32.081: 11 epsilon: 0.1
2024-05-01 15:19:08.902: 12 test start:
2024-05-01 15:19:38.646: 12 avg_reward: 1520.0
2024-05-01 15:19:38.646: 12 avg_steps: 907.8
2024-05-01 15:19:38.646: 12 epsilon: 0.1
2024-05-01 15:45:56.551: 13 test start:
2024-05-01 15:46:24.971: 13 avg_reward: 1763.0
2024-05-01 15:46:24.971: 13 avg_steps: 867.0
2024-05-01 15:46:24.971: 13 epsilon: 0.1
2024-05-01 16:12:36.277: 14 test start:
2024-05-01 16:16:33.734: 14 avg_reward: 1406.5
2024-05-01 16:16:33.735: 14 avg_steps: 7570.65
2024-05-01 16:16:33.735: 14 epsilon: 0.1
2024-05-01 16:43:05.634: 15 test start:
2024-05-01 16:43:33.886: 15 avg_reward: 1849.0
2024-05-01 16:43:33.887: 15 avg_steps: 835.0
2024-05-01 16:43:33.887: 15 epsilon: 0.1
2024-05-01 17:10:18.600: 16 test start:
2024-05-01 17:10:47.626: 16 avg_reward: 2224.0
2024-05-01 17:10:47.626: 16 avg_steps: 881.4
2024-05-01 17:10:47.626: 16 epsilon: 0.1
2024-05-01 17:37:39.332: 17 test start:
2024-05-01 17:38:06.271: 17 avg_reward: 1330.5
2024-05-01 17:38:06.271: 17 avg_steps: 821.4
2024-05-01 17:38:06.271: 17 epsilon: 0.1
2024-05-01 18:04:40.041: 18 test start:
2024-05-01 18:05:12.076: 18 avg_reward: 1899.5
2024-05-01 18:05:12.077: 18 avg_steps: 955.8
2024-05-01 18:05:12.077: 18 epsilon: 0.1
2024-05-01 18:32:06.591: 19 test start:
2024-05-01 18:32:39.783: 19 avg_reward: 2611.0
2024-05-01 18:32:39.784: 19 avg_steps: 982.2
2024-05-01 18:32:39.784: 19 epsilon: 0.1
2024-05-01 18:59:39.604: 20 test start:
2024-05-01 19:00:11.802: 20 avg_reward: 2202.5
2024-05-01 19:00:11.803: 20 avg_steps: 953.4
2024-05-01 19:00:11.803: 20 epsilon: 0.1
2024-05-01 19:26:46.802: 21 test start:
2024-05-01 19:27:14.960: 21 avg_reward: 2125.5
2024-05-01 19:27:14.960: 21 avg_steps: 876.6
2024-05-01 19:27:14.960: 21 epsilon: 0.1
2024-05-01 19:53:24.776: 22 test start:
2024-05-01 19:53:55.127: 22 avg_reward: 2168.5
2024-05-01 19:53:55.128: 22 avg_steps: 903.0
2024-05-01 19:53:55.128: 22 epsilon: 0.1
2024-05-01 20:21:09.383: 23 test start:
2024-05-01 20:22:20.543: 23 avg_reward: 2624.0
2024-05-01 20:22:20.544: 23 avg_steps: 2240.05
2024-05-01 20:22:20.544: 23 epsilon: 0.1
2024-05-01 20:49:23.590: 24 test start:
2024-05-01 20:50:34.723: 24 avg_reward: 2869.5
2024-05-01 20:50:34.724: 24 avg_steps: 2292.05
2024-05-01 20:50:34.724: 24 epsilon: 0.1
2024-05-01 21:17:06.749: 25 test start:
2024-05-01 21:17:35.369: 25 avg_reward: 2179.5
2024-05-01 21:17:35.369: 25 avg_steps: 863.0
2024-05-01 21:17:35.369: 25 epsilon: 0.1
2024-05-01 21:43:11.750: 26 test start:
2024-05-01 21:43:43.495: 26 avg_reward: 2798.0
2024-05-01 21:43:43.495: 26 avg_steps: 962.2
2024-05-01 21:43:43.495: 26 epsilon: 0.1
2024-05-01 22:10:00.603: 27 test start:
2024-05-01 22:10:29.863: 27 avg_reward: 2249.5
2024-05-01 22:10:29.863: 27 avg_steps: 882.2
2024-05-01 22:10:29.863: 27 epsilon: 0.1
2024-05-01 22:37:04.788: 28 test start:
2024-05-01 22:37:34.933: 28 avg_reward: 2699.0
2024-05-01 22:37:34.934: 28 avg_steps: 918.2
2024-05-01 22:37:34.934: 28 epsilon: 0.1
2024-05-01 23:03:18.090: 29 test start:
2024-05-01 23:04:35.734: 29 avg_reward: 3158.0
2024-05-01 23:04:35.734: 29 avg_steps: 2504.05
2024-05-01 23:04:35.734: 29 epsilon: 0.1
2024-05-01 23:27:59.126: 30 test start:
2024-05-01 23:28:28.180: 30 avg_reward: 2186.0
2024-05-01 23:28:28.180: 30 avg_steps: 910.2
2024-05-01 23:28:28.180: 30 epsilon: 0.1
2024-05-01 23:52:32.959: 31 test start:
2024-05-01 23:53:08.089: 31 avg_reward: 3092.5
2024-05-01 23:53:08.089: 31 avg_steps: 1081.4
2024-05-01 23:53:08.089: 31 epsilon: 0.1
2024-05-02 00:19:06.798: 32 test start:
2024-05-02 00:19:44.628: 32 avg_reward: 2418.5
2024-05-02 00:19:44.629: 32 avg_steps: 1172.6
2024-05-02 00:19:44.629: 32 epsilon: 0.1
2024-05-02 00:46:14.037: 33 test start:
2024-05-02 00:46:50.833: 33 avg_reward: 3377.5
2024-05-02 00:46:50.834: 33 avg_steps: 1103.0
2024-05-02 00:46:50.834: 33 epsilon: 0.1
2024-05-02 01:13:18.339: 34 test start:
2024-05-02 01:13:51.974: 34 avg_reward: 3733.0
2024-05-02 01:13:51.975: 34 avg_steps: 1042.2
2024-05-02 01:13:51.975: 34 epsilon: 0.1
2024-05-02 01:40:02.889: 35 test start:
2024-05-02 01:40:36.522: 35 avg_reward: 3006.5
2024-05-02 01:40:36.522: 35 avg_steps: 1020.6
2024-05-02 01:40:36.522: 35 epsilon: 0.1
2024-05-02 02:07:26.953: 36 test start:
2024-05-02 02:08:02.981: 36 avg_reward: 2964.0
2024-05-02 02:08:02.981: 36 avg_steps: 1069.4
2024-05-02 02:08:02.981: 36 epsilon: 0.1
2024-05-02 02:35:10.555: 37 test start:
2024-05-02 02:35:42.063: 37 avg_reward: 3004.5
2024-05-02 02:35:42.063: 37 avg_steps: 977.4
2024-05-02 02:35:42.063: 37 epsilon: 0.1
2024-05-02 03:02:39.404: 38 test start:
2024-05-02 03:03:15.530: 38 avg_reward: 3843.0
2024-05-02 03:03:15.531: 38 avg_steps: 1119.8
2024-05-02 03:03:15.531: 38 epsilon: 0.1
2024-05-02 03:29:27.625: 39 test start:
2024-05-02 03:30:41.788: 39 avg_reward: 3164.5
2024-05-02 03:30:41.789: 39 avg_steps: 2342.45
2024-05-02 03:30:41.789: 39 epsilon: 0.1
2024-05-02 03:56:34.826: 40 test start:
2024-05-02 03:57:09.770: 40 avg_reward: 2847.0
2024-05-02 03:57:09.770: 40 avg_steps: 1087.0
2024-05-02 03:57:09.770: 40 epsilon: 0.1
2024-05-02 04:23:44.159: 41 test start:
2024-05-02 04:24:12.862: 41 avg_reward: 2181.5
2024-05-02 04:24:12.862: 41 avg_steps: 884.6
2024-05-02 04:24:12.862: 41 epsilon: 0.1
2024-05-02 04:51:09.994: 42 test start:
2024-05-02 04:52:27.398: 42 avg_reward: 2449.0
2024-05-02 04:52:27.399: 42 avg_steps: 2475.8
2024-05-02 04:52:27.399: 42 epsilon: 0.1
2024-05-02 05:18:25.807: 43 test start:
2024-05-02 05:27:05.997: 43 avg_reward: 1189.5
2024-05-02 05:27:05.998: 43 avg_steps: 16954.55
2024-05-02 05:27:05.998: 43 epsilon: 0.1
2024-05-02 05:53:39.299: 44 test start:
2024-05-02 05:55:28.332: 44 avg_reward: 3639.0
2024-05-02 05:55:28.332: 44 avg_steps: 3720.3
2024-05-02 05:55:28.332: 44 epsilon: 0.1
2024-05-02 06:21:08.389: 45 test start:
2024-05-02 06:21:42.364: 45 avg_reward: 3226.5
2024-05-02 06:21:42.364: 45 avg_steps: 1109.4
2024-05-02 06:21:42.365: 45 epsilon: 0.1
2024-05-02 06:47:40.709: 46 test start:
2024-05-02 06:48:15.807: 46 avg_reward: 3780.0
2024-05-02 06:48:15.807: 46 avg_steps: 1137.4
2024-05-02 06:48:15.807: 46 epsilon: 0.1
2024-05-02 07:14:34.720: 47 test start:
2024-05-02 07:15:07.654: 47 avg_reward: 3205.5
2024-05-02 07:15:07.655: 47 avg_steps: 1064.6
2024-05-02 07:15:07.655: 47 epsilon: 0.1
2024-05-02 07:41:35.320: 48 test start:
2024-05-02 07:42:13.198: 48 avg_reward: 3140.5
2024-05-02 07:42:13.198: 48 avg_steps: 1181.4
2024-05-02 07:42:13.198: 48 epsilon: 0.1
2024-05-02 08:08:07.397: 49 test start:
2024-05-02 08:09:24.537: 49 avg_reward: 3446.5
2024-05-02 08:09:24.537: 49 avg_steps: 2491.25
2024-05-02 08:09:24.537: 49 epsilon: 0.1
2024-05-02 08:35:26.929: 50 test start:
2024-05-02 08:36:34.932: 50 avg_reward: 3073.5
2024-05-02 08:36:34.932: 50 avg_steps: 2249.65
2024-05-02 08:36:34.932: 50 epsilon: 0.1
2024-05-02 09:02:00.032: 51 test start:
2024-05-02 09:02:35.988: 51 avg_reward: 3167.0
2024-05-02 09:02:35.988: 51 avg_steps: 1086.2
2024-05-02 09:02:35.988: 51 epsilon: 0.1
2024-05-02 09:28:27.641: 52 test start:
2024-05-02 09:29:13.980: 52 avg_reward: 2699.0
2024-05-02 09:29:13.981: 52 avg_steps: 1447.8
2024-05-02 09:29:13.981: 52 epsilon: 0.1
2024-05-02 09:55:42.328: 53 test start:
2024-05-02 09:56:18.084: 53 avg_reward: 3037.0
2024-05-02 09:56:18.084: 53 avg_steps: 1043.8
2024-05-02 09:56:18.084: 53 epsilon: 0.1
2024-05-02 10:23:25.049: 54 test start:
2024-05-02 10:23:56.208: 54 avg_reward: 2234.0
2024-05-02 10:23:56.209: 54 avg_steps: 963.0
2024-05-02 10:23:56.209: 54 epsilon: 0.1
2024-05-02 10:49:55.920: 55 test start:
2024-05-02 10:51:50.321: 55 avg_reward: 2728.0
2024-05-02 10:51:50.322: 55 avg_steps: 3554.7
2024-05-02 10:51:50.322: 55 epsilon: 0.1
2024-05-02 11:18:21.811: 56 test start:
2024-05-02 11:19:06.964: 56 avg_reward: 3931.5
2024-05-02 11:19:06.965: 56 avg_steps: 1478.2
2024-05-02 11:19:06.965: 56 epsilon: 0.1
2024-05-02 11:43:26.055: 57 test start:
2024-05-02 11:43:58.013: 57 avg_reward: 2940.0
2024-05-02 11:43:58.014: 57 avg_steps: 966.2
2024-05-02 11:43:58.014: 57 epsilon: 0.1
2024-05-02 12:07:58.772: 58 test start:
2024-05-02 12:08:31.162: 58 avg_reward: 2666.5
2024-05-02 12:08:31.162: 58 avg_steps: 1015.8
2024-05-02 12:08:31.162: 58 epsilon: 0.1
2024-05-02 12:33:19.956: 59 test start:
2024-05-02 12:33:51.446: 59 avg_reward: 3196.5
2024-05-02 12:33:51.446: 59 avg_steps: 979.8
2024-05-02 12:33:51.446: 59 epsilon: 0.1
2024-05-02 12:59:15.272: 60 test start:
2024-05-02 13:01:07.639: 60 avg_reward: 3175.0
2024-05-02 13:01:07.640: 60 avg_steps: 3537.1
2024-05-02 13:01:07.640: 60 epsilon: 0.1
2024-05-02 13:26:07.894: 61 test start:
2024-05-02 13:26:40.800: 61 avg_reward: 2904.0
2024-05-02 13:26:40.800: 61 avg_steps: 999.8
2024-05-02 13:26:40.800: 61 epsilon: 0.1
2024-05-02 13:52:54.744: 62 test start:
2024-05-02 13:53:32.404: 62 avg_reward: 3848.0
2024-05-02 13:53:32.404: 62 avg_steps: 1161.4
2024-05-02 13:53:32.404: 62 epsilon: 0.1
2024-05-02 14:18:45.973: 63 test start:
2024-05-02 14:19:21.190: 63 avg_reward: 3339.0
2024-05-02 14:19:21.190: 63 avg_steps: 1087.0
2024-05-02 14:19:21.190: 63 epsilon: 0.1
2024-05-02 14:45:10.301: 64 test start:
2024-05-02 14:45:44.306: 64 avg_reward: 2773.5
2024-05-02 14:45:44.307: 64 avg_steps: 995.8
2024-05-02 14:45:44.307: 64 epsilon: 0.1
2024-05-02 15:11:13.738: 65 test start:
2024-05-02 15:11:46.255: 65 avg_reward: 1933.0
2024-05-02 15:11:46.256: 65 avg_steps: 967.0
2024-05-02 15:11:46.256: 65 epsilon: 0.1
2024-05-02 15:37:45.549: 66 test start:
2024-05-02 15:38:21.427: 66 avg_reward: 3366.5
2024-05-02 15:38:21.427: 66 avg_steps: 1068.6
2024-05-02 15:38:21.427: 66 epsilon: 0.1
2024-05-02 16:04:24.625: 67 test start:
2024-05-02 16:05:44.425: 67 avg_reward: 3601.0
2024-05-02 16:05:44.426: 67 avg_steps: 2408.05
2024-05-02 16:05:44.426: 67 epsilon: 0.1
2024-05-02 16:31:50.619: 68 test start:
2024-05-02 16:32:24.076: 68 avg_reward: 2955.5
2024-05-02 16:32:24.077: 68 avg_steps: 1010.2
2024-05-02 16:32:24.077: 68 epsilon: 0.1
2024-05-02 16:58:13.286: 69 test start:
2024-05-02 16:58:53.042: 69 avg_reward: 3381.5
2024-05-02 16:58:53.042: 69 avg_steps: 1197.4
2024-05-02 16:58:53.042: 69 epsilon: 0.1
2024-05-02 17:25:42.416: 70 test start:
2024-05-02 17:26:25.239: 70 avg_reward: 3082.5
2024-05-02 17:26:25.240: 70 avg_steps: 1179.8
2024-05-02 17:26:25.240: 70 epsilon: 0.1
2024-05-02 17:53:11.902: 71 test start:
2024-05-02 17:55:10.901: 71 avg_reward: 2552.5
2024-05-02 17:55:10.902: 71 avg_steps: 3567.5
2024-05-02 17:55:10.902: 71 epsilon: 0.1
2024-05-02 18:21:40.123: 72 test start:
2024-05-02 18:24:53.416: 72 avg_reward: 3715.0
2024-05-02 18:24:53.416: 72 avg_steps: 5694.15
2024-05-02 18:24:53.416: 72 epsilon: 0.1
2024-05-02 18:51:33.662: 73 test start:
2024-05-02 18:52:18.853: 73 avg_reward: 3883.5
2024-05-02 18:52:18.854: 73 avg_steps: 1254.2
2024-05-02 18:52:18.854: 73 epsilon: 0.1
2024-05-02 19:19:08.677: 74 test start:
2024-05-02 19:20:44.975: 74 avg_reward: 3261.5
2024-05-02 19:20:44.975: 74 avg_steps: 3055.8
2024-05-02 19:20:44.975: 74 epsilon: 0.1
2024-05-02 19:47:37.151: 75 test start:
2024-05-02 19:48:13.500: 75 avg_reward: 3955.0
2024-05-02 19:48:13.500: 75 avg_steps: 1082.2
2024-05-02 19:48:13.500: 75 epsilon: 0.1
2024-05-02 20:15:33.579: 76 test start:
2024-05-02 20:16:49.021: 76 avg_reward: 2824.5
2024-05-02 20:16:49.021: 76 avg_steps: 2332.85
2024-05-02 20:16:49.022: 76 epsilon: 0.1
2024-05-02 20:44:06.957: 77 test start:
2024-05-02 20:45:21.967: 77 avg_reward: 2872.0
2024-05-02 20:45:21.968: 77 avg_steps: 2246.45
2024-05-02 20:45:21.968: 77 epsilon: 0.1
2024-05-02 21:12:26.794: 78 test start:
2024-05-02 21:13:05.329: 78 avg_reward: 3357.0
2024-05-02 21:13:05.329: 78 avg_steps: 1055.8
2024-05-02 21:13:05.329: 78 epsilon: 0.1
2024-05-02 21:39:44.833: 79 test start:
2024-05-02 21:41:02.916: 79 avg_reward: 3620.0
2024-05-02 21:41:02.917: 79 avg_steps: 2337.65
2024-05-02 21:41:02.917: 79 epsilon: 0.1
2024-05-02 22:08:24.857: 80 test start:
2024-05-02 22:09:06.268: 80 avg_reward: 3464.5
2024-05-02 22:09:06.269: 80 avg_steps: 1118.2
2024-05-02 22:09:06.269: 80 epsilon: 0.1
2024-05-02 22:36:23.565: 81 test start:
2024-05-02 22:38:22.871: 81 avg_reward: 3140.5
2024-05-02 22:38:22.872: 81 avg_steps: 3569.9
2024-05-02 22:38:22.872: 81 epsilon: 0.1
2024-05-02 23:04:35.343: 82 test start:
2024-05-02 23:05:10.019: 82 avg_reward: 3192.0
2024-05-02 23:05:10.020: 82 avg_steps: 1003.0
2024-05-02 23:05:10.020: 82 epsilon: 0.1
2024-05-02 23:31:12.368: 83 test start:
2024-05-02 23:31:47.166: 83 avg_reward: 3186.0
2024-05-02 23:31:47.166: 83 avg_steps: 1022.2
2024-05-02 23:31:47.166: 83 epsilon: 0.1
2024-05-02 23:57:57.286: 84 test start:
2024-05-02 23:58:29.289: 84 avg_reward: 2373.5
2024-05-02 23:58:29.290: 84 avg_steps: 964.6
2024-05-02 23:58:29.290: 84 epsilon: 0.1
2024-05-03 00:25:29.589: 85 test start:
2024-05-03 00:26:17.307: 85 avg_reward: 3596.5
2024-05-03 00:26:17.307: 85 avg_steps: 1382.2
2024-05-03 00:26:17.308: 85 epsilon: 0.1
2024-05-03 00:52:58.582: 86 test start:
2024-05-03 00:53:32.643: 86 avg_reward: 2898.5
2024-05-03 00:53:32.643: 86 avg_steps: 1005.4
2024-05-03 00:53:32.643: 86 epsilon: 0.1
2024-05-03 01:19:58.175: 87 test start:
2024-05-03 01:20:31.486: 87 avg_reward: 2685.0
2024-05-03 01:20:31.486: 87 avg_steps: 939.0
2024-05-03 01:20:31.486: 87 epsilon: 0.1
2024-05-03 01:47:52.606: 88 test start:
2024-05-03 01:48:34.777: 88 avg_reward: 3575.0
2024-05-03 01:48:34.778: 88 avg_steps: 1171.0
2024-05-03 01:48:34.778: 88 epsilon: 0.1
2024-05-03 02:16:05.255: 89 test start:
2024-05-03 02:16:38.219: 89 avg_reward: 3205.0
2024-05-03 02:16:38.219: 89 avg_steps: 924.6
2024-05-03 02:16:38.219: 89 epsilon: 0.1
2024-05-03 02:43:22.134: 90 test start:
2024-05-03 02:44:00.040: 90 avg_reward: 3084.0
2024-05-03 02:44:00.040: 90 avg_steps: 1099.0
2024-05-03 02:44:00.040: 90 epsilon: 0.1
2024-05-03 03:10:28.430: 91 test start:
2024-05-03 03:11:05.108: 91 avg_reward: 3131.0
2024-05-03 03:11:05.109: 91 avg_steps: 1011.8
2024-05-03 03:11:05.109: 91 epsilon: 0.1
2024-05-03 03:38:05.802: 92 test start:
2024-05-03 03:38:43.968: 92 avg_reward: 3603.5
2024-05-03 03:38:43.969: 92 avg_steps: 1158.2
2024-05-03 03:38:43.969: 92 epsilon: 0.1
2024-05-03 04:04:36.653: 93 test start:
2024-05-03 04:05:02.652: 93 avg_reward: 2146.0
2024-05-03 04:05:02.653: 93 avg_steps: 776.6
2024-05-03 04:05:02.653: 93 epsilon: 0.1
2024-05-03 04:30:55.458: 94 test start:
2024-05-03 04:31:30.513: 94 avg_reward: 2943.5
2024-05-03 04:31:30.513: 94 avg_steps: 1061.4
2024-05-03 04:31:30.513: 94 epsilon: 0.1
2024-05-03 04:57:36.249: 95 test start:
2024-05-03 04:58:11.249: 95 avg_reward: 3130.0
2024-05-03 04:58:11.250: 95 avg_steps: 1067.0
2024-05-03 04:58:11.250: 95 epsilon: 0.1
2024-05-03 05:25:04.718: 96 test start:
2024-05-03 05:25:39.122: 96 avg_reward: 2592.0
2024-05-03 05:25:39.122: 96 avg_steps: 983.8
2024-05-03 05:25:39.122: 96 epsilon: 0.1
2024-05-03 05:52:49.696: 97 test start:
2024-05-03 05:53:21.466: 97 avg_reward: 2670.5
2024-05-03 05:53:21.467: 97 avg_steps: 963.0
2024-05-03 05:53:21.467: 97 epsilon: 0.1
2024-05-03 06:17:56.956: 98 test start:
2024-05-03 06:18:32.743: 98 avg_reward: 3133.5
2024-05-03 06:18:32.744: 98 avg_steps: 1091.8
2024-05-03 06:18:32.744: 98 epsilon: 0.1
2024-05-03 06:42:47.739: 99 test start:
2024-05-03 06:43:23.741: 99 avg_reward: 2786.5
2024-05-03 06:43:23.741: 99 avg_steps: 1049.4
2024-05-03 06:43:23.741: 99 epsilon: 0.1
2024-05-03 07:10:08.710: 100 test start:
2024-05-03 07:13:45.523: 100 avg_reward: 3776.0
2024-05-03 07:13:45.524: 100 avg_steps: 6345.6
2024-05-03 07:13:45.524: 100 epsilon: 0.1
2024-05-03 07:40:06.560: 101 test start:
2024-05-03 07:40:47.134: 101 avg_reward: 3457.0
2024-05-03 07:40:47.135: 101 avg_steps: 1090.2
2024-05-03 07:40:47.135: 101 epsilon: 0.1
2024-05-03 08:08:52.038: 102 test start:
2024-05-03 08:10:53.075: 102 avg_reward: 3312.0
2024-05-03 08:10:53.076: 102 avg_steps: 3583.5
2024-05-03 08:10:53.076: 102 epsilon: 0.1
2024-05-03 08:36:57.977: 103 test start:
2024-05-03 08:38:15.363: 103 avg_reward: 3364.0
2024-05-03 08:38:15.363: 103 avg_steps: 2340.05
2024-05-03 08:38:15.363: 103 epsilon: 0.1
2024-05-03 09:05:44.259: 104 test start:
2024-05-03 09:08:31.835: 104 avg_reward: 3125.0
2024-05-03 09:08:31.836: 104 avg_steps: 4934.15
2024-05-03 09:08:31.836: 104 epsilon: 0.1
2024-05-03 09:35:15.133: 105 test start:
2024-05-03 09:36:29.961: 105 avg_reward: 3333.0
2024-05-03 09:36:29.962: 105 avg_steps: 2362.45
2024-05-03 09:36:29.962: 105 epsilon: 0.1
2024-05-03 10:03:06.973: 106 test start:
2024-05-03 10:03:52.760: 106 avg_reward: 3358.0
2024-05-03 10:03:52.760: 106 avg_steps: 1259.8
2024-05-03 10:03:52.760: 106 epsilon: 0.1
2024-05-03 10:31:01.867: 107 test start:
2024-05-03 10:32:27.346: 107 avg_reward: 2954.5
2024-05-03 10:32:27.347: 107 avg_steps: 2440.85
2024-05-03 10:32:27.347: 107 epsilon: 0.1
2024-05-03 10:57:15.683: 108 test start:
2024-05-03 10:58:15.809: 108 avg_reward: 3569.0
2024-05-03 10:58:15.810: 108 avg_steps: 1911.0
2024-05-03 10:58:15.810: 108 epsilon: 0.1
2024-05-03 11:22:10.631: 109 test start:
2024-05-03 11:22:49.600: 109 avg_reward: 3249.5
2024-05-03 11:22:49.601: 109 avg_steps: 1129.4
2024-05-03 11:22:49.601: 109 epsilon: 0.1
2024-05-03 11:46:53.655: 110 test start:
2024-05-03 11:48:08.303: 110 avg_reward: 3345.5
2024-05-03 11:48:08.303: 110 avg_steps: 2333.65
2024-05-03 11:48:08.303: 110 epsilon: 0.1
2024-05-03 12:11:45.646: 111 test start:
2024-05-03 12:12:58.791: 111 avg_reward: 2965.0
2024-05-03 12:12:58.791: 111 avg_steps: 2255.25
2024-05-03 12:12:58.791: 111 epsilon: 0.1
2024-05-03 12:40:06.149: 112 test start:
2024-05-03 12:41:27.248: 112 avg_reward: 3138.0
2024-05-03 12:41:27.248: 112 avg_steps: 2535.0
2024-05-03 12:41:27.248: 112 epsilon: 0.1
2024-05-03 13:10:46.529: 113 test start:
2024-05-03 13:11:43.626: 113 avg_reward: 2207.0
2024-05-03 13:11:43.626: 113 avg_steps: 1747.0
2024-05-03 13:11:43.626: 113 epsilon: 0.1
2024-05-03 13:32:20.536: 114 test start:
2024-05-03 13:34:23.948: 114 avg_reward: 3033.0
2024-05-03 13:34:23.949: 114 avg_steps: 3881.1
2024-05-03 13:34:23.949: 114 epsilon: 0.1
2024-05-03 13:59:46.941: 115 test start:
2024-05-03 14:01:47.820: 115 avg_reward: 2800.0
2024-05-03 14:01:47.821: 115 avg_steps: 3645.9
2024-05-03 14:01:47.821: 115 epsilon: 0.1
2024-05-03 14:27:17.335: 116 test start:
2024-05-03 14:27:58.152: 116 avg_reward: 3264.5
2024-05-03 14:27:58.153: 116 avg_steps: 1256.6
2024-05-03 14:27:58.153: 116 epsilon: 0.1
2024-05-03 14:52:12.448: 117 test start:
2024-05-03 14:52:51.246: 117 avg_reward: 2545.0
2024-05-03 14:52:51.247: 117 avg_steps: 1180.6
2024-05-03 14:52:51.247: 117 epsilon: 0.1
2024-05-03 15:17:52.673: 118 test start:
2024-05-03 15:18:22.071: 118 avg_reward: 2016.5
2024-05-03 15:18:22.072: 118 avg_steps: 908.6
2024-05-03 15:18:22.072: 118 epsilon: 0.1
2024-05-03 15:42:17.426: 119 test start:
2024-05-03 15:42:49.432: 119 avg_reward: 2763.0
2024-05-03 15:42:49.432: 119 avg_steps: 985.4
2024-05-03 15:42:49.433: 119 epsilon: 0.1
2024-05-03 16:06:58.556: 120 test start:
2024-05-03 16:08:11.364: 120 avg_reward: 3335.0
2024-05-03 16:08:11.364: 120 avg_steps: 2300.05
2024-05-03 16:08:11.364: 120 epsilon: 0.1
2024-05-03 16:32:25.984: 121 test start:
2024-05-03 16:34:25.415: 121 avg_reward: 3185.0
2024-05-03 16:34:25.416: 121 avg_steps: 3749.1
2024-05-03 16:34:25.416: 121 epsilon: 0.1
2024-05-03 16:58:49.298: 122 test start:
2024-05-03 16:59:24.435: 122 avg_reward: 3025.5
2024-05-03 16:59:24.435: 122 avg_steps: 1062.2
2024-05-03 16:59:24.435: 122 epsilon: 0.1
2024-05-03 17:23:24.600: 123 test start:
2024-05-03 17:24:39.733: 123 avg_reward: 3554.0
2024-05-03 17:24:39.733: 123 avg_steps: 2276.85
2024-05-03 17:24:39.733: 123 epsilon: 0.1
2024-05-03 17:48:12.891: 124 test start:
2024-05-03 17:48:48.739: 124 avg_reward: 3261.0
2024-05-03 17:48:48.739: 124 avg_steps: 1097.4
2024-05-03 17:48:48.739: 124 epsilon: 0.1
2024-05-03 18:12:43.115: 125 test start:
2024-05-03 18:13:56.373: 125 avg_reward: 2615.5
2024-05-03 18:13:56.374: 125 avg_steps: 2266.45
2024-05-03 18:13:56.374: 125 epsilon: 0.1
2024-05-03 18:37:22.384: 126 test start:
2024-05-03 18:39:11.047: 126 avg_reward: 2698.0
2024-05-03 18:39:11.048: 126 avg_steps: 3511.5
2024-05-03 18:39:11.048: 126 epsilon: 0.1
2024-05-03 19:04:27.224: 127 test start:
2024-05-03 19:05:08.709: 127 avg_reward: 3813.0
2024-05-03 19:05:08.709: 127 avg_steps: 1284.6
2024-05-03 19:05:08.709: 127 epsilon: 0.1
2024-05-03 19:27:06.655: 128 test start:
2024-05-03 19:27:41.333: 128 avg_reward: 3165.5
2024-05-03 19:27:41.334: 128 avg_steps: 1071.0
2024-05-03 19:27:41.334: 128 epsilon: 0.1
2024-05-03 19:53:03.065: 129 test start:
2024-05-03 19:53:49.116: 129 avg_reward: 3690.0
2024-05-03 19:53:49.117: 129 avg_steps: 1403.0
2024-05-03 19:53:49.117: 129 epsilon: 0.1
2024-05-03 20:15:47.400: 130 test start:
2024-05-03 20:17:11.689: 130 avg_reward: 3869.5
2024-05-03 20:17:11.690: 130 avg_steps: 2663.25
2024-05-03 20:17:11.690: 130 epsilon: 0.1
2024-05-03 20:41:21.554: 131 test start:
2024-05-03 20:42:04.913: 131 avg_reward: 3510.5
2024-05-03 20:42:04.913: 131 avg_steps: 1341.4
2024-05-03 20:42:04.913: 131 epsilon: 0.1
2024-05-03 21:06:58.873: 132 test start:
2024-05-03 21:08:59.158: 132 avg_reward: 3748.5
2024-05-03 21:08:59.159: 132 avg_steps: 3710.7
2024-05-03 21:08:59.159: 132 epsilon: 0.1
2024-05-03 21:33:47.473: 133 test start:
2024-05-03 21:35:04.362: 133 avg_reward: 3483.0
2024-05-03 21:35:04.363: 133 avg_steps: 2369.4
2024-05-03 21:35:04.363: 133 epsilon: 0.1
2024-05-03 22:00:27.466: 134 test start:
2024-05-03 22:03:46.171: 134 avg_reward: 3267.5
2024-05-03 22:03:46.171: 134 avg_steps: 6356.0
2024-05-03 22:03:46.171: 134 epsilon: 0.1
2024-05-03 22:26:38.558: 135 test start:
2024-05-03 22:28:26.668: 135 avg_reward: 2735.5
2024-05-03 22:28:26.669: 135 avg_steps: 3505.9
2024-05-03 22:28:26.669: 135 epsilon: 0.1
2024-05-03 22:51:17.208: 136 test start:
2024-05-03 22:53:09.113: 136 avg_reward: 3522.5
2024-05-03 22:53:09.114: 136 avg_steps: 3697.1
2024-05-03 22:53:09.114: 136 epsilon: 0.1
2024-05-03 23:20:40.142: 137 test start:
2024-05-03 23:21:18.492: 137 avg_reward: 3752.5
2024-05-03 23:21:18.492: 137 avg_steps: 1110.2
2024-05-03 23:21:18.493: 137 epsilon: 0.1
2024-05-03 23:46:03.754: 138 test start:
2024-05-03 23:47:20.690: 138 avg_reward: 3218.5
2024-05-03 23:47:20.690: 138 avg_steps: 2298.45
2024-05-03 23:47:20.690: 138 epsilon: 0.1
2024-05-04 00:14:49.813: 139 test start:
2024-05-04 00:15:20.089: 139 avg_reward: 2362.5
2024-05-04 00:15:20.089: 139 avg_steps: 886.2
2024-05-04 00:15:20.090: 139 epsilon: 0.1
2024-05-04 00:42:51.961: 140 test start:
2024-05-04 00:44:41.764: 140 avg_reward: 2460.0
2024-05-04 00:44:41.765: 140 avg_steps: 3465.1
2024-05-04 00:44:41.765: 140 epsilon: 0.1
2024-05-04 01:11:23.615: 141 test start:
2024-05-04 01:13:09.866: 141 avg_reward: 2211.5
2024-05-04 01:13:09.866: 141 avg_steps: 3469.9
2024-05-04 01:13:09.866: 141 epsilon: 0.1
2024-05-04 01:37:14.362: 142 test start:
2024-05-04 01:38:23.730: 142 avg_reward: 3060.5
2024-05-04 01:38:23.731: 142 avg_steps: 2251.25
2024-05-04 01:38:23.731: 142 epsilon: 0.1
2024-05-04 02:03:48.904: 143 test start:
2024-05-04 02:05:04.032: 143 avg_reward: 3033.5
2024-05-04 02:05:04.033: 143 avg_steps: 2325.65
2024-05-04 02:05:04.033: 143 epsilon: 0.1
2024-05-04 02:30:51.323: 144 test start:
2024-05-04 02:32:04.161: 144 avg_reward: 3141.0
2024-05-04 02:32:04.161: 144 avg_steps: 2288.85
2024-05-04 02:32:04.161: 144 epsilon: 0.1
2024-05-04 02:57:18.643: 145 test start:
2024-05-04 02:59:11.315: 145 avg_reward: 3104.0
2024-05-04 02:59:11.316: 145 avg_steps: 3669.1
2024-05-04 02:59:11.316: 145 epsilon: 0.1
2024-05-04 03:27:44.970: 146 test start:
2024-05-04 03:28:56.228: 146 avg_reward: 3204.5
2024-05-04 03:28:56.229: 146 avg_steps: 2330.45
2024-05-04 03:28:56.229: 146 epsilon: 0.1
2024-05-04 03:52:27.754: 147 test start:
2024-05-04 03:53:41.549: 147 avg_reward: 2893.0
2024-05-04 03:53:41.550: 147 avg_steps: 2300.85
2024-05-04 03:53:41.550: 147 epsilon: 0.1
2024-05-04 04:19:16.166: 148 test start:
2024-05-04 04:19:47.466: 148 avg_reward: 2781.0
2024-05-04 04:19:47.467: 148 avg_steps: 943.8
2024-05-04 04:19:47.467: 148 epsilon: 0.1
2024-05-04 04:46:09.234: 149 test start:
2024-05-04 04:46:44.037: 149 avg_reward: 2837.5
2024-05-04 04:46:44.038: 149 avg_steps: 1091.0
2024-05-04 04:46:44.038: 149 epsilon: 0.1
2024-05-04 05:09:04.634: 150 test start:
2024-05-04 05:10:16.493: 150 avg_reward: 3082.5
2024-05-04 05:10:16.494: 150 avg_steps: 2316.85
2024-05-04 05:10:16.494: 150 epsilon: 0.1
2024-05-04 05:34:38.491: 151 test start:
2024-05-04 05:35:08.997: 151 avg_reward: 2528.0
2024-05-04 05:35:08.998: 151 avg_steps: 946.2
2024-05-04 05:35:08.998: 151 epsilon: 0.1
2024-05-04 05:59:48.950: 152 test start:
2024-05-04 06:00:16.545: 152 avg_reward: 2282.5
2024-05-04 06:00:16.546: 152 avg_steps: 871.8
2024-05-04 06:00:16.546: 152 epsilon: 0.1
2024-05-04 06:22:29.962: 153 test start:
2024-05-04 06:23:00.638: 153 avg_reward: 2996.5
2024-05-04 06:23:00.638: 153 avg_steps: 1003.8
2024-05-04 06:23:00.638: 153 epsilon: 0.1
2024-05-04 06:44:45.886: 154 test start:
2024-05-04 06:46:00.640: 154 avg_reward: 2875.5
2024-05-04 06:46:00.640: 154 avg_steps: 2483.25
2024-05-04 06:46:00.640: 154 epsilon: 0.1
2024-05-04 07:07:36.998: 155 test start:
2024-05-04 07:08:43.379: 155 avg_reward: 2128.5
2024-05-04 07:08:43.380: 155 avg_steps: 2209.65
2024-05-04 07:08:43.380: 155 epsilon: 0.1
2024-05-04 07:30:39.091: 156 test start:
2024-05-04 07:31:08.434: 156 avg_reward: 2443.5
2024-05-04 07:31:08.435: 156 avg_steps: 919.8
2024-05-04 07:31:08.435: 156 epsilon: 0.1
2024-05-04 07:53:30.710: 157 test start:
2024-05-04 07:54:38.469: 157 avg_reward: 2907.5
2024-05-04 07:54:38.469: 157 avg_steps: 2223.25
2024-05-04 07:54:38.469: 157 epsilon: 0.1
2024-05-04 08:18:00.465: 158 test start:
2024-05-04 08:18:31.267: 158 avg_reward: 3053.5
2024-05-04 08:18:31.268: 158 avg_steps: 1003.0
2024-05-04 08:18:31.268: 158 epsilon: 0.1
2024-05-04 08:42:45.223: 159 test start:
2024-05-04 08:43:50.702: 159 avg_reward: 2253.5
2024-05-04 08:43:50.703: 159 avg_steps: 2260.85
2024-05-04 08:43:50.703: 159 epsilon: 0.1
2024-05-04 09:07:58.400: 160 test start:
2024-05-04 09:09:06.940: 160 avg_reward: 2961.5
2024-05-04 09:09:06.941: 160 avg_steps: 2312.85
2024-05-04 09:09:06.941: 160 epsilon: 0.1
2024-05-04 09:34:55.943: 161 test start:
2024-05-04 09:35:58.873: 161 avg_reward: 3082.5
2024-05-04 09:35:58.873: 161 avg_steps: 2270.45
2024-05-04 09:35:58.873: 161 epsilon: 0.1
2024-05-04 09:56:59.963: 162 test start:
2024-05-04 09:57:33.812: 162 avg_reward: 2927.5
2024-05-04 09:57:33.812: 162 avg_steps: 1115.8
2024-05-04 09:57:33.812: 162 epsilon: 0.1
2024-05-04 10:22:25.754: 163 test start:
2024-05-04 10:22:53.179: 163 avg_reward: 2328.0
2024-05-04 10:22:53.179: 163 avg_steps: 946.2
2024-05-04 10:22:53.179: 163 epsilon: 0.1
2024-05-04 10:46:34.258: 164 test start:
2024-05-04 10:47:03.427: 164 avg_reward: 2906.5
2024-05-04 10:47:03.428: 164 avg_steps: 975.0
2024-05-04 10:47:03.428: 164 epsilon: 0.1
2024-05-04 11:11:20.023: 165 test start:
2024-05-04 11:11:52.545: 165 avg_reward: 3842.0
2024-05-04 11:11:52.545: 165 avg_steps: 1080.6
2024-05-04 11:11:52.545: 165 epsilon: 0.1
2024-05-04 11:35:53.650: 166 test start:
2024-05-04 11:36:23.954: 166 avg_reward: 2983.0
2024-05-04 11:36:23.955: 166 avg_steps: 1007.0
2024-05-04 11:36:23.955: 166 epsilon: 0.1
2024-05-04 12:00:48.942: 167 test start:
2024-05-04 12:01:15.561: 167 avg_reward: 2278.0
2024-05-04 12:01:15.562: 167 avg_steps: 894.2
2024-05-04 12:01:15.562: 167 epsilon: 0.1
2024-05-04 12:25:17.299: 168 test start:
2024-05-04 12:25:46.064: 168 avg_reward: 2719.5
2024-05-04 12:25:46.065: 168 avg_steps: 937.4
2024-05-04 12:25:46.065: 168 epsilon: 0.1
2024-05-04 12:51:34.509: 169 test start:
2024-05-04 12:52:10.871: 169 avg_reward: 2882.5
2024-05-04 12:52:10.871: 169 avg_steps: 1117.4
2024-05-04 12:52:10.871: 169 epsilon: 0.1
2024-05-04 13:18:37.087: 170 test start:
2024-05-04 13:19:11.990: 170 avg_reward: 2822.0
2024-05-04 13:19:11.990: 170 avg_steps: 1074.2
2024-05-04 13:19:11.991: 170 epsilon: 0.1
2024-05-04 13:46:31.002: 171 test start:
2024-05-04 13:47:14.944: 171 avg_reward: 3595.5
2024-05-04 13:47:14.945: 171 avg_steps: 1211.8
2024-05-04 13:47:14.945: 171 epsilon: 0.1
2024-05-04 14:14:02.134: 172 test start:
2024-05-04 14:14:40.682: 172 avg_reward: 1951.5
2024-05-04 14:14:40.682: 172 avg_steps: 1153.4
2024-05-04 14:14:40.682: 172 epsilon: 0.1
2024-05-04 14:40:03.611: 173 test start:
2024-05-04 14:40:38.664: 173 avg_reward: 2727.5
2024-05-04 14:40:38.665: 173 avg_steps: 1075.8
2024-05-04 14:40:38.665: 173 epsilon: 0.1
2024-05-04 15:06:01.770: 174 test start:
2024-05-04 15:06:32.858: 174 avg_reward: 2581.0
2024-05-04 15:06:32.859: 174 avg_steps: 911.0
2024-05-04 15:06:32.859: 174 epsilon: 0.1
2024-05-04 15:32:00.768: 175 test start:
2024-05-04 15:33:22.215: 175 avg_reward: 3270.0
2024-05-04 15:33:22.216: 175 avg_steps: 2544.05
2024-05-04 15:33:22.216: 175 epsilon: 0.1
2024-05-04 15:59:41.218: 176 test start:
2024-05-04 16:00:12.098: 176 avg_reward: 2567.5
2024-05-04 16:00:12.099: 176 avg_steps: 872.6
2024-05-04 16:00:12.099: 176 epsilon: 0.1
2024-05-04 16:28:02.940: 177 test start:
2024-05-04 16:28:40.008: 177 avg_reward: 3241.0
2024-05-04 16:28:40.009: 177 avg_steps: 1060.6
2024-05-04 16:28:40.009: 177 epsilon: 0.1
2024-05-04 16:56:35.945: 178 test start:
2024-05-04 16:57:08.772: 178 avg_reward: 2608.0
2024-05-04 16:57:08.772: 178 avg_steps: 942.2
2024-05-04 16:57:08.772: 178 epsilon: 0.1
2024-05-04 17:25:38.226: 179 test start:
2024-05-04 17:26:12.166: 179 avg_reward: 2976.0
2024-05-04 17:26:12.166: 179 avg_steps: 974.2
2024-05-04 17:26:12.166: 179 epsilon: 0.1
2024-05-04 17:53:11.153: 180 test start:
2024-05-04 17:53:42.614: 180 avg_reward: 2320.5
2024-05-04 17:53:42.615: 180 avg_steps: 932.6
2024-05-04 17:53:42.615: 180 epsilon: 0.1
2024-05-04 18:19:52.779: 181 test start:
2024-05-04 18:20:25.818: 181 avg_reward: 2217.0
2024-05-04 18:20:25.819: 181 avg_steps: 991.8
2024-05-04 18:20:25.819: 181 epsilon: 0.1
2024-05-04 18:46:13.846: 182 test start:
2024-05-04 18:46:45.086: 182 avg_reward: 2609.5
2024-05-04 18:46:45.086: 182 avg_steps: 941.4
2024-05-04 18:46:45.086: 182 epsilon: 0.1
2024-05-04 19:11:48.520: 183 test start:
2024-05-04 19:12:21.860: 183 avg_reward: 3040.5
2024-05-04 19:12:21.860: 183 avg_steps: 985.4
2024-05-04 19:12:21.860: 183 epsilon: 0.1
2024-05-04 19:38:59.697: 184 test start:
2024-05-04 19:39:27.711: 184 avg_reward: 2012.0
2024-05-04 19:39:27.711: 184 avg_steps: 863.8
2024-05-04 19:39:27.711: 184 epsilon: 0.1
2024-05-04 20:03:28.961: 185 test start:
2024-05-04 20:04:12.128: 185 avg_reward: 3035.0
2024-05-04 20:04:12.128: 185 avg_steps: 1339.0
2024-05-04 20:04:12.128: 185 epsilon: 0.1
2024-05-04 20:28:17.418: 186 test start:
2024-05-04 20:28:49.971: 186 avg_reward: 2529.0
2024-05-04 20:28:49.972: 186 avg_steps: 972.6
2024-05-04 20:28:49.972: 186 epsilon: 0.1
2024-05-04 20:53:13.962: 187 test start:
2024-05-04 20:54:25.453: 187 avg_reward: 2620.5
2024-05-04 20:54:25.453: 187 avg_steps: 2291.25
2024-05-04 20:54:25.453: 187 epsilon: 0.1
2024-05-04 21:18:17.360: 188 test start:
2024-05-04 21:18:47.717: 188 avg_reward: 2668.0
2024-05-04 21:18:47.717: 188 avg_steps: 921.4
2024-05-04 21:18:47.717: 188 epsilon: 0.1
2024-05-04 21:44:15.734: 189 test start:
2024-05-04 21:45:29.969: 189 avg_reward: 3126.0
2024-05-04 21:45:29.969: 189 avg_steps: 2286.45
2024-05-04 21:45:29.969: 189 epsilon: 0.1
2024-05-04 22:11:32.296: 190 test start:
2024-05-04 22:12:22.120: 190 avg_reward: 3228.5
2024-05-04 22:12:22.120: 190 avg_steps: 1549.4
2024-05-04 22:12:22.120: 190 epsilon: 0.1
2024-05-04 22:36:08.709: 191 test start:
2024-05-04 22:36:45.997: 191 avg_reward: 3255.0
2024-05-04 22:36:45.997: 191 avg_steps: 1181.4
2024-05-04 22:36:45.997: 191 epsilon: 0.1
2024-05-04 23:00:40.811: 192 test start:
2024-05-04 23:01:14.656: 192 avg_reward: 2503.0
2024-05-04 23:01:14.656: 192 avg_steps: 1049.4
2024-05-04 23:01:14.656: 192 epsilon: 0.1
2024-05-04 23:24:53.190: 193 test start:
2024-05-04 23:25:21.680: 193 avg_reward: 2946.5
2024-05-04 23:25:21.680: 193 avg_steps: 921.4
2024-05-04 23:25:21.680: 193 epsilon: 0.1
2024-05-04 23:48:41.912: 194 test start:
2024-05-04 23:49:15.052: 194 avg_reward: 3297.0
2024-05-04 23:49:15.052: 194 avg_steps: 1056.6
2024-05-04 23:49:15.052: 194 epsilon: 0.1
2024-05-05 00:12:54.302: 195 test start:
2024-05-05 00:13:25.650: 195 avg_reward: 2816.5
2024-05-05 00:13:25.651: 195 avg_steps: 976.6
2024-05-05 00:13:25.651: 195 epsilon: 0.1
2024-05-05 00:37:45.000: 196 test start:
2024-05-05 00:38:53.540: 196 avg_reward: 3041.0
2024-05-05 00:38:53.540: 196 avg_steps: 2272.05
2024-05-05 00:38:53.540: 196 epsilon: 0.1
2024-05-05 01:02:15.396: 197 test start:
2024-05-05 01:02:45.454: 197 avg_reward: 3000.0
2024-05-05 01:02:45.455: 197 avg_steps: 936.6
2024-05-05 01:02:45.455: 197 epsilon: 0.1
2024-05-05 01:26:51.092: 198 test start:
2024-05-05 01:27:20.334: 198 avg_reward: 2513.5
2024-05-05 01:27:20.335: 198 avg_steps: 894.2
2024-05-05 01:27:20.335: 198 epsilon: 0.1
2024-05-05 01:50:55.435: 199 test start:
2024-05-05 01:51:30.253: 199 avg_reward: 3180.0
2024-05-05 01:51:30.253: 199 avg_steps: 1098.2
2024-05-05 01:51:30.253: 199 epsilon: 0.1
2024-05-05 02:14:44.418: 200 test start:
2024-05-05 02:15:14.339: 200 avg_reward: 2360.0
2024-05-05 02:15:14.340: 200 avg_steps: 960.6
2024-05-05 02:15:14.340: 200 epsilon: 0.1
2024-05-05 02:38:55.353: 201 test start:
2024-05-05 02:40:04.357: 201 avg_reward: 3111.5
2024-05-05 02:40:04.358: 201 avg_steps: 2226.45
2024-05-05 02:40:04.358: 201 epsilon: 0.1
2024-05-05 03:03:23.565: 202 test start:
2024-05-05 03:04:32.905: 202 avg_reward: 2997.5
2024-05-05 03:04:32.906: 202 avg_steps: 2257.65
2024-05-05 03:04:32.906: 202 epsilon: 0.1
2024-05-05 03:34:04.516: 203 test start:
2024-05-05 03:34:34.010: 203 avg_reward: 2724.0
2024-05-05 03:34:34.011: 203 avg_steps: 947.0
2024-05-05 03:34:34.011: 203 epsilon: 0.1
2024-05-05 03:51:58.579: 204 test start:
2024-05-05 03:53:18.654: 204 avg_reward: 2939.0
2024-05-05 03:53:18.654: 204 avg_steps: 2599.25
2024-05-05 03:53:18.654: 204 epsilon: 0.1
2024-05-05 04:13:59.646: 205 test start:
2024-05-05 04:14:28.672: 205 avg_reward: 2806.5
2024-05-05 04:14:28.672: 205 avg_steps: 1016.6
2024-05-05 04:14:28.672: 205 epsilon: 0.1
2024-05-05 04:34:41.703: 206 test start:
2024-05-05 04:35:20.136: 206 avg_reward: 2855.0
2024-05-05 04:35:20.136: 206 avg_steps: 1364.6
2024-05-05 04:35:20.136: 206 epsilon: 0.1
2024-05-05 04:56:11.624: 207 test start:
2024-05-05 04:56:39.174: 207 avg_reward: 2567.0
2024-05-05 04:56:39.174: 207 avg_steps: 947.8
2024-05-05 04:56:39.174: 207 epsilon: 0.1
2024-05-05 05:15:41.390: 208 test start:
2024-05-05 05:16:07.871: 208 avg_reward: 2380.5
2024-05-05 05:16:07.871: 208 avg_steps: 907.8
2024-05-05 05:16:07.871: 208 epsilon: 0.1
2024-05-05 05:35:37.812: 209 test start:
2024-05-05 05:36:08.793: 209 avg_reward: 2953.0
2024-05-05 05:36:08.793: 209 avg_steps: 1091.8
2024-05-05 05:36:08.793: 209 epsilon: 0.1
2024-05-05 05:56:20.308: 210 test start:
2024-05-05 05:56:46.232: 210 avg_reward: 2459.5
2024-05-05 05:56:46.232: 210 avg_steps: 910.2
2024-05-05 05:56:46.232: 210 epsilon: 0.1
2024-05-05 06:16:07.469: 211 test start:
2024-05-05 06:16:37.141: 211 avg_reward: 2522.0
2024-05-05 06:16:37.141: 211 avg_steps: 1075.0
2024-05-05 06:16:37.141: 211 epsilon: 0.1
2024-05-05 06:36:16.668: 212 test start:
2024-05-05 06:36:41.163: 212 avg_reward: 2093.0
2024-05-05 06:36:41.163: 212 avg_steps: 871.0
2024-05-05 06:36:41.164: 212 epsilon: 0.1
2024-05-05 06:56:18.123: 213 test start:
2024-05-05 06:56:42.033: 213 avg_reward: 2416.0
2024-05-05 06:56:42.034: 213 avg_steps: 852.6
2024-05-05 06:56:42.034: 213 epsilon: 0.1
2024-05-05 07:16:17.507: 214 test start:
2024-05-05 07:16:43.654: 214 avg_reward: 2991.5
2024-05-05 07:16:43.655: 214 avg_steps: 912.6
2024-05-05 07:16:43.655: 214 epsilon: 0.1
2024-05-05 07:36:41.547: 215 test start:
2024-05-05 07:37:07.982: 215 avg_reward: 2547.5
2024-05-05 07:37:07.982: 215 avg_steps: 918.2
2024-05-05 07:37:07.982: 215 epsilon: 0.1
2024-05-05 07:57:18.882: 216 test start:
2024-05-05 07:57:44.954: 216 avg_reward: 2655.5
2024-05-05 07:57:44.954: 216 avg_steps: 906.2
2024-05-05 07:57:44.954: 216 epsilon: 0.1
2024-05-05 08:18:01.293: 217 test start:
2024-05-05 08:18:27.772: 217 avg_reward: 2673.0
2024-05-05 08:18:27.772: 217 avg_steps: 886.2
2024-05-05 08:18:27.772: 217 epsilon: 0.1
2024-05-05 08:38:46.924: 218 test start:
2024-05-05 08:39:13.399: 218 avg_reward: 2437.0
2024-05-05 08:39:13.400: 218 avg_steps: 893.4
2024-05-05 08:39:13.400: 218 epsilon: 0.1
