2024-05-01 10:09:25.805: 
parameters:agent_saving_period: 80000
agent_test_episodes: 20
batch_num_per_epoch: 100000
device: cuda:0
env_name: ALE/Atlantis-v5
epsilon_for_test: 0.05
epsilon_max: 1.0
epsilon_min: 0.1
exploration_steps: 1000000
gamma: 0.99
input_frame_height: 84
input_frame_width: 84
learning_rate: 1.0e-05
log_path: ../exps/dqn/
mini_batch_size: 32
no_op: 30
phi_channel: 4
replay_buffer_size: 200000
replay_start_size: 10000
save_path: ./exps/
skip_k_frame: 4
step_c: 10000
training_steps: 50000000

2024-05-01 10:23:42.676: 1 test start:
2024-05-01 10:24:18.395: 1 avg_reward: 8040.0
2024-05-01 10:24:18.395: 1 avg_steps: 1025.0
2024-05-01 10:24:18.395: 1 epsilon: 0.9204256
2024-05-01 10:42:29.042: 2 test start:
2024-05-01 10:43:06.531: 2 avg_reward: 10765.0
2024-05-01 10:43:06.531: 2 avg_steps: 1100.5
2024-05-01 10:43:06.531: 2 epsilon: 0.8322535
2024-05-01 11:02:44.126: 3 test start:
2024-05-01 11:03:09.371: 3 avg_reward: 6670.0
2024-05-01 11:03:09.371: 3 avg_steps: 712.2
2024-05-01 11:03:09.371: 3 epsilon: 0.7435171
2024-05-01 11:22:40.160: 4 test start:
2024-05-01 11:23:15.105: 4 avg_reward: 11475.0
2024-05-01 11:23:15.105: 4 avg_steps: 984.6
2024-05-01 11:23:15.105: 4 epsilon: 0.6555232
2024-05-01 11:42:46.731: 5 test start:
2024-05-01 11:43:13.280: 5 avg_reward: 6285.0
2024-05-01 11:43:13.280: 5 avg_steps: 755.0
2024-05-01 11:43:13.280: 5 epsilon: 0.5671918
2024-05-01 12:02:49.668: 6 test start:
2024-05-01 12:03:24.158: 6 avg_reward: 10680.0
2024-05-01 12:03:24.159: 6 avg_steps: 986.7
2024-05-01 12:03:24.159: 6 epsilon: 0.4794697
2024-05-01 12:22:42.770: 7 test start:
2024-05-01 12:23:14.496: 7 avg_reward: 9005.0
2024-05-01 12:23:14.496: 7 avg_steps: 901.2
2024-05-01 12:23:14.496: 7 epsilon: 0.3908628999999999
2024-05-01 12:42:43.705: 8 test start:
2024-05-01 12:43:15.131: 8 avg_reward: 10325.0
2024-05-01 12:43:15.131: 8 avg_steps: 890.2
2024-05-01 12:43:15.131: 8 epsilon: 0.3026916999999999
2024-05-01 13:02:17.015: 9 test start:
2024-05-01 13:02:48.505: 9 avg_reward: 9550.0
2024-05-01 13:02:48.505: 9 avg_steps: 889.7
2024-05-01 13:02:48.505: 9 epsilon: 0.2159028999999999
2024-05-01 13:22:06.585: 10 test start:
2024-05-01 13:22:39.195: 10 avg_reward: 10795.0
2024-05-01 13:22:39.195: 10 avg_steps: 927.6
2024-05-01 13:22:39.195: 10 epsilon: 0.12880899999999995
2024-05-01 13:42:01.637: 11 test start:
2024-05-01 13:42:29.163: 11 avg_reward: 8500.0
2024-05-01 13:42:29.163: 11 avg_steps: 793.9
2024-05-01 13:42:29.163: 11 epsilon: 0.1
2024-05-01 14:01:46.785: 12 test start:
2024-05-01 14:02:16.893: 12 avg_reward: 10565.0
2024-05-01 14:02:16.893: 12 avg_steps: 882.9
2024-05-01 14:02:16.893: 12 epsilon: 0.1
2024-05-01 14:21:46.619: 13 test start:
2024-05-01 14:22:32.306: 13 avg_reward: 17675.0
2024-05-01 14:22:32.306: 13 avg_steps: 1334.5
2024-05-01 14:22:32.306: 13 epsilon: 0.1
2024-05-01 14:41:51.919: 14 test start:
2024-05-01 14:42:15.757: 14 avg_reward: 5115.0
2024-05-01 14:42:15.757: 14 avg_steps: 676.0
2024-05-01 14:42:15.757: 14 epsilon: 0.1
2024-05-01 15:01:40.112: 15 test start:
2024-05-01 15:02:12.330: 15 avg_reward: 10170.0
2024-05-01 15:02:12.330: 15 avg_steps: 913.3
2024-05-01 15:02:12.330: 15 epsilon: 0.1
2024-05-01 15:21:25.364: 16 test start:
2024-05-01 15:22:00.452: 16 avg_reward: 11475.0
2024-05-01 15:22:00.452: 16 avg_steps: 1004.2
2024-05-01 15:22:00.452: 16 epsilon: 0.1
2024-05-01 15:41:17.009: 17 test start:
2024-05-01 15:41:56.550: 17 avg_reward: 13080.0
2024-05-01 15:41:56.551: 17 avg_steps: 1145.0
2024-05-01 15:41:56.551: 17 epsilon: 0.1
2024-05-01 16:01:05.689: 18 test start:
2024-05-01 16:02:07.747: 18 avg_reward: 30165.0
2024-05-01 16:02:07.747: 18 avg_steps: 1811.9
2024-05-01 16:02:07.747: 18 epsilon: 0.1
2024-05-01 16:21:20.282: 19 test start:
2024-05-01 16:22:11.172: 19 avg_reward: 20045.0
2024-05-01 16:22:11.172: 19 avg_steps: 1468.9
2024-05-01 16:22:11.172: 19 epsilon: 0.1
2024-05-01 16:41:19.472: 20 test start:
2024-05-01 16:41:58.648: 20 avg_reward: 16725.0
2024-05-01 16:41:58.648: 20 avg_steps: 1147.6
2024-05-01 16:41:58.648: 20 epsilon: 0.1
2024-05-01 17:01:02.760: 21 test start:
2024-05-01 17:02:03.198: 21 avg_reward: 26865.0
2024-05-01 17:02:03.198: 21 avg_steps: 1715.6
2024-05-01 17:02:03.198: 21 epsilon: 0.1
2024-05-01 17:20:59.883: 22 test start:
2024-05-01 17:21:42.293: 22 avg_reward: 16835.0
2024-05-01 17:21:42.293: 22 avg_steps: 1245.4
2024-05-01 17:21:42.293: 22 epsilon: 0.1
2024-05-01 17:41:10.747: 23 test start:
2024-05-01 17:42:08.472: 23 avg_reward: 21690.0
2024-05-01 17:42:08.472: 23 avg_steps: 1638.3
2024-05-01 17:42:08.472: 23 epsilon: 0.1
2024-05-01 18:01:26.487: 24 test start:
2024-05-01 18:01:59.417: 24 avg_reward: 11710.0
2024-05-01 18:01:59.417: 24 avg_steps: 946.3
2024-05-01 18:01:59.417: 24 epsilon: 0.1
2024-05-01 18:21:16.838: 25 test start:
2024-05-01 18:22:16.092: 25 avg_reward: 25870.0
2024-05-01 18:22:16.092: 25 avg_steps: 1693.9
2024-05-01 18:22:16.092: 25 epsilon: 0.1
2024-05-01 18:41:06.347: 26 test start:
2024-05-01 18:41:49.681: 26 avg_reward: 17295.0
2024-05-01 18:41:49.681: 26 avg_steps: 1251.6
2024-05-01 18:41:49.681: 26 epsilon: 0.1
2024-05-01 19:00:59.772: 27 test start:
2024-05-01 19:02:19.276: 27 avg_reward: 38750.0
2024-05-01 19:02:19.276: 27 avg_steps: 2284.0
2024-05-01 19:02:19.276: 27 epsilon: 0.1
2024-05-01 19:21:37.779: 28 test start:
2024-05-01 19:23:11.017: 28 avg_reward: 52165.0
2024-05-01 19:23:11.017: 28 avg_steps: 2636.3
2024-05-01 19:23:11.017: 28 epsilon: 0.1
2024-05-01 19:41:59.984: 29 test start:
2024-05-01 19:43:10.093: 29 avg_reward: 32685.0
2024-05-01 19:43:10.093: 29 avg_steps: 2031.4
2024-05-01 19:43:10.093: 29 epsilon: 0.1
2024-05-01 20:02:30.943: 30 test start:
2024-05-01 20:03:50.138: 30 avg_reward: 40595.0
2024-05-01 20:03:50.138: 30 avg_steps: 2248.2
2024-05-01 20:03:50.138: 30 epsilon: 0.1
2024-05-01 20:23:14.692: 31 test start:
2024-05-01 20:24:40.873: 31 avg_reward: 41765.0
2024-05-01 20:24:40.873: 31 avg_steps: 2426.9
2024-05-01 20:24:40.873: 31 epsilon: 0.1
2024-05-01 20:44:33.781: 32 test start:
2024-05-01 20:46:02.618: 32 avg_reward: 43215.0
2024-05-01 20:46:02.618: 32 avg_steps: 2498.0
2024-05-01 20:46:02.618: 32 epsilon: 0.1
2024-05-01 21:05:22.127: 33 test start:
2024-05-01 21:06:28.958: 33 avg_reward: 28335.0
2024-05-01 21:06:28.958: 33 avg_steps: 1883.3
2024-05-01 21:06:28.958: 33 epsilon: 0.1
2024-05-01 21:25:24.826: 34 test start:
2024-05-01 21:26:46.032: 34 avg_reward: 39300.0
2024-05-01 21:26:46.032: 34 avg_steps: 2307.5
2024-05-01 21:26:46.032: 34 epsilon: 0.1
2024-05-01 21:45:40.404: 35 test start:
2024-05-01 21:46:31.154: 35 avg_reward: 18330.0
2024-05-01 21:46:31.154: 35 avg_steps: 1441.3
2024-05-01 21:46:31.154: 35 epsilon: 0.1
2024-05-01 22:05:52.415: 36 test start:
2024-05-01 22:07:23.371: 36 avg_reward: 47995.0
2024-05-01 22:07:23.371: 36 avg_steps: 2583.3
2024-05-01 22:07:23.371: 36 epsilon: 0.1
2024-05-01 22:26:23.776: 37 test start:
2024-05-01 22:27:31.327: 37 avg_reward: 28790.0
2024-05-01 22:27:31.328: 37 avg_steps: 1940.9
2024-05-01 22:27:31.328: 37 epsilon: 0.1
2024-05-01 22:46:49.354: 38 test start:
2024-05-01 22:47:48.720: 38 avg_reward: 26670.0
2024-05-01 22:47:48.720: 38 avg_steps: 1717.4
2024-05-01 22:47:48.720: 38 epsilon: 0.1
2024-05-01 23:06:44.025: 39 test start:
2024-05-01 23:08:30.257: 39 avg_reward: 53575.0
2024-05-01 23:08:30.257: 39 avg_steps: 2992.8
2024-05-01 23:08:30.257: 39 epsilon: 0.1
2024-05-01 23:27:55.103: 40 test start:
2024-05-01 23:29:25.487: 40 avg_reward: 45155.0
2024-05-01 23:29:25.487: 40 avg_steps: 2592.7
2024-05-01 23:29:25.487: 40 epsilon: 0.1
2024-05-01 23:48:54.207: 41 test start:
2024-05-01 23:50:25.217: 41 avg_reward: 44110.0
2024-05-01 23:50:25.218: 41 avg_steps: 2646.2
2024-05-01 23:50:25.218: 41 epsilon: 0.1
2024-05-02 00:09:30.391: 42 test start:
2024-05-02 00:11:09.469: 42 avg_reward: 52540.0
2024-05-02 00:11:09.469: 42 avg_steps: 2804.8
2024-05-02 00:11:09.469: 42 epsilon: 0.1
2024-05-02 00:30:25.513: 43 test start:
2024-05-02 00:32:23.420: 43 avg_reward: 65305.0
2024-05-02 00:32:23.420: 43 avg_steps: 3341.7
2024-05-02 00:32:23.420: 43 epsilon: 0.1
2024-05-02 00:51:50.777: 44 test start:
2024-05-02 00:53:44.822: 44 avg_reward: 67095.0
2024-05-02 00:53:44.822: 44 avg_steps: 3255.9
2024-05-02 00:53:44.822: 44 epsilon: 0.1
2024-05-02 01:13:22.789: 45 test start:
2024-05-02 01:14:41.348: 45 avg_reward: 39425.0
2024-05-02 01:14:41.348: 45 avg_steps: 2223.4
2024-05-02 01:14:41.348: 45 epsilon: 0.1
2024-05-02 01:34:04.038: 46 test start:
2024-05-02 01:36:13.764: 46 avg_reward: 83720.0
2024-05-02 01:36:13.764: 46 avg_steps: 3702.7
2024-05-02 01:36:13.764: 46 epsilon: 0.1
2024-05-02 01:55:09.531: 47 test start:
2024-05-02 01:56:50.282: 47 avg_reward: 53985.0
2024-05-02 01:56:50.282: 47 avg_steps: 2865.3
2024-05-02 01:56:50.282: 47 epsilon: 0.1
2024-05-02 02:16:00.718: 48 test start:
2024-05-02 02:18:11.282: 48 avg_reward: 83025.0
2024-05-02 02:18:11.282: 48 avg_steps: 3763.1
2024-05-02 02:18:11.282: 48 epsilon: 0.1
2024-05-02 02:37:35.852: 49 test start:
2024-05-02 02:39:35.299: 49 avg_reward: 74855.0
2024-05-02 02:39:35.299: 49 avg_steps: 3388.1
2024-05-02 02:39:35.299: 49 epsilon: 0.1
2024-05-02 02:58:41.578: 50 test start:
2024-05-02 03:01:18.405: 50 avg_reward: 106385.0
2024-05-02 03:01:18.405: 50 avg_steps: 4480.1
2024-05-02 03:01:18.405: 50 epsilon: 0.1
2024-05-02 03:20:32.719: 51 test start:
2024-05-02 03:23:01.581: 51 avg_reward: 102550.0
2024-05-02 03:23:01.581: 51 avg_steps: 4215.1
2024-05-02 03:23:01.581: 51 epsilon: 0.1
2024-05-02 03:42:42.358: 52 test start:
2024-05-02 03:45:54.468: 52 avg_reward: 137855.0
2024-05-02 03:45:54.468: 52 avg_steps: 5579.6
2024-05-02 03:45:54.468: 52 epsilon: 0.1
2024-05-02 04:04:12.710: 53 test start:
2024-05-02 04:07:10.223: 53 avg_reward: 123915.0
2024-05-02 04:07:10.223: 53 avg_steps: 5102.6
2024-05-02 04:07:10.223: 53 epsilon: 0.1
2024-05-02 04:27:03.481: 54 test start:
2024-05-02 04:30:03.590: 54 avg_reward: 122155.0
2024-05-02 04:30:03.590: 54 avg_steps: 5162.7
2024-05-02 04:30:03.591: 54 epsilon: 0.1
2024-05-02 04:48:14.796: 55 test start:
2024-05-02 04:50:52.252: 55 avg_reward: 107780.0
2024-05-02 04:50:52.252: 55 avg_steps: 4515.3
2024-05-02 04:50:52.252: 55 epsilon: 0.1
2024-05-02 05:09:57.093: 56 test start:
2024-05-02 05:15:15.508: 56 avg_reward: 242260.0
2024-05-02 05:15:15.508: 56 avg_steps: 9168.7
2024-05-02 05:15:15.508: 56 epsilon: 0.1
2024-05-02 05:34:44.778: 57 test start:
2024-05-02 05:44:15.597: 57 avg_reward: 470625.0
2024-05-02 05:44:15.597: 57 avg_steps: 16192.55
2024-05-02 05:44:15.597: 57 epsilon: 0.1
2024-05-02 06:04:06.920: 58 test start:
2024-05-02 06:10:45.549: 58 avg_reward: 305605.0
2024-05-02 06:10:45.549: 58 avg_steps: 11322.0
2024-05-02 06:10:45.549: 58 epsilon: 0.1
2024-05-02 06:31:20.061: 59 test start:
2024-05-02 06:46:29.683: 59 avg_reward: 807775.0
2024-05-02 06:46:29.684: 59 avg_steps: 25827.25
2024-05-02 06:46:29.684: 59 epsilon: 0.1
2024-05-02 07:04:18.736: 60 test start:
2024-05-02 07:18:58.103: 60 avg_reward: 747560.0
2024-05-02 07:18:58.103: 60 avg_steps: 24892.5
2024-05-02 07:18:58.103: 60 epsilon: 0.1
2024-05-02 07:37:37.404: 61 test start:
2024-05-02 07:52:47.976: 61 avg_reward: 777600.0
2024-05-02 07:52:47.976: 61 avg_steps: 25899.45
2024-05-02 07:52:47.976: 61 epsilon: 0.1
2024-05-02 08:15:05.280: 62 test start:
2024-05-02 08:29:31.550: 62 avg_reward: 746495.0
2024-05-02 08:29:31.550: 62 avg_steps: 24695.0
2024-05-02 08:29:31.550: 62 epsilon: 0.1
2024-05-02 08:50:09.465: 63 test start:
2024-05-02 09:06:02.089: 63 avg_reward: 804415.0
2024-05-02 09:06:02.089: 63 avg_steps: 27000.0
2024-05-02 09:06:02.089: 63 epsilon: 0.1
2024-05-02 09:23:59.465: 64 test start:
2024-05-02 09:37:42.606: 64 avg_reward: 685815.0
2024-05-02 09:37:42.606: 64 avg_steps: 23307.75
2024-05-02 09:37:42.606: 64 epsilon: 0.1
2024-05-02 09:53:45.206: 65 test start:
2024-05-02 10:09:44.107: 65 avg_reward: 795585.0
2024-05-02 10:09:44.107: 65 avg_steps: 27000.0
2024-05-02 10:09:44.107: 65 epsilon: 0.1
2024-05-02 10:31:05.259: 66 test start:
2024-05-02 10:47:03.940: 66 avg_reward: 811925.0
2024-05-02 10:47:03.940: 66 avg_steps: 27000.0
2024-05-02 10:47:03.940: 66 epsilon: 0.1
2024-05-02 11:08:32.115: 67 test start:
2024-05-02 11:22:57.971: 67 avg_reward: 721145.0
2024-05-02 11:22:57.971: 67 avg_steps: 24531.1
2024-05-02 11:22:57.971: 67 epsilon: 0.1
2024-05-02 11:38:28.812: 68 test start:
2024-05-02 11:52:55.321: 68 avg_reward: 722740.0
2024-05-02 11:52:55.321: 68 avg_steps: 24532.2
2024-05-02 11:52:55.321: 68 epsilon: 0.1
2024-05-02 12:13:35.552: 69 test start:
2024-05-02 12:28:48.942: 69 avg_reward: 770345.0
2024-05-02 12:28:48.943: 69 avg_steps: 25773.95
2024-05-02 12:28:48.943: 69 epsilon: 0.1
2024-05-02 12:49:14.224: 70 test start:
2024-05-02 13:05:16.139: 70 avg_reward: 828365.0
2024-05-02 13:05:16.140: 70 avg_steps: 27000.0
2024-05-02 13:05:16.140: 70 epsilon: 0.1
2024-05-02 13:26:01.184: 71 test start:
2024-05-02 13:41:57.442: 71 avg_reward: 815015.0
2024-05-02 13:41:57.442: 71 avg_steps: 27000.0
2024-05-02 13:41:57.442: 71 epsilon: 0.1
2024-05-02 13:57:33.225: 72 test start:
2024-05-02 14:12:39.474: 72 avg_reward: 791520.0
2024-05-02 14:12:39.474: 72 avg_steps: 25737.05
2024-05-02 14:12:39.474: 72 epsilon: 0.1
2024-05-02 14:33:25.366: 73 test start:
2024-05-02 14:49:05.649: 73 avg_reward: 842640.0
2024-05-02 14:49:05.650: 73 avg_steps: 27000.0
2024-05-02 14:49:05.650: 73 epsilon: 0.1
2024-05-02 15:09:50.229: 74 test start:
2024-05-02 15:25:42.413: 74 avg_reward: 880835.0
2024-05-02 15:25:42.413: 74 avg_steps: 27000.0
2024-05-02 15:25:42.413: 74 epsilon: 0.1
2024-05-02 15:41:34.900: 75 test start:
2024-05-02 15:57:32.309: 75 avg_reward: 879310.0
2024-05-02 15:57:32.309: 75 avg_steps: 27000.0
2024-05-02 15:57:32.309: 75 epsilon: 0.1
2024-05-02 16:18:16.987: 76 test start:
2024-05-02 16:34:08.774: 76 avg_reward: 898480.0
2024-05-02 16:34:08.774: 76 avg_steps: 27000.0
2024-05-02 16:34:08.775: 76 epsilon: 0.1
2024-05-02 16:55:01.184: 77 test start:
2024-05-02 17:10:57.214: 77 avg_reward: 878685.0
2024-05-02 17:10:57.214: 77 avg_steps: 27000.0
2024-05-02 17:10:57.215: 77 epsilon: 0.1
2024-05-02 17:26:37.572: 78 test start:
2024-05-02 17:42:35.567: 78 avg_reward: 859885.0
2024-05-02 17:42:35.567: 78 avg_steps: 27000.0
2024-05-02 17:42:35.568: 78 epsilon: 0.1
2024-05-02 18:03:56.671: 79 test start:
2024-05-02 18:19:08.415: 79 avg_reward: 799255.0
2024-05-02 18:19:08.415: 79 avg_steps: 25739.55
2024-05-02 18:19:08.415: 79 epsilon: 0.1
2024-05-02 18:39:57.497: 80 test start:
2024-05-02 18:54:17.092: 80 avg_reward: 771970.0
2024-05-02 18:54:17.092: 80 avg_steps: 24452.7
2024-05-02 18:54:17.092: 80 epsilon: 0.1
2024-05-02 19:15:18.094: 81 test start:
2024-05-02 19:31:04.406: 81 avg_reward: 863585.0
2024-05-02 19:31:04.406: 81 avg_steps: 27000.0
2024-05-02 19:31:04.406: 81 epsilon: 0.1
2024-05-02 19:46:55.637: 82 test start:
2024-05-02 20:02:29.564: 82 avg_reward: 863590.0
2024-05-02 20:02:29.565: 82 avg_steps: 27000.0
2024-05-02 20:02:29.565: 82 epsilon: 0.1
2024-05-02 20:23:30.090: 83 test start:
2024-05-02 20:39:24.326: 83 avg_reward: 863090.0
2024-05-02 20:39:24.326: 83 avg_steps: 27000.0
2024-05-02 20:39:24.327: 83 epsilon: 0.1
2024-05-02 21:00:16.228: 84 test start:
2024-05-02 21:16:11.568: 84 avg_reward: 846700.0
2024-05-02 21:16:11.568: 84 avg_steps: 27000.0
2024-05-02 21:16:11.568: 84 epsilon: 0.1
2024-05-02 21:31:43.692: 85 test start:
2024-05-02 21:46:46.675: 85 avg_reward: 806520.0
2024-05-02 21:46:46.675: 85 avg_steps: 25696.05
2024-05-02 21:46:46.675: 85 epsilon: 0.1
2024-05-02 22:07:35.091: 86 test start:
2024-05-02 22:23:26.474: 86 avg_reward: 801985.0
2024-05-02 22:23:26.475: 86 avg_steps: 27000.0
2024-05-02 22:23:26.475: 86 epsilon: 0.1
2024-05-02 22:44:14.364: 87 test start:
2024-05-02 23:00:05.027: 87 avg_reward: 821620.0
2024-05-02 23:00:05.027: 87 avg_steps: 27000.0
2024-05-02 23:00:05.027: 87 epsilon: 0.1
2024-05-02 23:15:44.049: 88 test start:
2024-05-02 23:31:36.573: 88 avg_reward: 840030.0
2024-05-02 23:31:36.574: 88 avg_steps: 27000.0
2024-05-02 23:31:36.574: 88 epsilon: 0.1
2024-05-02 23:52:32.274: 89 test start:
2024-05-03 00:06:10.293: 89 avg_reward: 691715.0
2024-05-03 00:06:10.293: 89 avg_steps: 23177.75
2024-05-03 00:06:10.293: 89 epsilon: 0.1
2024-05-03 00:27:15.226: 90 test start:
2024-05-03 00:43:10.098: 90 avg_reward: 849380.0
2024-05-03 00:43:10.098: 90 avg_steps: 27000.0
2024-05-03 00:43:10.098: 90 epsilon: 0.1
2024-05-03 00:59:33.694: 91 test start:
2024-05-03 01:13:07.547: 91 avg_reward: 683960.0
2024-05-03 01:13:07.547: 91 avg_steps: 23188.95
2024-05-03 01:13:07.547: 91 epsilon: 0.1
2024-05-03 01:34:20.328: 92 test start:
2024-05-03 01:49:24.230: 92 avg_reward: 766010.0
2024-05-03 01:49:24.230: 92 avg_steps: 25737.95
2024-05-03 01:49:24.230: 92 epsilon: 0.1
2024-05-03 02:10:13.483: 93 test start:
2024-05-03 02:25:23.088: 93 avg_reward: 788180.0
2024-05-03 02:25:23.088: 93 avg_steps: 25702.35
2024-05-03 02:25:23.088: 93 epsilon: 0.1
2024-05-03 02:41:44.804: 94 test start:
2024-05-03 02:55:20.186: 94 avg_reward: 636850.0
2024-05-03 02:55:20.186: 94 avg_steps: 23209.85
2024-05-03 02:55:20.186: 94 epsilon: 0.1
2024-05-03 03:16:11.510: 95 test start:
2024-05-03 03:32:00.082: 95 avg_reward: 810245.0
2024-05-03 03:32:00.082: 95 avg_steps: 27000.0
2024-05-03 03:32:00.082: 95 epsilon: 0.1
2024-05-03 03:48:44.852: 96 test start:
2024-05-03 03:58:49.203: 96 avg_reward: 511965.0
2024-05-03 03:58:49.204: 96 avg_steps: 17043.1
2024-05-03 03:58:49.204: 96 epsilon: 0.1
2024-05-03 04:19:25.696: 97 test start:
2024-05-03 04:32:59.382: 97 avg_reward: 709820.0
2024-05-03 04:32:59.382: 97 avg_steps: 23183.45
2024-05-03 04:32:59.382: 97 epsilon: 0.1
2024-05-03 04:54:32.691: 98 test start:
2024-05-03 05:08:49.341: 98 avg_reward: 752200.0
2024-05-03 05:08:49.341: 98 avg_steps: 24510.2
2024-05-03 05:08:49.341: 98 epsilon: 0.1
2024-05-03 05:24:19.300: 99 test start:
2024-05-03 05:39:15.779: 99 avg_reward: 806890.0
2024-05-03 05:39:15.779: 99 avg_steps: 25790.15
2024-05-03 05:39:15.779: 99 epsilon: 0.1
2024-05-03 05:59:55.739: 100 test start:
2024-05-03 06:14:16.598: 100 avg_reward: 762115.0
2024-05-03 06:14:16.598: 100 avg_steps: 24558.2
2024-05-03 06:14:16.598: 100 epsilon: 0.1
2024-05-03 06:35:23.566: 101 test start:
2024-05-03 06:48:26.467: 101 avg_reward: 675345.0
2024-05-03 06:48:26.467: 101 avg_steps: 22099.8
2024-05-03 06:48:26.467: 101 epsilon: 0.1
2024-05-03 07:05:22.407: 102 test start:
2024-05-03 07:13:18.623: 102 avg_reward: 399685.0
2024-05-03 07:13:18.623: 102 avg_steps: 13437.45
2024-05-03 07:13:18.623: 102 epsilon: 0.1
2024-05-03 07:34:33.185: 103 test start:
2024-05-03 07:44:37.021: 103 avg_reward: 506130.0
2024-05-03 07:44:37.021: 103 avg_steps: 17180.0
2024-05-03 07:44:37.021: 103 epsilon: 0.1
2024-05-03 08:00:54.674: 104 test start:
2024-05-03 08:11:04.985: 104 avg_reward: 524360.0
2024-05-03 08:11:04.985: 104 avg_steps: 17245.1
2024-05-03 08:11:04.985: 104 epsilon: 0.1
2024-05-03 08:33:35.570: 105 test start:
2024-05-03 08:47:18.942: 105 avg_reward: 735505.0
2024-05-03 08:47:18.942: 105 avg_steps: 23230.75
2024-05-03 08:47:18.942: 105 epsilon: 0.1
2024-05-03 09:02:35.002: 106 test start:
2024-05-03 09:12:00.937: 106 avg_reward: 485855.0
2024-05-03 09:12:00.937: 106 avg_steps: 16007.55
2024-05-03 09:12:00.937: 106 epsilon: 0.1
2024-05-03 09:33:30.988: 107 test start:
2024-05-03 09:42:55.157: 107 avg_reward: 487855.0
2024-05-03 09:42:55.157: 107 avg_steps: 15916.65
2024-05-03 09:42:55.157: 107 epsilon: 0.1
2024-05-03 10:03:53.325: 108 test start:
2024-05-03 10:17:31.964: 108 avg_reward: 703945.0
2024-05-03 10:17:31.964: 108 avg_steps: 23290.55
2024-05-03 10:17:31.964: 108 epsilon: 0.1
2024-05-03 10:33:22.509: 109 test start:
2024-05-03 10:44:10.051: 109 avg_reward: 545960.0
2024-05-03 10:44:10.051: 109 avg_steps: 18319.55
2024-05-03 10:44:10.051: 109 epsilon: 0.1
2024-05-03 11:05:51.321: 110 test start:
2024-05-03 11:17:22.545: 110 avg_reward: 593820.0
2024-05-03 11:17:22.545: 110 avg_steps: 19527.0
2024-05-03 11:17:22.545: 110 epsilon: 0.1
2024-05-03 11:34:18.800: 111 test start:
2024-05-03 11:48:41.969: 111 avg_reward: 751715.0
2024-05-03 11:48:41.969: 111 avg_steps: 24528.1
2024-05-03 11:48:41.969: 111 epsilon: 0.1
2024-05-03 12:09:43.112: 112 test start:
2024-05-03 12:23:12.158: 112 avg_reward: 710860.0
2024-05-03 12:23:12.158: 112 avg_steps: 23261.75
2024-05-03 12:23:12.159: 112 epsilon: 0.1
2024-05-03 12:44:24.076: 113 test start:
2024-05-03 13:00:07.895: 113 avg_reward: 823380.0
2024-05-03 13:00:07.895: 113 avg_steps: 27000.0
2024-05-03 13:00:07.895: 113 epsilon: 0.1
2024-05-03 13:16:12.805: 114 test start:
2024-05-03 13:31:08.614: 114 avg_reward: 777500.0
2024-05-03 13:31:08.614: 114 avg_steps: 25729.25
2024-05-03 13:31:08.614: 114 epsilon: 0.1
2024-05-03 13:51:59.511: 115 test start:
2024-05-03 14:07:50.701: 115 avg_reward: 840840.0
2024-05-03 14:07:50.701: 115 avg_steps: 27000.0
2024-05-03 14:07:50.701: 115 epsilon: 0.1
2024-05-03 14:28:36.129: 116 test start:
2024-05-03 14:44:26.921: 116 avg_reward: 852430.0
2024-05-03 14:44:26.922: 116 avg_steps: 27000.0
2024-05-03 14:44:26.922: 116 epsilon: 0.1
2024-05-03 15:00:26.843: 117 test start:
2024-05-03 15:15:39.399: 117 avg_reward: 798115.0
2024-05-03 15:15:39.399: 117 avg_steps: 25692.05
2024-05-03 15:15:39.399: 117 epsilon: 0.1
2024-05-03 15:36:58.395: 118 test start:
2024-05-03 15:51:58.645: 118 avg_reward: 786530.0
2024-05-03 15:51:58.645: 118 avg_steps: 25727.65
2024-05-03 15:51:58.645: 118 epsilon: 0.1
2024-05-03 16:07:36.583: 119 test start:
2024-05-03 16:18:56.704: 119 avg_reward: 584890.0
2024-05-03 16:18:56.704: 119 avg_steps: 19397.5
2024-05-03 16:18:56.704: 119 epsilon: 0.1
2024-05-03 16:40:00.094: 120 test start:
2024-05-03 16:54:19.586: 120 avg_reward: 750755.0
2024-05-03 16:54:19.586: 120 avg_steps: 24450.5
2024-05-03 16:54:19.586: 120 epsilon: 0.1
2024-05-03 17:15:31.289: 121 test start:
2024-05-03 17:28:26.784: 121 avg_reward: 682055.0
2024-05-03 17:28:26.784: 121 avg_steps: 21984.4
2024-05-03 17:28:26.784: 121 epsilon: 0.1
2024-05-03 17:43:50.087: 122 test start:
2024-05-03 17:59:44.079: 122 avg_reward: 836345.0
2024-05-03 17:59:44.079: 122 avg_steps: 27000.0
2024-05-03 17:59:44.079: 122 epsilon: 0.1
2024-05-03 18:20:22.891: 123 test start:
2024-05-03 18:36:18.901: 123 avg_reward: 833245.0
2024-05-03 18:36:18.901: 123 avg_steps: 27000.0
2024-05-03 18:36:18.901: 123 epsilon: 0.1
2024-05-03 18:57:23.295: 124 test start:
2024-05-03 19:12:27.539: 124 avg_reward: 784140.0
2024-05-03 19:12:27.539: 124 avg_steps: 25704.65
2024-05-03 19:12:27.539: 124 epsilon: 0.1
2024-05-03 19:28:28.741: 125 test start:
2024-05-03 19:44:19.174: 125 avg_reward: 827385.0
2024-05-03 19:44:19.174: 125 avg_steps: 27000.0
2024-05-03 19:44:19.174: 125 epsilon: 0.1
2024-05-03 20:05:54.930: 126 test start:
2024-05-03 20:21:38.753: 126 avg_reward: 831510.0
2024-05-03 20:21:38.753: 126 avg_steps: 27000.0
2024-05-03 20:21:38.753: 126 epsilon: 0.1
2024-05-03 20:42:42.286: 127 test start:
2024-05-03 20:57:46.998: 127 avg_reward: 781080.0
2024-05-03 20:57:46.998: 127 avg_steps: 25738.15
2024-05-03 20:57:46.998: 127 epsilon: 0.1
2024-05-03 21:13:17.994: 128 test start:
2024-05-03 21:29:13.590: 128 avg_reward: 832410.0
2024-05-03 21:29:13.590: 128 avg_steps: 27000.0
2024-05-03 21:29:13.590: 128 epsilon: 0.1
2024-05-03 21:49:54.376: 129 test start:
2024-05-03 22:05:44.025: 129 avg_reward: 810830.0
2024-05-03 22:05:44.025: 129 avg_steps: 27000.0
2024-05-03 22:05:44.025: 129 epsilon: 0.1
2024-05-03 22:26:41.688: 130 test start:
2024-05-03 22:41:44.150: 130 avg_reward: 791690.0
2024-05-03 22:41:44.150: 130 avg_steps: 25721.05
2024-05-03 22:41:44.150: 130 epsilon: 0.1
2024-05-03 22:57:25.249: 131 test start:
2024-05-03 23:11:43.909: 131 avg_reward: 745005.0
2024-05-03 23:11:43.909: 131 avg_steps: 24445.2
2024-05-03 23:11:43.909: 131 epsilon: 0.1
2024-05-03 23:32:44.037: 132 test start:
2024-05-03 23:47:48.949: 132 avg_reward: 785010.0
2024-05-03 23:47:48.949: 132 avg_steps: 25797.95
2024-05-03 23:47:48.949: 132 epsilon: 0.1
2024-05-04 00:08:31.979: 133 test start:
2024-05-04 00:23:04.715: 133 avg_reward: 759735.0
2024-05-04 00:23:04.715: 133 avg_steps: 24528.4
2024-05-04 00:23:04.715: 133 epsilon: 0.1
2024-05-04 00:39:24.326: 134 test start:
2024-05-04 00:53:46.328: 134 avg_reward: 741700.0
2024-05-04 00:53:46.328: 134 avg_steps: 24481.1
2024-05-04 00:53:46.328: 134 epsilon: 0.1
2024-05-04 01:14:40.888: 135 test start:
2024-05-04 01:28:16.734: 135 avg_reward: 693675.0
2024-05-04 01:28:16.734: 135 avg_steps: 23278.15
2024-05-04 01:28:16.734: 135 epsilon: 0.1
2024-05-04 01:49:52.410: 136 test start:
2024-05-04 02:05:00.269: 136 avg_reward: 762290.0
2024-05-04 02:05:00.269: 136 avg_steps: 25710.95
2024-05-04 02:05:00.269: 136 epsilon: 0.1
2024-05-04 02:20:21.521: 137 test start:
2024-05-04 02:36:14.414: 137 avg_reward: 833460.0
2024-05-04 02:36:14.414: 137 avg_steps: 27000.0
2024-05-04 02:36:14.414: 137 epsilon: 0.1
2024-05-04 02:57:06.852: 138 test start:
2024-05-04 03:10:41.069: 138 avg_reward: 722745.0
2024-05-04 03:10:41.069: 138 avg_steps: 23132.95
2024-05-04 03:10:41.069: 138 epsilon: 0.1
2024-05-04 03:31:17.702: 139 test start:
2024-05-04 03:44:00.359: 139 avg_reward: 674330.0
2024-05-04 03:44:00.359: 139 avg_steps: 21879.5
2024-05-04 03:44:00.359: 139 epsilon: 0.1
2024-05-04 03:59:38.862: 140 test start:
2024-05-04 04:15:18.394: 140 avg_reward: 812285.0
2024-05-04 04:15:18.394: 140 avg_steps: 27000.0
2024-05-04 04:15:18.394: 140 epsilon: 0.1
2024-05-04 04:36:58.313: 141 test start:
2024-05-04 04:50:33.505: 141 avg_reward: 700020.0
2024-05-04 04:50:33.505: 141 avg_steps: 23212.15
2024-05-04 04:50:33.505: 141 epsilon: 0.1
2024-05-04 05:11:39.257: 142 test start:
2024-05-04 05:25:08.365: 142 avg_reward: 719995.0
2024-05-04 05:25:08.365: 142 avg_steps: 23133.95
2024-05-04 05:25:08.365: 142 epsilon: 0.1
2024-05-04 05:40:53.953: 143 test start:
2024-05-04 05:55:26.173: 143 avg_reward: 734310.0
2024-05-04 05:55:26.173: 143 avg_steps: 24547.4
2024-05-04 05:55:26.173: 143 epsilon: 0.1
2024-05-04 06:16:46.488: 144 test start:
2024-05-04 06:31:13.937: 144 avg_reward: 714910.0
2024-05-04 06:31:13.938: 144 avg_steps: 24501.1
2024-05-04 06:31:13.938: 144 epsilon: 0.1
2024-05-04 06:48:05.532: 145 test start:
2024-05-04 07:02:31.721: 145 avg_reward: 735525.0
2024-05-04 07:02:31.721: 145 avg_steps: 24483.3
2024-05-04 07:02:31.721: 145 epsilon: 0.1
2024-05-04 07:23:15.897: 146 test start:
2024-05-04 07:38:28.797: 146 avg_reward: 790400.0
2024-05-04 07:38:28.797: 146 avg_steps: 25707.85
2024-05-04 07:38:28.797: 146 epsilon: 0.1
2024-05-04 07:59:32.429: 147 test start:
2024-05-04 08:15:31.980: 147 avg_reward: 837895.0
2024-05-04 08:15:31.981: 147 avg_steps: 27000.0
2024-05-04 08:15:31.981: 147 epsilon: 0.1
2024-05-04 08:31:06.017: 148 test start:
2024-05-04 08:46:20.981: 148 avg_reward: 784410.0
2024-05-04 08:46:20.981: 148 avg_steps: 25719.65
2024-05-04 08:46:20.981: 148 epsilon: 0.1
2024-05-04 09:07:33.422: 149 test start:
2024-05-04 09:22:04.081: 149 avg_reward: 725855.0
2024-05-04 09:22:04.081: 149 avg_steps: 24567.7
2024-05-04 09:22:04.081: 149 epsilon: 0.1
2024-05-04 09:43:11.856: 150 test start:
2024-05-04 09:57:38.685: 150 avg_reward: 808540.0
2024-05-04 09:57:38.686: 150 avg_steps: 27000.0
2024-05-04 09:57:38.686: 150 epsilon: 0.1
2024-05-04 10:10:16.062: 151 test start:
2024-05-04 10:22:53.499: 151 avg_reward: 819995.0
2024-05-04 10:22:53.499: 151 avg_steps: 27000.0
2024-05-04 10:22:53.499: 151 epsilon: 0.1
2024-05-04 10:42:48.393: 152 test start:
2024-05-04 10:57:49.233: 152 avg_reward: 699295.0
2024-05-04 10:57:49.233: 152 avg_steps: 23329.45
2024-05-04 10:57:49.233: 152 epsilon: 0.1
2024-05-04 11:21:19.740: 153 test start:
2024-05-04 11:36:42.126: 153 avg_reward: 710125.0
2024-05-04 11:36:42.126: 153 avg_steps: 23273.75
2024-05-04 11:36:42.126: 153 epsilon: 0.1
2024-05-04 11:54:28.906: 154 test start:
2024-05-04 12:10:31.755: 154 avg_reward: 757120.0
2024-05-04 12:10:31.755: 154 avg_steps: 24487.5
2024-05-04 12:10:31.755: 154 epsilon: 0.1
2024-05-04 12:33:57.746: 155 test start:
2024-05-04 12:50:05.901: 155 avg_reward: 742650.0
2024-05-04 12:50:05.901: 155 avg_steps: 24537.4
2024-05-04 12:50:05.901: 155 epsilon: 0.1
2024-05-04 13:13:49.314: 156 test start:
2024-05-04 13:30:48.582: 156 avg_reward: 775880.0
2024-05-04 13:30:48.582: 156 avg_steps: 25747.25
2024-05-04 13:30:48.582: 156 epsilon: 0.1
2024-05-04 13:48:36.110: 157 test start:
2024-05-04 14:05:16.520: 157 avg_reward: 769720.0
2024-05-04 14:05:16.520: 157 avg_steps: 25729.05
2024-05-04 14:05:16.520: 157 epsilon: 0.1
2024-05-04 14:29:02.231: 158 test start:
2024-05-04 14:46:36.917: 158 avg_reward: 802540.0
2024-05-04 14:46:36.917: 158 avg_steps: 27000.0
2024-05-04 14:46:36.918: 158 epsilon: 0.1
2024-05-04 15:10:15.455: 159 test start:
2024-05-04 15:28:06.148: 159 avg_reward: 800115.0
2024-05-04 15:28:06.148: 159 avg_steps: 27000.0
2024-05-04 15:28:06.148: 159 epsilon: 0.1
2024-05-04 15:51:47.824: 160 test start:
2024-05-04 16:08:40.358: 160 avg_reward: 775145.0
2024-05-04 16:08:40.358: 160 avg_steps: 25780.55
2024-05-04 16:08:40.359: 160 epsilon: 0.1
2024-05-04 16:26:17.347: 161 test start:
2024-05-04 16:43:47.545: 161 avg_reward: 813375.0
2024-05-04 16:43:47.545: 161 avg_steps: 27000.0
2024-05-04 16:43:47.545: 161 epsilon: 0.1
2024-05-04 17:07:37.312: 162 test start:
2024-05-04 17:24:57.608: 162 avg_reward: 819355.0
2024-05-04 17:24:57.608: 162 avg_steps: 27000.0
2024-05-04 17:24:57.608: 162 epsilon: 0.1
2024-05-04 17:49:13.952: 163 test start:
2024-05-04 18:06:38.722: 163 avg_reward: 790215.0
2024-05-04 18:06:38.722: 163 avg_steps: 27000.0
2024-05-04 18:06:38.722: 163 epsilon: 0.1
2024-05-04 18:24:25.209: 164 test start:
2024-05-04 18:41:43.981: 164 avg_reward: 778995.0
2024-05-04 18:41:43.981: 164 avg_steps: 27000.0
2024-05-04 18:41:43.981: 164 epsilon: 0.1
2024-05-04 19:05:27.085: 165 test start:
2024-05-04 19:23:00.656: 165 avg_reward: 795915.0
2024-05-04 19:23:00.656: 165 avg_steps: 27000.0
2024-05-04 19:23:00.656: 165 epsilon: 0.1
2024-05-04 19:47:07.315: 166 test start:
2024-05-04 20:04:36.095: 166 avg_reward: 797815.0
2024-05-04 20:04:36.095: 166 avg_steps: 27000.0
2024-05-04 20:04:36.095: 166 epsilon: 0.1
2024-05-04 20:22:22.494: 167 test start:
2024-05-04 20:39:54.588: 167 avg_reward: 811830.0
2024-05-04 20:39:54.588: 167 avg_steps: 27000.0
2024-05-04 20:39:54.588: 167 epsilon: 0.1
2024-05-04 21:03:36.404: 168 test start:
2024-05-04 21:20:56.241: 168 avg_reward: 811720.0
2024-05-04 21:20:56.241: 168 avg_steps: 27000.0
2024-05-04 21:20:56.241: 168 epsilon: 0.1
2024-05-04 21:44:51.148: 169 test start:
2024-05-04 22:02:06.018: 169 avg_reward: 768340.0
2024-05-04 22:02:06.018: 169 avg_steps: 27000.0
2024-05-04 22:02:06.018: 169 epsilon: 0.1
2024-05-04 22:19:51.903: 170 test start:
2024-05-04 22:37:20.039: 170 avg_reward: 789700.0
2024-05-04 22:37:20.040: 170 avg_steps: 27000.0
2024-05-04 22:37:20.040: 170 epsilon: 0.1
2024-05-04 23:01:24.867: 171 test start:
2024-05-04 23:19:00.268: 171 avg_reward: 806570.0
2024-05-04 23:19:00.268: 171 avg_steps: 27000.0
2024-05-04 23:19:00.268: 171 epsilon: 0.1
2024-05-04 23:42:34.543: 172 test start:
2024-05-04 23:59:57.617: 172 avg_reward: 786665.0
2024-05-04 23:59:57.618: 172 avg_steps: 27000.0
2024-05-04 23:59:57.618: 172 epsilon: 0.1
2024-05-05 00:17:33.729: 173 test start:
2024-05-05 00:35:01.056: 173 avg_reward: 805410.0
2024-05-05 00:35:01.056: 173 avg_steps: 27000.0
2024-05-05 00:35:01.056: 173 epsilon: 0.1
2024-05-05 00:58:12.737: 174 test start:
2024-05-05 01:15:46.852: 174 avg_reward: 765850.0
2024-05-05 01:15:46.852: 174 avg_steps: 27000.0
2024-05-05 01:15:46.852: 174 epsilon: 0.1
2024-05-05 01:39:27.244: 175 test start:
2024-05-05 01:56:53.007: 175 avg_reward: 782110.0
2024-05-05 01:56:53.007: 175 avg_steps: 27000.0
2024-05-05 01:56:53.007: 175 epsilon: 0.1
2024-05-05 02:20:35.840: 176 test start:
2024-05-05 02:38:15.014: 176 avg_reward: 798355.0
2024-05-05 02:38:15.014: 176 avg_steps: 27000.0
2024-05-05 02:38:15.014: 176 epsilon: 0.1
2024-05-05 02:55:50.976: 177 test start:
2024-05-05 03:13:13.868: 177 avg_reward: 779385.0
2024-05-05 03:13:13.868: 177 avg_steps: 27000.0
2024-05-05 03:13:13.869: 177 epsilon: 0.1
2024-05-05 03:36:28.623: 178 test start:
2024-05-05 03:53:17.635: 178 avg_reward: 758405.0
2024-05-05 03:53:17.635: 178 avg_steps: 25738.35
2024-05-05 03:53:17.635: 178 epsilon: 0.1
2024-05-05 04:16:25.281: 179 test start:
2024-05-05 04:33:49.559: 179 avg_reward: 798105.0
2024-05-05 04:33:49.559: 179 avg_steps: 27000.0
2024-05-05 04:33:49.559: 179 epsilon: 0.1
2024-05-05 04:51:14.823: 180 test start:
2024-05-05 05:08:55.908: 180 avg_reward: 790360.0
2024-05-05 05:08:55.908: 180 avg_steps: 27000.0
2024-05-05 05:08:55.908: 180 epsilon: 0.1
2024-05-05 05:32:17.098: 181 test start:
2024-05-05 05:49:39.345: 181 avg_reward: 801070.0
2024-05-05 05:49:39.345: 181 avg_steps: 27000.0
2024-05-05 05:49:39.345: 181 epsilon: 0.1
2024-05-05 06:12:43.620: 182 test start:
2024-05-05 06:30:09.954: 182 avg_reward: 770750.0
2024-05-05 06:30:09.954: 182 avg_steps: 27000.0
2024-05-05 06:30:09.954: 182 epsilon: 0.1
2024-05-05 06:48:55.218: 183 test start:
2024-05-05 07:05:37.292: 183 avg_reward: 749765.0
2024-05-05 07:05:37.292: 183 avg_steps: 25710.15
2024-05-05 07:05:37.292: 183 epsilon: 0.1
2024-05-05 07:28:28.005: 184 test start:
2024-05-05 07:45:55.025: 184 avg_reward: 792950.0
2024-05-05 07:45:55.026: 184 avg_steps: 27000.0
2024-05-05 07:45:55.026: 184 epsilon: 0.1
2024-05-05 08:09:06.071: 185 test start:
2024-05-05 08:26:29.027: 185 avg_reward: 813185.0
2024-05-05 08:26:29.027: 185 avg_steps: 27000.0
2024-05-05 08:26:29.027: 185 epsilon: 0.1
2024-05-05 08:44:55.828: 186 test start:
2024-05-05 09:02:09.000: 186 avg_reward: 791255.0
2024-05-05 09:02:09.001: 186 avg_steps: 27000.0
2024-05-05 09:02:09.001: 186 epsilon: 0.1
2024-05-05 09:25:20.695: 187 test start:
2024-05-05 09:41:52.477: 187 avg_reward: 740685.0
2024-05-05 09:41:52.477: 187 avg_steps: 25781.15
2024-05-05 09:41:52.477: 187 epsilon: 0.1
2024-05-05 10:05:09.262: 188 test start:
2024-05-05 10:22:35.127: 188 avg_reward: 754615.0
2024-05-05 10:22:35.127: 188 avg_steps: 27000.0
2024-05-05 10:22:35.127: 188 epsilon: 0.1
2024-05-05 10:39:36.731: 189 test start:
2024-05-05 10:57:02.336: 189 avg_reward: 774300.0
2024-05-05 10:57:02.336: 189 avg_steps: 27000.0
2024-05-05 10:57:02.336: 189 epsilon: 0.1
2024-05-05 11:20:01.720: 190 test start:
2024-05-05 11:37:29.681: 190 avg_reward: 788490.0
2024-05-05 11:37:29.681: 190 avg_steps: 27000.0
2024-05-05 11:37:29.681: 190 epsilon: 0.1
2024-05-05 12:00:26.378: 191 test start:
2024-05-05 12:17:47.599: 191 avg_reward: 761925.0
2024-05-05 12:17:47.599: 191 avg_steps: 27000.0
2024-05-05 12:17:47.599: 191 epsilon: 0.1
2024-05-05 12:35:08.523: 192 test start:
2024-05-05 12:51:42.037: 192 avg_reward: 739200.0
2024-05-05 12:51:42.037: 192 avg_steps: 25769.45
2024-05-05 12:51:42.037: 192 epsilon: 0.1
2024-05-05 13:14:42.478: 193 test start:
2024-05-05 13:31:59.394: 193 avg_reward: 790200.0
2024-05-05 13:31:59.394: 193 avg_steps: 27000.0
2024-05-05 13:31:59.394: 193 epsilon: 0.1
2024-05-05 13:55:15.798: 194 test start:
2024-05-05 14:12:35.294: 194 avg_reward: 775380.0
2024-05-05 14:12:35.294: 194 avg_steps: 27000.0
2024-05-05 14:12:35.294: 194 epsilon: 0.1
2024-05-05 14:29:22.588: 195 test start:
2024-05-05 14:45:58.283: 195 avg_reward: 806275.0
2024-05-05 14:45:58.283: 195 avg_steps: 27000.0
2024-05-05 14:45:58.283: 195 epsilon: 0.1
2024-05-05 15:08:05.170: 196 test start:
2024-05-05 15:24:40.794: 196 avg_reward: 792705.0
2024-05-05 15:24:40.795: 196 avg_steps: 27000.0
2024-05-05 15:24:40.795: 196 epsilon: 0.1
2024-05-05 15:46:34.879: 197 test start:
2024-05-05 16:03:05.021: 197 avg_reward: 801060.0
2024-05-05 16:03:05.021: 197 avg_steps: 27000.0
2024-05-05 16:03:05.021: 197 epsilon: 0.1
2024-05-05 16:25:12.053: 198 test start:
2024-05-05 16:41:36.133: 198 avg_reward: 778150.0
2024-05-05 16:41:36.133: 198 avg_steps: 27000.0
2024-05-05 16:41:36.133: 198 epsilon: 0.1
2024-05-05 16:58:15.064: 199 test start:
2024-05-05 17:14:03.670: 199 avg_reward: 743200.0
2024-05-05 17:14:03.670: 199 avg_steps: 25744.45
2024-05-05 17:14:03.670: 199 epsilon: 0.1
2024-05-05 17:35:55.337: 200 test start:
2024-05-05 17:52:27.083: 200 avg_reward: 776335.0
2024-05-05 17:52:27.083: 200 avg_steps: 27000.0
2024-05-05 17:52:27.083: 200 epsilon: 0.1
2024-05-05 18:14:17.381: 201 test start:
2024-05-05 18:30:43.696: 201 avg_reward: 781865.0
2024-05-05 18:30:43.696: 201 avg_steps: 27000.0
2024-05-05 18:30:43.696: 201 epsilon: 0.1
2024-05-05 18:47:22.780: 202 test start:
2024-05-05 19:04:02.764: 202 avg_reward: 776395.0
2024-05-05 19:04:02.764: 202 avg_steps: 27000.0
2024-05-05 19:04:02.765: 202 epsilon: 0.1
2024-05-05 19:26:11.470: 203 test start:
2024-05-05 19:41:58.438: 203 avg_reward: 740265.0
2024-05-05 19:41:58.438: 203 avg_steps: 25737.35
2024-05-05 19:41:58.438: 203 epsilon: 0.1
2024-05-05 20:03:53.693: 204 test start:
2024-05-05 20:20:21.814: 204 avg_reward: 801160.0
2024-05-05 20:20:21.814: 204 avg_steps: 27000.0
2024-05-05 20:20:21.814: 204 epsilon: 0.1
2024-05-05 20:37:03.053: 205 test start:
2024-05-05 20:53:27.705: 205 avg_reward: 810775.0
2024-05-05 20:53:27.705: 205 avg_steps: 27000.0
2024-05-05 20:53:27.705: 205 epsilon: 0.1
2024-05-05 21:15:22.767: 206 test start:
