2024-05-01 10:28:12.714: 
parameters:agent_saving_period: 80000
agent_test_episodes: 20
batch_num_per_epoch: 100000
device: cuda:0
env_name: ALE/Seaquest-v5
epsilon_for_test: 0.05
epsilon_max: 1.0
epsilon_min: 0.1
exploration_steps: 1000000
gamma: 0.99
input_frame_height: 84
input_frame_width: 84
learning_rate: 1.0e-05
log_path: ../exps/dqn/
mini_batch_size: 32
no_op: 30
phi_channel: 4
replay_buffer_size: 200000
replay_start_size: 10000
save_path: ./exps/
skip_k_frame: 4
step_c: 10000
training_steps: 50000000

2024-05-01 10:46:52.165: 1 test start:
2024-05-01 10:47:31.583: 1 avg_reward: 313.0
2024-05-01 10:47:31.584: 1 avg_steps: 1063.5
2024-05-01 10:47:31.584: 1 epsilon: 0.9235873
2024-05-01 11:12:02.860: 2 test start:
2024-05-01 11:12:34.362: 2 avg_reward: 239.0
2024-05-01 11:12:34.362: 2 avg_steps: 896.2
2024-05-01 11:12:34.362: 2 epsilon: 0.8389261
2024-05-01 11:38:34.645: 3 test start:
2024-05-01 11:39:18.404: 3 avg_reward: 403.0
2024-05-01 11:39:18.405: 3 avg_steps: 1263.15
2024-05-01 11:39:18.405: 3 epsilon: 0.7532209
2024-05-01 12:05:02.286: 4 test start:
2024-05-01 12:05:39.960: 4 avg_reward: 268.0
2024-05-01 12:05:39.961: 4 avg_steps: 1078.65
2024-05-01 12:05:39.961: 4 epsilon: 0.6675192999999999
2024-05-01 12:31:54.906: 5 test start:
2024-05-01 12:32:45.807: 5 avg_reward: 446.0
2024-05-01 12:32:45.807: 5 avg_steps: 1434.9
2024-05-01 12:32:45.807: 5 epsilon: 0.5805775
2024-05-01 12:58:14.341: 6 test start:
2024-05-01 12:58:37.005: 6 avg_reward: 188.0
2024-05-01 12:58:37.005: 6 avg_steps: 665.75
2024-05-01 12:58:37.005: 6 epsilon: 0.4937832999999999
2024-05-01 13:24:15.919: 7 test start:
2024-05-01 13:24:46.017: 7 avg_reward: 270.0
2024-05-01 13:24:46.018: 7 avg_steps: 907.15
2024-05-01 13:24:46.018: 7 epsilon: 0.4071834999999999
2024-05-01 13:50:33.335: 8 test start:
2024-05-01 13:51:09.950: 8 avg_reward: 394.0
2024-05-01 13:51:09.950: 8 avg_steps: 1088.25
2024-05-01 13:51:09.950: 8 epsilon: 0.31985469999999994
2024-05-01 14:15:21.790: 9 test start:
2024-05-01 14:15:57.927: 9 avg_reward: 412.0
2024-05-01 14:15:57.927: 9 avg_steps: 987.45
2024-05-01 14:15:57.927: 9 epsilon: 0.2328579999999999
2024-05-01 14:42:22.144: 10 test start:
2024-05-01 14:43:00.737: 10 avg_reward: 564.0
2024-05-01 14:43:00.737: 10 avg_steps: 1129.85
2024-05-01 14:43:00.737: 10 epsilon: 0.14535369999999992
2024-05-01 15:08:34.055: 11 test start:
2024-05-01 15:09:10.705: 11 avg_reward: 604.0
2024-05-01 15:09:10.705: 11 avg_steps: 1035.6
2024-05-01 15:09:10.705: 11 epsilon: 0.1
2024-05-01 15:35:18.403: 12 test start:
2024-05-01 15:36:00.156: 12 avg_reward: 736.0
2024-05-01 15:36:00.156: 12 avg_steps: 1149.45
2024-05-01 15:36:00.156: 12 epsilon: 0.1
2024-05-01 16:02:20.569: 13 test start:
2024-05-01 16:03:19.558: 13 avg_reward: 1150.0
2024-05-01 16:03:19.559: 13 avg_steps: 1594.65
2024-05-01 16:03:19.559: 13 epsilon: 0.1
2024-05-01 16:30:00.145: 14 test start:
2024-05-01 16:30:46.578: 14 avg_reward: 875.0
2024-05-01 16:30:46.578: 14 avg_steps: 1253.35
2024-05-01 16:30:46.578: 14 epsilon: 0.1
2024-05-01 16:56:50.176: 15 test start:
2024-05-01 16:57:47.755: 15 avg_reward: 1357.0
2024-05-01 16:57:47.755: 15 avg_steps: 1606.55
2024-05-01 16:57:47.755: 15 epsilon: 0.1
2024-05-01 17:24:13.660: 16 test start:
2024-05-01 17:25:15.755: 16 avg_reward: 1465.0
2024-05-01 17:25:15.756: 16 avg_steps: 1676.2
2024-05-01 17:25:15.756: 16 epsilon: 0.1
2024-05-01 17:51:42.063: 17 test start:
2024-05-01 17:52:15.876: 17 avg_reward: 615.0
2024-05-01 17:52:15.876: 17 avg_steps: 876.45
2024-05-01 17:52:15.876: 17 epsilon: 0.1
2024-05-01 18:19:01.418: 18 test start:
2024-05-01 18:20:05.150: 18 avg_reward: 1567.0
2024-05-01 18:20:05.151: 18 avg_steps: 1689.3
2024-05-01 18:20:05.151: 18 epsilon: 0.1
2024-05-01 18:46:39.484: 19 test start:
2024-05-01 18:47:41.710: 19 avg_reward: 1470.0
2024-05-01 18:47:41.710: 19 avg_steps: 1659.65
2024-05-01 18:47:41.710: 19 epsilon: 0.1
2024-05-01 19:13:58.624: 20 test start:
2024-05-01 19:14:58.427: 20 avg_reward: 1545.0
2024-05-01 19:14:58.427: 20 avg_steps: 1609.6
2024-05-01 19:14:58.427: 20 epsilon: 0.1
2024-05-01 19:41:33.182: 21 test start:
2024-05-01 19:42:42.949: 21 avg_reward: 1777.0
2024-05-01 19:42:42.949: 21 avg_steps: 1862.2
2024-05-01 19:42:42.949: 21 epsilon: 0.1
2024-05-01 20:09:18.796: 22 test start:
2024-05-01 20:10:15.881: 22 avg_reward: 1545.0
2024-05-01 20:10:15.882: 22 avg_steps: 1589.7
2024-05-01 20:10:15.882: 22 epsilon: 0.1
2024-05-01 20:36:11.164: 23 test start:
2024-05-01 20:37:18.193: 23 avg_reward: 1721.0
2024-05-01 20:37:18.193: 23 avg_steps: 1765.95
2024-05-01 20:37:18.193: 23 epsilon: 0.1
2024-05-01 21:03:56.002: 24 test start:
2024-05-01 21:04:56.573: 24 avg_reward: 1578.0
2024-05-01 21:04:56.574: 24 avg_steps: 1647.0
2024-05-01 21:04:56.574: 24 epsilon: 0.1
2024-05-01 21:30:53.647: 25 test start:
2024-05-01 21:32:04.200: 25 avg_reward: 2218.0
2024-05-01 21:32:04.200: 25 avg_steps: 1973.95
2024-05-01 21:32:04.200: 25 epsilon: 0.1
2024-05-01 21:58:24.067: 26 test start:
2024-05-01 21:59:20.867: 26 avg_reward: 1702.0
2024-05-01 21:59:20.868: 26 avg_steps: 1554.55
2024-05-01 21:59:20.868: 26 epsilon: 0.1
2024-05-01 22:26:51.754: 27 test start:
2024-05-01 22:27:40.476: 27 avg_reward: 1298.0
2024-05-01 22:27:40.477: 27 avg_steps: 1312.25
2024-05-01 22:27:40.477: 27 epsilon: 0.1
2024-05-01 22:53:43.267: 28 test start:
2024-05-01 22:54:35.973: 28 avg_reward: 1394.0
2024-05-01 22:54:35.974: 28 avg_steps: 1480.05
2024-05-01 22:54:35.974: 28 epsilon: 0.1
2024-05-01 23:20:57.417: 29 test start:
2024-05-01 23:21:57.063: 29 avg_reward: 1734.0
2024-05-01 23:21:57.064: 29 avg_steps: 1707.1
2024-05-01 23:21:57.064: 29 epsilon: 0.1
2024-05-01 23:46:11.070: 30 test start:
2024-05-01 23:47:02.658: 30 avg_reward: 1301.0
2024-05-01 23:47:02.659: 30 avg_steps: 1398.75
2024-05-01 23:47:02.659: 30 epsilon: 0.1
2024-05-02 00:12:24.751: 31 test start:
2024-05-02 00:13:23.653: 31 avg_reward: 1620.0
2024-05-02 00:13:23.653: 31 avg_steps: 1605.6
2024-05-02 00:13:23.653: 31 epsilon: 0.1
2024-05-02 00:40:08.452: 32 test start:
2024-05-02 00:41:12.440: 32 avg_reward: 2049.0
2024-05-02 00:41:12.441: 32 avg_steps: 1804.75
2024-05-02 00:41:12.441: 32 epsilon: 0.1
2024-05-02 01:08:01.466: 33 test start:
2024-05-02 01:08:56.409: 33 avg_reward: 1533.0
2024-05-02 01:08:56.410: 33 avg_steps: 1512.5
2024-05-02 01:08:56.410: 33 epsilon: 0.1
2024-05-02 01:36:01.112: 34 test start:
2024-05-02 01:37:05.810: 34 avg_reward: 1908.0
2024-05-02 01:37:05.810: 34 avg_steps: 1789.0
2024-05-02 01:37:05.811: 34 epsilon: 0.1
2024-05-02 02:03:13.235: 35 test start:
2024-05-02 02:04:11.927: 35 avg_reward: 1718.5
2024-05-02 02:04:11.928: 35 avg_steps: 1633.5
2024-05-02 02:04:11.928: 35 epsilon: 0.1
2024-05-02 02:30:31.874: 36 test start:
2024-05-02 02:31:34.609: 36 avg_reward: 1877.0
2024-05-02 02:31:34.609: 36 avg_steps: 1734.2
2024-05-02 02:31:34.609: 36 epsilon: 0.1
2024-05-02 02:58:00.035: 37 test start:
2024-05-02 02:58:59.453: 37 avg_reward: 1780.0
2024-05-02 02:58:59.454: 37 avg_steps: 1738.6
2024-05-02 02:58:59.454: 37 epsilon: 0.1
2024-05-02 03:24:58.758: 38 test start:
2024-05-02 03:26:00.079: 38 avg_reward: 1870.5
2024-05-02 03:26:00.080: 38 avg_steps: 1715.35
2024-05-02 03:26:00.080: 38 epsilon: 0.1
2024-05-02 03:52:53.899: 39 test start:
2024-05-02 03:53:52.948: 39 avg_reward: 1785.5
2024-05-02 03:53:52.949: 39 avg_steps: 1656.9
2024-05-02 03:53:52.949: 39 epsilon: 0.1
2024-05-02 04:20:33.690: 40 test start:
2024-05-02 04:21:29.844: 40 avg_reward: 1625.0
2024-05-02 04:21:29.844: 40 avg_steps: 1553.15
2024-05-02 04:21:29.844: 40 epsilon: 0.1
2024-05-02 04:47:56.869: 41 test start:
2024-05-02 04:48:57.863: 41 avg_reward: 1823.0
2024-05-02 04:48:57.864: 41 avg_steps: 1720.75
2024-05-02 04:48:57.864: 41 epsilon: 0.1
2024-05-02 05:15:00.455: 42 test start:
2024-05-02 05:15:55.152: 42 avg_reward: 1553.0
2024-05-02 05:15:55.153: 42 avg_steps: 1543.7
2024-05-02 05:15:55.153: 42 epsilon: 0.1
2024-05-02 05:42:14.485: 43 test start:
2024-05-02 05:43:07.600: 43 avg_reward: 1620.0
2024-05-02 05:43:07.601: 43 avg_steps: 1535.9
2024-05-02 05:43:07.601: 43 epsilon: 0.1
2024-05-02 06:08:43.266: 44 test start:
2024-05-02 06:09:24.242: 44 avg_reward: 917.0
2024-05-02 06:09:24.243: 44 avg_steps: 1136.6
2024-05-02 06:09:24.243: 44 epsilon: 0.1
2024-05-02 06:35:16.899: 45 test start:
2024-05-02 06:36:14.852: 45 avg_reward: 1811.0
2024-05-02 06:36:14.853: 45 avg_steps: 1590.15
2024-05-02 06:36:14.853: 45 epsilon: 0.1
2024-05-02 07:02:33.175: 46 test start:
2024-05-02 07:03:25.121: 46 avg_reward: 1635.5
2024-05-02 07:03:25.121: 46 avg_steps: 1461.8
2024-05-02 07:03:25.121: 46 epsilon: 0.1
2024-05-02 07:28:47.565: 47 test start:
2024-05-02 07:29:44.028: 47 avg_reward: 1696.0
2024-05-02 07:29:44.028: 47 avg_steps: 1562.0
2024-05-02 07:29:44.029: 47 epsilon: 0.1
2024-05-02 07:55:42.496: 48 test start:
2024-05-02 07:56:34.375: 48 avg_reward: 1699.5
2024-05-02 07:56:34.375: 48 avg_steps: 1484.75
2024-05-02 07:56:34.376: 48 epsilon: 0.1
2024-05-02 08:22:18.521: 49 test start:
2024-05-02 08:23:26.748: 49 avg_reward: 2435.5
2024-05-02 08:23:26.749: 49 avg_steps: 1908.45
2024-05-02 08:23:26.749: 49 epsilon: 0.1
2024-05-02 08:48:14.334: 50 test start:
2024-05-02 08:49:06.600: 50 avg_reward: 2051.5
2024-05-02 08:49:06.600: 50 avg_steps: 1607.4
2024-05-02 08:49:06.600: 50 epsilon: 0.1
2024-05-02 09:14:53.759: 51 test start:
2024-05-02 09:15:55.074: 51 avg_reward: 2257.5
2024-05-02 09:15:55.075: 51 avg_steps: 1709.65
2024-05-02 09:15:55.075: 51 epsilon: 0.1
2024-05-02 09:42:20.599: 52 test start:
2024-05-02 09:43:09.737: 52 avg_reward: 1438.5
2024-05-02 09:43:09.737: 52 avg_steps: 1320.1
2024-05-02 09:43:09.737: 52 epsilon: 0.1
2024-05-02 10:09:48.330: 53 test start:
2024-05-02 10:10:43.877: 53 avg_reward: 1868.0
2024-05-02 10:10:43.878: 53 avg_steps: 1512.1
2024-05-02 10:10:43.878: 53 epsilon: 0.1
2024-05-02 10:37:48.083: 54 test start:
2024-05-02 10:38:50.623: 54 avg_reward: 2007.5
2024-05-02 10:38:50.623: 54 avg_steps: 1627.85
2024-05-02 10:38:50.623: 54 epsilon: 0.1
2024-05-02 11:05:36.693: 55 test start:
2024-05-02 11:06:34.212: 55 avg_reward: 1954.5
2024-05-02 11:06:34.213: 55 avg_steps: 1576.2
2024-05-02 11:06:34.213: 55 epsilon: 0.1
2024-05-02 11:33:16.019: 56 test start:
2024-05-02 11:34:05.877: 56 avg_reward: 1695.5
2024-05-02 11:34:05.878: 56 avg_steps: 1379.6
2024-05-02 11:34:05.878: 56 epsilon: 0.1
2024-05-02 12:00:25.157: 57 test start:
2024-05-02 12:01:18.853: 57 avg_reward: 1762.0
2024-05-02 12:01:18.853: 57 avg_steps: 1518.9
2024-05-02 12:01:18.853: 57 epsilon: 0.1
2024-05-02 12:28:14.576: 58 test start:
2024-05-02 12:29:05.750: 58 avg_reward: 1831.0
2024-05-02 12:29:05.750: 58 avg_steps: 1387.8
2024-05-02 12:29:05.750: 58 epsilon: 0.1
2024-05-02 12:56:23.620: 59 test start:
2024-05-02 12:57:27.866: 59 avg_reward: 2188.5
2024-05-02 12:57:27.866: 59 avg_steps: 1668.45
2024-05-02 12:57:27.866: 59 epsilon: 0.1
2024-05-02 13:24:59.356: 60 test start:
2024-05-02 13:26:04.377: 60 avg_reward: 2381.0
2024-05-02 13:26:04.377: 60 avg_steps: 1738.45
2024-05-02 13:26:04.377: 60 epsilon: 0.1
2024-05-02 13:52:36.169: 61 test start:
2024-05-02 13:53:39.511: 61 avg_reward: 2455.0
2024-05-02 13:53:39.512: 61 avg_steps: 1707.15
2024-05-02 13:53:39.512: 61 epsilon: 0.1
2024-05-02 14:19:35.711: 62 test start:
2024-05-02 14:20:41.465: 62 avg_reward: 2381.0
2024-05-02 14:20:41.465: 62 avg_steps: 1755.0
2024-05-02 14:20:41.465: 62 epsilon: 0.1
2024-05-02 14:46:29.603: 63 test start:
2024-05-02 14:47:32.087: 63 avg_reward: 2230.0
2024-05-02 14:47:32.087: 63 avg_steps: 1683.35
2024-05-02 14:47:32.087: 63 epsilon: 0.1
2024-05-02 15:13:38.208: 64 test start:
2024-05-02 15:14:41.351: 64 avg_reward: 2172.5
2024-05-02 15:14:41.352: 64 avg_steps: 1704.5
2024-05-02 15:14:41.352: 64 epsilon: 0.1
2024-05-02 15:40:10.492: 65 test start:
2024-05-02 15:41:08.215: 65 avg_reward: 1843.0
2024-05-02 15:41:08.215: 65 avg_steps: 1526.85
2024-05-02 15:41:08.215: 65 epsilon: 0.1
2024-05-02 16:07:57.439: 66 test start:
2024-05-02 16:09:05.142: 66 avg_reward: 2363.0
2024-05-02 16:09:05.143: 66 avg_steps: 1789.15
2024-05-02 16:09:05.143: 66 epsilon: 0.1
2024-05-02 16:35:17.424: 67 test start:
2024-05-02 16:36:06.418: 67 avg_reward: 1376.5
2024-05-02 16:36:06.419: 67 avg_steps: 1290.45
2024-05-02 16:36:06.419: 67 epsilon: 0.1
2024-05-02 17:02:11.807: 68 test start:
2024-05-02 17:03:10.347: 68 avg_reward: 1923.0
2024-05-02 17:03:10.348: 68 avg_steps: 1567.75
2024-05-02 17:03:10.348: 68 epsilon: 0.1
2024-05-02 17:30:21.361: 69 test start:
2024-05-02 17:31:33.540: 69 avg_reward: 2624.5
2024-05-02 17:31:33.541: 69 avg_steps: 1842.1
2024-05-02 17:31:33.541: 69 epsilon: 0.1
2024-05-02 17:58:25.464: 70 test start:
2024-05-02 17:59:32.994: 70 avg_reward: 2068.0
2024-05-02 17:59:32.994: 70 avg_steps: 1664.7
2024-05-02 17:59:32.994: 70 epsilon: 0.1
2024-05-02 18:26:35.222: 71 test start:
2024-05-02 18:27:38.365: 71 avg_reward: 2009.0
2024-05-02 18:27:38.366: 71 avg_steps: 1610.3
2024-05-02 18:27:38.366: 71 epsilon: 0.1
2024-05-02 18:54:51.795: 72 test start:
2024-05-02 18:55:45.997: 72 avg_reward: 1511.5
2024-05-02 18:55:45.997: 72 avg_steps: 1353.3
2024-05-02 18:55:45.997: 72 epsilon: 0.1
2024-05-02 19:22:25.178: 73 test start:
2024-05-02 19:23:28.791: 73 avg_reward: 2085.5
2024-05-02 19:23:28.792: 73 avg_steps: 1597.75
2024-05-02 19:23:28.792: 73 epsilon: 0.1
2024-05-02 19:50:40.436: 74 test start:
2024-05-02 19:51:37.412: 74 avg_reward: 1952.0
2024-05-02 19:51:37.412: 74 avg_steps: 1484.65
2024-05-02 19:51:37.412: 74 epsilon: 0.1
2024-05-02 20:18:55.776: 75 test start:
2024-05-02 20:19:54.690: 75 avg_reward: 1968.5
2024-05-02 20:19:54.690: 75 avg_steps: 1548.5
2024-05-02 20:19:54.690: 75 epsilon: 0.1
2024-05-02 20:45:22.872: 76 test start:
2024-05-02 20:46:10.861: 76 avg_reward: 1422.0
2024-05-02 20:46:10.861: 76 avg_steps: 1258.6
2024-05-02 20:46:10.861: 76 epsilon: 0.1
2024-05-02 21:12:08.623: 77 test start:
2024-05-02 21:13:10.985: 77 avg_reward: 2477.0
2024-05-02 21:13:10.985: 77 avg_steps: 1706.6
2024-05-02 21:13:10.985: 77 epsilon: 0.1
2024-05-02 21:38:35.338: 78 test start:
2024-05-02 21:39:40.315: 78 avg_reward: 2310.5
2024-05-02 21:39:40.315: 78 avg_steps: 1752.95
2024-05-02 21:39:40.315: 78 epsilon: 0.1
2024-05-02 22:05:25.462: 79 test start:
2024-05-02 22:06:30.836: 79 avg_reward: 2418.0
2024-05-02 22:06:30.837: 79 avg_steps: 1759.45
2024-05-02 22:06:30.837: 79 epsilon: 0.1
2024-05-02 22:32:02.842: 80 test start:
2024-05-02 22:33:03.326: 80 avg_reward: 2206.5
2024-05-02 22:33:03.327: 80 avg_steps: 1647.95
2024-05-02 22:33:03.327: 80 epsilon: 0.1
2024-05-02 22:59:23.417: 81 test start:
2024-05-02 23:00:26.379: 81 avg_reward: 2225.0
2024-05-02 23:00:26.379: 81 avg_steps: 1708.05
2024-05-02 23:00:26.379: 81 epsilon: 0.1
2024-05-02 23:26:20.572: 82 test start:
2024-05-02 23:27:25.836: 82 avg_reward: 2263.0
2024-05-02 23:27:25.836: 82 avg_steps: 1730.3
2024-05-02 23:27:25.836: 82 epsilon: 0.1
2024-05-02 23:54:28.711: 83 test start:
2024-05-02 23:55:27.514: 83 avg_reward: 1826.5
2024-05-02 23:55:27.515: 83 avg_steps: 1505.05
2024-05-02 23:55:27.515: 83 epsilon: 0.1
2024-05-03 00:23:14.108: 84 test start:
2024-05-03 00:24:18.348: 84 avg_reward: 2116.5
2024-05-03 00:24:18.349: 84 avg_steps: 1637.05
2024-05-03 00:24:18.349: 84 epsilon: 0.1
2024-05-03 00:50:51.278: 85 test start:
2024-05-03 00:51:54.942: 85 avg_reward: 2043.5
2024-05-03 00:51:54.942: 85 avg_steps: 1613.95
2024-05-03 00:51:54.942: 85 epsilon: 0.1
2024-05-03 01:18:34.689: 86 test start:
2024-05-03 01:19:44.962: 86 avg_reward: 2260.0
2024-05-03 01:19:44.963: 86 avg_steps: 1757.05
2024-05-03 01:19:44.963: 86 epsilon: 0.1
2024-05-03 01:47:06.603: 87 test start:
2024-05-03 01:48:11.076: 87 avg_reward: 1921.5
2024-05-03 01:48:11.077: 87 avg_steps: 1608.45
2024-05-03 01:48:11.077: 87 epsilon: 0.1
2024-05-03 02:15:11.728: 88 test start:
2024-05-03 02:16:16.854: 88 avg_reward: 2015.0
2024-05-03 02:16:16.855: 88 avg_steps: 1656.15
2024-05-03 02:16:16.855: 88 epsilon: 0.1
2024-05-03 02:42:53.365: 89 test start:
2024-05-03 02:44:03.409: 89 avg_reward: 2259.0
2024-05-03 02:44:03.409: 89 avg_steps: 1775.45
2024-05-03 02:44:03.409: 89 epsilon: 0.1
2024-05-03 03:10:56.054: 90 test start:
2024-05-03 03:12:04.487: 90 avg_reward: 2407.5
2024-05-03 03:12:04.487: 90 avg_steps: 1698.9
2024-05-03 03:12:04.487: 90 epsilon: 0.1
2024-05-03 03:38:28.804: 91 test start:
2024-05-03 03:39:30.350: 91 avg_reward: 2078.0
2024-05-03 03:39:30.350: 91 avg_steps: 1568.4
2024-05-03 03:39:30.350: 91 epsilon: 0.1
2024-05-03 04:06:48.842: 92 test start:
2024-05-03 04:07:56.372: 92 avg_reward: 2570.5
2024-05-03 04:07:56.372: 92 avg_steps: 1745.15
2024-05-03 04:07:56.372: 92 epsilon: 0.1
2024-05-03 04:34:27.033: 93 test start:
2024-05-03 04:35:26.122: 93 avg_reward: 1826.5
2024-05-03 04:35:26.122: 93 avg_steps: 1453.6
2024-05-03 04:35:26.122: 93 epsilon: 0.1
2024-05-03 05:01:54.228: 94 test start:
2024-05-03 05:02:44.905: 94 avg_reward: 1438.0
2024-05-03 05:02:44.905: 94 avg_steps: 1261.0
2024-05-03 05:02:44.905: 94 epsilon: 0.1
2024-05-03 05:28:39.879: 95 test start:
2024-05-03 05:29:35.747: 95 avg_reward: 1685.0
2024-05-03 05:29:35.747: 95 avg_steps: 1409.45
2024-05-03 05:29:35.747: 95 epsilon: 0.1
2024-05-03 05:55:51.782: 96 test start:
2024-05-03 05:56:54.949: 96 avg_reward: 2029.5
2024-05-03 05:56:54.949: 96 avg_steps: 1596.9
2024-05-03 05:56:54.949: 96 epsilon: 0.1
2024-05-03 06:23:21.501: 97 test start:
2024-05-03 06:24:20.864: 97 avg_reward: 1821.5
2024-05-03 06:24:20.864: 97 avg_steps: 1502.7
2024-05-03 06:24:20.864: 97 epsilon: 0.1
2024-05-03 06:51:43.571: 98 test start:
2024-05-03 06:52:36.981: 98 avg_reward: 1587.5
2024-05-03 06:52:36.981: 98 avg_steps: 1332.8
2024-05-03 06:52:36.981: 98 epsilon: 0.1
2024-05-03 07:19:15.287: 99 test start:
2024-05-03 07:20:13.523: 99 avg_reward: 1829.0
2024-05-03 07:20:13.524: 99 avg_steps: 1466.75
2024-05-03 07:20:13.524: 99 epsilon: 0.1
2024-05-03 07:47:04.876: 100 test start:
2024-05-03 07:48:09.876: 100 avg_reward: 2332.0
2024-05-03 07:48:09.877: 100 avg_steps: 1642.75
2024-05-03 07:48:09.877: 100 epsilon: 0.1
2024-05-03 08:15:27.749: 101 test start:
2024-05-03 08:16:25.092: 101 avg_reward: 1749.0
2024-05-03 08:16:25.092: 101 avg_steps: 1495.1
2024-05-03 08:16:25.092: 101 epsilon: 0.1
2024-05-03 08:44:10.356: 102 test start:
2024-05-03 08:45:10.369: 102 avg_reward: 2061.0
2024-05-03 08:45:10.369: 102 avg_steps: 1582.4
2024-05-03 08:45:10.369: 102 epsilon: 0.1
2024-05-03 09:12:57.026: 103 test start:
2024-05-03 09:13:55.616: 103 avg_reward: 2016.0
2024-05-03 09:13:55.617: 103 avg_steps: 1540.45
2024-05-03 09:13:55.617: 103 epsilon: 0.1
2024-05-03 09:40:44.857: 104 test start:
2024-05-03 09:41:37.285: 104 avg_reward: 1810.5
2024-05-03 09:41:37.285: 104 avg_steps: 1426.2
2024-05-03 09:41:37.285: 104 epsilon: 0.1
2024-05-03 10:08:33.176: 105 test start:
2024-05-03 10:09:34.005: 105 avg_reward: 2088.5
2024-05-03 10:09:34.005: 105 avg_steps: 1545.25
2024-05-03 10:09:34.005: 105 epsilon: 0.1
2024-05-03 10:36:34.961: 106 test start:
2024-05-03 10:37:23.602: 106 avg_reward: 1439.5
2024-05-03 10:37:23.602: 106 avg_steps: 1230.95
2024-05-03 10:37:23.603: 106 epsilon: 0.1
2024-05-03 11:04:39.872: 107 test start:
2024-05-03 11:05:33.563: 107 avg_reward: 1757.5
2024-05-03 11:05:33.563: 107 avg_steps: 1406.0
2024-05-03 11:05:33.563: 107 epsilon: 0.1
2024-05-03 11:32:29.044: 108 test start:
2024-05-03 11:33:14.736: 108 avg_reward: 1352.5
2024-05-03 11:33:14.737: 108 avg_steps: 1179.35
2024-05-03 11:33:14.737: 108 epsilon: 0.1
2024-05-03 11:59:57.720: 109 test start:
2024-05-03 12:00:54.100: 109 avg_reward: 1824.5
2024-05-03 12:00:54.101: 109 avg_steps: 1455.2
2024-05-03 12:00:54.101: 109 epsilon: 0.1
2024-05-03 12:28:00.496: 110 test start:
2024-05-03 12:28:57.486: 110 avg_reward: 1929.5
2024-05-03 12:28:57.487: 110 avg_steps: 1515.95
2024-05-03 12:28:57.487: 110 epsilon: 0.1
2024-05-03 12:55:05.874: 111 test start:
2024-05-03 12:56:12.210: 111 avg_reward: 2366.0
2024-05-03 12:56:12.211: 111 avg_steps: 1767.3
2024-05-03 12:56:12.211: 111 epsilon: 0.1
2024-05-03 13:22:22.686: 112 test start:
2024-05-03 13:23:14.246: 112 avg_reward: 1715.0
2024-05-03 13:23:14.247: 112 avg_steps: 1388.7
2024-05-03 13:23:14.247: 112 epsilon: 0.1
2024-05-03 13:49:49.975: 113 test start:
2024-05-03 13:50:50.440: 113 avg_reward: 2027.0
2024-05-03 13:50:50.440: 113 avg_steps: 1599.3
2024-05-03 13:50:50.440: 113 epsilon: 0.1
2024-05-03 14:18:12.795: 114 test start:
2024-05-03 14:19:17.065: 114 avg_reward: 2107.5
2024-05-03 14:19:17.065: 114 avg_steps: 1595.25
2024-05-03 14:19:17.065: 114 epsilon: 0.1
2024-05-03 14:46:35.916: 115 test start:
2024-05-03 14:47:32.559: 115 avg_reward: 1991.5
2024-05-03 14:47:32.559: 115 avg_steps: 1535.75
2024-05-03 14:47:32.559: 115 epsilon: 0.1
2024-05-03 15:13:52.576: 116 test start:
2024-05-03 15:14:55.738: 116 avg_reward: 2444.0
2024-05-03 15:14:55.738: 116 avg_steps: 1673.5
2024-05-03 15:14:55.738: 116 epsilon: 0.1
2024-05-03 15:41:09.561: 117 test start:
2024-05-03 15:42:04.297: 117 avg_reward: 1711.0
2024-05-03 15:42:04.297: 117 avg_steps: 1409.35
2024-05-03 15:42:04.297: 117 epsilon: 0.1
2024-05-03 16:09:09.106: 118 test start:
2024-05-03 16:10:07.014: 118 avg_reward: 1990.5
2024-05-03 16:10:07.015: 118 avg_steps: 1544.5
2024-05-03 16:10:07.015: 118 epsilon: 0.1
2024-05-03 16:36:40.396: 119 test start:
2024-05-03 16:37:41.384: 119 avg_reward: 2066.5
2024-05-03 16:37:41.384: 119 avg_steps: 1608.35
2024-05-03 16:37:41.384: 119 epsilon: 0.1
2024-05-03 17:04:18.942: 120 test start:
2024-05-03 17:05:20.087: 120 avg_reward: 2111.5
2024-05-03 17:05:20.088: 120 avg_steps: 1628.6
2024-05-03 17:05:20.088: 120 epsilon: 0.1
2024-05-03 17:32:21.563: 121 test start:
2024-05-03 17:33:16.701: 121 avg_reward: 1763.5
2024-05-03 17:33:16.702: 121 avg_steps: 1435.9
2024-05-03 17:33:16.702: 121 epsilon: 0.1
2024-05-03 17:59:40.778: 122 test start:
2024-05-03 18:00:35.189: 122 avg_reward: 1787.0
2024-05-03 18:00:35.190: 122 avg_steps: 1429.15
2024-05-03 18:00:35.190: 122 epsilon: 0.1
2024-05-03 18:26:54.268: 123 test start:
2024-05-03 18:27:32.615: 123 avg_reward: 1179.0
2024-05-03 18:27:32.616: 123 avg_steps: 1062.3
2024-05-03 18:27:32.616: 123 epsilon: 0.1
2024-05-03 18:53:34.770: 124 test start:
2024-05-03 18:54:34.017: 124 avg_reward: 2145.5
2024-05-03 18:54:34.017: 124 avg_steps: 1616.95
2024-05-03 18:54:34.017: 124 epsilon: 0.1
2024-05-03 19:18:25.286: 125 test start:
2024-05-03 19:19:12.950: 125 avg_reward: 1580.0
2024-05-03 19:19:12.951: 125 avg_steps: 1291.5
2024-05-03 19:19:12.951: 125 epsilon: 0.1
2024-05-03 19:43:08.738: 126 test start:
2024-05-03 19:44:03.540: 126 avg_reward: 1811.0
2024-05-03 19:44:03.540: 126 avg_steps: 1465.6
2024-05-03 19:44:03.540: 126 epsilon: 0.1
2024-05-03 20:08:14.423: 127 test start:
2024-05-03 20:09:07.042: 127 avg_reward: 1845.5
2024-05-03 20:09:07.042: 127 avg_steps: 1412.6
2024-05-03 20:09:07.042: 127 epsilon: 0.1
2024-05-03 20:33:30.909: 128 test start:
2024-05-03 20:34:21.387: 128 avg_reward: 1644.0
2024-05-03 20:34:21.387: 128 avg_steps: 1347.9
2024-05-03 20:34:21.387: 128 epsilon: 0.1
2024-05-03 20:59:15.249: 129 test start:
2024-05-03 21:00:00.483: 129 avg_reward: 1520.0
2024-05-03 21:00:00.483: 129 avg_steps: 1238.8
2024-05-03 21:00:00.483: 129 epsilon: 0.1
2024-05-03 21:23:54.757: 130 test start:
2024-05-03 21:24:36.752: 130 avg_reward: 1300.0
2024-05-03 21:24:36.753: 130 avg_steps: 1172.45
2024-05-03 21:24:36.753: 130 epsilon: 0.1
2024-05-03 21:47:18.739: 131 test start:
2024-05-03 21:48:11.484: 131 avg_reward: 1830.5
2024-05-03 21:48:11.485: 131 avg_steps: 1510.8
2024-05-03 21:48:11.485: 131 epsilon: 0.1
2024-05-03 22:10:53.450: 132 test start:
2024-05-03 22:11:44.319: 132 avg_reward: 1572.0
2024-05-03 22:11:44.319: 132 avg_steps: 1360.65
2024-05-03 22:11:44.319: 132 epsilon: 0.1
2024-05-03 22:37:06.271: 133 test start:
2024-05-03 22:38:05.324: 133 avg_reward: 1940.0
2024-05-03 22:38:05.325: 133 avg_steps: 1561.7
2024-05-03 22:38:05.325: 133 epsilon: 0.1
2024-05-03 23:03:32.567: 134 test start:
2024-05-03 23:04:24.913: 134 avg_reward: 1648.5
2024-05-03 23:04:24.913: 134 avg_steps: 1427.9
2024-05-03 23:04:24.913: 134 epsilon: 0.1
2024-05-03 23:28:19.335: 135 test start:
2024-05-03 23:29:03.070: 135 avg_reward: 1343.5
2024-05-03 23:29:03.070: 135 avg_steps: 1208.4
2024-05-03 23:29:03.070: 135 epsilon: 0.1
2024-05-03 23:53:17.878: 136 test start:
2024-05-03 23:54:04.892: 136 avg_reward: 1438.0
2024-05-03 23:54:04.893: 136 avg_steps: 1285.25
2024-05-03 23:54:04.893: 136 epsilon: 0.1
2024-05-04 00:17:59.780: 137 test start:
2024-05-04 00:18:35.460: 137 avg_reward: 1073.0
2024-05-04 00:18:35.461: 137 avg_steps: 1000.5
2024-05-04 00:18:35.461: 137 epsilon: 0.1
2024-05-04 00:42:12.670: 138 test start:
2024-05-04 00:43:04.266: 138 avg_reward: 1712.5
2024-05-04 00:43:04.267: 138 avg_steps: 1427.85
2024-05-04 00:43:04.267: 138 epsilon: 0.1
2024-05-04 01:10:22.540: 139 test start:
2024-05-04 01:11:15.273: 139 avg_reward: 1544.0
2024-05-04 01:11:15.273: 139 avg_steps: 1352.2
2024-05-04 01:11:15.273: 139 epsilon: 0.1
2024-05-04 01:38:59.925: 140 test start:
2024-05-04 01:39:56.597: 140 avg_reward: 1638.0
2024-05-04 01:39:56.597: 140 avg_steps: 1401.05
2024-05-04 01:39:56.597: 140 epsilon: 0.1
2024-05-04 02:09:35.663: 141 test start:
2024-05-04 02:10:26.723: 141 avg_reward: 1551.5
2024-05-04 02:10:26.724: 141 avg_steps: 1365.65
2024-05-04 02:10:26.724: 141 epsilon: 0.1
2024-05-04 02:39:06.757: 142 test start:
2024-05-04 02:39:55.734: 142 avg_reward: 1425.5
2024-05-04 02:39:55.734: 142 avg_steps: 1238.2
2024-05-04 02:39:55.735: 142 epsilon: 0.1
2024-05-04 03:08:46.989: 143 test start:
2024-05-04 03:09:37.739: 143 avg_reward: 1466.0
2024-05-04 03:09:37.740: 143 avg_steps: 1295.5
2024-05-04 03:09:37.740: 143 epsilon: 0.1
2024-05-04 03:38:56.048: 144 test start:
2024-05-04 03:39:40.517: 144 avg_reward: 1346.0
2024-05-04 03:39:40.517: 144 avg_steps: 1176.3
2024-05-04 03:39:40.517: 144 epsilon: 0.1
2024-05-04 04:08:17.398: 145 test start:
2024-05-04 04:08:59.216: 145 avg_reward: 1234.0
2024-05-04 04:08:59.216: 145 avg_steps: 1083.2
2024-05-04 04:08:59.216: 145 epsilon: 0.1
2024-05-04 04:37:47.133: 146 test start:
2024-05-04 04:38:33.930: 146 avg_reward: 1359.5
2024-05-04 04:38:33.931: 146 avg_steps: 1207.2
2024-05-04 04:38:33.931: 146 epsilon: 0.1
2024-05-04 05:07:25.478: 147 test start:
2024-05-04 05:08:05.713: 147 avg_reward: 1067.0
2024-05-04 05:08:05.714: 147 avg_steps: 1016.5
2024-05-04 05:08:05.714: 147 epsilon: 0.1
2024-05-04 05:36:27.267: 148 test start:
2024-05-04 05:37:14.992: 148 avg_reward: 1320.5
2024-05-04 05:37:14.992: 148 avg_steps: 1184.65
2024-05-04 05:37:14.992: 148 epsilon: 0.1
2024-05-04 06:05:18.706: 149 test start:
2024-05-04 06:06:00.868: 149 avg_reward: 1355.5
2024-05-04 06:06:00.868: 149 avg_steps: 1163.6
2024-05-04 06:06:00.868: 149 epsilon: 0.1
2024-05-04 06:32:45.053: 150 test start:
2024-05-04 06:33:33.497: 150 avg_reward: 1586.5
2024-05-04 06:33:33.498: 150 avg_steps: 1273.45
2024-05-04 06:33:33.498: 150 epsilon: 0.1
2024-05-04 07:00:40.509: 151 test start:
2024-05-04 07:01:18.431: 151 avg_reward: 1094.0
2024-05-04 07:01:18.432: 151 avg_steps: 1019.6
2024-05-04 07:01:18.432: 151 epsilon: 0.1
2024-05-04 07:27:42.088: 152 test start:
2024-05-04 07:28:21.827: 152 avg_reward: 1250.0
2024-05-04 07:28:21.827: 152 avg_steps: 1068.1
2024-05-04 07:28:21.827: 152 epsilon: 0.1
2024-05-04 07:55:10.166: 153 test start:
2024-05-04 07:55:45.821: 153 avg_reward: 1057.0
2024-05-04 07:55:45.822: 153 avg_steps: 979.8
2024-05-04 07:55:45.822: 153 epsilon: 0.1
2024-05-04 08:20:07.047: 154 test start:
2024-05-04 08:20:42.186: 154 avg_reward: 1193.0
2024-05-04 08:20:42.186: 154 avg_steps: 1042.55
2024-05-04 08:20:42.186: 154 epsilon: 0.1
2024-05-04 08:45:26.072: 155 test start:
2024-05-04 08:45:55.323: 155 avg_reward: 940.5
2024-05-04 08:45:55.324: 155 avg_steps: 896.45
2024-05-04 08:45:55.324: 155 epsilon: 0.1
2024-05-04 09:10:13.398: 156 test start:
2024-05-04 09:10:46.128: 156 avg_reward: 1021.0
2024-05-04 09:10:46.129: 156 avg_steps: 952.2
2024-05-04 09:10:46.129: 156 epsilon: 0.1
2024-05-04 09:34:43.481: 157 test start:
2024-05-04 09:35:10.339: 157 avg_reward: 894.0
2024-05-04 09:35:10.339: 157 avg_steps: 853.65
2024-05-04 09:35:10.339: 157 epsilon: 0.1
2024-05-04 09:58:12.721: 158 test start:
2024-05-04 09:58:42.179: 158 avg_reward: 920.0
2024-05-04 09:58:42.179: 158 avg_steps: 880.4
2024-05-04 09:58:42.179: 158 epsilon: 0.1
2024-05-04 10:23:03.642: 159 test start:
2024-05-04 10:23:36.207: 159 avg_reward: 1110.5
2024-05-04 10:23:36.207: 159 avg_steps: 1009.7
2024-05-04 10:23:36.207: 159 epsilon: 0.1
2024-05-04 10:47:42.327: 160 test start:
2024-05-04 10:48:14.623: 160 avg_reward: 1048.0
2024-05-04 10:48:14.623: 160 avg_steps: 967.55
2024-05-04 10:48:14.623: 160 epsilon: 0.1
2024-05-04 11:12:36.015: 161 test start:
2024-05-04 11:13:07.303: 161 avg_reward: 1002.0
2024-05-04 11:13:07.304: 161 avg_steps: 943.95
2024-05-04 11:13:07.304: 161 epsilon: 0.1
2024-05-04 11:37:18.305: 162 test start:
2024-05-04 11:37:46.339: 162 avg_reward: 880.0
2024-05-04 11:37:46.340: 162 avg_steps: 860.3
2024-05-04 11:37:46.340: 162 epsilon: 0.1
2024-05-04 12:02:17.803: 163 test start:
2024-05-04 12:02:46.729: 163 avg_reward: 906.0
2024-05-04 12:02:46.729: 163 avg_steps: 870.6
2024-05-04 12:02:46.729: 163 epsilon: 0.1
2024-05-04 12:26:49.902: 164 test start:
2024-05-04 12:27:22.811: 164 avg_reward: 1095.5
2024-05-04 12:27:22.812: 164 avg_steps: 968.95
2024-05-04 12:27:22.812: 164 epsilon: 0.1
2024-05-04 12:53:12.788: 165 test start:
2024-05-04 12:53:40.024: 165 avg_reward: 652.5
2024-05-04 12:53:40.025: 165 avg_steps: 734.9
2024-05-04 12:53:40.025: 165 epsilon: 0.1
2024-05-04 13:19:59.724: 166 test start:
2024-05-04 13:20:38.145: 166 avg_reward: 1259.0
2024-05-04 13:20:38.145: 166 avg_steps: 1037.5
2024-05-04 13:20:38.145: 166 epsilon: 0.1
2024-05-04 13:47:15.595: 167 test start:
2024-05-04 13:48:00.024: 167 avg_reward: 1501.0
2024-05-04 13:48:00.024: 167 avg_steps: 1198.5
2024-05-04 13:48:00.024: 167 epsilon: 0.1
2024-05-04 14:15:10.504: 168 test start:
2024-05-04 14:15:48.962: 168 avg_reward: 1166.0
2024-05-04 14:15:48.962: 168 avg_steps: 1038.35
2024-05-04 14:15:48.962: 168 epsilon: 0.1
2024-05-04 14:40:53.899: 169 test start:
2024-05-04 14:41:36.539: 169 avg_reward: 1455.5
2024-05-04 14:41:36.540: 169 avg_steps: 1130.35
2024-05-04 14:41:36.540: 169 epsilon: 0.1
2024-05-04 15:07:04.504: 170 test start:
2024-05-04 15:07:43.084: 170 avg_reward: 1228.0
2024-05-04 15:07:43.085: 170 avg_steps: 1048.3
2024-05-04 15:07:43.085: 170 epsilon: 0.1
2024-05-04 15:33:29.396: 171 test start:
2024-05-04 15:34:06.136: 171 avg_reward: 1111.5
2024-05-04 15:34:06.137: 171 avg_steps: 972.9
2024-05-04 15:34:06.137: 171 epsilon: 0.1
2024-05-04 16:00:54.328: 172 test start:
2024-05-04 16:01:35.410: 172 avg_reward: 1129.5
2024-05-04 16:01:35.410: 172 avg_steps: 1014.3
2024-05-04 16:01:35.411: 172 epsilon: 0.1
2024-05-04 16:29:33.724: 173 test start:
2024-05-04 16:30:16.471: 173 avg_reward: 1378.5
2024-05-04 16:30:16.472: 173 avg_steps: 1124.05
2024-05-04 16:30:16.472: 173 epsilon: 0.1
2024-05-04 16:58:26.862: 174 test start:
2024-05-04 16:59:07.607: 174 avg_reward: 1287.0
2024-05-04 16:59:07.607: 174 avg_steps: 1052.4
2024-05-04 16:59:07.608: 174 epsilon: 0.1
2024-05-04 17:26:57.394: 175 test start:
2024-05-04 17:27:39.908: 175 avg_reward: 1424.5
2024-05-04 17:27:39.908: 175 avg_steps: 1123.35
2024-05-04 17:27:39.908: 175 epsilon: 0.1
2024-05-04 17:54:47.935: 176 test start:
2024-05-04 17:55:25.777: 176 avg_reward: 1262.5
2024-05-04 17:55:25.777: 176 avg_steps: 1009.2
2024-05-04 17:55:25.777: 176 epsilon: 0.1
2024-05-04 18:21:53.914: 177 test start:
2024-05-04 18:22:25.789: 177 avg_reward: 933.5
2024-05-04 18:22:25.789: 177 avg_steps: 848.25
2024-05-04 18:22:25.789: 177 epsilon: 0.1
2024-05-04 18:48:24.501: 178 test start:
2024-05-04 18:48:56.096: 178 avg_reward: 932.5
2024-05-04 18:48:56.097: 178 avg_steps: 863.25
2024-05-04 18:48:56.097: 178 epsilon: 0.1
2024-05-04 19:14:07.552: 179 test start:
2024-05-04 19:14:48.418: 179 avg_reward: 1335.5
2024-05-04 19:14:48.419: 179 avg_steps: 1087.45
2024-05-04 19:14:48.419: 179 epsilon: 0.1
2024-05-04 19:40:12.518: 180 test start:
2024-05-04 19:41:00.463: 180 avg_reward: 1748.5
2024-05-04 19:41:00.464: 180 avg_steps: 1272.3
2024-05-04 19:41:00.464: 180 epsilon: 0.1
2024-05-04 20:06:16.562: 181 test start:
2024-05-04 20:06:56.918: 181 avg_reward: 1462.0
2024-05-04 20:06:56.919: 181 avg_steps: 1126.6
2024-05-04 20:06:56.919: 181 epsilon: 0.1
2024-05-04 20:31:21.967: 182 test start:
2024-05-04 20:31:59.035: 182 avg_reward: 1188.5
2024-05-04 20:31:59.036: 182 avg_steps: 993.55
2024-05-04 20:31:59.036: 182 epsilon: 0.1
2024-05-04 20:56:24.569: 183 test start:
2024-05-04 20:56:55.765: 183 avg_reward: 935.0
2024-05-04 20:56:55.766: 183 avg_steps: 853.35
2024-05-04 20:56:55.766: 183 epsilon: 0.1
2024-05-04 21:20:45.604: 184 test start:
2024-05-04 21:21:25.479: 184 avg_reward: 1321.5
2024-05-04 21:21:25.479: 184 avg_steps: 1089.55
2024-05-04 21:21:25.479: 184 epsilon: 0.1
2024-05-04 21:47:15.263: 185 test start:
2024-05-04 21:47:46.588: 185 avg_reward: 888.0
2024-05-04 21:47:46.588: 185 avg_steps: 831.5
2024-05-04 21:47:46.589: 185 epsilon: 0.1
2024-05-04 22:13:30.879: 186 test start:
2024-05-04 22:14:05.025: 186 avg_reward: 999.0
2024-05-04 22:14:05.026: 186 avg_steps: 904.55
2024-05-04 22:14:05.026: 186 epsilon: 0.1
2024-05-04 22:37:46.726: 187 test start:
2024-05-04 22:38:18.113: 187 avg_reward: 1041.5
2024-05-04 22:38:18.113: 187 avg_steps: 879.65
2024-05-04 22:38:18.113: 187 epsilon: 0.1
2024-05-04 23:01:44.552: 188 test start:
2024-05-04 23:02:21.164: 188 avg_reward: 1252.5
2024-05-04 23:02:21.164: 188 avg_steps: 996.95
2024-05-04 23:02:21.165: 188 epsilon: 0.1
2024-05-04 23:26:15.453: 189 test start:
2024-05-04 23:26:46.898: 189 avg_reward: 970.0
2024-05-04 23:26:46.899: 189 avg_steps: 897.65
2024-05-04 23:26:46.899: 189 epsilon: 0.1
2024-05-04 23:50:22.046: 190 test start:
2024-05-04 23:51:03.978: 190 avg_reward: 1410.5
2024-05-04 23:51:03.979: 190 avg_steps: 1130.95
2024-05-04 23:51:03.979: 190 epsilon: 0.1
2024-05-05 00:14:28.261: 191 test start:
2024-05-05 00:15:00.647: 191 avg_reward: 1038.5
2024-05-05 00:15:00.647: 191 avg_steps: 895.05
2024-05-05 00:15:00.647: 191 epsilon: 0.1
2024-05-05 00:39:33.380: 192 test start:
2024-05-05 00:40:01.104: 192 avg_reward: 752.0
2024-05-05 00:40:01.104: 192 avg_steps: 757.75
2024-05-05 00:40:01.104: 192 epsilon: 0.1
2024-05-05 01:03:37.776: 193 test start:
2024-05-05 01:04:17.113: 193 avg_reward: 1310.5
2024-05-05 01:04:17.114: 193 avg_steps: 1090.65
2024-05-05 01:04:17.114: 193 epsilon: 0.1
2024-05-05 01:28:26.773: 194 test start:
2024-05-05 01:29:01.907: 194 avg_reward: 1123.5
2024-05-05 01:29:01.908: 194 avg_steps: 974.5
2024-05-05 01:29:01.908: 194 epsilon: 0.1
2024-05-05 01:52:38.502: 195 test start:
2024-05-05 01:53:11.584: 195 avg_reward: 1070.0
2024-05-05 01:53:11.584: 195 avg_steps: 898.8
2024-05-05 01:53:11.584: 195 epsilon: 0.1
2024-05-05 02:16:47.730: 196 test start:
2024-05-05 02:17:20.773: 196 avg_reward: 1020.5
2024-05-05 02:17:20.773: 196 avg_steps: 904.1
2024-05-05 02:17:20.774: 196 epsilon: 0.1
2024-05-05 02:41:22.626: 197 test start:
2024-05-05 02:41:55.833: 197 avg_reward: 1071.5
2024-05-05 02:41:55.833: 197 avg_steps: 926.7
2024-05-05 02:41:55.833: 197 epsilon: 0.1
2024-05-05 03:05:13.469: 198 test start:
2024-05-05 03:05:47.715: 198 avg_reward: 1135.5
2024-05-05 03:05:47.715: 198 avg_steps: 967.75
2024-05-05 03:05:47.715: 198 epsilon: 0.1
2024-05-05 03:29:30.786: 199 test start:
2024-05-05 03:30:03.068: 199 avg_reward: 1047.0
2024-05-05 03:30:03.068: 199 avg_steps: 913.85
2024-05-05 03:30:03.068: 199 epsilon: 0.1
2024-05-05 03:53:27.924: 200 test start:
2024-05-05 03:53:56.434: 200 avg_reward: 831.0
2024-05-05 03:53:56.434: 200 avg_steps: 800.2
2024-05-05 03:53:56.434: 200 epsilon: 0.1
2024-05-05 04:16:45.737: 201 test start:
2024-05-05 04:17:14.343: 201 avg_reward: 866.5
2024-05-05 04:17:14.343: 201 avg_steps: 819.7
2024-05-05 04:17:14.343: 201 epsilon: 0.1
2024-05-05 04:40:14.401: 202 test start:
2024-05-05 04:40:40.305: 202 avg_reward: 782.5
2024-05-05 04:40:40.306: 202 avg_steps: 762.65
2024-05-05 04:40:40.306: 202 epsilon: 0.1
2024-05-05 05:03:07.545: 203 test start:
2024-05-05 05:03:41.879: 203 avg_reward: 1251.5
2024-05-05 05:03:41.879: 203 avg_steps: 991.2
2024-05-05 05:03:41.879: 203 epsilon: 0.1
2024-05-05 05:26:18.770: 204 test start:
2024-05-05 05:26:55.494: 204 avg_reward: 1337.0
2024-05-05 05:26:55.494: 204 avg_steps: 1072.0
2024-05-05 05:26:55.494: 204 epsilon: 0.1
2024-05-05 05:48:55.357: 205 test start:
2024-05-05 05:49:24.395: 205 avg_reward: 894.0
2024-05-05 05:49:24.396: 205 avg_steps: 844.05
2024-05-05 05:49:24.396: 205 epsilon: 0.1
2024-05-05 06:11:54.750: 206 test start:
2024-05-05 06:12:23.872: 206 avg_reward: 925.0
2024-05-05 06:12:23.872: 206 avg_steps: 846.7
2024-05-05 06:12:23.872: 206 epsilon: 0.1
2024-05-05 06:34:43.008: 207 test start:
2024-05-05 06:35:11.193: 207 avg_reward: 907.5
2024-05-05 06:35:11.193: 207 avg_steps: 836.25
2024-05-05 06:35:11.193: 207 epsilon: 0.1
2024-05-05 06:57:59.183: 208 test start:
2024-05-05 06:58:23.547: 208 avg_reward: 689.0
2024-05-05 06:58:23.547: 208 avg_steps: 700.4
2024-05-05 06:58:23.547: 208 epsilon: 0.1
2024-05-05 07:20:44.931: 209 test start:
2024-05-05 07:21:16.286: 209 avg_reward: 1152.0
2024-05-05 07:21:16.287: 209 avg_steps: 954.55
2024-05-05 07:21:16.287: 209 epsilon: 0.1
2024-05-05 07:43:24.905: 210 test start:
2024-05-05 07:43:58.469: 210 avg_reward: 1133.0
2024-05-05 07:43:58.470: 210 avg_steps: 993.95
2024-05-05 07:43:58.470: 210 epsilon: 0.1
2024-05-05 08:06:04.966: 211 test start:
2024-05-05 08:06:33.859: 211 avg_reward: 953.0
2024-05-05 08:06:33.859: 211 avg_steps: 867.9
2024-05-05 08:06:33.859: 211 epsilon: 0.1
2024-05-05 08:28:50.145: 212 test start:
2024-05-05 08:29:12.645: 212 avg_reward: 619.0
2024-05-05 08:29:12.645: 212 avg_steps: 683.75
2024-05-05 08:29:12.645: 212 epsilon: 0.1
