2024-05-01 10:09:25.755: 
parameters:agent_saving_period: 80000
agent_test_episodes: 20
batch_num_per_epoch: 100000
device: cuda:0
env_name: ALE/WizardOfWor-v5
epsilon_for_test: 0.05
epsilon_max: 1.0
epsilon_min: 0.1
exploration_steps: 1000000
gamma: 0.99
input_frame_height: 84
input_frame_width: 84
learning_rate: 1.0e-05
log_path: ../exps/dqn/
mini_batch_size: 32
no_op: 30
phi_channel: 4
replay_buffer_size: 200000
replay_start_size: 10000
save_path: ./exps/
skip_k_frame: 4
step_c: 10000
training_steps: 50000000

2024-05-01 10:23:41.445: 1 test start:
2024-05-01 10:23:54.465: 1 avg_reward: 125.0
2024-05-01 10:23:54.465: 1 avg_steps: 382.25
2024-05-01 10:23:54.465: 1 epsilon: 0.9208378
2024-05-01 10:42:10.387: 2 test start:
2024-05-01 10:42:32.426: 2 avg_reward: 340.0
2024-05-01 10:42:32.426: 2 avg_steps: 644.05
2024-05-01 10:42:32.426: 2 epsilon: 0.8330464
2024-05-01 11:02:04.905: 3 test start:
2024-05-01 11:02:46.379: 3 avg_reward: 385.0
2024-05-01 11:02:46.379: 3 avg_steps: 1179.6
2024-05-01 11:02:46.379: 3 epsilon: 0.7445421999999999
2024-05-01 11:22:18.095: 4 test start:
2024-05-01 11:22:52.842: 4 avg_reward: 385.0
2024-05-01 11:22:52.842: 4 avg_steps: 989.2
2024-05-01 11:22:52.842: 4 epsilon: 0.6574428999999999
2024-05-01 11:42:25.468: 5 test start:
2024-05-01 11:42:55.857: 5 avg_reward: 360.0
2024-05-01 11:42:55.857: 5 avg_steps: 862.05
2024-05-01 11:42:55.857: 5 epsilon: 0.5695669
2024-05-01 12:02:31.573: 6 test start:
2024-05-01 12:02:42.486: 6 avg_reward: 90.0
2024-05-01 12:02:42.486: 6 avg_steps: 305.85
2024-05-01 12:02:42.486: 6 epsilon: 0.4824604
2024-05-01 12:22:06.692: 7 test start:
2024-05-01 12:22:37.992: 7 avg_reward: 475.0
2024-05-01 12:22:37.992: 7 avg_steps: 888.4
2024-05-01 12:22:37.992: 7 epsilon: 0.3939921999999999
2024-05-01 12:41:54.005: 8 test start:
2024-05-01 12:42:20.085: 8 avg_reward: 400.0
2024-05-01 12:42:20.085: 8 avg_steps: 741.3
2024-05-01 12:42:20.085: 8 epsilon: 0.30753189999999997
2024-05-01 13:01:34.361: 9 test start:
2024-05-01 13:02:14.679: 9 avg_reward: 295.0
2024-05-01 13:02:14.679: 9 avg_steps: 1151.85
2024-05-01 13:02:14.679: 9 epsilon: 0.2201356
2024-05-01 13:21:30.946: 10 test start:
2024-05-01 13:22:09.072: 10 avg_reward: 405.0
2024-05-01 13:22:09.072: 10 avg_steps: 1088.15
2024-05-01 13:22:09.072: 10 epsilon: 0.1333063
2024-05-01 13:41:40.788: 11 test start:
2024-05-01 13:42:27.127: 11 avg_reward: 505.0
2024-05-01 13:42:27.127: 11 avg_steps: 1334.5
2024-05-01 13:42:27.127: 11 epsilon: 0.1
2024-05-01 14:01:35.091: 12 test start:
2024-05-01 14:02:16.061: 12 avg_reward: 540.0
2024-05-01 14:02:16.061: 12 avg_steps: 1203.1
2024-05-01 14:02:16.061: 12 epsilon: 0.1
2024-05-01 14:21:46.116: 13 test start:
2024-05-01 14:22:15.740: 13 avg_reward: 530.0
2024-05-01 14:22:15.740: 13 avg_steps: 863.8
2024-05-01 14:22:15.740: 13 epsilon: 0.1
2024-05-01 14:41:44.130: 14 test start:
2024-05-01 14:42:26.439: 14 avg_reward: 405.0
2024-05-01 14:42:26.439: 14 avg_steps: 1217.1
2024-05-01 14:42:26.439: 14 epsilon: 0.1
2024-05-01 15:01:53.397: 15 test start:
2024-05-01 15:02:32.223: 15 avg_reward: 615.0
2024-05-01 15:02:32.223: 15 avg_steps: 1130.1
2024-05-01 15:02:32.223: 15 epsilon: 0.1
2024-05-01 15:21:34.376: 16 test start:
2024-05-01 15:21:57.626: 16 avg_reward: 355.0
2024-05-01 15:21:57.626: 16 avg_steps: 662.05
2024-05-01 15:21:57.626: 16 epsilon: 0.1
2024-05-01 15:40:56.950: 17 test start:
2024-05-01 15:41:29.203: 17 avg_reward: 540.0
2024-05-01 15:41:29.203: 17 avg_steps: 932.3
2024-05-01 15:41:29.203: 17 epsilon: 0.1
2024-05-01 16:00:55.406: 18 test start:
2024-05-01 16:01:28.565: 18 avg_reward: 485.0
2024-05-01 16:01:28.565: 18 avg_steps: 973.2
2024-05-01 16:01:28.565: 18 epsilon: 0.1
2024-05-01 16:20:29.650: 19 test start:
2024-05-01 16:21:01.577: 19 avg_reward: 505.0
2024-05-01 16:21:01.577: 19 avg_steps: 938.95
2024-05-01 16:21:01.577: 19 epsilon: 0.1
2024-05-01 16:40:32.761: 20 test start:
2024-05-01 16:41:10.457: 20 avg_reward: 585.0
2024-05-01 16:41:10.457: 20 avg_steps: 1091.85
2024-05-01 16:41:10.457: 20 epsilon: 0.1
2024-05-01 17:00:15.488: 21 test start:
2024-05-01 17:00:31.741: 21 avg_reward: 180.0
2024-05-01 17:00:31.741: 21 avg_steps: 453.8
2024-05-01 17:00:31.741: 21 epsilon: 0.1
2024-05-01 17:19:37.966: 22 test start:
2024-05-01 17:20:01.791: 22 avg_reward: 250.0
2024-05-01 17:20:01.791: 22 avg_steps: 682.9
2024-05-01 17:20:01.791: 22 epsilon: 0.1
2024-05-01 17:39:11.361: 23 test start:
2024-05-01 17:39:52.100: 23 avg_reward: 555.0
2024-05-01 17:39:52.100: 23 avg_steps: 1152.85
2024-05-01 17:39:52.100: 23 epsilon: 0.1
2024-05-01 17:59:13.554: 24 test start:
2024-05-01 17:59:46.973: 24 avg_reward: 405.0
2024-05-01 17:59:46.973: 24 avg_steps: 949.8
2024-05-01 17:59:46.973: 24 epsilon: 0.1
2024-05-01 18:19:09.341: 25 test start:
2024-05-01 18:19:47.919: 25 avg_reward: 815.0
2024-05-01 18:19:47.919: 25 avg_steps: 1104.65
2024-05-01 18:19:47.919: 25 epsilon: 0.1
2024-05-01 18:38:23.384: 26 test start:
2024-05-01 18:38:53.108: 26 avg_reward: 330.0
2024-05-01 18:38:53.108: 26 avg_steps: 849.9
2024-05-01 18:38:53.108: 26 epsilon: 0.1
2024-05-01 18:58:07.184: 27 test start:
2024-05-01 18:58:38.833: 27 avg_reward: 525.0
2024-05-01 18:58:38.833: 27 avg_steps: 904.35
2024-05-01 18:58:38.833: 27 epsilon: 0.1
2024-05-01 19:17:34.639: 28 test start:
2024-05-01 19:18:07.835: 28 avg_reward: 800.0
2024-05-01 19:18:07.835: 28 avg_steps: 947.65
2024-05-01 19:18:07.835: 28 epsilon: 0.1
2024-05-01 19:37:02.160: 29 test start:
2024-05-01 19:37:27.505: 29 avg_reward: 435.0
2024-05-01 19:37:27.505: 29 avg_steps: 735.0
2024-05-01 19:37:27.505: 29 epsilon: 0.1
2024-05-01 19:56:43.297: 30 test start:
2024-05-01 19:57:17.013: 30 avg_reward: 410.0
2024-05-01 19:57:17.013: 30 avg_steps: 930.4
2024-05-01 19:57:17.013: 30 epsilon: 0.1
2024-05-01 20:16:29.527: 31 test start:
2024-05-01 20:17:03.497: 31 avg_reward: 415.0
2024-05-01 20:17:03.497: 31 avg_steps: 964.65
2024-05-01 20:17:03.497: 31 epsilon: 0.1
2024-05-01 20:36:42.535: 32 test start:
2024-05-01 20:37:26.928: 32 avg_reward: 560.0
2024-05-01 20:37:26.928: 32 avg_steps: 1267.45
2024-05-01 20:37:26.928: 32 epsilon: 0.1
2024-05-01 20:56:36.880: 33 test start:
2024-05-01 20:57:07.892: 33 avg_reward: 440.0
2024-05-01 20:57:07.892: 33 avg_steps: 873.8
2024-05-01 20:57:07.892: 33 epsilon: 0.1
2024-05-01 21:16:06.270: 34 test start:
2024-05-01 21:16:46.047: 34 avg_reward: 635.0
2024-05-01 21:16:46.047: 34 avg_steps: 1120.05
2024-05-01 21:16:46.047: 34 epsilon: 0.1
2024-05-01 21:35:56.541: 35 test start:
2024-05-01 21:36:24.707: 35 avg_reward: 545.0
2024-05-01 21:36:24.707: 35 avg_steps: 799.7
2024-05-01 21:36:24.707: 35 epsilon: 0.1
2024-05-01 21:55:33.167: 36 test start:
2024-05-01 21:55:58.490: 36 avg_reward: 445.0
2024-05-01 21:55:58.490: 36 avg_steps: 723.45
2024-05-01 21:55:58.490: 36 epsilon: 0.1
2024-05-01 22:15:36.335: 37 test start:
2024-05-01 22:16:18.926: 37 avg_reward: 590.0
2024-05-01 22:16:18.926: 37 avg_steps: 1222.8
2024-05-01 22:16:18.926: 37 epsilon: 0.1
2024-05-01 22:35:14.409: 38 test start:
2024-05-01 22:35:41.294: 38 avg_reward: 460.0
2024-05-01 22:35:41.294: 38 avg_steps: 762.05
2024-05-01 22:35:41.294: 38 epsilon: 0.1
2024-05-01 22:54:33.685: 39 test start:
2024-05-01 22:55:18.237: 39 avg_reward: 585.0
2024-05-01 22:55:18.237: 39 avg_steps: 1275.65
2024-05-01 22:55:18.237: 39 epsilon: 0.1
2024-05-01 23:14:41.094: 40 test start:
2024-05-01 23:15:31.594: 40 avg_reward: 890.0
2024-05-01 23:15:31.594: 40 avg_steps: 1450.7
2024-05-01 23:15:31.594: 40 epsilon: 0.1
2024-05-01 23:34:52.945: 41 test start:
2024-05-01 23:35:19.703: 41 avg_reward: 305.0
2024-05-01 23:35:19.703: 41 avg_steps: 756.15
2024-05-01 23:35:19.703: 41 epsilon: 0.1
2024-05-01 23:54:22.621: 42 test start:
2024-05-01 23:54:46.352: 42 avg_reward: 370.0
2024-05-01 23:54:46.352: 42 avg_steps: 680.6
2024-05-01 23:54:46.352: 42 epsilon: 0.1
2024-05-02 00:13:53.043: 43 test start:
2024-05-02 00:14:31.235: 43 avg_reward: 335.0
2024-05-02 00:14:31.235: 43 avg_steps: 1079.5
2024-05-02 00:14:31.235: 43 epsilon: 0.1
2024-05-02 00:33:49.647: 44 test start:
2024-05-02 00:34:29.432: 44 avg_reward: 665.0
2024-05-02 00:34:29.432: 44 avg_steps: 1127.65
2024-05-02 00:34:29.432: 44 epsilon: 0.1
2024-05-02 00:53:41.400: 45 test start:
2024-05-02 00:54:17.653: 45 avg_reward: 495.0
2024-05-02 00:54:17.653: 45 avg_steps: 1046.1
2024-05-02 00:54:17.653: 45 epsilon: 0.1
2024-05-02 01:13:52.044: 46 test start:
2024-05-02 01:14:19.451: 46 avg_reward: 300.0
2024-05-02 01:14:19.451: 46 avg_steps: 784.95
2024-05-02 01:14:19.451: 46 epsilon: 0.1
2024-05-02 01:33:24.731: 47 test start:
2024-05-02 01:34:03.507: 47 avg_reward: 645.0
2024-05-02 01:34:03.507: 47 avg_steps: 1121.85
2024-05-02 01:34:03.507: 47 epsilon: 0.1
2024-05-02 01:53:17.418: 48 test start:
2024-05-02 01:53:41.593: 48 avg_reward: 365.0
2024-05-02 01:53:41.593: 48 avg_steps: 706.35
2024-05-02 01:53:41.593: 48 epsilon: 0.1
2024-05-02 02:12:45.993: 49 test start:
2024-05-02 02:13:25.237: 49 avg_reward: 520.0
2024-05-02 02:13:25.237: 49 avg_steps: 1155.35
2024-05-02 02:13:25.237: 49 epsilon: 0.1
2024-05-02 02:32:30.951: 50 test start:
2024-05-02 02:32:57.501: 50 avg_reward: 375.0
2024-05-02 02:32:57.501: 50 avg_steps: 787.35
2024-05-02 02:32:57.501: 50 epsilon: 0.1
2024-05-02 02:52:07.297: 51 test start:
2024-05-02 02:52:39.182: 51 avg_reward: 405.0
2024-05-02 02:52:39.182: 51 avg_steps: 919.95
2024-05-02 02:52:39.182: 51 epsilon: 0.1
2024-05-02 03:11:42.170: 52 test start:
2024-05-02 03:12:16.412: 52 avg_reward: 325.0
2024-05-02 03:12:16.412: 52 avg_steps: 981.7
2024-05-02 03:12:16.412: 52 epsilon: 0.1
2024-05-02 03:31:35.400: 53 test start:
2024-05-02 03:32:15.145: 53 avg_reward: 500.0
2024-05-02 03:32:15.146: 53 avg_steps: 1148.0
2024-05-02 03:32:15.146: 53 epsilon: 0.1
2024-05-02 03:51:12.849: 54 test start:
2024-05-02 03:51:55.936: 54 avg_reward: 705.0
2024-05-02 03:51:55.936: 54 avg_steps: 1234.25
2024-05-02 03:51:55.936: 54 epsilon: 0.1
2024-05-02 04:11:15.216: 55 test start:
2024-05-02 04:11:45.265: 55 avg_reward: 460.0
2024-05-02 04:11:45.265: 55 avg_steps: 869.6
2024-05-02 04:11:45.265: 55 epsilon: 0.1
2024-05-02 04:30:45.295: 56 test start:
2024-05-02 04:31:14.063: 56 avg_reward: 380.0
2024-05-02 04:31:14.063: 56 avg_steps: 822.05
2024-05-02 04:31:14.063: 56 epsilon: 0.1
2024-05-02 04:50:28.451: 57 test start:
2024-05-02 04:50:54.303: 57 avg_reward: 335.0
2024-05-02 04:50:54.303: 57 avg_steps: 746.5
2024-05-02 04:50:54.303: 57 epsilon: 0.1
2024-05-02 05:10:01.544: 58 test start:
2024-05-02 05:10:54.955: 58 avg_reward: 970.0
2024-05-02 05:10:54.955: 58 avg_steps: 1588.55
2024-05-02 05:10:54.955: 58 epsilon: 0.1
2024-05-02 05:30:01.725: 59 test start:
2024-05-02 05:30:46.130: 59 avg_reward: 500.0
2024-05-02 05:30:46.130: 59 avg_steps: 1290.45
2024-05-02 05:30:46.130: 59 epsilon: 0.1
2024-05-02 05:49:44.452: 60 test start:
2024-05-02 05:50:24.602: 60 avg_reward: 485.0
2024-05-02 05:50:24.602: 60 avg_steps: 1148.25
2024-05-02 05:50:24.602: 60 epsilon: 0.1
2024-05-02 06:09:36.427: 61 test start:
2024-05-02 06:10:12.408: 61 avg_reward: 690.0
2024-05-02 06:10:12.408: 61 avg_steps: 1046.4
2024-05-02 06:10:12.408: 61 epsilon: 0.1
2024-05-02 06:29:30.080: 62 test start:
2024-05-02 06:30:06.971: 62 avg_reward: 735.0
2024-05-02 06:30:06.971: 62 avg_steps: 1037.4
2024-05-02 06:30:06.971: 62 epsilon: 0.1
2024-05-02 06:48:50.585: 63 test start:
2024-05-02 06:49:21.188: 63 avg_reward: 715.0
2024-05-02 06:49:21.188: 63 avg_steps: 874.0
2024-05-02 06:49:21.188: 63 epsilon: 0.1
2024-05-02 07:08:32.422: 64 test start:
2024-05-02 07:09:12.850: 64 avg_reward: 600.0
2024-05-02 07:09:12.850: 64 avg_steps: 1178.2
2024-05-02 07:09:12.850: 64 epsilon: 0.1
2024-05-02 07:28:09.242: 65 test start:
2024-05-02 07:28:39.810: 65 avg_reward: 495.0
2024-05-02 07:28:39.810: 65 avg_steps: 871.6
2024-05-02 07:28:39.810: 65 epsilon: 0.1
2024-05-02 07:47:14.723: 66 test start:
2024-05-02 07:47:52.843: 66 avg_reward: 475.0
2024-05-02 07:47:52.843: 66 avg_steps: 1091.65
2024-05-02 07:47:52.843: 66 epsilon: 0.1
2024-05-02 08:07:08.121: 67 test start:
2024-05-02 08:07:39.401: 67 avg_reward: 360.0
2024-05-02 08:07:39.401: 67 avg_steps: 886.8
2024-05-02 08:07:39.401: 67 epsilon: 0.1
2024-05-02 08:26:18.278: 68 test start:
2024-05-02 08:26:57.343: 68 avg_reward: 505.0
2024-05-02 08:26:57.343: 68 avg_steps: 1165.9
2024-05-02 08:26:57.343: 68 epsilon: 0.1
2024-05-02 08:46:03.334: 69 test start:
2024-05-02 08:46:49.053: 69 avg_reward: 555.0
2024-05-02 08:46:49.053: 69 avg_steps: 1292.95
2024-05-02 08:46:49.053: 69 epsilon: 0.1
2024-05-02 09:05:29.367: 70 test start:
2024-05-02 09:06:03.484: 70 avg_reward: 405.0
2024-05-02 09:06:03.484: 70 avg_steps: 999.75
2024-05-02 09:06:03.484: 70 epsilon: 0.1
2024-05-02 09:25:11.417: 71 test start:
2024-05-02 09:25:34.368: 71 avg_reward: 275.0
2024-05-02 09:25:34.368: 71 avg_steps: 648.25
2024-05-02 09:25:34.368: 71 epsilon: 0.1
2024-05-02 09:44:21.611: 72 test start:
2024-05-02 09:44:54.944: 72 avg_reward: 455.0
2024-05-02 09:44:54.944: 72 avg_steps: 956.05
2024-05-02 09:44:54.944: 72 epsilon: 0.1
2024-05-02 10:04:01.106: 73 test start:
2024-05-02 10:04:37.620: 73 avg_reward: 480.0
2024-05-02 10:04:37.620: 73 avg_steps: 1069.1
2024-05-02 10:04:37.620: 73 epsilon: 0.1
2024-05-02 10:23:47.012: 74 test start:
2024-05-02 10:24:28.388: 74 avg_reward: 565.0
2024-05-02 10:24:28.388: 74 avg_steps: 1181.0
2024-05-02 10:24:28.388: 74 epsilon: 0.1
2024-05-02 10:43:44.581: 75 test start:
2024-05-02 10:44:24.731: 75 avg_reward: 445.0
2024-05-02 10:44:24.732: 75 avg_steps: 1189.05
2024-05-02 10:44:24.732: 75 epsilon: 0.1
2024-05-02 11:03:40.358: 76 test start:
2024-05-02 11:04:21.197: 76 avg_reward: 545.0
2024-05-02 11:04:21.197: 76 avg_steps: 1191.75
2024-05-02 11:04:21.197: 76 epsilon: 0.1
2024-05-02 11:23:14.921: 77 test start:
2024-05-02 11:24:04.193: 77 avg_reward: 815.0
2024-05-02 11:24:04.194: 77 avg_steps: 1404.3
2024-05-02 11:24:04.194: 77 epsilon: 0.1
2024-05-02 11:43:02.071: 78 test start:
2024-05-02 11:43:35.801: 78 avg_reward: 445.0
2024-05-02 11:43:35.801: 78 avg_steps: 996.95
2024-05-02 11:43:35.801: 78 epsilon: 0.1
2024-05-02 12:02:41.398: 79 test start:
2024-05-02 12:03:14.117: 79 avg_reward: 365.0
2024-05-02 12:03:14.117: 79 avg_steps: 939.05
2024-05-02 12:03:14.117: 79 epsilon: 0.1
2024-05-02 12:21:55.685: 80 test start:
2024-05-02 12:22:42.853: 80 avg_reward: 675.0
2024-05-02 12:22:42.854: 80 avg_steps: 1373.65
2024-05-02 12:22:42.854: 80 epsilon: 0.1
2024-05-02 12:41:34.225: 81 test start:
2024-05-02 12:42:19.634: 81 avg_reward: 700.0
2024-05-02 12:42:19.634: 81 avg_steps: 1334.4
2024-05-02 12:42:19.634: 81 epsilon: 0.1
2024-05-02 13:01:23.731: 82 test start:
2024-05-02 13:02:08.686: 82 avg_reward: 650.0
2024-05-02 13:02:08.686: 82 avg_steps: 1313.4
2024-05-02 13:02:08.686: 82 epsilon: 0.1
2024-05-02 13:21:23.608: 83 test start:
2024-05-02 13:21:58.152: 83 avg_reward: 440.0
2024-05-02 13:21:58.152: 83 avg_steps: 998.6
2024-05-02 13:21:58.152: 83 epsilon: 0.1
2024-05-02 13:40:44.354: 84 test start:
2024-05-02 13:41:20.981: 84 avg_reward: 550.0
2024-05-02 13:41:20.982: 84 avg_steps: 1066.8
2024-05-02 13:41:20.982: 84 epsilon: 0.1
2024-05-02 14:00:34.561: 85 test start:
2024-05-02 14:01:27.423: 85 avg_reward: 625.0
2024-05-02 14:01:27.423: 85 avg_steps: 1556.25
2024-05-02 14:01:27.423: 85 epsilon: 0.1
2024-05-02 14:20:29.079: 86 test start:
2024-05-02 14:21:03.521: 86 avg_reward: 420.0
2024-05-02 14:21:03.521: 86 avg_steps: 988.8
2024-05-02 14:21:03.521: 86 epsilon: 0.1
2024-05-02 14:39:54.855: 87 test start:
2024-05-02 14:40:39.364: 87 avg_reward: 815.0
2024-05-02 14:40:39.364: 87 avg_steps: 1314.8
2024-05-02 14:40:39.364: 87 epsilon: 0.1
2024-05-02 14:59:36.164: 88 test start:
2024-05-02 15:00:13.400: 88 avg_reward: 580.0
2024-05-02 15:00:13.400: 88 avg_steps: 1069.65
2024-05-02 15:00:13.400: 88 epsilon: 0.1
2024-05-02 15:19:08.077: 89 test start:
2024-05-02 15:19:36.153: 89 avg_reward: 315.0
2024-05-02 15:19:36.153: 89 avg_steps: 820.8
2024-05-02 15:19:36.153: 89 epsilon: 0.1
2024-05-02 15:39:09.188: 90 test start:
2024-05-02 15:39:48.165: 90 avg_reward: 520.0
2024-05-02 15:39:48.165: 90 avg_steps: 1110.0
2024-05-02 15:39:48.165: 90 epsilon: 0.1
2024-05-02 15:58:26.808: 91 test start:
2024-05-02 15:59:02.008: 91 avg_reward: 530.0
2024-05-02 15:59:02.008: 91 avg_steps: 1009.65
2024-05-02 15:59:02.008: 91 epsilon: 0.1
2024-05-02 16:18:15.137: 92 test start:
2024-05-02 16:18:50.674: 92 avg_reward: 595.0
2024-05-02 16:18:50.674: 92 avg_steps: 1049.9
2024-05-02 16:18:50.674: 92 epsilon: 0.1
2024-05-02 16:37:21.899: 93 test start:
2024-05-02 16:38:00.379: 93 avg_reward: 620.0
2024-05-02 16:38:00.379: 93 avg_steps: 1103.25
2024-05-02 16:38:00.379: 93 epsilon: 0.1
2024-05-02 16:56:56.037: 94 test start:
2024-05-02 16:57:26.417: 94 avg_reward: 350.0
2024-05-02 16:57:26.417: 94 avg_steps: 893.1
2024-05-02 16:57:26.417: 94 epsilon: 0.1
2024-05-02 17:16:34.477: 95 test start:
2024-05-02 17:17:20.489: 95 avg_reward: 485.0
2024-05-02 17:17:20.489: 95 avg_steps: 1322.25
2024-05-02 17:17:20.489: 95 epsilon: 0.1
2024-05-02 17:36:13.572: 96 test start:
2024-05-02 17:36:42.415: 96 avg_reward: 540.0
2024-05-02 17:36:42.415: 96 avg_steps: 841.5
2024-05-02 17:36:42.415: 96 epsilon: 0.1
2024-05-02 17:56:09.528: 97 test start:
2024-05-02 17:56:41.131: 97 avg_reward: 395.0
2024-05-02 17:56:41.131: 97 avg_steps: 885.35
2024-05-02 17:56:41.131: 97 epsilon: 0.1
2024-05-02 18:15:43.006: 98 test start:
2024-05-02 18:16:16.845: 98 avg_reward: 390.0
2024-05-02 18:16:16.845: 98 avg_steps: 999.15
2024-05-02 18:16:16.845: 98 epsilon: 0.1
2024-05-02 18:35:44.279: 99 test start:
2024-05-02 18:36:31.463: 99 avg_reward: 540.0
2024-05-02 18:36:31.463: 99 avg_steps: 1369.75
2024-05-02 18:36:31.463: 99 epsilon: 0.1
2024-05-02 18:55:05.756: 100 test start:
2024-05-02 18:55:42.672: 100 avg_reward: 375.0
2024-05-02 18:55:42.672: 100 avg_steps: 1066.5
2024-05-02 18:55:42.672: 100 epsilon: 0.1
2024-05-02 19:15:24.345: 101 test start:
2024-05-02 19:15:57.532: 101 avg_reward: 435.0
2024-05-02 19:15:57.532: 101 avg_steps: 964.0
2024-05-02 19:15:57.532: 101 epsilon: 0.1
2024-05-02 19:34:48.316: 102 test start:
2024-05-02 19:35:39.410: 102 avg_reward: 555.0
2024-05-02 19:35:39.410: 102 avg_steps: 1458.0
2024-05-02 19:35:39.410: 102 epsilon: 0.1
2024-05-02 19:54:28.359: 103 test start:
2024-05-02 19:55:25.104: 103 avg_reward: 490.0
2024-05-02 19:55:25.104: 103 avg_steps: 1684.45
2024-05-02 19:55:25.104: 103 epsilon: 0.1
2024-05-02 20:14:13.150: 104 test start:
2024-05-02 20:14:56.978: 104 avg_reward: 410.0
2024-05-02 20:14:56.978: 104 avg_steps: 1220.05
2024-05-02 20:14:56.978: 104 epsilon: 0.1
2024-05-02 20:33:48.107: 105 test start:
2024-05-02 20:34:23.952: 105 avg_reward: 370.0
2024-05-02 20:34:23.953: 105 avg_steps: 1046.5
2024-05-02 20:34:23.953: 105 epsilon: 0.1
2024-05-02 20:53:43.234: 106 test start:
2024-05-02 20:54:32.787: 106 avg_reward: 385.0
2024-05-02 20:54:32.787: 106 avg_steps: 1410.85
2024-05-02 20:54:32.788: 106 epsilon: 0.1
2024-05-02 21:13:17.332: 107 test start:
2024-05-02 21:13:57.901: 107 avg_reward: 460.0
2024-05-02 21:13:57.901: 107 avg_steps: 1176.0
2024-05-02 21:13:57.901: 107 epsilon: 0.1
2024-05-02 21:33:07.127: 108 test start:
2024-05-02 21:33:46.733: 108 avg_reward: 575.0
2024-05-02 21:33:46.733: 108 avg_steps: 1153.25
2024-05-02 21:33:46.733: 108 epsilon: 0.1
2024-05-02 21:52:40.846: 109 test start:
2024-05-02 21:53:25.500: 109 avg_reward: 665.0
2024-05-02 21:53:25.500: 109 avg_steps: 1275.25
2024-05-02 21:53:25.500: 109 epsilon: 0.1
2024-05-02 22:12:43.060: 110 test start:
2024-05-02 22:13:22.841: 110 avg_reward: 420.0
2024-05-02 22:13:22.841: 110 avg_steps: 1164.55
2024-05-02 22:13:22.841: 110 epsilon: 0.1
2024-05-02 22:32:05.090: 111 test start:
2024-05-02 22:32:35.758: 111 avg_reward: 340.0
2024-05-02 22:32:35.758: 111 avg_steps: 878.75
2024-05-02 22:32:35.758: 111 epsilon: 0.1
2024-05-02 22:51:35.060: 112 test start:
2024-05-02 22:52:11.601: 112 avg_reward: 455.0
2024-05-02 22:52:11.601: 112 avg_steps: 1062.9
2024-05-02 22:52:11.601: 112 epsilon: 0.1
2024-05-02 23:11:05.866: 113 test start:
2024-05-02 23:11:33.976: 113 avg_reward: 285.0
2024-05-02 23:11:33.976: 113 avg_steps: 803.85
2024-05-02 23:11:33.976: 113 epsilon: 0.1
2024-05-02 23:30:52.509: 114 test start:
2024-05-02 23:31:39.385: 114 avg_reward: 590.0
2024-05-02 23:31:39.385: 114 avg_steps: 1350.75
2024-05-02 23:31:39.385: 114 epsilon: 0.1
2024-05-02 23:50:29.100: 115 test start:
2024-05-02 23:50:58.099: 115 avg_reward: 330.0
2024-05-02 23:50:58.099: 115 avg_steps: 828.4
2024-05-02 23:50:58.099: 115 epsilon: 0.1
2024-05-03 00:09:55.310: 116 test start:
2024-05-03 00:10:49.796: 116 avg_reward: 510.0
2024-05-03 00:10:49.797: 116 avg_steps: 1544.4
2024-05-03 00:10:49.797: 116 epsilon: 0.1
2024-05-03 00:30:09.945: 117 test start:
2024-05-03 00:30:54.766: 117 avg_reward: 440.0
2024-05-03 00:30:54.766: 117 avg_steps: 1310.35
2024-05-03 00:30:54.766: 117 epsilon: 0.1
2024-05-03 00:49:34.002: 118 test start:
2024-05-03 00:50:32.435: 118 avg_reward: 595.0
2024-05-03 00:50:32.435: 118 avg_steps: 1668.95
2024-05-03 00:50:32.435: 118 epsilon: 0.1
2024-05-03 01:09:37.405: 119 test start:
2024-05-03 01:10:17.846: 119 avg_reward: 415.0
2024-05-03 01:10:17.846: 119 avg_steps: 1189.45
2024-05-03 01:10:17.846: 119 epsilon: 0.1
2024-05-03 01:29:09.532: 120 test start:
2024-05-03 01:29:46.678: 120 avg_reward: 645.0
2024-05-03 01:29:46.678: 120 avg_steps: 1086.4
2024-05-03 01:29:46.678: 120 epsilon: 0.1
2024-05-03 01:48:42.299: 121 test start:
2024-05-03 01:49:38.068: 121 avg_reward: 605.0
2024-05-03 01:49:38.068: 121 avg_steps: 1620.9
2024-05-03 01:49:38.068: 121 epsilon: 0.1
2024-05-03 02:09:11.016: 122 test start:
2024-05-03 02:09:53.138: 122 avg_reward: 505.0
2024-05-03 02:09:53.138: 122 avg_steps: 1212.1
2024-05-03 02:09:53.138: 122 epsilon: 0.1
2024-05-03 02:28:24.463: 123 test start:
2024-05-03 02:29:05.353: 123 avg_reward: 445.0
2024-05-03 02:29:05.353: 123 avg_steps: 1163.9
2024-05-03 02:29:05.353: 123 epsilon: 0.1
2024-05-03 02:47:52.897: 124 test start:
2024-05-03 02:48:42.459: 124 avg_reward: 510.0
2024-05-03 02:48:42.459: 124 avg_steps: 1445.1
2024-05-03 02:48:42.459: 124 epsilon: 0.1
2024-05-03 03:07:50.009: 125 test start:
2024-05-03 03:08:39.464: 125 avg_reward: 785.0
2024-05-03 03:08:39.464: 125 avg_steps: 1441.45
2024-05-03 03:08:39.464: 125 epsilon: 0.1
2024-05-03 03:27:33.205: 126 test start:
2024-05-03 03:27:56.139: 126 avg_reward: 210.0
2024-05-03 03:27:56.139: 126 avg_steps: 661.95
2024-05-03 03:27:56.139: 126 epsilon: 0.1
2024-05-03 03:47:02.462: 127 test start:
2024-05-03 03:47:22.169: 127 avg_reward: 165.0
2024-05-03 03:47:22.169: 127 avg_steps: 551.05
2024-05-03 03:47:22.169: 127 epsilon: 0.1
2024-05-03 04:06:11.297: 128 test start:
2024-05-03 04:06:59.128: 128 avg_reward: 660.0
2024-05-03 04:06:59.128: 128 avg_steps: 1385.65
2024-05-03 04:06:59.128: 128 epsilon: 0.1
2024-05-03 04:25:59.095: 129 test start:
2024-05-03 04:26:32.841: 129 avg_reward: 325.0
2024-05-03 04:26:32.842: 129 avg_steps: 986.45
2024-05-03 04:26:32.842: 129 epsilon: 0.1
2024-05-03 04:45:15.961: 130 test start:
2024-05-03 04:46:07.213: 130 avg_reward: 345.0
2024-05-03 04:46:07.213: 130 avg_steps: 1475.15
2024-05-03 04:46:07.213: 130 epsilon: 0.1
2024-05-03 05:05:02.600: 131 test start:
2024-05-03 05:05:41.359: 131 avg_reward: 505.0
2024-05-03 05:05:41.359: 131 avg_steps: 1151.8
2024-05-03 05:05:41.359: 131 epsilon: 0.1
2024-05-03 05:24:30.761: 132 test start:
2024-05-03 05:24:54.222: 132 avg_reward: 285.0
2024-05-03 05:24:54.222: 132 avg_steps: 687.95
2024-05-03 05:24:54.222: 132 epsilon: 0.1
2024-05-03 05:43:31.333: 133 test start:
2024-05-03 05:44:25.697: 133 avg_reward: 510.0
2024-05-03 05:44:25.697: 133 avg_steps: 1568.55
2024-05-03 05:44:25.697: 133 epsilon: 0.1
2024-05-03 06:03:57.521: 134 test start:
2024-05-03 06:04:37.468: 134 avg_reward: 430.0
2024-05-03 06:04:37.468: 134 avg_steps: 1166.3
2024-05-03 06:04:37.468: 134 epsilon: 0.1
2024-05-03 06:23:26.142: 135 test start:
2024-05-03 06:24:01.002: 135 avg_reward: 420.0
2024-05-03 06:24:01.003: 135 avg_steps: 989.7
2024-05-03 06:24:01.003: 135 epsilon: 0.1
2024-05-03 06:42:50.407: 136 test start:
2024-05-03 06:43:10.793: 136 avg_reward: 205.0
2024-05-03 06:43:10.793: 136 avg_steps: 592.1
2024-05-03 06:43:10.793: 136 epsilon: 0.1
2024-05-03 07:02:29.830: 137 test start:
2024-05-03 07:03:03.167: 137 avg_reward: 305.0
2024-05-03 07:03:03.168: 137 avg_steps: 945.15
2024-05-03 07:03:03.168: 137 epsilon: 0.1
2024-05-03 07:21:57.540: 138 test start:
2024-05-03 07:22:41.537: 138 avg_reward: 385.0
2024-05-03 07:22:41.537: 138 avg_steps: 1262.35
2024-05-03 07:22:41.537: 138 epsilon: 0.1
2024-05-03 07:41:55.838: 139 test start:
2024-05-03 07:42:37.303: 139 avg_reward: 630.0
2024-05-03 07:42:37.303: 139 avg_steps: 1209.7
2024-05-03 07:42:37.303: 139 epsilon: 0.1
2024-05-03 08:01:33.072: 140 test start:
2024-05-03 08:01:59.681: 140 avg_reward: 270.0
2024-05-03 08:01:59.681: 140 avg_steps: 759.45
2024-05-03 08:01:59.681: 140 epsilon: 0.1
2024-05-03 08:21:04.367: 141 test start:
2024-05-03 08:21:45.950: 141 avg_reward: 540.0
2024-05-03 08:21:45.950: 141 avg_steps: 1197.55
2024-05-03 08:21:45.950: 141 epsilon: 0.1
2024-05-03 08:41:02.998: 142 test start:
2024-05-03 08:42:26.940: 142 avg_reward: 960.0
2024-05-03 08:42:26.940: 142 avg_steps: 2462.35
2024-05-03 08:42:26.940: 142 epsilon: 0.1
2024-05-03 09:00:59.630: 143 test start:
2024-05-03 09:01:46.185: 143 avg_reward: 730.0
2024-05-03 09:01:46.185: 143 avg_steps: 1325.3
2024-05-03 09:01:46.185: 143 epsilon: 0.1
2024-05-03 09:20:48.108: 144 test start:
2024-05-03 09:21:31.630: 144 avg_reward: 445.0
2024-05-03 09:21:31.630: 144 avg_steps: 1255.55
2024-05-03 09:21:31.630: 144 epsilon: 0.1
2024-05-03 09:40:14.539: 145 test start:
2024-05-03 09:40:47.062: 145 avg_reward: 380.0
2024-05-03 09:40:47.062: 145 avg_steps: 943.2
2024-05-03 09:40:47.062: 145 epsilon: 0.1
2024-05-03 09:59:49.136: 146 test start:
2024-05-03 10:00:27.079: 146 avg_reward: 375.0
2024-05-03 10:00:27.080: 146 avg_steps: 1091.15
2024-05-03 10:00:27.080: 146 epsilon: 0.1
2024-05-03 10:19:34.722: 147 test start:
2024-05-03 10:20:34.888: 147 avg_reward: 640.0
2024-05-03 10:20:34.888: 147 avg_steps: 1740.1
2024-05-03 10:20:34.888: 147 epsilon: 0.1
2024-05-03 10:39:25.092: 148 test start:
2024-05-03 10:40:01.399: 148 avg_reward: 410.0
2024-05-03 10:40:01.399: 148 avg_steps: 1065.7
2024-05-03 10:40:01.399: 148 epsilon: 0.1
2024-05-03 10:59:45.184: 149 test start:
2024-05-03 11:00:32.960: 149 avg_reward: 435.0
2024-05-03 11:00:32.960: 149 avg_steps: 1391.3
2024-05-03 11:00:32.960: 149 epsilon: 0.1
2024-05-03 11:18:50.764: 150 test start:
2024-05-03 11:19:48.435: 150 avg_reward: 590.0
2024-05-03 11:19:48.435: 150 avg_steps: 1662.55
2024-05-03 11:19:48.435: 150 epsilon: 0.1
2024-05-03 11:39:16.708: 151 test start:
2024-05-03 11:39:51.564: 151 avg_reward: 370.0
2024-05-03 11:39:51.565: 151 avg_steps: 1011.7
2024-05-03 11:39:51.565: 151 epsilon: 0.1
2024-05-03 11:58:40.621: 152 test start:
2024-05-03 11:59:27.844: 152 avg_reward: 475.0
2024-05-03 11:59:27.844: 152 avg_steps: 1309.15
2024-05-03 11:59:27.844: 152 epsilon: 0.1
2024-05-03 12:18:15.746: 153 test start:
2024-05-03 12:18:56.784: 153 avg_reward: 450.0
2024-05-03 12:18:56.784: 153 avg_steps: 1217.7
2024-05-03 12:18:56.784: 153 epsilon: 0.1
2024-05-03 12:38:21.125: 154 test start:
2024-05-03 12:39:12.874: 154 avg_reward: 520.0
2024-05-03 12:39:12.874: 154 avg_steps: 1447.9
2024-05-03 12:39:12.874: 154 epsilon: 0.1
2024-05-03 12:58:16.251: 155 test start:
2024-05-03 12:59:10.414: 155 avg_reward: 515.0
2024-05-03 12:59:10.414: 155 avg_steps: 1601.0
2024-05-03 12:59:10.414: 155 epsilon: 0.1
2024-05-03 13:17:54.951: 156 test start:
2024-05-03 13:18:36.071: 156 avg_reward: 455.0
2024-05-03 13:18:36.071: 156 avg_steps: 1223.5
2024-05-03 13:18:36.071: 156 epsilon: 0.1
2024-05-03 13:37:40.448: 157 test start:
2024-05-03 13:38:42.164: 157 avg_reward: 535.0
2024-05-03 13:38:42.165: 157 avg_steps: 1765.6
2024-05-03 13:38:42.165: 157 epsilon: 0.1
2024-05-03 13:57:47.051: 158 test start:
2024-05-03 13:58:08.783: 158 avg_reward: 220.0
2024-05-03 13:58:08.783: 158 avg_steps: 638.95
2024-05-03 13:58:08.783: 158 epsilon: 0.1
2024-05-03 14:17:11.559: 159 test start:
2024-05-03 14:17:42.064: 159 avg_reward: 465.0
2024-05-03 14:17:42.064: 159 avg_steps: 861.65
2024-05-03 14:17:42.064: 159 epsilon: 0.1
2024-05-03 14:36:51.317: 160 test start:
2024-05-03 14:37:45.272: 160 avg_reward: 565.0
2024-05-03 14:37:45.272: 160 avg_steps: 1595.85
2024-05-03 14:37:45.272: 160 epsilon: 0.1
2024-05-03 14:56:31.240: 161 test start:
2024-05-03 14:57:11.302: 161 avg_reward: 385.0
2024-05-03 14:57:11.302: 161 avg_steps: 1145.65
2024-05-03 14:57:11.302: 161 epsilon: 0.1
2024-05-03 15:16:11.459: 162 test start:
2024-05-03 15:17:15.208: 162 avg_reward: 595.0
2024-05-03 15:17:15.208: 162 avg_steps: 1813.25
2024-05-03 15:17:15.209: 162 epsilon: 0.1
2024-05-03 15:36:29.865: 163 test start:
2024-05-03 15:37:17.183: 163 avg_reward: 440.0
2024-05-03 15:37:17.183: 163 avg_steps: 1398.0
2024-05-03 15:37:17.183: 163 epsilon: 0.1
2024-05-03 15:56:05.358: 164 test start:
2024-05-03 15:56:57.162: 164 avg_reward: 555.0
2024-05-03 15:56:57.162: 164 avg_steps: 1489.7
2024-05-03 15:56:57.162: 164 epsilon: 0.1
2024-05-03 16:15:53.332: 165 test start:
2024-05-03 16:16:36.170: 165 avg_reward: 530.0
2024-05-03 16:16:36.170: 165 avg_steps: 1261.35
2024-05-03 16:16:36.170: 165 epsilon: 0.1
2024-05-03 16:35:54.056: 166 test start:
2024-05-03 16:36:14.993: 166 avg_reward: 195.0
2024-05-03 16:36:14.993: 166 avg_steps: 612.55
2024-05-03 16:36:14.993: 166 epsilon: 0.1
2024-05-03 16:54:53.044: 167 test start:
2024-05-03 16:55:49.028: 167 avg_reward: 460.0
2024-05-03 16:55:49.028: 167 avg_steps: 1615.7
2024-05-03 16:55:49.028: 167 epsilon: 0.1
2024-05-03 17:15:04.844: 168 test start:
2024-05-03 17:15:49.067: 168 avg_reward: 435.0
2024-05-03 17:15:49.067: 168 avg_steps: 1261.6
2024-05-03 17:15:49.067: 168 epsilon: 0.1
2024-05-03 17:34:25.327: 169 test start:
2024-05-03 17:35:09.433: 169 avg_reward: 575.0
2024-05-03 17:35:09.433: 169 avg_steps: 1277.6
2024-05-03 17:35:09.433: 169 epsilon: 0.1
2024-05-03 17:54:25.410: 170 test start:
2024-05-03 17:55:21.218: 170 avg_reward: 365.0
2024-05-03 17:55:21.218: 170 avg_steps: 1642.85
2024-05-03 17:55:21.218: 170 epsilon: 0.1
2024-05-03 18:13:55.828: 171 test start:
2024-05-03 18:14:37.166: 171 avg_reward: 340.0
2024-05-03 18:14:37.166: 171 avg_steps: 1186.9
2024-05-03 18:14:37.166: 171 epsilon: 0.1
2024-05-03 18:33:52.167: 172 test start:
2024-05-03 18:34:27.609: 172 avg_reward: 375.0
2024-05-03 18:34:27.609: 172 avg_steps: 1042.6
2024-05-03 18:34:27.609: 172 epsilon: 0.1
2024-05-03 18:53:33.840: 173 test start:
2024-05-03 18:53:57.661: 173 avg_reward: 230.0
2024-05-03 18:53:57.661: 173 avg_steps: 676.25
2024-05-03 18:53:57.661: 173 epsilon: 0.1
2024-05-03 19:12:45.171: 174 test start:
2024-05-03 19:13:22.850: 174 avg_reward: 405.0
2024-05-03 19:13:22.851: 174 avg_steps: 1087.85
2024-05-03 19:13:22.851: 174 epsilon: 0.1
2024-05-03 19:32:11.528: 175 test start:
2024-05-03 19:32:40.688: 175 avg_reward: 430.0
2024-05-03 19:32:40.688: 175 avg_steps: 855.4
2024-05-03 19:32:40.688: 175 epsilon: 0.1
2024-05-03 19:51:59.125: 176 test start:
2024-05-03 19:52:22.590: 176 avg_reward: 320.0
2024-05-03 19:52:22.590: 176 avg_steps: 679.15
2024-05-03 19:52:22.590: 176 epsilon: 0.1
2024-05-03 20:11:14.974: 177 test start:
2024-05-03 20:11:50.586: 177 avg_reward: 400.0
2024-05-03 20:11:50.586: 177 avg_steps: 1061.85
2024-05-03 20:11:50.586: 177 epsilon: 0.1
2024-05-03 20:30:27.116: 178 test start:
2024-05-03 20:31:08.617: 178 avg_reward: 525.0
2024-05-03 20:31:08.617: 178 avg_steps: 1190.9
2024-05-03 20:31:08.617: 178 epsilon: 0.1
2024-05-03 20:50:18.017: 179 test start:
2024-05-03 20:50:50.721: 179 avg_reward: 365.0
2024-05-03 20:50:50.721: 179 avg_steps: 957.6
2024-05-03 20:50:50.721: 179 epsilon: 0.1
2024-05-03 21:09:50.842: 180 test start:
2024-05-03 21:10:20.594: 180 avg_reward: 510.0
2024-05-03 21:10:20.595: 180 avg_steps: 864.05
2024-05-03 21:10:20.595: 180 epsilon: 0.1
2024-05-03 21:29:13.234: 181 test start:
2024-05-03 21:29:50.069: 181 avg_reward: 455.0
2024-05-03 21:29:50.069: 181 avg_steps: 1052.8
2024-05-03 21:29:50.069: 181 epsilon: 0.1
2024-05-03 21:48:59.958: 182 test start:
2024-05-03 21:49:45.238: 182 avg_reward: 410.0
2024-05-03 21:49:45.238: 182 avg_steps: 1292.7
2024-05-03 21:49:45.238: 182 epsilon: 0.1
2024-05-03 22:08:24.278: 183 test start:
2024-05-03 22:09:11.922: 183 avg_reward: 465.0
2024-05-03 22:09:11.923: 183 avg_steps: 1393.65
2024-05-03 22:09:11.923: 183 epsilon: 0.1
2024-05-03 22:28:37.357: 184 test start:
2024-05-03 22:29:28.505: 184 avg_reward: 390.0
2024-05-03 22:29:28.505: 184 avg_steps: 1497.25
2024-05-03 22:29:28.506: 184 epsilon: 0.1
2024-05-03 22:48:25.502: 185 test start:
2024-05-03 22:48:39.620: 185 avg_reward: 125.0
2024-05-03 22:48:39.620: 185 avg_steps: 403.8
2024-05-03 22:48:39.620: 185 epsilon: 0.1
2024-05-03 23:07:20.500: 186 test start:
2024-05-03 23:08:02.157: 186 avg_reward: 370.0
2024-05-03 23:08:02.157: 186 avg_steps: 1216.55
2024-05-03 23:08:02.157: 186 epsilon: 0.1
2024-05-03 23:27:14.986: 187 test start:
2024-05-03 23:27:49.648: 187 avg_reward: 410.0
2024-05-03 23:27:49.649: 187 avg_steps: 1006.05
2024-05-03 23:27:49.649: 187 epsilon: 0.1
2024-05-03 23:46:31.238: 188 test start:
2024-05-03 23:47:11.002: 188 avg_reward: 345.0
2024-05-03 23:47:11.002: 188 avg_steps: 1163.85
2024-05-03 23:47:11.002: 188 epsilon: 0.1
2024-05-04 00:06:22.960: 189 test start:
2024-05-04 00:07:02.379: 189 avg_reward: 600.0
2024-05-04 00:07:02.379: 189 avg_steps: 1151.95
2024-05-04 00:07:02.379: 189 epsilon: 0.1
2024-05-04 00:26:01.166: 190 test start:
2024-05-04 00:27:04.090: 190 avg_reward: 480.0
2024-05-04 00:27:04.090: 190 avg_steps: 1832.9
2024-05-04 00:27:04.091: 190 epsilon: 0.1
2024-05-04 00:46:03.138: 191 test start:
2024-05-04 00:46:49.714: 191 avg_reward: 405.0
2024-05-04 00:46:49.714: 191 avg_steps: 1369.45
2024-05-04 00:46:49.714: 191 epsilon: 0.1
2024-05-04 01:05:56.389: 192 test start:
2024-05-04 01:06:37.282: 192 avg_reward: 335.0
2024-05-04 01:06:37.282: 192 avg_steps: 1168.9
2024-05-04 01:06:37.282: 192 epsilon: 0.1
2024-05-04 01:25:27.364: 193 test start:
2024-05-04 01:25:54.150: 193 avg_reward: 280.0
2024-05-04 01:25:54.150: 193 avg_steps: 785.65
2024-05-04 01:25:54.150: 193 epsilon: 0.1
2024-05-04 01:45:00.110: 194 test start:
2024-05-04 01:45:22.976: 194 avg_reward: 205.0
2024-05-04 01:45:22.976: 194 avg_steps: 653.85
2024-05-04 01:45:22.976: 194 epsilon: 0.1
2024-05-04 02:04:12.080: 195 test start:
2024-05-04 02:04:39.359: 195 avg_reward: 220.0
2024-05-04 02:04:39.359: 195 avg_steps: 798.25
2024-05-04 02:04:39.359: 195 epsilon: 0.1
2024-05-04 02:23:38.777: 196 test start:
2024-05-04 02:24:23.608: 196 avg_reward: 385.0
2024-05-04 02:24:23.609: 196 avg_steps: 1312.1
2024-05-04 02:24:23.609: 196 epsilon: 0.1
2024-05-04 02:43:19.489: 197 test start:
2024-05-04 02:44:03.530: 197 avg_reward: 340.0
2024-05-04 02:44:03.530: 197 avg_steps: 1278.5
2024-05-04 02:44:03.530: 197 epsilon: 0.1
2024-05-04 03:03:29.786: 198 test start:
2024-05-04 03:04:13.232: 198 avg_reward: 435.0
2024-05-04 03:04:13.233: 198 avg_steps: 1274.85
2024-05-04 03:04:13.233: 198 epsilon: 0.1
2024-05-04 03:23:26.683: 199 test start:
2024-05-04 03:23:50.593: 199 avg_reward: 340.0
2024-05-04 03:23:50.593: 199 avg_steps: 677.5
2024-05-04 03:23:50.593: 199 epsilon: 0.1
2024-05-04 03:42:11.630: 200 test start:
2024-05-04 03:42:25.373: 200 avg_reward: 135.0
2024-05-04 03:42:25.373: 200 avg_steps: 400.25
2024-05-04 03:42:25.373: 200 epsilon: 0.1
2024-05-04 04:01:31.092: 201 test start:
2024-05-04 04:02:16.102: 201 avg_reward: 395.0
2024-05-04 04:02:16.102: 201 avg_steps: 1323.95
2024-05-04 04:02:16.102: 201 epsilon: 0.1
2024-05-04 04:21:22.563: 202 test start:
2024-05-04 04:21:45.468: 202 avg_reward: 210.0
2024-05-04 04:21:45.468: 202 avg_steps: 653.0
2024-05-04 04:21:45.468: 202 epsilon: 0.1
2024-05-04 04:40:39.170: 203 test start:
2024-05-04 04:41:16.375: 203 avg_reward: 335.0
2024-05-04 04:41:16.375: 203 avg_steps: 1101.4
2024-05-04 04:41:16.375: 203 epsilon: 0.1
2024-05-04 05:00:25.635: 204 test start:
2024-05-04 05:01:04.450: 204 avg_reward: 405.0
2024-05-04 05:01:04.450: 204 avg_steps: 1119.95
2024-05-04 05:01:04.450: 204 epsilon: 0.1
2024-05-04 05:20:08.793: 205 test start:
2024-05-04 05:20:48.984: 205 avg_reward: 350.0
2024-05-04 05:20:48.984: 205 avg_steps: 1169.45
2024-05-04 05:20:48.984: 205 epsilon: 0.1
2024-05-04 05:39:55.070: 206 test start:
2024-05-04 05:40:35.987: 206 avg_reward: 450.0
2024-05-04 05:40:35.987: 206 avg_steps: 1170.7
2024-05-04 05:40:35.987: 206 epsilon: 0.1
2024-05-04 05:59:31.728: 207 test start:
2024-05-04 05:59:49.061: 207 avg_reward: 165.0
2024-05-04 05:59:49.061: 207 avg_steps: 494.95
2024-05-04 05:59:49.061: 207 epsilon: 0.1
2024-05-04 06:19:02.127: 208 test start:
2024-05-04 06:19:30.548: 208 avg_reward: 250.0
2024-05-04 06:19:30.548: 208 avg_steps: 826.5
2024-05-04 06:19:30.548: 208 epsilon: 0.1
2024-05-04 06:38:31.232: 209 test start:
2024-05-04 06:39:05.654: 209 avg_reward: 355.0
2024-05-04 06:39:05.654: 209 avg_steps: 975.95
2024-05-04 06:39:05.654: 209 epsilon: 0.1
2024-05-04 06:58:20.758: 210 test start:
2024-05-04 06:58:37.545: 210 avg_reward: 210.0
2024-05-04 06:58:37.546: 210 avg_steps: 486.1
2024-05-04 06:58:37.546: 210 epsilon: 0.1
2024-05-04 07:17:56.556: 211 test start:
2024-05-04 07:18:25.983: 211 avg_reward: 270.0
2024-05-04 07:18:25.983: 211 avg_steps: 850.75
2024-05-04 07:18:25.983: 211 epsilon: 0.1
2024-05-04 07:37:11.328: 212 test start:
2024-05-04 07:37:41.327: 212 avg_reward: 445.0
2024-05-04 07:37:41.327: 212 avg_steps: 884.15
2024-05-04 07:37:41.327: 212 epsilon: 0.1
2024-05-04 07:56:40.195: 213 test start:
2024-05-04 07:57:11.070: 213 avg_reward: 235.0
2024-05-04 07:57:11.070: 213 avg_steps: 897.35
2024-05-04 07:57:11.070: 213 epsilon: 0.1
2024-05-04 08:16:15.189: 214 test start:
2024-05-04 08:16:51.176: 214 avg_reward: 270.0
2024-05-04 08:16:51.176: 214 avg_steps: 1021.45
2024-05-04 08:16:51.176: 214 epsilon: 0.1
2024-05-04 08:35:59.077: 215 test start:
2024-05-04 08:36:32.769: 215 avg_reward: 465.0
2024-05-04 08:36:32.769: 215 avg_steps: 960.45
2024-05-04 08:36:32.769: 215 epsilon: 0.1
2024-05-04 08:55:59.079: 216 test start:
2024-05-04 08:56:38.959: 216 avg_reward: 310.0
2024-05-04 08:56:38.959: 216 avg_steps: 1154.95
2024-05-04 08:56:38.959: 216 epsilon: 0.1
2024-05-04 09:15:38.518: 217 test start:
2024-05-04 09:16:11.170: 217 avg_reward: 245.0
2024-05-04 09:16:11.171: 217 avg_steps: 950.6
2024-05-04 09:16:11.171: 217 epsilon: 0.1
2024-05-04 09:35:05.036: 218 test start:
2024-05-04 09:35:38.659: 218 avg_reward: 350.0
2024-05-04 09:35:38.659: 218 avg_steps: 955.8
2024-05-04 09:35:38.659: 218 epsilon: 0.1
