2024-10-16 05:04:20.861: 
parameters:agent_test_episodes: 20
batch_num_per_epoch: 250000
device: cuda:0
env_name: ALE/Kangaroo-v5
epsilon_for_test: 0.05
epsilon_max: 1.0
epsilon_min: 0.1
exp_name: ALE-Kangaroo-v5_2024-10-16-05-04-20
exp_path: ../exps/dqn/
exploration_steps: 1000000
gamma: 0.99
held_out_states_num: 1000
learning_rate: 0.00025
mini_batch_size: 32
model_update_freq: 4
n_times: 5
no_op_max: 30
phi_channel: 4
replay_buffer_size: 1000000
replay_start_size: 50000
save_model: true
screen_size: 84
seed: 0
skip_k_frame: 4
step_c: 10000
training_steps: 50000000

2024-10-16 05:04:20.921: env id: ALE/Kangaroo-v5 |repeat_action_probability: 0 
2024-10-16 05:04:20.921: screen_size: 84 | grayscale_obs:True 
scale_obs:False | action space size: 18
remove flickering: True | frame skip: 4
state space shape: (210, 160, 3) 
2024-10-16 05:04:20.939: optimizer: RMSprop (
Parameter Group 0
    alpha: 0.95
    centered: False
    differentiable: False
    eps: 0.01
    foreach: None
    lr: 0.00025
    maximize: False
    momentum: 0
    weight_decay: 0
)
2024-10-16 05:13:50.144: 1 test start:
2024-10-16 05:14:01.148: 1 avg_reward: 408.0
2024-10-16 05:14:01.311: 1 avg_steps: 578.0
2024-10-16 05:14:01.312: 1 epsilon: 0.8199567999999999
2024-10-16 05:14:01.312: 1 q: 0.043819096
2024-10-16 05:24:34.333: 2 test start:
2024-10-16 05:24:41.757: 2 avg_reward: 18.0
2024-10-16 05:24:41.757: 2 avg_steps: 381.6
2024-10-16 05:24:41.757: 2 epsilon: 0.594811
2024-10-16 05:24:41.757: 2 q: 0.05605867
2024-10-16 05:35:12.646: 3 test start:
2024-10-16 05:35:20.447: 3 avg_reward: 28.0
2024-10-16 05:35:20.447: 3 avg_steps: 397.8
2024-10-16 05:35:20.447: 3 epsilon: 0.36999189999999993
2024-10-16 05:35:20.447: 3 q: 0.07857785
2024-10-16 05:45:42.199: 4 test start:
2024-10-16 05:45:49.245: 4 avg_reward: 18.0
2024-10-16 05:45:49.245: 4 avg_steps: 365.45
2024-10-16 05:45:49.245: 4 epsilon: 0.14497209999999994
2024-10-16 05:45:49.245: 4 q: 0.09036113
2024-10-16 05:56:21.182: 5 test start:
2024-10-16 05:56:30.882: 5 avg_reward: 368.0
2024-10-16 05:56:30.882: 5 avg_steps: 504.2
2024-10-16 05:56:30.882: 5 epsilon: 0.1
2024-10-16 05:56:30.882: 5 q: 0.09651306
2024-10-16 06:07:02.010: 6 test start:
2024-10-16 06:07:11.856: 6 avg_reward: 28.0
2024-10-16 06:07:11.857: 6 avg_steps: 520.6
2024-10-16 06:07:11.857: 6 epsilon: 0.1
2024-10-16 06:07:11.857: 6 q: 0.11958217
2024-10-16 06:17:36.146: 7 test start:
2024-10-16 06:17:43.776: 7 avg_reward: -2.0
2024-10-16 06:17:43.777: 7 avg_steps: 394.55
2024-10-16 06:17:43.777: 7 epsilon: 0.1
2024-10-16 06:17:43.777: 7 q: 0.14772654
2024-10-16 06:28:16.146: 8 test start:
2024-10-16 06:28:23.075: 8 avg_reward: 38.0
2024-10-16 06:28:23.075: 8 avg_steps: 357.2
2024-10-16 06:28:23.075: 8 epsilon: 0.1
2024-10-16 06:28:23.075: 8 q: 0.1805068
2024-10-16 06:38:59.852: 9 test start:
2024-10-16 06:39:09.198: 9 avg_reward: 408.0
2024-10-16 06:39:09.199: 9 avg_steps: 489.25
2024-10-16 06:39:09.199: 9 epsilon: 0.1
2024-10-16 06:39:09.199: 9 q: 0.23720525
2024-10-16 06:49:49.555: 10 test start:
2024-10-16 06:49:56.775: 10 avg_reward: 8.0
2024-10-16 06:49:56.775: 10 avg_steps: 367.65
2024-10-16 06:49:56.775: 10 epsilon: 0.1
2024-10-16 06:49:56.775: 10 q: 0.25880218
2024-10-16 07:00:33.676: 11 test start:
2024-10-16 07:00:42.532: 11 avg_reward: 8.0
2024-10-16 07:00:42.533: 11 avg_steps: 452.35
2024-10-16 07:00:42.533: 11 epsilon: 0.1
2024-10-16 07:00:42.533: 11 q: 0.30907765
2024-10-16 07:11:20.407: 12 test start:
2024-10-16 07:11:31.676: 12 avg_reward: 368.0
2024-10-16 07:11:31.676: 12 avg_steps: 569.5
2024-10-16 07:11:31.676: 12 epsilon: 0.1
2024-10-16 07:11:31.676: 12 q: 0.35189584
2024-10-16 07:22:08.555: 13 test start:
2024-10-16 07:22:18.598: 13 avg_reward: 238.0
2024-10-16 07:22:18.598: 13 avg_steps: 501.0
2024-10-16 07:22:18.598: 13 epsilon: 0.1
2024-10-16 07:22:18.598: 13 q: 0.43234715
2024-10-16 07:32:53.991: 14 test start:
2024-10-16 07:33:03.026: 14 avg_reward: 178.0
2024-10-16 07:33:03.027: 14 avg_steps: 458.8
2024-10-16 07:33:03.027: 14 epsilon: 0.1
2024-10-16 07:33:03.027: 14 q: 0.42841503
2024-10-16 07:43:39.648: 15 test start:
2024-10-16 07:43:50.320: 15 avg_reward: 548.0
2024-10-16 07:43:50.320: 15 avg_steps: 537.15
2024-10-16 07:43:50.320: 15 epsilon: 0.1
2024-10-16 07:43:50.320: 15 q: 0.45422
2024-10-16 07:54:26.310: 16 test start:
2024-10-16 07:54:35.482: 16 avg_reward: 288.0
2024-10-16 07:54:35.482: 16 avg_steps: 452.05
2024-10-16 07:54:35.483: 16 epsilon: 0.1
2024-10-16 07:54:35.483: 16 q: 0.48093975
2024-10-16 08:05:12.685: 17 test start:
2024-10-16 08:05:19.356: 17 avg_reward: -2.0
2024-10-16 08:05:19.356: 17 avg_steps: 326.7
2024-10-16 08:05:19.356: 17 epsilon: 0.1
2024-10-16 08:05:19.356: 17 q: 0.5003022
2024-10-16 08:15:54.817: 18 test start:
2024-10-16 08:16:01.488: 18 avg_reward: -2.0
2024-10-16 08:16:01.488: 18 avg_steps: 331.0
2024-10-16 08:16:01.488: 18 epsilon: 0.1
2024-10-16 08:16:01.488: 18 q: 0.54215354
2024-10-16 08:26:40.147: 19 test start:
2024-10-16 08:26:45.890: 19 avg_reward: 8.0
2024-10-16 08:26:45.890: 19 avg_steps: 283.25
2024-10-16 08:26:45.890: 19 epsilon: 0.1
2024-10-16 08:26:45.890: 19 q: 0.60371244
2024-10-16 08:37:23.257: 20 test start:
2024-10-16 08:37:30.218: 20 avg_reward: 68.0
2024-10-16 08:37:30.218: 20 avg_steps: 351.2
2024-10-16 08:37:30.218: 20 epsilon: 0.1
2024-10-16 08:37:30.218: 20 q: 0.6602878
2024-10-16 08:48:06.276: 21 test start:
2024-10-16 08:48:13.496: 21 avg_reward: 38.0
2024-10-16 08:48:13.496: 21 avg_steps: 363.75
2024-10-16 08:48:13.496: 21 epsilon: 0.1
2024-10-16 08:48:13.496: 21 q: 0.6768461
2024-10-16 08:58:52.491: 22 test start:
2024-10-16 08:59:05.293: 22 avg_reward: 928.0
2024-10-16 08:59:05.293: 22 avg_steps: 645.45
2024-10-16 08:59:05.293: 22 epsilon: 0.1
2024-10-16 08:59:05.293: 22 q: 0.7054702
2024-10-16 09:09:41.149: 23 test start:
2024-10-16 09:09:55.511: 23 avg_reward: 1158.0
2024-10-16 09:09:55.511: 23 avg_steps: 741.95
2024-10-16 09:09:55.511: 23 epsilon: 0.1
2024-10-16 09:09:55.511: 23 q: 0.72761863
2024-10-16 09:20:36.444: 24 test start:
2024-10-16 09:20:49.241: 24 avg_reward: 748.0
2024-10-16 09:20:49.241: 24 avg_steps: 631.1
2024-10-16 09:20:49.241: 24 epsilon: 0.1
2024-10-16 09:20:49.241: 24 q: 0.7644285
2024-10-16 09:31:27.886: 25 test start:
2024-10-16 09:31:45.257: 25 avg_reward: 1388.0
2024-10-16 09:31:45.257: 25 avg_steps: 835.85
2024-10-16 09:31:45.257: 25 epsilon: 0.1
2024-10-16 09:31:45.257: 25 q: 0.75048405
2024-10-16 09:42:23.482: 26 test start:
2024-10-16 09:42:36.135: 26 avg_reward: 538.0
2024-10-16 09:42:36.135: 26 avg_steps: 615.9
2024-10-16 09:42:36.135: 26 epsilon: 0.1
2024-10-16 09:42:36.135: 26 q: 0.77276385
2024-10-16 09:53:06.166: 27 test start:
2024-10-16 09:53:21.801: 27 avg_reward: 1268.0
2024-10-16 09:53:21.801: 27 avg_steps: 785.9
2024-10-16 09:53:21.801: 27 epsilon: 0.1
2024-10-16 09:53:21.801: 27 q: 0.7672784
2024-10-16 10:03:49.146: 28 test start:
2024-10-16 10:04:06.017: 28 avg_reward: 1168.0
2024-10-16 10:04:06.017: 28 avg_steps: 818.7
2024-10-16 10:04:06.017: 28 epsilon: 0.1
2024-10-16 10:04:06.017: 28 q: 0.7571863
2024-10-16 10:14:46.080: 29 test start:
2024-10-16 10:15:03.652: 29 avg_reward: 1468.0
2024-10-16 10:15:03.652: 29 avg_steps: 851.65
2024-10-16 10:15:03.652: 29 epsilon: 0.1
2024-10-16 10:15:03.652: 29 q: 0.7745244
2024-10-16 10:25:43.002: 30 test start:
2024-10-16 10:25:54.337: 30 avg_reward: 668.0
2024-10-16 10:25:54.337: 30 avg_steps: 549.75
2024-10-16 10:25:54.337: 30 epsilon: 0.1
2024-10-16 10:25:54.337: 30 q: 0.79533994
2024-10-16 10:36:34.027: 31 test start:
2024-10-16 10:36:49.813: 31 avg_reward: 1188.0
2024-10-16 10:36:49.814: 31 avg_steps: 768.45
2024-10-16 10:36:49.814: 31 epsilon: 0.1
2024-10-16 10:36:49.814: 31 q: 0.7768429
2024-10-16 10:47:26.560: 32 test start:
2024-10-16 10:47:42.258: 32 avg_reward: 1358.0
2024-10-16 10:47:42.259: 32 avg_steps: 769.8
2024-10-16 10:47:42.264: 32 epsilon: 0.1
2024-10-16 10:47:42.264: 32 q: 0.7878269
2024-10-16 10:58:19.798: 33 test start:
2024-10-16 10:58:40.151: 33 avg_reward: 1888.0
2024-10-16 10:58:40.151: 33 avg_steps: 982.65
2024-10-16 10:58:40.151: 33 epsilon: 0.1
2024-10-16 10:58:40.151: 33 q: 0.794296
2024-10-16 11:09:19.929: 34 test start:
2024-10-16 11:09:38.311: 34 avg_reward: 1768.0
2024-10-16 11:09:38.312: 34 avg_steps: 895.7
2024-10-16 11:09:38.317: 34 epsilon: 0.1
2024-10-16 11:09:38.317: 34 q: 0.8089483
2024-10-16 11:20:10.058: 35 test start:
2024-10-16 11:20:24.764: 35 avg_reward: 1128.0
2024-10-16 11:20:24.764: 35 avg_steps: 719.55
2024-10-16 11:20:24.764: 35 epsilon: 0.1
2024-10-16 11:20:24.764: 35 q: 0.7709504
2024-10-16 11:31:03.435: 36 test start:
2024-10-16 11:31:15.916: 36 avg_reward: 728.0
2024-10-16 11:31:15.916: 36 avg_steps: 605.55
2024-10-16 11:31:15.916: 36 epsilon: 0.1
2024-10-16 11:31:15.916: 36 q: 0.7877184
2024-10-16 11:41:56.953: 37 test start:
2024-10-16 11:42:17.446: 37 avg_reward: 2058.0
2024-10-16 11:42:17.446: 37 avg_steps: 996.55
2024-10-16 11:42:17.446: 37 epsilon: 0.1
2024-10-16 11:42:17.446: 37 q: 0.8056728
2024-10-16 11:52:58.001: 38 test start:
2024-10-16 11:53:12.070: 38 avg_reward: 958.0
2024-10-16 11:53:12.071: 38 avg_steps: 675.7
2024-10-16 11:53:12.071: 38 epsilon: 0.1
2024-10-16 11:53:12.071: 38 q: 0.78987193
2024-10-16 12:03:58.566: 39 test start:
2024-10-16 12:04:17.672: 39 avg_reward: 1768.0
2024-10-16 12:04:17.672: 39 avg_steps: 932.15
2024-10-16 12:04:17.672: 39 epsilon: 0.1
2024-10-16 12:04:17.672: 39 q: 0.81771165
2024-10-16 12:14:59.237: 40 test start:
2024-10-16 12:15:14.487: 40 avg_reward: 1148.0
2024-10-16 12:15:14.487: 40 avg_steps: 732.85
2024-10-16 12:15:14.487: 40 epsilon: 0.1
2024-10-16 12:15:14.487: 40 q: 0.83406675
2024-10-16 12:25:57.080: 41 test start:
2024-10-16 12:26:14.589: 41 avg_reward: 1518.0
2024-10-16 12:26:14.589: 41 avg_steps: 846.4
2024-10-16 12:26:14.589: 41 epsilon: 0.1
2024-10-16 12:26:14.589: 41 q: 0.84157604
2024-10-16 12:36:54.076: 42 test start:
2024-10-16 12:37:13.912: 42 avg_reward: 1838.0
2024-10-16 12:37:13.913: 42 avg_steps: 959.2
2024-10-16 12:37:13.913: 42 epsilon: 0.1
2024-10-16 12:37:13.913: 42 q: 0.8554131
2024-10-16 12:47:56.668: 43 test start:
2024-10-16 12:48:19.660: 43 avg_reward: 2538.0
2024-10-16 12:48:19.660: 43 avg_steps: 1150.5
2024-10-16 12:48:19.660: 43 epsilon: 0.1
2024-10-16 12:48:19.660: 43 q: 0.8523245
2024-10-16 12:59:02.801: 44 test start:
2024-10-16 12:59:21.962: 44 avg_reward: 1938.0
2024-10-16 12:59:21.963: 44 avg_steps: 976.65
2024-10-16 12:59:21.963: 44 epsilon: 0.1
2024-10-16 12:59:21.963: 44 q: 0.87595254
2024-10-16 13:10:02.336: 45 test start:
2024-10-16 13:10:24.655: 45 avg_reward: 2098.0
2024-10-16 13:10:24.655: 45 avg_steps: 1108.9
2024-10-16 13:10:24.660: 45 epsilon: 0.1
2024-10-16 13:10:24.661: 45 q: 0.86544997
2024-10-16 13:21:03.558: 46 test start:
2024-10-16 13:21:22.216: 46 avg_reward: 1668.0
2024-10-16 13:21:22.216: 46 avg_steps: 905.65
2024-10-16 13:21:22.217: 46 epsilon: 0.1
2024-10-16 13:21:22.217: 46 q: 0.91245276
2024-10-16 13:32:01.042: 47 test start:
2024-10-16 13:32:28.370: 47 avg_reward: 3008.0
2024-10-16 13:32:28.370: 47 avg_steps: 1324.75
2024-10-16 13:32:28.370: 47 epsilon: 0.1
2024-10-16 13:32:28.370: 47 q: 0.9030601
2024-10-16 13:43:06.030: 48 test start:
2024-10-16 13:43:25.068: 48 avg_reward: 1718.0
2024-10-16 13:43:25.069: 48 avg_steps: 918.25
2024-10-16 13:43:25.069: 48 epsilon: 0.1
2024-10-16 13:43:25.069: 48 q: 0.90856385
2024-10-16 13:54:02.964: 49 test start:
2024-10-16 13:54:20.612: 49 avg_reward: 1568.0
2024-10-16 13:54:20.613: 49 avg_steps: 852.35
2024-10-16 13:54:20.613: 49 epsilon: 0.1
2024-10-16 13:54:20.613: 49 q: 0.9229652
2024-10-16 14:05:02.977: 50 test start:
2024-10-16 14:05:20.995: 50 avg_reward: 1628.0
2024-10-16 14:05:20.995: 50 avg_steps: 886.4
2024-10-16 14:05:21.001: 50 epsilon: 0.1
2024-10-16 14:05:21.001: 50 q: 0.88798994
2024-10-16 14:15:59.881: 51 test start:
2024-10-16 14:16:19.052: 51 avg_reward: 1838.0
2024-10-16 14:16:19.053: 51 avg_steps: 948.4
2024-10-16 14:16:19.053: 51 epsilon: 0.1
2024-10-16 14:16:19.053: 51 q: 0.87316674
2024-10-16 14:27:01.082: 52 test start:
2024-10-16 14:27:19.464: 52 avg_reward: 1728.0
2024-10-16 14:27:19.464: 52 avg_steps: 900.45
2024-10-16 14:27:19.464: 52 epsilon: 0.1
2024-10-16 14:27:19.464: 52 q: 0.9128969
2024-10-16 14:38:00.475: 53 test start:
2024-10-16 14:38:16.882: 53 avg_reward: 1468.0
2024-10-16 14:38:16.882: 53 avg_steps: 804.7
2024-10-16 14:38:16.882: 53 epsilon: 0.1
2024-10-16 14:38:16.882: 53 q: 0.907332
2024-10-16 14:48:54.917: 54 test start:
2024-10-16 14:49:13.851: 54 avg_reward: 1828.0
2024-10-16 14:49:13.851: 54 avg_steps: 938.45
2024-10-16 14:49:13.851: 54 epsilon: 0.1
2024-10-16 14:49:13.851: 54 q: 0.9389715
2024-10-16 14:59:54.531: 55 test start:
2024-10-16 15:00:10.899: 55 avg_reward: 1398.0
2024-10-16 15:00:10.899: 55 avg_steps: 804.85
2024-10-16 15:00:10.899: 55 epsilon: 0.1
2024-10-16 15:00:10.899: 55 q: 0.9510455
2024-10-16 15:10:46.448: 56 test start:
2024-10-16 15:11:00.950: 56 avg_reward: 1078.0
2024-10-16 15:11:00.950: 56 avg_steps: 742.65
2024-10-16 15:11:00.950: 56 epsilon: 0.1
2024-10-16 15:11:00.950: 56 q: 0.93129563
2024-10-16 15:21:35.014: 57 test start:
2024-10-16 15:21:54.973: 57 avg_reward: 1928.0
2024-10-16 15:21:54.973: 57 avg_steps: 984.25
2024-10-16 15:21:54.973: 57 epsilon: 0.1
2024-10-16 15:21:54.973: 57 q: 0.94955254
2024-10-16 15:32:35.227: 58 test start:
2024-10-16 15:32:54.271: 58 avg_reward: 1818.0
2024-10-16 15:32:54.271: 58 avg_steps: 934.75
2024-10-16 15:32:54.271: 58 epsilon: 0.1
2024-10-16 15:32:54.271: 58 q: 0.90781516
2024-10-16 15:43:36.580: 59 test start:
2024-10-16 15:43:56.596: 59 avg_reward: 1978.0
2024-10-16 15:43:56.596: 59 avg_steps: 980.55
2024-10-16 15:43:56.597: 59 epsilon: 0.1
2024-10-16 15:43:56.597: 59 q: 0.93483126
2024-10-16 15:54:35.099: 60 test start:
2024-10-16 15:54:50.630: 60 avg_reward: 1228.0
2024-10-16 15:54:50.631: 60 avg_steps: 766.65
2024-10-16 15:54:50.631: 60 epsilon: 0.1
2024-10-16 15:54:50.631: 60 q: 0.937553
2024-10-16 16:05:04.991: 61 test start:
2024-10-16 16:05:23.076: 61 avg_reward: 1608.0
2024-10-16 16:05:23.076: 61 avg_steps: 881.55
2024-10-16 16:05:23.076: 61 epsilon: 0.1
2024-10-16 16:05:23.076: 61 q: 0.9580375
2024-10-16 16:16:04.315: 62 test start:
2024-10-16 16:16:19.552: 62 avg_reward: 1358.0
2024-10-16 16:16:19.553: 62 avg_steps: 802.7
2024-10-16 16:16:19.553: 62 epsilon: 0.1
2024-10-16 16:16:19.553: 62 q: 0.9873751
2024-10-16 16:26:59.903: 63 test start:
2024-10-16 16:27:18.797: 63 avg_reward: 1858.0
2024-10-16 16:27:18.798: 63 avg_steps: 962.05
2024-10-16 16:27:18.798: 63 epsilon: 0.1
2024-10-16 16:27:18.798: 63 q: 0.9673525
2024-10-16 16:37:59.110: 64 test start:
2024-10-16 16:38:20.417: 64 avg_reward: 2358.0
2024-10-16 16:38:20.417: 64 avg_steps: 1095.95
2024-10-16 16:38:20.417: 64 epsilon: 0.1
2024-10-16 16:38:20.417: 64 q: 0.99519724
2024-10-16 16:49:00.365: 65 test start:
2024-10-16 16:49:19.751: 65 avg_reward: 1928.0
2024-10-16 16:49:19.751: 65 avg_steps: 953.5
2024-10-16 16:49:19.756: 65 epsilon: 0.1
2024-10-16 16:49:19.757: 65 q: 0.9647229
2024-10-16 16:59:26.155: 66 test start:
2024-10-16 16:59:43.398: 66 avg_reward: 1543.0
2024-10-16 16:59:43.398: 66 avg_steps: 866.5
2024-10-16 16:59:43.398: 66 epsilon: 0.1
2024-10-16 16:59:43.399: 66 q: 1.0035136
2024-10-16 17:10:24.585: 67 test start:
2024-10-16 17:10:42.081: 67 avg_reward: 1818.0
2024-10-16 17:10:42.081: 67 avg_steps: 925.9
2024-10-16 17:10:42.081: 67 epsilon: 0.1
2024-10-16 17:10:42.081: 67 q: 0.99905795
2024-10-16 17:21:23.425: 68 test start:
2024-10-16 17:21:41.056: 68 avg_reward: 1578.0
2024-10-16 17:21:41.057: 68 avg_steps: 877.6
2024-10-16 17:21:41.057: 68 epsilon: 0.1
2024-10-16 17:21:41.057: 68 q: 0.96634644
2024-10-16 17:31:49.572: 69 test start:
2024-10-16 17:32:09.105: 69 avg_reward: 1898.0
2024-10-16 17:32:09.106: 69 avg_steps: 978.3
2024-10-16 17:32:09.106: 69 epsilon: 0.1
2024-10-16 17:32:09.106: 69 q: 0.9379101
2024-10-16 17:42:45.473: 70 test start:
2024-10-16 17:43:04.600: 70 avg_reward: 1998.0
2024-10-16 17:43:04.600: 70 avg_steps: 985.7
2024-10-16 17:43:04.600: 70 epsilon: 0.1
2024-10-16 17:43:04.600: 70 q: 0.96878064
2024-10-16 17:53:35.827: 71 test start:
2024-10-16 17:54:00.950: 71 avg_reward: 2828.0
2024-10-16 17:54:00.950: 71 avg_steps: 1232.4
2024-10-16 17:54:00.950: 71 epsilon: 0.1
2024-10-16 17:54:00.950: 71 q: 0.96118796
2024-10-16 18:04:14.149: 72 test start:
2024-10-16 18:04:37.883: 72 avg_reward: 2683.0
2024-10-16 18:04:37.883: 72 avg_steps: 1204.2
2024-10-16 18:04:37.883: 72 epsilon: 0.1
2024-10-16 18:04:37.883: 72 q: 0.9825159
2024-10-16 18:15:23.322: 73 test start:
2024-10-16 18:15:47.891: 73 avg_reward: 2878.0
2024-10-16 18:15:47.891: 73 avg_steps: 1255.45
2024-10-16 18:15:47.891: 73 epsilon: 0.1
2024-10-16 18:15:47.891: 73 q: 0.9665781
2024-10-16 18:26:00.507: 74 test start:
2024-10-16 18:26:19.631: 74 avg_reward: 1898.0
2024-10-16 18:26:19.631: 74 avg_steps: 948.25
2024-10-16 18:26:19.631: 74 epsilon: 0.1
2024-10-16 18:26:19.631: 74 q: 0.9927982
2024-10-16 18:36:56.064: 75 test start:
2024-10-16 18:37:15.325: 75 avg_reward: 1858.0
2024-10-16 18:37:15.325: 75 avg_steps: 961.1
2024-10-16 18:37:15.325: 75 epsilon: 0.1
2024-10-16 18:37:15.325: 75 q: 0.99719805
2024-10-16 18:47:50.282: 76 test start:
2024-10-16 18:48:07.032: 76 avg_reward: 1558.0
2024-10-16 18:48:07.032: 76 avg_steps: 863.95
2024-10-16 18:48:07.032: 76 epsilon: 0.1
2024-10-16 18:48:07.032: 76 q: 0.9647585
2024-10-16 18:58:22.755: 77 test start:
2024-10-16 18:58:42.600: 77 avg_reward: 1938.0
2024-10-16 18:58:42.600: 77 avg_steps: 969.0
2024-10-16 18:58:42.600: 77 epsilon: 0.1
2024-10-16 18:58:42.600: 77 q: 0.9896399
2024-10-16 19:09:07.946: 78 test start:
2024-10-16 19:09:24.135: 78 avg_reward: 1098.0
2024-10-16 19:09:24.135: 78 avg_steps: 832.75
2024-10-16 19:09:24.135: 78 epsilon: 0.1
2024-10-16 19:09:24.135: 78 q: 0.9881929
2024-10-16 19:19:57.642: 79 test start:
2024-10-16 19:20:19.282: 79 avg_reward: 2238.0
2024-10-16 19:20:19.282: 79 avg_steps: 1073.2
2024-10-16 19:20:19.282: 79 epsilon: 0.1
2024-10-16 19:20:19.282: 79 q: 0.9557728
2024-10-16 19:30:30.903: 80 test start:
2024-10-16 19:30:51.085: 80 avg_reward: 2038.0
2024-10-16 19:30:51.086: 80 avg_steps: 998.4
2024-10-16 19:30:51.091: 80 epsilon: 0.1
2024-10-16 19:30:51.092: 80 q: 0.9655283
2024-10-16 19:41:32.835: 81 test start:
2024-10-16 19:41:51.936: 81 avg_reward: 1938.0
2024-10-16 19:41:51.936: 81 avg_steps: 978.05
2024-10-16 19:41:51.936: 81 epsilon: 0.1
2024-10-16 19:41:51.936: 81 q: 0.9956934
2024-10-16 19:52:04.117: 82 test start:
2024-10-16 19:52:20.973: 82 avg_reward: 1558.0
2024-10-16 19:52:20.973: 82 avg_steps: 844.5
2024-10-16 19:52:20.973: 82 epsilon: 0.1
2024-10-16 19:52:20.973: 82 q: 0.9767098
2024-10-16 20:02:48.796: 83 test start:
2024-10-16 20:03:04.030: 83 avg_reward: 1288.0
2024-10-16 20:03:04.030: 83 avg_steps: 787.7
2024-10-16 20:03:04.030: 83 epsilon: 0.1
2024-10-16 20:03:04.030: 83 q: 0.9434513
2024-10-16 20:13:30.907: 84 test start:
2024-10-16 20:13:49.842: 84 avg_reward: 1788.0
2024-10-16 20:13:49.842: 84 avg_steps: 933.25
2024-10-16 20:13:49.842: 84 epsilon: 0.1
2024-10-16 20:13:49.842: 84 q: 0.9732844
2024-10-16 20:24:06.933: 85 test start:
2024-10-16 20:24:23.674: 85 avg_reward: 1518.0
2024-10-16 20:24:23.674: 85 avg_steps: 854.45
2024-10-16 20:24:23.674: 85 epsilon: 0.1
2024-10-16 20:24:23.674: 85 q: 0.9515814
2024-10-16 20:34:54.466: 86 test start:
2024-10-16 20:35:11.538: 86 avg_reward: 1438.0
2024-10-16 20:35:11.538: 86 avg_steps: 840.8
2024-10-16 20:35:11.538: 86 epsilon: 0.1
2024-10-16 20:35:11.538: 86 q: 0.93037623
2024-10-16 20:45:21.858: 87 test start:
2024-10-16 20:45:37.991: 87 avg_reward: 1588.0
2024-10-16 20:45:37.991: 87 avg_steps: 877.15
2024-10-16 20:45:37.991: 87 epsilon: 0.1
2024-10-16 20:45:37.991: 87 q: 0.94514304
2024-10-16 20:56:24.708: 88 test start:
2024-10-16 20:56:41.369: 88 avg_reward: 1558.0
2024-10-16 20:56:41.369: 88 avg_steps: 859.3
2024-10-16 20:56:41.369: 88 epsilon: 0.1
2024-10-16 20:56:41.369: 88 q: 0.976436
2024-10-16 21:06:51.037: 89 test start:
2024-10-16 21:07:08.373: 89 avg_reward: 1568.0
2024-10-16 21:07:08.373: 89 avg_steps: 891.1
2024-10-16 21:07:08.373: 89 epsilon: 0.1
2024-10-16 21:07:08.373: 89 q: 0.9661602
2024-10-16 21:17:46.405: 90 test start:
2024-10-16 21:18:03.417: 90 avg_reward: 1588.0
2024-10-16 21:18:03.417: 90 avg_steps: 875.8
2024-10-16 21:18:03.417: 90 epsilon: 0.1
2024-10-16 21:18:03.417: 90 q: 1.0264158
2024-10-16 21:28:16.666: 91 test start:
2024-10-16 21:28:36.159: 91 avg_reward: 1888.0
2024-10-16 21:28:36.160: 91 avg_steps: 970.3
2024-10-16 21:28:36.160: 91 epsilon: 0.1
2024-10-16 21:28:36.160: 91 q: 0.9971531
2024-10-16 21:39:04.534: 92 test start:
2024-10-16 21:39:22.867: 92 avg_reward: 1768.0
2024-10-16 21:39:22.867: 92 avg_steps: 943.2
2024-10-16 21:39:22.867: 92 epsilon: 0.1
2024-10-16 21:39:22.867: 92 q: 1.0166343
2024-10-16 21:49:52.661: 93 test start:
2024-10-16 21:50:08.108: 93 avg_reward: 1288.0
2024-10-16 21:50:08.109: 93 avg_steps: 795.65
2024-10-16 21:50:08.109: 93 epsilon: 0.1
2024-10-16 21:50:08.109: 93 q: 1.0417463
2024-10-16 22:00:25.326: 94 test start:
2024-10-16 22:00:43.212: 94 avg_reward: 1743.0
2024-10-16 22:00:43.213: 94 avg_steps: 916.0
2024-10-16 22:00:43.213: 94 epsilon: 0.1
2024-10-16 22:00:43.213: 94 q: 1.03057
2024-10-16 22:11:20.410: 95 test start:
2024-10-16 22:11:35.565: 95 avg_reward: 1158.0
2024-10-16 22:11:35.565: 95 avg_steps: 750.2
2024-10-16 22:11:35.565: 95 epsilon: 0.1
2024-10-16 22:11:35.565: 95 q: 1.037946
2024-10-16 22:21:43.455: 96 test start:
2024-10-16 22:22:01.753: 96 avg_reward: 1858.0
2024-10-16 22:22:01.754: 96 avg_steps: 943.6
2024-10-16 22:22:01.754: 96 epsilon: 0.1
2024-10-16 22:22:01.754: 96 q: 1.0479938
2024-10-16 22:32:45.121: 97 test start:
2024-10-16 22:33:01.567: 97 avg_reward: 1368.0
2024-10-16 22:33:01.567: 97 avg_steps: 816.15
2024-10-16 22:33:01.567: 97 epsilon: 0.1
2024-10-16 22:33:01.567: 97 q: 1.0436078
2024-10-16 22:43:08.450: 98 test start:
2024-10-16 22:43:22.835: 98 avg_reward: 1048.0
2024-10-16 22:43:22.836: 98 avg_steps: 717.05
2024-10-16 22:43:22.836: 98 epsilon: 0.1
2024-10-16 22:43:22.836: 98 q: 1.0416694
2024-10-16 22:54:05.985: 99 test start:
2024-10-16 22:54:23.197: 99 avg_reward: 1588.0
2024-10-16 22:54:23.197: 99 avg_steps: 879.2
2024-10-16 22:54:23.197: 99 epsilon: 0.1
2024-10-16 22:54:23.197: 99 q: 1.0267674
2024-10-16 23:04:42.447: 100 test start:
2024-10-16 23:04:57.825: 100 avg_reward: 1168.0
2024-10-16 23:04:57.825: 100 avg_steps: 764.85
2024-10-16 23:04:57.825: 100 epsilon: 0.1
2024-10-16 23:04:57.825: 100 q: 1.0428904
2024-10-16 23:15:31.097: 101 test start:
2024-10-16 23:15:48.901: 101 avg_reward: 1648.0
2024-10-16 23:15:48.901: 101 avg_steps: 917.5
2024-10-16 23:15:48.901: 101 epsilon: 0.1
2024-10-16 23:15:48.902: 101 q: 1.0233665
2024-10-16 23:26:16.394: 102 test start:
2024-10-16 23:26:32.808: 102 avg_reward: 1348.0
2024-10-16 23:26:32.808: 102 avg_steps: 812.2
2024-10-16 23:26:32.808: 102 epsilon: 0.1
2024-10-16 23:26:32.808: 102 q: 1.0067819
2024-10-16 23:36:53.753: 103 test start:
2024-10-16 23:37:10.336: 103 avg_reward: 1508.0
2024-10-16 23:37:10.336: 103 avg_steps: 848.3
2024-10-16 23:37:10.336: 103 epsilon: 0.1
2024-10-16 23:37:10.336: 103 q: 0.9933954
2024-10-16 23:47:39.834: 104 test start:
2024-10-16 23:47:52.502: 104 avg_reward: 738.0
2024-10-16 23:47:52.502: 104 avg_steps: 627.25
2024-10-16 23:47:52.502: 104 epsilon: 0.1
2024-10-16 23:47:52.502: 104 q: 1.029837
2024-10-16 23:58:07.449: 105 test start:
2024-10-16 23:58:25.282: 105 avg_reward: 1748.0
2024-10-16 23:58:25.282: 105 avg_steps: 940.9
2024-10-16 23:58:25.282: 105 epsilon: 0.1
2024-10-16 23:58:25.282: 105 q: 0.99674714
2024-10-17 00:09:07.489: 106 test start:
2024-10-17 00:09:22.560: 106 avg_reward: 1158.0
2024-10-17 00:09:22.560: 106 avg_steps: 756.35
2024-10-17 00:09:22.561: 106 epsilon: 0.1
2024-10-17 00:09:22.561: 106 q: 1.0373296
2024-10-17 00:19:27.824: 107 test start:
2024-10-17 00:19:44.387: 107 avg_reward: 1378.0
2024-10-17 00:19:44.387: 107 avg_steps: 811.4
2024-10-17 00:19:44.387: 107 epsilon: 0.1
2024-10-17 00:19:44.387: 107 q: 1.0313454
2024-10-17 00:30:23.515: 108 test start:
2024-10-17 00:30:39.014: 108 avg_reward: 1358.0
2024-10-17 00:30:39.015: 108 avg_steps: 795.05
2024-10-17 00:30:39.015: 108 epsilon: 0.1
2024-10-17 00:30:39.015: 108 q: 1.0218571
2024-10-17 00:40:48.103: 109 test start:
2024-10-17 00:41:03.814: 109 avg_reward: 1228.0
2024-10-17 00:41:03.814: 109 avg_steps: 771.95
2024-10-17 00:41:03.814: 109 epsilon: 0.1
2024-10-17 00:41:03.814: 109 q: 1.0452998
2024-10-17 00:51:31.693: 110 test start:
2024-10-17 00:51:45.516: 110 avg_reward: 1028.0
2024-10-17 00:51:45.516: 110 avg_steps: 709.65
2024-10-17 00:51:45.516: 110 epsilon: 0.1
2024-10-17 00:51:45.516: 110 q: 1.0514089
2024-10-17 01:02:01.431: 111 test start:
2024-10-17 01:02:17.693: 111 avg_reward: 1308.0
2024-10-17 01:02:17.693: 111 avg_steps: 805.25
2024-10-17 01:02:17.693: 111 epsilon: 0.1
2024-10-17 01:02:17.694: 111 q: 1.0761197
2024-10-17 01:12:42.508: 112 test start:
2024-10-17 01:12:58.668: 112 avg_reward: 1498.0
2024-10-17 01:12:58.668: 112 avg_steps: 827.95
2024-10-17 01:12:58.668: 112 epsilon: 0.1
2024-10-17 01:12:58.668: 112 q: 1.0739888
2024-10-17 01:23:22.054: 113 test start:
2024-10-17 01:23:36.588: 113 avg_reward: 1033.0
2024-10-17 01:23:36.589: 113 avg_steps: 718.95
2024-10-17 01:23:36.589: 113 epsilon: 0.1
2024-10-17 01:23:36.589: 113 q: 1.0341685
2024-10-17 01:33:49.583: 114 test start:
2024-10-17 01:34:02.390: 114 avg_reward: 858.0
2024-10-17 01:34:02.390: 114 avg_steps: 661.4
2024-10-17 01:34:02.390: 114 epsilon: 0.1
2024-10-17 01:34:02.390: 114 q: 1.0443091
2024-10-17 01:44:33.317: 115 test start:
2024-10-17 01:44:51.345: 115 avg_reward: 1638.0
2024-10-17 01:44:51.345: 115 avg_steps: 894.7
2024-10-17 01:44:51.346: 115 epsilon: 0.1
2024-10-17 01:44:51.346: 115 q: 1.0584998
2024-10-17 01:54:58.143: 116 test start:
2024-10-17 01:55:10.827: 116 avg_reward: 778.0
2024-10-17 01:55:10.827: 116 avg_steps: 636.6
2024-10-17 01:55:10.827: 116 epsilon: 0.1
2024-10-17 01:55:10.827: 116 q: 1.0402981
2024-10-17 02:05:49.889: 117 test start:
2024-10-17 02:06:06.930: 117 avg_reward: 1538.0
2024-10-17 02:06:06.930: 117 avg_steps: 868.5
2024-10-17 02:06:06.930: 117 epsilon: 0.1
2024-10-17 02:06:06.930: 117 q: 1.0781797
2024-10-17 02:16:15.697: 118 test start:
2024-10-17 02:16:29.370: 118 avg_reward: 948.0
2024-10-17 02:16:29.371: 118 avg_steps: 679.8
2024-10-17 02:16:29.371: 118 epsilon: 0.1
2024-10-17 02:16:29.371: 118 q: 1.1110368
2024-10-17 02:27:07.363: 119 test start:
2024-10-17 02:27:19.760: 119 avg_reward: 918.0
2024-10-17 02:27:19.760: 119 avg_steps: 659.2
2024-10-17 02:27:19.760: 119 epsilon: 0.1
2024-10-17 02:27:19.760: 119 q: 1.0464658
2024-10-17 02:37:35.625: 120 test start:
2024-10-17 02:37:52.831: 120 avg_reward: 1608.0
2024-10-17 02:37:52.831: 120 avg_steps: 881.35
2024-10-17 02:37:52.831: 120 epsilon: 0.1
2024-10-17 02:37:52.831: 120 q: 1.116791
2024-10-17 02:48:17.418: 121 test start:
2024-10-17 02:48:31.306: 121 avg_reward: 1038.0
2024-10-17 02:48:31.307: 121 avg_steps: 710.15
2024-10-17 02:48:31.307: 121 epsilon: 0.1
2024-10-17 02:48:31.307: 121 q: 1.0543073
2024-10-17 02:58:52.187: 122 test start:
2024-10-17 02:59:06.991: 122 avg_reward: 1198.0
2024-10-17 02:59:06.992: 122 avg_steps: 760.05
2024-10-17 02:59:06.992: 122 epsilon: 0.1
2024-10-17 02:59:06.992: 122 q: 1.047498
2024-10-17 03:09:25.726: 123 test start:
2024-10-17 03:09:39.054: 123 avg_reward: 958.0
2024-10-17 03:09:39.054: 123 avg_steps: 683.9
2024-10-17 03:09:39.054: 123 epsilon: 0.1
2024-10-17 03:09:39.054: 123 q: 1.0608661
2024-10-17 03:20:11.614: 124 test start:
2024-10-17 03:20:26.278: 124 avg_reward: 1118.0
2024-10-17 03:20:26.278: 124 avg_steps: 730.15
2024-10-17 03:20:26.278: 124 epsilon: 0.1
2024-10-17 03:20:26.278: 124 q: 1.0674666
2024-10-17 03:30:32.645: 125 test start:
2024-10-17 03:30:51.125: 125 avg_reward: 1828.0
2024-10-17 03:30:51.125: 125 avg_steps: 970.7
2024-10-17 03:30:51.125: 125 epsilon: 0.1
2024-10-17 03:30:51.125: 125 q: 1.0921998
2024-10-17 03:41:30.326: 126 test start:
2024-10-17 03:41:45.028: 126 avg_reward: 1198.0
2024-10-17 03:41:45.029: 126 avg_steps: 758.25
2024-10-17 03:41:45.029: 126 epsilon: 0.1
2024-10-17 03:41:45.029: 126 q: 1.067689
2024-10-17 03:51:53.155: 127 test start:
2024-10-17 03:52:11.085: 127 avg_reward: 1578.0
2024-10-17 03:52:11.086: 127 avg_steps: 883.75
2024-10-17 03:52:11.086: 127 epsilon: 0.1
2024-10-17 03:52:11.086: 127 q: 1.0879583
2024-10-17 04:02:52.907: 128 test start:
2024-10-17 04:03:05.859: 128 avg_reward: 888.0
2024-10-17 04:03:05.859: 128 avg_steps: 664.25
2024-10-17 04:03:05.859: 128 epsilon: 0.1
2024-10-17 04:03:05.859: 128 q: 1.0971912
2024-10-17 04:13:17.563: 129 test start:
2024-10-17 04:13:35.176: 129 avg_reward: 1528.0
2024-10-17 04:13:35.176: 129 avg_steps: 855.15
2024-10-17 04:13:35.176: 129 epsilon: 0.1
2024-10-17 04:13:35.176: 129 q: 1.0820425
2024-10-17 04:24:04.555: 130 test start:
2024-10-17 04:24:16.717: 130 avg_reward: 758.0
2024-10-17 04:24:16.717: 130 avg_steps: 623.9
2024-10-17 04:24:16.717: 130 epsilon: 0.1
2024-10-17 04:24:16.717: 130 q: 1.0904359
2024-10-17 04:34:34.539: 131 test start:
2024-10-17 04:34:50.912: 131 avg_reward: 1433.0
2024-10-17 04:34:50.913: 131 avg_steps: 812.9
2024-10-17 04:34:50.913: 131 epsilon: 0.1
2024-10-17 04:34:50.913: 131 q: 1.1225086
2024-10-17 04:45:13.309: 132 test start:
2024-10-17 04:45:30.366: 132 avg_reward: 1598.0
2024-10-17 04:45:30.366: 132 avg_steps: 881.8
2024-10-17 04:45:30.366: 132 epsilon: 0.1
2024-10-17 04:45:30.366: 132 q: 1.0840955
2024-10-17 04:55:57.513: 133 test start:
2024-10-17 04:56:20.436: 133 avg_reward: 2418.0
2024-10-17 04:56:20.437: 133 avg_steps: 1126.7
2024-10-17 04:56:20.437: 133 epsilon: 0.1
2024-10-17 04:56:20.437: 133 q: 1.0658855
2024-10-17 05:06:37.560: 134 test start:
2024-10-17 05:06:51.188: 134 avg_reward: 1028.0
2024-10-17 05:06:51.189: 134 avg_steps: 717.8
2024-10-17 05:06:51.189: 134 epsilon: 0.1
2024-10-17 05:06:51.189: 134 q: 1.0721087
2024-10-17 05:17:23.738: 135 test start:
2024-10-17 05:17:37.187: 135 avg_reward: 958.0
2024-10-17 05:17:37.188: 135 avg_steps: 686.25
2024-10-17 05:17:37.188: 135 epsilon: 0.1
2024-10-17 05:17:37.188: 135 q: 1.0605029
2024-10-17 05:27:51.768: 136 test start:
2024-10-17 05:28:11.378: 136 avg_reward: 2078.0
2024-10-17 05:28:11.379: 136 avg_steps: 997.75
2024-10-17 05:28:11.379: 136 epsilon: 0.1
2024-10-17 05:28:11.379: 136 q: 1.0903578
2024-10-17 05:38:49.593: 137 test start:
2024-10-17 05:39:09.894: 137 avg_reward: 2148.0
2024-10-17 05:39:09.894: 137 avg_steps: 1002.25
2024-10-17 05:39:09.894: 137 epsilon: 0.1
2024-10-17 05:39:09.894: 137 q: 1.122111
2024-10-17 05:49:15.042: 138 test start:
2024-10-17 05:49:30.764: 138 avg_reward: 1178.0
2024-10-17 05:49:30.764: 138 avg_steps: 773.2
2024-10-17 05:49:30.769: 138 epsilon: 0.1
2024-10-17 05:49:30.769: 138 q: 1.09633
2024-10-17 06:00:08.107: 139 test start:
2024-10-17 06:00:20.918: 139 avg_reward: 878.0
2024-10-17 06:00:20.919: 139 avg_steps: 653.3
2024-10-17 06:00:20.919: 139 epsilon: 0.1
2024-10-17 06:00:20.919: 139 q: 1.1182941
2024-10-17 06:10:35.576: 140 test start:
2024-10-17 06:10:51.146: 140 avg_reward: 1238.0
2024-10-17 06:10:51.146: 140 avg_steps: 771.0
2024-10-17 06:10:51.146: 140 epsilon: 0.1
2024-10-17 06:10:51.146: 140 q: 1.1241685
2024-10-17 06:21:28.255: 141 test start:
2024-10-17 06:21:42.962: 141 avg_reward: 1218.0
2024-10-17 06:21:42.962: 141 avg_steps: 756.65
2024-10-17 06:21:42.962: 141 epsilon: 0.1
2024-10-17 06:21:42.962: 141 q: 1.1193905
2024-10-17 06:32:00.046: 142 test start:
2024-10-17 06:32:20.153: 142 avg_reward: 2098.0
2024-10-17 06:32:20.153: 142 avg_steps: 993.35
2024-10-17 06:32:20.153: 142 epsilon: 0.1
2024-10-17 06:32:20.153: 142 q: 1.1288273
2024-10-17 06:42:42.809: 143 test start:
2024-10-17 06:42:55.571: 143 avg_reward: 838.0
2024-10-17 06:42:55.571: 143 avg_steps: 646.2
2024-10-17 06:42:55.571: 143 epsilon: 0.1
2024-10-17 06:42:55.571: 143 q: 1.0887853
2024-10-17 06:53:17.782: 144 test start:
2024-10-17 06:53:41.758: 144 avg_reward: 2728.0
2024-10-17 06:53:41.758: 144 avg_steps: 1171.9
2024-10-17 06:53:41.758: 144 epsilon: 0.1
2024-10-17 06:53:41.758: 144 q: 1.1111525
2024-10-17 07:03:56.712: 145 test start:
2024-10-17 07:04:11.053: 145 avg_reward: 1128.0
2024-10-17 07:04:11.053: 145 avg_steps: 732.45
2024-10-17 07:04:11.053: 145 epsilon: 0.1
2024-10-17 07:04:11.053: 145 q: 1.0927421
2024-10-17 07:14:40.763: 146 test start:
2024-10-17 07:14:56.601: 146 avg_reward: 1308.0
2024-10-17 07:14:56.601: 146 avg_steps: 777.9
2024-10-17 07:14:56.601: 146 epsilon: 0.1
2024-10-17 07:14:56.601: 146 q: 1.1013505
2024-10-17 07:25:03.149: 147 test start:
2024-10-17 07:25:25.367: 147 avg_reward: 2698.0
2024-10-17 07:25:25.368: 147 avg_steps: 1132.6
2024-10-17 07:25:25.368: 147 epsilon: 0.1
2024-10-17 07:25:25.374: 147 q: 1.1173203
2024-10-17 07:36:04.632: 148 test start:
2024-10-17 07:36:29.679: 148 avg_reward: 2978.0
2024-10-17 07:36:29.679: 148 avg_steps: 1219.45
2024-10-17 07:36:29.679: 148 epsilon: 0.1
2024-10-17 07:36:29.679: 148 q: 1.10971
2024-10-17 07:46:34.238: 149 test start:
2024-10-17 07:46:50.180: 149 avg_reward: 1408.0
2024-10-17 07:46:50.180: 149 avg_steps: 811.0
2024-10-17 07:46:50.180: 149 epsilon: 0.1
2024-10-17 07:46:50.180: 149 q: 1.0688951
2024-10-17 07:57:24.327: 150 test start:
2024-10-17 07:57:42.234: 150 avg_reward: 1868.0
2024-10-17 07:57:42.234: 150 avg_steps: 938.55
2024-10-17 07:57:42.234: 150 epsilon: 0.1
2024-10-17 07:57:42.234: 150 q: 1.1370339
2024-10-17 08:07:53.990: 151 test start:
2024-10-17 08:08:09.780: 151 avg_reward: 1308.0
2024-10-17 08:08:09.780: 151 avg_steps: 779.9
2024-10-17 08:08:09.780: 151 epsilon: 0.1
2024-10-17 08:08:09.780: 151 q: 1.0985066
2024-10-17 08:18:34.141: 152 test start:
2024-10-17 08:18:49.467: 152 avg_reward: 1408.0
2024-10-17 08:18:49.467: 152 avg_steps: 786.6
2024-10-17 08:18:49.467: 152 epsilon: 0.1
2024-10-17 08:18:49.467: 152 q: 1.1209204
2024-10-17 08:29:12.071: 153 test start:
2024-10-17 08:29:29.443: 153 avg_reward: 1548.0
2024-10-17 08:29:29.443: 153 avg_steps: 842.15
2024-10-17 08:29:29.443: 153 epsilon: 0.1
2024-10-17 08:29:29.444: 153 q: 1.1049229
2024-10-17 08:39:43.512: 154 test start:
2024-10-17 08:40:04.575: 154 avg_reward: 2453.0
2024-10-17 08:40:04.575: 154 avg_steps: 1069.2
2024-10-17 08:40:04.575: 154 epsilon: 0.1
2024-10-17 08:40:04.575: 154 q: 1.0829333
2024-10-17 08:50:38.183: 155 test start:
2024-10-17 08:51:04.280: 155 avg_reward: 3548.0
2024-10-17 08:51:04.280: 155 avg_steps: 1291.6
2024-10-17 08:51:04.280: 155 epsilon: 0.1
2024-10-17 08:51:04.280: 155 q: 1.1339656
2024-10-17 09:01:14.513: 156 test start:
2024-10-17 09:01:32.968: 156 avg_reward: 2068.0
2024-10-17 09:01:32.968: 156 avg_steps: 939.0
2024-10-17 09:01:32.968: 156 epsilon: 0.1
2024-10-17 09:01:32.968: 156 q: 1.1386509
2024-10-17 09:12:11.758: 157 test start:
2024-10-17 09:12:32.544: 157 avg_reward: 2368.0
2024-10-17 09:12:32.545: 157 avg_steps: 1027.9
2024-10-17 09:12:32.545: 157 epsilon: 0.1
2024-10-17 09:12:32.545: 157 q: 1.1439531
2024-10-17 09:22:37.419: 158 test start:
2024-10-17 09:22:56.665: 158 avg_reward: 2098.0
2024-10-17 09:22:56.665: 158 avg_steps: 944.25
2024-10-17 09:22:56.665: 158 epsilon: 0.1
2024-10-17 09:22:56.665: 158 q: 1.169552
2024-10-17 09:33:31.997: 159 test start:
2024-10-17 09:33:46.089: 159 avg_reward: 1098.0
2024-10-17 09:33:46.089: 159 avg_steps: 719.2
2024-10-17 09:33:46.089: 159 epsilon: 0.1
2024-10-17 09:33:46.089: 159 q: 1.1409187
2024-10-17 09:43:56.549: 160 test start:
2024-10-17 09:44:11.481: 160 avg_reward: 1268.0
2024-10-17 09:44:11.481: 160 avg_steps: 742.4
2024-10-17 09:44:11.481: 160 epsilon: 0.1
2024-10-17 09:44:11.481: 160 q: 1.1685361
2024-10-17 09:54:47.703: 161 test start:
2024-10-17 09:55:10.850: 161 avg_reward: 2978.0
2024-10-17 09:55:10.850: 161 avg_steps: 1167.05
2024-10-17 09:55:10.850: 161 epsilon: 0.1
2024-10-17 09:55:10.850: 161 q: 1.1405379
2024-10-17 10:05:15.751: 162 test start:
2024-10-17 10:05:31.724: 162 avg_reward: 1468.0
2024-10-17 10:05:31.725: 162 avg_steps: 777.9
2024-10-17 10:05:31.725: 162 epsilon: 0.1
2024-10-17 10:05:31.725: 162 q: 1.1810889
2024-10-17 10:15:56.025: 163 test start:
2024-10-17 10:16:10.914: 163 avg_reward: 1418.0
2024-10-17 10:16:10.914: 163 avg_steps: 751.25
2024-10-17 10:16:10.915: 163 epsilon: 0.1
2024-10-17 10:16:10.915: 163 q: 1.1371214
2024-10-17 10:26:31.717: 164 test start:
2024-10-17 10:26:54.545: 164 avg_reward: 2678.0
2024-10-17 10:26:54.546: 164 avg_steps: 1122.85
2024-10-17 10:26:54.546: 164 epsilon: 0.1
2024-10-17 10:26:54.546: 164 q: 1.1527421
2024-10-17 10:37:10.005: 165 test start:
2024-10-17 10:37:25.259: 165 avg_reward: 1348.0
2024-10-17 10:37:25.259: 165 avg_steps: 771.8
2024-10-17 10:37:25.259: 165 epsilon: 0.1
2024-10-17 10:37:25.259: 165 q: 1.1092014
2024-10-17 10:47:55.757: 166 test start:
2024-10-17 10:48:15.586: 166 avg_reward: 2318.0
2024-10-17 10:48:15.587: 166 avg_steps: 1011.1
2024-10-17 10:48:15.587: 166 epsilon: 0.1
2024-10-17 10:48:15.587: 166 q: 1.13655
2024-10-17 10:58:23.751: 167 test start:
2024-10-17 10:58:39.986: 167 avg_reward: 1568.0
2024-10-17 10:58:39.986: 167 avg_steps: 843.95
2024-10-17 10:58:39.987: 167 epsilon: 0.1
2024-10-17 10:58:39.987: 167 q: 1.1632798
2024-10-17 11:09:14.607: 168 test start:
2024-10-17 11:09:35.736: 168 avg_reward: 2368.0
2024-10-17 11:09:35.736: 168 avg_steps: 1043.7
2024-10-17 11:09:35.736: 168 epsilon: 0.1
2024-10-17 11:09:35.736: 168 q: 1.1599945
2024-10-17 11:19:38.017: 169 test start:
2024-10-17 11:20:01.435: 169 avg_reward: 2968.0
2024-10-17 11:20:01.436: 169 avg_steps: 1180.65
2024-10-17 11:20:01.436: 169 epsilon: 0.1
2024-10-17 11:20:01.436: 169 q: 1.1405472
2024-10-17 11:30:36.439: 170 test start:
2024-10-17 11:30:56.053: 170 avg_reward: 2368.0
2024-10-17 11:30:56.053: 170 avg_steps: 1041.65
2024-10-17 11:30:56.059: 170 epsilon: 0.1
2024-10-17 11:30:56.059: 170 q: 1.176908
2024-10-17 11:41:03.928: 171 test start:
2024-10-17 11:41:23.200: 171 avg_reward: 2238.0
2024-10-17 11:41:23.200: 171 avg_steps: 994.8
2024-10-17 11:41:23.201: 171 epsilon: 0.1
2024-10-17 11:41:23.201: 171 q: 1.189041
2024-10-17 11:51:50.195: 172 test start:
2024-10-17 11:52:05.108: 172 avg_reward: 1458.0
2024-10-17 11:52:05.109: 172 avg_steps: 798.2
2024-10-17 11:52:05.109: 172 epsilon: 0.1
2024-10-17 11:52:05.109: 172 q: 1.1935453
2024-10-17 12:02:28.827: 173 test start:
2024-10-17 12:02:49.566: 173 avg_reward: 2688.0
2024-10-17 12:02:49.567: 173 avg_steps: 1059.3
2024-10-17 12:02:49.567: 173 epsilon: 0.1
2024-10-17 12:02:49.567: 173 q: 1.2091544
2024-10-17 12:13:05.900: 174 test start:
2024-10-17 12:13:27.449: 174 avg_reward: 2778.0
2024-10-17 12:13:27.449: 174 avg_steps: 1112.85
2024-10-17 12:13:27.449: 174 epsilon: 0.1
2024-10-17 12:13:27.449: 174 q: 1.214091
2024-10-17 12:23:54.329: 175 test start:
2024-10-17 12:24:11.892: 175 avg_reward: 1768.0
2024-10-17 12:24:11.892: 175 avg_steps: 865.45
2024-10-17 12:24:11.892: 175 epsilon: 0.1
2024-10-17 12:24:11.892: 175 q: 1.2304597
2024-10-17 12:34:26.315: 176 test start:
2024-10-17 12:34:44.880: 176 avg_reward: 2158.0
2024-10-17 12:34:44.880: 176 avg_steps: 947.55
2024-10-17 12:34:44.880: 176 epsilon: 0.1
2024-10-17 12:34:44.880: 176 q: 1.2415926
2024-10-17 12:45:14.126: 177 test start:
2024-10-17 12:45:35.416: 177 avg_reward: 2598.0
2024-10-17 12:45:35.416: 177 avg_steps: 1049.3
2024-10-17 12:45:35.416: 177 epsilon: 0.1
2024-10-17 12:45:35.416: 177 q: 1.2271694
2024-10-17 12:55:40.281: 178 test start:
2024-10-17 12:56:03.052: 178 avg_reward: 3178.0
2024-10-17 12:56:03.053: 178 avg_steps: 1178.45
2024-10-17 12:56:03.053: 178 epsilon: 0.1
2024-10-17 12:56:03.053: 178 q: 1.2479118
2024-10-17 13:06:41.110: 179 test start:
2024-10-17 13:07:10.972: 179 avg_reward: 4563.0
2024-10-17 13:07:10.973: 179 avg_steps: 1544.25
2024-10-17 13:07:10.973: 179 epsilon: 0.1
2024-10-17 13:07:10.973: 179 q: 1.2556092
2024-10-17 13:17:16.250: 180 test start:
2024-10-17 13:17:34.821: 180 avg_reward: 2178.0
2024-10-17 13:17:34.821: 180 avg_steps: 930.9
2024-10-17 13:17:34.821: 180 epsilon: 0.1
2024-10-17 13:17:34.821: 180 q: 1.2115533
2024-10-17 13:28:05.383: 181 test start:
2024-10-17 13:28:24.878: 181 avg_reward: 2368.0
2024-10-17 13:28:24.879: 181 avg_steps: 1009.75
2024-10-17 13:28:24.879: 181 epsilon: 0.1
2024-10-17 13:28:24.879: 181 q: 1.2354102
2024-10-17 13:38:39.851: 182 test start:
2024-10-17 13:39:03.337: 182 avg_reward: 3158.0
2024-10-17 13:39:03.338: 182 avg_steps: 1184.35
2024-10-17 13:39:03.338: 182 epsilon: 0.1
2024-10-17 13:39:03.338: 182 q: 1.2647784
2024-10-17 13:49:33.904: 183 test start:
2024-10-17 13:49:50.289: 183 avg_reward: 1928.0
2024-10-17 13:49:50.289: 183 avg_steps: 894.15
2024-10-17 13:49:50.289: 183 epsilon: 0.1
2024-10-17 13:49:50.289: 183 q: 1.2720407
2024-10-17 14:00:10.091: 184 test start:
2024-10-17 14:00:33.152: 184 avg_reward: 3158.0
2024-10-17 14:00:33.153: 184 avg_steps: 1191.4
2024-10-17 14:00:33.153: 184 epsilon: 0.1
2024-10-17 14:00:33.153: 184 q: 1.3103359
2024-10-17 14:10:50.241: 185 test start:
2024-10-17 14:11:11.425: 185 avg_reward: 2828.0
2024-10-17 14:11:11.425: 185 avg_steps: 1111.55
2024-10-17 14:11:11.425: 185 epsilon: 0.1
2024-10-17 14:11:11.425: 185 q: 1.3128784
2024-10-17 14:21:39.806: 186 test start:
2024-10-17 14:22:09.341: 186 avg_reward: 4368.0
2024-10-17 14:22:09.341: 186 avg_steps: 1486.85
2024-10-17 14:22:09.341: 186 epsilon: 0.1
2024-10-17 14:22:09.341: 186 q: 1.2905303
2024-10-17 14:32:15.025: 187 test start:
2024-10-17 14:32:40.043: 187 avg_reward: 3568.0
2024-10-17 14:32:40.043: 187 avg_steps: 1317.55
2024-10-17 14:32:40.043: 187 epsilon: 0.1
2024-10-17 14:32:40.043: 187 q: 1.3268884
2024-10-17 14:43:18.519: 188 test start:
2024-10-17 14:43:38.654: 188 avg_reward: 2418.0
2024-10-17 14:43:38.654: 188 avg_steps: 1014.9
2024-10-17 14:43:38.654: 188 epsilon: 0.1
2024-10-17 14:43:38.655: 188 q: 1.3276379
2024-10-17 14:53:42.589: 189 test start:
2024-10-17 14:54:11.344: 189 avg_reward: 4048.0
2024-10-17 14:54:11.344: 189 avg_steps: 1418.1
2024-10-17 14:54:11.344: 189 epsilon: 0.1
2024-10-17 14:54:11.344: 189 q: 1.3343056
2024-10-17 15:04:46.069: 190 test start:
2024-10-17 15:05:07.399: 190 avg_reward: 2828.0
2024-10-17 15:05:07.399: 190 avg_steps: 1072.0
2024-10-17 15:05:07.399: 190 epsilon: 0.1
2024-10-17 15:05:07.399: 190 q: 1.3514132
2024-10-17 15:15:15.798: 191 test start:
2024-10-17 15:15:42.714: 191 avg_reward: 3558.0
2024-10-17 15:15:42.714: 191 avg_steps: 1311.3
2024-10-17 15:15:42.714: 191 epsilon: 0.1
2024-10-17 15:15:42.714: 191 q: 1.352807
2024-10-17 15:25:59.902: 192 test start:
2024-10-17 15:26:24.240: 192 avg_reward: 3378.0
2024-10-17 15:26:24.241: 192 avg_steps: 1254.1
2024-10-17 15:26:24.241: 192 epsilon: 0.1
2024-10-17 15:26:24.241: 192 q: 1.3334749
2024-10-17 15:36:42.509: 193 test start:
2024-10-17 15:37:08.012: 193 avg_reward: 3508.0
2024-10-17 15:37:08.013: 193 avg_steps: 1262.0
2024-10-17 15:37:08.013: 193 epsilon: 0.1
2024-10-17 15:37:08.013: 193 q: 1.3477343
2024-10-17 15:47:20.193: 194 test start:
2024-10-17 15:47:41.730: 194 avg_reward: 2898.0
2024-10-17 15:47:41.731: 194 avg_steps: 1108.1
2024-10-17 15:47:41.731: 194 epsilon: 0.1
2024-10-17 15:47:41.731: 194 q: 1.3461385
2024-10-17 15:58:08.100: 195 test start:
2024-10-17 15:58:36.215: 195 avg_reward: 3818.0
2024-10-17 15:58:36.216: 195 avg_steps: 1389.25
2024-10-17 15:58:36.216: 195 epsilon: 0.1
2024-10-17 15:58:36.216: 195 q: 1.3537093
2024-10-17 16:08:43.451: 196 test start:
2024-10-17 16:09:14.048: 196 avg_reward: 4698.0
2024-10-17 16:09:14.048: 196 avg_steps: 1574.85
2024-10-17 16:09:14.048: 196 epsilon: 0.1
2024-10-17 16:09:14.048: 196 q: 1.3263874
2024-10-17 16:19:50.528: 197 test start:
2024-10-17 16:20:19.066: 197 avg_reward: 4028.0
2024-10-17 16:20:19.066: 197 avg_steps: 1406.15
2024-10-17 16:20:19.066: 197 epsilon: 0.1
2024-10-17 16:20:19.066: 197 q: 1.3025075
2024-10-17 16:30:15.952: 198 test start:
2024-10-17 16:30:55.350: 198 avg_reward: 6358.0
2024-10-17 16:30:55.350: 198 avg_steps: 1943.8
2024-10-17 16:30:55.350: 198 epsilon: 0.1
2024-10-17 16:30:55.350: 198 q: 1.2930804
2024-10-17 16:41:27.576: 199 test start:
2024-10-17 16:41:56.343: 199 avg_reward: 4168.0
2024-10-17 16:41:56.343: 199 avg_steps: 1489.35
2024-10-17 16:41:56.343: 199 epsilon: 0.1
2024-10-17 16:41:56.343: 199 q: 1.3398907
2024-10-17 16:52:05.283: 200 test start:
2024-10-17 16:52:29.153: 200 avg_reward: 3068.0
2024-10-17 16:52:29.153: 200 avg_steps: 1189.25
2024-10-17 16:52:29.153: 200 epsilon: 0.1
2024-10-17 16:52:29.153: 200 q: 1.3094304
