2024-10-13 05:38:36.092: 
parameters:agent_test_episodes: 20
batch_num_per_epoch: 250000
device: cuda:0
env_name: ALE/Kangaroo-v5
epsilon_for_test: 0.05
epsilon_max: 1.0
epsilon_min: 0.1
exp_name: ALE-Kangaroo-v5_2024-10-13-05-38-36
exp_path: ../exps/dqn/
exploration_steps: 1000000
gamma: 0.99
held_out_states_num: 1000
learning_rate: 0.00025
mini_batch_size: 32
model_update_freq: 4
n_times: 5
no_op_max: 30
phi_channel: 4
replay_buffer_size: 1000000
replay_start_size: 50000
save_model: true
screen_size: 84
seed: 0
skip_k_frame: 4
step_c: 10000
training_steps: 50000000

2024-10-13 05:38:36.172: env id: ALE/Kangaroo-v5 |repeat_action_probability: 0 
2024-10-13 05:38:36.172: screen_size: 84 | grayscale_obs:True 
scale_obs:False | action space size: 18
remove flickering: True | frame skip: 4
state space shape: (210, 160, 3) 
2024-10-13 05:38:36.190: optimizer: RMSprop (
Parameter Group 0
    alpha: 0.95
    centered: False
    differentiable: False
    eps: 0.01
    foreach: None
    lr: 0.00025
    maximize: False
    momentum: 0
    weight_decay: 0
)
2024-10-13 05:47:49.447: 1 test start:
2024-10-13 05:48:00.043: 1 avg_reward: 408.0
2024-10-13 05:48:00.044: 1 avg_steps: 528.3
2024-10-13 05:48:00.044: 1 epsilon: 0.8196157
2024-10-13 05:48:00.044: 1 q: 0.045504738
2024-10-13 05:57:53.793: 2 test start:
2024-10-13 05:58:01.072: 2 avg_reward: 68.0
2024-10-13 05:58:01.072: 2 avg_steps: 376.45
2024-10-13 05:58:01.072: 2 epsilon: 0.5948263
2024-10-13 05:58:01.072: 2 q: 0.05348495
2024-10-13 06:08:23.492: 3 test start:
2024-10-13 06:08:31.585: 3 avg_reward: 18.0
2024-10-13 06:08:31.585: 3 avg_steps: 400.05
2024-10-13 06:08:31.585: 3 epsilon: 0.3699055
2024-10-13 06:08:31.585: 3 q: 0.081122376
2024-10-13 06:18:04.319: 4 test start:
2024-10-13 06:18:11.810: 4 avg_reward: -2.0
2024-10-13 06:18:11.810: 4 avg_steps: 401.55
2024-10-13 06:18:11.810: 4 epsilon: 0.1448451999999999
2024-10-13 06:18:11.810: 4 q: 0.11098701
2024-10-13 06:28:33.048: 5 test start:
2024-10-13 06:28:39.433: 5 avg_reward: 38.0
2024-10-13 06:28:39.433: 5 avg_steps: 329.7
2024-10-13 06:28:39.433: 5 epsilon: 0.1
2024-10-13 06:28:39.433: 5 q: 0.10543711
2024-10-13 06:38:37.322: 6 test start:
2024-10-13 06:38:44.119: 6 avg_reward: 18.0
2024-10-13 06:38:44.120: 6 avg_steps: 332.9
2024-10-13 06:38:44.120: 6 epsilon: 0.1
2024-10-13 06:38:44.120: 6 q: 0.16328113
2024-10-13 06:49:11.794: 7 test start:
2024-10-13 06:49:21.138: 7 avg_reward: 348.0
2024-10-13 06:49:21.139: 7 avg_steps: 486.35
2024-10-13 06:49:21.139: 7 epsilon: 0.1
2024-10-13 06:49:21.139: 7 q: 0.19539823
2024-10-13 06:59:22.855: 8 test start:
2024-10-13 06:59:30.837: 8 avg_reward: 58.0
2024-10-13 06:59:30.838: 8 avg_steps: 407.7
2024-10-13 06:59:30.838: 8 epsilon: 0.1
2024-10-13 06:59:30.838: 8 q: 0.21860825
2024-10-13 07:09:53.205: 9 test start:
2024-10-13 07:10:00.507: 9 avg_reward: 28.0
2024-10-13 07:10:00.507: 9 avg_steps: 372.75
2024-10-13 07:10:00.507: 9 epsilon: 0.1
2024-10-13 07:10:00.507: 9 q: 0.27870816
2024-10-13 07:20:10.385: 10 test start:
2024-10-13 07:20:20.720: 10 avg_reward: 388.0
2024-10-13 07:20:20.720: 10 avg_steps: 511.85
2024-10-13 07:20:20.720: 10 epsilon: 0.1
2024-10-13 07:20:20.720: 10 q: 0.3529017
2024-10-13 07:30:33.147: 11 test start:
2024-10-13 07:30:41.297: 11 avg_reward: 8.0
2024-10-13 07:30:41.298: 11 avg_steps: 411.8
2024-10-13 07:30:41.298: 11 epsilon: 0.1
2024-10-13 07:30:41.298: 11 q: 0.42661327
2024-10-13 07:41:03.560: 12 test start:
2024-10-13 07:41:14.882: 12 avg_reward: 488.0
2024-10-13 07:41:14.882: 12 avg_steps: 557.05
2024-10-13 07:41:14.882: 12 epsilon: 0.1
2024-10-13 07:41:14.883: 12 q: 0.494185
2024-10-13 07:51:38.482: 13 test start:
2024-10-13 07:51:50.129: 13 avg_reward: 528.0
2024-10-13 07:51:50.129: 13 avg_steps: 561.55
2024-10-13 07:51:50.129: 13 epsilon: 0.1
2024-10-13 07:51:50.129: 13 q: 0.5713358
2024-10-13 08:02:25.097: 14 test start:
2024-10-13 08:02:35.249: 14 avg_reward: 458.0
2024-10-13 08:02:35.249: 14 avg_steps: 515.05
2024-10-13 08:02:35.249: 14 epsilon: 0.1
2024-10-13 08:02:35.249: 14 q: 0.61732763
2024-10-13 08:12:45.276: 15 test start:
2024-10-13 08:12:53.020: 15 avg_reward: 8.0
2024-10-13 08:12:53.020: 15 avg_steps: 378.1
2024-10-13 08:12:53.020: 15 epsilon: 0.1
2024-10-13 08:12:53.021: 15 q: 0.61258715
2024-10-13 08:23:21.713: 16 test start:
2024-10-13 08:23:32.579: 16 avg_reward: 358.0
2024-10-13 08:23:32.580: 16 avg_steps: 547.2
2024-10-13 08:23:32.580: 16 epsilon: 0.1
2024-10-13 08:23:32.580: 16 q: 0.6221827
2024-10-13 08:33:51.438: 17 test start:
2024-10-13 08:34:02.802: 17 avg_reward: 568.0
2024-10-13 08:34:02.802: 17 avg_steps: 551.5
2024-10-13 08:34:02.802: 17 epsilon: 0.1
2024-10-13 08:34:02.802: 17 q: 0.61933166
2024-10-13 08:44:14.624: 18 test start:
2024-10-13 08:44:21.149: 18 avg_reward: -2.0
2024-10-13 08:44:21.149: 18 avg_steps: 344.15
2024-10-13 08:44:21.155: 18 epsilon: 0.1
2024-10-13 08:44:21.155: 18 q: 0.650522
2024-10-13 08:54:44.804: 19 test start:
2024-10-13 08:54:51.467: 19 avg_reward: 8.0
2024-10-13 08:54:51.467: 19 avg_steps: 324.95
2024-10-13 08:54:51.467: 19 epsilon: 0.1
2024-10-13 08:54:51.467: 19 q: 0.65712816
2024-10-13 09:05:04.455: 20 test start:
2024-10-13 09:05:11.121: 20 avg_reward: -2.0
2024-10-13 09:05:11.121: 20 avg_steps: 343.1
2024-10-13 09:05:11.121: 20 epsilon: 0.1
2024-10-13 09:05:11.121: 20 q: 0.7169546
2024-10-13 09:15:42.237: 21 test start:
2024-10-13 09:15:54.083: 21 avg_reward: 628.0
2024-10-13 09:15:54.083: 21 avg_steps: 579.7
2024-10-13 09:15:54.083: 21 epsilon: 0.1
2024-10-13 09:15:54.083: 21 q: 0.72263986
2024-10-13 09:26:03.639: 22 test start:
2024-10-13 09:26:11.955: 22 avg_reward: -2.0
2024-10-13 09:26:11.955: 22 avg_steps: 425.8
2024-10-13 09:26:11.955: 22 epsilon: 0.1
2024-10-13 09:26:11.955: 22 q: 0.7464417
2024-10-13 09:36:42.370: 23 test start:
2024-10-13 09:36:49.657: 23 avg_reward: 98.0
2024-10-13 09:36:49.657: 23 avg_steps: 354.1
2024-10-13 09:36:49.658: 23 epsilon: 0.1
2024-10-13 09:36:49.658: 23 q: 0.7471291
2024-10-13 09:46:54.292: 24 test start:
2024-10-13 09:47:05.254: 24 avg_reward: 518.0
2024-10-13 09:47:05.255: 24 avg_steps: 531.1
2024-10-13 09:47:05.255: 24 epsilon: 0.1
2024-10-13 09:47:05.255: 24 q: 0.77462244
2024-10-13 09:57:43.600: 25 test start:
2024-10-13 09:57:54.806: 25 avg_reward: 708.0
2024-10-13 09:57:54.806: 25 avg_steps: 591.35
2024-10-13 09:57:54.806: 25 epsilon: 0.1
2024-10-13 09:57:54.806: 25 q: 0.8256328
2024-10-13 10:08:06.317: 26 test start:
2024-10-13 10:08:18.124: 26 avg_reward: 628.0
2024-10-13 10:08:18.125: 26 avg_steps: 587.8
2024-10-13 10:08:18.125: 26 epsilon: 0.1
2024-10-13 10:08:18.125: 26 q: 0.84825915
2024-10-13 10:18:46.508: 27 test start:
2024-10-13 10:19:00.039: 27 avg_reward: 823.0
2024-10-13 10:19:00.039: 27 avg_steps: 673.9
2024-10-13 10:19:00.040: 27 epsilon: 0.1
2024-10-13 10:19:00.040: 27 q: 0.8790691
2024-10-13 10:29:17.625: 28 test start:
2024-10-13 10:29:31.221: 28 avg_reward: 788.0
2024-10-13 10:29:31.221: 28 avg_steps: 665.3
2024-10-13 10:29:31.221: 28 epsilon: 0.1
2024-10-13 10:29:31.221: 28 q: 0.85141534
2024-10-13 10:39:52.023: 29 test start:
2024-10-13 10:40:10.610: 29 avg_reward: 1623.0
2024-10-13 10:40:10.610: 29 avg_steps: 936.7
2024-10-13 10:40:10.610: 29 epsilon: 0.1
2024-10-13 10:40:10.610: 29 q: 0.8494931
2024-10-13 10:50:36.362: 30 test start:
2024-10-13 10:50:43.447: 30 avg_reward: -2.0
2024-10-13 10:50:43.447: 30 avg_steps: 345.5
2024-10-13 10:50:43.447: 30 epsilon: 0.1
2024-10-13 10:50:43.447: 30 q: 0.8632567
2024-10-13 11:01:02.001: 31 test start:
2024-10-13 11:01:20.627: 31 avg_reward: 1583.0
2024-10-13 11:01:20.627: 31 avg_steps: 942.75
2024-10-13 11:01:20.627: 31 epsilon: 0.1
2024-10-13 11:01:20.627: 31 q: 0.8241171
2024-10-13 11:11:49.332: 32 test start:
2024-10-13 11:12:05.185: 32 avg_reward: 848.0
2024-10-13 11:12:05.185: 32 avg_steps: 774.5
2024-10-13 11:12:05.185: 32 epsilon: 0.1
2024-10-13 11:12:05.185: 32 q: 0.82612544
2024-10-13 11:22:14.289: 33 test start:
2024-10-13 11:22:32.088: 33 avg_reward: 1623.0
2024-10-13 11:22:32.088: 33 avg_steps: 898.15
2024-10-13 11:22:32.088: 33 epsilon: 0.1
2024-10-13 11:22:32.088: 33 q: 0.80317324
2024-10-13 11:33:07.878: 34 test start:
2024-10-13 11:33:27.560: 34 avg_reward: 1838.0
2024-10-13 11:33:27.560: 34 avg_steps: 954.4
2024-10-13 11:33:27.560: 34 epsilon: 0.1
2024-10-13 11:33:27.561: 34 q: 0.81097895
2024-10-13 11:43:40.358: 35 test start:
2024-10-13 11:44:02.576: 35 avg_reward: 2208.0
2024-10-13 11:44:02.576: 35 avg_steps: 1086.25
2024-10-13 11:44:02.576: 35 epsilon: 0.1
2024-10-13 11:44:02.576: 35 q: 0.78457725
2024-10-13 11:54:34.561: 36 test start:
2024-10-13 11:54:45.251: 36 avg_reward: 703.0
2024-10-13 11:54:45.251: 36 avg_steps: 541.25
2024-10-13 11:54:45.251: 36 epsilon: 0.1
2024-10-13 11:54:45.252: 36 q: 0.799392
2024-10-13 12:04:55.010: 37 test start:
2024-10-13 12:05:12.818: 37 avg_reward: 1658.0
2024-10-13 12:05:12.818: 37 avg_steps: 872.55
2024-10-13 12:05:12.818: 37 epsilon: 0.1
2024-10-13 12:05:12.818: 37 q: 0.80222476
2024-10-13 12:15:44.198: 38 test start:
2024-10-13 12:16:02.679: 38 avg_reward: 1668.0
2024-10-13 12:16:02.679: 38 avg_steps: 930.4
2024-10-13 12:16:02.680: 38 epsilon: 0.1
2024-10-13 12:16:02.680: 38 q: 0.8369671
2024-10-13 12:26:17.504: 39 test start:
2024-10-13 12:26:32.899: 39 avg_reward: 1258.0
2024-10-13 12:26:32.899: 39 avg_steps: 755.75
2024-10-13 12:26:32.899: 39 epsilon: 0.1
2024-10-13 12:26:32.899: 39 q: 0.84504473
2024-10-13 12:36:53.488: 40 test start:
2024-10-13 12:37:10.887: 40 avg_reward: 1608.0
2024-10-13 12:37:10.887: 40 avg_steps: 885.7
2024-10-13 12:37:10.887: 40 epsilon: 0.1
2024-10-13 12:37:10.887: 40 q: 0.86692256
2024-10-13 12:47:35.727: 41 test start:
2024-10-13 12:47:50.750: 41 avg_reward: 818.0
2024-10-13 12:47:50.750: 41 avg_steps: 729.75
2024-10-13 12:47:50.750: 41 epsilon: 0.1
2024-10-13 12:47:50.750: 41 q: 0.82750124
2024-10-13 12:58:01.473: 42 test start:
2024-10-13 12:58:14.520: 42 avg_reward: 1078.0
2024-10-13 12:58:14.520: 42 avg_steps: 666.8
2024-10-13 12:58:14.520: 42 epsilon: 0.1
2024-10-13 12:58:14.520: 42 q: 0.80868506
2024-10-13 13:08:45.923: 43 test start:
2024-10-13 13:09:00.533: 43 avg_reward: 938.0
2024-10-13 13:09:00.533: 43 avg_steps: 717.3
2024-10-13 13:09:00.533: 43 epsilon: 0.1
2024-10-13 13:09:00.533: 43 q: 0.8180507
2024-10-13 13:19:02.577: 44 test start:
2024-10-13 13:19:22.302: 44 avg_reward: 1918.0
2024-10-13 13:19:22.302: 44 avg_steps: 974.3
2024-10-13 13:19:22.303: 44 epsilon: 0.1
2024-10-13 13:19:22.303: 44 q: 0.8671123
2024-10-13 13:29:57.940: 45 test start:
2024-10-13 13:30:13.656: 45 avg_reward: 1038.0
2024-10-13 13:30:13.657: 45 avg_steps: 796.6
2024-10-13 13:30:13.657: 45 epsilon: 0.1
2024-10-13 13:30:13.657: 45 q: 0.8861632
2024-10-13 13:40:22.146: 46 test start:
2024-10-13 13:40:36.400: 46 avg_reward: 1183.0
2024-10-13 13:40:36.400: 46 avg_steps: 733.3
2024-10-13 13:40:36.400: 46 epsilon: 0.1
2024-10-13 13:40:36.400: 46 q: 0.9220993
2024-10-13 13:51:10.515: 47 test start:
2024-10-13 13:51:27.241: 47 avg_reward: 1508.0
2024-10-13 13:51:27.242: 47 avg_steps: 852.25
2024-10-13 13:51:27.242: 47 epsilon: 0.1
2024-10-13 13:51:27.242: 47 q: 0.9351083
2024-10-13 14:01:38.903: 48 test start:
2024-10-13 14:01:53.970: 48 avg_reward: 1148.0
2024-10-13 14:01:53.971: 48 avg_steps: 742.5
2024-10-13 14:01:53.971: 48 epsilon: 0.1
2024-10-13 14:01:53.971: 48 q: 0.95836884
2024-10-13 14:12:19.102: 49 test start:
2024-10-13 14:12:37.470: 49 avg_reward: 1538.0
2024-10-13 14:12:37.470: 49 avg_steps: 930.6
2024-10-13 14:12:37.470: 49 epsilon: 0.1
2024-10-13 14:12:37.470: 49 q: 0.97798866
2024-10-13 14:22:52.351: 50 test start:
2024-10-13 14:23:06.903: 50 avg_reward: 1118.0
2024-10-13 14:23:06.903: 50 avg_steps: 717.7
2024-10-13 14:23:06.903: 50 epsilon: 0.1
2024-10-13 14:23:06.903: 50 q: 0.9536461
2024-10-13 14:33:24.612: 51 test start:
2024-10-13 14:33:42.746: 51 avg_reward: 1698.0
2024-10-13 14:33:42.746: 51 avg_steps: 925.65
2024-10-13 14:33:42.746: 51 epsilon: 0.1
2024-10-13 14:33:42.746: 51 q: 0.9524467
2024-10-13 14:44:12.229: 52 test start:
2024-10-13 14:44:29.062: 52 avg_reward: 1428.0
2024-10-13 14:44:29.062: 52 avg_steps: 822.9
2024-10-13 14:44:29.062: 52 epsilon: 0.1
2024-10-13 14:44:29.062: 52 q: 0.959873
2024-10-13 14:54:39.015: 53 test start:
2024-10-13 14:55:00.623: 53 avg_reward: 2308.0
2024-10-13 14:55:00.624: 53 avg_steps: 1109.4
2024-10-13 14:55:00.624: 53 epsilon: 0.1
2024-10-13 14:55:00.624: 53 q: 0.9523793
2024-10-13 15:05:36.063: 54 test start:
2024-10-13 15:05:53.544: 54 avg_reward: 1638.0
2024-10-13 15:05:53.544: 54 avg_steps: 868.1
2024-10-13 15:05:53.544: 54 epsilon: 0.1
2024-10-13 15:05:53.544: 54 q: 0.9630159
2024-10-13 15:15:57.194: 55 test start:
2024-10-13 15:16:15.003: 55 avg_reward: 1688.0
2024-10-13 15:16:15.003: 55 avg_steps: 890.15
2024-10-13 15:16:15.003: 55 epsilon: 0.1
2024-10-13 15:16:15.003: 55 q: 0.9521094
2024-10-13 15:26:52.400: 56 test start:
2024-10-13 15:27:07.577: 56 avg_reward: 1198.0
2024-10-13 15:27:07.577: 56 avg_steps: 773.65
2024-10-13 15:27:07.578: 56 epsilon: 0.1
2024-10-13 15:27:07.578: 56 q: 0.9752449
2024-10-13 15:37:17.144: 57 test start:
2024-10-13 15:37:31.638: 57 avg_reward: 1128.0
2024-10-13 15:37:31.638: 57 avg_steps: 711.0
2024-10-13 15:37:31.638: 57 epsilon: 0.1
2024-10-13 15:37:31.638: 57 q: 0.9664825
2024-10-13 15:48:00.486: 58 test start:
2024-10-13 15:48:13.657: 58 avg_reward: 938.0
2024-10-13 15:48:13.657: 58 avg_steps: 671.95
2024-10-13 15:48:13.657: 58 epsilon: 0.1
2024-10-13 15:48:13.657: 58 q: 0.9791009
2024-10-13 15:58:31.067: 59 test start:
2024-10-13 15:58:48.725: 59 avg_reward: 1528.0
2024-10-13 15:58:48.725: 59 avg_steps: 869.7
2024-10-13 15:58:48.725: 59 epsilon: 0.1
2024-10-13 15:58:48.725: 59 q: 0.96915025
2024-10-13 16:09:09.204: 60 test start:
2024-10-13 16:09:23.780: 60 avg_reward: 1158.0
2024-10-13 16:09:23.780: 60 avg_steps: 751.85
2024-10-13 16:09:23.780: 60 epsilon: 0.1
2024-10-13 16:09:23.780: 60 q: 0.9809867
2024-10-13 16:19:53.671: 61 test start:
2024-10-13 16:20:06.491: 61 avg_reward: 838.0
2024-10-13 16:20:06.492: 61 avg_steps: 637.35
2024-10-13 16:20:06.492: 61 epsilon: 0.1
2024-10-13 16:20:06.492: 61 q: 1.0074999
2024-10-13 16:30:15.061: 62 test start:
2024-10-13 16:30:27.693: 62 avg_reward: 848.0
2024-10-13 16:30:27.693: 62 avg_steps: 646.95
2024-10-13 16:30:27.693: 62 epsilon: 0.1
2024-10-13 16:30:27.693: 62 q: 0.9937688
2024-10-13 16:41:11.444: 63 test start:
2024-10-13 16:41:28.732: 63 avg_reward: 1698.0
2024-10-13 16:41:28.732: 63 avg_steps: 889.7
2024-10-13 16:41:28.732: 63 epsilon: 0.1
2024-10-13 16:41:28.732: 63 q: 0.995453
2024-10-13 16:51:33.980: 64 test start:
2024-10-13 16:51:49.104: 64 avg_reward: 1268.0
2024-10-13 16:51:49.104: 64 avg_steps: 739.4
2024-10-13 16:51:49.104: 64 epsilon: 0.1
2024-10-13 16:51:49.104: 64 q: 0.99997693
2024-10-13 17:02:28.139: 65 test start:
2024-10-13 17:02:45.493: 65 avg_reward: 1758.0
2024-10-13 17:02:45.493: 65 avg_steps: 894.8
2024-10-13 17:02:45.493: 65 epsilon: 0.1
2024-10-13 17:02:45.493: 65 q: 0.988667
2024-10-13 17:12:59.180: 66 test start:
2024-10-13 17:13:15.688: 66 avg_reward: 1393.0
2024-10-13 17:13:15.688: 66 avg_steps: 813.6
2024-10-13 17:13:15.688: 66 epsilon: 0.1
2024-10-13 17:13:15.688: 66 q: 1.00614
2024-10-13 17:23:41.299: 67 test start:
2024-10-13 17:23:58.717: 67 avg_reward: 1688.0
2024-10-13 17:23:58.717: 67 avg_steps: 903.8
2024-10-13 17:23:58.717: 67 epsilon: 0.1
2024-10-13 17:23:58.717: 67 q: 0.97870725
2024-10-13 17:34:23.140: 68 test start:
2024-10-13 17:34:39.575: 68 avg_reward: 1438.0
2024-10-13 17:34:39.575: 68 avg_steps: 822.95
2024-10-13 17:34:39.575: 68 epsilon: 0.1
2024-10-13 17:34:39.575: 68 q: 0.99054605
2024-10-13 17:44:54.599: 69 test start:
2024-10-13 17:45:10.846: 69 avg_reward: 1513.0
2024-10-13 17:45:10.847: 69 avg_steps: 836.35
2024-10-13 17:45:10.847: 69 epsilon: 0.1
2024-10-13 17:45:10.847: 69 q: 0.9668383
2024-10-13 17:55:41.586: 70 test start:
2024-10-13 17:55:59.222: 70 avg_reward: 1718.0
2024-10-13 17:55:59.223: 70 avg_steps: 881.3
2024-10-13 17:55:59.223: 70 epsilon: 0.1
2024-10-13 17:55:59.223: 70 q: 1.0015143
2024-10-13 18:06:09.130: 71 test start:
2024-10-13 18:06:26.227: 71 avg_reward: 1568.0
2024-10-13 18:06:26.227: 71 avg_steps: 888.3
2024-10-13 18:06:26.227: 71 epsilon: 0.1
2024-10-13 18:06:26.227: 71 q: 1.0101274
2024-10-13 18:17:03.583: 72 test start:
2024-10-13 18:17:23.386: 72 avg_reward: 1878.0
2024-10-13 18:17:23.386: 72 avg_steps: 977.6
2024-10-13 18:17:23.386: 72 epsilon: 0.1
2024-10-13 18:17:23.386: 72 q: 0.9834079
2024-10-13 18:27:26.574: 73 test start:
2024-10-13 18:27:47.377: 73 avg_reward: 1838.0
2024-10-13 18:27:47.377: 73 avg_steps: 1030.95
2024-10-13 18:27:47.377: 73 epsilon: 0.1
2024-10-13 18:27:47.377: 73 q: 0.99536645
2024-10-13 18:38:19.561: 74 test start:
2024-10-13 18:38:33.764: 74 avg_reward: 1308.0
2024-10-13 18:38:33.764: 74 avg_steps: 760.95
2024-10-13 18:38:33.764: 74 epsilon: 0.1
2024-10-13 18:38:33.764: 74 q: 0.98353124
2024-10-13 18:48:51.225: 75 test start:
2024-10-13 18:49:09.211: 75 avg_reward: 1678.0
2024-10-13 18:49:09.211: 75 avg_steps: 898.05
2024-10-13 18:49:09.212: 75 epsilon: 0.1
2024-10-13 18:49:09.212: 75 q: 0.95647466
2024-10-13 18:59:31.357: 76 test start:
2024-10-13 18:59:50.008: 76 avg_reward: 1838.0
2024-10-13 18:59:50.008: 76 avg_steps: 949.75
2024-10-13 18:59:50.008: 76 epsilon: 0.1
2024-10-13 18:59:50.008: 76 q: 0.9347931
2024-10-13 19:10:12.750: 77 test start:
2024-10-13 19:10:26.024: 77 avg_reward: 928.0
2024-10-13 19:10:26.024: 77 avg_steps: 657.4
2024-10-13 19:10:26.024: 77 epsilon: 0.1
2024-10-13 19:10:26.024: 77 q: 0.963777
2024-10-13 19:20:42.329: 78 test start:
2024-10-13 19:20:55.130: 78 avg_reward: 878.0
2024-10-13 19:20:55.130: 78 avg_steps: 659.2
2024-10-13 19:20:55.130: 78 epsilon: 0.1
2024-10-13 19:20:55.130: 78 q: 0.9599662
2024-10-13 19:31:23.437: 79 test start:
2024-10-13 19:31:38.350: 79 avg_reward: 1148.0
2024-10-13 19:31:38.350: 79 avg_steps: 740.5
2024-10-13 19:31:38.350: 79 epsilon: 0.1
2024-10-13 19:31:38.350: 79 q: 1.0091188
2024-10-13 19:41:50.897: 80 test start:
2024-10-13 19:42:03.737: 80 avg_reward: 1018.0
2024-10-13 19:42:03.737: 80 avg_steps: 688.25
2024-10-13 19:42:03.738: 80 epsilon: 0.1
2024-10-13 19:42:03.738: 80 q: 1.0261174
2024-10-13 19:52:30.924: 81 test start:
2024-10-13 19:52:46.855: 81 avg_reward: 1388.0
2024-10-13 19:52:46.855: 81 avg_steps: 799.7
2024-10-13 19:52:46.855: 81 epsilon: 0.1
2024-10-13 19:52:46.856: 81 q: 1.0197109
2024-10-13 20:03:22.703: 82 test start:
2024-10-13 20:03:35.868: 82 avg_reward: 968.0
2024-10-13 20:03:35.868: 82 avg_steps: 647.15
2024-10-13 20:03:35.868: 82 epsilon: 0.1
2024-10-13 20:03:35.868: 82 q: 1.0213614
2024-10-13 20:14:12.607: 83 test start:
2024-10-13 20:14:28.600: 83 avg_reward: 1318.0
2024-10-13 20:14:28.600: 83 avg_steps: 786.0
2024-10-13 20:14:28.600: 83 epsilon: 0.1
2024-10-13 20:14:28.600: 83 q: 1.0193174
2024-10-13 20:25:04.288: 84 test start:
2024-10-13 20:25:20.686: 84 avg_reward: 1428.0
2024-10-13 20:25:20.687: 84 avg_steps: 809.4
2024-10-13 20:25:20.687: 84 epsilon: 0.1
2024-10-13 20:25:20.687: 84 q: 1.0359757
2024-10-13 20:35:53.504: 85 test start:
2024-10-13 20:36:11.803: 85 avg_reward: 1698.0
2024-10-13 20:36:11.803: 85 avg_steps: 913.9
2024-10-13 20:36:11.803: 85 epsilon: 0.1
2024-10-13 20:36:11.803: 85 q: 1.024809
2024-10-13 20:46:48.981: 86 test start:
2024-10-13 20:47:05.652: 86 avg_reward: 1438.0
2024-10-13 20:47:05.652: 86 avg_steps: 829.25
2024-10-13 20:47:05.652: 86 epsilon: 0.1
2024-10-13 20:47:05.652: 86 q: 1.0216503
2024-10-13 20:57:42.109: 87 test start:
2024-10-13 20:57:58.338: 87 avg_reward: 1368.0
2024-10-13 20:57:58.339: 87 avg_steps: 808.95
2024-10-13 20:57:58.339: 87 epsilon: 0.1
2024-10-13 20:57:58.339: 87 q: 1.0379965
2024-10-13 21:08:36.122: 88 test start:
2024-10-13 21:08:50.927: 88 avg_reward: 1188.0
2024-10-13 21:08:50.927: 88 avg_steps: 730.0
2024-10-13 21:08:50.928: 88 epsilon: 0.1
2024-10-13 21:08:50.928: 88 q: 1.0015172
2024-10-13 21:19:29.473: 89 test start:
2024-10-13 21:19:45.389: 89 avg_reward: 1328.0
2024-10-13 21:19:45.390: 89 avg_steps: 793.9
2024-10-13 21:19:45.390: 89 epsilon: 0.1
2024-10-13 21:19:45.390: 89 q: 1.0487906
2024-10-13 21:30:22.332: 90 test start:
2024-10-13 21:30:35.101: 90 avg_reward: 908.0
2024-10-13 21:30:35.101: 90 avg_steps: 636.95
2024-10-13 21:30:35.101: 90 epsilon: 0.1
2024-10-13 21:30:35.101: 90 q: 1.0144993
2024-10-13 21:41:12.456: 91 test start:
2024-10-13 21:41:31.055: 91 avg_reward: 1758.0
2024-10-13 21:41:31.056: 91 avg_steps: 925.8
2024-10-13 21:41:31.061: 91 epsilon: 0.1
2024-10-13 21:41:31.061: 91 q: 1.0380708
2024-10-13 21:52:07.266: 92 test start:
2024-10-13 21:52:21.061: 92 avg_reward: 1028.0
2024-10-13 21:52:21.061: 92 avg_steps: 683.85
2024-10-13 21:52:21.061: 92 epsilon: 0.1
2024-10-13 21:52:21.061: 92 q: 1.0560101
2024-10-13 22:02:56.873: 93 test start:
2024-10-13 22:03:09.854: 93 avg_reward: 898.0
2024-10-13 22:03:09.854: 93 avg_steps: 642.45
2024-10-13 22:03:09.854: 93 epsilon: 0.1
2024-10-13 22:03:09.854: 93 q: 1.028175
2024-10-13 22:13:48.833: 94 test start:
2024-10-13 22:14:02.983: 94 avg_reward: 988.0
2024-10-13 22:14:02.983: 94 avg_steps: 697.45
2024-10-13 22:14:02.983: 94 epsilon: 0.1
2024-10-13 22:14:02.983: 94 q: 1.0669893
2024-10-13 22:24:38.387: 95 test start:
2024-10-13 22:24:53.573: 95 avg_reward: 1268.0
2024-10-13 22:24:53.574: 95 avg_steps: 753.1
2024-10-13 22:24:53.574: 95 epsilon: 0.1
2024-10-13 22:24:53.574: 95 q: 1.0341239
2024-10-13 22:35:32.451: 96 test start:
2024-10-13 22:35:49.305: 96 avg_reward: 1498.0
2024-10-13 22:35:49.306: 96 avg_steps: 833.3
2024-10-13 22:35:49.306: 96 epsilon: 0.1
2024-10-13 22:35:49.306: 96 q: 1.0392861
2024-10-13 22:46:25.972: 97 test start:
2024-10-13 22:46:41.768: 97 avg_reward: 1398.0
2024-10-13 22:46:41.768: 97 avg_steps: 817.65
2024-10-13 22:46:41.768: 97 epsilon: 0.1
2024-10-13 22:46:41.768: 97 q: 1.0591345
2024-10-13 22:57:26.569: 98 test start:
2024-10-13 22:57:44.473: 98 avg_reward: 1658.0
2024-10-13 22:57:44.473: 98 avg_steps: 890.1
2024-10-13 22:57:44.474: 98 epsilon: 0.1
2024-10-13 22:57:44.474: 98 q: 1.035272
2024-10-13 23:08:18.279: 99 test start:
2024-10-13 23:08:32.098: 99 avg_reward: 1028.0
2024-10-13 23:08:32.098: 99 avg_steps: 685.1
2024-10-13 23:08:32.098: 99 epsilon: 0.1
2024-10-13 23:08:32.098: 99 q: 1.047499
2024-10-13 23:19:07.022: 100 test start:
2024-10-13 23:19:21.325: 100 avg_reward: 1028.0
2024-10-13 23:19:21.326: 100 avg_steps: 706.7
2024-10-13 23:19:21.326: 100 epsilon: 0.1
2024-10-13 23:19:21.326: 100 q: 1.0512164
2024-10-13 23:29:57.186: 101 test start:
2024-10-13 23:30:21.540: 101 avg_reward: 2678.0
2024-10-13 23:30:21.541: 101 avg_steps: 1211.45
2024-10-13 23:30:21.541: 101 epsilon: 0.1
2024-10-13 23:30:21.541: 101 q: 1.0443375
2024-10-13 23:40:56.587: 102 test start:
2024-10-13 23:41:13.608: 102 avg_reward: 1448.0
2024-10-13 23:41:13.608: 102 avg_steps: 837.65
2024-10-13 23:41:13.608: 102 epsilon: 0.1
2024-10-13 23:41:13.608: 102 q: 1.0426326
2024-10-13 23:51:51.462: 103 test start:
2024-10-13 23:52:07.992: 103 avg_reward: 1348.0
2024-10-13 23:52:07.992: 103 avg_steps: 814.5
2024-10-13 23:52:07.992: 103 epsilon: 0.1
2024-10-13 23:52:07.992: 103 q: 1.0564047
2024-10-14 00:02:44.647: 104 test start:
2024-10-14 00:03:01.162: 104 avg_reward: 1418.0
2024-10-14 00:03:01.162: 104 avg_steps: 828.75
2024-10-14 00:03:01.162: 104 epsilon: 0.1
2024-10-14 00:03:01.162: 104 q: 1.0292026
2024-10-14 00:13:34.677: 105 test start:
2024-10-14 00:13:49.268: 105 avg_reward: 1088.0
2024-10-14 00:13:49.268: 105 avg_steps: 714.3
2024-10-14 00:13:49.268: 105 epsilon: 0.1
2024-10-14 00:13:49.268: 105 q: 1.035834
2024-10-14 00:24:22.566: 106 test start:
2024-10-14 00:24:38.422: 106 avg_reward: 1338.0
2024-10-14 00:24:38.423: 106 avg_steps: 783.6
2024-10-14 00:24:38.423: 106 epsilon: 0.1
2024-10-14 00:24:38.423: 106 q: 1.0525826
2024-10-14 00:35:13.426: 107 test start:
2024-10-14 00:35:27.846: 107 avg_reward: 1098.0
2024-10-14 00:35:27.846: 107 avg_steps: 724.1
2024-10-14 00:35:27.846: 107 epsilon: 0.1
2024-10-14 00:35:27.846: 107 q: 1.0409976
2024-10-14 00:46:03.714: 108 test start:
2024-10-14 00:46:18.007: 108 avg_reward: 1118.0
2024-10-14 00:46:18.007: 108 avg_steps: 731.6
2024-10-14 00:46:18.007: 108 epsilon: 0.1
2024-10-14 00:46:18.007: 108 q: 1.0975833
2024-10-14 00:56:56.312: 109 test start:
2024-10-14 00:57:11.257: 109 avg_reward: 1168.0
2024-10-14 00:57:11.257: 109 avg_steps: 742.55
2024-10-14 00:57:11.263: 109 epsilon: 0.1
2024-10-14 00:57:11.263: 109 q: 1.034159
2024-10-14 01:07:43.531: 110 test start:
2024-10-14 01:07:57.089: 110 avg_reward: 1008.0
2024-10-14 01:07:57.089: 110 avg_steps: 673.9
2024-10-14 01:07:57.089: 110 epsilon: 0.1
2024-10-14 01:07:57.089: 110 q: 1.0424578
2024-10-14 01:18:31.259: 111 test start:
2024-10-14 01:18:45.904: 111 avg_reward: 1058.0
2024-10-14 01:18:45.905: 111 avg_steps: 726.65
2024-10-14 01:18:45.905: 111 epsilon: 0.1
2024-10-14 01:18:45.905: 111 q: 1.0650953
2024-10-14 01:29:20.837: 112 test start:
2024-10-14 01:29:37.680: 112 avg_reward: 1588.0
2024-10-14 01:29:37.681: 112 avg_steps: 863.7
2024-10-14 01:29:37.681: 112 epsilon: 0.1
2024-10-14 01:29:37.681: 112 q: 1.0517131
2024-10-14 01:40:23.860: 113 test start:
2024-10-14 01:40:36.255: 113 avg_reward: 828.0
2024-10-14 01:40:36.255: 113 avg_steps: 641.4
2024-10-14 01:40:36.255: 113 epsilon: 0.1
2024-10-14 01:40:36.255: 113 q: 1.0704648
2024-10-14 01:51:15.948: 114 test start:
2024-10-14 01:51:32.700: 114 avg_reward: 1448.0
2024-10-14 01:51:32.700: 114 avg_steps: 834.9
2024-10-14 01:51:32.700: 114 epsilon: 0.1
2024-10-14 01:51:32.700: 114 q: 1.079263
2024-10-14 02:02:10.247: 115 test start:
2024-10-14 02:02:22.339: 115 avg_reward: 798.0
2024-10-14 02:02:22.340: 115 avg_steps: 603.95
2024-10-14 02:02:22.340: 115 epsilon: 0.1
2024-10-14 02:02:22.340: 115 q: 1.0747741
2024-10-14 02:13:01.171: 116 test start:
2024-10-14 02:13:16.600: 116 avg_reward: 1288.0
2024-10-14 02:13:16.600: 116 avg_steps: 767.4
2024-10-14 02:13:16.600: 116 epsilon: 0.1
2024-10-14 02:13:16.600: 116 q: 1.0832254
2024-10-14 02:23:54.762: 117 test start:
2024-10-14 02:24:07.755: 117 avg_reward: 908.0
2024-10-14 02:24:07.755: 117 avg_steps: 637.7
2024-10-14 02:24:07.755: 117 epsilon: 0.1
2024-10-14 02:24:07.755: 117 q: 1.0667932
2024-10-14 02:34:42.342: 118 test start:
2024-10-14 02:34:56.165: 118 avg_reward: 1038.0
2024-10-14 02:34:56.166: 118 avg_steps: 690.3
2024-10-14 02:34:56.166: 118 epsilon: 0.1
2024-10-14 02:34:56.166: 118 q: 1.1029607
2024-10-14 02:45:33.819: 119 test start:
2024-10-14 02:45:49.444: 119 avg_reward: 1358.0
2024-10-14 02:45:49.444: 119 avg_steps: 805.25
2024-10-14 02:45:49.444: 119 epsilon: 0.1
2024-10-14 02:45:49.444: 119 q: 1.0961933
2024-10-14 02:56:23.519: 120 test start:
2024-10-14 02:56:39.773: 120 avg_reward: 1378.0
2024-10-14 02:56:39.773: 120 avg_steps: 808.7
2024-10-14 02:56:39.773: 120 epsilon: 0.1
2024-10-14 02:56:39.773: 120 q: 1.0806731
2024-10-14 03:07:13.351: 121 test start:
2024-10-14 03:07:28.380: 121 avg_reward: 1188.0
2024-10-14 03:07:28.380: 121 avg_steps: 741.65
2024-10-14 03:07:28.380: 121 epsilon: 0.1
2024-10-14 03:07:28.381: 121 q: 1.0562022
2024-10-14 03:18:07.117: 122 test start:
2024-10-14 03:18:21.807: 122 avg_reward: 1118.0
2024-10-14 03:18:21.808: 122 avg_steps: 725.75
2024-10-14 03:18:21.808: 122 epsilon: 0.1
2024-10-14 03:18:21.808: 122 q: 1.0530112
2024-10-14 03:29:06.056: 123 test start:
2024-10-14 03:29:21.248: 123 avg_reward: 1208.0
2024-10-14 03:29:21.248: 123 avg_steps: 753.95
2024-10-14 03:29:21.254: 123 epsilon: 0.1
2024-10-14 03:29:21.254: 123 q: 1.025115
2024-10-14 03:40:07.223: 124 test start:
2024-10-14 03:40:22.594: 124 avg_reward: 1298.0
2024-10-14 03:40:22.594: 124 avg_steps: 767.8
2024-10-14 03:40:22.594: 124 epsilon: 0.1
2024-10-14 03:40:22.594: 124 q: 1.0510106
2024-10-14 03:51:07.066: 125 test start:
2024-10-14 03:51:22.682: 125 avg_reward: 1248.0
2024-10-14 03:51:22.682: 125 avg_steps: 779.45
2024-10-14 03:51:22.682: 125 epsilon: 0.1
2024-10-14 03:51:22.682: 125 q: 1.0741286
2024-10-14 04:02:04.810: 126 test start:
2024-10-14 04:02:27.760: 126 avg_reward: 2428.0
2024-10-14 04:02:27.760: 126 avg_steps: 1123.05
2024-10-14 04:02:27.760: 126 epsilon: 0.1
2024-10-14 04:02:27.760: 126 q: 1.0547588
2024-10-14 04:13:07.000: 127 test start:
2024-10-14 04:13:27.542: 127 avg_reward: 2078.0
2024-10-14 04:13:27.542: 127 avg_steps: 1013.7
2024-10-14 04:13:27.542: 127 epsilon: 0.1
2024-10-14 04:13:27.542: 127 q: 1.0392405
2024-10-14 04:24:05.837: 128 test start:
2024-10-14 04:24:21.138: 128 avg_reward: 1178.0
2024-10-14 04:24:21.139: 128 avg_steps: 758.45
2024-10-14 04:24:21.139: 128 epsilon: 0.1
2024-10-14 04:24:21.139: 128 q: 1.0494816
2024-10-14 04:35:02.501: 129 test start:
2024-10-14 04:35:16.737: 129 avg_reward: 1098.0
2024-10-14 04:35:16.737: 129 avg_steps: 733.75
2024-10-14 04:35:16.737: 129 epsilon: 0.1
2024-10-14 04:35:16.737: 129 q: 1.0841687
2024-10-14 04:46:05.148: 130 test start:
2024-10-14 04:46:18.983: 130 avg_reward: 1098.0
2024-10-14 04:46:18.983: 130 avg_steps: 735.6
2024-10-14 04:46:18.983: 130 epsilon: 0.1
2024-10-14 04:46:18.983: 130 q: 1.0611839
2024-10-14 04:57:01.720: 131 test start:
2024-10-14 04:57:15.725: 131 avg_reward: 978.0
2024-10-14 04:57:15.725: 131 avg_steps: 692.4
2024-10-14 04:57:15.725: 131 epsilon: 0.1
2024-10-14 04:57:15.725: 131 q: 1.0524942
2024-10-14 05:07:50.960: 132 test start:
2024-10-14 05:08:06.329: 132 avg_reward: 1248.0
2024-10-14 05:08:06.329: 132 avg_steps: 762.15
2024-10-14 05:08:06.329: 132 epsilon: 0.1
2024-10-14 05:08:06.329: 132 q: 1.0605696
2024-10-14 05:18:50.433: 133 test start:
2024-10-14 05:19:05.665: 133 avg_reward: 1268.0
2024-10-14 05:19:05.665: 133 avg_steps: 749.7
2024-10-14 05:19:05.665: 133 epsilon: 0.1
2024-10-14 05:19:05.666: 133 q: 1.0574062
2024-10-14 05:29:51.277: 134 test start:
2024-10-14 05:30:04.588: 134 avg_reward: 908.0
2024-10-14 05:30:04.589: 134 avg_steps: 659.05
2024-10-14 05:30:04.589: 134 epsilon: 0.1
2024-10-14 05:30:04.589: 134 q: 1.0774465
2024-10-14 05:40:44.465: 135 test start:
2024-10-14 05:40:59.181: 135 avg_reward: 1138.0
2024-10-14 05:40:59.181: 135 avg_steps: 727.85
2024-10-14 05:40:59.181: 135 epsilon: 0.1
2024-10-14 05:40:59.181: 135 q: 1.0391365
2024-10-14 05:51:38.213: 136 test start:
2024-10-14 05:51:52.915: 136 avg_reward: 1158.0
2024-10-14 05:51:52.915: 136 avg_steps: 731.5
2024-10-14 05:51:52.915: 136 epsilon: 0.1
2024-10-14 05:51:52.915: 136 q: 1.0513984
2024-10-14 06:02:34.933: 137 test start:
2024-10-14 06:02:48.150: 137 avg_reward: 898.0
2024-10-14 06:02:48.150: 137 avg_steps: 652.6
2024-10-14 06:02:48.150: 137 epsilon: 0.1
2024-10-14 06:02:48.150: 137 q: 1.0589718
2024-10-14 06:13:27.406: 138 test start:
2024-10-14 06:13:41.394: 138 avg_reward: 1018.0
2024-10-14 06:13:41.394: 138 avg_steps: 692.15
2024-10-14 06:13:41.394: 138 epsilon: 0.1
2024-10-14 06:13:41.394: 138 q: 1.0575271
2024-10-14 06:24:19.261: 139 test start:
2024-10-14 06:24:33.047: 139 avg_reward: 988.0
2024-10-14 06:24:33.047: 139 avg_steps: 704.05
2024-10-14 06:24:33.047: 139 epsilon: 0.1
2024-10-14 06:24:33.047: 139 q: 1.0397676
2024-10-14 06:35:10.919: 140 test start:
2024-10-14 06:35:30.355: 140 avg_reward: 1908.0
2024-10-14 06:35:30.356: 140 avg_steps: 981.05
2024-10-14 06:35:30.356: 140 epsilon: 0.1
2024-10-14 06:35:30.356: 140 q: 1.0607011
2024-10-14 06:46:03.863: 141 test start:
2024-10-14 06:46:19.197: 141 avg_reward: 1218.0
2024-10-14 06:46:19.198: 141 avg_steps: 767.9
2024-10-14 06:46:19.198: 141 epsilon: 0.1
2024-10-14 06:46:19.198: 141 q: 1.0627066
2024-10-14 06:56:57.000: 142 test start:
2024-10-14 06:57:11.646: 142 avg_reward: 1218.0
2024-10-14 06:57:11.646: 142 avg_steps: 754.1
2024-10-14 06:57:11.646: 142 epsilon: 0.1
2024-10-14 06:57:11.646: 142 q: 1.0499076
2024-10-14 07:07:51.693: 143 test start:
2024-10-14 07:08:09.007: 143 avg_reward: 1758.0
2024-10-14 07:08:09.008: 143 avg_steps: 898.5
2024-10-14 07:08:09.008: 143 epsilon: 0.1
2024-10-14 07:08:09.008: 143 q: 1.0717967
2024-10-14 07:18:43.929: 144 test start:
2024-10-14 07:18:59.593: 144 avg_reward: 1228.0
2024-10-14 07:18:59.594: 144 avg_steps: 770.85
2024-10-14 07:18:59.594: 144 epsilon: 0.1
2024-10-14 07:18:59.594: 144 q: 1.0422317
2024-10-14 07:29:29.130: 145 test start:
2024-10-14 07:29:50.008: 145 avg_reward: 2298.0
2024-10-14 07:29:50.008: 145 avg_steps: 1074.1
2024-10-14 07:29:50.008: 145 epsilon: 0.1
2024-10-14 07:29:50.008: 145 q: 1.0265061
2024-10-14 07:40:34.465: 146 test start:
2024-10-14 07:40:48.186: 146 avg_reward: 1008.0
2024-10-14 07:40:48.186: 146 avg_steps: 698.5
2024-10-14 07:40:48.187: 146 epsilon: 0.1
2024-10-14 07:40:48.187: 146 q: 1.0572245
2024-10-14 07:51:13.323: 147 test start:
2024-10-14 07:51:31.529: 147 avg_reward: 1848.0
2024-10-14 07:51:31.530: 147 avg_steps: 928.9
2024-10-14 07:51:31.530: 147 epsilon: 0.1
2024-10-14 07:51:31.530: 147 q: 1.0414261
2024-10-14 08:02:10.139: 148 test start:
2024-10-14 08:02:25.775: 148 avg_reward: 1338.0
2024-10-14 08:02:25.775: 148 avg_steps: 774.95
2024-10-14 08:02:25.775: 148 epsilon: 0.1
2024-10-14 08:02:25.776: 148 q: 1.0597367
2024-10-14 08:12:31.773: 149 test start:
2024-10-14 08:12:46.012: 149 avg_reward: 1128.0
2024-10-14 08:12:46.013: 149 avg_steps: 711.65
2024-10-14 08:12:46.013: 149 epsilon: 0.1
2024-10-14 08:12:46.013: 149 q: 1.0732198
2024-10-14 08:23:24.054: 150 test start:
2024-10-14 08:23:44.783: 150 avg_reward: 2438.0
2024-10-14 08:23:44.783: 150 avg_steps: 1073.9
2024-10-14 08:23:44.784: 150 epsilon: 0.1
2024-10-14 08:23:44.784: 150 q: 1.056342
2024-10-14 08:33:53.054: 151 test start:
2024-10-14 08:34:11.177: 151 avg_reward: 1678.0
2024-10-14 08:34:11.177: 151 avg_steps: 895.4
2024-10-14 08:34:11.177: 151 epsilon: 0.1
2024-10-14 08:34:11.177: 151 q: 1.0810915
2024-10-14 08:44:38.444: 152 test start:
2024-10-14 08:44:50.067: 152 avg_reward: 738.0
2024-10-14 08:44:50.067: 152 avg_steps: 592.35
2024-10-14 08:44:50.067: 152 epsilon: 0.1
2024-10-14 08:44:50.067: 152 q: 1.0447204
2024-10-14 08:55:09.329: 153 test start:
2024-10-14 08:55:24.295: 153 avg_reward: 1188.0
2024-10-14 08:55:24.296: 153 avg_steps: 736.95
2024-10-14 08:55:24.296: 153 epsilon: 0.1
2024-10-14 08:55:24.296: 153 q: 1.0448585
2024-10-14 09:05:47.073: 154 test start:
2024-10-14 09:06:05.137: 154 avg_reward: 1968.0
2024-10-14 09:06:05.138: 154 avg_steps: 926.15
2024-10-14 09:06:05.138: 154 epsilon: 0.1
2024-10-14 09:06:05.138: 154 q: 1.0549953
2024-10-14 09:16:26.862: 155 test start:
2024-10-14 09:16:44.205: 155 avg_reward: 1718.0
2024-10-14 09:16:44.206: 155 avg_steps: 848.3
2024-10-14 09:16:44.206: 155 epsilon: 0.1
2024-10-14 09:16:44.206: 155 q: 1.0476135
2024-10-14 09:26:55.767: 156 test start:
2024-10-14 09:27:25.536: 156 avg_reward: 3988.0
2024-10-14 09:27:25.536: 156 avg_steps: 1510.85
2024-10-14 09:27:25.536: 156 epsilon: 0.1
2024-10-14 09:27:25.536: 156 q: 1.0126461
2024-10-14 09:38:00.034: 157 test start:
2024-10-14 09:38:15.857: 157 avg_reward: 1468.0
2024-10-14 09:38:15.858: 157 avg_steps: 779.7
2024-10-14 09:38:15.858: 157 epsilon: 0.1
2024-10-14 09:38:15.858: 157 q: 1.0367788
2024-10-14 09:48:16.824: 158 test start:
2024-10-14 09:48:35.860: 158 avg_reward: 1968.0
2024-10-14 09:48:35.860: 158 avg_steps: 933.25
2024-10-14 09:48:35.860: 158 epsilon: 0.1
2024-10-14 09:48:35.860: 158 q: 1.0916204
2024-10-14 09:59:09.755: 159 test start:
2024-10-14 09:59:32.190: 159 avg_reward: 2898.0
2024-10-14 09:59:32.190: 159 avg_steps: 1129.1
2024-10-14 09:59:32.190: 159 epsilon: 0.1
2024-10-14 09:59:32.190: 159 q: 1.0932251
2024-10-14 10:09:42.918: 160 test start:
2024-10-14 10:09:59.636: 160 avg_reward: 1528.0
2024-10-14 10:09:59.636: 160 avg_steps: 815.7
2024-10-14 10:09:59.636: 160 epsilon: 0.1
2024-10-14 10:09:59.636: 160 q: 1.1125002
2024-10-14 10:20:29.950: 161 test start:
2024-10-14 10:20:45.738: 161 avg_reward: 1428.0
2024-10-14 10:20:45.738: 161 avg_steps: 804.0
2024-10-14 10:20:45.738: 161 epsilon: 0.1
2024-10-14 10:20:45.738: 161 q: 1.0734037
2024-10-14 10:31:00.352: 162 test start:
2024-10-14 10:31:17.703: 162 avg_reward: 1758.0
2024-10-14 10:31:17.703: 162 avg_steps: 883.55
2024-10-14 10:31:17.703: 162 epsilon: 0.1
2024-10-14 10:31:17.703: 162 q: 1.1047246
2024-10-14 10:41:38.288: 163 test start:
2024-10-14 10:41:52.861: 163 avg_reward: 1298.0
2024-10-14 10:41:52.861: 163 avg_steps: 745.95
2024-10-14 10:41:52.861: 163 epsilon: 0.1
2024-10-14 10:41:52.861: 163 q: 1.0975049
2024-10-14 10:52:15.121: 164 test start:
2024-10-14 10:52:33.674: 164 avg_reward: 1938.0
2024-10-14 10:52:33.675: 164 avg_steps: 904.8
2024-10-14 10:52:33.675: 164 epsilon: 0.1
2024-10-14 10:52:33.675: 164 q: 1.0909368
2024-10-14 11:02:38.279: 165 test start:
2024-10-14 11:03:00.471: 165 avg_reward: 2698.0
2024-10-14 11:03:00.471: 165 avg_steps: 1124.85
2024-10-14 11:03:00.471: 165 epsilon: 0.1
2024-10-14 11:03:00.471: 165 q: 1.0955803
2024-10-14 11:13:37.415: 166 test start:
2024-10-14 11:13:57.572: 166 avg_reward: 2308.0
2024-10-14 11:13:57.572: 166 avg_steps: 1007.3
2024-10-14 11:13:57.572: 166 epsilon: 0.1
2024-10-14 11:13:57.572: 166 q: 1.0838856
2024-10-14 11:24:02.727: 167 test start:
2024-10-14 11:24:18.587: 167 avg_reward: 1368.0
2024-10-14 11:24:18.588: 167 avg_steps: 772.95
2024-10-14 11:24:18.588: 167 epsilon: 0.1
2024-10-14 11:24:18.588: 167 q: 1.115636
2024-10-14 11:34:50.819: 168 test start:
2024-10-14 11:35:04.765: 168 avg_reward: 1158.0
2024-10-14 11:35:04.765: 168 avg_steps: 698.05
2024-10-14 11:35:04.765: 168 epsilon: 0.1
2024-10-14 11:35:04.765: 168 q: 1.1046047
2024-10-14 11:45:11.788: 169 test start:
2024-10-14 11:45:24.778: 169 avg_reward: 948.0
2024-10-14 11:45:24.778: 169 avg_steps: 634.3
2024-10-14 11:45:24.778: 169 epsilon: 0.1
2024-10-14 11:45:24.778: 169 q: 1.1305509
2024-10-14 11:55:51.204: 170 test start:
2024-10-14 11:56:09.850: 170 avg_reward: 2038.0
2024-10-14 11:56:09.850: 170 avg_steps: 938.8
2024-10-14 11:56:09.850: 170 epsilon: 0.1
2024-10-14 11:56:09.850: 170 q: 1.1202244
2024-10-14 12:06:23.290: 171 test start:
2024-10-14 12:06:43.730: 171 avg_reward: 2418.0
2024-10-14 12:06:43.731: 171 avg_steps: 1000.45
2024-10-14 12:06:43.731: 171 epsilon: 0.1
2024-10-14 12:06:43.731: 171 q: 1.1039172
2024-10-14 12:17:03.613: 172 test start:
2024-10-14 12:17:23.759: 172 avg_reward: 2418.0
2024-10-14 12:17:23.760: 172 avg_steps: 1028.55
2024-10-14 12:17:23.760: 172 epsilon: 0.1
2024-10-14 12:17:23.760: 172 q: 1.1075318
2024-10-14 12:27:48.461: 173 test start:
2024-10-14 12:28:14.130: 173 avg_reward: 3548.0
2024-10-14 12:28:14.130: 173 avg_steps: 1262.0
2024-10-14 12:28:14.130: 173 epsilon: 0.1
2024-10-14 12:28:14.130: 173 q: 1.1003103
2024-10-14 12:38:20.852: 174 test start:
2024-10-14 12:38:48.073: 174 avg_reward: 3868.0
2024-10-14 12:38:48.073: 174 avg_steps: 1372.2
2024-10-14 12:38:48.073: 174 epsilon: 0.1
2024-10-14 12:38:48.073: 174 q: 1.1543893
2024-10-14 12:49:25.707: 175 test start:
2024-10-14 12:49:42.245: 175 avg_reward: 1698.0
2024-10-14 12:49:42.245: 175 avg_steps: 815.5
2024-10-14 12:49:42.245: 175 epsilon: 0.1
2024-10-14 12:49:42.245: 175 q: 1.1193084
2024-10-14 12:59:44.519: 176 test start:
2024-10-14 13:00:08.379: 176 avg_reward: 3138.0
2024-10-14 13:00:08.379: 176 avg_steps: 1183.05
2024-10-14 13:00:08.385: 176 epsilon: 0.1
2024-10-14 13:00:08.385: 176 q: 1.1887698
2024-10-14 13:10:45.188: 177 test start:
2024-10-14 13:11:02.038: 177 avg_reward: 1768.0
2024-10-14 13:11:02.038: 177 avg_steps: 859.15
2024-10-14 13:11:02.038: 177 epsilon: 0.1
2024-10-14 13:11:02.038: 177 q: 1.171352
2024-10-14 13:21:09.251: 178 test start:
2024-10-14 13:21:25.185: 178 avg_reward: 1598.0
2024-10-14 13:21:25.186: 178 avg_steps: 812.1
2024-10-14 13:21:25.191: 178 epsilon: 0.1
2024-10-14 13:21:25.191: 178 q: 1.1308107
2024-10-14 13:31:51.793: 179 test start:
2024-10-14 13:32:10.547: 179 avg_reward: 2228.0
2024-10-14 13:32:10.547: 179 avg_steps: 961.75
2024-10-14 13:32:10.547: 179 epsilon: 0.1
2024-10-14 13:32:10.547: 179 q: 1.1929578
2024-10-14 13:42:25.533: 180 test start:
2024-10-14 13:42:40.294: 180 avg_reward: 1478.0
2024-10-14 13:42:40.295: 180 avg_steps: 746.75
2024-10-14 13:42:40.295: 180 epsilon: 0.1
2024-10-14 13:42:40.295: 180 q: 1.204687
2024-10-14 13:52:54.771: 181 test start:
2024-10-14 13:53:20.569: 181 avg_reward: 3568.0
2024-10-14 13:53:20.570: 181 avg_steps: 1307.7
2024-10-14 13:53:20.570: 181 epsilon: 0.1
2024-10-14 13:53:20.570: 181 q: 1.1342719
2024-10-14 14:03:43.341: 182 test start:
2024-10-14 14:04:27.224: 182 avg_reward: 7078.0
2024-10-14 14:04:27.224: 182 avg_steps: 2155.5
2024-10-14 14:04:27.224: 182 epsilon: 0.1
2024-10-14 14:04:27.224: 182 q: 1.1287909
2024-10-14 14:14:30.049: 183 test start:
2024-10-14 14:14:46.233: 183 avg_reward: 1838.0
2024-10-14 14:14:46.233: 183 avg_steps: 829.4
2024-10-14 14:14:46.233: 183 epsilon: 0.1
2024-10-14 14:14:46.233: 183 q: 1.140054
2024-10-14 14:25:19.837: 184 test start:
2024-10-14 14:25:49.611: 184 avg_reward: 4258.0
2024-10-14 14:25:49.611: 184 avg_steps: 1466.8
2024-10-14 14:25:49.611: 184 epsilon: 0.1
2024-10-14 14:25:49.611: 184 q: 1.1592916
2024-10-14 14:35:51.326: 185 test start:
2024-10-14 14:36:19.655: 185 avg_reward: 3948.0
2024-10-14 14:36:19.655: 185 avg_steps: 1406.3
2024-10-14 14:36:19.655: 185 epsilon: 0.1
2024-10-14 14:36:19.655: 185 q: 1.1548884
2024-10-14 14:46:47.090: 186 test start:
2024-10-14 14:47:07.931: 186 avg_reward: 2648.0
2024-10-14 14:47:07.931: 186 avg_steps: 1055.95
2024-10-14 14:47:07.931: 186 epsilon: 0.1
2024-10-14 14:47:07.931: 186 q: 1.1598519
2024-10-14 14:57:14.511: 187 test start:
2024-10-14 14:57:32.526: 187 avg_reward: 2008.0
2024-10-14 14:57:32.526: 187 avg_steps: 896.6
2024-10-14 14:57:32.526: 187 epsilon: 0.1
2024-10-14 14:57:32.526: 187 q: 1.1343198
2024-10-14 15:07:58.669: 188 test start:
2024-10-14 15:08:27.405: 188 avg_reward: 4198.0
2024-10-14 15:08:27.405: 188 avg_steps: 1454.75
2024-10-14 15:08:27.405: 188 epsilon: 0.1
2024-10-14 15:08:27.405: 188 q: 1.1427263
2024-10-14 15:18:37.901: 189 test start:
2024-10-14 15:19:00.612: 189 avg_reward: 3018.0
2024-10-14 15:19:00.613: 189 avg_steps: 1136.75
2024-10-14 15:19:00.613: 189 epsilon: 0.1
2024-10-14 15:19:00.613: 189 q: 1.1187952
2024-10-14 15:29:18.229: 190 test start:
2024-10-14 15:29:37.808: 190 avg_reward: 2588.0
2024-10-14 15:29:37.808: 190 avg_steps: 1009.15
2024-10-14 15:29:37.808: 190 epsilon: 0.1
2024-10-14 15:29:37.808: 190 q: 1.1072693
2024-10-14 15:39:57.425: 191 test start:
2024-10-14 15:40:18.059: 191 avg_reward: 2498.0
2024-10-14 15:40:18.060: 191 avg_steps: 1016.9
2024-10-14 15:40:18.060: 191 epsilon: 0.1
2024-10-14 15:40:18.060: 191 q: 1.0968379
2024-10-14 15:50:25.615: 192 test start:
2024-10-14 15:50:44.006: 192 avg_reward: 2128.0
2024-10-14 15:50:44.006: 192 avg_steps: 945.8
2024-10-14 15:50:44.006: 192 epsilon: 0.1
2024-10-14 15:50:44.006: 192 q: 1.0990807
2024-10-14 16:01:11.490: 193 test start:
2024-10-14 16:01:31.542: 193 avg_reward: 2588.0
2024-10-14 16:01:31.542: 193 avg_steps: 992.45
2024-10-14 16:01:31.542: 193 epsilon: 0.1
2024-10-14 16:01:31.542: 193 q: 1.1394519
2024-10-14 16:11:31.689: 194 test start:
2024-10-14 16:12:01.937: 194 avg_reward: 4398.0
2024-10-14 16:12:01.937: 194 avg_steps: 1497.15
2024-10-14 16:12:01.937: 194 epsilon: 0.1
2024-10-14 16:12:01.937: 194 q: 1.1535459
2024-10-14 16:22:34.775: 195 test start:
2024-10-14 16:22:54.133: 195 avg_reward: 2568.0
2024-10-14 16:22:54.133: 195 avg_steps: 994.4
2024-10-14 16:22:54.133: 195 epsilon: 0.1
2024-10-14 16:22:54.133: 195 q: 1.1368886
2024-10-14 16:33:00.591: 196 test start:
2024-10-14 16:33:22.328: 196 avg_reward: 3128.0
2024-10-14 16:33:22.328: 196 avg_steps: 1155.95
2024-10-14 16:33:22.328: 196 epsilon: 0.1
2024-10-14 16:33:22.328: 196 q: 1.1245838
2024-10-14 16:43:51.257: 197 test start:
2024-10-14 16:44:12.720: 197 avg_reward: 3118.0
2024-10-14 16:44:12.720: 197 avg_steps: 1135.0
2024-10-14 16:44:12.720: 197 epsilon: 0.1
2024-10-14 16:44:12.720: 197 q: 1.1491565
2024-10-14 16:54:21.861: 198 test start:
2024-10-14 16:54:47.471: 198 avg_reward: 3798.0
2024-10-14 16:54:47.471: 198 avg_steps: 1309.25
2024-10-14 16:54:47.471: 198 epsilon: 0.1
2024-10-14 16:54:47.471: 198 q: 1.1054324
2024-10-14 17:05:00.142: 199 test start:
2024-10-14 17:05:32.043: 199 avg_reward: 5218.0
2024-10-14 17:05:32.044: 199 avg_steps: 1657.5
2024-10-14 17:05:32.044: 199 epsilon: 0.1
2024-10-14 17:05:32.044: 199 q: 1.1410006
2024-10-14 17:15:55.927: 200 test start:
2024-10-14 17:16:20.529: 200 avg_reward: 3508.0
2024-10-14 17:16:20.529: 200 avg_steps: 1250.65
2024-10-14 17:16:20.529: 200 epsilon: 0.1
2024-10-14 17:16:20.529: 200 q: 1.1382531
