2024-05-01 10:09:25.764: 
parameters:agent_saving_period: 80000
agent_test_episodes: 20
batch_num_per_epoch: 100000
device: cuda:0
env_name: ALE/SpaceInvaders-v5
epsilon_for_test: 0.05
epsilon_max: 1.0
epsilon_min: 0.1
exploration_steps: 1000000
gamma: 0.99
input_frame_height: 84
input_frame_width: 84
learning_rate: 1.0e-05
log_path: ../exps/dqn/
mini_batch_size: 32
no_op: 30
phi_channel: 4
replay_buffer_size: 200000
replay_start_size: 10000
save_path: ./exps/
skip_k_frame: 4
step_c: 10000
training_steps: 50000000

2024-05-01 10:23:38.938: 1 test start:
2024-05-01 10:24:04.133: 1 avg_reward: 217.75
2024-05-01 10:24:04.133: 1 avg_steps: 719.6
2024-05-01 10:24:04.133: 1 epsilon: 0.9234793
2024-05-01 10:42:09.726: 2 test start:
2024-05-01 10:42:31.053: 2 avg_reward: 179.25
2024-05-01 10:42:31.053: 2 avg_steps: 611.55
2024-05-01 10:42:31.053: 2 epsilon: 0.8389675
2024-05-01 11:01:59.807: 3 test start:
2024-05-01 11:02:22.792: 3 avg_reward: 231.5
2024-05-01 11:02:22.792: 3 avg_steps: 639.65
2024-05-01 11:02:22.792: 3 epsilon: 0.7539913
2024-05-01 11:21:56.400: 4 test start:
2024-05-01 11:22:18.397: 4 avg_reward: 227.75
2024-05-01 11:22:18.397: 4 avg_steps: 607.4
2024-05-01 11:22:18.397: 4 epsilon: 0.6689611
2024-05-01 11:41:48.888: 5 test start:
2024-05-01 11:42:15.502: 5 avg_reward: 266.75
2024-05-01 11:42:15.503: 5 avg_steps: 719.95
2024-05-01 11:42:15.503: 5 epsilon: 0.5833197999999999
2024-05-01 12:01:53.181: 6 test start:
2024-05-01 12:02:13.369: 6 avg_reward: 249.0
2024-05-01 12:02:13.369: 6 avg_steps: 561.35
2024-05-01 12:02:13.369: 6 epsilon: 0.4981411
2024-05-01 12:21:23.070: 7 test start:
2024-05-01 12:21:47.433: 7 avg_reward: 394.25
2024-05-01 12:21:47.433: 7 avg_steps: 680.95
2024-05-01 12:21:47.433: 7 epsilon: 0.4124916999999999
2024-05-01 12:41:15.788: 8 test start:
2024-05-01 12:41:37.393: 8 avg_reward: 332.75
2024-05-01 12:41:37.394: 8 avg_steps: 621.7
2024-05-01 12:41:37.394: 8 epsilon: 0.3270546999999999
2024-05-01 13:00:47.160: 9 test start:
2024-05-01 13:01:10.781: 9 avg_reward: 325.75
2024-05-01 13:01:10.781: 9 avg_steps: 648.7
2024-05-01 13:01:10.781: 9 epsilon: 0.24162039999999996
2024-05-01 13:20:32.822: 10 test start:
2024-05-01 13:20:55.099: 10 avg_reward: 336.75
2024-05-01 13:20:55.099: 10 avg_steps: 631.7
2024-05-01 13:20:55.099: 10 epsilon: 0.15554349999999995
2024-05-01 13:40:20.054: 11 test start:
2024-05-01 13:40:39.541: 11 avg_reward: 285.75
2024-05-01 13:40:39.541: 11 avg_steps: 550.0
2024-05-01 13:40:39.541: 11 epsilon: 0.1
2024-05-01 14:00:08.501: 12 test start:
2024-05-01 14:00:32.178: 12 avg_reward: 418.75
2024-05-01 14:00:32.178: 12 avg_steps: 688.5
2024-05-01 14:00:32.178: 12 epsilon: 0.1
2024-05-01 14:19:53.356: 13 test start:
2024-05-01 14:20:15.499: 13 avg_reward: 358.75
2024-05-01 14:20:15.499: 13 avg_steps: 618.8
2024-05-01 14:20:15.499: 13 epsilon: 0.1
2024-05-01 14:39:30.938: 14 test start:
2024-05-01 14:39:54.394: 14 avg_reward: 421.25
2024-05-01 14:39:54.394: 14 avg_steps: 661.95
2024-05-01 14:39:54.394: 14 epsilon: 0.1
2024-05-01 14:59:18.420: 15 test start:
2024-05-01 14:59:42.445: 15 avg_reward: 410.0
2024-05-01 14:59:42.445: 15 avg_steps: 653.25
2024-05-01 14:59:42.445: 15 epsilon: 0.1
2024-05-01 15:18:59.095: 16 test start:
2024-05-01 15:19:23.114: 16 avg_reward: 451.5
2024-05-01 15:19:23.114: 16 avg_steps: 688.8
2024-05-01 15:19:23.114: 16 epsilon: 0.1
2024-05-01 15:38:22.939: 17 test start:
2024-05-01 15:38:47.124: 17 avg_reward: 476.25
2024-05-01 15:38:47.124: 17 avg_steps: 703.95
2024-05-01 15:38:47.124: 17 epsilon: 0.1
2024-05-01 15:57:55.725: 18 test start:
2024-05-01 15:58:15.717: 18 avg_reward: 377.75
2024-05-01 15:58:15.717: 18 avg_steps: 551.65
2024-05-01 15:58:15.717: 18 epsilon: 0.1
2024-05-01 16:17:14.648: 19 test start:
2024-05-01 16:17:39.159: 19 avg_reward: 469.5
2024-05-01 16:17:39.159: 19 avg_steps: 711.15
2024-05-01 16:17:39.159: 19 epsilon: 0.1
2024-05-01 16:36:48.370: 20 test start:
2024-05-01 16:37:13.839: 20 avg_reward: 479.75
2024-05-01 16:37:13.839: 20 avg_steps: 719.1
2024-05-01 16:37:13.839: 20 epsilon: 0.1
2024-05-01 16:56:05.571: 21 test start:
2024-05-01 16:56:30.516: 21 avg_reward: 475.0
2024-05-01 16:56:30.516: 21 avg_steps: 704.55
2024-05-01 16:56:30.516: 21 epsilon: 0.1
2024-05-01 17:15:39.511: 22 test start:
2024-05-01 17:16:01.121: 22 avg_reward: 393.5
2024-05-01 17:16:01.121: 22 avg_steps: 618.5
2024-05-01 17:16:01.121: 22 epsilon: 0.1
2024-05-01 17:34:52.986: 23 test start:
2024-05-01 17:35:14.930: 23 avg_reward: 438.0
2024-05-01 17:35:14.930: 23 avg_steps: 616.45
2024-05-01 17:35:14.930: 23 epsilon: 0.1
2024-05-01 17:54:27.006: 24 test start:
2024-05-01 17:54:49.123: 24 avg_reward: 468.5
2024-05-01 17:54:49.123: 24 avg_steps: 627.25
2024-05-01 17:54:49.123: 24 epsilon: 0.1
2024-05-01 18:13:50.158: 25 test start:
2024-05-01 18:14:15.022: 25 avg_reward: 463.25
2024-05-01 18:14:15.022: 25 avg_steps: 697.35
2024-05-01 18:14:15.022: 25 epsilon: 0.1
2024-05-01 18:33:23.351: 26 test start:
2024-05-01 18:33:47.350: 26 avg_reward: 471.0
2024-05-01 18:33:47.350: 26 avg_steps: 694.9
2024-05-01 18:33:47.350: 26 epsilon: 0.1
2024-05-01 18:52:45.822: 27 test start:
2024-05-01 18:53:10.576: 27 avg_reward: 485.25
2024-05-01 18:53:10.576: 27 avg_steps: 707.8
2024-05-01 18:53:10.576: 27 epsilon: 0.1
2024-05-01 19:12:05.456: 28 test start:
2024-05-01 19:12:29.039: 28 avg_reward: 520.25
2024-05-01 19:12:29.039: 28 avg_steps: 669.5
2024-05-01 19:12:29.039: 28 epsilon: 0.1
2024-05-01 19:31:40.099: 29 test start:
2024-05-01 19:32:06.173: 29 avg_reward: 478.5
2024-05-01 19:32:06.174: 29 avg_steps: 762.3
2024-05-01 19:32:06.174: 29 epsilon: 0.1
2024-05-01 19:50:33.334: 30 test start:
2024-05-01 19:50:56.762: 30 avg_reward: 430.0
2024-05-01 19:50:56.762: 30 avg_steps: 658.35
2024-05-01 19:50:56.762: 30 epsilon: 0.1
2024-05-01 20:10:07.204: 31 test start:
2024-05-01 20:10:30.607: 31 avg_reward: 466.25
2024-05-01 20:10:30.607: 31 avg_steps: 677.55
2024-05-01 20:10:30.607: 31 epsilon: 0.1
2024-05-01 20:30:08.105: 32 test start:
2024-05-01 20:30:31.559: 32 avg_reward: 510.5
2024-05-01 20:30:31.559: 32 avg_steps: 683.95
2024-05-01 20:30:31.559: 32 epsilon: 0.1
2024-05-01 20:49:46.034: 33 test start:
2024-05-01 20:50:12.966: 33 avg_reward: 555.75
2024-05-01 20:50:12.966: 33 avg_steps: 764.3
2024-05-01 20:50:12.966: 33 epsilon: 0.1
2024-05-01 21:09:22.388: 34 test start:
2024-05-01 21:09:46.131: 34 avg_reward: 474.75
2024-05-01 21:09:46.131: 34 avg_steps: 688.45
2024-05-01 21:09:46.131: 34 epsilon: 0.1
2024-05-01 21:28:53.640: 35 test start:
2024-05-01 21:29:18.991: 35 avg_reward: 492.25
2024-05-01 21:29:18.991: 35 avg_steps: 715.55
2024-05-01 21:29:18.991: 35 epsilon: 0.1
2024-05-01 21:48:07.907: 36 test start:
2024-05-01 21:48:32.136: 36 avg_reward: 475.5
2024-05-01 21:48:32.136: 36 avg_steps: 687.65
2024-05-01 21:48:32.136: 36 epsilon: 0.1
2024-05-01 22:07:36.471: 37 test start:
2024-05-01 22:08:02.180: 37 avg_reward: 537.0
2024-05-01 22:08:02.180: 37 avg_steps: 731.2
2024-05-01 22:08:02.180: 37 epsilon: 0.1
2024-05-01 22:27:06.768: 38 test start:
2024-05-01 22:27:31.886: 38 avg_reward: 516.0
2024-05-01 22:27:31.886: 38 avg_steps: 733.35
2024-05-01 22:27:31.886: 38 epsilon: 0.1
2024-05-01 22:46:37.119: 39 test start:
2024-05-01 22:46:58.772: 39 avg_reward: 422.75
2024-05-01 22:46:58.772: 39 avg_steps: 622.6
2024-05-01 22:46:58.772: 39 epsilon: 0.1
2024-05-01 23:05:52.650: 40 test start:
2024-05-01 23:06:19.885: 40 avg_reward: 567.5
2024-05-01 23:06:19.885: 40 avg_steps: 776.05
2024-05-01 23:06:19.885: 40 epsilon: 0.1
2024-05-01 23:25:21.295: 41 test start:
2024-05-01 23:25:46.148: 41 avg_reward: 501.75
2024-05-01 23:25:46.148: 41 avg_steps: 697.85
2024-05-01 23:25:46.148: 41 epsilon: 0.1
2024-05-01 23:44:49.591: 42 test start:
2024-05-01 23:45:16.222: 42 avg_reward: 565.25
2024-05-01 23:45:16.222: 42 avg_steps: 754.75
2024-05-01 23:45:16.222: 42 epsilon: 0.1
2024-05-02 00:04:05.587: 43 test start:
2024-05-02 00:04:32.496: 43 avg_reward: 575.75
2024-05-02 00:04:32.496: 43 avg_steps: 780.3
2024-05-02 00:04:32.496: 43 epsilon: 0.1
2024-05-02 00:23:37.350: 44 test start:
2024-05-02 00:24:02.520: 44 avg_reward: 551.5
2024-05-02 00:24:02.520: 44 avg_steps: 723.2
2024-05-02 00:24:02.520: 44 epsilon: 0.1
2024-05-02 00:43:08.618: 45 test start:
2024-05-02 00:43:31.839: 45 avg_reward: 448.75
2024-05-02 00:43:31.839: 45 avg_steps: 670.55
2024-05-02 00:43:31.839: 45 epsilon: 0.1
2024-05-02 01:02:54.318: 46 test start:
2024-05-02 01:03:17.394: 46 avg_reward: 481.5
2024-05-02 01:03:17.394: 46 avg_steps: 669.7
2024-05-02 01:03:17.394: 46 epsilon: 0.1
2024-05-02 01:22:27.815: 47 test start:
2024-05-02 01:22:53.327: 47 avg_reward: 535.75
2024-05-02 01:22:53.328: 47 avg_steps: 730.55
2024-05-02 01:22:53.328: 47 epsilon: 0.1
2024-05-02 01:41:56.759: 48 test start:
2024-05-02 01:42:21.091: 48 avg_reward: 509.5
2024-05-02 01:42:21.091: 48 avg_steps: 694.65
2024-05-02 01:42:21.091: 48 epsilon: 0.1
2024-05-02 02:01:23.342: 49 test start:
2024-05-02 02:01:48.615: 49 avg_reward: 531.0
2024-05-02 02:01:48.615: 49 avg_steps: 730.2
2024-05-02 02:01:48.615: 49 epsilon: 0.1
2024-05-02 02:20:28.408: 50 test start:
2024-05-02 02:20:53.731: 50 avg_reward: 527.0
2024-05-02 02:20:53.731: 50 avg_steps: 729.95
2024-05-02 02:20:53.731: 50 epsilon: 0.1
2024-05-02 02:39:56.221: 51 test start:
2024-05-02 02:40:21.109: 51 avg_reward: 516.0
2024-05-02 02:40:21.109: 51 avg_steps: 706.4
2024-05-02 02:40:21.109: 51 epsilon: 0.1
2024-05-02 02:59:21.438: 52 test start:
2024-05-02 02:59:45.519: 52 avg_reward: 507.5
2024-05-02 02:59:45.519: 52 avg_steps: 694.25
2024-05-02 02:59:45.519: 52 epsilon: 0.1
2024-05-02 03:18:54.875: 53 test start:
2024-05-02 03:19:20.485: 53 avg_reward: 544.0
2024-05-02 03:19:20.486: 53 avg_steps: 727.6
2024-05-02 03:19:20.486: 53 epsilon: 0.1
2024-05-02 03:38:15.712: 54 test start:
2024-05-02 03:38:38.721: 54 avg_reward: 468.5
2024-05-02 03:38:38.721: 54 avg_steps: 668.3
2024-05-02 03:38:38.721: 54 epsilon: 0.1
2024-05-02 03:57:25.067: 55 test start:
2024-05-02 03:57:50.302: 55 avg_reward: 554.75
2024-05-02 03:57:50.302: 55 avg_steps: 724.2
2024-05-02 03:57:50.302: 55 epsilon: 0.1
2024-05-02 04:16:45.288: 56 test start:
2024-05-02 04:17:10.544: 56 avg_reward: 516.25
2024-05-02 04:17:10.544: 56 avg_steps: 723.6
2024-05-02 04:17:10.544: 56 epsilon: 0.1
2024-05-02 04:36:28.701: 57 test start:
2024-05-02 04:36:55.460: 57 avg_reward: 524.25
2024-05-02 04:36:55.460: 57 avg_steps: 742.25
2024-05-02 04:36:55.460: 57 epsilon: 0.1
2024-05-02 04:55:45.268: 58 test start:
2024-05-02 04:56:13.090: 58 avg_reward: 626.5
2024-05-02 04:56:13.090: 58 avg_steps: 798.5
2024-05-02 04:56:13.090: 58 epsilon: 0.1
2024-05-02 05:15:07.787: 59 test start:
2024-05-02 05:15:32.284: 59 avg_reward: 503.5
2024-05-02 05:15:32.284: 59 avg_steps: 702.05
2024-05-02 05:15:32.285: 59 epsilon: 0.1
2024-05-02 05:34:30.989: 60 test start:
2024-05-02 05:34:55.073: 60 avg_reward: 500.75
2024-05-02 05:34:55.073: 60 avg_steps: 690.1
2024-05-02 05:34:55.073: 60 epsilon: 0.1
2024-05-02 05:53:42.328: 61 test start:
2024-05-02 05:54:06.432: 61 avg_reward: 499.75
2024-05-02 05:54:06.432: 61 avg_steps: 690.25
2024-05-02 05:54:06.432: 61 epsilon: 0.1
2024-05-02 06:13:11.556: 62 test start:
2024-05-02 06:13:36.317: 62 avg_reward: 525.0
2024-05-02 06:13:36.317: 62 avg_steps: 724.7
2024-05-02 06:13:36.317: 62 epsilon: 0.1
2024-05-02 06:32:27.484: 63 test start:
2024-05-02 06:32:53.492: 63 avg_reward: 512.0
2024-05-02 06:32:53.492: 63 avg_steps: 763.6
2024-05-02 06:32:53.492: 63 epsilon: 0.1
2024-05-02 06:51:32.268: 64 test start:
2024-05-02 06:51:56.367: 64 avg_reward: 489.75
2024-05-02 06:51:56.367: 64 avg_steps: 701.1
2024-05-02 06:51:56.367: 64 epsilon: 0.1
2024-05-02 07:11:03.085: 65 test start:
2024-05-02 07:11:29.915: 65 avg_reward: 568.5
2024-05-02 07:11:29.915: 65 avg_steps: 776.15
2024-05-02 07:11:29.915: 65 epsilon: 0.1
2024-05-02 07:30:30.404: 66 test start:
2024-05-02 07:30:57.529: 66 avg_reward: 589.0
2024-05-02 07:30:57.529: 66 avg_steps: 791.55
2024-05-02 07:30:57.529: 66 epsilon: 0.1
2024-05-02 07:49:28.873: 67 test start:
2024-05-02 07:49:53.102: 67 avg_reward: 507.0
2024-05-02 07:49:53.102: 67 avg_steps: 713.5
2024-05-02 07:49:53.102: 67 epsilon: 0.1
2024-05-02 08:09:01.042: 68 test start:
2024-05-02 08:09:27.210: 68 avg_reward: 545.0
2024-05-02 08:09:27.210: 68 avg_steps: 751.65
2024-05-02 08:09:27.210: 68 epsilon: 0.1
2024-05-02 08:28:06.355: 69 test start:
2024-05-02 08:28:31.462: 69 avg_reward: 567.0
2024-05-02 08:28:31.463: 69 avg_steps: 748.3
2024-05-02 08:28:31.463: 69 epsilon: 0.1
2024-05-02 08:47:20.001: 70 test start:
2024-05-02 08:47:45.613: 70 avg_reward: 557.5
2024-05-02 08:47:45.613: 70 avg_steps: 728.2
2024-05-02 08:47:45.613: 70 epsilon: 0.1
2024-05-02 09:06:31.310: 71 test start:
2024-05-02 09:06:55.323: 71 avg_reward: 529.5
2024-05-02 09:06:55.323: 71 avg_steps: 693.9
2024-05-02 09:06:55.323: 71 epsilon: 0.1
2024-05-02 09:25:58.435: 72 test start:
2024-05-02 09:26:22.253: 72 avg_reward: 512.25
2024-05-02 09:26:22.254: 72 avg_steps: 693.6
2024-05-02 09:26:22.254: 72 epsilon: 0.1
2024-05-02 09:45:11.149: 73 test start:
2024-05-02 09:45:38.893: 73 avg_reward: 566.75
2024-05-02 09:45:38.893: 73 avg_steps: 785.55
2024-05-02 09:45:38.893: 73 epsilon: 0.1
2024-05-02 10:04:32.814: 74 test start:
2024-05-02 10:04:57.684: 74 avg_reward: 550.25
2024-05-02 10:04:57.684: 74 avg_steps: 729.25
2024-05-02 10:04:57.684: 74 epsilon: 0.1
2024-05-02 10:24:03.503: 75 test start:
2024-05-02 10:24:30.695: 75 avg_reward: 586.75
2024-05-02 10:24:30.695: 75 avg_steps: 784.75
2024-05-02 10:24:30.695: 75 epsilon: 0.1
2024-05-02 10:43:39.108: 76 test start:
2024-05-02 10:44:07.449: 76 avg_reward: 611.0
2024-05-02 10:44:07.449: 76 avg_steps: 852.4
2024-05-02 10:44:07.449: 76 epsilon: 0.1
2024-05-02 11:03:13.127: 77 test start:
2024-05-02 11:03:38.697: 77 avg_reward: 564.75
2024-05-02 11:03:38.697: 77 avg_steps: 731.75
2024-05-02 11:03:38.697: 77 epsilon: 0.1
2024-05-02 11:22:21.286: 78 test start:
2024-05-02 11:22:45.289: 78 avg_reward: 495.5
2024-05-02 11:22:45.289: 78 avg_steps: 700.5
2024-05-02 11:22:45.289: 78 epsilon: 0.1
2024-05-02 11:41:43.611: 79 test start:
2024-05-02 11:42:07.944: 79 avg_reward: 535.25
2024-05-02 11:42:07.945: 79 avg_steps: 709.05
2024-05-02 11:42:07.945: 79 epsilon: 0.1
2024-05-02 12:00:53.245: 80 test start:
2024-05-02 12:01:18.591: 80 avg_reward: 537.75
2024-05-02 12:01:18.591: 80 avg_steps: 746.7
2024-05-02 12:01:18.591: 80 epsilon: 0.1
2024-05-02 12:19:59.407: 81 test start:
2024-05-02 12:20:26.628: 81 avg_reward: 600.75
2024-05-02 12:20:26.628: 81 avg_steps: 802.95
2024-05-02 12:20:26.628: 81 epsilon: 0.1
2024-05-02 12:39:12.120: 82 test start:
2024-05-02 12:39:36.608: 82 avg_reward: 532.5
2024-05-02 12:39:36.608: 82 avg_steps: 717.45
2024-05-02 12:39:36.608: 82 epsilon: 0.1
2024-05-02 12:58:14.120: 83 test start:
2024-05-02 12:58:36.722: 83 avg_reward: 485.25
2024-05-02 12:58:36.723: 83 avg_steps: 656.2
2024-05-02 12:58:36.723: 83 epsilon: 0.1
2024-05-02 13:17:36.899: 84 test start:
2024-05-02 13:18:00.507: 84 avg_reward: 519.0
2024-05-02 13:18:00.507: 84 avg_steps: 658.85
2024-05-02 13:18:00.507: 84 epsilon: 0.1
2024-05-02 13:36:48.924: 85 test start:
2024-05-02 13:37:14.196: 85 avg_reward: 585.75
2024-05-02 13:37:14.197: 85 avg_steps: 728.7
2024-05-02 13:37:14.197: 85 epsilon: 0.1
2024-05-02 13:56:11.993: 86 test start:
2024-05-02 13:56:34.914: 86 avg_reward: 492.0
2024-05-02 13:56:34.914: 86 avg_steps: 647.8
2024-05-02 13:56:34.914: 86 epsilon: 0.1
2024-05-02 14:15:23.753: 87 test start:
2024-05-02 14:15:49.865: 87 avg_reward: 567.0
2024-05-02 14:15:49.865: 87 avg_steps: 760.15
2024-05-02 14:15:49.865: 87 epsilon: 0.1
2024-05-02 14:34:46.993: 88 test start:
2024-05-02 14:35:11.900: 88 avg_reward: 539.0
2024-05-02 14:35:11.901: 88 avg_steps: 738.4
2024-05-02 14:35:11.901: 88 epsilon: 0.1
2024-05-02 14:53:48.199: 89 test start:
2024-05-02 14:54:14.860: 89 avg_reward: 573.0
2024-05-02 14:54:14.860: 89 avg_steps: 759.1
2024-05-02 14:54:14.860: 89 epsilon: 0.1
2024-05-02 15:13:08.289: 90 test start:
2024-05-02 15:13:25.237: 90 avg_reward: 328.5
2024-05-02 15:13:25.237: 90 avg_steps: 483.85
2024-05-02 15:13:25.237: 90 epsilon: 0.1
2024-05-02 15:32:23.969: 91 test start:
2024-05-02 15:32:50.279: 91 avg_reward: 548.75
2024-05-02 15:32:50.280: 91 avg_steps: 743.5
2024-05-02 15:32:50.280: 91 epsilon: 0.1
2024-05-02 15:51:59.980: 92 test start:
2024-05-02 15:52:25.068: 92 avg_reward: 587.0
2024-05-02 15:52:25.068: 92 avg_steps: 714.4
2024-05-02 15:52:25.068: 92 epsilon: 0.1
2024-05-02 16:11:21.270: 93 test start:
2024-05-02 16:11:46.570: 93 avg_reward: 574.0
2024-05-02 16:11:46.570: 93 avg_steps: 741.8
2024-05-02 16:11:46.570: 93 epsilon: 0.1
2024-05-02 16:30:27.527: 94 test start:
2024-05-02 16:30:50.675: 94 avg_reward: 497.75
2024-05-02 16:30:50.675: 94 avg_steps: 672.15
2024-05-02 16:30:50.675: 94 epsilon: 0.1
2024-05-02 16:49:54.694: 95 test start:
2024-05-02 16:50:20.260: 95 avg_reward: 590.0
2024-05-02 16:50:20.261: 95 avg_steps: 732.6
2024-05-02 16:50:20.261: 95 epsilon: 0.1
2024-05-02 17:09:02.589: 96 test start:
2024-05-02 17:09:24.991: 96 avg_reward: 492.25
2024-05-02 17:09:24.991: 96 avg_steps: 649.7
2024-05-02 17:09:24.991: 96 epsilon: 0.1
2024-05-02 17:28:27.327: 97 test start:
2024-05-02 17:28:50.779: 97 avg_reward: 553.0
2024-05-02 17:28:50.780: 97 avg_steps: 697.8
2024-05-02 17:28:50.780: 97 epsilon: 0.1
2024-05-02 17:47:39.039: 98 test start:
2024-05-02 17:48:03.687: 98 avg_reward: 503.5
2024-05-02 17:48:03.687: 98 avg_steps: 706.95
2024-05-02 17:48:03.687: 98 epsilon: 0.1
2024-05-02 18:07:17.101: 99 test start:
2024-05-02 18:07:40.794: 99 avg_reward: 517.0
2024-05-02 18:07:40.794: 99 avg_steps: 695.9
2024-05-02 18:07:40.794: 99 epsilon: 0.1
2024-05-02 18:26:21.741: 100 test start:
2024-05-02 18:26:47.445: 100 avg_reward: 541.0
2024-05-02 18:26:47.445: 100 avg_steps: 742.8
2024-05-02 18:26:47.445: 100 epsilon: 0.1
2024-05-02 18:46:01.389: 101 test start:
2024-05-02 18:46:25.938: 101 avg_reward: 590.25
2024-05-02 18:46:25.938: 101 avg_steps: 719.2
2024-05-02 18:46:25.938: 101 epsilon: 0.1
2024-05-02 19:05:10.996: 102 test start:
2024-05-02 19:05:34.172: 102 avg_reward: 485.5
2024-05-02 19:05:34.172: 102 avg_steps: 652.55
2024-05-02 19:05:34.172: 102 epsilon: 0.1
2024-05-02 19:24:26.932: 103 test start:
2024-05-02 19:24:49.005: 103 avg_reward: 535.0
2024-05-02 19:24:49.005: 103 avg_steps: 648.0
2024-05-02 19:24:49.005: 103 epsilon: 0.1
2024-05-02 19:44:05.539: 104 test start:
2024-05-02 19:44:30.996: 104 avg_reward: 603.5
2024-05-02 19:44:30.996: 104 avg_steps: 736.7
2024-05-02 19:44:30.996: 104 epsilon: 0.1
2024-05-02 20:02:45.534: 105 test start:
2024-05-02 20:03:09.256: 105 avg_reward: 566.0
2024-05-02 20:03:09.256: 105 avg_steps: 681.85
2024-05-02 20:03:09.256: 105 epsilon: 0.1
2024-05-02 20:22:16.927: 106 test start:
2024-05-02 20:22:41.566: 106 avg_reward: 555.75
2024-05-02 20:22:41.566: 106 avg_steps: 692.7
2024-05-02 20:22:41.566: 106 epsilon: 0.1
2024-05-02 20:41:29.839: 107 test start:
2024-05-02 20:41:54.486: 107 avg_reward: 590.0
2024-05-02 20:41:54.486: 107 avg_steps: 706.5
2024-05-02 20:41:54.486: 107 epsilon: 0.1
2024-05-02 21:00:59.382: 108 test start:
2024-05-02 21:01:21.892: 108 avg_reward: 561.75
2024-05-02 21:01:21.892: 108 avg_steps: 668.4
2024-05-02 21:01:21.892: 108 epsilon: 0.1
2024-05-02 21:20:03.245: 109 test start:
2024-05-02 21:20:27.318: 109 avg_reward: 585.25
2024-05-02 21:20:27.318: 109 avg_steps: 705.05
2024-05-02 21:20:27.318: 109 epsilon: 0.1
2024-05-02 21:39:17.440: 110 test start:
2024-05-02 21:39:40.937: 110 avg_reward: 551.75
2024-05-02 21:39:40.937: 110 avg_steps: 684.8
2024-05-02 21:39:40.937: 110 epsilon: 0.1
2024-05-02 21:58:23.366: 111 test start:
2024-05-02 21:58:46.923: 111 avg_reward: 537.25
2024-05-02 21:58:46.923: 111 avg_steps: 690.25
2024-05-02 21:58:46.923: 111 epsilon: 0.1
2024-05-02 22:17:41.502: 112 test start:
2024-05-02 22:18:05.068: 112 avg_reward: 507.25
2024-05-02 22:18:05.068: 112 avg_steps: 696.3
2024-05-02 22:18:05.068: 112 epsilon: 0.1
2024-05-02 22:36:52.086: 113 test start:
2024-05-02 22:37:14.641: 113 avg_reward: 539.75
2024-05-02 22:37:14.641: 113 avg_steps: 644.45
2024-05-02 22:37:14.641: 113 epsilon: 0.1
2024-05-02 22:56:04.502: 114 test start:
2024-05-02 22:56:29.702: 114 avg_reward: 532.5
2024-05-02 22:56:29.702: 114 avg_steps: 754.95
2024-05-02 22:56:29.702: 114 epsilon: 0.1
2024-05-02 23:15:26.305: 115 test start:
2024-05-02 23:15:49.395: 115 avg_reward: 525.25
2024-05-02 23:15:49.396: 115 avg_steps: 669.5
2024-05-02 23:15:49.396: 115 epsilon: 0.1
2024-05-02 23:34:24.082: 116 test start:
2024-05-02 23:34:46.809: 116 avg_reward: 464.25
2024-05-02 23:34:46.809: 116 avg_steps: 640.45
2024-05-02 23:34:46.809: 116 epsilon: 0.1
2024-05-02 23:53:46.475: 117 test start:
2024-05-02 23:54:11.090: 117 avg_reward: 590.25
2024-05-02 23:54:11.090: 117 avg_steps: 712.7
2024-05-02 23:54:11.090: 117 epsilon: 0.1
2024-05-03 00:12:56.219: 118 test start:
2024-05-03 00:13:17.864: 118 avg_reward: 466.75
2024-05-03 00:13:17.864: 118 avg_steps: 624.9
2024-05-03 00:13:17.864: 118 epsilon: 0.1
2024-05-03 00:32:07.341: 119 test start:
2024-05-03 00:32:30.726: 119 avg_reward: 496.0
2024-05-03 00:32:30.726: 119 avg_steps: 674.25
2024-05-03 00:32:30.726: 119 epsilon: 0.1
2024-05-03 00:51:05.969: 120 test start:
2024-05-03 00:51:27.332: 120 avg_reward: 371.0
2024-05-03 00:51:27.332: 120 avg_steps: 613.35
2024-05-03 00:51:27.332: 120 epsilon: 0.1
2024-05-03 01:10:17.767: 121 test start:
2024-05-03 01:10:41.423: 121 avg_reward: 555.0
2024-05-03 01:10:41.423: 121 avg_steps: 702.4
2024-05-03 01:10:41.423: 121 epsilon: 0.1
2024-05-03 01:29:46.472: 122 test start:
2024-05-03 01:30:07.410: 122 avg_reward: 443.25
2024-05-03 01:30:07.410: 122 avg_steps: 617.15
2024-05-03 01:30:07.410: 122 epsilon: 0.1
2024-05-03 01:48:44.820: 123 test start:
2024-05-03 01:49:07.891: 123 avg_reward: 558.5
2024-05-03 01:49:07.891: 123 avg_steps: 679.45
2024-05-03 01:49:07.891: 123 epsilon: 0.1
2024-05-03 02:08:12.223: 124 test start:
2024-05-03 02:08:35.762: 124 avg_reward: 545.75
2024-05-03 02:08:35.762: 124 avg_steps: 675.7
2024-05-03 02:08:35.762: 124 epsilon: 0.1
2024-05-03 02:27:01.883: 125 test start:
2024-05-03 02:27:26.483: 125 avg_reward: 572.25
2024-05-03 02:27:26.483: 125 avg_steps: 699.5
2024-05-03 02:27:26.483: 125 epsilon: 0.1
2024-05-03 02:46:22.073: 126 test start:
2024-05-03 02:46:46.593: 126 avg_reward: 602.0
2024-05-03 02:46:46.594: 126 avg_steps: 716.3
2024-05-03 02:46:46.594: 126 epsilon: 0.1
2024-05-03 03:05:59.851: 127 test start:
2024-05-03 03:06:25.925: 127 avg_reward: 603.25
2024-05-03 03:06:25.925: 127 avg_steps: 762.0
2024-05-03 03:06:25.925: 127 epsilon: 0.1
2024-05-03 03:24:52.340: 128 test start:
2024-05-03 03:25:15.861: 128 avg_reward: 569.5
2024-05-03 03:25:15.861: 128 avg_steps: 686.35
2024-05-03 03:25:15.861: 128 epsilon: 0.1
2024-05-03 03:43:54.181: 129 test start:
2024-05-03 03:44:18.835: 129 avg_reward: 548.5
2024-05-03 03:44:18.835: 129 avg_steps: 706.85
2024-05-03 03:44:18.835: 129 epsilon: 0.1
2024-05-03 04:03:06.003: 130 test start:
2024-05-03 04:03:29.694: 130 avg_reward: 528.75
2024-05-03 04:03:29.694: 130 avg_steps: 689.75
2024-05-03 04:03:29.694: 130 epsilon: 0.1
2024-05-03 04:22:34.278: 131 test start:
2024-05-03 04:22:59.656: 131 avg_reward: 592.0
2024-05-03 04:22:59.656: 131 avg_steps: 756.4
2024-05-03 04:22:59.656: 131 epsilon: 0.1
2024-05-03 04:41:39.708: 132 test start:
2024-05-03 04:42:04.190: 132 avg_reward: 595.75
2024-05-03 04:42:04.190: 132 avg_steps: 721.3
2024-05-03 04:42:04.190: 132 epsilon: 0.1
2024-05-03 05:00:43.603: 133 test start:
2024-05-03 05:01:06.201: 133 avg_reward: 579.5
2024-05-03 05:01:06.201: 133 avg_steps: 667.75
2024-05-03 05:01:06.201: 133 epsilon: 0.1
2024-05-03 05:19:36.851: 134 test start:
2024-05-03 05:20:00.768: 134 avg_reward: 552.75
2024-05-03 05:20:00.768: 134 avg_steps: 678.95
2024-05-03 05:20:00.768: 134 epsilon: 0.1
2024-05-03 05:38:36.220: 135 test start:
2024-05-03 05:38:58.842: 135 avg_reward: 571.75
2024-05-03 05:38:58.842: 135 avg_steps: 679.4
2024-05-03 05:38:58.842: 135 epsilon: 0.1
2024-05-03 05:57:56.279: 136 test start:
2024-05-03 05:58:18.431: 136 avg_reward: 538.75
2024-05-03 05:58:18.431: 136 avg_steps: 645.3
2024-05-03 05:58:18.431: 136 epsilon: 0.1
2024-05-03 06:16:55.480: 137 test start:
2024-05-03 06:17:17.400: 137 avg_reward: 475.0
2024-05-03 06:17:17.400: 137 avg_steps: 625.2
2024-05-03 06:17:17.400: 137 epsilon: 0.1
2024-05-03 06:36:19.444: 138 test start:
2024-05-03 06:36:41.233: 138 avg_reward: 491.5
2024-05-03 06:36:41.233: 138 avg_steps: 636.65
2024-05-03 06:36:41.233: 138 epsilon: 0.1
2024-05-03 06:55:39.666: 139 test start:
2024-05-03 06:56:06.233: 139 avg_reward: 591.5
2024-05-03 06:56:06.234: 139 avg_steps: 778.8
2024-05-03 06:56:06.234: 139 epsilon: 0.1
2024-05-03 07:15:11.788: 140 test start:
2024-05-03 07:15:37.722: 140 avg_reward: 566.0
2024-05-03 07:15:37.722: 140 avg_steps: 721.65
2024-05-03 07:15:37.722: 140 epsilon: 0.1
2024-05-03 07:34:41.056: 141 test start:
2024-05-03 07:35:06.012: 141 avg_reward: 536.75
2024-05-03 07:35:06.012: 141 avg_steps: 729.25
2024-05-03 07:35:06.012: 141 epsilon: 0.1
2024-05-03 07:53:35.264: 142 test start:
2024-05-03 07:54:00.667: 142 avg_reward: 608.75
2024-05-03 07:54:00.667: 142 avg_steps: 739.05
2024-05-03 07:54:00.667: 142 epsilon: 0.1
2024-05-03 08:12:51.237: 143 test start:
2024-05-03 08:13:18.508: 143 avg_reward: 654.25
2024-05-03 08:13:18.508: 143 avg_steps: 780.3
2024-05-03 08:13:18.508: 143 epsilon: 0.1
2024-05-03 08:32:13.162: 144 test start:
2024-05-03 08:32:35.972: 144 avg_reward: 466.5
2024-05-03 08:32:35.972: 144 avg_steps: 648.3
2024-05-03 08:32:35.972: 144 epsilon: 0.1
2024-05-03 08:51:19.470: 145 test start:
2024-05-03 08:51:45.416: 145 avg_reward: 620.5
2024-05-03 08:51:45.417: 145 avg_steps: 764.8
2024-05-03 08:51:45.417: 145 epsilon: 0.1
2024-05-03 09:10:12.441: 146 test start:
2024-05-03 09:10:37.309: 146 avg_reward: 608.25
2024-05-03 09:10:37.309: 146 avg_steps: 718.1
2024-05-03 09:10:37.309: 146 epsilon: 0.1
2024-05-03 09:29:16.270: 147 test start:
2024-05-03 09:29:41.055: 147 avg_reward: 589.75
2024-05-03 09:29:41.055: 147 avg_steps: 708.35
2024-05-03 09:29:41.055: 147 epsilon: 0.1
2024-05-03 09:48:50.390: 148 test start:
2024-05-03 09:49:14.926: 148 avg_reward: 559.5
2024-05-03 09:49:14.926: 148 avg_steps: 694.0
2024-05-03 09:49:14.926: 148 epsilon: 0.1
2024-05-03 10:08:04.280: 149 test start:
2024-05-03 10:08:26.048: 149 avg_reward: 503.75
2024-05-03 10:08:26.048: 149 avg_steps: 628.4
2024-05-03 10:08:26.048: 149 epsilon: 0.1
2024-05-03 10:27:13.497: 150 test start:
2024-05-03 10:27:38.775: 150 avg_reward: 544.25
2024-05-03 10:27:38.775: 150 avg_steps: 742.35
2024-05-03 10:27:38.775: 150 epsilon: 0.1
2024-05-03 10:46:16.591: 151 test start:
2024-05-03 10:46:40.022: 151 avg_reward: 483.25
2024-05-03 10:46:40.023: 151 avg_steps: 680.65
2024-05-03 10:46:40.023: 151 epsilon: 0.1
2024-05-03 11:05:35.293: 152 test start:
2024-05-03 11:06:00.572: 152 avg_reward: 547.5
2024-05-03 11:06:00.572: 152 avg_steps: 712.0
2024-05-03 11:06:00.572: 152 epsilon: 0.1
2024-05-03 11:24:54.650: 153 test start:
2024-05-03 11:25:21.256: 153 avg_reward: 585.25
2024-05-03 11:25:21.256: 153 avg_steps: 752.8
2024-05-03 11:25:21.256: 153 epsilon: 0.1
2024-05-03 11:44:18.902: 154 test start:
2024-05-03 11:44:43.076: 154 avg_reward: 559.75
2024-05-03 11:44:43.076: 154 avg_steps: 713.45
2024-05-03 11:44:43.076: 154 epsilon: 0.1
2024-05-03 12:03:47.185: 155 test start:
2024-05-03 12:04:12.490: 155 avg_reward: 582.0
2024-05-03 12:04:12.490: 155 avg_steps: 725.55
2024-05-03 12:04:12.490: 155 epsilon: 0.1
2024-05-03 12:22:30.458: 156 test start:
2024-05-03 12:22:54.733: 156 avg_reward: 581.0
2024-05-03 12:22:54.733: 156 avg_steps: 717.4
2024-05-03 12:22:54.733: 156 epsilon: 0.1
2024-05-03 12:42:33.502: 157 test start:
2024-05-03 12:42:59.502: 157 avg_reward: 566.5
2024-05-03 12:42:59.503: 157 avg_steps: 716.1
2024-05-03 12:42:59.503: 157 epsilon: 0.1
2024-05-03 13:01:29.223: 158 test start:
2024-05-03 13:01:55.548: 158 avg_reward: 585.0
2024-05-03 13:01:55.548: 158 avg_steps: 761.25
2024-05-03 13:01:55.548: 158 epsilon: 0.1
2024-05-03 13:20:45.470: 159 test start:
2024-05-03 13:21:09.813: 159 avg_reward: 548.0
2024-05-03 13:21:09.813: 159 avg_steps: 715.05
2024-05-03 13:21:09.813: 159 epsilon: 0.1
2024-05-03 13:39:47.819: 160 test start:
2024-05-03 13:40:14.755: 160 avg_reward: 621.75
2024-05-03 13:40:14.755: 160 avg_steps: 776.75
2024-05-03 13:40:14.755: 160 epsilon: 0.1
2024-05-03 13:59:16.847: 161 test start:
2024-05-03 13:59:42.413: 161 avg_reward: 624.0
2024-05-03 13:59:42.413: 161 avg_steps: 754.45
2024-05-03 13:59:42.413: 161 epsilon: 0.1
2024-05-03 14:18:22.853: 162 test start:
2024-05-03 14:18:47.904: 162 avg_reward: 610.75
2024-05-03 14:18:47.904: 162 avg_steps: 728.15
2024-05-03 14:18:47.904: 162 epsilon: 0.1
2024-05-03 14:37:34.740: 163 test start:
2024-05-03 14:37:58.416: 163 avg_reward: 571.0
2024-05-03 14:37:58.416: 163 avg_steps: 693.85
2024-05-03 14:37:58.416: 163 epsilon: 0.1
2024-05-03 14:56:47.517: 164 test start:
2024-05-03 14:57:13.811: 164 avg_reward: 623.5
2024-05-03 14:57:13.811: 164 avg_steps: 765.2
2024-05-03 14:57:13.811: 164 epsilon: 0.1
2024-05-03 15:16:01.136: 165 test start:
2024-05-03 15:16:27.629: 165 avg_reward: 595.75
2024-05-03 15:16:27.629: 165 avg_steps: 762.7
2024-05-03 15:16:27.629: 165 epsilon: 0.1
2024-05-03 15:35:20.021: 166 test start:
2024-05-03 15:35:45.706: 166 avg_reward: 537.5
2024-05-03 15:35:45.706: 166 avg_steps: 742.15
2024-05-03 15:35:45.706: 166 epsilon: 0.1
2024-05-03 15:54:26.235: 167 test start:
2024-05-03 15:54:51.708: 167 avg_reward: 573.75
2024-05-03 15:54:51.708: 167 avg_steps: 732.05
2024-05-03 15:54:51.708: 167 epsilon: 0.1
2024-05-03 16:13:47.001: 168 test start:
2024-05-03 16:14:11.299: 168 avg_reward: 559.5
2024-05-03 16:14:11.299: 168 avg_steps: 723.2
2024-05-03 16:14:11.299: 168 epsilon: 0.1
2024-05-03 16:33:07.800: 169 test start:
2024-05-03 16:33:32.189: 169 avg_reward: 547.25
2024-05-03 16:33:32.189: 169 avg_steps: 708.45
2024-05-03 16:33:32.189: 169 epsilon: 0.1
2024-05-03 16:51:58.700: 170 test start:
2024-05-03 16:52:25.495: 170 avg_reward: 635.0
2024-05-03 16:52:25.495: 170 avg_steps: 778.0
2024-05-03 16:52:25.495: 170 epsilon: 0.1
2024-05-03 17:11:13.596: 171 test start:
2024-05-03 17:11:40.029: 171 avg_reward: 582.75
2024-05-03 17:11:40.029: 171 avg_steps: 747.85
2024-05-03 17:11:40.029: 171 epsilon: 0.1
2024-05-03 17:30:30.666: 172 test start:
2024-05-03 17:30:55.204: 172 avg_reward: 587.5
2024-05-03 17:30:55.204: 172 avg_steps: 718.95
2024-05-03 17:30:55.204: 172 epsilon: 0.1
2024-05-03 17:49:42.568: 173 test start:
2024-05-03 17:50:07.367: 173 avg_reward: 550.0
2024-05-03 17:50:07.367: 173 avg_steps: 721.75
2024-05-03 17:50:07.367: 173 epsilon: 0.1
2024-05-03 18:08:39.814: 174 test start:
2024-05-03 18:09:05.258: 174 avg_reward: 588.5
2024-05-03 18:09:05.258: 174 avg_steps: 736.4
2024-05-03 18:09:05.258: 174 epsilon: 0.1
2024-05-03 18:28:04.904: 175 test start:
2024-05-03 18:28:26.400: 175 avg_reward: 540.25
2024-05-03 18:28:26.400: 175 avg_steps: 627.35
2024-05-03 18:28:26.400: 175 epsilon: 0.1
2024-05-03 18:47:16.675: 176 test start:
2024-05-03 18:47:41.564: 176 avg_reward: 606.75
2024-05-03 18:47:41.564: 176 avg_steps: 719.5
2024-05-03 18:47:41.564: 176 epsilon: 0.1
2024-05-03 19:06:27.096: 177 test start:
2024-05-03 19:06:51.831: 177 avg_reward: 585.25
2024-05-03 19:06:51.831: 177 avg_steps: 705.4
2024-05-03 19:06:51.831: 177 epsilon: 0.1
2024-05-03 19:25:35.246: 178 test start:
2024-05-03 19:25:58.493: 178 avg_reward: 515.25
2024-05-03 19:25:58.494: 178 avg_steps: 677.05
2024-05-03 19:25:58.494: 178 epsilon: 0.1
2024-05-03 19:44:32.366: 179 test start:
2024-05-03 19:44:55.522: 179 avg_reward: 538.0
2024-05-03 19:44:55.522: 179 avg_steps: 667.05
2024-05-03 19:44:55.522: 179 epsilon: 0.1
2024-05-03 20:03:59.688: 180 test start:
2024-05-03 20:04:26.154: 180 avg_reward: 608.5
2024-05-03 20:04:26.154: 180 avg_steps: 760.95
2024-05-03 20:04:26.154: 180 epsilon: 0.1
2024-05-03 20:22:57.657: 181 test start:
2024-05-03 20:23:24.621: 181 avg_reward: 638.5
2024-05-03 20:23:24.621: 181 avg_steps: 793.25
2024-05-03 20:23:24.621: 181 epsilon: 0.1
2024-05-03 20:42:23.234: 182 test start:
2024-05-03 20:42:46.180: 182 avg_reward: 533.0
2024-05-03 20:42:46.180: 182 avg_steps: 663.55
2024-05-03 20:42:46.180: 182 epsilon: 0.1
2024-05-03 21:01:22.127: 183 test start:
2024-05-03 21:01:45.428: 183 avg_reward: 519.25
2024-05-03 21:01:45.428: 183 avg_steps: 663.25
2024-05-03 21:01:45.429: 183 epsilon: 0.1
2024-05-03 21:20:30.107: 184 test start:
2024-05-03 21:20:53.741: 184 avg_reward: 561.25
2024-05-03 21:20:53.742: 184 avg_steps: 684.2
2024-05-03 21:20:53.742: 184 epsilon: 0.1
2024-05-03 21:39:25.588: 185 test start:
2024-05-03 21:39:51.897: 185 avg_reward: 603.75
2024-05-03 21:39:51.897: 185 avg_steps: 759.8
2024-05-03 21:39:51.897: 185 epsilon: 0.1
2024-05-03 21:58:49.271: 186 test start:
2024-05-03 21:59:15.137: 186 avg_reward: 609.25
2024-05-03 21:59:15.137: 186 avg_steps: 750.8
2024-05-03 21:59:15.137: 186 epsilon: 0.1
2024-05-03 22:17:54.811: 187 test start:
2024-05-03 22:18:19.262: 187 avg_reward: 504.5
2024-05-03 22:18:19.262: 187 avg_steps: 708.35
2024-05-03 22:18:19.262: 187 epsilon: 0.1
2024-05-03 22:37:11.201: 188 test start:
2024-05-03 22:37:34.617: 188 avg_reward: 530.5
2024-05-03 22:37:34.617: 188 avg_steps: 681.0
2024-05-03 22:37:34.617: 188 epsilon: 0.1
2024-05-03 22:56:37.694: 189 test start:
2024-05-03 22:57:02.594: 189 avg_reward: 591.25
2024-05-03 22:57:02.594: 189 avg_steps: 734.3
2024-05-03 22:57:02.594: 189 epsilon: 0.1
2024-05-03 23:15:43.152: 190 test start:
2024-05-03 23:16:07.786: 190 avg_reward: 550.75
2024-05-03 23:16:07.786: 190 avg_steps: 708.95
2024-05-03 23:16:07.786: 190 epsilon: 0.1
2024-05-03 23:34:57.215: 191 test start:
2024-05-03 23:35:20.429: 191 avg_reward: 522.25
2024-05-03 23:35:20.430: 191 avg_steps: 700.95
2024-05-03 23:35:20.430: 191 epsilon: 0.1
2024-05-03 23:54:09.264: 192 test start:
2024-05-03 23:54:35.640: 192 avg_reward: 588.25
2024-05-03 23:54:35.640: 192 avg_steps: 746.8
2024-05-03 23:54:35.640: 192 epsilon: 0.1
2024-05-04 00:13:34.557: 193 test start:
2024-05-04 00:13:57.633: 193 avg_reward: 515.25
2024-05-04 00:13:57.633: 193 avg_steps: 668.2
2024-05-04 00:13:57.633: 193 epsilon: 0.1
2024-05-04 00:32:40.269: 194 test start:
2024-05-04 00:33:06.799: 194 avg_reward: 650.25
2024-05-04 00:33:06.799: 194 avg_steps: 796.8
2024-05-04 00:33:06.799: 194 epsilon: 0.1
2024-05-04 00:51:52.874: 195 test start:
2024-05-04 00:52:16.638: 195 avg_reward: 558.25
2024-05-04 00:52:16.638: 195 avg_steps: 690.35
2024-05-04 00:52:16.638: 195 epsilon: 0.1
2024-05-04 01:11:21.321: 196 test start:
2024-05-04 01:11:44.540: 196 avg_reward: 473.0
2024-05-04 01:11:44.540: 196 avg_steps: 663.5
2024-05-04 01:11:44.540: 196 epsilon: 0.1
2024-05-04 01:30:22.859: 197 test start:
2024-05-04 01:30:49.623: 197 avg_reward: 650.75
2024-05-04 01:30:49.623: 197 avg_steps: 775.55
2024-05-04 01:30:49.624: 197 epsilon: 0.1
2024-05-04 01:49:37.279: 198 test start:
2024-05-04 01:49:59.364: 198 avg_reward: 457.5
2024-05-04 01:49:59.364: 198 avg_steps: 622.2
2024-05-04 01:49:59.364: 198 epsilon: 0.1
2024-05-04 02:08:32.766: 199 test start:
2024-05-04 02:08:57.639: 199 avg_reward: 607.5
2024-05-04 02:08:57.639: 199 avg_steps: 727.0
2024-05-04 02:08:57.639: 199 epsilon: 0.1
2024-05-04 02:27:44.496: 200 test start:
2024-05-04 02:28:09.571: 200 avg_reward: 575.5
2024-05-04 02:28:09.572: 200 avg_steps: 729.55
2024-05-04 02:28:09.572: 200 epsilon: 0.1
2024-05-04 02:47:05.416: 201 test start:
2024-05-04 02:47:26.650: 201 avg_reward: 420.75
2024-05-04 02:47:26.650: 201 avg_steps: 604.9
2024-05-04 02:47:26.650: 201 epsilon: 0.1
2024-05-04 03:06:24.447: 202 test start:
2024-05-04 03:06:47.134: 202 avg_reward: 445.25
2024-05-04 03:06:47.134: 202 avg_steps: 658.15
2024-05-04 03:06:47.134: 202 epsilon: 0.1
2024-05-04 03:25:32.672: 203 test start:
2024-05-04 03:25:56.627: 203 avg_reward: 523.5
2024-05-04 03:25:56.627: 203 avg_steps: 681.7
2024-05-04 03:25:56.627: 203 epsilon: 0.1
2024-05-04 03:44:23.941: 204 test start:
2024-05-04 03:44:50.540: 204 avg_reward: 576.75
2024-05-04 03:44:50.540: 204 avg_steps: 739.15
2024-05-04 03:44:50.540: 204 epsilon: 0.1
2024-05-04 04:03:51.803: 205 test start:
2024-05-04 04:04:16.518: 205 avg_reward: 600.5
2024-05-04 04:04:16.518: 205 avg_steps: 736.35
2024-05-04 04:04:16.518: 205 epsilon: 0.1
2024-05-04 04:22:48.522: 206 test start:
2024-05-04 04:23:13.230: 206 avg_reward: 582.5
2024-05-04 04:23:13.231: 206 avg_steps: 701.95
2024-05-04 04:23:13.231: 206 epsilon: 0.1
2024-05-04 04:42:07.413: 207 test start:
2024-05-04 04:42:32.258: 207 avg_reward: 598.5
2024-05-04 04:42:32.258: 207 avg_steps: 734.25
2024-05-04 04:42:32.258: 207 epsilon: 0.1
2024-05-04 05:01:25.481: 208 test start:
2024-05-04 05:01:50.240: 208 avg_reward: 558.5
2024-05-04 05:01:50.240: 208 avg_steps: 712.2
2024-05-04 05:01:50.240: 208 epsilon: 0.1
2024-05-04 05:20:29.749: 209 test start:
2024-05-04 05:20:53.784: 209 avg_reward: 555.75
2024-05-04 05:20:53.784: 209 avg_steps: 713.15
2024-05-04 05:20:53.784: 209 epsilon: 0.1
2024-05-04 05:39:53.977: 210 test start:
2024-05-04 05:40:17.411: 210 avg_reward: 535.5
2024-05-04 05:40:17.411: 210 avg_steps: 682.65
2024-05-04 05:40:17.411: 210 epsilon: 0.1
2024-05-04 05:59:05.842: 211 test start:
2024-05-04 05:59:30.681: 211 avg_reward: 594.5
2024-05-04 05:59:30.681: 211 avg_steps: 740.45
2024-05-04 05:59:30.681: 211 epsilon: 0.1
2024-05-04 06:18:38.855: 212 test start:
2024-05-04 06:19:04.538: 212 avg_reward: 601.25
2024-05-04 06:19:04.538: 212 avg_steps: 749.8
2024-05-04 06:19:04.538: 212 epsilon: 0.1
2024-05-04 06:38:14.909: 213 test start:
2024-05-04 06:38:42.649: 213 avg_reward: 680.0
2024-05-04 06:38:42.650: 213 avg_steps: 799.8
2024-05-04 06:38:42.650: 213 epsilon: 0.1
2024-05-04 06:57:36.870: 214 test start:
2024-05-04 06:58:02.819: 214 avg_reward: 601.25
2024-05-04 06:58:02.819: 214 avg_steps: 751.2
2024-05-04 06:58:02.819: 214 epsilon: 0.1
2024-05-04 07:17:16.801: 215 test start:
2024-05-04 07:17:39.244: 215 avg_reward: 482.75
2024-05-04 07:17:39.244: 215 avg_steps: 659.35
2024-05-04 07:17:39.244: 215 epsilon: 0.1
2024-05-04 07:36:12.460: 216 test start:
2024-05-04 07:36:34.583: 216 avg_reward: 464.0
2024-05-04 07:36:34.583: 216 avg_steps: 646.6
2024-05-04 07:36:34.583: 216 epsilon: 0.1
2024-05-04 07:55:26.814: 217 test start:
2024-05-04 07:55:50.778: 217 avg_reward: 584.75
2024-05-04 07:55:50.778: 217 avg_steps: 694.25
2024-05-04 07:55:50.778: 217 epsilon: 0.1
2024-05-04 08:14:35.385: 218 test start:
2024-05-04 08:15:00.207: 218 avg_reward: 569.5
2024-05-04 08:15:00.207: 218 avg_steps: 725.4
2024-05-04 08:15:00.207: 218 epsilon: 0.1
2024-05-04 08:33:48.694: 219 test start:
2024-05-04 08:34:11.079: 219 avg_reward: 529.5
2024-05-04 08:34:11.080: 219 avg_steps: 640.75
2024-05-04 08:34:11.080: 219 epsilon: 0.1
2024-05-04 08:53:04.264: 220 test start:
2024-05-04 08:53:27.634: 220 avg_reward: 485.75
2024-05-04 08:53:27.634: 220 avg_steps: 676.8
2024-05-04 08:53:27.634: 220 epsilon: 0.1
2024-05-04 09:12:26.587: 221 test start:
2024-05-04 09:12:53.355: 221 avg_reward: 612.5
2024-05-04 09:12:53.356: 221 avg_steps: 780.4
2024-05-04 09:12:53.356: 221 epsilon: 0.1
2024-05-04 09:31:26.240: 222 test start:
2024-05-04 09:31:51.183: 222 avg_reward: 572.25
2024-05-04 09:31:51.183: 222 avg_steps: 719.2
2024-05-04 09:31:51.183: 222 epsilon: 0.1
2024-05-04 09:50:53.160: 223 test start:
2024-05-04 09:51:16.348: 223 avg_reward: 591.0
2024-05-04 09:51:16.348: 223 avg_steps: 723.45
2024-05-04 09:51:16.348: 223 epsilon: 0.1
