2024-05-01 10:09:31.776: 
parameters:agent_saving_period: 80000
agent_test_episodes: 20
batch_num_per_epoch: 100000
device: cuda:0
env_name: ALE/MontezumaRevenge-v5
epsilon_for_test: 0.05
epsilon_max: 1.0
epsilon_min: 0.1
exploration_steps: 1000000
gamma: 0.99
input_frame_height: 84
input_frame_width: 84
learning_rate: 1.0e-05
log_path: ../exps/dqn/
mini_batch_size: 32
no_op: 30
phi_channel: 4
replay_buffer_size: 200000
replay_start_size: 10000
save_path: ./exps/
skip_k_frame: 4
step_c: 10000
training_steps: 50000000

2024-05-01 10:25:26.689: 1 test start:
2024-05-01 10:37:35.830: 1 avg_reward: 0.0
2024-05-01 10:37:35.830: 1 avg_steps: 21836.25
2024-05-01 10:37:35.830: 1 epsilon: 0.9221068
2024-05-01 10:58:12.974: 2 test start:
2024-05-01 11:01:10.015: 2 avg_reward: 0.0
2024-05-01 11:01:10.015: 2 avg_steps: 5318.9
2024-05-01 11:01:10.015: 2 epsilon: 0.8353638999999999
2024-05-01 11:23:26.061: 3 test start:
2024-05-01 11:24:50.206: 3 avg_reward: 0.0
2024-05-01 11:24:50.206: 3 avg_steps: 2559.7
2024-05-01 11:24:50.206: 3 epsilon: 0.7486705
2024-05-01 11:46:54.759: 4 test start:
2024-05-01 11:51:46.363: 4 avg_reward: 0.0
2024-05-01 11:51:46.364: 4 avg_steps: 8898.05
2024-05-01 11:51:46.364: 4 epsilon: 0.6633361
2024-05-01 12:14:37.186: 5 test start:
2024-05-01 12:14:47.968: 5 avg_reward: 0.0
2024-05-01 12:14:47.968: 5 avg_steps: 296.45
2024-05-01 12:14:47.968: 5 epsilon: 0.5784309999999999
2024-05-01 12:35:36.394: 6 test start:
2024-05-01 12:35:43.108: 6 avg_reward: 0.0
2024-05-01 12:35:43.109: 6 avg_steps: 204.7
2024-05-01 12:35:43.109: 6 epsilon: 0.4939435
2024-05-01 12:57:09.409: 7 test start:
2024-05-01 12:57:29.768: 7 avg_reward: 0.0
2024-05-01 12:57:29.768: 7 avg_steps: 590.85
2024-05-01 12:57:29.768: 7 epsilon: 0.4107664
2024-05-01 13:20:07.304: 8 test start:
2024-05-01 13:27:10.089: 8 avg_reward: 0.0
2024-05-01 13:27:10.089: 8 avg_steps: 12221.4
2024-05-01 13:27:10.090: 8 epsilon: 0.3277431999999999
2024-05-01 13:49:26.576: 9 test start:
2024-05-01 13:49:38.690: 9 avg_reward: 0.0
2024-05-01 13:49:38.690: 9 avg_steps: 360.45
2024-05-01 13:49:38.690: 9 epsilon: 0.24410979999999993
2024-05-01 14:11:45.608: 10 test start:
2024-05-01 14:11:58.814: 10 avg_reward: 0.0
2024-05-01 14:11:58.814: 10 avg_steps: 379.15
2024-05-01 14:11:58.814: 10 epsilon: 0.15958719999999993
2024-05-01 14:34:57.111: 11 test start:
2024-05-01 14:35:23.395: 11 avg_reward: 0.0
2024-05-01 14:35:23.395: 11 avg_steps: 767.95
2024-05-01 14:35:23.396: 11 epsilon: 0.1
2024-05-01 14:58:42.433: 12 test start:
2024-05-01 14:58:53.500: 12 avg_reward: 0.0
2024-05-01 14:58:53.501: 12 avg_steps: 314.75
2024-05-01 14:58:53.501: 12 epsilon: 0.1
2024-05-01 15:21:22.361: 13 test start:
2024-05-01 15:22:32.562: 13 avg_reward: 0.0
2024-05-01 15:22:32.562: 13 avg_steps: 2068.25
2024-05-01 15:22:32.562: 13 epsilon: 0.1
2024-05-01 15:44:50.764: 14 test start:
2024-05-01 15:48:19.065: 14 avg_reward: 0.0
2024-05-01 15:48:19.065: 14 avg_steps: 6303.45
2024-05-01 15:48:19.065: 14 epsilon: 0.1
2024-05-01 16:10:39.410: 15 test start:
2024-05-01 16:16:03.969: 15 avg_reward: 0.0
2024-05-01 16:16:03.969: 15 avg_steps: 9393.4
2024-05-01 16:16:03.969: 15 epsilon: 0.1
2024-05-01 16:38:51.250: 16 test start:
2024-05-01 16:48:48.063: 16 avg_reward: 0.0
2024-05-01 16:48:48.064: 16 avg_steps: 17477.55
2024-05-01 16:48:48.064: 16 epsilon: 0.1
2024-05-01 17:11:26.357: 17 test start:
2024-05-01 17:23:50.496: 17 avg_reward: 0.0
2024-05-01 17:23:50.497: 17 avg_steps: 21632.8
2024-05-01 17:23:50.497: 17 epsilon: 0.1
2024-05-01 17:44:42.247: 18 test start:
2024-05-01 17:48:10.798: 18 avg_reward: 0.0
2024-05-01 17:48:10.798: 18 avg_steps: 6732.2
2024-05-01 17:48:10.798: 18 epsilon: 0.1
2024-05-01 18:09:05.934: 19 test start:
2024-05-01 18:10:12.770: 19 avg_reward: 0.0
2024-05-01 18:10:12.770: 19 avg_steps: 1956.6
2024-05-01 18:10:12.770: 19 epsilon: 0.1
2024-05-01 18:31:59.720: 20 test start:
2024-05-01 18:41:02.290: 20 avg_reward: 0.0
2024-05-01 18:41:02.290: 20 avg_steps: 16552.8
2024-05-01 18:41:02.290: 20 epsilon: 0.1
2024-05-01 19:03:02.785: 21 test start:
2024-05-01 19:07:27.164: 21 avg_reward: 0.0
2024-05-01 19:07:27.164: 21 avg_steps: 7916.15
2024-05-01 19:07:27.164: 21 epsilon: 0.1
2024-05-01 19:29:41.862: 22 test start:
2024-05-01 19:31:22.268: 22 avg_reward: 0.0
2024-05-01 19:31:22.269: 22 avg_steps: 2988.65
2024-05-01 19:31:22.269: 22 epsilon: 0.1
2024-05-01 19:53:17.409: 23 test start:
2024-05-01 19:58:52.376: 23 avg_reward: 0.0
2024-05-01 19:58:52.376: 23 avg_steps: 9846.2
2024-05-01 19:58:52.376: 23 epsilon: 0.1
2024-05-01 20:23:11.128: 24 test start:
2024-05-01 20:25:48.441: 24 avg_reward: 0.0
2024-05-01 20:25:48.441: 24 avg_steps: 4620.35
2024-05-01 20:25:48.441: 24 epsilon: 0.1
2024-05-01 20:46:18.730: 25 test start:
2024-05-01 20:52:20.549: 25 avg_reward: 0.0
2024-05-01 20:52:20.549: 25 avg_steps: 10945.15
2024-05-01 20:52:20.549: 25 epsilon: 0.1
2024-05-01 21:14:35.442: 26 test start:
2024-05-01 21:29:16.290: 26 avg_reward: 0.0
2024-05-01 21:29:16.290: 26 avg_steps: 25938.45
2024-05-01 21:29:16.290: 26 epsilon: 0.1
2024-05-01 21:51:32.843: 27 test start:
2024-05-01 21:56:35.327: 27 avg_reward: 0.0
2024-05-01 21:56:35.327: 27 avg_steps: 8694.55
2024-05-01 21:56:35.328: 27 epsilon: 0.1
2024-05-01 22:19:05.923: 28 test start:
2024-05-01 22:24:10.415: 28 avg_reward: 0.0
2024-05-01 22:24:10.415: 28 avg_steps: 8992.05
2024-05-01 22:24:10.415: 28 epsilon: 0.1
2024-05-01 22:46:50.168: 29 test start:
2024-05-01 22:47:28.419: 29 avg_reward: 0.0
2024-05-01 22:47:28.420: 29 avg_steps: 1116.1
2024-05-01 22:47:28.420: 29 epsilon: 0.1
2024-05-01 23:14:48.112: 30 test start:
2024-05-01 23:29:37.848: 30 avg_reward: 0.0
2024-05-01 23:29:37.849: 30 avg_steps: 25927.7
2024-05-01 23:29:37.849: 30 epsilon: 0.1
2024-05-01 23:48:02.936: 31 test start:
2024-05-01 23:55:48.607: 31 avg_reward: 0.0
2024-05-01 23:55:48.608: 31 avg_steps: 13334.45
2024-05-01 23:55:48.608: 31 epsilon: 0.1
2024-05-02 00:17:48.896: 32 test start:
2024-05-02 00:29:47.426: 32 avg_reward: 0.0
2024-05-02 00:29:47.427: 32 avg_steps: 20958.05
2024-05-02 00:29:47.427: 32 epsilon: 0.1
2024-05-02 00:51:28.887: 33 test start:
2024-05-02 01:03:55.235: 33 avg_reward: 0.0
2024-05-02 01:03:55.236: 33 avg_steps: 22179.9
2024-05-02 01:03:55.236: 33 epsilon: 0.1
2024-05-02 01:27:08.669: 34 test start:
2024-05-02 01:33:18.516: 34 avg_reward: 0.0
2024-05-02 01:33:18.517: 34 avg_steps: 11040.45
2024-05-02 01:33:18.517: 34 epsilon: 0.1
2024-05-02 01:55:01.046: 35 test start:
2024-05-02 02:07:23.896: 35 avg_reward: 0.0
2024-05-02 02:07:23.896: 35 avg_steps: 23222.7
2024-05-02 02:07:23.896: 35 epsilon: 0.1
2024-05-02 02:29:06.214: 36 test start:
2024-05-02 02:31:52.656: 36 avg_reward: 0.0
2024-05-02 02:31:52.657: 36 avg_steps: 4877.9
2024-05-02 02:31:52.657: 36 epsilon: 0.1
2024-05-02 02:54:38.874: 37 test start:
2024-05-02 02:55:36.878: 37 avg_reward: 0.0
2024-05-02 02:55:36.878: 37 avg_steps: 1640.05
2024-05-02 02:55:36.878: 37 epsilon: 0.1
2024-05-02 03:17:26.163: 38 test start:
2024-05-02 03:29:57.161: 38 avg_reward: 0.0
2024-05-02 03:29:57.162: 38 avg_steps: 21908.0
2024-05-02 03:29:57.162: 38 epsilon: 0.1
2024-05-02 03:52:32.475: 39 test start:
2024-05-02 04:04:37.417: 39 avg_reward: 0.0
2024-05-02 04:04:37.417: 39 avg_steps: 21890.05
2024-05-02 04:04:37.417: 39 epsilon: 0.1
2024-05-02 04:26:54.119: 40 test start:
2024-05-02 04:32:37.494: 40 avg_reward: 0.0
2024-05-02 04:32:37.495: 40 avg_steps: 10132.9
2024-05-02 04:32:37.495: 40 epsilon: 0.1
2024-05-02 04:54:59.181: 41 test start:
2024-05-02 05:03:25.331: 41 avg_reward: 0.0
2024-05-02 05:03:25.332: 41 avg_steps: 14949.95
2024-05-02 05:03:25.332: 41 epsilon: 0.1
2024-05-02 05:25:58.922: 42 test start:
2024-05-02 05:34:35.146: 42 avg_reward: 0.0
2024-05-02 05:34:35.147: 42 avg_steps: 15571.6
2024-05-02 05:34:35.147: 42 epsilon: 0.1
2024-05-02 05:56:53.908: 43 test start:
2024-05-02 06:11:05.468: 43 avg_reward: 0.0
2024-05-02 06:11:05.469: 43 avg_steps: 25023.45
2024-05-02 06:11:05.469: 43 epsilon: 0.1
2024-05-02 06:34:10.619: 44 test start:
2024-05-02 06:48:13.383: 44 avg_reward: 0.0
2024-05-02 06:48:13.383: 44 avg_steps: 24602.3
2024-05-02 06:48:13.384: 44 epsilon: 0.1
2024-05-02 07:10:26.659: 45 test start:
2024-05-02 07:17:25.769: 45 avg_reward: 0.0
2024-05-02 07:17:25.769: 45 avg_steps: 12434.15
2024-05-02 07:17:25.769: 45 epsilon: 0.1
2024-05-02 07:39:57.492: 46 test start:
2024-05-02 07:42:41.246: 46 avg_reward: 0.0
2024-05-02 07:42:41.246: 46 avg_steps: 4827.2
2024-05-02 07:42:41.246: 46 epsilon: 0.1
2024-05-02 08:04:54.184: 47 test start:
2024-05-02 08:09:33.967: 47 avg_reward: 0.0
2024-05-02 08:09:33.969: 47 avg_steps: 9124.5
2024-05-02 08:09:33.969: 47 epsilon: 0.1
2024-05-02 08:31:16.869: 48 test start:
2024-05-02 08:41:22.691: 48 avg_reward: 0.0
2024-05-02 08:41:22.692: 48 avg_steps: 17836.35
2024-05-02 08:41:22.692: 48 epsilon: 0.1
2024-05-02 09:03:30.593: 49 test start:
2024-05-02 09:07:50.912: 49 avg_reward: 0.0
2024-05-02 09:07:50.912: 49 avg_steps: 7614.8
2024-05-02 09:07:50.913: 49 epsilon: 0.1
2024-05-02 09:30:22.520: 50 test start:
2024-05-02 09:30:41.879: 50 avg_reward: 0.0
2024-05-02 09:30:41.880: 50 avg_steps: 552.55
2024-05-02 09:30:41.880: 50 epsilon: 0.1
2024-05-02 09:52:44.926: 51 test start:
2024-05-02 09:53:53.100: 51 avg_reward: 0.0
2024-05-02 09:53:53.100: 51 avg_steps: 1933.25
2024-05-02 09:53:53.100: 51 epsilon: 0.1
2024-05-02 10:16:21.008: 52 test start:
2024-05-02 10:18:05.489: 52 avg_reward: 0.0
2024-05-02 10:18:05.490: 52 avg_steps: 2962.7
2024-05-02 10:18:05.490: 52 epsilon: 0.1
2024-05-02 10:40:46.400: 53 test start:
2024-05-02 10:43:17.938: 53 avg_reward: 0.0
2024-05-02 10:43:17.939: 53 avg_steps: 4437.1
2024-05-02 10:43:17.939: 53 epsilon: 0.1
2024-05-02 11:06:01.045: 54 test start:
2024-05-02 11:07:02.792: 54 avg_reward: 0.0
2024-05-02 11:07:02.793: 54 avg_steps: 1753.45
2024-05-02 11:07:02.793: 54 epsilon: 0.1
2024-05-02 11:29:42.829: 55 test start:
2024-05-02 11:31:26.308: 55 avg_reward: 0.0
2024-05-02 11:31:26.309: 55 avg_steps: 3036.3
2024-05-02 11:31:26.309: 55 epsilon: 0.1
2024-05-02 11:53:52.307: 56 test start:
2024-05-02 11:54:02.957: 56 avg_reward: 0.0
2024-05-02 11:54:02.957: 56 avg_steps: 301.65
2024-05-02 11:54:02.957: 56 epsilon: 0.1
2024-05-02 12:16:34.428: 57 test start:
2024-05-02 12:24:35.988: 57 avg_reward: 5.0
2024-05-02 12:24:35.988: 57 avg_steps: 14478.35
2024-05-02 12:24:35.988: 57 epsilon: 0.1
2024-05-02 12:45:43.911: 58 test start:
2024-05-02 12:46:48.409: 58 avg_reward: 0.0
2024-05-02 12:46:48.409: 58 avg_steps: 1848.75
2024-05-02 12:46:48.409: 58 epsilon: 0.1
2024-05-02 13:09:20.959: 59 test start:
2024-05-02 13:17:25.011: 59 avg_reward: 0.0
2024-05-02 13:17:25.011: 59 avg_steps: 14658.35
2024-05-02 13:17:25.011: 59 epsilon: 0.1
2024-05-02 13:40:22.921: 60 test start:
2024-05-02 13:41:00.821: 60 avg_reward: 0.0
2024-05-02 13:41:00.821: 60 avg_steps: 1075.4
2024-05-02 13:41:00.821: 60 epsilon: 0.1
2024-05-02 14:03:38.847: 61 test start:
2024-05-02 14:06:03.619: 61 avg_reward: 0.0
2024-05-02 14:06:03.620: 61 avg_steps: 4084.5
2024-05-02 14:06:03.620: 61 epsilon: 0.1
2024-05-02 14:29:08.509: 62 test start:
2024-05-02 14:29:20.019: 62 avg_reward: 0.0
2024-05-02 14:29:20.019: 62 avg_steps: 324.2
2024-05-02 14:29:20.019: 62 epsilon: 0.1
2024-05-02 14:52:24.651: 63 test start:
2024-05-02 14:52:31.008: 63 avg_reward: 0.0
2024-05-02 14:52:31.008: 63 avg_steps: 171.75
2024-05-02 14:52:31.008: 63 epsilon: 0.1
2024-05-02 15:14:56.789: 64 test start:
2024-05-02 15:15:16.388: 64 avg_reward: 0.0
2024-05-02 15:15:16.388: 64 avg_steps: 552.75
2024-05-02 15:15:16.388: 64 epsilon: 0.1
2024-05-02 15:37:40.141: 65 test start:
2024-05-02 15:40:47.760: 65 avg_reward: 0.0
2024-05-02 15:40:47.761: 65 avg_steps: 5475.5
2024-05-02 15:40:47.761: 65 epsilon: 0.1
2024-05-02 16:04:58.733: 66 test start:
2024-05-02 16:05:51.703: 66 avg_reward: 0.0
2024-05-02 16:05:51.703: 66 avg_steps: 1568.2
2024-05-02 16:05:51.703: 66 epsilon: 0.1
2024-05-02 16:27:51.228: 67 test start:
2024-05-02 16:28:07.298: 67 avg_reward: 0.0
2024-05-02 16:28:07.298: 67 avg_steps: 479.2
2024-05-02 16:28:07.298: 67 epsilon: 0.1
2024-05-02 16:50:26.551: 68 test start:
2024-05-02 16:50:37.986: 68 avg_reward: 0.0
2024-05-02 16:50:37.986: 68 avg_steps: 319.3
2024-05-02 16:50:37.986: 68 epsilon: 0.1
2024-05-02 17:13:45.928: 69 test start:
2024-05-02 17:13:59.540: 69 avg_reward: 0.0
2024-05-02 17:13:59.541: 69 avg_steps: 387.45
2024-05-02 17:13:59.541: 69 epsilon: 0.1
2024-05-02 17:41:22.531: 70 test start:
2024-05-02 17:55:35.027: 70 avg_reward: 0.0
2024-05-02 17:55:35.027: 70 avg_steps: 25767.4
2024-05-02 17:55:35.027: 70 epsilon: 0.1
2024-05-02 18:15:24.126: 71 test start:
2024-05-02 18:20:47.822: 71 avg_reward: 0.0
2024-05-02 18:20:47.822: 71 avg_steps: 9674.2
2024-05-02 18:20:47.822: 71 epsilon: 0.1
2024-05-02 18:42:53.026: 72 test start:
2024-05-02 18:55:54.582: 72 avg_reward: 0.0
2024-05-02 18:55:54.583: 72 avg_steps: 22774.5
2024-05-02 18:55:54.583: 72 epsilon: 0.1
2024-05-02 19:20:28.363: 73 test start:
2024-05-02 19:21:14.759: 73 avg_reward: 0.0
2024-05-02 19:21:14.759: 73 avg_steps: 1374.55
2024-05-02 19:21:14.759: 73 epsilon: 0.1
2024-05-02 19:41:09.705: 74 test start:
2024-05-02 19:44:32.696: 74 avg_reward: 0.0
2024-05-02 19:44:32.697: 74 avg_steps: 6098.2
2024-05-02 19:44:32.697: 74 epsilon: 0.1
2024-05-02 20:12:27.112: 75 test start:
2024-05-02 20:25:53.772: 75 avg_reward: 5.0
2024-05-02 20:25:53.773: 75 avg_steps: 24341.55
2024-05-02 20:25:53.773: 75 epsilon: 0.1
2024-05-02 20:44:32.530: 76 test start:
2024-05-02 20:45:35.913: 76 avg_reward: 0.0
2024-05-02 20:45:35.914: 76 avg_steps: 1897.8
2024-05-02 20:45:35.914: 76 epsilon: 0.1
2024-05-02 21:06:16.067: 77 test start:
2024-05-02 21:14:20.975: 77 avg_reward: 0.0
2024-05-02 21:14:20.976: 77 avg_steps: 14483.45
2024-05-02 21:14:20.976: 77 epsilon: 0.1
2024-05-02 21:36:40.894: 78 test start:
2024-05-02 21:36:54.424: 78 avg_reward: 0.0
2024-05-02 21:36:54.425: 78 avg_steps: 388.0
2024-05-02 21:36:54.425: 78 epsilon: 0.1
2024-05-02 22:00:17.539: 79 test start:
2024-05-02 22:09:43.312: 79 avg_reward: 0.0
2024-05-02 22:09:43.312: 79 avg_steps: 17336.7
2024-05-02 22:09:43.312: 79 epsilon: 0.1
2024-05-02 22:33:29.597: 80 test start:
2024-05-02 22:47:52.123: 80 avg_reward: 5.0
2024-05-02 22:47:52.123: 80 avg_steps: 25728.15
2024-05-02 22:47:52.124: 80 epsilon: 0.1
2024-05-02 23:10:03.225: 81 test start:
2024-05-02 23:25:13.532: 81 avg_reward: 0.0
2024-05-02 23:25:13.533: 81 avg_steps: 27000.0
2024-05-02 23:25:13.533: 81 epsilon: 0.1
2024-05-02 23:51:01.206: 82 test start:
2024-05-03 00:05:29.714: 82 avg_reward: 0.0
2024-05-03 00:05:29.715: 82 avg_steps: 26146.0
2024-05-03 00:05:29.715: 82 epsilon: 0.1
2024-05-03 00:27:45.637: 83 test start:
2024-05-03 00:43:23.166: 83 avg_reward: 0.0
2024-05-03 00:43:23.166: 83 avg_steps: 27000.0
2024-05-03 00:43:23.166: 83 epsilon: 0.1
2024-05-03 01:02:22.715: 84 test start:
2024-05-03 01:02:48.253: 84 avg_reward: 0.0
2024-05-03 01:02:48.254: 84 avg_steps: 741.55
2024-05-03 01:02:48.254: 84 epsilon: 0.1
2024-05-03 01:25:47.282: 85 test start:
2024-05-03 01:26:15.500: 85 avg_reward: 0.0
2024-05-03 01:26:15.500: 85 avg_steps: 810.8
2024-05-03 01:26:15.500: 85 epsilon: 0.1
2024-05-03 01:49:12.451: 86 test start:
2024-05-03 01:50:22.491: 86 avg_reward: 0.0
2024-05-03 01:50:22.491: 86 avg_steps: 1992.5
2024-05-03 01:50:22.491: 86 epsilon: 0.1
2024-05-03 02:12:43.119: 87 test start:
2024-05-03 02:22:17.900: 87 avg_reward: 0.0
2024-05-03 02:22:17.900: 87 avg_steps: 17054.1
2024-05-03 02:22:17.900: 87 epsilon: 0.1
2024-05-03 02:45:13.720: 88 test start:
2024-05-03 02:46:49.573: 88 avg_reward: 0.0
2024-05-03 02:46:49.574: 88 avg_steps: 2807.85
2024-05-03 02:46:49.574: 88 epsilon: 0.1
2024-05-03 03:11:09.514: 89 test start:
2024-05-03 03:22:17.955: 89 avg_reward: 0.0
2024-05-03 03:22:17.955: 89 avg_steps: 19639.1
2024-05-03 03:22:17.956: 89 epsilon: 0.1
2024-05-03 03:43:59.859: 90 test start:
2024-05-03 03:45:10.631: 90 avg_reward: 0.0
2024-05-03 03:45:10.632: 90 avg_steps: 1989.2
2024-05-03 03:45:10.632: 90 epsilon: 0.1
2024-05-03 04:08:49.416: 91 test start:
2024-05-03 04:23:12.104: 91 avg_reward: 10.0
2024-05-03 04:23:12.105: 91 avg_steps: 25707.2
2024-05-03 04:23:12.105: 91 epsilon: 0.1
2024-05-03 04:44:12.717: 92 test start:
2024-05-03 04:46:51.800: 92 avg_reward: 0.0
2024-05-03 04:46:51.801: 92 avg_steps: 4857.25
2024-05-03 04:46:51.801: 92 epsilon: 0.1
2024-05-03 05:11:51.393: 93 test start:
2024-05-03 05:14:04.474: 93 avg_reward: 0.0
2024-05-03 05:14:04.475: 93 avg_steps: 3931.7
2024-05-03 05:14:04.475: 93 epsilon: 0.1
2024-05-03 05:35:02.254: 94 test start:
2024-05-03 05:46:31.982: 94 avg_reward: 65.0
2024-05-03 05:46:31.983: 94 avg_steps: 20742.6
2024-05-03 05:46:31.983: 94 epsilon: 0.1
2024-05-03 06:12:31.795: 95 test start:
2024-05-03 06:13:35.303: 95 avg_reward: 0.0
2024-05-03 06:13:35.304: 95 avg_steps: 1884.9
2024-05-03 06:13:35.304: 95 epsilon: 0.1
2024-05-03 06:32:29.283: 96 test start:
2024-05-03 06:40:40.928: 96 avg_reward: 25.0
2024-05-03 06:40:40.929: 96 avg_steps: 14447.5
2024-05-03 06:40:40.929: 96 epsilon: 0.1
2024-05-03 07:02:37.581: 97 test start:
2024-05-03 07:05:22.422: 97 avg_reward: 20.0
2024-05-03 07:05:22.422: 97 avg_steps: 4666.4
2024-05-03 07:05:22.422: 97 epsilon: 0.1
2024-05-03 07:27:55.737: 98 test start:
2024-05-03 07:32:56.086: 98 avg_reward: 110.0
2024-05-03 07:32:56.086: 98 avg_steps: 8766.65
2024-05-03 07:32:56.086: 98 epsilon: 0.1
2024-05-03 07:57:15.408: 99 test start:
2024-05-03 08:06:38.502: 99 avg_reward: 75.0
2024-05-03 08:06:38.502: 99 avg_steps: 16564.9
2024-05-03 08:06:38.502: 99 epsilon: 0.1
2024-05-03 08:31:32.228: 100 test start:
2024-05-03 08:46:18.287: 100 avg_reward: 0.0
2024-05-03 08:46:18.287: 100 avg_steps: 27000.0
2024-05-03 08:46:18.287: 100 epsilon: 0.1
2024-05-03 09:10:27.748: 101 test start:
2024-05-03 09:23:23.076: 101 avg_reward: 145.0
2024-05-03 09:23:23.077: 101 avg_steps: 22649.6
2024-05-03 09:23:23.077: 101 epsilon: 0.1
2024-05-03 09:43:18.399: 102 test start:
2024-05-03 09:51:36.350: 102 avg_reward: 160.0
2024-05-03 09:51:36.351: 102 avg_steps: 14775.6
2024-05-03 09:51:36.351: 102 epsilon: 0.1
2024-05-03 10:11:51.796: 103 test start:
2024-05-03 10:21:21.272: 103 avg_reward: 140.0
2024-05-03 10:21:21.273: 103 avg_steps: 16884.05
2024-05-03 10:21:21.273: 103 epsilon: 0.1
2024-05-03 10:46:37.815: 104 test start:
2024-05-03 10:49:31.670: 104 avg_reward: 10.0
2024-05-03 10:49:31.670: 104 avg_steps: 5256.2
2024-05-03 10:49:31.670: 104 epsilon: 0.1
2024-05-03 11:08:40.669: 105 test start:
2024-05-03 11:08:56.558: 105 avg_reward: 0.0
2024-05-03 11:08:56.558: 105 avg_steps: 454.55
2024-05-03 11:08:56.558: 105 epsilon: 0.1
2024-05-03 11:38:04.711: 106 test start:
2024-05-03 11:39:50.009: 106 avg_reward: 0.0
2024-05-03 11:39:50.009: 106 avg_steps: 2686.1
2024-05-03 11:39:50.009: 106 epsilon: 0.1
2024-05-03 12:07:39.185: 107 test start:
2024-05-03 12:08:09.889: 107 avg_reward: 50.0
2024-05-03 12:08:09.889: 107 avg_steps: 871.55
2024-05-03 12:08:09.889: 107 epsilon: 0.1
2024-05-03 12:27:31.455: 108 test start:
2024-05-03 12:41:55.689: 108 avg_reward: 180.0
2024-05-03 12:41:55.689: 108 avg_steps: 25101.3
2024-05-03 12:41:55.689: 108 epsilon: 0.1
2024-05-03 13:05:14.955: 109 test start:
2024-05-03 13:12:05.268: 109 avg_reward: 325.0
2024-05-03 13:12:05.269: 109 avg_steps: 11766.05
2024-05-03 13:12:05.269: 109 epsilon: 0.1
2024-05-03 13:39:57.210: 110 test start:
2024-05-03 13:43:55.776: 110 avg_reward: 365.0
2024-05-03 13:43:55.777: 110 avg_steps: 6823.25
2024-05-03 13:43:55.777: 110 epsilon: 0.1
2024-05-03 14:02:58.750: 111 test start:
2024-05-03 14:18:43.819: 111 avg_reward: 60.0
2024-05-03 14:18:43.819: 111 avg_steps: 26940.0
2024-05-03 14:18:43.819: 111 epsilon: 0.1
2024-05-03 14:42:18.530: 112 test start:
2024-05-03 14:56:16.679: 112 avg_reward: 30.0
2024-05-03 14:56:16.680: 112 avg_steps: 24363.8
2024-05-03 14:56:16.680: 112 epsilon: 0.1
2024-05-03 15:19:28.498: 113 test start:
2024-05-03 15:30:55.253: 113 avg_reward: 20.0
2024-05-03 15:30:55.253: 113 avg_steps: 20144.8
2024-05-03 15:30:55.253: 113 epsilon: 0.1
2024-05-03 15:56:13.154: 114 test start:
2024-05-03 16:03:00.620: 114 avg_reward: 5.0
2024-05-03 16:03:00.621: 114 avg_steps: 11789.6
2024-05-03 16:03:00.621: 114 epsilon: 0.1
2024-05-03 16:23:54.601: 115 test start:
2024-05-03 16:24:39.988: 115 avg_reward: 15.0
2024-05-03 16:24:39.989: 115 avg_steps: 1339.55
2024-05-03 16:24:39.989: 115 epsilon: 0.1
2024-05-03 16:51:04.823: 116 test start:
2024-05-03 16:54:56.543: 116 avg_reward: 210.0
2024-05-03 16:54:56.544: 116 avg_steps: 7188.6
2024-05-03 16:54:56.544: 116 epsilon: 0.1
2024-05-03 17:15:58.034: 117 test start:
2024-05-03 17:27:27.687: 117 avg_reward: 265.0
2024-05-03 17:27:27.687: 117 avg_steps: 20508.3
2024-05-03 17:27:27.687: 117 epsilon: 0.1
2024-05-03 17:49:20.117: 118 test start:
2024-05-03 17:53:16.825: 118 avg_reward: 125.0
2024-05-03 17:53:16.826: 118 avg_steps: 7100.8
2024-05-03 17:53:16.826: 118 epsilon: 0.1
2024-05-03 18:14:56.029: 119 test start:
2024-05-03 18:27:30.215: 119 avg_reward: 380.0
2024-05-03 18:27:30.215: 119 avg_steps: 23341.6
2024-05-03 18:27:30.215: 119 epsilon: 0.1
2024-05-03 18:51:41.766: 120 test start:
2024-05-03 19:03:20.326: 120 avg_reward: 410.0
2024-05-03 19:03:20.326: 120 avg_steps: 21148.05
2024-05-03 19:03:20.326: 120 epsilon: 0.1
2024-05-03 19:24:28.142: 121 test start:
2024-05-03 19:39:14.338: 121 avg_reward: 425.0
2024-05-03 19:39:14.338: 121 avg_steps: 26170.7
2024-05-03 19:39:14.338: 121 epsilon: 0.1
2024-05-03 20:03:42.514: 122 test start:
2024-05-03 20:12:46.188: 122 avg_reward: 425.0
2024-05-03 20:12:46.189: 122 avg_steps: 16154.45
2024-05-03 20:12:46.189: 122 epsilon: 0.1
2024-05-03 20:34:55.352: 123 test start:
2024-05-03 20:48:21.963: 123 avg_reward: 185.0
2024-05-03 20:48:21.963: 123 avg_steps: 23349.5
2024-05-03 20:48:21.963: 123 epsilon: 0.1
2024-05-03 21:10:52.273: 124 test start:
2024-05-03 21:22:17.989: 124 avg_reward: 330.0
2024-05-03 21:22:17.989: 124 avg_steps: 20123.1
2024-05-03 21:22:17.989: 124 epsilon: 0.1
2024-05-03 21:44:51.760: 125 test start:
2024-05-03 21:56:52.569: 125 avg_reward: 400.0
2024-05-03 21:56:52.570: 125 avg_steps: 21065.15
2024-05-03 21:56:52.570: 125 epsilon: 0.1
2024-05-03 22:24:17.411: 126 test start:
2024-05-03 22:39:37.603: 126 avg_reward: 0.0
2024-05-03 22:39:37.604: 126 avg_steps: 27000.0
2024-05-03 22:39:37.604: 126 epsilon: 0.1
2024-05-03 22:58:28.366: 127 test start:
2024-05-03 23:09:56.278: 127 avg_reward: 165.0
2024-05-03 23:09:56.279: 127 avg_steps: 19963.45
2024-05-03 23:09:56.279: 127 epsilon: 0.1
2024-05-03 23:35:33.541: 128 test start:
2024-05-03 23:42:55.384: 128 avg_reward: 260.0
2024-05-03 23:42:55.385: 128 avg_steps: 13055.5
2024-05-03 23:42:55.385: 128 epsilon: 0.1
2024-05-04 00:03:21.462: 129 test start:
2024-05-04 00:17:28.221: 129 avg_reward: 95.0
2024-05-04 00:17:28.222: 129 avg_steps: 24223.8
2024-05-04 00:17:28.222: 129 epsilon: 0.1
2024-05-04 00:42:31.648: 130 test start:
2024-05-04 00:57:37.764: 130 avg_reward: 20.0
2024-05-04 00:57:37.765: 130 avg_steps: 27000.0
2024-05-04 00:57:37.765: 130 epsilon: 0.1
2024-05-04 01:18:23.290: 131 test start:
2024-05-04 01:31:11.173: 131 avg_reward: 10.0
2024-05-04 01:31:11.173: 131 avg_steps: 23117.45
2024-05-04 01:31:11.173: 131 epsilon: 0.1
2024-05-04 01:57:09.217: 132 test start:
2024-05-04 02:07:45.552: 132 avg_reward: 145.0
2024-05-04 02:07:45.553: 132 avg_steps: 18848.95
2024-05-04 02:07:45.553: 132 epsilon: 0.1
2024-05-04 02:28:17.371: 133 test start:
2024-05-04 02:32:14.133: 133 avg_reward: 0.0
2024-05-04 02:32:14.134: 133 avg_steps: 7028.2
2024-05-04 02:32:14.134: 133 epsilon: 0.1
2024-05-04 02:56:53.385: 134 test start:
2024-05-04 03:09:52.231: 134 avg_reward: 80.0
2024-05-04 03:09:52.232: 134 avg_steps: 23029.7
2024-05-04 03:09:52.232: 134 epsilon: 0.1
2024-05-04 03:37:12.635: 135 test start:
2024-05-04 03:50:56.924: 135 avg_reward: 385.0
2024-05-04 03:50:56.924: 135 avg_steps: 24349.1
2024-05-04 03:50:56.924: 135 epsilon: 0.1
2024-05-04 04:11:02.795: 136 test start:
2024-05-04 04:17:48.190: 136 avg_reward: 215.0
2024-05-04 04:17:48.190: 136 avg_steps: 12802.6
2024-05-04 04:17:48.190: 136 epsilon: 0.1
2024-05-04 04:42:20.385: 137 test start:
2024-05-04 04:56:35.845: 137 avg_reward: 400.0
2024-05-04 04:56:35.846: 137 avg_steps: 27000.0
2024-05-04 04:56:35.846: 137 epsilon: 0.1
2024-05-04 05:16:34.030: 138 test start:
2024-05-04 05:30:04.141: 138 avg_reward: 385.0
2024-05-04 05:30:04.141: 138 avg_steps: 25518.6
2024-05-04 05:30:04.141: 138 epsilon: 0.1
2024-05-04 05:50:47.203: 139 test start:
2024-05-04 06:03:30.215: 139 avg_reward: 385.0
2024-05-04 06:03:30.215: 139 avg_steps: 24520.05
2024-05-04 06:03:30.215: 139 epsilon: 0.1
2024-05-04 06:27:45.894: 140 test start:
2024-05-04 06:40:28.420: 140 avg_reward: 400.0
2024-05-04 06:40:28.421: 140 avg_steps: 24036.2
2024-05-04 06:40:28.421: 140 epsilon: 0.1
2024-05-04 07:02:17.925: 141 test start:
2024-05-04 07:05:41.196: 141 avg_reward: 310.0
2024-05-04 07:05:41.196: 141 avg_steps: 6443.2
2024-05-04 07:05:41.196: 141 epsilon: 0.1
2024-05-04 07:24:15.700: 142 test start:
2024-05-04 07:34:58.564: 142 avg_reward: 380.0
2024-05-04 07:34:58.566: 142 avg_steps: 19637.55
2024-05-04 07:34:58.566: 142 epsilon: 0.1
2024-05-04 07:56:47.268: 143 test start:
2024-05-04 07:57:41.773: 143 avg_reward: 400.0
2024-05-04 07:57:41.774: 143 avg_steps: 1616.65
2024-05-04 07:57:41.774: 143 epsilon: 0.1
2024-05-04 08:20:42.381: 144 test start:
2024-05-04 08:24:24.849: 144 avg_reward: 400.0
2024-05-04 08:24:24.850: 144 avg_steps: 6570.1
2024-05-04 08:24:24.850: 144 epsilon: 0.1
2024-05-04 08:48:53.556: 145 test start:
2024-05-04 09:01:36.036: 145 avg_reward: 400.0
2024-05-04 09:01:36.037: 145 avg_steps: 23335.15
2024-05-04 09:01:36.037: 145 epsilon: 0.1
2024-05-04 09:24:55.260: 146 test start:
2024-05-04 09:29:16.311: 146 avg_reward: 310.0
2024-05-04 09:29:16.311: 146 avg_steps: 7988.55
2024-05-04 09:29:16.311: 146 epsilon: 0.1
2024-05-04 09:47:44.796: 147 test start:
2024-05-04 09:51:50.731: 147 avg_reward: 400.0
2024-05-04 09:51:50.732: 147 avg_steps: 7700.95
2024-05-04 09:51:50.732: 147 epsilon: 0.1
2024-05-04 10:12:39.112: 148 test start:
2024-05-04 10:18:29.558: 148 avg_reward: 430.0
2024-05-04 10:18:29.558: 148 avg_steps: 10823.45
2024-05-04 10:18:29.558: 148 epsilon: 0.1
2024-05-04 10:39:31.789: 149 test start:
2024-05-04 10:44:11.498: 149 avg_reward: 420.0
2024-05-04 10:44:11.498: 149 avg_steps: 9037.3
2024-05-04 10:44:11.498: 149 epsilon: 0.1
2024-05-04 11:05:55.045: 150 test start:
2024-05-04 11:16:55.394: 150 avg_reward: 185.0
2024-05-04 11:16:55.395: 150 avg_steps: 20933.9
2024-05-04 11:16:55.395: 150 epsilon: 0.1
2024-05-04 11:38:13.812: 151 test start:
2024-05-04 11:42:50.424: 151 avg_reward: 405.0
2024-05-04 11:42:50.424: 151 avg_steps: 8574.05
2024-05-04 11:42:50.424: 151 epsilon: 0.1
2024-05-04 12:04:09.577: 152 test start:
2024-05-04 12:09:08.947: 152 avg_reward: 400.0
2024-05-04 12:09:08.947: 152 avg_steps: 9592.95
2024-05-04 12:09:08.947: 152 epsilon: 0.1
2024-05-04 12:32:33.896: 153 test start:
2024-05-04 12:46:49.562: 153 avg_reward: 400.0
2024-05-04 12:46:49.563: 153 avg_steps: 27000.0
2024-05-04 12:46:49.563: 153 epsilon: 0.1
2024-05-04 13:10:02.179: 154 test start:
2024-05-04 13:23:23.659: 154 avg_reward: 25.0
2024-05-04 13:23:23.660: 154 avg_steps: 25665.05
2024-05-04 13:23:23.660: 154 epsilon: 0.1
2024-05-04 13:42:46.647: 155 test start:
2024-05-04 13:57:05.033: 155 avg_reward: 20.0
2024-05-04 13:57:05.033: 155 avg_steps: 27000.0
2024-05-04 13:57:05.033: 155 epsilon: 0.1
2024-05-04 14:19:50.366: 156 test start:
2024-05-04 14:33:49.522: 156 avg_reward: 40.0
2024-05-04 14:33:49.523: 156 avg_steps: 27000.0
2024-05-04 14:33:49.523: 156 epsilon: 0.1
2024-05-04 14:49:44.194: 157 test start:
2024-05-04 14:55:33.778: 157 avg_reward: 25.0
2024-05-04 14:55:33.779: 157 avg_steps: 12575.8
2024-05-04 14:55:33.779: 157 epsilon: 0.1
2024-05-04 15:14:46.825: 158 test start:
2024-05-04 15:23:02.957: 158 avg_reward: 135.0
2024-05-04 15:23:02.957: 158 avg_steps: 19268.35
2024-05-04 15:23:02.957: 158 epsilon: 0.1
2024-05-04 15:44:14.116: 159 test start:
2024-05-04 15:47:46.850: 159 avg_reward: 20.0
2024-05-04 15:47:46.851: 159 avg_steps: 7741.05
2024-05-04 15:47:46.851: 159 epsilon: 0.1
2024-05-04 16:02:39.214: 160 test start:
2024-05-04 16:12:13.656: 160 avg_reward: 40.0
2024-05-04 16:12:13.656: 160 avg_steps: 21575.2
2024-05-04 16:12:13.656: 160 epsilon: 0.1
2024-05-04 16:34:48.987: 161 test start:
2024-05-04 16:39:32.131: 161 avg_reward: 275.0
2024-05-04 16:39:32.132: 161 avg_steps: 10898.8
2024-05-04 16:39:32.132: 161 epsilon: 0.1
2024-05-04 16:52:51.453: 162 test start:
2024-05-04 16:58:22.794: 162 avg_reward: 400.0
2024-05-04 16:58:22.794: 162 avg_steps: 13060.55
2024-05-04 16:58:22.794: 162 epsilon: 0.1
2024-05-04 17:16:28.278: 163 test start:
2024-05-04 17:23:11.880: 163 avg_reward: 400.0
2024-05-04 17:23:11.880: 163 avg_steps: 16277.3
2024-05-04 17:23:11.880: 163 epsilon: 0.1
2024-05-04 17:41:34.000: 164 test start:
2024-05-04 17:44:02.381: 164 avg_reward: 400.0
2024-05-04 17:44:02.381: 164 avg_steps: 6175.55
2024-05-04 17:44:02.381: 164 epsilon: 0.1
2024-05-04 17:58:41.157: 165 test start:
2024-05-04 18:04:14.184: 165 avg_reward: 385.0
2024-05-04 18:04:14.184: 165 avg_steps: 13836.55
2024-05-04 18:04:14.184: 165 epsilon: 0.1
2024-05-04 18:24:50.248: 166 test start:
2024-05-04 18:33:10.473: 166 avg_reward: 400.0
2024-05-04 18:33:10.473: 166 avg_steps: 20696.95
2024-05-04 18:33:10.473: 166 epsilon: 0.1
2024-05-04 18:46:33.133: 167 test start:
2024-05-04 18:53:15.205: 167 avg_reward: 400.0
2024-05-04 18:53:15.205: 167 avg_steps: 16507.2
2024-05-04 18:53:15.205: 167 epsilon: 0.1
2024-05-04 19:09:34.614: 168 test start:
2024-05-04 19:13:54.529: 168 avg_reward: 325.0
2024-05-04 19:13:54.529: 168 avg_steps: 10821.9
2024-05-04 19:13:54.529: 168 epsilon: 0.1
2024-05-04 19:31:02.395: 169 test start:
2024-05-04 19:32:17.119: 169 avg_reward: 400.0
2024-05-04 19:32:17.120: 169 avg_steps: 2963.45
2024-05-04 19:32:17.121: 169 epsilon: 0.1
2024-05-04 19:49:31.527: 170 test start:
2024-05-04 19:51:36.586: 170 avg_reward: 490.0
2024-05-04 19:51:36.586: 170 avg_steps: 5320.25
2024-05-04 19:51:36.586: 170 epsilon: 0.1
2024-05-04 20:08:38.677: 171 test start:
2024-05-04 20:13:04.224: 171 avg_reward: 445.0
2024-05-04 20:13:04.224: 171 avg_steps: 11504.05
2024-05-04 20:13:04.224: 171 epsilon: 0.1
2024-05-04 20:30:25.560: 172 test start:
2024-05-04 20:40:19.322: 172 avg_reward: 490.0
2024-05-04 20:40:19.323: 172 avg_steps: 25674.65
2024-05-04 20:40:19.323: 172 epsilon: 0.1
2024-05-04 20:57:24.481: 173 test start:
2024-05-04 21:04:22.949: 173 avg_reward: 465.0
2024-05-04 21:04:22.949: 173 avg_steps: 18038.85
2024-05-04 21:04:22.949: 173 epsilon: 0.1
2024-05-04 21:25:01.492: 174 test start:
2024-05-04 21:29:25.146: 174 avg_reward: 410.0
2024-05-04 21:29:25.146: 174 avg_steps: 10880.95
2024-05-04 21:29:25.147: 174 epsilon: 0.1
2024-05-04 21:44:41.704: 175 test start:
2024-05-04 21:49:18.470: 175 avg_reward: 280.0
2024-05-04 21:49:18.471: 175 avg_steps: 11283.45
2024-05-04 21:49:18.471: 175 epsilon: 0.1
2024-05-04 22:07:37.083: 176 test start:
2024-05-04 22:12:52.471: 176 avg_reward: 340.0
2024-05-04 22:12:52.471: 176 avg_steps: 12986.7
2024-05-04 22:12:52.471: 176 epsilon: 0.1
2024-05-04 22:32:11.941: 177 test start:
2024-05-04 22:54:58.140: 177 avg_reward: 400.0
2024-05-04 22:54:58.140: 177 avg_steps: 23915.5
2024-05-04 22:54:58.140: 177 epsilon: 0.1
2024-05-04 23:34:11.607: 178 test start:
2024-05-04 23:56:11.237: 178 avg_reward: 400.0
2024-05-04 23:56:11.237: 178 avg_steps: 17606.1
2024-05-04 23:56:11.237: 178 epsilon: 0.1
2024-05-05 00:20:46.895: 179 test start:
2024-05-05 00:27:52.483: 179 avg_reward: 525.0
2024-05-05 00:27:52.483: 179 avg_steps: 17950.25
2024-05-05 00:27:52.483: 179 epsilon: 0.1
2024-05-05 00:43:25.096: 180 test start:
2024-05-05 00:54:15.573: 180 avg_reward: 485.0
2024-05-05 00:54:15.574: 180 avg_steps: 27000.0
2024-05-05 00:54:15.574: 180 epsilon: 0.1
2024-05-05 01:14:23.222: 181 test start:
2024-05-05 01:23:47.089: 181 avg_reward: 440.0
2024-05-05 01:23:47.090: 181 avg_steps: 22532.3
2024-05-05 01:23:47.090: 181 epsilon: 0.1
2024-05-05 01:38:21.603: 182 test start:
2024-05-05 01:48:40.870: 182 avg_reward: 435.0
2024-05-05 01:48:40.870: 182 avg_steps: 26041.25
2024-05-05 01:48:40.870: 182 epsilon: 0.1
2024-05-05 02:09:01.802: 183 test start:
2024-05-05 02:20:23.706: 183 avg_reward: 360.0
2024-05-05 02:20:23.706: 183 avg_steps: 27000.0
2024-05-05 02:20:23.706: 183 epsilon: 0.1
2024-05-05 02:39:52.920: 184 test start:
2024-05-05 02:50:40.614: 184 avg_reward: 400.0
2024-05-05 02:50:40.615: 184 avg_steps: 27000.0
