2024-05-02 19:19:17.765: 
parameters:agent_saving_period: 80000
agent_test_episodes: 20
batch_num_per_epoch: 100000
device: cuda:0
env_name: ALE/Seaquest-v5
epsilon_for_test: 0.05
epsilon_max: 1.0
epsilon_min: 0.1
exploration_steps: 1000000
gamma: 0.99
input_frame_height: 84
input_frame_width: 84
learning_rate: 1.0e-05
log_path: ../exps/dqn/
mini_batch_size: 32
no_op: 30
phi_channel: 4
replay_buffer_size: 200000
replay_start_size: 10000
save_path: ./exps/
skip_k_frame: 4
step_c: 10000
training_steps: 50000000

2024-05-02 19:31:42.902: 1 test start:
2024-05-02 19:32:00.065: 1 avg_reward: 160.0
2024-05-02 19:32:00.065: 1 avg_steps: 728.45
2024-05-02 19:32:00.065: 1 epsilon: 0.9236701
2024-05-02 19:46:10.591: 2 test start:
2024-05-02 19:46:25.418: 2 avg_reward: 201.0
2024-05-02 19:46:25.418: 2 avg_steps: 693.25
2024-05-02 19:46:25.418: 2 epsilon: 0.8386804
2024-05-02 20:27:49.767: 3 test start:
2024-05-02 20:28:09.517: 3 avg_reward: 344.0
2024-05-02 20:28:09.517: 3 avg_steps: 1028.9
2024-05-02 20:28:09.517: 3 epsilon: 0.7529905
2024-05-02 20:42:12.212: 4 test start:
2024-05-02 20:42:29.383: 4 avg_reward: 317.0
2024-05-02 20:42:29.384: 4 avg_steps: 875.2
2024-05-02 20:42:29.384: 4 epsilon: 0.66691
2024-05-02 20:56:34.069: 5 test start:
2024-05-02 20:56:55.518: 5 avg_reward: 336.0
2024-05-02 20:56:55.518: 5 avg_steps: 1105.7
2024-05-02 20:56:55.518: 5 epsilon: 0.5804479
2024-05-02 21:11:00.903: 6 test start:
2024-05-02 21:11:23.455: 6 avg_reward: 399.0
2024-05-02 21:11:23.455: 6 avg_steps: 1190.15
2024-05-02 21:11:23.455: 6 epsilon: 0.49348269999999994
2024-05-02 21:25:34.541: 7 test start:
2024-05-02 21:25:53.315: 7 avg_reward: 367.0
2024-05-02 21:25:53.315: 7 avg_steps: 982.7
2024-05-02 21:25:53.315: 7 epsilon: 0.40573989999999993
2024-05-02 21:39:56.448: 8 test start:
2024-05-02 21:40:17.198: 8 avg_reward: 400.0
2024-05-02 21:40:17.198: 8 avg_steps: 1093.35
2024-05-02 21:40:17.198: 8 epsilon: 0.318565
2024-05-02 21:54:20.087: 9 test start:
2024-05-02 21:54:48.333: 9 avg_reward: 739.0
2024-05-02 21:54:48.333: 9 avg_steps: 1490.8
2024-05-02 21:54:48.333: 9 epsilon: 0.23154759999999996
2024-05-02 22:08:52.181: 10 test start:
2024-05-02 22:09:24.939: 10 avg_reward: 815.0
2024-05-02 22:09:24.939: 10 avg_steps: 1717.95
2024-05-02 22:09:24.939: 10 epsilon: 0.1439244999999999
2024-05-02 22:23:29.444: 11 test start:
2024-05-02 22:23:56.643: 11 avg_reward: 830.0
2024-05-02 22:23:56.643: 11 avg_steps: 1422.2
2024-05-02 22:23:56.643: 11 epsilon: 0.1
2024-05-02 22:38:07.306: 12 test start:
2024-05-02 22:38:39.038: 12 avg_reward: 1115.0
2024-05-02 22:38:39.038: 12 avg_steps: 1664.35
2024-05-02 22:38:39.038: 12 epsilon: 0.1
2024-05-02 22:52:41.095: 13 test start:
2024-05-02 22:53:11.302: 13 avg_reward: 1239.0
2024-05-02 22:53:11.302: 13 avg_steps: 1559.25
2024-05-02 22:53:11.302: 13 epsilon: 0.1
2024-05-02 23:07:28.130: 14 test start:
2024-05-02 23:07:58.350: 14 avg_reward: 1253.0
2024-05-02 23:07:58.350: 14 avg_steps: 1584.85
2024-05-02 23:07:58.350: 14 epsilon: 0.1
2024-05-02 23:21:46.573: 15 test start:
2024-05-02 23:22:19.195: 15 avg_reward: 1440.0
2024-05-02 23:22:19.195: 15 avg_steps: 1709.85
2024-05-02 23:22:19.195: 15 epsilon: 0.1
2024-05-02 23:36:22.650: 16 test start:
2024-05-02 23:36:54.609: 16 avg_reward: 1467.0
2024-05-02 23:36:54.609: 16 avg_steps: 1685.0
2024-05-02 23:36:54.609: 16 epsilon: 0.1
2024-05-02 23:51:05.608: 17 test start:
2024-05-02 23:51:38.912: 17 avg_reward: 1557.0
2024-05-02 23:51:38.912: 17 avg_steps: 1735.3
2024-05-02 23:51:38.912: 17 epsilon: 0.1
2024-05-03 00:05:43.940: 18 test start:
2024-05-03 00:06:18.185: 18 avg_reward: 1648.0
2024-05-03 00:06:18.185: 18 avg_steps: 1767.2
2024-05-03 00:06:18.185: 18 epsilon: 0.1
2024-05-03 00:20:26.260: 19 test start:
2024-05-03 00:20:58.748: 19 avg_reward: 1611.0
2024-05-03 00:20:58.748: 19 avg_steps: 1694.45
2024-05-03 00:20:58.748: 19 epsilon: 0.1
2024-05-03 00:35:05.289: 20 test start:
2024-05-03 00:35:36.873: 20 avg_reward: 1504.0
2024-05-03 00:35:36.873: 20 avg_steps: 1642.7
2024-05-03 00:35:36.873: 20 epsilon: 0.1
2024-05-03 00:49:54.276: 21 test start:
2024-05-03 00:50:30.242: 21 avg_reward: 1878.0
2024-05-03 00:50:30.242: 21 avg_steps: 1868.55
2024-05-03 00:50:30.242: 21 epsilon: 0.1
2024-05-03 01:04:43.020: 22 test start:
2024-05-03 01:05:17.731: 22 avg_reward: 1909.0
2024-05-03 01:05:17.731: 22 avg_steps: 1832.0
2024-05-03 01:05:17.731: 22 epsilon: 0.1
2024-05-03 01:19:08.681: 23 test start:
2024-05-03 01:19:43.755: 23 avg_reward: 1728.0
2024-05-03 01:19:43.755: 23 avg_steps: 1801.35
2024-05-03 01:19:43.755: 23 epsilon: 0.1
2024-05-03 01:33:59.446: 24 test start:
2024-05-03 01:34:35.817: 24 avg_reward: 2036.0
2024-05-03 01:34:35.817: 24 avg_steps: 1893.0
2024-05-03 01:34:35.817: 24 epsilon: 0.1
2024-05-03 01:48:44.126: 25 test start:
2024-05-03 01:49:19.773: 25 avg_reward: 1977.0
2024-05-03 01:49:19.773: 25 avg_steps: 1845.45
2024-05-03 01:49:19.773: 25 epsilon: 0.1
2024-05-03 02:03:26.232: 26 test start:
2024-05-03 02:04:01.855: 26 avg_reward: 2133.0
2024-05-03 02:04:01.855: 26 avg_steps: 1875.3
2024-05-03 02:04:01.855: 26 epsilon: 0.1
2024-05-03 02:18:12.190: 27 test start:
2024-05-03 02:18:47.367: 27 avg_reward: 1958.0
2024-05-03 02:18:47.367: 27 avg_steps: 1851.1
2024-05-03 02:18:47.367: 27 epsilon: 0.1
2024-05-03 02:32:58.811: 28 test start:
2024-05-03 02:33:31.841: 28 avg_reward: 1890.0
2024-05-03 02:33:31.841: 28 avg_steps: 1716.1
2024-05-03 02:33:31.841: 28 epsilon: 0.1
2024-05-03 02:47:38.274: 29 test start:
2024-05-03 02:48:18.219: 29 avg_reward: 2344.0
2024-05-03 02:48:18.219: 29 avg_steps: 2060.7
2024-05-03 02:48:18.219: 29 epsilon: 0.1
2024-05-03 03:02:42.831: 30 test start:
2024-05-03 03:03:19.357: 30 avg_reward: 2099.0
2024-05-03 03:03:19.357: 30 avg_steps: 1920.35
2024-05-03 03:03:19.357: 30 epsilon: 0.1
2024-05-03 03:17:24.957: 31 test start:
2024-05-03 03:17:55.904: 31 avg_reward: 1724.0
2024-05-03 03:17:55.904: 31 avg_steps: 1620.3
2024-05-03 03:17:55.904: 31 epsilon: 0.1
2024-05-03 03:32:13.801: 32 test start:
2024-05-03 03:32:41.947: 32 avg_reward: 1467.0
2024-05-03 03:32:41.947: 32 avg_steps: 1493.3
2024-05-03 03:32:41.947: 32 epsilon: 0.1
2024-05-03 03:46:45.903: 33 test start:
2024-05-03 03:47:19.419: 33 avg_reward: 1936.0
2024-05-03 03:47:19.419: 33 avg_steps: 1787.2
2024-05-03 03:47:19.419: 33 epsilon: 0.1
2024-05-03 04:01:34.475: 34 test start:
2024-05-03 04:02:08.549: 34 avg_reward: 1890.0
2024-05-03 04:02:08.549: 34 avg_steps: 1798.0
2024-05-03 04:02:08.549: 34 epsilon: 0.1
2024-05-03 04:16:19.649: 35 test start:
2024-05-03 04:16:48.785: 35 avg_reward: 1533.0
2024-05-03 04:16:48.785: 35 avg_steps: 1520.75
2024-05-03 04:16:48.785: 35 epsilon: 0.1
2024-05-03 04:31:06.205: 36 test start:
2024-05-03 04:31:34.899: 36 avg_reward: 1483.0
2024-05-03 04:31:34.899: 36 avg_steps: 1487.65
2024-05-03 04:31:34.899: 36 epsilon: 0.1
2024-05-03 04:45:50.555: 37 test start:
2024-05-03 04:46:22.559: 37 avg_reward: 1768.0
2024-05-03 04:46:22.559: 37 avg_steps: 1670.5
2024-05-03 04:46:22.559: 37 epsilon: 0.1
2024-05-03 05:00:34.932: 38 test start:
2024-05-03 05:01:06.469: 38 avg_reward: 1679.0
2024-05-03 05:01:06.469: 38 avg_steps: 1652.15
2024-05-03 05:01:06.469: 38 epsilon: 0.1
2024-05-03 05:15:25.783: 39 test start:
2024-05-03 05:16:01.200: 39 avg_reward: 1942.0
2024-05-03 05:16:01.200: 39 avg_steps: 1842.5
2024-05-03 05:16:01.200: 39 epsilon: 0.1
2024-05-03 05:30:08.503: 40 test start:
2024-05-03 05:30:33.752: 40 avg_reward: 1083.0
2024-05-03 05:30:33.752: 40 avg_steps: 1314.75
2024-05-03 05:30:33.752: 40 epsilon: 0.1
2024-05-03 05:44:37.465: 41 test start:
2024-05-03 05:45:08.570: 41 avg_reward: 1756.0
2024-05-03 05:45:08.571: 41 avg_steps: 1608.15
2024-05-03 05:45:08.571: 41 epsilon: 0.1
2024-05-03 05:59:27.705: 42 test start:
2024-05-03 05:59:58.785: 42 avg_reward: 1734.0
2024-05-03 05:59:58.785: 42 avg_steps: 1611.6
2024-05-03 05:59:58.785: 42 epsilon: 0.1
2024-05-03 06:14:07.901: 43 test start:
2024-05-03 06:14:38.992: 43 avg_reward: 1629.0
2024-05-03 06:14:38.992: 43 avg_steps: 1615.65
2024-05-03 06:14:38.992: 43 epsilon: 0.1
2024-05-03 06:29:00.353: 44 test start:
2024-05-03 06:29:35.275: 44 avg_reward: 1999.0
2024-05-03 06:29:35.275: 44 avg_steps: 1831.45
2024-05-03 06:29:35.282: 44 epsilon: 0.1
2024-05-03 06:43:41.564: 45 test start:
2024-05-03 06:44:11.701: 45 avg_reward: 1646.0
2024-05-03 06:44:11.702: 45 avg_steps: 1581.7
2024-05-03 06:44:11.702: 45 epsilon: 0.1
2024-05-03 06:58:22.083: 46 test start:
2024-05-03 06:58:57.343: 46 avg_reward: 2073.0
2024-05-03 06:58:57.343: 46 avg_steps: 1834.3
2024-05-03 06:58:57.343: 46 epsilon: 0.1
2024-05-03 07:13:02.141: 47 test start:
2024-05-03 07:13:33.251: 47 avg_reward: 1725.0
2024-05-03 07:13:33.251: 47 avg_steps: 1629.55
2024-05-03 07:13:33.251: 47 epsilon: 0.1
2024-05-03 07:27:38.899: 48 test start:
2024-05-03 07:28:11.840: 48 avg_reward: 1866.0
2024-05-03 07:28:11.841: 48 avg_steps: 1726.2
2024-05-03 07:28:11.841: 48 epsilon: 0.1
2024-05-03 07:42:28.172: 49 test start:
2024-05-03 07:42:58.689: 49 avg_reward: 1700.0
2024-05-03 07:42:58.689: 49 avg_steps: 1598.95
2024-05-03 07:42:58.689: 49 epsilon: 0.1
2024-05-03 07:57:02.299: 50 test start:
2024-05-03 07:57:33.536: 50 avg_reward: 1620.0
2024-05-03 07:57:33.536: 50 avg_steps: 1627.9
2024-05-03 07:57:33.536: 50 epsilon: 0.1
2024-05-03 08:11:48.621: 51 test start:
2024-05-03 08:12:20.737: 51 avg_reward: 1827.0
2024-05-03 08:12:20.737: 51 avg_steps: 1718.8
2024-05-03 08:12:20.737: 51 epsilon: 0.1
2024-05-03 08:26:31.336: 52 test start:
2024-05-03 08:27:03.119: 52 avg_reward: 1944.0
2024-05-03 08:27:03.119: 52 avg_steps: 1694.05
2024-05-03 08:27:03.119: 52 epsilon: 0.1
2024-05-03 08:41:12.489: 53 test start:
2024-05-03 08:41:41.875: 53 avg_reward: 1715.0
2024-05-03 08:41:41.875: 53 avg_steps: 1550.15
2024-05-03 08:41:41.875: 53 epsilon: 0.1
2024-05-03 08:55:50.225: 54 test start:
2024-05-03 08:56:22.550: 54 avg_reward: 1834.0
2024-05-03 08:56:22.550: 54 avg_steps: 1683.7
2024-05-03 08:56:22.550: 54 epsilon: 0.1
2024-05-03 09:10:29.663: 55 test start:
2024-05-03 09:11:01.378: 55 avg_reward: 1855.0
2024-05-03 09:11:01.378: 55 avg_steps: 1644.55
2024-05-03 09:11:01.378: 55 epsilon: 0.1
2024-05-03 09:25:09.913: 56 test start:
2024-05-03 09:25:41.208: 56 avg_reward: 1777.0
2024-05-03 09:25:41.208: 56 avg_steps: 1630.7
2024-05-03 09:25:41.208: 56 epsilon: 0.1
2024-05-03 09:39:43.890: 57 test start:
2024-05-03 09:40:11.981: 57 avg_reward: 1450.5
2024-05-03 09:40:11.982: 57 avg_steps: 1452.8
2024-05-03 09:40:11.982: 57 epsilon: 0.1
2024-05-03 09:54:22.275: 58 test start:
2024-05-03 09:54:51.087: 58 avg_reward: 1592.0
2024-05-03 09:54:51.087: 58 avg_steps: 1519.9
2024-05-03 09:54:51.087: 58 epsilon: 0.1
2024-05-03 10:08:48.921: 59 test start:
2024-05-03 10:09:18.789: 59 avg_reward: 1610.0
2024-05-03 10:09:18.789: 59 avg_steps: 1561.45
2024-05-03 10:09:18.789: 59 epsilon: 0.1
2024-05-03 10:23:17.099: 60 test start:
2024-05-03 10:23:45.678: 60 avg_reward: 1721.0
2024-05-03 10:23:45.678: 60 avg_steps: 1529.0
2024-05-03 10:23:45.678: 60 epsilon: 0.1
2024-05-03 10:37:52.784: 61 test start:
2024-05-03 10:38:21.877: 61 avg_reward: 1580.0
2024-05-03 10:38:21.878: 61 avg_steps: 1522.9
2024-05-03 10:38:21.878: 61 epsilon: 0.1
2024-05-03 10:52:17.383: 62 test start:
2024-05-03 10:52:44.601: 62 avg_reward: 1513.0
2024-05-03 10:52:44.601: 62 avg_steps: 1414.95
2024-05-03 10:52:44.601: 62 epsilon: 0.1
2024-05-03 11:06:38.474: 63 test start:
2024-05-03 11:07:06.789: 63 avg_reward: 1642.0
2024-05-03 11:07:06.789: 63 avg_steps: 1513.8
2024-05-03 11:07:06.789: 63 epsilon: 0.1
2024-05-03 11:21:09.467: 64 test start:
2024-05-03 11:21:36.548: 64 avg_reward: 1680.0
2024-05-03 11:21:36.548: 64 avg_steps: 1445.45
2024-05-03 11:21:36.548: 64 epsilon: 0.1
2024-05-03 11:35:30.123: 65 test start:
2024-05-03 11:35:51.544: 65 avg_reward: 1094.0
2024-05-03 11:35:51.544: 65 avg_steps: 1132.5
2024-05-03 11:35:51.544: 65 epsilon: 0.1
2024-05-03 11:49:53.475: 66 test start:
2024-05-03 11:50:23.041: 66 avg_reward: 1724.0
2024-05-03 11:50:23.041: 66 avg_steps: 1577.75
2024-05-03 11:50:23.041: 66 epsilon: 0.1
2024-05-03 12:04:16.550: 67 test start:
2024-05-03 12:04:44.159: 67 avg_reward: 1515.0
2024-05-03 12:04:44.159: 67 avg_steps: 1441.8
2024-05-03 12:04:44.159: 67 epsilon: 0.1
2024-05-03 12:18:20.943: 68 test start:
2024-05-03 12:18:46.132: 68 avg_reward: 1402.0
2024-05-03 12:18:46.132: 68 avg_steps: 1334.4
2024-05-03 12:18:46.132: 68 epsilon: 0.1
2024-05-03 12:32:49.910: 69 test start:
2024-05-03 12:33:16.447: 69 avg_reward: 1505.0
2024-05-03 12:33:16.447: 69 avg_steps: 1400.85
2024-05-03 12:33:16.447: 69 epsilon: 0.1
2024-05-03 12:47:11.270: 70 test start:
2024-05-03 12:47:38.253: 70 avg_reward: 1485.0
2024-05-03 12:47:38.253: 70 avg_steps: 1417.4
2024-05-03 12:47:38.253: 70 epsilon: 0.1
2024-05-03 13:01:24.437: 71 test start:
2024-05-03 13:01:52.780: 71 avg_reward: 1704.5
2024-05-03 13:01:52.780: 71 avg_steps: 1504.85
2024-05-03 13:01:52.780: 71 epsilon: 0.1
2024-05-03 13:16:01.194: 72 test start:
2024-05-03 13:16:26.501: 72 avg_reward: 1550.5
2024-05-03 13:16:26.501: 72 avg_steps: 1362.4
2024-05-03 13:16:26.501: 72 epsilon: 0.1
2024-05-03 13:30:16.583: 73 test start:
2024-05-03 13:30:44.909: 73 avg_reward: 1782.0
2024-05-03 13:30:44.909: 73 avg_steps: 1499.0
2024-05-03 13:30:44.909: 73 epsilon: 0.1
2024-05-03 13:44:29.970: 74 test start:
2024-05-03 13:44:56.514: 74 avg_reward: 1725.0
2024-05-03 13:44:56.514: 74 avg_steps: 1425.1
2024-05-03 13:44:56.514: 74 epsilon: 0.1
2024-05-03 13:59:14.829: 75 test start:
2024-05-03 13:59:42.830: 75 avg_reward: 1691.5
2024-05-03 13:59:42.830: 75 avg_steps: 1452.15
2024-05-03 13:59:42.830: 75 epsilon: 0.1
2024-05-03 14:13:20.998: 76 test start:
2024-05-03 14:13:47.900: 76 avg_reward: 1655.5
2024-05-03 14:13:47.900: 76 avg_steps: 1405.15
2024-05-03 14:13:47.900: 76 epsilon: 0.1
2024-05-03 14:27:43.379: 77 test start:
2024-05-03 14:28:09.294: 77 avg_reward: 1759.0
2024-05-03 14:28:09.295: 77 avg_steps: 1395.8
2024-05-03 14:28:09.295: 77 epsilon: 0.1
2024-05-03 14:42:09.738: 78 test start:
2024-05-03 14:42:38.813: 78 avg_reward: 1769.5
2024-05-03 14:42:38.814: 78 avg_steps: 1507.1
2024-05-03 14:42:38.814: 78 epsilon: 0.1
2024-05-03 14:56:26.617: 79 test start:
2024-05-03 14:56:53.615: 79 avg_reward: 1562.0
2024-05-03 14:56:53.615: 79 avg_steps: 1404.35
2024-05-03 14:56:53.615: 79 epsilon: 0.1
2024-05-03 15:11:07.174: 80 test start:
2024-05-03 15:11:37.124: 80 avg_reward: 2122.5
2024-05-03 15:11:37.124: 80 avg_steps: 1584.3
2024-05-03 15:11:37.124: 80 epsilon: 0.1
2024-05-03 15:25:27.774: 81 test start:
2024-05-03 15:25:57.130: 81 avg_reward: 1875.0
2024-05-03 15:25:57.130: 81 avg_steps: 1541.15
2024-05-03 15:25:57.130: 81 epsilon: 0.1
2024-05-03 15:39:29.745: 82 test start:
2024-05-03 15:40:00.143: 82 avg_reward: 1890.5
2024-05-03 15:40:00.143: 82 avg_steps: 1584.45
2024-05-03 15:40:00.143: 82 epsilon: 0.1
2024-05-03 15:54:20.591: 83 test start:
2024-05-03 15:54:53.354: 83 avg_reward: 2171.5
2024-05-03 15:54:53.354: 83 avg_steps: 1724.8
2024-05-03 15:54:53.354: 83 epsilon: 0.1
2024-05-03 16:08:41.697: 84 test start:
2024-05-03 16:09:14.249: 84 avg_reward: 2205.5
2024-05-03 16:09:14.249: 84 avg_steps: 1685.6
2024-05-03 16:09:14.249: 84 epsilon: 0.1
2024-05-03 16:23:04.583: 85 test start:
2024-05-03 16:23:31.745: 85 avg_reward: 1729.0
2024-05-03 16:23:31.745: 85 avg_steps: 1452.55
2024-05-03 16:23:31.745: 85 epsilon: 0.1
2024-05-03 16:37:34.820: 86 test start:
2024-05-03 16:38:08.544: 86 avg_reward: 2307.5
2024-05-03 16:38:08.544: 86 avg_steps: 1766.4
2024-05-03 16:38:08.544: 86 epsilon: 0.1
2024-05-03 16:51:44.719: 87 test start:
2024-05-03 16:52:12.812: 87 avg_reward: 1766.5
2024-05-03 16:52:12.812: 87 avg_steps: 1464.3
2024-05-03 16:52:12.812: 87 epsilon: 0.1
2024-05-03 17:06:33.064: 88 test start:
2024-05-03 17:07:03.485: 88 avg_reward: 2021.0
2024-05-03 17:07:03.485: 88 avg_steps: 1619.0
2024-05-03 17:07:03.485: 88 epsilon: 0.1
2024-05-03 17:20:44.236: 89 test start:
2024-05-03 17:21:14.943: 89 avg_reward: 1883.0
2024-05-03 17:21:14.943: 89 avg_steps: 1613.8
2024-05-03 17:21:14.943: 89 epsilon: 0.1
2024-05-03 17:35:03.360: 90 test start:
2024-05-03 17:35:34.377: 90 avg_reward: 2211.5
2024-05-03 17:35:34.377: 90 avg_steps: 1647.0
2024-05-03 17:35:34.377: 90 epsilon: 0.1
2024-05-03 17:49:38.849: 91 test start:
2024-05-03 17:50:12.502: 91 avg_reward: 2275.5
2024-05-03 17:50:12.502: 91 avg_steps: 1740.2
2024-05-03 17:50:12.502: 91 epsilon: 0.1
2024-05-03 18:04:09.504: 92 test start:
2024-05-03 18:04:38.963: 92 avg_reward: 1985.5
2024-05-03 18:04:38.963: 92 avg_steps: 1520.0
2024-05-03 18:04:38.963: 92 epsilon: 0.1
2024-05-03 18:18:12.350: 93 test start:
2024-05-03 18:18:43.063: 93 avg_reward: 2039.5
2024-05-03 18:18:43.063: 93 avg_steps: 1623.9
2024-05-03 18:18:43.063: 93 epsilon: 0.1
2024-05-03 18:32:45.070: 94 test start:
2024-05-03 18:33:17.304: 94 avg_reward: 2249.5
2024-05-03 18:33:17.304: 94 avg_steps: 1675.75
2024-05-03 18:33:17.304: 94 epsilon: 0.1
2024-05-03 18:47:02.740: 95 test start:
2024-05-03 18:47:32.523: 95 avg_reward: 2000.0
2024-05-03 18:47:32.523: 95 avg_steps: 1557.65
2024-05-03 18:47:32.523: 95 epsilon: 0.1
2024-05-03 19:01:39.906: 96 test start:
2024-05-03 19:02:10.656: 96 avg_reward: 2089.0
2024-05-03 19:02:10.656: 96 avg_steps: 1618.3
2024-05-03 19:02:10.656: 96 epsilon: 0.1
2024-05-03 19:16:04.788: 97 test start:
2024-05-03 19:16:35.866: 97 avg_reward: 2155.5
2024-05-03 19:16:35.866: 97 avg_steps: 1624.55
2024-05-03 19:16:35.866: 97 epsilon: 0.1
2024-05-03 19:30:14.769: 98 test start:
2024-05-03 19:30:43.755: 98 avg_reward: 1888.5
2024-05-03 19:30:43.755: 98 avg_steps: 1525.4
2024-05-03 19:30:43.755: 98 epsilon: 0.1
2024-05-03 19:44:53.772: 99 test start:
2024-05-03 19:45:24.395: 99 avg_reward: 2398.0
2024-05-03 19:45:24.395: 99 avg_steps: 1640.4
2024-05-03 19:45:24.395: 99 epsilon: 0.1
2024-05-03 19:59:21.239: 100 test start:
2024-05-03 19:59:54.697: 100 avg_reward: 2278.0
2024-05-03 19:59:54.697: 100 avg_steps: 1739.15
2024-05-03 19:59:54.697: 100 epsilon: 0.1
2024-05-03 20:13:37.013: 101 test start:
2024-05-03 20:14:09.696: 101 avg_reward: 2373.0
2024-05-03 20:14:09.696: 101 avg_steps: 1737.55
2024-05-03 20:14:09.696: 101 epsilon: 0.1
2024-05-03 20:28:13.230: 102 test start:
2024-05-03 20:28:40.910: 102 avg_reward: 1810.0
2024-05-03 20:28:40.910: 102 avg_steps: 1454.35
2024-05-03 20:28:40.910: 102 epsilon: 0.1
2024-05-03 20:42:10.640: 103 test start:
2024-05-03 20:42:42.839: 103 avg_reward: 2271.0
2024-05-03 20:42:42.840: 103 avg_steps: 1699.05
2024-05-03 20:42:42.840: 103 epsilon: 0.1
2024-05-03 20:56:41.049: 104 test start:
2024-05-03 20:57:13.166: 104 avg_reward: 2381.0
2024-05-03 20:57:13.166: 104 avg_steps: 1715.7
2024-05-03 20:57:13.166: 104 epsilon: 0.1
2024-05-03 21:11:10.792: 105 test start:
2024-05-03 21:11:43.037: 105 avg_reward: 2345.0
2024-05-03 21:11:43.037: 105 avg_steps: 1689.35
2024-05-03 21:11:43.037: 105 epsilon: 0.1
2024-05-03 21:25:30.549: 106 test start:
2024-05-03 21:25:58.215: 106 avg_reward: 1886.0
2024-05-03 21:25:58.215: 106 avg_steps: 1466.1
2024-05-03 21:25:58.215: 106 epsilon: 0.1
2024-05-03 21:40:07.269: 107 test start:
2024-05-03 21:40:41.363: 107 avg_reward: 2509.0
2024-05-03 21:40:41.363: 107 avg_steps: 1789.35
2024-05-03 21:40:41.363: 107 epsilon: 0.1
2024-05-03 21:54:23.452: 108 test start:
2024-05-03 21:54:50.932: 108 avg_reward: 1827.5
2024-05-03 21:54:50.932: 108 avg_steps: 1445.0
2024-05-03 21:54:50.932: 108 epsilon: 0.1
2024-05-03 22:08:28.501: 109 test start:
2024-05-03 22:08:56.977: 109 avg_reward: 1949.0
2024-05-03 22:08:56.977: 109 avg_steps: 1506.7
2024-05-03 22:08:56.977: 109 epsilon: 0.1
2024-05-03 22:23:11.063: 110 test start:
2024-05-03 22:23:44.835: 110 avg_reward: 2329.0
2024-05-03 22:23:44.835: 110 avg_steps: 1746.65
2024-05-03 22:23:44.835: 110 epsilon: 0.1
2024-05-03 22:37:19.952: 111 test start:
2024-05-03 22:37:49.033: 111 avg_reward: 1879.5
2024-05-03 22:37:49.033: 111 avg_steps: 1506.05
2024-05-03 22:37:49.033: 111 epsilon: 0.1
2024-05-03 22:51:56.203: 112 test start:
2024-05-03 22:52:22.103: 112 avg_reward: 1760.5
2024-05-03 22:52:22.103: 112 avg_steps: 1373.25
2024-05-03 22:52:22.104: 112 epsilon: 0.1
2024-05-03 23:06:07.246: 113 test start:
2024-05-03 23:06:38.049: 113 avg_reward: 2090.5
2024-05-03 23:06:38.049: 113 avg_steps: 1613.4
2024-05-03 23:06:38.049: 113 epsilon: 0.1
2024-05-03 23:20:25.673: 114 test start:
2024-05-03 23:20:53.396: 114 avg_reward: 1944.5
2024-05-03 23:20:53.396: 114 avg_steps: 1463.65
2024-05-03 23:20:53.396: 114 epsilon: 0.1
2024-05-03 23:35:13.341: 115 test start:
2024-05-03 23:35:40.551: 115 avg_reward: 1835.0
2024-05-03 23:35:40.551: 115 avg_steps: 1457.6
2024-05-03 23:35:40.551: 115 epsilon: 0.1
2024-05-03 23:49:29.773: 116 test start:
2024-05-03 23:49:58.139: 116 avg_reward: 2129.5
2024-05-03 23:49:58.139: 116 avg_steps: 1504.6
2024-05-03 23:49:58.139: 116 epsilon: 0.1
2024-05-04 00:03:55.679: 117 test start:
2024-05-04 00:04:22.354: 117 avg_reward: 1810.5
2024-05-04 00:04:22.354: 117 avg_steps: 1429.4
2024-05-04 00:04:22.354: 117 epsilon: 0.1
2024-05-04 00:18:31.151: 118 test start:
2024-05-04 00:18:59.321: 118 avg_reward: 1963.5
2024-05-04 00:18:59.321: 118 avg_steps: 1470.0
2024-05-04 00:18:59.321: 118 epsilon: 0.1
2024-05-04 00:32:44.206: 119 test start:
2024-05-04 00:33:14.849: 119 avg_reward: 2290.5
2024-05-04 00:33:14.849: 119 avg_steps: 1582.9
2024-05-04 00:33:14.849: 119 epsilon: 0.1
2024-05-04 00:46:56.875: 120 test start:
2024-05-04 00:47:26.875: 120 avg_reward: 2128.5
2024-05-04 00:47:26.875: 120 avg_steps: 1590.3
2024-05-04 00:47:26.875: 120 epsilon: 0.1
2024-05-04 01:01:35.819: 121 test start:
2024-05-04 01:02:01.796: 121 avg_reward: 1647.5
2024-05-04 01:02:01.796: 121 avg_steps: 1349.6
2024-05-04 01:02:01.796: 121 epsilon: 0.1
2024-05-04 01:15:42.851: 122 test start:
2024-05-04 01:16:10.265: 122 avg_reward: 1685.5
2024-05-04 01:16:10.265: 122 avg_steps: 1422.85
2024-05-04 01:16:10.265: 122 epsilon: 0.1
2024-05-04 01:30:18.375: 123 test start:
2024-05-04 01:30:43.118: 123 avg_reward: 1621.5
2024-05-04 01:30:43.118: 123 avg_steps: 1311.95
2024-05-04 01:30:43.118: 123 epsilon: 0.1
2024-05-04 01:44:35.810: 124 test start:
2024-05-04 01:45:03.111: 124 avg_reward: 2155.0
2024-05-04 01:45:03.111: 124 avg_steps: 1421.05
2024-05-04 01:45:03.111: 124 epsilon: 0.1
2024-05-04 01:58:52.034: 125 test start:
2024-05-04 01:59:17.411: 125 avg_reward: 1829.0
2024-05-04 01:59:17.411: 125 avg_steps: 1303.95
2024-05-04 01:59:17.411: 125 epsilon: 0.1
2024-05-04 02:13:34.090: 126 test start:
2024-05-04 02:14:00.642: 126 avg_reward: 1924.0
2024-05-04 02:14:00.643: 126 avg_steps: 1400.45
2024-05-04 02:14:00.643: 126 epsilon: 0.1
2024-05-04 02:27:39.707: 127 test start:
2024-05-04 02:28:11.389: 127 avg_reward: 2367.0
2024-05-04 02:28:11.389: 127 avg_steps: 1649.05
2024-05-04 02:28:11.389: 127 epsilon: 0.1
2024-05-04 02:41:50.587: 128 test start:
2024-05-04 02:42:20.609: 128 avg_reward: 2541.5
2024-05-04 02:42:20.610: 128 avg_steps: 1594.95
2024-05-04 02:42:20.610: 128 epsilon: 0.1
2024-05-04 02:56:40.903: 129 test start:
2024-05-04 02:57:08.533: 129 avg_reward: 1985.0
2024-05-04 02:57:08.534: 129 avg_steps: 1440.4
2024-05-04 02:57:08.534: 129 epsilon: 0.1
2024-05-04 03:10:48.193: 130 test start:
2024-05-04 03:11:11.989: 130 avg_reward: 1580.5
2024-05-04 03:11:11.989: 130 avg_steps: 1232.95
2024-05-04 03:11:11.989: 130 epsilon: 0.1
2024-05-04 03:25:13.627: 131 test start:
2024-05-04 03:25:38.370: 131 avg_reward: 1733.0
2024-05-04 03:25:38.370: 131 avg_steps: 1308.25
2024-05-04 03:25:38.370: 131 epsilon: 0.1
2024-05-04 03:39:33.811: 132 test start:
2024-05-04 03:39:57.030: 132 avg_reward: 1528.5
2024-05-04 03:39:57.030: 132 avg_steps: 1217.4
2024-05-04 03:39:57.030: 132 epsilon: 0.1
2024-05-04 03:53:24.658: 133 test start:
2024-05-04 03:53:45.301: 133 avg_reward: 1261.5
2024-05-04 03:53:45.302: 133 avg_steps: 1072.3
2024-05-04 03:53:45.302: 133 epsilon: 0.1
2024-05-04 04:07:57.581: 134 test start:
2024-05-04 04:08:20.102: 134 avg_reward: 1761.0
2024-05-04 04:08:20.102: 134 avg_steps: 1193.15
2024-05-04 04:08:20.103: 134 epsilon: 0.1
2024-05-04 04:22:10.044: 135 test start:
2024-05-04 04:22:36.203: 135 avg_reward: 1745.5
2024-05-04 04:22:36.203: 135 avg_steps: 1362.05
2024-05-04 04:22:36.203: 135 epsilon: 0.1
2024-05-04 04:36:15.162: 136 test start:
2024-05-04 04:36:35.856: 136 avg_reward: 1260.0
2024-05-04 04:36:35.856: 136 avg_steps: 1102.25
2024-05-04 04:36:35.856: 136 epsilon: 0.1
2024-05-04 04:50:44.546: 137 test start:
2024-05-04 04:51:03.725: 137 avg_reward: 1111.5
2024-05-04 04:51:03.725: 137 avg_steps: 1017.2
2024-05-04 04:51:03.725: 137 epsilon: 0.1
2024-05-04 05:04:44.494: 138 test start:
2024-05-04 05:05:11.188: 138 avg_reward: 1802.0
2024-05-04 05:05:11.188: 138 avg_steps: 1374.85
2024-05-04 05:05:11.188: 138 epsilon: 0.1
2024-05-04 05:19:06.363: 139 test start:
2024-05-04 05:19:26.566: 139 avg_reward: 1199.5
2024-05-04 05:19:26.566: 139 avg_steps: 1069.95
2024-05-04 05:19:26.566: 139 epsilon: 0.1
2024-05-04 05:33:29.304: 140 test start:
2024-05-04 05:33:50.115: 140 avg_reward: 1277.5
2024-05-04 05:33:50.115: 140 avg_steps: 1093.1
2024-05-04 05:33:50.115: 140 epsilon: 0.1
2024-05-04 05:47:35.882: 141 test start:
2024-05-04 05:47:59.032: 141 avg_reward: 1565.5
2024-05-04 05:47:59.032: 141 avg_steps: 1195.7
2024-05-04 05:47:59.032: 141 epsilon: 0.1
2024-05-04 06:01:53.765: 142 test start:
2024-05-04 06:02:15.194: 142 avg_reward: 1437.5
2024-05-04 06:02:15.194: 142 avg_steps: 1133.95
2024-05-04 06:02:15.194: 142 epsilon: 0.1
2024-05-04 06:16:15.730: 143 test start:
2024-05-04 06:16:39.716: 143 avg_reward: 1466.0
2024-05-04 06:16:39.716: 143 avg_steps: 1232.2
2024-05-04 06:16:39.716: 143 epsilon: 0.1
2024-05-04 06:30:20.160: 144 test start:
2024-05-04 06:30:41.440: 144 avg_reward: 1495.0
2024-05-04 06:30:41.440: 144 avg_steps: 1099.75
2024-05-04 06:30:41.440: 144 epsilon: 0.1
2024-05-04 06:45:09.967: 145 test start:
2024-05-04 06:45:31.831: 145 avg_reward: 1446.0
2024-05-04 06:45:31.831: 145 avg_steps: 1161.7
2024-05-04 06:45:31.831: 145 epsilon: 0.1
2024-05-04 06:59:04.425: 146 test start:
2024-05-04 06:59:25.472: 146 avg_reward: 1525.5
2024-05-04 06:59:25.472: 146 avg_steps: 1113.1
2024-05-04 06:59:25.472: 146 epsilon: 0.1
2024-05-04 07:13:07.041: 147 test start:
2024-05-04 07:13:28.006: 147 avg_reward: 1310.0
2024-05-04 07:13:28.007: 147 avg_steps: 1121.75
2024-05-04 07:13:28.007: 147 epsilon: 0.1
2024-05-04 07:27:50.574: 148 test start:
2024-05-04 07:28:11.019: 148 avg_reward: 1319.0
2024-05-04 07:28:11.020: 148 avg_steps: 1082.4
2024-05-04 07:28:11.020: 148 epsilon: 0.1
2024-05-04 07:41:45.727: 149 test start:
2024-05-04 07:42:05.868: 149 avg_reward: 1177.0
2024-05-04 07:42:05.868: 149 avg_steps: 1064.8
2024-05-04 07:42:05.868: 149 epsilon: 0.1
2024-05-04 07:56:12.237: 150 test start:
2024-05-04 07:56:30.875: 150 avg_reward: 1180.0
2024-05-04 07:56:30.875: 150 avg_steps: 996.75
2024-05-04 07:56:30.875: 150 epsilon: 0.1
2024-05-04 08:10:30.545: 151 test start:
2024-05-04 08:10:50.432: 151 avg_reward: 1143.0
2024-05-04 08:10:50.432: 151 avg_steps: 1026.45
2024-05-04 08:10:50.432: 151 epsilon: 0.1
2024-05-04 08:24:25.765: 152 test start:
2024-05-04 08:24:47.470: 152 avg_reward: 1370.0
2024-05-04 08:24:47.470: 152 avg_steps: 1119.2
2024-05-04 08:24:47.470: 152 epsilon: 0.1
2024-05-04 08:38:49.711: 153 test start:
2024-05-04 08:39:06.558: 153 avg_reward: 892.0
2024-05-04 08:39:06.559: 153 avg_steps: 883.8
2024-05-04 08:39:06.559: 153 epsilon: 0.1
2024-05-04 08:52:56.155: 154 test start:
2024-05-04 08:53:14.853: 154 avg_reward: 1101.5
2024-05-04 08:53:14.853: 154 avg_steps: 977.4
2024-05-04 08:53:14.853: 154 epsilon: 0.1
2024-05-04 09:07:04.258: 155 test start:
2024-05-04 09:07:22.493: 155 avg_reward: 1060.0
2024-05-04 09:07:22.493: 155 avg_steps: 980.8
2024-05-04 09:07:22.493: 155 epsilon: 0.1
2024-05-04 09:21:27.362: 156 test start:
2024-05-04 09:21:45.692: 156 avg_reward: 1074.5
2024-05-04 09:21:45.692: 156 avg_steps: 969.4
2024-05-04 09:21:45.692: 156 epsilon: 0.1
2024-05-04 09:35:26.433: 157 test start:
2024-05-04 09:35:43.952: 157 avg_reward: 984.5
2024-05-04 09:35:43.952: 157 avg_steps: 916.7
2024-05-04 09:35:43.952: 157 epsilon: 0.1
2024-05-04 09:49:36.740: 158 test start:
2024-05-04 09:49:54.062: 158 avg_reward: 1093.5
2024-05-04 09:49:54.062: 158 avg_steps: 937.4
2024-05-04 09:49:54.062: 158 epsilon: 0.1
2024-05-04 10:03:55.853: 159 test start:
2024-05-04 10:04:18.943: 159 avg_reward: 1622.0
2024-05-04 10:04:18.943: 159 avg_steps: 1214.85
2024-05-04 10:04:18.943: 159 epsilon: 0.1
2024-05-04 10:17:50.496: 160 test start:
2024-05-04 10:18:06.390: 160 avg_reward: 816.0
2024-05-04 10:18:06.390: 160 avg_steps: 843.65
2024-05-04 10:18:06.390: 160 epsilon: 0.1
2024-05-04 10:32:11.818: 161 test start:
2024-05-04 10:32:29.619: 161 avg_reward: 1146.0
2024-05-04 10:32:29.619: 161 avg_steps: 955.1
2024-05-04 10:32:29.619: 161 epsilon: 0.1
2024-05-04 10:46:18.782: 162 test start:
2024-05-04 10:46:35.820: 162 avg_reward: 1082.0
2024-05-04 10:46:35.820: 162 avg_steps: 889.3
2024-05-04 10:46:35.820: 162 epsilon: 0.1
2024-05-04 11:00:25.401: 163 test start:
2024-05-04 11:00:42.272: 163 avg_reward: 980.5
2024-05-04 11:00:42.272: 163 avg_steps: 906.35
2024-05-04 11:00:42.272: 163 epsilon: 0.1
2024-05-04 11:14:39.848: 164 test start:
2024-05-04 11:14:56.259: 164 avg_reward: 908.5
2024-05-04 11:14:56.259: 164 avg_steps: 860.55
2024-05-04 11:14:56.259: 164 epsilon: 0.1
2024-05-04 11:28:30.725: 165 test start:
2024-05-04 11:28:44.540: 165 avg_reward: 799.5
2024-05-04 11:28:44.540: 165 avg_steps: 730.25
2024-05-04 11:28:44.540: 165 epsilon: 0.1
2024-05-04 11:42:46.710: 166 test start:
2024-05-04 11:43:02.957: 166 avg_reward: 921.5
2024-05-04 11:43:02.957: 166 avg_steps: 879.5
2024-05-04 11:43:02.957: 166 epsilon: 0.1
2024-05-04 11:56:48.825: 167 test start:
2024-05-04 11:57:02.208: 167 avg_reward: 684.5
2024-05-04 11:57:02.208: 167 avg_steps: 721.6
2024-05-04 11:57:02.208: 167 epsilon: 0.1
2024-05-04 12:10:49.144: 168 test start:
2024-05-04 12:11:04.346: 168 avg_reward: 1003.5
2024-05-04 12:11:04.346: 168 avg_steps: 818.95
2024-05-04 12:11:04.346: 168 epsilon: 0.1
2024-05-04 12:25:10.539: 169 test start:
2024-05-04 12:25:22.040: 169 avg_reward: 448.0
2024-05-04 12:25:22.040: 169 avg_steps: 596.35
2024-05-04 12:25:22.040: 169 epsilon: 0.1
2024-05-04 12:39:07.359: 170 test start:
2024-05-04 12:39:19.237: 170 avg_reward: 496.0
2024-05-04 12:39:19.238: 170 avg_steps: 629.35
2024-05-04 12:39:19.238: 170 epsilon: 0.1
2024-05-04 12:53:08.994: 171 test start:
2024-05-04 12:53:21.880: 171 avg_reward: 694.0
2024-05-04 12:53:21.880: 171 avg_steps: 690.75
2024-05-04 12:53:21.880: 171 epsilon: 0.1
2024-05-04 13:07:19.327: 172 test start:
2024-05-04 13:07:35.612: 172 avg_reward: 791.0
2024-05-04 13:07:35.612: 172 avg_steps: 849.65
2024-05-04 13:07:35.612: 172 epsilon: 0.1
2024-05-04 13:21:13.476: 173 test start:
2024-05-04 13:21:29.661: 173 avg_reward: 959.5
2024-05-04 13:21:29.662: 173 avg_steps: 862.35
2024-05-04 13:21:29.662: 173 epsilon: 0.1
2024-05-04 13:35:40.779: 174 test start:
2024-05-04 13:35:54.325: 174 avg_reward: 690.5
2024-05-04 13:35:54.326: 174 avg_steps: 708.85
2024-05-04 13:35:54.326: 174 epsilon: 0.1
2024-05-04 13:49:30.983: 175 test start:
2024-05-04 13:49:43.515: 175 avg_reward: 606.5
2024-05-04 13:49:43.515: 175 avg_steps: 655.4
2024-05-04 13:49:43.515: 175 epsilon: 0.1
2024-05-04 14:03:40.576: 176 test start:
2024-05-04 14:03:54.337: 176 avg_reward: 702.5
2024-05-04 14:03:54.337: 176 avg_steps: 742.85
2024-05-04 14:03:54.337: 176 epsilon: 0.1
2024-05-04 14:17:53.250: 177 test start:
2024-05-04 14:18:06.896: 177 avg_reward: 669.0
2024-05-04 14:18:06.896: 177 avg_steps: 715.5
2024-05-04 14:18:06.896: 177 epsilon: 0.1
2024-05-04 14:31:42.839: 178 test start:
2024-05-04 14:31:56.665: 178 avg_reward: 678.0
2024-05-04 14:31:56.665: 178 avg_steps: 728.5
2024-05-04 14:31:56.665: 178 epsilon: 0.1
2024-05-04 14:46:10.586: 179 test start:
2024-05-04 14:46:21.739: 179 avg_reward: 484.0
2024-05-04 14:46:21.739: 179 avg_steps: 598.6
2024-05-04 14:46:21.739: 179 epsilon: 0.1
2024-05-04 14:59:56.813: 180 test start:
2024-05-04 15:00:09.057: 180 avg_reward: 617.0
2024-05-04 15:00:09.057: 180 avg_steps: 650.15
2024-05-04 15:00:09.057: 180 epsilon: 0.1
2024-05-04 15:13:52.399: 181 test start:
2024-05-04 15:14:03.943: 181 avg_reward: 512.0
2024-05-04 15:14:03.943: 181 avg_steps: 619.6
2024-05-04 15:14:03.944: 181 epsilon: 0.1
2024-05-04 15:28:13.731: 182 test start:
2024-05-04 15:28:26.401: 182 avg_reward: 588.5
2024-05-04 15:28:26.401: 182 avg_steps: 654.85
2024-05-04 15:28:26.401: 182 epsilon: 0.1
2024-05-04 15:42:02.119: 183 test start:
2024-05-04 15:42:13.154: 183 avg_reward: 433.0
2024-05-04 15:42:13.154: 183 avg_steps: 578.35
2024-05-04 15:42:13.154: 183 epsilon: 0.1
2024-05-04 15:56:24.162: 184 test start:
2024-05-04 15:56:33.716: 184 avg_reward: 355.0
2024-05-04 15:56:33.716: 184 avg_steps: 512.05
2024-05-04 15:56:33.716: 184 epsilon: 0.1
2024-05-04 16:10:18.814: 185 test start:
2024-05-04 16:10:28.781: 185 avg_reward: 361.0
2024-05-04 16:10:28.781: 185 avg_steps: 532.15
2024-05-04 16:10:28.781: 185 epsilon: 0.1
2024-05-04 16:24:02.650: 186 test start:
2024-05-04 16:24:14.199: 186 avg_reward: 487.0
2024-05-04 16:24:14.199: 186 avg_steps: 608.6
2024-05-04 16:24:14.199: 186 epsilon: 0.1
2024-05-04 16:38:24.643: 187 test start:
2024-05-04 16:38:34.510: 187 avg_reward: 349.0
2024-05-04 16:38:34.510: 187 avg_steps: 517.45
2024-05-04 16:38:34.510: 187 epsilon: 0.1
2024-05-04 16:52:13.029: 188 test start:
2024-05-04 16:52:23.487: 188 avg_reward: 398.0
2024-05-04 16:52:23.487: 188 avg_steps: 545.4
2024-05-04 16:52:23.487: 188 epsilon: 0.1
2024-05-04 17:06:23.161: 189 test start:
2024-05-04 17:06:34.397: 189 avg_reward: 470.0
2024-05-04 17:06:34.397: 189 avg_steps: 604.75
2024-05-04 17:06:34.397: 189 epsilon: 0.1
2024-05-04 17:20:29.240: 190 test start:
2024-05-04 17:20:39.496: 190 avg_reward: 385.0
2024-05-04 17:20:39.496: 190 avg_steps: 538.6
2024-05-04 17:20:39.496: 190 epsilon: 0.1
2024-05-04 17:34:17.307: 191 test start:
2024-05-04 17:34:27.935: 191 avg_reward: 422.0
2024-05-04 17:34:27.935: 191 avg_steps: 570.35
2024-05-04 17:34:27.935: 191 epsilon: 0.1
2024-05-04 17:48:30.321: 192 test start:
2024-05-04 17:48:40.827: 192 avg_reward: 424.0
2024-05-04 17:48:40.827: 192 avg_steps: 562.85
2024-05-04 17:48:40.827: 192 epsilon: 0.1
2024-05-04 18:02:24.584: 193 test start:
2024-05-04 18:02:35.432: 193 avg_reward: 467.5
2024-05-04 18:02:35.432: 193 avg_steps: 564.0
2024-05-04 18:02:35.432: 193 epsilon: 0.1
2024-05-04 18:16:23.695: 194 test start:
2024-05-04 18:16:33.594: 194 avg_reward: 372.0
2024-05-04 18:16:33.594: 194 avg_steps: 522.8
2024-05-04 18:16:33.594: 194 epsilon: 0.1
2024-05-04 18:30:33.796: 195 test start:
2024-05-04 18:30:43.611: 195 avg_reward: 339.0
2024-05-04 18:30:43.611: 195 avg_steps: 509.05
2024-05-04 18:30:43.611: 195 epsilon: 0.1
2024-05-04 18:44:24.037: 196 test start:
2024-05-04 18:44:35.103: 196 avg_reward: 436.0
2024-05-04 18:44:35.103: 196 avg_steps: 573.65
2024-05-04 18:44:35.103: 196 epsilon: 0.1
2024-05-04 18:58:31.075: 197 test start:
2024-05-04 18:58:40.940: 197 avg_reward: 353.0
2024-05-04 18:58:40.941: 197 avg_steps: 525.7
2024-05-04 18:58:40.941: 197 epsilon: 0.1
2024-05-04 19:12:28.481: 198 test start:
2024-05-04 19:12:39.520: 198 avg_reward: 428.0
2024-05-04 19:12:39.520: 198 avg_steps: 580.1
2024-05-04 19:12:39.520: 198 epsilon: 0.1
2024-05-04 19:26:27.115: 199 test start:
2024-05-04 19:26:37.091: 199 avg_reward: 382.0
2024-05-04 19:26:37.092: 199 avg_steps: 537.35
2024-05-04 19:26:37.092: 199 epsilon: 0.1
2024-05-04 19:40:40.616: 200 test start:
2024-05-04 19:40:51.622: 200 avg_reward: 448.0
2024-05-04 19:40:51.622: 200 avg_steps: 594.75
2024-05-04 19:40:51.622: 200 epsilon: 0.1
2024-05-04 19:54:29.856: 201 test start:
2024-05-04 19:54:40.483: 201 avg_reward: 405.0
2024-05-04 19:54:40.483: 201 avg_steps: 550.95
2024-05-04 19:54:40.483: 201 epsilon: 0.1
2024-05-04 20:08:36.908: 202 test start:
2024-05-04 20:08:48.154: 202 avg_reward: 451.0
2024-05-04 20:08:48.154: 202 avg_steps: 601.6
2024-05-04 20:08:48.154: 202 epsilon: 0.1
2024-05-04 20:22:45.326: 203 test start:
2024-05-04 20:22:56.257: 203 avg_reward: 432.0
2024-05-04 20:22:56.257: 203 avg_steps: 575.95
2024-05-04 20:22:56.257: 203 epsilon: 0.1
2024-05-04 20:36:31.444: 204 test start:
2024-05-04 20:36:42.887: 204 avg_reward: 479.0
2024-05-04 20:36:42.887: 204 avg_steps: 616.4
2024-05-04 20:36:42.887: 204 epsilon: 0.1
2024-05-04 20:50:51.811: 205 test start:
2024-05-04 20:51:02.779: 205 avg_reward: 441.0
2024-05-04 20:51:02.780: 205 avg_steps: 580.0
2024-05-04 20:51:02.780: 205 epsilon: 0.1
2024-05-04 21:04:36.769: 206 test start:
2024-05-04 21:04:48.080: 206 avg_reward: 447.0
2024-05-04 21:04:48.080: 206 avg_steps: 588.5
2024-05-04 21:04:48.080: 206 epsilon: 0.1
2024-05-04 21:18:40.129: 207 test start:
2024-05-04 21:18:50.714: 207 avg_reward: 425.0
2024-05-04 21:18:50.714: 207 avg_steps: 564.4
2024-05-04 21:18:50.715: 207 epsilon: 0.1
2024-05-04 21:32:47.034: 208 test start:
2024-05-04 21:32:58.324: 208 avg_reward: 461.0
2024-05-04 21:32:58.324: 208 avg_steps: 585.2
2024-05-04 21:32:58.324: 208 epsilon: 0.1
2024-05-04 21:46:35.632: 209 test start:
2024-05-04 21:46:46.060: 209 avg_reward: 392.0
2024-05-04 21:46:46.060: 209 avg_steps: 544.7
2024-05-04 21:46:46.060: 209 epsilon: 0.1
2024-05-04 22:00:55.357: 210 test start:
2024-05-04 22:01:05.435: 210 avg_reward: 385.0
2024-05-04 22:01:05.436: 210 avg_steps: 536.75
2024-05-04 22:01:05.436: 210 epsilon: 0.1
2024-05-04 22:14:45.155: 211 test start:
2024-05-04 22:14:57.542: 211 avg_reward: 534.0
2024-05-04 22:14:57.542: 211 avg_steps: 649.25
2024-05-04 22:14:57.542: 211 epsilon: 0.1
2024-05-04 22:28:44.221: 212 test start:
2024-05-04 22:28:53.813: 212 avg_reward: 348.0
2024-05-04 22:28:53.813: 212 avg_steps: 508.15
2024-05-04 22:28:53.813: 212 epsilon: 0.1
2024-05-04 22:41:47.317: 213 test start:
