2024-10-16 03:40:40.490: 
parameters:agent_test_episodes: 20
batch_num_per_epoch: 250000
device: cuda:0
env_name: ALE/SpaceInvaders-v5
epsilon_for_test: 0.05
epsilon_max: 1.0
epsilon_min: 0.1
exp_name: ALE-SpaceInvaders-v5_2024-10-16-03-40-40
exp_path: ../exps/dqn/
exploration_steps: 1000000
gamma: 0.99
held_out_states_num: 1000
learning_rate: 0.00025
mini_batch_size: 32
model_update_freq: 4
n_times: 5
no_op_max: 30
phi_channel: 4
replay_buffer_size: 1000000
replay_start_size: 50000
save_model: true
screen_size: 84
seed: 0
skip_k_frame: 4
step_c: 10000
training_steps: 50000000

2024-10-16 03:40:40.554: env id: ALE/SpaceInvaders-v5 |repeat_action_probability: 0 
2024-10-16 03:40:40.554: screen_size: 84 | grayscale_obs:True 
scale_obs:False | action space size: 6
remove flickering: True | frame skip: 4
state space shape: (210, 160, 3) 
2024-10-16 03:40:40.572: optimizer: RMSprop (
Parameter Group 0
    alpha: 0.95
    centered: False
    differentiable: False
    eps: 0.01
    foreach: None
    lr: 0.00025
    maximize: False
    momentum: 0
    weight_decay: 0
)
2024-10-16 03:49:48.765: 1 test start:
2024-10-16 03:50:01.007: 1 avg_reward: 83.0
2024-10-16 03:50:01.007: 1 avg_steps: 625.25
2024-10-16 03:50:01.007: 1 epsilon: 0.8195401
2024-10-16 03:50:01.007: 1 q: 0.17211206
2024-10-16 04:00:14.831: 2 test start:
2024-10-16 04:00:31.785: 2 avg_reward: 270.25
2024-10-16 04:00:31.785: 2 avg_steps: 881.65
2024-10-16 04:00:31.785: 2 epsilon: 0.5949073
2024-10-16 04:00:31.785: 2 q: 0.37306505
2024-10-16 04:10:46.781: 3 test start:
2024-10-16 04:11:01.612: 3 avg_reward: 256.0
2024-10-16 04:11:01.613: 3 avg_steps: 763.3
2024-10-16 04:11:01.613: 3 epsilon: 0.369973
2024-10-16 04:11:01.613: 3 q: 0.5347247
2024-10-16 04:21:16.480: 4 test start:
2024-10-16 04:21:27.066: 4 avg_reward: 27.25
2024-10-16 04:21:27.066: 4 avg_steps: 536.3
2024-10-16 04:21:27.066: 4 epsilon: 0.14470209999999994
2024-10-16 04:21:27.067: 4 q: 0.7164774
2024-10-16 04:31:44.486: 5 test start:
2024-10-16 04:31:55.861: 5 avg_reward: 23.75
2024-10-16 04:31:55.861: 5 avg_steps: 579.15
2024-10-16 04:31:55.861: 5 epsilon: 0.1
2024-10-16 04:31:55.861: 5 q: 1.0178031
2024-10-16 04:42:17.049: 6 test start:
2024-10-16 04:42:29.053: 6 avg_reward: 35.25
2024-10-16 04:42:29.053: 6 avg_steps: 635.9
2024-10-16 04:42:29.053: 6 epsilon: 0.1
2024-10-16 04:42:29.053: 6 q: 1.1330884
2024-10-16 04:52:51.450: 7 test start:
2024-10-16 04:53:00.860: 7 avg_reward: 184.5
2024-10-16 04:53:00.860: 7 avg_steps: 489.65
2024-10-16 04:53:00.860: 7 epsilon: 0.1
2024-10-16 04:53:00.860: 7 q: 1.2905403
2024-10-16 05:03:25.003: 8 test start:
2024-10-16 05:03:36.918: 8 avg_reward: 240.25
2024-10-16 05:03:36.919: 8 avg_steps: 613.0
2024-10-16 05:03:36.919: 8 epsilon: 0.1
2024-10-16 05:03:36.919: 8 q: 1.4780619
2024-10-16 05:13:52.959: 9 test start:
2024-10-16 05:14:03.859: 9 avg_reward: 284.75
2024-10-16 05:14:03.859: 9 avg_steps: 589.5
2024-10-16 05:14:03.859: 9 epsilon: 0.1
2024-10-16 05:14:03.859: 9 q: 1.6712055
2024-10-16 05:24:34.034: 10 test start:
2024-10-16 05:24:43.370: 10 avg_reward: 128.0
2024-10-16 05:24:43.370: 10 avg_steps: 485.5
2024-10-16 05:24:43.370: 10 epsilon: 0.1
2024-10-16 05:24:43.370: 10 q: 1.7953013
2024-10-16 05:35:15.398: 11 test start:
2024-10-16 05:35:25.555: 11 avg_reward: 215.75
2024-10-16 05:35:25.555: 11 avg_steps: 523.35
2024-10-16 05:35:25.555: 11 epsilon: 0.1
2024-10-16 05:35:25.556: 11 q: 1.8076363
2024-10-16 05:45:43.602: 12 test start:
2024-10-16 05:45:52.494: 12 avg_reward: 194.5
2024-10-16 05:45:52.494: 12 avg_steps: 465.5
2024-10-16 05:45:52.494: 12 epsilon: 0.1
2024-10-16 05:45:52.494: 12 q: 1.995171
2024-10-16 05:56:21.901: 13 test start:
2024-10-16 05:56:33.993: 13 avg_reward: 317.75
2024-10-16 05:56:33.993: 13 avg_steps: 641.6
2024-10-16 05:56:33.993: 13 epsilon: 0.1
2024-10-16 05:56:33.993: 13 q: 2.198382
2024-10-16 06:07:03.877: 14 test start:
2024-10-16 06:07:15.656: 14 avg_reward: 242.75
2024-10-16 06:07:15.657: 14 avg_steps: 620.9
2024-10-16 06:07:15.657: 14 epsilon: 0.1
2024-10-16 06:07:15.657: 14 q: 2.3351278
2024-10-16 06:17:35.009: 15 test start:
2024-10-16 06:17:47.731: 15 avg_reward: 339.75
2024-10-16 06:17:47.731: 15 avg_steps: 669.05
2024-10-16 06:17:47.731: 15 epsilon: 0.1
2024-10-16 06:17:47.731: 15 q: 2.421228
2024-10-16 06:28:16.645: 16 test start:
2024-10-16 06:28:28.977: 16 avg_reward: 325.65
2024-10-16 06:28:28.977: 16 avg_steps: 638.9
2024-10-16 06:28:28.977: 16 epsilon: 0.1
2024-10-16 06:28:28.977: 16 q: 2.5469015
2024-10-16 06:39:00.594: 17 test start:
2024-10-16 06:39:13.907: 17 avg_reward: 478.6
2024-10-16 06:39:13.907: 17 avg_steps: 703.85
2024-10-16 06:39:13.907: 17 epsilon: 0.1
2024-10-16 06:39:13.907: 17 q: 2.6441891
2024-10-16 06:49:45.165: 18 test start:
2024-10-16 06:49:58.231: 18 avg_reward: 384.05
2024-10-16 06:49:58.231: 18 avg_steps: 675.3
2024-10-16 06:49:58.231: 18 epsilon: 0.1
2024-10-16 06:49:58.231: 18 q: 2.7641141
2024-10-16 07:00:25.408: 19 test start:
2024-10-16 07:00:42.672: 19 avg_reward: 572.0
2024-10-16 07:00:42.672: 19 avg_steps: 902.4
2024-10-16 07:00:42.672: 19 epsilon: 0.1
2024-10-16 07:00:42.672: 19 q: 2.957961
2024-10-16 07:11:09.685: 20 test start:
2024-10-16 07:11:27.075: 20 avg_reward: 646.75
2024-10-16 07:11:27.075: 20 avg_steps: 931.45
2024-10-16 07:11:27.075: 20 epsilon: 0.1
2024-10-16 07:11:27.075: 20 q: 2.9617388
2024-10-16 07:21:54.686: 21 test start:
2024-10-16 07:22:13.690: 21 avg_reward: 661.5
2024-10-16 07:22:13.690: 21 avg_steps: 991.2
2024-10-16 07:22:13.690: 21 epsilon: 0.1
2024-10-16 07:22:13.690: 21 q: 3.1014168
2024-10-16 07:32:42.565: 22 test start:
2024-10-16 07:33:01.869: 22 avg_reward: 706.9
2024-10-16 07:33:01.869: 22 avg_steps: 1010.15
2024-10-16 07:33:01.869: 22 epsilon: 0.1
2024-10-16 07:33:01.869: 22 q: 3.2362359
2024-10-16 07:43:30.244: 23 test start:
2024-10-16 07:43:47.052: 23 avg_reward: 617.25
2024-10-16 07:43:47.053: 23 avg_steps: 883.5
2024-10-16 07:43:47.053: 23 epsilon: 0.1
2024-10-16 07:43:47.053: 23 q: 3.401314
2024-10-16 07:54:10.090: 24 test start:
2024-10-16 07:54:29.009: 24 avg_reward: 681.95
2024-10-16 07:54:29.009: 24 avg_steps: 984.55
2024-10-16 07:54:29.009: 24 epsilon: 0.1
2024-10-16 07:54:29.009: 24 q: 3.5408914
2024-10-16 08:04:54.766: 25 test start:
2024-10-16 08:05:12.957: 25 avg_reward: 699.15
2024-10-16 08:05:12.957: 25 avg_steps: 926.85
2024-10-16 08:05:12.957: 25 epsilon: 0.1
2024-10-16 08:05:12.957: 25 q: 3.7658794
2024-10-16 08:15:37.906: 26 test start:
2024-10-16 08:15:57.388: 26 avg_reward: 701.2
2024-10-16 08:15:57.388: 26 avg_steps: 1005.15
2024-10-16 08:15:57.388: 26 epsilon: 0.1
2024-10-16 08:15:57.389: 26 q: 3.9682822
2024-10-16 08:26:25.436: 27 test start:
2024-10-16 08:26:42.574: 27 avg_reward: 655.55
2024-10-16 08:26:42.574: 27 avg_steps: 890.45
2024-10-16 08:26:42.574: 27 epsilon: 0.1
2024-10-16 08:26:42.574: 27 q: 4.1596866
2024-10-16 08:37:11.118: 28 test start:
2024-10-16 08:37:32.380: 28 avg_reward: 804.3
2024-10-16 08:37:32.380: 28 avg_steps: 1102.2
2024-10-16 08:37:32.381: 28 epsilon: 0.1
2024-10-16 08:37:32.381: 28 q: 4.3002353
2024-10-16 08:48:00.638: 29 test start:
2024-10-16 08:48:18.547: 29 avg_reward: 628.45
2024-10-16 08:48:18.547: 29 avg_steps: 933.1
2024-10-16 08:48:18.553: 29 epsilon: 0.1
2024-10-16 08:48:18.553: 29 q: 4.6383114
2024-10-16 08:58:45.942: 30 test start:
2024-10-16 08:59:04.269: 30 avg_reward: 676.2
2024-10-16 08:59:04.269: 30 avg_steps: 969.55
2024-10-16 08:59:04.269: 30 epsilon: 0.1
2024-10-16 08:59:04.269: 30 q: 4.5640664
2024-10-16 09:09:29.669: 31 test start:
2024-10-16 09:09:49.732: 31 avg_reward: 694.1
2024-10-16 09:09:49.732: 31 avg_steps: 1073.15
2024-10-16 09:09:49.732: 31 epsilon: 0.1
2024-10-16 09:09:49.732: 31 q: 4.9292417
2024-10-16 09:20:21.494: 32 test start:
2024-10-16 09:20:40.202: 32 avg_reward: 707.25
2024-10-16 09:20:40.203: 32 avg_steps: 965.2
2024-10-16 09:20:40.203: 32 epsilon: 0.1
2024-10-16 09:20:40.203: 32 q: 5.064113
2024-10-16 09:31:03.667: 33 test start:
2024-10-16 09:31:19.243: 33 avg_reward: 633.65
2024-10-16 09:31:19.244: 33 avg_steps: 796.75
2024-10-16 09:31:19.244: 33 epsilon: 0.1
2024-10-16 09:31:19.244: 33 q: 5.0205646
2024-10-16 09:41:46.127: 34 test start:
2024-10-16 09:42:05.000: 34 avg_reward: 702.1
2024-10-16 09:42:05.000: 34 avg_steps: 970.5
2024-10-16 09:42:05.001: 34 epsilon: 0.1
2024-10-16 09:42:05.001: 34 q: 5.1155257
2024-10-16 09:52:23.050: 35 test start:
2024-10-16 09:52:39.288: 35 avg_reward: 663.95
2024-10-16 09:52:39.288: 35 avg_steps: 864.7
2024-10-16 09:52:39.288: 35 epsilon: 0.1
2024-10-16 09:52:39.288: 35 q: 5.3411484
2024-10-16 10:02:51.755: 36 test start:
2024-10-16 10:03:11.160: 36 avg_reward: 699.3
2024-10-16 10:03:11.160: 36 avg_steps: 1005.1
2024-10-16 10:03:11.160: 36 epsilon: 0.1
2024-10-16 10:03:11.160: 36 q: 5.38744
2024-10-16 10:13:38.464: 37 test start:
2024-10-16 10:13:55.024: 37 avg_reward: 647.85
2024-10-16 10:13:55.024: 37 avg_steps: 864.3
2024-10-16 10:13:55.024: 37 epsilon: 0.1
2024-10-16 10:13:55.024: 37 q: 5.465001
2024-10-16 10:24:19.805: 38 test start:
2024-10-16 10:24:37.585: 38 avg_reward: 669.6
2024-10-16 10:24:37.585: 38 avg_steps: 914.6
2024-10-16 10:24:37.585: 38 epsilon: 0.1
2024-10-16 10:24:37.585: 38 q: 5.5111856
2024-10-16 10:35:05.829: 39 test start:
2024-10-16 10:35:23.526: 39 avg_reward: 678.2
2024-10-16 10:35:23.526: 39 avg_steps: 918.8
2024-10-16 10:35:23.526: 39 epsilon: 0.1
2024-10-16 10:35:23.526: 39 q: 5.5126057
2024-10-16 10:45:48.954: 40 test start:
2024-10-16 10:46:05.985: 40 avg_reward: 664.35
2024-10-16 10:46:05.985: 40 avg_steps: 913.75
2024-10-16 10:46:05.985: 40 epsilon: 0.1
2024-10-16 10:46:05.985: 40 q: 5.7530885
2024-10-16 10:56:33.815: 41 test start:
2024-10-16 10:56:50.763: 41 avg_reward: 672.35
2024-10-16 10:56:50.763: 41 avg_steps: 881.45
2024-10-16 10:56:50.763: 41 epsilon: 0.1
2024-10-16 10:56:50.763: 41 q: 5.7927084
2024-10-16 11:07:15.709: 42 test start:
2024-10-16 11:07:33.822: 42 avg_reward: 702.6
2024-10-16 11:07:33.823: 42 avg_steps: 940.85
2024-10-16 11:07:33.823: 42 epsilon: 0.1
2024-10-16 11:07:33.823: 42 q: 5.8998156
2024-10-16 11:17:56.189: 43 test start:
2024-10-16 11:18:10.973: 43 avg_reward: 670.7
2024-10-16 11:18:10.973: 43 avg_steps: 845.5
2024-10-16 11:18:10.973: 43 epsilon: 0.1
2024-10-16 11:18:10.973: 43 q: 6.0799513
2024-10-16 11:28:42.610: 44 test start:
2024-10-16 11:28:59.103: 44 avg_reward: 647.55
2024-10-16 11:28:59.103: 44 avg_steps: 842.85
2024-10-16 11:28:59.103: 44 epsilon: 0.1
2024-10-16 11:28:59.103: 44 q: 6.1326475
2024-10-16 11:39:27.295: 45 test start:
2024-10-16 11:39:44.117: 45 avg_reward: 679.95
2024-10-16 11:39:44.118: 45 avg_steps: 861.05
2024-10-16 11:39:44.118: 45 epsilon: 0.1
2024-10-16 11:39:44.118: 45 q: 6.3004975
2024-10-16 11:50:19.428: 46 test start:
2024-10-16 11:50:39.902: 46 avg_reward: 889.2
2024-10-16 11:50:39.902: 46 avg_steps: 1094.45
2024-10-16 11:50:39.902: 46 epsilon: 0.1
2024-10-16 11:50:39.902: 46 q: 6.2587357
2024-10-16 12:01:09.365: 47 test start:
2024-10-16 12:01:29.207: 47 avg_reward: 764.75
2024-10-16 12:01:29.208: 47 avg_steps: 1025.0
2024-10-16 12:01:29.208: 47 epsilon: 0.1
2024-10-16 12:01:29.208: 47 q: 6.4300036
2024-10-16 12:11:56.378: 48 test start:
2024-10-16 12:12:13.448: 48 avg_reward: 666.75
2024-10-16 12:12:13.448: 48 avg_steps: 877.15
2024-10-16 12:12:13.448: 48 epsilon: 0.1
2024-10-16 12:12:13.448: 48 q: 6.559149
2024-10-16 12:22:46.306: 49 test start:
2024-10-16 12:23:06.298: 49 avg_reward: 797.4
2024-10-16 12:23:06.298: 49 avg_steps: 1034.15
2024-10-16 12:23:06.298: 49 epsilon: 0.1
2024-10-16 12:23:06.298: 49 q: 6.6026473
2024-10-16 12:33:34.117: 50 test start:
2024-10-16 12:33:50.375: 50 avg_reward: 644.3
2024-10-16 12:33:50.375: 50 avg_steps: 833.7
2024-10-16 12:33:50.375: 50 epsilon: 0.1
2024-10-16 12:33:50.375: 50 q: 6.5262046
2024-10-16 12:44:21.203: 51 test start:
2024-10-16 12:44:38.476: 51 avg_reward: 675.6
2024-10-16 12:44:38.476: 51 avg_steps: 892.0
2024-10-16 12:44:38.476: 51 epsilon: 0.1
2024-10-16 12:44:38.476: 51 q: 6.7403836
2024-10-16 12:55:04.930: 52 test start:
2024-10-16 12:55:21.560: 52 avg_reward: 679.65
2024-10-16 12:55:21.560: 52 avg_steps: 865.35
2024-10-16 12:55:21.560: 52 epsilon: 0.1
2024-10-16 12:55:21.561: 52 q: 6.6651464
2024-10-16 13:05:48.972: 53 test start:
2024-10-16 13:06:09.866: 53 avg_reward: 881.15
2024-10-16 13:06:09.866: 53 avg_steps: 1110.6
2024-10-16 13:06:09.867: 53 epsilon: 0.1
2024-10-16 13:06:09.867: 53 q: 6.679588
2024-10-16 13:16:36.393: 54 test start:
2024-10-16 13:16:55.707: 54 avg_reward: 734.45
2024-10-16 13:16:55.708: 54 avg_steps: 992.55
2024-10-16 13:16:55.708: 54 epsilon: 0.1
2024-10-16 13:16:55.708: 54 q: 6.661628
2024-10-16 13:27:23.061: 55 test start:
2024-10-16 13:27:39.110: 55 avg_reward: 625.05
2024-10-16 13:27:39.110: 55 avg_steps: 827.75
2024-10-16 13:27:39.111: 55 epsilon: 0.1
2024-10-16 13:27:39.111: 55 q: 6.6174307
2024-10-16 13:38:00.745: 56 test start:
2024-10-16 13:38:18.377: 56 avg_reward: 693.45
2024-10-16 13:38:18.377: 56 avg_steps: 901.75
2024-10-16 13:38:18.377: 56 epsilon: 0.1
2024-10-16 13:38:18.377: 56 q: 6.6035676
2024-10-16 13:48:42.090: 57 test start:
2024-10-16 13:48:58.712: 57 avg_reward: 660.95
2024-10-16 13:48:58.712: 57 avg_steps: 857.5
2024-10-16 13:48:58.712: 57 epsilon: 0.1
2024-10-16 13:48:58.712: 57 q: 6.5940733
2024-10-16 13:59:31.971: 58 test start:
2024-10-16 13:59:52.530: 58 avg_reward: 836.4
2024-10-16 13:59:52.530: 58 avg_steps: 1038.95
2024-10-16 13:59:52.530: 58 epsilon: 0.1
2024-10-16 13:59:52.530: 58 q: 6.646123
2024-10-16 14:10:43.992: 59 test start:
2024-10-16 14:11:02.455: 59 avg_reward: 720.15
2024-10-16 14:11:02.456: 59 avg_steps: 939.8
2024-10-16 14:11:02.456: 59 epsilon: 0.1
2024-10-16 14:11:02.456: 59 q: 6.7807336
2024-10-16 14:21:50.103: 60 test start:
2024-10-16 14:22:08.261: 60 avg_reward: 736.2
2024-10-16 14:22:08.261: 60 avg_steps: 913.7
2024-10-16 14:22:08.261: 60 epsilon: 0.1
2024-10-16 14:22:08.261: 60 q: 6.8354397
2024-10-16 14:32:58.779: 61 test start:
2024-10-16 14:33:20.371: 61 avg_reward: 857.95
2024-10-16 14:33:20.371: 61 avg_steps: 1102.75
2024-10-16 14:33:20.371: 61 epsilon: 0.1
2024-10-16 14:33:20.371: 61 q: 6.8125544
2024-10-16 14:44:10.004: 62 test start:
2024-10-16 14:44:31.804: 62 avg_reward: 937.8
2024-10-16 14:44:31.804: 62 avg_steps: 1110.4
2024-10-16 14:44:31.804: 62 epsilon: 0.1
2024-10-16 14:44:31.804: 62 q: 6.7762313
2024-10-16 14:55:20.044: 63 test start:
2024-10-16 14:55:36.402: 63 avg_reward: 672.95
2024-10-16 14:55:36.403: 63 avg_steps: 824.4
2024-10-16 14:55:36.403: 63 epsilon: 0.1
2024-10-16 14:55:36.403: 63 q: 6.7792687
2024-10-16 15:06:25.590: 64 test start:
2024-10-16 15:06:46.854: 64 avg_reward: 857.25
2024-10-16 15:06:46.854: 64 avg_steps: 1087.25
2024-10-16 15:06:46.854: 64 epsilon: 0.1
2024-10-16 15:06:46.854: 64 q: 6.7307324
2024-10-16 15:17:28.331: 65 test start:
2024-10-16 15:17:44.667: 65 avg_reward: 662.25
2024-10-16 15:17:44.667: 65 avg_steps: 816.95
2024-10-16 15:17:44.667: 65 epsilon: 0.1
2024-10-16 15:17:44.667: 65 q: 6.7831407
2024-10-16 15:28:34.027: 66 test start:
2024-10-16 15:28:53.492: 66 avg_reward: 776.75
2024-10-16 15:28:53.493: 66 avg_steps: 988.1
2024-10-16 15:28:53.493: 66 epsilon: 0.1
2024-10-16 15:28:53.493: 66 q: 6.8032336
2024-10-16 15:39:44.146: 67 test start:
2024-10-16 15:40:02.679: 67 avg_reward: 831.05
2024-10-16 15:40:02.679: 67 avg_steps: 958.15
2024-10-16 15:40:02.680: 67 epsilon: 0.1
2024-10-16 15:40:02.680: 67 q: 6.781936
2024-10-16 15:50:55.523: 68 test start:
2024-10-16 15:51:10.437: 68 avg_reward: 603.3
2024-10-16 15:51:10.437: 68 avg_steps: 787.6
2024-10-16 15:51:10.437: 68 epsilon: 0.1
2024-10-16 15:51:10.437: 68 q: 6.884199
2024-10-16 16:01:50.877: 69 test start:
2024-10-16 16:02:07.416: 69 avg_reward: 670.85
2024-10-16 16:02:07.416: 69 avg_steps: 891.4
2024-10-16 16:02:07.416: 69 epsilon: 0.1
2024-10-16 16:02:07.416: 69 q: 6.8416386
2024-10-16 16:12:51.743: 70 test start:
2024-10-16 16:13:13.645: 70 avg_reward: 934.1
2024-10-16 16:13:13.645: 70 avg_steps: 1127.1
2024-10-16 16:13:13.645: 70 epsilon: 0.1
2024-10-16 16:13:13.645: 70 q: 6.8600106
2024-10-16 16:24:04.214: 71 test start:
2024-10-16 16:24:17.854: 71 avg_reward: 541.8
2024-10-16 16:24:17.854: 71 avg_steps: 693.85
2024-10-16 16:24:17.854: 71 epsilon: 0.1
2024-10-16 16:24:17.854: 71 q: 6.936159
2024-10-16 16:35:02.611: 72 test start:
2024-10-16 16:35:22.053: 72 avg_reward: 829.75
2024-10-16 16:35:22.053: 72 avg_steps: 986.8
2024-10-16 16:35:22.053: 72 epsilon: 0.1
2024-10-16 16:35:22.054: 72 q: 6.8308787
2024-10-16 16:46:08.136: 73 test start:
2024-10-16 16:46:29.231: 73 avg_reward: 898.85
2024-10-16 16:46:29.231: 73 avg_steps: 1072.55
2024-10-16 16:46:29.232: 73 epsilon: 0.1
2024-10-16 16:46:29.232: 73 q: 6.8082743
2024-10-16 16:56:55.353: 74 test start:
2024-10-16 16:57:15.409: 74 avg_reward: 849.35
2024-10-16 16:57:15.409: 74 avg_steps: 1047.95
2024-10-16 16:57:15.410: 74 epsilon: 0.1
2024-10-16 16:57:15.410: 74 q: 6.7960987
2024-10-16 17:08:03.643: 75 test start:
2024-10-16 17:08:22.383: 75 avg_reward: 872.65
2024-10-16 17:08:22.383: 75 avg_steps: 967.0
2024-10-16 17:08:22.383: 75 epsilon: 0.1
2024-10-16 17:08:22.383: 75 q: 6.762645
2024-10-16 17:19:06.218: 76 test start:
2024-10-16 17:19:25.418: 76 avg_reward: 836.2
2024-10-16 17:19:25.418: 76 avg_steps: 983.9
2024-10-16 17:19:25.418: 76 epsilon: 0.1
2024-10-16 17:19:25.418: 76 q: 6.7254543
2024-10-16 17:29:52.008: 77 test start:
2024-10-16 17:30:10.744: 77 avg_reward: 864.05
2024-10-16 17:30:10.745: 77 avg_steps: 990.5
2024-10-16 17:30:10.745: 77 epsilon: 0.1
2024-10-16 17:30:10.745: 77 q: 6.616439
2024-10-16 17:41:01.768: 78 test start:
2024-10-16 17:41:21.750: 78 avg_reward: 889.3
2024-10-16 17:41:21.751: 78 avg_steps: 1019.9
2024-10-16 17:41:21.751: 78 epsilon: 0.1
2024-10-16 17:41:21.751: 78 q: 6.6993446
2024-10-16 17:51:59.237: 79 test start:
2024-10-16 17:52:17.373: 79 avg_reward: 764.35
2024-10-16 17:52:17.373: 79 avg_steps: 939.2
2024-10-16 17:52:17.373: 79 epsilon: 0.1
2024-10-16 17:52:17.373: 79 q: 6.6607943
2024-10-16 18:02:51.318: 80 test start:
2024-10-16 18:03:11.823: 80 avg_reward: 934.4
2024-10-16 18:03:11.824: 80 avg_steps: 1115.8
2024-10-16 18:03:11.824: 80 epsilon: 0.1
2024-10-16 18:03:11.824: 80 q: 6.6507397
2024-10-16 18:14:03.298: 81 test start:
2024-10-16 18:14:25.354: 81 avg_reward: 968.15
2024-10-16 18:14:25.354: 81 avg_steps: 1169.6
2024-10-16 18:14:25.354: 81 epsilon: 0.1
2024-10-16 18:14:25.354: 81 q: 6.5582952
2024-10-16 18:24:52.159: 82 test start:
2024-10-16 18:25:11.804: 82 avg_reward: 857.8
2024-10-16 18:25:11.805: 82 avg_steps: 1015.05
2024-10-16 18:25:11.805: 82 epsilon: 0.1
2024-10-16 18:25:11.805: 82 q: 6.5486293
2024-10-16 18:36:01.107: 83 test start:
2024-10-16 18:36:19.993: 83 avg_reward: 770.85
2024-10-16 18:36:19.993: 83 avg_steps: 948.25
2024-10-16 18:36:19.994: 83 epsilon: 0.1
2024-10-16 18:36:19.994: 83 q: 6.630464
2024-10-16 18:47:02.772: 84 test start:
2024-10-16 18:47:17.103: 84 avg_reward: 560.6
2024-10-16 18:47:17.103: 84 avg_steps: 757.8
2024-10-16 18:47:17.103: 84 epsilon: 0.1
2024-10-16 18:47:17.103: 84 q: 6.6120563
2024-10-16 18:57:38.271: 85 test start:
2024-10-16 18:57:59.498: 85 avg_reward: 985.45
2024-10-16 18:57:59.498: 85 avg_steps: 1107.2
2024-10-16 18:57:59.498: 85 epsilon: 0.1
2024-10-16 18:57:59.498: 85 q: 6.7239313
2024-10-16 19:08:25.979: 86 test start:
2024-10-16 19:08:45.998: 86 avg_reward: 897.35
2024-10-16 19:08:45.998: 86 avg_steps: 1070.6
2024-10-16 19:08:45.998: 86 epsilon: 0.1
2024-10-16 19:08:45.998: 86 q: 6.638131
2024-10-16 19:19:11.849: 87 test start:
2024-10-16 19:19:31.590: 87 avg_reward: 805.4
2024-10-16 19:19:31.590: 87 avg_steps: 1006.9
2024-10-16 19:19:31.596: 87 epsilon: 0.1
2024-10-16 19:19:31.596: 87 q: 6.5895348
2024-10-16 19:29:53.900: 88 test start:
2024-10-16 19:30:14.384: 88 avg_reward: 940.1
2024-10-16 19:30:14.384: 88 avg_steps: 1055.8
2024-10-16 19:30:14.384: 88 epsilon: 0.1
2024-10-16 19:30:14.384: 88 q: 6.5784183
2024-10-16 19:41:00.701: 89 test start:
2024-10-16 19:41:17.839: 89 avg_reward: 808.25
2024-10-16 19:41:17.839: 89 avg_steps: 924.1
2024-10-16 19:41:17.839: 89 epsilon: 0.1
2024-10-16 19:41:17.840: 89 q: 6.6287794
2024-10-16 19:51:24.922: 90 test start:
2024-10-16 19:51:45.869: 90 avg_reward: 915.0
2024-10-16 19:51:45.870: 90 avg_steps: 1074.35
2024-10-16 19:51:45.870: 90 epsilon: 0.1
2024-10-16 19:51:45.870: 90 q: 6.6105323
2024-10-16 20:02:24.992: 91 test start:
2024-10-16 20:02:43.139: 91 avg_reward: 842.15
2024-10-16 20:02:43.140: 91 avg_steps: 990.65
2024-10-16 20:02:43.140: 91 epsilon: 0.1
2024-10-16 20:02:43.140: 91 q: 6.57968
2024-10-16 20:13:12.072: 92 test start:
2024-10-16 20:13:30.817: 92 avg_reward: 827.85
2024-10-16 20:13:30.817: 92 avg_steps: 972.2
2024-10-16 20:13:30.817: 92 epsilon: 0.1
2024-10-16 20:13:30.817: 92 q: 6.622797
2024-10-16 20:23:42.229: 93 test start:
2024-10-16 20:23:58.792: 93 avg_reward: 736.85
2024-10-16 20:23:58.792: 93 avg_steps: 884.45
2024-10-16 20:23:58.792: 93 epsilon: 0.1
2024-10-16 20:23:58.792: 93 q: 6.661619
2024-10-16 20:34:21.804: 94 test start:
2024-10-16 20:34:41.127: 94 avg_reward: 862.35
2024-10-16 20:34:41.128: 94 avg_steps: 1020.85
2024-10-16 20:34:41.128: 94 epsilon: 0.1
2024-10-16 20:34:41.128: 94 q: 6.5676227
2024-10-16 20:45:09.398: 95 test start:
2024-10-16 20:45:29.213: 95 avg_reward: 972.75
2024-10-16 20:45:29.213: 95 avg_steps: 1087.7
2024-10-16 20:45:29.213: 95 epsilon: 0.1
2024-10-16 20:45:29.213: 95 q: 6.520908
2024-10-16 20:56:25.990: 96 test start:
2024-10-16 20:56:46.039: 96 avg_reward: 940.35
2024-10-16 20:56:46.039: 96 avg_steps: 1076.1
2024-10-16 20:56:46.039: 96 epsilon: 0.1
2024-10-16 20:56:46.039: 96 q: 6.524456
2024-10-16 21:07:08.454: 97 test start:
2024-10-16 21:07:29.408: 97 avg_reward: 846.35
2024-10-16 21:07:29.408: 97 avg_steps: 1083.25
2024-10-16 21:07:29.408: 97 epsilon: 0.1
2024-10-16 21:07:29.408: 97 q: 6.56508
2024-10-16 21:18:21.828: 98 test start:
2024-10-16 21:18:41.238: 98 avg_reward: 879.25
2024-10-16 21:18:41.238: 98 avg_steps: 1043.65
2024-10-16 21:18:41.238: 98 epsilon: 0.1
2024-10-16 21:18:41.238: 98 q: 6.493676
2024-10-16 21:29:05.592: 99 test start:
2024-10-16 21:29:25.792: 99 avg_reward: 902.3
2024-10-16 21:29:25.792: 99 avg_steps: 1058.55
2024-10-16 21:29:25.792: 99 epsilon: 0.1
2024-10-16 21:29:25.792: 99 q: 6.541485
2024-10-16 21:40:07.612: 100 test start:
2024-10-16 21:40:28.100: 100 avg_reward: 1001.8
2024-10-16 21:40:28.100: 100 avg_steps: 1112.85
2024-10-16 21:40:28.100: 100 epsilon: 0.1
2024-10-16 21:40:28.100: 100 q: 6.5799527
2024-10-16 21:51:14.358: 101 test start:
2024-10-16 21:51:32.356: 101 avg_reward: 683.5
2024-10-16 21:51:32.356: 101 avg_steps: 929.85
2024-10-16 21:51:32.356: 101 epsilon: 0.1
2024-10-16 21:51:32.356: 101 q: 6.5262384
2024-10-16 22:01:59.587: 102 test start:
2024-10-16 22:02:15.343: 102 avg_reward: 648.55
2024-10-16 22:02:15.343: 102 avg_steps: 845.15
2024-10-16 22:02:15.343: 102 epsilon: 0.1
2024-10-16 22:02:15.343: 102 q: 6.561966
2024-10-16 22:13:11.846: 103 test start:
2024-10-16 22:13:29.261: 103 avg_reward: 769.25
2024-10-16 22:13:29.261: 103 avg_steps: 926.5
2024-10-16 22:13:29.261: 103 epsilon: 0.1
2024-10-16 22:13:29.261: 103 q: 6.5066037
2024-10-16 22:23:46.463: 104 test start:
2024-10-16 22:24:08.450: 104 avg_reward: 1023.8
2024-10-16 22:24:08.451: 104 avg_steps: 1138.75
2024-10-16 22:24:08.451: 104 epsilon: 0.1
2024-10-16 22:24:08.451: 104 q: 6.464841
2024-10-16 22:35:00.249: 105 test start:
2024-10-16 22:35:15.021: 105 avg_reward: 649.45
2024-10-16 22:35:15.022: 105 avg_steps: 793.3
2024-10-16 22:35:15.022: 105 epsilon: 0.1
2024-10-16 22:35:15.022: 105 q: 6.434325
2024-10-16 22:45:48.441: 106 test start:
2024-10-16 22:46:03.049: 106 avg_reward: 575.3
2024-10-16 22:46:03.050: 106 avg_steps: 768.15
2024-10-16 22:46:03.050: 106 epsilon: 0.1
2024-10-16 22:46:03.050: 106 q: 6.4422245
2024-10-16 22:56:45.528: 107 test start:
2024-10-16 22:57:01.421: 107 avg_reward: 736.25
2024-10-16 22:57:01.421: 107 avg_steps: 842.25
2024-10-16 22:57:01.422: 107 epsilon: 0.1
2024-10-16 22:57:01.422: 107 q: 6.482048
2024-10-16 23:07:45.124: 108 test start:
2024-10-16 23:08:07.574: 108 avg_reward: 994.25
2024-10-16 23:08:07.574: 108 avg_steps: 1145.65
2024-10-16 23:08:07.574: 108 epsilon: 0.1
2024-10-16 23:08:07.574: 108 q: 6.4036818
2024-10-16 23:18:39.074: 109 test start:
2024-10-16 23:18:57.049: 109 avg_reward: 791.65
2024-10-16 23:18:57.050: 109 avg_steps: 955.95
2024-10-16 23:18:57.050: 109 epsilon: 0.1
2024-10-16 23:18:57.050: 109 q: 6.361938
2024-10-16 23:29:42.380: 110 test start:
2024-10-16 23:29:54.430: 110 avg_reward: 469.75
2024-10-16 23:29:54.430: 110 avg_steps: 618.8
2024-10-16 23:29:54.430: 110 epsilon: 0.1
2024-10-16 23:29:54.430: 110 q: 6.244901
2024-10-16 23:39:59.128: 111 test start:
2024-10-16 23:40:17.125: 111 avg_reward: 757.3
2024-10-16 23:40:17.125: 111 avg_steps: 944.0
2024-10-16 23:40:17.125: 111 epsilon: 0.1
2024-10-16 23:40:17.125: 111 q: 6.352075
2024-10-16 23:50:51.869: 112 test start:
2024-10-16 23:51:05.627: 112 avg_reward: 565.0
2024-10-16 23:51:05.628: 112 avg_steps: 719.8
2024-10-16 23:51:05.628: 112 epsilon: 0.1
2024-10-16 23:51:05.628: 112 q: 6.3178167
2024-10-17 00:01:05.695: 113 test start:
2024-10-17 00:01:27.387: 113 avg_reward: 985.5
2024-10-17 00:01:27.387: 113 avg_steps: 1133.35
2024-10-17 00:01:27.387: 113 epsilon: 0.1
2024-10-17 00:01:27.388: 113 q: 6.336026
2024-10-17 00:12:02.124: 114 test start:
2024-10-17 00:12:24.503: 114 avg_reward: 1029.05
2024-10-17 00:12:24.503: 114 avg_steps: 1201.55
2024-10-17 00:12:24.503: 114 epsilon: 0.1
2024-10-17 00:12:24.503: 114 q: 6.302838
2024-10-17 00:22:30.265: 115 test start:
2024-10-17 00:22:53.694: 115 avg_reward: 993.8
2024-10-17 00:22:53.694: 115 avg_steps: 1212.0
2024-10-17 00:22:53.694: 115 epsilon: 0.1
2024-10-17 00:22:53.694: 115 q: 6.3277187
2024-10-17 00:33:10.011: 116 test start:
2024-10-17 00:33:29.080: 116 avg_reward: 886.1
2024-10-17 00:33:29.080: 116 avg_steps: 1028.55
2024-10-17 00:33:29.080: 116 epsilon: 0.1
2024-10-17 00:33:29.080: 116 q: 6.2646184
2024-10-17 00:43:44.733: 117 test start:
2024-10-17 00:43:59.647: 117 avg_reward: 629.5
2024-10-17 00:43:59.647: 117 avg_steps: 801.7
2024-10-17 00:43:59.647: 117 epsilon: 0.1
2024-10-17 00:43:59.647: 117 q: 6.214978
2024-10-17 00:54:06.899: 118 test start:
2024-10-17 00:54:28.541: 118 avg_reward: 1066.1
2024-10-17 00:54:28.541: 118 avg_steps: 1172.4
2024-10-17 00:54:28.541: 118 epsilon: 0.1
2024-10-17 00:54:28.541: 118 q: 6.2478113
2024-10-17 01:04:44.558: 119 test start:
2024-10-17 01:05:03.691: 119 avg_reward: 819.9
2024-10-17 01:05:03.691: 119 avg_steps: 1002.0
2024-10-17 01:05:03.691: 119 epsilon: 0.1
2024-10-17 01:05:03.691: 119 q: 6.290658
2024-10-17 01:15:07.852: 120 test start:
2024-10-17 01:15:29.042: 120 avg_reward: 1044.1
2024-10-17 01:15:29.042: 120 avg_steps: 1142.75
2024-10-17 01:15:29.043: 120 epsilon: 0.1
2024-10-17 01:15:29.043: 120 q: 6.351637
2024-10-17 01:25:53.251: 121 test start:
2024-10-17 01:26:13.360: 121 avg_reward: 953.35
2024-10-17 01:26:13.360: 121 avg_steps: 1046.8
2024-10-17 01:26:13.361: 121 epsilon: 0.1
2024-10-17 01:26:13.361: 121 q: 6.2716837
2024-10-17 01:36:07.573: 122 test start:
2024-10-17 01:36:29.816: 122 avg_reward: 1068.45
2024-10-17 01:36:29.816: 122 avg_steps: 1145.75
2024-10-17 01:36:29.816: 122 epsilon: 0.1
2024-10-17 01:36:29.816: 122 q: 6.250783
2024-10-17 01:46:55.471: 123 test start:
2024-10-17 01:47:11.579: 123 avg_reward: 754.3
2024-10-17 01:47:11.579: 123 avg_steps: 854.0
2024-10-17 01:47:11.580: 123 epsilon: 0.1
2024-10-17 01:47:11.580: 123 q: 6.3210173
2024-10-17 01:57:06.362: 124 test start:
2024-10-17 01:57:24.878: 124 avg_reward: 893.1
2024-10-17 01:57:24.879: 124 avg_steps: 950.55
2024-10-17 01:57:24.879: 124 epsilon: 0.1
2024-10-17 01:57:24.879: 124 q: 6.2458153
2024-10-17 02:07:54.469: 125 test start:
2024-10-17 02:08:11.646: 125 avg_reward: 790.35
2024-10-17 02:08:11.646: 125 avg_steps: 916.75
2024-10-17 02:08:11.646: 125 epsilon: 0.1
2024-10-17 02:08:11.647: 125 q: 6.350479
2024-10-17 02:18:25.638: 126 test start:
2024-10-17 02:18:46.643: 126 avg_reward: 973.2
2024-10-17 02:18:46.643: 126 avg_steps: 1096.7
2024-10-17 02:18:46.643: 126 epsilon: 0.1
2024-10-17 02:18:46.644: 126 q: 6.3278136
2024-10-17 02:29:07.445: 127 test start:
2024-10-17 02:29:26.068: 127 avg_reward: 875.8
2024-10-17 02:29:26.068: 127 avg_steps: 1006.05
2024-10-17 02:29:26.068: 127 epsilon: 0.1
2024-10-17 02:29:26.068: 127 q: 6.24648
2024-10-17 02:39:33.863: 128 test start:
2024-10-17 02:39:52.147: 128 avg_reward: 790.35
2024-10-17 02:39:52.147: 128 avg_steps: 948.3
2024-10-17 02:39:52.147: 128 epsilon: 0.1
2024-10-17 02:39:52.147: 128 q: 6.256527
2024-10-17 02:50:00.264: 129 test start:
2024-10-17 02:50:19.442: 129 avg_reward: 918.0
2024-10-17 02:50:19.442: 129 avg_steps: 1031.9
2024-10-17 02:50:19.443: 129 epsilon: 0.1
2024-10-17 02:50:19.443: 129 q: 6.2549415
2024-10-17 03:00:41.367: 130 test start:
2024-10-17 03:01:01.372: 130 avg_reward: 924.8
2024-10-17 03:01:01.372: 130 avg_steps: 1083.55
2024-10-17 03:01:01.372: 130 epsilon: 0.1
2024-10-17 03:01:01.372: 130 q: 6.304632
2024-10-17 03:11:00.436: 131 test start:
2024-10-17 03:11:23.344: 131 avg_reward: 1061.25
2024-10-17 03:11:23.344: 131 avg_steps: 1229.55
2024-10-17 03:11:23.344: 131 epsilon: 0.1
2024-10-17 03:11:23.344: 131 q: 6.283062
2024-10-17 03:21:49.875: 132 test start:
2024-10-17 03:22:09.975: 132 avg_reward: 891.8
2024-10-17 03:22:09.975: 132 avg_steps: 1054.0
2024-10-17 03:22:09.975: 132 epsilon: 0.1
2024-10-17 03:22:09.975: 132 q: 6.3533015
2024-10-17 03:32:05.888: 133 test start:
2024-10-17 03:32:21.948: 133 avg_reward: 724.25
2024-10-17 03:32:21.948: 133 avg_steps: 849.25
2024-10-17 03:32:21.948: 133 epsilon: 0.1
2024-10-17 03:32:21.948: 133 q: 6.4558926
2024-10-17 03:42:54.796: 134 test start:
2024-10-17 03:43:16.547: 134 avg_reward: 1023.15
2024-10-17 03:43:16.547: 134 avg_steps: 1165.0
2024-10-17 03:43:16.547: 134 epsilon: 0.1
2024-10-17 03:43:16.547: 134 q: 6.4749837
2024-10-17 03:53:13.160: 135 test start:
2024-10-17 03:53:33.523: 135 avg_reward: 907.25
2024-10-17 03:53:33.523: 135 avg_steps: 1054.65
2024-10-17 03:53:33.523: 135 epsilon: 0.1
2024-10-17 03:53:33.523: 135 q: 6.420192
2024-10-17 04:04:08.816: 136 test start:
2024-10-17 04:04:28.525: 136 avg_reward: 944.55
2024-10-17 04:04:28.525: 136 avg_steps: 1044.8
2024-10-17 04:04:28.525: 136 epsilon: 0.1
2024-10-17 04:04:28.525: 136 q: 6.312524
2024-10-17 04:14:50.157: 137 test start:
2024-10-17 04:15:09.583: 137 avg_reward: 835.35
2024-10-17 04:15:09.583: 137 avg_steps: 1003.35
2024-10-17 04:15:09.583: 137 epsilon: 0.1
2024-10-17 04:15:09.583: 137 q: 6.4118595
2024-10-17 04:25:33.905: 138 test start:
2024-10-17 04:25:49.787: 138 avg_reward: 720.55
2024-10-17 04:25:49.787: 138 avg_steps: 854.85
2024-10-17 04:25:49.787: 138 epsilon: 0.1
2024-10-17 04:25:49.787: 138 q: 6.357131
2024-10-17 04:36:21.739: 139 test start:
2024-10-17 04:36:42.152: 139 avg_reward: 894.35
2024-10-17 04:36:42.152: 139 avg_steps: 1056.6
2024-10-17 04:36:42.152: 139 epsilon: 0.1
2024-10-17 04:36:42.152: 139 q: 6.3367677
2024-10-17 04:47:06.245: 140 test start:
2024-10-17 04:47:26.789: 140 avg_reward: 920.1
2024-10-17 04:47:26.789: 140 avg_steps: 1100.55
2024-10-17 04:47:26.789: 140 epsilon: 0.1
2024-10-17 04:47:26.789: 140 q: 6.3330197
2024-10-17 04:58:04.811: 141 test start:
2024-10-17 04:58:26.899: 141 avg_reward: 986.35
2024-10-17 04:58:26.900: 141 avg_steps: 1135.95
2024-10-17 04:58:26.900: 141 epsilon: 0.1
2024-10-17 04:58:26.900: 141 q: 6.34297
2024-10-17 05:08:39.900: 142 test start:
2024-10-17 05:09:01.078: 142 avg_reward: 946.7
2024-10-17 05:09:01.079: 142 avg_steps: 1117.0
2024-10-17 05:09:01.084: 142 epsilon: 0.1
2024-10-17 05:09:01.084: 142 q: 6.311621
2024-10-17 05:19:41.609: 143 test start:
2024-10-17 05:20:06.532: 143 avg_reward: 1189.65
2024-10-17 05:20:06.532: 143 avg_steps: 1279.4
2024-10-17 05:20:06.532: 143 epsilon: 0.1
2024-10-17 05:20:06.532: 143 q: 6.267471
2024-10-17 05:30:21.351: 144 test start:
2024-10-17 05:30:44.102: 144 avg_reward: 1069.8
2024-10-17 05:30:44.102: 144 avg_steps: 1149.2
2024-10-17 05:30:44.102: 144 epsilon: 0.1
2024-10-17 05:30:44.102: 144 q: 6.2440343
2024-10-17 05:41:18.008: 145 test start:
2024-10-17 05:41:32.934: 145 avg_reward: 636.05
2024-10-17 05:41:32.935: 145 avg_steps: 777.75
2024-10-17 05:41:32.935: 145 epsilon: 0.1
2024-10-17 05:41:32.935: 145 q: 6.251111
2024-10-17 05:51:50.115: 146 test start:
2024-10-17 05:52:06.874: 146 avg_reward: 749.55
2024-10-17 05:52:06.875: 146 avg_steps: 877.15
2024-10-17 05:52:06.875: 146 epsilon: 0.1
2024-10-17 05:52:06.875: 146 q: 6.371605
2024-10-17 06:02:31.717: 147 test start:
2024-10-17 06:02:52.326: 147 avg_reward: 918.35
2024-10-17 06:02:52.326: 147 avg_steps: 1079.7
2024-10-17 06:02:52.326: 147 epsilon: 0.1
2024-10-17 06:02:52.326: 147 q: 6.4126024
2024-10-17 06:13:18.402: 148 test start:
2024-10-17 06:13:35.676: 148 avg_reward: 735.05
2024-10-17 06:13:35.677: 148 avg_steps: 887.95
2024-10-17 06:13:35.677: 148 epsilon: 0.1
2024-10-17 06:13:35.677: 148 q: 6.419163
2024-10-17 06:24:04.805: 149 test start:
2024-10-17 06:24:21.596: 149 avg_reward: 742.55
2024-10-17 06:24:21.597: 149 avg_steps: 886.35
2024-10-17 06:24:21.597: 149 epsilon: 0.1
2024-10-17 06:24:21.597: 149 q: 6.504343
2024-10-17 06:34:46.404: 150 test start:
2024-10-17 06:35:04.622: 150 avg_reward: 865.75
2024-10-17 06:35:04.622: 150 avg_steps: 933.85
2024-10-17 06:35:04.622: 150 epsilon: 0.1
2024-10-17 06:35:04.623: 150 q: 6.4935617
2024-10-17 06:45:09.621: 151 test start:
2024-10-17 06:45:29.850: 151 avg_reward: 935.25
2024-10-17 06:45:29.850: 151 avg_steps: 1079.2
2024-10-17 06:45:29.850: 151 epsilon: 0.1
2024-10-17 06:45:29.850: 151 q: 6.5603347
2024-10-17 06:55:55.624: 152 test start:
2024-10-17 06:56:14.382: 152 avg_reward: 850.85
2024-10-17 06:56:14.382: 152 avg_steps: 971.4
2024-10-17 06:56:14.387: 152 epsilon: 0.1
2024-10-17 06:56:14.388: 152 q: 6.430294
2024-10-17 07:06:11.809: 153 test start:
2024-10-17 07:06:33.826: 153 avg_reward: 1056.9
2024-10-17 07:06:33.827: 153 avg_steps: 1152.95
2024-10-17 07:06:33.827: 153 epsilon: 0.1
2024-10-17 07:06:33.827: 153 q: 6.454424
2024-10-17 07:17:04.800: 154 test start:
2024-10-17 07:17:26.680: 154 avg_reward: 1020.25
2024-10-17 07:17:26.680: 154 avg_steps: 1175.25
2024-10-17 07:17:26.680: 154 epsilon: 0.1
2024-10-17 07:17:26.680: 154 q: 6.42722
2024-10-17 07:27:25.297: 155 test start:
2024-10-17 07:27:42.586: 155 avg_reward: 762.35
2024-10-17 07:27:42.586: 155 avg_steps: 885.55
2024-10-17 07:27:42.586: 155 epsilon: 0.1
2024-10-17 07:27:42.586: 155 q: 6.380052
2024-10-17 07:38:04.912: 156 test start:
2024-10-17 07:38:24.885: 156 avg_reward: 1005.6
2024-10-17 07:38:24.885: 156 avg_steps: 1063.7
2024-10-17 07:38:24.885: 156 epsilon: 0.1
2024-10-17 07:38:24.886: 156 q: 6.3175044
2024-10-17 07:48:25.984: 157 test start:
2024-10-17 07:48:47.614: 157 avg_reward: 1013.6
2024-10-17 07:48:47.614: 157 avg_steps: 1112.9
2024-10-17 07:48:47.614: 157 epsilon: 0.1
2024-10-17 07:48:47.614: 157 q: 6.2758174
2024-10-17 07:59:00.267: 158 test start:
2024-10-17 07:59:21.501: 158 avg_reward: 1004.5
2024-10-17 07:59:21.501: 158 avg_steps: 1130.0
2024-10-17 07:59:21.502: 158 epsilon: 0.1
2024-10-17 07:59:21.502: 158 q: 6.2496142
2024-10-17 08:09:33.533: 159 test start:
2024-10-17 08:09:58.254: 159 avg_reward: 1104.8
2024-10-17 08:09:58.254: 159 avg_steps: 1275.6
2024-10-17 08:09:58.254: 159 epsilon: 0.1
2024-10-17 08:09:58.254: 159 q: 6.139767
2024-10-17 08:20:16.243: 160 test start:
2024-10-17 08:20:37.549: 160 avg_reward: 989.4
2024-10-17 08:20:37.549: 160 avg_steps: 1163.25
2024-10-17 08:20:37.550: 160 epsilon: 0.1
2024-10-17 08:20:37.550: 160 q: 6.0758195
2024-10-17 08:30:57.340: 161 test start:
2024-10-17 08:31:16.310: 161 avg_reward: 861.35
2024-10-17 08:31:16.311: 161 avg_steps: 970.75
2024-10-17 08:31:16.311: 161 epsilon: 0.1
2024-10-17 08:31:16.311: 161 q: 6.0775867
2024-10-17 08:41:13.680: 162 test start:
2024-10-17 08:41:32.732: 162 avg_reward: 881.35
2024-10-17 08:41:32.732: 162 avg_steps: 1002.85
2024-10-17 08:41:32.732: 162 epsilon: 0.1
2024-10-17 08:41:32.732: 162 q: 6.0350504
2024-10-17 08:52:06.463: 163 test start:
2024-10-17 08:52:27.076: 163 avg_reward: 962.35
2024-10-17 08:52:27.077: 163 avg_steps: 1053.6
2024-10-17 08:52:27.077: 163 epsilon: 0.1
2024-10-17 08:52:27.077: 163 q: 6.047608
2024-10-17 09:02:24.548: 164 test start:
2024-10-17 09:02:42.658: 164 avg_reward: 866.05
2024-10-17 09:02:42.658: 164 avg_steps: 968.45
2024-10-17 09:02:42.658: 164 epsilon: 0.1
2024-10-17 09:02:42.658: 164 q: 6.074027
2024-10-17 09:13:17.302: 165 test start:
2024-10-17 09:13:38.607: 165 avg_reward: 976.3
2024-10-17 09:13:38.608: 165 avg_steps: 1117.9
2024-10-17 09:13:38.608: 165 epsilon: 0.1
2024-10-17 09:13:38.608: 165 q: 6.1744976
2024-10-17 09:23:33.839: 166 test start:
2024-10-17 09:23:56.361: 166 avg_reward: 1017.9
2024-10-17 09:23:56.362: 166 avg_steps: 1160.55
2024-10-17 09:23:56.368: 166 epsilon: 0.1
2024-10-17 09:23:56.368: 166 q: 6.122593
2024-10-17 09:34:21.106: 167 test start:
2024-10-17 09:34:40.085: 167 avg_reward: 888.05
2024-10-17 09:34:40.085: 167 avg_steps: 999.6
2024-10-17 09:34:40.086: 167 epsilon: 0.1
2024-10-17 09:34:40.086: 167 q: 6.072267
2024-10-17 09:44:41.465: 168 test start:
2024-10-17 09:45:03.247: 168 avg_reward: 1048.3
2024-10-17 09:45:03.247: 168 avg_steps: 1126.45
2024-10-17 09:45:03.247: 168 epsilon: 0.1
2024-10-17 09:45:03.247: 168 q: 6.178092
2024-10-17 09:55:24.872: 169 test start:
2024-10-17 09:55:43.954: 169 avg_reward: 880.55
2024-10-17 09:55:43.954: 169 avg_steps: 1004.65
2024-10-17 09:55:43.954: 169 epsilon: 0.1
2024-10-17 09:55:43.954: 169 q: 6.1515727
2024-10-17 10:05:45.759: 170 test start:
2024-10-17 10:06:10.099: 170 avg_reward: 1192.3
2024-10-17 10:06:10.100: 170 avg_steps: 1256.25
2024-10-17 10:06:10.100: 170 epsilon: 0.1
2024-10-17 10:06:10.100: 170 q: 6.141324
2024-10-17 10:16:28.986: 171 test start:
2024-10-17 10:16:48.533: 171 avg_reward: 908.25
2024-10-17 10:16:48.533: 171 avg_steps: 1042.25
2024-10-17 10:16:48.533: 171 epsilon: 0.1
2024-10-17 10:16:48.533: 171 q: 6.1343985
2024-10-17 10:27:05.983: 172 test start:
2024-10-17 10:27:29.673: 172 avg_reward: 1124.2
2024-10-17 10:27:29.673: 172 avg_steps: 1220.55
2024-10-17 10:27:29.673: 172 epsilon: 0.1
2024-10-17 10:27:29.673: 172 q: 6.2452803
2024-10-17 10:37:37.536: 173 test start:
2024-10-17 10:38:01.399: 173 avg_reward: 1153.7
2024-10-17 10:38:01.399: 173 avg_steps: 1278.3
2024-10-17 10:38:01.399: 173 epsilon: 0.1
2024-10-17 10:38:01.399: 173 q: 6.1787167
2024-10-17 10:48:24.338: 174 test start:
2024-10-17 10:48:45.234: 174 avg_reward: 979.55
2024-10-17 10:48:45.234: 174 avg_steps: 1081.4
2024-10-17 10:48:45.234: 174 epsilon: 0.1
2024-10-17 10:48:45.234: 174 q: 6.160321
2024-10-17 10:58:44.437: 175 test start:
2024-10-17 10:59:03.376: 175 avg_reward: 983.7
2024-10-17 10:59:03.376: 175 avg_steps: 1029.6
2024-10-17 10:59:03.377: 175 epsilon: 0.1
2024-10-17 10:59:03.377: 175 q: 6.2023273
2024-10-17 11:09:31.367: 176 test start:
2024-10-17 11:09:53.031: 176 avg_reward: 994.0
2024-10-17 11:09:53.031: 176 avg_steps: 1123.65
2024-10-17 11:09:53.031: 176 epsilon: 0.1
2024-10-17 11:09:53.031: 176 q: 6.1615562
2024-10-17 11:19:46.746: 177 test start:
2024-10-17 11:20:10.700: 177 avg_reward: 1271.5
2024-10-17 11:20:10.700: 177 avg_steps: 1268.55
2024-10-17 11:20:10.700: 177 epsilon: 0.1
2024-10-17 11:20:10.700: 177 q: 6.1593494
2024-10-17 11:30:36.019: 178 test start:
2024-10-17 11:30:57.537: 178 avg_reward: 1098.35
2024-10-17 11:30:57.537: 178 avg_steps: 1171.55
2024-10-17 11:30:57.537: 178 epsilon: 0.1
2024-10-17 11:30:57.538: 178 q: 6.0933175
2024-10-17 11:40:56.646: 179 test start:
2024-10-17 11:41:17.927: 179 avg_reward: 1046.3
2024-10-17 11:41:17.927: 179 avg_steps: 1150.75
2024-10-17 11:41:17.927: 179 epsilon: 0.1
2024-10-17 11:41:17.927: 179 q: 6.101665
2024-10-17 11:51:38.040: 180 test start:
2024-10-17 11:52:03.125: 180 avg_reward: 1265.25
2024-10-17 11:52:03.125: 180 avg_steps: 1380.95
2024-10-17 11:52:03.125: 180 epsilon: 0.1
2024-10-17 11:52:03.125: 180 q: 6.078171
2024-10-17 12:02:12.421: 181 test start:
2024-10-17 12:02:29.321: 181 avg_reward: 808.55
2024-10-17 12:02:29.321: 181 avg_steps: 876.55
2024-10-17 12:02:29.321: 181 epsilon: 0.1
2024-10-17 12:02:29.321: 181 q: 6.045056
2024-10-17 12:12:43.118: 182 test start:
2024-10-17 12:12:59.047: 182 avg_reward: 732.75
2024-10-17 12:12:59.047: 182 avg_steps: 854.0
2024-10-17 12:12:59.047: 182 epsilon: 0.1
2024-10-17 12:12:59.047: 182 q: 6.062533
2024-10-17 12:23:06.291: 183 test start:
2024-10-17 12:23:24.972: 183 avg_reward: 868.5
2024-10-17 12:23:24.972: 183 avg_steps: 966.85
2024-10-17 12:23:24.972: 183 epsilon: 0.1
2024-10-17 12:23:24.972: 183 q: 6.020258
2024-10-17 12:33:35.547: 184 test start:
2024-10-17 12:33:56.706: 184 avg_reward: 1069.65
2024-10-17 12:33:56.706: 184 avg_steps: 1159.25
2024-10-17 12:33:56.706: 184 epsilon: 0.1
2024-10-17 12:33:56.706: 184 q: 6.082695
2024-10-17 12:44:17.440: 185 test start:
2024-10-17 12:44:37.389: 185 avg_reward: 986.75
2024-10-17 12:44:37.389: 185 avg_steps: 1058.8
2024-10-17 12:44:37.389: 185 epsilon: 0.1
2024-10-17 12:44:37.390: 185 q: 6.0924087
2024-10-17 12:54:38.040: 186 test start:
2024-10-17 12:54:55.296: 186 avg_reward: 860.85
2024-10-17 12:54:55.296: 186 avg_steps: 925.95
2024-10-17 12:54:55.296: 186 epsilon: 0.1
2024-10-17 12:54:55.297: 186 q: 6.0644183
2024-10-17 13:05:18.860: 187 test start:
2024-10-17 13:05:42.384: 187 avg_reward: 1189.4
2024-10-17 13:05:42.384: 187 avg_steps: 1214.2
2024-10-17 13:05:42.384: 187 epsilon: 0.1
2024-10-17 13:05:42.384: 187 q: 6.07178
2024-10-17 13:15:35.396: 188 test start:
2024-10-17 13:15:55.386: 188 avg_reward: 911.1
2024-10-17 13:15:55.386: 188 avg_steps: 1074.2
2024-10-17 13:15:55.386: 188 epsilon: 0.1
2024-10-17 13:15:55.386: 188 q: 6.0775256
2024-10-17 13:26:25.056: 189 test start:
2024-10-17 13:26:42.650: 189 avg_reward: 761.6
2024-10-17 13:26:42.650: 189 avg_steps: 941.75
2024-10-17 13:26:42.650: 189 epsilon: 0.1
2024-10-17 13:26:42.651: 189 q: 6.105038
2024-10-17 13:36:39.226: 190 test start:
2024-10-17 13:37:02.350: 190 avg_reward: 1109.25
2024-10-17 13:37:02.351: 190 avg_steps: 1197.1
2024-10-17 13:37:02.351: 190 epsilon: 0.1
2024-10-17 13:37:02.351: 190 q: 6.114104
2024-10-17 13:47:24.077: 191 test start:
2024-10-17 13:47:46.528: 191 avg_reward: 1139.2
2024-10-17 13:47:46.528: 191 avg_steps: 1204.4
2024-10-17 13:47:46.528: 191 epsilon: 0.1
2024-10-17 13:47:46.528: 191 q: 6.0694804
2024-10-17 13:57:46.546: 192 test start:
2024-10-17 13:58:10.899: 192 avg_reward: 1237.75
2024-10-17 13:58:10.900: 192 avg_steps: 1262.5
2024-10-17 13:58:10.900: 192 epsilon: 0.1
2024-10-17 13:58:10.900: 192 q: 6.089166
2024-10-17 14:08:25.609: 193 test start:
2024-10-17 14:08:48.286: 193 avg_reward: 1108.35
2024-10-17 14:08:48.286: 193 avg_steps: 1209.9
2024-10-17 14:08:48.286: 193 epsilon: 0.1
2024-10-17 14:08:48.286: 193 q: 6.001942
2024-10-17 14:18:55.950: 194 test start:
2024-10-17 14:19:19.497: 194 avg_reward: 1146.6
2024-10-17 14:19:19.497: 194 avg_steps: 1221.5
2024-10-17 14:19:19.497: 194 epsilon: 0.1
2024-10-17 14:19:19.497: 194 q: 6.000426
2024-10-17 14:29:23.075: 195 test start:
2024-10-17 14:29:42.554: 195 avg_reward: 994.65
2024-10-17 14:29:42.554: 195 avg_steps: 1047.45
2024-10-17 14:29:42.554: 195 epsilon: 0.1
2024-10-17 14:29:42.554: 195 q: 6.009598
2024-10-17 14:39:55.952: 196 test start:
2024-10-17 14:40:17.317: 196 avg_reward: 1009.6
2024-10-17 14:40:17.317: 196 avg_steps: 1106.7
2024-10-17 14:40:17.317: 196 epsilon: 0.1
2024-10-17 14:40:17.317: 196 q: 5.9930325
2024-10-17 14:50:16.687: 197 test start:
2024-10-17 14:50:31.099: 197 avg_reward: 617.8
2024-10-17 14:50:31.099: 197 avg_steps: 767.8
2024-10-17 14:50:31.099: 197 epsilon: 0.1
2024-10-17 14:50:31.099: 197 q: 6.015344
2024-10-17 15:00:53.420: 198 test start:
2024-10-17 15:01:16.034: 198 avg_reward: 1127.25
2024-10-17 15:01:16.035: 198 avg_steps: 1177.55
2024-10-17 15:01:16.035: 198 epsilon: 0.1
2024-10-17 15:01:16.035: 198 q: 5.9940968
2024-10-17 15:11:11.313: 199 test start:
2024-10-17 15:11:30.685: 199 avg_reward: 950.85
2024-10-17 15:11:30.685: 199 avg_steps: 1044.15
2024-10-17 15:11:30.685: 199 epsilon: 0.1
2024-10-17 15:11:30.685: 199 q: 5.974384
2024-10-17 15:21:53.095: 200 test start:
2024-10-17 15:22:11.768: 200 avg_reward: 856.0
2024-10-17 15:22:11.768: 200 avg_steps: 964.45
2024-10-17 15:22:11.768: 200 epsilon: 0.1
2024-10-17 15:22:11.768: 200 q: 6.063063
