2024-10-16 05:36:33.502: 
parameters:agent_test_episodes: 20
batch_num_per_epoch: 250000
device: cuda:0
env_name: ALE/WizardOfWor-v5
epsilon_for_test: 0.05
epsilon_max: 1.0
epsilon_min: 0.1
exp_name: ALE-WizardOfWor-v5_2024-10-16-05-36-33
exp_path: ../exps/dqn/
exploration_steps: 1000000
gamma: 0.99
held_out_states_num: 1000
learning_rate: 0.00025
mini_batch_size: 32
model_update_freq: 4
n_times: 5
no_op_max: 30
phi_channel: 4
replay_buffer_size: 1000000
replay_start_size: 50000
save_model: true
screen_size: 84
seed: 0
skip_k_frame: 4
step_c: 10000
training_steps: 50000000

2024-10-16 05:36:33.565: env id: ALE/WizardOfWor-v5 |repeat_action_probability: 0 
2024-10-16 05:36:33.565: screen_size: 84 | grayscale_obs:True 
scale_obs:False | action space size: 10
remove flickering: True | frame skip: 4
state space shape: (210, 160, 3) 
2024-10-16 05:36:33.582: optimizer: RMSprop (
Parameter Group 0
    alpha: 0.95
    centered: False
    differentiable: False
    eps: 0.01
    foreach: None
    lr: 0.00025
    maximize: False
    momentum: 0
    weight_decay: 0
)
2024-10-16 05:45:48.883: 1 test start:
2024-10-16 05:46:00.722: 1 avg_reward: 107.0
2024-10-16 05:46:00.723: 1 avg_steps: 614.1
2024-10-16 05:46:00.723: 1 epsilon: 0.8196283
2024-10-16 05:46:00.723: 1 q: 0.06795669
2024-10-16 05:56:26.499: 2 test start:
2024-10-16 05:56:33.621: 2 avg_reward: 42.0
2024-10-16 05:56:33.621: 2 avg_steps: 384.65
2024-10-16 05:56:33.621: 2 epsilon: 0.5941422999999999
2024-10-16 05:56:33.621: 2 q: 0.117747925
2024-10-16 06:06:56.483: 3 test start:
2024-10-16 06:07:12.255: 3 avg_reward: 132.0
2024-10-16 06:07:12.255: 3 avg_steps: 844.35
2024-10-16 06:07:12.255: 3 epsilon: 0.3693565
2024-10-16 06:07:12.255: 3 q: 0.15958698
2024-10-16 06:17:25.091: 4 test start:
2024-10-16 06:17:37.562: 4 avg_reward: 197.0
2024-10-16 06:17:37.562: 4 avg_steps: 649.35
2024-10-16 06:17:37.563: 4 epsilon: 0.14499459999999997
2024-10-16 06:17:37.563: 4 q: 0.22416916
2024-10-16 06:28:00.557: 5 test start:
2024-10-16 06:28:10.381: 5 avg_reward: 92.0
2024-10-16 06:28:10.381: 5 avg_steps: 498.75
2024-10-16 06:28:10.381: 5 epsilon: 0.1
2024-10-16 06:28:10.381: 5 q: 0.28029078
2024-10-16 06:38:40.085: 6 test start:
2024-10-16 06:38:53.200: 6 avg_reward: 152.0
2024-10-16 06:38:53.200: 6 avg_steps: 689.85
2024-10-16 06:38:53.200: 6 epsilon: 0.1
2024-10-16 06:38:53.200: 6 q: 0.3154192
2024-10-16 06:49:25.553: 7 test start:
2024-10-16 06:49:39.001: 7 avg_reward: 177.0
2024-10-16 06:49:39.002: 7 avg_steps: 684.65
2024-10-16 06:49:39.002: 7 epsilon: 0.1
2024-10-16 06:49:39.002: 7 q: 0.33683112
2024-10-16 07:00:02.412: 8 test start:
2024-10-16 07:00:10.960: 8 avg_reward: 87.0
2024-10-16 07:00:10.960: 8 avg_steps: 437.95
2024-10-16 07:00:10.960: 8 epsilon: 0.1
2024-10-16 07:00:10.960: 8 q: 0.3530207
2024-10-16 07:10:40.639: 9 test start:
2024-10-16 07:10:53.631: 9 avg_reward: 152.0
2024-10-16 07:10:53.631: 9 avg_steps: 666.25
2024-10-16 07:10:53.631: 9 epsilon: 0.1
2024-10-16 07:10:53.631: 9 q: 0.36961627
2024-10-16 07:21:18.879: 10 test start:
2024-10-16 07:21:36.650: 10 avg_reward: 257.0
2024-10-16 07:21:36.650: 10 avg_steps: 916.05
2024-10-16 07:21:36.650: 10 epsilon: 0.1
2024-10-16 07:21:36.650: 10 q: 0.37486207
2024-10-16 07:32:04.446: 11 test start:
2024-10-16 07:32:17.383: 11 avg_reward: 197.0
2024-10-16 07:32:17.384: 11 avg_steps: 656.2
2024-10-16 07:32:17.384: 11 epsilon: 0.1
2024-10-16 07:32:17.384: 11 q: 0.37868598
2024-10-16 07:42:42.284: 12 test start:
2024-10-16 07:43:02.822: 12 avg_reward: 412.0
2024-10-16 07:43:02.822: 12 avg_steps: 1068.1
2024-10-16 07:43:02.822: 12 epsilon: 0.1
2024-10-16 07:43:02.822: 12 q: 0.37433425
2024-10-16 07:53:32.996: 13 test start:
2024-10-16 07:53:47.806: 13 avg_reward: 132.0
2024-10-16 07:53:47.806: 13 avg_steps: 749.0
2024-10-16 07:53:47.806: 13 epsilon: 0.1
2024-10-16 07:53:47.806: 13 q: 0.40994608
2024-10-16 08:04:14.473: 14 test start:
2024-10-16 08:04:30.887: 14 avg_reward: 332.0
2024-10-16 08:04:30.887: 14 avg_steps: 836.95
2024-10-16 08:04:30.887: 14 epsilon: 0.1
2024-10-16 08:04:30.887: 14 q: 0.41078657
2024-10-16 08:14:59.334: 15 test start:
2024-10-16 08:15:15.345: 15 avg_reward: 192.0
2024-10-16 08:15:15.345: 15 avg_steps: 814.45
2024-10-16 08:15:15.345: 15 epsilon: 0.1
2024-10-16 08:15:15.345: 15 q: 0.41797498
2024-10-16 08:25:47.114: 16 test start:
2024-10-16 08:26:05.511: 16 avg_reward: 202.0
2024-10-16 08:26:05.512: 16 avg_steps: 929.95
2024-10-16 08:26:05.512: 16 epsilon: 0.1
2024-10-16 08:26:05.512: 16 q: 0.4352609
2024-10-16 08:36:36.402: 17 test start:
2024-10-16 08:36:51.695: 17 avg_reward: 287.0
2024-10-16 08:36:51.695: 17 avg_steps: 770.5
2024-10-16 08:36:51.695: 17 epsilon: 0.1
2024-10-16 08:36:51.695: 17 q: 0.4367278
2024-10-16 08:47:18.282: 18 test start:
2024-10-16 08:47:31.857: 18 avg_reward: 452.0
2024-10-16 08:47:31.857: 18 avg_steps: 685.35
2024-10-16 08:47:31.857: 18 epsilon: 0.1
2024-10-16 08:47:31.857: 18 q: 0.44389492
2024-10-16 08:58:05.598: 19 test start:
2024-10-16 08:58:20.150: 19 avg_reward: 307.0
2024-10-16 08:58:20.150: 19 avg_steps: 753.8
2024-10-16 08:58:20.150: 19 epsilon: 0.1
2024-10-16 08:58:20.150: 19 q: 0.4637227
2024-10-16 09:08:48.956: 20 test start:
2024-10-16 09:09:11.442: 20 avg_reward: 417.0
2024-10-16 09:09:11.443: 20 avg_steps: 1139.4
2024-10-16 09:09:11.443: 20 epsilon: 0.1
2024-10-16 09:09:11.443: 20 q: 0.48202544
2024-10-16 09:19:41.260: 21 test start:
2024-10-16 09:19:58.263: 21 avg_reward: 257.0
2024-10-16 09:19:58.263: 21 avg_steps: 855.35
2024-10-16 09:19:58.263: 21 epsilon: 0.1
2024-10-16 09:19:58.263: 21 q: 0.5192205
2024-10-16 09:30:27.146: 22 test start:
2024-10-16 09:30:50.476: 22 avg_reward: 472.0
2024-10-16 09:30:50.477: 22 avg_steps: 1181.0
2024-10-16 09:30:50.477: 22 epsilon: 0.1
2024-10-16 09:30:50.477: 22 q: 0.57846904
2024-10-16 09:41:21.910: 23 test start:
2024-10-16 09:41:33.688: 23 avg_reward: 362.0
2024-10-16 09:41:33.688: 23 avg_steps: 595.95
2024-10-16 09:41:33.688: 23 epsilon: 0.1
2024-10-16 09:41:33.688: 23 q: 0.6059082
2024-10-16 09:51:55.520: 24 test start:
2024-10-16 09:52:08.481: 24 avg_reward: 327.0
2024-10-16 09:52:08.481: 24 avg_steps: 683.35
2024-10-16 09:52:08.481: 24 epsilon: 0.1
2024-10-16 09:52:08.481: 24 q: 0.61999077
2024-10-16 10:02:23.546: 25 test start:
2024-10-16 10:02:35.922: 25 avg_reward: 157.0
2024-10-16 10:02:35.922: 25 avg_steps: 628.4
2024-10-16 10:02:35.922: 25 epsilon: 0.1
2024-10-16 10:02:35.922: 25 q: 0.6946571
2024-10-16 10:13:05.061: 26 test start:
2024-10-16 10:13:25.833: 26 avg_reward: 307.0
2024-10-16 10:13:25.833: 26 avg_steps: 1059.5
2024-10-16 10:13:25.833: 26 epsilon: 0.1
2024-10-16 10:13:25.833: 26 q: 0.7383921
2024-10-16 10:23:56.517: 27 test start:
2024-10-16 10:24:17.441: 27 avg_reward: 227.0
2024-10-16 10:24:17.442: 27 avg_steps: 1067.85
2024-10-16 10:24:17.442: 27 epsilon: 0.1
2024-10-16 10:24:17.442: 27 q: 0.7909415
2024-10-16 10:34:47.294: 28 test start:
2024-10-16 10:35:05.714: 28 avg_reward: 272.0
2024-10-16 10:35:05.714: 28 avg_steps: 936.8
2024-10-16 10:35:05.714: 28 epsilon: 0.1
2024-10-16 10:35:05.714: 28 q: 0.8422487
2024-10-16 10:45:36.311: 29 test start:
2024-10-16 10:46:18.019: 29 avg_reward: 1197.0
2024-10-16 10:46:18.019: 29 avg_steps: 2167.8
2024-10-16 10:46:18.019: 29 epsilon: 0.1
2024-10-16 10:46:18.019: 29 q: 0.85609704
2024-10-16 10:56:48.085: 30 test start:
2024-10-16 10:57:11.646: 30 avg_reward: 497.0
2024-10-16 10:57:11.646: 30 avg_steps: 1215.4
2024-10-16 10:57:11.646: 30 epsilon: 0.1
2024-10-16 10:57:11.646: 30 q: 0.8907732
2024-10-16 11:07:41.051: 31 test start:
2024-10-16 11:07:57.526: 31 avg_reward: 622.0
2024-10-16 11:07:57.526: 31 avg_steps: 838.5
2024-10-16 11:07:57.526: 31 epsilon: 0.1
2024-10-16 11:07:57.526: 31 q: 0.9151714
2024-10-16 11:18:21.423: 32 test start:
2024-10-16 11:18:39.470: 32 avg_reward: 247.0
2024-10-16 11:18:39.471: 32 avg_steps: 992.8
2024-10-16 11:18:39.471: 32 epsilon: 0.1
2024-10-16 11:18:39.471: 32 q: 0.9963697
2024-10-16 11:29:18.187: 33 test start:
2024-10-16 11:29:43.460: 33 avg_reward: 347.0
2024-10-16 11:29:43.460: 33 avg_steps: 1282.2
2024-10-16 11:29:43.460: 33 epsilon: 0.1
2024-10-16 11:29:43.460: 33 q: 1.0668042
2024-10-16 11:40:21.156: 34 test start:
2024-10-16 11:40:35.326: 34 avg_reward: 192.0
2024-10-16 11:40:35.326: 34 avg_steps: 710.3
2024-10-16 11:40:35.326: 34 epsilon: 0.1
2024-10-16 11:40:35.326: 34 q: 1.0802461
2024-10-16 11:51:05.380: 35 test start:
2024-10-16 11:51:29.713: 35 avg_reward: 422.0
2024-10-16 11:51:29.713: 35 avg_steps: 1235.55
2024-10-16 11:51:29.713: 35 epsilon: 0.1
2024-10-16 11:51:29.713: 35 q: 1.1339184
2024-10-16 12:02:02.989: 36 test start:
2024-10-16 12:02:18.097: 36 avg_reward: 667.0
2024-10-16 12:02:18.098: 36 avg_steps: 797.85
2024-10-16 12:02:18.098: 36 epsilon: 0.1
2024-10-16 12:02:18.098: 36 q: 1.17551
2024-10-16 12:12:56.476: 37 test start:
2024-10-16 12:13:14.542: 37 avg_reward: 652.0
2024-10-16 12:13:14.543: 37 avg_steps: 946.15
2024-10-16 12:13:14.543: 37 epsilon: 0.1
2024-10-16 12:13:14.543: 37 q: 1.2789077
2024-10-16 12:23:49.991: 38 test start:
2024-10-16 12:24:09.534: 38 avg_reward: 727.0
2024-10-16 12:24:09.534: 38 avg_steps: 995.35
2024-10-16 12:24:09.534: 38 epsilon: 0.1
2024-10-16 12:24:09.534: 38 q: 1.2961082
2024-10-16 12:34:40.998: 39 test start:
2024-10-16 12:35:17.810: 39 avg_reward: 1307.0
2024-10-16 12:35:17.810: 39 avg_steps: 1864.4
2024-10-16 12:35:17.810: 39 epsilon: 0.1
2024-10-16 12:35:17.810: 39 q: 1.3429352
2024-10-16 12:45:51.995: 40 test start:
2024-10-16 12:46:11.781: 40 avg_reward: 297.0
2024-10-16 12:46:11.781: 40 avg_steps: 987.25
2024-10-16 12:46:11.781: 40 epsilon: 0.1
2024-10-16 12:46:11.781: 40 q: 1.4358262
2024-10-16 12:56:45.762: 41 test start:
2024-10-16 12:57:16.699: 41 avg_reward: 1252.0
2024-10-16 12:57:16.699: 41 avg_steps: 1595.45
2024-10-16 12:57:16.699: 41 epsilon: 0.1
2024-10-16 12:57:16.699: 41 q: 1.4676052
2024-10-16 13:07:44.298: 42 test start:
2024-10-16 13:08:09.886: 42 avg_reward: 1147.0
2024-10-16 13:08:09.886: 42 avg_steps: 1291.65
2024-10-16 13:08:09.886: 42 epsilon: 0.1
2024-10-16 13:08:09.886: 42 q: 1.5195217
2024-10-16 13:18:41.414: 43 test start:
2024-10-16 13:19:16.923: 43 avg_reward: 992.0
2024-10-16 13:19:16.923: 43 avg_steps: 1802.1
2024-10-16 13:19:16.923: 43 epsilon: 0.1
2024-10-16 13:19:16.923: 43 q: 1.5735648
2024-10-16 13:29:44.668: 44 test start:
2024-10-16 13:30:15.061: 44 avg_reward: 1192.0
2024-10-16 13:30:15.061: 44 avg_steps: 1558.85
2024-10-16 13:30:15.062: 44 epsilon: 0.1
2024-10-16 13:30:15.062: 44 q: 1.6504141
2024-10-16 13:40:43.632: 45 test start:
2024-10-16 13:41:08.711: 45 avg_reward: 1362.0
2024-10-16 13:41:08.712: 45 avg_steps: 1268.05
2024-10-16 13:41:08.712: 45 epsilon: 0.1
2024-10-16 13:41:08.712: 45 q: 1.6454625
2024-10-16 13:51:42.047: 46 test start:
2024-10-16 13:52:15.771: 46 avg_reward: 1182.0
2024-10-16 13:52:15.771: 46 avg_steps: 1706.1
2024-10-16 13:52:15.771: 46 epsilon: 0.1
2024-10-16 13:52:15.771: 46 q: 1.6916955
2024-10-16 14:02:44.179: 47 test start:
2024-10-16 14:03:06.380: 47 avg_reward: 1412.0
2024-10-16 14:03:06.380: 47 avg_steps: 1141.85
2024-10-16 14:03:06.380: 47 epsilon: 0.1
2024-10-16 14:03:06.380: 47 q: 1.7298689
2024-10-16 14:13:39.005: 48 test start:
2024-10-16 14:14:00.338: 48 avg_reward: 1267.0
2024-10-16 14:14:00.338: 48 avg_steps: 1132.8
2024-10-16 14:14:00.338: 48 epsilon: 0.1
2024-10-16 14:14:00.338: 48 q: 1.761959
2024-10-16 14:24:33.612: 49 test start:
2024-10-16 14:24:58.536: 49 avg_reward: 1222.0
2024-10-16 14:24:58.536: 49 avg_steps: 1304.9
2024-10-16 14:24:58.536: 49 epsilon: 0.1
2024-10-16 14:24:58.536: 49 q: 1.8172491
2024-10-16 14:35:30.255: 50 test start:
2024-10-16 14:35:54.317: 50 avg_reward: 1342.0
2024-10-16 14:35:54.317: 50 avg_steps: 1255.85
2024-10-16 14:35:54.317: 50 epsilon: 0.1
2024-10-16 14:35:54.317: 50 q: 1.8360097
2024-10-16 14:46:24.125: 51 test start:
2024-10-16 14:46:53.392: 51 avg_reward: 852.0
2024-10-16 14:46:53.392: 51 avg_steps: 1501.2
2024-10-16 14:46:53.392: 51 epsilon: 0.1
2024-10-16 14:46:53.392: 51 q: 1.8969328
2024-10-16 14:57:25.529: 52 test start:
2024-10-16 14:57:53.008: 52 avg_reward: 1367.0
2024-10-16 14:57:53.008: 52 avg_steps: 1413.0
2024-10-16 14:57:53.008: 52 epsilon: 0.1
2024-10-16 14:57:53.008: 52 q: 1.8443601
2024-10-16 15:08:22.220: 53 test start:
2024-10-16 15:09:09.408: 53 avg_reward: 2587.0
2024-10-16 15:09:09.409: 53 avg_steps: 2425.65
2024-10-16 15:09:09.409: 53 epsilon: 0.1
2024-10-16 15:09:09.409: 53 q: 1.8904678
2024-10-16 15:19:31.608: 54 test start:
2024-10-16 15:19:55.623: 54 avg_reward: 1242.0
2024-10-16 15:19:55.623: 54 avg_steps: 1240.35
2024-10-16 15:19:55.624: 54 epsilon: 0.1
2024-10-16 15:19:55.624: 54 q: 1.9100626
2024-10-16 15:30:23.386: 55 test start:
2024-10-16 15:30:52.988: 55 avg_reward: 897.0
2024-10-16 15:30:52.988: 55 avg_steps: 1534.45
2024-10-16 15:30:52.988: 55 epsilon: 0.1
2024-10-16 15:30:52.988: 55 q: 1.9349295
2024-10-16 15:41:27.658: 56 test start:
2024-10-16 15:41:51.981: 56 avg_reward: 1677.0
2024-10-16 15:41:51.982: 56 avg_steps: 1251.25
2024-10-16 15:41:51.982: 56 epsilon: 0.1
2024-10-16 15:41:51.982: 56 q: 1.9380856
2024-10-16 15:52:23.771: 57 test start:
2024-10-16 15:52:56.719: 57 avg_reward: 1722.0
2024-10-16 15:52:56.719: 57 avg_steps: 1704.65
2024-10-16 15:52:56.719: 57 epsilon: 0.1
2024-10-16 15:52:56.719: 57 q: 1.9581312
2024-10-16 16:03:04.102: 58 test start:
2024-10-16 16:03:31.939: 58 avg_reward: 812.0
2024-10-16 16:03:31.939: 58 avg_steps: 1487.5
2024-10-16 16:03:31.939: 58 epsilon: 0.1
2024-10-16 16:03:31.939: 58 q: 1.9640658
2024-10-16 16:13:58.956: 59 test start:
2024-10-16 16:14:28.999: 59 avg_reward: 947.0
2024-10-16 16:14:29.000: 59 avg_steps: 1554.3
2024-10-16 16:14:29.000: 59 epsilon: 0.1
2024-10-16 16:14:29.000: 59 q: 2.01695
2024-10-16 16:24:59.564: 60 test start:
2024-10-16 16:26:24.903: 60 avg_reward: 1387.3
2024-10-16 16:26:24.904: 60 avg_steps: 4493.9
2024-10-16 16:26:24.904: 60 epsilon: 0.1
2024-10-16 16:26:24.904: 60 q: 2.0254664
2024-10-16 16:36:59.950: 61 test start:
2024-10-16 16:37:22.884: 61 avg_reward: 1707.0
2024-10-16 16:37:22.884: 61 avg_steps: 1200.85
2024-10-16 16:37:22.884: 61 epsilon: 0.1
2024-10-16 16:37:22.884: 61 q: 2.0021827
2024-10-16 16:47:50.657: 62 test start:
2024-10-16 16:48:15.180: 62 avg_reward: 2162.0
2024-10-16 16:48:15.180: 62 avg_steps: 1318.05
2024-10-16 16:48:15.180: 62 epsilon: 0.1
2024-10-16 16:48:15.180: 62 q: 2.0317285
2024-10-16 16:58:11.855: 63 test start:
2024-10-16 16:58:32.307: 63 avg_reward: 1112.0
2024-10-16 16:58:32.308: 63 avg_steps: 1089.85
2024-10-16 16:58:32.308: 63 epsilon: 0.1
2024-10-16 16:58:32.308: 63 q: 2.0582645
2024-10-16 17:09:02.254: 64 test start:
2024-10-16 17:09:34.133: 64 avg_reward: 3042.0
2024-10-16 17:09:34.133: 64 avg_steps: 1660.0
2024-10-16 17:09:34.133: 64 epsilon: 0.1
2024-10-16 17:09:34.133: 64 q: 2.0675986
2024-10-16 17:20:01.449: 65 test start:
2024-10-16 17:20:24.469: 65 avg_reward: 1717.0
2024-10-16 17:20:24.469: 65 avg_steps: 1200.15
2024-10-16 17:20:24.469: 65 epsilon: 0.1
2024-10-16 17:20:24.469: 65 q: 2.1006594
2024-10-16 17:30:20.058: 66 test start:
2024-10-16 17:30:49.199: 66 avg_reward: 2507.0
2024-10-16 17:30:49.199: 66 avg_steps: 1574.05
2024-10-16 17:30:49.199: 66 epsilon: 0.1
2024-10-16 17:30:49.199: 66 q: 2.1413672
2024-10-16 17:41:21.666: 67 test start:
2024-10-16 17:41:48.205: 67 avg_reward: 1467.0
2024-10-16 17:41:48.205: 67 avg_steps: 1416.6
2024-10-16 17:41:48.205: 67 epsilon: 0.1
2024-10-16 17:41:48.205: 67 q: 2.148868
2024-10-16 17:52:05.361: 68 test start:
2024-10-16 17:52:36.246: 68 avg_reward: 2957.0
2024-10-16 17:52:36.246: 68 avg_steps: 1618.3
2024-10-16 17:52:36.246: 68 epsilon: 0.1
2024-10-16 17:52:36.246: 68 q: 2.2071111
2024-10-16 18:02:46.362: 69 test start:
2024-10-16 18:03:19.033: 69 avg_reward: 1737.0
2024-10-16 18:03:19.034: 69 avg_steps: 1783.6
2024-10-16 18:03:19.034: 69 epsilon: 0.1
2024-10-16 18:03:19.034: 69 q: 2.2394693
2024-10-16 18:13:53.669: 70 test start:
2024-10-16 18:14:26.006: 70 avg_reward: 1062.0
2024-10-16 18:14:26.007: 70 avg_steps: 1724.65
2024-10-16 18:14:26.007: 70 epsilon: 0.1
2024-10-16 18:14:26.007: 70 q: 2.2562726
2024-10-16 18:24:27.896: 71 test start:
2024-10-16 18:25:03.232: 71 avg_reward: 3182.0
2024-10-16 18:25:03.233: 71 avg_steps: 1855.2
2024-10-16 18:25:03.233: 71 epsilon: 0.1
2024-10-16 18:25:03.233: 71 q: 2.34291
2024-10-16 18:35:30.739: 72 test start:
2024-10-16 18:36:00.274: 72 avg_reward: 2882.0
2024-10-16 18:36:00.274: 72 avg_steps: 1538.0
2024-10-16 18:36:00.274: 72 epsilon: 0.1
2024-10-16 18:36:00.274: 72 q: 2.344494
2024-10-16 18:46:28.700: 73 test start:
2024-10-16 18:46:54.850: 73 avg_reward: 2287.0
2024-10-16 18:46:54.850: 73 avg_steps: 1398.05
2024-10-16 18:46:54.850: 73 epsilon: 0.1
2024-10-16 18:46:54.850: 73 q: 2.3707771
2024-10-16 18:56:58.104: 74 test start:
2024-10-16 18:57:22.238: 74 avg_reward: 1767.0
2024-10-16 18:57:22.238: 74 avg_steps: 1240.7
2024-10-16 18:57:22.238: 74 epsilon: 0.1
2024-10-16 18:57:22.238: 74 q: 2.3802085
2024-10-16 19:07:45.877: 75 test start:
2024-10-16 19:08:15.678: 75 avg_reward: 2757.0
2024-10-16 19:08:15.678: 75 avg_steps: 1586.95
2024-10-16 19:08:15.678: 75 epsilon: 0.1
2024-10-16 19:08:15.678: 75 q: 2.4203026
2024-10-16 19:18:31.372: 76 test start:
2024-10-16 19:18:58.648: 76 avg_reward: 2067.0
2024-10-16 19:18:58.648: 76 avg_steps: 1413.9
2024-10-16 19:18:58.648: 76 epsilon: 0.1
2024-10-16 19:18:58.648: 76 q: 2.4169543
2024-10-16 19:29:05.778: 77 test start:
2024-10-16 19:29:37.128: 77 avg_reward: 2492.0
2024-10-16 19:29:37.129: 77 avg_steps: 1675.8
2024-10-16 19:29:37.129: 77 epsilon: 0.1
2024-10-16 19:29:37.129: 77 q: 2.4268415
2024-10-16 19:40:09.677: 78 test start:
2024-10-16 19:40:31.353: 78 avg_reward: 1457.0
2024-10-16 19:40:31.353: 78 avg_steps: 1127.9
2024-10-16 19:40:31.353: 78 epsilon: 0.1
2024-10-16 19:40:31.354: 78 q: 2.3934991
2024-10-16 19:50:30.247: 79 test start:
2024-10-16 19:51:01.114: 79 avg_reward: 2372.0
2024-10-16 19:51:01.115: 79 avg_steps: 1600.0
2024-10-16 19:51:01.115: 79 epsilon: 0.1
2024-10-16 19:51:01.115: 79 q: 2.4700544
2024-10-16 20:01:25.847: 80 test start:
2024-10-16 20:01:54.312: 80 avg_reward: 1942.0
2024-10-16 20:01:54.313: 80 avg_steps: 1513.3
2024-10-16 20:01:54.313: 80 epsilon: 0.1
2024-10-16 20:01:54.313: 80 q: 2.455105
2024-10-16 20:12:09.721: 81 test start:
2024-10-16 20:12:45.128: 81 avg_reward: 3202.0
2024-10-16 20:12:45.129: 81 avg_steps: 1832.2
2024-10-16 20:12:45.129: 81 epsilon: 0.1
2024-10-16 20:12:45.129: 81 q: 2.5219975
2024-10-16 20:23:01.186: 82 test start:
2024-10-16 20:23:23.605: 82 avg_reward: 2302.0
2024-10-16 20:23:23.605: 82 avg_steps: 1232.35
2024-10-16 20:23:23.605: 82 epsilon: 0.1
2024-10-16 20:23:23.605: 82 q: 2.5662441
2024-10-16 20:33:44.825: 83 test start:
2024-10-16 20:34:07.016: 83 avg_reward: 2377.0
2024-10-16 20:34:07.016: 83 avg_steps: 1192.0
2024-10-16 20:34:07.021: 83 epsilon: 0.1
2024-10-16 20:34:07.022: 83 q: 2.564459
2024-10-16 20:44:14.976: 84 test start:
2024-10-16 20:44:42.441: 84 avg_reward: 2687.0
2024-10-16 20:44:42.441: 84 avg_steps: 1482.15
2024-10-16 20:44:42.441: 84 epsilon: 0.1
2024-10-16 20:44:42.441: 84 q: 2.580205
2024-10-16 20:55:11.023: 85 test start:
2024-10-16 20:55:45.653: 85 avg_reward: 4377.0
2024-10-16 20:55:45.653: 85 avg_steps: 1804.95
2024-10-16 20:55:45.653: 85 epsilon: 0.1
2024-10-16 20:55:45.653: 85 q: 2.5720167
2024-10-16 21:05:41.477: 86 test start:
2024-10-16 21:06:19.248: 86 avg_reward: 2397.0
2024-10-16 21:06:19.249: 86 avg_steps: 1957.75
2024-10-16 21:06:19.249: 86 epsilon: 0.1
2024-10-16 21:06:19.249: 86 q: 2.554798
2024-10-16 21:16:52.150: 87 test start:
2024-10-16 21:17:19.219: 87 avg_reward: 2452.0
2024-10-16 21:17:19.219: 87 avg_steps: 1444.5
2024-10-16 21:17:19.219: 87 epsilon: 0.1
2024-10-16 21:17:19.219: 87 q: 2.5059657
2024-10-16 21:27:20.751: 88 test start:
2024-10-16 21:27:44.341: 88 avg_reward: 542.0
2024-10-16 21:27:44.341: 88 avg_steps: 1210.5
2024-10-16 21:27:44.341: 88 epsilon: 0.1
2024-10-16 21:27:44.341: 88 q: 2.50037
2024-10-16 21:38:22.580: 89 test start:
2024-10-16 21:38:54.730: 89 avg_reward: 3862.0
2024-10-16 21:38:54.731: 89 avg_steps: 1693.95
2024-10-16 21:38:54.731: 89 epsilon: 0.1
2024-10-16 21:38:54.731: 89 q: 2.5225902
2024-10-16 21:49:28.637: 90 test start:
2024-10-16 21:50:17.628: 90 avg_reward: 2407.05
2024-10-16 21:50:17.628: 90 avg_steps: 2535.9
2024-10-16 21:50:17.628: 90 epsilon: 0.1
2024-10-16 21:50:17.628: 90 q: 2.5182657
2024-10-16 22:00:41.018: 91 test start:
2024-10-16 22:01:07.213: 91 avg_reward: 1812.0
2024-10-16 22:01:07.214: 91 avg_steps: 1386.9
2024-10-16 22:01:07.214: 91 epsilon: 0.1
2024-10-16 22:01:07.214: 91 q: 2.4988647
2024-10-16 22:11:51.775: 92 test start:
2024-10-16 22:12:20.031: 92 avg_reward: 2982.0
2024-10-16 22:12:20.031: 92 avg_steps: 1452.75
2024-10-16 22:12:20.031: 92 epsilon: 0.1
2024-10-16 22:12:20.031: 92 q: 2.4906776
2024-10-16 22:22:24.171: 93 test start:
2024-10-16 22:22:47.831: 93 avg_reward: 1817.0
2024-10-16 22:22:47.832: 93 avg_steps: 1204.15
2024-10-16 22:22:47.832: 93 epsilon: 0.1
2024-10-16 22:22:47.832: 93 q: 2.5311852
2024-10-16 22:33:24.779: 94 test start:
2024-10-16 22:33:46.524: 94 avg_reward: 3282.0
2024-10-16 22:33:46.524: 94 avg_steps: 1141.9
2024-10-16 22:33:46.524: 94 epsilon: 0.1
2024-10-16 22:33:46.524: 94 q: 2.533102
2024-10-16 22:43:58.624: 95 test start:
2024-10-16 22:44:20.134: 95 avg_reward: 2027.0
2024-10-16 22:44:20.134: 95 avg_steps: 1094.65
2024-10-16 22:44:20.134: 95 epsilon: 0.1
2024-10-16 22:44:20.134: 95 q: 2.538876
2024-10-16 22:55:08.776: 96 test start:
2024-10-16 22:55:41.933: 96 avg_reward: 5032.0
2024-10-16 22:55:41.933: 96 avg_steps: 1744.25
2024-10-16 22:55:41.933: 96 epsilon: 0.1
2024-10-16 22:55:41.933: 96 q: 2.602272
2024-10-16 23:06:25.538: 97 test start:
2024-10-16 23:06:51.746: 97 avg_reward: 1917.0
2024-10-16 23:06:51.746: 97 avg_steps: 1335.35
2024-10-16 23:06:51.747: 97 epsilon: 0.1
2024-10-16 23:06:51.747: 97 q: 2.5587392
2024-10-16 23:17:34.592: 98 test start:
2024-10-16 23:18:00.111: 98 avg_reward: 3947.0
2024-10-16 23:18:00.111: 98 avg_steps: 1353.35
2024-10-16 23:18:00.111: 98 epsilon: 0.1
2024-10-16 23:18:00.111: 98 q: 2.5145454
2024-10-16 23:28:51.739: 99 test start:
2024-10-16 23:29:20.974: 99 avg_reward: 3477.0
2024-10-16 23:29:20.974: 99 avg_steps: 1473.7
2024-10-16 23:29:20.974: 99 epsilon: 0.1
2024-10-16 23:29:20.974: 99 q: 2.4567611
2024-10-16 23:39:43.228: 100 test start:
2024-10-16 23:40:04.782: 100 avg_reward: 1267.0
2024-10-16 23:40:04.782: 100 avg_steps: 1126.25
2024-10-16 23:40:04.788: 100 epsilon: 0.1
2024-10-16 23:40:04.788: 100 q: 2.4327335
2024-10-16 23:50:57.613: 101 test start:
2024-10-16 23:51:25.228: 101 avg_reward: 2877.0
2024-10-16 23:51:25.229: 101 avg_steps: 1414.4
2024-10-16 23:51:25.229: 101 epsilon: 0.1
2024-10-16 23:51:25.229: 101 q: 2.4183588
2024-10-17 00:01:42.288: 102 test start:
2024-10-17 00:02:10.504: 102 avg_reward: 2837.0
2024-10-17 00:02:10.505: 102 avg_steps: 1427.8
2024-10-17 00:02:10.505: 102 epsilon: 0.1
2024-10-17 00:02:10.505: 102 q: 2.4091666
2024-10-17 00:12:55.337: 103 test start:
2024-10-17 00:13:27.093: 103 avg_reward: 4422.0
2024-10-17 00:13:27.094: 103 avg_steps: 1667.5
2024-10-17 00:13:27.094: 103 epsilon: 0.1
2024-10-17 00:13:27.094: 103 q: 2.460028
2024-10-17 00:23:43.956: 104 test start:
2024-10-17 00:24:05.148: 104 avg_reward: 2477.0
2024-10-17 00:24:05.148: 104 avg_steps: 1091.25
2024-10-17 00:24:05.160: 104 epsilon: 0.1
2024-10-17 00:24:05.161: 104 q: 2.491156
2024-10-17 00:34:23.098: 105 test start:
2024-10-17 00:34:51.013: 105 avg_reward: 3407.0
2024-10-17 00:34:51.013: 105 avg_steps: 1484.05
2024-10-17 00:34:51.013: 105 epsilon: 0.1
2024-10-17 00:34:51.013: 105 q: 2.511696
2024-10-17 00:45:10.370: 106 test start:
2024-10-17 00:45:41.112: 106 avg_reward: 4032.0
2024-10-17 00:45:41.113: 106 avg_steps: 1541.55
2024-10-17 00:45:41.113: 106 epsilon: 0.1
2024-10-17 00:45:41.113: 106 q: 2.50756
2024-10-17 00:56:07.372: 107 test start:
2024-10-17 00:56:33.607: 107 avg_reward: 2967.0
2024-10-17 00:56:33.607: 107 avg_steps: 1368.0
2024-10-17 00:56:33.607: 107 epsilon: 0.1
2024-10-17 00:56:33.607: 107 q: 2.4972513
2024-10-17 01:07:20.158: 108 test start:
2024-10-17 01:07:47.944: 108 avg_reward: 3472.0
2024-10-17 01:07:47.944: 108 avg_steps: 1422.35
2024-10-17 01:07:47.944: 108 epsilon: 0.1
2024-10-17 01:07:47.944: 108 q: 2.475922
2024-10-17 01:18:17.570: 109 test start:
2024-10-17 01:18:50.403: 109 avg_reward: 4152.0
2024-10-17 01:18:50.404: 109 avg_steps: 1693.8
2024-10-17 01:18:50.404: 109 epsilon: 0.1
2024-10-17 01:18:50.404: 109 q: 2.4846904
2024-10-17 01:29:37.035: 110 test start:
2024-10-17 01:30:08.718: 110 avg_reward: 4637.0
2024-10-17 01:30:08.718: 110 avg_steps: 1703.8
2024-10-17 01:30:08.724: 110 epsilon: 0.1
2024-10-17 01:30:08.724: 110 q: 2.4613154
2024-10-17 01:40:43.331: 111 test start:
2024-10-17 01:41:18.949: 111 avg_reward: 4192.0
2024-10-17 01:41:18.949: 111 avg_steps: 1888.25
2024-10-17 01:41:18.949: 111 epsilon: 0.1
2024-10-17 01:41:18.949: 111 q: 2.5107818
2024-10-17 01:51:55.309: 112 test start:
2024-10-17 01:52:26.767: 112 avg_reward: 2172.0
2024-10-17 01:52:26.767: 112 avg_steps: 1714.8
2024-10-17 01:52:26.767: 112 epsilon: 0.1
2024-10-17 01:52:26.768: 112 q: 2.5138638
2024-10-17 02:03:12.374: 113 test start:
2024-10-17 02:03:40.039: 113 avg_reward: 3592.0
2024-10-17 02:03:40.039: 113 avg_steps: 1464.25
2024-10-17 02:03:40.039: 113 epsilon: 0.1
2024-10-17 02:03:40.039: 113 q: 2.478079
2024-10-17 02:14:02.149: 114 test start:
2024-10-17 02:14:36.021: 114 avg_reward: 5672.0
2024-10-17 02:14:36.021: 114 avg_steps: 1815.0
2024-10-17 02:14:36.021: 114 epsilon: 0.1
2024-10-17 02:14:36.021: 114 q: 2.46352
2024-10-17 02:25:30.346: 115 test start:
2024-10-17 02:25:57.437: 115 avg_reward: 3257.0
2024-10-17 02:25:57.437: 115 avg_steps: 1439.7
2024-10-17 02:25:57.437: 115 epsilon: 0.1
2024-10-17 02:25:57.437: 115 q: 2.4834814
2024-10-17 02:36:19.039: 116 test start:
2024-10-17 02:36:49.970: 116 avg_reward: 2267.0
2024-10-17 02:36:49.970: 116 avg_steps: 1612.8
2024-10-17 02:36:49.970: 116 epsilon: 0.1
2024-10-17 02:36:49.970: 116 q: 2.4798622
2024-10-17 02:47:32.131: 117 test start:
2024-10-17 02:48:04.089: 117 avg_reward: 3697.0
2024-10-17 02:48:04.089: 117 avg_steps: 1696.85
2024-10-17 02:48:04.089: 117 epsilon: 0.1
2024-10-17 02:48:04.089: 117 q: 2.5098343
2024-10-17 02:58:34.633: 118 test start:
2024-10-17 02:59:08.064: 118 avg_reward: 1892.0
2024-10-17 02:59:08.064: 118 avg_steps: 1710.4
2024-10-17 02:59:08.064: 118 epsilon: 0.1
2024-10-17 02:59:08.064: 118 q: 2.519555
2024-10-17 03:09:37.558: 119 test start:
2024-10-17 03:10:05.997: 119 avg_reward: 3587.0
2024-10-17 03:10:05.997: 119 avg_steps: 1481.8
2024-10-17 03:10:05.997: 119 epsilon: 0.1
2024-10-17 03:10:05.997: 119 q: 2.541548
2024-10-17 03:20:45.556: 120 test start:
2024-10-17 03:21:40.214: 120 avg_reward: 3957.05
2024-10-17 03:21:40.215: 120 avg_steps: 2793.4
2024-10-17 03:21:40.215: 120 epsilon: 0.1
2024-10-17 03:21:40.215: 120 q: 2.5827856
2024-10-17 03:31:50.449: 121 test start:
2024-10-17 03:32:18.435: 121 avg_reward: 2397.0
2024-10-17 03:32:18.435: 121 avg_steps: 1439.35
2024-10-17 03:32:18.435: 121 epsilon: 0.1
2024-10-17 03:32:18.435: 121 q: 2.51068
2024-10-17 03:43:06.578: 122 test start:
2024-10-17 03:43:35.967: 122 avg_reward: 3372.0
2024-10-17 03:43:35.967: 122 avg_steps: 1566.2
2024-10-17 03:43:35.967: 122 epsilon: 0.1
2024-10-17 03:43:35.967: 122 q: 2.4979236
2024-10-17 03:53:47.038: 123 test start:
2024-10-17 03:54:12.748: 123 avg_reward: 3147.0
2024-10-17 03:54:12.748: 123 avg_steps: 1345.3
2024-10-17 03:54:12.748: 123 epsilon: 0.1
2024-10-17 03:54:12.748: 123 q: 2.4969628
2024-10-17 04:04:50.150: 124 test start:
2024-10-17 04:05:16.980: 124 avg_reward: 3357.0
2024-10-17 04:05:16.980: 124 avg_steps: 1424.75
2024-10-17 04:05:16.980: 124 epsilon: 0.1
2024-10-17 04:05:16.981: 124 q: 2.50475
2024-10-17 04:15:35.194: 125 test start:
2024-10-17 04:16:00.931: 125 avg_reward: 1702.0
2024-10-17 04:16:00.931: 125 avg_steps: 1315.7
2024-10-17 04:16:00.932: 125 epsilon: 0.1
2024-10-17 04:16:00.932: 125 q: 2.510813
2024-10-17 04:26:18.446: 126 test start:
2024-10-17 04:26:51.668: 126 avg_reward: 4487.0
2024-10-17 04:26:51.669: 126 avg_steps: 1759.75
2024-10-17 04:26:51.669: 126 epsilon: 0.1
2024-10-17 04:26:51.669: 126 q: 2.5176528
2024-10-17 04:37:14.271: 127 test start:
2024-10-17 04:37:48.862: 127 avg_reward: 4437.0
2024-10-17 04:37:48.862: 127 avg_steps: 1790.5
2024-10-17 04:37:48.862: 127 epsilon: 0.1
2024-10-17 04:37:48.862: 127 q: 2.479944
2024-10-17 04:47:57.852: 128 test start:
2024-10-17 04:48:36.202: 128 avg_reward: 4782.0
2024-10-17 04:48:36.202: 128 avg_steps: 2041.85
2024-10-17 04:48:36.202: 128 epsilon: 0.1
2024-10-17 04:48:36.202: 128 q: 2.502142
2024-10-17 04:59:08.440: 129 test start:
2024-10-17 04:59:47.709: 129 avg_reward: 6077.0
2024-10-17 04:59:47.709: 129 avg_steps: 2025.0
2024-10-17 04:59:47.709: 129 epsilon: 0.1
2024-10-17 04:59:47.709: 129 q: 2.5081549
2024-10-17 05:09:50.429: 130 test start:
2024-10-17 05:10:11.768: 130 avg_reward: 1157.0
2024-10-17 05:10:11.768: 130 avg_steps: 1093.45
2024-10-17 05:10:11.768: 130 epsilon: 0.1
2024-10-17 05:10:11.768: 130 q: 2.589544
2024-10-17 05:20:40.538: 131 test start:
2024-10-17 05:21:06.902: 131 avg_reward: 3532.0
2024-10-17 05:21:06.902: 131 avg_steps: 1407.65
2024-10-17 05:21:06.902: 131 epsilon: 0.1
2024-10-17 05:21:06.902: 131 q: 2.6417468
2024-10-17 05:31:12.284: 132 test start:
2024-10-17 05:31:38.088: 132 avg_reward: 3032.0
2024-10-17 05:31:38.088: 132 avg_steps: 1378.2
2024-10-17 05:31:38.088: 132 epsilon: 0.1
2024-10-17 05:31:38.089: 132 q: 2.6634748
2024-10-17 05:42:13.667: 133 test start:
2024-10-17 05:42:41.042: 133 avg_reward: 4177.0
2024-10-17 05:42:41.042: 133 avg_steps: 1508.25
2024-10-17 05:42:41.042: 133 epsilon: 0.1
2024-10-17 05:42:41.042: 133 q: 2.7212524
2024-10-17 05:52:47.239: 134 test start:
2024-10-17 05:53:18.325: 134 avg_reward: 5032.0
2024-10-17 05:53:18.325: 134 avg_steps: 1628.45
2024-10-17 05:53:18.325: 134 epsilon: 0.1
2024-10-17 05:53:18.325: 134 q: 2.7439322
2024-10-17 06:03:36.125: 135 test start:
2024-10-17 06:04:01.870: 135 avg_reward: 2262.0
2024-10-17 06:04:01.870: 135 avg_steps: 1409.4
2024-10-17 06:04:01.870: 135 epsilon: 0.1
2024-10-17 06:04:01.870: 135 q: 2.7437258
2024-10-17 06:14:29.997: 136 test start:
2024-10-17 06:14:56.763: 136 avg_reward: 4607.0
2024-10-17 06:14:56.763: 136 avg_steps: 1419.7
2024-10-17 06:14:56.763: 136 epsilon: 0.1
2024-10-17 06:14:56.763: 136 q: 2.750977
2024-10-17 06:25:13.070: 137 test start:
2024-10-17 06:25:42.744: 137 avg_reward: 3767.0
2024-10-17 06:25:42.745: 137 avg_steps: 1577.75
2024-10-17 06:25:42.745: 137 epsilon: 0.1
2024-10-17 06:25:42.745: 137 q: 2.817436
2024-10-17 06:36:08.924: 138 test start:
2024-10-17 06:36:40.188: 138 avg_reward: 5702.0
2024-10-17 06:36:40.188: 138 avg_steps: 1623.45
2024-10-17 06:36:40.188: 138 epsilon: 0.1
2024-10-17 06:36:40.188: 138 q: 2.814413
2024-10-17 06:46:37.446: 139 test start:
2024-10-17 06:47:08.874: 139 avg_reward: 4032.0
2024-10-17 06:47:08.874: 139 avg_steps: 1655.05
2024-10-17 06:47:08.874: 139 epsilon: 0.1
2024-10-17 06:47:08.874: 139 q: 2.838982
2024-10-17 06:57:43.218: 140 test start:
2024-10-17 06:58:17.555: 140 avg_reward: 3592.0
2024-10-17 06:58:17.556: 140 avg_steps: 1809.55
2024-10-17 06:58:17.556: 140 epsilon: 0.1
2024-10-17 06:58:17.556: 140 q: 2.8258188
2024-10-17 07:08:13.647: 141 test start:
2024-10-17 07:08:50.369: 141 avg_reward: 7312.0
2024-10-17 07:08:50.369: 141 avg_steps: 1881.05
2024-10-17 07:08:50.369: 141 epsilon: 0.1
2024-10-17 07:08:50.369: 141 q: 2.8691988
2024-10-17 07:19:12.325: 142 test start:
2024-10-17 07:19:42.066: 142 avg_reward: 4402.0
2024-10-17 07:19:42.066: 142 avg_steps: 1584.6
2024-10-17 07:19:42.066: 142 epsilon: 0.1
2024-10-17 07:19:42.067: 142 q: 2.881335
2024-10-17 07:29:50.619: 143 test start:
2024-10-17 07:30:22.757: 143 avg_reward: 5707.0
2024-10-17 07:30:22.757: 143 avg_steps: 1649.0
2024-10-17 07:30:22.758: 143 epsilon: 0.1
2024-10-17 07:30:22.758: 143 q: 2.9403603
2024-10-17 07:40:39.410: 144 test start:
2024-10-17 07:41:03.999: 144 avg_reward: 3042.0
2024-10-17 07:41:03.999: 144 avg_steps: 1299.05
2024-10-17 07:41:03.999: 144 epsilon: 0.1
2024-10-17 07:41:03.999: 144 q: 2.93149
2024-10-17 07:51:15.347: 145 test start:
2024-10-17 07:51:45.451: 145 avg_reward: 4042.0
2024-10-17 07:51:45.451: 145 avg_steps: 1546.75
2024-10-17 07:51:45.451: 145 epsilon: 0.1
2024-10-17 07:51:45.451: 145 q: 2.9508593
2024-10-17 08:01:50.090: 146 test start:
2024-10-17 08:02:25.586: 146 avg_reward: 6282.0
2024-10-17 08:02:25.586: 146 avg_steps: 1867.9
2024-10-17 08:02:25.586: 146 epsilon: 0.1
2024-10-17 08:02:25.586: 146 q: 2.9194827
2024-10-17 08:12:51.010: 147 test start:
2024-10-17 08:13:25.658: 147 avg_reward: 5547.0
2024-10-17 08:13:25.658: 147 avg_steps: 1780.55
2024-10-17 08:13:25.659: 147 epsilon: 0.1
2024-10-17 08:13:25.659: 147 q: 2.9588284
2024-10-17 08:23:23.804: 148 test start:
2024-10-17 08:23:55.666: 148 avg_reward: 4262.0
2024-10-17 08:23:55.666: 148 avg_steps: 1654.5
2024-10-17 08:23:55.666: 148 epsilon: 0.1
2024-10-17 08:23:55.667: 148 q: 2.9139652
2024-10-17 08:34:29.740: 149 test start:
2024-10-17 08:35:01.505: 149 avg_reward: 3007.0
2024-10-17 08:35:01.506: 149 avg_steps: 1673.1
2024-10-17 08:35:01.506: 149 epsilon: 0.1
2024-10-17 08:35:01.506: 149 q: 2.9416392
2024-10-17 08:44:57.947: 150 test start:
2024-10-17 08:45:30.001: 150 avg_reward: 3502.0
2024-10-17 08:45:30.001: 150 avg_steps: 1623.95
2024-10-17 08:45:30.001: 150 epsilon: 0.1
2024-10-17 08:45:30.001: 150 q: 2.936417
2024-10-17 08:56:05.642: 151 test start:
2024-10-17 08:56:40.462: 151 avg_reward: 2507.0
2024-10-17 08:56:40.462: 151 avg_steps: 1836.5
2024-10-17 08:56:40.463: 151 epsilon: 0.1
2024-10-17 08:56:40.463: 151 q: 2.9706533
2024-10-17 09:07:01.544: 152 test start:
2024-10-17 09:07:37.580: 152 avg_reward: 6157.0
2024-10-17 09:07:37.580: 152 avg_steps: 1849.15
2024-10-17 09:07:37.580: 152 epsilon: 0.1
2024-10-17 09:07:37.580: 152 q: 3.0160244
2024-10-17 09:17:59.772: 153 test start:
2024-10-17 09:18:23.657: 153 avg_reward: 3377.0
2024-10-17 09:18:23.657: 153 avg_steps: 1256.95
2024-10-17 09:18:23.657: 153 epsilon: 0.1
2024-10-17 09:18:23.657: 153 q: 2.956496
2024-10-17 09:28:47.449: 154 test start:
2024-10-17 09:29:17.088: 154 avg_reward: 2942.0
2024-10-17 09:29:17.088: 154 avg_steps: 1521.15
2024-10-17 09:29:17.089: 154 epsilon: 0.1
2024-10-17 09:29:17.089: 154 q: 2.9308379
2024-10-17 09:39:36.752: 155 test start:
2024-10-17 09:40:10.091: 155 avg_reward: 7157.0
2024-10-17 09:40:10.091: 155 avg_steps: 1796.65
2024-10-17 09:40:10.091: 155 epsilon: 0.1
2024-10-17 09:40:10.091: 155 q: 2.9603364
2024-10-17 09:50:39.991: 156 test start:
2024-10-17 09:51:06.197: 156 avg_reward: 3222.0
2024-10-17 09:51:06.197: 156 avg_steps: 1379.75
2024-10-17 09:51:06.197: 156 epsilon: 0.1
2024-10-17 09:51:06.198: 156 q: 2.937848
2024-10-17 10:01:08.180: 157 test start:
2024-10-17 10:01:40.414: 157 avg_reward: 5342.0
2024-10-17 10:01:40.414: 157 avg_steps: 1701.7
2024-10-17 10:01:40.414: 157 epsilon: 0.1
2024-10-17 10:01:40.414: 157 q: 2.9880521
2024-10-17 10:12:09.468: 158 test start:
2024-10-17 10:12:35.938: 158 avg_reward: 3182.0
2024-10-17 10:12:35.938: 158 avg_steps: 1385.55
2024-10-17 10:12:35.938: 158 epsilon: 0.1
2024-10-17 10:12:35.938: 158 q: 2.9643843
2024-10-17 10:22:42.577: 159 test start:
2024-10-17 10:23:18.420: 159 avg_reward: 6977.0
2024-10-17 10:23:18.420: 159 avg_steps: 1836.2
2024-10-17 10:23:18.420: 159 epsilon: 0.1
2024-10-17 10:23:18.420: 159 q: 2.9553032
2024-10-17 10:33:47.688: 160 test start:
2024-10-17 10:34:22.799: 160 avg_reward: 6522.0
2024-10-17 10:34:22.799: 160 avg_steps: 1840.35
2024-10-17 10:34:22.799: 160 epsilon: 0.1
2024-10-17 10:34:22.799: 160 q: 2.9633017
2024-10-17 10:44:42.453: 161 test start:
2024-10-17 10:45:09.587: 161 avg_reward: 1507.0
2024-10-17 10:45:09.587: 161 avg_steps: 1368.5
2024-10-17 10:45:09.587: 161 epsilon: 0.1
2024-10-17 10:45:09.587: 161 q: 2.9943576
2024-10-17 10:55:27.044: 162 test start:
2024-10-17 10:56:02.565: 162 avg_reward: 6112.0
2024-10-17 10:56:02.565: 162 avg_steps: 1843.3
2024-10-17 10:56:02.565: 162 epsilon: 0.1
2024-10-17 10:56:02.565: 162 q: 3.0050986
2024-10-17 11:06:28.858: 163 test start:
2024-10-17 11:06:54.219: 163 avg_reward: 3547.0
2024-10-17 11:06:54.219: 163 avg_steps: 1294.55
2024-10-17 11:06:54.219: 163 epsilon: 0.1
2024-10-17 11:06:54.219: 163 q: 3.077207
2024-10-17 11:17:04.865: 164 test start:
2024-10-17 11:17:40.140: 164 avg_reward: 6712.0
2024-10-17 11:17:40.140: 164 avg_steps: 1854.75
2024-10-17 11:17:40.141: 164 epsilon: 0.1
2024-10-17 11:17:40.141: 164 q: 3.0518553
2024-10-17 11:28:08.964: 165 test start:
2024-10-17 11:28:49.862: 165 avg_reward: 8527.0
2024-10-17 11:28:49.862: 165 avg_steps: 2094.4
2024-10-17 11:28:49.862: 165 epsilon: 0.1
2024-10-17 11:28:49.862: 165 q: 3.061185
2024-10-17 11:38:47.798: 166 test start:
2024-10-17 11:39:24.828: 166 avg_reward: 4827.0
2024-10-17 11:39:24.828: 166 avg_steps: 1878.95
2024-10-17 11:39:24.828: 166 epsilon: 0.1
2024-10-17 11:39:24.828: 166 q: 3.129844
2024-10-17 11:49:50.823: 167 test start:
2024-10-17 11:50:26.387: 167 avg_reward: 8082.0
2024-10-17 11:50:26.388: 167 avg_steps: 1872.9
2024-10-17 11:50:26.388: 167 epsilon: 0.1
2024-10-17 11:50:26.388: 167 q: 3.1298337
2024-10-17 12:00:31.520: 168 test start:
2024-10-17 12:01:04.321: 168 avg_reward: 6417.0
2024-10-17 12:01:04.322: 168 avg_steps: 1670.65
2024-10-17 12:01:04.322: 168 epsilon: 0.1
2024-10-17 12:01:04.322: 168 q: 3.1380517
2024-10-17 12:11:32.404: 169 test start:
2024-10-17 12:12:04.113: 169 avg_reward: 5077.0
2024-10-17 12:12:04.113: 169 avg_steps: 1661.55
2024-10-17 12:12:04.113: 169 epsilon: 0.1
2024-10-17 12:12:04.113: 169 q: 3.12207
2024-10-17 12:22:27.653: 170 test start:
2024-10-17 12:23:02.573: 170 avg_reward: 6752.0
2024-10-17 12:23:02.573: 170 avg_steps: 1779.35
2024-10-17 12:23:02.573: 170 epsilon: 0.1
2024-10-17 12:23:02.573: 170 q: 3.116851
2024-10-17 12:33:22.130: 171 test start:
2024-10-17 12:33:59.140: 171 avg_reward: 8842.0
2024-10-17 12:33:59.141: 171 avg_steps: 1981.75
2024-10-17 12:33:59.141: 171 epsilon: 0.1
2024-10-17 12:33:59.141: 171 q: 3.1292412
2024-10-17 12:44:23.709: 172 test start:
2024-10-17 12:45:02.871: 172 avg_reward: 8147.0
2024-10-17 12:45:02.872: 172 avg_steps: 2025.7
2024-10-17 12:45:02.872: 172 epsilon: 0.1
2024-10-17 12:45:02.872: 172 q: 3.1202235
2024-10-17 12:55:05.966: 173 test start:
2024-10-17 12:55:39.935: 173 avg_reward: 6187.0
2024-10-17 12:55:39.936: 173 avg_steps: 1792.5
2024-10-17 12:55:39.936: 173 epsilon: 0.1
2024-10-17 12:55:39.936: 173 q: 3.090705
2024-10-17 13:06:14.425: 174 test start:
2024-10-17 13:06:47.342: 174 avg_reward: 6567.0
2024-10-17 13:06:47.342: 174 avg_steps: 1710.5
2024-10-17 13:06:47.343: 174 epsilon: 0.1
2024-10-17 13:06:47.343: 174 q: 3.103355
2024-10-17 13:16:52.299: 175 test start:
2024-10-17 13:17:23.662: 175 avg_reward: 5917.0
2024-10-17 13:17:23.662: 175 avg_steps: 1622.65
2024-10-17 13:17:23.662: 175 epsilon: 0.1
2024-10-17 13:17:23.662: 175 q: 3.103965
2024-10-17 13:27:47.231: 176 test start:
2024-10-17 13:28:18.386: 176 avg_reward: 5307.0
2024-10-17 13:28:18.386: 176 avg_steps: 1659.15
2024-10-17 13:28:18.386: 176 epsilon: 0.1
2024-10-17 13:28:18.386: 176 q: 3.0654502
2024-10-17 13:38:28.435: 177 test start:
2024-10-17 13:39:07.298: 177 avg_reward: 7707.0
2024-10-17 13:39:07.299: 177 avg_steps: 2050.8
2024-10-17 13:39:07.299: 177 epsilon: 0.1
2024-10-17 13:39:07.299: 177 q: 3.0244188
2024-10-17 13:49:26.202: 178 test start:
2024-10-17 13:49:55.956: 178 avg_reward: 4652.0
2024-10-17 13:49:55.957: 178 avg_steps: 1628.25
2024-10-17 13:49:55.957: 178 epsilon: 0.1
2024-10-17 13:49:55.957: 178 q: 3.019065
2024-10-17 14:00:13.536: 179 test start:
2024-10-17 14:00:46.275: 179 avg_reward: 4492.0
2024-10-17 14:00:46.276: 179 avg_steps: 1749.65
2024-10-17 14:00:46.276: 179 epsilon: 0.1
2024-10-17 14:00:46.276: 179 q: 3.0401628
2024-10-17 14:11:01.372: 180 test start:
2024-10-17 14:11:34.585: 180 avg_reward: 4652.0
2024-10-17 14:11:34.585: 180 avg_steps: 1788.55
2024-10-17 14:11:34.585: 180 epsilon: 0.1
2024-10-17 14:11:34.585: 180 q: 3.0231261
2024-10-17 14:21:54.382: 181 test start:
2024-10-17 14:22:26.852: 181 avg_reward: 6452.0
2024-10-17 14:22:26.852: 181 avg_steps: 1709.15
2024-10-17 14:22:26.853: 181 epsilon: 0.1
2024-10-17 14:22:26.853: 181 q: 3.068725
2024-10-17 14:32:28.342: 182 test start:
2024-10-17 14:33:07.112: 182 avg_reward: 4332.0
2024-10-17 14:33:07.112: 182 avg_steps: 2094.5
2024-10-17 14:33:07.112: 182 epsilon: 0.1
2024-10-17 14:33:07.112: 182 q: 3.086058
2024-10-17 14:43:43.462: 183 test start:
2024-10-17 14:44:18.531: 183 avg_reward: 3807.0
2024-10-17 14:44:18.531: 183 avg_steps: 1883.35
2024-10-17 14:44:18.531: 183 epsilon: 0.1
2024-10-17 14:44:18.531: 183 q: 3.0617905
2024-10-17 14:54:25.865: 184 test start:
2024-10-17 14:54:57.164: 184 avg_reward: 5527.0
2024-10-17 14:54:57.164: 184 avg_steps: 1637.2
2024-10-17 14:54:57.164: 184 epsilon: 0.1
2024-10-17 14:54:57.164: 184 q: 3.1274292
2024-10-17 15:05:28.071: 185 test start:
2024-10-17 15:05:55.801: 185 avg_reward: 3392.0
2024-10-17 15:05:55.802: 185 avg_steps: 1517.35
2024-10-17 15:05:55.802: 185 epsilon: 0.1
2024-10-17 15:05:55.802: 185 q: 3.1216016
2024-10-17 15:16:01.282: 186 test start:
2024-10-17 15:16:30.050: 186 avg_reward: 5507.0
2024-10-17 15:16:30.050: 186 avg_steps: 1526.75
2024-10-17 15:16:30.050: 186 epsilon: 0.1
2024-10-17 15:16:30.050: 186 q: 3.071317
2024-10-17 15:26:39.712: 187 test start:
2024-10-17 15:27:10.316: 187 avg_reward: 5597.0
2024-10-17 15:27:10.316: 187 avg_steps: 1647.35
2024-10-17 15:27:10.316: 187 epsilon: 0.1
2024-10-17 15:27:10.316: 187 q: 3.121677
2024-10-17 15:37:20.110: 188 test start:
2024-10-17 15:37:54.633: 188 avg_reward: 5127.0
2024-10-17 15:37:54.634: 188 avg_steps: 1817.3
2024-10-17 15:37:54.634: 188 epsilon: 0.1
2024-10-17 15:37:54.634: 188 q: 3.1174912
2024-10-17 15:48:05.859: 189 test start:
2024-10-17 15:48:34.154: 189 avg_reward: 5477.0
2024-10-17 15:48:34.155: 189 avg_steps: 1548.9
2024-10-17 15:48:34.155: 189 epsilon: 0.1
2024-10-17 15:48:34.155: 189 q: 3.094692
2024-10-17 15:58:51.945: 190 test start:
2024-10-17 15:59:19.445: 190 avg_reward: 1697.0
2024-10-17 15:59:19.445: 190 avg_steps: 1453.8
2024-10-17 15:59:19.445: 190 epsilon: 0.1
2024-10-17 15:59:19.445: 190 q: 3.1642387
2024-10-17 16:09:18.196: 191 test start:
2024-10-17 16:10:03.481: 191 avg_reward: 9147.0
2024-10-17 16:10:03.481: 191 avg_steps: 2430.35
2024-10-17 16:10:03.481: 191 epsilon: 0.1
2024-10-17 16:10:03.481: 191 q: 3.1525936
2024-10-17 16:20:35.895: 192 test start:
2024-10-17 16:21:17.013: 192 avg_reward: 2797.0
2024-10-17 16:21:17.014: 192 avg_steps: 2197.7
2024-10-17 16:21:17.014: 192 epsilon: 0.1
2024-10-17 16:21:17.014: 192 q: 3.0880785
2024-10-17 16:31:09.059: 193 test start:
2024-10-17 16:31:49.142: 193 avg_reward: 8427.0
2024-10-17 16:31:49.142: 193 avg_steps: 2086.8
2024-10-17 16:31:49.142: 193 epsilon: 0.1
2024-10-17 16:31:49.142: 193 q: 3.107441
2024-10-17 16:42:13.503: 194 test start:
2024-10-17 16:42:48.724: 194 avg_reward: 6352.0
2024-10-17 16:42:48.724: 194 avg_steps: 1886.65
2024-10-17 16:42:48.724: 194 epsilon: 0.1
2024-10-17 16:42:48.724: 194 q: 3.1136255
2024-10-17 16:52:48.751: 195 test start:
2024-10-17 16:53:22.918: 195 avg_reward: 7247.0
2024-10-17 16:53:22.918: 195 avg_steps: 1968.3
2024-10-17 16:53:22.918: 195 epsilon: 0.1
2024-10-17 16:53:22.918: 195 q: 3.0988555
2024-10-17 17:03:37.092: 196 test start:
2024-10-17 17:04:19.388: 196 avg_reward: 8022.0
2024-10-17 17:04:19.388: 196 avg_steps: 2258.2
2024-10-17 17:04:19.388: 196 epsilon: 0.1
2024-10-17 17:04:19.388: 196 q: 3.0981815
2024-10-17 17:14:35.935: 197 test start:
2024-10-17 17:15:12.285: 197 avg_reward: 6747.0
2024-10-17 17:15:12.285: 197 avg_steps: 1862.35
2024-10-17 17:15:12.285: 197 epsilon: 0.1
2024-10-17 17:15:12.285: 197 q: 3.065748
2024-10-17 17:25:16.741: 198 test start:
2024-10-17 17:25:47.497: 198 avg_reward: 4877.0
2024-10-17 17:25:47.497: 198 avg_steps: 1621.3
2024-10-17 17:25:47.497: 198 epsilon: 0.1
2024-10-17 17:25:47.497: 198 q: 3.1073394
2024-10-17 17:36:16.085: 199 test start:
2024-10-17 17:36:52.017: 199 avg_reward: 8692.0
2024-10-17 17:36:52.017: 199 avg_steps: 1827.25
2024-10-17 17:36:52.017: 199 epsilon: 0.1
2024-10-17 17:36:52.017: 199 q: 3.0979354
2024-10-17 17:46:53.046: 200 test start:
2024-10-17 17:47:33.965: 200 avg_reward: 8362.0
2024-10-17 17:47:33.966: 200 avg_steps: 2148.45
2024-10-17 17:47:33.966: 200 epsilon: 0.1
2024-10-17 17:47:33.966: 200 q: 3.105731
