2024-10-17 10:02:12.395: 
parameters:agent_test_episodes: 20
batch_num_per_epoch: 250000
device: cuda:0
env_name: ALE/Asterix-v5
epsilon_for_test: 0.05
epsilon_max: 1.0
epsilon_min: 0.1
exp_name: ALE-Asterix-v5_2024-10-17-10-02-12
exp_path: ../exps/dqn/
exploration_steps: 1000000
gamma: 0.99
held_out_states_num: 1000
learning_rate: 0.00025
mini_batch_size: 32
model_update_freq: 4
n_times: 5
no_op_max: 30
phi_channel: 4
replay_buffer_size: 1000000
replay_start_size: 50000
save_model: true
screen_size: 84
seed: 0
skip_k_frame: 4
step_c: 10000
training_steps: 50000000

2024-10-17 10:02:12.457: env id: ALE/Asterix-v5 |repeat_action_probability: 0 
2024-10-17 10:02:12.457: screen_size: 84 | grayscale_obs:True 
scale_obs:False | action space size: 9
remove flickering: True | frame skip: 4
state space shape: (210, 160, 3) 
2024-10-17 10:02:12.475: optimizer: RMSprop (
Parameter Group 0
    alpha: 0.95
    centered: False
    differentiable: False
    eps: 0.01
    foreach: None
    lr: 0.00025
    maximize: False
    momentum: 0
    weight_decay: 0
)
2024-10-17 10:11:10.605: 1 test start:
2024-10-17 10:11:20.719: 1 avg_reward: 215.5
2024-10-17 10:11:20.719: 1 avg_steps: 546.8
2024-10-17 10:11:20.719: 1 epsilon: 0.8197831
2024-10-17 10:11:20.719: 1 q: 0.16312549
2024-10-17 10:20:51.065: 2 test start:
2024-10-17 10:21:01.125: 2 avg_reward: 275.5
2024-10-17 10:21:01.125: 2 avg_steps: 542.95
2024-10-17 10:21:01.125: 2 epsilon: 0.5947435
2024-10-17 10:21:01.125: 2 q: 0.42837232
2024-10-17 10:31:08.307: 3 test start:
2024-10-17 10:31:13.279: 3 avg_reward: 238.0
2024-10-17 10:31:13.280: 3 avg_steps: 269.2
2024-10-17 10:31:13.280: 3 epsilon: 0.36996759999999995
2024-10-17 10:31:13.280: 3 q: 0.6170223
2024-10-17 10:40:43.704: 4 test start:
2024-10-17 10:40:48.879: 4 avg_reward: 408.0
2024-10-17 10:40:48.879: 4 avg_steps: 275.55
2024-10-17 10:40:48.879: 4 epsilon: 0.14495859999999994
2024-10-17 10:40:48.879: 4 q: 0.77939194
2024-10-17 10:50:57.512: 5 test start:
2024-10-17 10:51:02.455: 5 avg_reward: 495.5
2024-10-17 10:51:02.456: 5 avg_steps: 268.75
2024-10-17 10:51:02.456: 5 epsilon: 0.1
2024-10-17 10:51:02.456: 5 q: 1.0085269
2024-10-17 11:00:40.253: 6 test start:
2024-10-17 11:00:45.974: 6 avg_reward: 523.0
2024-10-17 11:00:45.974: 6 avg_steps: 296.75
2024-10-17 11:00:45.974: 6 epsilon: 0.1
2024-10-17 11:00:45.974: 6 q: 1.211677
2024-10-17 11:10:57.956: 7 test start:
2024-10-17 11:11:05.588: 7 avg_reward: 938.0
2024-10-17 11:11:05.588: 7 avg_steps: 425.75
2024-10-17 11:11:05.588: 7 epsilon: 0.1
2024-10-17 11:11:05.588: 7 q: 1.3374138
2024-10-17 11:20:42.359: 8 test start:
2024-10-17 11:20:48.921: 8 avg_reward: 805.5
2024-10-17 11:20:48.922: 8 avg_steps: 343.95
2024-10-17 11:20:48.927: 8 epsilon: 0.1
2024-10-17 11:20:48.927: 8 q: 1.5830564
2024-10-17 11:30:55.855: 9 test start:
2024-10-17 11:31:03.938: 9 avg_reward: 1208.0
2024-10-17 11:31:03.938: 9 avg_steps: 440.05
2024-10-17 11:31:03.938: 9 epsilon: 0.1
2024-10-17 11:31:03.938: 9 q: 1.9321985
2024-10-17 11:40:46.408: 10 test start:
2024-10-17 11:40:58.021: 10 avg_reward: 1883.0
2024-10-17 11:40:58.021: 10 avg_steps: 631.6
2024-10-17 11:40:58.021: 10 epsilon: 0.1
2024-10-17 11:40:58.021: 10 q: 2.2080219
2024-10-17 11:51:03.720: 11 test start:
2024-10-17 11:51:12.961: 11 avg_reward: 1453.0
2024-10-17 11:51:12.961: 11 avg_steps: 499.75
2024-10-17 11:51:12.961: 11 epsilon: 0.1
2024-10-17 11:51:12.961: 11 q: 2.562126
2024-10-17 12:01:01.340: 12 test start:
2024-10-17 12:01:11.928: 12 avg_reward: 1663.0
2024-10-17 12:01:11.928: 12 avg_steps: 566.3
2024-10-17 12:01:11.928: 12 epsilon: 0.1
2024-10-17 12:01:11.928: 12 q: 2.843997
2024-10-17 12:11:15.243: 13 test start:
2024-10-17 12:11:26.883: 13 avg_reward: 1833.0
2024-10-17 12:11:26.884: 13 avg_steps: 633.9
2024-10-17 12:11:26.884: 13 epsilon: 0.1
2024-10-17 12:11:26.884: 13 q: 2.952558
2024-10-17 12:21:17.311: 14 test start:
2024-10-17 12:21:28.043: 14 avg_reward: 1558.0
2024-10-17 12:21:28.043: 14 avg_steps: 571.35
2024-10-17 12:21:28.043: 14 epsilon: 0.1
2024-10-17 12:21:28.043: 14 q: 3.005687
2024-10-17 12:31:32.744: 15 test start:
2024-10-17 12:31:46.620: 15 avg_reward: 2235.5
2024-10-17 12:31:46.620: 15 avg_steps: 767.4
2024-10-17 12:31:46.620: 15 epsilon: 0.1
2024-10-17 12:31:46.620: 15 q: 3.1380904
2024-10-17 12:41:40.710: 16 test start:
2024-10-17 12:41:53.598: 16 avg_reward: 1958.0
2024-10-17 12:41:53.599: 16 avg_steps: 707.4
2024-10-17 12:41:53.599: 16 epsilon: 0.1
2024-10-17 12:41:53.599: 16 q: 3.294257
2024-10-17 12:51:50.277: 17 test start:
2024-10-17 12:52:01.294: 17 avg_reward: 1715.5
2024-10-17 12:52:01.294: 17 avg_steps: 605.55
2024-10-17 12:52:01.294: 17 epsilon: 0.1
2024-10-17 12:52:01.294: 17 q: 3.593379
2024-10-17 13:01:57.919: 18 test start:
2024-10-17 13:02:06.454: 18 avg_reward: 1175.5
2024-10-17 13:02:06.454: 18 avg_steps: 450.25
2024-10-17 13:02:06.454: 18 epsilon: 0.1
2024-10-17 13:02:06.454: 18 q: 3.558431
2024-10-17 13:11:56.307: 19 test start:
2024-10-17 13:12:07.853: 19 avg_reward: 1783.0
2024-10-17 13:12:07.853: 19 avg_steps: 629.0
2024-10-17 13:12:07.853: 19 epsilon: 0.1
2024-10-17 13:12:07.853: 19 q: 3.7528305
2024-10-17 13:22:08.299: 20 test start:
2024-10-17 13:22:16.876: 20 avg_reward: 1125.5
2024-10-17 13:22:16.877: 20 avg_steps: 450.9
2024-10-17 13:22:16.877: 20 epsilon: 0.1
2024-10-17 13:22:16.877: 20 q: 3.8190536
2024-10-17 13:32:05.739: 21 test start:
2024-10-17 13:32:12.413: 21 avg_reward: 740.5
2024-10-17 13:32:12.413: 21 avg_steps: 361.75
2024-10-17 13:32:12.413: 21 epsilon: 0.1
2024-10-17 13:32:12.413: 21 q: 3.9374912
2024-10-17 13:42:16.989: 22 test start:
2024-10-17 13:42:26.504: 22 avg_reward: 1308.0
2024-10-17 13:42:26.504: 22 avg_steps: 499.6
2024-10-17 13:42:26.504: 22 epsilon: 0.1
2024-10-17 13:42:26.504: 22 q: 4.0790977
2024-10-17 13:52:14.224: 23 test start:
2024-10-17 13:52:23.713: 23 avg_reward: 1353.0
2024-10-17 13:52:23.713: 23 avg_steps: 520.05
2024-10-17 13:52:23.713: 23 epsilon: 0.1
2024-10-17 13:52:23.713: 23 q: 4.2045407
2024-10-17 14:02:27.402: 24 test start:
2024-10-17 14:02:35.854: 24 avg_reward: 1170.5
2024-10-17 14:02:35.854: 24 avg_steps: 443.55
2024-10-17 14:02:35.854: 24 epsilon: 0.1
2024-10-17 14:02:35.854: 24 q: 4.309617
2024-10-17 14:12:20.429: 25 test start:
2024-10-17 14:12:31.319: 25 avg_reward: 1688.0
2024-10-17 14:12:31.319: 25 avg_steps: 605.4
2024-10-17 14:12:31.319: 25 epsilon: 0.1
2024-10-17 14:12:31.320: 25 q: 4.446399
2024-10-17 14:22:43.456: 26 test start:
2024-10-17 14:22:52.185: 26 avg_reward: 1305.5
2024-10-17 14:22:52.185: 26 avg_steps: 474.2
2024-10-17 14:22:52.185: 26 epsilon: 0.1
2024-10-17 14:22:52.185: 26 q: 4.668321
2024-10-17 14:32:32.614: 27 test start:
2024-10-17 14:32:44.835: 27 avg_reward: 1965.5
2024-10-17 14:32:44.835: 27 avg_steps: 680.4
2024-10-17 14:32:44.835: 27 epsilon: 0.1
2024-10-17 14:32:44.835: 27 q: 4.7556715
2024-10-17 14:43:02.320: 28 test start:
2024-10-17 14:43:10.772: 28 avg_reward: 1143.0
2024-10-17 14:43:10.772: 28 avg_steps: 448.15
2024-10-17 14:43:10.772: 28 epsilon: 0.1
2024-10-17 14:43:10.773: 28 q: 4.83132
2024-10-17 14:52:49.703: 29 test start:
2024-10-17 14:53:02.280: 29 avg_reward: 1840.5
2024-10-17 14:53:02.280: 29 avg_steps: 662.75
2024-10-17 14:53:02.280: 29 epsilon: 0.1
2024-10-17 14:53:02.280: 29 q: 4.9420652
2024-10-17 15:03:19.408: 30 test start:
2024-10-17 15:03:31.517: 30 avg_reward: 1878.0
2024-10-17 15:03:31.517: 30 avg_steps: 631.15
2024-10-17 15:03:31.517: 30 epsilon: 0.1
2024-10-17 15:03:31.517: 30 q: 5.111045
2024-10-17 15:13:08.600: 31 test start:
2024-10-17 15:13:21.651: 31 avg_reward: 1968.0
2024-10-17 15:13:21.651: 31 avg_steps: 697.7
2024-10-17 15:13:21.651: 31 epsilon: 0.1
2024-10-17 15:13:21.651: 31 q: 5.2468877
2024-10-17 15:23:22.939: 32 test start:
2024-10-17 15:23:33.857: 32 avg_reward: 1898.0
2024-10-17 15:23:33.858: 32 avg_steps: 593.65
2024-10-17 15:23:33.858: 32 epsilon: 0.1
2024-10-17 15:23:33.858: 32 q: 5.355911
2024-10-17 15:33:14.373: 33 test start:
2024-10-17 15:33:22.680: 33 avg_reward: 1080.5
2024-10-17 15:33:22.680: 33 avg_steps: 436.8
2024-10-17 15:33:22.680: 33 epsilon: 0.1
2024-10-17 15:33:22.680: 33 q: 5.426348
2024-10-17 15:43:28.502: 34 test start:
2024-10-17 15:43:38.261: 34 avg_reward: 1640.5
2024-10-17 15:43:38.261: 34 avg_steps: 536.1
2024-10-17 15:43:38.267: 34 epsilon: 0.1
2024-10-17 15:43:38.267: 34 q: 5.500263
2024-10-17 15:53:19.894: 35 test start:
2024-10-17 15:53:29.613: 35 avg_reward: 1618.0
2024-10-17 15:53:29.614: 35 avg_steps: 537.0
2024-10-17 15:53:29.614: 35 epsilon: 0.1
2024-10-17 15:53:29.614: 35 q: 5.6105847
2024-10-17 16:03:34.656: 36 test start:
2024-10-17 16:03:44.702: 36 avg_reward: 1595.5
2024-10-17 16:03:44.702: 36 avg_steps: 548.55
2024-10-17 16:03:44.702: 36 epsilon: 0.1
2024-10-17 16:03:44.702: 36 q: 5.6479373
2024-10-17 16:13:30.127: 37 test start:
2024-10-17 16:13:36.888: 37 avg_reward: 878.0
2024-10-17 16:13:36.888: 37 avg_steps: 353.05
2024-10-17 16:13:36.888: 37 epsilon: 0.1
2024-10-17 16:13:36.888: 37 q: 5.867749
2024-10-17 16:23:37.665: 38 test start:
2024-10-17 16:23:47.350: 38 avg_reward: 1610.5
2024-10-17 16:23:47.350: 38 avg_steps: 526.7
2024-10-17 16:23:47.350: 38 epsilon: 0.1
2024-10-17 16:23:47.350: 38 q: 6.073202
2024-10-17 16:33:33.130: 39 test start:
2024-10-17 16:33:43.030: 39 avg_reward: 1593.0
2024-10-17 16:33:43.030: 39 avg_steps: 521.45
2024-10-17 16:33:43.030: 39 epsilon: 0.1
2024-10-17 16:33:43.030: 39 q: 6.0809827
2024-10-17 16:43:39.231: 40 test start:
2024-10-17 16:43:47.040: 40 avg_reward: 1125.5
2024-10-17 16:43:47.040: 40 avg_steps: 421.0
2024-10-17 16:43:47.040: 40 epsilon: 0.1
2024-10-17 16:43:47.040: 40 q: 6.244717
2024-10-17 16:53:28.563: 41 test start:
2024-10-17 16:53:35.386: 41 avg_reward: 968.0
2024-10-17 16:53:35.386: 41 avg_steps: 386.25
2024-10-17 16:53:35.387: 41 epsilon: 0.1
2024-10-17 16:53:35.387: 41 q: 6.2955194
2024-10-17 17:03:35.530: 42 test start:
2024-10-17 17:03:45.544: 42 avg_reward: 1638.0
2024-10-17 17:03:45.544: 42 avg_steps: 548.45
2024-10-17 17:03:45.544: 42 epsilon: 0.1
2024-10-17 17:03:45.544: 42 q: 6.3188515
2024-10-17 17:13:44.720: 43 test start:
2024-10-17 17:13:54.540: 43 avg_reward: 1718.0
2024-10-17 17:13:54.541: 43 avg_steps: 535.9
2024-10-17 17:13:54.541: 43 epsilon: 0.1
2024-10-17 17:13:54.541: 43 q: 6.3394766
2024-10-17 17:23:50.697: 44 test start:
2024-10-17 17:24:00.639: 44 avg_reward: 1605.5
2024-10-17 17:24:00.639: 44 avg_steps: 550.1
2024-10-17 17:24:00.639: 44 epsilon: 0.1
2024-10-17 17:24:00.639: 44 q: 6.2950253
2024-10-17 17:34:06.190: 45 test start:
2024-10-17 17:34:16.811: 45 avg_reward: 1543.0
2024-10-17 17:34:16.811: 45 avg_steps: 566.1
2024-10-17 17:34:16.811: 45 epsilon: 0.1
2024-10-17 17:34:16.811: 45 q: 6.469002
2024-10-17 17:44:10.570: 46 test start:
2024-10-17 17:44:20.115: 46 avg_reward: 1463.0
2024-10-17 17:44:20.115: 46 avg_steps: 523.5
2024-10-17 17:44:20.115: 46 epsilon: 0.1
2024-10-17 17:44:20.115: 46 q: 6.4621863
2024-10-17 17:54:15.617: 47 test start:
2024-10-17 17:54:24.868: 47 avg_reward: 1343.0
2024-10-17 17:54:24.868: 47 avg_steps: 495.6
2024-10-17 17:54:24.868: 47 epsilon: 0.1
2024-10-17 17:54:24.869: 47 q: 6.4524765
2024-10-17 18:04:12.975: 48 test start:
2024-10-17 18:04:21.145: 48 avg_reward: 1125.5
2024-10-17 18:04:21.145: 48 avg_steps: 444.8
2024-10-17 18:04:21.145: 48 epsilon: 0.1
2024-10-17 18:04:21.145: 48 q: 6.571619
2024-10-17 18:14:31.379: 49 test start:
2024-10-17 18:14:41.348: 49 avg_reward: 1333.0
2024-10-17 18:14:41.348: 49 avg_steps: 525.05
2024-10-17 18:14:41.349: 49 epsilon: 0.1
2024-10-17 18:14:41.349: 49 q: 6.5874686
2024-10-17 18:24:27.052: 50 test start:
2024-10-17 18:24:36.245: 50 avg_reward: 1393.0
2024-10-17 18:24:36.245: 50 avg_steps: 502.45
2024-10-17 18:24:36.245: 50 epsilon: 0.1
2024-10-17 18:24:36.245: 50 q: 6.6013436
2024-10-17 18:34:50.996: 51 test start:
2024-10-17 18:35:01.886: 51 avg_reward: 1643.0
2024-10-17 18:35:01.887: 51 avg_steps: 580.0
2024-10-17 18:35:01.887: 51 epsilon: 0.1
2024-10-17 18:35:01.887: 51 q: 6.640978
2024-10-17 18:44:33.025: 52 test start:
2024-10-17 18:44:43.082: 52 avg_reward: 1583.0
2024-10-17 18:44:43.083: 52 avg_steps: 543.4
2024-10-17 18:44:43.083: 52 epsilon: 0.1
2024-10-17 18:44:43.083: 52 q: 6.608242
2024-10-17 18:55:04.381: 53 test start:
2024-10-17 18:55:13.949: 53 avg_reward: 1428.0
2024-10-17 18:55:13.949: 53 avg_steps: 520.55
2024-10-17 18:55:13.949: 53 epsilon: 0.1
2024-10-17 18:55:13.949: 53 q: 6.764016
2024-10-17 19:04:57.733: 54 test start:
2024-10-17 19:05:07.843: 54 avg_reward: 1523.0
2024-10-17 19:05:07.844: 54 avg_steps: 538.6
2024-10-17 19:05:07.844: 54 epsilon: 0.1
2024-10-17 19:05:07.844: 54 q: 6.7538195
2024-10-17 19:15:25.303: 55 test start:
2024-10-17 19:15:34.169: 55 avg_reward: 1368.0
2024-10-17 19:15:34.169: 55 avg_steps: 482.3
2024-10-17 19:15:34.169: 55 epsilon: 0.1
2024-10-17 19:15:34.169: 55 q: 6.6182814
2024-10-17 19:25:14.568: 56 test start:
2024-10-17 19:25:24.214: 56 avg_reward: 1445.5
2024-10-17 19:25:24.214: 56 avg_steps: 510.05
2024-10-17 19:25:24.215: 56 epsilon: 0.1
2024-10-17 19:25:24.215: 56 q: 6.689786
2024-10-17 19:35:37.868: 57 test start:
2024-10-17 19:35:46.830: 57 avg_reward: 1355.5
2024-10-17 19:35:46.830: 57 avg_steps: 482.4
2024-10-17 19:35:46.830: 57 epsilon: 0.1
2024-10-17 19:35:46.830: 57 q: 6.686696
2024-10-17 19:45:35.109: 58 test start:
2024-10-17 19:45:44.946: 58 avg_reward: 1560.5
2024-10-17 19:45:44.946: 58 avg_steps: 518.2
2024-10-17 19:45:44.946: 58 epsilon: 0.1
2024-10-17 19:45:44.946: 58 q: 6.7583623
2024-10-17 19:55:55.739: 59 test start:
2024-10-17 19:56:04.848: 59 avg_reward: 1363.0
2024-10-17 19:56:04.848: 59 avg_steps: 494.3
2024-10-17 19:56:04.849: 59 epsilon: 0.1
2024-10-17 19:56:04.849: 59 q: 6.7596283
2024-10-17 20:05:56.345: 60 test start:
2024-10-17 20:06:07.281: 60 avg_reward: 1630.5
2024-10-17 20:06:07.281: 60 avg_steps: 573.5
2024-10-17 20:06:07.281: 60 epsilon: 0.1
2024-10-17 20:06:07.281: 60 q: 6.8017654
2024-10-17 20:16:17.425: 61 test start:
2024-10-17 20:16:24.067: 61 avg_reward: 768.0
2024-10-17 20:16:24.067: 61 avg_steps: 359.0
2024-10-17 20:16:24.067: 61 epsilon: 0.1
2024-10-17 20:16:24.067: 61 q: 6.930282
2024-10-17 20:26:14.332: 62 test start:
2024-10-17 20:26:26.481: 62 avg_reward: 1870.5
2024-10-17 20:26:26.481: 62 avg_steps: 644.9
2024-10-17 20:26:26.481: 62 epsilon: 0.1
2024-10-17 20:26:26.481: 62 q: 6.8720965
2024-10-17 20:36:35.074: 63 test start:
2024-10-17 20:36:44.682: 63 avg_reward: 1598.0
2024-10-17 20:36:44.682: 63 avg_steps: 536.65
2024-10-17 20:36:44.682: 63 epsilon: 0.1
2024-10-17 20:36:44.682: 63 q: 6.9888577
2024-10-17 20:46:41.637: 64 test start:
2024-10-17 20:46:48.908: 64 avg_reward: 1008.0
2024-10-17 20:46:48.908: 64 avg_steps: 382.6
2024-10-17 20:46:48.908: 64 epsilon: 0.1
2024-10-17 20:46:48.908: 64 q: 6.9143376
2024-10-17 20:56:47.715: 65 test start:
2024-10-17 20:56:56.809: 65 avg_reward: 1343.0
2024-10-17 20:56:56.809: 65 avg_steps: 495.35
2024-10-17 20:56:56.810: 65 epsilon: 0.1
2024-10-17 20:56:56.810: 65 q: 6.945004
2024-10-17 21:06:55.849: 66 test start:
2024-10-17 21:07:06.259: 66 avg_reward: 1678.0
2024-10-17 21:07:06.259: 66 avg_steps: 547.2
2024-10-17 21:07:06.259: 66 epsilon: 0.1
2024-10-17 21:07:06.259: 66 q: 6.9761024
2024-10-17 21:17:01.254: 67 test start:
2024-10-17 21:17:11.426: 67 avg_reward: 1700.5
2024-10-17 21:17:11.426: 67 avg_steps: 557.35
2024-10-17 21:17:11.426: 67 epsilon: 0.1
2024-10-17 21:17:11.426: 67 q: 6.988542
2024-10-17 21:27:14.139: 68 test start:
2024-10-17 21:27:23.363: 68 avg_reward: 1523.0
2024-10-17 21:27:23.363: 68 avg_steps: 492.4
2024-10-17 21:27:23.363: 68 epsilon: 0.1
2024-10-17 21:27:23.363: 68 q: 6.9905467
2024-10-17 21:37:16.161: 69 test start:
2024-10-17 21:37:26.921: 69 avg_reward: 1808.0
2024-10-17 21:37:26.922: 69 avg_steps: 585.15
2024-10-17 21:37:26.922: 69 epsilon: 0.1
2024-10-17 21:37:26.922: 69 q: 7.033351
2024-10-17 21:47:31.632: 70 test start:
2024-10-17 21:47:41.909: 70 avg_reward: 1683.0
2024-10-17 21:47:41.909: 70 avg_steps: 548.35
2024-10-17 21:47:41.909: 70 epsilon: 0.1
2024-10-17 21:47:41.909: 70 q: 7.0736933
2024-10-17 21:57:35.542: 71 test start:
2024-10-17 21:57:47.157: 71 avg_reward: 2045.5
2024-10-17 21:57:47.157: 71 avg_steps: 645.95
2024-10-17 21:57:47.157: 71 epsilon: 0.1
2024-10-17 21:57:47.157: 71 q: 7.003637
2024-10-17 22:07:55.235: 72 test start:
2024-10-17 22:08:04.773: 72 avg_reward: 1473.0
2024-10-17 22:08:04.773: 72 avg_steps: 507.65
2024-10-17 22:08:04.773: 72 epsilon: 0.1
2024-10-17 22:08:04.774: 72 q: 7.0171876
2024-10-17 22:17:56.172: 73 test start:
2024-10-17 22:18:07.415: 73 avg_reward: 1778.0
2024-10-17 22:18:07.415: 73 avg_steps: 627.25
2024-10-17 22:18:07.415: 73 epsilon: 0.1
2024-10-17 22:18:07.415: 73 q: 7.0344796
2024-10-17 22:28:21.581: 74 test start:
2024-10-17 22:28:29.671: 74 avg_reward: 1290.5
2024-10-17 22:28:29.671: 74 avg_steps: 439.0
2024-10-17 22:28:29.671: 74 epsilon: 0.1
2024-10-17 22:28:29.671: 74 q: 6.964989
2024-10-17 22:38:12.283: 75 test start:
2024-10-17 22:38:22.098: 75 avg_reward: 1640.5
2024-10-17 22:38:22.098: 75 avg_steps: 536.0
2024-10-17 22:38:22.099: 75 epsilon: 0.1
2024-10-17 22:38:22.099: 75 q: 7.005734
2024-10-17 22:48:38.843: 76 test start:
2024-10-17 22:48:48.548: 76 avg_reward: 1620.5
2024-10-17 22:48:48.549: 76 avg_steps: 513.4
2024-10-17 22:48:48.549: 76 epsilon: 0.1
2024-10-17 22:48:48.549: 76 q: 6.9756846
2024-10-17 22:58:29.408: 77 test start:
2024-10-17 22:58:38.600: 77 avg_reward: 1578.0
2024-10-17 22:58:38.600: 77 avg_steps: 503.9
2024-10-17 22:58:38.600: 77 epsilon: 0.1
2024-10-17 22:58:38.600: 77 q: 7.090745
2024-10-17 23:08:56.006: 78 test start:
2024-10-17 23:09:05.734: 78 avg_reward: 1563.0
2024-10-17 23:09:05.734: 78 avg_steps: 514.95
2024-10-17 23:09:05.734: 78 epsilon: 0.1
2024-10-17 23:09:05.734: 78 q: 7.0677853
2024-10-17 23:18:48.101: 79 test start:
2024-10-17 23:18:58.121: 79 avg_reward: 1638.0
2024-10-17 23:18:58.121: 79 avg_steps: 529.85
2024-10-17 23:18:58.122: 79 epsilon: 0.1
2024-10-17 23:18:58.122: 79 q: 7.046441
2024-10-17 23:29:08.248: 80 test start:
2024-10-17 23:29:17.260: 80 avg_reward: 1275.5
2024-10-17 23:29:17.260: 80 avg_steps: 493.5
2024-10-17 23:29:17.260: 80 epsilon: 0.1
2024-10-17 23:29:17.261: 80 q: 6.9762287
2024-10-17 23:39:00.254: 81 test start:
2024-10-17 23:39:10.139: 81 avg_reward: 1368.0
2024-10-17 23:39:10.139: 81 avg_steps: 532.8
2024-10-17 23:39:10.139: 81 epsilon: 0.1
2024-10-17 23:39:10.139: 81 q: 6.9638734
2024-10-17 23:49:24.156: 82 test start:
2024-10-17 23:49:33.536: 82 avg_reward: 1555.5
2024-10-17 23:49:33.536: 82 avg_steps: 518.75
2024-10-17 23:49:33.536: 82 epsilon: 0.1
2024-10-17 23:49:33.536: 82 q: 6.9623866
2024-10-17 23:59:18.424: 83 test start:
2024-10-17 23:59:27.565: 83 avg_reward: 1198.0
2024-10-17 23:59:27.565: 83 avg_steps: 475.75
2024-10-17 23:59:27.565: 83 epsilon: 0.1
2024-10-17 23:59:27.565: 83 q: 6.989405
2024-10-18 00:09:37.648: 84 test start:
2024-10-18 00:09:48.227: 84 avg_reward: 1718.0
2024-10-18 00:09:48.228: 84 avg_steps: 576.85
2024-10-18 00:09:48.233: 84 epsilon: 0.1
2024-10-18 00:09:48.233: 84 q: 6.952318
2024-10-18 00:19:35.875: 85 test start:
2024-10-18 00:19:46.975: 85 avg_reward: 1663.0
2024-10-18 00:19:46.975: 85 avg_steps: 588.05
2024-10-18 00:19:46.975: 85 epsilon: 0.1
2024-10-18 00:19:46.975: 85 q: 6.9597254
2024-10-18 00:29:50.304: 86 test start:
2024-10-18 00:30:00.099: 86 avg_reward: 1535.5
2024-10-18 00:30:00.100: 86 avg_steps: 539.25
2024-10-18 00:30:00.100: 86 epsilon: 0.1
2024-10-18 00:30:00.100: 86 q: 6.894532
2024-10-18 00:39:54.709: 87 test start:
2024-10-18 00:40:05.496: 87 avg_reward: 1660.5
2024-10-18 00:40:05.496: 87 avg_steps: 582.35
2024-10-18 00:40:05.496: 87 epsilon: 0.1
2024-10-18 00:40:05.496: 87 q: 6.960414
2024-10-18 00:50:07.830: 88 test start:
2024-10-18 00:50:19.161: 88 avg_reward: 1770.5
2024-10-18 00:50:19.161: 88 avg_steps: 620.1
2024-10-18 00:50:19.161: 88 epsilon: 0.1
2024-10-18 00:50:19.161: 88 q: 6.923084
2024-10-18 01:00:15.701: 89 test start:
2024-10-18 01:00:25.256: 89 avg_reward: 1333.0
2024-10-18 01:00:25.256: 89 avg_steps: 504.4
2024-10-18 01:00:25.256: 89 epsilon: 0.1
2024-10-18 01:00:25.256: 89 q: 6.8138003
2024-10-18 01:10:20.475: 90 test start:
2024-10-18 01:10:31.188: 90 avg_reward: 1760.5
2024-10-18 01:10:31.188: 90 avg_steps: 581.55
2024-10-18 01:10:31.193: 90 epsilon: 0.1
2024-10-18 01:10:31.194: 90 q: 6.82986
2024-10-18 01:20:30.440: 91 test start:
2024-10-18 01:20:43.149: 91 avg_reward: 1935.5
2024-10-18 01:20:43.149: 91 avg_steps: 667.85
2024-10-18 01:20:43.149: 91 epsilon: 0.1
2024-10-18 01:20:43.150: 91 q: 6.778225
2024-10-18 01:30:44.325: 92 test start:
2024-10-18 01:30:52.740: 92 avg_reward: 1345.5
2024-10-18 01:30:52.740: 92 avg_steps: 455.65
2024-10-18 01:30:52.740: 92 epsilon: 0.1
2024-10-18 01:30:52.741: 92 q: 6.8398614
2024-10-18 01:40:56.823: 93 test start:
2024-10-18 01:41:06.627: 93 avg_reward: 1468.0
2024-10-18 01:41:06.627: 93 avg_steps: 518.5
2024-10-18 01:41:06.627: 93 epsilon: 0.1
2024-10-18 01:41:06.627: 93 q: 6.8095183
2024-10-18 01:51:04.808: 94 test start:
2024-10-18 01:51:13.986: 94 avg_reward: 1553.0
2024-10-18 01:51:13.986: 94 avg_steps: 514.4
2024-10-18 01:51:13.986: 94 epsilon: 0.1
2024-10-18 01:51:13.986: 94 q: 6.834121
2024-10-18 02:01:27.225: 95 test start:
2024-10-18 02:01:36.380: 95 avg_reward: 1365.5
2024-10-18 02:01:36.380: 95 avg_steps: 478.8
2024-10-18 02:01:36.380: 95 epsilon: 0.1
2024-10-18 02:01:36.380: 95 q: 6.890489
2024-10-18 02:11:24.891: 96 test start:
2024-10-18 02:11:34.614: 96 avg_reward: 1595.5
2024-10-18 02:11:34.614: 96 avg_steps: 534.55
2024-10-18 02:11:34.614: 96 epsilon: 0.1
2024-10-18 02:11:34.614: 96 q: 6.901787
2024-10-18 02:21:57.994: 97 test start:
2024-10-18 02:22:10.219: 97 avg_reward: 2038.0
2024-10-18 02:22:10.220: 97 avg_steps: 672.3
2024-10-18 02:22:10.220: 97 epsilon: 0.1
2024-10-18 02:22:10.220: 97 q: 7.0646906
2024-10-18 02:31:56.556: 98 test start:
2024-10-18 02:32:07.932: 98 avg_reward: 1920.5
2024-10-18 02:32:07.932: 98 avg_steps: 626.65
2024-10-18 02:32:07.932: 98 epsilon: 0.1
2024-10-18 02:32:07.932: 98 q: 6.9177876
2024-10-18 02:42:27.177: 99 test start:
2024-10-18 02:42:37.351: 99 avg_reward: 1700.5
2024-10-18 02:42:37.351: 99 avg_steps: 554.25
2024-10-18 02:42:37.351: 99 epsilon: 0.1
2024-10-18 02:42:37.351: 99 q: 7.0183244
2024-10-18 02:52:20.143: 100 test start:
2024-10-18 02:52:29.087: 100 avg_reward: 1425.5
2024-10-18 02:52:29.087: 100 avg_steps: 491.95
2024-10-18 02:52:29.093: 100 epsilon: 0.1
2024-10-18 02:52:29.093: 100 q: 7.019077
2024-10-18 03:02:50.857: 101 test start:
2024-10-18 03:03:00.166: 101 avg_reward: 1400.5
2024-10-18 03:03:00.166: 101 avg_steps: 495.85
2024-10-18 03:03:00.166: 101 epsilon: 0.1
2024-10-18 03:03:00.166: 101 q: 6.990919
2024-10-18 03:12:45.707: 102 test start:
2024-10-18 03:12:54.737: 102 avg_reward: 1358.0
2024-10-18 03:12:54.738: 102 avg_steps: 477.95
2024-10-18 03:12:54.743: 102 epsilon: 0.1
2024-10-18 03:12:54.743: 102 q: 6.972222
2024-10-18 03:23:12.033: 103 test start:
2024-10-18 03:23:21.314: 103 avg_reward: 1338.0
2024-10-18 03:23:21.314: 103 avg_steps: 514.0
2024-10-18 03:23:21.314: 103 epsilon: 0.1
2024-10-18 03:23:21.314: 103 q: 7.0173087
2024-10-18 03:33:11.200: 104 test start:
2024-10-18 03:33:22.194: 104 avg_reward: 1725.5
2024-10-18 03:33:22.194: 104 avg_steps: 585.4
2024-10-18 03:33:22.194: 104 epsilon: 0.1
2024-10-18 03:33:22.194: 104 q: 6.945224
2024-10-18 03:43:35.424: 105 test start:
2024-10-18 03:43:47.012: 105 avg_reward: 1918.0
2024-10-18 03:43:47.012: 105 avg_steps: 632.35
2024-10-18 03:43:47.012: 105 epsilon: 0.1
2024-10-18 03:43:47.012: 105 q: 6.98011
2024-10-18 03:53:36.821: 106 test start:
2024-10-18 03:53:44.820: 106 avg_reward: 1333.0
2024-10-18 03:53:44.821: 106 avg_steps: 438.25
2024-10-18 03:53:44.821: 106 epsilon: 0.1
2024-10-18 03:53:44.821: 106 q: 6.947733
2024-10-18 04:03:54.914: 107 test start:
2024-10-18 04:04:03.203: 107 avg_reward: 1195.5
2024-10-18 04:04:03.203: 107 avg_steps: 458.6
2024-10-18 04:04:03.204: 107 epsilon: 0.1
2024-10-18 04:04:03.204: 107 q: 6.8990197
2024-10-18 04:14:00.126: 108 test start:
2024-10-18 04:14:11.238: 108 avg_reward: 1743.0
2024-10-18 04:14:11.238: 108 avg_steps: 590.75
2024-10-18 04:14:11.238: 108 epsilon: 0.1
2024-10-18 04:14:11.238: 108 q: 6.9008293
2024-10-18 04:24:12.132: 109 test start:
2024-10-18 04:24:20.631: 109 avg_reward: 1360.5
2024-10-18 04:24:20.631: 109 avg_steps: 462.8
2024-10-18 04:24:20.631: 109 epsilon: 0.1
2024-10-18 04:24:20.631: 109 q: 6.905008
2024-10-18 04:34:21.478: 110 test start:
2024-10-18 04:34:31.868: 110 avg_reward: 1593.0
2024-10-18 04:34:31.868: 110 avg_steps: 547.75
2024-10-18 04:34:31.868: 110 epsilon: 0.1
2024-10-18 04:34:31.868: 110 q: 6.8944516
2024-10-18 04:44:29.717: 111 test start:
2024-10-18 04:44:40.331: 111 avg_reward: 1683.0
2024-10-18 04:44:40.332: 111 avg_steps: 582.85
2024-10-18 04:44:40.337: 111 epsilon: 0.1
2024-10-18 04:44:40.337: 111 q: 6.8841147
2024-10-18 04:54:49.903: 112 test start:
2024-10-18 04:55:00.821: 112 avg_reward: 1803.0
2024-10-18 04:55:00.821: 112 avg_steps: 582.9
2024-10-18 04:55:00.821: 112 epsilon: 0.1
2024-10-18 04:55:00.821: 112 q: 6.842347
2024-10-18 05:04:56.614: 113 test start:
2024-10-18 05:05:07.379: 113 avg_reward: 1753.0
2024-10-18 05:05:07.379: 113 avg_steps: 592.2
2024-10-18 05:05:07.379: 113 epsilon: 0.1
2024-10-18 05:05:07.380: 113 q: 6.9638395
2024-10-18 05:15:12.583: 114 test start:
2024-10-18 05:15:22.782: 114 avg_reward: 1583.0
2024-10-18 05:15:22.782: 114 avg_steps: 536.2
2024-10-18 05:15:22.783: 114 epsilon: 0.1
2024-10-18 05:15:22.783: 114 q: 6.9601846
2024-10-18 05:25:11.395: 115 test start:
2024-10-18 05:25:22.619: 115 avg_reward: 1730.5
2024-10-18 05:25:22.619: 115 avg_steps: 615.65
2024-10-18 05:25:22.619: 115 epsilon: 0.1
2024-10-18 05:25:22.619: 115 q: 6.897107
2024-10-18 05:35:34.763: 116 test start:
2024-10-18 05:35:44.710: 116 avg_reward: 1303.0
2024-10-18 05:35:44.711: 116 avg_steps: 533.9
2024-10-18 05:35:44.711: 116 epsilon: 0.1
2024-10-18 05:35:44.711: 116 q: 6.952947
2024-10-18 05:45:32.848: 117 test start:
2024-10-18 05:45:43.525: 117 avg_reward: 1825.5
2024-10-18 05:45:43.525: 117 avg_steps: 605.35
2024-10-18 05:45:43.526: 117 epsilon: 0.1
2024-10-18 05:45:43.526: 117 q: 6.9233727
2024-10-18 05:56:10.087: 118 test start:
2024-10-18 05:56:20.670: 118 avg_reward: 1708.0
2024-10-18 05:56:20.670: 118 avg_steps: 582.55
2024-10-18 05:56:20.670: 118 epsilon: 0.1
2024-10-18 05:56:20.670: 118 q: 6.9035177
2024-10-18 06:06:08.204: 119 test start:
2024-10-18 06:06:19.893: 119 avg_reward: 2025.5
2024-10-18 06:06:19.893: 119 avg_steps: 627.15
2024-10-18 06:06:19.893: 119 epsilon: 0.1
2024-10-18 06:06:19.894: 119 q: 7.0159726
2024-10-18 06:16:41.279: 120 test start:
2024-10-18 06:16:50.442: 120 avg_reward: 1418.0
2024-10-18 06:16:50.442: 120 avg_steps: 504.95
2024-10-18 06:16:50.442: 120 epsilon: 0.1
2024-10-18 06:16:50.442: 120 q: 6.9627686
2024-10-18 06:26:33.608: 121 test start:
2024-10-18 06:26:44.155: 121 avg_reward: 1523.0
2024-10-18 06:26:44.156: 121 avg_steps: 562.45
2024-10-18 06:26:44.156: 121 epsilon: 0.1
2024-10-18 06:26:44.156: 121 q: 6.898718
2024-10-18 06:36:59.024: 122 test start:
2024-10-18 06:37:10.606: 122 avg_reward: 1773.0
2024-10-18 06:37:10.606: 122 avg_steps: 637.6
2024-10-18 06:37:10.606: 122 epsilon: 0.1
2024-10-18 06:37:10.607: 122 q: 6.9496856
2024-10-18 06:47:02.274: 123 test start:
2024-10-18 06:47:13.226: 123 avg_reward: 1715.5
2024-10-18 06:47:13.226: 123 avg_steps: 585.55
2024-10-18 06:47:13.226: 123 epsilon: 0.1
2024-10-18 06:47:13.226: 123 q: 6.9249063
2024-10-18 06:57:25.344: 124 test start:
2024-10-18 06:57:37.021: 124 avg_reward: 1888.0
2024-10-18 06:57:37.022: 124 avg_steps: 641.7
2024-10-18 06:57:37.022: 124 epsilon: 0.1
2024-10-18 06:57:37.022: 124 q: 6.926043
2024-10-18 07:07:32.778: 125 test start:
2024-10-18 07:07:42.629: 125 avg_reward: 1605.5
2024-10-18 07:07:42.629: 125 avg_steps: 539.4
2024-10-18 07:07:42.629: 125 epsilon: 0.1
2024-10-18 07:07:42.629: 125 q: 6.8922873
2024-10-18 07:17:47.329: 126 test start:
2024-10-18 07:17:59.549: 126 avg_reward: 1988.0
2024-10-18 07:17:59.549: 126 avg_steps: 675.9
2024-10-18 07:17:59.549: 126 epsilon: 0.1
2024-10-18 07:17:59.549: 126 q: 6.9661055
2024-10-18 07:28:03.454: 127 test start:
2024-10-18 07:28:13.436: 127 avg_reward: 1453.0
2024-10-18 07:28:13.436: 127 avg_steps: 536.15
2024-10-18 07:28:13.436: 127 epsilon: 0.1
2024-10-18 07:28:13.436: 127 q: 7.0350027
2024-10-18 07:38:16.299: 128 test start:
2024-10-18 07:38:27.414: 128 avg_reward: 1688.0
2024-10-18 07:38:27.414: 128 avg_steps: 606.25
2024-10-18 07:38:27.414: 128 epsilon: 0.1
2024-10-18 07:38:27.414: 128 q: 7.0669804
2024-10-18 07:48:37.378: 129 test start:
2024-10-18 07:48:49.944: 129 avg_reward: 2038.0
2024-10-18 07:48:49.944: 129 avg_steps: 698.1
2024-10-18 07:48:49.944: 129 epsilon: 0.1
2024-10-18 07:48:49.944: 129 q: 7.048791
2024-10-18 07:58:43.062: 130 test start:
2024-10-18 07:58:51.501: 130 avg_reward: 1123.0
2024-10-18 07:58:51.501: 130 avg_steps: 464.1
2024-10-18 07:58:51.507: 130 epsilon: 0.1
2024-10-18 07:58:51.507: 130 q: 7.0634627
2024-10-18 08:09:06.471: 131 test start:
2024-10-18 08:09:19.747: 131 avg_reward: 1870.5
2024-10-18 08:09:19.747: 131 avg_steps: 710.1
2024-10-18 08:09:19.753: 131 epsilon: 0.1
2024-10-18 08:09:19.753: 131 q: 7.181999
2024-10-18 08:19:06.664: 132 test start:
2024-10-18 08:19:18.156: 132 avg_reward: 1880.5
2024-10-18 08:19:18.156: 132 avg_steps: 634.5
2024-10-18 08:19:18.156: 132 epsilon: 0.1
2024-10-18 08:19:18.156: 132 q: 7.075886
2024-10-18 08:29:38.659: 133 test start:
2024-10-18 08:29:50.305: 133 avg_reward: 1650.5
2024-10-18 08:29:50.306: 133 avg_steps: 611.25
2024-10-18 08:29:50.306: 133 epsilon: 0.1
2024-10-18 08:29:50.306: 133 q: 7.1375775
2024-10-18 08:39:31.530: 134 test start:
2024-10-18 08:39:42.593: 134 avg_reward: 1768.0
2024-10-18 08:39:42.593: 134 avg_steps: 593.15
2024-10-18 08:39:42.593: 134 epsilon: 0.1
2024-10-18 08:39:42.593: 134 q: 7.2025466
2024-10-18 08:50:05.211: 135 test start:
2024-10-18 08:50:17.036: 135 avg_reward: 1845.5
2024-10-18 08:50:17.037: 135 avg_steps: 639.3
2024-10-18 08:50:17.037: 135 epsilon: 0.1
2024-10-18 08:50:17.037: 135 q: 7.2641892
2024-10-18 08:59:52.224: 136 test start:
2024-10-18 09:00:02.883: 136 avg_reward: 1673.0
2024-10-18 09:00:02.884: 136 avg_steps: 576.0
2024-10-18 09:00:02.884: 136 epsilon: 0.1
2024-10-18 09:00:02.884: 136 q: 7.3367376
2024-10-18 09:10:22.050: 137 test start:
2024-10-18 09:10:31.876: 137 avg_reward: 1505.5
2024-10-18 09:10:31.876: 137 avg_steps: 525.4
2024-10-18 09:10:31.876: 137 epsilon: 0.1
2024-10-18 09:10:31.876: 137 q: 7.374873
2024-10-18 09:20:49.490: 138 test start:
2024-10-18 09:20:59.296: 138 avg_reward: 1480.5
2024-10-18 09:20:59.297: 138 avg_steps: 541.4
2024-10-18 09:20:59.297: 138 epsilon: 0.1
2024-10-18 09:20:59.297: 138 q: 7.397332
2024-10-18 09:31:23.785: 139 test start:
2024-10-18 09:31:35.138: 139 avg_reward: 1803.0
2024-10-18 09:31:35.139: 139 avg_steps: 639.05
2024-10-18 09:31:35.139: 139 epsilon: 0.1
2024-10-18 09:31:35.139: 139 q: 7.341635
2024-10-18 09:41:57.601: 140 test start:
2024-10-18 09:42:08.686: 140 avg_reward: 1663.0
2024-10-18 09:42:08.686: 140 avg_steps: 590.25
2024-10-18 09:42:08.687: 140 epsilon: 0.1
2024-10-18 09:42:08.687: 140 q: 7.436423
2024-10-18 09:52:29.235: 141 test start:
2024-10-18 09:52:42.825: 141 avg_reward: 2043.0
2024-10-18 09:52:42.825: 141 avg_steps: 716.7
2024-10-18 09:52:42.825: 141 epsilon: 0.1
2024-10-18 09:52:42.825: 141 q: 7.434174
2024-10-18 10:03:03.512: 142 test start:
2024-10-18 10:03:17.065: 142 avg_reward: 1965.5
2024-10-18 10:03:17.065: 142 avg_steps: 729.0
2024-10-18 10:03:17.065: 142 epsilon: 0.1
2024-10-18 10:03:17.065: 142 q: 7.502644
2024-10-18 10:13:33.805: 143 test start:
2024-10-18 10:13:47.023: 143 avg_reward: 2050.5
2024-10-18 10:13:47.023: 143 avg_steps: 703.4
2024-10-18 10:13:47.024: 143 epsilon: 0.1
2024-10-18 10:13:47.024: 143 q: 7.457927
2024-10-18 10:24:05.869: 144 test start:
2024-10-18 10:24:16.989: 144 avg_reward: 1745.5
2024-10-18 10:24:16.989: 144 avg_steps: 587.85
2024-10-18 10:24:16.989: 144 epsilon: 0.1
2024-10-18 10:24:16.989: 144 q: 7.4360633
2024-10-18 10:34:34.904: 145 test start:
2024-10-18 10:34:47.044: 145 avg_reward: 1833.0
2024-10-18 10:34:47.044: 145 avg_steps: 643.2
2024-10-18 10:34:47.044: 145 epsilon: 0.1
2024-10-18 10:34:47.044: 145 q: 7.4781737
2024-10-18 10:45:11.497: 146 test start:
2024-10-18 10:45:22.668: 146 avg_reward: 1700.5
2024-10-18 10:45:22.668: 146 avg_steps: 596.0
2024-10-18 10:45:22.668: 146 epsilon: 0.1
2024-10-18 10:45:22.668: 146 q: 7.540066
2024-10-18 10:55:44.823: 147 test start:
2024-10-18 10:55:57.452: 147 avg_reward: 2023.0
2024-10-18 10:55:57.452: 147 avg_steps: 685.8
2024-10-18 10:55:57.452: 147 epsilon: 0.1
2024-10-18 10:55:57.452: 147 q: 7.466703
2024-10-18 11:06:18.601: 148 test start:
2024-10-18 11:06:30.743: 148 avg_reward: 1795.5
2024-10-18 11:06:30.743: 148 avg_steps: 641.0
2024-10-18 11:06:30.743: 148 epsilon: 0.1
2024-10-18 11:06:30.743: 148 q: 7.497502
2024-10-18 11:16:51.335: 149 test start:
2024-10-18 11:17:04.026: 149 avg_reward: 1870.5
2024-10-18 11:17:04.027: 149 avg_steps: 667.15
2024-10-18 11:17:04.027: 149 epsilon: 0.1
2024-10-18 11:17:04.027: 149 q: 7.5058074
2024-10-18 11:27:23.398: 150 test start:
2024-10-18 11:27:33.310: 150 avg_reward: 1468.0
2024-10-18 11:27:33.310: 150 avg_steps: 533.8
2024-10-18 11:27:33.310: 150 epsilon: 0.1
2024-10-18 11:27:33.310: 150 q: 7.5090413
2024-10-18 11:37:55.348: 151 test start:
2024-10-18 11:38:09.619: 151 avg_reward: 2215.5
2024-10-18 11:38:09.619: 151 avg_steps: 756.0
2024-10-18 11:38:09.619: 151 epsilon: 0.1
2024-10-18 11:38:09.619: 151 q: 7.488941
2024-10-18 11:48:27.524: 152 test start:
2024-10-18 11:48:39.561: 152 avg_reward: 1985.5
2024-10-18 11:48:39.561: 152 avg_steps: 641.35
2024-10-18 11:48:39.562: 152 epsilon: 0.1
2024-10-18 11:48:39.562: 152 q: 7.5632896
2024-10-18 11:58:59.693: 153 test start:
2024-10-18 11:59:11.540: 153 avg_reward: 1975.5
2024-10-18 11:59:11.541: 153 avg_steps: 643.9
2024-10-18 11:59:11.541: 153 epsilon: 0.1
2024-10-18 11:59:11.541: 153 q: 7.6286025
2024-10-18 12:09:33.803: 154 test start:
2024-10-18 12:09:45.839: 154 avg_reward: 1723.0
2024-10-18 12:09:45.839: 154 avg_steps: 634.6
2024-10-18 12:09:45.839: 154 epsilon: 0.1
2024-10-18 12:09:45.839: 154 q: 7.734061
2024-10-18 12:20:07.625: 155 test start:
2024-10-18 12:20:19.795: 155 avg_reward: 1868.0
2024-10-18 12:20:19.795: 155 avg_steps: 646.8
2024-10-18 12:20:19.795: 155 epsilon: 0.1
2024-10-18 12:20:19.795: 155 q: 7.713995
2024-10-18 12:30:38.419: 156 test start:
2024-10-18 12:30:47.391: 156 avg_reward: 1263.0
2024-10-18 12:30:47.391: 156 avg_steps: 469.1
2024-10-18 12:30:47.391: 156 epsilon: 0.1
2024-10-18 12:30:47.392: 156 q: 7.6693068
2024-10-18 12:41:06.001: 157 test start:
2024-10-18 12:41:18.627: 157 avg_reward: 1955.5
2024-10-18 12:41:18.627: 157 avg_steps: 668.1
2024-10-18 12:41:18.627: 157 epsilon: 0.1
2024-10-18 12:41:18.627: 157 q: 7.7884045
2024-10-18 12:51:39.802: 158 test start:
2024-10-18 12:51:51.559: 158 avg_reward: 1820.5
2024-10-18 12:51:51.559: 158 avg_steps: 628.7
2024-10-18 12:51:51.559: 158 epsilon: 0.1
2024-10-18 12:51:51.559: 158 q: 7.772107
2024-10-18 13:02:12.020: 159 test start:
2024-10-18 13:02:23.778: 159 avg_reward: 1895.5
2024-10-18 13:02:23.778: 159 avg_steps: 622.3
2024-10-18 13:02:23.778: 159 epsilon: 0.1
2024-10-18 13:02:23.778: 159 q: 7.621256
2024-10-18 13:12:44.950: 160 test start:
2024-10-18 13:12:59.362: 160 avg_reward: 2133.0
2024-10-18 13:12:59.362: 160 avg_steps: 778.25
2024-10-18 13:12:59.362: 160 epsilon: 0.1
2024-10-18 13:12:59.363: 160 q: 7.727028
2024-10-18 13:23:24.004: 161 test start:
2024-10-18 13:23:36.074: 161 avg_reward: 1885.5
2024-10-18 13:23:36.075: 161 avg_steps: 660.6
2024-10-18 13:23:36.075: 161 epsilon: 0.1
2024-10-18 13:23:36.075: 161 q: 7.7225327
2024-10-18 13:33:58.256: 162 test start:
2024-10-18 13:34:12.992: 162 avg_reward: 2130.5
2024-10-18 13:34:12.993: 162 avg_steps: 784.15
2024-10-18 13:34:12.993: 162 epsilon: 0.1
2024-10-18 13:34:12.993: 162 q: 7.742227
2024-10-18 13:44:36.058: 163 test start:
2024-10-18 13:44:49.139: 163 avg_reward: 1963.0
2024-10-18 13:44:49.139: 163 avg_steps: 709.9
2024-10-18 13:44:49.139: 163 epsilon: 0.1
2024-10-18 13:44:49.140: 163 q: 7.676286
2024-10-18 13:55:10.127: 164 test start:
2024-10-18 13:55:20.852: 164 avg_reward: 1570.5
2024-10-18 13:55:20.852: 164 avg_steps: 567.45
2024-10-18 13:55:20.852: 164 epsilon: 0.1
2024-10-18 13:55:20.852: 164 q: 7.7727776
2024-10-18 14:05:41.740: 165 test start:
2024-10-18 14:05:48.254: 165 avg_reward: 450.5
2024-10-18 14:05:48.254: 165 avg_steps: 341.15
2024-10-18 14:05:48.254: 165 epsilon: 0.1
2024-10-18 14:05:48.254: 165 q: 7.8871207
2024-10-18 14:16:04.871: 166 test start:
2024-10-18 14:16:17.916: 166 avg_reward: 2058.0
2024-10-18 14:16:17.916: 166 avg_steps: 694.7
2024-10-18 14:16:17.916: 166 epsilon: 0.1
2024-10-18 14:16:17.916: 166 q: 7.652249
2024-10-18 14:26:33.447: 167 test start:
2024-10-18 14:26:43.578: 167 avg_reward: 1433.0
2024-10-18 14:26:43.579: 167 avg_steps: 540.15
2024-10-18 14:26:43.579: 167 epsilon: 0.1
2024-10-18 14:26:43.579: 167 q: 7.822705
2024-10-18 14:37:02.497: 168 test start:
2024-10-18 14:37:15.335: 168 avg_reward: 1990.5
2024-10-18 14:37:15.335: 168 avg_steps: 685.45
2024-10-18 14:37:15.335: 168 epsilon: 0.1
2024-10-18 14:37:15.335: 168 q: 7.9061723
2024-10-18 14:47:33.788: 169 test start:
2024-10-18 14:47:41.138: 169 avg_reward: 800.5
2024-10-18 14:47:41.139: 169 avg_steps: 392.8
2024-10-18 14:47:41.139: 169 epsilon: 0.1
2024-10-18 14:47:41.139: 169 q: 8.047113
2024-10-18 14:58:00.022: 170 test start:
2024-10-18 14:58:12.110: 170 avg_reward: 1868.0
2024-10-18 14:58:12.110: 170 avg_steps: 646.25
2024-10-18 14:58:12.110: 170 epsilon: 0.1
2024-10-18 14:58:12.110: 170 q: 8.115261
2024-10-18 15:08:33.123: 171 test start:
2024-10-18 15:08:44.907: 171 avg_reward: 1673.0
2024-10-18 15:08:44.907: 171 avg_steps: 623.25
2024-10-18 15:08:44.907: 171 epsilon: 0.1
2024-10-18 15:08:44.907: 171 q: 8.228906
2024-10-18 15:19:07.929: 172 test start:
2024-10-18 15:19:20.624: 172 avg_reward: 2058.0
2024-10-18 15:19:20.624: 172 avg_steps: 705.35
2024-10-18 15:19:20.624: 172 epsilon: 0.1
2024-10-18 15:19:20.624: 172 q: 8.328369
2024-10-18 15:29:38.366: 173 test start:
2024-10-18 15:29:51.759: 173 avg_reward: 2118.0
2024-10-18 15:29:51.760: 173 avg_steps: 720.3
2024-10-18 15:29:51.760: 173 epsilon: 0.1
2024-10-18 15:29:51.760: 173 q: 8.327651
2024-10-18 15:40:11.630: 174 test start:
2024-10-18 15:40:24.773: 174 avg_reward: 2118.0
2024-10-18 15:40:24.773: 174 avg_steps: 719.9
2024-10-18 15:40:24.773: 174 epsilon: 0.1
2024-10-18 15:40:24.774: 174 q: 8.299256
2024-10-18 15:50:46.732: 175 test start:
2024-10-18 15:51:00.007: 175 avg_reward: 2118.0
2024-10-18 15:51:00.008: 175 avg_steps: 710.55
2024-10-18 15:51:00.008: 175 epsilon: 0.1
2024-10-18 15:51:00.008: 175 q: 8.39327
2024-10-18 16:01:18.114: 176 test start:
2024-10-18 16:01:31.164: 176 avg_reward: 2048.0
2024-10-18 16:01:31.164: 176 avg_steps: 695.25
2024-10-18 16:01:31.164: 176 epsilon: 0.1
2024-10-18 16:01:31.164: 176 q: 8.309641
2024-10-18 16:11:53.317: 177 test start:
2024-10-18 16:12:04.309: 177 avg_reward: 1475.5
2024-10-18 16:12:04.309: 177 avg_steps: 598.35
2024-10-18 16:12:04.309: 177 epsilon: 0.1
2024-10-18 16:12:04.309: 177 q: 8.307282
2024-10-18 16:22:25.574: 178 test start:
2024-10-18 16:22:36.243: 178 avg_reward: 1573.0
2024-10-18 16:22:36.244: 178 avg_steps: 585.55
2024-10-18 16:22:36.249: 178 epsilon: 0.1
2024-10-18 16:22:36.249: 178 q: 8.293926
2024-10-18 16:32:57.550: 179 test start:
2024-10-18 16:33:12.192: 179 avg_reward: 2418.0
2024-10-18 16:33:12.193: 179 avg_steps: 791.8
2024-10-18 16:33:12.193: 179 epsilon: 0.1
2024-10-18 16:33:12.193: 179 q: 8.320836
2024-10-18 16:43:40.718: 180 test start:
2024-10-18 16:43:52.508: 180 avg_reward: 1845.5
2024-10-18 16:43:52.508: 180 avg_steps: 642.35
2024-10-18 16:43:52.508: 180 epsilon: 0.1
2024-10-18 16:43:52.508: 180 q: 8.284977
2024-10-18 16:54:17.843: 181 test start:
2024-10-18 16:54:29.851: 181 avg_reward: 1685.5
2024-10-18 16:54:29.851: 181 avg_steps: 641.25
2024-10-18 16:54:29.851: 181 epsilon: 0.1
2024-10-18 16:54:29.852: 181 q: 8.354009
2024-10-18 17:04:53.766: 182 test start:
2024-10-18 17:05:09.684: 182 avg_reward: 2498.0
2024-10-18 17:05:09.684: 182 avg_steps: 838.35
2024-10-18 17:05:09.684: 182 epsilon: 0.1
2024-10-18 17:05:09.684: 182 q: 8.436173
2024-10-18 17:15:33.717: 183 test start:
2024-10-18 17:15:46.890: 183 avg_reward: 2175.5
2024-10-18 17:15:46.890: 183 avg_steps: 729.0
2024-10-18 17:15:46.890: 183 epsilon: 0.1
2024-10-18 17:15:46.890: 183 q: 8.376057
2024-10-18 17:26:18.791: 184 test start:
2024-10-18 17:26:27.645: 184 avg_reward: 1103.0
2024-10-18 17:26:27.645: 184 avg_steps: 475.7
2024-10-18 17:26:27.646: 184 epsilon: 0.1
2024-10-18 17:26:27.646: 184 q: 8.489084
2024-10-18 17:36:51.613: 185 test start:
2024-10-18 17:37:05.129: 185 avg_reward: 2003.0
2024-10-18 17:37:05.129: 185 avg_steps: 712.75
2024-10-18 17:37:05.129: 185 epsilon: 0.1
2024-10-18 17:37:05.129: 185 q: 8.507703
2024-10-18 17:47:31.251: 186 test start:
2024-10-18 17:47:42.749: 186 avg_reward: 1803.0
2024-10-18 17:47:42.750: 186 avg_steps: 637.3
2024-10-18 17:47:42.750: 186 epsilon: 0.1
2024-10-18 17:47:42.750: 186 q: 8.579831
2024-10-18 17:58:10.618: 187 test start:
2024-10-18 17:58:21.583: 187 avg_reward: 1595.5
2024-10-18 17:58:21.584: 187 avg_steps: 584.6
2024-10-18 17:58:21.584: 187 epsilon: 0.1
2024-10-18 17:58:21.584: 187 q: 8.550971
2024-10-18 18:08:48.143: 188 test start:
2024-10-18 18:09:02.046: 188 avg_reward: 2323.0
2024-10-18 18:09:02.046: 188 avg_steps: 742.5
2024-10-18 18:09:02.046: 188 epsilon: 0.1
2024-10-18 18:09:02.046: 188 q: 8.779422
2024-10-18 18:19:31.154: 189 test start:
2024-10-18 18:19:41.399: 189 avg_reward: 1428.0
2024-10-18 18:19:41.399: 189 avg_steps: 538.8
2024-10-18 18:19:41.399: 189 epsilon: 0.1
2024-10-18 18:19:41.399: 189 q: 8.668724
2024-10-18 18:30:05.071: 190 test start:
2024-10-18 18:30:13.797: 190 avg_reward: 1050.5
2024-10-18 18:30:13.798: 190 avg_steps: 468.85
2024-10-18 18:30:13.798: 190 epsilon: 0.1
2024-10-18 18:30:13.798: 190 q: 8.810808
2024-10-18 18:40:41.038: 191 test start:
2024-10-18 18:40:51.001: 191 avg_reward: 1513.0
2024-10-18 18:40:51.001: 191 avg_steps: 533.2
2024-10-18 18:40:51.001: 191 epsilon: 0.1
2024-10-18 18:40:51.001: 191 q: 8.863036
2024-10-18 18:51:17.592: 192 test start:
2024-10-18 18:51:30.374: 192 avg_reward: 2063.0
2024-10-18 18:51:30.374: 192 avg_steps: 680.75
2024-10-18 18:51:30.375: 192 epsilon: 0.1
2024-10-18 18:51:30.375: 192 q: 8.859242
2024-10-18 19:01:56.866: 193 test start:
2024-10-18 19:02:09.362: 193 avg_reward: 1958.0
2024-10-18 19:02:09.362: 193 avg_steps: 664.15
2024-10-18 19:02:09.362: 193 epsilon: 0.1
2024-10-18 19:02:09.362: 193 q: 8.841474
2024-10-18 19:12:34.504: 194 test start:
2024-10-18 19:12:43.030: 194 avg_reward: 1278.0
2024-10-18 19:12:43.031: 194 avg_steps: 478.05
2024-10-18 19:12:43.031: 194 epsilon: 0.1
2024-10-18 19:12:43.031: 194 q: 8.811832
2024-10-18 19:23:07.776: 195 test start:
2024-10-18 19:23:19.939: 195 avg_reward: 1933.0
2024-10-18 19:23:19.939: 195 avg_steps: 657.8
2024-10-18 19:23:19.939: 195 epsilon: 0.1
2024-10-18 19:23:19.940: 195 q: 8.927655
2024-10-18 19:33:47.239: 196 test start:
2024-10-18 19:33:56.061: 196 avg_reward: 1103.0
2024-10-18 19:33:56.062: 196 avg_steps: 471.1
2024-10-18 19:33:56.062: 196 epsilon: 0.1
2024-10-18 19:33:56.062: 196 q: 8.90667
2024-10-18 19:44:14.139: 197 test start:
2024-10-18 19:44:28.715: 197 avg_reward: 2378.0
2024-10-18 19:44:28.715: 197 avg_steps: 790.1
2024-10-18 19:44:28.715: 197 epsilon: 0.1
2024-10-18 19:44:28.715: 197 q: 8.77423
2024-10-18 19:54:51.109: 198 test start:
2024-10-18 19:55:02.955: 198 avg_reward: 1985.5
2024-10-18 19:55:02.955: 198 avg_steps: 652.2
2024-10-18 19:55:02.955: 198 epsilon: 0.1
2024-10-18 19:55:02.955: 198 q: 8.795623
2024-10-18 20:05:24.144: 199 test start:
2024-10-18 20:05:35.329: 199 avg_reward: 1785.5
2024-10-18 20:05:35.329: 199 avg_steps: 610.25
2024-10-18 20:05:35.329: 199 epsilon: 0.1
2024-10-18 20:05:35.329: 199 q: 8.693994
2024-10-18 20:15:55.578: 200 test start:
2024-10-18 20:16:09.696: 200 avg_reward: 2403.0
2024-10-18 20:16:09.696: 200 avg_steps: 777.4
2024-10-18 20:16:09.696: 200 epsilon: 0.1
2024-10-18 20:16:09.696: 200 q: 8.687433
