2024-05-01 10:28:12.563: 
parameters:agent_saving_period: 80000
agent_test_episodes: 20
batch_num_per_epoch: 100000
device: cuda:0
env_name: ALE/Atlantis-v5
epsilon_for_test: 0.05
epsilon_max: 1.0
epsilon_min: 0.1
exploration_steps: 1000000
gamma: 0.99
input_frame_height: 84
input_frame_width: 84
learning_rate: 1.0e-05
log_path: ../exps/dqn/
mini_batch_size: 32
no_op: 30
phi_channel: 4
replay_buffer_size: 200000
replay_start_size: 10000
save_path: ./exps/
skip_k_frame: 4
step_c: 10000
training_steps: 50000000

2024-05-01 10:45:14.669: 1 test start:
2024-05-01 10:45:47.982: 1 avg_reward: 6775.0
2024-05-01 10:45:47.983: 1 avg_steps: 905.4
2024-05-01 10:45:47.983: 1 epsilon: 0.9197308
2024-05-01 11:08:19.937: 2 test start:
2024-05-01 11:09:05.880: 2 avg_reward: 14175.0
2024-05-01 11:09:05.881: 2 avg_steps: 1280.6
2024-05-01 11:09:05.881: 2 epsilon: 0.8318953
2024-05-01 11:33:07.493: 3 test start:
2024-05-01 11:33:37.157: 3 avg_reward: 8955.0
2024-05-01 11:33:37.157: 3 avg_steps: 864.2
2024-05-01 11:33:37.157: 3 epsilon: 0.7434082
2024-05-01 11:57:21.921: 4 test start:
2024-05-01 11:57:48.664: 4 avg_reward: 6835.0
2024-05-01 11:57:48.664: 4 avg_steps: 775.6
2024-05-01 11:57:48.664: 4 epsilon: 0.6550714
2024-05-01 12:21:47.481: 5 test start:
2024-05-01 12:22:14.660: 5 avg_reward: 6175.0
2024-05-01 12:22:14.661: 5 avg_steps: 754.9
2024-05-01 12:22:14.661: 5 epsilon: 0.5667184
2024-05-01 12:45:54.316: 6 test start:
2024-05-01 12:46:22.570: 6 avg_reward: 6450.0
2024-05-01 12:46:22.571: 6 avg_steps: 767.4
2024-05-01 12:46:22.571: 6 epsilon: 0.4795885
2024-05-01 13:10:44.856: 7 test start:
2024-05-01 13:11:08.538: 7 avg_reward: 5600.0
2024-05-01 13:11:08.538: 7 avg_steps: 703.0
2024-05-01 13:11:08.538: 7 epsilon: 0.3913021
2024-05-01 13:35:10.143: 8 test start:
2024-05-01 13:35:38.089: 8 avg_reward: 8385.0
2024-05-01 13:35:38.090: 8 avg_steps: 809.5
2024-05-01 13:35:38.090: 8 epsilon: 0.3034036
2024-05-01 14:00:39.745: 9 test start:
2024-05-01 14:01:08.959: 9 avg_reward: 9125.0
2024-05-01 14:01:08.960: 9 avg_steps: 842.0
2024-05-01 14:01:08.960: 9 epsilon: 0.2152179999999999
2024-05-01 14:25:27.936: 10 test start:
2024-05-01 14:26:02.545: 10 avg_reward: 9830.0
2024-05-01 14:26:02.546: 10 avg_steps: 986.2
2024-05-01 14:26:02.546: 10 epsilon: 0.12866139999999993
2024-05-01 14:51:39.621: 11 test start:
2024-05-01 14:52:02.812: 11 avg_reward: 5415.0
2024-05-01 14:52:02.812: 11 avg_steps: 714.1
2024-05-01 14:52:02.812: 11 epsilon: 0.1
2024-05-01 15:18:23.054: 12 test start:
2024-05-01 15:18:56.769: 12 avg_reward: 11485.0
2024-05-01 15:18:56.769: 12 avg_steps: 978.4
2024-05-01 15:18:56.769: 12 epsilon: 0.1
2024-05-01 15:45:27.761: 13 test start:
2024-05-01 15:46:01.509: 13 avg_reward: 10420.0
2024-05-01 15:46:01.509: 13 avg_steps: 964.5
2024-05-01 15:46:01.509: 13 epsilon: 0.1
2024-05-01 16:12:23.815: 14 test start:
2024-05-01 16:13:02.342: 14 avg_reward: 11870.0
2024-05-01 16:13:02.342: 14 avg_steps: 1081.0
2024-05-01 16:13:02.342: 14 epsilon: 0.1
2024-05-01 16:40:00.006: 15 test start:
2024-05-01 16:40:38.464: 15 avg_reward: 13675.0
2024-05-01 16:40:38.464: 15 avg_steps: 1045.8
2024-05-01 16:40:38.464: 15 epsilon: 0.1
2024-05-01 17:06:31.336: 16 test start:
2024-05-01 17:07:23.126: 16 avg_reward: 17600.0
2024-05-01 17:07:23.127: 16 avg_steps: 1403.2
2024-05-01 17:07:23.127: 16 epsilon: 0.1
2024-05-01 17:33:41.681: 17 test start:
2024-05-01 17:35:00.727: 17 avg_reward: 36155.0
2024-05-01 17:35:00.728: 17 avg_steps: 2171.9
2024-05-01 17:35:00.728: 17 epsilon: 0.1
2024-05-01 18:02:02.625: 18 test start:
2024-05-01 18:02:56.413: 18 avg_reward: 20220.0
2024-05-01 18:02:56.414: 18 avg_steps: 1459.8
2024-05-01 18:02:56.414: 18 epsilon: 0.1
2024-05-01 18:30:09.998: 19 test start:
2024-05-01 18:31:01.029: 19 avg_reward: 17070.0
2024-05-01 18:31:01.030: 19 avg_steps: 1347.2
2024-05-01 18:31:01.030: 19 epsilon: 0.1
2024-05-01 18:57:24.234: 20 test start:
2024-05-01 18:58:26.091: 20 avg_reward: 24470.0
2024-05-01 18:58:26.092: 20 avg_steps: 1712.8
2024-05-01 18:58:26.092: 20 epsilon: 0.1
2024-05-01 19:25:30.095: 21 test start:
2024-05-01 19:26:20.857: 21 avg_reward: 17990.0
2024-05-01 19:26:20.858: 21 avg_steps: 1340.1
2024-05-01 19:26:20.858: 21 epsilon: 0.1
2024-05-01 19:52:50.412: 22 test start:
2024-05-01 19:53:42.398: 22 avg_reward: 19025.0
2024-05-01 19:53:42.399: 22 avg_steps: 1389.6
2024-05-01 19:53:42.400: 22 epsilon: 0.1
2024-05-01 20:20:34.929: 23 test start:
2024-05-01 20:21:43.379: 23 avg_reward: 29045.0
2024-05-01 20:21:43.379: 23 avg_steps: 1880.3
2024-05-01 20:21:43.379: 23 epsilon: 0.1
2024-05-01 20:48:39.490: 24 test start:
2024-05-01 20:49:32.742: 24 avg_reward: 20360.0
2024-05-01 20:49:32.743: 24 avg_steps: 1519.5
2024-05-01 20:49:32.743: 24 epsilon: 0.1
2024-05-01 21:15:36.332: 25 test start:
2024-05-01 21:16:46.136: 25 avg_reward: 32120.0
2024-05-01 21:16:46.137: 25 avg_steps: 2071.8
2024-05-01 21:16:46.137: 25 epsilon: 0.1
2024-05-01 21:43:26.010: 26 test start:
2024-05-01 21:44:17.544: 26 avg_reward: 18630.0
2024-05-01 21:44:17.545: 26 avg_steps: 1478.4
2024-05-01 21:44:17.545: 26 epsilon: 0.1
2024-05-01 22:11:05.095: 27 test start:
2024-05-01 22:11:58.068: 27 avg_reward: 20870.0
2024-05-01 22:11:58.068: 27 avg_steps: 1465.5
2024-05-01 22:11:58.068: 27 epsilon: 0.1
2024-05-01 22:38:56.792: 28 test start:
2024-05-01 22:39:54.020: 28 avg_reward: 23350.0
2024-05-01 22:39:54.020: 28 avg_steps: 1618.8
2024-05-01 22:39:54.020: 28 epsilon: 0.1
2024-05-01 23:03:43.754: 29 test start:
2024-05-01 23:05:14.326: 29 avg_reward: 50715.0
2024-05-01 23:05:14.326: 29 avg_steps: 2674.6
2024-05-01 23:05:14.326: 29 epsilon: 0.1
2024-05-01 23:28:05.955: 30 test start:
2024-05-01 23:28:55.025: 30 avg_reward: 19195.0
2024-05-01 23:28:55.026: 30 avg_steps: 1450.5
2024-05-01 23:28:55.026: 30 epsilon: 0.1
2024-05-01 23:55:37.993: 31 test start:
2024-05-01 23:56:31.448: 31 avg_reward: 23195.0
2024-05-01 23:56:31.449: 31 avg_steps: 1626.5
2024-05-01 23:56:31.449: 31 epsilon: 0.1
2024-05-02 00:22:38.149: 32 test start:
2024-05-02 00:24:10.960: 32 avg_reward: 46415.0
2024-05-02 00:24:10.960: 32 avg_steps: 2561.1
2024-05-02 00:24:10.960: 32 epsilon: 0.1
2024-05-02 00:51:44.120: 33 test start:
2024-05-02 00:52:42.790: 33 avg_reward: 25655.0
2024-05-02 00:52:42.791: 33 avg_steps: 1679.7
2024-05-02 00:52:42.791: 33 epsilon: 0.1
2024-05-02 01:19:57.864: 34 test start:
2024-05-02 01:21:02.346: 34 avg_reward: 32790.0
2024-05-02 01:21:02.346: 34 avg_steps: 2019.2
2024-05-02 01:21:02.346: 34 epsilon: 0.1
2024-05-02 01:48:05.903: 35 test start:
2024-05-02 01:49:31.024: 35 avg_reward: 46820.0
2024-05-02 01:49:31.024: 35 avg_steps: 2374.3
2024-05-02 01:49:31.025: 35 epsilon: 0.1
2024-05-02 02:16:27.878: 36 test start:
2024-05-02 02:17:37.768: 36 avg_reward: 34665.0
2024-05-02 02:17:37.768: 36 avg_steps: 2010.6
2024-05-02 02:17:37.769: 36 epsilon: 0.1
2024-05-02 02:44:13.870: 37 test start:
2024-05-02 02:45:40.703: 37 avg_reward: 44340.0
2024-05-02 02:45:40.704: 37 avg_steps: 2459.4
2024-05-02 02:45:40.704: 37 epsilon: 0.1
2024-05-02 03:12:18.633: 38 test start:
2024-05-02 03:13:26.497: 38 avg_reward: 32085.0
2024-05-02 03:13:26.498: 38 avg_steps: 1918.7
2024-05-02 03:13:26.498: 38 epsilon: 0.1
2024-05-02 03:40:34.801: 39 test start:
2024-05-02 03:42:14.190: 39 avg_reward: 53325.0
2024-05-02 03:42:14.190: 39 avg_steps: 2802.3
2024-05-02 03:42:14.190: 39 epsilon: 0.1
2024-05-02 04:09:27.564: 40 test start:
2024-05-02 04:10:58.652: 40 avg_reward: 43015.0
2024-05-02 04:10:58.653: 40 avg_steps: 2529.9
2024-05-02 04:10:58.653: 40 epsilon: 0.1
2024-05-02 04:37:40.946: 41 test start:
2024-05-02 04:39:11.137: 41 avg_reward: 41090.0
2024-05-02 04:39:11.137: 41 avg_steps: 2519.9
2024-05-02 04:39:11.137: 41 epsilon: 0.1
2024-05-02 05:06:12.584: 42 test start:
2024-05-02 05:08:01.915: 42 avg_reward: 62040.0
2024-05-02 05:08:01.916: 42 avg_steps: 3130.3
2024-05-02 05:08:01.916: 42 epsilon: 0.1
2024-05-02 05:34:27.998: 43 test start:
2024-05-02 05:36:11.708: 43 avg_reward: 58785.0
2024-05-02 05:36:11.709: 43 avg_steps: 3010.9
2024-05-02 05:36:11.709: 43 epsilon: 0.1
2024-05-02 06:02:04.370: 44 test start:
2024-05-02 06:03:01.765: 44 avg_reward: 25580.0
2024-05-02 06:03:01.766: 44 avg_steps: 1662.1
2024-05-02 06:03:01.766: 44 epsilon: 0.1
2024-05-02 06:29:23.698: 45 test start:
2024-05-02 06:31:02.318: 45 avg_reward: 54900.0
2024-05-02 06:31:02.318: 45 avg_steps: 2791.0
2024-05-02 06:31:02.318: 45 epsilon: 0.1
2024-05-02 06:57:03.874: 46 test start:
2024-05-02 06:58:16.987: 46 avg_reward: 31490.0
2024-05-02 06:58:16.988: 46 avg_steps: 2155.3
2024-05-02 06:58:16.988: 46 epsilon: 0.1
2024-05-02 07:24:25.214: 47 test start:
2024-05-02 07:25:50.581: 47 avg_reward: 42615.0
2024-05-02 07:25:50.581: 47 avg_steps: 2473.0
2024-05-02 07:25:50.582: 47 epsilon: 0.1
2024-05-02 07:51:48.024: 48 test start:
2024-05-02 07:53:39.137: 48 avg_reward: 68445.0
2024-05-02 07:53:39.138: 48 avg_steps: 3173.3
2024-05-02 07:53:39.138: 48 epsilon: 0.1
2024-05-02 08:19:47.544: 49 test start:
2024-05-02 08:22:02.475: 49 avg_reward: 95095.0
2024-05-02 08:22:02.476: 49 avg_steps: 3944.5
2024-05-02 08:22:02.476: 49 epsilon: 0.1
2024-05-02 08:47:44.687: 50 test start:
2024-05-02 08:49:35.178: 50 avg_reward: 76035.0
2024-05-02 08:49:35.179: 50 avg_steps: 3385.4
2024-05-02 08:49:35.179: 50 epsilon: 0.1
2024-05-02 09:16:10.306: 51 test start:
2024-05-02 09:18:53.492: 51 avg_reward: 116315.0
2024-05-02 09:18:53.493: 51 avg_steps: 4656.9
2024-05-02 09:18:53.493: 51 epsilon: 0.1
2024-05-02 09:45:35.734: 52 test start:
2024-05-02 09:48:16.716: 52 avg_reward: 105160.0
2024-05-02 09:48:16.716: 52 avg_steps: 4396.0
2024-05-02 09:48:16.716: 52 epsilon: 0.1
2024-05-02 10:14:43.145: 53 test start:
2024-05-02 10:17:50.310: 53 avg_reward: 118065.0
2024-05-02 10:17:50.310: 53 avg_steps: 5108.7
2024-05-02 10:17:50.310: 53 epsilon: 0.1
2024-05-02 10:45:41.016: 54 test start:
2024-05-02 10:48:41.218: 54 avg_reward: 115690.0
2024-05-02 10:48:41.218: 54 avg_steps: 4749.3
2024-05-02 10:48:41.218: 54 epsilon: 0.1
2024-05-02 11:16:04.137: 55 test start:
2024-05-02 11:19:51.557: 55 avg_reward: 164200.0
2024-05-02 11:19:51.558: 55 avg_steps: 6672.3
2024-05-02 11:19:51.559: 55 epsilon: 0.1
2024-05-02 11:45:45.858: 56 test start:
2024-05-02 11:47:59.173: 56 avg_reward: 87325.0
2024-05-02 11:47:59.173: 56 avg_steps: 3895.3
2024-05-02 11:47:59.173: 56 epsilon: 0.1
2024-05-02 12:11:50.423: 57 test start:
2024-05-02 12:15:01.454: 57 avg_reward: 136925.0
2024-05-02 12:15:01.454: 57 avg_steps: 5562.1
2024-05-02 12:15:01.454: 57 epsilon: 0.1
2024-05-02 12:39:00.442: 58 test start:
2024-05-02 12:42:11.050: 58 avg_reward: 140590.0
2024-05-02 12:42:11.051: 58 avg_steps: 5464.5
2024-05-02 12:42:11.051: 58 epsilon: 0.1
2024-05-02 13:07:34.743: 59 test start:
2024-05-02 13:11:54.665: 59 avg_reward: 200205.0
2024-05-02 13:11:54.665: 59 avg_steps: 7221.3
2024-05-02 13:11:54.665: 59 epsilon: 0.1
2024-05-02 13:37:26.923: 60 test start:
2024-05-02 13:42:43.889: 60 avg_reward: 234740.0
2024-05-02 13:42:43.889: 60 avg_steps: 8672.8
2024-05-02 13:42:43.889: 60 epsilon: 0.1
2024-05-02 14:08:25.121: 61 test start:
2024-05-02 14:16:50.568: 61 avg_reward: 398000.0
2024-05-02 14:16:50.568: 61 avg_steps: 13992.6
2024-05-02 14:16:50.568: 61 epsilon: 0.1
2024-05-02 14:41:56.362: 62 test start:
2024-05-02 14:46:14.383: 62 avg_reward: 181480.0
2024-05-02 14:46:14.384: 62 avg_steps: 7103.8
2024-05-02 14:46:14.384: 62 epsilon: 0.1
2024-05-02 15:12:30.480: 63 test start:
2024-05-02 15:16:39.405: 63 avg_reward: 169230.0
2024-05-02 15:16:39.406: 63 avg_steps: 6857.1
2024-05-02 15:16:39.406: 63 epsilon: 0.1
2024-05-02 15:42:20.287: 64 test start:
2024-05-02 15:53:58.910: 64 avg_reward: 519105.0
2024-05-02 15:53:58.911: 64 avg_steps: 18361.0
2024-05-02 15:53:58.911: 64 epsilon: 0.1
2024-05-02 16:20:30.716: 65 test start:
2024-05-02 16:25:47.044: 65 avg_reward: 206700.0
2024-05-02 16:25:47.045: 65 avg_steps: 8533.4
2024-05-02 16:25:47.045: 65 epsilon: 0.1
2024-05-02 16:52:15.843: 66 test start:
2024-05-02 17:07:42.870: 66 avg_reward: 701230.0
2024-05-02 17:07:42.871: 66 avg_steps: 24349.45
2024-05-02 17:07:42.871: 66 epsilon: 0.1
2024-05-02 17:39:14.166: 67 test start:
2024-05-02 17:55:19.261: 67 avg_reward: 721185.0
2024-05-02 17:55:19.261: 67 avg_steps: 25932.25
2024-05-02 17:55:19.261: 67 epsilon: 0.1
2024-05-02 18:17:36.899: 68 test start:
2024-05-02 18:32:59.914: 68 avg_reward: 649055.0
2024-05-02 18:32:59.914: 68 avg_steps: 24782.5
2024-05-02 18:32:59.914: 68 epsilon: 0.1
2024-05-02 19:05:17.827: 69 test start:
2024-05-02 19:22:43.379: 69 avg_reward: 782790.0
2024-05-02 19:22:43.379: 69 avg_steps: 27000.0
2024-05-02 19:22:43.379: 69 epsilon: 0.1
2024-05-02 19:48:03.938: 70 test start:
2024-05-02 20:05:41.169: 70 avg_reward: 766665.0
2024-05-02 20:05:41.169: 70 avg_steps: 27000.0
2024-05-02 20:05:41.169: 70 epsilon: 0.1
2024-05-02 20:35:33.306: 71 test start:
2024-05-02 20:52:19.206: 71 avg_reward: 749605.0
2024-05-02 20:52:19.207: 71 avg_steps: 25760.65
2024-05-02 20:52:19.207: 71 epsilon: 0.1
2024-05-02 21:15:12.865: 72 test start:
2024-05-02 21:31:09.501: 72 avg_reward: 720890.0
2024-05-02 21:31:09.501: 72 avg_steps: 24514.3
2024-05-02 21:31:09.501: 72 epsilon: 0.1
2024-05-02 22:01:24.334: 73 test start:
2024-05-02 22:18:50.489: 73 avg_reward: 803305.0
2024-05-02 22:18:50.490: 73 avg_steps: 27000.0
2024-05-02 22:18:50.490: 73 epsilon: 0.1
2024-05-02 22:48:30.095: 74 test start:
2024-05-02 23:05:57.227: 74 avg_reward: 842290.0
2024-05-02 23:05:57.227: 74 avg_steps: 27000.0
2024-05-02 23:05:57.227: 74 epsilon: 0.1
2024-05-02 23:28:15.390: 75 test start:
2024-05-02 23:43:17.322: 75 avg_reward: 717920.0
2024-05-02 23:43:17.322: 75 avg_steps: 23158.35
2024-05-02 23:43:17.323: 75 epsilon: 0.1
2024-05-03 00:11:55.739: 76 test start:
2024-05-03 00:28:33.258: 76 avg_reward: 807680.0
2024-05-03 00:28:33.259: 76 avg_steps: 25709.65
2024-05-03 00:28:33.259: 76 epsilon: 0.1
2024-05-03 00:57:49.756: 77 test start:
2024-05-03 01:14:31.113: 77 avg_reward: 822985.0
2024-05-03 01:14:31.113: 77 avg_steps: 25779.55
2024-05-03 01:14:31.113: 77 epsilon: 0.1
2024-05-03 01:36:12.192: 78 test start:
2024-05-03 01:52:01.892: 78 avg_reward: 779090.0
2024-05-03 01:52:01.893: 78 avg_steps: 24483.8
2024-05-03 01:52:01.893: 78 epsilon: 0.1
2024-05-03 02:21:00.810: 79 test start:
2024-05-03 02:35:07.913: 79 avg_reward: 697975.0
2024-05-03 02:35:07.914: 79 avg_steps: 21885.5
2024-05-03 02:35:07.914: 79 epsilon: 0.1
2024-05-03 03:03:45.465: 80 test start:
2024-05-03 03:15:16.123: 80 avg_reward: 561490.0
2024-05-03 03:15:16.123: 80 avg_steps: 18075.35
2024-05-03 03:15:16.124: 80 epsilon: 0.1
2024-05-03 03:37:04.527: 81 test start:
2024-05-03 03:52:46.448: 81 avg_reward: 772465.0
2024-05-03 03:52:46.449: 81 avg_steps: 24426.6
2024-05-03 03:52:46.449: 81 epsilon: 0.1
2024-05-03 04:21:44.472: 82 test start:
2024-05-03 04:39:18.804: 82 avg_reward: 863105.0
2024-05-03 04:39:18.805: 82 avg_steps: 27000.0
2024-05-03 04:39:18.805: 82 epsilon: 0.1
2024-05-03 05:07:45.054: 83 test start:
2024-05-03 05:24:58.885: 83 avg_reward: 866000.0
2024-05-03 05:24:58.886: 83 avg_steps: 27000.0
2024-05-03 05:24:58.886: 83 epsilon: 0.1
2024-05-03 05:52:59.919: 84 test start:
2024-05-03 06:09:29.192: 84 avg_reward: 824525.0
2024-05-03 06:09:29.193: 84 avg_steps: 25713.85
2024-05-03 06:09:29.193: 84 epsilon: 0.1
2024-05-03 06:31:29.929: 85 test start:
2024-05-03 06:47:23.201: 85 avg_reward: 811055.0
2024-05-03 06:47:23.201: 85 avg_steps: 25720.15
2024-05-03 06:47:23.201: 85 epsilon: 0.1
2024-05-03 07:14:17.187: 86 test start:
2024-05-03 07:29:27.123: 86 avg_reward: 774715.0
2024-05-03 07:29:27.123: 86 avg_steps: 24472.5
2024-05-03 07:29:27.123: 86 epsilon: 0.1
2024-05-03 07:57:10.962: 87 test start:
2024-05-03 08:14:13.273: 87 avg_reward: 872465.0
2024-05-03 08:14:13.274: 87 avg_steps: 27000.0
2024-05-03 08:14:13.274: 87 epsilon: 0.1
2024-05-03 08:36:23.400: 88 test start:
2024-05-03 08:53:33.063: 88 avg_reward: 872105.0
2024-05-03 08:53:33.063: 88 avg_steps: 27000.0
2024-05-03 08:53:33.063: 88 epsilon: 0.1
2024-05-03 09:24:03.787: 89 test start:
2024-05-03 09:40:36.191: 89 avg_reward: 865535.0
2024-05-03 09:40:36.192: 89 avg_steps: 27000.0
2024-05-03 09:40:36.192: 89 epsilon: 0.1
2024-05-03 10:09:33.359: 90 test start:
2024-05-03 10:26:42.290: 90 avg_reward: 851300.0
2024-05-03 10:26:42.290: 90 avg_steps: 27000.0
2024-05-03 10:26:42.290: 90 epsilon: 0.1
2024-05-03 10:48:34.497: 91 test start:
2024-05-03 11:05:28.732: 91 avg_reward: 856500.0
2024-05-03 11:05:28.732: 91 avg_steps: 27000.0
2024-05-03 11:05:28.732: 91 epsilon: 0.1
2024-05-03 11:35:05.377: 92 test start:
2024-05-03 11:51:16.258: 92 avg_reward: 830335.0
2024-05-03 11:51:16.259: 92 avg_steps: 25706.75
2024-05-03 11:51:16.259: 92 epsilon: 0.1
2024-05-03 12:20:13.828: 93 test start:
2024-05-03 12:37:06.446: 93 avg_reward: 825355.0
2024-05-03 12:37:06.446: 93 avg_steps: 27000.0
2024-05-03 12:37:06.446: 93 epsilon: 0.1
2024-05-03 12:56:45.230: 94 test start:
2024-05-03 13:10:51.956: 94 avg_reward: 707695.0
2024-05-03 13:10:51.956: 94 avg_steps: 23293.75
2024-05-03 13:10:51.956: 94 epsilon: 0.1
2024-05-03 13:37:31.429: 95 test start:
2024-05-03 13:53:01.761: 95 avg_reward: 839105.0
2024-05-03 13:53:01.762: 95 avg_steps: 25742.95
2024-05-03 13:53:01.762: 95 epsilon: 0.1
2024-05-03 14:20:13.723: 96 test start:
2024-05-03 14:35:46.859: 96 avg_reward: 785220.0
2024-05-03 14:35:46.860: 96 avg_steps: 25727.45
2024-05-03 14:35:46.860: 96 epsilon: 0.1
2024-05-03 14:55:55.352: 97 test start:
2024-05-03 15:11:27.253: 97 avg_reward: 805240.0
2024-05-03 15:11:27.253: 97 avg_steps: 25750.75
2024-05-03 15:11:27.253: 97 epsilon: 0.1
2024-05-03 15:38:33.821: 98 test start:
2024-05-03 15:54:45.961: 98 avg_reward: 844555.0
2024-05-03 15:54:45.962: 98 avg_steps: 27000.0
2024-05-03 15:54:45.962: 98 epsilon: 0.1
2024-05-03 16:14:31.120: 99 test start:
2024-05-03 16:30:54.123: 99 avg_reward: 839185.0
2024-05-03 16:30:54.124: 99 avg_steps: 27000.0
2024-05-03 16:30:54.124: 99 epsilon: 0.1
2024-05-03 16:58:07.164: 100 test start:
2024-05-03 17:14:29.143: 100 avg_reward: 805795.0
2024-05-03 17:14:29.144: 100 avg_steps: 27000.0
2024-05-03 17:14:29.144: 100 epsilon: 0.1
2024-05-03 17:40:47.028: 101 test start:
2024-05-03 17:56:05.703: 101 avg_reward: 796995.0
2024-05-03 17:56:05.704: 101 avg_steps: 25709.55
2024-05-03 17:56:05.704: 101 epsilon: 0.1
2024-05-03 18:15:32.786: 102 test start:
2024-05-03 18:29:34.588: 102 avg_reward: 753480.0
2024-05-03 18:29:34.589: 102 avg_steps: 23198.55
2024-05-03 18:29:34.589: 102 epsilon: 0.1
2024-05-03 18:58:17.573: 103 test start:
2024-05-03 19:15:25.235: 103 avg_reward: 837300.0
2024-05-03 19:15:25.236: 103 avg_steps: 27000.0
2024-05-03 19:15:25.236: 103 epsilon: 0.1
2024-05-03 19:45:18.332: 104 test start:
2024-05-03 20:02:23.649: 104 avg_reward: 828680.0
2024-05-03 20:02:23.650: 104 avg_steps: 27000.0
2024-05-03 20:02:23.650: 104 epsilon: 0.1
2024-05-03 20:24:31.933: 105 test start:
2024-05-03 20:41:41.164: 105 avg_reward: 836655.0
2024-05-03 20:41:41.164: 105 avg_steps: 27000.0
2024-05-03 20:41:41.164: 105 epsilon: 0.1
2024-05-03 21:10:40.461: 106 test start:
2024-05-03 21:26:44.562: 106 avg_reward: 802330.0
2024-05-03 21:26:44.563: 106 avg_steps: 25723.45
2024-05-03 21:26:44.563: 106 epsilon: 0.1
2024-05-03 21:55:02.051: 107 test start:
2024-05-03 22:11:21.411: 107 avg_reward: 821060.0
2024-05-03 22:11:21.411: 107 avg_steps: 27000.0
2024-05-03 22:11:21.411: 107 epsilon: 0.1
2024-05-03 22:30:23.280: 108 test start:
2024-05-03 22:45:19.451: 108 avg_reward: 801800.0
2024-05-03 22:45:19.452: 108 avg_steps: 25697.05
2024-05-03 22:45:19.452: 108 epsilon: 0.1
2024-05-03 23:11:32.735: 109 test start:
2024-05-03 23:28:10.622: 109 avg_reward: 794195.0
2024-05-03 23:28:10.622: 109 avg_steps: 25720.35
2024-05-03 23:28:10.622: 109 epsilon: 0.1
2024-05-03 23:59:21.663: 110 test start:
2024-05-04 00:16:41.727: 110 avg_reward: 834485.0
2024-05-04 00:16:41.728: 110 avg_steps: 27000.0
2024-05-04 00:16:41.728: 110 epsilon: 0.1
2024-05-04 00:39:48.969: 111 test start:
2024-05-04 00:54:21.408: 111 avg_reward: 678195.0
2024-05-04 00:54:21.408: 111 avg_steps: 23139.95
2024-05-04 00:54:21.408: 111 epsilon: 0.1
2024-05-04 01:24:33.403: 112 test start:
2024-05-04 01:35:16.495: 112 avg_reward: 501800.0
2024-05-04 01:35:16.495: 112 avg_steps: 16604.3
2024-05-04 01:35:16.495: 112 epsilon: 0.1
2024-05-04 02:07:47.857: 113 test start:
2024-05-04 02:25:12.221: 113 avg_reward: 826920.0
2024-05-04 02:25:12.221: 113 avg_steps: 27000.0
2024-05-04 02:25:12.221: 113 epsilon: 0.1
2024-05-04 02:49:23.497: 114 test start:
2024-05-04 03:06:06.774: 114 avg_reward: 780835.0
2024-05-04 03:06:06.774: 114 avg_steps: 25698.55
2024-05-04 03:06:06.774: 114 epsilon: 0.1
2024-05-04 03:37:52.228: 115 test start:
2024-05-04 03:53:22.951: 115 avg_reward: 758265.0
2024-05-04 03:53:22.952: 115 avg_steps: 24458.7
2024-05-04 03:53:22.952: 115 epsilon: 0.1
2024-05-04 04:26:05.611: 116 test start:
2024-05-04 04:43:31.759: 116 avg_reward: 825775.0
2024-05-04 04:43:31.760: 116 avg_steps: 27000.0
2024-05-04 04:43:31.760: 116 epsilon: 0.1
2024-05-04 05:07:29.585: 117 test start:
2024-05-04 05:23:21.774: 117 avg_reward: 716570.0
2024-05-04 05:23:21.775: 117 avg_steps: 24544.2
2024-05-04 05:23:21.775: 117 epsilon: 0.1
2024-05-04 05:54:41.341: 118 test start:
2024-05-04 06:11:30.156: 118 avg_reward: 822865.0
2024-05-04 06:11:30.157: 118 avg_steps: 27000.0
2024-05-04 06:11:30.157: 118 epsilon: 0.1
2024-05-04 06:40:56.252: 119 test start:
2024-05-04 06:57:53.525: 119 avg_reward: 823780.0
2024-05-04 06:57:53.526: 119 avg_steps: 27000.0
2024-05-04 06:57:53.526: 119 epsilon: 0.1
2024-05-04 07:27:18.120: 120 test start:
2024-05-04 07:43:54.620: 120 avg_reward: 830310.0
2024-05-04 07:43:54.621: 120 avg_steps: 27000.0
2024-05-04 07:43:54.621: 120 epsilon: 0.1
2024-05-04 08:05:34.300: 121 test start:
2024-05-04 08:20:58.541: 121 avg_reward: 799555.0
2024-05-04 08:20:58.541: 121 avg_steps: 27000.0
2024-05-04 08:20:58.541: 121 epsilon: 0.1
2024-05-04 08:48:08.854: 122 test start:
2024-05-04 09:03:43.871: 122 avg_reward: 821345.0
2024-05-04 09:03:43.871: 122 avg_steps: 27000.0
2024-05-04 09:03:43.871: 122 epsilon: 0.1
2024-05-04 09:31:16.788: 123 test start:
2024-05-04 09:46:22.252: 123 avg_reward: 718675.0
2024-05-04 09:46:22.252: 123 avg_steps: 24473.4
2024-05-04 09:46:22.252: 123 epsilon: 0.1
2024-05-04 10:07:11.368: 124 test start:
2024-05-04 10:23:55.799: 124 avg_reward: 804815.0
2024-05-04 10:23:55.800: 124 avg_steps: 27000.0
2024-05-04 10:23:55.800: 124 epsilon: 0.1
2024-05-04 10:51:45.199: 125 test start:
2024-05-04 11:07:55.865: 125 avg_reward: 820300.0
2024-05-04 11:07:55.866: 125 avg_steps: 27000.0
2024-05-04 11:07:55.866: 125 epsilon: 0.1
2024-05-04 11:36:14.299: 126 test start:
2024-05-04 11:52:21.850: 126 avg_reward: 820445.0
2024-05-04 11:52:21.851: 126 avg_steps: 27000.0
2024-05-04 11:52:21.851: 126 epsilon: 0.1
2024-05-04 12:13:05.781: 127 test start:
2024-05-04 12:28:22.712: 127 avg_reward: 781360.0
2024-05-04 12:28:22.713: 127 avg_steps: 27000.0
2024-05-04 12:28:22.713: 127 epsilon: 0.1
2024-05-04 12:56:37.307: 128 test start:
2024-05-04 13:11:33.091: 128 avg_reward: 734810.0
2024-05-04 13:11:33.091: 128 avg_steps: 24630.1
2024-05-04 13:11:33.091: 128 epsilon: 0.1
2024-05-04 13:40:39.507: 129 test start:
2024-05-04 13:57:27.103: 129 avg_reward: 822835.0
2024-05-04 13:57:27.104: 129 avg_steps: 27000.0
2024-05-04 13:57:27.104: 129 epsilon: 0.1
2024-05-04 14:18:34.501: 130 test start:
2024-05-04 14:34:58.246: 130 avg_reward: 817000.0
2024-05-04 14:34:58.246: 130 avg_steps: 27000.0
2024-05-04 14:34:58.246: 130 epsilon: 0.1
2024-05-04 15:02:09.508: 131 test start:
2024-05-04 15:18:36.988: 131 avg_reward: 812430.0
2024-05-04 15:18:36.989: 131 avg_steps: 27000.0
2024-05-04 15:18:36.989: 131 epsilon: 0.1
2024-05-04 15:46:08.748: 132 test start:
2024-05-04 16:03:05.057: 132 avg_reward: 829205.0
2024-05-04 16:03:05.057: 132 avg_steps: 27000.0
2024-05-04 16:03:05.057: 132 epsilon: 0.1
2024-05-04 16:32:58.187: 133 test start:
2024-05-04 16:50:04.522: 133 avg_reward: 822170.0
2024-05-04 16:50:04.522: 133 avg_steps: 27000.0
2024-05-04 16:50:04.522: 133 epsilon: 0.1
2024-05-04 17:12:36.269: 134 test start:
2024-05-04 17:29:45.916: 134 avg_reward: 813845.0
2024-05-04 17:29:45.917: 134 avg_steps: 27000.0
2024-05-04 17:29:45.917: 134 epsilon: 0.1
2024-05-04 17:58:49.125: 135 test start:
2024-05-04 18:15:23.700: 135 avg_reward: 833640.0
2024-05-04 18:15:23.700: 135 avg_steps: 27000.0
2024-05-04 18:15:23.700: 135 epsilon: 0.1
2024-05-04 18:42:57.484: 136 test start:
2024-05-04 18:58:44.984: 136 avg_reward: 792695.0
2024-05-04 18:58:44.985: 136 avg_steps: 25792.35
2024-05-04 18:58:44.985: 136 epsilon: 0.1
2024-05-04 19:19:11.173: 137 test start:
2024-05-04 19:35:03.227: 137 avg_reward: 790735.0
2024-05-04 19:35:03.227: 137 avg_steps: 25773.95
2024-05-04 19:35:03.227: 137 epsilon: 0.1
2024-05-04 20:02:09.021: 138 test start:
2024-05-04 20:18:29.519: 138 avg_reward: 821745.0
2024-05-04 20:18:29.519: 138 avg_steps: 27000.0
2024-05-04 20:18:29.519: 138 epsilon: 0.1
2024-05-04 20:45:36.160: 139 test start:
2024-05-04 21:01:20.801: 139 avg_reward: 822050.0
2024-05-04 21:01:20.801: 139 avg_steps: 27000.0
2024-05-04 21:01:20.801: 139 epsilon: 0.1
2024-05-04 21:21:26.772: 140 test start:
2024-05-04 21:38:02.471: 140 avg_reward: 828630.0
2024-05-04 21:38:02.472: 140 avg_steps: 27000.0
2024-05-04 21:38:02.472: 140 epsilon: 0.1
2024-05-04 22:05:49.903: 141 test start:
2024-05-04 22:22:09.386: 141 avg_reward: 815870.0
2024-05-04 22:22:09.386: 141 avg_steps: 27000.0
2024-05-04 22:22:09.386: 141 epsilon: 0.1
2024-05-04 22:47:52.849: 142 test start:
2024-05-04 23:03:54.037: 142 avg_reward: 822345.0
2024-05-04 23:03:54.038: 142 avg_steps: 27000.0
2024-05-04 23:03:54.038: 142 epsilon: 0.1
2024-05-04 23:23:08.227: 143 test start:
2024-05-04 23:38:48.187: 143 avg_reward: 818185.0
2024-05-04 23:38:48.188: 143 avg_steps: 27000.0
2024-05-04 23:38:48.188: 143 epsilon: 0.1
2024-05-05 00:04:16.428: 144 test start:
2024-05-05 00:20:06.368: 144 avg_reward: 815800.0
2024-05-05 00:20:06.369: 144 avg_steps: 27000.0
2024-05-05 00:20:06.369: 144 epsilon: 0.1
2024-05-05 00:46:10.533: 145 test start:
2024-05-05 01:02:20.247: 145 avg_reward: 846140.0
2024-05-05 01:02:20.247: 145 avg_steps: 27000.0
2024-05-05 01:02:20.247: 145 epsilon: 0.1
2024-05-05 01:28:26.337: 146 test start:
2024-05-05 01:44:26.539: 146 avg_reward: 819735.0
2024-05-05 01:44:26.539: 146 avg_steps: 27000.0
2024-05-05 01:44:26.539: 146 epsilon: 0.1
2024-05-05 02:04:07.425: 147 test start:
2024-05-05 02:20:03.608: 147 avg_reward: 821145.0
2024-05-05 02:20:03.609: 147 avg_steps: 27000.0
2024-05-05 02:20:03.609: 147 epsilon: 0.1
2024-05-05 02:45:46.208: 148 test start:
2024-05-05 03:01:16.135: 148 avg_reward: 834135.0
2024-05-05 03:01:16.136: 148 avg_steps: 27000.0
2024-05-05 03:01:16.136: 148 epsilon: 0.1
2024-05-05 03:26:42.879: 149 test start:
2024-05-05 03:42:45.006: 149 avg_reward: 826580.0
2024-05-05 03:42:45.006: 149 avg_steps: 27000.0
2024-05-05 03:42:45.006: 149 epsilon: 0.1
2024-05-05 04:01:48.532: 150 test start:
2024-05-05 04:17:25.785: 150 avg_reward: 819700.0
2024-05-05 04:17:25.786: 150 avg_steps: 27000.0
2024-05-05 04:17:25.786: 150 epsilon: 0.1
2024-05-05 04:42:01.836: 151 test start:
2024-05-05 04:57:40.184: 151 avg_reward: 840395.0
2024-05-05 04:57:40.185: 151 avg_steps: 27000.0
2024-05-05 04:57:40.185: 151 epsilon: 0.1
2024-05-05 05:21:33.226: 152 test start:
2024-05-05 05:36:58.760: 152 avg_reward: 844830.0
2024-05-05 05:36:58.760: 152 avg_steps: 27000.0
2024-05-05 05:36:58.760: 152 epsilon: 0.1
2024-05-05 05:55:11.007: 153 test start:
2024-05-05 06:10:36.719: 153 avg_reward: 843075.0
2024-05-05 06:10:36.720: 153 avg_steps: 27000.0
2024-05-05 06:10:36.720: 153 epsilon: 0.1
2024-05-05 06:34:52.833: 154 test start:
2024-05-05 06:49:22.054: 154 avg_reward: 777910.0
2024-05-05 06:49:22.054: 154 avg_steps: 25725.85
2024-05-05 06:49:22.054: 154 epsilon: 0.1
2024-05-05 07:13:34.402: 155 test start:
2024-05-05 07:28:55.382: 155 avg_reward: 822955.0
2024-05-05 07:28:55.382: 155 avg_steps: 27000.0
2024-05-05 07:28:55.382: 155 epsilon: 0.1
2024-05-05 07:46:57.599: 156 test start:
2024-05-05 08:02:07.160: 156 avg_reward: 810285.0
2024-05-05 08:02:07.161: 156 avg_steps: 27000.0
2024-05-05 08:02:07.161: 156 epsilon: 0.1
2024-05-05 08:26:11.332: 157 test start:
2024-05-05 08:41:12.346: 157 avg_reward: 820060.0
2024-05-05 08:41:12.346: 157 avg_steps: 27000.0
2024-05-05 08:41:12.346: 157 epsilon: 0.1
2024-05-05 09:01:51.448: 158 test start:
2024-05-05 09:13:10.375: 158 avg_reward: 820775.0
2024-05-05 09:13:10.376: 158 avg_steps: 27000.0
2024-05-05 09:13:10.376: 158 epsilon: 0.1
2024-05-05 09:31:57.248: 159 test start:
2024-05-05 09:43:13.875: 159 avg_reward: 821480.0
2024-05-05 09:43:13.875: 159 avg_steps: 27000.0
2024-05-05 09:43:13.875: 159 epsilon: 0.1
2024-05-05 09:57:30.170: 160 test start:
2024-05-05 10:08:28.618: 160 avg_reward: 804255.0
2024-05-05 10:08:28.618: 160 avg_steps: 27000.0
2024-05-05 10:08:28.619: 160 epsilon: 0.1
2024-05-05 10:27:54.006: 161 test start:
2024-05-05 10:38:48.888: 161 avg_reward: 780140.0
2024-05-05 10:38:48.888: 161 avg_steps: 25713.75
2024-05-05 10:38:48.888: 161 epsilon: 0.1
2024-05-05 10:57:45.136: 162 test start:
2024-05-05 11:09:22.968: 162 avg_reward: 799835.0
2024-05-05 11:09:22.969: 162 avg_steps: 27000.0
2024-05-05 11:09:22.969: 162 epsilon: 0.1
2024-05-05 11:23:29.945: 163 test start:
2024-05-05 11:34:38.579: 163 avg_reward: 835450.0
2024-05-05 11:34:38.579: 163 avg_steps: 27000.0
2024-05-05 11:34:38.579: 163 epsilon: 0.1
2024-05-05 11:55:23.853: 164 test start:
2024-05-05 12:07:05.070: 164 avg_reward: 798930.0
2024-05-05 12:07:05.071: 164 avg_steps: 25753.05
2024-05-05 12:07:05.071: 164 epsilon: 0.1
2024-05-05 12:28:44.363: 165 test start:
2024-05-05 12:41:16.053: 165 avg_reward: 827045.0
2024-05-05 12:41:16.054: 165 avg_steps: 27000.0
2024-05-05 12:41:16.054: 165 epsilon: 0.1
2024-05-05 12:57:27.634: 166 test start:
2024-05-05 13:10:07.337: 166 avg_reward: 835635.0
2024-05-05 13:10:07.338: 166 avg_steps: 27000.0
2024-05-05 13:10:07.338: 166 epsilon: 0.1
2024-05-05 13:31:17.740: 167 test start:
2024-05-05 13:43:08.683: 167 avg_reward: 809910.0
2024-05-05 13:43:08.684: 167 avg_steps: 27000.0
2024-05-05 13:43:08.684: 167 epsilon: 0.1
2024-05-05 14:04:43.871: 168 test start:
2024-05-05 14:17:02.639: 168 avg_reward: 801135.0
2024-05-05 14:17:02.639: 168 avg_steps: 27000.0
2024-05-05 14:17:02.640: 168 epsilon: 0.1
2024-05-05 14:41:18.554: 169 test start:
2024-05-05 14:54:14.774: 169 avg_reward: 820555.0
2024-05-05 14:54:14.774: 169 avg_steps: 27000.0
2024-05-05 14:54:14.774: 169 epsilon: 0.1
2024-05-05 15:12:38.855: 170 test start:
2024-05-05 15:26:10.520: 170 avg_reward: 807825.0
2024-05-05 15:26:10.521: 170 avg_steps: 27000.0
2024-05-05 15:26:10.521: 170 epsilon: 0.1
2024-05-05 15:50:29.359: 171 test start:
2024-05-05 16:03:41.789: 171 avg_reward: 822095.0
2024-05-05 16:03:41.789: 171 avg_steps: 27000.0
2024-05-05 16:03:41.789: 171 epsilon: 0.1
2024-05-05 16:25:08.067: 172 test start:
2024-05-05 16:36:34.711: 172 avg_reward: 818755.0
2024-05-05 16:36:34.712: 172 avg_steps: 27000.0
2024-05-05 16:36:34.712: 172 epsilon: 0.1
2024-05-05 16:52:45.010: 173 test start:
2024-05-05 17:04:20.254: 173 avg_reward: 835360.0
2024-05-05 17:04:20.254: 173 avg_steps: 27000.0
2024-05-05 17:04:20.254: 173 epsilon: 0.1
2024-05-05 17:25:39.529: 174 test start:
2024-05-05 17:37:18.933: 174 avg_reward: 814710.0
2024-05-05 17:37:18.933: 174 avg_steps: 27000.0
2024-05-05 17:37:18.933: 174 epsilon: 0.1
2024-05-05 17:58:25.036: 175 test start:
2024-05-05 18:09:50.241: 175 avg_reward: 828330.0
2024-05-05 18:09:50.241: 175 avg_steps: 27000.0
2024-05-05 18:09:50.242: 175 epsilon: 0.1
2024-05-05 18:23:51.196: 176 test start:
2024-05-05 18:35:14.360: 176 avg_reward: 824690.0
2024-05-05 18:35:14.360: 176 avg_steps: 27000.0
2024-05-05 18:35:14.360: 176 epsilon: 0.1
2024-05-05 18:53:41.712: 177 test start:
2024-05-05 19:04:14.684: 177 avg_reward: 829555.0
2024-05-05 19:04:14.684: 177 avg_steps: 27000.0
2024-05-05 19:04:14.684: 177 epsilon: 0.1
2024-05-05 19:23:07.961: 178 test start:
2024-05-05 19:34:33.801: 178 avg_reward: 825100.0
2024-05-05 19:34:33.801: 178 avg_steps: 27000.0
2024-05-05 19:34:33.801: 178 epsilon: 0.1
2024-05-05 19:54:02.607: 179 test start:
2024-05-05 20:05:43.707: 179 avg_reward: 840840.0
2024-05-05 20:05:43.707: 179 avg_steps: 27000.0
2024-05-05 20:05:43.708: 179 epsilon: 0.1
2024-05-05 20:20:54.891: 180 test start:
2024-05-05 20:33:04.967: 180 avg_reward: 829805.0
2024-05-05 20:33:04.968: 180 avg_steps: 27000.0
2024-05-05 20:33:04.968: 180 epsilon: 0.1
2024-05-05 20:53:10.823: 181 test start:
2024-05-05 21:04:55.830: 181 avg_reward: 841020.0
2024-05-05 21:04:55.831: 181 avg_steps: 27000.0
2024-05-05 21:04:55.831: 181 epsilon: 0.1
