2024-10-14 17:16:21.027: 
parameters:agent_test_episodes: 20
batch_num_per_epoch: 250000
device: cuda:0
env_name: ALE/Kangaroo-v5
epsilon_for_test: 0.05
epsilon_max: 1.0
epsilon_min: 0.1
exp_name: ALE-Kangaroo-v5_2024-10-14-17-16-21
exp_path: ../exps/dqn/
exploration_steps: 1000000
gamma: 0.99
held_out_states_num: 1000
learning_rate: 0.00025
mini_batch_size: 32
model_update_freq: 4
n_times: 5
no_op_max: 30
phi_channel: 4
replay_buffer_size: 1000000
replay_start_size: 50000
save_model: true
screen_size: 84
seed: 0
skip_k_frame: 4
step_c: 10000
training_steps: 50000000

2024-10-14 17:16:21.087: env id: ALE/Kangaroo-v5 |repeat_action_probability: 0 
2024-10-14 17:16:21.087: screen_size: 84 | grayscale_obs:True 
scale_obs:False | action space size: 18
remove flickering: True | frame skip: 4
state space shape: (210, 160, 3) 
2024-10-14 17:16:21.103: optimizer: RMSprop (
Parameter Group 0
    alpha: 0.95
    centered: False
    differentiable: False
    eps: 0.01
    foreach: None
    lr: 0.00025
    maximize: False
    momentum: 0
    weight_decay: 0
)
2024-10-14 17:25:16.918: 1 test start:
2024-10-14 17:25:23.112: 1 avg_reward: -2.0
2024-10-14 17:25:23.112: 1 avg_steps: 338.3
2024-10-14 17:25:23.112: 1 epsilon: 0.8198947
2024-10-14 17:25:23.112: 1 q: 0.041994743
2024-10-14 17:35:40.370: 2 test start:
2024-10-14 17:35:47.262: 2 avg_reward: 8.0
2024-10-14 17:35:47.262: 2 avg_steps: 350.65
2024-10-14 17:35:47.262: 2 epsilon: 0.5946697
2024-10-14 17:35:47.263: 2 q: 0.05898633
2024-10-14 17:45:31.771: 3 test start:
2024-10-14 17:45:36.916: 3 avg_reward: -2.0
2024-10-14 17:45:36.916: 3 avg_steps: 271.95
2024-10-14 17:45:36.916: 3 epsilon: 0.36992349999999996
2024-10-14 17:45:36.916: 3 q: 0.10544548
2024-10-14 17:55:50.421: 4 test start:
2024-10-14 17:56:01.510: 4 avg_reward: -2.0
2024-10-14 17:56:01.510: 4 avg_steps: 564.75
2024-10-14 17:56:01.510: 4 epsilon: 0.14459319999999998
2024-10-14 17:56:01.511: 4 q: 0.1060944
2024-10-14 18:05:49.147: 5 test start:
2024-10-14 18:05:59.574: 5 avg_reward: 8.0
2024-10-14 18:05:59.574: 5 avg_steps: 536.05
2024-10-14 18:05:59.574: 5 epsilon: 0.1
2024-10-14 18:05:59.574: 5 q: 0.10458547
2024-10-14 18:16:23.467: 6 test start:
2024-10-14 18:16:33.059: 6 avg_reward: 328.0
2024-10-14 18:16:33.060: 6 avg_steps: 496.5
2024-10-14 18:16:33.060: 6 epsilon: 0.1
2024-10-14 18:16:33.060: 6 q: 0.15991098
2024-10-14 18:26:19.121: 7 test start:
2024-10-14 18:26:29.780: 7 avg_reward: 298.0
2024-10-14 18:26:29.781: 7 avg_steps: 530.35
2024-10-14 18:26:29.781: 7 epsilon: 0.1
2024-10-14 18:26:29.781: 7 q: 0.15174511
2024-10-14 18:36:48.315: 8 test start:
2024-10-14 18:36:57.762: 8 avg_reward: 388.0
2024-10-14 18:36:57.762: 8 avg_steps: 490.2
2024-10-14 18:36:57.762: 8 epsilon: 0.1
2024-10-14 18:36:57.762: 8 q: 0.16234079
2024-10-14 18:46:57.771: 9 test start:
2024-10-14 18:47:08.921: 9 avg_reward: 478.0
2024-10-14 18:47:08.921: 9 avg_steps: 558.0
2024-10-14 18:47:08.921: 9 epsilon: 0.1
2024-10-14 18:47:08.921: 9 q: 0.22141968
2024-10-14 18:57:23.063: 10 test start:
2024-10-14 18:57:32.910: 10 avg_reward: 348.0
2024-10-14 18:57:32.910: 10 avg_steps: 516.4
2024-10-14 18:57:32.910: 10 epsilon: 0.1
2024-10-14 18:57:32.910: 10 q: 0.26348108
2024-10-14 19:07:40.979: 11 test start:
2024-10-14 19:07:52.409: 11 avg_reward: 328.0
2024-10-14 19:07:52.409: 11 avg_steps: 566.25
2024-10-14 19:07:52.409: 11 epsilon: 0.1
2024-10-14 19:07:52.409: 11 q: 0.3266933
2024-10-14 19:18:02.598: 12 test start:
2024-10-14 19:18:13.518: 12 avg_reward: 418.0
2024-10-14 19:18:13.518: 12 avg_steps: 559.75
2024-10-14 19:18:13.519: 12 epsilon: 0.1
2024-10-14 19:18:13.519: 12 q: 0.3572315
2024-10-14 19:28:35.799: 13 test start:
2024-10-14 19:28:46.703: 13 avg_reward: 348.0
2024-10-14 19:28:46.703: 13 avg_steps: 543.0
2024-10-14 19:28:46.703: 13 epsilon: 0.1
2024-10-14 19:28:46.703: 13 q: 0.42461506
2024-10-14 19:38:48.957: 14 test start:
2024-10-14 19:38:55.301: 14 avg_reward: 8.0
2024-10-14 19:38:55.302: 14 avg_steps: 326.2
2024-10-14 19:38:55.302: 14 epsilon: 0.1
2024-10-14 19:38:55.302: 14 q: 0.46567112
2024-10-14 19:49:23.267: 15 test start:
2024-10-14 19:49:29.266: 15 avg_reward: -2.0
2024-10-14 19:49:29.266: 15 avg_steps: 309.2
2024-10-14 19:49:29.267: 15 epsilon: 0.1
2024-10-14 19:49:29.267: 15 q: 0.5095011
2024-10-14 19:59:26.341: 16 test start:
2024-10-14 19:59:36.660: 16 avg_reward: 383.0
2024-10-14 19:59:36.660: 16 avg_steps: 528.3
2024-10-14 19:59:36.660: 16 epsilon: 0.1
2024-10-14 19:59:36.660: 16 q: 0.53444874
2024-10-14 20:10:07.755: 17 test start:
2024-10-14 20:10:18.505: 17 avg_reward: 338.0
2024-10-14 20:10:18.506: 17 avg_steps: 557.65
2024-10-14 20:10:18.506: 17 epsilon: 0.1
2024-10-14 20:10:18.506: 17 q: 0.6059933
2024-10-14 20:20:18.859: 18 test start:
2024-10-14 20:20:26.836: 18 avg_reward: -2.0
2024-10-14 20:20:26.836: 18 avg_steps: 396.5
2024-10-14 20:20:26.836: 18 epsilon: 0.1
2024-10-14 20:20:26.836: 18 q: 0.6106654
2024-10-14 20:30:53.589: 19 test start:
2024-10-14 20:31:04.644: 19 avg_reward: 618.0
2024-10-14 20:31:04.644: 19 avg_steps: 574.7
2024-10-14 20:31:04.644: 19 epsilon: 0.1
2024-10-14 20:31:04.644: 19 q: 0.62456906
2024-10-14 20:41:08.006: 20 test start:
2024-10-14 20:41:18.219: 20 avg_reward: 468.0
2024-10-14 20:41:18.219: 20 avg_steps: 507.0
2024-10-14 20:41:18.220: 20 epsilon: 0.1
2024-10-14 20:41:18.220: 20 q: 0.6568062
2024-10-14 20:51:39.234: 21 test start:
2024-10-14 20:51:50.664: 21 avg_reward: 628.0
2024-10-14 20:51:50.664: 21 avg_steps: 584.35
2024-10-14 20:51:50.664: 21 epsilon: 0.1
2024-10-14 20:51:50.664: 21 q: 0.64282703
2024-10-14 21:02:01.553: 22 test start:
2024-10-14 21:02:14.952: 22 avg_reward: 948.0
2024-10-14 21:02:14.952: 22 avg_steps: 668.25
2024-10-14 21:02:14.952: 22 epsilon: 0.1
2024-10-14 21:02:14.952: 22 q: 0.6527607
2024-10-14 21:12:31.815: 23 test start:
2024-10-14 21:12:44.289: 23 avg_reward: 898.0
2024-10-14 21:12:44.289: 23 avg_steps: 657.6
2024-10-14 21:12:44.289: 23 epsilon: 0.1
2024-10-14 21:12:44.289: 23 q: 0.6285205
2024-10-14 21:22:59.162: 24 test start:
2024-10-14 21:23:10.291: 24 avg_reward: 848.0
2024-10-14 21:23:10.291: 24 avg_steps: 615.2
2024-10-14 21:23:10.291: 24 epsilon: 0.1
2024-10-14 21:23:10.291: 24 q: 0.694971
2024-10-14 21:33:26.996: 25 test start:
2024-10-14 21:33:39.377: 25 avg_reward: 698.0
2024-10-14 21:33:39.378: 25 avg_steps: 627.25
2024-10-14 21:33:39.378: 25 epsilon: 0.1
2024-10-14 21:33:39.378: 25 q: 0.7009783
2024-10-14 21:44:13.015: 26 test start:
2024-10-14 21:44:29.283: 26 avg_reward: 1438.0
2024-10-14 21:44:29.283: 26 avg_steps: 822.5
2024-10-14 21:44:29.283: 26 epsilon: 0.1
2024-10-14 21:44:29.283: 26 q: 0.7559276
2024-10-14 21:54:40.957: 27 test start:
2024-10-14 21:54:53.646: 27 avg_reward: 788.0
2024-10-14 21:54:53.646: 27 avg_steps: 657.8
2024-10-14 21:54:53.647: 27 epsilon: 0.1
2024-10-14 21:54:53.647: 27 q: 0.7505169
2024-10-14 22:05:28.182: 28 test start:
2024-10-14 22:05:44.016: 28 avg_reward: 948.0
2024-10-14 22:05:44.016: 28 avg_steps: 771.95
2024-10-14 22:05:44.016: 28 epsilon: 0.1
2024-10-14 22:05:44.016: 28 q: 0.73047787
2024-10-14 22:15:50.808: 29 test start:
2024-10-14 22:16:02.927: 29 avg_reward: 578.0
2024-10-14 22:16:02.927: 29 avg_steps: 606.2
2024-10-14 22:16:02.927: 29 epsilon: 0.1
2024-10-14 22:16:02.927: 29 q: 0.7661781
2024-10-14 22:26:43.741: 30 test start:
2024-10-14 22:26:56.101: 30 avg_reward: 858.0
2024-10-14 22:26:56.101: 30 avg_steps: 654.2
2024-10-14 22:26:56.102: 30 epsilon: 0.1
2024-10-14 22:26:56.102: 30 q: 0.7571213
2024-10-14 22:37:07.693: 31 test start:
2024-10-14 22:37:24.625: 31 avg_reward: 1458.0
2024-10-14 22:37:24.625: 31 avg_steps: 867.8
2024-10-14 22:37:24.625: 31 epsilon: 0.1
2024-10-14 22:37:24.625: 31 q: 0.7335637
2024-10-14 22:47:56.699: 32 test start:
2024-10-14 22:48:15.608: 32 avg_reward: 1938.0
2024-10-14 22:48:15.608: 32 avg_steps: 983.4
2024-10-14 22:48:15.608: 32 epsilon: 0.1
2024-10-14 22:48:15.608: 32 q: 0.7546199
2024-10-14 22:58:31.203: 33 test start:
2024-10-14 22:58:49.850: 33 avg_reward: 1868.0
2024-10-14 22:58:49.850: 33 avg_steps: 914.9
2024-10-14 22:58:49.850: 33 epsilon: 0.1
2024-10-14 22:58:49.850: 33 q: 0.731652
2024-10-14 23:09:15.801: 34 test start:
2024-10-14 23:09:30.718: 34 avg_reward: 1288.0
2024-10-14 23:09:30.718: 34 avg_steps: 754.2
2024-10-14 23:09:30.718: 34 epsilon: 0.1
2024-10-14 23:09:30.718: 34 q: 0.7410068
2024-10-14 23:19:50.728: 35 test start:
2024-10-14 23:20:12.113: 35 avg_reward: 1818.0
2024-10-14 23:20:12.113: 35 avg_steps: 1039.45
2024-10-14 23:20:12.113: 35 epsilon: 0.1
2024-10-14 23:20:12.114: 35 q: 0.7303909
2024-10-14 23:30:31.575: 36 test start:
2024-10-14 23:30:53.902: 36 avg_reward: 2218.0
2024-10-14 23:30:53.902: 36 avg_steps: 1150.15
2024-10-14 23:30:53.902: 36 epsilon: 0.1
2024-10-14 23:30:53.902: 36 q: 0.75781554
2024-10-14 23:41:21.026: 37 test start:
2024-10-14 23:41:36.160: 37 avg_reward: 1238.0
2024-10-14 23:41:36.161: 37 avg_steps: 737.85
2024-10-14 23:41:36.161: 37 epsilon: 0.1
2024-10-14 23:41:36.161: 37 q: 0.7456025
2024-10-14 23:51:46.214: 38 test start:
2024-10-14 23:52:00.197: 38 avg_reward: 908.0
2024-10-14 23:52:00.197: 38 avg_steps: 746.95
2024-10-14 23:52:00.197: 38 epsilon: 0.1
2024-10-14 23:52:00.197: 38 q: 0.7812016
2024-10-15 00:02:35.810: 39 test start:
2024-10-15 00:02:50.769: 39 avg_reward: 1238.0
2024-10-15 00:02:50.769: 39 avg_steps: 751.3
2024-10-15 00:02:50.769: 39 epsilon: 0.1
2024-10-15 00:02:50.770: 39 q: 0.78634304
2024-10-15 00:12:55.673: 40 test start:
2024-10-15 00:13:14.292: 40 avg_reward: 1688.0
2024-10-15 00:13:14.292: 40 avg_steps: 930.95
2024-10-15 00:13:14.293: 40 epsilon: 0.1
2024-10-15 00:13:14.293: 40 q: 0.8066964
2024-10-15 00:23:51.813: 41 test start:
2024-10-15 00:24:06.234: 41 avg_reward: 1228.0
2024-10-15 00:24:06.234: 41 avg_steps: 737.3
2024-10-15 00:24:06.234: 41 epsilon: 0.1
2024-10-15 00:24:06.234: 41 q: 0.8726996
2024-10-15 00:34:11.123: 42 test start:
2024-10-15 00:34:34.716: 42 avg_reward: 2508.0
2024-10-15 00:34:34.716: 42 avg_steps: 1161.55
2024-10-15 00:34:34.717: 42 epsilon: 0.1
2024-10-15 00:34:34.717: 42 q: 0.8745201
2024-10-15 00:45:04.052: 43 test start:
2024-10-15 00:45:22.253: 43 avg_reward: 1878.0
2024-10-15 00:45:22.253: 43 avg_steps: 925.35
2024-10-15 00:45:22.253: 43 epsilon: 0.1
2024-10-15 00:45:22.253: 43 q: 0.89381593
2024-10-15 00:55:36.607: 44 test start:
2024-10-15 00:55:58.694: 44 avg_reward: 2268.0
2024-10-15 00:55:58.694: 44 avg_steps: 1087.8
2024-10-15 00:55:58.694: 44 epsilon: 0.1
2024-10-15 00:55:58.694: 44 q: 0.92747694
2024-10-15 01:06:24.275: 45 test start:
2024-10-15 01:06:44.433: 45 avg_reward: 2078.0
2024-10-15 01:06:44.433: 45 avg_steps: 1021.65
2024-10-15 01:06:44.433: 45 epsilon: 0.1
2024-10-15 01:06:44.433: 45 q: 0.974954
2024-10-15 01:17:02.570: 46 test start:
2024-10-15 01:17:21.268: 46 avg_reward: 1618.0
2024-10-15 01:17:21.269: 46 avg_steps: 918.45
2024-10-15 01:17:21.269: 46 epsilon: 0.1
2024-10-15 01:17:21.269: 46 q: 0.9574773
2024-10-15 01:27:35.845: 47 test start:
2024-10-15 01:27:56.118: 47 avg_reward: 2048.0
2024-10-15 01:27:56.118: 47 avg_steps: 1024.05
2024-10-15 01:27:56.118: 47 epsilon: 0.1
2024-10-15 01:27:56.118: 47 q: 0.9868436
2024-10-15 01:38:25.680: 48 test start:
2024-10-15 01:38:49.485: 48 avg_reward: 2368.0
2024-10-15 01:38:49.486: 48 avg_steps: 1164.0
2024-10-15 01:38:49.486: 48 epsilon: 0.1
2024-10-15 01:38:49.486: 48 q: 0.9836352
2024-10-15 01:48:57.086: 49 test start:
2024-10-15 01:49:14.508: 49 avg_reward: 1618.0
2024-10-15 01:49:14.509: 49 avg_steps: 879.2
2024-10-15 01:49:14.509: 49 epsilon: 0.1
2024-10-15 01:49:14.509: 49 q: 1.0093839
2024-10-15 01:59:47.189: 50 test start:
2024-10-15 02:00:01.551: 50 avg_reward: 1018.0
2024-10-15 02:00:01.551: 50 avg_steps: 704.7
2024-10-15 02:00:01.551: 50 epsilon: 0.1
2024-10-15 02:00:01.552: 50 q: 1.002151
2024-10-15 02:10:06.910: 51 test start:
2024-10-15 02:10:24.637: 51 avg_reward: 1648.0
2024-10-15 02:10:24.637: 51 avg_steps: 883.3
2024-10-15 02:10:24.637: 51 epsilon: 0.1
2024-10-15 02:10:24.637: 51 q: 1.0417851
2024-10-15 02:20:55.690: 52 test start:
2024-10-15 02:21:08.436: 52 avg_reward: 888.0
2024-10-15 02:21:08.436: 52 avg_steps: 669.1
2024-10-15 02:21:08.436: 52 epsilon: 0.1
2024-10-15 02:21:08.436: 52 q: 1.05331
2024-10-15 02:31:22.066: 53 test start:
2024-10-15 02:31:40.034: 53 avg_reward: 1838.0
2024-10-15 02:31:40.034: 53 avg_steps: 948.7
2024-10-15 02:31:40.035: 53 epsilon: 0.1
2024-10-15 02:31:40.035: 53 q: 1.0713946
2024-10-15 02:42:07.918: 54 test start:
2024-10-15 02:42:30.494: 54 avg_reward: 2418.0
2024-10-15 02:42:30.494: 54 avg_steps: 1170.05
2024-10-15 02:42:30.495: 54 epsilon: 0.1
2024-10-15 02:42:30.495: 54 q: 1.067581
2024-10-15 02:52:51.284: 55 test start:
2024-10-15 02:53:13.227: 55 avg_reward: 2398.0
2024-10-15 02:53:13.227: 55 avg_steps: 1089.35
2024-10-15 02:53:13.227: 55 epsilon: 0.1
2024-10-15 02:53:13.227: 55 q: 1.0732596
2024-10-15 03:03:29.963: 56 test start:
2024-10-15 03:03:48.917: 56 avg_reward: 1958.0
2024-10-15 03:03:48.917: 56 avg_steps: 964.45
2024-10-15 03:03:48.917: 56 epsilon: 0.1
2024-10-15 03:03:48.917: 56 q: 1.0772351
2024-10-15 03:14:19.224: 57 test start:
2024-10-15 03:14:37.182: 57 avg_reward: 1638.0
2024-10-15 03:14:37.182: 57 avg_steps: 878.05
2024-10-15 03:14:37.182: 57 epsilon: 0.1
2024-10-15 03:14:37.182: 57 q: 1.1053169
2024-10-15 03:24:41.737: 58 test start:
2024-10-15 03:24:57.838: 58 avg_reward: 1418.0
2024-10-15 03:24:57.838: 58 avg_steps: 815.35
2024-10-15 03:24:57.838: 58 epsilon: 0.1
2024-10-15 03:24:57.838: 58 q: 1.1065322
2024-10-15 03:35:33.252: 59 test start:
2024-10-15 03:35:48.291: 59 avg_reward: 1138.0
2024-10-15 03:35:48.292: 59 avg_steps: 728.15
2024-10-15 03:35:48.292: 59 epsilon: 0.1
2024-10-15 03:35:48.292: 59 q: 1.0951245
2024-10-15 03:45:51.848: 60 test start:
2024-10-15 03:46:07.314: 60 avg_reward: 1208.0
2024-10-15 03:46:07.314: 60 avg_steps: 758.9
2024-10-15 03:46:07.314: 60 epsilon: 0.1
2024-10-15 03:46:07.314: 60 q: 1.0869625
2024-10-15 03:56:38.849: 61 test start:
2024-10-15 03:57:01.216: 61 avg_reward: 2468.0
2024-10-15 03:57:01.216: 61 avg_steps: 1139.25
2024-10-15 03:57:01.216: 61 epsilon: 0.1
2024-10-15 03:57:01.216: 61 q: 1.0883218
2024-10-15 04:07:15.048: 62 test start:
2024-10-15 04:07:35.260: 62 avg_reward: 1988.0
2024-10-15 04:07:35.260: 62 avg_steps: 998.25
2024-10-15 04:07:35.260: 62 epsilon: 0.1
2024-10-15 04:07:35.260: 62 q: 1.090743
2024-10-15 04:18:02.632: 63 test start:
2024-10-15 04:18:19.240: 63 avg_reward: 1508.0
2024-10-15 04:18:19.241: 63 avg_steps: 851.3
2024-10-15 04:18:19.241: 63 epsilon: 0.1
2024-10-15 04:18:19.241: 63 q: 1.1176996
2024-10-15 04:28:37.184: 64 test start:
2024-10-15 04:28:58.397: 64 avg_reward: 2198.0
2024-10-15 04:28:58.397: 64 avg_steps: 1046.65
2024-10-15 04:28:58.397: 64 epsilon: 0.1
2024-10-15 04:28:58.397: 64 q: 1.0968301
2024-10-15 04:39:20.843: 65 test start:
2024-10-15 04:39:56.380: 65 avg_reward: 4608.0
2024-10-15 04:39:56.380: 65 avg_steps: 1826.7
2024-10-15 04:39:56.380: 65 epsilon: 0.1
2024-10-15 04:39:56.380: 65 q: 1.1308128
2024-10-15 04:50:24.419: 66 test start:
2024-10-15 04:50:44.099: 66 avg_reward: 1978.0
2024-10-15 04:50:44.100: 66 avg_steps: 972.75
2024-10-15 04:50:44.105: 66 epsilon: 0.1
2024-10-15 04:50:44.105: 66 q: 1.1061143
2024-10-15 05:00:53.055: 67 test start:
2024-10-15 05:01:11.362: 67 avg_reward: 1758.0
2024-10-15 05:01:11.362: 67 avg_steps: 929.15
2024-10-15 05:01:11.362: 67 epsilon: 0.1
2024-10-15 05:01:11.363: 67 q: 1.1421736
2024-10-15 05:11:46.925: 68 test start:
2024-10-15 05:12:07.090: 68 avg_reward: 2038.0
2024-10-15 05:12:07.090: 68 avg_steps: 988.95
2024-10-15 05:12:07.090: 68 epsilon: 0.1
2024-10-15 05:12:07.090: 68 q: 1.1552515
2024-10-15 05:22:10.241: 69 test start:
2024-10-15 05:22:28.662: 69 avg_reward: 1698.0
2024-10-15 05:22:28.662: 69 avg_steps: 915.35
2024-10-15 05:22:28.663: 69 epsilon: 0.1
2024-10-15 05:22:28.663: 69 q: 1.1672978
2024-10-15 05:33:05.642: 70 test start:
2024-10-15 05:33:19.840: 70 avg_reward: 1138.0
2024-10-15 05:33:19.841: 70 avg_steps: 730.85
2024-10-15 05:33:19.841: 70 epsilon: 0.1
2024-10-15 05:33:19.841: 70 q: 1.1804134
2024-10-15 05:43:31.588: 71 test start:
2024-10-15 05:43:50.007: 71 avg_reward: 1748.0
2024-10-15 05:43:50.007: 71 avg_steps: 927.0
2024-10-15 05:43:50.007: 71 epsilon: 0.1
2024-10-15 05:43:50.007: 71 q: 1.137045
2024-10-15 05:54:21.082: 72 test start:
2024-10-15 05:54:41.065: 72 avg_reward: 2148.0
2024-10-15 05:54:41.066: 72 avg_steps: 1048.6
2024-10-15 05:54:41.066: 72 epsilon: 0.1
2024-10-15 05:54:41.066: 72 q: 1.148812
2024-10-15 06:05:02.962: 73 test start:
2024-10-15 06:05:21.473: 73 avg_reward: 1708.0
2024-10-15 06:05:21.473: 73 avg_steps: 909.3
2024-10-15 06:05:21.473: 73 epsilon: 0.1
2024-10-15 06:05:21.473: 73 q: 1.1596283
2024-10-15 06:15:41.066: 74 test start:
2024-10-15 06:16:01.107: 74 avg_reward: 1988.0
2024-10-15 06:16:01.107: 74 avg_steps: 1010.15
2024-10-15 06:16:01.107: 74 epsilon: 0.1
2024-10-15 06:16:01.107: 74 q: 1.1464231
2024-10-15 06:26:28.934: 75 test start:
2024-10-15 06:26:47.519: 75 avg_reward: 1688.0
2024-10-15 06:26:47.519: 75 avg_steps: 911.15
2024-10-15 06:26:47.519: 75 epsilon: 0.1
2024-10-15 06:26:47.519: 75 q: 1.1384401
2024-10-15 06:36:55.611: 76 test start:
2024-10-15 06:37:09.995: 76 avg_reward: 1178.0
2024-10-15 06:37:09.995: 76 avg_steps: 753.65
2024-10-15 06:37:09.995: 76 epsilon: 0.1
2024-10-15 06:37:09.995: 76 q: 1.1668594
2024-10-15 06:47:41.688: 77 test start:
2024-10-15 06:47:58.432: 77 avg_reward: 1378.0
2024-10-15 06:47:58.432: 77 avg_steps: 822.2
2024-10-15 06:47:58.432: 77 epsilon: 0.1
2024-10-15 06:47:58.432: 77 q: 1.1202012
2024-10-15 06:58:04.496: 78 test start:
2024-10-15 06:58:22.751: 78 avg_reward: 1698.0
2024-10-15 06:58:22.751: 78 avg_steps: 904.1
2024-10-15 06:58:22.752: 78 epsilon: 0.1
2024-10-15 06:58:22.752: 78 q: 1.0910512
2024-10-15 07:08:58.575: 79 test start:
2024-10-15 07:09:12.716: 79 avg_reward: 1058.0
2024-10-15 07:09:12.717: 79 avg_steps: 719.0
2024-10-15 07:09:12.717: 79 epsilon: 0.1
2024-10-15 07:09:12.717: 79 q: 1.0832393
2024-10-15 07:19:27.616: 80 test start:
2024-10-15 07:19:45.450: 80 avg_reward: 1528.0
2024-10-15 07:19:45.450: 80 avg_steps: 874.55
2024-10-15 07:19:45.450: 80 epsilon: 0.1
2024-10-15 07:19:45.451: 80 q: 1.0963529
2024-10-15 07:30:18.355: 81 test start:
2024-10-15 07:30:33.716: 81 avg_reward: 1258.0
2024-10-15 07:30:33.717: 81 avg_steps: 790.0
2024-10-15 07:30:33.717: 81 epsilon: 0.1
2024-10-15 07:30:33.717: 81 q: 1.0923958
2024-10-15 07:40:52.461: 82 test start:
2024-10-15 07:41:11.069: 82 avg_reward: 1728.0
2024-10-15 07:41:11.069: 82 avg_steps: 923.95
2024-10-15 07:41:11.069: 82 epsilon: 0.1
2024-10-15 07:41:11.069: 82 q: 1.0750532
2024-10-15 07:51:34.208: 83 test start:
2024-10-15 07:51:51.709: 83 avg_reward: 1638.0
2024-10-15 07:51:51.709: 83 avg_steps: 901.95
2024-10-15 07:51:51.709: 83 epsilon: 0.1
2024-10-15 07:51:51.709: 83 q: 1.0756584
2024-10-15 08:02:14.375: 84 test start:
2024-10-15 08:02:31.166: 84 avg_reward: 1388.0
2024-10-15 08:02:31.167: 84 avg_steps: 830.65
2024-10-15 08:02:31.167: 84 epsilon: 0.1
2024-10-15 08:02:31.167: 84 q: 1.0786963
2024-10-15 08:12:47.955: 85 test start:
2024-10-15 08:13:03.039: 85 avg_reward: 1248.0
2024-10-15 08:13:03.039: 85 avg_steps: 777.9
2024-10-15 08:13:03.039: 85 epsilon: 0.1
2024-10-15 08:13:03.039: 85 q: 1.0439043
2024-10-15 08:23:35.356: 86 test start:
2024-10-15 08:23:52.654: 86 avg_reward: 1498.0
2024-10-15 08:23:52.654: 86 avg_steps: 849.9
2024-10-15 08:23:52.654: 86 epsilon: 0.1
2024-10-15 08:23:52.654: 86 q: 1.0483226
2024-10-15 08:34:02.474: 87 test start:
2024-10-15 08:34:16.203: 87 avg_reward: 968.0
2024-10-15 08:34:16.203: 87 avg_steps: 698.65
2024-10-15 08:34:16.203: 87 epsilon: 0.1
2024-10-15 08:34:16.203: 87 q: 1.0421716
2024-10-15 08:44:53.030: 88 test start:
2024-10-15 08:45:09.313: 88 avg_reward: 1308.0
2024-10-15 08:45:09.313: 88 avg_steps: 801.65
2024-10-15 08:45:09.318: 88 epsilon: 0.1
2024-10-15 08:45:09.319: 88 q: 1.0292293
2024-10-15 08:55:20.118: 89 test start:
2024-10-15 08:55:34.103: 89 avg_reward: 1038.0
2024-10-15 08:55:34.103: 89 avg_steps: 722.15
2024-10-15 08:55:34.103: 89 epsilon: 0.1
2024-10-15 08:55:34.103: 89 q: 1.0489936
2024-10-15 09:06:12.072: 90 test start:
2024-10-15 09:06:26.098: 90 avg_reward: 1008.0
2024-10-15 09:06:26.098: 90 avg_steps: 701.9
2024-10-15 09:06:26.098: 90 epsilon: 0.1
2024-10-15 09:06:26.098: 90 q: 1.0425742
2024-10-15 09:16:44.106: 91 test start:
2024-10-15 09:17:00.619: 91 avg_reward: 1388.0
2024-10-15 09:17:00.619: 91 avg_steps: 808.65
2024-10-15 09:17:00.619: 91 epsilon: 0.1
2024-10-15 09:17:00.619: 91 q: 1.0565928
2024-10-15 09:27:27.827: 92 test start:
2024-10-15 09:27:43.804: 92 avg_reward: 1438.0
2024-10-15 09:27:43.805: 92 avg_steps: 810.65
2024-10-15 09:27:43.805: 92 epsilon: 0.1
2024-10-15 09:27:43.805: 92 q: 1.0745388
2024-10-15 09:38:11.125: 93 test start:
2024-10-15 09:38:30.851: 93 avg_reward: 1808.0
2024-10-15 09:38:30.851: 93 avg_steps: 959.85
2024-10-15 09:38:30.851: 93 epsilon: 0.1
2024-10-15 09:38:30.852: 93 q: 1.0583359
2024-10-15 09:48:49.616: 94 test start:
2024-10-15 09:49:06.019: 94 avg_reward: 1448.0
2024-10-15 09:49:06.020: 94 avg_steps: 833.45
2024-10-15 09:49:06.020: 94 epsilon: 0.1
2024-10-15 09:49:06.020: 94 q: 1.0869488
2024-10-15 09:59:35.292: 95 test start:
2024-10-15 09:59:51.936: 95 avg_reward: 1398.0
2024-10-15 09:59:51.936: 95 avg_steps: 823.1
2024-10-15 09:59:51.936: 95 epsilon: 0.1
2024-10-15 09:59:51.936: 95 q: 1.0671239
2024-10-15 10:10:03.287: 96 test start:
2024-10-15 10:10:17.432: 96 avg_reward: 1108.0
2024-10-15 10:10:17.432: 96 avg_steps: 724.05
2024-10-15 10:10:17.433: 96 epsilon: 0.1
2024-10-15 10:10:17.433: 96 q: 1.0735259
2024-10-15 10:20:53.735: 97 test start:
2024-10-15 10:21:15.520: 97 avg_reward: 2358.0
2024-10-15 10:21:15.521: 97 avg_steps: 1103.3
2024-10-15 10:21:15.521: 97 epsilon: 0.1
2024-10-15 10:21:15.521: 97 q: 1.0501248
2024-10-15 10:31:25.651: 98 test start:
2024-10-15 10:31:41.809: 98 avg_reward: 1348.0
2024-10-15 10:31:41.809: 98 avg_steps: 805.5
2024-10-15 10:31:41.809: 98 epsilon: 0.1
2024-10-15 10:31:41.809: 98 q: 1.0400501
2024-10-15 10:42:16.102: 99 test start:
2024-10-15 10:42:29.590: 99 avg_reward: 988.0
2024-10-15 10:42:29.590: 99 avg_steps: 703.0
2024-10-15 10:42:29.590: 99 epsilon: 0.1
2024-10-15 10:42:29.590: 99 q: 1.0702561
2024-10-15 10:52:47.739: 100 test start:
2024-10-15 10:53:01.645: 100 avg_reward: 938.0
2024-10-15 10:53:01.645: 100 avg_steps: 683.25
2024-10-15 10:53:01.645: 100 epsilon: 0.1
2024-10-15 10:53:01.645: 100 q: 1.0524268
2024-10-15 11:03:29.173: 101 test start:
2024-10-15 11:03:47.314: 101 avg_reward: 1778.0
2024-10-15 11:03:47.314: 101 avg_steps: 929.5
2024-10-15 11:03:47.314: 101 epsilon: 0.1
2024-10-15 11:03:47.314: 101 q: 1.033773
2024-10-15 11:14:15.362: 102 test start:
2024-10-15 11:14:32.415: 102 avg_reward: 1438.0
2024-10-15 11:14:32.416: 102 avg_steps: 847.35
2024-10-15 11:14:32.416: 102 epsilon: 0.1
2024-10-15 11:14:32.416: 102 q: 1.0465263
2024-10-15 11:24:51.656: 103 test start:
2024-10-15 11:25:07.174: 103 avg_reward: 1318.0
2024-10-15 11:25:07.174: 103 avg_steps: 796.05
2024-10-15 11:25:07.174: 103 epsilon: 0.1
2024-10-15 11:25:07.174: 103 q: 1.049075
2024-10-15 11:35:37.521: 104 test start:
2024-10-15 11:35:55.515: 104 avg_reward: 1668.0
2024-10-15 11:35:55.515: 104 avg_steps: 882.95
2024-10-15 11:35:55.516: 104 epsilon: 0.1
2024-10-15 11:35:55.516: 104 q: 1.0406786
2024-10-15 11:46:07.922: 105 test start:
2024-10-15 11:46:20.652: 105 avg_reward: 998.0
2024-10-15 11:46:20.652: 105 avg_steps: 676.8
2024-10-15 11:46:20.652: 105 epsilon: 0.1
2024-10-15 11:46:20.652: 105 q: 1.0349587
2024-10-15 11:57:01.850: 106 test start:
2024-10-15 11:57:17.505: 106 avg_reward: 1308.0
2024-10-15 11:57:17.506: 106 avg_steps: 776.8
2024-10-15 11:57:17.506: 106 epsilon: 0.1
2024-10-15 11:57:17.506: 106 q: 1.0351243
2024-10-15 12:07:22.001: 107 test start:
2024-10-15 12:07:37.034: 107 avg_reward: 1168.0
2024-10-15 12:07:37.034: 107 avg_steps: 737.65
2024-10-15 12:07:37.034: 107 epsilon: 0.1
2024-10-15 12:07:37.034: 107 q: 1.0423678
2024-10-15 12:18:14.732: 108 test start:
2024-10-15 12:18:30.721: 108 avg_reward: 1468.0
2024-10-15 12:18:30.721: 108 avg_steps: 831.8
2024-10-15 12:18:30.721: 108 epsilon: 0.1
2024-10-15 12:18:30.721: 108 q: 1.0799243
2024-10-15 12:28:41.167: 109 test start:
2024-10-15 12:28:53.883: 109 avg_reward: 848.0
2024-10-15 12:28:53.883: 109 avg_steps: 646.95
2024-10-15 12:28:53.883: 109 epsilon: 0.1
2024-10-15 12:28:53.884: 109 q: 1.0715808
2024-10-15 12:39:33.223: 110 test start:
2024-10-15 12:39:46.571: 110 avg_reward: 1048.0
2024-10-15 12:39:46.571: 110 avg_steps: 697.95
2024-10-15 12:39:46.571: 110 epsilon: 0.1
2024-10-15 12:39:46.571: 110 q: 1.0606441
2024-10-15 12:50:02.406: 111 test start:
2024-10-15 12:50:18.210: 111 avg_reward: 1298.0
2024-10-15 12:50:18.210: 111 avg_steps: 779.3
2024-10-15 12:50:18.210: 111 epsilon: 0.1
2024-10-15 12:50:18.210: 111 q: 1.0743562
2024-10-15 13:00:47.359: 112 test start:
2024-10-15 13:01:01.214: 112 avg_reward: 1148.0
2024-10-15 13:01:01.214: 112 avg_steps: 714.9
2024-10-15 13:01:01.214: 112 epsilon: 0.1
2024-10-15 13:01:01.214: 112 q: 1.0405873
2024-10-15 13:11:26.054: 113 test start:
2024-10-15 13:11:45.493: 113 avg_reward: 2198.0
2024-10-15 13:11:45.493: 113 avg_steps: 975.7
2024-10-15 13:11:45.493: 113 epsilon: 0.1
2024-10-15 13:11:45.493: 113 q: 1.047398
2024-10-15 13:22:03.733: 114 test start:
2024-10-15 13:22:21.280: 114 avg_reward: 2058.0
2024-10-15 13:22:21.281: 114 avg_steps: 937.45
2024-10-15 13:22:21.281: 114 epsilon: 0.1
2024-10-15 13:22:21.281: 114 q: 1.0425406
2024-10-15 13:32:54.213: 115 test start:
2024-10-15 13:33:12.682: 115 avg_reward: 1958.0
2024-10-15 13:33:12.683: 115 avg_steps: 917.75
2024-10-15 13:33:12.683: 115 epsilon: 0.1
2024-10-15 13:33:12.683: 115 q: 1.049561
2024-10-15 13:43:20.755: 116 test start:
2024-10-15 13:43:44.222: 116 avg_reward: 2518.0
2024-10-15 13:43:44.222: 116 avg_steps: 1189.05
2024-10-15 13:43:44.223: 116 epsilon: 0.1
2024-10-15 13:43:44.223: 116 q: 1.0856514
2024-10-15 13:54:31.067: 117 test start:
2024-10-15 13:54:54.081: 117 avg_reward: 2738.0
2024-10-15 13:54:54.081: 117 avg_steps: 1131.45
2024-10-15 13:54:54.081: 117 epsilon: 0.1
2024-10-15 13:54:54.081: 117 q: 1.0516695
2024-10-15 14:04:56.918: 118 test start:
2024-10-15 14:05:17.827: 118 avg_reward: 2308.0
2024-10-15 14:05:17.828: 118 avg_steps: 1023.95
2024-10-15 14:05:17.828: 118 epsilon: 0.1
2024-10-15 14:05:17.828: 118 q: 1.027929
2024-10-15 14:15:55.157: 119 test start:
2024-10-15 14:16:13.368: 119 avg_reward: 2008.0
2024-10-15 14:16:13.368: 119 avg_steps: 935.8
2024-10-15 14:16:13.368: 119 epsilon: 0.1
2024-10-15 14:16:13.368: 119 q: 1.032583
2024-10-15 14:26:26.541: 120 test start:
2024-10-15 14:26:49.471: 120 avg_reward: 2708.0
2024-10-15 14:26:49.471: 120 avg_steps: 1141.8
2024-10-15 14:26:49.471: 120 epsilon: 0.1
2024-10-15 14:26:49.471: 120 q: 1.0323039
2024-10-15 14:37:17.530: 121 test start:
2024-10-15 14:37:36.337: 121 avg_reward: 2138.0
2024-10-15 14:37:36.337: 121 avg_steps: 983.4
2024-10-15 14:37:36.338: 121 epsilon: 0.1
2024-10-15 14:37:36.338: 121 q: 1.0173174
2024-10-15 14:47:56.280: 122 test start:
2024-10-15 14:48:22.857: 122 avg_reward: 3828.0
2024-10-15 14:48:22.857: 122 avg_steps: 1330.3
2024-10-15 14:48:22.857: 122 epsilon: 0.1
2024-10-15 14:48:22.857: 122 q: 1.050664
2024-10-15 14:58:39.180: 123 test start:
2024-10-15 14:58:58.225: 123 avg_reward: 2178.0
2024-10-15 14:58:58.225: 123 avg_steps: 988.2
2024-10-15 14:58:58.225: 123 epsilon: 0.1
2024-10-15 14:58:58.225: 123 q: 1.0992085
2024-10-15 15:09:29.302: 124 test start:
2024-10-15 15:10:00.121: 124 avg_reward: 4048.0
2024-10-15 15:10:00.121: 124 avg_steps: 1528.0
2024-10-15 15:10:00.121: 124 epsilon: 0.1
2024-10-15 15:10:00.121: 124 q: 1.0643942
2024-10-15 15:20:11.469: 125 test start:
2024-10-15 15:20:34.493: 125 avg_reward: 3028.0
2024-10-15 15:20:34.494: 125 avg_steps: 1178.85
2024-10-15 15:20:34.494: 125 epsilon: 0.1
2024-10-15 15:20:34.494: 125 q: 1.0675281
2024-10-15 15:31:11.631: 126 test start:
2024-10-15 15:31:42.406: 126 avg_reward: 4288.0
2024-10-15 15:31:42.406: 126 avg_steps: 1532.35
2024-10-15 15:31:42.406: 126 epsilon: 0.1
2024-10-15 15:31:42.406: 126 q: 1.0684817
2024-10-15 15:41:51.949: 127 test start:
2024-10-15 15:42:31.049: 127 avg_reward: 5848.0
2024-10-15 15:42:31.049: 127 avg_steps: 1946.95
2024-10-15 15:42:31.049: 127 epsilon: 0.1
2024-10-15 15:42:31.049: 127 q: 1.1047747
2024-10-15 15:53:11.437: 128 test start:
2024-10-15 15:53:44.603: 128 avg_reward: 5418.0
2024-10-15 15:53:44.603: 128 avg_steps: 1719.6
2024-10-15 15:53:44.604: 128 epsilon: 0.1
2024-10-15 15:53:44.604: 128 q: 1.1325027
2024-10-15 16:04:03.543: 129 test start:
2024-10-15 16:04:42.818: 129 avg_reward: 6138.0
2024-10-15 16:04:42.819: 129 avg_steps: 1944.55
2024-10-15 16:04:42.819: 129 epsilon: 0.1
2024-10-15 16:04:42.819: 129 q: 1.1028727
2024-10-15 16:15:06.216: 130 test start:
2024-10-15 16:15:36.862: 130 avg_reward: 4568.0
2024-10-15 16:15:36.862: 130 avg_steps: 1575.2
2024-10-15 16:15:36.862: 130 epsilon: 0.1
2024-10-15 16:15:36.862: 130 q: 1.1170042
2024-10-15 16:26:06.463: 131 test start:
2024-10-15 16:26:33.771: 131 avg_reward: 3708.0
2024-10-15 16:26:33.771: 131 avg_steps: 1351.85
2024-10-15 16:26:33.771: 131 epsilon: 0.1
2024-10-15 16:26:33.772: 131 q: 1.144767
2024-10-15 16:36:52.209: 132 test start:
2024-10-15 16:37:18.084: 132 avg_reward: 3858.0
2024-10-15 16:37:18.084: 132 avg_steps: 1334.8
2024-10-15 16:37:18.084: 132 epsilon: 0.1
2024-10-15 16:37:18.084: 132 q: 1.1673969
2024-10-15 16:47:45.945: 133 test start:
2024-10-15 16:48:07.400: 133 avg_reward: 2518.0
2024-10-15 16:48:07.400: 133 avg_steps: 1062.15
2024-10-15 16:48:07.400: 133 epsilon: 0.1
2024-10-15 16:48:07.400: 133 q: 1.1743034
2024-10-15 16:58:15.776: 134 test start:
2024-10-15 16:58:48.738: 134 avg_reward: 5218.0
2024-10-15 16:58:48.738: 134 avg_steps: 1661.55
2024-10-15 16:58:48.738: 134 epsilon: 0.1
2024-10-15 16:58:48.738: 134 q: 1.2372879
2024-10-15 17:09:25.964: 135 test start:
2024-10-15 17:09:55.703: 135 avg_reward: 4418.0
2024-10-15 17:09:55.704: 135 avg_steps: 1478.9
2024-10-15 17:09:55.704: 135 epsilon: 0.1
2024-10-15 17:09:55.704: 135 q: 1.237233
2024-10-15 17:20:06.959: 136 test start:
2024-10-15 17:20:32.529: 136 avg_reward: 3798.0
2024-10-15 17:20:32.529: 136 avg_steps: 1275.65
2024-10-15 17:20:32.529: 136 epsilon: 0.1
2024-10-15 17:20:32.529: 136 q: 1.199156
2024-10-15 17:31:03.361: 137 test start:
2024-10-15 17:31:37.914: 137 avg_reward: 5768.0
2024-10-15 17:31:37.914: 137 avg_steps: 1793.1
2024-10-15 17:31:37.914: 137 epsilon: 0.1
2024-10-15 17:31:37.914: 137 q: 1.1925648
2024-10-15 17:42:03.422: 138 test start:
2024-10-15 17:42:32.892: 138 avg_reward: 4458.0
2024-10-15 17:42:32.892: 138 avg_steps: 1472.1
2024-10-15 17:42:32.892: 138 epsilon: 0.1
2024-10-15 17:42:32.892: 138 q: 1.1710972
2024-10-15 17:53:02.105: 139 test start:
2024-10-15 17:53:27.454: 139 avg_reward: 3878.0
2024-10-15 17:53:27.455: 139 avg_steps: 1313.75
2024-10-15 17:53:27.455: 139 epsilon: 0.1
2024-10-15 17:53:27.455: 139 q: 1.2174327
2024-10-15 18:04:02.401: 140 test start:
2024-10-15 18:04:30.875: 140 avg_reward: 4248.0
2024-10-15 18:04:30.876: 140 avg_steps: 1419.75
2024-10-15 18:04:30.876: 140 epsilon: 0.1
2024-10-15 18:04:30.876: 140 q: 1.2967986
2024-10-15 18:14:45.192: 141 test start:
2024-10-15 18:15:18.703: 141 avg_reward: 5438.0
2024-10-15 18:15:18.704: 141 avg_steps: 1711.7
2024-10-15 18:15:18.704: 141 epsilon: 0.1
2024-10-15 18:15:18.704: 141 q: 1.2764306
2024-10-15 18:25:58.727: 142 test start:
2024-10-15 18:26:34.870: 142 avg_reward: 5663.0
2024-10-15 18:26:34.870: 142 avg_steps: 1774.8
2024-10-15 18:26:34.870: 142 epsilon: 0.1
2024-10-15 18:26:34.870: 142 q: 1.2443101
2024-10-15 18:36:46.971: 143 test start:
2024-10-15 18:37:14.066: 143 avg_reward: 3888.0
2024-10-15 18:37:14.066: 143 avg_steps: 1346.15
2024-10-15 18:37:14.066: 143 epsilon: 0.1
2024-10-15 18:37:14.066: 143 q: 1.2414774
2024-10-15 18:47:56.878: 144 test start:
2024-10-15 18:48:28.801: 144 avg_reward: 5288.0
2024-10-15 18:48:28.801: 144 avg_steps: 1686.9
2024-10-15 18:48:28.801: 144 epsilon: 0.1
2024-10-15 18:48:28.802: 144 q: 1.3166525
2024-10-15 18:58:56.808: 145 test start:
2024-10-15 18:59:26.217: 145 avg_reward: 4828.0
2024-10-15 18:59:26.217: 145 avg_steps: 1525.55
2024-10-15 18:59:26.217: 145 epsilon: 0.1
2024-10-15 18:59:26.217: 145 q: 1.2913558
2024-10-15 19:09:56.463: 146 test start:
2024-10-15 19:10:27.180: 146 avg_reward: 5068.0
2024-10-15 19:10:27.180: 146 avg_steps: 1609.95
2024-10-15 19:10:27.180: 146 epsilon: 0.1
2024-10-15 19:10:27.180: 146 q: 1.230658
2024-10-15 19:20:54.196: 147 test start:
2024-10-15 19:21:22.158: 147 avg_reward: 3898.0
2024-10-15 19:21:22.158: 147 avg_steps: 1389.75
2024-10-15 19:21:22.158: 147 epsilon: 0.1
2024-10-15 19:21:22.158: 147 q: 1.2875315
2024-10-15 19:31:45.284: 148 test start:
2024-10-15 19:32:12.281: 148 avg_reward: 4108.0
2024-10-15 19:32:12.281: 148 avg_steps: 1384.55
2024-10-15 19:32:12.281: 148 epsilon: 0.1
2024-10-15 19:32:12.281: 148 q: 1.2070885
2024-10-15 19:42:47.188: 149 test start:
2024-10-15 19:43:21.738: 149 avg_reward: 5468.0
2024-10-15 19:43:21.738: 149 avg_steps: 1724.25
2024-10-15 19:43:21.738: 149 epsilon: 0.1
2024-10-15 19:43:21.738: 149 q: 1.2332187
2024-10-15 19:53:29.559: 150 test start:
2024-10-15 19:54:15.534: 150 avg_reward: 7648.0
2024-10-15 19:54:15.534: 150 avg_steps: 2261.65
2024-10-15 19:54:15.534: 150 epsilon: 0.1
2024-10-15 19:54:15.534: 150 q: 1.2728716
2024-10-15 20:04:56.312: 151 test start:
2024-10-15 20:05:31.967: 151 avg_reward: 5898.0
2024-10-15 20:05:31.967: 151 avg_steps: 1818.0
2024-10-15 20:05:31.967: 151 epsilon: 0.1
2024-10-15 20:05:31.967: 151 q: 1.2435501
2024-10-15 20:15:45.472: 152 test start:
2024-10-15 20:16:19.328: 152 avg_reward: 5308.0
2024-10-15 20:16:19.328: 152 avg_steps: 1665.0
2024-10-15 20:16:19.328: 152 epsilon: 0.1
2024-10-15 20:16:19.328: 152 q: 1.2518734
2024-10-15 20:26:48.612: 153 test start:
2024-10-15 20:27:15.890: 153 avg_reward: 4248.0
2024-10-15 20:27:15.890: 153 avg_steps: 1419.1
2024-10-15 20:27:15.890: 153 epsilon: 0.1
2024-10-15 20:27:15.890: 153 q: 1.2232244
2024-10-15 20:37:31.702: 154 test start:
2024-10-15 20:38:12.449: 154 avg_reward: 6448.0
2024-10-15 20:38:12.450: 154 avg_steps: 1997.65
2024-10-15 20:38:12.450: 154 epsilon: 0.1
2024-10-15 20:38:12.450: 154 q: 1.2324806
2024-10-15 20:48:32.876: 155 test start:
2024-10-15 20:49:04.953: 155 avg_reward: 5268.0
2024-10-15 20:49:04.953: 155 avg_steps: 1651.1
2024-10-15 20:49:04.953: 155 epsilon: 0.1
2024-10-15 20:49:04.953: 155 q: 1.2289715
2024-10-15 20:59:39.659: 156 test start:
2024-10-15 21:00:10.628: 156 avg_reward: 4748.0
2024-10-15 21:00:10.628: 156 avg_steps: 1523.35
2024-10-15 21:00:10.628: 156 epsilon: 0.1
2024-10-15 21:00:10.628: 156 q: 1.2618115
2024-10-15 21:10:16.508: 157 test start:
2024-10-15 21:10:56.430: 157 avg_reward: 6833.0
2024-10-15 21:10:56.430: 157 avg_steps: 2040.6
2024-10-15 21:10:56.430: 157 epsilon: 0.1
2024-10-15 21:10:56.430: 157 q: 1.2494878
2024-10-15 21:21:32.292: 158 test start:
2024-10-15 21:22:06.480: 158 avg_reward: 5608.0
2024-10-15 21:22:06.481: 158 avg_steps: 1738.05
2024-10-15 21:22:06.481: 158 epsilon: 0.1
2024-10-15 21:22:06.481: 158 q: 1.2515818
2024-10-15 21:32:18.832: 159 test start:
2024-10-15 21:32:52.932: 159 avg_reward: 5513.0
2024-10-15 21:32:52.933: 159 avg_steps: 1724.3
2024-10-15 21:32:52.933: 159 epsilon: 0.1
2024-10-15 21:32:52.933: 159 q: 1.2466307
2024-10-15 21:43:25.704: 160 test start:
2024-10-15 21:43:57.516: 160 avg_reward: 5258.0
2024-10-15 21:43:57.517: 160 avg_steps: 1660.1
2024-10-15 21:43:57.517: 160 epsilon: 0.1
2024-10-15 21:43:57.517: 160 q: 1.2276013
2024-10-15 21:54:10.738: 161 test start:
2024-10-15 21:54:43.532: 161 avg_reward: 5118.0
2024-10-15 21:54:43.532: 161 avg_steps: 1625.45
2024-10-15 21:54:43.532: 161 epsilon: 0.1
2024-10-15 21:54:43.532: 161 q: 1.2251554
2024-10-15 22:05:08.709: 162 test start:
2024-10-15 22:05:40.562: 162 avg_reward: 5158.0
2024-10-15 22:05:40.562: 162 avg_steps: 1636.55
2024-10-15 22:05:40.562: 162 epsilon: 0.1
2024-10-15 22:05:40.562: 162 q: 1.2056745
2024-10-15 22:16:10.959: 163 test start:
2024-10-15 22:16:46.563: 163 avg_reward: 5558.0
2024-10-15 22:16:46.563: 163 avg_steps: 1754.6
2024-10-15 22:16:46.563: 163 epsilon: 0.1
2024-10-15 22:16:46.563: 163 q: 1.1907593
2024-10-15 22:26:57.933: 164 test start:
2024-10-15 22:27:36.119: 164 avg_reward: 6418.0
2024-10-15 22:27:36.119: 164 avg_steps: 1950.1
2024-10-15 22:27:36.119: 164 epsilon: 0.1
2024-10-15 22:27:36.119: 164 q: 1.1840554
2024-10-15 22:38:12.577: 165 test start:
2024-10-15 22:38:59.046: 165 avg_reward: 8178.0
2024-10-15 22:38:59.046: 165 avg_steps: 2397.85
2024-10-15 22:38:59.046: 165 epsilon: 0.1
2024-10-15 22:38:59.046: 165 q: 1.1936704
2024-10-15 22:49:03.259: 166 test start:
2024-10-15 22:49:42.398: 166 avg_reward: 6458.0
2024-10-15 22:49:42.399: 166 avg_steps: 1985.75
2024-10-15 22:49:42.399: 166 epsilon: 0.1
2024-10-15 22:49:42.399: 166 q: 1.2292923
2024-10-15 23:00:16.995: 167 test start:
2024-10-15 23:00:48.458: 167 avg_reward: 5078.0
2024-10-15 23:00:48.458: 167 avg_steps: 1648.35
2024-10-15 23:00:48.458: 167 epsilon: 0.1
2024-10-15 23:00:48.458: 167 q: 1.203673
2024-10-15 23:11:07.620: 168 test start:
2024-10-15 23:11:42.122: 168 avg_reward: 5638.0
2024-10-15 23:11:42.122: 168 avg_steps: 1750.25
2024-10-15 23:11:42.122: 168 epsilon: 0.1
2024-10-15 23:11:42.122: 168 q: 1.187189
2024-10-15 23:22:10.530: 169 test start:
2024-10-15 23:22:40.873: 169 avg_reward: 4998.0
2024-10-15 23:22:40.873: 169 avg_steps: 1607.05
2024-10-15 23:22:40.873: 169 epsilon: 0.1
2024-10-15 23:22:40.873: 169 q: 1.1967014
2024-10-15 23:33:06.291: 170 test start:
2024-10-15 23:33:36.611: 170 avg_reward: 4608.0
2024-10-15 23:33:36.611: 170 avg_steps: 1533.3
2024-10-15 23:33:36.611: 170 epsilon: 0.1
2024-10-15 23:33:36.611: 170 q: 1.1808823
2024-10-15 23:43:42.416: 171 test start:
2024-10-15 23:44:26.095: 171 avg_reward: 7688.0
2024-10-15 23:44:26.095: 171 avg_steps: 2250.45
2024-10-15 23:44:26.095: 171 epsilon: 0.1
2024-10-15 23:44:26.095: 171 q: 1.1920125
2024-10-15 23:54:57.409: 172 test start:
2024-10-15 23:55:32.889: 172 avg_reward: 5348.0
2024-10-15 23:55:32.889: 172 avg_steps: 1733.6
2024-10-15 23:55:32.890: 172 epsilon: 0.1
2024-10-15 23:55:32.890: 172 q: 1.1823032
2024-10-16 00:05:37.498: 173 test start:
2024-10-16 00:06:04.489: 173 avg_reward: 3958.0
2024-10-16 00:06:04.489: 173 avg_steps: 1322.85
2024-10-16 00:06:04.489: 173 epsilon: 0.1
2024-10-16 00:06:04.489: 173 q: 1.1724194
2024-10-16 00:16:39.289: 174 test start:
2024-10-16 00:17:08.695: 174 avg_reward: 4718.0
2024-10-16 00:17:08.695: 174 avg_steps: 1506.6
2024-10-16 00:17:08.695: 174 epsilon: 0.1
2024-10-16 00:17:08.695: 174 q: 1.1765871
2024-10-16 00:27:18.025: 175 test start:
2024-10-16 00:27:48.462: 175 avg_reward: 4478.0
2024-10-16 00:27:48.462: 175 avg_steps: 1487.9
2024-10-16 00:27:48.462: 175 epsilon: 0.1
2024-10-16 00:27:48.462: 175 q: 1.1494722
2024-10-16 00:38:12.731: 176 test start:
2024-10-16 00:38:58.251: 176 avg_reward: 7798.0
2024-10-16 00:38:58.251: 176 avg_steps: 2284.95
2024-10-16 00:38:58.251: 176 epsilon: 0.1
2024-10-16 00:38:58.251: 176 q: 1.1767713
2024-10-16 00:49:20.486: 177 test start:
2024-10-16 00:50:03.400: 177 avg_reward: 7268.0
2024-10-16 00:50:03.400: 177 avg_steps: 2130.35
2024-10-16 00:50:03.400: 177 epsilon: 0.1
2024-10-16 00:50:03.400: 177 q: 1.1727501
2024-10-16 01:00:15.513: 178 test start:
2024-10-16 01:00:59.226: 178 avg_reward: 7498.0
2024-10-16 01:00:59.226: 178 avg_steps: 2207.5
2024-10-16 01:00:59.226: 178 epsilon: 0.1
2024-10-16 01:00:59.226: 178 q: 1.1812788
2024-10-16 01:11:25.273: 179 test start:
2024-10-16 01:12:11.774: 179 avg_reward: 7758.0
2024-10-16 01:12:11.774: 179 avg_steps: 2281.15
2024-10-16 01:12:11.774: 179 epsilon: 0.1
2024-10-16 01:12:11.774: 179 q: 1.1726784
2024-10-16 01:22:14.026: 180 test start:
2024-10-16 01:22:48.721: 180 avg_reward: 5318.0
2024-10-16 01:22:48.721: 180 avg_steps: 1703.15
2024-10-16 01:22:48.721: 180 epsilon: 0.1
2024-10-16 01:22:48.721: 180 q: 1.2128808
2024-10-16 01:33:32.236: 181 test start:
2024-10-16 01:34:22.193: 181 avg_reward: 9038.0
2024-10-16 01:34:22.193: 181 avg_steps: 2592.3
2024-10-16 01:34:22.193: 181 epsilon: 0.1
2024-10-16 01:34:22.193: 181 q: 1.1994328
2024-10-16 01:44:27.901: 182 test start:
2024-10-16 01:45:15.627: 182 avg_reward: 8148.0
2024-10-16 01:45:15.627: 182 avg_steps: 2367.7
2024-10-16 01:45:15.627: 182 epsilon: 0.1
2024-10-16 01:45:15.627: 182 q: 1.2016413
2024-10-16 01:55:40.095: 183 test start:
2024-10-16 01:56:14.889: 183 avg_reward: 5728.0
2024-10-16 01:56:14.889: 183 avg_steps: 1792.2
2024-10-16 01:56:14.895: 183 epsilon: 0.1
2024-10-16 01:56:14.895: 183 q: 1.1577389
2024-10-16 02:06:34.338: 184 test start:
2024-10-16 02:07:15.484: 184 avg_reward: 6858.0
2024-10-16 02:07:15.484: 184 avg_steps: 2088.85
2024-10-16 02:07:15.484: 184 epsilon: 0.1
2024-10-16 02:07:15.484: 184 q: 1.2221302
2024-10-16 02:17:35.925: 185 test start:
2024-10-16 02:18:07.684: 185 avg_reward: 5198.0
2024-10-16 02:18:07.684: 185 avg_steps: 1670.3
2024-10-16 02:18:07.685: 185 epsilon: 0.1
2024-10-16 02:18:07.685: 185 q: 1.2042207
2024-10-16 02:28:47.001: 186 test start:
2024-10-16 02:29:21.759: 186 avg_reward: 5608.0
2024-10-16 02:29:21.759: 186 avg_steps: 1766.25
2024-10-16 02:29:21.765: 186 epsilon: 0.1
2024-10-16 02:29:21.765: 186 q: 1.2499555
2024-10-16 02:39:21.931: 187 test start:
2024-10-16 02:39:59.958: 187 avg_reward: 6438.0
2024-10-16 02:39:59.958: 187 avg_steps: 1934.05
2024-10-16 02:39:59.958: 187 epsilon: 0.1
2024-10-16 02:39:59.958: 187 q: 1.2221284
2024-10-16 02:50:40.730: 188 test start:
2024-10-16 02:51:14.273: 188 avg_reward: 5778.0
2024-10-16 02:51:14.273: 188 avg_steps: 1788.8
2024-10-16 02:51:14.273: 188 epsilon: 0.1
2024-10-16 02:51:14.273: 188 q: 1.2159785
2024-10-16 03:01:16.909: 189 test start:
2024-10-16 03:01:44.974: 189 avg_reward: 4248.0
2024-10-16 03:01:44.974: 189 avg_steps: 1444.85
2024-10-16 03:01:44.974: 189 epsilon: 0.1
2024-10-16 03:01:44.974: 189 q: 1.2312114
2024-10-16 03:12:22.408: 190 test start:
2024-10-16 03:12:51.241: 190 avg_reward: 4518.0
2024-10-16 03:12:51.241: 190 avg_steps: 1459.15
2024-10-16 03:12:51.241: 190 epsilon: 0.1
2024-10-16 03:12:51.242: 190 q: 1.2493008
2024-10-16 03:23:35.871: 191 test start:
2024-10-16 03:24:07.795: 191 avg_reward: 5288.0
2024-10-16 03:24:07.796: 191 avg_steps: 1639.05
2024-10-16 03:24:07.796: 191 epsilon: 0.1
2024-10-16 03:24:07.796: 191 q: 1.1899123
2024-10-16 03:34:42.091: 192 test start:
2024-10-16 03:35:12.878: 192 avg_reward: 4918.0
2024-10-16 03:35:12.878: 192 avg_steps: 1575.0
2024-10-16 03:35:12.878: 192 epsilon: 0.1
2024-10-16 03:35:12.878: 192 q: 1.2109692
2024-10-16 03:45:42.027: 193 test start:
2024-10-16 03:46:20.034: 193 avg_reward: 6318.0
2024-10-16 03:46:20.034: 193 avg_steps: 1908.6
2024-10-16 03:46:20.034: 193 epsilon: 0.1
2024-10-16 03:46:20.034: 193 q: 1.1891083
2024-10-16 03:56:52.681: 194 test start:
2024-10-16 03:57:32.985: 194 avg_reward: 6563.0
2024-10-16 03:57:32.985: 194 avg_steps: 1994.45
2024-10-16 03:57:32.985: 194 epsilon: 0.1
2024-10-16 03:57:32.985: 194 q: 1.1941905
2024-10-16 04:08:06.742: 195 test start:
2024-10-16 04:08:40.818: 195 avg_reward: 5348.0
2024-10-16 04:08:40.818: 195 avg_steps: 1684.6
2024-10-16 04:08:40.819: 195 epsilon: 0.1
2024-10-16 04:08:40.819: 195 q: 1.230967
2024-10-16 04:19:19.408: 196 test start:
2024-10-16 04:19:59.690: 196 avg_reward: 6848.0
2024-10-16 04:19:59.690: 196 avg_steps: 2045.35
2024-10-16 04:19:59.690: 196 epsilon: 0.1
2024-10-16 04:19:59.690: 196 q: 1.2091297
2024-10-16 04:30:37.934: 197 test start:
2024-10-16 04:31:01.766: 197 avg_reward: 3468.0
2024-10-16 04:31:01.766: 197 avg_steps: 1210.25
2024-10-16 04:31:01.766: 197 epsilon: 0.1
2024-10-16 04:31:01.766: 197 q: 1.249207
2024-10-16 04:41:37.562: 198 test start:
2024-10-16 04:41:59.800: 198 avg_reward: 2918.0
2024-10-16 04:41:59.801: 198 avg_steps: 1090.35
2024-10-16 04:41:59.801: 198 epsilon: 0.1
2024-10-16 04:41:59.801: 198 q: 1.2637335
2024-10-16 04:52:36.064: 199 test start:
2024-10-16 04:53:08.042: 199 avg_reward: 4998.0
2024-10-16 04:53:08.042: 199 avg_steps: 1582.55
2024-10-16 04:53:08.042: 199 epsilon: 0.1
2024-10-16 04:53:08.042: 199 q: 1.2264812
2024-10-16 05:03:42.595: 200 test start:
2024-10-16 05:04:20.351: 200 avg_reward: 5873.0
2024-10-16 05:04:20.351: 200 avg_steps: 1861.45
2024-10-16 05:04:20.351: 200 epsilon: 0.1
2024-10-16 05:04:20.351: 200 q: 1.2648835
