2024-10-16 11:17:34.745: 
parameters:agent_test_episodes: 20
batch_num_per_epoch: 250000
device: cuda:0
env_name: ALE/DoubleDunk-v5
epsilon_for_test: 0.05
epsilon_max: 1.0
epsilon_min: 0.1
exp_name: ALE-DoubleDunk-v5_2024-10-16-11-17-34
exp_path: ../exps/dqn/
exploration_steps: 1000000
gamma: 0.99
held_out_states_num: 1000
learning_rate: 0.00025
mini_batch_size: 32
model_update_freq: 4
n_times: 5
no_op_max: 30
phi_channel: 4
replay_buffer_size: 1000000
replay_start_size: 50000
save_model: true
screen_size: 84
seed: 0
skip_k_frame: 4
step_c: 10000
training_steps: 50000000

2024-10-16 11:17:34.810: env id: ALE/DoubleDunk-v5 |repeat_action_probability: 0 
2024-10-16 11:17:34.810: screen_size: 84 | grayscale_obs:True 
scale_obs:False | action space size: 18
remove flickering: True | frame skip: 4
state space shape: (210, 160, 3) 
2024-10-16 11:17:34.828: optimizer: RMSprop (
Parameter Group 0
    alpha: 0.95
    centered: False
    differentiable: False
    eps: 0.01
    foreach: None
    lr: 0.00025
    maximize: False
    momentum: 0
    weight_decay: 0
)
2024-10-16 11:27:14.847: 1 test start:
2024-10-16 11:28:06.859: 1 avg_reward: -21.1
2024-10-16 11:28:06.859: 1 avg_steps: 2593.8
2024-10-16 11:28:06.860: 1 epsilon: 0.8182891
2024-10-16 11:28:06.860: 1 q: 0.04732022
2024-10-16 11:38:40.372: 2 test start:
2024-10-16 11:39:27.516: 2 avg_reward: -24.0
2024-10-16 11:39:27.516: 2 avg_steps: 2346.05
2024-10-16 11:39:27.516: 2 epsilon: 0.5946138999999999
2024-10-16 11:39:27.516: 2 q: 0.16085619
2024-10-16 11:50:06.293: 3 test start:
2024-10-16 11:51:10.211: 3 avg_reward: -23.4
2024-10-16 11:51:10.211: 3 avg_steps: 3240.35
2024-10-16 11:51:10.211: 3 epsilon: 0.3683341
2024-10-16 11:51:10.211: 3 q: 0.20471963
2024-10-16 12:01:41.066: 4 test start:
2024-10-16 12:02:24.538: 4 avg_reward: -19.7
2024-10-16 12:02:24.539: 4 avg_steps: 2177.95
2024-10-16 12:02:24.539: 4 epsilon: 0.14346639999999988
2024-10-16 12:02:24.539: 4 q: 0.20994739
2024-10-16 12:13:00.111: 5 test start:
2024-10-16 12:13:41.248: 5 avg_reward: -20.4
2024-10-16 12:13:41.248: 5 avg_steps: 2056.8
2024-10-16 12:13:41.248: 5 epsilon: 0.1
2024-10-16 12:13:41.248: 5 q: 0.1927349
2024-10-16 12:24:17.687: 6 test start:
2024-10-16 12:25:13.282: 6 avg_reward: -22.8
2024-10-16 12:25:13.282: 6 avg_steps: 2757.95
2024-10-16 12:25:13.282: 6 epsilon: 0.1
2024-10-16 12:25:13.283: 6 q: 0.17708416
2024-10-16 12:35:50.534: 7 test start:
2024-10-16 12:36:40.963: 7 avg_reward: -21.4
2024-10-16 12:36:40.963: 7 avg_steps: 2499.9
2024-10-16 12:36:40.963: 7 epsilon: 0.1
2024-10-16 12:36:40.963: 7 q: 0.17381209
2024-10-16 12:47:20.196: 8 test start:
2024-10-16 12:48:12.990: 8 avg_reward: -20.8
2024-10-16 12:48:12.990: 8 avg_steps: 2653.05
2024-10-16 12:48:12.990: 8 epsilon: 0.1
2024-10-16 12:48:12.990: 8 q: 0.19544555
2024-10-16 12:58:45.137: 9 test start:
2024-10-16 12:59:39.866: 9 avg_reward: -21.5
2024-10-16 12:59:39.866: 9 avg_steps: 2730.15
2024-10-16 12:59:39.866: 9 epsilon: 0.1
2024-10-16 12:59:39.866: 9 q: 0.24787271
2024-10-16 13:10:13.488: 10 test start:
2024-10-16 13:11:03.062: 10 avg_reward: -19.1
2024-10-16 13:11:03.062: 10 avg_steps: 2452.15
2024-10-16 13:11:03.062: 10 epsilon: 0.1
2024-10-16 13:11:03.062: 10 q: 0.1928728
2024-10-16 13:21:41.678: 11 test start:
2024-10-16 13:22:29.876: 11 avg_reward: -19.4
2024-10-16 13:22:29.876: 11 avg_steps: 2405.9
2024-10-16 13:22:29.876: 11 epsilon: 0.1
2024-10-16 13:22:29.876: 11 q: 0.21427284
2024-10-16 13:33:07.549: 12 test start:
2024-10-16 13:34:00.165: 12 avg_reward: -20.4
2024-10-16 13:34:00.165: 12 avg_steps: 2649.2
2024-10-16 13:34:00.165: 12 epsilon: 0.1
2024-10-16 13:34:00.165: 12 q: 0.20313251
2024-10-16 13:44:35.060: 13 test start:
2024-10-16 13:45:20.520: 13 avg_reward: -19.9
2024-10-16 13:45:20.520: 13 avg_steps: 2239.75
2024-10-16 13:45:20.520: 13 epsilon: 0.1
2024-10-16 13:45:20.520: 13 q: 0.16494168
2024-10-16 13:55:54.850: 14 test start:
2024-10-16 13:56:45.836: 14 avg_reward: -20.4
2024-10-16 13:56:45.836: 14 avg_steps: 2519.3
2024-10-16 13:56:45.837: 14 epsilon: 0.1
2024-10-16 13:56:45.837: 14 q: 0.19236304
2024-10-16 14:07:24.285: 15 test start:
2024-10-16 14:08:15.713: 15 avg_reward: -22.1
2024-10-16 14:08:15.713: 15 avg_steps: 2554.8
2024-10-16 14:08:15.713: 15 epsilon: 0.1
2024-10-16 14:08:15.713: 15 q: 0.2011098
2024-10-16 14:18:54.580: 16 test start:
2024-10-16 14:19:46.450: 16 avg_reward: -21.1
2024-10-16 14:19:46.450: 16 avg_steps: 2566.4
2024-10-16 14:19:46.450: 16 epsilon: 0.1
2024-10-16 14:19:46.450: 16 q: 0.21707489
2024-10-16 14:30:23.129: 17 test start:
2024-10-16 14:31:15.000: 17 avg_reward: -20.6
2024-10-16 14:31:15.000: 17 avg_steps: 2577.2
2024-10-16 14:31:15.000: 17 epsilon: 0.1
2024-10-16 14:31:15.000: 17 q: 0.17671439
2024-10-16 14:41:57.382: 18 test start:
2024-10-16 14:42:48.097: 18 avg_reward: -20.9
2024-10-16 14:42:48.097: 18 avg_steps: 2525.4
2024-10-16 14:42:48.097: 18 epsilon: 0.1
2024-10-16 14:42:48.097: 18 q: 0.1593277
2024-10-16 14:53:21.762: 19 test start:
2024-10-16 14:54:10.082: 19 avg_reward: -20.7
2024-10-16 14:54:10.083: 19 avg_steps: 2407.45
2024-10-16 14:54:10.083: 19 epsilon: 0.1
2024-10-16 14:54:10.083: 19 q: 0.19059338
2024-10-16 15:04:52.174: 20 test start:
2024-10-16 15:05:40.814: 20 avg_reward: -19.7
2024-10-16 15:05:40.814: 20 avg_steps: 2415.75
2024-10-16 15:05:40.814: 20 epsilon: 0.1
2024-10-16 15:05:40.814: 20 q: 0.22498538
2024-10-16 15:16:09.530: 21 test start:
2024-10-16 15:16:55.053: 21 avg_reward: -20.4
2024-10-16 15:16:55.053: 21 avg_steps: 2257.25
2024-10-16 15:16:55.053: 21 epsilon: 0.1
2024-10-16 15:16:55.053: 21 q: 0.29154393
2024-10-16 15:27:32.373: 22 test start:
2024-10-16 15:28:18.981: 22 avg_reward: -18.9
2024-10-16 15:28:18.981: 22 avg_steps: 2316.0
2024-10-16 15:28:18.981: 22 epsilon: 0.1
2024-10-16 15:28:18.981: 22 q: 0.3338626
2024-10-16 15:39:01.309: 23 test start:
2024-10-16 15:39:50.672: 23 avg_reward: -19.8
2024-10-16 15:39:50.672: 23 avg_steps: 2460.05
2024-10-16 15:39:50.672: 23 epsilon: 0.1
2024-10-16 15:39:50.672: 23 q: 0.30366802
2024-10-16 15:50:30.339: 24 test start:
2024-10-16 15:51:18.503: 24 avg_reward: -19.6
2024-10-16 15:51:18.504: 24 avg_steps: 2418.4
2024-10-16 15:51:18.504: 24 epsilon: 0.1
2024-10-16 15:51:18.504: 24 q: 0.34009963
2024-10-16 16:01:45.526: 25 test start:
2024-10-16 16:02:39.690: 25 avg_reward: -18.4
2024-10-16 16:02:39.691: 25 avg_steps: 2814.4
2024-10-16 16:02:39.691: 25 epsilon: 0.1
2024-10-16 16:02:39.691: 25 q: 0.35159415
2024-10-16 16:13:08.689: 26 test start:
2024-10-16 16:13:55.183: 26 avg_reward: -17.7
2024-10-16 16:13:55.183: 26 avg_steps: 2319.5
2024-10-16 16:13:55.183: 26 epsilon: 0.1
2024-10-16 16:13:55.183: 26 q: 0.3360474
2024-10-16 16:24:33.854: 27 test start:
2024-10-16 16:25:29.469: 27 avg_reward: -18.1
2024-10-16 16:25:29.469: 27 avg_steps: 2796.25
2024-10-16 16:25:29.469: 27 epsilon: 0.1
2024-10-16 16:25:29.469: 27 q: 0.39883557
2024-10-16 16:36:06.613: 28 test start:
2024-10-16 16:37:00.928: 28 avg_reward: -19.8
2024-10-16 16:37:00.928: 28 avg_steps: 2705.5
2024-10-16 16:37:00.929: 28 epsilon: 0.1
2024-10-16 16:37:00.929: 28 q: 0.39960963
2024-10-16 16:47:41.303: 29 test start:
2024-10-16 16:48:32.682: 29 avg_reward: -19.5
2024-10-16 16:48:32.682: 29 avg_steps: 2599.0
2024-10-16 16:48:32.682: 29 epsilon: 0.1
2024-10-16 16:48:32.682: 29 q: 0.38597205
2024-10-16 16:58:40.266: 30 test start:
2024-10-16 16:59:33.838: 30 avg_reward: -16.9
2024-10-16 16:59:33.839: 30 avg_steps: 2678.5
2024-10-16 16:59:33.839: 30 epsilon: 0.1
2024-10-16 16:59:33.839: 30 q: 0.39478168
2024-10-16 17:10:09.347: 31 test start:
2024-10-16 17:11:02.010: 31 avg_reward: -19.2
2024-10-16 17:11:02.010: 31 avg_steps: 2745.45
2024-10-16 17:11:02.010: 31 epsilon: 0.1
2024-10-16 17:11:02.010: 31 q: 0.4038231
2024-10-16 17:21:41.145: 32 test start:
2024-10-16 17:22:36.648: 32 avg_reward: -17.3
2024-10-16 17:22:36.648: 32 avg_steps: 2802.5
2024-10-16 17:22:36.648: 32 epsilon: 0.1
2024-10-16 17:22:36.648: 32 q: 0.4368431
2024-10-16 17:32:49.954: 33 test start:
2024-10-16 17:33:56.054: 33 avg_reward: -20.7
2024-10-16 17:33:56.055: 33 avg_steps: 3304.3
2024-10-16 17:33:56.055: 33 epsilon: 0.1
2024-10-16 17:33:56.055: 33 q: 0.42488936
2024-10-16 17:44:30.924: 34 test start:
2024-10-16 17:45:21.673: 34 avg_reward: -18.6
2024-10-16 17:45:21.673: 34 avg_steps: 2612.95
2024-10-16 17:45:21.673: 34 epsilon: 0.1
2024-10-16 17:45:21.673: 34 q: 0.40752062
2024-10-16 17:55:56.095: 35 test start:
2024-10-16 17:56:55.079: 35 avg_reward: -21.1
2024-10-16 17:56:55.079: 35 avg_steps: 2964.1
2024-10-16 17:56:55.079: 35 epsilon: 0.1
2024-10-16 17:56:55.079: 35 q: 0.41290233
2024-10-16 18:07:11.495: 36 test start:
2024-10-16 18:07:42.089: 36 avg_reward: -23.4
2024-10-16 18:07:42.089: 36 avg_steps: 1512.1
2024-10-16 18:07:42.089: 36 epsilon: 0.1
2024-10-16 18:07:42.089: 36 q: 0.4314013
2024-10-16 18:18:16.752: 37 test start:
2024-10-16 18:19:11.981: 37 avg_reward: -19.7
2024-10-16 18:19:11.981: 37 avg_steps: 2831.8
2024-10-16 18:19:11.981: 37 epsilon: 0.1
2024-10-16 18:19:11.981: 37 q: 0.45038787
2024-10-16 18:29:40.223: 38 test start:
2024-10-16 18:30:31.520: 38 avg_reward: -17.1
2024-10-16 18:30:31.520: 38 avg_steps: 2566.2
2024-10-16 18:30:31.520: 38 epsilon: 0.1
2024-10-16 18:30:31.520: 38 q: 0.44928733
2024-10-16 18:41:11.408: 39 test start:
2024-10-16 18:42:02.619: 39 avg_reward: -19.2
2024-10-16 18:42:02.619: 39 avg_steps: 2520.35
2024-10-16 18:42:02.619: 39 epsilon: 0.1
2024-10-16 18:42:02.619: 39 q: 0.39948907
2024-10-16 18:52:21.938: 40 test start:
2024-10-16 18:53:11.017: 40 avg_reward: -18.8
2024-10-16 18:53:11.017: 40 avg_steps: 2528.55
2024-10-16 18:53:11.017: 40 epsilon: 0.1
2024-10-16 18:53:11.017: 40 q: 0.40725204
2024-10-16 19:03:45.499: 41 test start:
2024-10-16 19:04:32.454: 41 avg_reward: -19.7
2024-10-16 19:04:32.454: 41 avg_steps: 2322.95
2024-10-16 19:04:32.454: 41 epsilon: 0.1
2024-10-16 19:04:32.454: 41 q: 0.41589263
2024-10-16 19:14:47.782: 42 test start:
2024-10-16 19:15:37.932: 42 avg_reward: -18.5
2024-10-16 19:15:37.932: 42 avg_steps: 2472.15
2024-10-16 19:15:37.932: 42 epsilon: 0.1
2024-10-16 19:15:37.932: 42 q: 0.39460078
2024-10-16 19:26:07.275: 43 test start:
2024-10-16 19:27:00.073: 43 avg_reward: -19.5
2024-10-16 19:27:00.073: 43 avg_steps: 2762.4
2024-10-16 19:27:00.073: 43 epsilon: 0.1
2024-10-16 19:27:00.073: 43 q: 0.42511624
2024-10-16 19:37:35.221: 44 test start:
2024-10-16 19:38:25.666: 44 avg_reward: -18.9
2024-10-16 19:38:25.666: 44 avg_steps: 2585.4
2024-10-16 19:38:25.666: 44 epsilon: 0.1
2024-10-16 19:38:25.666: 44 q: 0.3979487
2024-10-16 19:48:40.380: 45 test start:
2024-10-16 19:49:27.288: 45 avg_reward: -22.9
2024-10-16 19:49:27.288: 45 avg_steps: 2387.15
2024-10-16 19:49:27.288: 45 epsilon: 0.1
2024-10-16 19:49:27.289: 45 q: 0.41186774
2024-10-16 20:00:04.530: 46 test start:
2024-10-16 20:00:53.904: 46 avg_reward: -19.3
2024-10-16 20:00:53.904: 46 avg_steps: 2566.75
2024-10-16 20:00:53.904: 46 epsilon: 0.1
2024-10-16 20:00:53.905: 46 q: 0.43063378
2024-10-16 20:11:21.081: 47 test start:
2024-10-16 20:12:13.877: 47 avg_reward: -18.5
2024-10-16 20:12:13.877: 47 avg_steps: 2642.3
2024-10-16 20:12:13.877: 47 epsilon: 0.1
2024-10-16 20:12:13.877: 47 q: 0.44037035
2024-10-16 20:22:35.543: 48 test start:
2024-10-16 20:23:28.936: 48 avg_reward: -20.6
2024-10-16 20:23:28.937: 48 avg_steps: 2845.65
2024-10-16 20:23:28.937: 48 epsilon: 0.1
2024-10-16 20:23:28.937: 48 q: 0.47056657
2024-10-16 20:33:59.177: 49 test start:
2024-10-16 20:34:50.563: 49 avg_reward: -18.5
2024-10-16 20:34:50.563: 49 avg_steps: 2619.3
2024-10-16 20:34:50.563: 49 epsilon: 0.1
2024-10-16 20:34:50.563: 49 q: 0.45229036
2024-10-16 20:45:05.243: 50 test start:
2024-10-16 20:45:55.661: 50 avg_reward: -18.6
2024-10-16 20:45:55.661: 50 avg_steps: 2671.6
2024-10-16 20:45:55.662: 50 epsilon: 0.1
2024-10-16 20:45:55.662: 50 q: 0.45447454
2024-10-16 20:56:44.267: 51 test start:
2024-10-16 20:57:38.388: 51 avg_reward: -18.5
2024-10-16 20:57:38.388: 51 avg_steps: 2787.15
2024-10-16 20:57:38.388: 51 epsilon: 0.1
2024-10-16 20:57:38.388: 51 q: 0.50194657
2024-10-16 21:07:46.292: 52 test start:
2024-10-16 21:08:39.457: 52 avg_reward: -21.0
2024-10-16 21:08:39.457: 52 avg_steps: 2639.0
2024-10-16 21:08:39.457: 52 epsilon: 0.1
2024-10-16 21:08:39.457: 52 q: 0.5164988
2024-10-16 21:19:18.400: 53 test start:
2024-10-16 21:20:06.372: 53 avg_reward: -22.2
2024-10-16 21:20:06.373: 53 avg_steps: 2449.8
2024-10-16 21:20:06.373: 53 epsilon: 0.1
2024-10-16 21:20:06.373: 53 q: 0.4741341
2024-10-16 21:30:30.713: 54 test start:
2024-10-16 21:31:32.224: 54 avg_reward: -19.1
2024-10-16 21:31:32.225: 54 avg_steps: 3041.0
2024-10-16 21:31:32.225: 54 epsilon: 0.1
2024-10-16 21:31:32.225: 54 q: 0.52760255
2024-10-16 21:41:49.926: 55 test start:
2024-10-16 21:42:41.444: 55 avg_reward: -17.0
2024-10-16 21:42:41.444: 55 avg_steps: 2665.7
2024-10-16 21:42:41.444: 55 epsilon: 0.1
2024-10-16 21:42:41.444: 55 q: 0.5157819
2024-10-16 21:53:26.141: 56 test start:
2024-10-16 21:54:09.907: 56 avg_reward: -20.0
2024-10-16 21:54:09.907: 56 avg_steps: 2188.35
2024-10-16 21:54:09.907: 56 epsilon: 0.1
2024-10-16 21:54:09.907: 56 q: 0.5618393
2024-10-16 22:04:26.744: 57 test start:
2024-10-16 22:05:17.495: 57 avg_reward: -18.7
2024-10-16 22:05:17.495: 57 avg_steps: 2523.7
2024-10-16 22:05:17.495: 57 epsilon: 0.1
2024-10-16 22:05:17.495: 57 q: 0.5557997
2024-10-16 22:15:52.390: 58 test start:
2024-10-16 22:16:47.014: 58 avg_reward: -17.7
2024-10-16 22:16:47.014: 58 avg_steps: 2810.55
2024-10-16 22:16:47.014: 58 epsilon: 0.1
2024-10-16 22:16:47.014: 58 q: 0.58949697
2024-10-16 22:27:09.514: 59 test start:
2024-10-16 22:28:06.127: 59 avg_reward: -17.8
2024-10-16 22:28:06.127: 59 avg_steps: 2798.1
2024-10-16 22:28:06.127: 59 epsilon: 0.1
2024-10-16 22:28:06.127: 59 q: 0.5658304
2024-10-16 22:38:27.446: 60 test start:
2024-10-16 22:39:22.307: 60 avg_reward: -17.6
2024-10-16 22:39:22.307: 60 avg_steps: 2788.35
2024-10-16 22:39:22.307: 60 epsilon: 0.1
2024-10-16 22:39:22.307: 60 q: 0.5790755
2024-10-16 22:50:04.899: 61 test start:
2024-10-16 22:51:06.575: 61 avg_reward: -17.5
2024-10-16 22:51:06.576: 61 avg_steps: 3069.8
2024-10-16 22:51:06.576: 61 epsilon: 0.1
2024-10-16 22:51:06.576: 61 q: 0.5922687
2024-10-16 23:01:18.445: 62 test start:
2024-10-16 23:01:57.716: 62 avg_reward: -23.4
2024-10-16 23:01:57.717: 62 avg_steps: 1970.95
2024-10-16 23:01:57.717: 62 epsilon: 0.1
2024-10-16 23:01:57.717: 62 q: 0.58318007
2024-10-16 23:12:46.875: 63 test start:
2024-10-16 23:13:39.451: 63 avg_reward: -17.4
2024-10-16 23:13:39.452: 63 avg_steps: 2720.85
2024-10-16 23:13:39.457: 63 epsilon: 0.1
2024-10-16 23:13:39.457: 63 q: 0.5985364
2024-10-16 23:23:56.822: 64 test start:
2024-10-16 23:24:43.261: 64 avg_reward: -20.4
2024-10-16 23:24:43.261: 64 avg_steps: 2286.9
2024-10-16 23:24:43.261: 64 epsilon: 0.1
2024-10-16 23:24:43.261: 64 q: 0.6270318
2024-10-16 23:35:20.554: 65 test start:
2024-10-16 23:36:14.254: 65 avg_reward: -18.3
2024-10-16 23:36:14.254: 65 avg_steps: 2765.05
2024-10-16 23:36:14.254: 65 epsilon: 0.1
2024-10-16 23:36:14.255: 65 q: 0.5919164
2024-10-16 23:46:42.326: 66 test start:
2024-10-16 23:47:37.271: 66 avg_reward: -19.2
2024-10-16 23:47:37.271: 66 avg_steps: 2728.1
2024-10-16 23:47:37.271: 66 epsilon: 0.1
2024-10-16 23:47:37.271: 66 q: 0.58682543
2024-10-16 23:57:49.535: 67 test start:
2024-10-16 23:58:43.401: 67 avg_reward: -18.3
2024-10-16 23:58:43.401: 67 avg_steps: 2789.8
2024-10-16 23:58:43.401: 67 epsilon: 0.1
2024-10-16 23:58:43.401: 67 q: 0.5801569
2024-10-17 00:09:26.953: 68 test start:
2024-10-17 00:10:27.157: 68 avg_reward: -17.2
2024-10-17 00:10:27.157: 68 avg_steps: 3008.6
2024-10-17 00:10:27.157: 68 epsilon: 0.1
2024-10-17 00:10:27.157: 68 q: 0.5367399
2024-10-17 00:20:34.457: 69 test start:
2024-10-17 00:21:34.729: 69 avg_reward: -16.7
2024-10-17 00:21:34.729: 69 avg_steps: 2959.1
2024-10-17 00:21:34.729: 69 epsilon: 0.1
2024-10-17 00:21:34.729: 69 q: 0.51749694
2024-10-17 00:32:09.688: 70 test start:
2024-10-17 00:33:11.473: 70 avg_reward: -16.5
2024-10-17 00:33:11.473: 70 avg_steps: 3153.4
2024-10-17 00:33:11.473: 70 epsilon: 0.1
2024-10-17 00:33:11.473: 70 q: 0.5154538
2024-10-17 00:43:37.588: 71 test start:
2024-10-17 00:44:37.322: 71 avg_reward: -16.6
2024-10-17 00:44:37.322: 71 avg_steps: 2963.6
2024-10-17 00:44:37.322: 71 epsilon: 0.1
2024-10-17 00:44:37.322: 71 q: 0.52380943
2024-10-17 00:54:51.125: 72 test start:
2024-10-17 00:55:44.796: 72 avg_reward: -17.7
2024-10-17 00:55:44.796: 72 avg_steps: 2759.9
2024-10-17 00:55:44.796: 72 epsilon: 0.1
2024-10-17 00:55:44.796: 72 q: 0.5129142
2024-10-17 01:06:21.728: 73 test start:
2024-10-17 01:07:26.002: 73 avg_reward: -17.4
2024-10-17 01:07:26.002: 73 avg_steps: 3187.1
2024-10-17 01:07:26.002: 73 epsilon: 0.1
2024-10-17 01:07:26.002: 73 q: 0.4677348
2024-10-17 01:17:37.116: 74 test start:
2024-10-17 01:18:34.186: 74 avg_reward: -19.4
2024-10-17 01:18:34.187: 74 avg_steps: 2835.25
2024-10-17 01:18:34.187: 74 epsilon: 0.1
2024-10-17 01:18:34.187: 74 q: 0.45100492
2024-10-17 01:29:14.523: 75 test start:
2024-10-17 01:30:08.397: 75 avg_reward: -19.6
2024-10-17 01:30:08.397: 75 avg_steps: 2790.0
2024-10-17 01:30:08.397: 75 epsilon: 0.1
2024-10-17 01:30:08.397: 75 q: 0.45019683
2024-10-17 01:40:26.815: 76 test start:
2024-10-17 01:41:23.886: 76 avg_reward: -17.5
2024-10-17 01:41:23.886: 76 avg_steps: 2907.85
2024-10-17 01:41:23.886: 76 epsilon: 0.1
2024-10-17 01:41:23.886: 76 q: 0.4197768
2024-10-17 01:51:44.655: 77 test start:
2024-10-17 01:52:37.796: 77 avg_reward: -17.5
2024-10-17 01:52:37.796: 77 avg_steps: 2790.2
2024-10-17 01:52:37.796: 77 epsilon: 0.1
2024-10-17 01:52:37.797: 77 q: 0.40123552
2024-10-17 02:03:21.197: 78 test start:
2024-10-17 02:04:24.906: 78 avg_reward: -17.4
2024-10-17 02:04:24.906: 78 avg_steps: 3207.2
2024-10-17 02:04:24.906: 78 epsilon: 0.1
2024-10-17 02:04:24.906: 78 q: 0.3921797
2024-10-17 02:14:33.071: 79 test start:
2024-10-17 02:15:30.608: 79 avg_reward: -18.3
2024-10-17 02:15:30.609: 79 avg_steps: 2849.45
2024-10-17 02:15:30.609: 79 epsilon: 0.1
2024-10-17 02:15:30.609: 79 q: 0.39182225
2024-10-17 02:26:13.866: 80 test start:
2024-10-17 02:27:21.857: 80 avg_reward: -16.2
2024-10-17 02:27:21.857: 80 avg_steps: 3491.0
2024-10-17 02:27:21.857: 80 epsilon: 0.1
2024-10-17 02:27:21.857: 80 q: 0.38421476
2024-10-17 02:37:37.669: 81 test start:
2024-10-17 02:38:38.519: 81 avg_reward: -16.1
2024-10-17 02:38:38.519: 81 avg_steps: 3017.1
2024-10-17 02:38:38.519: 81 epsilon: 0.1
2024-10-17 02:38:38.519: 81 q: 0.36950275
2024-10-17 02:49:02.789: 82 test start:
2024-10-17 02:50:05.077: 82 avg_reward: -17.0
2024-10-17 02:50:05.077: 82 avg_steps: 3173.15
2024-10-17 02:50:05.077: 82 epsilon: 0.1
2024-10-17 02:50:05.077: 82 q: 0.398565
2024-10-17 03:00:34.035: 83 test start:
2024-10-17 03:01:30.711: 83 avg_reward: -16.9
2024-10-17 03:01:30.712: 83 avg_steps: 2820.2
2024-10-17 03:01:30.712: 83 epsilon: 0.1
2024-10-17 03:01:30.712: 83 q: 0.45078805
2024-10-17 03:11:41.624: 84 test start:
2024-10-17 03:12:32.718: 84 avg_reward: -15.8
2024-10-17 03:12:32.718: 84 avg_steps: 2577.9
2024-10-17 03:12:32.718: 84 epsilon: 0.1
2024-10-17 03:12:32.718: 84 q: 0.44209453
2024-10-17 03:23:13.832: 85 test start:
2024-10-17 03:24:08.731: 85 avg_reward: -15.1
2024-10-17 03:24:08.731: 85 avg_steps: 2804.0
2024-10-17 03:24:08.731: 85 epsilon: 0.1
2024-10-17 03:24:08.731: 85 q: 0.42729932
2024-10-17 03:34:26.314: 86 test start:
2024-10-17 03:35:25.645: 86 avg_reward: -15.1
2024-10-17 03:35:25.645: 86 avg_steps: 2899.9
2024-10-17 03:35:25.645: 86 epsilon: 0.1
2024-10-17 03:35:25.645: 86 q: 0.4373841
2024-10-17 03:45:59.984: 87 test start:
2024-10-17 03:47:01.215: 87 avg_reward: -15.9
2024-10-17 03:47:01.215: 87 avg_steps: 3121.05
2024-10-17 03:47:01.215: 87 epsilon: 0.1
2024-10-17 03:47:01.215: 87 q: 0.42633605
2024-10-17 03:57:25.913: 88 test start:
2024-10-17 03:58:25.982: 88 avg_reward: -17.5
2024-10-17 03:58:25.982: 88 avg_steps: 2940.15
2024-10-17 03:58:25.982: 88 epsilon: 0.1
2024-10-17 03:58:25.982: 88 q: 0.41498414
2024-10-17 04:08:52.243: 89 test start:
2024-10-17 04:09:43.157: 89 avg_reward: -16.9
2024-10-17 04:09:43.157: 89 avg_steps: 2587.2
2024-10-17 04:09:43.157: 89 epsilon: 0.1
2024-10-17 04:09:43.157: 89 q: 0.4209517
2024-10-17 04:20:20.497: 90 test start:
2024-10-17 04:21:27.390: 90 avg_reward: -16.9
2024-10-17 04:21:27.390: 90 avg_steps: 3273.3
2024-10-17 04:21:27.390: 90 epsilon: 0.1
2024-10-17 04:21:27.390: 90 q: 0.39744663
2024-10-17 04:31:42.405: 91 test start:
2024-10-17 04:32:42.682: 91 avg_reward: -16.9
2024-10-17 04:32:42.682: 91 avg_steps: 2956.8
2024-10-17 04:32:42.683: 91 epsilon: 0.1
2024-10-17 04:32:42.683: 91 q: 0.39283985
2024-10-17 04:43:16.871: 92 test start:
2024-10-17 04:44:11.686: 92 avg_reward: -15.3
2024-10-17 04:44:11.686: 92 avg_steps: 2771.3
2024-10-17 04:44:11.687: 92 epsilon: 0.1
2024-10-17 04:44:11.687: 92 q: 0.38250044
2024-10-17 04:54:38.133: 93 test start:
2024-10-17 04:55:38.927: 93 avg_reward: -16.6
2024-10-17 04:55:38.927: 93 avg_steps: 3003.75
2024-10-17 04:55:38.927: 93 epsilon: 0.1
2024-10-17 04:55:38.927: 93 q: 0.3903196
2024-10-17 05:05:59.599: 94 test start:
2024-10-17 05:06:51.004: 94 avg_reward: -14.2
2024-10-17 05:06:51.004: 94 avg_steps: 2644.25
2024-10-17 05:06:51.004: 94 epsilon: 0.1
2024-10-17 05:06:51.004: 94 q: 0.36504242
2024-10-17 05:17:23.043: 95 test start:
2024-10-17 05:18:20.160: 95 avg_reward: -14.6
2024-10-17 05:18:20.160: 95 avg_steps: 2832.35
2024-10-17 05:18:20.160: 95 epsilon: 0.1
2024-10-17 05:18:20.160: 95 q: 0.37799048
2024-10-17 05:28:36.460: 96 test start:
2024-10-17 05:29:33.709: 96 avg_reward: -17.4
2024-10-17 05:29:33.709: 96 avg_steps: 2861.35
2024-10-17 05:29:33.709: 96 epsilon: 0.1
2024-10-17 05:29:33.709: 96 q: 0.3517538
2024-10-17 05:40:13.104: 97 test start:
2024-10-17 05:41:17.806: 97 avg_reward: -16.0
2024-10-17 05:41:17.807: 97 avg_steps: 3275.1
2024-10-17 05:41:17.807: 97 epsilon: 0.1
2024-10-17 05:41:17.807: 97 q: 0.34712288
2024-10-17 05:51:34.807: 98 test start:
2024-10-17 05:52:38.036: 98 avg_reward: -17.5
2024-10-17 05:52:38.036: 98 avg_steps: 3145.15
2024-10-17 05:52:38.036: 98 epsilon: 0.1
2024-10-17 05:52:38.036: 98 q: 0.3582192
2024-10-17 06:03:06.558: 99 test start:
2024-10-17 06:03:56.250: 99 avg_reward: -14.5
2024-10-17 06:03:56.250: 99 avg_steps: 2542.25
2024-10-17 06:03:56.250: 99 epsilon: 0.1
2024-10-17 06:03:56.250: 99 q: 0.36842048
2024-10-17 06:14:34.782: 100 test start:
2024-10-17 06:15:25.279: 100 avg_reward: -14.5
2024-10-17 06:15:25.280: 100 avg_steps: 2540.05
2024-10-17 06:15:25.280: 100 epsilon: 0.1
2024-10-17 06:15:25.280: 100 q: 0.38172168
2024-10-17 06:25:47.707: 101 test start:
2024-10-17 06:26:47.153: 101 avg_reward: -17.4
2024-10-17 06:26:47.153: 101 avg_steps: 3007.75
2024-10-17 06:26:47.153: 101 epsilon: 0.1
2024-10-17 06:26:47.153: 101 q: 0.3854693
2024-10-17 06:37:24.029: 102 test start:
2024-10-17 06:38:35.014: 102 avg_reward: -16.9
2024-10-17 06:38:35.014: 102 avg_steps: 3560.25
2024-10-17 06:38:35.014: 102 epsilon: 0.1
2024-10-17 06:38:35.014: 102 q: 0.36693126
2024-10-17 06:48:42.441: 103 test start:
2024-10-17 06:49:50.601: 103 avg_reward: -16.1
2024-10-17 06:49:50.601: 103 avg_steps: 3346.15
2024-10-17 06:49:50.601: 103 epsilon: 0.1
2024-10-17 06:49:50.601: 103 q: 0.36550027
2024-10-17 07:00:23.994: 104 test start:
2024-10-17 07:01:18.615: 104 avg_reward: -15.6
2024-10-17 07:01:18.616: 104 avg_steps: 2782.1
2024-10-17 07:01:18.616: 104 epsilon: 0.1
2024-10-17 07:01:18.616: 104 q: 0.3645669
2024-10-17 07:11:41.039: 105 test start:
2024-10-17 07:12:45.838: 105 avg_reward: -16.7
2024-10-17 07:12:45.838: 105 avg_steps: 3183.15
2024-10-17 07:12:45.838: 105 epsilon: 0.1
2024-10-17 07:12:45.838: 105 q: 0.34844315
2024-10-17 07:23:07.727: 106 test start:
2024-10-17 07:24:03.070: 106 avg_reward: -16.6
2024-10-17 07:24:03.070: 106 avg_steps: 2825.5
2024-10-17 07:24:03.070: 106 epsilon: 0.1
2024-10-17 07:24:03.070: 106 q: 0.36804047
2024-10-17 07:34:38.172: 107 test start:
2024-10-17 07:35:37.835: 107 avg_reward: -15.0
2024-10-17 07:35:37.835: 107 avg_steps: 2913.9
2024-10-17 07:35:37.841: 107 epsilon: 0.1
2024-10-17 07:35:37.841: 107 q: 0.36848047
2024-10-17 07:45:45.708: 108 test start:
2024-10-17 07:46:53.275: 108 avg_reward: -14.6
2024-10-17 07:46:53.275: 108 avg_steps: 3328.2
2024-10-17 07:46:53.275: 108 epsilon: 0.1
2024-10-17 07:46:53.275: 108 q: 0.37590304
2024-10-17 07:57:26.419: 109 test start:
2024-10-17 07:58:19.993: 109 avg_reward: -13.0
2024-10-17 07:58:19.993: 109 avg_steps: 2740.6
2024-10-17 07:58:19.993: 109 epsilon: 0.1
2024-10-17 07:58:19.993: 109 q: 0.35215172
2024-10-17 08:08:36.735: 110 test start:
2024-10-17 08:09:29.762: 110 avg_reward: -15.4
2024-10-17 08:09:29.762: 110 avg_steps: 2610.2
2024-10-17 08:09:29.763: 110 epsilon: 0.1
2024-10-17 08:09:29.763: 110 q: 0.36542693
2024-10-17 08:19:51.523: 111 test start:
2024-10-17 08:20:38.822: 111 avg_reward: -15.0
2024-10-17 08:20:38.822: 111 avg_steps: 2449.85
2024-10-17 08:20:38.822: 111 epsilon: 0.1
2024-10-17 08:20:38.822: 111 q: 0.38864887
2024-10-17 08:31:13.017: 112 test start:
2024-10-17 08:32:18.264: 112 avg_reward: -16.9
2024-10-17 08:32:18.264: 112 avg_steps: 3224.15
2024-10-17 08:32:18.264: 112 epsilon: 0.1
2024-10-17 08:32:18.264: 112 q: 0.38974786
2024-10-17 08:42:26.321: 113 test start:
2024-10-17 08:43:25.293: 113 avg_reward: -17.8
2024-10-17 08:43:25.293: 113 avg_steps: 2939.0
2024-10-17 08:43:25.293: 113 epsilon: 0.1
2024-10-17 08:43:25.293: 113 q: 0.43822688
2024-10-17 08:54:06.416: 114 test start:
2024-10-17 08:54:57.294: 114 avg_reward: -13.3
2024-10-17 08:54:57.294: 114 avg_steps: 2568.85
2024-10-17 08:54:57.294: 114 epsilon: 0.1
2024-10-17 08:54:57.294: 114 q: 0.41862163
2024-10-17 09:05:11.268: 115 test start:
2024-10-17 09:06:03.956: 115 avg_reward: -11.8
2024-10-17 09:06:03.956: 115 avg_steps: 2586.05
2024-10-17 09:06:03.956: 115 epsilon: 0.1
2024-10-17 09:06:03.956: 115 q: 0.46807167
2024-10-17 09:16:34.555: 116 test start:
2024-10-17 09:17:29.351: 116 avg_reward: -13.4
2024-10-17 09:17:29.351: 116 avg_steps: 2787.55
2024-10-17 09:17:29.351: 116 epsilon: 0.1
2024-10-17 09:17:29.351: 116 q: 0.43763873
2024-10-17 09:27:52.652: 117 test start:
2024-10-17 09:28:52.350: 117 avg_reward: -10.7
2024-10-17 09:28:52.350: 117 avg_steps: 2944.75
2024-10-17 09:28:52.351: 117 epsilon: 0.1
2024-10-17 09:28:52.351: 117 q: 0.43442518
2024-10-17 09:39:12.711: 118 test start:
2024-10-17 09:40:08.503: 118 avg_reward: -12.1
2024-10-17 09:40:08.504: 118 avg_steps: 2866.7
2024-10-17 09:40:08.504: 118 epsilon: 0.1
2024-10-17 09:40:08.504: 118 q: 0.44306657
2024-10-17 09:50:45.387: 119 test start:
2024-10-17 09:51:40.031: 119 avg_reward: -12.5
2024-10-17 09:51:40.032: 119 avg_steps: 2713.1
2024-10-17 09:51:40.032: 119 epsilon: 0.1
2024-10-17 09:51:40.032: 119 q: 0.4347909
2024-10-17 10:01:50.680: 120 test start:
2024-10-17 10:02:40.936: 120 avg_reward: -15.7
2024-10-17 10:02:40.936: 120 avg_steps: 2621.25
2024-10-17 10:02:40.936: 120 epsilon: 0.1
2024-10-17 10:02:40.936: 120 q: 0.4191905
2024-10-17 10:13:16.244: 121 test start:
2024-10-17 10:14:19.553: 121 avg_reward: -16.4
2024-10-17 10:14:19.553: 121 avg_steps: 3242.8
2024-10-17 10:14:19.553: 121 epsilon: 0.1
2024-10-17 10:14:19.553: 121 q: 0.41632926
2024-10-17 10:24:38.157: 122 test start:
2024-10-17 10:25:35.365: 122 avg_reward: -12.0
2024-10-17 10:25:35.365: 122 avg_steps: 2882.75
2024-10-17 10:25:35.365: 122 epsilon: 0.1
2024-10-17 10:25:35.365: 122 q: 0.40614843
2024-10-17 10:35:58.363: 123 test start:
2024-10-17 10:36:57.147: 123 avg_reward: -14.2
2024-10-17 10:36:57.147: 123 avg_steps: 3042.9
2024-10-17 10:36:57.147: 123 epsilon: 0.1
2024-10-17 10:36:57.147: 123 q: 0.37826028
2024-10-17 10:47:31.174: 124 test start:
2024-10-17 10:48:33.914: 124 avg_reward: -15.2
2024-10-17 10:48:33.914: 124 avg_steps: 3132.45
2024-10-17 10:48:33.914: 124 epsilon: 0.1
2024-10-17 10:48:33.915: 124 q: 0.38900638
2024-10-17 10:58:44.038: 125 test start:
2024-10-17 10:59:50.351: 125 avg_reward: -15.5
2024-10-17 10:59:50.351: 125 avg_steps: 3318.0
2024-10-17 10:59:50.352: 125 epsilon: 0.1
2024-10-17 10:59:50.352: 125 q: 0.37922734
2024-10-17 11:10:32.811: 126 test start:
2024-10-17 11:11:34.894: 126 avg_reward: -16.7
2024-10-17 11:11:34.894: 126 avg_steps: 3179.75
2024-10-17 11:11:34.894: 126 epsilon: 0.1
2024-10-17 11:11:34.894: 126 q: 0.35991365
2024-10-17 11:21:50.005: 127 test start:
2024-10-17 11:23:00.652: 127 avg_reward: -15.8
2024-10-17 11:23:00.652: 127 avg_steps: 3487.25
2024-10-17 11:23:00.652: 127 epsilon: 0.1
2024-10-17 11:23:00.652: 127 q: 0.34520236
2024-10-17 11:33:29.527: 128 test start:
2024-10-17 11:34:23.779: 128 avg_reward: -13.8
2024-10-17 11:34:23.779: 128 avg_steps: 2743.85
2024-10-17 11:34:23.779: 128 epsilon: 0.1
2024-10-17 11:34:23.779: 128 q: 0.34818915
2024-10-17 11:44:42.432: 129 test start:
2024-10-17 11:45:38.119: 129 avg_reward: -13.5
2024-10-17 11:45:38.119: 129 avg_steps: 2734.8
2024-10-17 11:45:38.119: 129 epsilon: 0.1
2024-10-17 11:45:38.119: 129 q: 0.3328105
2024-10-17 11:55:53.256: 130 test start:
2024-10-17 11:56:45.779: 130 avg_reward: -12.4
2024-10-17 11:56:45.780: 130 avg_steps: 2662.95
2024-10-17 11:56:45.780: 130 epsilon: 0.1
2024-10-17 11:56:45.780: 130 q: 0.35913807
2024-10-17 12:07:21.444: 131 test start:
2024-10-17 12:08:18.802: 131 avg_reward: -11.1
2024-10-17 12:08:18.803: 131 avg_steps: 2850.4
2024-10-17 12:08:18.803: 131 epsilon: 0.1
2024-10-17 12:08:18.803: 131 q: 0.35568452
2024-10-17 12:18:29.978: 132 test start:
2024-10-17 12:19:26.640: 132 avg_reward: -11.4
2024-10-17 12:19:26.640: 132 avg_steps: 2740.8
2024-10-17 12:19:26.640: 132 epsilon: 0.1
2024-10-17 12:19:26.640: 132 q: 0.36255077
2024-10-17 12:30:01.388: 133 test start:
2024-10-17 12:31:03.518: 133 avg_reward: -12.5
2024-10-17 12:31:03.518: 133 avg_steps: 3151.8
2024-10-17 12:31:03.518: 133 epsilon: 0.1
2024-10-17 12:31:03.518: 133 q: 0.3516885
2024-10-17 12:41:24.685: 134 test start:
2024-10-17 12:42:20.904: 134 avg_reward: -14.1
2024-10-17 12:42:20.904: 134 avg_steps: 2774.3
2024-10-17 12:42:20.904: 134 epsilon: 0.1
2024-10-17 12:42:20.904: 134 q: 0.37221554
2024-10-17 12:52:44.469: 135 test start:
2024-10-17 12:53:40.593: 135 avg_reward: -14.3
2024-10-17 12:53:40.593: 135 avg_steps: 2839.05
2024-10-17 12:53:40.593: 135 epsilon: 0.1
2024-10-17 12:53:40.593: 135 q: 0.3594347
2024-10-17 13:04:08.436: 136 test start:
2024-10-17 13:04:58.708: 136 avg_reward: -12.4
2024-10-17 13:04:58.708: 136 avg_steps: 2474.3
2024-10-17 13:04:58.709: 136 epsilon: 0.1
2024-10-17 13:04:58.709: 136 q: 0.35578063
2024-10-17 13:15:13.143: 137 test start:
2024-10-17 13:16:09.369: 137 avg_reward: -14.3
2024-10-17 13:16:09.369: 137 avg_steps: 2822.65
2024-10-17 13:16:09.369: 137 epsilon: 0.1
2024-10-17 13:16:09.369: 137 q: 0.36818054
2024-10-17 13:26:45.080: 138 test start:
2024-10-17 13:27:35.732: 138 avg_reward: -13.1
2024-10-17 13:27:35.733: 138 avg_steps: 2572.85
2024-10-17 13:27:35.733: 138 epsilon: 0.1
2024-10-17 13:27:35.733: 138 q: 0.3706085
2024-10-17 13:37:45.385: 139 test start:
2024-10-17 13:38:39.530: 139 avg_reward: -15.6
2024-10-17 13:38:39.530: 139 avg_steps: 2658.45
2024-10-17 13:38:39.531: 139 epsilon: 0.1
2024-10-17 13:38:39.531: 139 q: 0.3688069
2024-10-17 13:49:10.473: 140 test start:
2024-10-17 13:50:01.702: 140 avg_reward: -17.3
2024-10-17 13:50:01.703: 140 avg_steps: 2673.0
2024-10-17 13:50:01.703: 140 epsilon: 0.1
2024-10-17 13:50:01.703: 140 q: 0.36607477
2024-10-17 14:00:24.344: 141 test start:
2024-10-17 14:01:17.286: 141 avg_reward: -14.0
2024-10-17 14:01:17.286: 141 avg_steps: 2664.4
2024-10-17 14:01:17.286: 141 epsilon: 0.1
2024-10-17 14:01:17.287: 141 q: 0.39176255
2024-10-17 14:11:33.686: 142 test start:
2024-10-17 14:12:25.267: 142 avg_reward: -13.7
2024-10-17 14:12:25.267: 142 avg_steps: 2672.8
2024-10-17 14:12:25.267: 142 epsilon: 0.1
2024-10-17 14:12:25.267: 142 q: 0.35320932
2024-10-17 14:22:59.652: 143 test start:
2024-10-17 14:23:53.937: 143 avg_reward: -15.5
2024-10-17 14:23:53.937: 143 avg_steps: 2667.6
2024-10-17 14:23:53.937: 143 epsilon: 0.1
2024-10-17 14:23:53.938: 143 q: 0.3591548
2024-10-17 14:33:58.750: 144 test start:
2024-10-17 14:34:50.115: 144 avg_reward: -11.9
2024-10-17 14:34:50.115: 144 avg_steps: 2494.1
2024-10-17 14:34:50.115: 144 epsilon: 0.1
2024-10-17 14:34:50.115: 144 q: 0.3779466
2024-10-17 14:45:26.647: 145 test start:
2024-10-17 14:46:12.082: 145 avg_reward: -14.0
2024-10-17 14:46:12.097: 145 avg_steps: 2317.95
2024-10-17 14:46:12.097: 145 epsilon: 0.1
2024-10-17 14:46:12.097: 145 q: 0.40059748
2024-10-17 14:56:28.760: 146 test start:
2024-10-17 14:57:25.827: 146 avg_reward: -15.4
2024-10-17 14:57:25.827: 146 avg_steps: 2810.95
2024-10-17 14:57:25.827: 146 epsilon: 0.1
2024-10-17 14:57:25.827: 146 q: 0.402899
2024-10-17 15:07:53.981: 147 test start:
2024-10-17 15:08:49.606: 147 avg_reward: -14.4
2024-10-17 15:08:49.607: 147 avg_steps: 2826.55
2024-10-17 15:08:49.607: 147 epsilon: 0.1
2024-10-17 15:08:49.607: 147 q: 0.40343627
2024-10-17 15:19:18.604: 148 test start:
2024-10-17 15:20:15.283: 148 avg_reward: -16.5
2024-10-17 15:20:15.283: 148 avg_steps: 2782.25
2024-10-17 15:20:15.283: 148 epsilon: 0.1
2024-10-17 15:20:15.283: 148 q: 0.3665722
2024-10-17 15:30:20.562: 149 test start:
2024-10-17 15:31:14.898: 149 avg_reward: -11.4
2024-10-17 15:31:14.898: 149 avg_steps: 2765.45
2024-10-17 15:31:14.903: 149 epsilon: 0.1
2024-10-17 15:31:14.904: 149 q: 0.3818009
2024-10-17 15:41:49.555: 150 test start:
2024-10-17 15:42:45.538: 150 avg_reward: -15.5
2024-10-17 15:42:45.538: 150 avg_steps: 2864.3
2024-10-17 15:42:45.538: 150 epsilon: 0.1
2024-10-17 15:42:45.538: 150 q: 0.39605755
2024-10-17 15:52:55.337: 151 test start:
2024-10-17 15:53:52.153: 151 avg_reward: -12.5
2024-10-17 15:53:52.154: 151 avg_steps: 2812.6
2024-10-17 15:53:52.154: 151 epsilon: 0.1
2024-10-17 15:53:52.154: 151 q: 0.41337317
2024-10-17 16:04:15.528: 152 test start:
2024-10-17 16:05:07.060: 152 avg_reward: -13.0
2024-10-17 16:05:07.060: 152 avg_steps: 2606.45
2024-10-17 16:05:07.060: 152 epsilon: 0.1
2024-10-17 16:05:07.060: 152 q: 0.42146057
2024-10-17 16:15:33.808: 153 test start:
2024-10-17 16:16:32.732: 153 avg_reward: -16.5
2024-10-17 16:16:32.733: 153 avg_steps: 2895.55
2024-10-17 16:16:32.733: 153 epsilon: 0.1
2024-10-17 16:16:32.733: 153 q: 0.40574443
2024-10-17 16:26:43.863: 154 test start:
2024-10-17 16:27:47.719: 154 avg_reward: -16.9
2024-10-17 16:27:47.719: 154 avg_steps: 3253.0
2024-10-17 16:27:47.719: 154 epsilon: 0.1
2024-10-17 16:27:47.719: 154 q: 0.40923625
2024-10-17 16:38:19.169: 155 test start:
2024-10-17 16:39:25.065: 155 avg_reward: -15.0
2024-10-17 16:39:25.066: 155 avg_steps: 3231.35
2024-10-17 16:39:25.066: 155 epsilon: 0.1
2024-10-17 16:39:25.066: 155 q: 0.42949787
2024-10-17 16:49:30.480: 156 test start:
2024-10-17 16:50:36.258: 156 avg_reward: -13.6
2024-10-17 16:50:36.258: 156 avg_steps: 3228.9
2024-10-17 16:50:36.258: 156 epsilon: 0.1
2024-10-17 16:50:36.258: 156 q: 0.43489635
2024-10-17 17:01:01.689: 157 test start:
2024-10-17 17:02:05.789: 157 avg_reward: -12.8
2024-10-17 17:02:05.789: 157 avg_steps: 3245.55
2024-10-17 17:02:05.789: 157 epsilon: 0.1
2024-10-17 17:02:05.789: 157 q: 0.46199316
2024-10-17 17:12:31.931: 158 test start:
2024-10-17 17:13:40.503: 158 avg_reward: -11.8
2024-10-17 17:13:40.503: 158 avg_steps: 3369.95
2024-10-17 17:13:40.503: 158 epsilon: 0.1
2024-10-17 17:13:40.503: 158 q: 0.46839777
2024-10-17 17:23:56.319: 159 test start:
2024-10-17 17:24:50.283: 159 avg_reward: -13.5
2024-10-17 17:24:50.283: 159 avg_steps: 2772.8
2024-10-17 17:24:50.283: 159 epsilon: 0.1
2024-10-17 17:24:50.283: 159 q: 0.47719452
2024-10-17 17:35:24.130: 160 test start:
2024-10-17 17:36:13.929: 160 avg_reward: -13.5
2024-10-17 17:36:13.929: 160 avg_steps: 2494.85
2024-10-17 17:36:13.929: 160 epsilon: 0.1
2024-10-17 17:36:13.929: 160 q: 0.4929278
2024-10-17 17:46:26.572: 161 test start:
2024-10-17 17:47:10.010: 161 avg_reward: -15.1
2024-10-17 17:47:10.010: 161 avg_steps: 2239.6
2024-10-17 17:47:10.010: 161 epsilon: 0.1
2024-10-17 17:47:10.010: 161 q: 0.51189274
2024-10-17 17:57:41.906: 162 test start:
2024-10-17 17:58:38.713: 162 avg_reward: -17.1
2024-10-17 17:58:38.714: 162 avg_steps: 2882.6
2024-10-17 17:58:38.714: 162 epsilon: 0.1
2024-10-17 17:58:38.714: 162 q: 0.4979276
2024-10-17 18:08:56.330: 163 test start:
2024-10-17 18:09:49.507: 163 avg_reward: -12.5
2024-10-17 18:09:49.508: 163 avg_steps: 2595.8
2024-10-17 18:09:49.508: 163 epsilon: 0.1
2024-10-17 18:09:49.508: 163 q: 0.50281364
2024-10-17 18:20:15.739: 164 test start:
2024-10-17 18:21:01.716: 164 avg_reward: -14.7
2024-10-17 18:21:01.717: 164 avg_steps: 2329.95
2024-10-17 18:21:01.717: 164 epsilon: 0.1
2024-10-17 18:21:01.717: 164 q: 0.5066105
2024-10-17 18:31:26.591: 165 test start:
2024-10-17 18:32:19.848: 165 avg_reward: -17.8
2024-10-17 18:32:19.848: 165 avg_steps: 2600.15
2024-10-17 18:32:19.849: 165 epsilon: 0.1
2024-10-17 18:32:19.849: 165 q: 0.480001
2024-10-17 18:42:30.740: 166 test start:
2024-10-17 18:43:32.457: 166 avg_reward: -14.7
2024-10-17 18:43:32.457: 166 avg_steps: 3114.85
2024-10-17 18:43:32.457: 166 epsilon: 0.1
2024-10-17 18:43:32.457: 166 q: 0.47331548
2024-10-17 18:54:16.279: 167 test start:
2024-10-17 18:55:12.729: 167 avg_reward: -15.0
2024-10-17 18:55:12.729: 167 avg_steps: 2777.0
2024-10-17 18:55:12.729: 167 epsilon: 0.1
2024-10-17 18:55:12.729: 167 q: 0.4673801
2024-10-17 19:05:18.691: 168 test start:
2024-10-17 19:06:13.783: 168 avg_reward: -16.0
2024-10-17 19:06:13.784: 168 avg_steps: 2702.8
2024-10-17 19:06:13.784: 168 epsilon: 0.1
2024-10-17 19:06:13.784: 168 q: 0.48294657
2024-10-17 19:16:57.401: 169 test start:
2024-10-17 19:17:48.064: 169 avg_reward: -14.7
2024-10-17 19:17:48.064: 169 avg_steps: 2590.45
2024-10-17 19:17:48.065: 169 epsilon: 0.1
2024-10-17 19:17:48.065: 169 q: 0.47733724
2024-10-17 19:28:03.119: 170 test start:
2024-10-17 19:28:59.918: 170 avg_reward: -14.7
2024-10-17 19:28:59.918: 170 avg_steps: 2769.45
2024-10-17 19:28:59.918: 170 epsilon: 0.1
2024-10-17 19:28:59.918: 170 q: 0.4763796
2024-10-17 19:39:21.745: 171 test start:
2024-10-17 19:40:20.083: 171 avg_reward: -13.7
2024-10-17 19:40:20.083: 171 avg_steps: 2991.35
2024-10-17 19:40:20.084: 171 epsilon: 0.1
2024-10-17 19:40:20.084: 171 q: 0.46296033
2024-10-17 19:50:53.723: 172 test start:
2024-10-17 19:51:48.321: 172 avg_reward: -12.5
2024-10-17 19:51:48.321: 172 avg_steps: 2694.55
2024-10-17 19:51:48.321: 172 epsilon: 0.1
2024-10-17 19:51:48.321: 172 q: 0.47519207
2024-10-17 20:01:58.851: 173 test start:
2024-10-17 20:02:53.512: 173 avg_reward: -11.9
2024-10-17 20:02:53.513: 173 avg_steps: 2772.3
2024-10-17 20:02:53.513: 173 epsilon: 0.1
2024-10-17 20:02:53.513: 173 q: 0.47861943
2024-10-17 20:13:40.303: 174 test start:
2024-10-17 20:14:42.544: 174 avg_reward: -15.1
2024-10-17 20:14:42.544: 174 avg_steps: 3119.45
2024-10-17 20:14:42.544: 174 epsilon: 0.1
2024-10-17 20:14:42.544: 174 q: 0.48103863
2024-10-17 20:24:54.586: 175 test start:
2024-10-17 20:25:44.230: 175 avg_reward: -16.5
2024-10-17 20:25:44.230: 175 avg_steps: 2407.65
2024-10-17 20:25:44.230: 175 epsilon: 0.1
2024-10-17 20:25:44.230: 175 q: 0.5031511
2024-10-17 20:36:17.979: 176 test start:
2024-10-17 20:37:20.547: 176 avg_reward: -14.3
2024-10-17 20:37:20.547: 176 avg_steps: 3185.6
2024-10-17 20:37:20.548: 176 epsilon: 0.1
2024-10-17 20:37:20.548: 176 q: 0.48938563
2024-10-17 20:47:41.166: 177 test start:
2024-10-17 20:48:38.651: 177 avg_reward: -13.6
2024-10-17 20:48:38.651: 177 avg_steps: 2798.35
2024-10-17 20:48:38.651: 177 epsilon: 0.1
2024-10-17 20:48:38.651: 177 q: 0.5413445
2024-10-17 20:58:57.364: 178 test start:
2024-10-17 20:59:42.097: 178 avg_reward: -12.8
2024-10-17 20:59:42.097: 178 avg_steps: 2273.5
2024-10-17 20:59:42.097: 178 epsilon: 0.1
2024-10-17 20:59:42.097: 178 q: 0.56334007
2024-10-17 21:10:24.349: 179 test start:
2024-10-17 21:11:22.782: 179 avg_reward: -15.2
2024-10-17 21:11:22.783: 179 avg_steps: 2885.4
2024-10-17 21:11:22.783: 179 epsilon: 0.1
2024-10-17 21:11:22.783: 179 q: 0.6047546
2024-10-17 21:21:27.576: 180 test start:
2024-10-17 21:22:18.294: 180 avg_reward: -15.1
2024-10-17 21:22:18.295: 180 avg_steps: 2493.9
2024-10-17 21:22:18.295: 180 epsilon: 0.1
2024-10-17 21:22:18.295: 180 q: 0.6043657
2024-10-17 21:32:58.196: 181 test start:
2024-10-17 21:33:54.210: 181 avg_reward: -15.4
2024-10-17 21:33:54.211: 181 avg_steps: 2854.8
2024-10-17 21:33:54.211: 181 epsilon: 0.1
2024-10-17 21:33:54.211: 181 q: 0.6322603
2024-10-17 21:44:06.178: 182 test start:
2024-10-17 21:45:00.225: 182 avg_reward: -17.7
2024-10-17 21:45:00.226: 182 avg_steps: 2654.05
2024-10-17 21:45:00.231: 182 epsilon: 0.1
2024-10-17 21:45:00.231: 182 q: 0.6252864
2024-10-17 21:55:29.128: 183 test start:
2024-10-17 21:56:21.398: 183 avg_reward: -15.8
2024-10-17 21:56:21.398: 183 avg_steps: 2677.2
2024-10-17 21:56:21.398: 183 epsilon: 0.1
2024-10-17 21:56:21.398: 183 q: 0.6282162
2024-10-17 22:06:52.837: 184 test start:
2024-10-17 22:07:45.168: 184 avg_reward: -18.9
2024-10-17 22:07:45.168: 184 avg_steps: 2588.15
2024-10-17 22:07:45.168: 184 epsilon: 0.1
2024-10-17 22:07:45.168: 184 q: 0.6342942
2024-10-17 22:17:59.267: 185 test start:
2024-10-17 22:18:54.629: 185 avg_reward: -17.1
2024-10-17 22:18:54.629: 185 avg_steps: 2859.55
2024-10-17 22:18:54.629: 185 epsilon: 0.1
2024-10-17 22:18:54.629: 185 q: 0.6785216
2024-10-17 22:29:38.791: 186 test start:
2024-10-17 22:30:36.323: 186 avg_reward: -17.1
2024-10-17 22:30:36.324: 186 avg_steps: 2948.35
2024-10-17 22:30:36.324: 186 epsilon: 0.1
2024-10-17 22:30:36.324: 186 q: 0.7065131
2024-10-17 22:40:45.093: 187 test start:
2024-10-17 22:41:37.221: 187 avg_reward: -19.4
2024-10-17 22:41:37.221: 187 avg_steps: 2570.85
2024-10-17 22:41:37.221: 187 epsilon: 0.1
2024-10-17 22:41:37.221: 187 q: 0.7359102
2024-10-17 22:52:10.525: 188 test start:
2024-10-17 22:53:02.370: 188 avg_reward: -17.6
2024-10-17 22:53:02.370: 188 avg_steps: 2650.3
2024-10-17 22:53:02.370: 188 epsilon: 0.1
2024-10-17 22:53:02.370: 188 q: 0.7847906
2024-10-17 23:03:24.637: 189 test start:
2024-10-17 23:04:21.521: 189 avg_reward: -19.8
2024-10-17 23:04:21.521: 189 avg_steps: 2791.15
2024-10-17 23:04:21.521: 189 epsilon: 0.1
2024-10-17 23:04:21.521: 189 q: 0.8577511
2024-10-17 23:14:43.207: 190 test start:
2024-10-17 23:15:33.904: 190 avg_reward: -15.8
2024-10-17 23:15:33.904: 190 avg_steps: 2587.3
2024-10-17 23:15:33.904: 190 epsilon: 0.1
2024-10-17 23:15:33.904: 190 q: 0.8926591
2024-10-17 23:26:04.470: 191 test start:
2024-10-17 23:26:57.144: 191 avg_reward: -14.5
2024-10-17 23:26:57.144: 191 avg_steps: 2586.55
2024-10-17 23:26:57.144: 191 epsilon: 0.1
2024-10-17 23:26:57.144: 191 q: 0.9411453
2024-10-17 23:37:10.032: 192 test start:
2024-10-17 23:38:03.972: 192 avg_reward: -13.7
2024-10-17 23:38:03.973: 192 avg_steps: 2676.0
2024-10-17 23:38:03.973: 192 epsilon: 0.1
2024-10-17 23:38:03.973: 192 q: 0.9520508
2024-10-17 23:48:41.724: 193 test start:
2024-10-17 23:49:35.611: 193 avg_reward: -14.8
2024-10-17 23:49:35.612: 193 avg_steps: 2751.55
2024-10-17 23:49:35.612: 193 epsilon: 0.1
2024-10-17 23:49:35.612: 193 q: 0.9654117
2024-10-17 23:59:48.847: 194 test start:
2024-10-18 00:00:36.702: 194 avg_reward: -16.8
2024-10-18 00:00:36.702: 194 avg_steps: 2377.2
2024-10-18 00:00:36.702: 194 epsilon: 0.1
2024-10-18 00:00:36.702: 194 q: 1.004562
2024-10-18 00:11:07.756: 195 test start:
2024-10-18 00:12:04.727: 195 avg_reward: -13.6
2024-10-18 00:12:04.727: 195 avg_steps: 2897.5
2024-10-18 00:12:04.728: 195 epsilon: 0.1
2024-10-18 00:12:04.728: 195 q: 1.0149807
2024-10-18 00:22:28.865: 196 test start:
2024-10-18 00:23:26.881: 196 avg_reward: -13.6
2024-10-18 00:23:26.881: 196 avg_steps: 2846.95
2024-10-18 00:23:26.881: 196 epsilon: 0.1
2024-10-18 00:23:26.881: 196 q: 1.0393621
2024-10-18 00:33:46.945: 197 test start:
2024-10-18 00:34:42.157: 197 avg_reward: -18.9
2024-10-18 00:34:42.157: 197 avg_steps: 2808.65
2024-10-18 00:34:42.157: 197 epsilon: 0.1
2024-10-18 00:34:42.157: 197 q: 1.1125618
2024-10-18 00:45:22.397: 198 test start:
2024-10-18 00:46:11.970: 198 avg_reward: -16.5
2024-10-18 00:46:11.970: 198 avg_steps: 2483.85
2024-10-18 00:46:11.971: 198 epsilon: 0.1
2024-10-18 00:46:11.971: 198 q: 1.1489731
2024-10-18 00:56:19.770: 199 test start:
2024-10-18 00:57:12.791: 199 avg_reward: -16.5
2024-10-18 00:57:12.791: 199 avg_steps: 2641.0
2024-10-18 00:57:12.791: 199 epsilon: 0.1
2024-10-18 00:57:12.791: 199 q: 1.2978486
2024-10-18 01:07:51.007: 200 test start:
2024-10-18 01:08:42.349: 200 avg_reward: -16.6
2024-10-18 01:08:42.349: 200 avg_steps: 2610.35
2024-10-18 01:08:42.349: 200 epsilon: 0.1
2024-10-18 01:08:42.349: 200 q: 0.7100013
