2024-05-02 19:19:17.959: 
parameters:agent_saving_period: 80000
agent_test_episodes: 20
batch_num_per_epoch: 100000
device: cuda:0
env_name: ALE/DoubleDunk-v5
epsilon_for_test: 0.05
epsilon_max: 1.0
epsilon_min: 0.1
exploration_steps: 1000000
gamma: 0.99
input_frame_height: 84
input_frame_width: 84
learning_rate: 1.0e-05
log_path: ../exps/dqn/
mini_batch_size: 32
no_op: 30
phi_channel: 4
replay_buffer_size: 200000
replay_start_size: 10000
save_path: ./exps/
skip_k_frame: 4
step_c: 10000
training_steps: 50000000

2024-05-02 19:32:00.524: 1 test start:
2024-05-02 19:32:52.544: 1 avg_reward: -21.7
2024-05-02 19:32:52.544: 1 avg_steps: 2119.7
2024-05-02 19:32:52.544: 1 epsilon: 0.918982
2024-05-02 19:47:09.945: 2 test start:
2024-05-02 19:47:57.072: 2 avg_reward: -20.8
2024-05-02 19:47:57.072: 2 avg_steps: 2172.3
2024-05-02 19:47:57.072: 2 epsilon: 0.8310133
2024-05-02 20:29:27.752: 3 test start:
2024-05-02 20:30:15.181: 3 avg_reward: -19.5
2024-05-02 20:30:15.181: 3 avg_steps: 2382.15
2024-05-02 20:30:15.181: 3 epsilon: 0.7423768
2024-05-02 20:44:35.351: 4 test start:
2024-05-02 20:45:15.191: 4 avg_reward: -20.6
2024-05-02 20:45:15.191: 4 avg_steps: 2000.95
2024-05-02 20:45:15.191: 4 epsilon: 0.653545
2024-05-02 20:59:23.304: 5 test start:
2024-05-02 21:00:12.587: 5 avg_reward: -20.2
2024-05-02 21:00:12.587: 5 avg_steps: 2484.5
2024-05-02 21:00:12.587: 5 epsilon: 0.5657302
2024-05-02 21:14:28.766: 6 test start:
2024-05-02 21:15:12.283: 6 avg_reward: -20.2
2024-05-02 21:15:12.283: 6 avg_steps: 2194.4
2024-05-02 21:15:12.283: 6 epsilon: 0.47727909999999996
2024-05-02 21:29:36.648: 7 test start:
2024-05-02 21:30:12.873: 7 avg_reward: -20.4
2024-05-02 21:30:12.873: 7 avg_steps: 1842.85
2024-05-02 21:30:12.873: 7 epsilon: 0.3874375
2024-05-02 21:44:23.560: 8 test start:
2024-05-02 21:45:03.121: 8 avg_reward: -19.3
2024-05-02 21:45:03.121: 8 avg_steps: 2013.05
2024-05-02 21:45:03.121: 8 epsilon: 0.2991178
2024-05-02 21:59:14.960: 9 test start:
2024-05-02 21:59:50.045: 9 avg_reward: -19.4
2024-05-02 21:59:50.045: 9 avg_steps: 1800.0
2024-05-02 21:59:50.045: 9 epsilon: 0.21104559999999994
2024-05-02 22:14:06.503: 10 test start:
2024-05-02 22:14:47.506: 10 avg_reward: -18.4
2024-05-02 22:14:47.507: 10 avg_steps: 2089.05
2024-05-02 22:14:47.507: 10 epsilon: 0.12244599999999994
2024-05-02 22:29:18.428: 11 test start:
2024-05-02 22:30:05.400: 11 avg_reward: -19.4
2024-05-02 22:30:05.401: 11 avg_steps: 2400.15
2024-05-02 22:30:05.401: 11 epsilon: 0.1
2024-05-02 22:44:09.211: 12 test start:
2024-05-02 22:44:57.113: 12 avg_reward: -17.2
2024-05-02 22:44:57.113: 12 avg_steps: 2440.05
2024-05-02 22:44:57.113: 12 epsilon: 0.1
2024-05-02 22:59:12.369: 13 test start:
2024-05-02 22:59:53.768: 13 avg_reward: -18.4
2024-05-02 22:59:53.768: 13 avg_steps: 2096.05
2024-05-02 22:59:53.768: 13 epsilon: 0.1
2024-05-02 23:14:12.749: 14 test start:
2024-05-02 23:14:59.467: 14 avg_reward: -17.6
2024-05-02 23:14:59.467: 14 avg_steps: 2398.4
2024-05-02 23:14:59.467: 14 epsilon: 0.1
2024-05-02 23:29:20.168: 15 test start:
2024-05-02 23:30:02.681: 15 avg_reward: -20.4
2024-05-02 23:30:02.681: 15 avg_steps: 2171.65
2024-05-02 23:30:02.681: 15 epsilon: 0.1
2024-05-02 23:44:19.864: 16 test start:
2024-05-02 23:45:06.505: 16 avg_reward: -19.6
2024-05-02 23:45:06.505: 16 avg_steps: 2392.65
2024-05-02 23:45:06.505: 16 epsilon: 0.1
2024-05-02 23:59:11.773: 17 test start:
2024-05-03 00:00:00.168: 17 avg_reward: -17.9
2024-05-03 00:00:00.168: 17 avg_steps: 2470.4
2024-05-03 00:00:00.168: 17 epsilon: 0.1
2024-05-03 00:14:23.221: 18 test start:
2024-05-03 00:15:14.675: 18 avg_reward: -16.9
2024-05-03 00:15:14.675: 18 avg_steps: 2614.9
2024-05-03 00:15:14.675: 18 epsilon: 0.1
2024-05-03 00:29:43.936: 19 test start:
2024-05-03 00:30:30.312: 19 avg_reward: -17.6
2024-05-03 00:30:30.312: 19 avg_steps: 2380.45
2024-05-03 00:30:30.312: 19 epsilon: 0.1
2024-05-03 00:44:53.825: 20 test start:
2024-05-03 00:45:35.913: 20 avg_reward: -18.0
2024-05-03 00:45:35.913: 20 avg_steps: 2182.3
2024-05-03 00:45:35.913: 20 epsilon: 0.1
2024-05-03 00:59:42.380: 21 test start:
2024-05-03 01:00:28.971: 21 avg_reward: -18.2
2024-05-03 01:00:28.971: 21 avg_steps: 2352.9
2024-05-03 01:00:28.971: 21 epsilon: 0.1
2024-05-03 01:14:46.847: 22 test start:
2024-05-03 01:15:37.717: 22 avg_reward: -17.7
2024-05-03 01:15:37.717: 22 avg_steps: 2600.1
2024-05-03 01:15:37.717: 22 epsilon: 0.1
2024-05-03 01:30:14.970: 23 test start:
2024-05-03 01:31:06.115: 23 avg_reward: -18.9
2024-05-03 01:31:06.115: 23 avg_steps: 2621.25
2024-05-03 01:31:06.115: 23 epsilon: 0.1
2024-05-03 01:45:13.054: 24 test start:
2024-05-03 01:46:02.217: 24 avg_reward: -17.7
2024-05-03 01:46:02.217: 24 avg_steps: 2535.9
2024-05-03 01:46:02.217: 24 epsilon: 0.1
2024-05-03 02:00:22.932: 25 test start:
2024-05-03 02:01:13.049: 25 avg_reward: -18.3
2024-05-03 02:01:13.050: 25 avg_steps: 2571.85
2024-05-03 02:01:13.050: 25 epsilon: 0.1
2024-05-03 02:15:46.869: 26 test start:
2024-05-03 02:16:33.116: 26 avg_reward: -16.3
2024-05-03 02:16:33.117: 26 avg_steps: 2384.4
2024-05-03 02:16:33.117: 26 epsilon: 0.1
2024-05-03 02:30:46.180: 27 test start:
2024-05-03 02:31:33.250: 27 avg_reward: -19.0
2024-05-03 02:31:33.250: 27 avg_steps: 2401.45
2024-05-03 02:31:33.250: 27 epsilon: 0.1
2024-05-03 02:46:04.729: 28 test start:
2024-05-03 02:46:52.187: 28 avg_reward: -17.8
2024-05-03 02:46:52.187: 28 avg_steps: 2402.2
2024-05-03 02:46:52.187: 28 epsilon: 0.1
2024-05-03 03:01:14.611: 29 test start:
2024-05-03 03:01:59.529: 29 avg_reward: -17.7
2024-05-03 03:01:59.529: 29 avg_steps: 2246.15
2024-05-03 03:01:59.529: 29 epsilon: 0.1
2024-05-03 03:16:14.135: 30 test start:
2024-05-03 03:17:04.664: 30 avg_reward: -17.6
2024-05-03 03:17:04.664: 30 avg_steps: 2575.0
2024-05-03 03:17:04.664: 30 epsilon: 0.1
2024-05-03 03:31:20.028: 31 test start:
2024-05-03 03:32:07.477: 31 avg_reward: -17.1
2024-05-03 03:32:07.477: 31 avg_steps: 2395.0
2024-05-03 03:32:07.477: 31 epsilon: 0.1
2024-05-03 03:46:39.276: 32 test start:
2024-05-03 03:47:29.610: 32 avg_reward: -16.6
2024-05-03 03:47:29.610: 32 avg_steps: 2600.15
2024-05-03 03:47:29.610: 32 epsilon: 0.1
2024-05-03 04:01:56.239: 33 test start:
2024-05-03 04:02:46.911: 33 avg_reward: -18.0
2024-05-03 04:02:46.911: 33 avg_steps: 2585.8
2024-05-03 04:02:46.911: 33 epsilon: 0.1
2024-05-03 04:16:53.123: 34 test start:
2024-05-03 04:17:41.252: 34 avg_reward: -19.1
2024-05-03 04:17:41.252: 34 avg_steps: 2421.65
2024-05-03 04:17:41.252: 34 epsilon: 0.1
2024-05-03 04:32:12.169: 35 test start:
2024-05-03 04:32:59.935: 35 avg_reward: -16.3
2024-05-03 04:32:59.935: 35 avg_steps: 2375.7
2024-05-03 04:32:59.935: 35 epsilon: 0.1
2024-05-03 04:47:11.924: 36 test start:
2024-05-03 04:47:55.130: 36 avg_reward: -18.2
2024-05-03 04:47:55.130: 36 avg_steps: 2170.9
2024-05-03 04:47:55.130: 36 epsilon: 0.1
2024-05-03 05:02:20.931: 37 test start:
2024-05-03 05:03:03.859: 37 avg_reward: -16.2
2024-05-03 05:03:03.859: 37 avg_steps: 2187.25
2024-05-03 05:03:03.859: 37 epsilon: 0.1
2024-05-03 05:17:17.816: 38 test start:
2024-05-03 05:18:04.560: 38 avg_reward: -15.9
2024-05-03 05:18:04.560: 38 avg_steps: 2373.45
2024-05-03 05:18:04.560: 38 epsilon: 0.1
2024-05-03 05:32:25.280: 39 test start:
2024-05-03 05:33:13.383: 39 avg_reward: -16.9
2024-05-03 05:33:13.384: 39 avg_steps: 2459.4
2024-05-03 05:33:13.384: 39 epsilon: 0.1
2024-05-03 05:47:40.653: 40 test start:
2024-05-03 05:48:23.703: 40 avg_reward: -15.6
2024-05-03 05:48:23.703: 40 avg_steps: 2161.0
2024-05-03 05:48:23.703: 40 epsilon: 0.1
2024-05-03 06:02:50.109: 41 test start:
2024-05-03 06:03:39.213: 41 avg_reward: -16.1
2024-05-03 06:03:39.213: 41 avg_steps: 2508.85
2024-05-03 06:03:39.213: 41 epsilon: 0.1
2024-05-03 06:18:01.669: 42 test start:
2024-05-03 06:18:47.948: 42 avg_reward: -15.7
2024-05-03 06:18:47.948: 42 avg_steps: 2320.15
2024-05-03 06:18:47.948: 42 epsilon: 0.1
2024-05-03 06:33:08.989: 43 test start:
2024-05-03 06:33:57.575: 43 avg_reward: -12.6
2024-05-03 06:33:57.575: 43 avg_steps: 2439.9
2024-05-03 06:33:57.575: 43 epsilon: 0.1
2024-05-03 06:48:00.772: 44 test start:
2024-05-03 06:48:46.852: 44 avg_reward: -15.8
2024-05-03 06:48:46.853: 44 avg_steps: 2282.6
2024-05-03 06:48:46.853: 44 epsilon: 0.1
2024-05-03 07:03:04.480: 45 test start:
2024-05-03 07:03:54.562: 45 avg_reward: -16.2
2024-05-03 07:03:54.562: 45 avg_steps: 2492.15
2024-05-03 07:03:54.562: 45 epsilon: 0.1
2024-05-03 07:18:12.508: 46 test start:
2024-05-03 07:19:01.731: 46 avg_reward: -16.0
2024-05-03 07:19:01.732: 46 avg_steps: 2476.75
2024-05-03 07:19:01.732: 46 epsilon: 0.1
2024-05-03 07:33:33.042: 47 test start:
2024-05-03 07:34:18.220: 47 avg_reward: -14.2
2024-05-03 07:34:18.221: 47 avg_steps: 2295.9
2024-05-03 07:34:18.221: 47 epsilon: 0.1
2024-05-03 07:48:36.815: 48 test start:
2024-05-03 07:49:19.611: 48 avg_reward: -16.3
2024-05-03 07:49:19.611: 48 avg_steps: 2153.8
2024-05-03 07:49:19.611: 48 epsilon: 0.1
2024-05-03 08:03:19.486: 49 test start:
2024-05-03 08:04:04.726: 49 avg_reward: -13.6
2024-05-03 08:04:04.727: 49 avg_steps: 2266.55
2024-05-03 08:04:04.727: 49 epsilon: 0.1
2024-05-03 08:18:24.308: 50 test start:
2024-05-03 08:19:14.528: 50 avg_reward: -13.7
2024-05-03 08:19:14.528: 50 avg_steps: 2515.55
2024-05-03 08:19:14.528: 50 epsilon: 0.1
2024-05-03 08:33:41.736: 51 test start:
2024-05-03 08:34:30.777: 51 avg_reward: -14.9
2024-05-03 08:34:30.777: 51 avg_steps: 2462.35
2024-05-03 08:34:30.777: 51 epsilon: 0.1
2024-05-03 08:48:51.685: 52 test start:
2024-05-03 08:49:34.957: 52 avg_reward: -14.9
2024-05-03 08:49:34.958: 52 avg_steps: 2166.55
2024-05-03 08:49:34.958: 52 epsilon: 0.1
2024-05-03 09:03:43.120: 53 test start:
2024-05-03 09:04:29.782: 53 avg_reward: -15.4
2024-05-03 09:04:29.782: 53 avg_steps: 2359.4
2024-05-03 09:04:29.782: 53 epsilon: 0.1
2024-05-03 09:18:50.451: 54 test start:
2024-05-03 09:19:38.074: 54 avg_reward: -17.1
2024-05-03 09:19:38.074: 54 avg_steps: 2394.85
2024-05-03 09:19:38.074: 54 epsilon: 0.1
2024-05-03 09:33:54.328: 55 test start:
2024-05-03 09:34:36.667: 55 avg_reward: -15.5
2024-05-03 09:34:36.667: 55 avg_steps: 2113.55
2024-05-03 09:34:36.667: 55 epsilon: 0.1
2024-05-03 09:48:44.298: 56 test start:
2024-05-03 09:49:32.226: 56 avg_reward: -18.1
2024-05-03 09:49:32.226: 56 avg_steps: 2442.25
2024-05-03 09:49:32.226: 56 epsilon: 0.1
2024-05-03 10:03:52.349: 57 test start:
2024-05-03 10:04:40.618: 57 avg_reward: -16.5
2024-05-03 10:04:40.618: 57 avg_steps: 2460.1
2024-05-03 10:04:40.618: 57 epsilon: 0.1
2024-05-03 10:18:57.761: 58 test start:
2024-05-03 10:19:39.613: 58 avg_reward: -18.9
2024-05-03 10:19:39.613: 58 avg_steps: 2145.85
2024-05-03 10:19:39.613: 58 epsilon: 0.1
2024-05-03 10:33:37.089: 59 test start:
2024-05-03 10:34:16.539: 59 avg_reward: -18.3
2024-05-03 10:34:16.539: 59 avg_steps: 1988.9
2024-05-03 10:34:16.539: 59 epsilon: 0.1
2024-05-03 10:48:34.555: 60 test start:
2024-05-03 10:49:12.069: 60 avg_reward: -19.1
2024-05-03 10:49:12.069: 60 avg_steps: 1866.8
2024-05-03 10:49:12.069: 60 epsilon: 0.1
2024-05-03 11:03:10.286: 61 test start:
2024-05-03 11:03:50.526: 61 avg_reward: -18.4
2024-05-03 11:03:50.526: 61 avg_steps: 2072.6
2024-05-03 11:03:50.526: 61 epsilon: 0.1
2024-05-03 11:17:54.238: 62 test start:
2024-05-03 11:18:28.440: 62 avg_reward: -20.3
2024-05-03 11:18:28.440: 62 avg_steps: 1725.35
2024-05-03 11:18:28.440: 62 epsilon: 0.1
2024-05-03 11:32:30.630: 63 test start:
2024-05-03 11:33:10.703: 63 avg_reward: -20.2
2024-05-03 11:33:10.703: 63 avg_steps: 2021.35
2024-05-03 11:33:10.703: 63 epsilon: 0.1
2024-05-03 11:47:08.595: 64 test start:
2024-05-03 11:47:52.832: 64 avg_reward: -18.7
2024-05-03 11:47:52.832: 64 avg_steps: 2247.9
2024-05-03 11:47:52.832: 64 epsilon: 0.1
2024-05-03 12:01:57.469: 65 test start:
2024-05-03 12:02:36.843: 65 avg_reward: -19.1
2024-05-03 12:02:36.843: 65 avg_steps: 2002.75
2024-05-03 12:02:36.843: 65 epsilon: 0.1
2024-05-03 12:16:24.797: 66 test start:
2024-05-03 12:17:06.926: 66 avg_reward: -18.0
2024-05-03 12:17:06.926: 66 avg_steps: 2130.9
2024-05-03 12:17:06.926: 66 epsilon: 0.1
2024-05-03 12:31:26.381: 67 test start:
2024-05-03 12:32:05.939: 67 avg_reward: -18.9
2024-05-03 12:32:05.939: 67 avg_steps: 2037.65
2024-05-03 12:32:05.939: 67 epsilon: 0.1
2024-05-03 12:45:50.586: 68 test start:
2024-05-03 12:46:42.272: 68 avg_reward: -18.3
2024-05-03 12:46:42.272: 68 avg_steps: 2593.9
2024-05-03 12:46:42.272: 68 epsilon: 0.1
2024-05-03 13:00:37.218: 69 test start:
2024-05-03 13:01:14.441: 69 avg_reward: -19.9
2024-05-03 13:01:14.441: 69 avg_steps: 1933.25
2024-05-03 13:01:14.441: 69 epsilon: 0.1
2024-05-03 13:15:45.321: 70 test start:
2024-05-03 13:16:31.013: 70 avg_reward: -18.1
2024-05-03 13:16:31.013: 70 avg_steps: 2372.3
2024-05-03 13:16:31.013: 70 epsilon: 0.1
2024-05-03 13:30:31.390: 71 test start:
2024-05-03 13:31:16.413: 71 avg_reward: -18.8
2024-05-03 13:31:16.413: 71 avg_steps: 2258.0
2024-05-03 13:31:16.413: 71 epsilon: 0.1
2024-05-03 13:45:12.236: 72 test start:
2024-05-03 13:45:55.733: 72 avg_reward: -16.7
2024-05-03 13:45:55.733: 72 avg_steps: 2258.45
2024-05-03 13:45:55.733: 72 epsilon: 0.1
2024-05-03 14:00:02.907: 73 test start:
2024-05-03 14:00:42.138: 73 avg_reward: -17.4
2024-05-03 14:00:42.138: 73 avg_steps: 1996.65
2024-05-03 14:00:42.138: 73 epsilon: 0.1
2024-05-03 14:14:46.027: 74 test start:
2024-05-03 14:15:21.912: 74 avg_reward: -19.7
2024-05-03 14:15:21.912: 74 avg_steps: 1814.2
2024-05-03 14:15:21.912: 74 epsilon: 0.1
2024-05-03 14:29:22.284: 75 test start:
2024-05-03 14:29:58.650: 75 avg_reward: -18.5
2024-05-03 14:29:58.650: 75 avg_steps: 1864.15
2024-05-03 14:29:58.650: 75 epsilon: 0.1
2024-05-03 14:44:08.372: 76 test start:
2024-05-03 14:44:53.591: 76 avg_reward: -17.9
2024-05-03 14:44:53.592: 76 avg_steps: 2273.4
2024-05-03 14:44:53.592: 76 epsilon: 0.1
2024-05-03 14:58:45.952: 77 test start:
2024-05-03 14:59:29.398: 77 avg_reward: -18.9
2024-05-03 14:59:29.399: 77 avg_steps: 2182.0
2024-05-03 14:59:29.399: 77 epsilon: 0.1
2024-05-03 15:13:40.845: 78 test start:
2024-05-03 15:14:24.211: 78 avg_reward: -18.7
2024-05-03 15:14:24.211: 78 avg_steps: 2228.85
2024-05-03 15:14:24.211: 78 epsilon: 0.1
2024-05-03 15:28:26.544: 79 test start:
2024-05-03 15:29:12.256: 79 avg_reward: -18.3
2024-05-03 15:29:12.256: 79 avg_steps: 2306.1
2024-05-03 15:29:12.256: 79 epsilon: 0.1
2024-05-03 15:43:03.137: 80 test start:
2024-05-03 15:43:48.352: 80 avg_reward: -18.9
2024-05-03 15:43:48.352: 80 avg_steps: 2287.7
2024-05-03 15:43:48.352: 80 epsilon: 0.1
2024-05-03 15:57:54.761: 81 test start:
2024-05-03 15:58:36.033: 81 avg_reward: -17.7
2024-05-03 15:58:36.033: 81 avg_steps: 2118.2
2024-05-03 15:58:36.034: 81 epsilon: 0.1
2024-05-03 16:12:57.529: 82 test start:
2024-05-03 16:13:39.444: 82 avg_reward: -17.9
2024-05-03 16:13:39.444: 82 avg_steps: 2105.65
2024-05-03 16:13:39.444: 82 epsilon: 0.1
2024-05-03 16:27:23.588: 83 test start:
2024-05-03 16:28:05.247: 83 avg_reward: -19.2
2024-05-03 16:28:05.247: 83 avg_steps: 2137.65
2024-05-03 16:28:05.247: 83 epsilon: 0.1
2024-05-03 16:42:11.754: 84 test start:
2024-05-03 16:42:58.002: 84 avg_reward: -18.0
2024-05-03 16:42:58.002: 84 avg_steps: 2367.95
2024-05-03 16:42:58.002: 84 epsilon: 0.1
2024-05-03 16:56:51.873: 85 test start:
2024-05-03 16:57:35.520: 85 avg_reward: -17.5
2024-05-03 16:57:35.520: 85 avg_steps: 2206.85
2024-05-03 16:57:35.520: 85 epsilon: 0.1
2024-05-03 17:11:31.361: 86 test start:
2024-05-03 17:12:11.484: 86 avg_reward: -18.4
2024-05-03 17:12:11.484: 86 avg_steps: 2052.0
2024-05-03 17:12:11.484: 86 epsilon: 0.1
2024-05-03 17:26:32.475: 87 test start:
2024-05-03 17:27:17.762: 87 avg_reward: -18.7
2024-05-03 17:27:17.762: 87 avg_steps: 2274.4
2024-05-03 17:27:17.762: 87 epsilon: 0.1
2024-05-03 17:40:55.509: 88 test start:
2024-05-03 17:41:40.643: 88 avg_reward: -17.4
2024-05-03 17:41:40.643: 88 avg_steps: 2252.45
2024-05-03 17:41:40.643: 88 epsilon: 0.1
2024-05-03 17:56:01.473: 89 test start:
2024-05-03 17:56:44.912: 89 avg_reward: -20.8
2024-05-03 17:56:44.912: 89 avg_steps: 2232.1
2024-05-03 17:56:44.912: 89 epsilon: 0.1
2024-05-03 18:10:48.263: 90 test start:
2024-05-03 18:11:35.079: 90 avg_reward: -17.3
2024-05-03 18:11:35.079: 90 avg_steps: 2354.2
2024-05-03 18:11:35.079: 90 epsilon: 0.1
2024-05-03 18:25:14.184: 91 test start:
2024-05-03 18:25:54.019: 91 avg_reward: -19.4
2024-05-03 18:25:54.019: 91 avg_steps: 2011.4
2024-05-03 18:25:54.019: 91 epsilon: 0.1
2024-05-03 18:39:49.880: 92 test start:
2024-05-03 18:40:30.641: 92 avg_reward: -21.0
2024-05-03 18:40:30.641: 92 avg_steps: 2082.75
2024-05-03 18:40:30.641: 92 epsilon: 0.1
2024-05-03 18:54:50.996: 93 test start:
2024-05-03 18:55:32.916: 93 avg_reward: -19.2
2024-05-03 18:55:32.917: 93 avg_steps: 2098.95
2024-05-03 18:55:32.917: 93 epsilon: 0.1
2024-05-03 19:09:13.158: 94 test start:
2024-05-03 19:09:53.147: 94 avg_reward: -19.4
2024-05-03 19:09:53.147: 94 avg_steps: 2023.0
2024-05-03 19:09:53.147: 94 epsilon: 0.1
2024-05-03 19:24:12.424: 95 test start:
2024-05-03 19:24:51.734: 95 avg_reward: -19.6
2024-05-03 19:24:51.734: 95 avg_steps: 2014.6
2024-05-03 19:24:51.734: 95 epsilon: 0.1
2024-05-03 19:38:50.624: 96 test start:
2024-05-03 19:39:35.381: 96 avg_reward: -18.8
2024-05-03 19:39:35.381: 96 avg_steps: 2267.25
2024-05-03 19:39:35.381: 96 epsilon: 0.1
2024-05-03 19:53:19.036: 97 test start:
2024-05-03 19:53:59.021: 97 avg_reward: -19.3
2024-05-03 19:53:59.021: 97 avg_steps: 2028.25
2024-05-03 19:53:59.021: 97 epsilon: 0.1
2024-05-03 20:08:27.175: 98 test start:
2024-05-03 20:09:09.046: 98 avg_reward: -18.6
2024-05-03 20:09:09.046: 98 avg_steps: 2143.25
2024-05-03 20:09:09.046: 98 epsilon: 0.1
2024-05-03 20:22:58.092: 99 test start:
2024-05-03 20:23:45.956: 99 avg_reward: -17.8
2024-05-03 20:23:45.956: 99 avg_steps: 2436.45
2024-05-03 20:23:45.956: 99 epsilon: 0.1
2024-05-03 20:37:37.871: 100 test start:
2024-05-03 20:38:23.218: 100 avg_reward: -19.2
2024-05-03 20:38:23.219: 100 avg_steps: 2317.0
2024-05-03 20:38:23.219: 100 epsilon: 0.1
2024-05-03 20:52:39.623: 101 test start:
2024-05-03 20:53:25.183: 101 avg_reward: -18.0
2024-05-03 20:53:25.183: 101 avg_steps: 2285.25
2024-05-03 20:53:25.183: 101 epsilon: 0.1
2024-05-03 21:07:10.755: 102 test start:
2024-05-03 21:07:57.780: 102 avg_reward: -18.2
2024-05-03 21:07:57.780: 102 avg_steps: 2374.35
2024-05-03 21:07:57.780: 102 epsilon: 0.1
2024-05-03 21:22:01.519: 103 test start:
2024-05-03 21:22:48.578: 103 avg_reward: -18.1
2024-05-03 21:22:48.578: 103 avg_steps: 2408.9
2024-05-03 21:22:48.578: 103 epsilon: 0.1
2024-05-03 21:36:51.432: 104 test start:
2024-05-03 21:37:34.831: 104 avg_reward: -17.2
2024-05-03 21:37:34.831: 104 avg_steps: 2196.45
2024-05-03 21:37:34.831: 104 epsilon: 0.1
2024-05-03 21:51:29.498: 105 test start:
2024-05-03 21:52:15.780: 105 avg_reward: -17.1
2024-05-03 21:52:15.780: 105 avg_steps: 2309.2
2024-05-03 21:52:15.780: 105 epsilon: 0.1
2024-05-03 22:06:11.114: 106 test start:
2024-05-03 22:06:54.271: 106 avg_reward: -18.4
2024-05-03 22:06:54.271: 106 avg_steps: 2212.45
2024-05-03 22:06:54.271: 106 epsilon: 0.1
2024-05-03 22:21:12.709: 107 test start:
2024-05-03 22:22:00.547: 107 avg_reward: -17.9
2024-05-03 22:22:00.547: 107 avg_steps: 2395.0
2024-05-03 22:22:00.547: 107 epsilon: 0.1
2024-05-03 22:35:44.815: 108 test start:
2024-05-03 22:36:29.290: 108 avg_reward: -17.7
2024-05-03 22:36:29.290: 108 avg_steps: 2237.15
2024-05-03 22:36:29.290: 108 epsilon: 0.1
2024-05-03 22:50:49.126: 109 test start:
2024-05-03 22:51:29.947: 109 avg_reward: -17.9
2024-05-03 22:51:29.947: 109 avg_steps: 2094.25
2024-05-03 22:51:29.947: 109 epsilon: 0.1
2024-05-03 23:05:30.000: 110 test start:
2024-05-03 23:06:10.636: 110 avg_reward: -17.6
2024-05-03 23:06:10.636: 110 avg_steps: 2055.75
2024-05-03 23:06:10.636: 110 epsilon: 0.1
2024-05-03 23:19:47.937: 111 test start:
2024-05-03 23:20:34.457: 111 avg_reward: -18.6
2024-05-03 23:20:34.457: 111 avg_steps: 2334.1
2024-05-03 23:20:34.457: 111 epsilon: 0.1
2024-05-03 23:34:58.354: 112 test start:
2024-05-03 23:35:36.652: 112 avg_reward: -19.2
2024-05-03 23:35:36.653: 112 avg_steps: 1981.5
2024-05-03 23:35:36.653: 112 epsilon: 0.1
2024-05-03 23:49:35.033: 113 test start:
2024-05-03 23:50:19.504: 113 avg_reward: -17.7
2024-05-03 23:50:19.504: 113 avg_steps: 2268.85
2024-05-03 23:50:19.504: 113 epsilon: 0.1
2024-05-04 00:04:17.038: 114 test start:
2024-05-04 00:05:02.572: 114 avg_reward: -17.0
2024-05-04 00:05:02.572: 114 avg_steps: 2356.95
2024-05-04 00:05:02.572: 114 epsilon: 0.1
2024-05-04 00:19:22.976: 115 test start:
2024-05-04 00:20:08.366: 115 avg_reward: -18.6
2024-05-04 00:20:08.366: 115 avg_steps: 2337.05
2024-05-04 00:20:08.366: 115 epsilon: 0.1
2024-05-04 00:34:08.205: 116 test start:
2024-05-04 00:34:58.092: 116 avg_reward: -16.3
2024-05-04 00:34:58.092: 116 avg_steps: 2488.8
2024-05-04 00:34:58.092: 116 epsilon: 0.1
2024-05-04 00:48:58.888: 117 test start:
2024-05-04 00:49:42.653: 117 avg_reward: -17.9
2024-05-04 00:49:42.653: 117 avg_steps: 2240.55
2024-05-04 00:49:42.653: 117 epsilon: 0.1
2024-05-04 01:03:57.991: 118 test start:
2024-05-04 01:04:46.175: 118 avg_reward: -18.0
2024-05-04 01:04:46.175: 118 avg_steps: 2464.65
2024-05-04 01:04:46.175: 118 epsilon: 0.1
2024-05-04 01:18:41.831: 119 test start:
2024-05-04 01:19:25.542: 119 avg_reward: -18.6
2024-05-04 01:19:25.542: 119 avg_steps: 2218.55
2024-05-04 01:19:25.542: 119 epsilon: 0.1
2024-05-04 01:33:18.476: 120 test start:
2024-05-04 01:34:01.113: 120 avg_reward: -17.4
2024-05-04 01:34:01.113: 120 avg_steps: 2179.0
2024-05-04 01:34:01.113: 120 epsilon: 0.1
2024-05-04 01:48:19.028: 121 test start:
2024-05-04 01:49:02.249: 121 avg_reward: -17.3
2024-05-04 01:49:02.249: 121 avg_steps: 2185.55
2024-05-04 01:49:02.249: 121 epsilon: 0.1
2024-05-04 02:03:07.308: 122 test start:
2024-05-04 02:03:52.936: 122 avg_reward: -16.8
2024-05-04 02:03:52.936: 122 avg_steps: 2294.7
2024-05-04 02:03:52.936: 122 epsilon: 0.1
2024-05-04 02:18:04.473: 123 test start:
2024-05-04 02:18:48.805: 123 avg_reward: -17.2
2024-05-04 02:18:48.805: 123 avg_steps: 2284.5
2024-05-04 02:18:48.805: 123 epsilon: 0.1
2024-05-04 02:32:56.499: 124 test start:
2024-05-04 02:33:39.085: 124 avg_reward: -18.3
2024-05-04 02:33:39.085: 124 avg_steps: 2162.2
2024-05-04 02:33:39.085: 124 epsilon: 0.1
2024-05-04 02:47:31.451: 125 test start:
2024-05-04 02:48:14.409: 125 avg_reward: -19.2
2024-05-04 02:48:14.409: 125 avg_steps: 2142.75
2024-05-04 02:48:14.409: 125 epsilon: 0.1
2024-05-04 03:02:15.302: 126 test start:
2024-05-04 03:03:05.015: 126 avg_reward: -18.7
2024-05-04 03:03:05.015: 126 avg_steps: 2554.2
2024-05-04 03:03:05.015: 126 epsilon: 0.1
2024-05-04 03:17:23.362: 127 test start:
2024-05-04 03:18:04.530: 127 avg_reward: -18.9
2024-05-04 03:18:04.530: 127 avg_steps: 2077.55
2024-05-04 03:18:04.530: 127 epsilon: 0.1
2024-05-04 03:31:46.848: 128 test start:
2024-05-04 03:32:33.593: 128 avg_reward: -16.9
2024-05-04 03:32:33.593: 128 avg_steps: 2338.3
2024-05-04 03:32:33.593: 128 epsilon: 0.1
2024-05-04 03:46:38.752: 129 test start:
2024-05-04 03:47:20.816: 129 avg_reward: -18.7
2024-05-04 03:47:20.816: 129 avg_steps: 2147.05
2024-05-04 03:47:20.816: 129 epsilon: 0.1
2024-05-04 04:01:36.330: 130 test start:
2024-05-04 04:02:19.748: 130 avg_reward: -19.3
2024-05-04 04:02:19.748: 130 avg_steps: 2174.4
2024-05-04 04:02:19.748: 130 epsilon: 0.1
2024-05-04 04:16:01.139: 131 test start:
2024-05-04 04:16:53.570: 131 avg_reward: -17.5
2024-05-04 04:16:53.570: 131 avg_steps: 2620.6
2024-05-04 04:16:53.570: 131 epsilon: 0.1
2024-05-04 04:31:22.251: 132 test start:
2024-05-04 04:32:09.533: 132 avg_reward: -16.1
2024-05-04 04:32:09.533: 132 avg_steps: 2432.4
2024-05-04 04:32:09.533: 132 epsilon: 0.1
2024-05-04 04:46:12.826: 133 test start:
2024-05-04 04:46:59.531: 133 avg_reward: -18.1
2024-05-04 04:46:59.532: 133 avg_steps: 2336.05
2024-05-04 04:46:59.532: 133 epsilon: 0.1
2024-05-04 05:00:46.199: 134 test start:
2024-05-04 05:01:34.740: 134 avg_reward: -18.1
2024-05-04 05:01:34.740: 134 avg_steps: 2452.85
2024-05-04 05:01:34.740: 134 epsilon: 0.1
2024-05-04 05:15:46.850: 135 test start:
2024-05-04 05:16:31.223: 135 avg_reward: -18.4
2024-05-04 05:16:31.223: 135 avg_steps: 2283.8
2024-05-04 05:16:31.223: 135 epsilon: 0.1
2024-05-04 05:30:39.281: 136 test start:
2024-05-04 05:31:22.087: 136 avg_reward: -19.4
2024-05-04 05:31:22.087: 136 avg_steps: 2147.8
2024-05-04 05:31:22.087: 136 epsilon: 0.1
2024-05-04 05:45:12.309: 137 test start:
2024-05-04 05:45:52.248: 137 avg_reward: -18.0
2024-05-04 05:45:52.248: 137 avg_steps: 2008.1
2024-05-04 05:45:52.248: 137 epsilon: 0.1
2024-05-04 05:59:56.053: 138 test start:
2024-05-04 06:00:36.608: 138 avg_reward: -18.4
2024-05-04 06:00:36.609: 138 avg_steps: 2091.65
2024-05-04 06:00:36.609: 138 epsilon: 0.1
2024-05-04 06:14:44.417: 139 test start:
2024-05-04 06:15:31.199: 139 avg_reward: -17.9
2024-05-04 06:15:31.199: 139 avg_steps: 2366.0
2024-05-04 06:15:31.199: 139 epsilon: 0.1
2024-05-04 06:29:30.518: 140 test start:
2024-05-04 06:30:18.473: 140 avg_reward: -17.0
2024-05-04 06:30:18.473: 140 avg_steps: 2435.75
2024-05-04 06:30:18.473: 140 epsilon: 0.1
2024-05-04 06:44:39.075: 141 test start:
2024-05-04 06:45:26.263: 141 avg_reward: -18.1
2024-05-04 06:45:26.263: 141 avg_steps: 2433.8
2024-05-04 06:45:26.263: 141 epsilon: 0.1
2024-05-04 06:59:18.978: 142 test start:
2024-05-04 07:00:05.592: 142 avg_reward: -17.6
2024-05-04 07:00:05.592: 142 avg_steps: 2346.15
2024-05-04 07:00:05.592: 142 epsilon: 0.1
2024-05-04 07:13:56.491: 143 test start:
2024-05-04 07:14:43.622: 143 avg_reward: -17.2
2024-05-04 07:14:43.622: 143 avg_steps: 2381.35
2024-05-04 07:14:43.622: 143 epsilon: 0.1
2024-05-04 07:28:56.945: 144 test start:
2024-05-04 07:29:43.208: 144 avg_reward: -18.7
2024-05-04 07:29:43.208: 144 avg_steps: 2354.45
2024-05-04 07:29:43.208: 144 epsilon: 0.1
2024-05-04 07:43:42.591: 145 test start:
2024-05-04 07:44:26.969: 145 avg_reward: -18.1
2024-05-04 07:44:26.969: 145 avg_steps: 2215.55
2024-05-04 07:44:26.969: 145 epsilon: 0.1
2024-05-04 07:58:37.250: 146 test start:
2024-05-04 07:59:17.330: 146 avg_reward: -16.6
2024-05-04 07:59:17.330: 146 avg_steps: 2046.75
2024-05-04 07:59:17.330: 146 epsilon: 0.1
2024-05-04 08:13:19.894: 147 test start:
2024-05-04 08:14:06.529: 147 avg_reward: -17.7
2024-05-04 08:14:06.529: 147 avg_steps: 2379.35
2024-05-04 08:14:06.529: 147 epsilon: 0.1
2024-05-04 08:28:03.624: 148 test start:
2024-05-04 08:28:49.994: 148 avg_reward: -17.2
2024-05-04 08:28:49.994: 148 avg_steps: 2368.85
2024-05-04 08:28:49.994: 148 epsilon: 0.1
2024-05-04 08:42:55.555: 149 test start:
2024-05-04 08:43:40.056: 149 avg_reward: -18.3
2024-05-04 08:43:40.056: 149 avg_steps: 2294.8
2024-05-04 08:43:40.056: 149 epsilon: 0.1
2024-05-04 08:58:00.116: 150 test start:
2024-05-04 08:58:41.473: 150 avg_reward: -17.9
2024-05-04 08:58:41.473: 150 avg_steps: 2080.65
2024-05-04 08:58:41.473: 150 epsilon: 0.1
2024-05-04 09:12:45.262: 151 test start:
2024-05-04 09:13:36.271: 151 avg_reward: -18.6
2024-05-04 09:13:36.271: 151 avg_steps: 2598.65
2024-05-04 09:13:36.271: 151 epsilon: 0.1
2024-05-04 09:27:44.783: 152 test start:
2024-05-04 09:28:23.959: 152 avg_reward: -17.5
2024-05-04 09:28:23.959: 152 avg_steps: 1998.05
2024-05-04 09:28:23.959: 152 epsilon: 0.1
2024-05-04 09:42:27.142: 153 test start:
2024-05-04 09:43:15.935: 153 avg_reward: -18.8
2024-05-04 09:43:15.935: 153 avg_steps: 2476.15
2024-05-04 09:43:15.935: 153 epsilon: 0.1
2024-05-04 09:57:06.851: 154 test start:
2024-05-04 09:57:48.386: 154 avg_reward: -19.5
2024-05-04 09:57:48.387: 154 avg_steps: 2090.0
2024-05-04 09:57:48.387: 154 epsilon: 0.1
2024-05-04 10:11:48.211: 155 test start:
2024-05-04 10:12:35.980: 155 avg_reward: -17.7
2024-05-04 10:12:35.980: 155 avg_steps: 2450.2
2024-05-04 10:12:35.980: 155 epsilon: 0.1
2024-05-04 10:26:42.440: 156 test start:
2024-05-04 10:27:40.248: 156 avg_reward: -16.9
2024-05-04 10:27:40.248: 156 avg_steps: 2932.9
2024-05-04 10:27:40.248: 156 epsilon: 0.1
2024-05-04 10:41:32.398: 157 test start:
2024-05-04 10:42:19.377: 157 avg_reward: -18.5
2024-05-04 10:42:19.377: 157 avg_steps: 2352.35
2024-05-04 10:42:19.377: 157 epsilon: 0.1
2024-05-04 10:56:53.325: 158 test start:
2024-05-04 10:57:43.028: 158 avg_reward: -18.6
2024-05-04 10:57:43.029: 158 avg_steps: 2554.55
2024-05-04 10:57:43.029: 158 epsilon: 0.1
2024-05-04 11:11:44.085: 159 test start:
2024-05-04 11:12:34.985: 159 avg_reward: -17.0
2024-05-04 11:12:34.986: 159 avg_steps: 2573.5
2024-05-04 11:12:34.986: 159 epsilon: 0.1
2024-05-04 11:26:20.042: 160 test start:
2024-05-04 11:27:14.586: 160 avg_reward: -17.3
2024-05-04 11:27:14.587: 160 avg_steps: 2825.85
2024-05-04 11:27:14.587: 160 epsilon: 0.1
2024-05-04 11:41:28.558: 161 test start:
2024-05-04 11:42:14.931: 161 avg_reward: -18.2
2024-05-04 11:42:14.931: 161 avg_steps: 2374.7
2024-05-04 11:42:14.931: 161 epsilon: 0.1
2024-05-04 11:56:18.217: 162 test start:
2024-05-04 11:57:00.838: 162 avg_reward: -18.4
2024-05-04 11:57:00.838: 162 avg_steps: 2133.45
2024-05-04 11:57:00.838: 162 epsilon: 0.1
2024-05-04 12:10:58.636: 163 test start:
2024-05-04 12:11:50.231: 163 avg_reward: -16.7
2024-05-04 12:11:50.232: 163 avg_steps: 2671.25
2024-05-04 12:11:50.232: 163 epsilon: 0.1
2024-05-04 12:26:22.201: 164 test start:
2024-05-04 12:27:11.583: 164 avg_reward: -16.5
2024-05-04 12:27:11.583: 164 avg_steps: 2492.6
2024-05-04 12:27:11.583: 164 epsilon: 0.1
2024-05-04 12:40:59.675: 165 test start:
2024-05-04 12:41:50.873: 165 avg_reward: -18.1
2024-05-04 12:41:50.873: 165 avg_steps: 2593.75
2024-05-04 12:41:50.873: 165 epsilon: 0.1
2024-05-04 12:55:48.623: 166 test start:
2024-05-04 12:56:44.509: 166 avg_reward: -14.0
2024-05-04 12:56:44.509: 166 avg_steps: 2853.45
2024-05-04 12:56:44.509: 166 epsilon: 0.1
2024-05-04 13:11:21.583: 167 test start:
2024-05-04 13:12:12.304: 167 avg_reward: -15.1
2024-05-04 13:12:12.304: 167 avg_steps: 2563.45
2024-05-04 13:12:12.304: 167 epsilon: 0.1
2024-05-04 13:25:55.568: 168 test start:
2024-05-04 13:26:43.792: 168 avg_reward: -17.9
2024-05-04 13:26:43.792: 168 avg_steps: 2427.25
2024-05-04 13:26:43.792: 168 epsilon: 0.1
2024-05-04 13:41:00.264: 169 test start:
2024-05-04 13:41:50.100: 169 avg_reward: -15.3
2024-05-04 13:41:50.100: 169 avg_steps: 2561.3
2024-05-04 13:41:50.100: 169 epsilon: 0.1
2024-05-04 13:56:07.926: 170 test start:
2024-05-04 13:56:59.493: 170 avg_reward: -17.1
2024-05-04 13:56:59.493: 170 avg_steps: 2577.85
2024-05-04 13:56:59.493: 170 epsilon: 0.1
2024-05-04 14:10:47.755: 171 test start:
2024-05-04 14:11:45.211: 171 avg_reward: -16.6
2024-05-04 14:11:45.211: 171 avg_steps: 2933.4
2024-05-04 14:11:45.211: 171 epsilon: 0.1
2024-05-04 14:25:55.311: 172 test start:
2024-05-04 14:26:48.393: 172 avg_reward: -14.4
2024-05-04 14:26:48.393: 172 avg_steps: 2728.0
2024-05-04 14:26:48.393: 172 epsilon: 0.1
2024-05-04 14:40:57.301: 173 test start:
2024-05-04 14:41:45.166: 173 avg_reward: -17.2
2024-05-04 14:41:45.166: 173 avg_steps: 2454.75
2024-05-04 14:41:45.166: 173 epsilon: 0.1
2024-05-04 14:55:37.964: 174 test start:
2024-05-04 14:56:31.460: 174 avg_reward: -14.5
2024-05-04 14:56:31.460: 174 avg_steps: 2715.55
2024-05-04 14:56:31.460: 174 epsilon: 0.1
2024-05-04 15:10:39.834: 175 test start:
2024-05-04 15:11:34.577: 175 avg_reward: -13.0
2024-05-04 15:11:34.577: 175 avg_steps: 2795.15
2024-05-04 15:11:34.577: 175 epsilon: 0.1
2024-05-04 15:25:45.584: 176 test start:
2024-05-04 15:26:36.436: 176 avg_reward: -16.1
2024-05-04 15:26:36.436: 176 avg_steps: 2555.5
2024-05-04 15:26:36.436: 176 epsilon: 0.1
2024-05-04 15:40:43.311: 177 test start:
2024-05-04 15:41:33.689: 177 avg_reward: -16.8
2024-05-04 15:41:33.689: 177 avg_steps: 2547.85
2024-05-04 15:41:33.689: 177 epsilon: 0.1
2024-05-04 15:55:53.214: 178 test start:
2024-05-04 15:56:41.759: 178 avg_reward: -16.9
2024-05-04 15:56:41.759: 178 avg_steps: 2480.6
2024-05-04 15:56:41.759: 178 epsilon: 0.1
2024-05-04 16:10:46.800: 179 test start:
2024-05-04 16:11:33.962: 179 avg_reward: -15.3
2024-05-04 16:11:33.962: 179 avg_steps: 2361.35
2024-05-04 16:11:33.962: 179 epsilon: 0.1
2024-05-04 16:25:20.241: 180 test start:
2024-05-04 16:26:10.218: 180 avg_reward: -15.7
2024-05-04 16:26:10.218: 180 avg_steps: 2505.55
2024-05-04 16:26:10.218: 180 epsilon: 0.1
2024-05-04 16:40:30.762: 181 test start:
2024-05-04 16:41:16.439: 181 avg_reward: -17.3
2024-05-04 16:41:16.439: 181 avg_steps: 2344.5
2024-05-04 16:41:16.439: 181 epsilon: 0.1
2024-05-04 16:55:35.349: 182 test start:
2024-05-04 16:56:22.850: 182 avg_reward: -17.2
2024-05-04 16:56:22.850: 182 avg_steps: 2356.9
2024-05-04 16:56:22.850: 182 epsilon: 0.1
2024-05-04 17:10:23.583: 183 test start:
2024-05-04 17:11:16.175: 183 avg_reward: -16.3
2024-05-04 17:11:16.175: 183 avg_steps: 2662.45
2024-05-04 17:11:16.175: 183 epsilon: 0.1
2024-05-04 17:25:33.354: 184 test start:
2024-05-04 17:26:25.403: 184 avg_reward: -15.7
2024-05-04 17:26:25.403: 184 avg_steps: 2682.55
2024-05-04 17:26:25.403: 184 epsilon: 0.1
2024-05-04 17:40:17.081: 185 test start:
2024-05-04 17:41:08.625: 185 avg_reward: -15.6
2024-05-04 17:41:08.625: 185 avg_steps: 2603.65
2024-05-04 17:41:08.625: 185 epsilon: 0.1
2024-05-04 17:55:01.334: 186 test start:
2024-05-04 17:55:51.465: 186 avg_reward: -16.2
2024-05-04 17:55:51.466: 186 avg_steps: 2573.4
2024-05-04 17:55:51.466: 186 epsilon: 0.1
2024-05-04 18:10:22.667: 187 test start:
2024-05-04 18:11:18.416: 187 avg_reward: -15.4
2024-05-04 18:11:18.416: 187 avg_steps: 2793.3
2024-05-04 18:11:18.416: 187 epsilon: 0.1
2024-05-04 18:25:18.667: 188 test start:
2024-05-04 18:26:08.943: 188 avg_reward: -17.5
2024-05-04 18:26:08.943: 188 avg_steps: 2541.65
2024-05-04 18:26:08.943: 188 epsilon: 0.1
2024-05-04 18:40:08.033: 189 test start:
2024-05-04 18:41:01.288: 189 avg_reward: -14.8
2024-05-04 18:41:01.289: 189 avg_steps: 2697.6
2024-05-04 18:41:01.289: 189 epsilon: 0.1
2024-05-04 18:55:14.792: 190 test start:
2024-05-04 18:56:13.094: 190 avg_reward: -15.2
2024-05-04 18:56:13.095: 190 avg_steps: 2946.15
2024-05-04 18:56:13.095: 190 epsilon: 0.1
2024-05-04 19:10:22.642: 191 test start:
2024-05-04 19:11:18.544: 191 avg_reward: -17.4
2024-05-04 19:11:18.544: 191 avg_steps: 2799.5
2024-05-04 19:11:18.544: 191 epsilon: 0.1
2024-05-04 19:25:14.727: 192 test start:
2024-05-04 19:26:02.526: 192 avg_reward: -16.9
2024-05-04 19:26:02.526: 192 avg_steps: 2466.15
2024-05-04 19:26:02.526: 192 epsilon: 0.1
2024-05-04 19:40:25.713: 193 test start:
2024-05-04 19:41:17.104: 193 avg_reward: -16.5
2024-05-04 19:41:17.105: 193 avg_steps: 2630.05
2024-05-04 19:41:17.105: 193 epsilon: 0.1
2024-05-04 19:55:11.033: 194 test start:
2024-05-04 19:56:08.663: 194 avg_reward: -15.9
2024-05-04 19:56:08.663: 194 avg_steps: 2881.9
2024-05-04 19:56:08.663: 194 epsilon: 0.1
2024-05-04 20:10:07.377: 195 test start:
2024-05-04 20:10:55.391: 195 avg_reward: -17.7
2024-05-04 20:10:55.391: 195 avg_steps: 2452.9
2024-05-04 20:10:55.391: 195 epsilon: 0.1
2024-05-04 20:25:15.713: 196 test start:
2024-05-04 20:26:07.731: 196 avg_reward: -16.3
2024-05-04 20:26:07.732: 196 avg_steps: 2597.0
2024-05-04 20:26:07.732: 196 epsilon: 0.1
2024-05-04 20:40:02.019: 197 test start:
2024-05-04 20:40:58.874: 197 avg_reward: -15.2
2024-05-04 20:40:58.874: 197 avg_steps: 2864.2
2024-05-04 20:40:58.874: 197 epsilon: 0.1
2024-05-04 20:55:20.202: 198 test start:
2024-05-04 20:56:14.735: 198 avg_reward: -18.0
2024-05-04 20:56:14.735: 198 avg_steps: 2799.85
2024-05-04 20:56:14.735: 198 epsilon: 0.1
2024-05-04 21:10:25.684: 199 test start:
2024-05-04 21:11:13.799: 199 avg_reward: -17.6
2024-05-04 21:11:13.799: 199 avg_steps: 2398.75
2024-05-04 21:11:13.799: 199 epsilon: 0.1
2024-05-04 21:25:06.859: 200 test start:
2024-05-04 21:26:00.655: 200 avg_reward: -17.5
2024-05-04 21:26:00.655: 200 avg_steps: 2673.95
2024-05-04 21:26:00.655: 200 epsilon: 0.1
2024-05-04 21:40:08.915: 201 test start:
2024-05-04 21:41:02.829: 201 avg_reward: -16.8
2024-05-04 21:41:02.829: 201 avg_steps: 2766.95
2024-05-04 21:41:02.829: 201 epsilon: 0.1
2024-05-04 21:55:31.493: 202 test start:
2024-05-04 21:56:23.769: 202 avg_reward: -14.4
2024-05-04 21:56:23.770: 202 avg_steps: 2632.35
2024-05-04 21:56:23.770: 202 epsilon: 0.1
2024-05-04 22:10:22.440: 203 test start:
2024-05-04 22:11:14.164: 203 avg_reward: -17.5
2024-05-04 22:11:14.164: 203 avg_steps: 2587.6
2024-05-04 22:11:14.164: 203 epsilon: 0.1
2024-05-04 22:25:07.433: 204 test start:
2024-05-04 22:25:58.517: 204 avg_reward: -16.8
2024-05-04 22:25:58.517: 204 avg_steps: 2638.15
2024-05-04 22:25:58.517: 204 epsilon: 0.1
