2024-05-01 10:09:31.839: 
parameters:agent_saving_period: 80000
agent_test_episodes: 20
batch_num_per_epoch: 100000
device: cuda:0
env_name: ALE/SpaceInvaders-v5
epsilon_for_test: 0.05
epsilon_max: 1.0
epsilon_min: 0.1
exploration_steps: 1000000
gamma: 0.99
input_frame_height: 84
input_frame_width: 84
learning_rate: 1.0e-05
log_path: ../exps/dqn/
mini_batch_size: 32
no_op: 30
phi_channel: 4
replay_buffer_size: 200000
replay_start_size: 10000
save_path: ./exps/
skip_k_frame: 4
step_c: 10000
training_steps: 50000000

2024-05-01 10:25:38.198: 1 test start:
2024-05-01 10:25:58.067: 1 avg_reward: 86.5
2024-05-01 10:25:58.067: 1 avg_steps: 612.85
2024-05-01 10:25:58.067: 1 epsilon: 0.9230338
2024-05-01 10:46:09.395: 2 test start:
2024-05-01 10:46:29.997: 2 avg_reward: 156.75
2024-05-01 10:46:29.997: 2 avg_steps: 657.6
2024-05-01 10:46:29.997: 2 epsilon: 0.8383114
2024-05-01 11:08:37.284: 3 test start:
2024-05-01 11:08:58.748: 3 avg_reward: 243.0
2024-05-01 11:08:58.748: 3 avg_steps: 704.2
2024-05-01 11:08:58.748: 3 epsilon: 0.7540219
2024-05-01 11:31:29.238: 4 test start:
2024-05-01 11:31:49.710: 4 avg_reward: 226.5
2024-05-01 11:31:49.710: 4 avg_steps: 641.9
2024-05-01 11:31:49.710: 4 epsilon: 0.6695992
2024-05-01 11:53:43.718: 5 test start:
2024-05-01 11:54:03.060: 5 avg_reward: 312.0
2024-05-01 11:54:03.060: 5 avg_steps: 618.95
2024-05-01 11:54:03.060: 5 epsilon: 0.5841514
2024-05-01 12:16:38.119: 6 test start:
2024-05-01 12:16:56.596: 6 avg_reward: 268.75
2024-05-01 12:16:56.597: 6 avg_steps: 595.85
2024-05-01 12:16:56.597: 6 epsilon: 0.4989393999999999
2024-05-01 12:39:21.393: 7 test start:
2024-05-01 12:39:42.478: 7 avg_reward: 322.75
2024-05-01 12:39:42.478: 7 avg_steps: 632.1
2024-05-01 12:39:42.478: 7 epsilon: 0.4134186999999999
2024-05-01 13:01:01.851: 8 test start:
2024-05-01 13:01:23.347: 8 avg_reward: 332.5
2024-05-01 13:01:23.348: 8 avg_steps: 708.4
2024-05-01 13:01:23.348: 8 epsilon: 0.32787999999999995
2024-05-01 13:23:54.144: 9 test start:
2024-05-01 13:24:13.466: 9 avg_reward: 297.75
2024-05-01 13:24:13.466: 9 avg_steps: 584.6
2024-05-01 13:24:13.466: 9 epsilon: 0.24233319999999992
2024-05-01 13:46:04.176: 10 test start:
2024-05-01 13:46:25.934: 10 avg_reward: 374.0
2024-05-01 13:46:25.934: 10 avg_steps: 664.2
2024-05-01 13:46:25.934: 10 epsilon: 0.15667839999999988
2024-05-01 14:08:58.043: 11 test start:
2024-05-01 14:09:17.620: 11 avg_reward: 373.75
2024-05-01 14:09:17.620: 11 avg_steps: 604.35
2024-05-01 14:09:17.620: 11 epsilon: 0.1
2024-05-01 14:31:20.010: 12 test start:
2024-05-01 14:31:39.195: 12 avg_reward: 388.25
2024-05-01 14:31:39.195: 12 avg_steps: 599.2
2024-05-01 14:31:39.195: 12 epsilon: 0.1
2024-05-01 14:54:26.228: 13 test start:
2024-05-01 14:54:48.456: 13 avg_reward: 421.25
2024-05-01 14:54:48.456: 13 avg_steps: 693.25
2024-05-01 14:54:48.456: 13 epsilon: 0.1
2024-05-01 15:16:54.639: 14 test start:
2024-05-01 15:17:15.168: 14 avg_reward: 384.75
2024-05-01 15:17:15.168: 14 avg_steps: 652.35
2024-05-01 15:17:15.168: 14 epsilon: 0.1
2024-05-01 15:39:28.353: 15 test start:
2024-05-01 15:39:45.833: 15 avg_reward: 314.0
2024-05-01 15:39:45.833: 15 avg_steps: 535.55
2024-05-01 15:39:45.833: 15 epsilon: 0.1
2024-05-01 16:00:45.134: 16 test start:
2024-05-01 16:01:03.379: 16 avg_reward: 331.75
2024-05-01 16:01:03.379: 16 avg_steps: 554.9
2024-05-01 16:01:03.379: 16 epsilon: 0.1
2024-05-01 16:23:06.934: 17 test start:
2024-05-01 16:23:24.508: 17 avg_reward: 297.75
2024-05-01 16:23:24.508: 17 avg_steps: 544.6
2024-05-01 16:23:24.508: 17 epsilon: 0.1
2024-05-01 16:45:12.703: 18 test start:
2024-05-01 16:45:34.624: 18 avg_reward: 444.5
2024-05-01 16:45:34.625: 18 avg_steps: 676.25
2024-05-01 16:45:34.625: 18 epsilon: 0.1
2024-05-01 17:07:12.902: 19 test start:
2024-05-01 17:07:34.549: 19 avg_reward: 377.25
2024-05-01 17:07:34.549: 19 avg_steps: 674.65
2024-05-01 17:07:34.549: 19 epsilon: 0.1
2024-05-01 17:29:10.854: 20 test start:
2024-05-01 17:29:31.340: 20 avg_reward: 447.25
2024-05-01 17:29:31.341: 20 avg_steps: 630.9
2024-05-01 17:29:31.341: 20 epsilon: 0.1
2024-05-01 17:51:29.897: 21 test start:
2024-05-01 17:51:49.437: 21 avg_reward: 391.25
2024-05-01 17:51:49.438: 21 avg_steps: 603.45
2024-05-01 17:51:49.438: 21 epsilon: 0.1
2024-05-01 18:13:25.132: 22 test start:
2024-05-01 18:13:45.950: 22 avg_reward: 416.0
2024-05-01 18:13:45.950: 22 avg_steps: 654.85
2024-05-01 18:13:45.950: 22 epsilon: 0.1
2024-05-01 18:35:38.352: 23 test start:
2024-05-01 18:35:58.347: 23 avg_reward: 397.25
2024-05-01 18:35:58.348: 23 avg_steps: 647.3
2024-05-01 18:35:58.348: 23 epsilon: 0.1
2024-05-01 18:57:29.160: 24 test start:
2024-05-01 18:57:48.825: 24 avg_reward: 373.5
2024-05-01 18:57:48.826: 24 avg_steps: 613.1
2024-05-01 18:57:48.826: 24 epsilon: 0.1
2024-05-01 19:18:41.453: 25 test start:
2024-05-01 19:19:03.871: 25 avg_reward: 452.0
2024-05-01 19:19:03.872: 25 avg_steps: 695.7
2024-05-01 19:19:03.872: 25 epsilon: 0.1
2024-05-01 19:40:38.363: 26 test start:
2024-05-01 19:40:56.631: 26 avg_reward: 383.75
2024-05-01 19:40:56.631: 26 avg_steps: 633.45
2024-05-01 19:40:56.631: 26 epsilon: 0.1
2024-05-01 19:59:44.290: 27 test start:
2024-05-01 20:00:02.632: 27 avg_reward: 395.0
2024-05-01 20:00:02.632: 27 avg_steps: 619.15
2024-05-01 20:00:02.632: 27 epsilon: 0.1
2024-05-01 20:19:32.858: 28 test start:
2024-05-01 20:19:50.481: 28 avg_reward: 419.25
2024-05-01 20:19:50.481: 28 avg_steps: 620.2
2024-05-01 20:19:50.482: 28 epsilon: 0.1
2024-05-01 20:38:48.345: 29 test start:
2024-05-01 20:39:07.752: 29 avg_reward: 381.0
2024-05-01 20:39:07.752: 29 avg_steps: 645.1
2024-05-01 20:39:07.752: 29 epsilon: 0.1
2024-05-01 20:58:48.119: 30 test start:
2024-05-01 20:59:09.486: 30 avg_reward: 438.5
2024-05-01 20:59:09.486: 30 avg_steps: 709.4
2024-05-01 20:59:09.486: 30 epsilon: 0.1
2024-05-01 21:19:02.854: 31 test start:
2024-05-01 21:19:24.328: 31 avg_reward: 440.25
2024-05-01 21:19:24.328: 31 avg_steps: 668.05
2024-05-01 21:19:24.328: 31 epsilon: 0.1
2024-05-01 21:41:19.615: 32 test start:
2024-05-01 21:41:41.740: 32 avg_reward: 436.5
2024-05-01 21:41:41.741: 32 avg_steps: 666.1
2024-05-01 21:41:41.741: 32 epsilon: 0.1
2024-05-01 22:03:46.351: 33 test start:
2024-05-01 22:04:05.823: 33 avg_reward: 384.0
2024-05-01 22:04:05.824: 33 avg_steps: 593.45
2024-05-01 22:04:05.824: 33 epsilon: 0.1
2024-05-01 22:25:52.909: 34 test start:
2024-05-01 22:26:12.568: 34 avg_reward: 388.75
2024-05-01 22:26:12.568: 34 avg_steps: 589.8
2024-05-01 22:26:12.568: 34 epsilon: 0.1
2024-05-01 22:48:08.466: 35 test start:
2024-05-01 22:48:32.227: 35 avg_reward: 509.75
2024-05-01 22:48:32.227: 35 avg_steps: 714.0
2024-05-01 22:48:32.227: 35 epsilon: 0.1
2024-05-01 23:10:26.978: 36 test start:
2024-05-01 23:10:46.432: 36 avg_reward: 417.0
2024-05-01 23:10:46.432: 36 avg_steps: 609.85
2024-05-01 23:10:46.432: 36 epsilon: 0.1
2024-05-01 23:32:31.942: 37 test start:
2024-05-01 23:32:51.535: 37 avg_reward: 347.0
2024-05-01 23:32:51.535: 37 avg_steps: 575.7
2024-05-01 23:32:51.535: 37 epsilon: 0.1
2024-05-01 23:54:56.218: 38 test start:
2024-05-01 23:55:20.528: 38 avg_reward: 485.25
2024-05-01 23:55:20.529: 38 avg_steps: 746.45
2024-05-01 23:55:20.529: 38 epsilon: 0.1
2024-05-02 00:17:06.350: 39 test start:
2024-05-02 00:17:25.222: 39 avg_reward: 386.0
2024-05-02 00:17:25.222: 39 avg_steps: 591.25
2024-05-02 00:17:25.222: 39 epsilon: 0.1
2024-05-02 00:39:00.167: 40 test start:
2024-05-02 00:39:21.749: 40 avg_reward: 454.25
2024-05-02 00:39:21.749: 40 avg_steps: 671.7
2024-05-02 00:39:21.749: 40 epsilon: 0.1
2024-05-02 01:01:00.695: 41 test start:
2024-05-02 01:01:21.915: 41 avg_reward: 456.5
2024-05-02 01:01:21.916: 41 avg_steps: 671.9
2024-05-02 01:01:21.916: 41 epsilon: 0.1
2024-05-02 01:22:51.027: 42 test start:
2024-05-02 01:23:11.091: 42 avg_reward: 405.75
2024-05-02 01:23:11.092: 42 avg_steps: 616.2
2024-05-02 01:23:11.092: 42 epsilon: 0.1
2024-05-02 01:44:14.764: 43 test start:
2024-05-02 01:44:36.104: 43 avg_reward: 474.75
2024-05-02 01:44:36.105: 43 avg_steps: 691.4
2024-05-02 01:44:36.105: 43 epsilon: 0.1
2024-05-02 02:05:55.021: 44 test start:
2024-05-02 02:06:15.968: 44 avg_reward: 460.0
2024-05-02 02:06:15.968: 44 avg_steps: 693.05
2024-05-02 02:06:15.968: 44 epsilon: 0.1
2024-05-02 02:27:54.152: 45 test start:
2024-05-02 02:28:13.563: 45 avg_reward: 405.75
2024-05-02 02:28:13.563: 45 avg_steps: 618.6
2024-05-02 02:28:13.563: 45 epsilon: 0.1
2024-05-02 02:49:50.678: 46 test start:
2024-05-02 02:50:14.340: 46 avg_reward: 496.0
2024-05-02 02:50:14.340: 46 avg_steps: 747.75
2024-05-02 02:50:14.341: 46 epsilon: 0.1
2024-05-02 03:11:57.435: 47 test start:
2024-05-02 03:12:21.707: 47 avg_reward: 555.25
2024-05-02 03:12:21.707: 47 avg_steps: 778.65
2024-05-02 03:12:21.707: 47 epsilon: 0.1
2024-05-02 03:34:04.823: 48 test start:
2024-05-02 03:34:25.696: 48 avg_reward: 463.25
2024-05-02 03:34:25.697: 48 avg_steps: 676.45
2024-05-02 03:34:25.697: 48 epsilon: 0.1
2024-05-02 03:55:58.491: 49 test start:
2024-05-02 03:56:24.685: 49 avg_reward: 564.0
2024-05-02 03:56:24.685: 49 avg_steps: 844.35
2024-05-02 03:56:24.685: 49 epsilon: 0.1
2024-05-02 04:17:57.307: 50 test start:
2024-05-02 04:18:20.997: 50 avg_reward: 512.25
2024-05-02 04:18:20.997: 50 avg_steps: 734.85
2024-05-02 04:18:20.997: 50 epsilon: 0.1
2024-05-02 04:40:07.169: 51 test start:
2024-05-02 04:40:31.504: 51 avg_reward: 526.5
2024-05-02 04:40:31.504: 51 avg_steps: 752.7
2024-05-02 04:40:31.504: 51 epsilon: 0.1
2024-05-02 05:02:33.188: 52 test start:
2024-05-02 05:03:01.845: 52 avg_reward: 545.75
2024-05-02 05:03:01.845: 52 avg_steps: 875.9
2024-05-02 05:03:01.845: 52 epsilon: 0.1
2024-05-02 05:24:57.944: 53 test start:
2024-05-02 05:25:15.297: 53 avg_reward: 339.0
2024-05-02 05:25:15.298: 53 avg_steps: 541.55
2024-05-02 05:25:15.298: 53 epsilon: 0.1
2024-05-02 05:47:04.277: 54 test start:
2024-05-02 05:47:27.169: 54 avg_reward: 568.5
2024-05-02 05:47:27.169: 54 avg_steps: 765.4
2024-05-02 05:47:27.169: 54 epsilon: 0.1
2024-05-02 06:09:16.024: 55 test start:
2024-05-02 06:09:34.537: 55 avg_reward: 397.0
2024-05-02 06:09:34.537: 55 avg_steps: 579.4
2024-05-02 06:09:34.537: 55 epsilon: 0.1
2024-05-02 06:31:50.128: 56 test start:
2024-05-02 06:32:10.165: 56 avg_reward: 455.5
2024-05-02 06:32:10.165: 56 avg_steps: 643.7
2024-05-02 06:32:10.165: 56 epsilon: 0.1
2024-05-02 06:54:12.913: 57 test start:
2024-05-02 06:54:30.010: 57 avg_reward: 360.25
2024-05-02 06:54:30.011: 57 avg_steps: 534.2
2024-05-02 06:54:30.011: 57 epsilon: 0.1
2024-05-02 07:16:52.214: 58 test start:
2024-05-02 07:17:12.409: 58 avg_reward: 441.0
2024-05-02 07:17:12.409: 58 avg_steps: 633.0
2024-05-02 07:17:12.409: 58 epsilon: 0.1
2024-05-02 07:39:38.917: 59 test start:
2024-05-02 07:40:01.719: 59 avg_reward: 498.75
2024-05-02 07:40:01.719: 59 avg_steps: 697.85
2024-05-02 07:40:01.719: 59 epsilon: 0.1
2024-05-02 08:02:06.067: 60 test start:
2024-05-02 08:02:23.872: 60 avg_reward: 361.5
2024-05-02 08:02:23.872: 60 avg_steps: 539.7
2024-05-02 08:02:23.872: 60 epsilon: 0.1
2024-05-02 08:24:23.829: 61 test start:
2024-05-02 08:24:47.560: 61 avg_reward: 537.5
2024-05-02 08:24:47.560: 61 avg_steps: 725.0
2024-05-02 08:24:47.560: 61 epsilon: 0.1
2024-05-02 08:46:04.342: 62 test start:
2024-05-02 08:46:26.894: 62 avg_reward: 468.25
2024-05-02 08:46:26.894: 62 avg_steps: 700.4
2024-05-02 08:46:26.894: 62 epsilon: 0.1
2024-05-02 09:08:43.920: 63 test start:
2024-05-02 09:09:02.206: 63 avg_reward: 364.75
2024-05-02 09:09:02.206: 63 avg_steps: 562.15
2024-05-02 09:09:02.207: 63 epsilon: 0.1
2024-05-02 09:31:15.966: 64 test start:
2024-05-02 09:31:42.382: 64 avg_reward: 583.0
2024-05-02 09:31:42.383: 64 avg_steps: 827.85
2024-05-02 09:31:42.383: 64 epsilon: 0.1
2024-05-02 09:53:59.348: 65 test start:
2024-05-02 09:54:18.600: 65 avg_reward: 425.75
2024-05-02 09:54:18.601: 65 avg_steps: 585.45
2024-05-02 09:54:18.601: 65 epsilon: 0.1
2024-05-02 10:16:33.995: 66 test start:
2024-05-02 10:16:55.015: 66 avg_reward: 476.5
2024-05-02 10:16:55.015: 66 avg_steps: 655.5
2024-05-02 10:16:55.015: 66 epsilon: 0.1
2024-05-02 10:39:14.892: 67 test start:
2024-05-02 10:39:33.070: 67 avg_reward: 451.75
2024-05-02 10:39:33.071: 67 avg_steps: 564.95
2024-05-02 10:39:33.071: 67 epsilon: 0.1
2024-05-02 11:01:44.170: 68 test start:
2024-05-02 11:01:59.590: 68 avg_reward: 296.5
2024-05-02 11:01:59.590: 68 avg_steps: 457.3
2024-05-02 11:01:59.590: 68 epsilon: 0.1
2024-05-02 11:23:43.031: 69 test start:
2024-05-02 11:24:03.292: 69 avg_reward: 464.25
2024-05-02 11:24:03.293: 69 avg_steps: 611.0
2024-05-02 11:24:03.293: 69 epsilon: 0.1
2024-05-02 11:46:22.513: 70 test start:
2024-05-02 11:46:42.364: 70 avg_reward: 436.25
2024-05-02 11:46:42.364: 70 avg_steps: 603.35
2024-05-02 11:46:42.364: 70 epsilon: 0.1
2024-05-02 12:08:24.856: 71 test start:
2024-05-02 12:08:45.935: 71 avg_reward: 478.25
2024-05-02 12:08:45.936: 71 avg_steps: 665.45
2024-05-02 12:08:45.936: 71 epsilon: 0.1
2024-05-02 12:30:38.938: 72 test start:
2024-05-02 12:30:57.255: 72 avg_reward: 385.0
2024-05-02 12:30:57.255: 72 avg_steps: 563.0
2024-05-02 12:30:57.255: 72 epsilon: 0.1
2024-05-02 12:52:53.533: 73 test start:
2024-05-02 12:53:16.929: 73 avg_reward: 539.5
2024-05-02 12:53:16.930: 73 avg_steps: 741.15
2024-05-02 12:53:16.930: 73 epsilon: 0.1
2024-05-02 13:14:45.322: 74 test start:
2024-05-02 13:15:05.808: 74 avg_reward: 511.5
2024-05-02 13:15:05.808: 74 avg_steps: 725.95
2024-05-02 13:15:05.808: 74 epsilon: 0.1
2024-05-02 13:37:11.062: 75 test start:
2024-05-02 13:37:35.479: 75 avg_reward: 579.5
2024-05-02 13:37:35.479: 75 avg_steps: 771.95
2024-05-02 13:37:35.479: 75 epsilon: 0.1
2024-05-02 14:00:17.594: 76 test start:
2024-05-02 14:00:37.165: 76 avg_reward: 362.0
2024-05-02 14:00:37.165: 76 avg_steps: 582.15
2024-05-02 14:00:37.165: 76 epsilon: 0.1
2024-05-02 14:23:28.643: 77 test start:
2024-05-02 14:23:48.231: 77 avg_reward: 366.25
2024-05-02 14:23:48.231: 77 avg_steps: 588.8
2024-05-02 14:23:48.231: 77 epsilon: 0.1
2024-05-02 14:47:00.958: 78 test start:
2024-05-02 14:47:18.779: 78 avg_reward: 279.25
2024-05-02 14:47:18.779: 78 avg_steps: 489.0
2024-05-02 14:47:18.779: 78 epsilon: 0.1
2024-05-02 15:09:35.245: 79 test start:
2024-05-02 15:09:55.412: 79 avg_reward: 368.75
2024-05-02 15:09:55.412: 79 avg_steps: 619.05
2024-05-02 15:09:55.412: 79 epsilon: 0.1
2024-05-02 15:32:25.248: 80 test start:
2024-05-02 15:32:42.507: 80 avg_reward: 313.5
2024-05-02 15:32:42.507: 80 avg_steps: 523.0
2024-05-02 15:32:42.507: 80 epsilon: 0.1
2024-05-02 15:55:08.867: 81 test start:
2024-05-02 15:55:23.934: 81 avg_reward: 251.0
2024-05-02 15:55:23.935: 81 avg_steps: 473.5
2024-05-02 15:55:23.935: 81 epsilon: 0.1
2024-05-02 16:17:47.430: 82 test start:
2024-05-02 16:18:04.323: 82 avg_reward: 323.0
2024-05-02 16:18:04.323: 82 avg_steps: 522.5
2024-05-02 16:18:04.323: 82 epsilon: 0.1
2024-05-02 16:40:40.150: 83 test start:
2024-05-02 16:40:58.591: 83 avg_reward: 342.0
2024-05-02 16:40:58.591: 83 avg_steps: 564.05
2024-05-02 16:40:58.591: 83 epsilon: 0.1
2024-05-02 17:03:54.856: 84 test start:
2024-05-02 17:04:10.673: 84 avg_reward: 275.75
2024-05-02 17:04:10.674: 84 avg_steps: 478.65
2024-05-02 17:04:10.674: 84 epsilon: 0.1
2024-05-02 17:26:43.538: 85 test start:
2024-05-02 17:27:03.668: 85 avg_reward: 435.75
2024-05-02 17:27:03.668: 85 avg_steps: 640.3
2024-05-02 17:27:03.668: 85 epsilon: 0.1
2024-05-02 17:49:19.199: 86 test start:
2024-05-02 17:49:41.782: 86 avg_reward: 467.25
2024-05-02 17:49:41.782: 86 avg_steps: 708.85
2024-05-02 17:49:41.782: 86 epsilon: 0.1
2024-05-02 18:12:09.930: 87 test start:
2024-05-02 18:12:27.483: 87 avg_reward: 300.75
2024-05-02 18:12:27.484: 87 avg_steps: 516.5
2024-05-02 18:12:27.484: 87 epsilon: 0.1
2024-05-02 18:35:43.069: 88 test start:
2024-05-02 18:35:58.814: 88 avg_reward: 294.25
2024-05-02 18:35:58.815: 88 avg_steps: 474.75
2024-05-02 18:35:58.815: 88 epsilon: 0.1
2024-05-02 18:58:30.841: 89 test start:
2024-05-02 18:58:49.723: 89 avg_reward: 376.75
2024-05-02 18:58:49.723: 89 avg_steps: 594.6
2024-05-02 18:58:49.723: 89 epsilon: 0.1
2024-05-02 19:20:46.637: 90 test start:
2024-05-02 19:21:04.929: 90 avg_reward: 359.0
2024-05-02 19:21:04.929: 90 avg_steps: 577.75
2024-05-02 19:21:04.929: 90 epsilon: 0.1
2024-05-02 19:43:19.840: 91 test start:
2024-05-02 19:43:35.499: 91 avg_reward: 306.0
2024-05-02 19:43:35.500: 91 avg_steps: 478.15
2024-05-02 19:43:35.500: 91 epsilon: 0.1
2024-05-02 20:05:28.051: 92 test start:
2024-05-02 20:05:46.774: 92 avg_reward: 409.75
2024-05-02 20:05:46.774: 92 avg_steps: 585.15
2024-05-02 20:05:46.774: 92 epsilon: 0.1
2024-05-02 20:27:42.740: 93 test start:
2024-05-02 20:28:01.176: 93 avg_reward: 361.75
2024-05-02 20:28:01.176: 93 avg_steps: 586.1
2024-05-02 20:28:01.176: 93 epsilon: 0.1
2024-05-02 20:50:09.216: 94 test start:
2024-05-02 20:50:27.386: 94 avg_reward: 320.5
2024-05-02 20:50:27.387: 94 avg_steps: 552.8
2024-05-02 20:50:27.387: 94 epsilon: 0.1
2024-05-02 21:12:08.661: 95 test start:
2024-05-02 21:12:24.061: 95 avg_reward: 266.5
2024-05-02 21:12:24.061: 95 avg_steps: 479.8
2024-05-02 21:12:24.061: 95 epsilon: 0.1
2024-05-02 21:34:25.156: 96 test start:
2024-05-02 21:34:43.637: 96 avg_reward: 358.0
2024-05-02 21:34:43.637: 96 avg_steps: 581.95
2024-05-02 21:34:43.637: 96 epsilon: 0.1
2024-05-02 21:56:38.643: 97 test start:
2024-05-02 21:56:56.860: 97 avg_reward: 358.25
2024-05-02 21:56:56.861: 97 avg_steps: 581.9
2024-05-02 21:56:56.861: 97 epsilon: 0.1
2024-05-02 22:18:41.259: 98 test start:
2024-05-02 22:19:01.165: 98 avg_reward: 419.0
2024-05-02 22:19:01.166: 98 avg_steps: 599.3
2024-05-02 22:19:01.166: 98 epsilon: 0.1
2024-05-02 22:41:01.629: 99 test start:
2024-05-02 22:41:18.367: 99 avg_reward: 316.75
2024-05-02 22:41:18.368: 99 avg_steps: 539.8
2024-05-02 22:41:18.368: 99 epsilon: 0.1
2024-05-02 23:02:51.518: 100 test start:
2024-05-02 23:03:07.177: 100 avg_reward: 293.25
2024-05-02 23:03:07.178: 100 avg_steps: 482.25
2024-05-02 23:03:07.178: 100 epsilon: 0.1
2024-05-02 23:24:33.366: 101 test start:
2024-05-02 23:24:51.692: 101 avg_reward: 347.75
2024-05-02 23:24:51.692: 101 avg_steps: 574.9
2024-05-02 23:24:51.692: 101 epsilon: 0.1
2024-05-02 23:47:03.798: 102 test start:
2024-05-02 23:47:17.663: 102 avg_reward: 232.5
2024-05-02 23:47:17.664: 102 avg_steps: 440.7
2024-05-02 23:47:17.664: 102 epsilon: 0.1
2024-05-03 00:09:15.353: 103 test start:
2024-05-03 00:09:33.039: 103 avg_reward: 344.25
2024-05-03 00:09:33.039: 103 avg_steps: 549.4
2024-05-03 00:09:33.039: 103 epsilon: 0.1
2024-05-03 00:31:23.620: 104 test start:
2024-05-03 00:31:43.710: 104 avg_reward: 452.25
2024-05-03 00:31:43.711: 104 avg_steps: 640.8
2024-05-03 00:31:43.711: 104 epsilon: 0.1
2024-05-03 00:54:24.486: 105 test start:
2024-05-03 00:54:45.775: 105 avg_reward: 387.25
2024-05-03 00:54:45.775: 105 avg_steps: 594.0
2024-05-03 00:54:45.775: 105 epsilon: 0.1
2024-05-03 01:17:40.781: 106 test start:
2024-05-03 01:17:58.654: 106 avg_reward: 360.75
2024-05-03 01:17:58.655: 106 avg_steps: 533.2
2024-05-03 01:17:58.655: 106 epsilon: 0.1
2024-05-03 01:41:08.463: 107 test start:
2024-05-03 01:41:26.735: 107 avg_reward: 359.0
2024-05-03 01:41:26.735: 107 avg_steps: 535.0
2024-05-03 01:41:26.735: 107 epsilon: 0.1
2024-05-03 02:03:35.746: 108 test start:
2024-05-03 02:03:53.094: 108 avg_reward: 333.25
2024-05-03 02:03:53.094: 108 avg_steps: 531.5
2024-05-03 02:03:53.094: 108 epsilon: 0.1
2024-05-03 02:25:28.019: 109 test start:
2024-05-03 02:25:45.073: 109 avg_reward: 339.0
2024-05-03 02:25:45.074: 109 avg_steps: 510.1
2024-05-03 02:25:45.074: 109 epsilon: 0.1
2024-05-03 02:47:43.878: 110 test start:
2024-05-03 02:48:05.005: 110 avg_reward: 418.5
2024-05-03 02:48:05.005: 110 avg_steps: 647.6
2024-05-03 02:48:05.005: 110 epsilon: 0.1
2024-05-03 03:10:28.837: 111 test start:
2024-05-03 03:10:47.587: 111 avg_reward: 397.5
2024-05-03 03:10:47.587: 111 avg_steps: 571.9
2024-05-03 03:10:47.587: 111 epsilon: 0.1
2024-05-03 03:32:40.325: 112 test start:
2024-05-03 03:32:59.087: 112 avg_reward: 384.0
2024-05-03 03:32:59.087: 112 avg_steps: 567.2
2024-05-03 03:32:59.087: 112 epsilon: 0.1
2024-05-03 03:55:17.420: 113 test start:
2024-05-03 03:55:35.569: 113 avg_reward: 325.25
2024-05-03 03:55:35.569: 113 avg_steps: 540.4
2024-05-03 03:55:35.569: 113 epsilon: 0.1
2024-05-03 04:17:29.190: 114 test start:
2024-05-03 04:17:47.112: 114 avg_reward: 380.0
2024-05-03 04:17:47.113: 114 avg_steps: 581.75
2024-05-03 04:17:47.113: 114 epsilon: 0.1
2024-05-03 04:39:34.968: 115 test start:
2024-05-03 04:39:48.945: 115 avg_reward: 273.75
2024-05-03 04:39:48.945: 115 avg_steps: 441.65
2024-05-03 04:39:48.945: 115 epsilon: 0.1
2024-05-03 05:01:32.337: 116 test start:
2024-05-03 05:01:48.299: 116 avg_reward: 329.5
2024-05-03 05:01:48.299: 116 avg_steps: 497.1
2024-05-03 05:01:48.299: 116 epsilon: 0.1
2024-05-03 05:23:46.296: 117 test start:
2024-05-03 05:24:06.275: 117 avg_reward: 453.0
2024-05-03 05:24:06.275: 117 avg_steps: 626.55
2024-05-03 05:24:06.275: 117 epsilon: 0.1
2024-05-03 05:45:56.103: 118 test start:
2024-05-03 05:46:13.684: 118 avg_reward: 354.5
2024-05-03 05:46:13.684: 118 avg_steps: 554.9
2024-05-03 05:46:13.684: 118 epsilon: 0.1
2024-05-03 06:08:26.119: 119 test start:
2024-05-03 06:08:48.496: 119 avg_reward: 399.75
2024-05-03 06:08:48.496: 119 avg_steps: 685.85
2024-05-03 06:08:48.496: 119 epsilon: 0.1
2024-05-03 06:31:02.344: 120 test start:
2024-05-03 06:31:17.405: 120 avg_reward: 303.5
2024-05-03 06:31:17.405: 120 avg_steps: 456.6
2024-05-03 06:31:17.405: 120 epsilon: 0.1
2024-05-03 06:53:27.061: 121 test start:
2024-05-03 06:53:41.587: 121 avg_reward: 193.25
2024-05-03 06:53:41.587: 121 avg_steps: 433.1
2024-05-03 06:53:41.587: 121 epsilon: 0.1
2024-05-03 07:16:01.559: 122 test start:
2024-05-03 07:16:22.250: 122 avg_reward: 457.5
2024-05-03 07:16:22.251: 122 avg_steps: 656.1
2024-05-03 07:16:22.251: 122 epsilon: 0.1
2024-05-03 07:38:22.780: 123 test start:
2024-05-03 07:38:35.766: 123 avg_reward: 197.0
2024-05-03 07:38:35.766: 123 avg_steps: 387.4
2024-05-03 07:38:35.766: 123 epsilon: 0.1
2024-05-03 08:00:47.234: 124 test start:
2024-05-03 08:01:01.789: 124 avg_reward: 340.5
2024-05-03 08:01:01.789: 124 avg_steps: 465.75
2024-05-03 08:01:01.789: 124 epsilon: 0.1
2024-05-03 08:23:05.593: 125 test start:
2024-05-03 08:23:23.238: 125 avg_reward: 373.75
2024-05-03 08:23:23.238: 125 avg_steps: 545.65
2024-05-03 08:23:23.238: 125 epsilon: 0.1
2024-05-03 08:44:57.521: 126 test start:
2024-05-03 08:45:13.730: 126 avg_reward: 332.0
2024-05-03 08:45:13.730: 126 avg_steps: 503.2
2024-05-03 08:45:13.730: 126 epsilon: 0.1
2024-05-03 09:07:26.879: 127 test start:
2024-05-03 09:07:46.523: 127 avg_reward: 449.25
2024-05-03 09:07:46.523: 127 avg_steps: 611.7
2024-05-03 09:07:46.523: 127 epsilon: 0.1
2024-05-03 09:29:46.511: 128 test start:
2024-05-03 09:30:04.438: 128 avg_reward: 330.5
2024-05-03 09:30:04.438: 128 avg_steps: 558.5
2024-05-03 09:30:04.438: 128 epsilon: 0.1
2024-05-03 09:52:08.598: 129 test start:
2024-05-03 09:52:24.653: 129 avg_reward: 325.0
2024-05-03 09:52:24.653: 129 avg_steps: 498.9
2024-05-03 09:52:24.653: 129 epsilon: 0.1
2024-05-03 10:14:24.859: 130 test start:
2024-05-03 10:14:40.675: 130 avg_reward: 339.0
2024-05-03 10:14:40.675: 130 avg_steps: 506.25
2024-05-03 10:14:40.675: 130 epsilon: 0.1
2024-05-03 10:36:33.066: 131 test start:
2024-05-03 10:36:47.678: 131 avg_reward: 267.0
2024-05-03 10:36:47.679: 131 avg_steps: 446.85
2024-05-03 10:36:47.679: 131 epsilon: 0.1
2024-05-03 10:58:51.294: 132 test start:
2024-05-03 10:59:08.095: 132 avg_reward: 354.75
2024-05-03 10:59:08.096: 132 avg_steps: 540.85
2024-05-03 10:59:08.096: 132 epsilon: 0.1
2024-05-03 11:24:31.424: 133 test start:
2024-05-03 11:24:50.516: 133 avg_reward: 316.75
2024-05-03 11:24:50.516: 133 avg_steps: 526.8
2024-05-03 11:24:50.516: 133 epsilon: 0.1
2024-05-03 11:51:43.625: 134 test start:
2024-05-03 11:52:00.108: 134 avg_reward: 301.25
2024-05-03 11:52:00.109: 134 avg_steps: 467.95
2024-05-03 11:52:00.109: 134 epsilon: 0.1
2024-05-03 12:14:23.257: 135 test start:
2024-05-03 12:14:40.422: 135 avg_reward: 346.0
2024-05-03 12:14:40.422: 135 avg_steps: 522.15
2024-05-03 12:14:40.422: 135 epsilon: 0.1
2024-05-03 12:37:20.965: 136 test start:
2024-05-03 12:37:38.761: 136 avg_reward: 322.5
2024-05-03 12:37:38.761: 136 avg_steps: 506.4
2024-05-03 12:37:38.761: 136 epsilon: 0.1
2024-05-03 13:00:15.842: 137 test start:
2024-05-03 13:00:34.995: 137 avg_reward: 428.75
2024-05-03 13:00:34.995: 137 avg_steps: 594.35
2024-05-03 13:00:34.995: 137 epsilon: 0.1
2024-05-03 13:23:30.991: 138 test start:
2024-05-03 13:23:50.458: 138 avg_reward: 392.25
2024-05-03 13:23:50.458: 138 avg_steps: 596.6
2024-05-03 13:23:50.458: 138 epsilon: 0.1
2024-05-03 13:46:49.948: 139 test start:
2024-05-03 13:47:11.189: 139 avg_reward: 425.75
2024-05-03 13:47:11.189: 139 avg_steps: 629.3
2024-05-03 13:47:11.189: 139 epsilon: 0.1
2024-05-03 14:09:50.802: 140 test start:
2024-05-03 14:10:08.873: 140 avg_reward: 341.5
2024-05-03 14:10:08.873: 140 avg_steps: 531.3
2024-05-03 14:10:08.873: 140 epsilon: 0.1
2024-05-03 14:32:59.886: 141 test start:
2024-05-03 14:33:16.642: 141 avg_reward: 322.5
2024-05-03 14:33:16.642: 141 avg_steps: 488.3
2024-05-03 14:33:16.642: 141 epsilon: 0.1
2024-05-03 14:55:55.448: 142 test start:
2024-05-03 14:56:14.912: 142 avg_reward: 416.0
2024-05-03 14:56:14.913: 142 avg_steps: 598.15
2024-05-03 14:56:14.913: 142 epsilon: 0.1
2024-05-03 15:19:23.866: 143 test start:
2024-05-03 15:19:39.167: 143 avg_reward: 329.25
2024-05-03 15:19:39.168: 143 avg_steps: 488.35
2024-05-03 15:19:39.168: 143 epsilon: 0.1
2024-05-03 15:42:43.053: 144 test start:
2024-05-03 15:43:00.982: 144 avg_reward: 365.75
2024-05-03 15:43:00.982: 144 avg_steps: 540.55
2024-05-03 15:43:00.982: 144 epsilon: 0.1
2024-05-03 16:06:01.877: 145 test start:
2024-05-03 16:06:18.862: 145 avg_reward: 360.75
2024-05-03 16:06:18.863: 145 avg_steps: 535.2
2024-05-03 16:06:18.863: 145 epsilon: 0.1
2024-05-03 16:28:53.198: 146 test start:
2024-05-03 16:29:08.890: 146 avg_reward: 278.75
2024-05-03 16:29:08.890: 146 avg_steps: 500.95
2024-05-03 16:29:08.890: 146 epsilon: 0.1
2024-05-03 16:51:27.082: 147 test start:
2024-05-03 16:51:45.239: 147 avg_reward: 401.5
2024-05-03 16:51:45.239: 147 avg_steps: 560.9
2024-05-03 16:51:45.240: 147 epsilon: 0.1
2024-05-03 17:13:51.649: 148 test start:
2024-05-03 17:14:07.062: 148 avg_reward: 275.25
2024-05-03 17:14:07.063: 148 avg_steps: 478.65
2024-05-03 17:14:07.063: 148 epsilon: 0.1
2024-05-03 17:36:26.737: 149 test start:
2024-05-03 17:36:40.505: 149 avg_reward: 239.5
2024-05-03 17:36:40.505: 149 avg_steps: 429.2
2024-05-03 17:36:40.505: 149 epsilon: 0.1
2024-05-03 17:58:40.463: 150 test start:
2024-05-03 17:58:58.081: 150 avg_reward: 366.75
2024-05-03 17:58:58.081: 150 avg_steps: 538.55
2024-05-03 17:58:58.081: 150 epsilon: 0.1
2024-05-03 18:21:02.657: 151 test start:
2024-05-03 18:21:17.947: 151 avg_reward: 264.5
2024-05-03 18:21:17.947: 151 avg_steps: 455.85
2024-05-03 18:21:17.947: 151 epsilon: 0.1
2024-05-03 18:43:22.978: 152 test start:
2024-05-03 18:43:39.170: 152 avg_reward: 285.5
2024-05-03 18:43:39.170: 152 avg_steps: 492.8
2024-05-03 18:43:39.170: 152 epsilon: 0.1
2024-05-03 19:05:55.637: 153 test start:
2024-05-03 19:06:07.857: 153 avg_reward: 181.75
2024-05-03 19:06:07.857: 153 avg_steps: 359.1
2024-05-03 19:06:07.857: 153 epsilon: 0.1
2024-05-03 19:28:13.519: 154 test start:
2024-05-03 19:28:29.993: 154 avg_reward: 335.75
2024-05-03 19:28:29.994: 154 avg_steps: 500.1
2024-05-03 19:28:29.994: 154 epsilon: 0.1
2024-05-03 19:50:25.381: 155 test start:
2024-05-03 19:50:42.821: 155 avg_reward: 354.25
2024-05-03 19:50:42.821: 155 avg_steps: 546.75
2024-05-03 19:50:42.821: 155 epsilon: 0.1
2024-05-03 20:12:54.255: 156 test start:
2024-05-03 20:13:09.961: 156 avg_reward: 269.0
2024-05-03 20:13:09.961: 156 avg_steps: 460.8
2024-05-03 20:13:09.961: 156 epsilon: 0.1
2024-05-03 20:35:24.587: 157 test start:
2024-05-03 20:35:47.129: 157 avg_reward: 461.25
2024-05-03 20:35:47.130: 157 avg_steps: 694.7
2024-05-03 20:35:47.130: 157 epsilon: 0.1
2024-05-03 20:57:58.802: 158 test start:
2024-05-03 20:58:20.496: 158 avg_reward: 452.0
2024-05-03 20:58:20.497: 158 avg_steps: 662.85
2024-05-03 20:58:20.497: 158 epsilon: 0.1
2024-05-03 21:20:21.869: 159 test start:
2024-05-03 21:20:38.592: 159 avg_reward: 294.0
2024-05-03 21:20:38.593: 159 avg_steps: 506.7
2024-05-03 21:20:38.593: 159 epsilon: 0.1
2024-05-03 21:44:00.531: 160 test start:
2024-05-03 21:44:15.266: 160 avg_reward: 275.25
2024-05-03 21:44:15.267: 160 avg_steps: 430.8
2024-05-03 21:44:15.267: 160 epsilon: 0.1
2024-05-03 22:06:40.577: 161 test start:
2024-05-03 22:06:55.684: 161 avg_reward: 311.0
2024-05-03 22:06:55.685: 161 avg_steps: 457.85
2024-05-03 22:06:55.685: 161 epsilon: 0.1
2024-05-03 22:29:37.673: 162 test start:
2024-05-03 22:29:54.194: 162 avg_reward: 347.25
2024-05-03 22:29:54.194: 162 avg_steps: 538.4
2024-05-03 22:29:54.194: 162 epsilon: 0.1
2024-05-03 22:52:27.572: 163 test start:
2024-05-03 22:52:44.383: 163 avg_reward: 338.75
2024-05-03 22:52:44.384: 163 avg_steps: 508.6
2024-05-03 22:52:44.384: 163 epsilon: 0.1
2024-05-03 23:15:14.193: 164 test start:
2024-05-03 23:15:30.903: 164 avg_reward: 315.75
2024-05-03 23:15:30.903: 164 avg_steps: 483.25
2024-05-03 23:15:30.903: 164 epsilon: 0.1
2024-05-03 23:38:34.488: 165 test start:
2024-05-03 23:38:50.471: 165 avg_reward: 320.25
2024-05-03 23:38:50.472: 165 avg_steps: 474.75
2024-05-03 23:38:50.472: 165 epsilon: 0.1
2024-05-04 00:01:18.331: 166 test start:
2024-05-04 00:01:34.594: 166 avg_reward: 302.75
2024-05-04 00:01:34.595: 166 avg_steps: 481.1
2024-05-04 00:01:34.595: 166 epsilon: 0.1
2024-05-04 00:24:18.176: 167 test start:
2024-05-04 00:24:35.524: 167 avg_reward: 314.25
2024-05-04 00:24:35.525: 167 avg_steps: 525.7
2024-05-04 00:24:35.525: 167 epsilon: 0.1
2024-05-04 00:47:04.961: 168 test start:
2024-05-04 00:47:23.369: 168 avg_reward: 369.5
2024-05-04 00:47:23.369: 168 avg_steps: 577.9
2024-05-04 00:47:23.369: 168 epsilon: 0.1
2024-05-04 01:09:26.915: 169 test start:
2024-05-04 01:09:38.920: 169 avg_reward: 221.25
2024-05-04 01:09:38.921: 169 avg_steps: 381.75
2024-05-04 01:09:38.921: 169 epsilon: 0.1
2024-05-04 01:32:04.429: 170 test start:
2024-05-04 01:32:23.265: 170 avg_reward: 394.75
2024-05-04 01:32:23.266: 170 avg_steps: 585.5
2024-05-04 01:32:23.266: 170 epsilon: 0.1
2024-05-04 01:55:03.605: 171 test start:
2024-05-04 01:55:19.113: 171 avg_reward: 266.0
2024-05-04 01:55:19.113: 171 avg_steps: 471.2
2024-05-04 01:55:19.113: 171 epsilon: 0.1
2024-05-04 02:17:56.867: 172 test start:
2024-05-04 02:18:11.792: 172 avg_reward: 269.25
2024-05-04 02:18:11.793: 172 avg_steps: 454.25
2024-05-04 02:18:11.793: 172 epsilon: 0.1
2024-05-04 02:40:37.197: 173 test start:
2024-05-04 02:40:56.081: 173 avg_reward: 395.0
2024-05-04 02:40:56.081: 173 avg_steps: 573.2
2024-05-04 02:40:56.081: 173 epsilon: 0.1
2024-05-04 03:03:14.081: 174 test start:
2024-05-04 03:03:32.765: 174 avg_reward: 391.25
2024-05-04 03:03:32.765: 174 avg_steps: 602.15
2024-05-04 03:03:32.765: 174 epsilon: 0.1
2024-05-04 03:25:49.194: 175 test start:
2024-05-04 03:26:07.561: 175 avg_reward: 336.25
2024-05-04 03:26:07.562: 175 avg_steps: 523.95
2024-05-04 03:26:07.562: 175 epsilon: 0.1
2024-05-04 03:48:39.848: 176 test start:
2024-05-04 03:48:51.267: 176 avg_reward: 180.25
2024-05-04 03:48:51.267: 176 avg_steps: 348.0
2024-05-04 03:48:51.268: 176 epsilon: 0.1
2024-05-04 04:11:08.402: 177 test start:
2024-05-04 04:11:23.545: 177 avg_reward: 286.0
2024-05-04 04:11:23.546: 177 avg_steps: 478.4
2024-05-04 04:11:23.546: 177 epsilon: 0.1
2024-05-04 04:33:27.505: 178 test start:
2024-05-04 04:33:42.215: 178 avg_reward: 302.25
2024-05-04 04:33:42.215: 178 avg_steps: 457.15
2024-05-04 04:33:42.215: 178 epsilon: 0.1
2024-05-04 04:54:47.580: 179 test start:
2024-05-04 04:55:00.107: 179 avg_reward: 224.25
2024-05-04 04:55:00.107: 179 avg_steps: 398.15
2024-05-04 04:55:00.107: 179 epsilon: 0.1
2024-05-04 05:16:00.596: 180 test start:
2024-05-04 05:16:13.602: 180 avg_reward: 244.0
2024-05-04 05:16:13.603: 180 avg_steps: 418.25
2024-05-04 05:16:13.603: 180 epsilon: 0.1
2024-05-04 05:37:07.779: 181 test start:
2024-05-04 05:37:23.063: 181 avg_reward: 335.5
2024-05-04 05:37:23.063: 181 avg_steps: 488.9
2024-05-04 05:37:23.063: 181 epsilon: 0.1
2024-05-04 05:58:49.146: 182 test start:
2024-05-04 05:59:03.472: 182 avg_reward: 306.5
2024-05-04 05:59:03.472: 182 avg_steps: 465.4
2024-05-04 05:59:03.472: 182 epsilon: 0.1
2024-05-04 06:20:19.217: 183 test start:
2024-05-04 06:20:37.978: 183 avg_reward: 414.25
2024-05-04 06:20:37.979: 183 avg_steps: 616.95
2024-05-04 06:20:37.979: 183 epsilon: 0.1
2024-05-04 06:41:42.744: 184 test start:
2024-05-04 06:41:56.177: 184 avg_reward: 233.75
2024-05-04 06:41:56.177: 184 avg_steps: 416.4
2024-05-04 06:41:56.177: 184 epsilon: 0.1
2024-05-04 07:03:11.309: 185 test start:
2024-05-04 07:03:26.195: 185 avg_reward: 272.25
2024-05-04 07:03:26.195: 185 avg_steps: 481.7
2024-05-04 07:03:26.195: 185 epsilon: 0.1
2024-05-04 07:24:43.602: 186 test start:
2024-05-04 07:25:01.051: 186 avg_reward: 412.0
2024-05-04 07:25:01.051: 186 avg_steps: 589.8
2024-05-04 07:25:01.051: 186 epsilon: 0.1
2024-05-04 07:46:43.484: 187 test start:
2024-05-04 07:46:57.889: 187 avg_reward: 285.75
2024-05-04 07:46:57.889: 187 avg_steps: 456.7
2024-05-04 07:46:57.889: 187 epsilon: 0.1
2024-05-04 08:08:27.516: 188 test start:
2024-05-04 08:08:44.712: 188 avg_reward: 342.0
2024-05-04 08:08:44.712: 188 avg_steps: 543.3
2024-05-04 08:08:44.712: 188 epsilon: 0.1
2024-05-04 08:30:21.275: 189 test start:
2024-05-04 08:30:35.758: 189 avg_reward: 280.0
2024-05-04 08:30:35.758: 189 avg_steps: 455.1
2024-05-04 08:30:35.758: 189 epsilon: 0.1
2024-05-04 08:52:39.359: 190 test start:
2024-05-04 08:52:55.095: 190 avg_reward: 306.75
2024-05-04 08:52:55.095: 190 avg_steps: 471.35
2024-05-04 08:52:55.095: 190 epsilon: 0.1
2024-05-04 09:14:23.321: 191 test start:
2024-05-04 09:14:36.768: 191 avg_reward: 246.0
2024-05-04 09:14:36.768: 191 avg_steps: 426.5
2024-05-04 09:14:36.768: 191 epsilon: 0.1
2024-05-04 09:36:12.951: 192 test start:
2024-05-04 09:36:25.776: 192 avg_reward: 201.25
2024-05-04 09:36:25.777: 192 avg_steps: 402.2
2024-05-04 09:36:25.777: 192 epsilon: 0.1
2024-05-04 09:57:19.446: 193 test start:
2024-05-04 09:57:37.414: 193 avg_reward: 378.75
2024-05-04 09:57:37.415: 193 avg_steps: 545.3
2024-05-04 09:57:37.415: 193 epsilon: 0.1
2024-05-04 10:18:11.323: 194 test start:
2024-05-04 10:18:24.556: 194 avg_reward: 222.75
2024-05-04 10:18:24.557: 194 avg_steps: 425.85
2024-05-04 10:18:24.557: 194 epsilon: 0.1
2024-05-04 10:39:15.032: 195 test start:
2024-05-04 10:39:31.739: 195 avg_reward: 337.75
2024-05-04 10:39:31.740: 195 avg_steps: 488.6
2024-05-04 10:39:31.740: 195 epsilon: 0.1
2024-05-04 11:00:21.127: 196 test start:
2024-05-04 11:00:35.451: 196 avg_reward: 276.0
2024-05-04 11:00:35.451: 196 avg_steps: 442.65
2024-05-04 11:00:35.451: 196 epsilon: 0.1
2024-05-04 11:20:49.714: 197 test start:
2024-05-04 11:21:01.443: 197 avg_reward: 204.75
2024-05-04 11:21:01.443: 197 avg_steps: 384.05
2024-05-04 11:21:01.443: 197 epsilon: 0.1
2024-05-04 11:41:25.120: 198 test start:
2024-05-04 11:41:39.969: 198 avg_reward: 319.25
2024-05-04 11:41:39.970: 198 avg_steps: 494.75
2024-05-04 11:41:39.970: 198 epsilon: 0.1
2024-05-04 12:02:18.303: 199 test start:
2024-05-04 12:02:31.912: 199 avg_reward: 302.25
2024-05-04 12:02:31.913: 199 avg_steps: 469.95
2024-05-04 12:02:31.913: 199 epsilon: 0.1
2024-05-04 12:23:29.446: 200 test start:
2024-05-04 12:23:46.786: 200 avg_reward: 349.0
2024-05-04 12:23:46.787: 200 avg_steps: 575.05
2024-05-04 12:23:46.787: 200 epsilon: 0.1
2024-05-04 12:44:16.090: 201 test start:
2024-05-04 12:44:32.929: 201 avg_reward: 368.0
2024-05-04 12:44:32.929: 201 avg_steps: 553.4
2024-05-04 12:44:32.930: 201 epsilon: 0.1
