2024-10-11 16:47:44.671: 
parameters:agent_test_episodes: 20
batch_num_per_epoch: 250000
device: cuda:0
env_name: ALE/Asterix-v5
epsilon_for_test: 0.05
epsilon_max: 1.0
epsilon_min: 0.1
exp_name: ALE-Asterix-v5_2024-10-11-16-47-44
exp_path: ../exps/dqn/
exploration_steps: 1000000
gamma: 0.99
held_out_states_num: 1000
learning_rate: 0.00025
mini_batch_size: 32
model_update_freq: 4
n_times: 5
no_op_max: 30
phi_channel: 4
replay_buffer_size: 1000000
replay_start_size: 50000
save_model: true
screen_size: 84
seed: 0
skip_k_frame: 4
step_c: 10000
training_steps: 50000000

2024-10-11 16:47:44.772: env id: ALE/Asterix-v5 |repeat_action_probability: 0 
2024-10-11 16:47:44.772: screen_size: 84 | grayscale_obs:True 
scale_obs:False | action space size: 9
remove flickering: True | frame skip: 4
state space shape: (210, 160, 3) 
2024-10-11 16:47:45.061: optimizer: RMSprop (
Parameter Group 0
    alpha: 0.95
    centered: False
    differentiable: False
    eps: 0.01
    foreach: None
    lr: 0.00025
    maximize: False
    momentum: 0
    weight_decay: 0
)
2024-10-11 16:56:47.201: 1 test start:
2024-10-11 16:56:53.864: 1 avg_reward: 328.0
2024-10-11 16:56:53.865: 1 avg_steps: 351.25
2024-10-11 16:56:53.865: 1 epsilon: 0.8198785
2024-10-11 16:56:53.865: 1 q: 0.18931504
2024-10-11 17:07:12.600: 2 test start:
2024-10-11 17:07:19.049: 2 avg_reward: 388.0
2024-10-11 17:07:19.050: 2 avg_steps: 338.05
2024-10-11 17:07:19.050: 2 epsilon: 0.5949793
2024-10-11 17:07:19.050: 2 q: 0.40179735
2024-10-11 17:17:01.500: 3 test start:
2024-10-11 17:17:06.185: 3 avg_reward: 345.5
2024-10-11 17:17:06.186: 3 avg_steps: 243.05
2024-10-11 17:17:06.186: 3 epsilon: 0.369919
2024-10-11 17:17:06.186: 3 q: 0.5650553
2024-10-11 18:04:59.681: 4 test start:
2024-10-11 18:05:04.256: 4 avg_reward: 333.0
2024-10-11 18:05:04.257: 4 avg_steps: 238.4
2024-10-11 18:05:04.257: 4 epsilon: 0.1449360999999999
2024-10-11 18:05:04.266: 4 q: 0.7050306
2024-10-11 18:15:26.271: 5 test start:
2024-10-11 18:15:33.150: 5 avg_reward: 563.0
2024-10-11 18:15:33.150: 5 avg_steps: 356.1
2024-10-11 18:15:33.150: 5 epsilon: 0.1
2024-10-11 18:15:33.150: 5 q: 0.95457476
2024-10-11 18:25:58.605: 6 test start:
2024-10-11 18:26:04.777: 6 avg_reward: 658.0
2024-10-11 18:26:04.777: 6 avg_steps: 327.85
2024-10-11 18:26:04.777: 6 epsilon: 0.1
2024-10-11 18:26:04.778: 6 q: 1.0966135
2024-10-11 18:36:23.774: 7 test start:
2024-10-11 18:36:30.755: 7 avg_reward: 820.5
2024-10-11 18:36:30.755: 7 avg_steps: 365.15
2024-10-11 18:36:30.755: 7 epsilon: 0.1
2024-10-11 18:36:30.755: 7 q: 1.3255905
2024-10-11 18:46:49.886: 8 test start:
2024-10-11 18:46:56.216: 8 avg_reward: 688.0
2024-10-11 18:46:56.216: 8 avg_steps: 329.35
2024-10-11 18:46:56.216: 8 epsilon: 0.1
2024-10-11 18:46:56.216: 8 q: 1.323792
2024-10-11 18:57:20.910: 9 test start:
2024-10-11 18:57:30.006: 9 avg_reward: 1290.5
2024-10-11 18:57:30.007: 9 avg_steps: 479.6
2024-10-11 18:57:30.007: 9 epsilon: 0.1
2024-10-11 18:57:30.007: 9 q: 1.7046542
2024-10-11 19:07:53.852: 10 test start:
2024-10-11 19:08:04.205: 10 avg_reward: 1418.0
2024-10-11 19:08:04.205: 10 avg_steps: 548.75
2024-10-11 19:08:04.205: 10 epsilon: 0.1
2024-10-11 19:08:04.205: 10 q: 1.9990938
2024-10-11 19:18:24.025: 11 test start:
2024-10-11 19:18:35.508: 11 avg_reward: 1670.5
2024-10-11 19:18:35.508: 11 avg_steps: 599.0
2024-10-11 19:18:35.508: 11 epsilon: 0.1
2024-10-11 19:18:35.508: 11 q: 2.3430676
2024-10-11 19:28:55.778: 12 test start:
2024-10-11 19:29:06.188: 12 avg_reward: 1480.5
2024-10-11 19:29:06.188: 12 avg_steps: 560.25
2024-10-11 19:29:06.188: 12 epsilon: 0.1
2024-10-11 19:29:06.189: 12 q: 2.4298325
2024-10-11 19:39:28.699: 13 test start:
2024-10-11 19:39:45.617: 13 avg_reward: 2363.0
2024-10-11 19:39:45.617: 13 avg_steps: 899.35
2024-10-11 19:39:45.617: 13 epsilon: 0.1
2024-10-11 19:39:45.617: 13 q: 2.7479103
2024-10-11 19:50:05.800: 14 test start:
2024-10-11 19:50:21.062: 14 avg_reward: 2143.0
2024-10-11 19:50:21.062: 14 avg_steps: 806.7
2024-10-11 19:50:21.062: 14 epsilon: 0.1
2024-10-11 19:50:21.062: 14 q: 2.9383075
2024-10-11 20:00:41.122: 15 test start:
2024-10-11 20:00:56.772: 15 avg_reward: 2228.0
2024-10-11 20:00:56.773: 15 avg_steps: 822.6
2024-10-11 20:00:56.773: 15 epsilon: 0.1
2024-10-11 20:00:56.773: 15 q: 3.1575258
2024-10-11 20:11:19.308: 16 test start:
2024-10-11 20:11:32.232: 16 avg_reward: 1833.0
2024-10-11 20:11:32.232: 16 avg_steps: 683.45
2024-10-11 20:11:32.233: 16 epsilon: 0.1
2024-10-11 20:11:32.233: 16 q: 3.3683243
2024-10-11 20:21:53.926: 17 test start:
2024-10-11 20:22:03.995: 17 avg_reward: 1450.5
2024-10-11 20:22:03.995: 17 avg_steps: 536.65
2024-10-11 20:22:03.995: 17 epsilon: 0.1
2024-10-11 20:22:03.995: 17 q: 3.5201
2024-10-11 20:32:24.507: 18 test start:
2024-10-11 20:32:35.181: 18 avg_reward: 1555.5
2024-10-11 20:32:35.182: 18 avg_steps: 563.25
2024-10-11 20:32:35.182: 18 epsilon: 0.1
2024-10-11 20:32:35.182: 18 q: 3.567245
2024-10-11 20:42:52.945: 19 test start:
2024-10-11 20:43:05.237: 19 avg_reward: 1948.0
2024-10-11 20:43:05.237: 19 avg_steps: 662.1
2024-10-11 20:43:05.237: 19 epsilon: 0.1
2024-10-11 20:43:05.237: 19 q: 3.6761403
2024-10-11 20:53:31.968: 20 test start:
2024-10-11 20:53:43.435: 20 avg_reward: 1550.5
2024-10-11 20:53:43.436: 20 avg_steps: 602.8
2024-10-11 20:53:43.436: 20 epsilon: 0.1
2024-10-11 20:53:43.436: 20 q: 3.745119
2024-10-11 21:04:17.442: 21 test start:
2024-10-11 21:04:26.531: 21 avg_reward: 1183.0
2024-10-11 21:04:26.531: 21 avg_steps: 483.1
2024-10-11 21:04:26.532: 21 epsilon: 0.1
2024-10-11 21:04:26.532: 21 q: 3.7982647
2024-10-11 21:14:44.852: 22 test start:
2024-10-11 21:14:57.198: 22 avg_reward: 1770.5
2024-10-11 21:14:57.198: 22 avg_steps: 649.45
2024-10-11 21:14:57.198: 22 epsilon: 0.1
2024-10-11 21:14:57.198: 22 q: 3.879334
2024-10-11 21:25:16.630: 23 test start:
2024-10-11 21:25:27.197: 23 avg_reward: 1448.0
2024-10-11 21:25:27.197: 23 avg_steps: 559.4
2024-10-11 21:25:27.197: 23 epsilon: 0.1
2024-10-11 21:25:27.197: 23 q: 3.9390287
2024-10-11 21:35:43.569: 24 test start:
2024-10-11 21:35:52.226: 24 avg_reward: 1248.0
2024-10-11 21:35:52.226: 24 avg_steps: 459.1
2024-10-11 21:35:52.226: 24 epsilon: 0.1
2024-10-11 21:35:52.226: 24 q: 4.038176
2024-10-11 21:46:10.370: 25 test start:
2024-10-11 21:46:20.650: 25 avg_reward: 1505.5
2024-10-11 21:46:20.650: 25 avg_steps: 568.7
2024-10-11 21:46:20.651: 25 epsilon: 0.1
2024-10-11 21:46:20.651: 25 q: 4.1130652
2024-10-11 21:56:39.352: 26 test start:
2024-10-11 21:56:52.033: 26 avg_reward: 1918.0
2024-10-11 21:56:52.033: 26 avg_steps: 673.6
2024-10-11 21:56:52.033: 26 epsilon: 0.1
2024-10-11 21:56:52.033: 26 q: 4.120839
2024-10-11 22:07:09.918: 27 test start:
2024-10-11 22:07:21.585: 27 avg_reward: 1758.0
2024-10-11 22:07:21.586: 27 avg_steps: 621.65
2024-10-11 22:07:21.586: 27 epsilon: 0.1
2024-10-11 22:07:21.586: 27 q: 4.197543
2024-10-11 22:17:37.702: 28 test start:
2024-10-11 22:17:47.687: 28 avg_reward: 1408.0
2024-10-11 22:17:47.687: 28 avg_steps: 529.15
2024-10-11 22:17:47.687: 28 epsilon: 0.1
2024-10-11 22:17:47.687: 28 q: 4.110671
2024-10-11 22:28:02.386: 29 test start:
2024-10-11 22:28:16.636: 29 avg_reward: 2123.0
2024-10-11 22:28:16.636: 29 avg_steps: 755.5
2024-10-11 22:28:16.636: 29 epsilon: 0.1
2024-10-11 22:28:16.636: 29 q: 4.285615
2024-10-11 22:38:32.133: 30 test start:
2024-10-11 22:38:41.307: 30 avg_reward: 1210.5
2024-10-11 22:38:41.307: 30 avg_steps: 486.75
2024-10-11 22:38:41.308: 30 epsilon: 0.1
2024-10-11 22:38:41.308: 30 q: 4.4506073
2024-10-11 22:48:57.876: 31 test start:
2024-10-11 22:49:08.098: 31 avg_reward: 1495.5
2024-10-11 22:49:08.098: 31 avg_steps: 544.65
2024-10-11 22:49:08.099: 31 epsilon: 0.1
2024-10-11 22:49:08.099: 31 q: 4.4561234
2024-10-11 22:59:23.909: 32 test start:
2024-10-11 22:59:34.562: 32 avg_reward: 1498.0
2024-10-11 22:59:34.562: 32 avg_steps: 563.5
2024-10-11 22:59:34.562: 32 epsilon: 0.1
2024-10-11 22:59:34.562: 32 q: 4.548129
2024-10-11 23:09:48.440: 33 test start:
2024-10-11 23:10:01.486: 33 avg_reward: 2023.0
2024-10-11 23:10:01.486: 33 avg_steps: 706.2
2024-10-11 23:10:01.486: 33 epsilon: 0.1
2024-10-11 23:10:01.486: 33 q: 4.629637
2024-10-11 23:20:19.071: 34 test start:
2024-10-11 23:20:33.953: 34 avg_reward: 2210.5
2024-10-11 23:20:33.954: 34 avg_steps: 807.9
2024-10-11 23:20:33.954: 34 epsilon: 0.1
2024-10-11 23:20:33.954: 34 q: 4.7507243
2024-10-11 23:30:49.684: 35 test start:
2024-10-11 23:31:02.909: 35 avg_reward: 1915.5
2024-10-11 23:31:02.909: 35 avg_steps: 701.8
2024-10-11 23:31:02.909: 35 epsilon: 0.1
2024-10-11 23:31:02.909: 35 q: 4.8219085
2024-10-11 23:41:25.104: 36 test start:
2024-10-11 23:41:34.881: 36 avg_reward: 1510.5
2024-10-11 23:41:34.881: 36 avg_steps: 547.9
2024-10-11 23:41:34.881: 36 epsilon: 0.1
2024-10-11 23:41:34.881: 36 q: 5.0508475
2024-10-11 23:51:50.684: 37 test start:
2024-10-11 23:52:03.410: 37 avg_reward: 2008.0
2024-10-11 23:52:03.410: 37 avg_steps: 695.95
2024-10-11 23:52:03.410: 37 epsilon: 0.1
2024-10-11 23:52:03.411: 37 q: 5.1461554
2024-10-12 00:02:19.577: 38 test start:
2024-10-12 00:02:28.862: 38 avg_reward: 1415.5
2024-10-12 00:02:28.862: 38 avg_steps: 505.35
2024-10-12 00:02:28.862: 38 epsilon: 0.1
2024-10-12 00:02:28.862: 38 q: 5.1800566
2024-10-12 00:12:42.767: 39 test start:
2024-10-12 00:12:56.029: 39 avg_reward: 2105.5
2024-10-12 00:12:56.030: 39 avg_steps: 707.35
2024-10-12 00:12:56.030: 39 epsilon: 0.1
2024-10-12 00:12:56.030: 39 q: 5.2834783
2024-10-12 00:23:10.408: 40 test start:
2024-10-12 00:23:20.329: 40 avg_reward: 1528.0
2024-10-12 00:23:20.330: 40 avg_steps: 523.9
2024-10-12 00:23:20.330: 40 epsilon: 0.1
2024-10-12 00:23:20.330: 40 q: 5.354705
2024-10-12 00:33:33.432: 41 test start:
2024-10-12 00:33:43.981: 41 avg_reward: 1595.5
2024-10-12 00:33:43.981: 41 avg_steps: 572.75
2024-10-12 00:33:43.982: 41 epsilon: 0.1
2024-10-12 00:33:43.982: 41 q: 5.461018
2024-10-12 00:43:58.701: 42 test start:
2024-10-12 00:44:08.432: 42 avg_reward: 1548.0
2024-10-12 00:44:08.433: 42 avg_steps: 518.3
2024-10-12 00:44:08.433: 42 epsilon: 0.1
2024-10-12 00:44:08.433: 42 q: 5.6046844
2024-10-12 00:54:22.032: 43 test start:
2024-10-12 00:54:31.708: 43 avg_reward: 1480.5
2024-10-12 00:54:31.708: 43 avg_steps: 511.25
2024-10-12 00:54:31.708: 43 epsilon: 0.1
2024-10-12 00:54:31.708: 43 q: 5.572722
2024-10-12 01:04:43.839: 44 test start:
2024-10-12 01:04:52.782: 44 avg_reward: 1333.0
2024-10-12 01:04:52.782: 44 avg_steps: 474.35
2024-10-12 01:04:52.782: 44 epsilon: 0.1
2024-10-12 01:04:52.782: 44 q: 5.6144648
2024-10-12 01:15:06.348: 45 test start:
2024-10-12 01:15:15.067: 45 avg_reward: 1423.0
2024-10-12 01:15:15.067: 45 avg_steps: 463.05
2024-10-12 01:15:15.067: 45 epsilon: 0.1
2024-10-12 01:15:15.067: 45 q: 5.6999874
2024-10-12 01:25:27.439: 46 test start:
2024-10-12 01:25:36.027: 46 avg_reward: 1390.5
2024-10-12 01:25:36.027: 46 avg_steps: 459.5
2024-10-12 01:25:36.027: 46 epsilon: 0.1
2024-10-12 01:25:36.027: 46 q: 5.725461
2024-10-12 01:35:52.019: 47 test start:
2024-10-12 01:35:59.862: 47 avg_reward: 1130.5
2024-10-12 01:35:59.863: 47 avg_steps: 419.7
2024-10-12 01:35:59.863: 47 epsilon: 0.1
2024-10-12 01:35:59.863: 47 q: 5.7273397
2024-10-12 01:46:13.326: 48 test start:
2024-10-12 01:46:21.297: 48 avg_reward: 1115.5
2024-10-12 01:46:21.297: 48 avg_steps: 426.3
2024-10-12 01:46:21.297: 48 epsilon: 0.1
2024-10-12 01:46:21.297: 48 q: 5.7596474
2024-10-12 01:56:33.476: 49 test start:
2024-10-12 01:56:43.652: 49 avg_reward: 1668.0
2024-10-12 01:56:43.652: 49 avg_steps: 545.25
2024-10-12 01:56:43.652: 49 epsilon: 0.1
2024-10-12 01:56:43.652: 49 q: 5.7022896
2024-10-12 02:06:52.229: 50 test start:
2024-10-12 02:07:00.769: 50 avg_reward: 1400.5
2024-10-12 02:07:00.769: 50 avg_steps: 455.2
2024-10-12 02:07:00.769: 50 epsilon: 0.1
2024-10-12 02:07:00.769: 50 q: 5.823791
2024-10-12 02:17:11.353: 51 test start:
2024-10-12 02:17:19.201: 51 avg_reward: 1113.0
2024-10-12 02:17:19.201: 51 avg_steps: 426.75
2024-10-12 02:17:19.201: 51 epsilon: 0.1
2024-10-12 02:17:19.201: 51 q: 5.776774
2024-10-12 02:27:30.280: 52 test start:
2024-10-12 02:27:40.384: 52 avg_reward: 1773.0
2024-10-12 02:27:40.384: 52 avg_steps: 553.5
2024-10-12 02:27:40.384: 52 epsilon: 0.1
2024-10-12 02:27:40.384: 52 q: 5.795757
2024-10-12 02:37:58.010: 53 test start:
2024-10-12 02:38:06.050: 53 avg_reward: 1058.0
2024-10-12 02:38:06.051: 53 avg_steps: 426.6
2024-10-12 02:38:06.051: 53 epsilon: 0.1
2024-10-12 02:38:06.051: 53 q: 5.919125
2024-10-12 02:48:19.964: 54 test start:
2024-10-12 02:48:29.778: 54 avg_reward: 1603.0
2024-10-12 02:48:29.778: 54 avg_steps: 521.8
2024-10-12 02:48:29.778: 54 epsilon: 0.1
2024-10-12 02:48:29.778: 54 q: 6.0398436
2024-10-12 02:58:43.801: 55 test start:
2024-10-12 02:58:53.129: 55 avg_reward: 1403.0
2024-10-12 02:58:53.129: 55 avg_steps: 491.55
2024-10-12 02:58:53.129: 55 epsilon: 0.1
2024-10-12 02:58:53.129: 55 q: 6.017311
2024-10-12 03:09:07.646: 56 test start:
2024-10-12 03:09:18.271: 56 avg_reward: 1618.0
2024-10-12 03:09:18.271: 56 avg_steps: 568.85
2024-10-12 03:09:18.271: 56 epsilon: 0.1
2024-10-12 03:09:18.271: 56 q: 6.098156
2024-10-12 03:19:36.520: 57 test start:
2024-10-12 03:19:46.252: 57 avg_reward: 1583.0
2024-10-12 03:19:46.252: 57 avg_steps: 527.15
2024-10-12 03:19:46.252: 57 epsilon: 0.1
2024-10-12 03:19:46.252: 57 q: 6.4050503
2024-10-12 03:30:00.441: 58 test start:
2024-10-12 03:30:09.812: 58 avg_reward: 1553.0
2024-10-12 03:30:09.812: 58 avg_steps: 495.65
2024-10-12 03:30:09.812: 58 epsilon: 0.1
2024-10-12 03:30:09.812: 58 q: 6.554493
2024-10-12 03:40:23.044: 59 test start:
2024-10-12 03:40:33.556: 59 avg_reward: 1740.5
2024-10-12 03:40:33.556: 59 avg_steps: 559.7
2024-10-12 03:40:33.556: 59 epsilon: 0.1
2024-10-12 03:40:33.556: 59 q: 6.502009
2024-10-12 03:50:46.190: 60 test start:
2024-10-12 03:50:54.796: 60 avg_reward: 1333.0
2024-10-12 03:50:54.796: 60 avg_steps: 467.85
2024-10-12 03:50:54.796: 60 epsilon: 0.1
2024-10-12 03:50:54.796: 60 q: 6.609582
2024-10-12 04:01:06.459: 61 test start:
2024-10-12 04:01:15.482: 61 avg_reward: 1438.0
2024-10-12 04:01:15.482: 61 avg_steps: 475.85
2024-10-12 04:01:15.482: 61 epsilon: 0.1
2024-10-12 04:01:15.482: 61 q: 6.535132
2024-10-12 04:11:27.671: 62 test start:
2024-10-12 04:11:36.345: 62 avg_reward: 1320.5
2024-10-12 04:11:36.345: 62 avg_steps: 458.05
2024-10-12 04:11:36.345: 62 epsilon: 0.1
2024-10-12 04:11:36.345: 62 q: 6.5999756
2024-10-12 04:21:50.467: 63 test start:
2024-10-12 04:21:56.794: 63 avg_reward: 790.5
2024-10-12 04:21:56.794: 63 avg_steps: 341.05
2024-10-12 04:21:56.794: 63 epsilon: 0.1
2024-10-12 04:21:56.794: 63 q: 6.713484
2024-10-12 04:32:10.121: 64 test start:
2024-10-12 04:32:20.966: 64 avg_reward: 1805.5
2024-10-12 04:32:20.966: 64 avg_steps: 571.6
2024-10-12 04:32:20.966: 64 epsilon: 0.1
2024-10-12 04:32:20.966: 64 q: 6.757788
2024-10-12 04:42:33.892: 65 test start:
2024-10-12 04:42:42.952: 65 avg_reward: 1548.0
2024-10-12 04:42:42.952: 65 avg_steps: 481.85
2024-10-12 04:42:42.952: 65 epsilon: 0.1
2024-10-12 04:42:42.952: 65 q: 6.6984577
2024-10-12 04:52:53.444: 66 test start:
2024-10-12 04:53:01.856: 66 avg_reward: 1200.5
2024-10-12 04:53:01.856: 66 avg_steps: 444.95
2024-10-12 04:53:01.856: 66 epsilon: 0.1
2024-10-12 04:53:01.856: 66 q: 6.692365
2024-10-12 05:03:15.280: 67 test start:
2024-10-12 05:03:24.046: 67 avg_reward: 1373.0
2024-10-12 05:03:24.046: 67 avg_steps: 483.6
2024-10-12 05:03:24.046: 67 epsilon: 0.1
2024-10-12 05:03:24.046: 67 q: 6.783068
2024-10-12 05:13:39.115: 68 test start:
2024-10-12 05:13:50.361: 68 avg_reward: 1788.0
2024-10-12 05:13:50.361: 68 avg_steps: 595.45
2024-10-12 05:13:50.361: 68 epsilon: 0.1
2024-10-12 05:13:50.361: 68 q: 6.9682136
2024-10-12 05:24:01.306: 69 test start:
2024-10-12 05:24:10.611: 69 avg_reward: 1368.0
2024-10-12 05:24:10.611: 69 avg_steps: 495.45
2024-10-12 05:24:10.611: 69 epsilon: 0.1
2024-10-12 05:24:10.611: 69 q: 7.052415
2024-10-12 05:34:23.715: 70 test start:
2024-10-12 05:34:33.032: 70 avg_reward: 1470.5
2024-10-12 05:34:33.032: 70 avg_steps: 493.6
2024-10-12 05:34:33.032: 70 epsilon: 0.1
2024-10-12 05:34:33.032: 70 q: 7.0192966
2024-10-12 05:44:44.814: 71 test start:
2024-10-12 05:44:53.759: 71 avg_reward: 1375.5
2024-10-12 05:44:53.759: 71 avg_steps: 476.95
2024-10-12 05:44:53.759: 71 epsilon: 0.1
2024-10-12 05:44:53.759: 71 q: 7.0389524
2024-10-12 05:55:07.723: 72 test start:
2024-10-12 05:55:17.316: 72 avg_reward: 1493.0
2024-10-12 05:55:17.316: 72 avg_steps: 502.1
2024-10-12 05:55:17.316: 72 epsilon: 0.1
2024-10-12 05:55:17.316: 72 q: 7.02953
2024-10-12 06:05:28.825: 73 test start:
2024-10-12 06:05:38.615: 73 avg_reward: 1603.0
2024-10-12 06:05:38.615: 73 avg_steps: 513.05
2024-10-12 06:05:38.615: 73 epsilon: 0.1
2024-10-12 06:05:38.615: 73 q: 7.034069
2024-10-12 06:15:55.819: 74 test start:
2024-10-12 06:16:05.753: 74 avg_reward: 1600.5
2024-10-12 06:16:05.754: 74 avg_steps: 544.45
2024-10-12 06:16:05.754: 74 epsilon: 0.1
2024-10-12 06:16:05.754: 74 q: 7.0449433
2024-10-12 06:26:20.812: 75 test start:
2024-10-12 06:26:30.847: 75 avg_reward: 1715.5
2024-10-12 06:26:30.848: 75 avg_steps: 538.35
2024-10-12 06:26:30.848: 75 epsilon: 0.1
2024-10-12 06:26:30.848: 75 q: 7.1463947
2024-10-12 06:36:43.801: 76 test start:
2024-10-12 06:36:52.786: 76 avg_reward: 1475.5
2024-10-12 06:36:52.786: 76 avg_steps: 478.75
2024-10-12 06:36:52.786: 76 epsilon: 0.1
2024-10-12 06:36:52.786: 76 q: 7.1326313
2024-10-12 06:47:07.924: 77 test start:
2024-10-12 06:47:16.948: 77 avg_reward: 1548.0
2024-10-12 06:47:16.949: 77 avg_steps: 509.05
2024-10-12 06:47:16.949: 77 epsilon: 0.1
2024-10-12 06:47:16.949: 77 q: 7.327605
2024-10-12 06:57:39.780: 78 test start:
2024-10-12 06:57:48.937: 78 avg_reward: 1418.0
2024-10-12 06:57:48.938: 78 avg_steps: 495.6
2024-10-12 06:57:48.938: 78 epsilon: 0.1
2024-10-12 06:57:48.938: 78 q: 7.230097
2024-10-12 07:08:05.814: 79 test start:
2024-10-12 07:08:13.935: 79 avg_reward: 1153.0
2024-10-12 07:08:13.936: 79 avg_steps: 429.9
2024-10-12 07:08:13.936: 79 epsilon: 0.1
2024-10-12 07:08:13.936: 79 q: 7.1695538
2024-10-12 07:18:28.433: 80 test start:
2024-10-12 07:18:36.843: 80 avg_reward: 1370.5
2024-10-12 07:18:36.843: 80 avg_steps: 447.35
2024-10-12 07:18:36.843: 80 epsilon: 0.1
2024-10-12 07:18:36.843: 80 q: 7.192682
2024-10-12 07:28:51.067: 81 test start:
2024-10-12 07:29:01.509: 81 avg_reward: 1633.0
2024-10-12 07:29:01.509: 81 avg_steps: 552.5
2024-10-12 07:29:01.509: 81 epsilon: 0.1
2024-10-12 07:29:01.509: 81 q: 7.1943455
2024-10-12 07:39:13.989: 82 test start:
2024-10-12 07:39:23.172: 82 avg_reward: 1428.0
2024-10-12 07:39:23.172: 82 avg_steps: 484.95
2024-10-12 07:39:23.172: 82 epsilon: 0.1
2024-10-12 07:39:23.172: 82 q: 7.126137
2024-10-12 07:49:38.604: 83 test start:
2024-10-12 07:49:48.033: 83 avg_reward: 1405.5
2024-10-12 07:49:48.034: 83 avg_steps: 519.05
2024-10-12 07:49:48.034: 83 epsilon: 0.1
2024-10-12 07:49:48.034: 83 q: 7.129213
2024-10-12 08:00:03.091: 84 test start:
2024-10-12 08:00:12.539: 84 avg_reward: 1493.0
2024-10-12 08:00:12.540: 84 avg_steps: 504.4
2024-10-12 08:00:12.540: 84 epsilon: 0.1
2024-10-12 08:00:12.540: 84 q: 7.1529574
2024-10-12 08:10:23.964: 85 test start:
2024-10-12 08:10:33.052: 85 avg_reward: 1510.5
2024-10-12 08:10:33.052: 85 avg_steps: 486.0
2024-10-12 08:10:33.052: 85 epsilon: 0.1
2024-10-12 08:10:33.052: 85 q: 7.1744776
2024-10-12 08:20:45.460: 86 test start:
2024-10-12 08:20:53.262: 86 avg_reward: 953.0
2024-10-12 08:20:53.263: 86 avg_steps: 418.7
2024-10-12 08:20:53.263: 86 epsilon: 0.1
2024-10-12 08:20:53.263: 86 q: 7.1460333
2024-10-12 08:31:05.865: 87 test start:
2024-10-12 08:31:15.766: 87 avg_reward: 1465.5
2024-10-12 08:31:15.767: 87 avg_steps: 519.4
2024-10-12 08:31:15.767: 87 epsilon: 0.1
2024-10-12 08:31:15.767: 87 q: 7.2413673
2024-10-12 08:41:34.914: 88 test start:
2024-10-12 08:41:43.660: 88 avg_reward: 1323.0
2024-10-12 08:41:43.660: 88 avg_steps: 482.05
2024-10-12 08:41:43.660: 88 epsilon: 0.1
2024-10-12 08:41:43.660: 88 q: 7.2306485
2024-10-12 08:52:02.395: 89 test start:
2024-10-12 08:52:10.035: 89 avg_reward: 905.5
2024-10-12 08:52:10.035: 89 avg_steps: 407.95
2024-10-12 08:52:10.035: 89 epsilon: 0.1
2024-10-12 08:52:10.035: 89 q: 7.230481
2024-10-12 09:02:25.199: 90 test start:
2024-10-12 09:02:34.309: 90 avg_reward: 1523.0
2024-10-12 09:02:34.309: 90 avg_steps: 486.95
2024-10-12 09:02:34.309: 90 epsilon: 0.1
2024-10-12 09:02:34.309: 90 q: 7.1936603
2024-10-12 09:12:51.377: 91 test start:
2024-10-12 09:13:01.272: 91 avg_reward: 1498.0
2024-10-12 09:13:01.272: 91 avg_steps: 528.3
2024-10-12 09:13:01.272: 91 epsilon: 0.1
2024-10-12 09:13:01.272: 91 q: 7.2110744
2024-10-12 09:23:15.130: 92 test start:
2024-10-12 09:23:26.826: 92 avg_reward: 1843.0
2024-10-12 09:23:26.826: 92 avg_steps: 619.3
2024-10-12 09:23:26.826: 92 epsilon: 0.1
2024-10-12 09:23:26.826: 92 q: 7.23512
2024-10-12 09:33:45.521: 93 test start:
2024-10-12 09:33:54.972: 93 avg_reward: 1500.5
2024-10-12 09:33:54.972: 93 avg_steps: 519.4
2024-10-12 09:33:54.972: 93 epsilon: 0.1
2024-10-12 09:33:54.972: 93 q: 7.230052
2024-10-12 09:44:15.474: 94 test start:
2024-10-12 09:44:24.548: 94 avg_reward: 1555.5
2024-10-12 09:44:24.548: 94 avg_steps: 491.65
2024-10-12 09:44:24.548: 94 epsilon: 0.1
2024-10-12 09:44:24.548: 94 q: 7.2710657
2024-10-12 09:54:40.623: 95 test start:
2024-10-12 09:54:49.561: 95 avg_reward: 1280.5
2024-10-12 09:54:49.561: 95 avg_steps: 472.55
2024-10-12 09:54:49.561: 95 epsilon: 0.1
2024-10-12 09:54:49.561: 95 q: 7.240046
2024-10-12 10:05:09.792: 96 test start:
2024-10-12 10:05:19.338: 96 avg_reward: 1688.0
2024-10-12 10:05:19.338: 96 avg_steps: 526.05
2024-10-12 10:05:19.338: 96 epsilon: 0.1
2024-10-12 10:05:19.338: 96 q: 7.1862807
2024-10-12 10:15:30.469: 97 test start:
2024-10-12 10:15:40.767: 97 avg_reward: 1825.5
2024-10-12 10:15:40.768: 97 avg_steps: 571.95
2024-10-12 10:15:40.768: 97 epsilon: 0.1
2024-10-12 10:15:40.768: 97 q: 7.253566
2024-10-12 10:25:32.875: 98 test start:
2024-10-12 10:25:42.865: 98 avg_reward: 1635.5
2024-10-12 10:25:42.865: 98 avg_steps: 557.55
2024-10-12 10:25:42.865: 98 epsilon: 0.1
2024-10-12 10:25:42.865: 98 q: 7.3515334
2024-10-12 10:35:57.792: 99 test start:
2024-10-12 10:36:08.011: 99 avg_reward: 1730.5
2024-10-12 10:36:08.011: 99 avg_steps: 570.45
2024-10-12 10:36:08.011: 99 epsilon: 0.1
2024-10-12 10:36:08.011: 99 q: 7.4251027
2024-10-12 10:46:26.596: 100 test start:
2024-10-12 10:46:35.757: 100 avg_reward: 1460.5
2024-10-12 10:46:35.757: 100 avg_steps: 488.15
2024-10-12 10:46:35.757: 100 epsilon: 0.1
2024-10-12 10:46:35.757: 100 q: 7.4428916
2024-10-12 10:56:54.184: 101 test start:
2024-10-12 10:57:03.667: 101 avg_reward: 1545.5
2024-10-12 10:57:03.667: 101 avg_steps: 524.2
2024-10-12 10:57:03.668: 101 epsilon: 0.1
2024-10-12 10:57:03.668: 101 q: 7.447991
2024-10-12 11:06:47.712: 102 test start:
2024-10-12 11:06:58.715: 102 avg_reward: 1788.0
2024-10-12 11:06:58.715: 102 avg_steps: 588.05
2024-10-12 11:06:58.715: 102 epsilon: 0.1
2024-10-12 11:06:58.715: 102 q: 7.361962
2024-10-12 11:17:05.162: 103 test start:
2024-10-12 11:17:13.198: 103 avg_reward: 1243.0
2024-10-12 11:17:13.198: 103 avg_steps: 436.95
2024-10-12 11:17:13.198: 103 epsilon: 0.1
2024-10-12 11:17:13.198: 103 q: 7.491883
2024-10-12 11:27:05.431: 104 test start:
2024-10-12 11:27:12.823: 104 avg_reward: 885.5
2024-10-12 11:27:12.823: 104 avg_steps: 392.85
2024-10-12 11:27:12.823: 104 epsilon: 0.1
2024-10-12 11:27:12.823: 104 q: 7.468295
2024-10-12 11:37:28.038: 105 test start:
2024-10-12 11:37:38.964: 105 avg_reward: 1710.5
2024-10-12 11:37:38.964: 105 avg_steps: 586.45
2024-10-12 11:37:38.964: 105 epsilon: 0.1
2024-10-12 11:37:38.964: 105 q: 7.4154263
2024-10-12 11:47:44.750: 106 test start:
2024-10-12 11:47:55.684: 106 avg_reward: 1690.5
2024-10-12 11:47:55.684: 106 avg_steps: 607.3
2024-10-12 11:47:55.684: 106 epsilon: 0.1
2024-10-12 11:47:55.684: 106 q: 7.458673
2024-10-12 11:58:12.981: 107 test start:
2024-10-12 11:58:22.508: 107 avg_reward: 1473.0
2024-10-12 11:58:22.509: 107 avg_steps: 524.0
2024-10-12 11:58:22.509: 107 epsilon: 0.1
2024-10-12 11:58:22.509: 107 q: 7.4324117
2024-10-12 12:08:02.065: 108 test start:
2024-10-12 12:08:12.570: 108 avg_reward: 1625.5
2024-10-12 12:08:12.570: 108 avg_steps: 558.0
2024-10-12 12:08:12.570: 108 epsilon: 0.1
2024-10-12 12:08:12.570: 108 q: 7.4713817
2024-10-12 12:18:30.009: 109 test start:
2024-10-12 12:18:37.200: 109 avg_reward: 960.5
2024-10-12 12:18:37.201: 109 avg_steps: 392.75
2024-10-12 12:18:37.201: 109 epsilon: 0.1
2024-10-12 12:18:37.201: 109 q: 7.4875617
2024-10-12 12:28:53.717: 110 test start:
2024-10-12 12:29:04.204: 110 avg_reward: 1733.0
2024-10-12 12:29:04.205: 110 avg_steps: 551.25
2024-10-12 12:29:04.205: 110 epsilon: 0.1
2024-10-12 12:29:04.205: 110 q: 7.398543
2024-10-12 12:38:40.868: 111 test start:
2024-10-12 12:38:50.798: 111 avg_reward: 1633.0
2024-10-12 12:38:50.798: 111 avg_steps: 534.1
2024-10-12 12:38:50.799: 111 epsilon: 0.1
2024-10-12 12:38:50.799: 111 q: 7.46123
2024-10-12 12:49:06.298: 112 test start:
2024-10-12 12:49:16.862: 112 avg_reward: 1633.0
2024-10-12 12:49:16.862: 112 avg_steps: 583.55
2024-10-12 12:49:16.862: 112 epsilon: 0.1
2024-10-12 12:49:16.862: 112 q: 7.516766
2024-10-12 12:58:54.871: 113 test start:
2024-10-12 12:59:04.539: 113 avg_reward: 1608.0
2024-10-12 12:59:04.539: 113 avg_steps: 519.35
2024-10-12 12:59:04.539: 113 epsilon: 0.1
2024-10-12 12:59:04.539: 113 q: 7.5100636
2024-10-12 13:09:18.849: 114 test start:
2024-10-12 13:09:28.445: 114 avg_reward: 1670.5
2024-10-12 13:09:28.445: 114 avg_steps: 542.55
2024-10-12 13:09:28.445: 114 epsilon: 0.1
2024-10-12 13:09:28.445: 114 q: 7.481494
2024-10-12 13:19:10.433: 115 test start:
2024-10-12 13:19:20.712: 115 avg_reward: 1820.5
2024-10-12 13:19:20.713: 115 avg_steps: 565.1
2024-10-12 13:19:20.713: 115 epsilon: 0.1
2024-10-12 13:19:20.713: 115 q: 7.5408998
2024-10-12 13:29:35.540: 116 test start:
2024-10-12 13:29:45.243: 116 avg_reward: 1538.0
2024-10-12 13:29:45.243: 116 avg_steps: 519.85
2024-10-12 13:29:45.243: 116 epsilon: 0.1
2024-10-12 13:29:45.243: 116 q: 7.4985642
2024-10-12 13:40:03.032: 117 test start:
2024-10-12 13:40:11.796: 117 avg_reward: 1483.0
2024-10-12 13:40:11.797: 117 avg_steps: 493.7
2024-10-12 13:40:11.797: 117 epsilon: 0.1
2024-10-12 13:40:11.797: 117 q: 7.512138
2024-10-12 13:50:18.680: 118 test start:
2024-10-12 13:50:29.753: 118 avg_reward: 1850.5
2024-10-12 13:50:29.754: 118 avg_steps: 593.65
2024-10-12 13:50:29.754: 118 epsilon: 0.1
2024-10-12 13:50:29.754: 118 q: 7.424622
2024-10-12 14:00:18.690: 119 test start:
2024-10-12 14:00:29.600: 119 avg_reward: 1775.5
2024-10-12 14:00:29.601: 119 avg_steps: 596.05
2024-10-12 14:00:29.601: 119 epsilon: 0.1
2024-10-12 14:00:29.601: 119 q: 7.422162
2024-10-12 14:10:51.004: 120 test start:
2024-10-12 14:10:58.197: 120 avg_reward: 943.0
2024-10-12 14:10:58.197: 120 avg_steps: 400.55
2024-10-12 14:10:58.197: 120 epsilon: 0.1
2024-10-12 14:10:58.197: 120 q: 7.422737
2024-10-12 14:20:38.479: 121 test start:
2024-10-12 14:20:48.280: 121 avg_reward: 1493.0
2024-10-12 14:20:48.280: 121 avg_steps: 523.15
2024-10-12 14:20:48.280: 121 epsilon: 0.1
2024-10-12 14:20:48.280: 121 q: 7.375758
2024-10-12 14:31:01.868: 122 test start:
2024-10-12 14:31:11.947: 122 avg_reward: 1740.5
2024-10-12 14:31:11.948: 122 avg_steps: 556.45
2024-10-12 14:31:11.948: 122 epsilon: 0.1
2024-10-12 14:31:11.948: 122 q: 7.284244
2024-10-12 14:40:54.294: 123 test start:
2024-10-12 14:41:04.306: 123 avg_reward: 1583.0
2024-10-12 14:41:04.307: 123 avg_steps: 539.2
2024-10-12 14:41:04.307: 123 epsilon: 0.1
2024-10-12 14:41:04.307: 123 q: 7.293243
2024-10-12 14:51:10.923: 124 test start:
2024-10-12 14:51:19.488: 124 avg_reward: 1420.5
2024-10-12 14:51:19.488: 124 avg_steps: 468.95
2024-10-12 14:51:19.488: 124 epsilon: 0.1
2024-10-12 14:51:19.489: 124 q: 7.3623176
2024-10-12 15:01:06.519: 125 test start:
2024-10-12 15:01:16.635: 125 avg_reward: 1605.5
2024-10-12 15:01:16.635: 125 avg_steps: 545.75
2024-10-12 15:01:16.635: 125 epsilon: 0.1
2024-10-12 15:01:16.635: 125 q: 7.2134695
2024-10-12 15:11:14.115: 126 test start:
2024-10-12 15:11:24.160: 126 avg_reward: 1708.0
2024-10-12 15:11:24.160: 126 avg_steps: 556.25
2024-10-12 15:11:24.160: 126 epsilon: 0.1
2024-10-12 15:11:24.160: 126 q: 7.2396483
2024-10-12 15:21:19.646: 127 test start:
2024-10-12 15:21:29.499: 127 avg_reward: 1670.5
2024-10-12 15:21:29.499: 127 avg_steps: 550.0
2024-10-12 15:21:29.499: 127 epsilon: 0.1
2024-10-12 15:21:29.499: 127 q: 7.2964883
2024-10-12 15:31:27.295: 128 test start:
2024-10-12 15:31:37.027: 128 avg_reward: 1658.0
2024-10-12 15:31:37.027: 128 avg_steps: 540.85
2024-10-12 15:31:37.027: 128 epsilon: 0.1
2024-10-12 15:31:37.027: 128 q: 7.32894
2024-10-12 15:41:44.813: 129 test start:
2024-10-12 15:41:56.450: 129 avg_reward: 1805.5
2024-10-12 15:41:56.451: 129 avg_steps: 622.8
2024-10-12 15:41:56.451: 129 epsilon: 0.1
2024-10-12 15:41:56.451: 129 q: 7.402174
2024-10-12 15:51:50.926: 130 test start:
2024-10-12 15:52:04.446: 130 avg_reward: 2153.0
2024-10-12 15:52:04.446: 130 avg_steps: 752.5
2024-10-12 15:52:04.446: 130 epsilon: 0.1
2024-10-12 15:52:04.446: 130 q: 7.369688
2024-10-12 16:02:09.568: 131 test start:
2024-10-12 16:02:19.939: 131 avg_reward: 1528.0
2024-10-12 16:02:19.939: 131 avg_steps: 571.6
2024-10-12 16:02:19.939: 131 epsilon: 0.1
2024-10-12 16:02:19.939: 131 q: 7.4259305
2024-10-12 16:12:08.913: 132 test start:
2024-10-12 16:12:18.112: 132 avg_reward: 1605.5
2024-10-12 16:12:18.112: 132 avg_steps: 513.65
2024-10-12 16:12:18.112: 132 epsilon: 0.1
2024-10-12 16:12:18.112: 132 q: 7.420321
2024-10-12 16:22:30.296: 133 test start:
2024-10-12 16:22:41.693: 133 avg_reward: 1935.5
2024-10-12 16:22:41.693: 133 avg_steps: 615.0
2024-10-12 16:22:41.693: 133 epsilon: 0.1
2024-10-12 16:22:41.693: 133 q: 7.356139
2024-10-12 16:32:22.988: 134 test start:
2024-10-12 16:32:33.497: 134 avg_reward: 1650.5
2024-10-12 16:32:33.497: 134 avg_steps: 576.45
2024-10-12 16:32:33.497: 134 epsilon: 0.1
2024-10-12 16:32:33.497: 134 q: 7.3653703
2024-10-12 16:42:56.175: 135 test start:
2024-10-12 16:43:05.836: 135 avg_reward: 1508.0
2024-10-12 16:43:05.836: 135 avg_steps: 543.4
2024-10-12 16:43:05.836: 135 epsilon: 0.1
2024-10-12 16:43:05.836: 135 q: 7.3697257
2024-10-12 16:52:45.074: 136 test start:
2024-10-12 16:52:55.943: 136 avg_reward: 1755.5
2024-10-12 16:52:55.943: 136 avg_steps: 582.65
2024-10-12 16:52:55.944: 136 epsilon: 0.1
2024-10-12 16:52:55.944: 136 q: 7.4174776
2024-10-12 17:03:12.200: 137 test start:
2024-10-12 17:03:22.631: 137 avg_reward: 1693.0
2024-10-12 17:03:22.631: 137 avg_steps: 588.35
2024-10-12 17:03:22.631: 137 epsilon: 0.1
2024-10-12 17:03:22.632: 137 q: 7.458994
2024-10-12 17:13:07.307: 138 test start:
2024-10-12 17:13:19.197: 138 avg_reward: 1883.0
2024-10-12 17:13:19.197: 138 avg_steps: 637.4
2024-10-12 17:13:19.197: 138 epsilon: 0.1
2024-10-12 17:13:19.197: 138 q: 7.4546585
2024-10-12 17:23:28.918: 139 test start:
2024-10-12 17:23:38.078: 139 avg_reward: 1623.0
2024-10-12 17:23:38.078: 139 avg_steps: 502.65
2024-10-12 17:23:38.079: 139 epsilon: 0.1
2024-10-12 17:23:38.079: 139 q: 7.440796
2024-10-12 17:33:19.736: 140 test start:
2024-10-12 17:33:29.864: 140 avg_reward: 1460.5
2024-10-12 17:33:29.864: 140 avg_steps: 543.25
2024-10-12 17:33:29.864: 140 epsilon: 0.1
2024-10-12 17:33:29.864: 140 q: 7.398829
2024-10-12 17:43:37.338: 141 test start:
2024-10-12 17:43:47.142: 141 avg_reward: 1670.5
2024-10-12 17:43:47.143: 141 avg_steps: 539.35
2024-10-12 17:43:47.143: 141 epsilon: 0.1
2024-10-12 17:43:47.143: 141 q: 7.3043466
2024-10-12 17:53:35.847: 142 test start:
2024-10-12 17:53:47.590: 142 avg_reward: 1875.5
2024-10-12 17:53:47.590: 142 avg_steps: 627.8
2024-10-12 17:53:47.590: 142 epsilon: 0.1
2024-10-12 17:53:47.591: 142 q: 7.282036
2024-10-12 18:03:47.354: 143 test start:
2024-10-12 18:04:00.088: 143 avg_reward: 1908.0
2024-10-12 18:04:00.088: 143 avg_steps: 702.0
2024-10-12 18:04:00.089: 143 epsilon: 0.1
2024-10-12 18:04:00.089: 143 q: 7.314709
2024-10-12 18:13:46.854: 144 test start:
2024-10-12 18:13:58.253: 144 avg_reward: 1873.0
2024-10-12 18:13:58.254: 144 avg_steps: 612.3
2024-10-12 18:13:58.254: 144 epsilon: 0.1
2024-10-12 18:13:58.254: 144 q: 7.248909
2024-10-12 18:23:55.230: 145 test start:
2024-10-12 18:24:06.137: 145 avg_reward: 1818.0
2024-10-12 18:24:06.138: 145 avg_steps: 602.8
2024-10-12 18:24:06.138: 145 epsilon: 0.1
2024-10-12 18:24:06.138: 145 q: 7.223221
2024-10-12 18:34:00.299: 146 test start:
2024-10-12 18:34:11.371: 146 avg_reward: 1860.5
2024-10-12 18:34:11.372: 146 avg_steps: 616.9
2024-10-12 18:34:11.372: 146 epsilon: 0.1
2024-10-12 18:34:11.372: 146 q: 7.2202263
2024-10-12 18:44:10.716: 147 test start:
2024-10-12 18:44:22.756: 147 avg_reward: 2055.5
2024-10-12 18:44:22.756: 147 avg_steps: 674.85
2024-10-12 18:44:22.756: 147 epsilon: 0.1
2024-10-12 18:44:22.756: 147 q: 7.1811256
2024-10-12 18:54:22.597: 148 test start:
2024-10-12 18:54:34.872: 148 avg_reward: 2023.0
2024-10-12 18:54:34.872: 148 avg_steps: 655.3
2024-10-12 18:54:34.872: 148 epsilon: 0.1
2024-10-12 18:54:34.872: 148 q: 7.185676
2024-10-12 19:04:25.606: 149 test start:
2024-10-12 19:04:38.276: 149 avg_reward: 2020.5
2024-10-12 19:04:38.276: 149 avg_steps: 712.45
2024-10-12 19:04:38.277: 149 epsilon: 0.1
2024-10-12 19:04:38.277: 149 q: 7.2958307
2024-10-12 19:14:46.938: 150 test start:
2024-10-12 19:14:57.410: 150 avg_reward: 1618.0
2024-10-12 19:14:57.410: 150 avg_steps: 579.0
2024-10-12 19:14:57.410: 150 epsilon: 0.1
2024-10-12 19:14:57.410: 150 q: 7.2108684
2024-10-12 19:24:45.329: 151 test start:
2024-10-12 19:24:55.777: 151 avg_reward: 1695.5
2024-10-12 19:24:55.777: 151 avg_steps: 575.7
2024-10-12 19:24:55.777: 151 epsilon: 0.1
2024-10-12 19:24:55.777: 151 q: 7.1860704
2024-10-12 19:35:03.362: 152 test start:
2024-10-12 19:35:14.600: 152 avg_reward: 1930.5
2024-10-12 19:35:14.601: 152 avg_steps: 605.2
2024-10-12 19:35:14.601: 152 epsilon: 0.1
2024-10-12 19:35:14.601: 152 q: 7.183716
2024-10-12 19:44:51.133: 153 test start:
2024-10-12 19:45:02.082: 153 avg_reward: 1768.0
2024-10-12 19:45:02.082: 153 avg_steps: 596.15
2024-10-12 19:45:02.083: 153 epsilon: 0.1
2024-10-12 19:45:02.083: 153 q: 7.2449074
2024-10-12 19:55:17.061: 154 test start:
2024-10-12 19:55:27.630: 154 avg_reward: 1678.0
2024-10-12 19:55:27.630: 154 avg_steps: 563.6
2024-10-12 19:55:27.630: 154 epsilon: 0.1
2024-10-12 19:55:27.630: 154 q: 7.2639103
2024-10-12 20:05:07.503: 155 test start:
2024-10-12 20:05:16.932: 155 avg_reward: 1658.0
2024-10-12 20:05:16.933: 155 avg_steps: 507.4
2024-10-12 20:05:16.933: 155 epsilon: 0.1
2024-10-12 20:05:16.933: 155 q: 7.2561116
2024-10-12 20:15:34.040: 156 test start:
2024-10-12 20:15:45.048: 156 avg_reward: 1755.5
2024-10-12 20:15:45.049: 156 avg_steps: 620.95
2024-10-12 20:15:45.049: 156 epsilon: 0.1
2024-10-12 20:15:45.049: 156 q: 7.239376
2024-10-12 20:25:24.433: 157 test start:
2024-10-12 20:25:34.812: 157 avg_reward: 1823.0
2024-10-12 20:25:34.812: 157 avg_steps: 575.65
2024-10-12 20:25:34.812: 157 epsilon: 0.1
2024-10-12 20:25:34.812: 157 q: 7.2340164
2024-10-12 20:35:44.527: 158 test start:
2024-10-12 20:35:53.970: 158 avg_reward: 1640.5
2024-10-12 20:35:53.970: 158 avg_steps: 517.1
2024-10-12 20:35:53.970: 158 epsilon: 0.1
2024-10-12 20:35:53.970: 158 q: 7.214399
2024-10-12 20:45:37.907: 159 test start:
2024-10-12 20:45:46.055: 159 avg_reward: 1143.0
2024-10-12 20:45:46.055: 159 avg_steps: 442.8
2024-10-12 20:45:46.055: 159 epsilon: 0.1
2024-10-12 20:45:46.055: 159 q: 7.233094
2024-10-12 20:55:53.536: 160 test start:
2024-10-12 20:56:02.393: 160 avg_reward: 1420.5
2024-10-12 20:56:02.394: 160 avg_steps: 490.9
2024-10-12 20:56:02.394: 160 epsilon: 0.1
2024-10-12 20:56:02.394: 160 q: 7.2288184
2024-10-12 21:05:41.799: 161 test start:
2024-10-12 21:05:54.028: 161 avg_reward: 1923.0
2024-10-12 21:05:54.028: 161 avg_steps: 652.0
2024-10-12 21:05:54.028: 161 epsilon: 0.1
2024-10-12 21:05:54.028: 161 q: 7.110544
2024-10-12 21:15:59.189: 162 test start:
2024-10-12 21:16:12.621: 162 avg_reward: 2165.5
2024-10-12 21:16:12.621: 162 avg_steps: 748.25
2024-10-12 21:16:12.621: 162 epsilon: 0.1
2024-10-12 21:16:12.621: 162 q: 7.1477265
2024-10-12 21:25:58.201: 163 test start:
2024-10-12 21:26:15.916: 163 avg_reward: 2698.0
2024-10-12 21:26:15.916: 163 avg_steps: 992.15
2024-10-12 21:26:15.916: 163 epsilon: 0.1
2024-10-12 21:26:15.916: 163 q: 7.1439257
2024-10-12 21:36:20.615: 164 test start:
2024-10-12 21:36:29.315: 164 avg_reward: 1170.5
2024-10-12 21:36:29.316: 164 avg_steps: 485.15
2024-10-12 21:36:29.316: 164 epsilon: 0.1
2024-10-12 21:36:29.316: 164 q: 7.3153663
2024-10-12 21:46:29.129: 165 test start:
2024-10-12 21:46:40.570: 165 avg_reward: 1690.5
2024-10-12 21:46:40.570: 165 avg_steps: 616.25
2024-10-12 21:46:40.571: 165 epsilon: 0.1
2024-10-12 21:46:40.571: 165 q: 7.2359285
2024-10-12 21:56:36.611: 166 test start:
2024-10-12 21:56:48.483: 166 avg_reward: 1973.0
2024-10-12 21:56:48.483: 166 avg_steps: 675.65
2024-10-12 21:56:48.483: 166 epsilon: 0.1
2024-10-12 21:56:48.483: 166 q: 7.2336397
2024-10-12 22:06:55.739: 167 test start:
2024-10-12 22:07:04.127: 167 avg_reward: 1160.5
2024-10-12 22:07:04.127: 167 avg_steps: 460.4
2024-10-12 22:07:04.127: 167 epsilon: 0.1
2024-10-12 22:07:04.127: 167 q: 7.289262
2024-10-12 22:17:00.597: 168 test start:
2024-10-12 22:17:09.258: 168 avg_reward: 1278.0
2024-10-12 22:17:09.258: 168 avg_steps: 480.55
2024-10-12 22:17:09.258: 168 epsilon: 0.1
2024-10-12 22:17:09.258: 168 q: 7.325928
2024-10-12 22:27:12.655: 169 test start:
2024-10-12 22:27:25.428: 169 avg_reward: 2075.5
2024-10-12 22:27:25.428: 169 avg_steps: 686.7
2024-10-12 22:27:25.429: 169 epsilon: 0.1
2024-10-12 22:27:25.429: 169 q: 7.2262545
2024-10-12 22:37:16.310: 170 test start:
2024-10-12 22:37:25.344: 170 avg_reward: 1305.5
2024-10-12 22:37:25.344: 170 avg_steps: 497.85
2024-10-12 22:37:25.344: 170 epsilon: 0.1
2024-10-12 22:37:25.344: 170 q: 7.276914
2024-10-12 22:47:39.620: 171 test start:
2024-10-12 22:47:51.818: 171 avg_reward: 1998.0
2024-10-12 22:47:51.818: 171 avg_steps: 663.8
2024-10-12 22:47:51.818: 171 epsilon: 0.1
2024-10-12 22:47:51.818: 171 q: 7.269453
2024-10-12 22:57:34.688: 172 test start:
2024-10-12 22:57:45.720: 172 avg_reward: 1833.0
2024-10-12 22:57:45.720: 172 avg_steps: 594.5
2024-10-12 22:57:45.720: 172 epsilon: 0.1
2024-10-12 22:57:45.720: 172 q: 7.279431
2024-10-12 23:08:08.102: 173 test start:
2024-10-12 23:08:17.996: 173 avg_reward: 1418.0
2024-10-12 23:08:17.997: 173 avg_steps: 547.5
2024-10-12 23:08:17.997: 173 epsilon: 0.1
2024-10-12 23:08:17.997: 173 q: 7.270754
2024-10-12 23:18:05.100: 174 test start:
2024-10-12 23:18:16.382: 174 avg_reward: 1835.5
2024-10-12 23:18:16.382: 174 avg_steps: 619.45
2024-10-12 23:18:16.382: 174 epsilon: 0.1
2024-10-12 23:18:16.382: 174 q: 7.384145
2024-10-12 23:28:38.175: 175 test start:
2024-10-12 23:28:48.052: 175 avg_reward: 1593.0
2024-10-12 23:28:48.052: 175 avg_steps: 559.85
2024-10-12 23:28:48.052: 175 epsilon: 0.1
2024-10-12 23:28:48.052: 175 q: 7.4153085
2024-10-12 23:38:36.278: 176 test start:
2024-10-12 23:38:45.526: 176 avg_reward: 1318.0
2024-10-12 23:38:45.527: 176 avg_steps: 487.5
2024-10-12 23:38:45.527: 176 epsilon: 0.1
2024-10-12 23:38:45.527: 176 q: 7.4201484
2024-10-12 23:49:00.083: 177 test start:
2024-10-12 23:49:11.357: 177 avg_reward: 1853.0
2024-10-12 23:49:11.357: 177 avg_steps: 631.75
2024-10-12 23:49:11.357: 177 epsilon: 0.1
2024-10-12 23:49:11.357: 177 q: 7.4780264
2024-10-12 23:59:05.020: 178 test start:
2024-10-12 23:59:15.424: 178 avg_reward: 1518.0
2024-10-12 23:59:15.424: 178 avg_steps: 568.5
2024-10-12 23:59:15.424: 178 epsilon: 0.1
2024-10-12 23:59:15.424: 178 q: 7.425815
2024-10-13 00:09:16.632: 179 test start:
2024-10-13 00:09:27.855: 179 avg_reward: 1860.5
2024-10-13 00:09:27.855: 179 avg_steps: 616.85
2024-10-13 00:09:27.855: 179 epsilon: 0.1
2024-10-13 00:09:27.855: 179 q: 7.4840217
2024-10-13 00:19:24.020: 180 test start:
2024-10-13 00:19:35.534: 180 avg_reward: 1875.5
2024-10-13 00:19:35.535: 180 avg_steps: 612.2
2024-10-13 00:19:35.535: 180 epsilon: 0.1
2024-10-13 00:19:35.535: 180 q: 7.521388
2024-10-13 00:29:30.058: 181 test start:
2024-10-13 00:29:39.362: 181 avg_reward: 1470.5
2024-10-13 00:29:39.362: 181 avg_steps: 521.0
2024-10-13 00:29:39.362: 181 epsilon: 0.1
2024-10-13 00:29:39.362: 181 q: 7.5396266
2024-10-13 00:39:45.429: 182 test start:
2024-10-13 00:39:58.245: 182 avg_reward: 2080.5
2024-10-13 00:39:58.245: 182 avg_steps: 690.25
2024-10-13 00:39:58.245: 182 epsilon: 0.1
2024-10-13 00:39:58.245: 182 q: 7.452086
2024-10-13 00:49:54.145: 183 test start:
2024-10-13 00:50:06.531: 183 avg_reward: 2023.0
2024-10-13 00:50:06.531: 183 avg_steps: 688.05
2024-10-13 00:50:06.532: 183 epsilon: 0.1
2024-10-13 00:50:06.532: 183 q: 7.496742
2024-10-13 01:00:10.079: 184 test start:
2024-10-13 01:00:20.791: 184 avg_reward: 1663.0
2024-10-13 01:00:20.791: 184 avg_steps: 571.45
2024-10-13 01:00:20.791: 184 epsilon: 0.1
2024-10-13 01:00:20.791: 184 q: 7.3802605
2024-10-13 01:10:10.633: 185 test start:
2024-10-13 01:10:20.016: 185 avg_reward: 1495.5
2024-10-13 01:10:20.016: 185 avg_steps: 530.3
2024-10-13 01:10:20.016: 185 epsilon: 0.1
2024-10-13 01:10:20.016: 185 q: 7.303373
2024-10-13 01:20:27.644: 186 test start:
2024-10-13 01:20:38.907: 186 avg_reward: 1720.5
2024-10-13 01:20:38.907: 186 avg_steps: 597.2
2024-10-13 01:20:38.907: 186 epsilon: 0.1
2024-10-13 01:20:38.907: 186 q: 7.225695
2024-10-13 01:30:19.420: 187 test start:
2024-10-13 01:30:31.142: 187 avg_reward: 1945.5
2024-10-13 01:30:31.142: 187 avg_steps: 651.8
2024-10-13 01:30:31.142: 187 epsilon: 0.1
2024-10-13 01:30:31.142: 187 q: 7.22136
2024-10-13 01:40:39.945: 188 test start:
2024-10-13 01:40:49.079: 188 avg_reward: 1128.0
2024-10-13 01:40:49.079: 188 avg_steps: 490.1
2024-10-13 01:40:49.079: 188 epsilon: 0.1
2024-10-13 01:40:49.079: 188 q: 7.2691817
2024-10-13 01:50:26.840: 189 test start:
2024-10-13 01:50:37.340: 189 avg_reward: 1620.5
2024-10-13 01:50:37.340: 189 avg_steps: 562.0
2024-10-13 01:50:37.341: 189 epsilon: 0.1
2024-10-13 01:50:37.341: 189 q: 7.2703705
2024-10-13 02:00:52.404: 190 test start:
2024-10-13 02:01:05.410: 190 avg_reward: 2163.0
2024-10-13 02:01:05.410: 190 avg_steps: 695.7
2024-10-13 02:01:05.410: 190 epsilon: 0.1
2024-10-13 02:01:05.410: 190 q: 7.2290998
2024-10-13 02:10:44.617: 191 test start:
2024-10-13 02:10:53.783: 191 avg_reward: 1280.5
2024-10-13 02:10:53.783: 191 avg_steps: 509.95
2024-10-13 02:10:53.783: 191 epsilon: 0.1
2024-10-13 02:10:53.783: 191 q: 7.2152925
2024-10-13 02:21:10.184: 192 test start:
2024-10-13 02:21:18.754: 192 avg_reward: 1103.0
2024-10-13 02:21:18.755: 192 avg_steps: 473.55
2024-10-13 02:21:18.755: 192 epsilon: 0.1
2024-10-13 02:21:18.755: 192 q: 7.28348
2024-10-13 02:31:03.769: 193 test start:
2024-10-13 02:31:18.042: 193 avg_reward: 2105.5
2024-10-13 02:31:18.042: 193 avg_steps: 757.05
2024-10-13 02:31:18.042: 193 epsilon: 0.1
2024-10-13 02:31:18.042: 193 q: 7.1851497
2024-10-13 02:41:32.079: 194 test start:
2024-10-13 02:41:43.418: 194 avg_reward: 1785.5
2024-10-13 02:41:43.418: 194 avg_steps: 624.95
2024-10-13 02:41:43.418: 194 epsilon: 0.1
2024-10-13 02:41:43.418: 194 q: 7.170341
2024-10-13 02:51:37.574: 195 test start:
2024-10-13 02:51:47.349: 195 avg_reward: 1618.0
2024-10-13 02:51:47.349: 195 avg_steps: 531.2
2024-10-13 02:51:47.349: 195 epsilon: 0.1
2024-10-13 02:51:47.349: 195 q: 7.2525177
2024-10-13 03:01:57.364: 196 test start:
2024-10-13 03:02:10.414: 196 avg_reward: 2198.0
2024-10-13 03:02:10.415: 196 avg_steps: 724.25
2024-10-13 03:02:10.415: 196 epsilon: 0.1
2024-10-13 03:02:10.415: 196 q: 7.380326
2024-10-13 03:12:06.862: 197 test start:
2024-10-13 03:12:18.175: 197 avg_reward: 1673.0
2024-10-13 03:12:18.175: 197 avg_steps: 604.8
2024-10-13 03:12:18.175: 197 epsilon: 0.1
2024-10-13 03:12:18.175: 197 q: 7.3902106
2024-10-13 03:22:28.109: 198 test start:
2024-10-13 03:22:41.035: 198 avg_reward: 2183.0
2024-10-13 03:22:41.035: 198 avg_steps: 728.55
2024-10-13 03:22:41.035: 198 epsilon: 0.1
2024-10-13 03:22:41.035: 198 q: 7.3367796
2024-10-13 03:32:47.520: 199 test start:
2024-10-13 03:32:58.945: 199 avg_reward: 1888.0
2024-10-13 03:32:58.945: 199 avg_steps: 626.6
2024-10-13 03:32:58.946: 199 epsilon: 0.1
2024-10-13 03:32:58.946: 199 q: 7.2526426
2024-10-13 03:42:56.207: 200 test start:
2024-10-13 03:43:09.666: 200 avg_reward: 2075.5
2024-10-13 03:43:09.666: 200 avg_steps: 741.15
2024-10-13 03:43:09.666: 200 epsilon: 0.1
2024-10-13 03:43:09.666: 200 q: 7.2531986
