2024-10-14 21:22:19.209: 
parameters:agent_test_episodes: 20
batch_num_per_epoch: 250000
device: cuda:0
env_name: ALE/DoubleDunk-v5
epsilon_for_test: 0.05
epsilon_max: 1.0
epsilon_min: 0.1
exp_name: ALE-DoubleDunk-v5_2024-10-14-21-22-19
exp_path: ../exps/dqn/
exploration_steps: 1000000
gamma: 0.99
held_out_states_num: 1000
learning_rate: 0.00025
mini_batch_size: 32
model_update_freq: 4
n_times: 5
no_op_max: 30
phi_channel: 4
replay_buffer_size: 1000000
replay_start_size: 50000
save_model: true
screen_size: 84
seed: 0
skip_k_frame: 4
step_c: 10000
training_steps: 50000000

2024-10-14 21:22:19.271: env id: ALE/DoubleDunk-v5 |repeat_action_probability: 0 
2024-10-14 21:22:19.271: screen_size: 84 | grayscale_obs:True 
scale_obs:False | action space size: 18
remove flickering: True | frame skip: 4
state space shape: (210, 160, 3) 
2024-10-14 21:22:19.291: optimizer: RMSprop (
Parameter Group 0
    alpha: 0.95
    centered: False
    differentiable: False
    eps: 0.01
    foreach: None
    lr: 0.00025
    maximize: False
    momentum: 0
    weight_decay: 0
)
2024-10-14 21:31:35.651: 1 test start:
2024-10-14 21:32:13.624: 1 avg_reward: -21.2
2024-10-14 21:32:13.624: 1 avg_steps: 1951.6
2024-10-14 21:32:13.624: 1 epsilon: 0.8199487
2024-10-14 21:32:13.624: 1 q: 0.04267592
2024-10-14 21:42:36.254: 2 test start:
2024-10-14 21:43:14.068: 2 avg_reward: -22.3
2024-10-14 21:43:14.068: 2 avg_steps: 1892.7
2024-10-14 21:43:14.068: 2 epsilon: 0.5930209
2024-10-14 21:43:14.069: 2 q: 0.10226215
2024-10-14 21:53:19.962: 3 test start:
2024-10-14 21:54:02.575: 3 avg_reward: -21.3
2024-10-14 21:54:02.575: 3 avg_steps: 2198.9
2024-10-14 21:54:02.575: 3 epsilon: 0.36956259999999996
2024-10-14 21:54:02.575: 3 q: 0.15680921
2024-10-14 22:04:27.985: 4 test start:
2024-10-14 22:05:16.825: 4 avg_reward: -21.9
2024-10-14 22:05:16.825: 4 avg_steps: 2481.8
2024-10-14 22:05:16.825: 4 epsilon: 0.1447615
2024-10-14 22:05:16.825: 4 q: 0.18980272
2024-10-14 22:15:19.509: 5 test start:
2024-10-14 22:15:56.204: 5 avg_reward: -22.4
2024-10-14 22:15:56.205: 5 avg_steps: 1933.75
2024-10-14 22:15:56.205: 5 epsilon: 0.1
2024-10-14 22:15:56.205: 5 q: 0.15046087
2024-10-14 22:26:30.178: 6 test start:
2024-10-14 22:26:58.687: 6 avg_reward: -23.1
2024-10-14 22:26:58.687: 6 avg_steps: 1502.45
2024-10-14 22:26:58.687: 6 epsilon: 0.1
2024-10-14 22:26:58.688: 6 q: 0.12559506
2024-10-14 22:36:55.915: 7 test start:
2024-10-14 22:37:43.336: 7 avg_reward: -23.0
2024-10-14 22:37:43.337: 7 avg_steps: 2389.1
2024-10-14 22:37:43.337: 7 epsilon: 0.1
2024-10-14 22:37:43.337: 7 q: 0.18805882
2024-10-14 22:48:08.990: 8 test start:
2024-10-14 22:48:50.242: 8 avg_reward: -23.1
2024-10-14 22:48:50.242: 8 avg_steps: 2161.05
2024-10-14 22:48:50.242: 8 epsilon: 0.1
2024-10-14 22:48:50.243: 8 q: 0.15494062
2024-10-14 22:59:07.884: 9 test start:
2024-10-14 23:00:04.396: 9 avg_reward: -20.0
2024-10-14 23:00:04.396: 9 avg_steps: 2830.05
2024-10-14 23:00:04.396: 9 epsilon: 0.1
2024-10-14 23:00:04.396: 9 q: 0.14939545
2024-10-14 23:10:19.722: 10 test start:
2024-10-14 23:11:07.620: 10 avg_reward: -21.3
2024-10-14 23:11:07.620: 10 avg_steps: 2450.0
2024-10-14 23:11:07.620: 10 epsilon: 0.1
2024-10-14 23:11:07.621: 10 q: 0.07151442
2024-10-14 23:21:29.606: 11 test start:
2024-10-14 23:22:18.681: 11 avg_reward: -19.4
2024-10-14 23:22:18.681: 11 avg_steps: 2456.5
2024-10-14 23:22:18.681: 11 epsilon: 0.1
2024-10-14 23:22:18.681: 11 q: 0.09204155
2024-10-14 23:32:31.558: 12 test start:
2024-10-14 23:33:22.948: 12 avg_reward: -18.9
2024-10-14 23:33:22.948: 12 avg_steps: 2651.4
2024-10-14 23:33:22.948: 12 epsilon: 0.1
2024-10-14 23:33:22.948: 12 q: 0.096002646
2024-10-14 23:43:52.808: 13 test start:
2024-10-14 23:44:44.761: 13 avg_reward: -21.1
2024-10-14 23:44:44.761: 13 avg_steps: 2631.45
2024-10-14 23:44:44.761: 13 epsilon: 0.1
2024-10-14 23:44:44.761: 13 q: 0.1094258
2024-10-14 23:54:55.264: 14 test start:
2024-10-14 23:55:39.883: 14 avg_reward: -19.3
2024-10-14 23:55:39.883: 14 avg_steps: 2199.05
2024-10-14 23:55:39.883: 14 epsilon: 0.1
2024-10-14 23:55:39.883: 14 q: 0.11716409
2024-10-15 00:06:05.399: 15 test start:
2024-10-15 00:06:55.096: 15 avg_reward: -19.4
2024-10-15 00:06:55.097: 15 avg_steps: 2527.15
2024-10-15 00:06:55.097: 15 epsilon: 0.1
2024-10-15 00:06:55.097: 15 q: 0.107080646
2024-10-15 00:17:09.259: 16 test start:
2024-10-15 00:18:02.578: 16 avg_reward: -16.5
2024-10-15 00:18:02.579: 16 avg_steps: 2632.45
2024-10-15 00:18:02.579: 16 epsilon: 0.1
2024-10-15 00:18:02.579: 16 q: 0.101115
2024-10-15 00:28:21.462: 17 test start:
2024-10-15 00:29:05.342: 17 avg_reward: -19.7
2024-10-15 00:29:05.343: 17 avg_steps: 2257.15
2024-10-15 00:29:05.343: 17 epsilon: 0.1
2024-10-15 00:29:05.343: 17 q: 0.15098064
2024-10-15 00:39:34.961: 18 test start:
2024-10-15 00:40:23.787: 18 avg_reward: -20.4
2024-10-15 00:40:23.787: 18 avg_steps: 2421.3
2024-10-15 00:40:23.787: 18 epsilon: 0.1
2024-10-15 00:40:23.787: 18 q: 0.17117175
2024-10-15 00:50:28.728: 19 test start:
2024-10-15 00:51:07.015: 19 avg_reward: -18.9
2024-10-15 00:51:07.015: 19 avg_steps: 1963.5
2024-10-15 00:51:07.015: 19 epsilon: 0.1
2024-10-15 00:51:07.015: 19 q: 0.2513225
2024-10-15 01:01:43.426: 20 test start:
2024-10-15 01:02:39.495: 20 avg_reward: -19.4
2024-10-15 01:02:39.495: 20 avg_steps: 2860.15
2024-10-15 01:02:39.495: 20 epsilon: 0.1
2024-10-15 01:02:39.495: 20 q: 0.2581147
2024-10-15 01:12:45.553: 21 test start:
2024-10-15 01:13:37.323: 21 avg_reward: -20.4
2024-10-15 01:13:37.324: 21 avg_steps: 2561.4
2024-10-15 01:13:37.324: 21 epsilon: 0.1
2024-10-15 01:13:37.324: 21 q: 0.2794741
2024-10-15 01:24:08.251: 22 test start:
2024-10-15 01:24:48.604: 22 avg_reward: -19.0
2024-10-15 01:24:48.605: 22 avg_steps: 2050.4
2024-10-15 01:24:48.605: 22 epsilon: 0.1
2024-10-15 01:24:48.605: 22 q: 0.28390545
2024-10-15 01:35:05.236: 23 test start:
2024-10-15 01:35:54.376: 23 avg_reward: -20.8
2024-10-15 01:35:54.376: 23 avg_steps: 2444.0
2024-10-15 01:35:54.377: 23 epsilon: 0.1
2024-10-15 01:35:54.377: 23 q: 0.24826914
2024-10-15 01:46:13.216: 24 test start:
2024-10-15 01:47:01.481: 24 avg_reward: -17.0
2024-10-15 01:47:01.481: 24 avg_steps: 2463.9
2024-10-15 01:47:01.481: 24 epsilon: 0.1
2024-10-15 01:47:01.482: 24 q: 0.3413183
2024-10-15 01:57:28.534: 25 test start:
2024-10-15 01:58:22.034: 25 avg_reward: -19.2
2024-10-15 01:58:22.034: 25 avg_steps: 2650.55
2024-10-15 01:58:22.034: 25 epsilon: 0.1
2024-10-15 01:58:22.034: 25 q: 0.3580229
2024-10-15 02:08:33.261: 26 test start:
2024-10-15 02:09:27.109: 26 avg_reward: -19.8
2024-10-15 02:09:27.109: 26 avg_steps: 2711.3
2024-10-15 02:09:27.109: 26 epsilon: 0.1
2024-10-15 02:09:27.109: 26 q: 0.42314866
2024-10-15 02:19:58.458: 27 test start:
2024-10-15 02:20:46.627: 27 avg_reward: -18.4
2024-10-15 02:20:46.627: 27 avg_steps: 2464.2
2024-10-15 02:20:46.627: 27 epsilon: 0.1
2024-10-15 02:20:46.628: 27 q: 0.40315935
2024-10-15 02:30:58.385: 28 test start:
2024-10-15 02:31:56.289: 28 avg_reward: -19.5
2024-10-15 02:31:56.290: 28 avg_steps: 2957.3
2024-10-15 02:31:56.290: 28 epsilon: 0.1
2024-10-15 02:31:56.290: 28 q: 0.35924354
2024-10-15 02:42:23.225: 29 test start:
2024-10-15 02:43:16.576: 29 avg_reward: -18.2
2024-10-15 02:43:16.576: 29 avg_steps: 2787.25
2024-10-15 02:43:16.576: 29 epsilon: 0.1
2024-10-15 02:43:16.576: 29 q: 0.36845604
2024-10-15 02:53:33.469: 30 test start:
2024-10-15 02:54:28.961: 30 avg_reward: -17.7
2024-10-15 02:54:28.962: 30 avg_steps: 2767.8
2024-10-15 02:54:28.962: 30 epsilon: 0.1
2024-10-15 02:54:28.962: 30 q: 0.35489374
2024-10-15 03:04:43.368: 31 test start:
2024-10-15 03:05:28.987: 31 avg_reward: -20.6
2024-10-15 03:05:28.987: 31 avg_steps: 2326.15
2024-10-15 03:05:28.987: 31 epsilon: 0.1
2024-10-15 03:05:28.987: 31 q: 0.38805175
2024-10-15 03:16:07.462: 32 test start:
2024-10-15 03:17:01.820: 32 avg_reward: -16.3
2024-10-15 03:17:01.820: 32 avg_steps: 2744.15
2024-10-15 03:17:01.820: 32 epsilon: 0.1
2024-10-15 03:17:01.820: 32 q: 0.40152517
2024-10-15 03:27:10.762: 33 test start:
2024-10-15 03:28:09.357: 33 avg_reward: -16.4
2024-10-15 03:28:09.357: 33 avg_steps: 2895.95
2024-10-15 03:28:09.357: 33 epsilon: 0.1
2024-10-15 03:28:09.357: 33 q: 0.3533619
2024-10-15 03:38:34.139: 34 test start:
2024-10-15 03:39:34.307: 34 avg_reward: -17.7
2024-10-15 03:39:34.308: 34 avg_steps: 3067.6
2024-10-15 03:39:34.308: 34 epsilon: 0.1
2024-10-15 03:39:34.308: 34 q: 0.41679767
2024-10-15 03:49:52.653: 35 test start:
2024-10-15 03:50:51.087: 35 avg_reward: -17.7
2024-10-15 03:50:51.087: 35 avg_steps: 2872.3
2024-10-15 03:50:51.087: 35 epsilon: 0.1
2024-10-15 03:50:51.087: 35 q: 0.4188261
2024-10-15 04:01:11.255: 36 test start:
2024-10-15 04:02:09.394: 36 avg_reward: -17.3
2024-10-15 04:02:09.394: 36 avg_steps: 2978.1
2024-10-15 04:02:09.394: 36 epsilon: 0.1
2024-10-15 04:02:09.394: 36 q: 0.4596926
2024-10-15 04:12:43.087: 37 test start:
2024-10-15 04:13:41.393: 37 avg_reward: -17.2
2024-10-15 04:13:41.394: 37 avg_steps: 2894.7
2024-10-15 04:13:41.394: 37 epsilon: 0.1
2024-10-15 04:13:41.394: 37 q: 0.4298374
2024-10-15 04:23:56.147: 38 test start:
2024-10-15 04:24:57.856: 38 avg_reward: -19.4
2024-10-15 04:24:57.857: 38 avg_steps: 3046.35
2024-10-15 04:24:57.857: 38 epsilon: 0.1
2024-10-15 04:24:57.857: 38 q: 0.44388255
2024-10-15 04:35:30.593: 39 test start:
2024-10-15 04:36:23.997: 39 avg_reward: -19.0
2024-10-15 04:36:23.997: 39 avg_steps: 2764.55
2024-10-15 04:36:23.997: 39 epsilon: 0.1
2024-10-15 04:36:23.997: 39 q: 0.46860737
2024-10-15 04:46:36.457: 40 test start:
2024-10-15 04:47:23.243: 40 avg_reward: -19.8
2024-10-15 04:47:23.244: 40 avg_steps: 2333.25
2024-10-15 04:47:23.244: 40 epsilon: 0.1
2024-10-15 04:47:23.244: 40 q: 0.49718928
2024-10-15 04:57:46.012: 41 test start:
2024-10-15 04:58:43.504: 41 avg_reward: -17.7
2024-10-15 04:58:43.504: 41 avg_steps: 2943.15
2024-10-15 04:58:43.504: 41 epsilon: 0.1
2024-10-15 04:58:43.504: 41 q: 0.5142468
2024-10-15 05:09:08.543: 42 test start:
2024-10-15 05:10:04.896: 42 avg_reward: -17.6
2024-10-15 05:10:04.896: 42 avg_steps: 2788.7
2024-10-15 05:10:04.896: 42 epsilon: 0.1
2024-10-15 05:10:04.896: 42 q: 0.538211
2024-10-15 05:20:20.665: 43 test start:
2024-10-15 05:21:13.212: 43 avg_reward: -17.3
2024-10-15 05:21:13.213: 43 avg_steps: 2715.35
2024-10-15 05:21:13.213: 43 epsilon: 0.1
2024-10-15 05:21:13.213: 43 q: 0.539023
2024-10-15 05:31:47.916: 44 test start:
2024-10-15 05:32:39.503: 44 avg_reward: -15.8
2024-10-15 05:32:39.503: 44 avg_steps: 2641.7
2024-10-15 05:32:39.503: 44 epsilon: 0.1
2024-10-15 05:32:39.503: 44 q: 0.5137799
2024-10-15 05:42:51.884: 45 test start:
2024-10-15 05:43:43.624: 45 avg_reward: -18.3
2024-10-15 05:43:43.625: 45 avg_steps: 2555.15
2024-10-15 05:43:43.625: 45 epsilon: 0.1
2024-10-15 05:43:43.625: 45 q: 0.50721884
2024-10-15 05:54:10.946: 46 test start:
2024-10-15 05:55:00.949: 46 avg_reward: -20.3
2024-10-15 05:55:00.949: 46 avg_steps: 2592.7
2024-10-15 05:55:00.949: 46 epsilon: 0.1
2024-10-15 05:55:00.949: 46 q: 0.51189786
2024-10-15 06:05:27.634: 47 test start:
2024-10-15 06:06:12.165: 47 avg_reward: -18.2
2024-10-15 06:06:12.165: 47 avg_steps: 2209.25
2024-10-15 06:06:12.165: 47 epsilon: 0.1
2024-10-15 06:06:12.165: 47 q: 0.5104492
2024-10-15 06:16:32.442: 48 test start:
2024-10-15 06:17:25.473: 48 avg_reward: -16.2
2024-10-15 06:17:25.473: 48 avg_steps: 2743.65
2024-10-15 06:17:25.473: 48 epsilon: 0.1
2024-10-15 06:17:25.473: 48 q: 0.5140066
2024-10-15 06:27:54.361: 49 test start:
2024-10-15 06:28:49.865: 49 avg_reward: -17.7
2024-10-15 06:28:49.865: 49 avg_steps: 2814.2
2024-10-15 06:28:49.865: 49 epsilon: 0.1
2024-10-15 06:28:49.865: 49 q: 0.5068394
2024-10-15 06:39:03.462: 50 test start:
2024-10-15 06:39:51.369: 50 avg_reward: -16.1
2024-10-15 06:39:51.369: 50 avg_steps: 2409.85
2024-10-15 06:39:51.369: 50 epsilon: 0.1
2024-10-15 06:39:51.369: 50 q: 0.49894702
2024-10-15 06:50:26.619: 51 test start:
2024-10-15 06:51:15.645: 51 avg_reward: -16.5
2024-10-15 06:51:15.645: 51 avg_steps: 2510.55
2024-10-15 06:51:15.645: 51 epsilon: 0.1
2024-10-15 06:51:15.645: 51 q: 0.47563115
2024-10-15 07:01:27.996: 52 test start:
2024-10-15 07:02:21.753: 52 avg_reward: -21.8
2024-10-15 07:02:21.753: 52 avg_steps: 2652.95
2024-10-15 07:02:21.753: 52 epsilon: 0.1
2024-10-15 07:02:21.753: 52 q: 0.4768105
2024-10-15 07:12:44.255: 53 test start:
2024-10-15 07:13:43.081: 53 avg_reward: -17.9
2024-10-15 07:13:43.081: 53 avg_steps: 3017.15
2024-10-15 07:13:43.081: 53 epsilon: 0.1
2024-10-15 07:13:43.081: 53 q: 0.4934798
2024-10-15 07:24:18.596: 54 test start:
2024-10-15 07:25:09.284: 54 avg_reward: -18.7
2024-10-15 07:25:09.284: 54 avg_steps: 2560.8
2024-10-15 07:25:09.284: 54 epsilon: 0.1
2024-10-15 07:25:09.284: 54 q: 0.46410158
2024-10-15 07:35:27.740: 55 test start:
2024-10-15 07:36:19.378: 55 avg_reward: -16.3
2024-10-15 07:36:19.378: 55 avg_steps: 2673.55
2024-10-15 07:36:19.379: 55 epsilon: 0.1
2024-10-15 07:36:19.379: 55 q: 0.47120708
2024-10-15 07:46:57.957: 56 test start:
2024-10-15 07:47:49.087: 56 avg_reward: -16.8
2024-10-15 07:47:49.088: 56 avg_steps: 2597.85
2024-10-15 07:47:49.088: 56 epsilon: 0.1
2024-10-15 07:47:49.088: 56 q: 0.462366
2024-10-15 07:58:02.158: 57 test start:
2024-10-15 07:58:59.048: 57 avg_reward: -17.7
2024-10-15 07:58:59.048: 57 avg_steps: 2858.0
2024-10-15 07:58:59.048: 57 epsilon: 0.1
2024-10-15 07:58:59.048: 57 q: 0.45806256
2024-10-15 08:09:31.894: 58 test start:
2024-10-15 08:10:26.953: 58 avg_reward: -17.6
2024-10-15 08:10:26.953: 58 avg_steps: 2833.15
2024-10-15 08:10:26.953: 58 epsilon: 0.1
2024-10-15 08:10:26.953: 58 q: 0.46275765
2024-10-15 08:20:52.021: 59 test start:
2024-10-15 08:21:52.431: 59 avg_reward: -16.8
2024-10-15 08:21:52.431: 59 avg_steps: 2988.2
2024-10-15 08:21:52.431: 59 epsilon: 0.1
2024-10-15 08:21:52.431: 59 q: 0.45508182
2024-10-15 08:32:11.682: 60 test start:
2024-10-15 08:33:02.992: 60 avg_reward: -19.3
2024-10-15 08:33:02.992: 60 avg_steps: 2661.4
2024-10-15 08:33:02.993: 60 epsilon: 0.1
2024-10-15 08:33:02.993: 60 q: 0.44384423
2024-10-15 08:43:46.249: 61 test start:
2024-10-15 08:44:44.175: 61 avg_reward: -18.0
2024-10-15 08:44:44.175: 61 avg_steps: 2909.75
2024-10-15 08:44:44.175: 61 epsilon: 0.1
2024-10-15 08:44:44.175: 61 q: 0.44128332
2024-10-15 08:54:55.707: 62 test start:
2024-10-15 08:56:03.303: 62 avg_reward: -17.4
2024-10-15 08:56:03.304: 62 avg_steps: 3366.85
2024-10-15 08:56:03.304: 62 epsilon: 0.1
2024-10-15 08:56:03.304: 62 q: 0.43358544
2024-10-15 09:06:40.661: 63 test start:
2024-10-15 09:07:35.259: 63 avg_reward: -19.7
2024-10-15 09:07:35.259: 63 avg_steps: 2763.55
2024-10-15 09:07:35.259: 63 epsilon: 0.1
2024-10-15 09:07:35.259: 63 q: 0.43623573
2024-10-15 09:17:59.204: 64 test start:
2024-10-15 09:18:53.058: 64 avg_reward: -19.1
2024-10-15 09:18:53.059: 64 avg_steps: 2643.95
2024-10-15 09:18:53.059: 64 epsilon: 0.1
2024-10-15 09:18:53.059: 64 q: 0.41047752
2024-10-15 09:29:17.469: 65 test start:
2024-10-15 09:30:14.101: 65 avg_reward: -18.3
2024-10-15 09:30:14.101: 65 avg_steps: 2869.95
2024-10-15 09:30:14.101: 65 epsilon: 0.1
2024-10-15 09:30:14.102: 65 q: 0.38463074
2024-10-15 09:40:49.693: 66 test start:
2024-10-15 09:41:47.540: 66 avg_reward: -18.4
2024-10-15 09:41:47.541: 66 avg_steps: 2858.75
2024-10-15 09:41:47.541: 66 epsilon: 0.1
2024-10-15 09:41:47.541: 66 q: 0.39437947
2024-10-15 09:52:03.871: 67 test start:
2024-10-15 09:53:05.369: 67 avg_reward: -17.8
2024-10-15 09:53:05.369: 67 avg_steps: 3051.8
2024-10-15 09:53:05.370: 67 epsilon: 0.1
2024-10-15 09:53:05.370: 67 q: 0.3712517
2024-10-15 10:03:44.176: 68 test start:
2024-10-15 10:04:42.334: 68 avg_reward: -16.9
2024-10-15 10:04:42.335: 68 avg_steps: 2982.1
2024-10-15 10:04:42.335: 68 epsilon: 0.1
2024-10-15 10:04:42.335: 68 q: 0.41187522
2024-10-15 10:15:00.702: 69 test start:
2024-10-15 10:15:53.107: 69 avg_reward: -15.5
2024-10-15 10:15:53.108: 69 avg_steps: 2583.4
2024-10-15 10:15:53.108: 69 epsilon: 0.1
2024-10-15 10:15:53.108: 69 q: 0.40163884
2024-10-15 10:26:21.164: 70 test start:
2024-10-15 10:27:12.126: 70 avg_reward: -17.4
2024-10-15 10:27:12.126: 70 avg_steps: 2609.85
2024-10-15 10:27:12.127: 70 epsilon: 0.1
2024-10-15 10:27:12.127: 70 q: 0.4092255
2024-10-15 10:37:50.884: 71 test start:
2024-10-15 10:38:46.160: 71 avg_reward: -17.9
2024-10-15 10:38:46.161: 71 avg_steps: 2744.9
2024-10-15 10:38:46.161: 71 epsilon: 0.1
2024-10-15 10:38:46.161: 71 q: 0.40742794
2024-10-15 10:48:59.672: 72 test start:
2024-10-15 10:49:54.249: 72 avg_reward: -17.6
2024-10-15 10:49:54.249: 72 avg_steps: 2708.75
2024-10-15 10:49:54.249: 72 epsilon: 0.1
2024-10-15 10:49:54.249: 72 q: 0.401146
2024-10-15 11:00:28.402: 73 test start:
2024-10-15 11:01:27.597: 73 avg_reward: -16.0
2024-10-15 11:01:27.597: 73 avg_steps: 3008.4
2024-10-15 11:01:27.597: 73 epsilon: 0.1
2024-10-15 11:01:27.597: 73 q: 0.38417426
2024-10-15 11:11:51.128: 74 test start:
2024-10-15 11:12:44.338: 74 avg_reward: -16.2
2024-10-15 11:12:44.338: 74 avg_steps: 2613.6
2024-10-15 11:12:44.338: 74 epsilon: 0.1
2024-10-15 11:12:44.338: 74 q: 0.37363377
2024-10-15 11:23:11.424: 75 test start:
2024-10-15 11:23:59.862: 75 avg_reward: -17.3
2024-10-15 11:23:59.862: 75 avg_steps: 2503.3
2024-10-15 11:23:59.862: 75 epsilon: 0.1
2024-10-15 11:23:59.862: 75 q: 0.37405065
2024-10-15 11:34:33.619: 76 test start:
2024-10-15 11:35:31.453: 76 avg_reward: -19.0
2024-10-15 11:35:31.453: 76 avg_steps: 2902.1
2024-10-15 11:35:31.453: 76 epsilon: 0.1
2024-10-15 11:35:31.453: 76 q: 0.3783397
2024-10-15 11:45:47.335: 77 test start:
2024-10-15 11:46:46.377: 77 avg_reward: -18.6
2024-10-15 11:46:46.377: 77 avg_steps: 3021.7
2024-10-15 11:46:46.378: 77 epsilon: 0.1
2024-10-15 11:46:46.378: 77 q: 0.37738085
2024-10-15 11:57:27.353: 78 test start:
2024-10-15 11:58:21.962: 78 avg_reward: -17.3
2024-10-15 11:58:21.962: 78 avg_steps: 2735.35
2024-10-15 11:58:21.962: 78 epsilon: 0.1
2024-10-15 11:58:21.962: 78 q: 0.37849194
2024-10-15 12:08:31.402: 79 test start:
2024-10-15 12:09:35.140: 79 avg_reward: -15.2
2024-10-15 12:09:35.141: 79 avg_steps: 3159.5
2024-10-15 12:09:35.141: 79 epsilon: 0.1
2024-10-15 12:09:35.141: 79 q: 0.39539868
2024-10-15 12:20:11.272: 80 test start:
2024-10-15 12:21:07.816: 80 avg_reward: -17.7
2024-10-15 12:21:07.816: 80 avg_steps: 2891.15
2024-10-15 12:21:07.816: 80 epsilon: 0.1
2024-10-15 12:21:07.816: 80 q: 0.3967887
2024-10-15 12:31:33.443: 81 test start:
2024-10-15 12:32:36.518: 81 avg_reward: -15.9
2024-10-15 12:32:36.518: 81 avg_steps: 3118.05
2024-10-15 12:32:36.518: 81 epsilon: 0.1
2024-10-15 12:32:36.518: 81 q: 0.38542932
2024-10-15 12:43:02.844: 82 test start:
2024-10-15 12:43:52.777: 82 avg_reward: -17.6
2024-10-15 12:43:52.778: 82 avg_steps: 2560.95
2024-10-15 12:43:52.778: 82 epsilon: 0.1
2024-10-15 12:43:52.778: 82 q: 0.39488092
2024-10-15 12:54:31.190: 83 test start:
2024-10-15 12:55:19.134: 83 avg_reward: -17.5
2024-10-15 12:55:19.134: 83 avg_steps: 2390.55
2024-10-15 12:55:19.134: 83 epsilon: 0.1
2024-10-15 12:55:19.134: 83 q: 0.38431624
2024-10-15 13:05:31.071: 84 test start:
2024-10-15 13:06:24.881: 84 avg_reward: -17.0
2024-10-15 13:06:24.881: 84 avg_steps: 2733.85
2024-10-15 13:06:24.881: 84 epsilon: 0.1
2024-10-15 13:06:24.881: 84 q: 0.3754562
2024-10-15 13:17:08.057: 85 test start:
2024-10-15 13:18:03.420: 85 avg_reward: -17.8
2024-10-15 13:18:03.420: 85 avg_steps: 2859.0
2024-10-15 13:18:03.420: 85 epsilon: 0.1
2024-10-15 13:18:03.420: 85 q: 0.3720901
2024-10-15 13:28:25.420: 86 test start:
2024-10-15 13:29:25.478: 86 avg_reward: -15.6
2024-10-15 13:29:25.478: 86 avg_steps: 2961.05
2024-10-15 13:29:25.478: 86 epsilon: 0.1
2024-10-15 13:29:25.479: 86 q: 0.3412347
2024-10-15 13:39:50.413: 87 test start:
2024-10-15 13:40:48.437: 87 avg_reward: -17.7
2024-10-15 13:40:48.437: 87 avg_steps: 2963.6
2024-10-15 13:40:48.437: 87 epsilon: 0.1
2024-10-15 13:40:48.437: 87 q: 0.33749434
2024-10-15 13:51:26.309: 88 test start:
2024-10-15 13:52:32.442: 88 avg_reward: -15.8
2024-10-15 13:52:32.443: 88 avg_steps: 3254.4
2024-10-15 13:52:32.443: 88 epsilon: 0.1
2024-10-15 13:52:32.443: 88 q: 0.32265276
2024-10-15 14:02:48.227: 89 test start:
2024-10-15 14:03:53.596: 89 avg_reward: -16.0
2024-10-15 14:03:53.596: 89 avg_steps: 3314.7
2024-10-15 14:03:53.596: 89 epsilon: 0.1
2024-10-15 14:03:53.596: 89 q: 0.32846123
2024-10-15 14:14:34.329: 90 test start:
2024-10-15 14:15:28.045: 90 avg_reward: -15.7
2024-10-15 14:15:28.045: 90 avg_steps: 2769.75
2024-10-15 14:15:28.045: 90 epsilon: 0.1
2024-10-15 14:15:28.045: 90 q: 0.3058224
2024-10-15 14:25:40.541: 91 test start:
2024-10-15 14:26:36.646: 91 avg_reward: -15.7
2024-10-15 14:26:36.647: 91 avg_steps: 2767.6
2024-10-15 14:26:36.647: 91 epsilon: 0.1
2024-10-15 14:26:36.647: 91 q: 0.30874658
2024-10-15 14:37:12.246: 92 test start:
2024-10-15 14:38:05.736: 92 avg_reward: -15.3
2024-10-15 14:38:05.736: 92 avg_steps: 2786.55
2024-10-15 14:38:05.737: 92 epsilon: 0.1
2024-10-15 14:38:05.737: 92 q: 0.30512026
2024-10-15 14:48:27.744: 93 test start:
2024-10-15 14:49:19.810: 93 avg_reward: -16.5
2024-10-15 14:49:19.810: 93 avg_steps: 2565.45
2024-10-15 14:49:19.811: 93 epsilon: 0.1
2024-10-15 14:49:19.811: 93 q: 0.3003307
2024-10-15 14:59:33.248: 94 test start:
2024-10-15 15:00:23.755: 94 avg_reward: -16.7
2024-10-15 15:00:23.755: 94 avg_steps: 2585.0
2024-10-15 15:00:23.755: 94 epsilon: 0.1
2024-10-15 15:00:23.755: 94 q: 0.33050317
2024-10-15 15:11:03.714: 95 test start:
2024-10-15 15:12:05.766: 95 avg_reward: -17.3
2024-10-15 15:12:05.767: 95 avg_steps: 3096.85
2024-10-15 15:12:05.767: 95 epsilon: 0.1
2024-10-15 15:12:05.767: 95 q: 0.34243834
2024-10-15 15:22:09.605: 96 test start:
2024-10-15 15:23:10.977: 96 avg_reward: -15.7
2024-10-15 15:23:10.978: 96 avg_steps: 3063.75
2024-10-15 15:23:10.978: 96 epsilon: 0.1
2024-10-15 15:23:10.978: 96 q: 0.333975
2024-10-15 15:33:49.277: 97 test start:
2024-10-15 15:34:51.326: 97 avg_reward: -17.1
2024-10-15 15:34:51.326: 97 avg_steps: 3242.25
2024-10-15 15:34:51.326: 97 epsilon: 0.1
2024-10-15 15:34:51.326: 97 q: 0.32770368
2024-10-15 15:45:14.064: 98 test start:
2024-10-15 15:46:05.522: 98 avg_reward: -16.1
2024-10-15 15:46:05.523: 98 avg_steps: 2593.0
2024-10-15 15:46:05.523: 98 epsilon: 0.1
2024-10-15 15:46:05.523: 98 q: 0.33298782
2024-10-15 15:56:35.587: 99 test start:
2024-10-15 15:57:25.244: 99 avg_reward: -15.0
2024-10-15 15:57:25.244: 99 avg_steps: 2593.3
2024-10-15 15:57:25.244: 99 epsilon: 0.1
2024-10-15 15:57:25.244: 99 q: 0.3126215
2024-10-15 16:08:06.117: 100 test start:
2024-10-15 16:09:06.079: 100 avg_reward: -15.7
2024-10-15 16:09:06.079: 100 avg_steps: 3036.25
2024-10-15 16:09:06.079: 100 epsilon: 0.1
2024-10-15 16:09:06.079: 100 q: 0.33418033
2024-10-15 16:19:14.997: 101 test start:
2024-10-15 16:20:05.425: 101 avg_reward: -15.8
2024-10-15 16:20:05.425: 101 avg_steps: 2535.7
2024-10-15 16:20:05.425: 101 epsilon: 0.1
2024-10-15 16:20:05.425: 101 q: 0.3534409
2024-10-15 16:30:50.434: 102 test start:
2024-10-15 16:31:47.243: 102 avg_reward: -14.3
2024-10-15 16:31:47.244: 102 avg_steps: 2836.8
2024-10-15 16:31:47.244: 102 epsilon: 0.1
2024-10-15 16:31:47.244: 102 q: 0.31340596
2024-10-15 16:42:02.642: 103 test start:
2024-10-15 16:42:57.120: 103 avg_reward: -18.4
2024-10-15 16:42:57.120: 103 avg_steps: 2694.45
2024-10-15 16:42:57.120: 103 epsilon: 0.1
2024-10-15 16:42:57.120: 103 q: 0.31181902
2024-10-15 16:53:23.099: 104 test start:
2024-10-15 16:54:13.717: 104 avg_reward: -18.5
2024-10-15 16:54:13.717: 104 avg_steps: 2620.95
2024-10-15 16:54:13.717: 104 epsilon: 0.1
2024-10-15 16:54:13.717: 104 q: 0.29402417
2024-10-15 17:04:39.609: 105 test start:
2024-10-15 17:05:29.750: 105 avg_reward: -15.0
2024-10-15 17:05:29.750: 105 avg_steps: 2473.95
2024-10-15 17:05:29.751: 105 epsilon: 0.1
2024-10-15 17:05:29.751: 105 q: 0.2948911
2024-10-15 17:15:45.796: 106 test start:
2024-10-15 17:16:41.881: 106 avg_reward: -15.6
2024-10-15 17:16:41.881: 106 avg_steps: 2858.55
2024-10-15 17:16:41.881: 106 epsilon: 0.1
2024-10-15 17:16:41.881: 106 q: 0.30823436
2024-10-15 17:27:28.367: 107 test start:
2024-10-15 17:28:27.111: 107 avg_reward: -15.2
2024-10-15 17:28:27.111: 107 avg_steps: 2944.5
2024-10-15 17:28:27.111: 107 epsilon: 0.1
2024-10-15 17:28:27.111: 107 q: 0.3042179
2024-10-15 17:38:36.789: 108 test start:
2024-10-15 17:39:36.645: 108 avg_reward: -16.0
2024-10-15 17:39:36.646: 108 avg_steps: 2966.65
2024-10-15 17:39:36.646: 108 epsilon: 0.1
2024-10-15 17:39:36.646: 108 q: 0.30410078
2024-10-15 17:50:23.561: 109 test start:
2024-10-15 17:51:12.766: 109 avg_reward: -15.9
2024-10-15 17:51:12.766: 109 avg_steps: 2520.5
2024-10-15 17:51:12.766: 109 epsilon: 0.1
2024-10-15 17:51:12.766: 109 q: 0.30389464
2024-10-15 18:01:34.524: 110 test start:
2024-10-15 18:02:26.776: 110 avg_reward: -16.2
2024-10-15 18:02:26.776: 110 avg_steps: 2575.8
2024-10-15 18:02:26.776: 110 epsilon: 0.1
2024-10-15 18:02:26.776: 110 q: 0.28614917
2024-10-15 18:12:50.610: 111 test start:
2024-10-15 18:13:42.419: 111 avg_reward: -15.2
2024-10-15 18:13:42.419: 111 avg_steps: 2653.9
2024-10-15 18:13:42.419: 111 epsilon: 0.1
2024-10-15 18:13:42.419: 111 q: 0.29129437
2024-10-15 18:24:24.205: 112 test start:
2024-10-15 18:25:23.685: 112 avg_reward: -14.9
2024-10-15 18:25:23.686: 112 avg_steps: 2940.25
2024-10-15 18:25:23.686: 112 epsilon: 0.1
2024-10-15 18:25:23.686: 112 q: 0.30015516
2024-10-15 18:35:38.733: 113 test start:
2024-10-15 18:36:35.427: 113 avg_reward: -16.0
2024-10-15 18:36:35.428: 113 avg_steps: 2819.25
2024-10-15 18:36:35.428: 113 epsilon: 0.1
2024-10-15 18:36:35.428: 113 q: 0.3027375
2024-10-15 18:47:17.670: 114 test start:
2024-10-15 18:48:16.726: 114 avg_reward: -13.1
2024-10-15 18:48:16.726: 114 avg_steps: 3082.8
2024-10-15 18:48:16.726: 114 epsilon: 0.1
2024-10-15 18:48:16.726: 114 q: 0.30666006
2024-10-15 18:58:49.695: 115 test start:
2024-10-15 18:59:48.456: 115 avg_reward: -15.5
2024-10-15 18:59:48.456: 115 avg_steps: 2978.95
2024-10-15 18:59:48.456: 115 epsilon: 0.1
2024-10-15 18:59:48.456: 115 q: 0.326972
2024-10-15 19:10:15.000: 116 test start:
2024-10-15 19:11:10.759: 116 avg_reward: -16.5
2024-10-15 19:11:10.759: 116 avg_steps: 2883.0
2024-10-15 19:11:10.759: 116 epsilon: 0.1
2024-10-15 19:11:10.759: 116 q: 0.32868868
2024-10-15 19:21:49.379: 117 test start:
2024-10-15 19:22:49.086: 117 avg_reward: -15.2
2024-10-15 19:22:49.086: 117 avg_steps: 2957.8
2024-10-15 19:22:49.086: 117 epsilon: 0.1
2024-10-15 19:22:49.086: 117 q: 0.33686835
2024-10-15 19:33:07.258: 118 test start:
2024-10-15 19:34:03.195: 118 avg_reward: -14.4
2024-10-15 19:34:03.195: 118 avg_steps: 2872.1
2024-10-15 19:34:03.195: 118 epsilon: 0.1
2024-10-15 19:34:03.195: 118 q: 0.31353223
2024-10-15 19:44:53.664: 119 test start:
2024-10-15 19:45:51.654: 119 avg_reward: -15.7
2024-10-15 19:45:51.654: 119 avg_steps: 2976.25
2024-10-15 19:45:51.654: 119 epsilon: 0.1
2024-10-15 19:45:51.654: 119 q: 0.29758832
2024-10-15 19:55:58.771: 120 test start:
2024-10-15 19:56:52.106: 120 avg_reward: -17.6
2024-10-15 19:56:52.106: 120 avg_steps: 2677.2
2024-10-15 19:56:52.106: 120 epsilon: 0.1
2024-10-15 19:56:52.106: 120 q: 0.27972564
2024-10-15 20:07:27.558: 121 test start:
2024-10-15 20:08:26.710: 121 avg_reward: -12.4
2024-10-15 20:08:26.710: 121 avg_steps: 3122.4
2024-10-15 20:08:26.710: 121 epsilon: 0.1
2024-10-15 20:08:26.710: 121 q: 0.30335772
2024-10-15 20:18:53.347: 122 test start:
2024-10-15 20:20:07.088: 122 avg_reward: -16.5
2024-10-15 20:20:07.089: 122 avg_steps: 3665.1
2024-10-15 20:20:07.089: 122 epsilon: 0.1
2024-10-15 20:20:07.089: 122 q: 0.2892045
2024-10-15 20:30:28.718: 123 test start:
2024-10-15 20:31:26.568: 123 avg_reward: -17.8
2024-10-15 20:31:26.569: 123 avg_steps: 2966.15
2024-10-15 20:31:26.569: 123 epsilon: 0.1
2024-10-15 20:31:26.569: 123 q: 0.29817912
2024-10-15 20:42:01.126: 124 test start:
2024-10-15 20:43:03.573: 124 avg_reward: -12.8
2024-10-15 20:43:03.574: 124 avg_steps: 3070.15
2024-10-15 20:43:03.574: 124 epsilon: 0.1
2024-10-15 20:43:03.574: 124 q: 0.2880451
2024-10-15 20:53:12.840: 125 test start:
2024-10-15 20:54:09.708: 125 avg_reward: -15.3
2024-10-15 20:54:09.708: 125 avg_steps: 2801.45
2024-10-15 20:54:09.708: 125 epsilon: 0.1
2024-10-15 20:54:09.709: 125 q: 0.28676188
2024-10-15 21:04:41.415: 126 test start:
2024-10-15 21:05:38.776: 126 avg_reward: -15.2
2024-10-15 21:05:38.776: 126 avg_steps: 2930.45
2024-10-15 21:05:38.776: 126 epsilon: 0.1
2024-10-15 21:05:38.776: 126 q: 0.29007715
2024-10-15 21:16:04.432: 127 test start:
2024-10-15 21:17:02.793: 127 avg_reward: -15.8
2024-10-15 21:17:02.793: 127 avg_steps: 2902.1
2024-10-15 21:17:02.793: 127 epsilon: 0.1
2024-10-15 21:17:02.793: 127 q: 0.2861739
2024-10-15 21:27:21.687: 128 test start:
2024-10-15 21:28:27.639: 128 avg_reward: -15.8
2024-10-15 21:28:27.639: 128 avg_steps: 3438.3
2024-10-15 21:28:27.639: 128 epsilon: 0.1
2024-10-15 21:28:27.639: 128 q: 0.3153844
2024-10-15 21:39:06.165: 129 test start:
2024-10-15 21:40:19.042: 129 avg_reward: -14.6
2024-10-15 21:40:19.042: 129 avg_steps: 3557.6
2024-10-15 21:40:19.042: 129 epsilon: 0.1
2024-10-15 21:40:19.043: 129 q: 0.32210395
2024-10-15 21:50:28.099: 130 test start:
2024-10-15 21:51:31.639: 130 avg_reward: -14.9
2024-10-15 21:51:31.639: 130 avg_steps: 3118.7
2024-10-15 21:51:31.639: 130 epsilon: 0.1
2024-10-15 21:51:31.640: 130 q: 0.32003388
2024-10-15 22:02:13.797: 131 test start:
2024-10-15 22:03:09.919: 131 avg_reward: -16.0
2024-10-15 22:03:09.919: 131 avg_steps: 2840.8
2024-10-15 22:03:09.919: 131 epsilon: 0.1
2024-10-15 22:03:09.919: 131 q: 0.32096618
2024-10-15 22:13:27.637: 132 test start:
2024-10-15 22:14:33.686: 132 avg_reward: -16.8
2024-10-15 22:14:33.686: 132 avg_steps: 3258.05
2024-10-15 22:14:33.686: 132 epsilon: 0.1
2024-10-15 22:14:33.686: 132 q: 0.29959583
2024-10-15 22:25:01.227: 133 test start:
2024-10-15 22:25:54.012: 133 avg_reward: -16.5
2024-10-15 22:25:54.012: 133 avg_steps: 2700.15
2024-10-15 22:25:54.012: 133 epsilon: 0.1
2024-10-15 22:25:54.012: 133 q: 0.28333685
2024-10-15 22:36:23.137: 134 test start:
2024-10-15 22:37:31.364: 134 avg_reward: -14.8
2024-10-15 22:37:31.364: 134 avg_steps: 3381.6
2024-10-15 22:37:31.364: 134 epsilon: 0.1
2024-10-15 22:37:31.364: 134 q: 0.29803413
2024-10-15 22:47:37.848: 135 test start:
2024-10-15 22:48:41.384: 135 avg_reward: -15.5
2024-10-15 22:48:41.385: 135 avg_steps: 3117.0
2024-10-15 22:48:41.385: 135 epsilon: 0.1
2024-10-15 22:48:41.385: 135 q: 0.30894956
2024-10-15 22:59:18.686: 136 test start:
2024-10-15 23:00:17.745: 136 avg_reward: -14.6
2024-10-15 23:00:17.745: 136 avg_steps: 2997.35
2024-10-15 23:00:17.745: 136 epsilon: 0.1
2024-10-15 23:00:17.745: 136 q: 0.32473698
2024-10-15 23:10:37.279: 137 test start:
2024-10-15 23:11:29.988: 137 avg_reward: -14.9
2024-10-15 23:11:29.988: 137 avg_steps: 2664.5
2024-10-15 23:11:29.989: 137 epsilon: 0.1
2024-10-15 23:11:29.989: 137 q: 0.3254784
2024-10-15 23:22:00.345: 138 test start:
2024-10-15 23:22:53.222: 138 avg_reward: -16.0
2024-10-15 23:22:53.222: 138 avg_steps: 2686.75
2024-10-15 23:22:53.222: 138 epsilon: 0.1
2024-10-15 23:22:53.222: 138 q: 0.32081723
2024-10-15 23:33:19.937: 139 test start:
2024-10-15 23:34:25.853: 139 avg_reward: -18.0
2024-10-15 23:34:25.853: 139 avg_steps: 3250.2
2024-10-15 23:34:25.854: 139 epsilon: 0.1
2024-10-15 23:34:25.854: 139 q: 0.32831907
2024-10-15 23:44:33.719: 140 test start:
2024-10-15 23:45:25.686: 140 avg_reward: -19.7
2024-10-15 23:45:25.686: 140 avg_steps: 2650.0
2024-10-15 23:45:25.686: 140 epsilon: 0.1
2024-10-15 23:45:25.686: 140 q: 0.32274574
2024-10-15 23:56:01.297: 141 test start:
2024-10-15 23:57:01.774: 141 avg_reward: -19.9
2024-10-15 23:57:01.774: 141 avg_steps: 3094.75
2024-10-15 23:57:01.774: 141 epsilon: 0.1
2024-10-15 23:57:01.774: 141 q: 0.3199311
2024-10-16 00:07:13.734: 142 test start:
2024-10-16 00:08:12.545: 142 avg_reward: -18.5
2024-10-16 00:08:12.545: 142 avg_steps: 2878.2
2024-10-16 00:08:12.546: 142 epsilon: 0.1
2024-10-16 00:08:12.546: 142 q: 0.30713648
2024-10-16 00:18:40.713: 143 test start:
2024-10-16 00:19:38.659: 143 avg_reward: -13.2
2024-10-16 00:19:38.659: 143 avg_steps: 2965.75
2024-10-16 00:19:38.659: 143 epsilon: 0.1
2024-10-16 00:19:38.659: 143 q: 0.29457203
2024-10-16 00:30:02.556: 144 test start:
2024-10-16 00:31:01.303: 144 avg_reward: -17.6
2024-10-16 00:31:01.303: 144 avg_steps: 2950.35
2024-10-16 00:31:01.303: 144 epsilon: 0.1
2024-10-16 00:31:01.303: 144 q: 0.29022974
2024-10-16 00:41:17.995: 145 test start:
2024-10-16 00:42:17.414: 145 avg_reward: -16.3
2024-10-16 00:42:17.414: 145 avg_steps: 3043.5
2024-10-16 00:42:17.414: 145 epsilon: 0.1
2024-10-16 00:42:17.414: 145 q: 0.2881478
2024-10-16 00:52:47.781: 146 test start:
2024-10-16 00:53:50.282: 146 avg_reward: -16.0
2024-10-16 00:53:50.282: 146 avg_steps: 3067.05
2024-10-16 00:53:50.282: 146 epsilon: 0.1
2024-10-16 00:53:50.282: 146 q: 0.27514482
2024-10-16 01:03:56.761: 147 test start:
2024-10-16 01:04:58.137: 147 avg_reward: -17.6
2024-10-16 01:04:58.137: 147 avg_steps: 3026.3
2024-10-16 01:04:58.137: 147 epsilon: 0.1
2024-10-16 01:04:58.137: 147 q: 0.26073328
2024-10-16 01:15:29.291: 148 test start:
2024-10-16 01:16:33.099: 148 avg_reward: -19.6
2024-10-16 01:16:33.099: 148 avg_steps: 3250.6
2024-10-16 01:16:33.099: 148 epsilon: 0.1
2024-10-16 01:16:33.099: 148 q: 0.2698185
2024-10-16 01:26:51.560: 149 test start:
2024-10-16 01:27:49.259: 149 avg_reward: -16.6
2024-10-16 01:27:49.260: 149 avg_steps: 2835.45
2024-10-16 01:27:49.260: 149 epsilon: 0.1
2024-10-16 01:27:49.260: 149 q: 0.26472366
2024-10-16 01:38:10.745: 150 test start:
2024-10-16 01:39:09.993: 150 avg_reward: -15.7
2024-10-16 01:39:09.993: 150 avg_steps: 3002.0
2024-10-16 01:39:09.993: 150 epsilon: 0.1
2024-10-16 01:39:09.993: 150 q: 0.26116502
2024-10-16 01:49:35.630: 151 test start:
2024-10-16 01:50:39.414: 151 avg_reward: -16.8
2024-10-16 01:50:39.415: 151 avg_steps: 3147.4
2024-10-16 01:50:39.415: 151 epsilon: 0.1
2024-10-16 01:50:39.415: 151 q: 0.2664746
2024-10-16 02:00:50.937: 152 test start:
2024-10-16 02:01:50.602: 152 avg_reward: -20.2
2024-10-16 02:01:50.602: 152 avg_steps: 3004.5
2024-10-16 02:01:50.602: 152 epsilon: 0.1
2024-10-16 02:01:50.602: 152 q: 0.25847283
2024-10-16 02:12:30.805: 153 test start:
2024-10-16 02:13:25.298: 153 avg_reward: -15.6
2024-10-16 02:13:25.299: 153 avg_steps: 2760.0
2024-10-16 02:13:25.299: 153 epsilon: 0.1
2024-10-16 02:13:25.299: 153 q: 0.27752015
2024-10-16 02:23:42.113: 154 test start:
2024-10-16 02:24:41.495: 154 avg_reward: -15.3
2024-10-16 02:24:41.495: 154 avg_steps: 2915.2
2024-10-16 02:24:41.496: 154 epsilon: 0.1
2024-10-16 02:24:41.496: 154 q: 0.2813293
2024-10-16 02:35:02.964: 155 test start:
2024-10-16 02:36:05.373: 155 avg_reward: -17.0
2024-10-16 02:36:05.374: 155 avg_steps: 3164.5
2024-10-16 02:36:05.374: 155 epsilon: 0.1
2024-10-16 02:36:05.374: 155 q: 0.2691209
2024-10-16 02:46:34.287: 156 test start:
2024-10-16 02:47:33.182: 156 avg_reward: -15.5
2024-10-16 02:47:33.182: 156 avg_steps: 2936.75
2024-10-16 02:47:33.182: 156 epsilon: 0.1
2024-10-16 02:47:33.182: 156 q: 0.26887044
2024-10-16 02:57:49.723: 157 test start:
2024-10-16 02:58:41.611: 157 avg_reward: -14.4
2024-10-16 02:58:41.612: 157 avg_steps: 2680.95
2024-10-16 02:58:41.612: 157 epsilon: 0.1
2024-10-16 02:58:41.612: 157 q: 0.25748748
2024-10-16 03:09:15.057: 158 test start:
2024-10-16 03:10:16.725: 158 avg_reward: -17.5
2024-10-16 03:10:16.725: 158 avg_steps: 2988.05
2024-10-16 03:10:16.725: 158 epsilon: 0.1
2024-10-16 03:10:16.725: 158 q: 0.23807286
2024-10-16 03:20:57.256: 159 test start:
2024-10-16 03:21:57.899: 159 avg_reward: -17.4
2024-10-16 03:21:57.899: 159 avg_steps: 3000.0
2024-10-16 03:21:57.899: 159 epsilon: 0.1
2024-10-16 03:21:57.899: 159 q: 0.2539616
2024-10-16 03:32:33.993: 160 test start:
2024-10-16 03:33:31.151: 160 avg_reward: -17.2
2024-10-16 03:33:31.151: 160 avg_steps: 2799.05
2024-10-16 03:33:31.151: 160 epsilon: 0.1
2024-10-16 03:33:31.151: 160 q: 0.26787388
2024-10-16 03:44:00.060: 161 test start:
2024-10-16 03:44:59.164: 161 avg_reward: -16.6
2024-10-16 03:44:59.164: 161 avg_steps: 2903.15
2024-10-16 03:44:59.164: 161 epsilon: 0.1
2024-10-16 03:44:59.165: 161 q: 0.29516304
2024-10-16 03:55:35.449: 162 test start:
2024-10-16 03:56:31.277: 162 avg_reward: -17.0
2024-10-16 03:56:31.277: 162 avg_steps: 2741.65
2024-10-16 03:56:31.277: 162 epsilon: 0.1
2024-10-16 03:56:31.277: 162 q: 0.2851668
2024-10-16 04:07:09.817: 163 test start:
2024-10-16 04:08:13.138: 163 avg_reward: -15.2
2024-10-16 04:08:13.139: 163 avg_steps: 3143.45
2024-10-16 04:08:13.139: 163 epsilon: 0.1
2024-10-16 04:08:13.139: 163 q: 0.29732454
2024-10-16 04:18:48.007: 164 test start:
2024-10-16 04:19:54.664: 164 avg_reward: -21.0
2024-10-16 04:19:54.664: 164 avg_steps: 3392.0
2024-10-16 04:19:54.664: 164 epsilon: 0.1
2024-10-16 04:19:54.664: 164 q: 0.31222847
2024-10-16 04:30:33.795: 165 test start:
2024-10-16 04:31:24.977: 165 avg_reward: -13.2
2024-10-16 04:31:24.977: 165 avg_steps: 2565.85
2024-10-16 04:31:24.977: 165 epsilon: 0.1
2024-10-16 04:31:24.977: 165 q: 0.29142565
2024-10-16 04:42:06.664: 166 test start:
2024-10-16 04:43:11.099: 166 avg_reward: -13.4
2024-10-16 04:43:11.099: 166 avg_steps: 3202.65
2024-10-16 04:43:11.099: 166 epsilon: 0.1
2024-10-16 04:43:11.099: 166 q: 0.29552722
2024-10-16 04:53:50.724: 167 test start:
2024-10-16 04:54:43.222: 167 avg_reward: -15.9
2024-10-16 04:54:43.222: 167 avg_steps: 2563.65
2024-10-16 04:54:43.223: 167 epsilon: 0.1
2024-10-16 04:54:43.223: 167 q: 0.31102705
2024-10-16 05:05:10.881: 168 test start:
2024-10-16 05:06:14.545: 168 avg_reward: -14.8
2024-10-16 05:06:14.545: 168 avg_steps: 3208.35
2024-10-16 05:06:14.545: 168 epsilon: 0.1
2024-10-16 05:06:14.545: 168 q: 0.33993137
2024-10-16 05:16:59.790: 169 test start:
2024-10-16 05:17:59.309: 169 avg_reward: -16.3
2024-10-16 05:17:59.309: 169 avg_steps: 2887.5
2024-10-16 05:17:59.309: 169 epsilon: 0.1
2024-10-16 05:17:59.309: 169 q: 0.3571867
2024-10-16 05:28:42.670: 170 test start:
2024-10-16 05:29:32.116: 170 avg_reward: -17.3
2024-10-16 05:29:32.117: 170 avg_steps: 2414.5
2024-10-16 05:29:32.117: 170 epsilon: 0.1
2024-10-16 05:29:32.117: 170 q: 0.3701978
2024-10-16 05:40:06.468: 171 test start:
2024-10-16 05:41:08.164: 171 avg_reward: -14.7
2024-10-16 05:41:08.165: 171 avg_steps: 3000.45
2024-10-16 05:41:08.165: 171 epsilon: 0.1
2024-10-16 05:41:08.165: 171 q: 0.42041954
2024-10-16 05:51:51.250: 172 test start:
2024-10-16 05:52:48.883: 172 avg_reward: -12.3
2024-10-16 05:52:48.883: 172 avg_steps: 2792.9
2024-10-16 05:52:48.883: 172 epsilon: 0.1
2024-10-16 05:52:48.883: 172 q: 0.42947224
2024-10-16 06:03:32.807: 173 test start:
2024-10-16 06:04:37.914: 173 avg_reward: -17.5
2024-10-16 06:04:37.914: 173 avg_steps: 3188.8
2024-10-16 06:04:37.914: 173 epsilon: 0.1
2024-10-16 06:04:37.914: 173 q: 0.4762964
2024-10-16 06:15:20.343: 174 test start:
2024-10-16 06:16:12.700: 174 avg_reward: -15.6
2024-10-16 06:16:12.700: 174 avg_steps: 2665.25
2024-10-16 06:16:12.700: 174 epsilon: 0.1
2024-10-16 06:16:12.700: 174 q: 0.51088995
2024-10-16 06:26:47.300: 175 test start:
2024-10-16 06:27:45.783: 175 avg_reward: -19.7
2024-10-16 06:27:45.783: 175 avg_steps: 2857.15
2024-10-16 06:27:45.783: 175 epsilon: 0.1
2024-10-16 06:27:45.783: 175 q: 0.52042866
2024-10-16 06:38:29.717: 176 test start:
2024-10-16 06:39:27.476: 176 avg_reward: -20.0
2024-10-16 06:39:27.477: 176 avg_steps: 2883.2
2024-10-16 06:39:27.477: 176 epsilon: 0.1
2024-10-16 06:39:27.477: 176 q: 0.56778115
2024-10-16 06:50:11.447: 177 test start:
2024-10-16 06:51:03.753: 177 avg_reward: -17.2
2024-10-16 06:51:03.753: 177 avg_steps: 2553.8
2024-10-16 06:51:03.753: 177 epsilon: 0.1
2024-10-16 06:51:03.754: 177 q: 0.5976011
2024-10-16 07:01:44.859: 178 test start:
2024-10-16 07:02:49.610: 178 avg_reward: -15.0
2024-10-16 07:02:49.610: 178 avg_steps: 3150.95
2024-10-16 07:02:49.610: 178 epsilon: 0.1
2024-10-16 07:02:49.610: 178 q: 0.6956052
2024-10-16 07:13:35.874: 179 test start:
2024-10-16 07:14:24.556: 179 avg_reward: -16.6
2024-10-16 07:14:24.557: 179 avg_steps: 2385.9
2024-10-16 07:14:24.557: 179 epsilon: 0.1
2024-10-16 07:14:24.557: 179 q: 0.7301735
2024-10-16 07:25:10.447: 180 test start:
2024-10-16 07:26:03.292: 180 avg_reward: -15.6
2024-10-16 07:26:03.292: 180 avg_steps: 2647.15
2024-10-16 07:26:03.292: 180 epsilon: 0.1
2024-10-16 07:26:03.292: 180 q: 0.85065603
2024-10-16 07:36:45.274: 181 test start:
2024-10-16 07:37:42.362: 181 avg_reward: -14.6
2024-10-16 07:37:42.363: 181 avg_steps: 2781.55
2024-10-16 07:37:42.363: 181 epsilon: 0.1
2024-10-16 07:37:42.363: 181 q: 0.90521395
2024-10-16 07:48:24.580: 182 test start:
2024-10-16 07:49:09.924: 182 avg_reward: -14.6
2024-10-16 07:49:09.924: 182 avg_steps: 2191.9
2024-10-16 07:49:09.924: 182 epsilon: 0.1
2024-10-16 07:49:09.924: 182 q: 0.9272124
2024-10-16 07:59:50.715: 183 test start:
2024-10-16 08:00:33.203: 183 avg_reward: -16.5
2024-10-16 08:00:33.204: 183 avg_steps: 2079.9
2024-10-16 08:00:33.204: 183 epsilon: 0.1
2024-10-16 08:00:33.204: 183 q: 0.99177736
2024-10-16 08:11:15.394: 184 test start:
2024-10-16 08:12:14.537: 184 avg_reward: -17.7
2024-10-16 08:12:14.537: 184 avg_steps: 2867.75
2024-10-16 08:12:14.537: 184 epsilon: 0.1
2024-10-16 08:12:14.537: 184 q: 0.58263266
2024-10-16 08:22:55.433: 185 test start:
2024-10-16 08:23:52.025: 185 avg_reward: -20.9
2024-10-16 08:23:52.026: 185 avg_steps: 2796.25
2024-10-16 08:23:52.026: 185 epsilon: 0.1
2024-10-16 08:23:52.026: 185 q: 0.47825855
2024-10-16 08:34:34.470: 186 test start:
2024-10-16 08:35:22.947: 186 avg_reward: -16.9
2024-10-16 08:35:22.947: 186 avg_steps: 2371.7
2024-10-16 08:35:22.947: 186 epsilon: 0.1
2024-10-16 08:35:22.947: 186 q: 0.50788933
2024-10-16 08:46:05.363: 187 test start:
2024-10-16 08:47:03.960: 187 avg_reward: -13.5
2024-10-16 08:47:03.960: 187 avg_steps: 2843.5
2024-10-16 08:47:03.960: 187 epsilon: 0.1
2024-10-16 08:47:03.960: 187 q: 0.54061323
2024-10-16 08:57:47.146: 188 test start:
2024-10-16 08:58:40.232: 188 avg_reward: -14.8
2024-10-16 08:58:40.233: 188 avg_steps: 2610.55
2024-10-16 08:58:40.233: 188 epsilon: 0.1
2024-10-16 08:58:40.233: 188 q: 0.5242683
2024-10-16 09:09:17.108: 189 test start:
2024-10-16 09:10:03.141: 189 avg_reward: -14.2
2024-10-16 09:10:03.141: 189 avg_steps: 2306.15
2024-10-16 09:10:03.141: 189 epsilon: 0.1
2024-10-16 09:10:03.141: 189 q: 0.5419116
2024-10-16 09:20:47.245: 190 test start:
2024-10-16 09:21:38.220: 190 avg_reward: -16.3
2024-10-16 09:21:38.220: 190 avg_steps: 2483.9
2024-10-16 09:21:38.220: 190 epsilon: 0.1
2024-10-16 09:21:38.220: 190 q: 0.556172
2024-10-16 09:32:19.477: 191 test start:
2024-10-16 09:33:10.670: 191 avg_reward: -16.1
2024-10-16 09:33:10.670: 191 avg_steps: 2500.65
2024-10-16 09:33:10.671: 191 epsilon: 0.1
2024-10-16 09:33:10.671: 191 q: 0.557073
2024-10-16 09:43:53.424: 192 test start:
2024-10-16 09:44:47.580: 192 avg_reward: -13.7
2024-10-16 09:44:47.580: 192 avg_steps: 2635.7
2024-10-16 09:44:47.580: 192 epsilon: 0.1
2024-10-16 09:44:47.580: 192 q: 0.5436628
2024-10-16 09:55:11.162: 193 test start:
2024-10-16 09:56:00.702: 193 avg_reward: -18.0
2024-10-16 09:56:00.702: 193 avg_steps: 2508.5
2024-10-16 09:56:00.702: 193 epsilon: 0.1
2024-10-16 09:56:00.702: 193 q: 0.55682415
2024-10-16 10:06:44.100: 194 test start:
2024-10-16 10:07:37.526: 194 avg_reward: -14.9
2024-10-16 10:07:37.527: 194 avg_steps: 2644.3
2024-10-16 10:07:37.527: 194 epsilon: 0.1
2024-10-16 10:07:37.527: 194 q: 0.55750257
2024-10-16 10:18:18.964: 195 test start:
2024-10-16 10:19:14.168: 195 avg_reward: -13.8
2024-10-16 10:19:14.169: 195 avg_steps: 2718.25
2024-10-16 10:19:14.169: 195 epsilon: 0.1
2024-10-16 10:19:14.169: 195 q: 0.5331475
2024-10-16 10:29:52.552: 196 test start:
2024-10-16 10:30:57.623: 196 avg_reward: -13.8
2024-10-16 10:30:57.623: 196 avg_steps: 3250.5
2024-10-16 10:30:57.623: 196 epsilon: 0.1
2024-10-16 10:30:57.623: 196 q: 0.53750527
2024-10-16 10:41:41.570: 197 test start:
2024-10-16 10:42:40.654: 197 avg_reward: -17.6
2024-10-16 10:42:40.654: 197 avg_steps: 2915.15
2024-10-16 10:42:40.654: 197 epsilon: 0.1
2024-10-16 10:42:40.654: 197 q: 0.52646273
2024-10-16 10:53:22.585: 198 test start:
2024-10-16 10:54:13.865: 198 avg_reward: -17.2
2024-10-16 10:54:13.865: 198 avg_steps: 2501.15
2024-10-16 10:54:13.865: 198 epsilon: 0.1
2024-10-16 10:54:13.865: 198 q: 0.50621617
2024-10-16 11:04:58.943: 199 test start:
2024-10-16 11:05:57.635: 199 avg_reward: -19.9
2024-10-16 11:05:57.635: 199 avg_steps: 2896.05
2024-10-16 11:05:57.635: 199 epsilon: 0.1
2024-10-16 11:05:57.635: 199 q: 0.48871717
2024-10-16 11:16:35.597: 200 test start:
2024-10-16 11:17:34.276: 200 avg_reward: -17.6
2024-10-16 11:17:34.276: 200 avg_steps: 2865.4
2024-10-16 11:17:34.276: 200 epsilon: 0.1
2024-10-16 11:17:34.276: 200 q: 0.4794174
