2024-10-11 16:47:47.687: 
parameters:agent_test_episodes: 20
batch_num_per_epoch: 250000
device: cuda:0
env_name: ALE/Atlantis-v5
epsilon_for_test: 0.05
epsilon_max: 1.0
epsilon_min: 0.1
exp_name: ALE-Atlantis-v5_2024-10-11-16-47-47
exp_path: ../exps/dqn/
exploration_steps: 1000000
gamma: 0.99
held_out_states_num: 1000
learning_rate: 0.00025
mini_batch_size: 32
model_update_freq: 4
n_times: 5
no_op_max: 30
phi_channel: 4
replay_buffer_size: 1000000
replay_start_size: 50000
save_model: true
screen_size: 84
seed: 0
skip_k_frame: 4
step_c: 10000
training_steps: 50000000

2024-10-11 16:47:47.789: env id: ALE/Atlantis-v5 |repeat_action_probability: 0 
2024-10-11 16:47:47.789: screen_size: 84 | grayscale_obs:True 
scale_obs:False | action space size: 4
remove flickering: True | frame skip: 4
state space shape: (210, 160, 3) 
2024-10-11 16:47:48.056: optimizer: RMSprop (
Parameter Group 0
    alpha: 0.95
    centered: False
    differentiable: False
    eps: 0.01
    foreach: None
    lr: 0.00025
    maximize: False
    momentum: 0
    weight_decay: 0
)
2024-10-11 16:57:12.322: 1 test start:
2024-10-11 16:57:23.273: 1 avg_reward: 2984.0
2024-10-11 16:57:23.273: 1 avg_steps: 577.95
2024-10-11 16:57:23.273: 1 epsilon: 0.8194096
2024-10-11 16:57:23.273: 1 q: 0.17837352
2024-10-11 17:07:54.517: 2 test start:
2024-10-11 17:08:05.493: 2 avg_reward: 3964.0
2024-10-11 17:08:05.494: 2 avg_steps: 590.45
2024-10-11 17:08:05.494: 2 epsilon: 0.5942548
2024-10-11 17:08:05.494: 2 q: 0.36438727
2024-10-11 17:18:01.105: 3 test start:
2024-10-11 17:18:14.345: 3 avg_reward: 5284.0
2024-10-11 17:18:14.345: 3 avg_steps: 683.35
2024-10-11 17:18:14.345: 3 epsilon: 0.3695653
2024-10-11 17:18:14.345: 3 q: 0.43108717
2024-10-11 18:06:21.466: 4 test start:
2024-10-11 18:06:36.206: 4 avg_reward: 7354.0
2024-10-11 18:06:36.206: 4 avg_steps: 748.5
2024-10-11 18:06:36.206: 4 epsilon: 0.14419269999999995
2024-10-11 18:06:36.206: 4 q: 0.527936
2024-10-11 18:17:08.717: 5 test start:
2024-10-11 18:17:31.667: 5 avg_reward: 14859.0
2024-10-11 18:17:31.667: 5 avg_steps: 1150.45
2024-10-11 18:17:31.667: 5 epsilon: 0.1
2024-10-11 18:17:31.667: 5 q: 0.5768294
2024-10-11 18:28:05.390: 6 test start:
2024-10-11 18:28:20.366: 6 avg_reward: 6649.0
2024-10-11 18:28:20.366: 6 avg_steps: 753.75
2024-10-11 18:28:20.366: 6 epsilon: 0.1
2024-10-11 18:28:20.366: 6 q: 0.72135586
2024-10-11 18:38:53.121: 7 test start:
2024-10-11 18:39:04.212: 7 avg_reward: 2484.0
2024-10-11 18:39:04.212: 7 avg_steps: 554.8
2024-10-11 18:39:04.212: 7 epsilon: 0.1
2024-10-11 18:39:04.212: 7 q: 0.70942044
2024-10-11 18:49:36.927: 8 test start:
2024-10-11 18:49:55.024: 8 avg_reward: 11059.0
2024-10-11 18:49:55.024: 8 avg_steps: 912.6
2024-10-11 18:49:55.025: 8 epsilon: 0.1
2024-10-11 18:49:55.025: 8 q: 0.7985363
2024-10-11 19:00:27.803: 9 test start:
2024-10-11 19:00:38.710: 9 avg_reward: 2599.0
2024-10-11 19:00:38.711: 9 avg_steps: 546.9
2024-10-11 19:00:38.716: 9 epsilon: 0.1
2024-10-11 19:00:38.716: 9 q: 0.9326697
2024-10-11 19:11:09.945: 10 test start:
2024-10-11 19:11:24.975: 10 avg_reward: 8834.0
2024-10-11 19:11:24.976: 10 avg_steps: 755.45
2024-10-11 19:11:24.976: 10 epsilon: 0.1
2024-10-11 19:11:24.976: 10 q: 0.8835455
2024-10-11 19:21:59.214: 11 test start:
2024-10-11 19:22:10.571: 11 avg_reward: 2914.0
2024-10-11 19:22:10.571: 11 avg_steps: 571.75
2024-10-11 19:22:10.571: 11 epsilon: 0.1
2024-10-11 19:22:10.571: 11 q: 0.9242164
2024-10-11 19:32:40.538: 12 test start:
2024-10-11 19:32:51.372: 12 avg_reward: 2899.0
2024-10-11 19:32:51.373: 12 avg_steps: 549.0
2024-10-11 19:32:51.373: 12 epsilon: 0.1
2024-10-11 19:32:51.373: 12 q: 0.97008836
2024-10-11 19:43:23.281: 13 test start:
2024-10-11 19:43:38.341: 13 avg_reward: 6934.0
2024-10-11 19:43:38.341: 13 avg_steps: 755.5
2024-10-11 19:43:38.341: 13 epsilon: 0.1
2024-10-11 19:43:38.342: 13 q: 0.86332774
2024-10-11 19:54:09.722: 14 test start:
2024-10-11 19:54:21.127: 14 avg_reward: 2834.0
2024-10-11 19:54:21.127: 14 avg_steps: 570.45
2024-10-11 19:54:21.127: 14 epsilon: 0.1
2024-10-11 19:54:21.127: 14 q: 0.84253293
2024-10-11 20:04:53.122: 15 test start:
2024-10-11 20:05:05.329: 15 avg_reward: 4424.0
2024-10-11 20:05:05.329: 15 avg_steps: 613.25
2024-10-11 20:05:05.329: 15 epsilon: 0.1
2024-10-11 20:05:05.330: 15 q: 0.8821483
2024-10-11 20:15:39.983: 16 test start:
2024-10-11 20:15:51.710: 16 avg_reward: 3554.0
2024-10-11 20:15:51.710: 16 avg_steps: 589.3
2024-10-11 20:15:51.710: 16 epsilon: 0.1
2024-10-11 20:15:51.710: 16 q: 0.9467045
2024-10-11 20:26:25.196: 17 test start:
2024-10-11 20:26:38.751: 17 avg_reward: 4689.0
2024-10-11 20:26:38.751: 17 avg_steps: 676.5
2024-10-11 20:26:38.751: 17 epsilon: 0.1
2024-10-11 20:26:38.751: 17 q: 0.99213356
2024-10-11 20:37:12.784: 18 test start:
2024-10-11 20:37:23.966: 18 avg_reward: 3699.0
2024-10-11 20:37:23.967: 18 avg_steps: 580.75
2024-10-11 20:37:23.967: 18 epsilon: 0.1
2024-10-11 20:37:23.967: 18 q: 1.0025896
2024-10-11 20:47:58.115: 19 test start:
2024-10-11 20:48:15.525: 19 avg_reward: 8639.0
2024-10-11 20:48:15.525: 19 avg_steps: 880.4
2024-10-11 20:48:15.525: 19 epsilon: 0.1
2024-10-11 20:48:15.525: 19 q: 1.0381665
2024-10-11 20:58:53.471: 20 test start:
2024-10-11 20:59:08.543: 20 avg_reward: 6224.0
2024-10-11 20:59:08.543: 20 avg_steps: 756.85
2024-10-11 20:59:08.543: 20 epsilon: 0.1
2024-10-11 20:59:08.544: 20 q: 1.0668427
2024-10-11 21:09:42.810: 21 test start:
2024-10-11 21:10:01.480: 21 avg_reward: 8449.0
2024-10-11 21:10:01.481: 21 avg_steps: 943.95
2024-10-11 21:10:01.481: 21 epsilon: 0.1
2024-10-11 21:10:01.481: 21 q: 1.0862932
2024-10-11 21:20:33.264: 22 test start:
2024-10-11 21:20:55.394: 22 avg_reward: 14709.0
2024-10-11 21:20:55.394: 22 avg_steps: 1112.7
2024-10-11 21:20:55.394: 22 epsilon: 0.1
2024-10-11 21:20:55.394: 22 q: 1.1261282
2024-10-11 21:31:25.668: 23 test start:
2024-10-11 21:31:38.969: 23 avg_reward: 4499.0
2024-10-11 21:31:38.970: 23 avg_steps: 668.7
2024-10-11 21:31:38.970: 23 epsilon: 0.1
2024-10-11 21:31:38.970: 23 q: 1.1310533
2024-10-11 21:42:07.774: 24 test start:
2024-10-11 21:42:24.276: 24 avg_reward: 7904.0
2024-10-11 21:42:24.276: 24 avg_steps: 838.0
2024-10-11 21:42:24.276: 24 epsilon: 0.1
2024-10-11 21:42:24.276: 24 q: 1.1016421
2024-10-11 21:52:52.657: 25 test start:
2024-10-11 21:53:10.784: 25 avg_reward: 8469.0
2024-10-11 21:53:10.785: 25 avg_steps: 934.7
2024-10-11 21:53:10.785: 25 epsilon: 0.1
2024-10-11 21:53:10.785: 25 q: 1.0930637
2024-10-11 22:03:41.922: 26 test start:
2024-10-11 22:03:57.009: 26 avg_reward: 6534.0
2024-10-11 22:03:57.010: 26 avg_steps: 787.0
2024-10-11 22:03:57.010: 26 epsilon: 0.1
2024-10-11 22:03:57.010: 26 q: 1.1501452
2024-10-11 22:14:28.434: 27 test start:
2024-10-11 22:14:45.216: 27 avg_reward: 8934.0
2024-10-11 22:14:45.216: 27 avg_steps: 880.95
2024-10-11 22:14:45.217: 27 epsilon: 0.1
2024-10-11 22:14:45.217: 27 q: 1.1857197
2024-10-11 22:25:14.120: 28 test start:
2024-10-11 22:25:29.800: 28 avg_reward: 6944.0
2024-10-11 22:25:29.800: 28 avg_steps: 800.05
2024-10-11 22:25:29.800: 28 epsilon: 0.1
2024-10-11 22:25:29.800: 28 q: 1.1534507
2024-10-11 22:36:00.626: 29 test start:
2024-10-11 22:36:18.971: 29 avg_reward: 8894.0
2024-10-11 22:36:18.971: 29 avg_steps: 943.15
2024-10-11 22:36:18.971: 29 epsilon: 0.1
2024-10-11 22:36:18.971: 29 q: 1.1540844
2024-10-11 22:46:51.747: 30 test start:
2024-10-11 22:47:04.675: 30 avg_reward: 5614.0
2024-10-11 22:47:04.675: 30 avg_steps: 665.95
2024-10-11 22:47:04.675: 30 epsilon: 0.1
2024-10-11 22:47:04.675: 30 q: 1.1931696
2024-10-11 22:57:34.088: 31 test start:
2024-10-11 22:57:52.085: 31 avg_reward: 8059.0
2024-10-11 22:57:52.086: 31 avg_steps: 915.6
2024-10-11 22:57:52.086: 31 epsilon: 0.1
2024-10-11 22:57:52.086: 31 q: 1.2225852
2024-10-11 23:08:22.878: 32 test start:
2024-10-11 23:08:35.009: 32 avg_reward: 3514.0
2024-10-11 23:08:35.009: 32 avg_steps: 604.35
2024-10-11 23:08:35.009: 32 epsilon: 0.1
2024-10-11 23:08:35.009: 32 q: 1.2671118
2024-10-11 23:19:05.031: 33 test start:
2024-10-11 23:19:31.557: 33 avg_reward: 20794.0
2024-10-11 23:19:31.557: 33 avg_steps: 1332.35
2024-10-11 23:19:31.558: 33 epsilon: 0.1
2024-10-11 23:19:31.558: 33 q: 1.299344
2024-10-11 23:30:03.535: 34 test start:
2024-10-11 23:30:26.921: 34 avg_reward: 17494.0
2024-10-11 23:30:26.921: 34 avg_steps: 1215.6
2024-10-11 23:30:26.921: 34 epsilon: 0.1
2024-10-11 23:30:26.921: 34 q: 1.3100953
2024-10-11 23:41:00.071: 35 test start:
2024-10-11 23:41:10.672: 35 avg_reward: 2604.0
2024-10-11 23:41:10.672: 35 avg_steps: 538.7
2024-10-11 23:41:10.672: 35 epsilon: 0.1
2024-10-11 23:41:10.672: 35 q: 1.3278505
2024-10-11 23:51:42.001: 36 test start:
2024-10-11 23:52:00.636: 36 avg_reward: 7664.0
2024-10-11 23:52:00.636: 36 avg_steps: 954.65
2024-10-11 23:52:00.636: 36 epsilon: 0.1
2024-10-11 23:52:00.636: 36 q: 1.3701262
2024-10-12 00:02:27.563: 37 test start:
2024-10-12 00:02:42.369: 37 avg_reward: 6469.0
2024-10-12 00:02:42.369: 37 avg_steps: 743.45
2024-10-12 00:02:42.369: 37 epsilon: 0.1
2024-10-12 00:02:42.369: 37 q: 1.4228176
2024-10-12 00:13:11.592: 38 test start:
2024-10-12 00:13:28.230: 38 avg_reward: 9214.0
2024-10-12 00:13:28.230: 38 avg_steps: 841.85
2024-10-12 00:13:28.230: 38 epsilon: 0.1
2024-10-12 00:13:28.230: 38 q: 1.4040174
2024-10-12 00:23:58.700: 39 test start:
2024-10-12 00:24:17.811: 39 avg_reward: 12024.0
2024-10-12 00:24:17.811: 39 avg_steps: 957.5
2024-10-12 00:24:17.811: 39 epsilon: 0.1
2024-10-12 00:24:17.811: 39 q: 1.4391106
2024-10-12 00:34:48.341: 40 test start:
2024-10-12 00:35:09.348: 40 avg_reward: 11379.0
2024-10-12 00:35:09.349: 40 avg_steps: 1053.9
2024-10-12 00:35:09.349: 40 epsilon: 0.1
2024-10-12 00:35:09.349: 40 q: 1.4046975
2024-10-12 00:45:38.707: 41 test start:
2024-10-12 00:46:09.306: 41 avg_reward: 22569.0
2024-10-12 00:46:09.307: 41 avg_steps: 1537.3
2024-10-12 00:46:09.307: 41 epsilon: 0.1
2024-10-12 00:46:09.307: 41 q: 1.3614632
2024-10-12 00:56:35.871: 42 test start:
2024-10-12 00:56:52.066: 42 avg_reward: 7369.0
2024-10-12 00:56:52.066: 42 avg_steps: 811.7
2024-10-12 00:56:52.066: 42 epsilon: 0.1
2024-10-12 00:56:52.066: 42 q: 1.4222
2024-10-12 01:07:20.669: 43 test start:
2024-10-12 01:07:36.808: 43 avg_reward: 7834.0
2024-10-12 01:07:36.808: 43 avg_steps: 812.6
2024-10-12 01:07:36.808: 43 epsilon: 0.1
2024-10-12 01:07:36.808: 43 q: 1.4643464
2024-10-12 01:18:03.693: 44 test start:
2024-10-12 01:18:18.704: 44 avg_reward: 7859.0
2024-10-12 01:18:18.704: 44 avg_steps: 758.1
2024-10-12 01:18:18.705: 44 epsilon: 0.1
2024-10-12 01:18:18.705: 44 q: 1.4778374
2024-10-12 01:28:48.108: 45 test start:
2024-10-12 01:29:35.530: 45 avg_reward: 44519.0
2024-10-12 01:29:35.530: 45 avg_steps: 2402.7
2024-10-12 01:29:35.530: 45 epsilon: 0.1
2024-10-12 01:29:35.530: 45 q: 1.4732599
2024-10-12 01:40:08.116: 46 test start:
2024-10-12 01:40:19.848: 46 avg_reward: 4294.0
2024-10-12 01:40:19.848: 46 avg_steps: 580.2
2024-10-12 01:40:19.848: 46 epsilon: 0.1
2024-10-12 01:40:19.848: 46 q: 1.4865217
2024-10-12 01:50:41.320: 47 test start:
2024-10-12 01:51:23.061: 47 avg_reward: 39309.0
2024-10-12 01:51:23.061: 47 avg_steps: 2092.6
2024-10-12 01:51:23.061: 47 epsilon: 0.1
2024-10-12 01:51:23.061: 47 q: 1.4705908
2024-10-12 02:01:51.163: 48 test start:
2024-10-12 02:02:23.255: 48 avg_reward: 24324.0
2024-10-12 02:02:23.255: 48 avg_steps: 1623.85
2024-10-12 02:02:23.255: 48 epsilon: 0.1
2024-10-12 02:02:23.256: 48 q: 1.4573793
2024-10-12 02:12:51.374: 49 test start:
2024-10-12 02:13:02.868: 49 avg_reward: 3734.0
2024-10-12 02:13:02.868: 49 avg_steps: 571.95
2024-10-12 02:13:02.869: 49 epsilon: 0.1
2024-10-12 02:13:02.869: 49 q: 1.495602
2024-10-12 02:23:30.074: 50 test start:
2024-10-12 02:23:41.576: 50 avg_reward: 3779.0
2024-10-12 02:23:41.576: 50 avg_steps: 578.0
2024-10-12 02:23:41.576: 50 epsilon: 0.1
2024-10-12 02:23:41.576: 50 q: 1.5536047
2024-10-12 02:34:09.788: 51 test start:
2024-10-12 02:34:31.282: 51 avg_reward: 15274.0
2024-10-12 02:34:31.282: 51 avg_steps: 1114.9
2024-10-12 02:34:31.282: 51 epsilon: 0.1
2024-10-12 02:34:31.282: 51 q: 1.5916159
2024-10-12 02:45:01.140: 52 test start:
2024-10-12 02:45:19.437: 52 avg_reward: 10524.0
2024-10-12 02:45:19.437: 52 avg_steps: 916.25
2024-10-12 02:45:19.438: 52 epsilon: 0.1
2024-10-12 02:45:19.438: 52 q: 1.6270095
2024-10-12 02:55:48.384: 53 test start:
2024-10-12 02:56:00.087: 53 avg_reward: 4724.0
2024-10-12 02:56:00.087: 53 avg_steps: 603.8
2024-10-12 02:56:00.087: 53 epsilon: 0.1
2024-10-12 02:56:00.087: 53 q: 1.5808694
2024-10-12 03:06:29.429: 54 test start:
2024-10-12 03:06:45.755: 54 avg_reward: 10619.0
2024-10-12 03:06:45.755: 54 avg_steps: 853.35
2024-10-12 03:06:45.755: 54 epsilon: 0.1
2024-10-12 03:06:45.755: 54 q: 1.5917797
2024-10-12 03:17:15.196: 55 test start:
2024-10-12 03:17:32.493: 55 avg_reward: 9774.0
2024-10-12 03:17:32.494: 55 avg_steps: 867.1
2024-10-12 03:17:32.494: 55 epsilon: 0.1
2024-10-12 03:17:32.494: 55 q: 1.5996057
2024-10-12 03:28:01.501: 56 test start:
2024-10-12 03:28:22.366: 56 avg_reward: 15304.0
2024-10-12 03:28:22.366: 56 avg_steps: 1049.35
2024-10-12 03:28:22.366: 56 epsilon: 0.1
2024-10-12 03:28:22.366: 56 q: 1.6161941
2024-10-12 03:38:47.863: 57 test start:
2024-10-12 03:39:05.908: 57 avg_reward: 12004.0
2024-10-12 03:39:05.908: 57 avg_steps: 915.0
2024-10-12 03:39:05.908: 57 epsilon: 0.1
2024-10-12 03:39:05.908: 57 q: 1.6063854
2024-10-12 03:49:33.498: 58 test start:
2024-10-12 03:49:52.934: 58 avg_reward: 12414.0
2024-10-12 03:49:52.934: 58 avg_steps: 973.55
2024-10-12 03:49:52.934: 58 epsilon: 0.1
2024-10-12 03:49:52.934: 58 q: 1.6342402
2024-10-12 04:00:16.184: 59 test start:
2024-10-12 04:00:32.285: 59 avg_reward: 10004.0
2024-10-12 04:00:32.285: 59 avg_steps: 810.95
2024-10-12 04:00:32.285: 59 epsilon: 0.1
2024-10-12 04:00:32.285: 59 q: 1.6600053
2024-10-12 04:11:00.600: 60 test start:
2024-10-12 04:11:26.501: 60 avg_reward: 18329.0
2024-10-12 04:11:26.501: 60 avg_steps: 1304.5
2024-10-12 04:11:26.501: 60 epsilon: 0.1
2024-10-12 04:11:26.501: 60 q: 1.6359638
2024-10-12 04:21:53.220: 61 test start:
2024-10-12 04:22:26.133: 61 avg_reward: 24114.0
2024-10-12 04:22:26.133: 61 avg_steps: 1667.05
2024-10-12 04:22:26.133: 61 epsilon: 0.1
2024-10-12 04:22:26.133: 61 q: 1.7097317
2024-10-12 04:32:54.656: 62 test start:
2024-10-12 04:33:23.713: 62 avg_reward: 24194.0
2024-10-12 04:33:23.713: 62 avg_steps: 1455.2
2024-10-12 04:33:23.713: 62 epsilon: 0.1
2024-10-12 04:33:23.713: 62 q: 1.7440726
2024-10-12 04:43:50.978: 63 test start:
2024-10-12 04:44:11.996: 63 avg_reward: 15829.0
2024-10-12 04:44:11.996: 63 avg_steps: 1063.85
2024-10-12 04:44:11.996: 63 epsilon: 0.1
2024-10-12 04:44:11.997: 63 q: 1.8008543
2024-10-12 04:54:40.418: 64 test start:
2024-10-12 04:55:01.502: 64 avg_reward: 14604.0
2024-10-12 04:55:01.502: 64 avg_steps: 1061.3
2024-10-12 04:55:01.502: 64 epsilon: 0.1
2024-10-12 04:55:01.502: 64 q: 1.7858843
2024-10-12 05:05:27.088: 65 test start:
2024-10-12 05:05:51.189: 65 avg_reward: 15954.0
2024-10-12 05:05:51.189: 65 avg_steps: 1195.5
2024-10-12 05:05:51.189: 65 epsilon: 0.1
2024-10-12 05:05:51.189: 65 q: 1.7900745
2024-10-12 05:16:19.206: 66 test start:
2024-10-12 05:17:07.457: 66 avg_reward: 49909.0
2024-10-12 05:17:07.457: 66 avg_steps: 2429.4
2024-10-12 05:17:07.457: 66 epsilon: 0.1
2024-10-12 05:17:07.457: 66 q: 1.8342799
2024-10-12 05:27:35.093: 67 test start:
2024-10-12 05:27:53.781: 67 avg_reward: 12434.0
2024-10-12 05:27:53.781: 67 avg_steps: 941.1
2024-10-12 05:27:53.781: 67 epsilon: 0.1
2024-10-12 05:27:53.781: 67 q: 1.8494277
2024-10-12 05:38:19.630: 68 test start:
2024-10-12 05:38:38.484: 68 avg_reward: 11864.0
2024-10-12 05:38:38.484: 68 avg_steps: 954.45
2024-10-12 05:38:38.484: 68 epsilon: 0.1
2024-10-12 05:38:38.485: 68 q: 1.9033865
2024-10-12 05:49:09.659: 69 test start:
2024-10-12 05:49:20.697: 69 avg_reward: 3919.0
2024-10-12 05:49:20.697: 69 avg_steps: 574.0
2024-10-12 05:49:20.697: 69 epsilon: 0.1
2024-10-12 05:49:20.697: 69 q: 1.9520415
2024-10-12 05:59:50.803: 70 test start:
2024-10-12 06:00:15.522: 70 avg_reward: 19039.0
2024-10-12 06:00:15.522: 70 avg_steps: 1250.7
2024-10-12 06:00:15.522: 70 epsilon: 0.1
2024-10-12 06:00:15.522: 70 q: 1.9625927
2024-10-12 06:10:42.389: 71 test start:
2024-10-12 06:10:56.446: 71 avg_reward: 7654.0
2024-10-12 06:10:56.447: 71 avg_steps: 710.55
2024-10-12 06:10:56.447: 71 epsilon: 0.1
2024-10-12 06:10:56.447: 71 q: 1.9863901
2024-10-12 06:21:24.719: 72 test start:
2024-10-12 06:21:43.908: 72 avg_reward: 12524.0
2024-10-12 06:21:43.908: 72 avg_steps: 977.1
2024-10-12 06:21:43.908: 72 epsilon: 0.1
2024-10-12 06:21:43.908: 72 q: 2.0017467
2024-10-12 06:32:15.282: 73 test start:
2024-10-12 06:33:17.391: 73 avg_reward: 69134.0
2024-10-12 06:33:17.391: 73 avg_steps: 3179.95
2024-10-12 06:33:17.391: 73 epsilon: 0.1
2024-10-12 06:33:17.391: 73 q: 1.9821018
2024-10-12 06:43:43.493: 74 test start:
2024-10-12 06:44:07.711: 74 avg_reward: 17604.0
2024-10-12 06:44:07.711: 74 avg_steps: 1232.35
2024-10-12 06:44:07.711: 74 epsilon: 0.1
2024-10-12 06:44:07.711: 74 q: 2.0069962
2024-10-12 06:54:36.144: 75 test start:
2024-10-12 06:55:01.848: 75 avg_reward: 20419.0
2024-10-12 06:55:01.848: 75 avg_steps: 1322.3
2024-10-12 06:55:01.848: 75 epsilon: 0.1
2024-10-12 06:55:01.848: 75 q: 1.9927853
2024-10-12 07:05:31.807: 76 test start:
2024-10-12 07:05:45.820: 76 avg_reward: 6154.0
2024-10-12 07:05:45.821: 76 avg_steps: 712.55
2024-10-12 07:05:45.821: 76 epsilon: 0.1
2024-10-12 07:05:45.821: 76 q: 2.0243452
2024-10-12 07:16:19.309: 77 test start:
2024-10-12 07:16:33.727: 77 avg_reward: 5819.0
2024-10-12 07:16:33.727: 77 avg_steps: 725.5
2024-10-12 07:16:33.727: 77 epsilon: 0.1
2024-10-12 07:16:33.727: 77 q: 2.065781
2024-10-12 07:26:59.481: 78 test start:
2024-10-12 07:27:53.618: 78 avg_reward: 50544.0
2024-10-12 07:27:53.618: 78 avg_steps: 2766.3
2024-10-12 07:27:53.618: 78 epsilon: 0.1
2024-10-12 07:27:53.618: 78 q: 2.0217824
2024-10-12 07:38:24.441: 79 test start:
2024-10-12 07:38:46.752: 79 avg_reward: 13124.0
2024-10-12 07:38:46.752: 79 avg_steps: 1133.35
2024-10-12 07:38:46.752: 79 epsilon: 0.1
2024-10-12 07:38:46.752: 79 q: 2.0161502
2024-10-12 07:49:13.935: 80 test start:
2024-10-12 07:49:59.806: 80 avg_reward: 42384.0
2024-10-12 07:49:59.807: 80 avg_steps: 2374.65
2024-10-12 07:49:59.807: 80 epsilon: 0.1
2024-10-12 07:49:59.807: 80 q: 2.0513203
2024-10-12 08:00:26.585: 81 test start:
2024-10-12 08:01:19.834: 81 avg_reward: 51729.0
2024-10-12 08:01:19.834: 81 avg_steps: 2718.9
2024-10-12 08:01:19.834: 81 epsilon: 0.1
2024-10-12 08:01:19.834: 81 q: 2.076167
2024-10-12 08:11:51.499: 82 test start:
2024-10-12 08:12:14.260: 82 avg_reward: 16129.0
2024-10-12 08:12:14.260: 82 avg_steps: 1164.45
2024-10-12 08:12:14.260: 82 epsilon: 0.1
2024-10-12 08:12:14.260: 82 q: 2.138507
2024-10-12 08:22:40.498: 83 test start:
2024-10-12 08:23:30.916: 83 avg_reward: 44209.0
2024-10-12 08:23:30.916: 83 avg_steps: 2582.3
2024-10-12 08:23:30.916: 83 epsilon: 0.1
2024-10-12 08:23:30.916: 83 q: 2.2031348
2024-10-12 08:33:58.143: 84 test start:
2024-10-12 08:34:38.333: 84 avg_reward: 28784.0
2024-10-12 08:34:38.334: 84 avg_steps: 2033.15
2024-10-12 08:34:38.334: 84 epsilon: 0.1
2024-10-12 08:34:38.334: 84 q: 2.194473
2024-10-12 08:45:09.382: 85 test start:
2024-10-12 08:45:23.851: 85 avg_reward: 7879.0
2024-10-12 08:45:23.852: 85 avg_steps: 738.25
2024-10-12 08:45:23.852: 85 epsilon: 0.1
2024-10-12 08:45:23.852: 85 q: 2.251791
2024-10-12 08:55:52.743: 86 test start:
2024-10-12 08:56:31.125: 86 avg_reward: 31399.0
2024-10-12 08:56:31.125: 86 avg_steps: 1971.45
2024-10-12 08:56:31.125: 86 epsilon: 0.1
2024-10-12 08:56:31.125: 86 q: 2.2331026
2024-10-12 09:07:03.650: 87 test start:
2024-10-12 09:07:21.958: 87 avg_reward: 9809.0
2024-10-12 09:07:21.958: 87 avg_steps: 940.15
2024-10-12 09:07:21.958: 87 epsilon: 0.1
2024-10-12 09:07:21.958: 87 q: 2.2191613
2024-10-12 09:17:50.989: 88 test start:
2024-10-12 09:18:25.526: 88 avg_reward: 26399.0
2024-10-12 09:18:25.526: 88 avg_steps: 1762.15
2024-10-12 09:18:25.526: 88 epsilon: 0.1
2024-10-12 09:18:25.526: 88 q: 2.2505083
2024-10-12 09:28:57.502: 89 test start:
2024-10-12 09:29:11.757: 89 avg_reward: 4759.0
2024-10-12 09:29:11.757: 89 avg_steps: 723.0
2024-10-12 09:29:11.757: 89 epsilon: 0.1
2024-10-12 09:29:11.757: 89 q: 2.313209
2024-10-12 09:39:40.975: 90 test start:
2024-10-12 09:40:04.809: 90 avg_reward: 15894.0
2024-10-12 09:40:04.809: 90 avg_steps: 1265.8
2024-10-12 09:40:04.809: 90 epsilon: 0.1
2024-10-12 09:40:04.809: 90 q: 2.323984
2024-10-12 09:50:38.434: 91 test start:
2024-10-12 09:51:50.817: 91 avg_reward: 77484.0
2024-10-12 09:51:50.818: 91 avg_steps: 3767.3
2024-10-12 09:51:50.818: 91 epsilon: 0.1
2024-10-12 09:51:50.818: 91 q: 2.3853807
2024-10-12 10:02:28.908: 92 test start:
2024-10-12 10:03:20.034: 92 avg_reward: 48044.0
2024-10-12 10:03:20.034: 92 avg_steps: 2686.9
2024-10-12 10:03:20.035: 92 epsilon: 0.1
2024-10-12 10:03:20.035: 92 q: 2.4288318
2024-10-12 10:13:49.350: 93 test start:
2024-10-12 10:22:20.052: 93 avg_reward: 807307.15
2024-10-12 10:22:20.052: 93 avg_steps: 26195.8
2024-10-12 10:22:20.052: 93 epsilon: 0.1
2024-10-12 10:22:20.052: 93 q: 2.540125
2024-10-12 10:32:55.332: 94 test start:
2024-10-12 10:34:47.551: 94 avg_reward: 145884.0
2024-10-12 10:34:47.551: 94 avg_steps: 5766.95
2024-10-12 10:34:47.551: 94 epsilon: 0.1
2024-10-12 10:34:47.552: 94 q: 2.5734594
2024-10-12 10:45:18.284: 95 test start:
2024-10-12 10:45:48.671: 95 avg_reward: 20424.0
2024-10-12 10:45:48.671: 95 avg_steps: 1550.75
2024-10-12 10:45:48.671: 95 epsilon: 0.1
2024-10-12 10:45:48.671: 95 q: 2.5861845
2024-10-12 10:56:33.977: 96 test start:
2024-10-12 11:04:28.926: 96 avg_reward: 731486.6
2024-10-12 11:04:28.926: 96 avg_steps: 24404.05
2024-10-12 11:04:28.926: 96 epsilon: 0.1
2024-10-12 11:04:28.926: 96 q: 2.6775887
2024-10-12 11:15:00.401: 97 test start:
2024-10-12 11:23:26.279: 97 avg_reward: 809556.95
2024-10-12 11:23:26.279: 97 avg_steps: 25693.9
2024-10-12 11:23:26.280: 97 epsilon: 0.1
2024-10-12 11:23:26.280: 97 q: 2.7048125
2024-10-12 11:34:10.925: 98 test start:
2024-10-12 11:34:29.924: 98 avg_reward: 9479.0
2024-10-12 11:34:29.924: 98 avg_steps: 981.95
2024-10-12 11:34:29.924: 98 epsilon: 0.1
2024-10-12 11:34:29.924: 98 q: 2.755708
2024-10-12 11:44:35.629: 99 test start:
2024-10-12 11:48:22.792: 99 avg_reward: 346804.3
2024-10-12 11:48:22.792: 99 avg_steps: 11788.25
2024-10-12 11:48:22.793: 99 epsilon: 0.1
2024-10-12 11:48:22.793: 99 q: 2.8473527
2024-10-12 11:58:56.979: 100 test start:
2024-10-12 12:07:48.903: 100 avg_reward: 853207.2
2024-10-12 12:07:48.903: 100 avg_steps: 26996.5
2024-10-12 12:07:48.903: 100 epsilon: 0.1
2024-10-12 12:07:48.903: 100 q: 2.9270546
2024-10-12 12:18:12.720: 101 test start:
2024-10-12 12:18:49.076: 101 avg_reward: 30044.0
2024-10-12 12:18:49.077: 101 avg_steps: 1881.55
2024-10-12 12:18:49.077: 101 epsilon: 0.1
2024-10-12 12:18:49.077: 101 q: 3.0119097
2024-10-12 12:29:41.351: 102 test start:
2024-10-12 12:38:34.069: 102 avg_reward: 850521.9
2024-10-12 12:38:34.069: 102 avg_steps: 26997.1
2024-10-12 12:38:34.069: 102 epsilon: 0.1
2024-10-12 12:38:34.069: 102 q: 3.085752
2024-10-12 12:48:57.145: 103 test start:
2024-10-12 12:57:41.864: 103 avg_reward: 853697.0
2024-10-12 12:57:41.865: 103 avg_steps: 26997.95
2024-10-12 12:57:41.865: 103 epsilon: 0.1
2024-10-12 12:57:41.865: 103 q: 3.0905476
2024-10-12 13:08:33.092: 104 test start:
2024-10-12 13:17:20.886: 104 avg_reward: 881952.85
2024-10-12 13:17:20.886: 104 avg_steps: 26996.45
2024-10-12 13:17:20.886: 104 epsilon: 0.1
2024-10-12 13:17:20.886: 104 q: 3.0580566
2024-10-12 13:27:37.399: 105 test start:
2024-10-12 13:28:29.171: 105 avg_reward: 58254.0
2024-10-12 13:28:29.171: 105 avg_steps: 2755.25
2024-10-12 13:28:29.171: 105 epsilon: 0.1
2024-10-12 13:28:29.171: 105 q: 3.1070876
2024-10-12 13:38:53.602: 106 test start:
2024-10-12 13:43:05.966: 106 avg_reward: 367799.65
2024-10-12 13:43:05.966: 106 avg_steps: 13024.25
2024-10-12 13:43:05.966: 106 epsilon: 0.1
2024-10-12 13:43:05.966: 106 q: 3.1190865
2024-10-12 13:54:02.717: 107 test start:
2024-10-12 13:59:59.026: 107 avg_reward: 536419.85
2024-10-12 13:59:59.026: 107 avg_steps: 17973.8
2024-10-12 13:59:59.027: 107 epsilon: 0.1
2024-10-12 13:59:59.027: 107 q: 3.121686
2024-10-12 14:10:32.531: 108 test start:
2024-10-12 14:19:22.830: 108 avg_reward: 858857.45
2024-10-12 14:19:22.830: 108 avg_steps: 26996.7
2024-10-12 14:19:22.831: 108 epsilon: 0.1
2024-10-12 14:19:22.831: 108 q: 3.1978834
2024-10-12 14:30:06.122: 109 test start:
2024-10-12 14:38:54.044: 109 avg_reward: 892217.1
2024-10-12 14:38:54.044: 109 avg_steps: 26996.65
2024-10-12 14:38:54.044: 109 epsilon: 0.1
2024-10-12 14:38:54.044: 109 q: 3.2000365
2024-10-12 14:49:13.540: 110 test start:
2024-10-12 14:57:10.641: 110 avg_reward: 732940.95
2024-10-12 14:57:10.641: 110 avg_steps: 24466.95
2024-10-12 14:57:10.641: 110 epsilon: 0.1
2024-10-12 14:57:10.641: 110 q: 3.2011085
2024-10-12 15:07:37.533: 111 test start:
2024-10-12 15:16:25.716: 111 avg_reward: 862827.75
2024-10-12 15:16:25.716: 111 avg_steps: 26996.55
2024-10-12 15:16:25.716: 111 epsilon: 0.1
2024-10-12 15:16:25.716: 111 q: 3.1365745
2024-10-12 15:26:40.313: 112 test start:
2024-10-12 15:34:39.246: 112 avg_reward: 737915.9
2024-10-12 15:34:39.246: 112 avg_steps: 24500.35
2024-10-12 15:34:39.246: 112 epsilon: 0.1
2024-10-12 15:34:39.246: 112 q: 3.1522632
2024-10-12 15:46:04.336: 113 test start:
2024-10-12 15:54:51.758: 113 avg_reward: 857092.1
2024-10-12 15:54:51.759: 113 avg_steps: 26996.6
2024-10-12 15:54:51.759: 113 epsilon: 0.1
2024-10-12 15:54:51.759: 113 q: 3.2230608
2024-10-12 16:05:06.304: 114 test start:
2024-10-12 16:13:50.931: 114 avg_reward: 890827.5
2024-10-12 16:13:50.931: 114 avg_steps: 26996.9
2024-10-12 16:13:50.932: 114 epsilon: 0.1
2024-10-12 16:13:50.932: 114 q: 3.211041
2024-10-12 16:24:06.562: 115 test start:
2024-10-12 16:32:51.762: 115 avg_reward: 901522.1
2024-10-12 16:32:51.762: 115 avg_steps: 26997.15
2024-10-12 16:32:51.762: 115 epsilon: 0.1
2024-10-12 16:32:51.762: 115 q: 3.206476
2024-10-12 16:43:14.719: 116 test start:
2024-10-12 16:52:05.389: 116 avg_reward: 906387.3
2024-10-12 16:52:05.389: 116 avg_steps: 26997.45
2024-10-12 16:52:05.389: 116 epsilon: 0.1
2024-10-12 16:52:05.389: 116 q: 3.2919242
2024-10-12 17:02:26.086: 117 test start:
2024-10-12 17:11:16.459: 117 avg_reward: 851203.1
2024-10-12 17:11:16.459: 117 avg_steps: 26997.05
2024-10-12 17:11:16.459: 117 epsilon: 0.1
2024-10-12 17:11:16.459: 117 q: 3.3062382
2024-10-12 17:22:38.523: 118 test start:
2024-10-12 17:31:28.136: 118 avg_reward: 908092.75
2024-10-12 17:31:28.136: 118 avg_steps: 26996.2
2024-10-12 17:31:28.136: 118 epsilon: 0.1
2024-10-12 17:31:28.136: 118 q: 3.322527
2024-10-12 17:41:40.342: 119 test start:
2024-10-12 17:50:31.400: 119 avg_reward: 926693.35
2024-10-12 17:50:31.400: 119 avg_steps: 26997.45
2024-10-12 17:50:31.400: 119 epsilon: 0.1
2024-10-12 17:50:31.400: 119 q: 3.3048804
2024-10-12 18:00:44.312: 120 test start:
2024-10-12 18:09:36.747: 120 avg_reward: 918417.5
2024-10-12 18:09:36.747: 120 avg_steps: 26997.1
2024-10-12 18:09:36.747: 120 epsilon: 0.1
2024-10-12 18:09:36.747: 120 q: 3.3350868
2024-10-12 18:19:52.649: 121 test start:
2024-10-12 18:28:12.148: 121 avg_reward: 873087.6
2024-10-12 18:28:12.148: 121 avg_steps: 25707.1
2024-10-12 18:28:12.148: 121 epsilon: 0.1
2024-10-12 18:28:12.148: 121 q: 3.4163394
2024-10-12 18:39:32.707: 122 test start:
2024-10-12 18:48:18.029: 122 avg_reward: 907903.05
2024-10-12 18:48:18.030: 122 avg_steps: 26997.5
2024-10-12 18:48:18.030: 122 epsilon: 0.1
2024-10-12 18:48:18.030: 122 q: 3.3740826
2024-10-12 18:58:31.723: 123 test start:
2024-10-12 19:07:18.378: 123 avg_reward: 919897.8
2024-10-12 19:07:18.378: 123 avg_steps: 26996.9
2024-10-12 19:07:18.384: 123 epsilon: 0.1
2024-10-12 19:07:18.384: 123 q: 3.3208497
2024-10-12 19:17:33.678: 124 test start:
2024-10-12 19:26:23.020: 124 avg_reward: 914323.05
2024-10-12 19:26:23.020: 124 avg_steps: 26996.85
2024-10-12 19:26:23.020: 124 epsilon: 0.1
2024-10-12 19:26:23.020: 124 q: 3.3797548
2024-10-12 19:36:36.641: 125 test start:
2024-10-12 19:44:59.242: 125 avg_reward: 900107.8
2024-10-12 19:44:59.243: 125 avg_steps: 25702.5
2024-10-12 19:44:59.243: 125 epsilon: 0.1
2024-10-12 19:44:59.243: 125 q: 3.4489167
2024-10-12 19:56:21.993: 126 test start:
2024-10-12 20:05:10.114: 126 avg_reward: 940153.35
2024-10-12 20:05:10.114: 126 avg_steps: 26995.95
2024-10-12 20:05:10.114: 126 epsilon: 0.1
2024-10-12 20:05:10.114: 126 q: 3.432064
2024-10-12 20:15:26.748: 127 test start:
2024-10-12 20:24:13.054: 127 avg_reward: 934433.0
2024-10-12 20:24:13.054: 127 avg_steps: 26996.9
2024-10-12 20:24:13.054: 127 epsilon: 0.1
2024-10-12 20:24:13.054: 127 q: 3.468899
2024-10-12 20:34:24.544: 128 test start:
2024-10-12 20:43:09.648: 128 avg_reward: 890893.45
2024-10-12 20:43:09.649: 128 avg_steps: 26997.0
2024-10-12 20:43:09.649: 128 epsilon: 0.1
2024-10-12 20:43:09.649: 128 q: 3.4036605
2024-10-12 20:54:31.572: 129 test start:
2024-10-12 21:03:15.165: 129 avg_reward: 958387.85
2024-10-12 21:03:15.166: 129 avg_steps: 26996.35
2024-10-12 21:03:15.166: 129 epsilon: 0.1
2024-10-12 21:03:15.166: 129 q: 3.4483063
2024-10-12 21:13:27.162: 130 test start:
2024-10-12 21:22:10.980: 130 avg_reward: 894018.35
2024-10-12 21:22:10.981: 130 avg_steps: 26997.0
2024-10-12 21:22:10.986: 130 epsilon: 0.1
2024-10-12 21:22:10.986: 130 q: 3.4701474
2024-10-12 21:32:21.807: 131 test start:
2024-10-12 21:41:03.653: 131 avg_reward: 927917.8
2024-10-12 21:41:03.654: 131 avg_steps: 26996.0
2024-10-12 21:41:03.654: 131 epsilon: 0.1
2024-10-12 21:41:03.654: 131 q: 3.4547749
2024-10-12 21:51:21.089: 132 test start:
2024-10-12 22:00:05.681: 132 avg_reward: 935163.3
2024-10-12 22:00:05.681: 132 avg_steps: 26997.4
2024-10-12 22:00:05.681: 132 epsilon: 0.1
2024-10-12 22:00:05.681: 132 q: 3.402632
2024-10-12 22:11:36.553: 133 test start:
2024-10-12 22:20:21.260: 133 avg_reward: 901868.65
2024-10-12 22:20:21.260: 133 avg_steps: 26996.45
2024-10-12 22:20:21.260: 133 epsilon: 0.1
2024-10-12 22:20:21.260: 133 q: 3.3728075
2024-10-12 22:30:42.942: 134 test start:
2024-10-12 22:38:37.153: 134 avg_reward: 872422.45
2024-10-12 22:38:37.153: 134 avg_steps: 24406.5
2024-10-12 22:38:37.153: 134 epsilon: 0.1
2024-10-12 22:38:37.153: 134 q: 3.4423501
2024-10-12 22:48:53.291: 135 test start:
2024-10-12 22:57:12.987: 135 avg_reward: 869487.0
2024-10-12 22:57:12.988: 135 avg_steps: 25755.75
2024-10-12 22:57:12.988: 135 epsilon: 0.1
2024-10-12 22:57:12.988: 135 q: 3.363146
2024-10-12 23:07:33.027: 136 test start:
2024-10-12 23:16:19.861: 136 avg_reward: 970373.4
2024-10-12 23:16:19.861: 136 avg_steps: 26997.0
2024-10-12 23:16:19.861: 136 epsilon: 0.1
2024-10-12 23:16:19.861: 136 q: 3.4036617
2024-10-12 23:27:48.803: 137 test start:
2024-10-12 23:36:33.946: 137 avg_reward: 930022.4
2024-10-12 23:36:33.946: 137 avg_steps: 26996.95
2024-10-12 23:36:33.946: 137 epsilon: 0.1
2024-10-12 23:36:33.947: 137 q: 3.460709
2024-10-12 23:46:52.626: 138 test start:
2024-10-12 23:55:13.696: 138 avg_reward: 910712.7
2024-10-12 23:55:13.696: 138 avg_steps: 25723.7
2024-10-12 23:55:13.696: 138 epsilon: 0.1
2024-10-12 23:55:13.696: 138 q: 3.45864
2024-10-13 00:05:29.059: 139 test start:
2024-10-13 00:14:12.995: 139 avg_reward: 934458.5
2024-10-13 00:14:12.995: 139 avg_steps: 26996.85
2024-10-13 00:14:12.995: 139 epsilon: 0.1
2024-10-13 00:14:12.995: 139 q: 3.4361084
2024-10-13 00:24:30.194: 140 test start:
2024-10-13 00:33:13.820: 140 avg_reward: 922133.5
2024-10-13 00:33:13.821: 140 avg_steps: 26996.85
2024-10-13 00:33:13.821: 140 epsilon: 0.1
2024-10-13 00:33:13.821: 140 q: 3.4864192
2024-10-13 00:44:39.246: 141 test start:
2024-10-13 00:53:25.578: 141 avg_reward: 943407.65
2024-10-13 00:53:25.578: 141 avg_steps: 26996.1
2024-10-13 00:53:25.578: 141 epsilon: 0.1
2024-10-13 00:53:25.578: 141 q: 3.434035
2024-10-13 01:03:38.332: 142 test start:
2024-10-13 01:12:25.073: 142 avg_reward: 899823.2
2024-10-13 01:12:25.073: 142 avg_steps: 26997.05
2024-10-13 01:12:25.073: 142 epsilon: 0.1
2024-10-13 01:12:25.073: 142 q: 3.4107695
2024-10-13 01:22:35.422: 143 test start:
2024-10-13 01:31:18.789: 143 avg_reward: 938297.95
2024-10-13 01:31:18.789: 143 avg_steps: 26996.65
2024-10-13 01:31:18.789: 143 epsilon: 0.1
2024-10-13 01:31:18.789: 143 q: 3.5256026
2024-10-13 01:41:29.863: 144 test start:
2024-10-13 01:50:15.472: 144 avg_reward: 912533.25
2024-10-13 01:50:15.473: 144 avg_steps: 26996.0
2024-10-13 01:50:15.473: 144 epsilon: 0.1
2024-10-13 01:50:15.473: 144 q: 3.4724102
2024-10-13 02:01:36.557: 145 test start:
2024-10-13 02:10:21.085: 145 avg_reward: 947302.6
2024-10-13 02:10:21.085: 145 avg_steps: 26996.5
2024-10-13 02:10:21.085: 145 epsilon: 0.1
2024-10-13 02:10:21.085: 145 q: 3.4852715
2024-10-13 02:20:37.235: 146 test start:
2024-10-13 02:29:23.943: 146 avg_reward: 935168.5
2024-10-13 02:29:23.944: 146 avg_steps: 26997.35
2024-10-13 02:29:23.944: 146 epsilon: 0.1
2024-10-13 02:29:23.944: 146 q: 3.4640303
2024-10-13 02:39:45.099: 147 test start:
2024-10-13 02:48:31.572: 147 avg_reward: 921428.3
2024-10-13 02:48:31.573: 147 avg_steps: 26997.25
2024-10-13 02:48:31.573: 147 epsilon: 0.1
2024-10-13 02:48:31.573: 147 q: 3.5701733
2024-10-13 02:58:53.262: 148 test start:
2024-10-13 03:07:40.340: 148 avg_reward: 938773.1
2024-10-13 03:07:40.340: 148 avg_steps: 26996.45
2024-10-13 03:07:40.340: 148 epsilon: 0.1
2024-10-13 03:07:40.340: 148 q: 3.4568481
2024-10-13 03:19:10.849: 149 test start:
2024-10-13 03:27:08.390: 149 avg_reward: 849141.55
2024-10-13 03:27:08.390: 149 avg_steps: 24463.35
2024-10-13 03:27:08.390: 149 epsilon: 0.1
2024-10-13 03:27:08.390: 149 q: 3.374251
2024-10-13 03:37:32.437: 150 test start:
2024-10-13 03:46:13.608: 150 avg_reward: 948982.95
2024-10-13 03:46:13.608: 150 avg_steps: 26997.25
2024-10-13 03:46:13.608: 150 epsilon: 0.1
2024-10-13 03:46:13.608: 150 q: 3.3424098
2024-10-13 03:56:25.418: 151 test start:
2024-10-13 04:05:15.926: 151 avg_reward: 955612.05
2024-10-13 04:05:15.926: 151 avg_steps: 26996.5
2024-10-13 04:05:15.926: 151 epsilon: 0.1
2024-10-13 04:05:15.926: 151 q: 3.4354296
2024-10-13 04:15:28.709: 152 test start:
2024-10-13 04:24:17.084: 152 avg_reward: 960853.85
2024-10-13 04:24:17.085: 152 avg_steps: 26996.5
2024-10-13 04:24:17.085: 152 epsilon: 0.1
2024-10-13 04:24:17.085: 152 q: 3.419873
2024-10-13 04:35:36.213: 153 test start:
2024-10-13 04:44:27.369: 153 avg_reward: 926978.05
2024-10-13 04:44:27.369: 153 avg_steps: 26997.5
2024-10-13 04:44:27.369: 153 epsilon: 0.1
2024-10-13 04:44:27.369: 153 q: 3.4145956
2024-10-13 04:54:41.670: 154 test start:
2024-10-13 05:03:30.374: 154 avg_reward: 938568.4
2024-10-13 05:03:30.375: 154 avg_steps: 26996.65
2024-10-13 05:03:30.375: 154 epsilon: 0.1
2024-10-13 05:03:30.375: 154 q: 3.4427598
2024-10-13 05:13:30.076: 155 test start:
2024-10-13 05:22:18.427: 155 avg_reward: 914782.65
2024-10-13 05:22:18.428: 155 avg_steps: 26997.7
2024-10-13 05:22:18.428: 155 epsilon: 0.1
2024-10-13 05:22:18.428: 155 q: 3.405411
2024-10-13 05:32:28.537: 156 test start:
2024-10-13 05:40:25.775: 156 avg_reward: 860640.8
2024-10-13 05:40:25.775: 156 avg_steps: 24474.75
2024-10-13 05:40:25.781: 156 epsilon: 0.1
2024-10-13 05:40:25.781: 156 q: 3.4456587
2024-10-13 05:51:38.598: 157 test start:
2024-10-13 05:59:11.551: 157 avg_reward: 785871.95
2024-10-13 05:59:11.551: 157 avg_steps: 23143.55
2024-10-13 05:59:11.551: 157 epsilon: 0.1
2024-10-13 05:59:11.551: 157 q: 3.4869385
2024-10-13 06:09:26.212: 158 test start:
2024-10-13 06:18:12.123: 158 avg_reward: 953468.05
2024-10-13 06:18:12.124: 158 avg_steps: 26997.0
2024-10-13 06:18:12.124: 158 epsilon: 0.1
2024-10-13 06:18:12.124: 158 q: 3.5046873
2024-10-13 06:28:21.012: 159 test start:
2024-10-13 06:36:53.692: 159 avg_reward: 901707.0
2024-10-13 06:36:53.692: 159 avg_steps: 25694.65
2024-10-13 06:36:53.692: 159 epsilon: 0.1
2024-10-13 06:36:53.692: 159 q: 3.48823
2024-10-13 06:48:18.252: 160 test start:
2024-10-13 06:56:46.137: 160 avg_reward: 844827.6
2024-10-13 06:56:46.137: 160 avg_steps: 25708.95
2024-10-13 06:56:46.137: 160 epsilon: 0.1
2024-10-13 06:56:46.137: 160 q: 3.5067372
2024-10-13 07:07:01.921: 161 test start:
2024-10-13 07:15:56.046: 161 avg_reward: 927872.15
2024-10-13 07:15:56.046: 161 avg_steps: 26996.7
2024-10-13 07:15:56.046: 161 epsilon: 0.1
2024-10-13 07:15:56.046: 161 q: 3.4797568
2024-10-13 07:26:04.572: 162 test start:
2024-10-13 07:35:03.887: 162 avg_reward: 919047.85
2024-10-13 07:35:03.887: 162 avg_steps: 26997.5
2024-10-13 07:35:03.887: 162 epsilon: 0.1
2024-10-13 07:35:03.888: 162 q: 3.5068038
2024-10-13 07:45:22.820: 163 test start:
2024-10-13 07:49:38.030: 163 avg_reward: 429019.85
2024-10-13 07:49:38.030: 163 avg_steps: 12737.45
2024-10-13 07:49:38.031: 163 epsilon: 0.1
2024-10-13 07:49:38.031: 163 q: 3.4689057
2024-10-13 08:01:09.784: 164 test start:
2024-10-13 08:10:11.327: 164 avg_reward: 921327.65
2024-10-13 08:10:11.327: 164 avg_steps: 26997.5
2024-10-13 08:10:11.327: 164 epsilon: 0.1
2024-10-13 08:10:11.327: 164 q: 3.515712
2024-10-13 08:20:34.998: 165 test start:
2024-10-13 08:28:43.555: 165 avg_reward: 829007.05
2024-10-13 08:28:43.556: 165 avg_steps: 24437.2
2024-10-13 08:28:43.556: 165 epsilon: 0.1
2024-10-13 08:28:43.556: 165 q: 3.5297284
2024-10-13 08:38:58.115: 166 test start:
2024-10-13 08:47:55.259: 166 avg_reward: 898602.85
2024-10-13 08:47:55.260: 166 avg_steps: 26996.75
2024-10-13 08:47:55.260: 166 epsilon: 0.1
2024-10-13 08:47:55.260: 166 q: 3.4774783
2024-10-13 08:58:13.357: 167 test start:
2024-10-13 09:07:08.346: 167 avg_reward: 920572.9
2024-10-13 09:07:08.346: 167 avg_steps: 26996.65
2024-10-13 09:07:08.347: 167 epsilon: 0.1
2024-10-13 09:07:08.347: 167 q: 3.5254362
2024-10-13 09:18:35.892: 168 test start:
2024-10-13 09:27:31.407: 168 avg_reward: 918853.3
2024-10-13 09:27:31.407: 168 avg_steps: 26997.65
2024-10-13 09:27:31.407: 168 epsilon: 0.1
2024-10-13 09:27:31.407: 168 q: 3.5893476
2024-10-13 09:37:51.027: 169 test start:
2024-10-13 09:46:48.762: 169 avg_reward: 853747.65
2024-10-13 09:46:48.762: 169 avg_steps: 26997.4
2024-10-13 09:46:48.762: 169 epsilon: 0.1
2024-10-13 09:46:48.762: 169 q: 3.5129824
2024-10-13 09:57:07.967: 170 test start:
2024-10-13 10:06:03.594: 170 avg_reward: 926046.5
2024-10-13 10:06:03.594: 170 avg_steps: 26997.1
2024-10-13 10:06:03.594: 170 epsilon: 0.1
2024-10-13 10:06:03.594: 170 q: 3.6438155
2024-10-13 10:16:18.856: 171 test start:
2024-10-13 10:24:47.342: 171 avg_reward: 886107.1
2024-10-13 10:24:47.343: 171 avg_steps: 25709.9
2024-10-13 10:24:47.343: 171 epsilon: 0.1
2024-10-13 10:24:47.343: 171 q: 3.6425254
2024-10-13 10:35:09.257: 172 test start:
2024-10-13 10:44:05.697: 172 avg_reward: 883708.25
2024-10-13 10:44:05.698: 172 avg_steps: 26997.2
2024-10-13 10:44:05.698: 172 epsilon: 0.1
2024-10-13 10:44:05.698: 172 q: 3.6612077
2024-10-13 10:55:30.609: 173 test start:
2024-10-13 11:04:22.993: 173 avg_reward: 920238.4
2024-10-13 11:04:22.993: 173 avg_steps: 26997.2
2024-10-13 11:04:22.993: 173 epsilon: 0.1
2024-10-13 11:04:22.994: 173 q: 3.6900656
2024-10-13 11:14:42.376: 174 test start:
2024-10-13 11:23:35.341: 174 avg_reward: 925593.0
2024-10-13 11:23:35.341: 174 avg_steps: 26997.85
2024-10-13 11:23:35.341: 174 epsilon: 0.1
2024-10-13 11:23:35.341: 174 q: 3.675937
2024-10-13 11:33:50.444: 175 test start:
2024-10-13 11:42:47.239: 175 avg_reward: 933492.7
2024-10-13 11:42:47.239: 175 avg_steps: 26997.05
2024-10-13 11:42:47.239: 175 epsilon: 0.1
2024-10-13 11:42:47.239: 175 q: 3.785304
2024-10-13 11:53:04.776: 176 test start:
2024-10-13 12:02:02.987: 176 avg_reward: 918532.8
2024-10-13 12:02:02.987: 176 avg_steps: 26995.6
2024-10-13 12:02:02.987: 176 epsilon: 0.1
2024-10-13 12:02:02.987: 176 q: 3.7836533
2024-10-13 12:13:31.473: 177 test start:
2024-10-13 12:21:34.649: 177 avg_reward: 835691.9
2024-10-13 12:21:34.649: 177 avg_steps: 24392.15
2024-10-13 12:21:34.649: 177 epsilon: 0.1
2024-10-13 12:21:34.649: 177 q: 3.821789
2024-10-13 12:31:52.173: 178 test start:
2024-10-13 12:40:46.866: 178 avg_reward: 883213.3
2024-10-13 12:40:46.866: 178 avg_steps: 26996.5
2024-10-13 12:40:46.866: 178 epsilon: 0.1
2024-10-13 12:40:46.866: 178 q: 3.9150743
2024-10-13 12:51:05.031: 179 test start:
2024-10-13 12:59:59.712: 179 avg_reward: 934182.6
2024-10-13 12:59:59.713: 179 avg_steps: 26996.9
2024-10-13 12:59:59.713: 179 epsilon: 0.1
2024-10-13 12:59:59.713: 179 q: 3.9053264
2024-10-13 13:10:14.848: 180 test start:
2024-10-13 13:19:07.857: 180 avg_reward: 898403.05
2024-10-13 13:19:07.857: 180 avg_steps: 26996.75
2024-10-13 13:19:07.857: 180 epsilon: 0.1
2024-10-13 13:19:07.857: 180 q: 3.845138
2024-10-13 13:29:23.710: 181 test start:
2024-10-13 13:38:15.037: 181 avg_reward: 909973.3
2024-10-13 13:38:15.037: 181 avg_steps: 26996.1
2024-10-13 13:38:15.037: 181 epsilon: 0.1
2024-10-13 13:38:15.037: 181 q: 3.8880546
2024-10-13 13:49:45.053: 182 test start:
2024-10-13 13:58:35.809: 182 avg_reward: 909608.05
2024-10-13 13:58:35.809: 182 avg_steps: 26996.85
2024-10-13 13:58:35.809: 182 epsilon: 0.1
2024-10-13 13:58:35.809: 182 q: 3.814982
2024-10-13 14:08:57.302: 183 test start:
2024-10-13 14:17:47.930: 183 avg_reward: 872678.1
2024-10-13 14:17:47.930: 183 avg_steps: 26997.3
2024-10-13 14:17:47.930: 183 epsilon: 0.1
2024-10-13 14:17:47.930: 183 q: 3.7709067
2024-10-13 14:28:01.474: 184 test start:
2024-10-13 14:36:48.929: 184 avg_reward: 836043.05
2024-10-13 14:36:48.929: 184 avg_steps: 26997.3
2024-10-13 14:36:48.929: 184 epsilon: 0.1
2024-10-13 14:36:48.929: 184 q: 3.7586815
2024-10-13 14:47:07.722: 185 test start:
2024-10-13 14:55:53.040: 185 avg_reward: 887573.5
2024-10-13 14:55:53.041: 185 avg_steps: 26996.15
2024-10-13 14:55:53.041: 185 epsilon: 0.1
2024-10-13 14:55:53.041: 185 q: 3.7503858
2024-10-13 15:07:16.289: 186 test start:
2024-10-13 15:16:01.711: 186 avg_reward: 898098.05
2024-10-13 15:16:01.711: 186 avg_steps: 26996.7
2024-10-13 15:16:01.711: 186 epsilon: 0.1
2024-10-13 15:16:01.711: 186 q: 3.8123686
2024-10-13 15:26:24.810: 187 test start:
2024-10-13 15:34:48.260: 187 avg_reward: 861877.7
2024-10-13 15:34:48.260: 187 avg_steps: 25697.45
2024-10-13 15:34:48.260: 187 epsilon: 0.1
2024-10-13 15:34:48.261: 187 q: 3.8405557
2024-10-13 15:45:05.537: 188 test start:
2024-10-13 15:53:53.958: 188 avg_reward: 883243.25
2024-10-13 15:53:53.959: 188 avg_steps: 26997.1
2024-10-13 15:53:53.959: 188 epsilon: 0.1
2024-10-13 15:53:53.959: 188 q: 3.8788946
2024-10-13 16:04:07.904: 189 test start:
2024-10-13 16:11:40.128: 189 avg_reward: 776541.45
2024-10-13 16:11:40.129: 189 avg_steps: 23257.15
2024-10-13 16:11:40.129: 189 epsilon: 0.1
2024-10-13 16:11:40.129: 189 q: 3.774077
2024-10-13 16:21:57.878: 190 test start:
2024-10-13 16:30:39.656: 190 avg_reward: 927153.2
2024-10-13 16:30:39.656: 190 avg_steps: 26996.6
2024-10-13 16:30:39.656: 190 epsilon: 0.1
2024-10-13 16:30:39.656: 190 q: 3.7149432
2024-10-13 16:42:04.373: 191 test start:
2024-10-13 16:50:51.715: 191 avg_reward: 882688.1
2024-10-13 16:50:51.715: 191 avg_steps: 26996.55
2024-10-13 16:50:51.715: 191 epsilon: 0.1
2024-10-13 16:50:51.715: 191 q: 3.7345698
2024-10-13 17:01:07.597: 192 test start:
2024-10-13 17:09:50.703: 192 avg_reward: 934102.75
2024-10-13 17:09:50.704: 192 avg_steps: 26997.05
2024-10-13 17:09:50.704: 192 epsilon: 0.1
2024-10-13 17:09:50.704: 192 q: 3.8053098
2024-10-13 17:20:08.672: 193 test start:
2024-10-13 17:28:03.483: 193 avg_reward: 805361.65
2024-10-13 17:28:03.483: 193 avg_steps: 24387.9
2024-10-13 17:28:03.483: 193 epsilon: 0.1
2024-10-13 17:28:03.483: 193 q: 3.780676
2024-10-13 17:38:18.790: 194 test start:
2024-10-13 17:47:02.111: 194 avg_reward: 881687.7
2024-10-13 17:47:02.111: 194 avg_steps: 26997.0
2024-10-13 17:47:02.111: 194 epsilon: 0.1
2024-10-13 17:47:02.111: 194 q: 3.816625
2024-10-13 17:58:25.766: 195 test start:
2024-10-13 18:07:08.879: 195 avg_reward: 892692.05
2024-10-13 18:07:08.879: 195 avg_steps: 26996.0
2024-10-13 18:07:08.879: 195 epsilon: 0.1
2024-10-13 18:07:08.879: 195 q: 3.8190353
2024-10-13 18:17:25.383: 196 test start:
2024-10-13 18:26:13.786: 196 avg_reward: 906993.05
2024-10-13 18:26:13.786: 196 avg_steps: 26996.7
2024-10-13 18:26:13.786: 196 epsilon: 0.1
2024-10-13 18:26:13.786: 196 q: 3.752331
2024-10-13 18:36:30.903: 197 test start:
2024-10-13 18:44:49.912: 197 avg_reward: 882142.05
2024-10-13 18:44:49.912: 197 avg_steps: 25712.9
2024-10-13 18:44:49.912: 197 epsilon: 0.1
2024-10-13 18:44:49.912: 197 q: 3.7213979
2024-10-13 18:55:04.188: 198 test start:
2024-10-13 19:03:49.198: 198 avg_reward: 901072.15
2024-10-13 19:03:49.199: 198 avg_steps: 26996.7
2024-10-13 19:03:49.199: 198 epsilon: 0.1
2024-10-13 19:03:49.199: 198 q: 3.7597394
2024-10-13 19:15:15.078: 199 test start:
2024-10-13 19:24:02.101: 199 avg_reward: 894623.2
2024-10-13 19:24:02.101: 199 avg_steps: 26997.3
2024-10-13 19:24:02.101: 199 epsilon: 0.1
2024-10-13 19:24:02.102: 199 q: 3.758415
2024-10-13 19:34:20.203: 200 test start:
2024-10-13 19:43:09.359: 200 avg_reward: 929168.0
2024-10-13 19:43:09.359: 200 avg_steps: 26996.75
2024-10-13 19:43:09.359: 200 epsilon: 0.1
2024-10-13 19:43:09.359: 200 q: 3.668581
