2024-10-13 05:41:05.418: 
parameters:agent_test_episodes: 20
batch_num_per_epoch: 250000
device: cuda:0
env_name: ALE/WizardOfWor-v5
epsilon_for_test: 0.05
epsilon_max: 1.0
epsilon_min: 0.1
exp_name: ALE-WizardOfWor-v5_2024-10-13-05-41-05
exp_path: ../exps/dqn/
exploration_steps: 1000000
gamma: 0.99
held_out_states_num: 1000
learning_rate: 0.00025
mini_batch_size: 32
model_update_freq: 4
n_times: 5
no_op_max: 30
phi_channel: 4
replay_buffer_size: 1000000
replay_start_size: 50000
save_model: true
screen_size: 84
seed: 0
skip_k_frame: 4
step_c: 10000
training_steps: 50000000

2024-10-13 05:41:05.481: env id: ALE/WizardOfWor-v5 |repeat_action_probability: 0 
2024-10-13 05:41:05.482: screen_size: 84 | grayscale_obs:True 
scale_obs:False | action space size: 10
remove flickering: True | frame skip: 4
state space shape: (210, 160, 3) 
2024-10-13 05:41:05.496: optimizer: RMSprop (
Parameter Group 0
    alpha: 0.95
    centered: False
    differentiable: False
    eps: 0.01
    foreach: None
    lr: 0.00025
    maximize: False
    momentum: 0
    weight_decay: 0
)
2024-10-13 05:50:24.690: 1 test start:
2024-10-13 05:50:35.011: 1 avg_reward: 132.0
2024-10-13 05:50:35.011: 1 avg_steps: 530.4
2024-10-13 05:50:35.011: 1 epsilon: 0.8187085
2024-10-13 05:50:35.011: 1 q: 0.08676445
2024-10-13 06:00:14.666: 2 test start:
2024-10-13 06:00:30.849: 2 avg_reward: 357.0
2024-10-13 06:00:30.849: 2 avg_steps: 836.35
2024-10-13 06:00:30.849: 2 epsilon: 0.594397
2024-10-13 06:00:30.849: 2 q: 0.11726744
2024-10-13 06:10:45.131: 3 test start:
2024-10-13 06:10:54.548: 3 avg_reward: 72.0
2024-10-13 06:10:54.549: 3 avg_steps: 493.45
2024-10-13 06:10:54.549: 3 epsilon: 0.36958329999999995
2024-10-13 06:10:54.549: 3 q: 0.1603536
2024-10-13 06:20:17.289: 4 test start:
2024-10-13 06:20:25.960: 4 avg_reward: 122.0
2024-10-13 06:20:25.960: 4 avg_steps: 461.9
2024-10-13 06:20:25.960: 4 epsilon: 0.14400099999999993
2024-10-13 06:20:25.960: 4 q: 0.21330541
2024-10-13 06:30:37.369: 5 test start:
2024-10-13 06:30:45.231: 5 avg_reward: 52.0
2024-10-13 06:30:45.231: 5 avg_steps: 419.95
2024-10-13 06:30:45.231: 5 epsilon: 0.1
2024-10-13 06:30:45.231: 5 q: 0.28245655
2024-10-13 06:40:43.990: 6 test start:
2024-10-13 06:40:56.300: 6 avg_reward: 177.0
2024-10-13 06:40:56.300: 6 avg_steps: 638.55
2024-10-13 06:40:56.300: 6 epsilon: 0.1
2024-10-13 06:40:56.300: 6 q: 0.33200744
2024-10-13 06:51:09.804: 7 test start:
2024-10-13 06:51:24.819: 7 avg_reward: 202.0
2024-10-13 06:51:24.819: 7 avg_steps: 793.15
2024-10-13 06:51:24.819: 7 epsilon: 0.1
2024-10-13 06:51:24.819: 7 q: 0.33679667
2024-10-13 07:01:24.660: 8 test start:
2024-10-13 07:01:38.919: 8 avg_reward: 182.0
2024-10-13 07:01:38.919: 8 avg_steps: 737.9
2024-10-13 07:01:38.919: 8 epsilon: 0.1
2024-10-13 07:01:38.919: 8 q: 0.38182256
2024-10-13 07:11:43.626: 9 test start:
2024-10-13 07:11:57.476: 9 avg_reward: 312.0
2024-10-13 07:11:57.476: 9 avg_steps: 738.25
2024-10-13 07:11:57.476: 9 epsilon: 0.1
2024-10-13 07:11:57.476: 9 q: 0.40356988
2024-10-13 07:22:11.873: 10 test start:
2024-10-13 07:22:27.084: 10 avg_reward: 197.0
2024-10-13 07:22:27.085: 10 avg_steps: 816.45
2024-10-13 07:22:27.085: 10 epsilon: 0.1
2024-10-13 07:22:27.085: 10 q: 0.41790998
2024-10-13 07:32:22.058: 11 test start:
2024-10-13 07:32:36.068: 11 avg_reward: 337.0
2024-10-13 07:32:36.068: 11 avg_steps: 738.75
2024-10-13 07:32:36.068: 11 epsilon: 0.1
2024-10-13 07:32:36.068: 11 q: 0.45030558
2024-10-13 07:42:57.157: 12 test start:
2024-10-13 07:43:05.410: 12 avg_reward: 92.0
2024-10-13 07:43:05.410: 12 avg_steps: 413.3
2024-10-13 07:43:05.410: 12 epsilon: 0.1
2024-10-13 07:43:05.411: 12 q: 0.4700442
2024-10-13 07:53:25.500: 13 test start:
2024-10-13 07:53:38.054: 13 avg_reward: 267.0
2024-10-13 07:53:38.055: 13 avg_steps: 630.9
2024-10-13 07:53:38.055: 13 epsilon: 0.1
2024-10-13 07:53:38.055: 13 q: 0.483593
2024-10-13 08:03:57.484: 14 test start:
2024-10-13 08:04:14.444: 14 avg_reward: 212.0
2024-10-13 08:04:14.444: 14 avg_steps: 888.5
2024-10-13 08:04:14.444: 14 epsilon: 0.1
2024-10-13 08:04:14.444: 14 q: 0.49485168
2024-10-13 08:14:21.152: 15 test start:
2024-10-13 08:14:44.596: 15 avg_reward: 357.0
2024-10-13 08:14:44.597: 15 avg_steps: 1193.85
2024-10-13 08:14:44.597: 15 epsilon: 0.1
2024-10-13 08:14:44.597: 15 q: 0.48644513
2024-10-13 08:25:03.405: 16 test start:
2024-10-13 08:25:21.696: 16 avg_reward: 447.0
2024-10-13 08:25:21.697: 16 avg_steps: 966.3
2024-10-13 08:25:21.697: 16 epsilon: 0.1
2024-10-13 08:25:21.697: 16 q: 0.4899841
2024-10-13 08:35:38.436: 17 test start:
2024-10-13 08:35:54.078: 17 avg_reward: 177.0
2024-10-13 08:35:54.078: 17 avg_steps: 782.0
2024-10-13 08:35:54.078: 17 epsilon: 0.1
2024-10-13 08:35:54.078: 17 q: 0.5052798
2024-10-13 08:45:54.195: 18 test start:
2024-10-13 08:46:22.295: 18 avg_reward: 732.0
2024-10-13 08:46:22.295: 18 avg_steps: 1469.1
2024-10-13 08:46:22.295: 18 epsilon: 0.1
2024-10-13 08:46:22.295: 18 q: 0.52187264
2024-10-13 08:56:45.537: 19 test start:
2024-10-13 08:57:05.348: 19 avg_reward: 402.0
2024-10-13 08:57:05.348: 19 avg_steps: 998.95
2024-10-13 08:57:05.348: 19 epsilon: 0.1
2024-10-13 08:57:05.348: 19 q: 0.5321266
2024-10-13 09:07:05.912: 20 test start:
2024-10-13 09:07:17.611: 20 avg_reward: 222.0
2024-10-13 09:07:17.611: 20 avg_steps: 594.05
2024-10-13 09:07:17.611: 20 epsilon: 0.1
2024-10-13 09:07:17.611: 20 q: 0.5655334
2024-10-13 09:17:49.998: 21 test start:
2024-10-13 09:18:05.923: 21 avg_reward: 462.0
2024-10-13 09:18:05.924: 21 avg_steps: 808.95
2024-10-13 09:18:05.924: 21 epsilon: 0.1
2024-10-13 09:18:05.924: 21 q: 0.6260108
2024-10-13 09:28:00.978: 22 test start:
2024-10-13 09:28:40.353: 22 avg_reward: 427.0
2024-10-13 09:28:40.353: 22 avg_steps: 1990.5
2024-10-13 09:28:40.353: 22 epsilon: 0.1
2024-10-13 09:28:40.353: 22 q: 0.62369686
2024-10-13 09:39:07.640: 23 test start:
2024-10-13 09:39:30.932: 23 avg_reward: 392.0
2024-10-13 09:39:30.932: 23 avg_steps: 1215.7
2024-10-13 09:39:30.932: 23 epsilon: 0.1
2024-10-13 09:39:30.932: 23 q: 0.6957442
2024-10-13 09:49:34.303: 24 test start:
2024-10-13 09:50:13.669: 24 avg_reward: 622.0
2024-10-13 09:50:13.669: 24 avg_steps: 2013.9
2024-10-13 09:50:13.669: 24 epsilon: 0.1
2024-10-13 09:50:13.669: 24 q: 0.7154769
2024-10-13 10:00:32.069: 25 test start:
2024-10-13 10:00:50.512: 25 avg_reward: 532.0
2024-10-13 10:00:50.512: 25 avg_steps: 966.4
2024-10-13 10:00:50.513: 25 epsilon: 0.1
2024-10-13 10:00:50.513: 25 q: 0.77242774
2024-10-13 10:10:59.951: 26 test start:
2024-10-13 10:11:33.187: 26 avg_reward: 642.0
2024-10-13 10:11:33.187: 26 avg_steps: 1696.75
2024-10-13 10:11:33.187: 26 epsilon: 0.1
2024-10-13 10:11:33.187: 26 q: 0.82030344
2024-10-13 10:21:39.497: 27 test start:
2024-10-13 10:22:12.842: 27 avg_reward: 702.0
2024-10-13 10:22:12.842: 27 avg_steps: 1744.05
2024-10-13 10:22:12.842: 27 epsilon: 0.1
2024-10-13 10:22:12.842: 27 q: 0.80848247
2024-10-13 10:32:34.027: 28 test start:
2024-10-13 10:32:59.685: 28 avg_reward: 642.0
2024-10-13 10:32:59.686: 28 avg_steps: 1305.8
2024-10-13 10:32:59.686: 28 epsilon: 0.1
2024-10-13 10:32:59.686: 28 q: 0.89722323
2024-10-13 10:42:58.149: 29 test start:
2024-10-13 10:43:10.051: 29 avg_reward: 372.0
2024-10-13 10:43:10.051: 29 avg_steps: 622.8
2024-10-13 10:43:10.051: 29 epsilon: 0.1
2024-10-13 10:43:10.051: 29 q: 0.90561783
2024-10-13 10:53:38.534: 30 test start:
2024-10-13 10:54:01.440: 30 avg_reward: 1102.0
2024-10-13 10:54:01.440: 30 avg_steps: 1180.5
2024-10-13 10:54:01.440: 30 epsilon: 0.1
2024-10-13 10:54:01.440: 30 q: 0.9784669
2024-10-13 11:03:59.059: 31 test start:
2024-10-13 11:04:14.441: 31 avg_reward: 447.0
2024-10-13 11:04:14.441: 31 avg_steps: 825.55
2024-10-13 11:04:14.441: 31 epsilon: 0.1
2024-10-13 11:04:14.441: 31 q: 1.01488
2024-10-13 11:14:48.112: 32 test start:
2024-10-13 11:15:15.044: 32 avg_reward: 457.0
2024-10-13 11:15:15.044: 32 avg_steps: 1131.35
2024-10-13 11:15:15.044: 32 epsilon: 0.1
2024-10-13 11:15:15.044: 32 q: 1.0472077
2024-10-13 11:25:12.719: 33 test start:
2024-10-13 11:25:27.498: 33 avg_reward: 237.0
2024-10-13 11:25:27.498: 33 avg_steps: 748.0
2024-10-13 11:25:27.498: 33 epsilon: 0.1
2024-10-13 11:25:27.499: 33 q: 1.1034727
2024-10-13 11:35:49.034: 34 test start:
2024-10-13 11:36:14.598: 34 avg_reward: 1072.0
2024-10-13 11:36:14.598: 34 avg_steps: 1346.85
2024-10-13 11:36:14.598: 34 epsilon: 0.1
2024-10-13 11:36:14.598: 34 q: 1.0904338
2024-10-13 11:46:16.835: 35 test start:
2024-10-13 11:46:51.468: 35 avg_reward: 1397.0
2024-10-13 11:46:51.468: 35 avg_steps: 1800.45
2024-10-13 11:46:51.468: 35 epsilon: 0.1
2024-10-13 11:46:51.468: 35 q: 1.1493028
2024-10-13 11:57:02.810: 36 test start:
2024-10-13 11:57:22.383: 36 avg_reward: 787.0
2024-10-13 11:57:22.384: 36 avg_steps: 1030.35
2024-10-13 11:57:22.384: 36 epsilon: 0.1
2024-10-13 11:57:22.384: 36 q: 1.1983624
2024-10-13 12:07:38.502: 37 test start:
2024-10-13 12:08:04.818: 37 avg_reward: 1122.0
2024-10-13 12:08:04.818: 37 avg_steps: 1347.6
2024-10-13 12:08:04.818: 37 epsilon: 0.1
2024-10-13 12:08:04.819: 37 q: 1.2934587
2024-10-13 12:18:10.034: 38 test start:
2024-10-13 12:18:32.269: 38 avg_reward: 857.0
2024-10-13 12:18:32.270: 38 avg_steps: 1169.4
2024-10-13 12:18:32.270: 38 epsilon: 0.1
2024-10-13 12:18:32.270: 38 q: 1.3345287
2024-10-13 12:28:51.201: 39 test start:
2024-10-13 12:29:28.750: 39 avg_reward: 1197.0
2024-10-13 12:29:28.751: 39 avg_steps: 1935.35
2024-10-13 12:29:28.751: 39 epsilon: 0.1
2024-10-13 12:29:28.751: 39 q: 1.4372497
2024-10-13 12:39:27.752: 40 test start:
2024-10-13 12:39:59.344: 40 avg_reward: 1602.0
2024-10-13 12:39:59.344: 40 avg_steps: 1704.8
2024-10-13 12:39:59.344: 40 epsilon: 0.1
2024-10-13 12:39:59.345: 40 q: 1.4871432
2024-10-13 12:50:23.322: 41 test start:
2024-10-13 12:50:58.947: 41 avg_reward: 1727.0
2024-10-13 12:50:58.948: 41 avg_steps: 1881.5
2024-10-13 12:50:58.948: 41 epsilon: 0.1
2024-10-13 12:50:58.948: 41 q: 1.5473003
2024-10-13 13:00:54.499: 42 test start:
2024-10-13 13:01:30.291: 42 avg_reward: 1272.0
2024-10-13 13:01:30.291: 42 avg_steps: 1891.05
2024-10-13 13:01:30.291: 42 epsilon: 0.1
2024-10-13 13:01:30.291: 42 q: 1.5996741
2024-10-13 13:11:53.280: 43 test start:
2024-10-13 13:12:28.291: 43 avg_reward: 1567.0
2024-10-13 13:12:28.292: 43 avg_steps: 1886.45
2024-10-13 13:12:28.292: 43 epsilon: 0.1
2024-10-13 13:12:28.292: 43 q: 1.699177
2024-10-13 13:22:27.755: 44 test start:
2024-10-13 13:22:58.426: 44 avg_reward: 1617.0
2024-10-13 13:22:58.426: 44 avg_steps: 1592.6
2024-10-13 13:22:58.426: 44 epsilon: 0.1
2024-10-13 13:22:58.426: 44 q: 1.7930838
2024-10-13 13:33:11.301: 45 test start:
2024-10-13 13:33:26.466: 45 avg_reward: 242.0
2024-10-13 13:33:26.466: 45 avg_steps: 812.4
2024-10-13 13:33:26.466: 45 epsilon: 0.1
2024-10-13 13:33:26.466: 45 q: 1.8759272
2024-10-13 13:43:34.333: 46 test start:
2024-10-13 13:44:04.555: 46 avg_reward: 1617.0
2024-10-13 13:44:04.555: 46 avg_steps: 1591.95
2024-10-13 13:44:04.555: 46 epsilon: 0.1
2024-10-13 13:44:04.555: 46 q: 1.8819976
2024-10-13 13:54:17.587: 47 test start:
2024-10-13 13:54:50.310: 47 avg_reward: 1707.0
2024-10-13 13:54:50.310: 47 avg_steps: 1769.15
2024-10-13 13:54:50.310: 47 epsilon: 0.1
2024-10-13 13:54:50.310: 47 q: 1.9483486
2024-10-13 14:05:00.888: 48 test start:
2024-10-13 14:05:20.064: 48 avg_reward: 812.0
2024-10-13 14:05:20.064: 48 avg_steps: 1018.1
2024-10-13 14:05:20.064: 48 epsilon: 0.1
2024-10-13 14:05:20.064: 48 q: 2.0391111
2024-10-13 14:15:23.500: 49 test start:
2024-10-13 14:15:49.105: 49 avg_reward: 747.0
2024-10-13 14:15:49.106: 49 avg_steps: 1396.2
2024-10-13 14:15:49.106: 49 epsilon: 0.1
2024-10-13 14:15:49.106: 49 q: 2.0000353
2024-10-13 14:26:12.779: 50 test start:
2024-10-13 14:26:39.172: 50 avg_reward: 1377.0
2024-10-13 14:26:39.173: 50 avg_steps: 1394.5
2024-10-13 14:26:39.173: 50 epsilon: 0.1
2024-10-13 14:26:39.173: 50 q: 2.0836763
2024-10-13 14:36:30.978: 51 test start:
2024-10-13 14:36:58.134: 51 avg_reward: 1547.0
2024-10-13 14:36:58.134: 51 avg_steps: 1509.85
2024-10-13 14:36:58.134: 51 epsilon: 0.1
2024-10-13 14:36:58.134: 51 q: 2.1612136
2024-10-13 14:47:28.882: 52 test start:
2024-10-13 14:48:04.636: 52 avg_reward: 3537.0
2024-10-13 14:48:04.636: 52 avg_steps: 1969.4
2024-10-13 14:48:04.636: 52 epsilon: 0.1
2024-10-13 14:48:04.636: 52 q: 2.1420856
2024-10-13 14:58:04.559: 53 test start:
2024-10-13 14:58:22.631: 53 avg_reward: 752.0
2024-10-13 14:58:22.631: 53 avg_steps: 960.8
2024-10-13 14:58:22.631: 53 epsilon: 0.1
2024-10-13 14:58:22.631: 53 q: 2.20083
2024-10-13 15:08:44.349: 54 test start:
2024-10-13 15:09:11.309: 54 avg_reward: 1332.0
2024-10-13 15:09:11.310: 54 avg_steps: 1457.4
2024-10-13 15:09:11.310: 54 epsilon: 0.1
2024-10-13 15:09:11.310: 54 q: 2.1937551
2024-10-13 15:19:05.056: 55 test start:
2024-10-13 15:19:36.523: 55 avg_reward: 1432.0
2024-10-13 15:19:36.523: 55 avg_steps: 1649.65
2024-10-13 15:19:36.523: 55 epsilon: 0.1
2024-10-13 15:19:36.523: 55 q: 2.3038847
2024-10-13 15:29:52.179: 56 test start:
2024-10-13 15:30:09.095: 56 avg_reward: 222.0
2024-10-13 15:30:09.095: 56 avg_steps: 902.0
2024-10-13 15:30:09.095: 56 epsilon: 0.1
2024-10-13 15:30:09.095: 56 q: 2.3299696
2024-10-13 15:40:19.885: 57 test start:
2024-10-13 15:40:46.822: 57 avg_reward: 1752.0
2024-10-13 15:40:46.822: 57 avg_steps: 1399.65
2024-10-13 15:40:46.823: 57 epsilon: 0.1
2024-10-13 15:40:46.823: 57 q: 2.3632543
2024-10-13 15:50:49.504: 58 test start:
2024-10-13 15:51:13.768: 58 avg_reward: 787.0
2024-10-13 15:51:13.768: 58 avg_steps: 1289.95
2024-10-13 15:51:13.768: 58 epsilon: 0.1
2024-10-13 15:51:13.768: 58 q: 2.3942378
2024-10-13 16:01:35.919: 59 test start:
2024-10-13 16:01:57.285: 59 avg_reward: 752.0
2024-10-13 16:01:57.285: 59 avg_steps: 1113.15
2024-10-13 16:01:57.290: 59 epsilon: 0.1
2024-10-13 16:01:57.291: 59 q: 2.3755105
2024-10-13 16:11:52.853: 60 test start:
2024-10-13 16:12:26.206: 60 avg_reward: 1272.0
2024-10-13 16:12:26.206: 60 avg_steps: 1743.5
2024-10-13 16:12:26.207: 60 epsilon: 0.1
2024-10-13 16:12:26.207: 60 q: 2.3281407
2024-10-13 16:22:55.552: 61 test start:
2024-10-13 16:23:22.897: 61 avg_reward: 1497.0
2024-10-13 16:23:22.897: 61 avg_steps: 1480.05
2024-10-13 16:23:22.897: 61 epsilon: 0.1
2024-10-13 16:23:22.897: 61 q: 2.353722
2024-10-13 16:33:20.113: 62 test start:
2024-10-13 16:33:59.367: 62 avg_reward: 3337.0
2024-10-13 16:33:59.367: 62 avg_steps: 2057.4
2024-10-13 16:33:59.367: 62 epsilon: 0.1
2024-10-13 16:33:59.367: 62 q: 2.472614
2024-10-13 16:44:21.929: 63 test start:
2024-10-13 16:44:51.217: 63 avg_reward: 1972.0
2024-10-13 16:44:51.217: 63 avg_steps: 1580.6
2024-10-13 16:44:51.217: 63 epsilon: 0.1
2024-10-13 16:44:51.217: 63 q: 2.483764
2024-10-13 16:54:57.216: 64 test start:
2024-10-13 16:55:40.821: 64 avg_reward: 2332.0
2024-10-13 16:55:40.822: 64 avg_steps: 2309.0
2024-10-13 16:55:40.822: 64 epsilon: 0.1
2024-10-13 16:55:40.822: 64 q: 2.4707232
2024-10-13 17:05:56.011: 65 test start:
2024-10-13 17:06:28.214: 65 avg_reward: 1832.0
2024-10-13 17:06:28.214: 65 avg_steps: 1741.6
2024-10-13 17:06:28.214: 65 epsilon: 0.1
2024-10-13 17:06:28.214: 65 q: 2.512251
2024-10-13 17:16:44.799: 66 test start:
2024-10-13 17:17:19.587: 66 avg_reward: 3007.0
2024-10-13 17:17:19.587: 66 avg_steps: 1828.7
2024-10-13 17:17:19.587: 66 epsilon: 0.1
2024-10-13 17:17:19.588: 66 q: 2.5364594
2024-10-13 17:27:16.547: 67 test start:
2024-10-13 17:27:34.150: 67 avg_reward: 807.0
2024-10-13 17:27:34.150: 67 avg_steps: 970.8
2024-10-13 17:27:34.150: 67 epsilon: 0.1
2024-10-13 17:27:34.150: 67 q: 2.5249443
2024-10-13 17:38:05.388: 68 test start:
2024-10-13 17:38:31.861: 68 avg_reward: 2532.0
2024-10-13 17:38:31.861: 68 avg_steps: 1463.0
2024-10-13 17:38:31.861: 68 epsilon: 0.1
2024-10-13 17:38:31.862: 68 q: 2.4985836
2024-10-13 17:48:25.612: 69 test start:
2024-10-13 17:49:11.181: 69 avg_reward: 2402.0
2024-10-13 17:49:11.181: 69 avg_steps: 2473.3
2024-10-13 17:49:11.181: 69 epsilon: 0.1
2024-10-13 17:49:11.181: 69 q: 2.4984035
2024-10-13 17:59:42.314: 70 test start:
2024-10-13 18:00:08.802: 70 avg_reward: 2372.0
2024-10-13 18:00:08.802: 70 avg_steps: 1445.5
2024-10-13 18:00:08.802: 70 epsilon: 0.1
2024-10-13 18:00:08.802: 70 q: 2.4487164
2024-10-13 18:10:05.541: 71 test start:
2024-10-13 18:10:31.191: 71 avg_reward: 1887.0
2024-10-13 18:10:31.191: 71 avg_steps: 1327.05
2024-10-13 18:10:31.191: 71 epsilon: 0.1
2024-10-13 18:10:31.192: 71 q: 2.3704913
2024-10-13 18:20:43.767: 72 test start:
2024-10-13 18:21:09.667: 72 avg_reward: 1792.0
2024-10-13 18:21:09.667: 72 avg_steps: 1413.0
2024-10-13 18:21:09.668: 72 epsilon: 0.1
2024-10-13 18:21:09.668: 72 q: 2.4427025
2024-10-13 18:31:18.530: 73 test start:
2024-10-13 18:31:49.773: 73 avg_reward: 3027.0
2024-10-13 18:31:49.773: 73 avg_steps: 1620.35
2024-10-13 18:31:49.773: 73 epsilon: 0.1
2024-10-13 18:31:49.773: 73 q: 2.4630654
2024-10-13 18:41:55.583: 74 test start:
2024-10-13 18:42:24.689: 74 avg_reward: 2217.0
2024-10-13 18:42:24.689: 74 avg_steps: 1560.4
2024-10-13 18:42:24.689: 74 epsilon: 0.1
2024-10-13 18:42:24.689: 74 q: 2.5563095
2024-10-13 18:52:47.419: 75 test start:
2024-10-13 18:53:19.613: 75 avg_reward: 4027.0
2024-10-13 18:53:19.613: 75 avg_steps: 1679.55
2024-10-13 18:53:19.613: 75 epsilon: 0.1
2024-10-13 18:53:19.613: 75 q: 2.551309
2024-10-13 19:03:14.544: 76 test start:
2024-10-13 19:03:42.558: 76 avg_reward: 2227.0
2024-10-13 19:03:42.558: 76 avg_steps: 1501.5
2024-10-13 19:03:42.558: 76 epsilon: 0.1
2024-10-13 19:03:42.558: 76 q: 2.570066
2024-10-13 19:14:10.748: 77 test start:
2024-10-13 19:14:39.285: 77 avg_reward: 2322.0
2024-10-13 19:14:39.285: 77 avg_steps: 1471.0
2024-10-13 19:14:39.285: 77 epsilon: 0.1
2024-10-13 19:14:39.285: 77 q: 2.586856
2024-10-13 19:24:30.072: 78 test start:
2024-10-13 19:24:58.181: 78 avg_reward: 2632.0
2024-10-13 19:24:58.181: 78 avg_steps: 1462.55
2024-10-13 19:24:58.181: 78 epsilon: 0.1
2024-10-13 19:24:58.181: 78 q: 2.570334
2024-10-13 19:35:27.573: 79 test start:
2024-10-13 19:36:00.524: 79 avg_reward: 2472.0
2024-10-13 19:36:00.525: 79 avg_steps: 1769.65
2024-10-13 19:36:00.525: 79 epsilon: 0.1
2024-10-13 19:36:00.525: 79 q: 2.584992
2024-10-13 19:45:53.584: 80 test start:
2024-10-13 19:46:27.007: 80 avg_reward: 1062.0
2024-10-13 19:46:27.008: 80 avg_steps: 1730.4
2024-10-13 19:46:27.008: 80 epsilon: 0.1
2024-10-13 19:46:27.008: 80 q: 2.5560737
2024-10-13 19:56:53.128: 81 test start:
2024-10-13 19:57:28.142: 81 avg_reward: 3442.0
2024-10-13 19:57:28.143: 81 avg_steps: 1815.2
2024-10-13 19:57:28.143: 81 epsilon: 0.1
2024-10-13 19:57:28.143: 81 q: 2.5705194
2024-10-13 20:07:55.540: 82 test start:
2024-10-13 20:08:26.394: 82 avg_reward: 3252.0
2024-10-13 20:08:26.394: 82 avg_steps: 1601.45
2024-10-13 20:08:26.394: 82 epsilon: 0.1
2024-10-13 20:08:26.395: 82 q: 2.5772421
2024-10-13 20:18:58.229: 83 test start:
2024-10-13 20:19:34.175: 83 avg_reward: 2727.0
2024-10-13 20:19:34.176: 83 avg_steps: 1863.1
2024-10-13 20:19:34.176: 83 epsilon: 0.1
2024-10-13 20:19:34.176: 83 q: 2.6070004
2024-10-13 20:29:59.639: 84 test start:
2024-10-13 20:30:20.144: 84 avg_reward: 1927.0
2024-10-13 20:30:20.145: 84 avg_steps: 1059.0
2024-10-13 20:30:20.145: 84 epsilon: 0.1
2024-10-13 20:30:20.145: 84 q: 2.6556542
2024-10-13 20:40:48.462: 85 test start:
2024-10-13 20:41:16.872: 85 avg_reward: 2712.0
2024-10-13 20:41:16.872: 85 avg_steps: 1489.45
2024-10-13 20:41:16.872: 85 epsilon: 0.1
2024-10-13 20:41:16.872: 85 q: 2.6547544
2024-10-13 20:51:46.568: 86 test start:
2024-10-13 20:52:08.470: 86 avg_reward: 1917.0
2024-10-13 20:52:08.470: 86 avg_steps: 1181.35
2024-10-13 20:52:08.470: 86 epsilon: 0.1
2024-10-13 20:52:08.470: 86 q: 2.7973344
2024-10-13 21:02:38.258: 87 test start:
2024-10-13 21:03:08.984: 87 avg_reward: 2527.0
2024-10-13 21:03:08.984: 87 avg_steps: 1627.05
2024-10-13 21:03:08.984: 87 epsilon: 0.1
2024-10-13 21:03:08.984: 87 q: 2.7948782
2024-10-13 21:13:44.634: 88 test start:
2024-10-13 21:14:13.687: 88 avg_reward: 2932.0
2024-10-13 21:14:13.687: 88 avg_steps: 1586.55
2024-10-13 21:14:13.687: 88 epsilon: 0.1
2024-10-13 21:14:13.687: 88 q: 2.8118086
2024-10-13 21:24:42.777: 89 test start:
2024-10-13 21:25:13.284: 89 avg_reward: 2557.0
2024-10-13 21:25:13.284: 89 avg_steps: 1589.5
2024-10-13 21:25:13.284: 89 epsilon: 0.1
2024-10-13 21:25:13.284: 89 q: 2.828789
2024-10-13 21:35:43.429: 90 test start:
2024-10-13 21:36:15.769: 90 avg_reward: 2817.0
2024-10-13 21:36:15.769: 90 avg_steps: 1690.6
2024-10-13 21:36:15.769: 90 epsilon: 0.1
2024-10-13 21:36:15.769: 90 q: 2.8026254
2024-10-13 21:46:39.775: 91 test start:
2024-10-13 21:47:10.448: 91 avg_reward: 2077.0
2024-10-13 21:47:10.448: 91 avg_steps: 1603.15
2024-10-13 21:47:10.448: 91 epsilon: 0.1
2024-10-13 21:47:10.448: 91 q: 2.8128614
2024-10-13 21:57:39.269: 92 test start:
2024-10-13 21:58:09.718: 92 avg_reward: 3302.0
2024-10-13 21:58:09.718: 92 avg_steps: 1582.65
2024-10-13 21:58:09.718: 92 epsilon: 0.1
2024-10-13 21:58:09.718: 92 q: 2.801985
2024-10-13 22:08:36.206: 93 test start:
2024-10-13 22:09:07.774: 93 avg_reward: 2617.0
2024-10-13 22:09:07.774: 93 avg_steps: 1644.75
2024-10-13 22:09:07.774: 93 epsilon: 0.1
2024-10-13 22:09:07.774: 93 q: 2.8579965
2024-10-13 22:19:35.908: 94 test start:
2024-10-13 22:20:08.476: 94 avg_reward: 4382.0
2024-10-13 22:20:08.476: 94 avg_steps: 1697.7
2024-10-13 22:20:08.476: 94 epsilon: 0.1
2024-10-13 22:20:08.476: 94 q: 2.8698769
2024-10-13 22:30:32.289: 95 test start:
2024-10-13 22:30:58.125: 95 avg_reward: 2292.0
2024-10-13 22:30:58.125: 95 avg_steps: 1348.4
2024-10-13 22:30:58.125: 95 epsilon: 0.1
2024-10-13 22:30:58.125: 95 q: 2.8432498
2024-10-13 22:41:29.262: 96 test start:
2024-10-13 22:41:57.811: 96 avg_reward: 3802.0
2024-10-13 22:41:57.811: 96 avg_steps: 1487.35
2024-10-13 22:41:57.811: 96 epsilon: 0.1
2024-10-13 22:41:57.811: 96 q: 2.876951
2024-10-13 22:52:23.589: 97 test start:
2024-10-13 22:52:51.726: 97 avg_reward: 2572.0
2024-10-13 22:52:51.726: 97 avg_steps: 1450.2
2024-10-13 22:52:51.726: 97 epsilon: 0.1
2024-10-13 22:52:51.726: 97 q: 2.9000762
2024-10-13 23:03:20.648: 98 test start:
2024-10-13 23:03:51.500: 98 avg_reward: 2732.0
2024-10-13 23:03:51.500: 98 avg_steps: 1588.1
2024-10-13 23:03:51.500: 98 epsilon: 0.1
2024-10-13 23:03:51.500: 98 q: 2.9573884
2024-10-13 23:14:17.945: 99 test start:
2024-10-13 23:14:48.000: 99 avg_reward: 3697.0
2024-10-13 23:14:48.001: 99 avg_steps: 1544.05
2024-10-13 23:14:48.001: 99 epsilon: 0.1
2024-10-13 23:14:48.001: 99 q: 2.9332078
2024-10-13 23:25:18.752: 100 test start:
2024-10-13 23:25:44.421: 100 avg_reward: 2252.0
2024-10-13 23:25:44.422: 100 avg_steps: 1317.05
2024-10-13 23:25:44.422: 100 epsilon: 0.1
2024-10-13 23:25:44.422: 100 q: 2.8640702
2024-10-13 23:36:07.029: 101 test start:
2024-10-13 23:36:40.370: 101 avg_reward: 3842.0
2024-10-13 23:36:40.370: 101 avg_steps: 1720.1
2024-10-13 23:36:40.370: 101 epsilon: 0.1
2024-10-13 23:36:40.371: 101 q: 2.8896317
2024-10-13 23:47:11.092: 102 test start:
2024-10-13 23:47:42.723: 102 avg_reward: 4917.0
2024-10-13 23:47:42.724: 102 avg_steps: 1634.2
2024-10-13 23:47:42.724: 102 epsilon: 0.1
2024-10-13 23:47:42.724: 102 q: 2.843603
2024-10-13 23:58:08.231: 103 test start:
2024-10-13 23:58:37.665: 103 avg_reward: 3582.0
2024-10-13 23:58:37.666: 103 avg_steps: 1553.55
2024-10-13 23:58:37.671: 103 epsilon: 0.1
2024-10-13 23:58:37.671: 103 q: 2.8465762
2024-10-14 00:09:05.694: 104 test start:
2024-10-14 00:09:26.096: 104 avg_reward: 1987.0
2024-10-14 00:09:26.096: 104 avg_steps: 1084.0
2024-10-14 00:09:26.096: 104 epsilon: 0.1
2024-10-14 00:09:26.096: 104 q: 2.8503184
2024-10-14 00:19:52.024: 105 test start:
2024-10-14 00:20:28.749: 105 avg_reward: 2517.0
2024-10-14 00:20:28.749: 105 avg_steps: 1974.6
2024-10-14 00:20:28.749: 105 epsilon: 0.1
2024-10-14 00:20:28.749: 105 q: 2.8193164
2024-10-14 00:31:01.688: 106 test start:
2024-10-14 00:31:32.438: 106 avg_reward: 4207.0
2024-10-14 00:31:32.438: 106 avg_steps: 1676.5
2024-10-14 00:31:32.438: 106 epsilon: 0.1
2024-10-14 00:31:32.438: 106 q: 2.8822007
2024-10-14 00:42:01.292: 107 test start:
2024-10-14 00:42:31.972: 107 avg_reward: 4672.0
2024-10-14 00:42:31.972: 107 avg_steps: 1651.5
2024-10-14 00:42:31.972: 107 epsilon: 0.1
2024-10-14 00:42:31.972: 107 q: 2.835602
2024-10-14 00:53:04.582: 108 test start:
2024-10-14 00:53:27.965: 108 avg_reward: 1967.0
2024-10-14 00:53:27.965: 108 avg_steps: 1242.0
2024-10-14 00:53:27.966: 108 epsilon: 0.1
2024-10-14 00:53:27.966: 108 q: 2.807667
2024-10-14 01:03:51.669: 109 test start:
2024-10-14 01:04:30.219: 109 avg_reward: 3977.0
2024-10-14 01:04:30.220: 109 avg_steps: 2034.35
2024-10-14 01:04:30.220: 109 epsilon: 0.1
2024-10-14 01:04:30.220: 109 q: 2.876884
2024-10-14 01:14:58.076: 110 test start:
2024-10-14 01:15:25.348: 110 avg_reward: 3042.0
2024-10-14 01:15:25.348: 110 avg_steps: 1412.95
2024-10-14 01:15:25.348: 110 epsilon: 0.1
2024-10-14 01:15:25.348: 110 q: 2.8988533
2024-10-14 01:25:50.382: 111 test start:
2024-10-14 01:26:25.358: 111 avg_reward: 6317.0
2024-10-14 01:26:25.359: 111 avg_steps: 1792.8
2024-10-14 01:26:25.359: 111 epsilon: 0.1
2024-10-14 01:26:25.359: 111 q: 2.9182818
2024-10-14 01:37:20.668: 112 test start:
2024-10-14 01:37:51.624: 112 avg_reward: 3982.0
2024-10-14 01:37:51.624: 112 avg_steps: 1583.05
2024-10-14 01:37:51.624: 112 epsilon: 0.1
2024-10-14 01:37:51.624: 112 q: 2.897645
2024-10-14 01:48:38.681: 113 test start:
2024-10-14 01:49:09.392: 113 avg_reward: 3697.0
2024-10-14 01:49:09.392: 113 avg_steps: 1561.75
2024-10-14 01:49:09.392: 113 epsilon: 0.1
2024-10-14 01:49:09.392: 113 q: 2.8439941
2024-10-14 01:59:58.719: 114 test start:
2024-10-14 02:00:34.972: 114 avg_reward: 3847.0
2024-10-14 02:00:34.972: 114 avg_steps: 1844.45
2024-10-14 02:00:34.972: 114 epsilon: 0.1
2024-10-14 02:00:34.972: 114 q: 2.8248062
2024-10-14 02:11:23.164: 115 test start:
2024-10-14 02:12:04.375: 115 avg_reward: 1527.0
2024-10-14 02:12:04.375: 115 avg_steps: 2104.95
2024-10-14 02:12:04.375: 115 epsilon: 0.1
2024-10-14 02:12:04.375: 115 q: 2.8912306
2024-10-14 02:22:42.455: 116 test start:
2024-10-14 02:23:19.315: 116 avg_reward: 5962.0
2024-10-14 02:23:19.315: 116 avg_steps: 1910.1
2024-10-14 02:23:19.315: 116 epsilon: 0.1
2024-10-14 02:23:19.315: 116 q: 2.799355
2024-10-14 02:34:00.556: 117 test start:
2024-10-14 02:34:31.428: 117 avg_reward: 3577.0
2024-10-14 02:34:31.428: 117 avg_steps: 1570.8
2024-10-14 02:34:31.428: 117 epsilon: 0.1
2024-10-14 02:34:31.428: 117 q: 2.7785757
2024-10-14 02:45:20.115: 118 test start:
2024-10-14 02:46:01.936: 118 avg_reward: 5612.0
2024-10-14 02:46:01.936: 118 avg_steps: 2149.95
2024-10-14 02:46:01.936: 118 epsilon: 0.1
2024-10-14 02:46:01.936: 118 q: 2.7321112
2024-10-14 02:56:52.837: 119 test start:
2024-10-14 02:57:23.690: 119 avg_reward: 4657.0
2024-10-14 02:57:23.690: 119 avg_steps: 1569.55
2024-10-14 02:57:23.690: 119 epsilon: 0.1
2024-10-14 02:57:23.690: 119 q: 2.73294
2024-10-14 03:08:08.766: 120 test start:
2024-10-14 03:08:39.895: 120 avg_reward: 2567.0
2024-10-14 03:08:39.895: 120 avg_steps: 1580.0
2024-10-14 03:08:39.895: 120 epsilon: 0.1
2024-10-14 03:08:39.895: 120 q: 2.7886286
2024-10-14 03:19:33.594: 121 test start:
2024-10-14 03:20:20.053: 121 avg_reward: 2197.0
2024-10-14 03:20:20.053: 121 avg_steps: 2362.5
2024-10-14 03:20:20.053: 121 epsilon: 0.1
2024-10-14 03:20:20.053: 121 q: 2.798782
2024-10-14 03:31:12.632: 122 test start:
2024-10-14 03:31:47.088: 122 avg_reward: 5177.0
2024-10-14 03:31:47.088: 122 avg_steps: 1747.9
2024-10-14 03:31:47.088: 122 epsilon: 0.1
2024-10-14 03:31:47.088: 122 q: 2.792992
2024-10-14 03:42:42.370: 123 test start:
2024-10-14 03:43:23.439: 123 avg_reward: 2582.0
2024-10-14 03:43:23.439: 123 avg_steps: 2116.25
2024-10-14 03:43:23.439: 123 epsilon: 0.1
2024-10-14 03:43:23.439: 123 q: 2.7646308
2024-10-14 03:54:16.262: 124 test start:
2024-10-14 03:54:42.514: 124 avg_reward: 3572.0
2024-10-14 03:54:42.514: 124 avg_steps: 1358.75
2024-10-14 03:54:42.514: 124 epsilon: 0.1
2024-10-14 03:54:42.514: 124 q: 2.7610428
2024-10-14 04:05:26.127: 125 test start:
2024-10-14 04:06:03.014: 125 avg_reward: 4237.0
2024-10-14 04:06:03.014: 125 avg_steps: 1914.4
2024-10-14 04:06:03.014: 125 epsilon: 0.1
2024-10-14 04:06:03.014: 125 q: 2.7521162
2024-10-14 04:16:41.134: 126 test start:
2024-10-14 04:17:22.274: 126 avg_reward: 3857.0
2024-10-14 04:17:22.275: 126 avg_steps: 2130.55
2024-10-14 04:17:22.275: 126 epsilon: 0.1
2024-10-14 04:17:22.275: 126 q: 2.7482831
2024-10-14 04:27:56.878: 127 test start:
2024-10-14 04:28:31.592: 127 avg_reward: 5932.0
2024-10-14 04:28:31.592: 127 avg_steps: 1801.85
2024-10-14 04:28:31.592: 127 epsilon: 0.1
2024-10-14 04:28:31.592: 127 q: 2.7152598
2024-10-14 04:39:05.211: 128 test start:
2024-10-14 04:39:37.564: 128 avg_reward: 6562.0
2024-10-14 04:39:37.565: 128 avg_steps: 1671.15
2024-10-14 04:39:37.565: 128 epsilon: 0.1
2024-10-14 04:39:37.565: 128 q: 2.6774828
2024-10-14 04:50:21.888: 129 test start:
2024-10-14 04:50:55.423: 129 avg_reward: 6452.0
2024-10-14 04:50:55.424: 129 avg_steps: 1745.6
2024-10-14 04:50:55.424: 129 epsilon: 0.1
2024-10-14 04:50:55.424: 129 q: 2.6572993
2024-10-14 05:01:32.384: 130 test start:
2024-10-14 05:02:04.460: 130 avg_reward: 4042.0
2024-10-14 05:02:04.460: 130 avg_steps: 1638.7
2024-10-14 05:02:04.460: 130 epsilon: 0.1
2024-10-14 05:02:04.460: 130 q: 2.6454258
2024-10-14 05:12:36.566: 131 test start:
2024-10-14 05:13:11.099: 131 avg_reward: 6832.0
2024-10-14 05:13:11.099: 131 avg_steps: 1749.9
2024-10-14 05:13:11.099: 131 epsilon: 0.1
2024-10-14 05:13:11.099: 131 q: 2.637675
2024-10-14 05:23:59.098: 132 test start:
2024-10-14 05:24:34.468: 132 avg_reward: 5017.0
2024-10-14 05:24:34.468: 132 avg_steps: 1791.4
2024-10-14 05:24:34.468: 132 epsilon: 0.1
2024-10-14 05:24:34.469: 132 q: 2.6946194
2024-10-14 05:35:36.375: 133 test start:
2024-10-14 05:36:12.901: 133 avg_reward: 5482.0
2024-10-14 05:36:12.901: 133 avg_steps: 1852.8
2024-10-14 05:36:12.901: 133 epsilon: 0.1
2024-10-14 05:36:12.901: 133 q: 2.7273626
2024-10-14 05:47:07.086: 134 test start:
2024-10-14 05:47:36.974: 134 avg_reward: 4132.0
2024-10-14 05:47:36.974: 134 avg_steps: 1516.7
2024-10-14 05:47:36.974: 134 epsilon: 0.1
2024-10-14 05:47:36.974: 134 q: 2.7577534
2024-10-14 05:58:28.532: 135 test start:
2024-10-14 05:59:10.529: 135 avg_reward: 4112.0
2024-10-14 05:59:10.529: 135 avg_steps: 2138.3
2024-10-14 05:59:10.529: 135 epsilon: 0.1
2024-10-14 05:59:10.529: 135 q: 2.8023827
2024-10-14 06:10:05.768: 136 test start:
2024-10-14 06:10:37.816: 136 avg_reward: 4842.0
2024-10-14 06:10:37.817: 136 avg_steps: 1675.25
2024-10-14 06:10:37.817: 136 epsilon: 0.1
2024-10-14 06:10:37.817: 136 q: 2.832021
2024-10-14 06:21:31.299: 137 test start:
2024-10-14 06:22:35.393: 137 avg_reward: 5107.15
2024-10-14 06:22:35.393: 137 avg_steps: 3244.1
2024-10-14 06:22:35.393: 137 epsilon: 0.1
2024-10-14 06:22:35.393: 137 q: 2.8953671
2024-10-14 06:33:24.516: 138 test start:
2024-10-14 06:34:10.899: 138 avg_reward: 6177.0
2024-10-14 06:34:10.899: 138 avg_steps: 2352.05
2024-10-14 06:34:10.899: 138 epsilon: 0.1
2024-10-14 06:34:10.899: 138 q: 2.8766308
2024-10-14 06:44:58.746: 139 test start:
2024-10-14 06:45:39.288: 139 avg_reward: 2602.0
2024-10-14 06:45:39.288: 139 avg_steps: 2049.25
2024-10-14 06:45:39.288: 139 epsilon: 0.1
2024-10-14 06:45:39.288: 139 q: 2.8625898
2024-10-14 06:56:28.531: 140 test start:
2024-10-14 06:57:01.379: 140 avg_reward: 4152.0
2024-10-14 06:57:01.379: 140 avg_steps: 1718.0
2024-10-14 06:57:01.379: 140 epsilon: 0.1
2024-10-14 06:57:01.379: 140 q: 2.8816621
2024-10-14 07:07:52.657: 141 test start:
2024-10-14 07:08:24.305: 141 avg_reward: 6337.0
2024-10-14 07:08:24.305: 141 avg_steps: 1678.2
2024-10-14 07:08:24.305: 141 epsilon: 0.1
2024-10-14 07:08:24.305: 141 q: 2.9251342
2024-10-14 07:19:16.404: 142 test start:
2024-10-14 07:19:53.851: 142 avg_reward: 4972.0
2024-10-14 07:19:53.851: 142 avg_steps: 1972.2
2024-10-14 07:19:53.851: 142 epsilon: 0.1
2024-10-14 07:19:53.851: 142 q: 2.9126801
2024-10-14 07:30:36.218: 143 test start:
2024-10-14 07:31:08.766: 143 avg_reward: 3837.0
2024-10-14 07:31:08.766: 143 avg_steps: 1681.45
2024-10-14 07:31:08.767: 143 epsilon: 0.1
2024-10-14 07:31:08.767: 143 q: 2.8909855
2024-10-14 07:42:03.580: 144 test start:
2024-10-14 07:42:46.882: 144 avg_reward: 4957.0
2024-10-14 07:42:46.883: 144 avg_steps: 2229.0
2024-10-14 07:42:46.883: 144 epsilon: 0.1
2024-10-14 07:42:46.883: 144 q: 2.9775083
2024-10-14 07:53:22.252: 145 test start:
2024-10-14 07:53:56.032: 145 avg_reward: 3947.0
2024-10-14 07:53:56.033: 145 avg_steps: 1706.8
2024-10-14 07:53:56.033: 145 epsilon: 0.1
2024-10-14 07:53:56.033: 145 q: 2.9632852
2024-10-14 08:04:43.571: 146 test start:
2024-10-14 08:05:13.574: 146 avg_reward: 5592.0
2024-10-14 08:05:13.575: 146 avg_steps: 1582.45
2024-10-14 08:05:13.575: 146 epsilon: 0.1
2024-10-14 08:05:13.575: 146 q: 3.0230937
2024-10-14 08:15:36.508: 147 test start:
2024-10-14 08:16:14.420: 147 avg_reward: 7287.0
2024-10-14 08:16:14.420: 147 avg_steps: 1921.0
2024-10-14 08:16:14.420: 147 epsilon: 0.1
2024-10-14 08:16:14.420: 147 q: 3.0106256
2024-10-14 08:26:49.876: 148 test start:
2024-10-14 08:27:21.660: 148 avg_reward: 5347.0
2024-10-14 08:27:21.660: 148 avg_steps: 1703.65
2024-10-14 08:27:21.660: 148 epsilon: 0.1
2024-10-14 08:27:21.660: 148 q: 3.0304823
2024-10-14 08:37:56.255: 149 test start:
2024-10-14 08:38:40.226: 149 avg_reward: 9992.0
2024-10-14 08:38:40.226: 149 avg_steps: 2291.85
2024-10-14 08:38:40.226: 149 epsilon: 0.1
2024-10-14 08:38:40.226: 149 q: 3.0370748
2024-10-14 08:49:03.796: 150 test start:
2024-10-14 08:49:44.208: 150 avg_reward: 5597.0
2024-10-14 08:49:44.208: 150 avg_steps: 2168.35
2024-10-14 08:49:44.209: 150 epsilon: 0.1
2024-10-14 08:49:44.209: 150 q: 3.0850794
2024-10-14 09:00:29.835: 151 test start:
2024-10-14 09:00:54.917: 151 avg_reward: 2037.0
2024-10-14 09:00:54.917: 151 avg_steps: 1322.9
2024-10-14 09:00:54.917: 151 epsilon: 0.1
2024-10-14 09:00:54.917: 151 q: 3.0402694
2024-10-14 09:10:56.099: 152 test start:
2024-10-14 09:11:25.224: 152 avg_reward: 4402.0
2024-10-14 09:11:25.224: 152 avg_steps: 1543.0
2024-10-14 09:11:25.224: 152 epsilon: 0.1
2024-10-14 09:11:25.224: 152 q: 3.0037374
2024-10-14 09:21:58.013: 153 test start:
2024-10-14 09:22:32.197: 153 avg_reward: 5527.0
2024-10-14 09:22:32.197: 153 avg_steps: 1828.65
2024-10-14 09:22:32.197: 153 epsilon: 0.1
2024-10-14 09:22:32.197: 153 q: 3.007081
2024-10-14 09:32:39.557: 154 test start:
2024-10-14 09:33:18.708: 154 avg_reward: 6112.0
2024-10-14 09:33:18.708: 154 avg_steps: 1996.2
2024-10-14 09:33:18.708: 154 epsilon: 0.1
2024-10-14 09:33:18.708: 154 q: 3.0302708
2024-10-14 09:43:32.944: 155 test start:
2024-10-14 09:44:08.987: 155 avg_reward: 5632.0
2024-10-14 09:44:08.988: 155 avg_steps: 1891.85
2024-10-14 09:44:08.988: 155 epsilon: 0.1
2024-10-14 09:44:08.988: 155 q: 3.016113
2024-10-14 09:54:19.688: 156 test start:
2024-10-14 09:54:51.535: 156 avg_reward: 6797.0
2024-10-14 09:54:51.535: 156 avg_steps: 1629.35
2024-10-14 09:54:51.535: 156 epsilon: 0.1
2024-10-14 09:54:51.535: 156 q: 3.0263379
2024-10-14 10:04:55.364: 157 test start:
2024-10-14 10:05:25.711: 157 avg_reward: 3322.0
2024-10-14 10:05:25.711: 157 avg_steps: 1600.2
2024-10-14 10:05:25.711: 157 epsilon: 0.1
2024-10-14 10:05:25.711: 157 q: 3.039084
2024-10-14 10:15:47.110: 158 test start:
2024-10-14 10:16:20.990: 158 avg_reward: 5762.0
2024-10-14 10:16:20.990: 158 avg_steps: 1744.95
2024-10-14 10:16:20.990: 158 epsilon: 0.1
2024-10-14 10:16:20.990: 158 q: 3.0788326
2024-10-14 10:26:15.953: 159 test start:
2024-10-14 10:26:54.653: 159 avg_reward: 5817.0
2024-10-14 10:26:54.653: 159 avg_steps: 1994.0
2024-10-14 10:26:54.653: 159 epsilon: 0.1
2024-10-14 10:26:54.653: 159 q: 2.9905083
2024-10-14 10:37:21.348: 160 test start:
2024-10-14 10:37:43.760: 160 avg_reward: 2277.0
2024-10-14 10:37:43.760: 160 avg_steps: 1187.85
2024-10-14 10:37:43.760: 160 epsilon: 0.1
2024-10-14 10:37:43.760: 160 q: 3.012303
2024-10-14 10:47:42.841: 161 test start:
2024-10-14 10:48:15.529: 161 avg_reward: 5197.0
2024-10-14 10:48:15.529: 161 avg_steps: 1691.45
2024-10-14 10:48:15.529: 161 epsilon: 0.1
2024-10-14 10:48:15.529: 161 q: 3.0236492
2024-10-14 10:58:31.779: 162 test start:
2024-10-14 10:59:11.683: 162 avg_reward: 9132.0
2024-10-14 10:59:11.684: 162 avg_steps: 2110.0
2024-10-14 10:59:11.684: 162 epsilon: 0.1
2024-10-14 10:59:11.684: 162 q: 3.0409365
2024-10-14 11:09:28.862: 163 test start:
2024-10-14 11:09:58.931: 163 avg_reward: 2872.0
2024-10-14 11:09:58.931: 163 avg_steps: 1538.5
2024-10-14 11:09:58.931: 163 epsilon: 0.1
2024-10-14 11:09:58.931: 163 q: 3.0468051
2024-10-14 11:20:08.737: 164 test start:
2024-10-14 11:20:44.097: 164 avg_reward: 5932.0
2024-10-14 11:20:44.097: 164 avg_steps: 1877.3
2024-10-14 11:20:44.097: 164 epsilon: 0.1
2024-10-14 11:20:44.097: 164 q: 3.0329952
2024-10-14 11:31:07.207: 165 test start:
2024-10-14 11:31:46.048: 165 avg_reward: 8577.0
2024-10-14 11:31:46.048: 165 avg_steps: 2001.15
2024-10-14 11:31:46.048: 165 epsilon: 0.1
2024-10-14 11:31:46.049: 165 q: 3.0539637
2024-10-14 11:41:45.519: 166 test start:
2024-10-14 11:42:24.051: 166 avg_reward: 3657.0
2024-10-14 11:42:24.051: 166 avg_steps: 2039.3
2024-10-14 11:42:24.051: 166 epsilon: 0.1
2024-10-14 11:42:24.051: 166 q: 3.0461407
2024-10-14 11:52:50.709: 167 test start:
2024-10-14 11:53:23.305: 167 avg_reward: 6707.0
2024-10-14 11:53:23.305: 167 avg_steps: 1730.75
2024-10-14 11:53:23.305: 167 epsilon: 0.1
2024-10-14 11:53:23.305: 167 q: 3.1043403
2024-10-14 12:03:17.175: 168 test start:
2024-10-14 12:03:44.841: 168 avg_reward: 3762.0
2024-10-14 12:03:44.841: 168 avg_steps: 1411.4
2024-10-14 12:03:44.841: 168 epsilon: 0.1
2024-10-14 12:03:44.841: 168 q: 3.0787356
2024-10-14 12:14:09.091: 169 test start:
2024-10-14 12:14:39.330: 169 avg_reward: 3682.0
2024-10-14 12:14:39.330: 169 avg_steps: 1597.85
2024-10-14 12:14:39.330: 169 epsilon: 0.1
2024-10-14 12:14:39.330: 169 q: 3.136176
2024-10-14 12:24:38.066: 170 test start:
2024-10-14 12:25:09.775: 170 avg_reward: 2577.0
2024-10-14 12:25:09.775: 170 avg_steps: 1658.9
2024-10-14 12:25:09.775: 170 epsilon: 0.1
2024-10-14 12:25:09.775: 170 q: 3.103793
2024-10-14 12:35:25.541: 171 test start:
2024-10-14 12:36:04.809: 171 avg_reward: 10792.0
2024-10-14 12:36:04.809: 171 avg_steps: 2133.25
2024-10-14 12:36:04.809: 171 epsilon: 0.1
2024-10-14 12:36:04.809: 171 q: 3.048065
2024-10-14 12:46:22.556: 172 test start:
2024-10-14 12:46:55.432: 172 avg_reward: 3342.0
2024-10-14 12:46:55.432: 172 avg_steps: 1724.35
2024-10-14 12:46:55.432: 172 epsilon: 0.1
2024-10-14 12:46:55.432: 172 q: 3.01084
2024-10-14 12:57:02.846: 173 test start:
2024-10-14 12:57:33.359: 173 avg_reward: 3482.0
2024-10-14 12:57:33.359: 173 avg_steps: 1614.6
2024-10-14 12:57:33.359: 173 epsilon: 0.1
2024-10-14 12:57:33.359: 173 q: 3.0449092
2024-10-14 13:07:57.288: 174 test start:
2024-10-14 13:08:33.448: 174 avg_reward: 4307.0
2024-10-14 13:08:33.448: 174 avg_steps: 1848.95
2024-10-14 13:08:33.448: 174 epsilon: 0.1
2024-10-14 13:08:33.448: 174 q: 3.0812087
2024-10-14 13:18:30.835: 175 test start:
2024-10-14 13:19:13.086: 175 avg_reward: 5282.0
2024-10-14 13:19:13.086: 175 avg_steps: 2187.9
2024-10-14 13:19:13.086: 175 epsilon: 0.1
2024-10-14 13:19:13.087: 175 q: 3.104309
2024-10-14 13:29:38.554: 176 test start:
2024-10-14 13:30:13.521: 176 avg_reward: 3977.0
2024-10-14 13:30:13.521: 176 avg_steps: 1843.45
2024-10-14 13:30:13.521: 176 epsilon: 0.1
2024-10-14 13:30:13.521: 176 q: 3.1345365
2024-10-14 13:40:06.642: 177 test start:
2024-10-14 13:40:40.721: 177 avg_reward: 5842.0
2024-10-14 13:40:40.722: 177 avg_steps: 1767.5
2024-10-14 13:40:40.722: 177 epsilon: 0.1
2024-10-14 13:40:40.722: 177 q: 3.1095026
2024-10-14 13:50:59.947: 178 test start:
2024-10-14 13:51:32.388: 178 avg_reward: 5732.0
2024-10-14 13:51:32.389: 178 avg_steps: 1884.25
2024-10-14 13:51:32.389: 178 epsilon: 0.1
2024-10-14 13:51:32.389: 178 q: 3.0933948
2024-10-14 14:01:40.811: 179 test start:
2024-10-14 14:02:14.119: 179 avg_reward: 4232.0
2024-10-14 14:02:14.119: 179 avg_steps: 1694.2
2024-10-14 14:02:14.119: 179 epsilon: 0.1
2024-10-14 14:02:14.119: 179 q: 3.0685027
2024-10-14 14:12:14.812: 180 test start:
2024-10-14 14:12:41.513: 180 avg_reward: 1897.0
2024-10-14 14:12:41.513: 180 avg_steps: 1403.15
2024-10-14 14:12:41.513: 180 epsilon: 0.1
2024-10-14 14:12:41.513: 180 q: 3.0145512
2024-10-14 14:22:54.155: 181 test start:
2024-10-14 14:23:27.727: 181 avg_reward: 3887.0
2024-10-14 14:23:27.727: 181 avg_steps: 1704.25
2024-10-14 14:23:27.728: 181 epsilon: 0.1
2024-10-14 14:23:27.728: 181 q: 3.0242257
2024-10-14 14:33:32.380: 182 test start:
2024-10-14 14:34:08.703: 182 avg_reward: 6337.0
2024-10-14 14:34:08.703: 182 avg_steps: 1932.7
2024-10-14 14:34:08.703: 182 epsilon: 0.1
2024-10-14 14:34:08.703: 182 q: 3.0420132
2024-10-14 14:44:41.932: 183 test start:
2024-10-14 14:45:20.096: 183 avg_reward: 7057.0
2024-10-14 14:45:20.096: 183 avg_steps: 1983.05
2024-10-14 14:45:20.096: 183 epsilon: 0.1
2024-10-14 14:45:20.096: 183 q: 3.0781524
2024-10-14 14:55:17.567: 184 test start:
2024-10-14 14:55:58.779: 184 avg_reward: 7057.0
2024-10-14 14:55:58.780: 184 avg_steps: 2123.1
2024-10-14 14:55:58.780: 184 epsilon: 0.1
2024-10-14 14:55:58.780: 184 q: 3.1068795
2024-10-14 15:06:26.973: 185 test start:
2024-10-14 15:06:53.194: 185 avg_reward: 2492.0
2024-10-14 15:06:53.194: 185 avg_steps: 1389.6
2024-10-14 15:06:53.194: 185 epsilon: 0.1
2024-10-14 15:06:53.194: 185 q: 3.1022663
2024-10-14 15:16:53.798: 186 test start:
2024-10-14 15:17:30.002: 186 avg_reward: 4702.0
2024-10-14 15:17:30.003: 186 avg_steps: 1864.75
2024-10-14 15:17:30.003: 186 epsilon: 0.1
2024-10-14 15:17:30.003: 186 q: 3.0751624
2024-10-14 15:27:45.501: 187 test start:
2024-10-14 15:28:17.613: 187 avg_reward: 3707.0
2024-10-14 15:28:17.613: 187 avg_steps: 1711.7
2024-10-14 15:28:17.613: 187 epsilon: 0.1
2024-10-14 15:28:17.613: 187 q: 3.0589502
2024-10-14 15:38:26.446: 188 test start:
2024-10-14 15:39:16.125: 188 avg_reward: 7272.0
2024-10-14 15:39:16.125: 188 avg_steps: 2592.05
2024-10-14 15:39:16.125: 188 epsilon: 0.1
2024-10-14 15:39:16.126: 188 q: 3.1017842
2024-10-14 15:49:25.475: 189 test start:
2024-10-14 15:49:57.477: 189 avg_reward: 5272.0
2024-10-14 15:49:57.477: 189 avg_steps: 1693.2
2024-10-14 15:49:57.477: 189 epsilon: 0.1
2024-10-14 15:49:57.478: 189 q: 3.080993
2024-10-14 16:00:17.897: 190 test start:
2024-10-14 16:00:53.640: 190 avg_reward: 7642.0
2024-10-14 16:00:53.640: 190 avg_steps: 1837.8
2024-10-14 16:00:53.640: 190 epsilon: 0.1
2024-10-14 16:00:53.640: 190 q: 3.1160977
2024-10-14 16:10:47.256: 191 test start:
2024-10-14 16:11:23.932: 191 avg_reward: 8697.0
2024-10-14 16:11:23.932: 191 avg_steps: 1960.7
2024-10-14 16:11:23.932: 191 epsilon: 0.1
2024-10-14 16:11:23.932: 191 q: 3.081419
2024-10-14 16:21:55.371: 192 test start:
2024-10-14 16:22:40.262: 192 avg_reward: 5087.0
2024-10-14 16:22:40.262: 192 avg_steps: 2437.85
2024-10-14 16:22:40.262: 192 epsilon: 0.1
2024-10-14 16:22:40.262: 192 q: 3.0254714
2024-10-14 16:32:39.473: 193 test start:
2024-10-14 16:33:21.560: 193 avg_reward: 5287.0
2024-10-14 16:33:21.560: 193 avg_steps: 2264.5
2024-10-14 16:33:21.560: 193 epsilon: 0.1
2024-10-14 16:33:21.560: 193 q: 3.0351498
2024-10-14 16:43:47.717: 194 test start:
2024-10-14 16:44:19.718: 194 avg_reward: 6317.0
2024-10-14 16:44:19.718: 194 avg_steps: 1740.7
2024-10-14 16:44:19.718: 194 epsilon: 0.1
2024-10-14 16:44:19.718: 194 q: 3.039668
2024-10-14 16:54:25.352: 195 test start:
2024-10-14 16:55:05.506: 195 avg_reward: 8452.0
2024-10-14 16:55:05.507: 195 avg_steps: 2107.8
2024-10-14 16:55:05.507: 195 epsilon: 0.1
2024-10-14 16:55:05.507: 195 q: 3.0607462
2024-10-14 17:05:10.921: 196 test start:
2024-10-14 17:05:49.020: 196 avg_reward: 6572.0
2024-10-14 17:05:49.020: 196 avg_steps: 2057.5
2024-10-14 17:05:49.020: 196 epsilon: 0.1
2024-10-14 17:05:49.020: 196 q: 3.0365975
2024-10-14 17:16:07.651: 197 test start:
2024-10-14 17:16:39.800: 197 avg_reward: 4907.0
2024-10-14 17:16:39.800: 197 avg_steps: 1791.2
2024-10-14 17:16:39.800: 197 epsilon: 0.1
2024-10-14 17:16:39.800: 197 q: 3.0168676
2024-10-14 17:26:32.473: 198 test start:
2024-10-14 17:27:07.737: 198 avg_reward: 4702.0
2024-10-14 17:27:07.737: 198 avg_steps: 1871.65
2024-10-14 17:27:07.737: 198 epsilon: 0.1
2024-10-14 17:27:07.737: 198 q: 3.0052993
2024-10-14 17:37:37.143: 199 test start:
2024-10-14 17:38:11.088: 199 avg_reward: 6367.0
2024-10-14 17:38:11.088: 199 avg_steps: 1812.6
2024-10-14 17:38:11.088: 199 epsilon: 0.1
2024-10-14 17:38:11.088: 199 q: 2.9744375
2024-10-14 17:48:08.492: 200 test start:
2024-10-14 17:48:37.368: 200 avg_reward: 4527.0
2024-10-14 17:48:37.368: 200 avg_steps: 1531.1
2024-10-14 17:48:37.368: 200 epsilon: 0.1
2024-10-14 17:48:37.368: 200 q: 2.9467797
