2024-05-02 19:19:17.734: 
parameters:agent_saving_period: 80000
agent_test_episodes: 20
batch_num_per_epoch: 100000
device: cuda:0
env_name: ALE/Asterix-v5
epsilon_for_test: 0.05
epsilon_max: 1.0
epsilon_min: 0.1
exploration_steps: 1000000
gamma: 0.99
input_frame_height: 84
input_frame_width: 84
learning_rate: 1.0e-05
log_path: ../exps/dqn/
mini_batch_size: 32
no_op: 30
phi_channel: 4
replay_buffer_size: 200000
replay_start_size: 10000
save_path: ./exps/
skip_k_frame: 4
step_c: 10000
training_steps: 50000000

2024-05-02 19:31:26.576: 1 test start:
2024-05-02 19:31:32.735: 1 avg_reward: 230.0
2024-05-02 19:31:32.735: 1 avg_steps: 253.0
2024-05-02 19:31:32.735: 1 epsilon: 0.9274717
2024-05-02 19:45:27.711: 2 test start:
2024-05-02 19:45:32.355: 2 avg_reward: 260.0
2024-05-02 19:45:32.355: 2 avg_steps: 223.05
2024-05-02 19:45:32.355: 2 epsilon: 0.8476795
2024-05-02 20:26:41.801: 3 test start:
2024-05-02 20:26:46.837: 3 avg_reward: 400.0
2024-05-02 20:26:46.837: 3 avg_steps: 277.95
2024-05-02 20:26:46.837: 3 epsilon: 0.7675822
2024-05-02 20:40:33.939: 4 test start:
2024-05-02 20:40:38.673: 4 avg_reward: 392.5
2024-05-02 20:40:38.673: 4 avg_steps: 263.9
2024-05-02 20:40:38.673: 4 epsilon: 0.6873022
2024-05-02 20:54:23.634: 5 test start:
2024-05-02 20:54:29.305: 5 avg_reward: 592.5
2024-05-02 20:54:29.305: 5 avg_steps: 316.95
2024-05-02 20:54:29.305: 5 epsilon: 0.6073101999999999
2024-05-02 21:08:16.266: 6 test start:
2024-05-02 21:08:22.575: 6 avg_reward: 742.5
2024-05-02 21:08:22.576: 6 avg_steps: 352.95
2024-05-02 21:08:22.576: 6 epsilon: 0.5268204999999999
2024-05-02 21:22:09.285: 7 test start:
2024-05-02 21:22:14.645: 7 avg_reward: 462.5
2024-05-02 21:22:14.645: 7 avg_steps: 299.7
2024-05-02 21:22:14.645: 7 epsilon: 0.4461904
2024-05-02 21:36:01.054: 8 test start:
2024-05-02 21:36:07.464: 8 avg_reward: 737.5
2024-05-02 21:36:07.464: 8 avg_steps: 357.75
2024-05-02 21:36:07.464: 8 epsilon: 0.36539199999999994
2024-05-02 21:49:55.004: 9 test start:
2024-05-02 21:50:00.829: 9 avg_reward: 590.0
2024-05-02 21:50:00.829: 9 avg_steps: 321.0
2024-05-02 21:50:00.829: 9 epsilon: 0.2842903
2024-05-02 22:03:46.864: 10 test start:
2024-05-02 22:03:53.752: 10 avg_reward: 855.0
2024-05-02 22:03:53.752: 10 avg_steps: 383.0
2024-05-02 22:03:53.752: 10 epsilon: 0.20252799999999993
2024-05-02 22:17:40.262: 11 test start:
2024-05-02 22:17:47.166: 11 avg_reward: 880.0
2024-05-02 22:17:47.166: 11 avg_steps: 388.3
2024-05-02 22:17:47.166: 11 epsilon: 0.12031389999999997
2024-05-02 22:31:35.144: 12 test start:
2024-05-02 22:31:41.751: 12 avg_reward: 612.5
2024-05-02 22:31:41.751: 12 avg_steps: 365.6
2024-05-02 22:31:41.751: 12 epsilon: 0.1
2024-05-02 22:45:29.025: 13 test start:
2024-05-02 22:45:38.625: 13 avg_reward: 1345.0
2024-05-02 22:45:38.625: 13 avg_steps: 532.55
2024-05-02 22:45:38.625: 13 epsilon: 0.1
2024-05-02 22:59:30.817: 14 test start:
2024-05-02 22:59:40.901: 14 avg_reward: 1275.0
2024-05-02 22:59:40.901: 14 avg_steps: 555.3
2024-05-02 22:59:40.901: 14 epsilon: 0.1
2024-05-02 23:13:32.566: 15 test start:
2024-05-02 23:13:41.139: 15 avg_reward: 1145.0
2024-05-02 23:13:41.139: 15 avg_steps: 477.1
2024-05-02 23:13:41.139: 15 epsilon: 0.1
2024-05-02 23:27:28.012: 16 test start:
2024-05-02 23:27:37.576: 16 avg_reward: 1295.0
2024-05-02 23:27:37.576: 16 avg_steps: 533.7
2024-05-02 23:27:37.576: 16 epsilon: 0.1
2024-05-02 23:41:32.544: 17 test start:
2024-05-02 23:41:41.193: 17 avg_reward: 1102.5
2024-05-02 23:41:41.193: 17 avg_steps: 478.4
2024-05-02 23:41:41.193: 17 epsilon: 0.1
2024-05-02 23:55:30.570: 18 test start:
2024-05-02 23:55:39.236: 18 avg_reward: 1280.0
2024-05-02 23:55:39.236: 18 avg_steps: 482.3
2024-05-02 23:55:39.236: 18 epsilon: 0.1
2024-05-03 00:09:31.052: 19 test start:
2024-05-03 00:09:41.647: 19 avg_reward: 1537.5
2024-05-03 00:09:41.647: 19 avg_steps: 595.5
2024-05-03 00:09:41.647: 19 epsilon: 0.1
2024-05-03 00:23:34.008: 20 test start:
2024-05-03 00:23:45.590: 20 avg_reward: 1785.0
2024-05-03 00:23:45.590: 20 avg_steps: 657.6
2024-05-03 00:23:45.590: 20 epsilon: 0.1
2024-05-03 00:37:37.466: 21 test start:
2024-05-03 00:37:49.254: 21 avg_reward: 1717.5
2024-05-03 00:37:49.254: 21 avg_steps: 656.35
2024-05-03 00:37:49.254: 21 epsilon: 0.1
2024-05-03 00:51:43.432: 22 test start:
2024-05-03 00:51:56.250: 22 avg_reward: 1975.0
2024-05-03 00:51:56.250: 22 avg_steps: 718.2
2024-05-03 00:51:56.250: 22 epsilon: 0.1
2024-05-03 01:05:53.521: 23 test start:
2024-05-03 01:06:03.460: 23 avg_reward: 1472.5
2024-05-03 01:06:03.460: 23 avg_steps: 551.4
2024-05-03 01:06:03.460: 23 epsilon: 0.1
2024-05-03 01:19:54.856: 24 test start:
2024-05-03 01:20:04.316: 24 avg_reward: 1360.0
2024-05-03 01:20:04.317: 24 avg_steps: 539.0
2024-05-03 01:20:04.317: 24 epsilon: 0.1
2024-05-03 01:34:04.600: 25 test start:
2024-05-03 01:34:14.400: 25 avg_reward: 1545.0
2024-05-03 01:34:14.400: 25 avg_steps: 557.7
2024-05-03 01:34:14.400: 25 epsilon: 0.1
2024-05-03 01:48:14.103: 26 test start:
2024-05-03 01:48:24.983: 26 avg_reward: 1690.0
2024-05-03 01:48:24.983: 26 avg_steps: 614.1
2024-05-03 01:48:24.983: 26 epsilon: 0.1
2024-05-03 02:02:27.160: 27 test start:
2024-05-03 02:02:39.850: 27 avg_reward: 1927.5
2024-05-03 02:02:39.850: 27 avg_steps: 713.2
2024-05-03 02:02:39.850: 27 epsilon: 0.1
2024-05-03 02:16:41.335: 28 test start:
2024-05-03 02:16:53.785: 28 avg_reward: 1897.5
2024-05-03 02:16:53.785: 28 avg_steps: 695.4
2024-05-03 02:16:53.785: 28 epsilon: 0.1
2024-05-03 02:30:59.300: 29 test start:
2024-05-03 02:31:11.191: 29 avg_reward: 1782.5
2024-05-03 02:31:11.191: 29 avg_steps: 662.2
2024-05-03 02:31:11.191: 29 epsilon: 0.1
2024-05-03 02:45:18.554: 30 test start:
2024-05-03 02:45:26.491: 30 avg_reward: 1105.0
2024-05-03 02:45:26.491: 30 avg_steps: 447.4
2024-05-03 02:45:26.491: 30 epsilon: 0.1
2024-05-03 02:59:27.967: 31 test start:
2024-05-03 02:59:38.871: 31 avg_reward: 1735.0
2024-05-03 02:59:38.871: 31 avg_steps: 608.3
2024-05-03 02:59:38.871: 31 epsilon: 0.1
2024-05-03 03:13:38.865: 32 test start:
2024-05-03 03:13:49.201: 32 avg_reward: 1620.0
2024-05-03 03:13:49.201: 32 avg_steps: 577.55
2024-05-03 03:13:49.201: 32 epsilon: 0.1
2024-05-03 03:27:49.744: 33 test start:
2024-05-03 03:28:03.520: 33 avg_reward: 2132.5
2024-05-03 03:28:03.520: 33 avg_steps: 768.15
2024-05-03 03:28:03.520: 33 epsilon: 0.1
2024-05-03 03:42:09.112: 34 test start:
2024-05-03 03:42:21.925: 34 avg_reward: 1967.5
2024-05-03 03:42:21.925: 34 avg_steps: 724.0
2024-05-03 03:42:21.925: 34 epsilon: 0.1
2024-05-03 03:56:22.049: 35 test start:
2024-05-03 03:56:33.059: 35 avg_reward: 1802.5
2024-05-03 03:56:33.059: 35 avg_steps: 624.7
2024-05-03 03:56:33.059: 35 epsilon: 0.1
2024-05-03 04:10:37.433: 36 test start:
2024-05-03 04:10:49.350: 36 avg_reward: 1957.5
2024-05-03 04:10:49.350: 36 avg_steps: 670.9
2024-05-03 04:10:49.350: 36 epsilon: 0.1
2024-05-03 04:24:51.950: 37 test start:
2024-05-03 04:25:03.271: 37 avg_reward: 1797.5
2024-05-03 04:25:03.271: 37 avg_steps: 634.45
2024-05-03 04:25:03.271: 37 epsilon: 0.1
2024-05-03 04:39:07.955: 38 test start:
2024-05-03 04:39:19.247: 38 avg_reward: 1852.5
2024-05-03 04:39:19.247: 38 avg_steps: 637.25
2024-05-03 04:39:19.247: 38 epsilon: 0.1
2024-05-03 04:53:20.241: 39 test start:
2024-05-03 04:53:33.000: 39 avg_reward: 2062.5
2024-05-03 04:53:33.000: 39 avg_steps: 714.75
2024-05-03 04:53:33.000: 39 epsilon: 0.1
2024-05-03 05:07:34.334: 40 test start:
2024-05-03 05:07:45.888: 40 avg_reward: 1855.0
2024-05-03 05:07:45.888: 40 avg_steps: 655.55
2024-05-03 05:07:45.888: 40 epsilon: 0.1
2024-05-03 05:21:42.233: 41 test start:
2024-05-03 05:21:53.362: 41 avg_reward: 1845.0
2024-05-03 05:21:53.362: 41 avg_steps: 630.0
2024-05-03 05:21:53.362: 41 epsilon: 0.1
2024-05-03 05:36:00.486: 42 test start:
2024-05-03 05:36:12.367: 42 avg_reward: 2035.0
2024-05-03 05:36:12.367: 42 avg_steps: 679.5
2024-05-03 05:36:12.367: 42 epsilon: 0.1
2024-05-03 05:50:12.743: 43 test start:
2024-05-03 05:50:23.358: 43 avg_reward: 1737.5
2024-05-03 05:50:23.358: 43 avg_steps: 598.35
2024-05-03 05:50:23.358: 43 epsilon: 0.1
2024-05-03 06:04:30.255: 44 test start:
2024-05-03 06:04:40.924: 44 avg_reward: 1695.0
2024-05-03 06:04:40.924: 44 avg_steps: 602.25
2024-05-03 06:04:40.924: 44 epsilon: 0.1
2024-05-03 06:18:41.515: 45 test start:
2024-05-03 06:18:53.855: 45 avg_reward: 1935.0
2024-05-03 06:18:53.855: 45 avg_steps: 698.6
2024-05-03 06:18:53.855: 45 epsilon: 0.1
2024-05-03 06:33:01.277: 46 test start:
2024-05-03 06:33:12.723: 46 avg_reward: 1820.0
2024-05-03 06:33:12.723: 46 avg_steps: 647.0
2024-05-03 06:33:12.723: 46 epsilon: 0.1
2024-05-03 06:47:07.630: 47 test start:
2024-05-03 06:47:19.634: 47 avg_reward: 1885.0
2024-05-03 06:47:19.634: 47 avg_steps: 677.7
2024-05-03 06:47:19.634: 47 epsilon: 0.1
2024-05-03 07:01:21.850: 48 test start:
2024-05-03 07:01:30.990: 48 avg_reward: 1402.5
2024-05-03 07:01:30.990: 48 avg_steps: 511.8
2024-05-03 07:01:30.990: 48 epsilon: 0.1
2024-05-03 07:15:28.682: 49 test start:
2024-05-03 07:15:41.300: 49 avg_reward: 2132.5
2024-05-03 07:15:41.300: 49 avg_steps: 721.25
2024-05-03 07:15:41.300: 49 epsilon: 0.1
2024-05-03 07:29:42.818: 50 test start:
2024-05-03 07:29:52.110: 50 avg_reward: 1412.5
2024-05-03 07:29:52.110: 50 avg_steps: 530.45
2024-05-03 07:29:52.110: 50 epsilon: 0.1
2024-05-03 07:43:54.012: 51 test start:
2024-05-03 07:44:03.884: 51 avg_reward: 1555.0
2024-05-03 07:44:03.884: 51 avg_steps: 556.15
2024-05-03 07:44:03.884: 51 epsilon: 0.1
2024-05-03 07:58:00.703: 52 test start:
2024-05-03 07:58:12.682: 52 avg_reward: 1960.0
2024-05-03 07:58:12.682: 52 avg_steps: 672.7
2024-05-03 07:58:12.682: 52 epsilon: 0.1
2024-05-03 08:12:09.349: 53 test start:
2024-05-03 08:12:19.932: 53 avg_reward: 1637.5
2024-05-03 08:12:19.932: 53 avg_steps: 590.4
2024-05-03 08:12:19.932: 53 epsilon: 0.1
2024-05-03 08:26:29.803: 54 test start:
2024-05-03 08:26:42.728: 54 avg_reward: 2195.0
2024-05-03 08:26:42.728: 54 avg_steps: 725.35
2024-05-03 08:26:42.728: 54 epsilon: 0.1
2024-05-03 08:40:45.646: 55 test start:
2024-05-03 08:40:55.149: 55 avg_reward: 1477.5
2024-05-03 08:40:55.149: 55 avg_steps: 542.1
2024-05-03 08:40:55.149: 55 epsilon: 0.1
2024-05-03 08:54:50.280: 56 test start:
2024-05-03 08:55:02.821: 56 avg_reward: 1937.5
2024-05-03 08:55:02.821: 56 avg_steps: 708.75
2024-05-03 08:55:02.821: 56 epsilon: 0.1
2024-05-03 09:08:58.748: 57 test start:
2024-05-03 09:09:08.899: 57 avg_reward: 1627.5
2024-05-03 09:09:08.899: 57 avg_steps: 575.65
2024-05-03 09:09:08.899: 57 epsilon: 0.1
2024-05-03 09:23:02.914: 58 test start:
2024-05-03 09:23:11.743: 58 avg_reward: 1300.0
2024-05-03 09:23:11.743: 58 avg_steps: 499.15
2024-05-03 09:23:11.743: 58 epsilon: 0.1
2024-05-03 09:37:09.674: 59 test start:
2024-05-03 09:37:21.695: 59 avg_reward: 1910.0
2024-05-03 09:37:21.695: 59 avg_steps: 679.9
2024-05-03 09:37:21.695: 59 epsilon: 0.1
2024-05-03 09:51:19.301: 60 test start:
2024-05-03 09:51:32.147: 60 avg_reward: 1942.5
2024-05-03 09:51:32.147: 60 avg_steps: 718.25
2024-05-03 09:51:32.147: 60 epsilon: 0.1
2024-05-03 10:05:26.705: 61 test start:
2024-05-03 10:05:39.466: 61 avg_reward: 2010.0
2024-05-03 10:05:39.466: 61 avg_steps: 721.5
2024-05-03 10:05:39.466: 61 epsilon: 0.1
2024-05-03 10:19:33.399: 62 test start:
2024-05-03 10:19:46.485: 62 avg_reward: 2207.5
2024-05-03 10:19:46.485: 62 avg_steps: 730.05
2024-05-03 10:19:46.485: 62 epsilon: 0.1
2024-05-03 10:33:33.468: 63 test start:
2024-05-03 10:33:43.982: 63 avg_reward: 1755.0
2024-05-03 10:33:43.982: 63 avg_steps: 594.85
2024-05-03 10:33:43.982: 63 epsilon: 0.1
2024-05-03 10:47:27.024: 64 test start:
2024-05-03 10:47:38.474: 64 avg_reward: 1970.0
2024-05-03 10:47:38.474: 64 avg_steps: 650.05
2024-05-03 10:47:38.474: 64 epsilon: 0.1
2024-05-03 11:01:39.741: 65 test start:
2024-05-03 11:01:52.560: 65 avg_reward: 2165.0
2024-05-03 11:01:52.560: 65 avg_steps: 706.55
2024-05-03 11:01:52.560: 65 epsilon: 0.1
2024-05-03 11:15:25.991: 66 test start:
2024-05-03 11:15:37.236: 66 avg_reward: 1767.5
2024-05-03 11:15:37.236: 66 avg_steps: 636.15
2024-05-03 11:15:37.236: 66 epsilon: 0.1
2024-05-03 11:29:09.310: 67 test start:
2024-05-03 11:29:21.980: 67 avg_reward: 2080.0
2024-05-03 11:29:21.980: 67 avg_steps: 712.65
2024-05-03 11:29:21.980: 67 epsilon: 0.1
2024-05-03 11:43:22.646: 68 test start:
2024-05-03 11:43:32.693: 68 avg_reward: 1557.5
2024-05-03 11:43:32.693: 68 avg_steps: 567.15
2024-05-03 11:43:32.693: 68 epsilon: 0.1
2024-05-03 11:57:02.733: 69 test start:
2024-05-03 11:57:13.729: 69 avg_reward: 1832.5
2024-05-03 11:57:13.729: 69 avg_steps: 631.05
2024-05-03 11:57:13.729: 69 epsilon: 0.1
2024-05-03 12:10:53.336: 70 test start:
2024-05-03 12:11:06.120: 70 avg_reward: 2132.5
2024-05-03 12:11:06.120: 70 avg_steps: 728.05
2024-05-03 12:11:06.120: 70 epsilon: 0.1
2024-05-03 12:24:54.107: 71 test start:
2024-05-03 12:25:05.757: 71 avg_reward: 2085.0
2024-05-03 12:25:05.757: 71 avg_steps: 665.05
2024-05-03 12:25:05.757: 71 epsilon: 0.1
2024-05-03 12:38:41.237: 72 test start:
2024-05-03 12:38:53.069: 72 avg_reward: 2075.0
2024-05-03 12:38:53.069: 72 avg_steps: 673.05
2024-05-03 12:38:53.069: 72 epsilon: 0.1
2024-05-03 12:52:59.976: 73 test start:
2024-05-03 12:53:09.078: 73 avg_reward: 1465.0
2024-05-03 12:53:09.078: 73 avg_steps: 515.15
2024-05-03 12:53:09.078: 73 epsilon: 0.1
2024-05-03 13:06:35.613: 74 test start:
2024-05-03 13:06:46.307: 74 avg_reward: 1807.5
2024-05-03 13:06:46.307: 74 avg_steps: 606.15
2024-05-03 13:06:46.307: 74 epsilon: 0.1
2024-05-03 13:20:28.000: 75 test start:
2024-05-03 13:20:39.664: 75 avg_reward: 1992.5
2024-05-03 13:20:39.664: 75 avg_steps: 662.25
2024-05-03 13:20:39.664: 75 epsilon: 0.1
2024-05-03 13:34:39.554: 76 test start:
2024-05-03 13:34:49.541: 76 avg_reward: 1512.5
2024-05-03 13:34:49.541: 76 avg_steps: 565.1
2024-05-03 13:34:49.541: 76 epsilon: 0.1
2024-05-03 13:48:17.109: 77 test start:
2024-05-03 13:48:26.958: 77 avg_reward: 1595.0
2024-05-03 13:48:26.958: 77 avg_steps: 560.45
2024-05-03 13:48:26.958: 77 epsilon: 0.1
2024-05-03 14:02:27.288: 78 test start:
2024-05-03 14:02:37.212: 78 avg_reward: 1632.5
2024-05-03 14:02:37.212: 78 avg_steps: 558.15
2024-05-03 14:02:37.212: 78 epsilon: 0.1
2024-05-03 14:16:08.852: 79 test start:
2024-05-03 14:16:19.144: 79 avg_reward: 1725.0
2024-05-03 14:16:19.144: 79 avg_steps: 582.8
2024-05-03 14:16:19.144: 79 epsilon: 0.1
2024-05-03 14:29:51.239: 80 test start:
2024-05-03 14:30:01.823: 80 avg_reward: 1790.0
2024-05-03 14:30:01.823: 80 avg_steps: 590.0
2024-05-03 14:30:01.823: 80 epsilon: 0.1
2024-05-03 14:44:08.142: 81 test start:
2024-05-03 14:44:17.878: 81 avg_reward: 1575.0
2024-05-03 14:44:17.878: 81 avg_steps: 547.25
2024-05-03 14:44:17.878: 81 epsilon: 0.1
2024-05-03 14:57:48.490: 82 test start:
2024-05-03 14:57:56.984: 82 avg_reward: 1325.0
2024-05-03 14:57:56.984: 82 avg_steps: 474.85
2024-05-03 14:57:56.984: 82 epsilon: 0.1
2024-05-03 15:11:54.875: 83 test start:
2024-05-03 15:12:03.908: 83 avg_reward: 1362.5
2024-05-03 15:12:03.908: 83 avg_steps: 507.8
2024-05-03 15:12:03.908: 83 epsilon: 0.1
2024-05-03 15:25:37.130: 84 test start:
2024-05-03 15:25:47.040: 84 avg_reward: 1672.5
2024-05-03 15:25:47.040: 84 avg_steps: 568.5
2024-05-03 15:25:47.040: 84 epsilon: 0.1
2024-05-03 15:39:18.544: 85 test start:
2024-05-03 15:39:27.975: 85 avg_reward: 1452.5
2024-05-03 15:39:27.975: 85 avg_steps: 527.15
2024-05-03 15:39:27.975: 85 epsilon: 0.1
2024-05-03 15:53:30.354: 86 test start:
2024-05-03 15:53:40.396: 86 avg_reward: 1642.5
2024-05-03 15:53:40.396: 86 avg_steps: 567.5
2024-05-03 15:53:40.396: 86 epsilon: 0.1
2024-05-03 16:07:08.959: 87 test start:
2024-05-03 16:07:18.508: 87 avg_reward: 1575.0
2024-05-03 16:07:18.509: 87 avg_steps: 545.55
2024-05-03 16:07:18.509: 87 epsilon: 0.1
2024-05-03 16:21:09.052: 88 test start:
2024-05-03 16:21:19.684: 88 avg_reward: 1727.5
2024-05-03 16:21:19.684: 88 avg_steps: 601.05
2024-05-03 16:21:19.684: 88 epsilon: 0.1
2024-05-03 16:34:54.619: 89 test start:
2024-05-03 16:35:05.173: 89 avg_reward: 1792.5
2024-05-03 16:35:05.173: 89 avg_steps: 598.05
2024-05-03 16:35:05.173: 89 epsilon: 0.1
2024-05-03 16:48:30.398: 90 test start:
2024-05-03 16:48:41.645: 90 avg_reward: 1897.5
2024-05-03 16:48:41.645: 90 avg_steps: 633.1
2024-05-03 16:48:41.645: 90 epsilon: 0.1
2024-05-03 17:02:39.235: 91 test start:
2024-05-03 17:02:48.100: 91 avg_reward: 1437.5
2024-05-03 17:02:48.100: 91 avg_steps: 505.95
2024-05-03 17:02:48.100: 91 epsilon: 0.1
2024-05-03 17:16:19.119: 92 test start:
2024-05-03 17:16:28.761: 92 avg_reward: 1585.0
2024-05-03 17:16:28.761: 92 avg_steps: 542.3
2024-05-03 17:16:28.761: 92 epsilon: 0.1
2024-05-03 17:30:12.825: 93 test start:
2024-05-03 17:30:21.946: 93 avg_reward: 1432.5
2024-05-03 17:30:21.946: 93 avg_steps: 509.1
2024-05-03 17:30:21.946: 93 epsilon: 0.1
2024-05-03 17:44:00.569: 94 test start:
2024-05-03 17:44:11.102: 94 avg_reward: 1697.5
2024-05-03 17:44:11.102: 94 avg_steps: 593.9
2024-05-03 17:44:11.102: 94 epsilon: 0.1
2024-05-03 17:57:41.386: 95 test start:
2024-05-03 17:57:51.272: 95 avg_reward: 1590.0
2024-05-03 17:57:51.272: 95 avg_steps: 557.05
2024-05-03 17:57:51.272: 95 epsilon: 0.1
2024-05-03 18:11:42.402: 96 test start:
2024-05-03 18:11:51.804: 96 avg_reward: 1517.5
2024-05-03 18:11:51.804: 96 avg_steps: 531.65
2024-05-03 18:11:51.804: 96 epsilon: 0.1
2024-05-03 18:25:12.845: 97 test start:
2024-05-03 18:25:20.201: 97 avg_reward: 1115.0
2024-05-03 18:25:20.201: 97 avg_steps: 413.95
2024-05-03 18:25:20.201: 97 epsilon: 0.1
2024-05-03 18:39:08.891: 98 test start:
2024-05-03 18:39:16.297: 98 avg_reward: 1102.5
2024-05-03 18:39:16.297: 98 avg_steps: 413.85
2024-05-03 18:39:16.297: 98 epsilon: 0.1
2024-05-03 18:52:58.550: 99 test start:
2024-05-03 18:53:08.187: 99 avg_reward: 1582.5
2024-05-03 18:53:08.187: 99 avg_steps: 547.6
2024-05-03 18:53:08.187: 99 epsilon: 0.1
2024-05-03 19:06:44.718: 100 test start:
2024-05-03 19:06:54.215: 100 avg_reward: 1580.0
2024-05-03 19:06:54.215: 100 avg_steps: 533.7
2024-05-03 19:06:54.215: 100 epsilon: 0.1
2024-05-03 19:20:45.715: 101 test start:
2024-05-03 19:20:54.153: 101 avg_reward: 1307.5
2024-05-03 19:20:54.153: 101 avg_steps: 474.35
2024-05-03 19:20:54.153: 101 epsilon: 0.1
2024-05-03 19:34:20.210: 102 test start:
2024-05-03 19:34:30.244: 102 avg_reward: 1647.5
2024-05-03 19:34:30.244: 102 avg_steps: 563.9
2024-05-03 19:34:30.244: 102 epsilon: 0.1
2024-05-03 19:48:19.510: 103 test start:
2024-05-03 19:48:31.260: 103 avg_reward: 1910.0
2024-05-03 19:48:31.260: 103 avg_steps: 658.1
2024-05-03 19:48:31.260: 103 epsilon: 0.1
2024-05-03 20:02:10.988: 104 test start:
2024-05-03 20:02:18.718: 104 avg_reward: 1185.0
2024-05-03 20:02:18.718: 104 avg_steps: 436.0
2024-05-03 20:02:18.718: 104 epsilon: 0.1
2024-05-03 20:15:46.558: 105 test start:
2024-05-03 20:15:55.089: 105 avg_reward: 1375.0
2024-05-03 20:15:55.089: 105 avg_steps: 476.8
2024-05-03 20:15:55.089: 105 epsilon: 0.1
2024-05-03 20:29:51.719: 106 test start:
2024-05-03 20:29:57.418: 106 avg_reward: 817.5
2024-05-03 20:29:57.418: 106 avg_steps: 316.8
2024-05-03 20:29:57.418: 106 epsilon: 0.1
2024-05-03 20:43:25.839: 107 test start:
2024-05-03 20:43:34.864: 107 avg_reward: 1485.0
2024-05-03 20:43:34.864: 107 avg_steps: 513.05
2024-05-03 20:43:34.864: 107 epsilon: 0.1
2024-05-03 20:57:09.857: 108 test start:
2024-05-03 20:57:18.142: 108 avg_reward: 1235.0
2024-05-03 20:57:18.142: 108 avg_steps: 460.7
2024-05-03 20:57:18.142: 108 epsilon: 0.1
2024-05-03 21:10:59.209: 109 test start:
2024-05-03 21:11:08.189: 109 avg_reward: 1455.0
2024-05-03 21:11:08.189: 109 avg_steps: 503.7
2024-05-03 21:11:08.189: 109 epsilon: 0.1
2024-05-03 21:24:37.615: 110 test start:
2024-05-03 21:24:47.067: 110 avg_reward: 1522.5
2024-05-03 21:24:47.067: 110 avg_steps: 526.55
2024-05-03 21:24:47.067: 110 epsilon: 0.1
2024-05-03 21:38:36.378: 111 test start:
2024-05-03 21:38:44.025: 111 avg_reward: 1150.0
2024-05-03 21:38:44.025: 111 avg_steps: 428.5
2024-05-03 21:38:44.025: 111 epsilon: 0.1
2024-05-03 21:52:07.712: 112 test start:
2024-05-03 21:52:15.115: 112 avg_reward: 1102.5
2024-05-03 21:52:15.115: 112 avg_steps: 413.6
2024-05-03 21:52:15.115: 112 epsilon: 0.1
2024-05-03 22:06:00.423: 113 test start:
2024-05-03 22:06:10.367: 113 avg_reward: 1640.0
2024-05-03 22:06:10.367: 113 avg_steps: 552.45
2024-05-03 22:06:10.367: 113 epsilon: 0.1
2024-05-03 22:19:54.446: 114 test start:
2024-05-03 22:20:04.781: 114 avg_reward: 1745.0
2024-05-03 22:20:04.781: 114 avg_steps: 581.75
2024-05-03 22:20:04.781: 114 epsilon: 0.1
2024-05-03 22:33:34.283: 115 test start:
2024-05-03 22:33:45.037: 115 avg_reward: 1860.0
2024-05-03 22:33:45.038: 115 avg_steps: 594.6
2024-05-03 22:33:45.038: 115 epsilon: 0.1
2024-05-03 22:47:38.065: 116 test start:
2024-05-03 22:47:47.231: 116 avg_reward: 1467.5
2024-05-03 22:47:47.231: 116 avg_steps: 514.4
2024-05-03 22:47:47.231: 116 epsilon: 0.1
2024-05-03 23:01:11.706: 117 test start:
2024-05-03 23:01:21.622: 117 avg_reward: 1635.0
2024-05-03 23:01:21.622: 117 avg_steps: 562.35
2024-05-03 23:01:21.622: 117 epsilon: 0.1
2024-05-03 23:15:02.951: 118 test start:
2024-05-03 23:15:12.581: 118 avg_reward: 1637.5
2024-05-03 23:15:12.581: 118 avg_steps: 544.65
2024-05-03 23:15:12.581: 118 epsilon: 0.1
2024-05-03 23:28:53.828: 119 test start:
2024-05-03 23:29:03.001: 119 avg_reward: 1530.0
2024-05-03 23:29:03.001: 119 avg_steps: 517.45
2024-05-03 23:29:03.001: 119 epsilon: 0.1
2024-05-03 23:42:32.413: 120 test start:
2024-05-03 23:42:41.798: 120 avg_reward: 1620.0
2024-05-03 23:42:41.798: 120 avg_steps: 534.3
2024-05-03 23:42:41.798: 120 epsilon: 0.1
2024-05-03 23:56:39.973: 121 test start:
2024-05-03 23:56:48.928: 121 avg_reward: 1442.5
2024-05-03 23:56:48.928: 121 avg_steps: 506.55
2024-05-03 23:56:48.928: 121 epsilon: 0.1
2024-05-04 00:10:16.743: 122 test start:
2024-05-04 00:10:26.399: 122 avg_reward: 1597.5
2024-05-04 00:10:26.399: 122 avg_steps: 546.4
2024-05-04 00:10:26.399: 122 epsilon: 0.1
2024-05-04 00:24:09.594: 123 test start:
2024-05-04 00:24:19.459: 123 avg_reward: 1647.5
2024-05-04 00:24:19.460: 123 avg_steps: 546.9
2024-05-04 00:24:19.460: 123 epsilon: 0.1
2024-05-04 00:38:02.950: 124 test start:
2024-05-04 00:38:12.839: 124 avg_reward: 1665.0
2024-05-04 00:38:12.839: 124 avg_steps: 564.3
2024-05-04 00:38:12.839: 124 epsilon: 0.1
2024-05-04 00:51:38.737: 125 test start:
2024-05-04 00:51:47.431: 125 avg_reward: 1430.0
2024-05-04 00:51:47.431: 125 avg_steps: 490.2
2024-05-04 00:51:47.431: 125 epsilon: 0.1
2024-05-04 01:05:36.563: 126 test start:
2024-05-04 01:05:44.903: 126 avg_reward: 1352.5
2024-05-04 01:05:44.903: 126 avg_steps: 469.25
2024-05-04 01:05:44.903: 126 epsilon: 0.1
2024-05-04 01:19:18.567: 127 test start:
2024-05-04 01:19:28.549: 127 avg_reward: 1690.0
2024-05-04 01:19:28.549: 127 avg_steps: 561.7
2024-05-04 01:19:28.550: 127 epsilon: 0.1
2024-05-04 01:33:07.310: 128 test start:
2024-05-04 01:33:15.761: 128 avg_reward: 1387.5
2024-05-04 01:33:15.761: 128 avg_steps: 474.85
2024-05-04 01:33:15.761: 128 epsilon: 0.1
2024-05-04 01:47:03.497: 129 test start:
2024-05-04 01:47:12.569: 129 avg_reward: 1490.0
2024-05-04 01:47:12.570: 129 avg_steps: 510.15
2024-05-04 01:47:12.570: 129 epsilon: 0.1
2024-05-04 02:00:43.837: 130 test start:
2024-05-04 02:00:53.019: 130 avg_reward: 1535.0
2024-05-04 02:00:53.019: 130 avg_steps: 517.75
2024-05-04 02:00:53.019: 130 epsilon: 0.1
2024-05-04 02:14:45.415: 131 test start:
2024-05-04 02:14:54.936: 131 avg_reward: 1545.0
2024-05-04 02:14:54.937: 131 avg_steps: 532.5
2024-05-04 02:14:54.937: 131 epsilon: 0.1
2024-05-04 02:28:26.781: 132 test start:
2024-05-04 02:28:35.626: 132 avg_reward: 1447.5
2024-05-04 02:28:35.626: 132 avg_steps: 498.7
2024-05-04 02:28:35.626: 132 epsilon: 0.1
2024-05-04 02:42:00.006: 133 test start:
2024-05-04 02:42:09.947: 133 avg_reward: 1635.0
2024-05-04 02:42:09.947: 133 avg_steps: 553.45
2024-05-04 02:42:09.947: 133 epsilon: 0.1
2024-05-04 02:56:11.021: 134 test start:
2024-05-04 02:56:20.676: 134 avg_reward: 1567.5
2024-05-04 02:56:20.676: 134 avg_steps: 551.1
2024-05-04 02:56:20.676: 134 epsilon: 0.1
2024-05-04 03:09:44.023: 135 test start:
2024-05-04 03:09:52.971: 135 avg_reward: 1367.5
2024-05-04 03:09:52.972: 135 avg_steps: 509.6
2024-05-04 03:09:52.972: 135 epsilon: 0.1
2024-05-04 03:23:44.568: 136 test start:
2024-05-04 03:23:54.344: 136 avg_reward: 1575.0
2024-05-04 03:23:54.344: 136 avg_steps: 547.9
2024-05-04 03:23:54.344: 136 epsilon: 0.1
2024-05-04 03:37:26.599: 137 test start:
2024-05-04 03:37:32.852: 137 avg_reward: 907.5
2024-05-04 03:37:32.852: 137 avg_steps: 351.8
2024-05-04 03:37:32.852: 137 epsilon: 0.1
2024-05-04 03:50:58.698: 138 test start:
2024-05-04 03:51:07.719: 138 avg_reward: 1505.0
2024-05-04 03:51:07.719: 138 avg_steps: 502.6
2024-05-04 03:51:07.719: 138 epsilon: 0.1
2024-05-04 04:05:06.355: 139 test start:
2024-05-04 04:05:15.347: 139 avg_reward: 1480.0
2024-05-04 04:05:15.347: 139 avg_steps: 499.25
2024-05-04 04:05:15.347: 139 epsilon: 0.1
2024-05-04 04:18:50.079: 140 test start:
2024-05-04 04:19:00.050: 140 avg_reward: 1650.0
2024-05-04 04:19:00.050: 140 avg_steps: 565.4
2024-05-04 04:19:00.050: 140 epsilon: 0.1
2024-05-04 04:32:36.949: 141 test start:
2024-05-04 04:32:46.297: 141 avg_reward: 1462.5
2024-05-04 04:32:46.297: 141 avg_steps: 523.6
2024-05-04 04:32:46.297: 141 epsilon: 0.1
2024-05-04 04:46:32.593: 142 test start:
2024-05-04 04:46:42.412: 142 avg_reward: 1612.5
2024-05-04 04:46:42.412: 142 avg_steps: 550.25
2024-05-04 04:46:42.412: 142 epsilon: 0.1
2024-05-04 05:00:07.509: 143 test start:
2024-05-04 05:00:17.589: 143 avg_reward: 1682.5
2024-05-04 05:00:17.589: 143 avg_steps: 571.9
2024-05-04 05:00:17.589: 143 epsilon: 0.1
2024-05-04 05:14:07.272: 144 test start:
2024-05-04 05:14:16.580: 144 avg_reward: 1497.5
2024-05-04 05:14:16.580: 144 avg_steps: 520.45
2024-05-04 05:14:16.581: 144 epsilon: 0.1
2024-05-04 05:27:47.645: 145 test start:
2024-05-04 05:27:57.426: 145 avg_reward: 1577.5
2024-05-04 05:27:57.426: 145 avg_steps: 543.85
2024-05-04 05:27:57.427: 145 epsilon: 0.1
2024-05-04 05:41:36.288: 146 test start:
2024-05-04 05:41:44.606: 146 avg_reward: 1272.5
2024-05-04 05:41:44.606: 146 avg_steps: 464.65
2024-05-04 05:41:44.606: 146 epsilon: 0.1
2024-05-04 05:55:30.940: 147 test start:
2024-05-04 05:55:39.418: 147 avg_reward: 1327.5
2024-05-04 05:55:39.418: 147 avg_steps: 479.6
2024-05-04 05:55:39.418: 147 epsilon: 0.1
2024-05-04 06:09:03.171: 148 test start:
2024-05-04 06:09:10.425: 148 avg_reward: 1035.0
2024-05-04 06:09:10.426: 148 avg_steps: 404.85
2024-05-04 06:09:10.426: 148 epsilon: 0.1
2024-05-04 06:22:57.414: 149 test start:
2024-05-04 06:23:06.677: 149 avg_reward: 1542.5
2024-05-04 06:23:06.677: 149 avg_steps: 518.35
2024-05-04 06:23:06.677: 149 epsilon: 0.1
2024-05-04 06:36:42.271: 150 test start:
2024-05-04 06:36:50.208: 150 avg_reward: 1280.0
2024-05-04 06:36:50.208: 150 avg_steps: 457.75
2024-05-04 06:36:50.208: 150 epsilon: 0.1
2024-05-04 06:50:30.921: 151 test start:
2024-05-04 06:50:38.031: 151 avg_reward: 1035.0
2024-05-04 06:50:38.031: 151 avg_steps: 395.75
2024-05-04 06:50:38.031: 151 epsilon: 0.1
2024-05-04 07:04:22.943: 152 test start:
2024-05-04 07:04:32.635: 152 avg_reward: 1497.5
2024-05-04 07:04:32.635: 152 avg_steps: 528.65
2024-05-04 07:04:32.635: 152 epsilon: 0.1
2024-05-04 07:17:59.611: 153 test start:
2024-05-04 07:18:06.753: 153 avg_reward: 1080.0
2024-05-04 07:18:06.753: 153 avg_steps: 401.85
2024-05-04 07:18:06.753: 153 epsilon: 0.1
2024-05-04 07:31:54.745: 154 test start:
2024-05-04 07:32:03.558: 154 avg_reward: 1415.0
2024-05-04 07:32:03.558: 154 avg_steps: 494.1
2024-05-04 07:32:03.558: 154 epsilon: 0.1
2024-05-04 07:45:41.194: 155 test start:
2024-05-04 07:45:50.331: 155 avg_reward: 1502.5
2024-05-04 07:45:50.331: 155 avg_steps: 511.35
2024-05-04 07:45:50.331: 155 epsilon: 0.1
2024-05-04 07:59:21.978: 156 test start:
2024-05-04 07:59:30.062: 156 avg_reward: 1212.5
2024-05-04 07:59:30.062: 156 avg_steps: 452.5
2024-05-04 07:59:30.062: 156 epsilon: 0.1
2024-05-04 08:13:20.589: 157 test start:
2024-05-04 08:13:29.350: 157 avg_reward: 1385.0
2024-05-04 08:13:29.350: 157 avg_steps: 478.55
2024-05-04 08:13:29.350: 157 epsilon: 0.1
2024-05-04 08:26:57.496: 158 test start:
2024-05-04 08:27:04.576: 158 avg_reward: 1052.5
2024-05-04 08:27:04.576: 158 avg_steps: 397.3
2024-05-04 08:27:04.576: 158 epsilon: 0.1
2024-05-04 08:40:47.353: 159 test start:
2024-05-04 08:40:56.290: 159 avg_reward: 1425.0
2024-05-04 08:40:56.290: 159 avg_steps: 501.9
2024-05-04 08:40:56.290: 159 epsilon: 0.1
2024-05-04 08:54:41.111: 160 test start:
2024-05-04 08:54:49.044: 160 avg_reward: 1220.0
2024-05-04 08:54:49.044: 160 avg_steps: 442.5
2024-05-04 08:54:49.044: 160 epsilon: 0.1
2024-05-04 09:08:20.385: 161 test start:
2024-05-04 09:08:28.320: 161 avg_reward: 1235.0
2024-05-04 09:08:28.320: 161 avg_steps: 446.65
2024-05-04 09:08:28.320: 161 epsilon: 0.1
2024-05-04 09:22:21.360: 162 test start:
2024-05-04 09:22:28.670: 162 avg_reward: 1130.0
2024-05-04 09:22:28.670: 162 avg_steps: 411.8
2024-05-04 09:22:28.670: 162 epsilon: 0.1
2024-05-04 09:35:56.297: 163 test start:
2024-05-04 09:36:04.800: 163 avg_reward: 1345.0
2024-05-04 09:36:04.800: 163 avg_steps: 480.25
2024-05-04 09:36:04.800: 163 epsilon: 0.1
2024-05-04 09:49:44.877: 164 test start:
2024-05-04 09:49:53.937: 164 avg_reward: 1452.5
2024-05-04 09:49:53.937: 164 avg_steps: 501.2
2024-05-04 09:49:53.937: 164 epsilon: 0.1
2024-05-04 10:03:41.140: 165 test start:
2024-05-04 10:03:51.318: 165 avg_reward: 1682.5
2024-05-04 10:03:51.318: 165 avg_steps: 578.3
2024-05-04 10:03:51.318: 165 epsilon: 0.1
2024-05-04 10:17:14.993: 166 test start:
2024-05-04 10:17:23.854: 166 avg_reward: 1355.0
2024-05-04 10:17:23.854: 166 avg_steps: 492.25
2024-05-04 10:17:23.854: 166 epsilon: 0.1
2024-05-04 10:31:16.806: 167 test start:
2024-05-04 10:31:26.426: 167 avg_reward: 1560.0
2024-05-04 10:31:26.426: 167 avg_steps: 536.2
2024-05-04 10:31:26.426: 167 epsilon: 0.1
2024-05-04 10:44:58.523: 168 test start:
2024-05-04 10:45:07.511: 168 avg_reward: 1452.5
2024-05-04 10:45:07.511: 168 avg_steps: 505.85
2024-05-04 10:45:07.511: 168 epsilon: 0.1
2024-05-04 10:58:48.453: 169 test start:
2024-05-04 10:58:57.930: 169 avg_reward: 1567.5
2024-05-04 10:58:57.930: 169 avg_steps: 529.45
2024-05-04 10:58:57.930: 169 epsilon: 0.1
2024-05-04 11:12:36.725: 170 test start:
2024-05-04 11:12:45.616: 170 avg_reward: 1412.5
2024-05-04 11:12:45.616: 170 avg_steps: 505.75
2024-05-04 11:12:45.616: 170 epsilon: 0.1
2024-05-04 11:26:17.100: 171 test start:
2024-05-04 11:26:25.429: 171 avg_reward: 1255.0
2024-05-04 11:26:25.429: 171 avg_steps: 458.3
2024-05-04 11:26:25.429: 171 epsilon: 0.1
2024-05-04 11:40:17.187: 172 test start:
2024-05-04 11:40:26.122: 172 avg_reward: 1505.0
2024-05-04 11:40:26.122: 172 avg_steps: 501.2
2024-05-04 11:40:26.122: 172 epsilon: 0.1
2024-05-04 11:53:52.451: 173 test start:
2024-05-04 11:54:01.071: 173 avg_reward: 1387.5
2024-05-04 11:54:01.071: 173 avg_steps: 488.9
2024-05-04 11:54:01.071: 173 epsilon: 0.1
2024-05-04 12:07:50.625: 174 test start:
2024-05-04 12:07:57.228: 174 avg_reward: 970.0
2024-05-04 12:07:57.228: 174 avg_steps: 365.1
2024-05-04 12:07:57.228: 174 epsilon: 0.1
2024-05-04 12:21:40.734: 175 test start:
2024-05-04 12:21:47.863: 175 avg_reward: 992.5
2024-05-04 12:21:47.863: 175 avg_steps: 399.2
2024-05-04 12:21:47.864: 175 epsilon: 0.1
2024-05-04 12:35:20.996: 176 test start:
2024-05-04 12:35:28.996: 176 avg_reward: 1290.0
2024-05-04 12:35:28.996: 176 avg_steps: 447.6
2024-05-04 12:35:28.996: 176 epsilon: 0.1
2024-05-04 12:49:20.445: 177 test start:
2024-05-04 12:49:28.147: 177 avg_reward: 1202.5
2024-05-04 12:49:28.147: 177 avg_steps: 430.6
2024-05-04 12:49:28.147: 177 epsilon: 0.1
2024-05-04 13:02:57.608: 178 test start:
2024-05-04 13:03:05.548: 178 avg_reward: 1225.0
2024-05-04 13:03:05.548: 178 avg_steps: 444.1
2024-05-04 13:03:05.548: 178 epsilon: 0.1
2024-05-04 13:16:53.541: 179 test start:
2024-05-04 13:17:03.293: 179 avg_reward: 1625.0
2024-05-04 13:17:03.293: 179 avg_steps: 546.25
2024-05-04 13:17:03.293: 179 epsilon: 0.1
2024-05-04 13:30:42.523: 180 test start:
2024-05-04 13:30:52.071: 180 avg_reward: 1637.5
2024-05-04 13:30:52.071: 180 avg_steps: 538.45
2024-05-04 13:30:52.071: 180 epsilon: 0.1
2024-05-04 13:44:24.065: 181 test start:
2024-05-04 13:44:33.106: 181 avg_reward: 1445.0
2024-05-04 13:44:33.106: 181 avg_steps: 502.45
2024-05-04 13:44:33.106: 181 epsilon: 0.1
2024-05-04 13:58:25.406: 182 test start:
2024-05-04 13:58:34.453: 182 avg_reward: 1485.0
2024-05-04 13:58:34.453: 182 avg_steps: 503.35
2024-05-04 13:58:34.453: 182 epsilon: 0.1
2024-05-04 14:12:04.859: 183 test start:
2024-05-04 14:12:11.382: 183 avg_reward: 835.0
2024-05-04 14:12:11.382: 183 avg_steps: 360.45
2024-05-04 14:12:11.382: 183 epsilon: 0.1
2024-05-04 14:25:59.487: 184 test start:
2024-05-04 14:26:06.618: 184 avg_reward: 1052.5
2024-05-04 14:26:06.618: 184 avg_steps: 385.4
2024-05-04 14:26:06.618: 184 epsilon: 0.1
2024-05-04 14:39:51.669: 185 test start:
2024-05-04 14:40:00.103: 185 avg_reward: 1270.0
2024-05-04 14:40:00.103: 185 avg_steps: 461.9
2024-05-04 14:40:00.103: 185 epsilon: 0.1
2024-05-04 14:53:30.185: 186 test start:
2024-05-04 14:53:38.460: 186 avg_reward: 1352.5
2024-05-04 14:53:38.460: 186 avg_steps: 463.7
2024-05-04 14:53:38.460: 186 epsilon: 0.1
2024-05-04 15:07:29.124: 187 test start:
2024-05-04 15:07:35.550: 187 avg_reward: 850.0
2024-05-04 15:07:35.550: 187 avg_steps: 357.75
2024-05-04 15:07:35.550: 187 epsilon: 0.1
2024-05-04 15:21:06.556: 188 test start:
2024-05-04 15:21:13.479: 188 avg_reward: 967.5
2024-05-04 15:21:13.480: 188 avg_steps: 387.2
2024-05-04 15:21:13.480: 188 epsilon: 0.1
2024-05-04 15:34:57.964: 189 test start:
2024-05-04 15:35:05.350: 189 avg_reward: 1062.5
2024-05-04 15:35:05.350: 189 avg_steps: 410.8
2024-05-04 15:35:05.350: 189 epsilon: 0.1
2024-05-04 15:48:48.788: 190 test start:
2024-05-04 15:48:56.468: 190 avg_reward: 1132.5
2024-05-04 15:48:56.468: 190 avg_steps: 433.9
2024-05-04 15:48:56.468: 190 epsilon: 0.1
2024-05-04 16:02:25.712: 191 test start:
2024-05-04 16:02:34.586: 191 avg_reward: 1377.5
2024-05-04 16:02:34.586: 191 avg_steps: 494.5
2024-05-04 16:02:34.586: 191 epsilon: 0.1
2024-05-04 16:16:28.493: 192 test start:
2024-05-04 16:16:36.869: 192 avg_reward: 1360.0
2024-05-04 16:16:36.869: 192 avg_steps: 470.55
2024-05-04 16:16:36.869: 192 epsilon: 0.1
2024-05-04 16:30:06.893: 193 test start:
2024-05-04 16:30:13.272: 193 avg_reward: 840.0
2024-05-04 16:30:13.272: 193 avg_steps: 356.7
2024-05-04 16:30:13.272: 193 epsilon: 0.1
2024-05-04 16:43:57.959: 194 test start:
2024-05-04 16:44:06.913: 194 avg_reward: 1442.5
2024-05-04 16:44:06.913: 194 avg_steps: 497.7
2024-05-04 16:44:06.913: 194 epsilon: 0.1
2024-05-04 16:57:53.588: 195 test start:
2024-05-04 16:58:01.099: 195 avg_reward: 1167.5
2024-05-04 16:58:01.099: 195 avg_steps: 421.8
2024-05-04 16:58:01.099: 195 epsilon: 0.1
2024-05-04 17:11:32.629: 196 test start:
2024-05-04 17:11:40.415: 196 avg_reward: 1190.0
2024-05-04 17:11:40.415: 196 avg_steps: 436.35
2024-05-04 17:11:40.415: 196 epsilon: 0.1
2024-05-04 17:25:35.979: 197 test start:
2024-05-04 17:25:43.836: 197 avg_reward: 1175.0
2024-05-04 17:25:43.836: 197 avg_steps: 426.8
2024-05-04 17:25:43.836: 197 epsilon: 0.1
2024-05-04 17:39:25.700: 198 test start:
2024-05-04 17:39:32.338: 198 avg_reward: 937.5
2024-05-04 17:39:32.338: 198 avg_steps: 376.2
2024-05-04 17:39:32.338: 198 epsilon: 0.1
2024-05-04 17:53:11.110: 199 test start:
2024-05-04 17:53:17.684: 199 avg_reward: 915.0
2024-05-04 17:53:17.684: 199 avg_steps: 364.05
2024-05-04 17:53:17.684: 199 epsilon: 0.1
2024-05-04 18:07:14.767: 200 test start:
2024-05-04 18:07:22.501: 200 avg_reward: 1135.0
2024-05-04 18:07:22.501: 200 avg_steps: 435.8
2024-05-04 18:07:22.501: 200 epsilon: 0.1
2024-05-04 18:20:43.487: 201 test start:
2024-05-04 18:20:52.316: 201 avg_reward: 1372.5
2024-05-04 18:20:52.316: 201 avg_steps: 490.7
2024-05-04 18:20:52.316: 201 epsilon: 0.1
2024-05-04 18:34:43.549: 202 test start:
2024-05-04 18:34:50.587: 202 avg_reward: 950.0
2024-05-04 18:34:50.587: 202 avg_steps: 389.6
2024-05-04 18:34:50.587: 202 epsilon: 0.1
2024-05-04 18:48:32.016: 203 test start:
2024-05-04 18:48:37.297: 203 avg_reward: 757.5
2024-05-04 18:48:37.297: 203 avg_steps: 297.9
2024-05-04 18:48:37.297: 203 epsilon: 0.1
2024-05-04 19:02:09.255: 204 test start:
2024-05-04 19:02:17.004: 204 avg_reward: 1175.0
2024-05-04 19:02:17.004: 204 avg_steps: 432.05
2024-05-04 19:02:17.004: 204 epsilon: 0.1
2024-05-04 19:16:11.013: 205 test start:
2024-05-04 19:16:19.138: 205 avg_reward: 1220.0
2024-05-04 19:16:19.139: 205 avg_steps: 454.0
2024-05-04 19:16:19.139: 205 epsilon: 0.1
2024-05-04 19:29:45.121: 206 test start:
2024-05-04 19:29:52.718: 206 avg_reward: 1140.0
2024-05-04 19:29:52.718: 206 avg_steps: 426.3
2024-05-04 19:29:52.718: 206 epsilon: 0.1
2024-05-04 19:43:52.497: 207 test start:
2024-05-04 19:44:00.229: 207 avg_reward: 1120.0
2024-05-04 19:44:00.229: 207 avg_steps: 431.1
2024-05-04 19:44:00.229: 207 epsilon: 0.1
2024-05-04 19:57:28.921: 208 test start:
2024-05-04 19:57:34.182: 208 avg_reward: 665.0
2024-05-04 19:57:34.182: 208 avg_steps: 289.9
2024-05-04 19:57:34.182: 208 epsilon: 0.1
2024-05-04 20:11:13.790: 209 test start:
2024-05-04 20:11:20.454: 209 avg_reward: 917.5
2024-05-04 20:11:20.454: 209 avg_steps: 371.5
2024-05-04 20:11:20.454: 209 epsilon: 0.1
2024-05-04 20:25:13.705: 210 test start:
2024-05-04 20:25:21.266: 210 avg_reward: 1137.5
2024-05-04 20:25:21.266: 210 avg_steps: 419.7
2024-05-04 20:25:21.266: 210 epsilon: 0.1
2024-05-04 20:38:48.408: 211 test start:
2024-05-04 20:38:56.517: 211 avg_reward: 1267.5
2024-05-04 20:38:56.517: 211 avg_steps: 452.9
2024-05-04 20:38:56.517: 211 epsilon: 0.1
2024-05-04 20:52:59.372: 212 test start:
2024-05-04 20:53:06.198: 212 avg_reward: 982.5
2024-05-04 20:53:06.198: 212 avg_steps: 384.9
2024-05-04 20:53:06.198: 212 epsilon: 0.1
2024-05-04 21:06:31.840: 213 test start:
2024-05-04 21:06:40.882: 213 avg_reward: 1417.5
2024-05-04 21:06:40.882: 213 avg_steps: 508.45
2024-05-04 21:06:40.882: 213 epsilon: 0.1
2024-05-04 21:20:15.123: 214 test start:
2024-05-04 21:20:23.146: 214 avg_reward: 1197.5
2024-05-04 21:20:23.146: 214 avg_steps: 448.35
2024-05-04 21:20:23.146: 214 epsilon: 0.1
2024-05-04 21:34:19.806: 215 test start:
2024-05-04 21:34:28.228: 215 avg_reward: 1342.5
2024-05-04 21:34:28.229: 215 avg_steps: 475.7
2024-05-04 21:34:28.229: 215 epsilon: 0.1
2024-05-04 21:47:57.285: 216 test start:
2024-05-04 21:48:05.720: 216 avg_reward: 1262.5
2024-05-04 21:48:05.720: 216 avg_steps: 470.25
2024-05-04 21:48:05.720: 216 epsilon: 0.1
2024-05-04 22:02:07.186: 217 test start:
2024-05-04 22:02:15.744: 217 avg_reward: 1360.0
2024-05-04 22:02:15.744: 217 avg_steps: 478.55
2024-05-04 22:02:15.744: 217 epsilon: 0.1
2024-05-04 22:15:47.498: 218 test start:
2024-05-04 22:15:55.734: 218 avg_reward: 1262.5
2024-05-04 22:15:55.734: 218 avg_steps: 460.8
2024-05-04 22:15:55.734: 218 epsilon: 0.1
2024-05-04 22:29:24.980: 219 test start:
2024-05-04 22:29:30.745: 219 avg_reward: 795.0
2024-05-04 22:29:30.745: 219 avg_steps: 321.95
2024-05-04 22:29:30.745: 219 epsilon: 0.1
