2024-05-01 10:09:31.797: 
parameters:agent_saving_period: 80000
agent_test_episodes: 20
batch_num_per_epoch: 100000
device: cuda:0
env_name: ALE/Seaquest-v5
epsilon_for_test: 0.05
epsilon_max: 1.0
epsilon_min: 0.1
exploration_steps: 1000000
gamma: 0.99
input_frame_height: 84
input_frame_width: 84
learning_rate: 1.0e-05
log_path: ../exps/dqn/
mini_batch_size: 32
no_op: 30
phi_channel: 4
replay_buffer_size: 200000
replay_start_size: 10000
save_path: ./exps/
skip_k_frame: 4
step_c: 10000
training_steps: 50000000

2024-05-01 10:25:10.462: 1 test start:
2024-05-01 10:25:36.445: 1 avg_reward: 178.0
2024-05-01 10:25:36.445: 1 avg_steps: 755.3
2024-05-01 10:25:36.445: 1 epsilon: 0.923608
2024-05-01 10:45:56.251: 2 test start:
2024-05-01 10:46:25.389: 2 avg_reward: 271.0
2024-05-01 10:46:25.389: 2 avg_steps: 916.15
2024-05-01 10:46:25.389: 2 epsilon: 0.8387443
2024-05-01 11:08:40.734: 3 test start:
2024-05-01 11:09:12.145: 3 avg_reward: 330.0
2024-05-01 11:09:12.145: 3 avg_steps: 1032.4
2024-05-01 11:09:12.145: 3 epsilon: 0.7525440999999999
2024-05-01 11:31:05.385: 4 test start:
2024-05-01 11:31:30.885: 4 avg_reward: 171.0
2024-05-01 11:31:30.886: 4 avg_steps: 800.75
2024-05-01 11:31:30.886: 4 epsilon: 0.6658398999999999
2024-05-01 11:53:32.356: 5 test start:
2024-05-01 11:54:10.555: 5 avg_reward: 390.0
2024-05-01 11:54:10.555: 5 avg_steps: 1171.7
2024-05-01 11:54:10.555: 5 epsilon: 0.5785435
2024-05-01 12:17:10.309: 6 test start:
2024-05-01 12:17:51.528: 6 avg_reward: 546.0
2024-05-01 12:17:51.529: 6 avg_steps: 1310.25
2024-05-01 12:17:51.529: 6 epsilon: 0.4913523999999999
2024-05-01 12:39:50.045: 7 test start:
2024-05-01 12:40:26.169: 7 avg_reward: 475.0
2024-05-01 12:40:26.169: 7 avg_steps: 1202.1
2024-05-01 12:40:26.169: 7 epsilon: 0.40382109999999993
2024-05-01 13:02:42.173: 8 test start:
2024-05-01 13:03:17.712: 8 avg_reward: 449.0
2024-05-01 13:03:17.713: 8 avg_steps: 1122.65
2024-05-01 13:03:17.713: 8 epsilon: 0.3161845
2024-05-01 13:25:41.578: 9 test start:
2024-05-01 13:26:19.535: 9 avg_reward: 506.0
2024-05-01 13:26:19.535: 9 avg_steps: 1151.45
2024-05-01 13:26:19.535: 9 epsilon: 0.22808169999999994
2024-05-01 13:48:30.618: 10 test start:
2024-05-01 13:49:20.941: 10 avg_reward: 878.0
2024-05-01 13:49:20.941: 10 avg_steps: 1517.4
2024-05-01 13:49:20.942: 10 epsilon: 0.1409509
2024-05-01 14:12:03.792: 11 test start:
2024-05-01 14:12:45.936: 11 avg_reward: 851.0
2024-05-01 14:12:45.937: 11 avg_steps: 1314.3
2024-05-01 14:12:45.937: 11 epsilon: 0.1
2024-05-01 14:35:00.460: 12 test start:
2024-05-01 14:35:48.808: 12 avg_reward: 1043.0
2024-05-01 14:35:48.808: 12 avg_steps: 1428.15
2024-05-01 14:35:48.808: 12 epsilon: 0.1
2024-05-01 14:58:45.824: 13 test start:
2024-05-01 14:59:43.600: 13 avg_reward: 1485.0
2024-05-01 14:59:43.601: 13 avg_steps: 1793.7
2024-05-01 14:59:43.601: 13 epsilon: 0.1
2024-05-01 15:22:04.429: 14 test start:
2024-05-01 15:23:01.364: 14 avg_reward: 1353.0
2024-05-01 15:23:01.365: 14 avg_steps: 1720.3
2024-05-01 15:23:01.365: 14 epsilon: 0.1
2024-05-01 15:44:29.959: 15 test start:
2024-05-01 15:45:23.178: 15 avg_reward: 1284.0
2024-05-01 15:45:23.178: 15 avg_steps: 1727.25
2024-05-01 15:45:23.178: 15 epsilon: 0.1
2024-05-01 16:07:48.172: 16 test start:
2024-05-01 16:08:46.719: 16 avg_reward: 1609.0
2024-05-01 16:08:46.720: 16 avg_steps: 1760.4
2024-05-01 16:08:46.720: 16 epsilon: 0.1
2024-05-01 16:31:14.890: 17 test start:
2024-05-01 16:32:20.661: 17 avg_reward: 1776.0
2024-05-01 16:32:20.661: 17 avg_steps: 1941.5
2024-05-01 16:32:20.661: 17 epsilon: 0.1
2024-05-01 16:54:42.366: 18 test start:
2024-05-01 16:55:42.624: 18 avg_reward: 1589.0
2024-05-01 16:55:42.624: 18 avg_steps: 1821.6
2024-05-01 16:55:42.624: 18 epsilon: 0.1
2024-05-01 17:18:05.145: 19 test start:
2024-05-01 17:18:59.540: 19 avg_reward: 1436.0
2024-05-01 17:18:59.541: 19 avg_steps: 1621.8
2024-05-01 17:18:59.541: 19 epsilon: 0.1
2024-05-01 17:40:47.233: 20 test start:
2024-05-01 17:41:45.956: 20 avg_reward: 1774.0
2024-05-01 17:41:45.956: 20 avg_steps: 1824.6
2024-05-01 17:41:45.956: 20 epsilon: 0.1
2024-05-01 18:03:58.355: 21 test start:
2024-05-01 18:05:02.071: 21 avg_reward: 1879.0
2024-05-01 18:05:02.071: 21 avg_steps: 1914.4
2024-05-01 18:05:02.071: 21 epsilon: 0.1
2024-05-01 18:25:29.410: 22 test start:
2024-05-01 18:26:32.264: 22 avg_reward: 1850.0
2024-05-01 18:26:32.264: 22 avg_steps: 1957.05
2024-05-01 18:26:32.264: 22 epsilon: 0.1
2024-05-01 18:47:57.037: 23 test start:
2024-05-01 18:48:43.156: 23 avg_reward: 1305.0
2024-05-01 18:48:43.157: 23 avg_steps: 1432.1
2024-05-01 18:48:43.157: 23 epsilon: 0.1
2024-05-01 19:10:22.277: 24 test start:
2024-05-01 19:11:25.563: 24 avg_reward: 1982.0
2024-05-01 19:11:25.563: 24 avg_steps: 1970.0
2024-05-01 19:11:25.563: 24 epsilon: 0.1
2024-05-01 19:33:51.240: 25 test start:
2024-05-01 19:34:41.164: 25 avg_reward: 1336.0
2024-05-01 19:34:41.165: 25 avg_steps: 1487.2
2024-05-01 19:34:41.165: 25 epsilon: 0.1
2024-05-01 19:56:53.523: 26 test start:
2024-05-01 19:57:51.103: 26 avg_reward: 1752.0
2024-05-01 19:57:51.103: 26 avg_steps: 1771.4
2024-05-01 19:57:51.103: 26 epsilon: 0.1
2024-05-01 20:19:47.332: 27 test start:
2024-05-01 20:20:40.641: 27 avg_reward: 1561.0
2024-05-01 20:20:40.642: 27 avg_steps: 1631.05
2024-05-01 20:20:40.642: 27 epsilon: 0.1
2024-05-01 20:42:32.450: 28 test start:
2024-05-01 20:43:29.758: 28 avg_reward: 1805.0
2024-05-01 20:43:29.759: 28 avg_steps: 1758.0
2024-05-01 20:43:29.759: 28 epsilon: 0.1
2024-05-01 21:05:19.829: 29 test start:
2024-05-01 21:06:18.731: 29 avg_reward: 2013.0
2024-05-01 21:06:18.732: 29 avg_steps: 1797.4
2024-05-01 21:06:18.732: 29 epsilon: 0.1
2024-05-01 21:28:13.189: 30 test start:
2024-05-01 21:29:06.953: 30 avg_reward: 1809.0
2024-05-01 21:29:06.953: 30 avg_steps: 1604.9
2024-05-01 21:29:06.953: 30 epsilon: 0.1
2024-05-01 21:51:24.918: 31 test start:
2024-05-01 21:52:21.885: 31 avg_reward: 1966.0
2024-05-01 21:52:21.886: 31 avg_steps: 1765.9
2024-05-01 21:52:21.886: 31 epsilon: 0.1
2024-05-01 22:14:38.334: 32 test start:
2024-05-01 22:15:29.292: 32 avg_reward: 1604.0
2024-05-01 22:15:29.292: 32 avg_steps: 1567.85
2024-05-01 22:15:29.292: 32 epsilon: 0.1
2024-05-01 22:37:56.295: 33 test start:
2024-05-01 22:38:47.924: 33 avg_reward: 1584.0
2024-05-01 22:38:47.924: 33 avg_steps: 1513.85
2024-05-01 22:38:47.924: 33 epsilon: 0.1
2024-05-01 23:01:15.445: 34 test start:
2024-05-01 23:02:06.335: 34 avg_reward: 1660.0
2024-05-01 23:02:06.336: 34 avg_steps: 1516.15
2024-05-01 23:02:06.336: 34 epsilon: 0.1
2024-05-01 23:24:37.038: 35 test start:
2024-05-01 23:25:30.518: 35 avg_reward: 1743.0
2024-05-01 23:25:30.519: 35 avg_steps: 1632.45
2024-05-01 23:25:30.519: 35 epsilon: 0.1
2024-05-01 23:47:20.805: 36 test start:
2024-05-01 23:48:14.034: 36 avg_reward: 1834.0
2024-05-01 23:48:14.034: 36 avg_steps: 1584.3
2024-05-01 23:48:14.034: 36 epsilon: 0.1
2024-05-02 00:10:20.971: 37 test start:
2024-05-02 00:11:13.944: 37 avg_reward: 1599.0
2024-05-02 00:11:13.944: 37 avg_steps: 1574.45
2024-05-02 00:11:13.944: 37 epsilon: 0.1
2024-05-02 00:32:55.282: 38 test start:
2024-05-02 00:33:57.419: 38 avg_reward: 2090.0
2024-05-02 00:33:57.420: 38 avg_steps: 1895.5
2024-05-02 00:33:57.420: 38 epsilon: 0.1
2024-05-02 00:56:03.787: 39 test start:
2024-05-02 00:56:59.351: 39 avg_reward: 1935.0
2024-05-02 00:56:59.351: 39 avg_steps: 1747.65
2024-05-02 00:56:59.351: 39 epsilon: 0.1
2024-05-02 01:18:38.925: 40 test start:
2024-05-02 01:19:30.351: 40 avg_reward: 1678.0
2024-05-02 01:19:30.352: 40 avg_steps: 1579.25
2024-05-02 01:19:30.352: 40 epsilon: 0.1
2024-05-02 01:41:05.027: 41 test start:
2024-05-02 01:41:56.575: 41 avg_reward: 1720.0
2024-05-02 01:41:56.576: 41 avg_steps: 1559.5
2024-05-02 01:41:56.576: 41 epsilon: 0.1
2024-05-02 02:03:26.920: 42 test start:
2024-05-02 02:04:16.201: 42 avg_reward: 1682.0
2024-05-02 02:04:16.201: 42 avg_steps: 1624.15
2024-05-02 02:04:16.201: 42 epsilon: 0.1
2024-05-02 02:26:17.122: 43 test start:
2024-05-02 02:27:11.715: 43 avg_reward: 1992.0
2024-05-02 02:27:11.715: 43 avg_steps: 1679.85
2024-05-02 02:27:11.715: 43 epsilon: 0.1
2024-05-02 02:49:29.763: 44 test start:
2024-05-02 02:50:26.144: 44 avg_reward: 1979.0
2024-05-02 02:50:26.144: 44 avg_steps: 1673.65
2024-05-02 02:50:26.145: 44 epsilon: 0.1
2024-05-02 03:12:55.990: 45 test start:
2024-05-02 03:13:46.382: 45 avg_reward: 1714.0
2024-05-02 03:13:46.382: 45 avg_steps: 1527.35
2024-05-02 03:13:46.382: 45 epsilon: 0.1
2024-05-02 03:35:55.808: 46 test start:
2024-05-02 03:36:46.772: 46 avg_reward: 1629.0
2024-05-02 03:36:46.772: 46 avg_steps: 1552.05
2024-05-02 03:36:46.772: 46 epsilon: 0.1
2024-05-02 03:58:41.977: 47 test start:
2024-05-02 03:59:29.809: 47 avg_reward: 1464.0
2024-05-02 03:59:29.809: 47 avg_steps: 1450.5
2024-05-02 03:59:29.810: 47 epsilon: 0.1
2024-05-02 04:21:34.329: 48 test start:
2024-05-02 04:22:24.811: 48 avg_reward: 1760.0
2024-05-02 04:22:24.811: 48 avg_steps: 1545.65
2024-05-02 04:22:24.811: 48 epsilon: 0.1
2024-05-02 04:44:16.684: 49 test start:
2024-05-02 04:45:13.789: 49 avg_reward: 2120.0
2024-05-02 04:45:13.790: 49 avg_steps: 1708.35
2024-05-02 04:45:13.790: 49 epsilon: 0.1
2024-05-02 05:07:15.363: 50 test start:
2024-05-02 05:08:09.099: 50 avg_reward: 1790.0
2024-05-02 05:08:09.100: 50 avg_steps: 1650.85
2024-05-02 05:08:09.100: 50 epsilon: 0.1
2024-05-02 05:29:40.451: 51 test start:
2024-05-02 05:30:37.983: 51 avg_reward: 2013.0
2024-05-02 05:30:37.983: 51 avg_steps: 1727.15
2024-05-02 05:30:37.983: 51 epsilon: 0.1
2024-05-02 05:51:44.755: 52 test start:
2024-05-02 05:52:36.231: 52 avg_reward: 2048.0
2024-05-02 05:52:36.231: 52 avg_steps: 1634.4
2024-05-02 05:52:36.231: 52 epsilon: 0.1
2024-05-02 06:14:14.954: 53 test start:
2024-05-02 06:15:04.336: 53 avg_reward: 1636.0
2024-05-02 06:15:04.337: 53 avg_steps: 1448.0
2024-05-02 06:15:04.337: 53 epsilon: 0.1
2024-05-02 06:37:31.902: 54 test start:
2024-05-02 06:38:27.919: 54 avg_reward: 1899.0
2024-05-02 06:38:27.919: 54 avg_steps: 1712.95
2024-05-02 06:38:27.919: 54 epsilon: 0.1
2024-05-02 07:00:30.819: 55 test start:
2024-05-02 07:01:22.916: 55 avg_reward: 1755.0
2024-05-02 07:01:22.916: 55 avg_steps: 1562.75
2024-05-02 07:01:22.917: 55 epsilon: 0.1
2024-05-02 07:23:35.319: 56 test start:
2024-05-02 07:24:26.866: 56 avg_reward: 1679.0
2024-05-02 07:24:26.867: 56 avg_steps: 1542.15
2024-05-02 07:24:26.867: 56 epsilon: 0.1
2024-05-02 07:46:12.318: 57 test start:
2024-05-02 07:46:57.394: 57 avg_reward: 1461.0
2024-05-02 07:46:57.394: 57 avg_steps: 1369.9
2024-05-02 07:46:57.394: 57 epsilon: 0.1
2024-05-02 08:08:35.849: 58 test start:
2024-05-02 08:09:23.220: 58 avg_reward: 1771.0
2024-05-02 08:09:23.221: 58 avg_steps: 1466.7
2024-05-02 08:09:23.221: 58 epsilon: 0.1
2024-05-02 08:31:34.722: 59 test start:
2024-05-02 08:32:27.181: 59 avg_reward: 1881.0
2024-05-02 08:32:27.181: 59 avg_steps: 1603.9
2024-05-02 08:32:27.181: 59 epsilon: 0.1
2024-05-02 08:54:11.260: 60 test start:
2024-05-02 08:55:00.003: 60 avg_reward: 1544.0
2024-05-02 08:55:00.003: 60 avg_steps: 1473.25
2024-05-02 08:55:00.003: 60 epsilon: 0.1
2024-05-02 09:16:35.265: 61 test start:
2024-05-02 09:17:24.326: 61 avg_reward: 1603.0
2024-05-02 09:17:24.326: 61 avg_steps: 1497.05
2024-05-02 09:17:24.326: 61 epsilon: 0.1
2024-05-02 09:39:34.912: 62 test start:
2024-05-02 09:40:21.435: 62 avg_reward: 1449.0
2024-05-02 09:40:21.436: 62 avg_steps: 1377.4
2024-05-02 09:40:21.436: 62 epsilon: 0.1
2024-05-02 10:02:35.859: 63 test start:
2024-05-02 10:03:23.371: 63 avg_reward: 1557.0
2024-05-02 10:03:23.371: 63 avg_steps: 1393.95
2024-05-02 10:03:23.371: 63 epsilon: 0.1
2024-05-02 10:24:57.697: 64 test start:
2024-05-02 10:25:43.743: 64 avg_reward: 1485.0
2024-05-02 10:25:43.743: 64 avg_steps: 1381.45
2024-05-02 10:25:43.743: 64 epsilon: 0.1
2024-05-02 10:47:47.205: 65 test start:
2024-05-02 10:48:39.871: 65 avg_reward: 2026.0
2024-05-02 10:48:39.871: 65 avg_steps: 1572.65
2024-05-02 10:48:39.871: 65 epsilon: 0.1
2024-05-02 11:10:59.390: 66 test start:
2024-05-02 11:11:43.202: 66 avg_reward: 1496.0
2024-05-02 11:11:43.202: 66 avg_steps: 1303.25
2024-05-02 11:11:43.202: 66 epsilon: 0.1
2024-05-02 11:34:02.886: 67 test start:
2024-05-02 11:34:50.562: 67 avg_reward: 1584.0
2024-05-02 11:34:50.562: 67 avg_steps: 1448.1
2024-05-02 11:34:50.562: 67 epsilon: 0.1
2024-05-02 11:56:51.282: 68 test start:
2024-05-02 11:57:36.301: 68 avg_reward: 1534.0
2024-05-02 11:57:36.301: 68 avg_steps: 1356.15
2024-05-02 11:57:36.301: 68 epsilon: 0.1
2024-05-02 12:19:54.667: 69 test start:
2024-05-02 12:20:42.982: 69 avg_reward: 1613.0
2024-05-02 12:20:42.983: 69 avg_steps: 1415.7
2024-05-02 12:20:42.983: 69 epsilon: 0.1
2024-05-02 12:43:17.433: 70 test start:
2024-05-02 12:44:02.582: 70 avg_reward: 1626.0
2024-05-02 12:44:02.583: 70 avg_steps: 1407.1
2024-05-02 12:44:02.583: 70 epsilon: 0.1
2024-05-02 13:06:12.217: 71 test start:
2024-05-02 13:06:49.593: 71 avg_reward: 1125.0
2024-05-02 13:06:49.594: 71 avg_steps: 1145.55
2024-05-02 13:06:49.594: 71 epsilon: 0.1
2024-05-02 13:29:19.046: 72 test start:
2024-05-02 13:29:54.438: 72 avg_reward: 1018.0
2024-05-02 13:29:54.438: 72 avg_steps: 1026.0
2024-05-02 13:29:54.438: 72 epsilon: 0.1
2024-05-02 13:52:56.511: 73 test start:
2024-05-02 13:53:34.430: 73 avg_reward: 1280.0
2024-05-02 13:53:34.431: 73 avg_steps: 1178.4
2024-05-02 13:53:34.431: 73 epsilon: 0.1
2024-05-02 14:16:11.653: 74 test start:
2024-05-02 14:16:57.856: 74 avg_reward: 1574.0
2024-05-02 14:16:57.856: 74 avg_steps: 1365.75
2024-05-02 14:16:57.856: 74 epsilon: 0.1
2024-05-02 14:40:04.214: 75 test start:
2024-05-02 14:40:45.377: 75 avg_reward: 1221.0
2024-05-02 14:40:45.377: 75 avg_steps: 1238.6
2024-05-02 14:40:45.377: 75 epsilon: 0.1
2024-05-02 15:02:58.750: 76 test start:
2024-05-02 15:03:35.907: 76 avg_reward: 1187.0
2024-05-02 15:03:35.907: 76 avg_steps: 1103.8
2024-05-02 15:03:35.907: 76 epsilon: 0.1
2024-05-02 15:25:49.576: 77 test start:
2024-05-02 15:26:29.462: 77 avg_reward: 1263.0
2024-05-02 15:26:29.463: 77 avg_steps: 1173.45
2024-05-02 15:26:29.463: 77 epsilon: 0.1
2024-05-02 15:48:44.457: 78 test start:
2024-05-02 15:49:27.996: 78 avg_reward: 1495.0
2024-05-02 15:49:27.997: 78 avg_steps: 1322.45
2024-05-02 15:49:27.997: 78 epsilon: 0.1
2024-05-02 16:10:53.126: 79 test start:
2024-05-02 16:11:28.287: 79 avg_reward: 1192.0
2024-05-02 16:11:28.287: 79 avg_steps: 1151.75
2024-05-02 16:11:28.288: 79 epsilon: 0.1
2024-05-02 16:33:54.070: 80 test start:
2024-05-02 16:34:32.545: 80 avg_reward: 1222.0
2024-05-02 16:34:32.545: 80 avg_steps: 1179.4
2024-05-02 16:34:32.545: 80 epsilon: 0.1
2024-05-02 16:57:23.197: 81 test start:
2024-05-02 16:58:01.301: 81 avg_reward: 1220.0
2024-05-02 16:58:01.302: 81 avg_steps: 1159.25
2024-05-02 16:58:01.302: 81 epsilon: 0.1
2024-05-02 17:20:59.976: 82 test start:
2024-05-02 17:21:38.236: 82 avg_reward: 1258.0
2024-05-02 17:21:38.237: 82 avg_steps: 1159.9
2024-05-02 17:21:38.237: 82 epsilon: 0.1
2024-05-02 17:44:22.690: 83 test start:
2024-05-02 17:45:02.437: 83 avg_reward: 1238.0
2024-05-02 17:45:02.437: 83 avg_steps: 1210.0
2024-05-02 17:45:02.437: 83 epsilon: 0.1
2024-05-02 18:06:50.984: 84 test start:
2024-05-02 18:07:25.493: 84 avg_reward: 1047.0
2024-05-02 18:07:25.493: 84 avg_steps: 1038.75
2024-05-02 18:07:25.493: 84 epsilon: 0.1
2024-05-02 18:30:53.367: 85 test start:
2024-05-02 18:31:32.193: 85 avg_reward: 1285.0
2024-05-02 18:31:32.193: 85 avg_steps: 1177.75
2024-05-02 18:31:32.193: 85 epsilon: 0.1
2024-05-02 18:53:37.537: 86 test start:
2024-05-02 18:54:18.105: 86 avg_reward: 1436.0
2024-05-02 18:54:18.106: 86 avg_steps: 1250.95
2024-05-02 18:54:18.106: 86 epsilon: 0.1
2024-05-02 19:15:58.984: 87 test start:
2024-05-02 19:16:37.898: 87 avg_reward: 1481.0
2024-05-02 19:16:37.898: 87 avg_steps: 1201.15
2024-05-02 19:16:37.898: 87 epsilon: 0.1
2024-05-02 19:38:44.683: 88 test start:
2024-05-02 19:39:19.823: 88 avg_reward: 1083.0
2024-05-02 19:39:19.824: 88 avg_steps: 1061.6
2024-05-02 19:39:19.824: 88 epsilon: 0.1
2024-05-02 20:00:50.764: 89 test start:
2024-05-02 20:01:21.610: 89 avg_reward: 942.0
2024-05-02 20:01:21.610: 89 avg_steps: 934.4
2024-05-02 20:01:21.610: 89 epsilon: 0.1
2024-05-02 20:23:08.239: 90 test start:
2024-05-02 20:23:44.848: 90 avg_reward: 1304.0
2024-05-02 20:23:44.848: 90 avg_steps: 1132.45
2024-05-02 20:23:44.848: 90 epsilon: 0.1
2024-05-02 20:44:57.488: 91 test start:
2024-05-02 20:45:34.594: 91 avg_reward: 1343.0
2024-05-02 20:45:34.595: 91 avg_steps: 1137.0
2024-05-02 20:45:34.595: 91 epsilon: 0.1
2024-05-02 21:07:23.144: 92 test start:
2024-05-02 21:07:59.334: 92 avg_reward: 1377.0
2024-05-02 21:07:59.334: 92 avg_steps: 1172.45
2024-05-02 21:07:59.335: 92 epsilon: 0.1
2024-05-02 21:29:42.592: 93 test start:
2024-05-02 21:30:16.627: 93 avg_reward: 1051.0
2024-05-02 21:30:16.627: 93 avg_steps: 1058.65
2024-05-02 21:30:16.627: 93 epsilon: 0.1
2024-05-02 21:51:57.475: 94 test start:
2024-05-02 21:52:31.111: 94 avg_reward: 1105.0
2024-05-02 21:52:31.111: 94 avg_steps: 1016.05
2024-05-02 21:52:31.111: 94 epsilon: 0.1
2024-05-02 22:14:02.009: 95 test start:
2024-05-02 22:14:26.444: 95 avg_reward: 698.0
2024-05-02 22:14:26.445: 95 avg_steps: 760.65
2024-05-02 22:14:26.445: 95 epsilon: 0.1
2024-05-02 22:36:36.376: 96 test start:
2024-05-02 22:37:07.212: 96 avg_reward: 967.0
2024-05-02 22:37:07.212: 96 avg_steps: 944.3
2024-05-02 22:37:07.212: 96 epsilon: 0.1
2024-05-02 22:58:53.195: 97 test start:
2024-05-02 22:59:28.875: 97 avg_reward: 1296.0
2024-05-02 22:59:28.875: 97 avg_steps: 1071.8
2024-05-02 22:59:28.875: 97 epsilon: 0.1
2024-05-02 23:21:21.984: 98 test start:
2024-05-02 23:22:00.515: 98 avg_reward: 1390.0
2024-05-02 23:22:00.515: 98 avg_steps: 1182.75
2024-05-02 23:22:00.515: 98 epsilon: 0.1
2024-05-02 23:43:38.165: 99 test start:
2024-05-02 23:44:06.962: 99 avg_reward: 1047.0
2024-05-02 23:44:06.962: 99 avg_steps: 891.7
2024-05-02 23:44:06.962: 99 epsilon: 0.1
2024-05-03 00:05:38.964: 100 test start:
2024-05-03 00:06:10.963: 100 avg_reward: 1132.0
2024-05-03 00:06:10.964: 100 avg_steps: 976.05
2024-05-03 00:06:10.964: 100 epsilon: 0.1
2024-05-03 00:27:57.374: 101 test start:
2024-05-03 00:28:29.463: 101 avg_reward: 1120.0
2024-05-03 00:28:29.464: 101 avg_steps: 992.75
2024-05-03 00:28:29.464: 101 epsilon: 0.1
2024-05-03 00:51:24.938: 102 test start:
2024-05-03 00:52:03.127: 102 avg_reward: 1311.0
2024-05-03 00:52:03.128: 102 avg_steps: 1081.3
2024-05-03 00:52:03.128: 102 epsilon: 0.1
2024-05-03 01:14:54.270: 103 test start:
2024-05-03 01:15:28.487: 103 avg_reward: 1387.0
2024-05-03 01:15:28.488: 103 avg_steps: 1031.75
2024-05-03 01:15:28.488: 103 epsilon: 0.1
2024-05-03 01:38:15.176: 104 test start:
2024-05-03 01:38:54.576: 104 avg_reward: 1531.0
2024-05-03 01:38:54.577: 104 avg_steps: 1167.8
2024-05-03 01:38:54.577: 104 epsilon: 0.1
2024-05-03 02:01:16.892: 105 test start:
2024-05-03 02:01:49.164: 105 avg_reward: 1308.0
2024-05-03 02:01:49.164: 105 avg_steps: 1011.85
2024-05-03 02:01:49.164: 105 epsilon: 0.1
2024-05-03 02:22:55.690: 106 test start:
2024-05-03 02:23:27.548: 106 avg_reward: 1086.0
2024-05-03 02:23:27.549: 106 avg_steps: 947.4
2024-05-03 02:23:27.549: 106 epsilon: 0.1
2024-05-03 02:45:33.252: 107 test start:
2024-05-03 02:46:06.425: 107 avg_reward: 1261.0
2024-05-03 02:46:06.426: 107 avg_steps: 1010.35
2024-05-03 02:46:06.426: 107 epsilon: 0.1
2024-05-03 03:07:57.995: 108 test start:
2024-05-03 03:08:30.041: 108 avg_reward: 1182.0
2024-05-03 03:08:30.042: 108 avg_steps: 946.9
2024-05-03 03:08:30.042: 108 epsilon: 0.1
2024-05-03 03:30:23.991: 109 test start:
2024-05-03 03:30:58.945: 109 avg_reward: 1424.0
2024-05-03 03:30:58.945: 109 avg_steps: 1055.7
2024-05-03 03:30:58.945: 109 epsilon: 0.1
2024-05-03 03:53:13.525: 110 test start:
2024-05-03 03:54:01.573: 110 avg_reward: 2119.0
2024-05-03 03:54:01.573: 110 avg_steps: 1435.3
2024-05-03 03:54:01.573: 110 epsilon: 0.1
2024-05-03 04:15:36.469: 111 test start:
2024-05-03 04:16:21.549: 111 avg_reward: 2281.0
2024-05-03 04:16:21.550: 111 avg_steps: 1444.8
2024-05-03 04:16:21.550: 111 epsilon: 0.1
2024-05-03 04:38:17.257: 112 test start:
2024-05-03 04:38:53.164: 112 avg_reward: 1432.0
2024-05-03 04:38:53.165: 112 avg_steps: 1096.75
2024-05-03 04:38:53.165: 112 epsilon: 0.1
2024-05-03 05:00:24.706: 113 test start:
2024-05-03 05:01:00.307: 113 avg_reward: 1563.0
2024-05-03 05:01:00.307: 113 avg_steps: 1116.1
2024-05-03 05:01:00.307: 113 epsilon: 0.1
2024-05-03 05:22:40.930: 114 test start:
2024-05-03 05:23:25.118: 114 avg_reward: 1985.0
2024-05-03 05:23:25.118: 114 avg_steps: 1309.9
2024-05-03 05:23:25.118: 114 epsilon: 0.1
2024-05-03 05:45:19.728: 115 test start:
2024-05-03 05:45:54.081: 115 avg_reward: 1453.0
2024-05-03 05:45:54.081: 115 avg_steps: 1072.1
2024-05-03 05:45:54.081: 115 epsilon: 0.1
2024-05-03 06:07:40.246: 116 test start:
2024-05-03 06:08:17.493: 116 avg_reward: 1624.0
2024-05-03 06:08:17.494: 116 avg_steps: 1155.45
2024-05-03 06:08:17.494: 116 epsilon: 0.1
2024-05-03 06:30:03.131: 117 test start:
2024-05-03 06:30:47.993: 117 avg_reward: 2242.0
2024-05-03 06:30:47.994: 117 avg_steps: 1380.25
2024-05-03 06:30:47.994: 117 epsilon: 0.1
2024-05-03 06:52:40.947: 118 test start:
2024-05-03 06:53:16.544: 118 avg_reward: 1482.0
2024-05-03 06:53:16.544: 118 avg_steps: 1053.2
2024-05-03 06:53:16.544: 118 epsilon: 0.1
2024-05-03 07:15:34.251: 119 test start:
2024-05-03 07:16:10.263: 119 avg_reward: 1573.0
2024-05-03 07:16:10.263: 119 avg_steps: 1083.2
2024-05-03 07:16:10.263: 119 epsilon: 0.1
2024-05-03 07:38:08.564: 120 test start:
2024-05-03 07:38:53.492: 120 avg_reward: 2128.0
2024-05-03 07:38:53.492: 120 avg_steps: 1309.75
2024-05-03 07:38:53.493: 120 epsilon: 0.1
2024-05-03 08:00:42.725: 121 test start:
2024-05-03 08:01:22.959: 121 avg_reward: 1886.0
2024-05-03 08:01:22.960: 121 avg_steps: 1209.45
2024-05-03 08:01:22.960: 121 epsilon: 0.1
2024-05-03 08:23:15.006: 122 test start:
2024-05-03 08:23:51.316: 122 avg_reward: 1613.0
2024-05-03 08:23:51.316: 122 avg_steps: 1082.1
2024-05-03 08:23:51.316: 122 epsilon: 0.1
2024-05-03 08:45:12.877: 123 test start:
2024-05-03 08:45:50.161: 123 avg_reward: 1657.0
2024-05-03 08:45:50.161: 123 avg_steps: 1166.6
2024-05-03 08:45:50.161: 123 epsilon: 0.1
2024-05-03 09:07:32.889: 124 test start:
2024-05-03 09:08:08.870: 124 avg_reward: 1578.0
2024-05-03 09:08:08.870: 124 avg_steps: 1099.75
2024-05-03 09:08:08.870: 124 epsilon: 0.1
2024-05-03 09:29:52.777: 125 test start:
2024-05-03 09:30:38.427: 125 avg_reward: 2109.0
2024-05-03 09:30:38.427: 125 avg_steps: 1340.8
2024-05-03 09:30:38.427: 125 epsilon: 0.1
2024-05-03 09:52:48.593: 126 test start:
2024-05-03 09:53:31.018: 126 avg_reward: 2095.0
2024-05-03 09:53:31.018: 126 avg_steps: 1288.8
2024-05-03 09:53:31.018: 126 epsilon: 0.1
2024-05-03 10:15:22.041: 127 test start:
2024-05-03 10:15:59.874: 127 avg_reward: 1719.0
2024-05-03 10:15:59.875: 127 avg_steps: 1155.55
2024-05-03 10:15:59.875: 127 epsilon: 0.1
2024-05-03 10:37:52.729: 128 test start:
2024-05-03 10:38:34.620: 128 avg_reward: 1999.0
2024-05-03 10:38:34.620: 128 avg_steps: 1272.5
2024-05-03 10:38:34.620: 128 epsilon: 0.1
2024-05-03 11:00:24.377: 129 test start:
2024-05-03 11:01:03.780: 129 avg_reward: 1877.0
2024-05-03 11:01:03.780: 129 avg_steps: 1186.9
2024-05-03 11:01:03.780: 129 epsilon: 0.1
2024-05-03 11:26:49.696: 130 test start:
2024-05-03 11:27:28.775: 130 avg_reward: 1599.0
2024-05-03 11:27:28.775: 130 avg_steps: 1057.85
2024-05-03 11:27:28.775: 130 epsilon: 0.1
2024-05-03 11:54:11.735: 131 test start:
2024-05-03 11:54:40.763: 131 avg_reward: 1044.0
2024-05-03 11:54:40.764: 131 avg_steps: 856.7
2024-05-03 11:54:40.764: 131 epsilon: 0.1
2024-05-03 12:17:02.107: 132 test start:
2024-05-03 12:17:36.486: 132 avg_reward: 1474.0
2024-05-03 12:17:36.486: 132 avg_steps: 1025.55
2024-05-03 12:17:36.486: 132 epsilon: 0.1
2024-05-03 12:40:12.706: 133 test start:
2024-05-03 12:40:47.626: 133 avg_reward: 1536.0
2024-05-03 12:40:47.627: 133 avg_steps: 1067.2
2024-05-03 12:40:47.627: 133 epsilon: 0.1
2024-05-03 13:03:40.259: 134 test start:
2024-05-03 13:04:13.709: 134 avg_reward: 1221.0
2024-05-03 13:04:13.710: 134 avg_steps: 991.7
2024-05-03 13:04:13.710: 134 epsilon: 0.1
2024-05-03 13:26:59.692: 135 test start:
2024-05-03 13:27:26.986: 135 avg_reward: 948.0
2024-05-03 13:27:26.986: 135 avg_steps: 805.65
2024-05-03 13:27:26.986: 135 epsilon: 0.1
2024-05-03 13:50:09.326: 136 test start:
2024-05-03 13:50:40.810: 136 avg_reward: 1243.0
2024-05-03 13:50:40.811: 136 avg_steps: 951.05
2024-05-03 13:50:40.811: 136 epsilon: 0.1
2024-05-03 14:13:02.579: 137 test start:
2024-05-03 14:13:33.508: 137 avg_reward: 1011.0
2024-05-03 14:13:33.508: 137 avg_steps: 867.9
2024-05-03 14:13:33.508: 137 epsilon: 0.1
2024-05-03 14:36:47.319: 138 test start:
2024-05-03 14:37:20.150: 138 avg_reward: 1180.0
2024-05-03 14:37:20.150: 138 avg_steps: 935.55
2024-05-03 14:37:20.150: 138 epsilon: 0.1
2024-05-03 14:59:53.004: 139 test start:
2024-05-03 15:00:26.623: 139 avg_reward: 1355.0
2024-05-03 15:00:26.623: 139 avg_steps: 1032.0
2024-05-03 15:00:26.624: 139 epsilon: 0.1
2024-05-03 15:23:40.573: 140 test start:
2024-05-03 15:24:09.727: 140 avg_reward: 1038.0
2024-05-03 15:24:09.728: 140 avg_steps: 878.35
2024-05-03 15:24:09.728: 140 epsilon: 0.1
2024-05-03 15:46:57.570: 141 test start:
2024-05-03 15:47:27.810: 141 avg_reward: 1092.0
2024-05-03 15:47:27.811: 141 avg_steps: 909.6
2024-05-03 15:47:27.811: 141 epsilon: 0.1
2024-05-03 16:09:57.741: 142 test start:
2024-05-03 16:10:27.583: 142 avg_reward: 1024.0
2024-05-03 16:10:27.583: 142 avg_steps: 899.25
2024-05-03 16:10:27.583: 142 epsilon: 0.1
2024-05-03 16:32:48.097: 143 test start:
2024-05-03 16:33:15.314: 143 avg_reward: 799.0
2024-05-03 16:33:15.315: 143 avg_steps: 827.6
2024-05-03 16:33:15.315: 143 epsilon: 0.1
2024-05-03 16:54:59.222: 144 test start:
2024-05-03 16:55:22.334: 144 avg_reward: 616.0
2024-05-03 16:55:22.334: 144 avg_steps: 714.1
2024-05-03 16:55:22.334: 144 epsilon: 0.1
2024-05-03 17:17:10.034: 145 test start:
2024-05-03 17:17:37.830: 145 avg_reward: 855.0
2024-05-03 17:17:37.830: 145 avg_steps: 856.3
2024-05-03 17:17:37.830: 145 epsilon: 0.1
2024-05-03 17:39:26.505: 146 test start:
2024-05-03 17:39:47.345: 146 avg_reward: 513.0
2024-05-03 17:39:47.346: 146 avg_steps: 633.0
2024-05-03 17:39:47.346: 146 epsilon: 0.1
2024-05-03 18:01:56.458: 147 test start:
2024-05-03 18:02:24.521: 147 avg_reward: 986.0
2024-05-03 18:02:24.521: 147 avg_steps: 867.8
2024-05-03 18:02:24.522: 147 epsilon: 0.1
2024-05-03 18:24:37.036: 148 test start:
2024-05-03 18:25:01.502: 148 avg_reward: 672.0
2024-05-03 18:25:01.502: 148 avg_steps: 765.75
2024-05-03 18:25:01.502: 148 epsilon: 0.1
2024-05-03 18:47:04.987: 149 test start:
2024-05-03 18:47:37.120: 149 avg_reward: 1239.0
2024-05-03 18:47:37.121: 149 avg_steps: 996.3
2024-05-03 18:47:37.121: 149 epsilon: 0.1
2024-05-03 19:09:35.632: 150 test start:
2024-05-03 19:10:03.640: 150 avg_reward: 1013.0
2024-05-03 19:10:03.641: 150 avg_steps: 838.65
2024-05-03 19:10:03.641: 150 epsilon: 0.1
2024-05-03 19:32:14.738: 151 test start:
2024-05-03 19:32:42.222: 151 avg_reward: 777.0
2024-05-03 19:32:42.222: 151 avg_steps: 829.4
2024-05-03 19:32:42.222: 151 epsilon: 0.1
2024-05-03 19:54:29.667: 152 test start:
2024-05-03 19:55:01.398: 152 avg_reward: 1188.0
2024-05-03 19:55:01.399: 152 avg_steps: 952.7
2024-05-03 19:55:01.399: 152 epsilon: 0.1
2024-05-03 20:17:11.562: 153 test start:
2024-05-03 20:17:46.352: 153 avg_reward: 1245.0
2024-05-03 20:17:46.352: 153 avg_steps: 1026.45
2024-05-03 20:17:46.352: 153 epsilon: 0.1
2024-05-03 20:39:30.905: 154 test start:
2024-05-03 20:39:59.969: 154 avg_reward: 1039.0
2024-05-03 20:39:59.969: 154 avg_steps: 914.5
2024-05-03 20:39:59.969: 154 epsilon: 0.1
2024-05-03 21:01:56.814: 155 test start:
2024-05-03 21:02:24.564: 155 avg_reward: 893.0
2024-05-03 21:02:24.564: 155 avg_steps: 857.55
2024-05-03 21:02:24.564: 155 epsilon: 0.1
2024-05-03 21:24:26.550: 156 test start:
2024-05-03 21:24:58.939: 156 avg_reward: 1064.0
2024-05-03 21:24:58.940: 156 avg_steps: 951.0
2024-05-03 21:24:58.940: 156 epsilon: 0.1
2024-05-03 21:48:06.245: 157 test start:
2024-05-03 21:48:36.759: 157 avg_reward: 954.0
2024-05-03 21:48:36.760: 157 avg_steps: 933.4
2024-05-03 21:48:36.760: 157 epsilon: 0.1
2024-05-03 22:11:20.803: 158 test start:
2024-05-03 22:11:52.365: 158 avg_reward: 1140.0
2024-05-03 22:11:52.366: 158 avg_steps: 954.8
2024-05-03 22:11:52.366: 158 epsilon: 0.1
2024-05-03 22:34:25.253: 159 test start:
2024-05-03 22:35:02.624: 159 avg_reward: 1435.0
2024-05-03 22:35:02.624: 159 avg_steps: 1152.75
2024-05-03 22:35:02.624: 159 epsilon: 0.1
2024-05-03 22:58:02.849: 160 test start:
2024-05-03 22:58:33.719: 160 avg_reward: 1058.0
2024-05-03 22:58:33.720: 160 avg_steps: 920.0
2024-05-03 22:58:33.720: 160 epsilon: 0.1
2024-05-03 23:21:37.589: 161 test start:
2024-05-03 23:22:16.756: 161 avg_reward: 1624.0
2024-05-03 23:22:16.757: 161 avg_steps: 1174.1
2024-05-03 23:22:16.757: 161 epsilon: 0.1
2024-05-03 23:44:49.802: 162 test start:
2024-05-03 23:45:23.180: 162 avg_reward: 1338.0
2024-05-03 23:45:23.180: 162 avg_steps: 1062.3
2024-05-03 23:45:23.180: 162 epsilon: 0.1
2024-05-04 00:07:52.684: 163 test start:
2024-05-04 00:08:19.246: 163 avg_reward: 898.0
2024-05-04 00:08:19.246: 163 avg_steps: 833.25
2024-05-04 00:08:19.246: 163 epsilon: 0.1
2024-05-04 00:31:03.971: 164 test start:
2024-05-04 00:31:35.184: 164 avg_reward: 1001.0
2024-05-04 00:31:35.184: 164 avg_steps: 942.5
2024-05-04 00:31:35.184: 164 epsilon: 0.1
2024-05-04 00:53:57.015: 165 test start:
2024-05-04 00:54:27.894: 165 avg_reward: 1225.0
2024-05-04 00:54:27.894: 165 avg_steps: 994.6
2024-05-04 00:54:27.894: 165 epsilon: 0.1
2024-05-04 01:16:16.508: 166 test start:
2024-05-04 01:16:49.091: 166 avg_reward: 1104.0
2024-05-04 01:16:49.092: 166 avg_steps: 1001.6
2024-05-04 01:16:49.092: 166 epsilon: 0.1
2024-05-04 01:39:15.577: 167 test start:
2024-05-04 01:39:50.906: 167 avg_reward: 1251.0
2024-05-04 01:39:50.906: 167 avg_steps: 1016.4
2024-05-04 01:39:50.906: 167 epsilon: 0.1
2024-05-04 02:02:15.693: 168 test start:
2024-05-04 02:02:44.158: 168 avg_reward: 1007.0
2024-05-04 02:02:44.158: 168 avg_steps: 890.65
2024-05-04 02:02:44.158: 168 epsilon: 0.1
2024-05-04 02:25:17.422: 169 test start:
2024-05-04 02:25:51.706: 169 avg_reward: 1237.0
2024-05-04 02:25:51.706: 169 avg_steps: 1035.25
2024-05-04 02:25:51.706: 169 epsilon: 0.1
2024-05-04 02:48:16.460: 170 test start:
2024-05-04 02:48:50.607: 170 avg_reward: 1073.0
2024-05-04 02:48:50.607: 170 avg_steps: 1023.5
2024-05-04 02:48:50.607: 170 epsilon: 0.1
2024-05-04 03:11:04.758: 171 test start:
2024-05-04 03:11:28.595: 171 avg_reward: 589.0
2024-05-04 03:11:28.596: 171 avg_steps: 731.5
2024-05-04 03:11:28.596: 171 epsilon: 0.1
2024-05-04 03:33:44.810: 172 test start:
2024-05-04 03:34:10.195: 172 avg_reward: 686.0
2024-05-04 03:34:10.195: 172 avg_steps: 748.25
2024-05-04 03:34:10.195: 172 epsilon: 0.1
2024-05-04 03:56:25.363: 173 test start:
2024-05-04 03:56:51.510: 173 avg_reward: 747.0
2024-05-04 03:56:51.511: 173 avg_steps: 785.45
2024-05-04 03:56:51.511: 173 epsilon: 0.1
2024-05-04 04:19:00.611: 174 test start:
2024-05-04 04:19:35.448: 174 avg_reward: 1106.0
2024-05-04 04:19:35.448: 174 avg_steps: 1005.75
2024-05-04 04:19:35.448: 174 epsilon: 0.1
2024-05-04 04:42:01.016: 175 test start:
2024-05-04 04:42:23.211: 175 avg_reward: 670.0
2024-05-04 04:42:23.211: 175 avg_steps: 740.85
2024-05-04 04:42:23.211: 175 epsilon: 0.1
2024-05-04 05:03:31.688: 176 test start:
2024-05-04 05:03:53.131: 176 avg_reward: 607.0
2024-05-04 05:03:53.131: 176 avg_steps: 687.4
2024-05-04 05:03:53.131: 176 epsilon: 0.1
2024-05-04 05:24:57.232: 177 test start:
2024-05-04 05:25:18.216: 177 avg_reward: 598.0
2024-05-04 05:25:18.216: 177 avg_steps: 686.95
2024-05-04 05:25:18.216: 177 epsilon: 0.1
2024-05-04 05:46:12.068: 178 test start:
2024-05-04 05:46:40.241: 178 avg_reward: 994.0
2024-05-04 05:46:40.242: 178 avg_steps: 901.3
2024-05-04 05:46:40.242: 178 epsilon: 0.1
2024-05-04 06:07:41.926: 179 test start:
2024-05-04 06:08:06.122: 179 avg_reward: 779.0
2024-05-04 06:08:06.122: 179 avg_steps: 791.15
2024-05-04 06:08:06.122: 179 epsilon: 0.1
2024-05-04 06:29:00.524: 180 test start:
2024-05-04 06:29:27.255: 180 avg_reward: 916.0
2024-05-04 06:29:27.256: 180 avg_steps: 877.2
2024-05-04 06:29:27.256: 180 epsilon: 0.1
2024-05-04 06:50:04.158: 181 test start:
2024-05-04 06:50:31.669: 181 avg_reward: 955.0
2024-05-04 06:50:31.669: 181 avg_steps: 897.15
2024-05-04 06:50:31.669: 181 epsilon: 0.1
2024-05-04 07:11:31.376: 182 test start:
2024-05-04 07:11:59.796: 182 avg_reward: 1071.0
2024-05-04 07:11:59.796: 182 avg_steps: 943.6
2024-05-04 07:11:59.796: 182 epsilon: 0.1
2024-05-04 07:33:37.928: 183 test start:
2024-05-04 07:34:10.255: 183 avg_reward: 1234.0
2024-05-04 07:34:10.256: 183 avg_steps: 986.85
2024-05-04 07:34:10.256: 183 epsilon: 0.1
2024-05-04 07:55:25.290: 184 test start:
2024-05-04 07:55:53.926: 184 avg_reward: 982.0
2024-05-04 07:55:53.927: 184 avg_steps: 900.5
2024-05-04 07:55:53.927: 184 epsilon: 0.1
2024-05-04 08:16:48.911: 185 test start:
2024-05-04 08:17:15.763: 185 avg_reward: 847.0
2024-05-04 08:17:15.764: 185 avg_steps: 837.05
2024-05-04 08:17:15.764: 185 epsilon: 0.1
2024-05-04 08:38:35.879: 186 test start:
2024-05-04 08:39:00.263: 186 avg_reward: 669.0
2024-05-04 08:39:00.264: 186 avg_steps: 779.45
2024-05-04 08:39:00.264: 186 epsilon: 0.1
2024-05-04 09:00:37.026: 187 test start:
2024-05-04 09:01:02.851: 187 avg_reward: 809.0
2024-05-04 09:01:02.851: 187 avg_steps: 836.2
2024-05-04 09:01:02.851: 187 epsilon: 0.1
2024-05-04 09:22:11.753: 188 test start:
2024-05-04 09:22:36.392: 188 avg_reward: 794.0
2024-05-04 09:22:36.393: 188 avg_steps: 774.8
2024-05-04 09:22:36.393: 188 epsilon: 0.1
2024-05-04 09:43:58.113: 189 test start:
2024-05-04 09:44:28.446: 189 avg_reward: 1124.0
2024-05-04 09:44:28.447: 189 avg_steps: 970.15
2024-05-04 09:44:28.447: 189 epsilon: 0.1
2024-05-04 10:06:10.807: 190 test start:
2024-05-04 10:06:35.521: 190 avg_reward: 868.0
2024-05-04 10:06:35.521: 190 avg_steps: 821.8
2024-05-04 10:06:35.521: 190 epsilon: 0.1
2024-05-04 10:27:29.985: 191 test start:
2024-05-04 10:27:57.427: 191 avg_reward: 1079.0
2024-05-04 10:27:57.427: 191 avg_steps: 903.75
2024-05-04 10:27:57.428: 191 epsilon: 0.1
2024-05-04 10:48:50.847: 192 test start:
2024-05-04 10:49:15.875: 192 avg_reward: 838.0
2024-05-04 10:49:15.875: 192 avg_steps: 810.5
2024-05-04 10:49:15.875: 192 epsilon: 0.1
2024-05-04 11:09:58.271: 193 test start:
2024-05-04 11:10:25.002: 193 avg_reward: 926.0
2024-05-04 11:10:25.002: 193 avg_steps: 878.6
2024-05-04 11:10:25.003: 193 epsilon: 0.1
2024-05-04 11:31:16.998: 194 test start:
2024-05-04 11:31:39.030: 194 avg_reward: 676.0
2024-05-04 11:31:39.030: 194 avg_steps: 737.9
2024-05-04 11:31:39.030: 194 epsilon: 0.1
2024-05-04 11:52:16.024: 195 test start:
2024-05-04 11:52:43.449: 195 avg_reward: 1035.0
2024-05-04 11:52:43.450: 195 avg_steps: 907.95
2024-05-04 11:52:43.450: 195 epsilon: 0.1
2024-05-04 12:12:21.372: 196 test start:
2024-05-04 12:12:47.818: 196 avg_reward: 788.0
2024-05-04 12:12:47.818: 196 avg_steps: 877.65
2024-05-04 12:12:47.818: 196 epsilon: 0.1
2024-05-04 12:32:36.490: 197 test start:
2024-05-04 12:32:58.457: 197 avg_reward: 744.0
2024-05-04 12:32:58.458: 197 avg_steps: 768.55
2024-05-04 12:32:58.458: 197 epsilon: 0.1
2024-05-04 12:52:37.412: 198 test start:
2024-05-04 12:53:04.652: 198 avg_reward: 943.0
2024-05-04 12:53:04.653: 198 avg_steps: 894.3
2024-05-04 12:53:04.653: 198 epsilon: 0.1
2024-05-04 13:13:20.460: 199 test start:
2024-05-04 13:13:44.914: 199 avg_reward: 890.0
2024-05-04 13:13:44.914: 199 avg_steps: 842.65
2024-05-04 13:13:44.914: 199 epsilon: 0.1
2024-05-04 13:34:42.175: 200 test start:
2024-05-04 13:35:05.722: 200 avg_reward: 703.0
2024-05-04 13:35:05.723: 200 avg_steps: 771.45
2024-05-04 13:35:05.723: 200 epsilon: 0.1
2024-05-04 13:56:07.146: 201 test start:
2024-05-04 13:56:30.922: 201 avg_reward: 787.0
2024-05-04 13:56:30.923: 201 avg_steps: 767.7
2024-05-04 13:56:30.923: 201 epsilon: 0.1
2024-05-04 14:17:13.162: 202 test start:
2024-05-04 14:17:36.481: 202 avg_reward: 829.0
2024-05-04 14:17:36.482: 202 avg_steps: 792.6
2024-05-04 14:17:36.482: 202 epsilon: 0.1
2024-05-04 14:37:57.472: 203 test start:
2024-05-04 14:38:25.244: 203 avg_reward: 992.0
2024-05-04 14:38:25.245: 203 avg_steps: 919.55
2024-05-04 14:38:25.245: 203 epsilon: 0.1
