2024-11-16 09:34:00.458: 
parameters:agent_test_episodes: 20
batch_num_per_epoch: 250000
device: cuda:0
env_name: ALE/SpaceInvaders-v5
epsilon_for_test: 0.001
epsilon_max: 0.1
epsilon_min: 0.01
exp_name: ALE-SpaceInvaders-v5_2024-11-16-09-34-00
exp_path: ../exps/dqn_finetune/
exploration_steps: 1000000
gamma: 0.99
held_out_states_num: 1000
learning_rate: 0.00025
mini_batch_size: 32
model_update_freq: 4
n_times: 1
no_op_max: 30
phi_channel: 4
replay_buffer_size: 1000000
replay_start_size: 50000
save_model: true
screen_size: 84
seed: 0
skip_k_frame: 4
step_c: 10000
training_steps: 50000000

2024-11-16 09:34:00.907: optimizer: RMSprop (
Parameter Group 0
    alpha: 0.95
    centered: False
    differentiable: False
    eps: 0.01
    foreach: None
    lr: 0.00025
    maximize: False
    momentum: 0
    weight_decay: 0
)
2024-11-16 09:42:12.385: 1 test start:
2024-11-16 09:42:23.101: 1 avg_reward: 249.0
2024-11-16 09:42:23.102: 1 avg_steps: 544.95
2024-11-16 09:42:23.102: 1 epsilon: 0.08196094000000001
2024-11-16 09:42:23.102: 1 q: 0.20176606
2024-11-16 09:51:27.807: 2 test start:
2024-11-16 09:51:40.637: 2 avg_reward: 15.0
2024-11-16 09:51:40.637: 2 avg_steps: 683.85
2024-11-16 09:51:40.637: 2 epsilon: 0.05945257
2024-11-16 09:51:40.637: 2 q: 0.37943524
2024-11-16 10:00:17.900: 3 test start:
2024-11-16 10:00:34.581: 3 avg_reward: 253.0
2024-11-16 10:00:34.581: 3 avg_steps: 856.15
2024-11-16 10:00:34.581: 3 epsilon: 0.03699991
2024-11-16 10:00:34.581: 3 q: 0.5987626
2024-11-16 10:09:39.613: 4 test start:
2024-11-16 10:09:49.330: 4 avg_reward: 167.25
2024-11-16 10:09:49.331: 4 avg_steps: 515.5
2024-11-16 10:09:49.331: 4 epsilon: 0.014485239999999996
2024-11-16 10:09:49.331: 4 q: 0.7439412
2024-11-16 10:18:33.766: 5 test start:
2024-11-16 10:18:47.188: 5 avg_reward: 157.75
2024-11-16 10:18:47.189: 5 avg_steps: 719.2
2024-11-16 10:18:47.189: 5 epsilon: 0.01
2024-11-16 10:18:47.189: 5 q: 0.9890983
2024-11-16 10:28:03.671: 6 test start:
2024-11-16 10:28:13.946: 6 avg_reward: 269.5
2024-11-16 10:28:13.946: 6 avg_steps: 540.15
2024-11-16 10:28:13.946: 6 epsilon: 0.01
2024-11-16 10:28:13.947: 6 q: 1.216303
2024-11-16 10:36:59.264: 7 test start:
2024-11-16 10:37:10.560: 7 avg_reward: 277.0
2024-11-16 10:37:10.560: 7 avg_steps: 573.25
2024-11-16 10:37:10.560: 7 epsilon: 0.01
2024-11-16 10:37:10.560: 7 q: 1.3137031
2024-11-16 10:46:33.461: 8 test start:
2024-11-16 10:46:41.554: 8 avg_reward: 212.5
2024-11-16 10:46:41.555: 8 avg_steps: 442.65
2024-11-16 10:46:41.555: 8 epsilon: 0.01
2024-11-16 10:46:41.555: 8 q: 1.5421113
2024-11-16 10:55:27.297: 9 test start:
2024-11-16 10:55:38.059: 9 avg_reward: 288.25
2024-11-16 10:55:38.059: 9 avg_steps: 544.05
2024-11-16 10:55:38.059: 9 epsilon: 0.01
2024-11-16 10:55:38.060: 9 q: 1.6870897
2024-11-16 11:05:02.036: 10 test start:
2024-11-16 11:05:13.864: 10 avg_reward: 374.0
2024-11-16 11:05:13.864: 10 avg_steps: 616.6
2024-11-16 11:05:13.865: 10 epsilon: 0.01
2024-11-16 11:05:13.865: 10 q: 1.8213396
2024-11-16 11:14:01.717: 11 test start:
2024-11-16 11:14:12.104: 11 avg_reward: 219.25
2024-11-16 11:14:12.104: 11 avg_steps: 519.9
2024-11-16 11:14:12.104: 11 epsilon: 0.01
2024-11-16 11:14:12.104: 11 q: 1.9461329
2024-11-16 11:23:36.854: 12 test start:
2024-11-16 11:23:43.383: 12 avg_reward: 178.75
2024-11-16 11:23:43.383: 12 avg_steps: 346.7
2024-11-16 11:23:43.383: 12 epsilon: 0.01
2024-11-16 11:23:43.383: 12 q: 2.1724217
2024-11-16 11:32:34.375: 13 test start:
2024-11-16 11:32:41.710: 13 avg_reward: 148.0
2024-11-16 11:32:41.711: 13 avg_steps: 370.9
2024-11-16 11:32:41.711: 13 epsilon: 0.01
2024-11-16 11:32:41.711: 13 q: 2.2408817
2024-11-16 11:42:03.012: 14 test start:
2024-11-16 11:42:11.386: 14 avg_reward: 159.25
2024-11-16 11:42:11.386: 14 avg_steps: 416.25
2024-11-16 11:42:11.387: 14 epsilon: 0.01
2024-11-16 11:42:11.387: 14 q: 2.400128
2024-11-16 11:51:01.602: 15 test start:
2024-11-16 11:51:13.190: 15 avg_reward: 364.0
2024-11-16 11:51:13.190: 15 avg_steps: 630.2
2024-11-16 11:51:13.190: 15 epsilon: 0.01
2024-11-16 11:51:13.190: 15 q: 2.6234152
2024-11-16 12:00:33.212: 16 test start:
2024-11-16 12:00:46.822: 16 avg_reward: 405.75
2024-11-16 12:00:46.822: 16 avg_steps: 690.1
2024-11-16 12:00:46.822: 16 epsilon: 0.01
2024-11-16 12:00:46.823: 16 q: 2.8326283
2024-11-16 12:09:35.766: 17 test start:
2024-11-16 12:09:44.715: 17 avg_reward: 227.0
2024-11-16 12:09:44.716: 17 avg_steps: 469.2
2024-11-16 12:09:44.716: 17 epsilon: 0.01
2024-11-16 12:09:44.716: 17 q: 3.0452495
2024-11-16 12:18:59.778: 18 test start:
2024-11-16 12:19:12.111: 18 avg_reward: 433.5
2024-11-16 12:19:12.111: 18 avg_steps: 624.45
2024-11-16 12:19:12.111: 18 epsilon: 0.01
2024-11-16 12:19:12.111: 18 q: 3.1965222
2024-11-16 12:28:02.526: 19 test start:
2024-11-16 12:28:15.755: 19 avg_reward: 494.25
2024-11-16 12:28:15.756: 19 avg_steps: 713.15
2024-11-16 12:28:15.756: 19 epsilon: 0.01
2024-11-16 12:28:15.756: 19 q: 3.4616559
2024-11-16 12:36:43.698: 20 test start:
2024-11-16 12:36:57.850: 20 avg_reward: 582.5
2024-11-16 12:36:57.850: 20 avg_steps: 796.1
2024-11-16 12:36:57.851: 20 epsilon: 0.01
2024-11-16 12:36:57.851: 20 q: 3.5284855
2024-11-16 12:44:48.694: 21 test start:
2024-11-16 12:45:00.537: 21 avg_reward: 465.25
2024-11-16 12:45:00.537: 21 avg_steps: 718.0
2024-11-16 12:45:00.537: 21 epsilon: 0.01
2024-11-16 12:45:00.537: 21 q: 3.595186
2024-11-16 12:53:17.991: 22 test start:
2024-11-16 12:53:33.521: 22 avg_reward: 569.25
2024-11-16 12:53:33.521: 22 avg_steps: 874.5
2024-11-16 12:53:33.521: 22 epsilon: 0.01
2024-11-16 12:53:33.521: 22 q: 3.747047
2024-11-16 13:01:20.267: 23 test start:
2024-11-16 13:01:33.302: 23 avg_reward: 617.0
2024-11-16 13:01:33.307: 23 avg_steps: 768.0
2024-11-16 13:01:33.307: 23 epsilon: 0.01
2024-11-16 13:01:33.307: 23 q: 3.9756813
2024-11-16 13:09:39.257: 24 test start:
2024-11-16 13:09:56.643: 24 avg_reward: 641.75
2024-11-16 13:09:56.643: 24 avg_steps: 986.9
2024-11-16 13:09:56.644: 24 epsilon: 0.01
2024-11-16 13:09:56.644: 24 q: 4.2606063
2024-11-16 13:17:46.684: 25 test start:
2024-11-16 13:18:01.453: 25 avg_reward: 617.25
2024-11-16 13:18:01.453: 25 avg_steps: 864.2
2024-11-16 13:18:01.453: 25 epsilon: 0.01
2024-11-16 13:18:01.453: 25 q: 4.3678784
2024-11-16 13:26:12.390: 26 test start:
2024-11-16 13:26:26.599: 26 avg_reward: 561.25
2024-11-16 13:26:26.600: 26 avg_steps: 815.1
2024-11-16 13:26:26.600: 26 epsilon: 0.01
2024-11-16 13:26:26.600: 26 q: 4.577453
2024-11-16 13:34:19.631: 27 test start:
2024-11-16 13:34:32.338: 27 avg_reward: 471.25
2024-11-16 13:34:32.338: 27 avg_steps: 740.35
2024-11-16 13:34:32.338: 27 epsilon: 0.01
2024-11-16 13:34:32.338: 27 q: 4.559442
2024-11-16 13:42:36.391: 28 test start:
2024-11-16 13:42:51.329: 28 avg_reward: 621.0
2024-11-16 13:42:51.329: 28 avg_steps: 871.0
2024-11-16 13:42:51.329: 28 epsilon: 0.01
2024-11-16 13:42:51.329: 28 q: 4.723311
2024-11-16 13:50:47.713: 29 test start:
2024-11-16 13:51:03.966: 29 avg_reward: 661.25
2024-11-16 13:51:03.966: 29 avg_steps: 964.55
2024-11-16 13:51:03.966: 29 epsilon: 0.01
2024-11-16 13:51:03.967: 29 q: 4.8453984
2024-11-16 13:59:06.274: 30 test start:
2024-11-16 13:59:22.518: 30 avg_reward: 694.5
2024-11-16 13:59:22.524: 30 avg_steps: 931.8
2024-11-16 13:59:22.524: 30 epsilon: 0.01
2024-11-16 13:59:22.524: 30 q: 4.802035
2024-11-16 14:06:46.168: 31 test start:
2024-11-16 14:07:00.652: 31 avg_reward: 673.75
2024-11-16 14:07:00.652: 31 avg_steps: 925.55
2024-11-16 14:07:00.652: 31 epsilon: 0.01
2024-11-16 14:07:00.652: 31 q: 4.91746
2024-11-16 14:14:18.140: 32 test start:
2024-11-16 14:14:32.862: 32 avg_reward: 757.25
2024-11-16 14:14:32.862: 32 avg_steps: 902.95
2024-11-16 14:14:32.862: 32 epsilon: 0.01
2024-11-16 14:14:32.862: 32 q: 4.994977
2024-11-16 14:21:40.091: 33 test start:
2024-11-16 14:21:49.129: 33 avg_reward: 361.25
2024-11-16 14:21:49.129: 33 avg_steps: 555.0
2024-11-16 14:21:49.129: 33 epsilon: 0.01
2024-11-16 14:21:49.129: 33 q: 5.094793
2024-11-16 14:28:57.397: 34 test start:
2024-11-16 14:29:08.244: 34 avg_reward: 458.75
2024-11-16 14:29:08.244: 34 avg_steps: 665.45
2024-11-16 14:29:08.244: 34 epsilon: 0.01
2024-11-16 14:29:08.244: 34 q: 5.217587
2024-11-16 14:36:23.713: 35 test start:
2024-11-16 14:36:39.852: 35 avg_reward: 711.75
2024-11-16 14:36:39.852: 35 avg_steps: 1027.95
2024-11-16 14:36:39.852: 35 epsilon: 0.01
2024-11-16 14:36:39.852: 35 q: 5.2353516
2024-11-16 14:43:40.766: 36 test start:
2024-11-16 14:43:58.932: 36 avg_reward: 730.5
2024-11-16 14:43:58.932: 36 avg_steps: 1120.85
2024-11-16 14:43:58.932: 36 epsilon: 0.01
2024-11-16 14:43:58.932: 36 q: 5.350705
2024-11-16 14:51:15.736: 37 test start:
2024-11-16 14:51:31.370: 37 avg_reward: 771.75
2024-11-16 14:51:31.370: 37 avg_steps: 992.75
2024-11-16 14:51:31.370: 37 epsilon: 0.01
2024-11-16 14:51:31.371: 37 q: 5.4721336
2024-11-16 14:58:23.415: 38 test start:
2024-11-16 14:58:41.801: 38 avg_reward: 966.75
2024-11-16 14:58:41.802: 38 avg_steps: 1121.2
2024-11-16 14:58:41.802: 38 epsilon: 0.01
2024-11-16 14:58:41.802: 38 q: 5.5024695
2024-11-16 15:06:07.063: 39 test start:
2024-11-16 15:06:19.270: 39 avg_reward: 686.25
2024-11-16 15:06:19.270: 39 avg_steps: 790.35
2024-11-16 15:06:19.270: 39 epsilon: 0.01
2024-11-16 15:06:19.270: 39 q: 5.578193
2024-11-16 15:13:18.824: 40 test start:
2024-11-16 15:13:31.476: 40 avg_reward: 606.75
2024-11-16 15:13:31.476: 40 avg_steps: 780.05
2024-11-16 15:13:31.476: 40 epsilon: 0.01
2024-11-16 15:13:31.476: 40 q: 5.6085043
2024-11-16 15:20:56.559: 41 test start:
2024-11-16 15:21:13.381: 41 avg_reward: 760.0
2024-11-16 15:21:13.382: 41 avg_steps: 1036.9
2024-11-16 15:21:13.382: 41 epsilon: 0.01
2024-11-16 15:21:13.382: 41 q: 5.644191
2024-11-16 15:28:01.866: 42 test start:
2024-11-16 15:28:16.179: 42 avg_reward: 688.75
2024-11-16 15:28:16.179: 42 avg_steps: 906.25
2024-11-16 15:28:16.179: 42 epsilon: 0.01
2024-11-16 15:28:16.179: 42 q: 5.7426624
2024-11-16 15:35:36.952: 43 test start:
2024-11-16 15:35:49.794: 43 avg_reward: 618.75
2024-11-16 15:35:49.794: 43 avg_steps: 785.1
2024-11-16 15:35:49.794: 43 epsilon: 0.01
2024-11-16 15:35:49.795: 43 q: 5.715204
2024-11-16 15:42:40.534: 44 test start:
2024-11-16 15:42:52.725: 44 avg_reward: 681.25
2024-11-16 15:42:52.725: 44 avg_steps: 776.1
2024-11-16 15:42:52.725: 44 epsilon: 0.01
2024-11-16 15:42:52.725: 44 q: 5.8598785
2024-11-16 15:50:16.342: 45 test start:
2024-11-16 15:50:31.802: 45 avg_reward: 817.0
2024-11-16 15:50:31.803: 45 avg_steps: 1001.5
2024-11-16 15:50:31.803: 45 epsilon: 0.01
2024-11-16 15:50:31.803: 45 q: 5.843325
2024-11-16 15:57:36.654: 46 test start:
2024-11-16 15:57:49.327: 46 avg_reward: 683.25
2024-11-16 15:57:49.327: 46 avg_steps: 795.3
2024-11-16 15:57:49.328: 46 epsilon: 0.01
2024-11-16 15:57:49.328: 46 q: 5.968811
2024-11-16 16:04:55.910: 47 test start:
2024-11-16 16:05:14.454: 47 avg_reward: 791.5
2024-11-16 16:05:14.454: 47 avg_steps: 1093.1
2024-11-16 16:05:14.455: 47 epsilon: 0.01
2024-11-16 16:05:14.455: 47 q: 5.955323
2024-11-16 16:12:14.807: 48 test start:
2024-11-16 16:12:27.533: 48 avg_reward: 589.0
2024-11-16 16:12:27.533: 48 avg_steps: 812.55
2024-11-16 16:12:27.533: 48 epsilon: 0.01
2024-11-16 16:12:27.534: 48 q: 5.9537063
2024-11-16 16:19:25.251: 49 test start:
2024-11-16 16:19:40.803: 49 avg_reward: 878.25
2024-11-16 16:19:40.803: 49 avg_steps: 954.55
2024-11-16 16:19:40.803: 49 epsilon: 0.01
2024-11-16 16:19:40.803: 49 q: 5.9475904
2024-11-16 16:26:56.081: 50 test start:
2024-11-16 16:27:06.816: 50 avg_reward: 425.0
2024-11-16 16:27:06.816: 50 avg_steps: 701.25
2024-11-16 16:27:06.816: 50 epsilon: 0.01
2024-11-16 16:27:06.816: 50 q: 5.916352
2024-11-16 16:34:12.709: 51 test start:
2024-11-16 16:34:23.222: 51 avg_reward: 537.0
2024-11-16 16:34:23.222: 51 avg_steps: 637.7
2024-11-16 16:34:23.222: 51 epsilon: 0.01
2024-11-16 16:34:23.222: 51 q: 6.0431523
2024-11-16 16:41:25.098: 52 test start:
2024-11-16 16:41:41.504: 52 avg_reward: 863.25
2024-11-16 16:41:41.505: 52 avg_steps: 1045.8
2024-11-16 16:41:41.505: 52 epsilon: 0.01
2024-11-16 16:41:41.505: 52 q: 6.0034523
2024-11-16 16:48:06.097: 53 test start:
2024-11-16 16:48:21.653: 53 avg_reward: 882.25
2024-11-16 16:48:21.654: 53 avg_steps: 1075.65
2024-11-16 16:48:21.654: 53 epsilon: 0.01
2024-11-16 16:48:21.654: 53 q: 6.0188637
2024-11-16 16:54:35.695: 54 test start:
2024-11-16 16:54:49.865: 54 avg_reward: 819.0
2024-11-16 16:54:49.866: 54 avg_steps: 971.5
2024-11-16 16:54:49.866: 54 epsilon: 0.01
2024-11-16 16:54:49.866: 54 q: 6.1576133
2024-11-16 17:00:47.269: 55 test start:
2024-11-16 17:00:58.951: 55 avg_reward: 658.75
2024-11-16 17:00:58.951: 55 avg_steps: 802.55
2024-11-16 17:00:58.951: 55 epsilon: 0.01
2024-11-16 17:00:58.951: 55 q: 6.130209
2024-11-16 17:07:22.548: 56 test start:
2024-11-16 17:07:35.519: 56 avg_reward: 635.75
2024-11-16 17:07:35.519: 56 avg_steps: 856.65
2024-11-16 17:07:35.525: 56 epsilon: 0.01
2024-11-16 17:07:35.525: 56 q: 6.0537667
2024-11-16 17:13:30.827: 57 test start:
2024-11-16 17:13:41.974: 57 avg_reward: 619.75
2024-11-16 17:13:41.975: 57 avg_steps: 769.15
2024-11-16 17:13:41.975: 57 epsilon: 0.01
2024-11-16 17:13:41.975: 57 q: 6.142645
2024-11-16 17:20:07.033: 58 test start:
2024-11-16 17:20:23.821: 58 avg_reward: 969.5
2024-11-16 17:20:23.821: 58 avg_steps: 1116.15
2024-11-16 17:20:23.821: 58 epsilon: 0.01
2024-11-16 17:20:23.821: 58 q: 6.184347
2024-11-16 17:26:17.905: 59 test start:
2024-11-16 17:26:35.974: 59 avg_reward: 977.75
2024-11-16 17:26:35.974: 59 avg_steps: 1239.4
2024-11-16 17:26:35.974: 59 epsilon: 0.01
2024-11-16 17:26:35.974: 59 q: 6.1613417
2024-11-16 17:32:45.873: 60 test start:
2024-11-16 17:33:02.221: 60 avg_reward: 906.25
2024-11-16 17:33:02.221: 60 avg_steps: 1075.7
2024-11-16 17:33:02.221: 60 epsilon: 0.01
2024-11-16 17:33:02.222: 60 q: 6.1786914
2024-11-16 17:39:09.824: 61 test start:
2024-11-16 17:39:24.436: 61 avg_reward: 864.5
2024-11-16 17:39:24.436: 61 avg_steps: 1006.2
2024-11-16 17:39:24.436: 61 epsilon: 0.01
2024-11-16 17:39:24.436: 61 q: 6.121087
2024-11-16 17:45:34.648: 62 test start:
2024-11-16 17:45:50.942: 62 avg_reward: 894.75
2024-11-16 17:45:50.943: 62 avg_steps: 1075.65
2024-11-16 17:45:50.943: 62 epsilon: 0.01
2024-11-16 17:45:50.943: 62 q: 6.056542
2024-11-16 17:51:56.296: 63 test start:
2024-11-16 17:52:06.767: 63 avg_reward: 594.0
2024-11-16 17:52:06.767: 63 avg_steps: 718.9
2024-11-16 17:52:06.767: 63 epsilon: 0.01
2024-11-16 17:52:06.767: 63 q: 6.101347
2024-11-16 17:58:08.722: 64 test start:
2024-11-16 17:58:22.936: 64 avg_reward: 734.0
2024-11-16 17:58:22.936: 64 avg_steps: 942.55
2024-11-16 17:58:22.936: 64 epsilon: 0.01
2024-11-16 17:58:22.936: 64 q: 6.0060973
2024-11-16 18:04:34.848: 65 test start:
2024-11-16 18:04:51.334: 65 avg_reward: 982.25
2024-11-16 18:04:51.335: 65 avg_steps: 1138.95
2024-11-16 18:04:51.335: 65 epsilon: 0.01
2024-11-16 18:04:51.335: 65 q: 6.0395226
2024-11-16 18:10:50.817: 66 test start:
2024-11-16 18:11:02.284: 66 avg_reward: 577.5
2024-11-16 18:11:02.285: 66 avg_steps: 767.5
2024-11-16 18:11:02.285: 66 epsilon: 0.01
2024-11-16 18:11:02.285: 66 q: 6.1174617
2024-11-16 18:17:17.644: 67 test start:
2024-11-16 18:17:29.988: 67 avg_reward: 742.0
2024-11-16 18:17:29.989: 67 avg_steps: 840.65
2024-11-16 18:17:29.989: 67 epsilon: 0.01
2024-11-16 18:17:29.989: 67 q: 6.1276045
2024-11-16 18:23:25.377: 68 test start:
2024-11-16 18:23:35.853: 68 avg_reward: 614.25
2024-11-16 18:23:35.853: 68 avg_steps: 715.4
2024-11-16 18:23:35.853: 68 epsilon: 0.01
2024-11-16 18:23:35.853: 68 q: 6.0983877
2024-11-16 18:29:49.416: 69 test start:
2024-11-16 18:30:00.514: 69 avg_reward: 626.5
2024-11-16 18:30:00.515: 69 avg_steps: 754.1
2024-11-16 18:30:00.515: 69 epsilon: 0.01
2024-11-16 18:30:00.515: 69 q: 6.1818156
2024-11-16 18:36:03.213: 70 test start:
2024-11-16 18:36:13.773: 70 avg_reward: 646.0
2024-11-16 18:36:13.774: 70 avg_steps: 720.25
2024-11-16 18:36:13.774: 70 epsilon: 0.01
2024-11-16 18:36:13.774: 70 q: 6.143823
2024-11-16 18:42:18.814: 71 test start:
2024-11-16 18:42:34.146: 71 avg_reward: 893.0
2024-11-16 18:42:34.146: 71 avg_steps: 1059.05
2024-11-16 18:42:34.146: 71 epsilon: 0.01
2024-11-16 18:42:34.146: 71 q: 5.9970937
2024-11-16 18:48:37.331: 72 test start:
2024-11-16 18:48:49.317: 72 avg_reward: 640.5
2024-11-16 18:48:49.318: 72 avg_steps: 816.55
2024-11-16 18:48:49.318: 72 epsilon: 0.01
2024-11-16 18:48:49.318: 72 q: 6.104751
2024-11-16 18:54:59.261: 73 test start:
2024-11-16 18:55:13.027: 73 avg_reward: 845.0
2024-11-16 18:55:13.027: 73 avg_steps: 945.15
2024-11-16 18:55:13.027: 73 epsilon: 0.01
2024-11-16 18:55:13.027: 73 q: 6.063293
2024-11-16 19:01:14.400: 74 test start:
2024-11-16 19:01:30.305: 74 avg_reward: 964.75
2024-11-16 19:01:30.305: 74 avg_steps: 1095.05
2024-11-16 19:01:30.305: 74 epsilon: 0.01
2024-11-16 19:01:30.305: 74 q: 6.1224127
2024-11-16 19:07:35.835: 75 test start:
2024-11-16 19:07:46.751: 75 avg_reward: 569.5
2024-11-16 19:07:46.751: 75 avg_steps: 722.15
2024-11-16 19:07:46.751: 75 epsilon: 0.01
2024-11-16 19:07:46.751: 75 q: 6.0366507
2024-11-16 19:13:48.501: 76 test start:
2024-11-16 19:14:00.956: 76 avg_reward: 752.0
2024-11-16 19:14:00.956: 76 avg_steps: 851.4
2024-11-16 19:14:00.956: 76 epsilon: 0.01
2024-11-16 19:14:00.956: 76 q: 6.1584706
2024-11-16 19:20:10.415: 77 test start:
2024-11-16 19:20:21.180: 77 avg_reward: 606.5
2024-11-16 19:20:21.180: 77 avg_steps: 731.3
2024-11-16 19:20:21.180: 77 epsilon: 0.01
2024-11-16 19:20:21.180: 77 q: 6.190342
2024-11-16 19:26:31.150: 78 test start:
2024-11-16 19:26:43.457: 78 avg_reward: 697.0
2024-11-16 19:26:43.458: 78 avg_steps: 822.75
2024-11-16 19:26:43.458: 78 epsilon: 0.01
2024-11-16 19:26:43.458: 78 q: 6.1706777
2024-11-16 19:32:46.389: 79 test start:
2024-11-16 19:32:58.691: 79 avg_reward: 738.5
2024-11-16 19:32:58.691: 79 avg_steps: 849.2
2024-11-16 19:32:58.691: 79 epsilon: 0.01
2024-11-16 19:32:58.692: 79 q: 6.0419083
2024-11-16 19:39:00.520: 80 test start:
2024-11-16 19:39:14.268: 80 avg_reward: 819.0
2024-11-16 19:39:14.269: 80 avg_steps: 945.5
2024-11-16 19:39:14.269: 80 epsilon: 0.01
2024-11-16 19:39:14.269: 80 q: 5.9618573
2024-11-16 19:45:24.294: 81 test start:
2024-11-16 19:45:40.681: 81 avg_reward: 966.25
2024-11-16 19:45:40.681: 81 avg_steps: 1125.3
2024-11-16 19:45:40.681: 81 epsilon: 0.01
2024-11-16 19:45:40.681: 81 q: 5.910381
2024-11-16 19:51:42.828: 82 test start:
2024-11-16 19:51:58.072: 82 avg_reward: 898.25
2024-11-16 19:51:58.072: 82 avg_steps: 1044.5
2024-11-16 19:51:58.072: 82 epsilon: 0.01
2024-11-16 19:51:58.072: 82 q: 6.025932
2024-11-16 19:58:06.671: 83 test start:
2024-11-16 19:58:22.525: 83 avg_reward: 885.0
2024-11-16 19:58:22.525: 83 avg_steps: 1087.05
2024-11-16 19:58:22.525: 83 epsilon: 0.01
2024-11-16 19:58:22.525: 83 q: 6.0481143
2024-11-16 20:04:23.471: 84 test start:
2024-11-16 20:04:33.926: 84 avg_reward: 544.75
2024-11-16 20:04:33.926: 84 avg_steps: 713.55
2024-11-16 20:04:33.926: 84 epsilon: 0.01
2024-11-16 20:04:33.926: 84 q: 6.041757
2024-11-16 20:10:43.423: 85 test start:
2024-11-16 20:10:59.101: 85 avg_reward: 866.5
2024-11-16 20:10:59.101: 85 avg_steps: 1071.4
2024-11-16 20:10:59.101: 85 epsilon: 0.01
2024-11-16 20:10:59.101: 85 q: 6.0317373
2024-11-16 20:16:59.391: 86 test start:
2024-11-16 20:17:11.717: 86 avg_reward: 739.5
2024-11-16 20:17:11.717: 86 avg_steps: 843.85
2024-11-16 20:17:11.717: 86 epsilon: 0.01
2024-11-16 20:17:11.717: 86 q: 6.1289105
2024-11-16 20:23:23.764: 87 test start:
2024-11-16 20:23:34.484: 87 avg_reward: 579.5
2024-11-16 20:23:34.484: 87 avg_steps: 729.7
2024-11-16 20:23:34.484: 87 epsilon: 0.01
2024-11-16 20:23:34.484: 87 q: 6.0641875
2024-11-16 20:29:37.366: 88 test start:
2024-11-16 20:29:48.110: 88 avg_reward: 559.25
2024-11-16 20:29:48.110: 88 avg_steps: 731.3
2024-11-16 20:29:48.110: 88 epsilon: 0.01
2024-11-16 20:29:48.110: 88 q: 6.0396795
2024-11-16 20:36:07.025: 89 test start:
2024-11-16 20:36:19.145: 89 avg_reward: 666.75
2024-11-16 20:36:19.145: 89 avg_steps: 827.1
2024-11-16 20:36:19.145: 89 epsilon: 0.01
2024-11-16 20:36:19.146: 89 q: 6.0080276
2024-11-16 20:42:32.549: 90 test start:
2024-11-16 20:42:49.646: 90 avg_reward: 1111.5
2024-11-16 20:42:49.646: 90 avg_steps: 1163.75
2024-11-16 20:42:49.646: 90 epsilon: 0.01
2024-11-16 20:42:49.646: 90 q: 5.971001
2024-11-16 20:49:06.870: 91 test start:
2024-11-16 20:49:22.898: 91 avg_reward: 950.5
2024-11-16 20:49:22.898: 91 avg_steps: 1095.55
2024-11-16 20:49:22.898: 91 epsilon: 0.01
2024-11-16 20:49:22.898: 91 q: 6.06975
2024-11-16 20:55:36.720: 92 test start:
2024-11-16 20:55:51.739: 92 avg_reward: 926.5
2024-11-16 20:55:51.740: 92 avg_steps: 1033.75
2024-11-16 20:55:51.740: 92 epsilon: 0.01
2024-11-16 20:55:51.740: 92 q: 6.044459
2024-11-16 21:02:01.468: 93 test start:
2024-11-16 21:02:17.025: 93 avg_reward: 970.0
2024-11-16 21:02:17.026: 93 avg_steps: 1069.55
2024-11-16 21:02:17.026: 93 epsilon: 0.01
2024-11-16 21:02:17.026: 93 q: 5.996757
2024-11-16 21:08:27.169: 94 test start:
2024-11-16 21:08:41.349: 94 avg_reward: 884.5
2024-11-16 21:08:41.349: 94 avg_steps: 964.85
2024-11-16 21:08:41.349: 94 epsilon: 0.01
2024-11-16 21:08:41.349: 94 q: 6.0510664
2024-11-16 21:14:43.862: 95 test start:
2024-11-16 21:15:00.180: 95 avg_reward: 1040.5
2024-11-16 21:15:00.180: 95 avg_steps: 1116.4
2024-11-16 21:15:00.180: 95 epsilon: 0.01
2024-11-16 21:15:00.180: 95 q: 6.1636934
2024-11-16 21:21:14.711: 96 test start:
2024-11-16 21:21:33.684: 96 avg_reward: 1232.0
2024-11-16 21:21:33.684: 96 avg_steps: 1293.3
2024-11-16 21:21:33.684: 96 epsilon: 0.01
2024-11-16 21:21:33.684: 96 q: 6.131322
2024-11-16 21:28:00.465: 97 test start:
2024-11-16 21:28:14.135: 97 avg_reward: 834.75
2024-11-16 21:28:14.135: 97 avg_steps: 932.05
2024-11-16 21:28:14.135: 97 epsilon: 0.01
2024-11-16 21:28:14.135: 97 q: 6.112862
2024-11-16 21:34:45.225: 98 test start:
2024-11-16 21:34:58.863: 98 avg_reward: 794.0
2024-11-16 21:34:58.863: 98 avg_steps: 915.1
2024-11-16 21:34:58.863: 98 epsilon: 0.01
2024-11-16 21:34:58.863: 98 q: 6.0967994
2024-11-16 21:41:34.709: 99 test start:
2024-11-16 21:41:49.233: 99 avg_reward: 873.25
2024-11-16 21:41:49.234: 99 avg_steps: 980.9
2024-11-16 21:41:49.234: 99 epsilon: 0.01
2024-11-16 21:41:49.234: 99 q: 6.1303325
2024-11-16 21:48:14.895: 100 test start:
2024-11-16 21:48:27.304: 100 avg_reward: 711.75
2024-11-16 21:48:27.304: 100 avg_steps: 833.05
2024-11-16 21:48:27.304: 100 epsilon: 0.01
2024-11-16 21:48:27.304: 100 q: 6.1063
2024-11-16 21:55:03.339: 101 test start:
2024-11-16 21:55:20.265: 101 avg_reward: 1057.75
2024-11-16 21:55:20.265: 101 avg_steps: 1149.9
2024-11-16 21:55:20.265: 101 epsilon: 0.01
2024-11-16 21:55:20.265: 101 q: 6.076496
2024-11-16 22:01:50.849: 102 test start:
2024-11-16 22:02:03.433: 102 avg_reward: 723.5
2024-11-16 22:02:03.433: 102 avg_steps: 839.95
2024-11-16 22:02:03.433: 102 epsilon: 0.01
2024-11-16 22:02:03.433: 102 q: 6.188026
2024-11-16 22:08:34.906: 103 test start:
2024-11-16 22:08:45.241: 103 avg_reward: 573.0
2024-11-16 22:08:45.241: 103 avg_steps: 701.8
2024-11-16 22:08:45.241: 103 epsilon: 0.01
2024-11-16 22:08:45.241: 103 q: 6.212212
2024-11-16 22:15:13.709: 104 test start:
2024-11-16 22:15:29.765: 104 avg_reward: 952.0
2024-11-16 22:15:29.766: 104 avg_steps: 1083.05
2024-11-16 22:15:29.766: 104 epsilon: 0.01
2024-11-16 22:15:29.766: 104 q: 6.260225
2024-11-16 22:22:03.194: 105 test start:
2024-11-16 22:22:19.172: 105 avg_reward: 1078.0
2024-11-16 22:22:19.172: 105 avg_steps: 1079.3
2024-11-16 22:22:19.172: 105 epsilon: 0.01
2024-11-16 22:22:19.172: 105 q: 6.3029327
2024-11-16 22:28:49.981: 106 test start:
2024-11-16 22:29:12.563: 106 avg_reward: 1579.0
2024-11-16 22:29:12.563: 106 avg_steps: 1535.1
2024-11-16 22:29:12.563: 106 epsilon: 0.01
2024-11-16 22:29:12.563: 106 q: 6.2402363
2024-11-16 22:35:55.694: 107 test start:
2024-11-16 22:36:08.793: 107 avg_reward: 701.25
2024-11-16 22:36:08.793: 107 avg_steps: 884.4
2024-11-16 22:36:08.793: 107 epsilon: 0.01
2024-11-16 22:36:08.793: 107 q: 6.2626457
2024-11-16 22:42:28.918: 108 test start:
2024-11-16 22:42:46.118: 108 avg_reward: 977.25
2024-11-16 22:42:46.118: 108 avg_steps: 1163.45
2024-11-16 22:42:46.118: 108 epsilon: 0.01
2024-11-16 22:42:46.118: 108 q: 6.2069287
2024-11-16 22:49:23.974: 109 test start:
2024-11-16 22:49:39.882: 109 avg_reward: 1011.75
2024-11-16 22:49:39.882: 109 avg_steps: 1072.1
2024-11-16 22:49:39.882: 109 epsilon: 0.01
2024-11-16 22:49:39.882: 109 q: 6.1912117
2024-11-16 22:56:00.446: 110 test start:
2024-11-16 22:56:13.381: 110 avg_reward: 796.5
2024-11-16 22:56:13.381: 110 avg_steps: 869.75
2024-11-16 22:56:13.381: 110 epsilon: 0.01
2024-11-16 22:56:13.381: 110 q: 6.2557454
2024-11-16 23:02:54.089: 111 test start:
2024-11-16 23:03:06.436: 111 avg_reward: 543.75
2024-11-16 23:03:06.436: 111 avg_steps: 832.95
2024-11-16 23:03:06.436: 111 epsilon: 0.01
2024-11-16 23:03:06.436: 111 q: 6.2409883
2024-11-16 23:09:25.458: 112 test start:
2024-11-16 23:09:35.570: 112 avg_reward: 531.25
2024-11-16 23:09:35.570: 112 avg_steps: 673.25
2024-11-16 23:09:35.570: 112 epsilon: 0.01
2024-11-16 23:09:35.570: 112 q: 6.313871
2024-11-16 23:16:18.046: 113 test start:
2024-11-16 23:16:35.150: 113 avg_reward: 1107.25
2024-11-16 23:16:35.150: 113 avg_steps: 1170.7
2024-11-16 23:16:35.150: 113 epsilon: 0.01
2024-11-16 23:16:35.151: 113 q: 6.3450937
2024-11-16 23:22:49.979: 114 test start:
2024-11-16 23:23:07.109: 114 avg_reward: 1071.25
2024-11-16 23:23:07.109: 114 avg_steps: 1169.2
2024-11-16 23:23:07.109: 114 epsilon: 0.01
2024-11-16 23:23:07.109: 114 q: 6.308716
2024-11-16 23:29:54.076: 115 test start:
2024-11-16 23:30:06.354: 115 avg_reward: 656.5
2024-11-16 23:30:06.354: 115 avg_steps: 832.6
2024-11-16 23:30:06.354: 115 epsilon: 0.01
2024-11-16 23:30:06.354: 115 q: 6.4308257
2024-11-16 23:36:16.567: 116 test start:
2024-11-16 23:36:29.705: 116 avg_reward: 790.25
2024-11-16 23:36:29.705: 116 avg_steps: 884.2
2024-11-16 23:36:29.705: 116 epsilon: 0.01
2024-11-16 23:36:29.705: 116 q: 6.4096084
2024-11-16 23:43:16.273: 117 test start:
2024-11-16 23:43:33.912: 117 avg_reward: 1125.75
2024-11-16 23:43:33.912: 117 avg_steps: 1196.25
2024-11-16 23:43:33.912: 117 epsilon: 0.01
2024-11-16 23:43:33.912: 117 q: 6.3824615
2024-11-16 23:49:42.854: 118 test start:
2024-11-16 23:49:51.520: 118 avg_reward: 476.75
2024-11-16 23:49:51.521: 118 avg_steps: 586.65
2024-11-16 23:49:51.521: 118 epsilon: 0.01
2024-11-16 23:49:51.521: 118 q: 6.361191
2024-11-16 23:56:35.522: 119 test start:
2024-11-16 23:56:44.494: 119 avg_reward: 446.75
2024-11-16 23:56:44.494: 119 avg_steps: 597.25
2024-11-16 23:56:44.494: 119 epsilon: 0.01
2024-11-16 23:56:44.494: 119 q: 6.456182
2024-11-17 00:02:57.494: 120 test start:
2024-11-17 00:03:13.215: 120 avg_reward: 959.5
2024-11-17 00:03:13.215: 120 avg_steps: 1073.6
2024-11-17 00:03:13.215: 120 epsilon: 0.01
2024-11-17 00:03:13.215: 120 q: 6.4329414
2024-11-17 00:09:47.332: 121 test start:
2024-11-17 00:10:03.744: 121 avg_reward: 1048.0
2024-11-17 00:10:03.744: 121 avg_steps: 1075.9
2024-11-17 00:10:03.744: 121 epsilon: 0.01
2024-11-17 00:10:03.744: 121 q: 6.3953733
2024-11-17 00:16:28.627: 122 test start:
2024-11-17 00:16:44.048: 122 avg_reward: 992.75
2024-11-17 00:16:44.048: 122 avg_steps: 1055.25
2024-11-17 00:16:44.048: 122 epsilon: 0.01
2024-11-17 00:16:44.048: 122 q: 6.3593626
2024-11-17 00:22:59.363: 123 test start:
2024-11-17 00:23:12.748: 123 avg_reward: 787.0
2024-11-17 00:23:12.748: 123 avg_steps: 872.0
2024-11-17 00:23:12.748: 123 epsilon: 0.01
2024-11-17 00:23:12.748: 123 q: 6.4705095
2024-11-17 00:29:42.730: 124 test start:
2024-11-17 00:30:00.675: 124 avg_reward: 1059.0
2024-11-17 00:30:00.675: 124 avg_steps: 1233.0
2024-11-17 00:30:00.675: 124 epsilon: 0.01
2024-11-17 00:30:00.675: 124 q: 6.533179
2024-11-17 00:36:10.981: 125 test start:
2024-11-17 00:36:23.824: 125 avg_reward: 791.75
2024-11-17 00:36:23.824: 125 avg_steps: 823.7
2024-11-17 00:36:23.824: 125 epsilon: 0.01
2024-11-17 00:36:23.824: 125 q: 6.4856358
2024-11-17 00:43:00.034: 126 test start:
2024-11-17 00:43:09.899: 126 avg_reward: 573.0
2024-11-17 00:43:09.900: 126 avg_steps: 666.3
2024-11-17 00:43:09.900: 126 epsilon: 0.01
2024-11-17 00:43:09.900: 126 q: 6.487969
2024-11-17 00:49:14.525: 127 test start:
2024-11-17 00:49:27.945: 127 avg_reward: 803.75
2024-11-17 00:49:27.945: 127 avg_steps: 906.8
2024-11-17 00:49:27.946: 127 epsilon: 0.01
2024-11-17 00:49:27.946: 127 q: 6.5416408
2024-11-17 00:56:03.201: 128 test start:
2024-11-17 00:56:23.329: 128 avg_reward: 1303.0
2024-11-17 00:56:23.329: 128 avg_steps: 1374.95
2024-11-17 00:56:23.329: 128 epsilon: 0.01
2024-11-17 00:56:23.329: 128 q: 6.455465
2024-11-17 01:02:34.194: 129 test start:
2024-11-17 01:02:48.410: 129 avg_reward: 1015.75
2024-11-17 01:02:48.410: 129 avg_steps: 957.7
2024-11-17 01:02:48.410: 129 epsilon: 0.01
2024-11-17 01:02:48.410: 129 q: 6.560399
2024-11-17 01:09:12.628: 130 test start:
2024-11-17 01:09:24.869: 130 avg_reward: 675.25
2024-11-17 01:09:24.869: 130 avg_steps: 823.05
2024-11-17 01:09:24.869: 130 epsilon: 0.01
2024-11-17 01:09:24.869: 130 q: 6.432781
2024-11-17 01:15:33.226: 131 test start:
2024-11-17 01:15:48.045: 131 avg_reward: 910.25
2024-11-17 01:15:48.046: 131 avg_steps: 1002.85
2024-11-17 01:15:48.046: 131 epsilon: 0.01
2024-11-17 01:15:48.046: 131 q: 6.3722568
2024-11-17 01:22:21.702: 132 test start:
2024-11-17 01:22:39.457: 132 avg_reward: 1183.25
2024-11-17 01:22:39.458: 132 avg_steps: 1206.8
2024-11-17 01:22:39.458: 132 epsilon: 0.01
2024-11-17 01:22:39.458: 132 q: 6.2803273
2024-11-17 01:28:38.160: 133 test start:
2024-11-17 01:28:56.179: 133 avg_reward: 1050.0
2024-11-17 01:28:56.179: 133 avg_steps: 1230.0
2024-11-17 01:28:56.179: 133 epsilon: 0.01
2024-11-17 01:28:56.179: 133 q: 6.3384104
2024-11-17 01:35:22.791: 134 test start:
2024-11-17 01:35:38.926: 134 avg_reward: 1084.5
2024-11-17 01:35:38.926: 134 avg_steps: 1100.95
2024-11-17 01:35:38.926: 134 epsilon: 0.01
2024-11-17 01:35:38.926: 134 q: 6.1934357
2024-11-17 01:41:31.647: 135 test start:
2024-11-17 01:41:50.891: 135 avg_reward: 1392.25
2024-11-17 01:41:50.891: 135 avg_steps: 1317.85
2024-11-17 01:41:50.891: 135 epsilon: 0.01
2024-11-17 01:41:50.891: 135 q: 6.158751
2024-11-17 01:48:16.011: 136 test start:
2024-11-17 01:48:32.120: 136 avg_reward: 1070.5
2024-11-17 01:48:32.120: 136 avg_steps: 1088.6
2024-11-17 01:48:32.120: 136 epsilon: 0.01
2024-11-17 01:48:32.120: 136 q: 6.165916
2024-11-17 01:54:44.613: 137 test start:
2024-11-17 01:55:03.497: 137 avg_reward: 1174.75
2024-11-17 01:55:03.497: 137 avg_steps: 1273.65
2024-11-17 01:55:03.497: 137 epsilon: 0.01
2024-11-17 01:55:03.498: 137 q: 6.2907944
2024-11-17 02:01:55.815: 138 test start:
2024-11-17 02:02:15.030: 138 avg_reward: 1108.5
2024-11-17 02:02:15.030: 138 avg_steps: 1302.4
2024-11-17 02:02:15.030: 138 epsilon: 0.01
2024-11-17 02:02:15.030: 138 q: 6.2614007
2024-11-17 02:08:38.183: 139 test start:
2024-11-17 02:08:49.799: 139 avg_reward: 639.25
2024-11-17 02:08:49.799: 139 avg_steps: 773.95
2024-11-17 02:08:49.800: 139 epsilon: 0.01
2024-11-17 02:08:49.800: 139 q: 6.3020296
2024-11-17 02:15:45.842: 140 test start:
2024-11-17 02:15:59.395: 140 avg_reward: 870.25
2024-11-17 02:15:59.395: 140 avg_steps: 910.75
2024-11-17 02:15:59.395: 140 epsilon: 0.01
2024-11-17 02:15:59.395: 140 q: 6.3094807
2024-11-17 02:22:23.500: 141 test start:
2024-11-17 02:22:38.958: 141 avg_reward: 1034.25
2024-11-17 02:22:38.958: 141 avg_steps: 1051.05
2024-11-17 02:22:38.959: 141 epsilon: 0.01
2024-11-17 02:22:38.959: 141 q: 6.249087
2024-11-17 02:29:25.246: 142 test start:
2024-11-17 02:29:34.445: 142 avg_reward: 491.25
2024-11-17 02:29:34.446: 142 avg_steps: 605.05
2024-11-17 02:29:34.446: 142 epsilon: 0.01
2024-11-17 02:29:34.446: 142 q: 6.167929
2024-11-17 02:35:57.998: 143 test start:
2024-11-17 02:36:07.100: 143 avg_reward: 479.0
2024-11-17 02:36:07.100: 143 avg_steps: 610.75
2024-11-17 02:36:07.100: 143 epsilon: 0.01
2024-11-17 02:36:07.100: 143 q: 6.1836925
2024-11-17 02:42:51.036: 144 test start:
2024-11-17 02:43:07.813: 144 avg_reward: 992.0
2024-11-17 02:43:07.813: 144 avg_steps: 1071.6
2024-11-17 02:43:07.813: 144 epsilon: 0.01
2024-11-17 02:43:07.813: 144 q: 6.1972895
2024-11-17 02:49:33.959: 145 test start:
2024-11-17 02:49:54.334: 145 avg_reward: 1438.0
2024-11-17 02:49:54.334: 145 avg_steps: 1374.6
2024-11-17 02:49:54.335: 145 epsilon: 0.01
2024-11-17 02:49:54.335: 145 q: 6.248659
2024-11-17 02:56:38.525: 146 test start:
2024-11-17 02:56:57.962: 146 avg_reward: 1249.25
2024-11-17 02:56:57.962: 146 avg_steps: 1258.65
2024-11-17 02:56:57.962: 146 epsilon: 0.01
2024-11-17 02:56:57.962: 146 q: 6.182188
2024-11-17 03:03:17.894: 147 test start:
2024-11-17 03:03:33.724: 147 avg_reward: 999.0
2024-11-17 03:03:33.724: 147 avg_steps: 1080.25
2024-11-17 03:03:33.724: 147 epsilon: 0.01
2024-11-17 03:03:33.724: 147 q: 6.074513
2024-11-17 03:10:19.087: 148 test start:
2024-11-17 03:10:37.848: 148 avg_reward: 1118.5
2024-11-17 03:10:37.848: 148 avg_steps: 1200.4
2024-11-17 03:10:37.848: 148 epsilon: 0.01
2024-11-17 03:10:37.848: 148 q: 6.1541653
2024-11-17 03:17:07.339: 149 test start:
2024-11-17 03:17:25.653: 149 avg_reward: 1102.75
2024-11-17 03:17:25.653: 149 avg_steps: 1251.1
2024-11-17 03:17:25.653: 149 epsilon: 0.01
2024-11-17 03:17:25.653: 149 q: 6.149008
2024-11-17 03:24:00.936: 150 test start:
2024-11-17 03:24:20.164: 150 avg_reward: 1174.25
2024-11-17 03:24:20.164: 150 avg_steps: 1240.35
2024-11-17 03:24:20.164: 150 epsilon: 0.01
2024-11-17 03:24:20.164: 150 q: 6.0978227
2024-11-17 03:30:50.499: 151 test start:
2024-11-17 03:31:08.806: 151 avg_reward: 1179.75
2024-11-17 03:31:08.806: 151 avg_steps: 1258.1
2024-11-17 03:31:08.806: 151 epsilon: 0.01
2024-11-17 03:31:08.806: 151 q: 6.1855927
2024-11-17 03:37:57.051: 152 test start:
2024-11-17 03:38:10.018: 152 avg_reward: 741.75
2024-11-17 03:38:10.018: 152 avg_steps: 869.45
2024-11-17 03:38:10.018: 152 epsilon: 0.01
2024-11-17 03:38:10.018: 152 q: 6.2172775
2024-11-17 03:44:36.623: 153 test start:
2024-11-17 03:44:46.053: 153 avg_reward: 559.0
2024-11-17 03:44:46.053: 153 avg_steps: 636.75
2024-11-17 03:44:46.053: 153 epsilon: 0.01
2024-11-17 03:44:46.054: 153 q: 6.1901197
2024-11-17 03:51:25.518: 154 test start:
2024-11-17 03:51:50.824: 154 avg_reward: 1613.25
2024-11-17 03:51:50.824: 154 avg_steps: 1654.2
2024-11-17 03:51:50.825: 154 epsilon: 0.01
2024-11-17 03:51:50.825: 154 q: 6.1487412
2024-11-17 03:58:22.385: 155 test start:
2024-11-17 03:58:35.019: 155 avg_reward: 828.25
2024-11-17 03:58:35.020: 155 avg_steps: 848.95
2024-11-17 03:58:35.020: 155 epsilon: 0.01
2024-11-17 03:58:35.020: 155 q: 6.206037
2024-11-17 04:05:11.400: 156 test start:
2024-11-17 04:05:28.046: 156 avg_reward: 1058.25
2024-11-17 04:05:28.046: 156 avg_steps: 1073.7
2024-11-17 04:05:28.047: 156 epsilon: 0.01
2024-11-17 04:05:28.047: 156 q: 6.2758026
2024-11-17 04:12:01.833: 157 test start:
2024-11-17 04:12:21.016: 157 avg_reward: 1390.5
2024-11-17 04:12:21.016: 157 avg_steps: 1309.35
2024-11-17 04:12:21.016: 157 epsilon: 0.01
2024-11-17 04:12:21.016: 157 q: 6.36722
2024-11-17 04:18:43.766: 158 test start:
2024-11-17 04:19:00.820: 158 avg_reward: 1027.25
2024-11-17 04:19:00.820: 158 avg_steps: 1098.95
2024-11-17 04:19:00.821: 158 epsilon: 0.01
2024-11-17 04:19:00.821: 158 q: 6.3771615
2024-11-17 04:25:43.963: 159 test start:
2024-11-17 04:25:56.131: 159 avg_reward: 615.5
2024-11-17 04:25:56.131: 159 avg_steps: 833.2
2024-11-17 04:25:56.131: 159 epsilon: 0.01
2024-11-17 04:25:56.131: 159 q: 6.4004054
2024-11-17 04:32:23.707: 160 test start:
2024-11-17 04:32:39.596: 160 avg_reward: 963.75
2024-11-17 04:32:39.602: 160 avg_steps: 1051.3
2024-11-17 04:32:39.602: 160 epsilon: 0.01
2024-11-17 04:32:39.602: 160 q: 6.458264
2024-11-17 04:39:23.292: 161 test start:
2024-11-17 04:39:46.123: 161 avg_reward: 1619.5
2024-11-17 04:39:46.124: 161 avg_steps: 1557.85
2024-11-17 04:39:46.124: 161 epsilon: 0.01
2024-11-17 04:39:46.124: 161 q: 6.371878
2024-11-17 04:46:05.767: 162 test start:
2024-11-17 04:46:27.383: 162 avg_reward: 1490.25
2024-11-17 04:46:27.383: 162 avg_steps: 1461.95
2024-11-17 04:46:27.384: 162 epsilon: 0.01
2024-11-17 04:46:27.384: 162 q: 6.3744807
2024-11-17 04:52:59.922: 163 test start:
2024-11-17 04:53:19.199: 163 avg_reward: 1292.5
2024-11-17 04:53:19.199: 163 avg_steps: 1316.5
2024-11-17 04:53:19.199: 163 epsilon: 0.01
2024-11-17 04:53:19.199: 163 q: 6.3900723
2024-11-17 04:59:37.182: 164 test start:
2024-11-17 04:59:48.268: 164 avg_reward: 563.0
2024-11-17 04:59:48.268: 164 avg_steps: 734.6
2024-11-17 04:59:48.268: 164 epsilon: 0.01
2024-11-17 04:59:48.268: 164 q: 6.3969197
2024-11-17 05:06:30.650: 165 test start:
2024-11-17 05:06:41.899: 165 avg_reward: 627.75
2024-11-17 05:06:41.899: 165 avg_steps: 748.85
2024-11-17 05:06:41.899: 165 epsilon: 0.01
2024-11-17 05:06:41.899: 165 q: 6.3815436
2024-11-17 05:13:05.022: 166 test start:
2024-11-17 05:13:21.918: 166 avg_reward: 1098.75
2024-11-17 05:13:21.918: 166 avg_steps: 1137.65
2024-11-17 05:13:21.918: 166 epsilon: 0.01
2024-11-17 05:13:21.918: 166 q: 6.378742
2024-11-17 05:19:53.745: 167 test start:
2024-11-17 05:20:03.918: 167 avg_reward: 564.75
2024-11-17 05:20:03.918: 167 avg_steps: 681.15
2024-11-17 05:20:03.918: 167 epsilon: 0.01
2024-11-17 05:20:03.918: 167 q: 6.3353767
2024-11-17 05:26:29.043: 168 test start:
2024-11-17 05:26:38.087: 168 avg_reward: 459.75
2024-11-17 05:26:38.087: 168 avg_steps: 597.9
2024-11-17 05:26:38.087: 168 epsilon: 0.01
2024-11-17 05:26:38.087: 168 q: 6.2900705
2024-11-17 05:33:19.753: 169 test start:
2024-11-17 05:33:31.748: 169 avg_reward: 717.25
2024-11-17 05:33:31.749: 169 avg_steps: 791.35
2024-11-17 05:33:31.749: 169 epsilon: 0.01
2024-11-17 05:33:31.749: 169 q: 6.326471
2024-11-17 05:40:09.250: 170 test start:
2024-11-17 05:40:37.314: 170 avg_reward: 1693.25
2024-11-17 05:40:37.314: 170 avg_steps: 1823.2
2024-11-17 05:40:37.314: 170 epsilon: 0.01
2024-11-17 05:40:37.314: 170 q: 6.230851
2024-11-17 05:47:08.738: 171 test start:
2024-11-17 05:47:24.896: 171 avg_reward: 1025.75
2024-11-17 05:47:24.896: 171 avg_steps: 1097.2
2024-11-17 05:47:24.896: 171 epsilon: 0.01
2024-11-17 05:47:24.896: 171 q: 6.1704445
2024-11-17 05:53:46.223: 172 test start:
2024-11-17 05:54:10.254: 172 avg_reward: 1579.0
2024-11-17 05:54:10.254: 172 avg_steps: 1556.55
2024-11-17 05:54:10.254: 172 epsilon: 0.01
2024-11-17 05:54:10.254: 172 q: 6.156113
2024-11-17 06:00:53.436: 173 test start:
2024-11-17 06:01:03.582: 173 avg_reward: 516.25
2024-11-17 06:01:03.582: 173 avg_steps: 684.85
2024-11-17 06:01:03.582: 173 epsilon: 0.01
2024-11-17 06:01:03.582: 173 q: 6.1798263
2024-11-17 06:07:47.467: 174 test start:
2024-11-17 06:08:07.542: 174 avg_reward: 1404.0
2024-11-17 06:08:07.542: 174 avg_steps: 1359.9
2024-11-17 06:08:07.542: 174 epsilon: 0.01
2024-11-17 06:08:07.542: 174 q: 6.2566643
2024-11-17 06:14:59.898: 175 test start:
2024-11-17 06:15:16.240: 175 avg_reward: 1025.75
2024-11-17 06:15:16.240: 175 avg_steps: 1106.75
2024-11-17 06:15:16.240: 175 epsilon: 0.01
2024-11-17 06:15:16.240: 175 q: 6.1925116
2024-11-17 06:21:53.797: 176 test start:
2024-11-17 06:22:11.394: 176 avg_reward: 1158.0
2024-11-17 06:22:11.394: 176 avg_steps: 1141.1
2024-11-17 06:22:11.394: 176 epsilon: 0.01
2024-11-17 06:22:11.394: 176 q: 6.160912
2024-11-17 06:28:47.874: 177 test start:
2024-11-17 06:29:10.601: 177 avg_reward: 1456.25
2024-11-17 06:29:10.601: 177 avg_steps: 1555.65
2024-11-17 06:29:10.601: 177 epsilon: 0.01
2024-11-17 06:29:10.601: 177 q: 6.1547685
2024-11-17 06:35:47.816: 178 test start:
2024-11-17 06:36:07.523: 178 avg_reward: 1329.0
2024-11-17 06:36:07.524: 178 avg_steps: 1330.4
2024-11-17 06:36:07.524: 178 epsilon: 0.01
2024-11-17 06:36:07.524: 178 q: 6.155676
2024-11-17 06:42:46.616: 179 test start:
2024-11-17 06:43:05.347: 179 avg_reward: 1301.75
2024-11-17 06:43:05.348: 179 avg_steps: 1265.95
2024-11-17 06:43:05.348: 179 epsilon: 0.01
2024-11-17 06:43:05.348: 179 q: 6.2121925
2024-11-17 06:49:35.279: 180 test start:
2024-11-17 06:49:46.100: 180 avg_reward: 519.0
2024-11-17 06:49:46.100: 180 avg_steps: 718.65
2024-11-17 06:49:46.100: 180 epsilon: 0.01
2024-11-17 06:49:46.100: 180 q: 6.222118
2024-11-17 06:56:26.441: 181 test start:
2024-11-17 06:56:46.631: 181 avg_reward: 1400.25
2024-11-17 06:56:46.631: 181 avg_steps: 1359.6
2024-11-17 06:56:46.631: 181 epsilon: 0.01
2024-11-17 06:56:46.631: 181 q: 6.1593676
2024-11-17 07:03:12.056: 182 test start:
2024-11-17 07:03:30.606: 182 avg_reward: 1306.25
2024-11-17 07:03:30.606: 182 avg_steps: 1248.7
2024-11-17 07:03:30.606: 182 epsilon: 0.01
2024-11-17 07:03:30.606: 182 q: 6.137664
2024-11-17 07:10:11.649: 183 test start:
2024-11-17 07:10:32.023: 183 avg_reward: 1401.0
2024-11-17 07:10:32.023: 183 avg_steps: 1380.4
2024-11-17 07:10:32.023: 183 epsilon: 0.01
2024-11-17 07:10:32.024: 183 q: 6.1113944
2024-11-17 07:16:59.741: 184 test start:
2024-11-17 07:17:12.987: 184 avg_reward: 754.75
2024-11-17 07:17:12.988: 184 avg_steps: 891.35
2024-11-17 07:17:12.988: 184 epsilon: 0.01
2024-11-17 07:17:12.988: 184 q: 6.100507
2024-11-17 07:23:51.674: 185 test start:
2024-11-17 07:24:05.203: 185 avg_reward: 781.25
2024-11-17 07:24:05.204: 185 avg_steps: 912.85
2024-11-17 07:24:05.204: 185 epsilon: 0.01
2024-11-17 07:24:05.204: 185 q: 6.1291056
2024-11-17 07:30:34.132: 186 test start:
2024-11-17 07:30:56.627: 186 avg_reward: 1579.25
2024-11-17 07:30:56.627: 186 avg_steps: 1520.45
2024-11-17 07:30:56.627: 186 epsilon: 0.01
2024-11-17 07:30:56.627: 186 q: 6.176851
2024-11-17 07:38:02.176: 187 test start:
2024-11-17 07:38:18.063: 187 avg_reward: 1067.25
2024-11-17 07:38:18.063: 187 avg_steps: 1071.4
2024-11-17 07:38:18.063: 187 epsilon: 0.01
2024-11-17 07:38:18.064: 187 q: 6.2081532
2024-11-17 07:44:11.048: 188 test start:
2024-11-17 07:44:27.164: 188 avg_reward: 1013.5
2024-11-17 07:44:27.164: 188 avg_steps: 1107.4
2024-11-17 07:44:27.164: 188 epsilon: 0.01
2024-11-17 07:44:27.164: 188 q: 6.1212597
2024-11-17 07:51:37.843: 189 test start:
2024-11-17 07:51:51.732: 189 avg_reward: 792.75
2024-11-17 07:51:51.733: 189 avg_steps: 936.55
2024-11-17 07:51:51.733: 189 epsilon: 0.01
2024-11-17 07:51:51.733: 189 q: 6.26054
2024-11-17 07:57:48.863: 190 test start:
2024-11-17 07:57:59.396: 190 avg_reward: 528.0
2024-11-17 07:57:59.397: 190 avg_steps: 718.75
2024-11-17 07:57:59.397: 190 epsilon: 0.01
2024-11-17 07:57:59.397: 190 q: 6.172559
2024-11-17 08:05:02.461: 191 test start:
2024-11-17 08:05:21.398: 191 avg_reward: 1240.75
2024-11-17 08:05:21.398: 191 avg_steps: 1220.7
2024-11-17 08:05:21.398: 191 epsilon: 0.01
2024-11-17 08:05:21.398: 191 q: 6.2084002
2024-11-17 08:11:25.837: 192 test start:
2024-11-17 08:11:42.019: 192 avg_reward: 1206.0
2024-11-17 08:11:42.020: 192 avg_steps: 1107.45
2024-11-17 08:11:42.020: 192 epsilon: 0.01
2024-11-17 08:11:42.020: 192 q: 6.1531563
2024-11-17 08:18:39.173: 193 test start:
2024-11-17 08:18:49.594: 193 avg_reward: 551.5
2024-11-17 08:18:49.594: 193 avg_steps: 664.05
2024-11-17 08:18:49.594: 193 epsilon: 0.01
2024-11-17 08:18:49.595: 193 q: 6.139077
2024-11-17 08:25:03.167: 194 test start:
2024-11-17 08:25:12.727: 194 avg_reward: 575.5
2024-11-17 08:25:12.727: 194 avg_steps: 642.55
2024-11-17 08:25:12.727: 194 epsilon: 0.01
2024-11-17 08:25:12.727: 194 q: 6.2192597
2024-11-17 08:32:00.699: 195 test start:
2024-11-17 08:32:11.810: 195 avg_reward: 642.25
2024-11-17 08:32:11.811: 195 avg_steps: 706.6
2024-11-17 08:32:11.811: 195 epsilon: 0.01
2024-11-17 08:32:11.811: 195 q: 6.23579
2024-11-17 08:38:41.173: 196 test start:
2024-11-17 08:38:54.933: 196 avg_reward: 780.0
2024-11-17 08:38:54.933: 196 avg_steps: 927.15
2024-11-17 08:38:54.933: 196 epsilon: 0.01
2024-11-17 08:38:54.933: 196 q: 6.1878467
2024-11-17 08:45:24.740: 197 test start:
2024-11-17 08:45:44.384: 197 avg_reward: 1211.5
2024-11-17 08:45:44.384: 197 avg_steps: 1267.9
2024-11-17 08:45:44.384: 197 epsilon: 0.01
2024-11-17 08:45:44.384: 197 q: 6.2513084
2024-11-17 08:52:19.649: 198 test start:
2024-11-17 08:52:42.668: 198 avg_reward: 1755.0
2024-11-17 08:52:42.668: 198 avg_steps: 1573.25
2024-11-17 08:52:42.668: 198 epsilon: 0.01
2024-11-17 08:52:42.668: 198 q: 6.2374964
2024-11-17 08:59:07.607: 199 test start:
2024-11-17 08:59:26.909: 199 avg_reward: 1354.0
2024-11-17 08:59:26.909: 199 avg_steps: 1250.25
2024-11-17 08:59:26.910: 199 epsilon: 0.01
2024-11-17 08:59:26.910: 199 q: 6.2348704
2024-11-17 09:06:10.072: 200 test start:
2024-11-17 09:06:24.163: 200 avg_reward: 763.0
2024-11-17 09:06:24.163: 200 avg_steps: 951.0
2024-11-17 09:06:24.163: 200 epsilon: 0.01
2024-11-17 09:06:24.164: 200 q: 6.1685596
