2024-11-09 17:22:01.580: 
parameters:agent_test_episodes: 20
batch_num_per_epoch: 250000
device: cuda:0
env_name: ALE/SpaceInvaders-v5
epsilon_for_test: 0.001
epsilon_max: 0.1
epsilon_min: 0.01
exp_name: ALE-SpaceInvaders-v5_2024-11-09-17-22-01
exp_path: ../exps/double_dqn/
exploration_steps: 1000000
gamma: 0.99
held_out_states_num: 1000
learning_rate: 0.00025
log_path: ../exps/double_dqn/
mini_batch_size: 32
model_update_freq: 4
n_times: 5
no_op: 30
phi_channel: 4
replay_buffer_size: 1000000
replay_start_size: 50000
save_model: true
screen_size: 84
seed: 0
skip_k_frame: 4
step_c: 30000
training_steps: 50000000

2024-11-09 17:22:01.967: optimizer: RMSprop (
Parameter Group 0
    alpha: 0.95
    centered: False
    differentiable: False
    eps: 0.01
    foreach: None
    lr: 0.00025
    maximize: False
    momentum: 0
    weight_decay: 0
)
2024-11-09 17:22:02.004: optimizer: RMSprop (
Parameter Group 0
    alpha: 0.95
    centered: False
    differentiable: False
    eps: 0.01
    foreach: None
    lr: 0.00025
    maximize: False
    momentum: 0
    weight_decay: 0
)
2024-11-09 17:30:58.577: 1 test start:
2024-11-09 17:31:08.836: 1 avg_reward: 268.25
2024-11-09 17:31:08.836: 1 avg_steps: 533.7
2024-11-09 17:31:08.836: 1 epsilon: 0.08195374
2024-11-09 17:31:08.836: 1 q: 0.05068776
2024-11-09 17:40:51.854: 2 test start:
2024-11-09 17:41:01.062: 2 avg_reward: 169.25
2024-11-09 17:41:01.062: 2 avg_steps: 480.25
2024-11-09 17:41:01.062: 2 epsilon: 0.05948308
2024-11-09 17:41:01.062: 2 q: 0.09804802
2024-11-09 17:50:08.788: 3 test start:
2024-11-09 17:50:21.998: 3 avg_reward: 301.0
2024-11-09 17:50:21.998: 3 avg_steps: 661.1
2024-11-09 17:50:21.998: 3 epsilon: 0.036985779999999996
2024-11-09 17:50:21.998: 3 q: 0.1647898
2024-11-09 18:00:05.119: 4 test start:
2024-11-09 18:00:16.001: 4 avg_reward: 210.25
2024-11-09 18:00:16.001: 4 avg_steps: 579.45
2024-11-09 18:00:16.006: 4 epsilon: 0.014476059999999999
2024-11-09 18:00:16.006: 4 q: 0.20293033
2024-11-09 18:09:37.587: 5 test start:
2024-11-09 18:09:52.372: 5 avg_reward: 301.25
2024-11-09 18:09:52.372: 5 avg_steps: 749.3
2024-11-09 18:09:52.372: 5 epsilon: 0.01
2024-11-09 18:09:52.372: 5 q: 0.30484623
2024-11-09 18:19:26.417: 6 test start:
2024-11-09 18:19:40.107: 6 avg_reward: 305.5
2024-11-09 18:19:40.107: 6 avg_steps: 731.65
2024-11-09 18:19:40.107: 6 epsilon: 0.01
2024-11-09 18:19:40.107: 6 q: 0.3184557
2024-11-09 18:29:09.760: 7 test start:
2024-11-09 18:29:20.312: 7 avg_reward: 221.5
2024-11-09 18:29:20.312: 7 avg_steps: 535.55
2024-11-09 18:29:20.312: 7 epsilon: 0.01
2024-11-09 18:29:20.312: 7 q: 0.3400041
2024-11-09 18:38:46.625: 8 test start:
2024-11-09 18:38:55.783: 8 avg_reward: 241.25
2024-11-09 18:38:55.784: 8 avg_steps: 511.9
2024-11-09 18:38:55.784: 8 epsilon: 0.01
2024-11-09 18:38:55.784: 8 q: 0.41312775
2024-11-09 18:48:29.243: 9 test start:
2024-11-09 18:48:36.430: 9 avg_reward: 114.25
2024-11-09 18:48:36.431: 9 avg_steps: 379.15
2024-11-09 18:48:36.431: 9 epsilon: 0.01
2024-11-09 18:48:36.431: 9 q: 0.46192297
2024-11-09 18:58:05.913: 10 test start:
2024-11-09 18:58:19.855: 10 avg_reward: 321.75
2024-11-09 18:58:19.855: 10 avg_steps: 762.05
2024-11-09 18:58:19.855: 10 epsilon: 0.01
2024-11-09 18:58:19.855: 10 q: 0.48447162
2024-11-09 19:07:52.769: 11 test start:
2024-11-09 19:08:04.392: 11 avg_reward: 281.25
2024-11-09 19:08:04.392: 11 avg_steps: 592.85
2024-11-09 19:08:04.393: 11 epsilon: 0.01
2024-11-09 19:08:04.393: 11 q: 0.57149255
2024-11-09 19:17:28.661: 12 test start:
2024-11-09 19:17:39.890: 12 avg_reward: 306.25
2024-11-09 19:17:39.890: 12 avg_steps: 594.0
2024-11-09 19:17:39.890: 12 epsilon: 0.01
2024-11-09 19:17:39.890: 12 q: 0.6355347
2024-11-09 19:27:13.709: 13 test start:
2024-11-09 19:27:31.295: 13 avg_reward: 451.0
2024-11-09 19:27:31.296: 13 avg_steps: 888.55
2024-11-09 19:27:31.296: 13 epsilon: 0.01
2024-11-09 19:27:31.296: 13 q: 0.6760935
2024-11-09 19:36:50.326: 14 test start:
2024-11-09 19:37:01.927: 14 avg_reward: 435.75
2024-11-09 19:37:01.928: 14 avg_steps: 608.9
2024-11-09 19:37:01.928: 14 epsilon: 0.01
2024-11-09 19:37:01.928: 14 q: 0.73718613
2024-11-09 19:46:40.156: 15 test start:
2024-11-09 19:46:51.090: 15 avg_reward: 300.0
2024-11-09 19:46:51.090: 15 avg_steps: 555.15
2024-11-09 19:46:51.090: 15 epsilon: 0.01
2024-11-09 19:46:51.090: 15 q: 0.772474
2024-11-09 19:56:09.325: 16 test start:
2024-11-09 19:56:22.189: 16 avg_reward: 366.0
2024-11-09 19:56:22.189: 16 avg_steps: 663.15
2024-11-09 19:56:22.189: 16 epsilon: 0.01
2024-11-09 19:56:22.189: 16 q: 0.8092006
2024-11-09 20:05:59.812: 17 test start:
2024-11-09 20:06:12.462: 17 avg_reward: 361.0
2024-11-09 20:06:12.462: 17 avg_steps: 623.15
2024-11-09 20:06:12.462: 17 epsilon: 0.01
2024-11-09 20:06:12.462: 17 q: 0.91909873
2024-11-09 20:15:28.864: 18 test start:
2024-11-09 20:15:40.255: 18 avg_reward: 320.75
2024-11-09 20:15:40.255: 18 avg_steps: 590.8
2024-11-09 20:15:40.255: 18 epsilon: 0.01
2024-11-09 20:15:40.255: 18 q: 1.008843
2024-11-09 20:25:21.457: 19 test start:
2024-11-09 20:25:30.609: 19 avg_reward: 257.5
2024-11-09 20:25:30.609: 19 avg_steps: 446.35
2024-11-09 20:25:30.609: 19 epsilon: 0.01
2024-11-09 20:25:30.609: 19 q: 1.0314134
2024-11-09 20:34:46.559: 20 test start:
2024-11-09 20:34:59.069: 20 avg_reward: 398.75
2024-11-09 20:34:59.069: 20 avg_steps: 643.15
2024-11-09 20:34:59.069: 20 epsilon: 0.01
2024-11-09 20:34:59.069: 20 q: 1.1607857
2024-11-09 20:44:36.971: 21 test start:
2024-11-09 20:44:49.601: 21 avg_reward: 368.25
2024-11-09 20:44:49.601: 21 avg_steps: 627.0
2024-11-09 20:44:49.601: 21 epsilon: 0.01
2024-11-09 20:44:49.601: 21 q: 1.2015309
2024-11-09 20:54:01.562: 22 test start:
2024-11-09 20:54:12.752: 22 avg_reward: 356.5
2024-11-09 20:54:12.752: 22 avg_steps: 581.4
2024-11-09 20:54:12.752: 22 epsilon: 0.01
2024-11-09 20:54:12.752: 22 q: 1.2816619
2024-11-09 21:03:52.218: 23 test start:
2024-11-09 21:04:03.950: 23 avg_reward: 402.0
2024-11-09 21:04:03.950: 23 avg_steps: 576.9
2024-11-09 21:04:03.951: 23 epsilon: 0.01
2024-11-09 21:04:03.951: 23 q: 1.3832011
2024-11-09 21:13:17.316: 24 test start:
2024-11-09 21:13:31.559: 24 avg_reward: 522.25
2024-11-09 21:13:31.559: 24 avg_steps: 749.5
2024-11-09 21:13:31.559: 24 epsilon: 0.01
2024-11-09 21:13:31.559: 24 q: 1.4682131
2024-11-09 21:23:10.810: 25 test start:
2024-11-09 21:23:25.816: 25 avg_reward: 500.75
2024-11-09 21:23:25.816: 25 avg_steps: 753.9
2024-11-09 21:23:25.816: 25 epsilon: 0.01
2024-11-09 21:23:25.816: 25 q: 1.521723
2024-11-09 21:32:35.670: 26 test start:
2024-11-09 21:32:49.791: 26 avg_reward: 505.75
2024-11-09 21:32:49.791: 26 avg_steps: 745.25
2024-11-09 21:32:49.791: 26 epsilon: 0.01
2024-11-09 21:32:49.791: 26 q: 1.5422188
2024-11-09 21:42:28.261: 27 test start:
2024-11-09 21:42:42.766: 27 avg_reward: 597.75
2024-11-09 21:42:42.766: 27 avg_steps: 736.05
2024-11-09 21:42:42.766: 27 epsilon: 0.01
2024-11-09 21:42:42.766: 27 q: 1.6382837
2024-11-09 21:51:47.599: 28 test start:
2024-11-09 21:51:58.498: 28 avg_reward: 449.75
2024-11-09 21:51:58.498: 28 avg_steps: 563.8
2024-11-09 21:51:58.498: 28 epsilon: 0.01
2024-11-09 21:51:58.498: 28 q: 1.723846
2024-11-09 22:01:33.998: 29 test start:
2024-11-09 22:01:48.636: 29 avg_reward: 530.75
2024-11-09 22:01:48.636: 29 avg_steps: 735.55
2024-11-09 22:01:48.636: 29 epsilon: 0.01
2024-11-09 22:01:48.636: 29 q: 1.806596
2024-11-09 22:10:56.396: 30 test start:
2024-11-09 22:11:15.936: 30 avg_reward: 670.75
2024-11-09 22:11:15.936: 30 avg_steps: 1035.3
2024-11-09 22:11:15.936: 30 epsilon: 0.01
2024-11-09 22:11:15.936: 30 q: 1.8092107
2024-11-09 22:20:48.206: 31 test start:
2024-11-09 22:21:03.075: 31 avg_reward: 550.25
2024-11-09 22:21:03.075: 31 avg_steps: 740.4
2024-11-09 22:21:03.075: 31 epsilon: 0.01
2024-11-09 22:21:03.075: 31 q: 1.8196496
2024-11-09 22:30:06.291: 32 test start:
2024-11-09 22:30:26.583: 32 avg_reward: 795.0
2024-11-09 22:30:26.583: 32 avg_steps: 1070.3
2024-11-09 22:30:26.583: 32 epsilon: 0.01
2024-11-09 22:30:26.583: 32 q: 1.9153808
2024-11-09 22:40:03.082: 33 test start:
2024-11-09 22:40:20.203: 33 avg_reward: 670.25
2024-11-09 22:40:20.204: 33 avg_steps: 863.45
2024-11-09 22:40:20.204: 33 epsilon: 0.01
2024-11-09 22:40:20.204: 33 q: 2.0173814
2024-11-09 22:49:20.744: 34 test start:
2024-11-09 22:49:39.744: 34 avg_reward: 736.75
2024-11-09 22:49:39.744: 34 avg_steps: 1011.6
2024-11-09 22:49:39.744: 34 epsilon: 0.01
2024-11-09 22:49:39.744: 34 q: 2.1166494
2024-11-09 22:59:15.487: 35 test start:
2024-11-09 22:59:32.647: 35 avg_reward: 623.75
2024-11-09 22:59:32.647: 35 avg_steps: 865.1
2024-11-09 22:59:32.647: 35 epsilon: 0.01
2024-11-09 22:59:32.647: 35 q: 2.1460645
2024-11-09 23:08:34.613: 36 test start:
2024-11-09 23:08:50.196: 36 avg_reward: 605.75
2024-11-09 23:08:50.196: 36 avg_steps: 823.95
2024-11-09 23:08:50.196: 36 epsilon: 0.01
2024-11-09 23:08:50.196: 36 q: 2.3046386
2024-11-09 23:18:26.112: 37 test start:
2024-11-09 23:18:44.840: 37 avg_reward: 687.25
2024-11-09 23:18:44.840: 37 avg_steps: 942.15
2024-11-09 23:18:44.840: 37 epsilon: 0.01
2024-11-09 23:18:44.840: 37 q: 2.2777705
2024-11-09 23:27:42.259: 38 test start:
2024-11-09 23:28:05.615: 38 avg_reward: 837.25
2024-11-09 23:28:05.616: 38 avg_steps: 1177.6
2024-11-09 23:28:05.616: 38 epsilon: 0.01
2024-11-09 23:28:05.616: 38 q: 2.3358302
2024-11-09 23:37:40.969: 39 test start:
2024-11-09 23:38:01.690: 39 avg_reward: 778.75
2024-11-09 23:38:01.690: 39 avg_steps: 1102.2
2024-11-09 23:38:01.690: 39 epsilon: 0.01
2024-11-09 23:38:01.690: 39 q: 2.4224353
2024-11-09 23:46:58.321: 40 test start:
2024-11-09 23:47:15.203: 40 avg_reward: 678.0
2024-11-09 23:47:15.203: 40 avg_steps: 876.1
2024-11-09 23:47:15.203: 40 epsilon: 0.01
2024-11-09 23:47:15.203: 40 q: 2.3885393
2024-11-09 23:56:50.054: 41 test start:
2024-11-09 23:57:05.574: 41 avg_reward: 657.0
2024-11-09 23:57:05.574: 41 avg_steps: 846.4
2024-11-09 23:57:05.574: 41 epsilon: 0.01
2024-11-09 23:57:05.574: 41 q: 2.4881697
2024-11-10 00:06:01.710: 42 test start:
2024-11-10 00:06:18.122: 42 avg_reward: 588.5
2024-11-10 00:06:18.122: 42 avg_steps: 832.95
2024-11-10 00:06:18.122: 42 epsilon: 0.01
2024-11-10 00:06:18.122: 42 q: 2.6031015
2024-11-10 00:15:46.785: 43 test start:
2024-11-10 00:16:07.211: 43 avg_reward: 882.25
2024-11-10 00:16:07.211: 43 avg_steps: 1089.05
2024-11-10 00:16:07.211: 43 epsilon: 0.01
2024-11-10 00:16:07.211: 43 q: 2.6803896
2024-11-10 00:25:02.502: 44 test start:
2024-11-10 00:25:24.575: 44 avg_reward: 851.75
2024-11-10 00:25:24.575: 44 avg_steps: 1108.3
2024-11-10 00:25:24.575: 44 epsilon: 0.01
2024-11-10 00:25:24.575: 44 q: 2.7241905
2024-11-10 00:34:57.814: 45 test start:
2024-11-10 00:35:14.353: 45 avg_reward: 730.0
2024-11-10 00:35:14.353: 45 avg_steps: 885.1
2024-11-10 00:35:14.353: 45 epsilon: 0.01
2024-11-10 00:35:14.353: 45 q: 2.758134
2024-11-10 00:44:11.553: 46 test start:
2024-11-10 00:44:29.277: 46 avg_reward: 642.25
2024-11-10 00:44:29.278: 46 avg_steps: 892.4
2024-11-10 00:44:29.278: 46 epsilon: 0.01
2024-11-10 00:44:29.278: 46 q: 2.8282514
2024-11-10 00:54:00.342: 47 test start:
2024-11-10 00:54:27.571: 47 avg_reward: 1083.0
2024-11-10 00:54:27.572: 47 avg_steps: 1446.85
2024-11-10 00:54:27.572: 47 epsilon: 0.01
2024-11-10 00:54:27.572: 47 q: 2.9392824
2024-11-10 01:03:26.589: 48 test start:
2024-11-10 01:03:46.329: 48 avg_reward: 760.75
2024-11-10 01:03:46.329: 48 avg_steps: 998.65
2024-11-10 01:03:46.329: 48 epsilon: 0.01
2024-11-10 01:03:46.329: 48 q: 2.9627411
2024-11-10 01:13:15.462: 49 test start:
2024-11-10 01:13:35.761: 49 avg_reward: 816.5
2024-11-10 01:13:35.761: 49 avg_steps: 1079.1
2024-11-10 01:13:35.761: 49 epsilon: 0.01
2024-11-10 01:13:35.761: 49 q: 2.9990149
2024-11-10 01:22:33.921: 50 test start:
2024-11-10 01:22:58.156: 50 avg_reward: 1056.25
2024-11-10 01:22:58.157: 50 avg_steps: 1235.3
2024-11-10 01:22:58.157: 50 epsilon: 0.01
2024-11-10 01:22:58.157: 50 q: 2.985535
2024-11-10 01:32:25.655: 51 test start:
2024-11-10 01:32:42.385: 51 avg_reward: 767.5
2024-11-10 01:32:42.385: 51 avg_steps: 884.75
2024-11-10 01:32:42.385: 51 epsilon: 0.01
2024-11-10 01:32:42.385: 51 q: 3.1020913
2024-11-10 01:41:37.109: 52 test start:
2024-11-10 01:41:58.714: 52 avg_reward: 878.0
2024-11-10 01:41:58.714: 52 avg_steps: 1101.65
2024-11-10 01:41:58.714: 52 epsilon: 0.01
2024-11-10 01:41:58.714: 52 q: 3.1696558
2024-11-10 01:51:26.565: 53 test start:
2024-11-10 01:51:52.674: 53 avg_reward: 1176.5
2024-11-10 01:51:52.674: 53 avg_steps: 1412.8
2024-11-10 01:51:52.674: 53 epsilon: 0.01
2024-11-10 01:51:52.674: 53 q: 3.2188413
2024-11-10 02:00:48.198: 54 test start:
2024-11-10 02:01:10.224: 54 avg_reward: 828.5
2024-11-10 02:01:10.225: 54 avg_steps: 1122.2
2024-11-10 02:01:10.225: 54 epsilon: 0.01
2024-11-10 02:01:10.225: 54 q: 3.3326585
2024-11-10 02:10:37.434: 55 test start:
2024-11-10 02:10:57.832: 55 avg_reward: 863.5
2024-11-10 02:10:57.832: 55 avg_steps: 1077.75
2024-11-10 02:10:57.832: 55 epsilon: 0.01
2024-11-10 02:10:57.832: 55 q: 3.3971524
2024-11-10 02:19:56.466: 56 test start:
2024-11-10 02:20:15.179: 56 avg_reward: 782.25
2024-11-10 02:20:15.179: 56 avg_steps: 941.95
2024-11-10 02:20:15.179: 56 epsilon: 0.01
2024-11-10 02:20:15.179: 56 q: 3.427883
2024-11-10 02:29:43.222: 57 test start:
2024-11-10 02:30:01.325: 57 avg_reward: 764.25
2024-11-10 02:30:01.325: 57 avg_steps: 965.95
2024-11-10 02:30:01.325: 57 epsilon: 0.01
2024-11-10 02:30:01.325: 57 q: 3.4519143
2024-11-10 02:39:04.096: 58 test start:
2024-11-10 02:39:27.589: 58 avg_reward: 1018.75
2024-11-10 02:39:27.590: 58 avg_steps: 1226.05
2024-11-10 02:39:27.595: 58 epsilon: 0.01
2024-11-10 02:39:27.595: 58 q: 3.508495
2024-11-10 02:48:54.700: 59 test start:
2024-11-10 02:49:14.905: 59 avg_reward: 933.5
2024-11-10 02:49:14.905: 59 avg_steps: 1131.0
2024-11-10 02:49:14.905: 59 epsilon: 0.01
2024-11-10 02:49:14.905: 59 q: 3.5199504
2024-11-10 02:58:19.771: 60 test start:
2024-11-10 02:58:41.199: 60 avg_reward: 899.75
2024-11-10 02:58:41.199: 60 avg_steps: 1099.15
2024-11-10 02:58:41.199: 60 epsilon: 0.01
2024-11-10 02:58:41.199: 60 q: 3.5274074
2024-11-10 03:08:06.174: 61 test start:
2024-11-10 03:08:26.699: 61 avg_reward: 808.0
2024-11-10 03:08:26.699: 61 avg_steps: 1095.9
2024-11-10 03:08:26.700: 61 epsilon: 0.01
2024-11-10 03:08:26.700: 61 q: 3.5812416
2024-11-10 03:17:27.389: 62 test start:
2024-11-10 03:17:43.781: 62 avg_reward: 662.75
2024-11-10 03:17:43.782: 62 avg_steps: 828.55
2024-11-10 03:17:43.782: 62 epsilon: 0.01
2024-11-10 03:17:43.782: 62 q: 3.5139742
2024-11-10 03:27:03.433: 63 test start:
2024-11-10 03:27:20.868: 63 avg_reward: 745.75
2024-11-10 03:27:20.868: 63 avg_steps: 932.45
2024-11-10 03:27:20.874: 63 epsilon: 0.01
2024-11-10 03:27:20.874: 63 q: 3.584284
2024-11-10 03:36:19.420: 64 test start:
2024-11-10 03:36:36.611: 64 avg_reward: 732.75
2024-11-10 03:36:36.612: 64 avg_steps: 866.0
2024-11-10 03:36:36.617: 64 epsilon: 0.01
2024-11-10 03:36:36.617: 64 q: 3.69797
2024-11-10 03:45:56.480: 65 test start:
2024-11-10 03:46:15.622: 65 avg_reward: 920.0
2024-11-10 03:46:15.622: 65 avg_steps: 1012.15
2024-11-10 03:46:15.622: 65 epsilon: 0.01
2024-11-10 03:46:15.622: 65 q: 3.7784896
2024-11-10 03:55:14.720: 66 test start:
2024-11-10 03:55:32.176: 66 avg_reward: 764.0
2024-11-10 03:55:32.177: 66 avg_steps: 882.65
2024-11-10 03:55:32.177: 66 epsilon: 0.01
2024-11-10 03:55:32.177: 66 q: 3.884572
2024-11-10 04:04:50.278: 67 test start:
2024-11-10 04:05:10.642: 67 avg_reward: 942.0
2024-11-10 04:05:10.642: 67 avg_steps: 1078.35
2024-11-10 04:05:10.642: 67 epsilon: 0.01
2024-11-10 04:05:10.642: 67 q: 3.9762168
2024-11-10 04:14:14.927: 68 test start:
2024-11-10 04:14:41.480: 68 avg_reward: 1256.5
2024-11-10 04:14:41.481: 68 avg_steps: 1385.6
2024-11-10 04:14:41.481: 68 epsilon: 0.01
2024-11-10 04:14:41.481: 68 q: 3.953924
2024-11-10 04:23:59.155: 69 test start:
2024-11-10 04:24:19.847: 69 avg_reward: 965.75
2024-11-10 04:24:19.847: 69 avg_steps: 1095.85
2024-11-10 04:24:19.847: 69 epsilon: 0.01
2024-11-10 04:24:19.848: 69 q: 4.0040307
2024-11-10 04:33:22.809: 70 test start:
2024-11-10 04:33:46.222: 70 avg_reward: 1074.5
2024-11-10 04:33:46.222: 70 avg_steps: 1185.45
2024-11-10 04:33:46.222: 70 epsilon: 0.01
2024-11-10 04:33:46.223: 70 q: 4.090804
2024-11-10 04:42:56.427: 71 test start:
2024-11-10 04:43:19.944: 71 avg_reward: 1086.0
2024-11-10 04:43:19.944: 71 avg_steps: 1253.35
2024-11-10 04:43:19.944: 71 epsilon: 0.01
2024-11-10 04:43:19.944: 71 q: 4.0748396
2024-11-10 04:52:20.180: 72 test start:
2024-11-10 04:52:42.203: 72 avg_reward: 1024.0
2024-11-10 04:52:42.203: 72 avg_steps: 1160.55
2024-11-10 04:52:42.203: 72 epsilon: 0.01
2024-11-10 04:52:42.203: 72 q: 4.037564
2024-11-10 05:02:01.349: 73 test start:
2024-11-10 05:02:21.708: 73 avg_reward: 991.25
2024-11-10 05:02:21.708: 73 avg_steps: 1089.7
2024-11-10 05:02:21.708: 73 epsilon: 0.01
2024-11-10 05:02:21.708: 73 q: 4.073023
2024-11-10 05:11:19.201: 74 test start:
2024-11-10 05:11:38.559: 74 avg_reward: 835.5
2024-11-10 05:11:38.560: 74 avg_steps: 978.5
2024-11-10 05:11:38.560: 74 epsilon: 0.01
2024-11-10 05:11:38.560: 74 q: 4.171873
2024-11-10 05:20:49.785: 75 test start:
2024-11-10 05:21:08.141: 75 avg_reward: 944.75
2024-11-10 05:21:08.141: 75 avg_steps: 1037.15
2024-11-10 05:21:08.141: 75 epsilon: 0.01
2024-11-10 05:21:08.141: 75 q: 4.188159
2024-11-10 05:30:16.256: 76 test start:
2024-11-10 05:30:39.066: 76 avg_reward: 1033.5
2024-11-10 05:30:39.066: 76 avg_steps: 1199.3
2024-11-10 05:30:39.066: 76 epsilon: 0.01
2024-11-10 05:30:39.066: 76 q: 4.1263695
2024-11-10 05:39:34.799: 77 test start:
2024-11-10 05:39:54.327: 77 avg_reward: 905.25
2024-11-10 05:39:54.327: 77 avg_steps: 1037.8
2024-11-10 05:39:54.327: 77 epsilon: 0.01
2024-11-10 05:39:54.327: 77 q: 4.1999855
2024-11-10 05:48:58.134: 78 test start:
2024-11-10 05:49:14.838: 78 avg_reward: 754.0
2024-11-10 05:49:14.839: 78 avg_steps: 876.55
2024-11-10 05:49:14.839: 78 epsilon: 0.01
2024-11-10 05:49:14.839: 78 q: 4.2643046
2024-11-10 05:58:12.665: 79 test start:
2024-11-10 05:58:29.490: 79 avg_reward: 753.25
2024-11-10 05:58:29.490: 79 avg_steps: 894.2
2024-11-10 05:58:29.490: 79 epsilon: 0.01
2024-11-10 05:58:29.490: 79 q: 4.2571344
2024-11-10 06:07:26.826: 80 test start:
2024-11-10 06:07:43.914: 80 avg_reward: 755.75
2024-11-10 06:07:43.914: 80 avg_steps: 897.05
2024-11-10 06:07:43.914: 80 epsilon: 0.01
2024-11-10 06:07:43.914: 80 q: 4.303217
2024-11-10 06:16:44.069: 81 test start:
2024-11-10 06:17:05.087: 81 avg_reward: 1059.25
2024-11-10 06:17:05.087: 81 avg_steps: 1113.4
2024-11-10 06:17:05.087: 81 epsilon: 0.01
2024-11-10 06:17:05.087: 81 q: 4.3879437
2024-11-10 06:25:56.048: 82 test start:
2024-11-10 06:26:11.096: 82 avg_reward: 683.5
2024-11-10 06:26:11.096: 82 avg_steps: 787.95
2024-11-10 06:26:11.096: 82 epsilon: 0.01
2024-11-10 06:26:11.096: 82 q: 4.4257526
2024-11-10 06:35:19.697: 83 test start:
2024-11-10 06:35:36.180: 83 avg_reward: 665.25
2024-11-10 06:35:36.181: 83 avg_steps: 876.05
2024-11-10 06:35:36.181: 83 epsilon: 0.01
2024-11-10 06:35:36.181: 83 q: 4.433073
2024-11-10 06:44:28.552: 84 test start:
2024-11-10 06:44:45.280: 84 avg_reward: 796.25
2024-11-10 06:44:45.280: 84 avg_steps: 877.65
2024-11-10 06:44:45.280: 84 epsilon: 0.01
2024-11-10 06:44:45.280: 84 q: 4.512573
2024-11-10 06:53:51.576: 85 test start:
2024-11-10 06:54:11.259: 85 avg_reward: 936.5
2024-11-10 06:54:11.259: 85 avg_steps: 1046.6
2024-11-10 06:54:11.259: 85 epsilon: 0.01
2024-11-10 06:54:11.259: 85 q: 4.5048614
2024-11-10 07:02:58.920: 86 test start:
2024-11-10 07:03:26.522: 86 avg_reward: 1398.75
2024-11-10 07:03:26.523: 86 avg_steps: 1473.3
2024-11-10 07:03:26.523: 86 epsilon: 0.01
2024-11-10 07:03:26.523: 86 q: 4.5373764
2024-11-10 07:12:39.284: 87 test start:
2024-11-10 07:12:54.605: 87 avg_reward: 792.25
2024-11-10 07:12:54.605: 87 avg_steps: 831.7
2024-11-10 07:12:54.605: 87 epsilon: 0.01
2024-11-10 07:12:54.605: 87 q: 4.5926723
2024-11-10 07:21:42.086: 88 test start:
2024-11-10 07:22:04.582: 88 avg_reward: 1041.25
2024-11-10 07:22:04.582: 88 avg_steps: 1186.75
2024-11-10 07:22:04.582: 88 epsilon: 0.01
2024-11-10 07:22:04.582: 88 q: 4.6454806
2024-11-10 07:31:14.875: 89 test start:
2024-11-10 07:31:35.940: 89 avg_reward: 1069.5
2024-11-10 07:31:35.941: 89 avg_steps: 1122.7
2024-11-10 07:31:35.941: 89 epsilon: 0.01
2024-11-10 07:31:35.941: 89 q: 4.6225276
2024-11-10 07:40:23.015: 90 test start:
2024-11-10 07:40:47.292: 90 avg_reward: 1242.0
2024-11-10 07:40:47.293: 90 avg_steps: 1279.85
2024-11-10 07:40:47.293: 90 epsilon: 0.01
2024-11-10 07:40:47.293: 90 q: 4.6393905
2024-11-10 07:50:00.014: 91 test start:
2024-11-10 07:50:18.310: 91 avg_reward: 934.25
2024-11-10 07:50:18.310: 91 avg_steps: 975.5
2024-11-10 07:50:18.311: 91 epsilon: 0.01
2024-11-10 07:50:18.311: 91 q: 4.675305
2024-11-10 07:59:03.599: 92 test start:
2024-11-10 07:59:23.961: 92 avg_reward: 964.5
2024-11-10 07:59:23.961: 92 avg_steps: 1056.4
2024-11-10 07:59:23.967: 92 epsilon: 0.01
2024-11-10 07:59:23.967: 92 q: 4.668712
2024-11-10 08:08:34.340: 93 test start:
2024-11-10 08:09:02.146: 93 avg_reward: 1473.25
2024-11-10 08:09:02.146: 93 avg_steps: 1492.8
2024-11-10 08:09:02.146: 93 epsilon: 0.01
2024-11-10 08:09:02.146: 93 q: 4.6915674
2024-11-10 08:17:54.124: 94 test start:
2024-11-10 08:18:18.017: 94 avg_reward: 1164.75
2024-11-10 08:18:18.017: 94 avg_steps: 1286.65
2024-11-10 08:18:18.018: 94 epsilon: 0.01
2024-11-10 08:18:18.018: 94 q: 4.7197146
2024-11-10 08:27:27.888: 95 test start:
2024-11-10 08:27:51.759: 95 avg_reward: 1322.5
2024-11-10 08:27:51.759: 95 avg_steps: 1288.4
2024-11-10 08:27:51.759: 95 epsilon: 0.01
2024-11-10 08:27:51.759: 95 q: 4.6968613
2024-11-10 08:36:42.317: 96 test start:
2024-11-10 08:37:07.580: 96 avg_reward: 1212.75
2024-11-10 08:37:07.580: 96 avg_steps: 1348.0
2024-11-10 08:37:07.580: 96 epsilon: 0.01
2024-11-10 08:37:07.581: 96 q: 4.726871
2024-11-10 08:46:12.159: 97 test start:
2024-11-10 08:46:34.213: 97 avg_reward: 1114.75
2024-11-10 08:46:34.213: 97 avg_steps: 1179.8
2024-11-10 08:46:34.213: 97 epsilon: 0.01
2024-11-10 08:46:34.213: 97 q: 4.717289
2024-11-10 08:55:21.849: 98 test start:
2024-11-10 08:55:44.523: 98 avg_reward: 1107.5
2024-11-10 08:55:44.523: 98 avg_steps: 1198.25
2024-11-10 08:55:44.523: 98 epsilon: 0.01
2024-11-10 08:55:44.523: 98 q: 4.719758
2024-11-10 09:04:50.173: 99 test start:
2024-11-10 09:05:11.301: 99 avg_reward: 998.75
2024-11-10 09:05:11.301: 99 avg_steps: 1132.15
2024-11-10 09:05:11.301: 99 epsilon: 0.01
2024-11-10 09:05:11.301: 99 q: 4.782167
2024-11-10 09:14:00.090: 100 test start:
2024-11-10 09:14:24.571: 100 avg_reward: 1127.25
2024-11-10 09:14:24.571: 100 avg_steps: 1293.65
2024-11-10 09:14:24.571: 100 epsilon: 0.01
2024-11-10 09:14:24.571: 100 q: 4.7947707
2024-11-10 09:23:31.992: 101 test start:
2024-11-10 09:23:57.115: 101 avg_reward: 1408.0
2024-11-10 09:23:57.116: 101 avg_steps: 1347.95
2024-11-10 09:23:57.116: 101 epsilon: 0.01
2024-11-10 09:23:57.116: 101 q: 4.7464104
2024-11-10 09:32:46.880: 102 test start:
2024-11-10 09:33:03.150: 102 avg_reward: 783.25
2024-11-10 09:33:03.151: 102 avg_steps: 862.85
2024-11-10 09:33:03.151: 102 epsilon: 0.01
2024-11-10 09:33:03.151: 102 q: 4.802455
2024-11-10 09:42:10.245: 103 test start:
2024-11-10 09:42:29.120: 103 avg_reward: 1000.25
2024-11-10 09:42:29.120: 103 avg_steps: 1004.25
2024-11-10 09:42:29.120: 103 epsilon: 0.01
2024-11-10 09:42:29.120: 103 q: 4.7545323
2024-11-10 09:51:15.116: 104 test start:
2024-11-10 09:51:33.524: 104 avg_reward: 973.75
2024-11-10 09:51:33.525: 104 avg_steps: 965.9
2024-11-10 09:51:33.525: 104 epsilon: 0.01
2024-11-10 09:51:33.525: 104 q: 4.790335
2024-11-10 10:00:44.158: 105 test start:
2024-11-10 10:01:08.028: 105 avg_reward: 1254.5
2024-11-10 10:01:08.028: 105 avg_steps: 1273.1
2024-11-10 10:01:08.028: 105 epsilon: 0.01
2024-11-10 10:01:08.028: 105 q: 4.774799
2024-11-10 10:09:54.367: 106 test start:
2024-11-10 10:10:21.667: 106 avg_reward: 1342.75
2024-11-10 10:10:21.667: 106 avg_steps: 1440.35
2024-11-10 10:10:21.668: 106 epsilon: 0.01
2024-11-10 10:10:21.668: 106 q: 4.8140893
2024-11-10 10:19:27.200: 107 test start:
2024-11-10 10:19:50.491: 107 avg_reward: 1170.0
2024-11-10 10:19:50.491: 107 avg_steps: 1258.85
2024-11-10 10:19:50.491: 107 epsilon: 0.01
2024-11-10 10:19:50.491: 107 q: 4.8226542
2024-11-10 10:28:36.184: 108 test start:
2024-11-10 10:28:58.087: 108 avg_reward: 1181.25
2024-11-10 10:28:58.087: 108 avg_steps: 1148.8
2024-11-10 10:28:58.087: 108 epsilon: 0.01
2024-11-10 10:28:58.088: 108 q: 4.8458796
2024-11-10 10:38:25.524: 109 test start:
2024-11-10 10:38:47.803: 109 avg_reward: 1090.25
2024-11-10 10:38:47.803: 109 avg_steps: 1178.3
2024-11-10 10:38:47.803: 109 epsilon: 0.01
2024-11-10 10:38:47.803: 109 q: 4.878135
2024-11-10 10:47:51.510: 110 test start:
2024-11-10 10:48:17.807: 110 avg_reward: 1317.0
2024-11-10 10:48:17.807: 110 avg_steps: 1395.7
2024-11-10 10:48:17.807: 110 epsilon: 0.01
2024-11-10 10:48:17.807: 110 q: 4.866701
2024-11-10 10:57:37.616: 111 test start:
2024-11-10 10:58:01.314: 111 avg_reward: 1218.75
2024-11-10 10:58:01.315: 111 avg_steps: 1300.45
2024-11-10 10:58:01.315: 111 epsilon: 0.01
2024-11-10 10:58:01.315: 111 q: 4.9193406
2024-11-10 11:07:21.142: 112 test start:
2024-11-10 11:07:38.884: 112 avg_reward: 896.75
2024-11-10 11:07:38.884: 112 avg_steps: 905.35
2024-11-10 11:07:38.884: 112 epsilon: 0.01
2024-11-10 11:07:38.884: 112 q: 4.961016
2024-11-10 11:17:02.734: 113 test start:
2024-11-10 11:17:18.827: 113 avg_reward: 857.25
2024-11-10 11:17:18.827: 113 avg_steps: 895.7
2024-11-10 11:17:18.827: 113 epsilon: 0.01
2024-11-10 11:17:18.827: 113 q: 5.017634
2024-11-10 11:26:48.111: 114 test start:
2024-11-10 11:27:16.001: 114 avg_reward: 1488.75
2024-11-10 11:27:16.001: 114 avg_steps: 1455.55
2024-11-10 11:27:16.001: 114 epsilon: 0.01
2024-11-10 11:27:16.001: 114 q: 5.0551805
2024-11-10 11:36:23.627: 115 test start:
2024-11-10 11:36:44.128: 115 avg_reward: 946.25
2024-11-10 11:36:44.129: 115 avg_steps: 1111.35
2024-11-10 11:36:44.129: 115 epsilon: 0.01
2024-11-10 11:36:44.129: 115 q: 5.040244
2024-11-10 11:46:07.294: 116 test start:
2024-11-10 11:46:35.674: 116 avg_reward: 1489.5
2024-11-10 11:46:35.674: 116 avg_steps: 1518.8
2024-11-10 11:46:35.674: 116 epsilon: 0.01
2024-11-10 11:46:35.674: 116 q: 5.066425
2024-11-10 11:55:41.844: 117 test start:
2024-11-10 11:56:02.876: 117 avg_reward: 1003.0
2024-11-10 11:56:02.876: 117 avg_steps: 1096.6
2024-11-10 11:56:02.876: 117 epsilon: 0.01
2024-11-10 11:56:02.876: 117 q: 5.100703
2024-11-10 12:05:25.183: 118 test start:
2024-11-10 12:05:44.938: 118 avg_reward: 965.5
2024-11-10 12:05:44.938: 118 avg_steps: 1042.45
2024-11-10 12:05:44.938: 118 epsilon: 0.01
2024-11-10 12:05:44.938: 118 q: 5.136758
2024-11-10 12:14:43.920: 119 test start:
2024-11-10 12:15:13.182: 119 avg_reward: 1557.5
2024-11-10 12:15:13.183: 119 avg_steps: 1550.85
2024-11-10 12:15:13.183: 119 epsilon: 0.01
2024-11-10 12:15:13.183: 119 q: 5.1479897
2024-11-10 12:24:30.722: 120 test start:
2024-11-10 12:24:58.742: 120 avg_reward: 1470.75
2024-11-10 12:24:58.742: 120 avg_steps: 1482.5
2024-11-10 12:24:58.742: 120 epsilon: 0.01
2024-11-10 12:24:58.742: 120 q: 5.1200304
2024-11-10 12:33:49.444: 121 test start:
2024-11-10 12:34:12.727: 121 avg_reward: 1159.25
2024-11-10 12:34:12.728: 121 avg_steps: 1224.7
2024-11-10 12:34:12.728: 121 epsilon: 0.01
2024-11-10 12:34:12.728: 121 q: 5.151889
2024-11-10 12:43:33.354: 122 test start:
2024-11-10 12:43:52.279: 122 avg_reward: 1005.75
2024-11-10 12:43:52.280: 122 avg_steps: 1000.65
2024-11-10 12:43:52.280: 122 epsilon: 0.01
2024-11-10 12:43:52.280: 122 q: 5.1673903
2024-11-10 12:52:50.202: 123 test start:
2024-11-10 12:53:16.828: 123 avg_reward: 1409.5
2024-11-10 12:53:16.828: 123 avg_steps: 1446.05
2024-11-10 12:53:16.833: 123 epsilon: 0.01
2024-11-10 12:53:16.834: 123 q: 5.1702394
2024-11-10 13:02:33.420: 124 test start:
2024-11-10 13:02:57.227: 124 avg_reward: 1226.75
2024-11-10 13:02:57.228: 124 avg_steps: 1312.6
2024-11-10 13:02:57.228: 124 epsilon: 0.01
2024-11-10 13:02:57.228: 124 q: 5.19768
2024-11-10 13:11:51.357: 125 test start:
2024-11-10 13:12:14.638: 125 avg_reward: 1205.25
2024-11-10 13:12:14.638: 125 avg_steps: 1243.05
2024-11-10 13:12:14.638: 125 epsilon: 0.01
2024-11-10 13:12:14.639: 125 q: 5.2306437
2024-11-10 13:21:20.032: 126 test start:
2024-11-10 13:21:42.757: 126 avg_reward: 1185.75
2024-11-10 13:21:42.757: 126 avg_steps: 1217.65
2024-11-10 13:21:42.757: 126 epsilon: 0.01
2024-11-10 13:21:42.757: 126 q: 5.2937274
2024-11-10 13:30:39.039: 127 test start:
2024-11-10 13:31:02.164: 127 avg_reward: 1121.0
2024-11-10 13:31:02.165: 127 avg_steps: 1231.0
2024-11-10 13:31:02.165: 127 epsilon: 0.01
2024-11-10 13:31:02.165: 127 q: 5.261366
2024-11-10 13:40:23.895: 128 test start:
2024-11-10 13:40:54.289: 128 avg_reward: 1764.0
2024-11-10 13:40:54.289: 128 avg_steps: 1673.15
2024-11-10 13:40:54.289: 128 epsilon: 0.01
2024-11-10 13:40:54.289: 128 q: 5.2288456
2024-11-10 13:49:46.373: 129 test start:
2024-11-10 13:50:05.958: 129 avg_reward: 979.75
2024-11-10 13:50:05.958: 129 avg_steps: 1028.85
2024-11-10 13:50:05.958: 129 epsilon: 0.01
2024-11-10 13:50:05.958: 129 q: 5.179787
2024-11-10 13:59:31.663: 130 test start:
2024-11-10 13:59:53.174: 130 avg_reward: 1127.0
2024-11-10 13:59:53.175: 130 avg_steps: 1143.45
2024-11-10 13:59:53.175: 130 epsilon: 0.01
2024-11-10 13:59:53.175: 130 q: 5.2416854
2024-11-10 14:08:46.972: 131 test start:
2024-11-10 14:09:13.688: 131 avg_reward: 1225.25
2024-11-10 14:09:13.688: 131 avg_steps: 1402.95
2024-11-10 14:09:13.688: 131 epsilon: 0.01
2024-11-10 14:09:13.688: 131 q: 5.228274
2024-11-10 14:18:29.455: 132 test start:
2024-11-10 14:18:56.731: 132 avg_reward: 1501.25
2024-11-10 14:18:56.732: 132 avg_steps: 1471.05
2024-11-10 14:18:56.732: 132 epsilon: 0.01
2024-11-10 14:18:56.732: 132 q: 5.1965575
2024-11-10 14:27:48.873: 133 test start:
2024-11-10 14:28:11.455: 133 avg_reward: 1104.75
2024-11-10 14:28:11.455: 133 avg_steps: 1192.0
2024-11-10 14:28:11.455: 133 epsilon: 0.01
2024-11-10 14:28:11.455: 133 q: 5.260279
2024-11-10 14:37:19.554: 134 test start:
2024-11-10 14:37:45.140: 134 avg_reward: 1413.0
2024-11-10 14:37:45.140: 134 avg_steps: 1387.65
2024-11-10 14:37:45.140: 134 epsilon: 0.01
2024-11-10 14:37:45.140: 134 q: 5.299513
2024-11-10 14:46:35.093: 135 test start:
2024-11-10 14:47:00.121: 135 avg_reward: 1362.25
2024-11-10 14:47:00.121: 135 avg_steps: 1312.35
2024-11-10 14:47:00.121: 135 epsilon: 0.01
2024-11-10 14:47:00.121: 135 q: 5.304878
2024-11-10 14:56:09.659: 136 test start:
2024-11-10 14:56:32.228: 136 avg_reward: 1115.25
2024-11-10 14:56:32.229: 136 avg_steps: 1190.6
2024-11-10 14:56:32.234: 136 epsilon: 0.01
2024-11-10 14:56:32.234: 136 q: 5.327192
2024-11-10 15:05:24.595: 137 test start:
2024-11-10 15:05:45.044: 137 avg_reward: 1034.5
2024-11-10 15:05:45.044: 137 avg_steps: 1074.45
2024-11-10 15:05:45.044: 137 epsilon: 0.01
2024-11-10 15:05:45.044: 137 q: 5.3198934
2024-11-10 15:14:52.788: 138 test start:
2024-11-10 15:15:19.520: 138 avg_reward: 1478.0
2024-11-10 15:15:19.520: 138 avg_steps: 1447.7
2024-11-10 15:15:19.520: 138 epsilon: 0.01
2024-11-10 15:15:19.520: 138 q: 5.347663
2024-11-10 15:24:14.754: 139 test start:
2024-11-10 15:24:42.236: 139 avg_reward: 1406.75
2024-11-10 15:24:42.236: 139 avg_steps: 1399.4
2024-11-10 15:24:42.236: 139 epsilon: 0.01
2024-11-10 15:24:42.236: 139 q: 5.322206
2024-11-10 15:33:45.931: 140 test start:
2024-11-10 15:34:12.703: 140 avg_reward: 1544.0
2024-11-10 15:34:12.703: 140 avg_steps: 1449.05
2024-11-10 15:34:12.703: 140 epsilon: 0.01
2024-11-10 15:34:12.703: 140 q: 5.3338504
2024-11-10 15:43:06.247: 141 test start:
2024-11-10 15:43:33.492: 141 avg_reward: 1482.0
2024-11-10 15:43:33.492: 141 avg_steps: 1405.85
2024-11-10 15:43:33.492: 141 epsilon: 0.01
2024-11-10 15:43:33.492: 141 q: 5.3326893
2024-11-10 15:52:41.883: 142 test start:
2024-11-10 15:53:01.083: 142 avg_reward: 949.75
2024-11-10 15:53:01.083: 142 avg_steps: 1061.5
2024-11-10 15:53:01.084: 142 epsilon: 0.01
2024-11-10 15:53:01.084: 142 q: 5.2742596
2024-11-10 16:02:08.133: 143 test start:
2024-11-10 16:02:32.837: 143 avg_reward: 1182.0
2024-11-10 16:02:32.837: 143 avg_steps: 1262.05
2024-11-10 16:02:32.837: 143 epsilon: 0.01
2024-11-10 16:02:32.837: 143 q: 5.299258
2024-11-10 16:11:32.652: 144 test start:
2024-11-10 16:11:58.465: 144 avg_reward: 1484.0
2024-11-10 16:11:58.466: 144 avg_steps: 1447.85
2024-11-10 16:11:58.466: 144 epsilon: 0.01
2024-11-10 16:11:58.466: 144 q: 5.248593
2024-11-10 16:21:04.784: 145 test start:
2024-11-10 16:21:30.611: 145 avg_reward: 1321.5
2024-11-10 16:21:30.611: 145 avg_steps: 1354.9
2024-11-10 16:21:30.611: 145 epsilon: 0.01
2024-11-10 16:21:30.611: 145 q: 5.2946835
2024-11-10 16:30:22.250: 146 test start:
2024-11-10 16:30:50.559: 146 avg_reward: 1405.75
2024-11-10 16:30:50.559: 146 avg_steps: 1527.9
2024-11-10 16:30:50.559: 146 epsilon: 0.01
2024-11-10 16:30:50.559: 146 q: 5.319378
2024-11-10 16:40:08.935: 147 test start:
2024-11-10 16:40:36.164: 147 avg_reward: 1353.5
2024-11-10 16:40:36.165: 147 avg_steps: 1450.35
2024-11-10 16:40:36.165: 147 epsilon: 0.01
2024-11-10 16:40:36.165: 147 q: 5.375904
2024-11-10 16:49:55.151: 148 test start:
2024-11-10 16:50:21.082: 148 avg_reward: 1487.25
2024-11-10 16:50:21.083: 148 avg_steps: 1363.05
2024-11-10 16:50:21.083: 148 epsilon: 0.01
2024-11-10 16:50:21.083: 148 q: 5.358192
2024-11-10 16:59:53.992: 149 test start:
2024-11-10 17:00:18.673: 149 avg_reward: 1324.5
2024-11-10 17:00:18.674: 149 avg_steps: 1312.55
2024-11-10 17:00:18.674: 149 epsilon: 0.01
2024-11-10 17:00:18.674: 149 q: 5.3986835
2024-11-10 17:09:38.162: 150 test start:
2024-11-10 17:10:02.201: 150 avg_reward: 1310.0
2024-11-10 17:10:02.201: 150 avg_steps: 1248.85
2024-11-10 17:10:02.201: 150 epsilon: 0.01
2024-11-10 17:10:02.201: 150 q: 5.4288425
2024-11-10 17:19:24.849: 151 test start:
2024-11-10 17:19:53.746: 151 avg_reward: 1597.25
2024-11-10 17:19:53.746: 151 avg_steps: 1545.3
2024-11-10 17:19:53.746: 151 epsilon: 0.01
2024-11-10 17:19:53.746: 151 q: 5.350255
2024-11-10 17:28:54.722: 152 test start:
2024-11-10 17:29:10.412: 152 avg_reward: 723.0
2024-11-10 17:29:10.412: 152 avg_steps: 814.9
2024-11-10 17:29:10.412: 152 epsilon: 0.01
2024-11-10 17:29:10.412: 152 q: 5.439342
2024-11-10 17:38:34.937: 153 test start:
2024-11-10 17:38:58.559: 153 avg_reward: 1361.5
2024-11-10 17:38:58.560: 153 avg_steps: 1292.5
2024-11-10 17:38:58.560: 153 epsilon: 0.01
2024-11-10 17:38:58.560: 153 q: 5.4288044
2024-11-10 17:48:15.985: 154 test start:
2024-11-10 17:48:39.618: 154 avg_reward: 1244.5
2024-11-10 17:48:39.618: 154 avg_steps: 1258.65
2024-11-10 17:48:39.618: 154 epsilon: 0.01
2024-11-10 17:48:39.618: 154 q: 5.4522815
2024-11-10 17:58:08.103: 155 test start:
2024-11-10 17:58:29.707: 155 avg_reward: 1136.5
2024-11-10 17:58:29.707: 155 avg_steps: 1160.1
2024-11-10 17:58:29.707: 155 epsilon: 0.01
2024-11-10 17:58:29.707: 155 q: 5.4261904
2024-11-10 18:07:53.072: 156 test start:
2024-11-10 18:08:15.092: 156 avg_reward: 1182.5
2024-11-10 18:08:15.092: 156 avg_steps: 1165.1
2024-11-10 18:08:15.092: 156 epsilon: 0.01
2024-11-10 18:08:15.092: 156 q: 5.4795313
2024-11-10 18:17:40.590: 157 test start:
2024-11-10 18:18:02.782: 157 avg_reward: 1210.75
2024-11-10 18:18:02.782: 157 avg_steps: 1166.15
2024-11-10 18:18:02.782: 157 epsilon: 0.01
2024-11-10 18:18:02.782: 157 q: 5.456459
2024-11-10 18:27:16.790: 158 test start:
2024-11-10 18:27:52.474: 158 avg_reward: 2079.5
2024-11-10 18:27:52.474: 158 avg_steps: 1869.0
2024-11-10 18:27:52.474: 158 epsilon: 0.01
2024-11-10 18:27:52.474: 158 q: 5.4172807
2024-11-10 18:37:29.625: 159 test start:
2024-11-10 18:37:49.416: 159 avg_reward: 1061.5
2024-11-10 18:37:49.416: 159 avg_steps: 1071.55
2024-11-10 18:37:49.416: 159 epsilon: 0.01
2024-11-10 18:37:49.416: 159 q: 5.44447
2024-11-10 18:47:17.863: 160 test start:
2024-11-10 18:47:40.383: 160 avg_reward: 1196.75
2024-11-10 18:47:40.383: 160 avg_steps: 1140.5
2024-11-10 18:47:40.383: 160 epsilon: 0.01
2024-11-10 18:47:40.383: 160 q: 5.481195
2024-11-10 18:57:06.251: 161 test start:
2024-11-10 18:57:26.769: 161 avg_reward: 1087.25
2024-11-10 18:57:26.769: 161 avg_steps: 1063.5
2024-11-10 18:57:26.769: 161 epsilon: 0.01
2024-11-10 18:57:26.769: 161 q: 5.4774704
2024-11-10 19:06:55.089: 162 test start:
2024-11-10 19:07:16.172: 162 avg_reward: 1156.75
2024-11-10 19:07:16.172: 162 avg_steps: 1111.2
2024-11-10 19:07:16.172: 162 epsilon: 0.01
2024-11-10 19:07:16.172: 162 q: 5.5052547
2024-11-10 19:16:37.765: 163 test start:
2024-11-10 19:17:04.071: 163 avg_reward: 1457.0
2024-11-10 19:17:04.072: 163 avg_steps: 1375.55
2024-11-10 19:17:04.072: 163 epsilon: 0.01
2024-11-10 19:17:04.072: 163 q: 5.494178
2024-11-10 19:26:34.335: 164 test start:
2024-11-10 19:26:51.419: 164 avg_reward: 719.75
2024-11-10 19:26:51.419: 164 avg_steps: 898.05
2024-11-10 19:26:51.419: 164 epsilon: 0.01
2024-11-10 19:26:51.420: 164 q: 5.5420294
2024-11-10 19:36:02.446: 165 test start:
2024-11-10 19:36:27.737: 165 avg_reward: 1382.5
2024-11-10 19:36:27.737: 165 avg_steps: 1321.45
2024-11-10 19:36:27.737: 165 epsilon: 0.01
2024-11-10 19:36:27.737: 165 q: 5.5184846
2024-11-10 19:45:49.463: 166 test start:
2024-11-10 19:46:11.286: 166 avg_reward: 1277.5
2024-11-10 19:46:11.286: 166 avg_steps: 1158.9
2024-11-10 19:46:11.286: 166 epsilon: 0.01
2024-11-10 19:46:11.286: 166 q: 5.556237
2024-11-10 19:55:17.302: 167 test start:
2024-11-10 19:55:40.073: 167 avg_reward: 1167.75
2024-11-10 19:55:40.073: 167 avg_steps: 1198.6
2024-11-10 19:55:40.073: 167 epsilon: 0.01
2024-11-10 19:55:40.073: 167 q: 5.594157
2024-11-10 20:04:46.221: 168 test start:
2024-11-10 20:05:02.939: 168 avg_reward: 895.5
2024-11-10 20:05:02.939: 168 avg_steps: 893.05
2024-11-10 20:05:02.940: 168 epsilon: 0.01
2024-11-10 20:05:02.940: 168 q: 5.6085896
2024-11-10 20:13:53.756: 169 test start:
2024-11-10 20:14:21.047: 169 avg_reward: 1554.5
2024-11-10 20:14:21.047: 169 avg_steps: 1479.4
2024-11-10 20:14:21.048: 169 epsilon: 0.01
2024-11-10 20:14:21.048: 169 q: 5.6065845
2024-11-10 20:23:16.906: 170 test start:
2024-11-10 20:23:37.975: 170 avg_reward: 1200.25
2024-11-10 20:23:37.975: 170 avg_steps: 1185.3
2024-11-10 20:23:37.975: 170 epsilon: 0.01
2024-11-10 20:23:37.975: 170 q: 5.582582
2024-11-10 20:32:30.655: 171 test start:
2024-11-10 20:32:48.037: 171 avg_reward: 859.0
2024-11-10 20:32:48.038: 171 avg_steps: 925.35
2024-11-10 20:32:48.038: 171 epsilon: 0.01
2024-11-10 20:32:48.038: 171 q: 5.4834237
2024-11-10 20:41:53.525: 172 test start:
2024-11-10 20:42:15.039: 172 avg_reward: 1140.25
2024-11-10 20:42:15.039: 172 avg_steps: 1163.25
2024-11-10 20:42:15.039: 172 epsilon: 0.01
2024-11-10 20:42:15.039: 172 q: 5.5102034
2024-11-10 20:51:20.269: 173 test start:
2024-11-10 20:51:42.909: 173 avg_reward: 1174.25
2024-11-10 20:51:42.909: 173 avg_steps: 1184.1
2024-11-10 20:51:42.909: 173 epsilon: 0.01
2024-11-10 20:51:42.909: 173 q: 5.4756756
2024-11-10 21:01:00.064: 174 test start:
2024-11-10 21:01:20.357: 174 avg_reward: 1133.5
2024-11-10 21:01:20.357: 174 avg_steps: 1087.75
2024-11-10 21:01:20.357: 174 epsilon: 0.01
2024-11-10 21:01:20.357: 174 q: 5.521541
2024-11-10 21:10:23.073: 175 test start:
2024-11-10 21:10:46.992: 175 avg_reward: 1180.0
2024-11-10 21:10:46.992: 175 avg_steps: 1270.0
2024-11-10 21:10:46.992: 175 epsilon: 0.01
2024-11-10 21:10:46.992: 175 q: 5.472307
2024-11-10 21:19:59.606: 176 test start:
2024-11-10 21:20:19.937: 176 avg_reward: 1108.75
2024-11-10 21:20:19.937: 176 avg_steps: 1080.55
2024-11-10 21:20:19.937: 176 epsilon: 0.01
2024-11-10 21:20:19.937: 176 q: 5.494894
2024-11-10 21:29:34.063: 177 test start:
2024-11-10 21:29:49.303: 177 avg_reward: 729.5
2024-11-10 21:29:49.304: 177 avg_steps: 764.45
2024-11-10 21:29:49.304: 177 epsilon: 0.01
2024-11-10 21:29:49.304: 177 q: 5.5518665
2024-11-10 21:39:25.235: 178 test start:
2024-11-10 21:39:48.113: 178 avg_reward: 1242.25
2024-11-10 21:39:48.113: 178 avg_steps: 1210.35
2024-11-10 21:39:48.113: 178 epsilon: 0.01
2024-11-10 21:39:48.113: 178 q: 5.5501175
2024-11-10 21:49:11.705: 179 test start:
2024-11-10 21:49:39.760: 179 avg_reward: 1588.75
2024-11-10 21:49:39.760: 179 avg_steps: 1473.75
2024-11-10 21:49:39.760: 179 epsilon: 0.01
2024-11-10 21:49:39.760: 179 q: 5.5340643
2024-11-10 21:59:08.554: 180 test start:
2024-11-10 21:59:34.955: 180 avg_reward: 1453.25
2024-11-10 21:59:34.955: 180 avg_steps: 1423.0
2024-11-10 21:59:34.955: 180 epsilon: 0.01
2024-11-10 21:59:34.955: 180 q: 5.5527773
2024-11-10 22:08:53.834: 181 test start:
2024-11-10 22:09:17.708: 181 avg_reward: 1195.25
2024-11-10 22:09:17.709: 181 avg_steps: 1225.95
2024-11-10 22:09:17.709: 181 epsilon: 0.01
2024-11-10 22:09:17.709: 181 q: 5.553955
2024-11-10 22:18:36.665: 182 test start:
2024-11-10 22:18:53.499: 182 avg_reward: 834.5
2024-11-10 22:18:53.499: 182 avg_steps: 900.05
2024-11-10 22:18:53.499: 182 epsilon: 0.01
2024-11-10 22:18:53.499: 182 q: 5.561422
2024-11-10 22:28:23.855: 183 test start:
2024-11-10 22:28:40.419: 183 avg_reward: 878.25
2024-11-10 22:28:40.419: 183 avg_steps: 913.85
2024-11-10 22:28:40.419: 183 epsilon: 0.01
2024-11-10 22:28:40.419: 183 q: 5.5358562
2024-11-10 22:38:01.254: 184 test start:
2024-11-10 22:38:21.879: 184 avg_reward: 1040.75
2024-11-10 22:38:21.879: 184 avg_steps: 1099.15
2024-11-10 22:38:21.879: 184 epsilon: 0.01
2024-11-10 22:38:21.879: 184 q: 5.5000525
2024-11-10 22:47:37.466: 185 test start:
2024-11-10 22:47:54.421: 185 avg_reward: 891.0
2024-11-10 22:47:54.421: 185 avg_steps: 913.9
2024-11-10 22:47:54.421: 185 epsilon: 0.01
2024-11-10 22:47:54.421: 185 q: 5.4585247
2024-11-10 22:57:12.284: 186 test start:
2024-11-10 22:57:31.739: 186 avg_reward: 989.0
2024-11-10 22:57:31.739: 186 avg_steps: 1021.5
2024-11-10 22:57:31.739: 186 epsilon: 0.01
2024-11-10 22:57:31.739: 186 q: 5.514078
2024-11-10 23:07:00.901: 187 test start:
2024-11-10 23:07:26.910: 187 avg_reward: 1448.25
2024-11-10 23:07:26.911: 187 avg_steps: 1435.95
2024-11-10 23:07:26.911: 187 epsilon: 0.01
2024-11-10 23:07:26.911: 187 q: 5.5485983
2024-11-10 23:16:45.448: 188 test start:
2024-11-10 23:17:04.577: 188 avg_reward: 1025.5
2024-11-10 23:17:04.577: 188 avg_steps: 1035.0
2024-11-10 23:17:04.577: 188 epsilon: 0.01
2024-11-10 23:17:04.577: 188 q: 5.5601807
2024-11-10 23:26:42.966: 189 test start:
2024-11-10 23:27:06.684: 189 avg_reward: 1304.75
2024-11-10 23:27:06.684: 189 avg_steps: 1256.75
2024-11-10 23:27:06.684: 189 epsilon: 0.01
2024-11-10 23:27:06.684: 189 q: 5.511624
2024-11-10 23:36:22.102: 190 test start:
2024-11-10 23:36:41.183: 190 avg_reward: 950.25
2024-11-10 23:36:41.184: 190 avg_steps: 1013.55
2024-11-10 23:36:41.184: 190 epsilon: 0.01
2024-11-10 23:36:41.184: 190 q: 5.6016984
2024-11-10 23:45:49.056: 191 test start:
2024-11-10 23:46:14.091: 191 avg_reward: 1394.5
2024-11-10 23:46:14.092: 191 avg_steps: 1329.85
2024-11-10 23:46:14.092: 191 epsilon: 0.01
2024-11-10 23:46:14.092: 191 q: 5.577013
2024-11-10 23:55:07.688: 192 test start:
2024-11-10 23:55:33.281: 192 avg_reward: 1312.25
2024-11-10 23:55:33.282: 192 avg_steps: 1343.75
2024-11-10 23:55:33.282: 192 epsilon: 0.01
2024-11-10 23:55:33.282: 192 q: 5.600788
2024-11-11 00:04:33.782: 193 test start:
2024-11-11 00:04:52.446: 193 avg_reward: 939.0
2024-11-11 00:04:52.446: 193 avg_steps: 998.9
2024-11-11 00:04:52.446: 193 epsilon: 0.01
2024-11-11 00:04:52.446: 193 q: 5.6372423
2024-11-11 00:14:09.797: 194 test start:
2024-11-11 00:14:28.530: 194 avg_reward: 887.75
2024-11-11 00:14:28.530: 194 avg_steps: 970.05
2024-11-11 00:14:28.530: 194 epsilon: 0.01
2024-11-11 00:14:28.530: 194 q: 5.6469474
2024-11-11 00:23:54.799: 195 test start:
2024-11-11 00:24:23.981: 195 avg_reward: 1539.0
2024-11-11 00:24:23.982: 195 avg_steps: 1541.6
2024-11-11 00:24:23.982: 195 epsilon: 0.01
2024-11-11 00:24:23.982: 195 q: 5.6268787
2024-11-11 00:33:47.716: 196 test start:
2024-11-11 00:34:12.271: 196 avg_reward: 1356.25
2024-11-11 00:34:12.271: 196 avg_steps: 1288.5
2024-11-11 00:34:12.271: 196 epsilon: 0.01
2024-11-11 00:34:12.271: 196 q: 5.622747
2024-11-11 00:43:39.015: 197 test start:
2024-11-11 00:44:05.876: 197 avg_reward: 1465.25
2024-11-11 00:44:05.877: 197 avg_steps: 1434.7
2024-11-11 00:44:05.877: 197 epsilon: 0.01
2024-11-11 00:44:05.877: 197 q: 5.5763917
2024-11-11 00:53:21.117: 198 test start:
2024-11-11 00:53:39.150: 198 avg_reward: 874.75
2024-11-11 00:53:39.150: 198 avg_steps: 949.1
2024-11-11 00:53:39.150: 198 epsilon: 0.01
2024-11-11 00:53:39.150: 198 q: 5.576022
2024-11-11 01:02:53.078: 199 test start:
2024-11-11 01:03:17.225: 199 avg_reward: 1367.25
2024-11-11 01:03:17.225: 199 avg_steps: 1300.95
2024-11-11 01:03:17.225: 199 epsilon: 0.01
2024-11-11 01:03:17.225: 199 q: 5.5661087
2024-11-11 01:12:25.251: 200 test start:
2024-11-11 01:12:49.554: 200 avg_reward: 1183.75
2024-11-11 01:12:49.554: 200 avg_steps: 1249.85
2024-11-11 01:12:49.554: 200 epsilon: 0.01
2024-11-11 01:12:49.554: 200 q: 5.5810633
