2024-11-09 17:22:00.614: 
parameters:agent_test_episodes: 20
batch_num_per_epoch: 250000
device: cuda:0
env_name: ALE/WizardOfWor-v5
epsilon_for_test: 0.001
epsilon_max: 0.1
epsilon_min: 0.01
exp_name: ALE-WizardOfWor-v5_2024-11-09-17-22-00
exp_path: ../exps/double_dqn/
exploration_steps: 1000000
gamma: 0.99
held_out_states_num: 1000
learning_rate: 0.00025
log_path: ../exps/double_dqn/
mini_batch_size: 32
model_update_freq: 4
n_times: 5
no_op: 30
phi_channel: 4
replay_buffer_size: 1000000
replay_start_size: 50000
save_model: true
screen_size: 84
seed: 0
skip_k_frame: 4
step_c: 30000
training_steps: 50000000

2024-11-09 17:22:01.011: optimizer: RMSprop (
Parameter Group 0
    alpha: 0.95
    centered: False
    differentiable: False
    eps: 0.01
    foreach: None
    lr: 0.00025
    maximize: False
    momentum: 0
    weight_decay: 0
)
2024-11-09 17:22:01.060: optimizer: RMSprop (
Parameter Group 0
    alpha: 0.95
    centered: False
    differentiable: False
    eps: 0.01
    foreach: None
    lr: 0.00025
    maximize: False
    momentum: 0
    weight_decay: 0
)
2024-11-09 17:30:53.473: 1 test start:
2024-11-09 17:31:08.951: 1 avg_reward: 245.0
2024-11-09 17:31:08.951: 1 avg_steps: 820.95
2024-11-09 17:31:08.952: 1 epsilon: 0.08197354000000001
2024-11-09 17:31:08.952: 1 q: 0.0040337117
2024-11-09 17:40:53.274: 2 test start:
2024-11-09 17:41:10.759: 2 avg_reward: 240.0
2024-11-09 17:41:10.760: 2 avg_steps: 908.5
2024-11-09 17:41:10.760: 2 epsilon: 0.05942494
2024-11-09 17:41:10.760: 2 q: 0.0144273
2024-11-09 17:50:22.011: 3 test start:
2024-11-09 17:50:36.442: 3 avg_reward: 260.0
2024-11-09 17:50:36.442: 3 avg_steps: 727.7
2024-11-09 17:50:36.442: 3 epsilon: 0.03680235999999999
2024-11-09 17:50:36.442: 3 q: 0.031474035
2024-11-09 18:00:15.132: 4 test start:
2024-11-09 18:00:31.217: 4 avg_reward: 295.0
2024-11-09 18:00:31.217: 4 avg_steps: 838.55
2024-11-09 18:00:31.217: 4 epsilon: 0.01446075999999999
2024-11-09 18:00:31.217: 4 q: 0.033534177
2024-11-09 18:09:48.423: 5 test start:
2024-11-09 18:09:53.451: 5 avg_reward: 0.0
2024-11-09 18:09:53.452: 5 avg_steps: 256.9
2024-11-09 18:09:53.452: 5 epsilon: 0.01
2024-11-09 18:09:53.452: 5 q: 0.06060467
2024-11-09 18:19:24.374: 6 test start:
2024-11-09 18:19:30.235: 6 avg_reward: 105.0
2024-11-09 18:19:30.235: 6 avg_steps: 323.65
2024-11-09 18:19:30.235: 6 epsilon: 0.01
2024-11-09 18:19:30.235: 6 q: 0.052374385
2024-11-09 18:28:57.136: 7 test start:
2024-11-09 18:29:16.407: 7 avg_reward: 455.0
2024-11-09 18:29:16.407: 7 avg_steps: 996.6
2024-11-09 18:29:16.407: 7 epsilon: 0.01
2024-11-09 18:29:16.407: 7 q: 0.05497835
2024-11-09 18:38:41.403: 8 test start:
2024-11-09 18:38:56.578: 8 avg_reward: 300.0
2024-11-09 18:38:56.578: 8 avg_steps: 855.65
2024-11-09 18:38:56.578: 8 epsilon: 0.01
2024-11-09 18:38:56.578: 8 q: 0.063761726
2024-11-09 18:48:25.330: 9 test start:
2024-11-09 18:48:36.234: 9 avg_reward: 110.0
2024-11-09 18:48:36.234: 9 avg_steps: 575.2
2024-11-09 18:48:36.234: 9 epsilon: 0.01
2024-11-09 18:48:36.235: 9 q: 0.073398136
2024-11-09 18:58:01.053: 10 test start:
2024-11-09 18:58:21.453: 10 avg_reward: 615.0
2024-11-09 18:58:21.453: 10 avg_steps: 1121.95
2024-11-09 18:58:21.453: 10 epsilon: 0.01
2024-11-09 18:58:21.453: 10 q: 0.07472529
2024-11-09 19:07:51.947: 11 test start:
2024-11-09 19:08:05.823: 11 avg_reward: 255.0
2024-11-09 19:08:05.823: 11 avg_steps: 714.65
2024-11-09 19:08:05.823: 11 epsilon: 0.01
2024-11-09 19:08:05.824: 11 q: 0.08216769
2024-11-09 19:17:23.987: 12 test start:
2024-11-09 19:17:34.048: 12 avg_reward: 200.0
2024-11-09 19:17:34.048: 12 avg_steps: 535.35
2024-11-09 19:17:34.048: 12 epsilon: 0.01
2024-11-09 19:17:34.048: 12 q: 0.09539846
2024-11-09 19:27:06.853: 13 test start:
2024-11-09 19:27:18.132: 13 avg_reward: 310.0
2024-11-09 19:27:18.132: 13 avg_steps: 569.3
2024-11-09 19:27:18.132: 13 epsilon: 0.01
2024-11-09 19:27:18.132: 13 q: 0.09455614
2024-11-09 19:36:35.105: 14 test start:
2024-11-09 19:36:57.104: 14 avg_reward: 495.0
2024-11-09 19:36:57.104: 14 avg_steps: 1160.95
2024-11-09 19:36:57.104: 14 epsilon: 0.01
2024-11-09 19:36:57.104: 14 q: 0.10935294
2024-11-09 19:46:33.925: 15 test start:
2024-11-09 19:47:13.542: 15 avg_reward: 835.0
2024-11-09 19:47:13.542: 15 avg_steps: 2000.45
2024-11-09 19:47:13.542: 15 epsilon: 0.01
2024-11-09 19:47:13.543: 15 q: 0.11377507
2024-11-09 19:56:34.097: 16 test start:
2024-11-09 19:56:47.657: 16 avg_reward: 265.0
2024-11-09 19:56:47.657: 16 avg_steps: 699.6
2024-11-09 19:56:47.657: 16 epsilon: 0.01
2024-11-09 19:56:47.657: 16 q: 0.121639416
2024-11-09 20:06:22.411: 17 test start:
2024-11-09 20:06:36.581: 17 avg_reward: 455.0
2024-11-09 20:06:36.581: 17 avg_steps: 697.0
2024-11-09 20:06:36.581: 17 epsilon: 0.01
2024-11-09 20:06:36.581: 17 q: 0.159724
2024-11-09 20:15:51.200: 18 test start:
2024-11-09 20:16:24.359: 18 avg_reward: 795.0
2024-11-09 20:16:24.359: 18 avg_steps: 1732.35
2024-11-09 20:16:24.359: 18 epsilon: 0.01
2024-11-09 20:16:24.359: 18 q: 0.15936299
2024-11-09 20:26:08.767: 19 test start:
2024-11-09 20:26:26.093: 19 avg_reward: 375.0
2024-11-09 20:26:26.093: 19 avg_steps: 862.6
2024-11-09 20:26:26.093: 19 epsilon: 0.01
2024-11-09 20:26:26.093: 19 q: 0.18425022
2024-11-09 20:35:38.649: 20 test start:
2024-11-09 20:35:49.504: 20 avg_reward: 195.0
2024-11-09 20:35:49.504: 20 avg_steps: 557.45
2024-11-09 20:35:49.505: 20 epsilon: 0.01
2024-11-09 20:35:49.505: 20 q: 0.18186629
2024-11-09 20:45:31.821: 21 test start:
2024-11-09 20:45:55.939: 21 avg_reward: 730.0
2024-11-09 20:45:55.940: 21 avg_steps: 1205.2
2024-11-09 20:45:55.940: 21 epsilon: 0.01
2024-11-09 20:45:55.940: 21 q: 0.20342061
2024-11-09 20:55:04.488: 22 test start:
2024-11-09 20:55:17.203: 22 avg_reward: 460.0
2024-11-09 20:55:17.203: 22 avg_steps: 657.0
2024-11-09 20:55:17.203: 22 epsilon: 0.01
2024-11-09 20:55:17.203: 22 q: 0.22565235
2024-11-09 21:05:04.398: 23 test start:
2024-11-09 21:05:23.083: 23 avg_reward: 365.0
2024-11-09 21:05:23.084: 23 avg_steps: 917.05
2024-11-09 21:05:23.084: 23 epsilon: 0.01
2024-11-09 21:05:23.084: 23 q: 0.21579076
2024-11-09 21:14:27.260: 24 test start:
2024-11-09 21:14:45.860: 24 avg_reward: 565.0
2024-11-09 21:14:45.860: 24 avg_steps: 975.85
2024-11-09 21:14:45.861: 24 epsilon: 0.01
2024-11-09 21:14:45.861: 24 q: 0.23324399
2024-11-09 21:24:31.494: 25 test start:
2024-11-09 21:24:45.878: 25 avg_reward: 545.0
2024-11-09 21:24:45.878: 25 avg_steps: 718.05
2024-11-09 21:24:45.878: 25 epsilon: 0.01
2024-11-09 21:24:45.878: 25 q: 0.2657045
2024-11-09 21:33:50.348: 26 test start:
2024-11-09 21:34:07.766: 26 avg_reward: 925.0
2024-11-09 21:34:07.767: 26 avg_steps: 893.25
2024-11-09 21:34:07.767: 26 epsilon: 0.01
2024-11-09 21:34:07.767: 26 q: 0.2646401
2024-11-09 21:43:51.950: 27 test start:
2024-11-09 21:44:30.847: 27 avg_reward: 1335.0
2024-11-09 21:44:30.847: 27 avg_steps: 2011.6
2024-11-09 21:44:30.847: 27 epsilon: 0.01
2024-11-09 21:44:30.847: 27 q: 0.28805
2024-11-09 21:53:36.369: 28 test start:
2024-11-09 21:53:57.260: 28 avg_reward: 650.0
2024-11-09 21:53:57.260: 28 avg_steps: 1039.4
2024-11-09 21:53:57.260: 28 epsilon: 0.01
2024-11-09 21:53:57.260: 28 q: 0.29166126
2024-11-09 22:03:38.773: 29 test start:
2024-11-09 22:04:05.313: 29 avg_reward: 1140.0
2024-11-09 22:04:05.313: 29 avg_steps: 1383.25
2024-11-09 22:04:05.313: 29 epsilon: 0.01
2024-11-09 22:04:05.313: 29 q: 0.29680997
2024-11-09 22:13:06.972: 30 test start:
2024-11-09 22:13:25.232: 30 avg_reward: 830.0
2024-11-09 22:13:25.233: 30 avg_steps: 914.0
2024-11-09 22:13:25.233: 30 epsilon: 0.01
2024-11-09 22:13:25.233: 30 q: 0.30301964
2024-11-09 22:23:01.069: 31 test start:
2024-11-09 22:23:12.443: 31 avg_reward: 465.0
2024-11-09 22:23:12.443: 31 avg_steps: 593.1
2024-11-09 22:23:12.443: 31 epsilon: 0.01
2024-11-09 22:23:12.443: 31 q: 0.32465413
2024-11-09 22:32:18.795: 32 test start:
2024-11-09 22:32:41.316: 32 avg_reward: 1115.0
2024-11-09 22:32:41.316: 32 avg_steps: 1137.0
2024-11-09 22:32:41.316: 32 epsilon: 0.01
2024-11-09 22:32:41.316: 32 q: 0.3166452
2024-11-09 22:42:19.110: 33 test start:
2024-11-09 22:42:41.239: 33 avg_reward: 840.0
2024-11-09 22:42:41.240: 33 avg_steps: 1147.95
2024-11-09 22:42:41.240: 33 epsilon: 0.01
2024-11-09 22:42:41.240: 33 q: 0.32177117
2024-11-09 22:51:48.733: 34 test start:
2024-11-09 22:52:13.254: 34 avg_reward: 1560.0
2024-11-09 22:52:13.254: 34 avg_steps: 1234.0
2024-11-09 22:52:13.254: 34 epsilon: 0.01
2024-11-09 22:52:13.255: 34 q: 0.3386781
2024-11-09 23:01:46.148: 35 test start:
2024-11-09 23:02:05.324: 35 avg_reward: 1085.0
2024-11-09 23:02:05.324: 35 avg_steps: 1004.15
2024-11-09 23:02:05.324: 35 epsilon: 0.01
2024-11-09 23:02:05.324: 35 q: 0.35977846
2024-11-09 23:11:16.435: 36 test start:
2024-11-09 23:11:41.948: 36 avg_reward: 1740.0
2024-11-09 23:11:41.949: 36 avg_steps: 1289.3
2024-11-09 23:11:41.949: 36 epsilon: 0.01
2024-11-09 23:11:41.949: 36 q: 0.36283368
2024-11-09 23:21:11.359: 37 test start:
2024-11-09 23:21:39.308: 37 avg_reward: 2280.0
2024-11-09 23:21:39.309: 37 avg_steps: 1461.8
2024-11-09 23:21:39.309: 37 epsilon: 0.01
2024-11-09 23:21:39.309: 37 q: 0.37166113
2024-11-09 23:30:51.205: 38 test start:
2024-11-09 23:31:12.989: 38 avg_reward: 1715.0
2024-11-09 23:31:12.989: 38 avg_steps: 1087.8
2024-11-09 23:31:12.989: 38 epsilon: 0.01
2024-11-09 23:31:12.989: 38 q: 0.35075125
2024-11-09 23:40:36.469: 39 test start:
2024-11-09 23:41:04.506: 39 avg_reward: 2025.0
2024-11-09 23:41:04.506: 39 avg_steps: 1467.45
2024-11-09 23:41:04.506: 39 epsilon: 0.01
2024-11-09 23:41:04.506: 39 q: 0.3771237
2024-11-09 23:50:17.772: 40 test start:
2024-11-09 23:50:45.251: 40 avg_reward: 1855.0
2024-11-09 23:50:45.251: 40 avg_steps: 1388.6
2024-11-09 23:50:45.251: 40 epsilon: 0.01
2024-11-09 23:50:45.251: 40 q: 0.38979727
2024-11-10 00:00:07.691: 41 test start:
2024-11-10 00:00:31.727: 41 avg_reward: 1490.0
2024-11-10 00:00:31.727: 41 avg_steps: 1263.95
2024-11-10 00:00:31.727: 41 epsilon: 0.01
2024-11-10 00:00:31.727: 41 q: 0.41146582
2024-11-10 00:09:48.034: 42 test start:
2024-11-10 00:10:18.238: 42 avg_reward: 2020.0
2024-11-10 00:10:18.238: 42 avg_steps: 1529.7
2024-11-10 00:10:18.239: 42 epsilon: 0.01
2024-11-10 00:10:18.239: 42 q: 0.40881434
2024-11-10 00:19:37.825: 43 test start:
2024-11-10 00:20:01.296: 43 avg_reward: 1075.0
2024-11-10 00:20:01.296: 43 avg_steps: 1224.85
2024-11-10 00:20:01.296: 43 epsilon: 0.01
2024-11-10 00:20:01.296: 43 q: 0.41528717
2024-11-10 00:29:20.093: 44 test start:
2024-11-10 00:29:45.035: 44 avg_reward: 1345.0
2024-11-10 00:29:45.035: 44 avg_steps: 1260.9
2024-11-10 00:29:45.035: 44 epsilon: 0.01
2024-11-10 00:29:45.035: 44 q: 0.40818822
2024-11-10 00:39:05.340: 45 test start:
2024-11-10 00:39:36.098: 45 avg_reward: 2990.0
2024-11-10 00:39:36.098: 45 avg_steps: 1616.3
2024-11-10 00:39:36.098: 45 epsilon: 0.01
2024-11-10 00:39:36.098: 45 q: 0.4161862
2024-11-10 00:48:54.106: 46 test start:
2024-11-10 00:49:21.552: 46 avg_reward: 1885.0
2024-11-10 00:49:21.552: 46 avg_steps: 1383.8
2024-11-10 00:49:21.552: 46 epsilon: 0.01
2024-11-10 00:49:21.552: 46 q: 0.40146273
2024-11-10 00:58:40.562: 47 test start:
2024-11-10 00:59:00.818: 47 avg_reward: 1495.0
2024-11-10 00:59:00.819: 47 avg_steps: 1059.8
2024-11-10 00:59:00.819: 47 epsilon: 0.01
2024-11-10 00:59:00.819: 47 q: 0.3785899
2024-11-10 01:08:21.514: 48 test start:
2024-11-10 01:08:42.983: 48 avg_reward: 1740.0
2024-11-10 01:08:42.983: 48 avg_steps: 1082.55
2024-11-10 01:08:42.984: 48 epsilon: 0.01
2024-11-10 01:08:42.984: 48 q: 0.3849579
2024-11-10 01:17:57.747: 49 test start:
2024-11-10 01:18:16.084: 49 avg_reward: 1245.0
2024-11-10 01:18:16.084: 49 avg_steps: 981.45
2024-11-10 01:18:16.084: 49 epsilon: 0.01
2024-11-10 01:18:16.084: 49 q: 0.39019445
2024-11-10 01:27:41.019: 50 test start:
2024-11-10 01:28:06.609: 50 avg_reward: 2480.0
2024-11-10 01:28:06.609: 50 avg_steps: 1353.5
2024-11-10 01:28:06.609: 50 epsilon: 0.01
2024-11-10 01:28:06.609: 50 q: 0.40156254
2024-11-10 01:37:24.280: 51 test start:
2024-11-10 01:37:50.854: 51 avg_reward: 2515.0
2024-11-10 01:37:50.854: 51 avg_steps: 1425.3
2024-11-10 01:37:50.854: 51 epsilon: 0.01
2024-11-10 01:37:50.854: 51 q: 0.41886595
2024-11-10 01:47:17.134: 52 test start:
2024-11-10 01:47:47.726: 52 avg_reward: 2095.0
2024-11-10 01:47:47.726: 52 avg_steps: 1556.45
2024-11-10 01:47:47.726: 52 epsilon: 0.01
2024-11-10 01:47:47.726: 52 q: 0.40957373
2024-11-10 01:56:58.192: 53 test start:
2024-11-10 01:57:26.286: 53 avg_reward: 2755.0
2024-11-10 01:57:26.286: 53 avg_steps: 1464.35
2024-11-10 01:57:26.286: 53 epsilon: 0.01
2024-11-10 01:57:26.286: 53 q: 0.4335782
2024-11-10 02:06:53.004: 54 test start:
2024-11-10 02:07:20.179: 54 avg_reward: 2170.0
2024-11-10 02:07:20.179: 54 avg_steps: 1372.35
2024-11-10 02:07:20.179: 54 epsilon: 0.01
2024-11-10 02:07:20.179: 54 q: 0.4626994
2024-11-10 02:16:29.045: 55 test start:
2024-11-10 02:16:54.781: 55 avg_reward: 2105.0
2024-11-10 02:16:54.781: 55 avg_steps: 1339.7
2024-11-10 02:16:54.781: 55 epsilon: 0.01
2024-11-10 02:16:54.781: 55 q: 0.4268207
2024-11-10 02:26:23.425: 56 test start:
2024-11-10 02:26:47.187: 56 avg_reward: 1780.0
2024-11-10 02:26:47.187: 56 avg_steps: 1189.3
2024-11-10 02:26:47.187: 56 epsilon: 0.01
2024-11-10 02:26:47.187: 56 q: 0.4311781
2024-11-10 02:35:54.483: 57 test start:
2024-11-10 02:36:16.228: 57 avg_reward: 1510.0
2024-11-10 02:36:16.228: 57 avg_steps: 1139.1
2024-11-10 02:36:16.228: 57 epsilon: 0.01
2024-11-10 02:36:16.228: 57 q: 0.45005116
2024-11-10 02:45:46.222: 58 test start:
2024-11-10 02:46:11.415: 58 avg_reward: 1875.0
2024-11-10 02:46:11.415: 58 avg_steps: 1263.2
2024-11-10 02:46:11.415: 58 epsilon: 0.01
2024-11-10 02:46:11.415: 58 q: 0.43104446
2024-11-10 02:55:14.671: 59 test start:
2024-11-10 02:55:34.146: 59 avg_reward: 1455.0
2024-11-10 02:55:34.146: 59 avg_steps: 1009.55
2024-11-10 02:55:34.146: 59 epsilon: 0.01
2024-11-10 02:55:34.146: 59 q: 0.44666162
2024-11-10 03:05:03.820: 60 test start:
2024-11-10 03:05:29.990: 60 avg_reward: 1850.0
2024-11-10 03:05:29.991: 60 avg_steps: 1320.35
2024-11-10 03:05:29.991: 60 epsilon: 0.01
2024-11-10 03:05:29.991: 60 q: 0.45759398
2024-11-10 03:14:31.074: 61 test start:
2024-11-10 03:14:51.485: 61 avg_reward: 1510.0
2024-11-10 03:14:51.485: 61 avg_steps: 1059.65
2024-11-10 03:14:51.485: 61 epsilon: 0.01
2024-11-10 03:14:51.485: 61 q: 0.45938838
2024-11-10 03:24:23.680: 62 test start:
2024-11-10 03:24:48.177: 62 avg_reward: 1970.0
2024-11-10 03:24:48.177: 62 avg_steps: 1237.6
2024-11-10 03:24:48.177: 62 epsilon: 0.01
2024-11-10 03:24:48.177: 62 q: 0.4978138
2024-11-10 03:33:48.937: 63 test start:
2024-11-10 03:34:14.132: 63 avg_reward: 2320.0
2024-11-10 03:34:14.133: 63 avg_steps: 1318.15
2024-11-10 03:34:14.133: 63 epsilon: 0.01
2024-11-10 03:34:14.133: 63 q: 0.5126067
2024-11-10 03:43:46.003: 64 test start:
2024-11-10 03:44:12.664: 64 avg_reward: 2045.0
2024-11-10 03:44:12.664: 64 avg_steps: 1341.35
2024-11-10 03:44:12.664: 64 epsilon: 0.01
2024-11-10 03:44:12.664: 64 q: 0.5348949
2024-11-10 03:53:10.065: 65 test start:
2024-11-10 03:53:37.513: 65 avg_reward: 2285.0
2024-11-10 03:53:37.513: 65 avg_steps: 1436.15
2024-11-10 03:53:37.513: 65 epsilon: 0.01
2024-11-10 03:53:37.513: 65 q: 0.54860604
2024-11-10 04:03:14.693: 66 test start:
2024-11-10 04:03:45.212: 66 avg_reward: 3725.0
2024-11-10 04:03:45.212: 66 avg_steps: 1637.7
2024-11-10 04:03:45.212: 66 epsilon: 0.01
2024-11-10 04:03:45.212: 66 q: 0.575245
2024-11-10 04:12:44.790: 67 test start:
2024-11-10 04:13:08.624: 67 avg_reward: 2765.0
2024-11-10 04:13:08.624: 67 avg_steps: 1211.3
2024-11-10 04:13:08.624: 67 epsilon: 0.01
2024-11-10 04:13:08.624: 67 q: 0.5673778
2024-11-10 04:22:37.967: 68 test start:
2024-11-10 04:23:05.823: 68 avg_reward: 3210.0
2024-11-10 04:23:05.823: 68 avg_steps: 1452.6
2024-11-10 04:23:05.823: 68 epsilon: 0.01
2024-11-10 04:23:05.823: 68 q: 0.59738463
2024-11-10 04:32:12.223: 69 test start:
2024-11-10 04:32:28.550: 69 avg_reward: 1885.0
2024-11-10 04:32:28.550: 69 avg_steps: 820.9
2024-11-10 04:32:28.550: 69 epsilon: 0.01
2024-11-10 04:32:28.550: 69 q: 0.62594104
2024-11-10 04:41:53.027: 70 test start:
2024-11-10 04:42:16.977: 70 avg_reward: 2900.0
2024-11-10 04:42:16.977: 70 avg_steps: 1249.55
2024-11-10 04:42:16.977: 70 epsilon: 0.01
2024-11-10 04:42:16.977: 70 q: 0.62811035
2024-11-10 04:51:23.395: 71 test start:
2024-11-10 04:51:40.730: 71 avg_reward: 1390.0
2024-11-10 04:51:40.730: 71 avg_steps: 904.4
2024-11-10 04:51:40.730: 71 epsilon: 0.01
2024-11-10 04:51:40.730: 71 q: 0.65208316
2024-11-10 05:01:09.155: 72 test start:
2024-11-10 05:01:30.907: 72 avg_reward: 2285.0
2024-11-10 05:01:30.907: 72 avg_steps: 1140.2
2024-11-10 05:01:30.907: 72 epsilon: 0.01
2024-11-10 05:01:30.907: 72 q: 0.6579885
2024-11-10 05:10:52.849: 73 test start:
2024-11-10 05:11:16.161: 73 avg_reward: 2435.0
2024-11-10 05:11:16.161: 73 avg_steps: 1161.05
2024-11-10 05:11:16.161: 73 epsilon: 0.01
2024-11-10 05:11:16.162: 73 q: 0.6894729
2024-11-10 05:20:53.839: 74 test start:
2024-11-10 05:21:13.217: 74 avg_reward: 2100.0
2024-11-10 05:21:13.217: 74 avg_steps: 1077.6
2024-11-10 05:21:13.218: 74 epsilon: 0.01
2024-11-10 05:21:13.218: 74 q: 0.6995111
2024-11-10 05:30:41.761: 75 test start:
2024-11-10 05:31:04.075: 75 avg_reward: 2235.0
2024-11-10 05:31:04.076: 75 avg_steps: 1122.15
2024-11-10 05:31:04.076: 75 epsilon: 0.01
2024-11-10 05:31:04.076: 75 q: 0.7051326
2024-11-10 05:40:17.225: 76 test start:
2024-11-10 05:40:34.768: 76 avg_reward: 2480.0
2024-11-10 05:40:34.768: 76 avg_steps: 953.1
2024-11-10 05:40:34.768: 76 epsilon: 0.01
2024-11-10 05:40:34.768: 76 q: 0.7291924
2024-11-10 05:49:52.838: 77 test start:
2024-11-10 05:50:08.781: 77 avg_reward: 2785.0
2024-11-10 05:50:08.781: 77 avg_steps: 840.25
2024-11-10 05:50:08.781: 77 epsilon: 0.01
2024-11-10 05:50:08.781: 77 q: 0.69921046
2024-11-10 05:59:09.183: 78 test start:
2024-11-10 05:59:27.973: 78 avg_reward: 1905.0
2024-11-10 05:59:27.973: 78 avg_steps: 975.95
2024-11-10 05:59:27.973: 78 epsilon: 0.01
2024-11-10 05:59:27.973: 78 q: 0.72259605
2024-11-10 06:08:34.704: 79 test start:
2024-11-10 06:08:55.646: 79 avg_reward: 4020.0
2024-11-10 06:08:55.646: 79 avg_steps: 1091.1
2024-11-10 06:08:55.646: 79 epsilon: 0.01
2024-11-10 06:08:55.646: 79 q: 0.73484004
2024-11-10 06:18:01.386: 80 test start:
2024-11-10 06:18:27.416: 80 avg_reward: 4390.0
2024-11-10 06:18:27.416: 80 avg_steps: 1344.75
2024-11-10 06:18:27.416: 80 epsilon: 0.01
2024-11-10 06:18:27.416: 80 q: 0.7151452
2024-11-10 06:27:33.074: 81 test start:
2024-11-10 06:27:50.743: 81 avg_reward: 1640.0
2024-11-10 06:27:50.743: 81 avg_steps: 909.6
2024-11-10 06:27:50.771: 81 epsilon: 0.01
2024-11-10 06:27:50.771: 81 q: 0.7166714
2024-11-10 06:37:13.423: 82 test start:
2024-11-10 06:37:26.986: 82 avg_reward: 1580.0
2024-11-10 06:37:26.986: 82 avg_steps: 707.1
2024-11-10 06:37:26.986: 82 epsilon: 0.01
2024-11-10 06:37:26.987: 82 q: 0.7154193
2024-11-10 06:46:27.983: 83 test start:
2024-11-10 06:46:52.337: 83 avg_reward: 2885.0
2024-11-10 06:46:52.337: 83 avg_steps: 1275.95
2024-11-10 06:46:52.337: 83 epsilon: 0.01
2024-11-10 06:46:52.337: 83 q: 0.7396853
2024-11-10 06:56:04.788: 84 test start:
2024-11-10 06:56:22.545: 84 avg_reward: 2080.0
2024-11-10 06:56:22.545: 84 avg_steps: 917.3
2024-11-10 06:56:22.546: 84 epsilon: 0.01
2024-11-10 06:56:22.546: 84 q: 0.73298496
2024-11-10 07:05:39.401: 85 test start:
2024-11-10 07:06:01.342: 85 avg_reward: 3895.0
2024-11-10 07:06:01.343: 85 avg_steps: 1124.6
2024-11-10 07:06:01.343: 85 epsilon: 0.01
2024-11-10 07:06:01.343: 85 q: 0.7437957
2024-11-10 07:15:37.586: 86 test start:
2024-11-10 07:15:55.514: 86 avg_reward: 1985.0
2024-11-10 07:15:55.515: 86 avg_steps: 945.65
2024-11-10 07:15:55.515: 86 epsilon: 0.01
2024-11-10 07:15:55.515: 86 q: 0.7327991
2024-11-10 07:25:16.211: 87 test start:
2024-11-10 07:25:33.282: 87 avg_reward: 1295.0
2024-11-10 07:25:33.282: 87 avg_steps: 839.75
2024-11-10 07:25:33.282: 87 epsilon: 0.01
2024-11-10 07:25:33.282: 87 q: 0.7653925
2024-11-10 07:35:12.872: 88 test start:
2024-11-10 07:35:33.851: 88 avg_reward: 3435.0
2024-11-10 07:35:33.852: 88 avg_steps: 1112.1
2024-11-10 07:35:33.852: 88 epsilon: 0.01
2024-11-10 07:35:33.852: 88 q: 0.7582562
2024-11-10 07:45:04.404: 89 test start:
2024-11-10 07:45:31.454: 89 avg_reward: 4095.0
2024-11-10 07:45:31.454: 89 avg_steps: 1343.2
2024-11-10 07:45:31.454: 89 epsilon: 0.01
2024-11-10 07:45:31.454: 89 q: 0.77645135
2024-11-10 07:54:49.127: 90 test start:
2024-11-10 07:55:18.614: 90 avg_reward: 4320.0
2024-11-10 07:55:18.615: 90 avg_steps: 1577.3
2024-11-10 07:55:18.615: 90 epsilon: 0.01
2024-11-10 07:55:18.615: 90 q: 0.7970151
2024-11-10 08:04:41.919: 91 test start:
2024-11-10 08:05:01.169: 91 avg_reward: 1950.0
2024-11-10 08:05:01.170: 91 avg_steps: 974.3
2024-11-10 08:05:01.170: 91 epsilon: 0.01
2024-11-10 08:05:01.170: 91 q: 0.79042065
2024-11-10 08:13:59.966: 92 test start:
2024-11-10 08:14:22.270: 92 avg_reward: 3215.0
2024-11-10 08:14:22.270: 92 avg_steps: 1158.45
2024-11-10 08:14:22.271: 92 epsilon: 0.01
2024-11-10 08:14:22.271: 92 q: 0.7927536
2024-11-10 08:24:01.436: 93 test start:
2024-11-10 08:24:20.002: 93 avg_reward: 2490.0
2024-11-10 08:24:20.003: 93 avg_steps: 944.9
2024-11-10 08:24:20.008: 93 epsilon: 0.01
2024-11-10 08:24:20.008: 93 q: 0.8301313
2024-11-10 08:33:35.445: 94 test start:
2024-11-10 08:33:55.701: 94 avg_reward: 2585.0
2024-11-10 08:33:55.702: 94 avg_steps: 1024.7
2024-11-10 08:33:55.702: 94 epsilon: 0.01
2024-11-10 08:33:55.702: 94 q: 0.8526994
2024-11-10 08:43:42.577: 95 test start:
2024-11-10 08:44:15.733: 95 avg_reward: 5900.0
2024-11-10 08:44:15.733: 95 avg_steps: 1707.95
2024-11-10 08:44:15.733: 95 epsilon: 0.01
2024-11-10 08:44:15.733: 95 q: 0.8545515
2024-11-10 08:53:35.071: 96 test start:
2024-11-10 08:53:54.613: 96 avg_reward: 2760.0
2024-11-10 08:53:54.613: 96 avg_steps: 1003.6
2024-11-10 08:53:54.613: 96 epsilon: 0.01
2024-11-10 08:53:54.613: 96 q: 0.89682543
2024-11-10 09:03:38.212: 97 test start:
2024-11-10 09:03:55.105: 97 avg_reward: 2510.0
2024-11-10 09:03:55.105: 97 avg_steps: 867.15
2024-11-10 09:03:55.105: 97 epsilon: 0.01
2024-11-10 09:03:55.105: 97 q: 0.9031903
2024-11-10 09:13:11.731: 98 test start:
2024-11-10 09:13:34.030: 98 avg_reward: 3575.0
2024-11-10 09:13:34.031: 98 avg_steps: 1162.8
2024-11-10 09:13:34.031: 98 epsilon: 0.01
2024-11-10 09:13:34.031: 98 q: 0.8751071
2024-11-10 09:23:16.240: 99 test start:
2024-11-10 09:23:40.706: 99 avg_reward: 4525.0
2024-11-10 09:23:40.706: 99 avg_steps: 1294.55
2024-11-10 09:23:40.706: 99 epsilon: 0.01
2024-11-10 09:23:40.706: 99 q: 0.8684252
2024-11-10 09:32:55.628: 100 test start:
2024-11-10 09:33:21.747: 100 avg_reward: 4115.0
2024-11-10 09:33:21.748: 100 avg_steps: 1342.1
2024-11-10 09:33:21.748: 100 epsilon: 0.01
2024-11-10 09:33:21.748: 100 q: 0.87958324
2024-11-10 09:43:00.669: 101 test start:
2024-11-10 09:43:30.095: 101 avg_reward: 6105.0
2024-11-10 09:43:30.095: 101 avg_steps: 1500.2
2024-11-10 09:43:30.096: 101 epsilon: 0.01
2024-11-10 09:43:30.096: 101 q: 0.9069631
2024-11-10 09:52:50.536: 102 test start:
2024-11-10 09:53:11.431: 102 avg_reward: 2700.0
2024-11-10 09:53:11.431: 102 avg_steps: 1063.2
2024-11-10 09:53:11.437: 102 epsilon: 0.01
2024-11-10 09:53:11.437: 102 q: 0.8827829
2024-11-10 10:02:39.789: 103 test start:
2024-11-10 10:03:02.881: 103 avg_reward: 3495.0
2024-11-10 10:03:02.881: 103 avg_steps: 1247.25
2024-11-10 10:03:02.881: 103 epsilon: 0.01
2024-11-10 10:03:02.881: 103 q: 0.8951534
2024-11-10 10:12:24.313: 104 test start:
2024-11-10 10:12:56.335: 104 avg_reward: 5785.0
2024-11-10 10:12:56.336: 104 avg_steps: 1636.45
2024-11-10 10:12:56.336: 104 epsilon: 0.01
2024-11-10 10:12:56.336: 104 q: 0.9151004
2024-11-10 10:22:18.907: 105 test start:
2024-11-10 10:22:43.433: 105 avg_reward: 5970.0
2024-11-10 10:22:43.433: 105 avg_steps: 1315.45
2024-11-10 10:22:43.433: 105 epsilon: 0.01
2024-11-10 10:22:43.433: 105 q: 0.9326609
2024-11-10 10:32:13.808: 106 test start:
2024-11-10 10:32:40.857: 106 avg_reward: 4465.0
2024-11-10 10:32:40.857: 106 avg_steps: 1365.2
2024-11-10 10:32:40.857: 106 epsilon: 0.01
2024-11-10 10:32:40.857: 106 q: 0.9454452
2024-11-10 10:42:07.102: 107 test start:
2024-11-10 10:42:32.781: 107 avg_reward: 5755.0
2024-11-10 10:42:32.781: 107 avg_steps: 1339.45
2024-11-10 10:42:32.781: 107 epsilon: 0.01
2024-11-10 10:42:32.782: 107 q: 0.97200084
2024-11-10 10:52:12.185: 108 test start:
2024-11-10 10:52:40.438: 108 avg_reward: 6210.0
2024-11-10 10:52:40.438: 108 avg_steps: 1464.35
2024-11-10 10:52:40.438: 108 epsilon: 0.01
2024-11-10 10:52:40.438: 108 q: 0.98183984
2024-11-10 11:01:58.369: 109 test start:
2024-11-10 11:02:21.096: 109 avg_reward: 3595.0
2024-11-10 11:02:21.096: 109 avg_steps: 1168.75
2024-11-10 11:02:21.096: 109 epsilon: 0.01
2024-11-10 11:02:21.096: 109 q: 0.99380636
2024-11-10 11:12:05.076: 110 test start:
2024-11-10 11:12:32.667: 110 avg_reward: 6515.0
2024-11-10 11:12:32.667: 110 avg_steps: 1428.9
2024-11-10 11:12:32.667: 110 epsilon: 0.01
2024-11-10 11:12:32.667: 110 q: 1.0040433
2024-11-10 11:21:54.664: 111 test start:
2024-11-10 11:22:17.533: 111 avg_reward: 4235.0
2024-11-10 11:22:17.533: 111 avg_steps: 1195.05
2024-11-10 11:22:17.533: 111 epsilon: 0.01
2024-11-10 11:22:17.533: 111 q: 1.0055625
2024-11-10 11:31:56.665: 112 test start:
2024-11-10 11:32:23.146: 112 avg_reward: 4605.0
2024-11-10 11:32:23.146: 112 avg_steps: 1400.8
2024-11-10 11:32:23.146: 112 epsilon: 0.01
2024-11-10 11:32:23.146: 112 q: 1.0334258
2024-11-10 11:41:39.903: 113 test start:
2024-11-10 11:42:02.247: 113 avg_reward: 3350.0
2024-11-10 11:42:02.247: 113 avg_steps: 1144.1
2024-11-10 11:42:02.247: 113 epsilon: 0.01
2024-11-10 11:42:02.247: 113 q: 0.978304
2024-11-10 11:51:43.142: 114 test start:
2024-11-10 11:52:05.399: 114 avg_reward: 4325.0
2024-11-10 11:52:05.399: 114 avg_steps: 1137.7
2024-11-10 11:52:05.399: 114 epsilon: 0.01
2024-11-10 11:52:05.399: 114 q: 1.0025004
2024-11-10 12:01:28.596: 115 test start:
2024-11-10 12:01:49.875: 115 avg_reward: 4085.0
2024-11-10 12:01:49.875: 115 avg_steps: 1107.8
2024-11-10 12:01:49.875: 115 epsilon: 0.01
2024-11-10 12:01:49.875: 115 q: 1.0085222
2024-11-10 12:11:21.826: 116 test start:
2024-11-10 12:11:45.325: 116 avg_reward: 4365.0
2024-11-10 12:11:45.325: 116 avg_steps: 1253.6
2024-11-10 12:11:45.326: 116 epsilon: 0.01
2024-11-10 12:11:45.326: 116 q: 0.9908831
2024-11-10 12:21:08.675: 117 test start:
2024-11-10 12:21:36.464: 117 avg_reward: 5700.0
2024-11-10 12:21:36.464: 117 avg_steps: 1371.75
2024-11-10 12:21:36.464: 117 epsilon: 0.01
2024-11-10 12:21:36.464: 117 q: 1.0049169
2024-11-10 12:31:10.774: 118 test start:
2024-11-10 12:31:36.477: 118 avg_reward: 4495.0
2024-11-10 12:31:36.477: 118 avg_steps: 1370.6
2024-11-10 12:31:36.477: 118 epsilon: 0.01
2024-11-10 12:31:36.477: 118 q: 0.99229383
2024-11-10 12:41:08.134: 119 test start:
2024-11-10 12:41:28.865: 119 avg_reward: 4445.0
2024-11-10 12:41:28.866: 119 avg_steps: 1044.25
2024-11-10 12:41:28.866: 119 epsilon: 0.01
2024-11-10 12:41:28.866: 119 q: 1.0170139
2024-11-10 12:50:44.158: 120 test start:
2024-11-10 12:51:05.640: 120 avg_reward: 3735.0
2024-11-10 12:51:05.641: 120 avg_steps: 1123.0
2024-11-10 12:51:05.641: 120 epsilon: 0.01
2024-11-10 12:51:05.641: 120 q: 1.0306764
2024-11-10 13:00:48.076: 121 test start:
2024-11-10 13:01:16.707: 121 avg_reward: 3690.0
2024-11-10 13:01:16.707: 121 avg_steps: 1462.05
2024-11-10 13:01:16.707: 121 epsilon: 0.01
2024-11-10 13:01:16.707: 121 q: 1.0403256
2024-11-10 13:10:32.816: 122 test start:
2024-11-10 13:11:06.731: 122 avg_reward: 6520.0
2024-11-10 13:11:06.731: 122 avg_steps: 1758.0
2024-11-10 13:11:06.731: 122 epsilon: 0.01
2024-11-10 13:11:06.731: 122 q: 1.0724922
2024-11-10 13:20:39.412: 123 test start:
2024-11-10 13:21:08.285: 123 avg_reward: 2990.0
2024-11-10 13:21:08.286: 123 avg_steps: 1534.05
2024-11-10 13:21:08.286: 123 epsilon: 0.01
2024-11-10 13:21:08.286: 123 q: 1.0813359
2024-11-10 13:30:19.374: 124 test start:
2024-11-10 13:30:50.062: 124 avg_reward: 7140.0
2024-11-10 13:30:50.062: 124 avg_steps: 1624.15
2024-11-10 13:30:50.062: 124 epsilon: 0.01
2024-11-10 13:30:50.062: 124 q: 1.1038623
2024-11-10 13:40:31.850: 125 test start:
2024-11-10 13:40:53.051: 125 avg_reward: 2985.0
2024-11-10 13:40:53.051: 125 avg_steps: 1146.45
2024-11-10 13:40:53.051: 125 epsilon: 0.01
2024-11-10 13:40:53.051: 125 q: 1.1277152
2024-11-10 13:50:18.126: 126 test start:
2024-11-10 13:50:49.880: 126 avg_reward: 9265.0
2024-11-10 13:50:49.880: 126 avg_steps: 1658.75
2024-11-10 13:50:49.881: 126 epsilon: 0.01
2024-11-10 13:50:49.881: 126 q: 1.1287038
2024-11-10 14:00:31.377: 127 test start:
2024-11-10 14:00:51.068: 127 avg_reward: 4250.0
2024-11-10 14:00:51.069: 127 avg_steps: 1028.8
2024-11-10 14:00:51.069: 127 epsilon: 0.01
2024-11-10 14:00:51.069: 127 q: 1.1049601
2024-11-10 14:10:10.769: 128 test start:
2024-11-10 14:10:47.215: 128 avg_reward: 10695.0
2024-11-10 14:10:47.215: 128 avg_steps: 1828.5
2024-11-10 14:10:47.215: 128 epsilon: 0.01
2024-11-10 14:10:47.215: 128 q: 1.1260123
2024-11-10 14:20:27.458: 129 test start:
2024-11-10 14:20:56.711: 129 avg_reward: 7095.0
2024-11-10 14:20:56.711: 129 avg_steps: 1529.75
2024-11-10 14:20:56.711: 129 epsilon: 0.01
2024-11-10 14:20:56.711: 129 q: 1.1342957
2024-11-10 14:30:26.693: 130 test start:
2024-11-10 14:30:56.648: 130 avg_reward: 4780.0
2024-11-10 14:30:56.648: 130 avg_steps: 1524.35
2024-11-10 14:30:56.648: 130 epsilon: 0.01
2024-11-10 14:30:56.648: 130 q: 1.1406884
2024-11-10 14:40:18.265: 131 test start:
2024-11-10 14:40:44.895: 131 avg_reward: 4690.0
2024-11-10 14:40:44.895: 131 avg_steps: 1469.8
2024-11-10 14:40:44.895: 131 epsilon: 0.01
2024-11-10 14:40:44.895: 131 q: 1.135762
2024-11-10 14:50:16.929: 132 test start:
2024-11-10 14:50:43.177: 132 avg_reward: 6075.0
2024-11-10 14:50:43.177: 132 avg_steps: 1376.25
2024-11-10 14:50:43.177: 132 epsilon: 0.01
2024-11-10 14:50:43.177: 132 q: 1.1127559
2024-11-10 15:00:01.393: 133 test start:
2024-11-10 15:00:30.807: 133 avg_reward: 7400.0
2024-11-10 15:00:30.807: 133 avg_steps: 1619.9
2024-11-10 15:00:30.807: 133 epsilon: 0.01
2024-11-10 15:00:30.807: 133 q: 1.1520596
2024-11-10 15:10:04.988: 134 test start:
2024-11-10 15:10:30.688: 134 avg_reward: 5010.0
2024-11-10 15:10:30.688: 134 avg_steps: 1404.9
2024-11-10 15:10:30.688: 134 epsilon: 0.01
2024-11-10 15:10:30.688: 134 q: 1.158878
2024-11-10 15:19:43.249: 135 test start:
2024-11-10 15:20:00.475: 135 avg_reward: 3975.0
2024-11-10 15:20:00.475: 135 avg_steps: 939.8
2024-11-10 15:20:00.475: 135 epsilon: 0.01
2024-11-10 15:20:00.475: 135 q: 1.1747421
2024-11-10 15:29:24.775: 136 test start:
2024-11-10 15:29:53.964: 136 avg_reward: 5625.0
2024-11-10 15:29:53.964: 136 avg_steps: 1580.9
2024-11-10 15:29:53.964: 136 epsilon: 0.01
2024-11-10 15:29:53.964: 136 q: 1.162645
2024-11-10 15:39:18.803: 137 test start:
2024-11-10 15:39:43.281: 137 avg_reward: 4145.0
2024-11-10 15:39:43.282: 137 avg_steps: 1303.05
2024-11-10 15:39:43.282: 137 epsilon: 0.01
2024-11-10 15:39:43.282: 137 q: 1.1899145
2024-11-10 15:49:18.201: 138 test start:
2024-11-10 15:49:49.625: 138 avg_reward: 8945.0
2024-11-10 15:49:49.626: 138 avg_steps: 1666.95
2024-11-10 15:49:49.626: 138 epsilon: 0.01
2024-11-10 15:49:49.626: 138 q: 1.2042888
2024-11-10 15:59:10.548: 139 test start:
2024-11-10 15:59:31.349: 139 avg_reward: 3670.0
2024-11-10 15:59:31.349: 139 avg_steps: 1099.05
2024-11-10 15:59:31.349: 139 epsilon: 0.01
2024-11-10 15:59:31.349: 139 q: 1.189462
2024-11-10 16:09:04.037: 140 test start:
2024-11-10 16:09:28.854: 140 avg_reward: 4270.0
2024-11-10 16:09:28.854: 140 avg_steps: 1313.15
2024-11-10 16:09:28.855: 140 epsilon: 0.01
2024-11-10 16:09:28.855: 140 q: 1.2055256
2024-11-10 16:18:50.774: 141 test start:
2024-11-10 16:19:17.636: 141 avg_reward: 5015.0
2024-11-10 16:19:17.636: 141 avg_steps: 1371.8
2024-11-10 16:19:17.636: 141 epsilon: 0.01
2024-11-10 16:19:17.636: 141 q: 1.234365
2024-11-10 16:28:58.779: 142 test start:
2024-11-10 16:29:24.254: 142 avg_reward: 5185.0
2024-11-10 16:29:24.255: 142 avg_steps: 1350.5
2024-11-10 16:29:24.255: 142 epsilon: 0.01
2024-11-10 16:29:24.255: 142 q: 1.1870552
2024-11-10 16:38:59.547: 143 test start:
2024-11-10 16:39:26.428: 143 avg_reward: 7495.0
2024-11-10 16:39:26.428: 143 avg_steps: 1342.85
2024-11-10 16:39:26.429: 143 epsilon: 0.01
2024-11-10 16:39:26.429: 143 q: 1.1911861
2024-11-10 16:48:40.084: 144 test start:
2024-11-10 16:49:04.676: 144 avg_reward: 3725.0
2024-11-10 16:49:04.676: 144 avg_steps: 1308.15
2024-11-10 16:49:04.676: 144 epsilon: 0.01
2024-11-10 16:49:04.676: 144 q: 1.22225
2024-11-10 16:58:42.908: 145 test start:
2024-11-10 16:59:00.909: 145 avg_reward: 3270.0
2024-11-10 16:59:00.910: 145 avg_steps: 925.7
2024-11-10 16:59:00.910: 145 epsilon: 0.01
2024-11-10 16:59:00.910: 145 q: 1.2079301
2024-11-10 17:08:22.562: 146 test start:
2024-11-10 17:08:50.801: 146 avg_reward: 5445.0
2024-11-10 17:08:50.801: 146 avg_steps: 1440.6
2024-11-10 17:08:50.801: 146 epsilon: 0.01
2024-11-10 17:08:50.801: 146 q: 1.1811872
2024-11-10 17:18:38.311: 147 test start:
2024-11-10 17:19:06.740: 147 avg_reward: 5920.0
2024-11-10 17:19:06.741: 147 avg_steps: 1462.45
2024-11-10 17:19:06.741: 147 epsilon: 0.01
2024-11-10 17:19:06.741: 147 q: 1.1874133
2024-11-10 17:28:29.210: 148 test start:
2024-11-10 17:28:58.229: 148 avg_reward: 6120.0
2024-11-10 17:28:58.230: 148 avg_steps: 1490.7
2024-11-10 17:28:58.230: 148 epsilon: 0.01
2024-11-10 17:28:58.230: 148 q: 1.1692895
2024-11-10 17:38:38.787: 149 test start:
2024-11-10 17:39:00.415: 149 avg_reward: 4850.0
2024-11-10 17:39:00.415: 149 avg_steps: 1163.2
2024-11-10 17:39:00.415: 149 epsilon: 0.01
2024-11-10 17:39:00.415: 149 q: 1.1755134
2024-11-10 17:48:24.593: 150 test start:
2024-11-10 17:48:51.944: 150 avg_reward: 7430.0
2024-11-10 17:48:51.944: 150 avg_steps: 1463.4
2024-11-10 17:48:51.944: 150 epsilon: 0.01
2024-11-10 17:48:51.944: 150 q: 1.153858
2024-11-10 17:58:22.804: 151 test start:
2024-11-10 17:58:43.578: 151 avg_reward: 2830.0
2024-11-10 17:58:43.578: 151 avg_steps: 1100.4
2024-11-10 17:58:43.578: 151 epsilon: 0.01
2024-11-10 17:58:43.578: 151 q: 1.1702706
2024-11-10 18:08:09.068: 152 test start:
2024-11-10 18:08:36.164: 152 avg_reward: 7120.0
2024-11-10 18:08:36.164: 152 avg_steps: 1428.6
2024-11-10 18:08:36.164: 152 epsilon: 0.01
2024-11-10 18:08:36.164: 152 q: 1.1672112
2024-11-10 18:18:06.467: 153 test start:
2024-11-10 18:18:31.195: 153 avg_reward: 6905.0
2024-11-10 18:18:31.196: 153 avg_steps: 1284.2
2024-11-10 18:18:31.196: 153 epsilon: 0.01
2024-11-10 18:18:31.196: 153 q: 1.169458
2024-11-10 18:27:51.168: 154 test start:
2024-11-10 18:28:17.741: 154 avg_reward: 5185.0
2024-11-10 18:28:17.742: 154 avg_steps: 1397.3
2024-11-10 18:28:17.742: 154 epsilon: 0.01
2024-11-10 18:28:17.742: 154 q: 1.1619604
2024-11-10 18:37:50.690: 155 test start:
2024-11-10 18:38:18.429: 155 avg_reward: 6920.0
2024-11-10 18:38:18.429: 155 avg_steps: 1514.95
2024-11-10 18:38:18.429: 155 epsilon: 0.01
2024-11-10 18:38:18.429: 155 q: 1.2034508
2024-11-10 18:47:47.878: 156 test start:
2024-11-10 18:48:17.482: 156 avg_reward: 6670.0
2024-11-10 18:48:17.482: 156 avg_steps: 1492.9
2024-11-10 18:48:17.482: 156 epsilon: 0.01
2024-11-10 18:48:17.482: 156 q: 1.1915545
2024-11-10 18:57:44.062: 157 test start:
2024-11-10 18:58:08.104: 157 avg_reward: 4725.0
2024-11-10 18:58:08.104: 157 avg_steps: 1242.5
2024-11-10 18:58:08.104: 157 epsilon: 0.01
2024-11-10 18:58:08.104: 157 q: 1.2110157
2024-11-10 19:07:35.988: 158 test start:
2024-11-10 19:07:57.363: 158 avg_reward: 4605.0
2024-11-10 19:07:57.363: 158 avg_steps: 1115.3
2024-11-10 19:07:57.363: 158 epsilon: 0.01
2024-11-10 19:07:57.363: 158 q: 1.2147866
2024-11-10 19:17:23.186: 159 test start:
2024-11-10 19:17:40.807: 159 avg_reward: 3250.0
2024-11-10 19:17:40.808: 159 avg_steps: 908.15
2024-11-10 19:17:40.808: 159 epsilon: 0.01
2024-11-10 19:17:40.808: 159 q: 1.1858584
2024-11-10 19:27:20.780: 160 test start:
2024-11-10 19:27:49.822: 160 avg_reward: 5860.0
2024-11-10 19:27:49.823: 160 avg_steps: 1520.1
2024-11-10 19:27:49.823: 160 epsilon: 0.01
2024-11-10 19:27:49.823: 160 q: 1.2196523
2024-11-10 19:37:14.911: 161 test start:
2024-11-10 19:37:39.752: 161 avg_reward: 7285.0
2024-11-10 19:37:39.752: 161 avg_steps: 1270.2
2024-11-10 19:37:39.752: 161 epsilon: 0.01
2024-11-10 19:37:39.752: 161 q: 1.203829
2024-11-10 19:47:13.003: 162 test start:
2024-11-10 19:47:39.449: 162 avg_reward: 6440.0
2024-11-10 19:47:39.449: 162 avg_steps: 1376.35
2024-11-10 19:47:39.449: 162 epsilon: 0.01
2024-11-10 19:47:39.449: 162 q: 1.199861
2024-11-10 19:57:02.581: 163 test start:
2024-11-10 19:57:34.581: 163 avg_reward: 8475.0
2024-11-10 19:57:34.581: 163 avg_steps: 1693.75
2024-11-10 19:57:34.581: 163 epsilon: 0.01
2024-11-10 19:57:34.581: 163 q: 1.2330613
2024-11-10 20:07:01.962: 164 test start:
2024-11-10 20:07:36.621: 164 avg_reward: 6695.0
2024-11-10 20:07:36.621: 164 avg_steps: 1825.95
2024-11-10 20:07:36.621: 164 epsilon: 0.01
2024-11-10 20:07:36.621: 164 q: 1.2441933
2024-11-10 20:16:56.838: 165 test start:
2024-11-10 20:17:21.566: 165 avg_reward: 3895.0
2024-11-10 20:17:21.566: 165 avg_steps: 1272.4
2024-11-10 20:17:21.566: 165 epsilon: 0.01
2024-11-10 20:17:21.566: 165 q: 1.2226233
2024-11-10 20:26:56.273: 166 test start:
2024-11-10 20:27:16.802: 166 avg_reward: 3750.0
2024-11-10 20:27:16.802: 166 avg_steps: 1063.6
2024-11-10 20:27:16.802: 166 epsilon: 0.01
2024-11-10 20:27:16.802: 166 q: 1.2163906
2024-11-10 20:36:47.854: 167 test start:
2024-11-10 20:37:19.038: 167 avg_reward: 6715.0
2024-11-10 20:37:19.038: 167 avg_steps: 1577.95
2024-11-10 20:37:19.038: 167 epsilon: 0.01
2024-11-10 20:37:19.038: 167 q: 1.223993
2024-11-10 20:46:50.457: 168 test start:
2024-11-10 20:47:24.158: 168 avg_reward: 11590.0
2024-11-10 20:47:24.158: 168 avg_steps: 1780.5
2024-11-10 20:47:24.158: 168 epsilon: 0.01
2024-11-10 20:47:24.158: 168 q: 1.2019683
2024-11-10 20:57:05.398: 169 test start:
2024-11-10 20:57:32.133: 169 avg_reward: 6090.0
2024-11-10 20:57:32.133: 169 avg_steps: 1393.4
2024-11-10 20:57:32.133: 169 epsilon: 0.01
2024-11-10 20:57:32.133: 169 q: 1.2082505
2024-11-10 21:06:55.501: 170 test start:
2024-11-10 21:07:28.151: 170 avg_reward: 5295.0
2024-11-10 21:07:28.152: 170 avg_steps: 1718.5
2024-11-10 21:07:28.152: 170 epsilon: 0.01
2024-11-10 21:07:28.152: 170 q: 1.195955
2024-11-10 21:17:03.930: 171 test start:
2024-11-10 21:17:33.945: 171 avg_reward: 6890.0
2024-11-10 21:17:33.945: 171 avg_steps: 1554.5
2024-11-10 21:17:33.945: 171 epsilon: 0.01
2024-11-10 21:17:33.945: 171 q: 1.183548
2024-11-10 21:27:04.411: 172 test start:
2024-11-10 21:27:36.333: 172 avg_reward: 8315.0
2024-11-10 21:27:36.333: 172 avg_steps: 1649.55
2024-11-10 21:27:36.333: 172 epsilon: 0.01
2024-11-10 21:27:36.333: 172 q: 1.2104949
2024-11-10 21:37:15.370: 173 test start:
2024-11-10 21:37:38.032: 173 avg_reward: 2885.0
2024-11-10 21:37:38.032: 173 avg_steps: 1208.0
2024-11-10 21:37:38.032: 173 epsilon: 0.01
2024-11-10 21:37:38.032: 173 q: 1.220667
2024-11-10 21:47:06.971: 174 test start:
2024-11-10 21:47:29.870: 174 avg_reward: 4515.0
2024-11-10 21:47:29.870: 174 avg_steps: 1203.2
2024-11-10 21:47:29.870: 174 epsilon: 0.01
2024-11-10 21:47:29.870: 174 q: 1.2287315
2024-11-10 21:57:00.928: 175 test start:
2024-11-10 21:57:26.310: 175 avg_reward: 4640.0
2024-11-10 21:57:26.310: 175 avg_steps: 1327.0
2024-11-10 21:57:26.310: 175 epsilon: 0.01
2024-11-10 21:57:26.310: 175 q: 1.2239778
2024-11-10 22:07:00.417: 176 test start:
2024-11-10 22:07:18.693: 176 avg_reward: 4060.0
2024-11-10 22:07:18.693: 176 avg_steps: 938.55
2024-11-10 22:07:18.693: 176 epsilon: 0.01
2024-11-10 22:07:18.693: 176 q: 1.1956306
2024-11-10 22:17:01.875: 177 test start:
2024-11-10 22:17:29.234: 177 avg_reward: 6750.0
2024-11-10 22:17:29.234: 177 avg_steps: 1415.75
2024-11-10 22:17:29.234: 177 epsilon: 0.01
2024-11-10 22:17:29.234: 177 q: 1.149717
2024-11-10 22:27:00.853: 178 test start:
2024-11-10 22:27:31.524: 178 avg_reward: 7830.0
2024-11-10 22:27:31.524: 178 avg_steps: 1513.45
2024-11-10 22:27:31.524: 178 epsilon: 0.01
2024-11-10 22:27:31.524: 178 q: 1.1637474
2024-11-10 22:37:00.361: 179 test start:
2024-11-10 22:37:36.072: 179 avg_reward: 9575.0
2024-11-10 22:37:36.073: 179 avg_steps: 1859.35
2024-11-10 22:37:36.073: 179 epsilon: 0.01
2024-11-10 22:37:36.073: 179 q: 1.1517605
2024-11-10 22:47:07.263: 180 test start:
2024-11-10 22:47:33.047: 180 avg_reward: 5080.0
2024-11-10 22:47:33.048: 180 avg_steps: 1327.75
2024-11-10 22:47:33.048: 180 epsilon: 0.01
2024-11-10 22:47:33.048: 180 q: 1.1565328
2024-11-10 22:57:01.358: 181 test start:
2024-11-10 22:57:24.618: 181 avg_reward: 4935.0
2024-11-10 22:57:24.618: 181 avg_steps: 1247.85
2024-11-10 22:57:24.618: 181 epsilon: 0.01
2024-11-10 22:57:24.619: 181 q: 1.190305
2024-11-10 23:06:53.662: 182 test start:
2024-11-10 23:07:19.961: 182 avg_reward: 6285.0
2024-11-10 23:07:19.961: 182 avg_steps: 1414.85
2024-11-10 23:07:19.961: 182 epsilon: 0.01
2024-11-10 23:07:19.961: 182 q: 1.1995806
2024-11-10 23:16:47.752: 183 test start:
2024-11-10 23:17:20.598: 183 avg_reward: 7510.0
2024-11-10 23:17:20.598: 183 avg_steps: 1724.45
2024-11-10 23:17:20.598: 183 epsilon: 0.01
2024-11-10 23:17:20.598: 183 q: 1.2113676
2024-11-10 23:26:54.668: 184 test start:
2024-11-10 23:27:25.090: 184 avg_reward: 8255.0
2024-11-10 23:27:25.091: 184 avg_steps: 1600.2
2024-11-10 23:27:25.091: 184 epsilon: 0.01
2024-11-10 23:27:25.091: 184 q: 1.215819
2024-11-10 23:36:52.448: 185 test start:
2024-11-10 23:37:23.913: 185 avg_reward: 9515.0
2024-11-10 23:37:23.913: 185 avg_steps: 1624.6
2024-11-10 23:37:23.913: 185 epsilon: 0.01
2024-11-10 23:37:23.913: 185 q: 1.186176
2024-11-10 23:47:04.457: 186 test start:
2024-11-10 23:47:30.964: 186 avg_reward: 5255.0
2024-11-10 23:47:30.964: 186 avg_steps: 1366.5
2024-11-10 23:47:30.964: 186 epsilon: 0.01
2024-11-10 23:47:30.964: 186 q: 1.175159
2024-11-10 23:56:54.858: 187 test start:
2024-11-10 23:57:22.958: 187 avg_reward: 5700.0
2024-11-10 23:57:22.959: 187 avg_steps: 1436.0
2024-11-10 23:57:22.959: 187 epsilon: 0.01
2024-11-10 23:57:22.959: 187 q: 1.1707298
2024-11-11 00:06:57.596: 188 test start:
2024-11-11 00:07:22.928: 188 avg_reward: 4375.0
2024-11-11 00:07:22.928: 188 avg_steps: 1314.2
2024-11-11 00:07:22.928: 188 epsilon: 0.01
2024-11-11 00:07:22.928: 188 q: 1.1535714
2024-11-11 00:17:00.154: 189 test start:
2024-11-11 00:17:27.217: 189 avg_reward: 6200.0
2024-11-11 00:17:27.217: 189 avg_steps: 1367.15
2024-11-11 00:17:27.217: 189 epsilon: 0.01
2024-11-11 00:17:27.217: 189 q: 1.16234
2024-11-11 00:27:07.909: 190 test start:
2024-11-11 00:27:32.693: 190 avg_reward: 5700.0
2024-11-11 00:27:32.694: 190 avg_steps: 1327.2
2024-11-11 00:27:32.694: 190 epsilon: 0.01
2024-11-11 00:27:32.694: 190 q: 1.1846597
2024-11-11 00:37:07.117: 191 test start:
2024-11-11 00:37:35.700: 191 avg_reward: 6660.0
2024-11-11 00:37:35.701: 191 avg_steps: 1543.25
2024-11-11 00:37:35.701: 191 epsilon: 0.01
2024-11-11 00:37:35.701: 191 q: 1.1716105
2024-11-11 00:46:40.537: 192 test start:
2024-11-11 00:47:04.460: 192 avg_reward: 4455.0
2024-11-11 00:47:04.460: 192 avg_steps: 1261.45
2024-11-11 00:47:04.460: 192 epsilon: 0.01
2024-11-11 00:47:04.460: 192 q: 1.2034457
2024-11-11 00:56:14.478: 193 test start:
2024-11-11 00:56:42.009: 193 avg_reward: 7050.0
2024-11-11 00:56:42.009: 193 avg_steps: 1457.6
2024-11-11 00:56:42.009: 193 epsilon: 0.01
2024-11-11 00:56:42.009: 193 q: 1.2358268
2024-11-11 01:06:05.897: 194 test start:
2024-11-11 01:06:26.751: 194 avg_reward: 5215.0
2024-11-11 01:06:26.751: 194 avg_steps: 1101.25
2024-11-11 01:06:26.751: 194 epsilon: 0.01
2024-11-11 01:06:26.751: 194 q: 1.1794063
2024-11-11 01:15:52.477: 195 test start:
2024-11-11 01:16:16.837: 195 avg_reward: 5545.0
2024-11-11 01:16:16.837: 195 avg_steps: 1295.65
2024-11-11 01:16:16.837: 195 epsilon: 0.01
2024-11-11 01:16:16.837: 195 q: 1.2006233
2024-11-11 01:25:32.937: 196 test start:
2024-11-11 01:26:11.933: 196 avg_reward: 12320.0
2024-11-11 01:26:11.933: 196 avg_steps: 2039.05
2024-11-11 01:26:11.933: 196 epsilon: 0.01
2024-11-11 01:26:11.934: 196 q: 1.2081203
2024-11-11 01:35:30.109: 197 test start:
2024-11-11 01:36:04.911: 197 avg_reward: 7705.0
2024-11-11 01:36:04.911: 197 avg_steps: 1802.65
2024-11-11 01:36:04.911: 197 epsilon: 0.01
2024-11-11 01:36:04.911: 197 q: 1.1891799
2024-11-11 01:45:24.614: 198 test start:
2024-11-11 01:45:58.687: 198 avg_reward: 10415.0
2024-11-11 01:45:58.687: 198 avg_steps: 1754.7
2024-11-11 01:45:58.687: 198 epsilon: 0.01
2024-11-11 01:45:58.687: 198 q: 1.2014008
2024-11-11 01:55:29.299: 199 test start:
2024-11-11 01:56:04.018: 199 avg_reward: 9235.0
2024-11-11 01:56:04.018: 199 avg_steps: 1797.95
2024-11-11 01:56:04.019: 199 epsilon: 0.01
2024-11-11 01:56:04.019: 199 q: 1.2078034
2024-11-11 02:05:26.556: 200 test start:
2024-11-11 02:05:57.554: 200 avg_reward: 8380.0
2024-11-11 02:05:57.555: 200 avg_steps: 1619.95
2024-11-11 02:05:57.555: 200 epsilon: 0.01
2024-11-11 02:05:57.555: 200 q: 1.2382703
