2024-11-12 09:08:51.405: 
parameters:agent_test_episodes: 20
batch_num_per_epoch: 250000
device: cuda:0
env_name: ALE/SpaceInvaders-v5
epsilon_for_test: 0.001
epsilon_max: 0.1
epsilon_min: 0.01
exp_name: ALE-SpaceInvaders-v5_2024-11-12-09-08-51
exp_path: ../exps/double_dqn/
exploration_steps: 1000000
gamma: 0.99
held_out_states_num: 1000
learning_rate: 0.00025
log_path: ../exps/double_dqn/
mini_batch_size: 32
model_update_freq: 4
n_times: 5
no_op: 30
phi_channel: 4
replay_buffer_size: 1000000
replay_start_size: 50000
save_model: true
screen_size: 84
seed: 0
skip_k_frame: 4
step_c: 30000
training_steps: 50000000

2024-11-12 09:08:51.485: optimizer: RMSprop (
Parameter Group 0
    alpha: 0.95
    centered: False
    differentiable: False
    eps: 0.01
    foreach: None
    lr: 0.00025
    maximize: False
    momentum: 0
    weight_decay: 0
)
2024-11-12 09:08:51.535: optimizer: RMSprop (
Parameter Group 0
    alpha: 0.95
    centered: False
    differentiable: False
    eps: 0.01
    foreach: None
    lr: 0.00025
    maximize: False
    momentum: 0
    weight_decay: 0
)
2024-11-12 09:16:59.685: 1 test start:
2024-11-12 09:17:10.621: 1 avg_reward: 183.75
2024-11-12 09:17:10.621: 1 avg_steps: 564.45
2024-11-12 09:17:10.621: 1 epsilon: 0.08198812
2024-11-12 09:17:10.621: 1 q: 0.057702202
2024-11-12 09:26:23.252: 2 test start:
2024-11-12 09:26:34.770: 2 avg_reward: 263.75
2024-11-12 09:26:34.770: 2 avg_steps: 620.85
2024-11-12 09:26:34.771: 2 epsilon: 0.05948614
2024-11-12 09:26:34.771: 2 q: 0.12930866
2024-11-12 09:35:24.262: 3 test start:
2024-11-12 09:35:34.670: 3 avg_reward: 201.0
2024-11-12 09:35:34.670: 3 avg_steps: 518.15
2024-11-12 09:35:34.670: 3 epsilon: 0.036961209999999994
2024-11-12 09:35:34.670: 3 q: 0.1766775
2024-11-12 09:44:35.747: 4 test start:
2024-11-12 09:44:46.322: 4 avg_reward: 168.0
2024-11-12 09:44:46.322: 4 avg_steps: 564.6
2024-11-12 09:44:46.322: 4 epsilon: 0.014497209999999996
2024-11-12 09:44:46.322: 4 q: 0.21400705
2024-11-12 09:53:49.458: 5 test start:
2024-11-12 09:54:09.931: 5 avg_reward: 613.75
2024-11-12 09:54:09.932: 5 avg_steps: 1077.9
2024-11-12 09:54:09.932: 5 epsilon: 0.01
2024-11-12 09:54:09.932: 5 q: 0.3169868
2024-11-12 10:03:21.652: 6 test start:
2024-11-12 10:03:29.607: 6 avg_reward: 153.0
2024-11-12 10:03:29.607: 6 avg_steps: 425.6
2024-11-12 10:03:29.607: 6 epsilon: 0.01
2024-11-12 10:03:29.607: 6 q: 0.3460421
2024-11-12 10:12:33.257: 7 test start:
2024-11-12 10:12:46.059: 7 avg_reward: 281.75
2024-11-12 10:12:46.060: 7 avg_steps: 637.15
2024-11-12 10:12:46.060: 7 epsilon: 0.01
2024-11-12 10:12:46.060: 7 q: 0.43512267
2024-11-12 10:21:57.238: 8 test start:
2024-11-12 10:22:07.369: 8 avg_reward: 252.5
2024-11-12 10:22:07.370: 8 avg_steps: 542.25
2024-11-12 10:22:07.370: 8 epsilon: 0.01
2024-11-12 10:22:07.370: 8 q: 0.51157975
2024-11-12 10:31:17.029: 9 test start:
2024-11-12 10:31:27.904: 9 avg_reward: 272.0
2024-11-12 10:31:27.904: 9 avg_steps: 534.05
2024-11-12 10:31:27.904: 9 epsilon: 0.01
2024-11-12 10:31:27.904: 9 q: 0.50446707
2024-11-12 10:40:46.346: 10 test start:
2024-11-12 10:40:56.097: 10 avg_reward: 317.5
2024-11-12 10:40:56.097: 10 avg_steps: 565.7
2024-11-12 10:40:56.097: 10 epsilon: 0.01
2024-11-12 10:40:56.097: 10 q: 0.52146167
2024-11-12 10:49:56.225: 11 test start:
2024-11-12 10:50:07.678: 11 avg_reward: 307.25
2024-11-12 10:50:07.678: 11 avg_steps: 563.95
2024-11-12 10:50:07.678: 11 epsilon: 0.01
2024-11-12 10:50:07.678: 11 q: 0.5473432
2024-11-12 10:59:19.237: 12 test start:
2024-11-12 10:59:30.788: 12 avg_reward: 282.25
2024-11-12 10:59:30.788: 12 avg_steps: 611.75
2024-11-12 10:59:30.788: 12 epsilon: 0.01
2024-11-12 10:59:30.788: 12 q: 0.61077064
2024-11-12 11:08:36.854: 13 test start:
2024-11-12 11:08:48.585: 13 avg_reward: 317.5
2024-11-12 11:08:48.585: 13 avg_steps: 575.9
2024-11-12 11:08:48.585: 13 epsilon: 0.01
2024-11-12 11:08:48.586: 13 q: 0.67675483
2024-11-12 11:17:59.249: 14 test start:
2024-11-12 11:18:09.622: 14 avg_reward: 300.75
2024-11-12 11:18:09.622: 14 avg_steps: 559.0
2024-11-12 11:18:09.623: 14 epsilon: 0.01
2024-11-12 11:18:09.623: 14 q: 0.8342755
2024-11-12 11:27:02.639: 15 test start:
2024-11-12 11:27:15.532: 15 avg_reward: 371.75
2024-11-12 11:27:15.532: 15 avg_steps: 639.7
2024-11-12 11:27:15.532: 15 epsilon: 0.01
2024-11-12 11:27:15.532: 15 q: 0.8780863
2024-11-12 11:36:26.656: 16 test start:
2024-11-12 11:36:40.978: 16 avg_reward: 471.25
2024-11-12 11:36:40.978: 16 avg_steps: 773.1
2024-11-12 11:36:40.978: 16 epsilon: 0.01
2024-11-12 11:36:40.978: 16 q: 0.9485627
2024-11-12 11:45:47.501: 17 test start:
2024-11-12 11:45:58.403: 17 avg_reward: 355.5
2024-11-12 11:45:58.404: 17 avg_steps: 535.5
2024-11-12 11:45:58.404: 17 epsilon: 0.01
2024-11-12 11:45:58.404: 17 q: 1.0742232
2024-11-12 11:55:09.771: 18 test start:
2024-11-12 11:55:20.886: 18 avg_reward: 317.75
2024-11-12 11:55:20.886: 18 avg_steps: 596.95
2024-11-12 11:55:20.887: 18 epsilon: 0.01
2024-11-12 11:55:20.887: 18 q: 1.1795024
2024-11-12 12:04:31.518: 19 test start:
2024-11-12 12:04:43.314: 19 avg_reward: 395.0
2024-11-12 12:04:43.315: 19 avg_steps: 593.15
2024-11-12 12:04:43.315: 19 epsilon: 0.01
2024-11-12 12:04:43.315: 19 q: 1.2480017
2024-11-12 12:13:50.606: 20 test start:
2024-11-12 12:14:04.325: 20 avg_reward: 539.25
2024-11-12 12:14:04.325: 20 avg_steps: 721.8
2024-11-12 12:14:04.325: 20 epsilon: 0.01
2024-11-12 12:14:04.325: 20 q: 1.2749697
2024-11-12 12:23:14.936: 21 test start:
2024-11-12 12:23:28.000: 21 avg_reward: 416.25
2024-11-12 12:23:28.001: 21 avg_steps: 649.55
2024-11-12 12:23:28.001: 21 epsilon: 0.01
2024-11-12 12:23:28.001: 21 q: 1.3459421
2024-11-12 12:32:49.514: 22 test start:
2024-11-12 12:33:03.481: 22 avg_reward: 590.25
2024-11-12 12:33:03.481: 22 avg_steps: 756.75
2024-11-12 12:33:03.481: 22 epsilon: 0.01
2024-11-12 12:33:03.481: 22 q: 1.4317951
2024-11-12 12:42:13.525: 23 test start:
2024-11-12 12:42:29.088: 23 avg_reward: 565.25
2024-11-12 12:42:29.088: 23 avg_steps: 788.35
2024-11-12 12:42:29.088: 23 epsilon: 0.01
2024-11-12 12:42:29.088: 23 q: 1.5255822
2024-11-12 12:51:47.619: 24 test start:
2024-11-12 12:52:00.578: 24 avg_reward: 459.0
2024-11-12 12:52:00.578: 24 avg_steps: 699.9
2024-11-12 12:52:00.578: 24 epsilon: 0.01
2024-11-12 12:52:00.578: 24 q: 1.5499468
2024-11-12 13:01:11.072: 25 test start:
2024-11-12 13:01:25.030: 25 avg_reward: 457.25
2024-11-12 13:01:25.030: 25 avg_steps: 713.55
2024-11-12 13:01:25.030: 25 epsilon: 0.01
2024-11-12 13:01:25.030: 25 q: 1.6295786
2024-11-12 13:10:40.456: 26 test start:
2024-11-12 13:10:50.875: 26 avg_reward: 452.0
2024-11-12 13:10:50.876: 26 avg_steps: 573.75
2024-11-12 13:10:50.876: 26 epsilon: 0.01
2024-11-12 13:10:50.876: 26 q: 1.5922058
2024-11-12 13:19:58.893: 27 test start:
2024-11-12 13:20:13.236: 27 avg_reward: 530.25
2024-11-12 13:20:13.236: 27 avg_steps: 724.75
2024-11-12 13:20:13.237: 27 epsilon: 0.01
2024-11-12 13:20:13.237: 27 q: 1.7188274
2024-11-12 13:29:28.264: 28 test start:
2024-11-12 13:29:43.099: 28 avg_reward: 592.75
2024-11-12 13:29:43.099: 28 avg_steps: 805.05
2024-11-12 13:29:43.099: 28 epsilon: 0.01
2024-11-12 13:29:43.099: 28 q: 1.6520332
2024-11-12 13:38:48.955: 29 test start:
2024-11-12 13:39:07.032: 29 avg_reward: 585.0
2024-11-12 13:39:07.032: 29 avg_steps: 910.75
2024-11-12 13:39:07.032: 29 epsilon: 0.01
2024-11-12 13:39:07.032: 29 q: 1.804843
2024-11-12 13:48:22.302: 30 test start:
2024-11-12 13:48:37.285: 30 avg_reward: 579.25
2024-11-12 13:48:37.285: 30 avg_steps: 816.5
2024-11-12 13:48:37.285: 30 epsilon: 0.01
2024-11-12 13:48:37.285: 30 q: 1.8953571
2024-11-12 13:57:41.804: 31 test start:
2024-11-12 13:57:58.328: 31 avg_reward: 772.25
2024-11-12 13:57:58.328: 31 avg_steps: 823.95
2024-11-12 13:57:58.328: 31 epsilon: 0.01
2024-11-12 13:57:58.328: 31 q: 1.9744192
2024-11-12 14:07:13.728: 32 test start:
2024-11-12 14:07:30.467: 32 avg_reward: 676.5
2024-11-12 14:07:30.467: 32 avg_steps: 900.6
2024-11-12 14:07:30.467: 32 epsilon: 0.01
2024-11-12 14:07:30.467: 32 q: 2.0756967
2024-11-12 14:16:34.566: 33 test start:
2024-11-12 14:16:57.205: 33 avg_reward: 768.0
2024-11-12 14:16:57.205: 33 avg_steps: 1137.05
2024-11-12 14:16:57.205: 33 epsilon: 0.01
2024-11-12 14:16:57.205: 33 q: 2.1864784
2024-11-12 14:26:10.134: 34 test start:
2024-11-12 14:26:28.427: 34 avg_reward: 704.25
2024-11-12 14:26:28.427: 34 avg_steps: 1004.2
2024-11-12 14:26:28.427: 34 epsilon: 0.01
2024-11-12 14:26:28.427: 34 q: 2.3081026
2024-11-12 14:35:32.726: 35 test start:
2024-11-12 14:35:52.420: 35 avg_reward: 717.5
2024-11-12 14:35:52.421: 35 avg_steps: 996.15
2024-11-12 14:35:52.421: 35 epsilon: 0.01
2024-11-12 14:35:52.421: 35 q: 2.365792
2024-11-12 14:45:02.501: 36 test start:
2024-11-12 14:45:22.145: 36 avg_reward: 849.75
2024-11-12 14:45:22.146: 36 avg_steps: 1058.55
2024-11-12 14:45:22.146: 36 epsilon: 0.01
2024-11-12 14:45:22.146: 36 q: 2.4899235
2024-11-12 14:54:26.658: 37 test start:
2024-11-12 14:54:50.168: 37 avg_reward: 940.75
2024-11-12 14:54:50.169: 37 avg_steps: 1183.2
2024-11-12 14:54:50.169: 37 epsilon: 0.01
2024-11-12 14:54:50.169: 37 q: 2.5423145
2024-11-12 15:04:02.934: 38 test start:
2024-11-12 15:04:24.330: 38 avg_reward: 924.25
2024-11-12 15:04:24.330: 38 avg_steps: 1170.75
2024-11-12 15:04:24.331: 38 epsilon: 0.01
2024-11-12 15:04:24.331: 38 q: 2.6178105
2024-11-12 15:13:26.474: 39 test start:
2024-11-12 15:13:49.849: 39 avg_reward: 955.0
2024-11-12 15:13:49.849: 39 avg_steps: 1181.25
2024-11-12 15:13:49.849: 39 epsilon: 0.01
2024-11-12 15:13:49.849: 39 q: 2.639601
2024-11-12 15:22:59.510: 40 test start:
2024-11-12 15:23:16.867: 40 avg_reward: 787.25
2024-11-12 15:23:16.868: 40 avg_steps: 945.75
2024-11-12 15:23:16.868: 40 epsilon: 0.01
2024-11-12 15:23:16.868: 40 q: 2.7194662
2024-11-12 15:32:20.592: 41 test start:
2024-11-12 15:32:39.590: 41 avg_reward: 886.25
2024-11-12 15:32:39.591: 41 avg_steps: 955.0
2024-11-12 15:32:39.591: 41 epsilon: 0.01
2024-11-12 15:32:39.591: 41 q: 2.8464673
2024-11-12 15:41:48.114: 42 test start:
2024-11-12 15:42:07.272: 42 avg_reward: 748.5
2024-11-12 15:42:07.272: 42 avg_steps: 1040.85
2024-11-12 15:42:07.272: 42 epsilon: 0.01
2024-11-12 15:42:07.272: 42 q: 2.9260216
2024-11-12 15:51:12.661: 43 test start:
2024-11-12 15:51:35.704: 43 avg_reward: 931.0
2024-11-12 15:51:35.704: 43 avg_steps: 1158.8
2024-11-12 15:51:35.704: 43 epsilon: 0.01
2024-11-12 15:51:35.704: 43 q: 3.0164406
2024-11-12 16:00:41.296: 44 test start:
2024-11-12 16:01:08.200: 44 avg_reward: 1312.25
2024-11-12 16:01:08.200: 44 avg_steps: 1476.05
2024-11-12 16:01:08.200: 44 epsilon: 0.01
2024-11-12 16:01:08.200: 44 q: 3.049246
2024-11-12 16:10:11.828: 45 test start:
2024-11-12 16:10:33.375: 45 avg_reward: 902.25
2024-11-12 16:10:33.375: 45 avg_steps: 1083.5
2024-11-12 16:10:33.375: 45 epsilon: 0.01
2024-11-12 16:10:33.375: 45 q: 3.1521914
2024-11-12 16:19:38.654: 46 test start:
2024-11-12 16:19:59.807: 46 avg_reward: 1005.0
2024-11-12 16:19:59.807: 46 avg_steps: 1165.1
2024-11-12 16:19:59.807: 46 epsilon: 0.01
2024-11-12 16:19:59.807: 46 q: 3.210355
2024-11-12 16:29:06.428: 47 test start:
2024-11-12 16:29:25.460: 47 avg_reward: 705.0
2024-11-12 16:29:25.460: 47 avg_steps: 961.95
2024-11-12 16:29:25.460: 47 epsilon: 0.01
2024-11-12 16:29:25.460: 47 q: 3.2894669
2024-11-12 16:38:30.529: 48 test start:
2024-11-12 16:38:48.562: 48 avg_reward: 749.0
2024-11-12 16:38:48.562: 48 avg_steps: 990.6
2024-11-12 16:38:48.562: 48 epsilon: 0.01
2024-11-12 16:38:48.568: 48 q: 3.392563
2024-11-12 16:47:56.146: 49 test start:
2024-11-12 16:48:14.041: 49 avg_reward: 675.75
2024-11-12 16:48:14.041: 49 avg_steps: 919.5
2024-11-12 16:48:14.041: 49 epsilon: 0.01
2024-11-12 16:48:14.041: 49 q: 3.4061952
2024-11-12 16:57:21.400: 50 test start:
2024-11-12 16:57:39.725: 50 avg_reward: 863.75
2024-11-12 16:57:39.725: 50 avg_steps: 1035.8
2024-11-12 16:57:39.725: 50 epsilon: 0.01
2024-11-12 16:57:39.725: 50 q: 3.4433374
2024-11-12 17:06:45.151: 51 test start:
2024-11-12 17:07:03.775: 51 avg_reward: 663.5
2024-11-12 17:07:03.775: 51 avg_steps: 934.9
2024-11-12 17:07:03.775: 51 epsilon: 0.01
2024-11-12 17:07:03.775: 51 q: 3.4937494
2024-11-12 17:16:11.113: 52 test start:
2024-11-12 17:16:36.798: 52 avg_reward: 1261.5
2024-11-12 17:16:36.799: 52 avg_steps: 1414.8
2024-11-12 17:16:36.799: 52 epsilon: 0.01
2024-11-12 17:16:36.799: 52 q: 3.5393786
2024-11-12 17:25:41.724: 53 test start:
2024-11-12 17:26:05.028: 53 avg_reward: 1136.5
2024-11-12 17:26:05.029: 53 avg_steps: 1185.35
2024-11-12 17:26:05.029: 53 epsilon: 0.01
2024-11-12 17:26:05.029: 53 q: 3.5566807
2024-11-12 17:35:09.298: 54 test start:
2024-11-12 17:35:31.712: 54 avg_reward: 1020.25
2024-11-12 17:35:31.712: 54 avg_steps: 1234.0
2024-11-12 17:35:31.718: 54 epsilon: 0.01
2024-11-12 17:35:31.718: 54 q: 3.768065
2024-11-12 17:44:34.963: 55 test start:
2024-11-12 17:44:49.708: 55 avg_reward: 654.25
2024-11-12 17:44:49.709: 55 avg_steps: 745.45
2024-11-12 17:44:49.709: 55 epsilon: 0.01
2024-11-12 17:44:49.709: 55 q: 3.8178601
2024-11-12 17:53:54.079: 56 test start:
2024-11-12 17:54:16.042: 56 avg_reward: 1094.0
2024-11-12 17:54:16.042: 56 avg_steps: 1215.4
2024-11-12 17:54:16.042: 56 epsilon: 0.01
2024-11-12 17:54:16.042: 56 q: 3.8752437
2024-11-12 18:03:24.942: 57 test start:
2024-11-12 18:03:52.469: 57 avg_reward: 1184.0
2024-11-12 18:03:52.469: 57 avg_steps: 1401.9
2024-11-12 18:03:52.469: 57 epsilon: 0.01
2024-11-12 18:03:52.469: 57 q: 3.8848662
2024-11-12 18:12:48.970: 58 test start:
2024-11-12 18:13:09.471: 58 avg_reward: 1037.0
2024-11-12 18:13:09.471: 58 avg_steps: 1128.6
2024-11-12 18:13:09.471: 58 epsilon: 0.01
2024-11-12 18:13:09.472: 58 q: 3.9580112
2024-11-12 18:22:18.639: 59 test start:
2024-11-12 18:22:39.807: 59 avg_reward: 900.75
2024-11-12 18:22:39.808: 59 avg_steps: 1074.0
2024-11-12 18:22:39.808: 59 epsilon: 0.01
2024-11-12 18:22:39.808: 59 q: 4.017393
2024-11-12 18:31:37.934: 60 test start:
2024-11-12 18:31:57.315: 60 avg_reward: 926.5
2024-11-12 18:31:57.316: 60 avg_steps: 1070.4
2024-11-12 18:31:57.316: 60 epsilon: 0.01
2024-11-12 18:31:57.316: 60 q: 4.1228085
2024-11-12 18:41:06.098: 61 test start:
2024-11-12 18:41:29.275: 61 avg_reward: 1066.25
2024-11-12 18:41:29.275: 61 avg_steps: 1175.95
2024-11-12 18:41:29.275: 61 epsilon: 0.01
2024-11-12 18:41:29.275: 61 q: 4.151301
2024-11-12 18:50:27.205: 62 test start:
2024-11-12 18:50:50.777: 62 avg_reward: 1043.0
2024-11-12 18:50:50.777: 62 avg_steps: 1306.75
2024-11-12 18:50:50.777: 62 epsilon: 0.01
2024-11-12 18:50:50.777: 62 q: 4.160037
2024-11-12 19:00:03.164: 63 test start:
2024-11-12 19:00:27.373: 63 avg_reward: 1176.75
2024-11-12 19:00:27.373: 63 avg_steps: 1239.25
2024-11-12 19:00:27.373: 63 epsilon: 0.01
2024-11-12 19:00:27.373: 63 q: 4.2103133
2024-11-12 19:09:27.343: 64 test start:
2024-11-12 19:09:50.074: 64 avg_reward: 1109.75
2024-11-12 19:09:50.074: 64 avg_steps: 1289.55
2024-11-12 19:09:50.074: 64 epsilon: 0.01
2024-11-12 19:09:50.074: 64 q: 4.188978
2024-11-12 19:19:07.573: 65 test start:
2024-11-12 19:19:35.538: 65 avg_reward: 1321.25
2024-11-12 19:19:35.538: 65 avg_steps: 1436.6
2024-11-12 19:19:35.539: 65 epsilon: 0.01
2024-11-12 19:19:35.539: 65 q: 4.2961836
2024-11-12 19:28:30.197: 66 test start:
2024-11-12 19:28:51.974: 66 avg_reward: 1028.0
2024-11-12 19:28:51.974: 66 avg_steps: 1197.7
2024-11-12 19:28:51.975: 66 epsilon: 0.01
2024-11-12 19:28:51.975: 66 q: 4.295642
2024-11-12 19:38:08.560: 67 test start:
2024-11-12 19:38:33.524: 67 avg_reward: 1144.75
2024-11-12 19:38:33.525: 67 avg_steps: 1277.85
2024-11-12 19:38:33.525: 67 epsilon: 0.01
2024-11-12 19:38:33.525: 67 q: 4.3445244
2024-11-12 19:47:25.613: 68 test start:
2024-11-12 19:47:50.531: 68 avg_reward: 1160.0
2024-11-12 19:47:50.531: 68 avg_steps: 1386.85
2024-11-12 19:47:50.531: 68 epsilon: 0.01
2024-11-12 19:47:50.531: 68 q: 4.349075
2024-11-12 19:57:06.628: 69 test start:
2024-11-12 19:57:25.795: 69 avg_reward: 936.25
2024-11-12 19:57:25.795: 69 avg_steps: 971.6
2024-11-12 19:57:25.795: 69 epsilon: 0.01
2024-11-12 19:57:25.795: 69 q: 4.3080263
2024-11-12 20:06:18.752: 70 test start:
2024-11-12 20:06:46.413: 70 avg_reward: 1549.25
2024-11-12 20:06:46.413: 70 avg_steps: 1542.05
2024-11-12 20:06:46.413: 70 epsilon: 0.01
2024-11-12 20:06:46.413: 70 q: 4.3773003
2024-11-12 20:16:05.552: 71 test start:
2024-11-12 20:16:28.975: 71 avg_reward: 1147.5
2024-11-12 20:16:28.975: 71 avg_steps: 1198.6
2024-11-12 20:16:28.975: 71 epsilon: 0.01
2024-11-12 20:16:28.975: 71 q: 4.378627
2024-11-12 20:25:15.507: 72 test start:
2024-11-12 20:25:41.038: 72 avg_reward: 1424.5
2024-11-12 20:25:41.039: 72 avg_steps: 1411.75
2024-11-12 20:25:41.039: 72 epsilon: 0.01
2024-11-12 20:25:41.039: 72 q: 4.3590527
2024-11-12 20:35:02.106: 73 test start:
2024-11-12 20:35:25.890: 73 avg_reward: 1084.0
2024-11-12 20:35:25.890: 73 avg_steps: 1205.75
2024-11-12 20:35:25.890: 73 epsilon: 0.01
2024-11-12 20:35:25.890: 73 q: 4.446872
2024-11-12 20:44:09.050: 74 test start:
2024-11-12 20:44:27.574: 74 avg_reward: 865.5
2024-11-12 20:44:27.574: 74 avg_steps: 1029.15
2024-11-12 20:44:27.574: 74 epsilon: 0.01
2024-11-12 20:44:27.574: 74 q: 4.4953375
2024-11-12 20:53:56.860: 75 test start:
2024-11-12 20:54:23.241: 75 avg_reward: 1213.5
2024-11-12 20:54:23.241: 75 avg_steps: 1384.3
2024-11-12 20:54:23.241: 75 epsilon: 0.01
2024-11-12 20:54:23.241: 75 q: 4.538839
2024-11-12 21:03:11.671: 76 test start:
2024-11-12 21:03:36.297: 76 avg_reward: 1271.75
2024-11-12 21:03:36.297: 76 avg_steps: 1406.15
2024-11-12 21:03:36.297: 76 epsilon: 0.01
2024-11-12 21:03:36.297: 76 q: 4.6032033
2024-11-12 21:12:59.034: 77 test start:
2024-11-12 21:13:20.935: 77 avg_reward: 1019.75
2024-11-12 21:13:20.935: 77 avg_steps: 1111.15
2024-11-12 21:13:20.935: 77 epsilon: 0.01
2024-11-12 21:13:20.936: 77 q: 4.6864133
2024-11-12 21:22:02.624: 78 test start:
2024-11-12 21:22:23.211: 78 avg_reward: 1103.75
2024-11-12 21:22:23.211: 78 avg_steps: 1178.4
2024-11-12 21:22:23.211: 78 epsilon: 0.01
2024-11-12 21:22:23.211: 78 q: 4.7529945
2024-11-12 21:31:52.830: 79 test start:
2024-11-12 21:32:18.560: 79 avg_reward: 1113.5
2024-11-12 21:32:18.561: 79 avg_steps: 1316.65
2024-11-12 21:32:18.561: 79 epsilon: 0.01
2024-11-12 21:32:18.561: 79 q: 4.820263
2024-11-12 21:40:59.198: 80 test start:
2024-11-12 21:41:22.952: 80 avg_reward: 1365.5
2024-11-12 21:41:22.952: 80 avg_steps: 1300.8
2024-11-12 21:41:22.952: 80 epsilon: 0.01
2024-11-12 21:41:22.952: 80 q: 4.894964
2024-11-12 21:50:54.161: 81 test start:
2024-11-12 21:51:20.099: 81 avg_reward: 1238.25
2024-11-12 21:51:20.099: 81 avg_steps: 1323.1
2024-11-12 21:51:20.099: 81 epsilon: 0.01
2024-11-12 21:51:20.099: 81 q: 4.891446
2024-11-12 21:59:54.744: 82 test start:
2024-11-12 22:00:27.720: 82 avg_reward: 1712.75
2024-11-12 22:00:27.720: 82 avg_steps: 1808.65
2024-11-12 22:00:27.721: 82 epsilon: 0.01
2024-11-12 22:00:27.721: 82 q: 4.8269334
2024-11-12 22:10:01.303: 83 test start:
2024-11-12 22:10:28.848: 83 avg_reward: 1435.5
2024-11-12 22:10:28.848: 83 avg_steps: 1400.95
2024-11-12 22:10:28.848: 83 epsilon: 0.01
2024-11-12 22:10:28.848: 83 q: 4.841587
2024-11-12 22:19:00.555: 84 test start:
2024-11-12 22:19:32.438: 84 avg_reward: 1772.5
2024-11-12 22:19:32.438: 84 avg_steps: 1706.9
2024-11-12 22:19:32.439: 84 epsilon: 0.01
2024-11-12 22:19:32.439: 84 q: 4.7397738
2024-11-12 22:29:01.928: 85 test start:
2024-11-12 22:29:26.101: 85 avg_reward: 1191.75
2024-11-12 22:29:26.101: 85 avg_steps: 1293.7
2024-11-12 22:29:26.101: 85 epsilon: 0.01
2024-11-12 22:29:26.101: 85 q: 4.849482
2024-11-12 22:38:01.833: 86 test start:
2024-11-12 22:38:29.405: 86 avg_reward: 1337.0
2024-11-12 22:38:29.405: 86 avg_steps: 1436.25
2024-11-12 22:38:29.405: 86 epsilon: 0.01
2024-11-12 22:38:29.406: 86 q: 4.8995786
2024-11-12 22:47:58.885: 87 test start:
2024-11-12 22:48:20.235: 87 avg_reward: 1137.0
2024-11-12 22:48:20.235: 87 avg_steps: 1133.55
2024-11-12 22:48:20.235: 87 epsilon: 0.01
2024-11-12 22:48:20.235: 87 q: 4.9455237
2024-11-12 22:56:55.211: 88 test start:
2024-11-12 22:57:27.181: 88 avg_reward: 1649.5
2024-11-12 22:57:27.181: 88 avg_steps: 1686.3
2024-11-12 22:57:27.181: 88 epsilon: 0.01
2024-11-12 22:57:27.181: 88 q: 4.9575233
2024-11-12 23:06:59.134: 89 test start:
2024-11-12 23:07:22.447: 89 avg_reward: 1153.0
2024-11-12 23:07:22.447: 89 avg_steps: 1238.75
2024-11-12 23:07:22.447: 89 epsilon: 0.01
2024-11-12 23:07:22.447: 89 q: 5.0149727
2024-11-12 23:15:53.072: 90 test start:
2024-11-12 23:16:22.034: 90 avg_reward: 1540.0
2024-11-12 23:16:22.034: 90 avg_steps: 1521.55
2024-11-12 23:16:22.034: 90 epsilon: 0.01
2024-11-12 23:16:22.034: 90 q: 5.02885
2024-11-12 23:25:56.710: 91 test start:
2024-11-12 23:26:18.819: 91 avg_reward: 1017.5
2024-11-12 23:26:18.819: 91 avg_steps: 1175.5
2024-11-12 23:26:18.819: 91 epsilon: 0.01
2024-11-12 23:26:18.819: 91 q: 5.000926
2024-11-12 23:35:01.912: 92 test start:
2024-11-12 23:35:36.311: 92 avg_reward: 1772.25
2024-11-12 23:35:36.312: 92 avg_steps: 1870.7
2024-11-12 23:35:36.312: 92 epsilon: 0.01
2024-11-12 23:35:36.312: 92 q: 5.0499253
2024-11-12 23:45:03.025: 93 test start:
2024-11-12 23:45:30.937: 93 avg_reward: 1439.75
2024-11-12 23:45:30.937: 93 avg_steps: 1508.25
2024-11-12 23:45:30.937: 93 epsilon: 0.01
2024-11-12 23:45:30.937: 93 q: 5.064592
2024-11-12 23:54:06.332: 94 test start:
2024-11-12 23:54:41.417: 94 avg_reward: 1744.5
2024-11-12 23:54:41.417: 94 avg_steps: 1838.0
2024-11-12 23:54:41.417: 94 epsilon: 0.01
2024-11-12 23:54:41.418: 94 q: 5.0421486
2024-11-13 00:04:11.416: 95 test start:
2024-11-13 00:04:34.523: 95 avg_reward: 1307.5
2024-11-13 00:04:34.523: 95 avg_steps: 1264.45
2024-11-13 00:04:34.528: 95 epsilon: 0.01
2024-11-13 00:04:34.529: 95 q: 5.0907283
2024-11-13 00:13:13.678: 96 test start:
2024-11-13 00:13:35.243: 96 avg_reward: 1124.0
2024-11-13 00:13:35.243: 96 avg_steps: 1123.55
2024-11-13 00:13:35.244: 96 epsilon: 0.01
2024-11-13 00:13:35.244: 96 q: 5.1218357
2024-11-13 00:22:59.533: 97 test start:
2024-11-13 00:23:24.664: 97 avg_reward: 1329.75
2024-11-13 00:23:24.664: 97 avg_steps: 1348.5
2024-11-13 00:23:24.664: 97 epsilon: 0.01
2024-11-13 00:23:24.664: 97 q: 5.1555147
2024-11-13 00:32:05.828: 98 test start:
2024-11-13 00:32:33.086: 98 avg_reward: 1429.5
2024-11-13 00:32:33.086: 98 avg_steps: 1412.3
2024-11-13 00:32:33.086: 98 epsilon: 0.01
2024-11-13 00:32:33.086: 98 q: 5.1554236
2024-11-13 00:41:58.069: 99 test start:
2024-11-13 00:42:24.344: 99 avg_reward: 1455.5
2024-11-13 00:42:24.344: 99 avg_steps: 1443.5
2024-11-13 00:42:24.344: 99 epsilon: 0.01
2024-11-13 00:42:24.344: 99 q: 5.2157383
2024-11-13 00:51:03.822: 100 test start:
2024-11-13 00:51:28.486: 100 avg_reward: 1274.25
2024-11-13 00:51:28.486: 100 avg_steps: 1256.75
2024-11-13 00:51:28.486: 100 epsilon: 0.01
2024-11-13 00:51:28.487: 100 q: 5.226878
2024-11-13 01:00:52.307: 101 test start:
2024-11-13 01:01:17.726: 101 avg_reward: 1476.25
2024-11-13 01:01:17.726: 101 avg_steps: 1401.65
2024-11-13 01:01:17.726: 101 epsilon: 0.01
2024-11-13 01:01:17.726: 101 q: 5.288181
2024-11-13 01:10:03.878: 102 test start:
2024-11-13 01:10:30.913: 102 avg_reward: 1382.5
2024-11-13 01:10:30.913: 102 avg_steps: 1383.2
2024-11-13 01:10:30.913: 102 epsilon: 0.01
2024-11-13 01:10:30.913: 102 q: 5.3289404
2024-11-13 01:19:50.956: 103 test start:
2024-11-13 01:20:22.929: 103 avg_reward: 1630.25
2024-11-13 01:20:22.929: 103 avg_steps: 1749.4
2024-11-13 01:20:22.934: 103 epsilon: 0.01
2024-11-13 01:20:22.935: 103 q: 5.3520737
2024-11-13 01:29:09.603: 104 test start:
2024-11-13 01:29:36.458: 104 avg_reward: 1353.75
2024-11-13 01:29:36.458: 104 avg_steps: 1381.5
2024-11-13 01:29:36.458: 104 epsilon: 0.01
2024-11-13 01:29:36.458: 104 q: 5.3979692
2024-11-13 01:38:58.564: 105 test start:
2024-11-13 01:39:30.248: 105 avg_reward: 1870.5
2024-11-13 01:39:30.248: 105 avg_steps: 1796.5
2024-11-13 01:39:30.248: 105 epsilon: 0.01
2024-11-13 01:39:30.248: 105 q: 5.3443556
2024-11-13 01:48:29.835: 106 test start:
2024-11-13 01:49:02.752: 106 avg_reward: 1703.0
2024-11-13 01:49:02.752: 106 avg_steps: 1687.35
2024-11-13 01:49:02.752: 106 epsilon: 0.01
2024-11-13 01:49:02.752: 106 q: 5.3534427
2024-11-13 01:58:04.587: 107 test start:
2024-11-13 01:58:30.899: 107 avg_reward: 1432.25
2024-11-13 01:58:30.899: 107 avg_steps: 1442.95
2024-11-13 01:58:30.899: 107 epsilon: 0.01
2024-11-13 01:58:30.899: 107 q: 5.353328
2024-11-13 02:07:34.534: 108 test start:
2024-11-13 02:08:10.270: 108 avg_reward: 1958.25
2024-11-13 02:08:10.270: 108 avg_steps: 1834.95
2024-11-13 02:08:10.270: 108 epsilon: 0.01
2024-11-13 02:08:10.270: 108 q: 5.3722625
2024-11-13 02:17:10.238: 109 test start:
2024-11-13 02:17:42.697: 109 avg_reward: 1907.75
2024-11-13 02:17:42.698: 109 avg_steps: 1793.15
2024-11-13 02:17:42.698: 109 epsilon: 0.01
2024-11-13 02:17:42.698: 109 q: 5.3663273
2024-11-13 02:26:48.568: 110 test start:
2024-11-13 02:27:19.744: 110 avg_reward: 1631.75
2024-11-13 02:27:19.750: 110 avg_steps: 1594.6
2024-11-13 02:27:19.750: 110 epsilon: 0.01
2024-11-13 02:27:19.750: 110 q: 5.3494096
2024-11-13 02:36:18.409: 111 test start:
2024-11-13 02:36:47.434: 111 avg_reward: 1696.75
2024-11-13 02:36:47.434: 111 avg_steps: 1619.4
2024-11-13 02:36:47.435: 111 epsilon: 0.01
2024-11-13 02:36:47.435: 111 q: 5.315643
2024-11-13 02:46:00.373: 112 test start:
2024-11-13 02:46:28.870: 112 avg_reward: 1563.75
2024-11-13 02:46:28.870: 112 avg_steps: 1513.75
2024-11-13 02:46:28.870: 112 epsilon: 0.01
2024-11-13 02:46:28.870: 112 q: 5.3324833
2024-11-13 02:55:30.249: 113 test start:
2024-11-13 02:55:59.453: 113 avg_reward: 1578.0
2024-11-13 02:55:59.454: 113 avg_steps: 1629.85
2024-11-13 02:55:59.454: 113 epsilon: 0.01
2024-11-13 02:55:59.454: 113 q: 5.3524237
2024-11-13 03:05:10.648: 114 test start:
2024-11-13 03:05:38.198: 114 avg_reward: 1172.0
2024-11-13 03:05:38.198: 114 avg_steps: 1424.0
2024-11-13 03:05:38.198: 114 epsilon: 0.01
2024-11-13 03:05:38.198: 114 q: 5.3445168
2024-11-13 03:14:31.748: 115 test start:
2024-11-13 03:15:00.302: 115 avg_reward: 1670.0
2024-11-13 03:15:00.302: 115 avg_steps: 1571.15
2024-11-13 03:15:00.302: 115 epsilon: 0.01
2024-11-13 03:15:00.302: 115 q: 5.3276825
2024-11-13 03:24:26.716: 116 test start:
2024-11-13 03:24:59.582: 116 avg_reward: 1775.5
2024-11-13 03:24:59.583: 116 avg_steps: 1728.75
2024-11-13 03:24:59.583: 116 epsilon: 0.01
2024-11-13 03:24:59.583: 116 q: 5.3615336
2024-11-13 03:33:57.766: 117 test start:
2024-11-13 03:34:19.510: 117 avg_reward: 1134.25
2024-11-13 03:34:19.510: 117 avg_steps: 1174.4
2024-11-13 03:34:19.510: 117 epsilon: 0.01
2024-11-13 03:34:19.510: 117 q: 5.3648496
2024-11-13 03:44:18.550: 118 test start:
2024-11-13 03:44:42.559: 118 avg_reward: 1120.5
2024-11-13 03:44:42.559: 118 avg_steps: 1199.05
2024-11-13 03:44:42.559: 118 epsilon: 0.01
2024-11-13 03:44:42.559: 118 q: 5.386122
2024-11-13 03:53:33.177: 119 test start:
2024-11-13 03:54:00.480: 119 avg_reward: 1345.0
2024-11-13 03:54:00.480: 119 avg_steps: 1490.6
2024-11-13 03:54:00.480: 119 epsilon: 0.01
2024-11-13 03:54:00.480: 119 q: 5.398333
2024-11-13 04:03:56.715: 120 test start:
2024-11-13 04:04:23.776: 120 avg_reward: 1560.5
2024-11-13 04:04:23.776: 120 avg_steps: 1379.7
2024-11-13 04:04:23.776: 120 epsilon: 0.01
2024-11-13 04:04:23.776: 120 q: 5.476177
2024-11-13 04:13:10.290: 121 test start:
2024-11-13 04:13:43.957: 121 avg_reward: 1661.25
2024-11-13 04:13:43.957: 121 avg_steps: 1731.25
2024-11-13 04:13:43.957: 121 epsilon: 0.01
2024-11-13 04:13:43.957: 121 q: 5.5090404
2024-11-13 04:23:32.566: 122 test start:
2024-11-13 04:24:00.856: 122 avg_reward: 1465.0
2024-11-13 04:24:00.856: 122 avg_steps: 1568.3
2024-11-13 04:24:00.856: 122 epsilon: 0.01
2024-11-13 04:24:00.856: 122 q: 5.503609
2024-11-13 04:32:47.792: 123 test start:
2024-11-13 04:33:08.116: 123 avg_reward: 925.75
2024-11-13 04:33:08.116: 123 avg_steps: 1024.15
2024-11-13 04:33:08.116: 123 epsilon: 0.01
2024-11-13 04:33:08.116: 123 q: 5.4981203
2024-11-13 04:42:47.882: 124 test start:
2024-11-13 04:43:07.569: 124 avg_reward: 1015.25
2024-11-13 04:43:07.569: 124 avg_steps: 1090.1
2024-11-13 04:43:07.569: 124 epsilon: 0.01
2024-11-13 04:43:07.569: 124 q: 5.4863143
2024-11-13 04:52:04.357: 125 test start:
2024-11-13 04:52:29.121: 125 avg_reward: 1229.25
2024-11-13 04:52:29.121: 125 avg_steps: 1259.9
2024-11-13 04:52:29.122: 125 epsilon: 0.01
2024-11-13 04:52:29.122: 125 q: 5.5598984
2024-11-13 05:02:02.994: 126 test start:
2024-11-13 05:02:27.134: 126 avg_reward: 1232.75
2024-11-13 05:02:27.134: 126 avg_steps: 1307.3
2024-11-13 05:02:27.134: 126 epsilon: 0.01
2024-11-13 05:02:27.134: 126 q: 5.5294046
2024-11-13 05:11:26.813: 127 test start:
2024-11-13 05:11:55.943: 127 avg_reward: 1720.5
2024-11-13 05:11:55.943: 127 avg_steps: 1522.5
2024-11-13 05:11:55.943: 127 epsilon: 0.01
2024-11-13 05:11:55.943: 127 q: 5.576783
2024-11-13 05:21:19.626: 128 test start:
2024-11-13 05:21:46.881: 128 avg_reward: 1595.75
2024-11-13 05:21:46.881: 128 avg_steps: 1574.6
2024-11-13 05:21:46.881: 128 epsilon: 0.01
2024-11-13 05:21:46.881: 128 q: 5.6254764
2024-11-13 05:31:09.845: 129 test start:
2024-11-13 05:31:35.882: 129 avg_reward: 1384.75
2024-11-13 05:31:35.882: 129 avg_steps: 1358.5
2024-11-13 05:31:35.882: 129 epsilon: 0.01
2024-11-13 05:31:35.882: 129 q: 5.596166
2024-11-13 05:41:01.952: 130 test start:
2024-11-13 05:41:32.340: 130 avg_reward: 1739.75
2024-11-13 05:41:32.340: 130 avg_steps: 1715.05
2024-11-13 05:41:32.340: 130 epsilon: 0.01
2024-11-13 05:41:32.340: 130 q: 5.6327934
2024-11-13 05:50:51.098: 131 test start:
2024-11-13 05:51:20.745: 131 avg_reward: 1671.25
2024-11-13 05:51:20.746: 131 avg_steps: 1545.35
2024-11-13 05:51:20.746: 131 epsilon: 0.01
2024-11-13 05:51:20.746: 131 q: 5.6639376
2024-11-13 06:00:24.475: 132 test start:
2024-11-13 06:00:48.334: 132 avg_reward: 1394.75
2024-11-13 06:00:48.335: 132 avg_steps: 1349.7
2024-11-13 06:00:48.335: 132 epsilon: 0.01
2024-11-13 06:00:48.335: 132 q: 5.735859
2024-11-13 06:10:00.802: 133 test start:
2024-11-13 06:10:24.387: 133 avg_reward: 1106.5
2024-11-13 06:10:24.387: 133 avg_steps: 1205.1
2024-11-13 06:10:24.387: 133 epsilon: 0.01
2024-11-13 06:10:24.387: 133 q: 5.739779
2024-11-13 06:19:23.297: 134 test start:
2024-11-13 06:19:45.394: 134 avg_reward: 1067.25
2024-11-13 06:19:45.394: 134 avg_steps: 1199.45
2024-11-13 06:19:45.394: 134 epsilon: 0.01
2024-11-13 06:19:45.394: 134 q: 5.73185
2024-11-13 06:28:56.375: 135 test start:
2024-11-13 06:29:21.724: 135 avg_reward: 1311.25
2024-11-13 06:29:21.724: 135 avg_steps: 1286.55
2024-11-13 06:29:21.724: 135 epsilon: 0.01
2024-11-13 06:29:21.724: 135 q: 5.7798176
2024-11-13 06:38:19.303: 136 test start:
2024-11-13 06:38:44.569: 136 avg_reward: 1434.0
2024-11-13 06:38:44.569: 136 avg_steps: 1385.05
2024-11-13 06:38:44.569: 136 epsilon: 0.01
2024-11-13 06:38:44.569: 136 q: 5.79622
2024-11-13 06:47:53.721: 137 test start:
2024-11-13 06:48:18.934: 137 avg_reward: 1243.5
2024-11-13 06:48:18.934: 137 avg_steps: 1287.65
2024-11-13 06:48:18.934: 137 epsilon: 0.01
2024-11-13 06:48:18.934: 137 q: 5.8675323
2024-11-13 06:57:08.946: 138 test start:
2024-11-13 06:57:39.353: 138 avg_reward: 1842.75
2024-11-13 06:57:39.353: 138 avg_steps: 1731.2
2024-11-13 06:57:39.353: 138 epsilon: 0.01
2024-11-13 06:57:39.353: 138 q: 5.7894807
2024-11-13 07:07:01.636: 139 test start:
2024-11-13 07:07:36.287: 139 avg_reward: 1831.0
2024-11-13 07:07:36.287: 139 avg_steps: 1779.25
2024-11-13 07:07:36.287: 139 epsilon: 0.01
2024-11-13 07:07:36.287: 139 q: 5.8018312
2024-11-13 07:16:17.665: 140 test start:
2024-11-13 07:16:52.091: 140 avg_reward: 1886.75
2024-11-13 07:16:52.092: 140 avg_steps: 1847.85
2024-11-13 07:16:52.092: 140 epsilon: 0.01
2024-11-13 07:16:52.092: 140 q: 5.8785233
2024-11-13 07:26:17.788: 141 test start:
2024-11-13 07:26:47.273: 141 avg_reward: 1442.75
2024-11-13 07:26:47.273: 141 avg_steps: 1523.1
2024-11-13 07:26:47.273: 141 epsilon: 0.01
2024-11-13 07:26:47.273: 141 q: 5.8821144
2024-11-13 07:35:31.353: 142 test start:
2024-11-13 07:36:00.305: 142 avg_reward: 1561.25
2024-11-13 07:36:00.305: 142 avg_steps: 1509.35
2024-11-13 07:36:00.305: 142 epsilon: 0.01
2024-11-13 07:36:00.305: 142 q: 5.889441
2024-11-13 07:45:22.764: 143 test start:
2024-11-13 07:45:40.421: 143 avg_reward: 815.25
2024-11-13 07:45:40.421: 143 avg_steps: 915.65
2024-11-13 07:45:40.421: 143 epsilon: 0.01
2024-11-13 07:45:40.421: 143 q: 5.847751
2024-11-13 07:54:25.098: 144 test start:
2024-11-13 07:54:40.802: 144 avg_reward: 775.0
2024-11-13 07:54:40.802: 144 avg_steps: 834.2
2024-11-13 07:54:40.802: 144 epsilon: 0.01
2024-11-13 07:54:40.802: 144 q: 5.850417
2024-11-13 08:04:13.777: 145 test start:
2024-11-13 08:04:34.220: 145 avg_reward: 1087.5
2024-11-13 08:04:34.220: 145 avg_steps: 1069.4
2024-11-13 08:04:34.220: 145 epsilon: 0.01
2024-11-13 08:04:34.220: 145 q: 5.901179
2024-11-13 08:13:33.653: 146 test start:
2024-11-13 08:13:50.191: 146 avg_reward: 783.25
2024-11-13 08:13:50.191: 146 avg_steps: 872.15
2024-11-13 08:13:50.191: 146 epsilon: 0.01
2024-11-13 08:13:50.191: 146 q: 5.873183
2024-11-13 08:23:00.239: 147 test start:
2024-11-13 08:23:26.685: 147 avg_reward: 1343.25
2024-11-13 08:23:26.686: 147 avg_steps: 1364.5
2024-11-13 08:23:26.686: 147 epsilon: 0.01
2024-11-13 08:23:26.686: 147 q: 5.825528
2024-11-13 08:32:26.296: 148 test start:
2024-11-13 08:32:51.277: 148 avg_reward: 1336.5
2024-11-13 08:32:51.277: 148 avg_steps: 1308.1
2024-11-13 08:32:51.277: 148 epsilon: 0.01
2024-11-13 08:32:51.277: 148 q: 5.8865714
2024-11-13 08:41:56.775: 149 test start:
2024-11-13 08:42:27.661: 149 avg_reward: 1754.0
2024-11-13 08:42:27.661: 149 avg_steps: 1688.1
2024-11-13 08:42:27.661: 149 epsilon: 0.01
2024-11-13 08:42:27.661: 149 q: 5.850737
2024-11-13 08:51:30.130: 150 test start:
2024-11-13 08:51:54.062: 150 avg_reward: 1298.0
2024-11-13 08:51:54.062: 150 avg_steps: 1274.7
2024-11-13 08:51:54.062: 150 epsilon: 0.01
2024-11-13 08:51:54.062: 150 q: 5.887582
2024-11-13 09:00:57.148: 151 test start:
2024-11-13 09:01:22.246: 151 avg_reward: 1361.25
2024-11-13 09:01:22.246: 151 avg_steps: 1380.2
2024-11-13 09:01:22.246: 151 epsilon: 0.01
2024-11-13 09:01:22.246: 151 q: 5.921959
2024-11-13 09:10:22.596: 152 test start:
2024-11-13 09:10:40.597: 152 avg_reward: 873.0
2024-11-13 09:10:40.597: 152 avg_steps: 936.95
2024-11-13 09:10:40.597: 152 epsilon: 0.01
2024-11-13 09:10:40.597: 152 q: 5.9189396
2024-11-13 09:19:39.881: 153 test start:
2024-11-13 09:20:05.061: 153 avg_reward: 1344.0
2024-11-13 09:20:05.062: 153 avg_steps: 1349.7
2024-11-13 09:20:05.062: 153 epsilon: 0.01
2024-11-13 09:20:05.062: 153 q: 5.9360275
2024-11-13 09:29:16.403: 154 test start:
2024-11-13 09:29:47.257: 154 avg_reward: 1634.25
2024-11-13 09:29:47.257: 154 avg_steps: 1649.8
2024-11-13 09:29:47.257: 154 epsilon: 0.01
2024-11-13 09:29:47.257: 154 q: 5.886829
2024-11-13 09:38:41.172: 155 test start:
2024-11-13 09:39:06.584: 155 avg_reward: 1349.75
2024-11-13 09:39:06.584: 155 avg_steps: 1365.55
2024-11-13 09:39:06.584: 155 epsilon: 0.01
2024-11-13 09:39:06.584: 155 q: 5.8881016
2024-11-13 09:48:37.478: 156 test start:
2024-11-13 09:48:51.333: 156 avg_reward: 615.0
2024-11-13 09:48:51.333: 156 avg_steps: 717.2
2024-11-13 09:48:51.333: 156 epsilon: 0.01
2024-11-13 09:48:51.333: 156 q: 5.890579
2024-11-13 09:58:14.289: 157 test start:
2024-11-13 09:58:44.016: 157 avg_reward: 1638.5
2024-11-13 09:58:44.016: 157 avg_steps: 1578.1
2024-11-13 09:58:44.016: 157 epsilon: 0.01
2024-11-13 09:58:44.016: 157 q: 5.870551
2024-11-13 10:08:20.886: 158 test start:
2024-11-13 10:08:55.245: 158 avg_reward: 1791.5
2024-11-13 10:08:55.245: 158 avg_steps: 1776.9
2024-11-13 10:08:55.245: 158 epsilon: 0.01
2024-11-13 10:08:55.245: 158 q: 5.8021665
2024-11-13 10:18:11.899: 159 test start:
2024-11-13 10:18:37.566: 159 avg_reward: 1425.0
2024-11-13 10:18:37.567: 159 avg_steps: 1360.5
2024-11-13 10:18:37.567: 159 epsilon: 0.01
2024-11-13 10:18:37.567: 159 q: 5.804076
2024-11-13 10:28:15.025: 160 test start:
2024-11-13 10:28:36.925: 160 avg_reward: 1201.5
2024-11-13 10:28:36.925: 160 avg_steps: 1183.1
2024-11-13 10:28:36.925: 160 epsilon: 0.01
2024-11-13 10:28:36.925: 160 q: 5.7941413
2024-11-13 10:37:48.272: 161 test start:
2024-11-13 10:38:04.785: 161 avg_reward: 811.0
2024-11-13 10:38:04.785: 161 avg_steps: 872.45
2024-11-13 10:38:04.785: 161 epsilon: 0.01
2024-11-13 10:38:04.785: 161 q: 5.802491
2024-11-13 10:47:37.650: 162 test start:
2024-11-13 10:48:04.384: 162 avg_reward: 1471.75
2024-11-13 10:48:04.384: 162 avg_steps: 1402.15
2024-11-13 10:48:04.385: 162 epsilon: 0.01
2024-11-13 10:48:04.385: 162 q: 5.770958
2024-11-13 10:57:15.782: 163 test start:
2024-11-13 10:57:31.878: 163 avg_reward: 706.0
2024-11-13 10:57:31.878: 163 avg_steps: 843.9
2024-11-13 10:57:31.878: 163 epsilon: 0.01
2024-11-13 10:57:31.878: 163 q: 5.78635
2024-11-13 11:07:05.261: 164 test start:
2024-11-13 11:07:25.794: 164 avg_reward: 978.5
2024-11-13 11:07:25.794: 164 avg_steps: 1086.95
2024-11-13 11:07:25.794: 164 epsilon: 0.01
2024-11-13 11:07:25.794: 164 q: 5.77739
2024-11-13 11:16:39.745: 165 test start:
2024-11-13 11:16:57.365: 165 avg_reward: 944.5
2024-11-13 11:16:57.365: 165 avg_steps: 933.9
2024-11-13 11:16:57.365: 165 epsilon: 0.01
2024-11-13 11:16:57.366: 165 q: 5.7641973
2024-11-13 11:26:27.698: 166 test start:
2024-11-13 11:26:57.423: 166 avg_reward: 1553.5
2024-11-13 11:26:57.423: 166 avg_steps: 1553.5
2024-11-13 11:26:57.424: 166 epsilon: 0.01
2024-11-13 11:26:57.424: 166 q: 5.7498326
2024-11-13 11:36:04.101: 167 test start:
2024-11-13 11:36:21.662: 167 avg_reward: 850.75
2024-11-13 11:36:21.662: 167 avg_steps: 894.6
2024-11-13 11:36:21.662: 167 epsilon: 0.01
2024-11-13 11:36:21.662: 167 q: 5.7636833
2024-11-13 11:45:56.567: 168 test start:
2024-11-13 11:46:25.503: 168 avg_reward: 1751.0
2024-11-13 11:46:25.503: 168 avg_steps: 1595.3
2024-11-13 11:46:25.503: 168 epsilon: 0.01
2024-11-13 11:46:25.503: 168 q: 5.7719035
2024-11-13 11:55:38.150: 169 test start:
2024-11-13 11:56:03.130: 169 avg_reward: 1322.0
2024-11-13 11:56:03.131: 169 avg_steps: 1257.0
2024-11-13 11:56:03.131: 169 epsilon: 0.01
2024-11-13 11:56:03.131: 169 q: 5.7631855
2024-11-13 12:05:20.301: 170 test start:
2024-11-13 12:05:43.285: 170 avg_reward: 1334.75
2024-11-13 12:05:43.285: 170 avg_steps: 1251.85
2024-11-13 12:05:43.285: 170 epsilon: 0.01
2024-11-13 12:05:43.285: 170 q: 5.7244678
2024-11-13 12:14:54.230: 171 test start:
2024-11-13 12:15:14.328: 171 avg_reward: 1048.75
2024-11-13 12:15:14.328: 171 avg_steps: 1023.9
2024-11-13 12:15:14.329: 171 epsilon: 0.01
2024-11-13 12:15:14.329: 171 q: 5.7734313
2024-11-13 12:24:25.983: 172 test start:
2024-11-13 12:24:45.921: 172 avg_reward: 1065.5
2024-11-13 12:24:45.921: 172 avg_steps: 1130.6
2024-11-13 12:24:45.922: 172 epsilon: 0.01
2024-11-13 12:24:45.922: 172 q: 5.770152
2024-11-13 12:34:29.349: 173 test start:
2024-11-13 12:34:46.969: 173 avg_reward: 902.0
2024-11-13 12:34:46.970: 173 avg_steps: 915.7
2024-11-13 12:34:46.970: 173 epsilon: 0.01
2024-11-13 12:34:46.970: 173 q: 5.7953506
2024-11-13 12:44:08.931: 174 test start:
2024-11-13 12:44:29.571: 174 avg_reward: 1035.75
2024-11-13 12:44:29.571: 174 avg_steps: 1060.2
2024-11-13 12:44:29.571: 174 epsilon: 0.01
2024-11-13 12:44:29.571: 174 q: 5.811613
2024-11-13 12:54:04.962: 175 test start:
2024-11-13 12:54:21.004: 175 avg_reward: 878.25
2024-11-13 12:54:21.004: 175 avg_steps: 831.6
2024-11-13 12:54:21.004: 175 epsilon: 0.01
2024-11-13 12:54:21.004: 175 q: 5.8362713
2024-11-13 13:03:15.685: 176 test start:
2024-11-13 13:03:44.678: 176 avg_reward: 1787.0
2024-11-13 13:03:44.679: 176 avg_steps: 1598.9
2024-11-13 13:03:44.679: 176 epsilon: 0.01
2024-11-13 13:03:44.679: 176 q: 5.8421392
2024-11-13 13:13:06.358: 177 test start:
2024-11-13 13:13:32.364: 177 avg_reward: 1389.5
2024-11-13 13:13:32.365: 177 avg_steps: 1397.1
2024-11-13 13:13:32.365: 177 epsilon: 0.01
2024-11-13 13:13:32.365: 177 q: 5.851419
2024-11-13 13:22:35.913: 178 test start:
2024-11-13 13:22:52.003: 178 avg_reward: 775.0
2024-11-13 13:22:52.004: 178 avg_steps: 826.2
2024-11-13 13:22:52.004: 178 epsilon: 0.01
2024-11-13 13:22:52.004: 178 q: 5.829823
2024-11-13 13:32:31.010: 179 test start:
2024-11-13 13:32:56.143: 179 avg_reward: 1345.25
2024-11-13 13:32:56.143: 179 avg_steps: 1322.55
2024-11-13 13:32:56.143: 179 epsilon: 0.01
2024-11-13 13:32:56.143: 179 q: 5.825588
2024-11-13 13:42:12.023: 180 test start:
2024-11-13 13:42:31.214: 180 avg_reward: 986.25
2024-11-13 13:42:31.215: 180 avg_steps: 1013.3
2024-11-13 13:42:31.215: 180 epsilon: 0.01
2024-11-13 13:42:31.215: 180 q: 5.758572
2024-11-13 13:52:19.592: 181 test start:
2024-11-13 13:52:45.046: 181 avg_reward: 1460.25
2024-11-13 13:52:45.046: 181 avg_steps: 1339.1
2024-11-13 13:52:45.046: 181 epsilon: 0.01
2024-11-13 13:52:45.046: 181 q: 5.793369
2024-11-13 14:02:08.766: 182 test start:
2024-11-13 14:02:44.069: 182 avg_reward: 1806.5
2024-11-13 14:02:44.069: 182 avg_steps: 1846.1
2024-11-13 14:02:44.069: 182 epsilon: 0.01
2024-11-13 14:02:44.069: 182 q: 5.7550573
2024-11-13 14:12:38.312: 183 test start:
2024-11-13 14:13:10.402: 183 avg_reward: 1762.0
2024-11-13 14:13:10.402: 183 avg_steps: 1658.0
2024-11-13 14:13:10.407: 183 epsilon: 0.01
2024-11-13 14:13:10.407: 183 q: 5.729984
2024-11-13 14:22:40.455: 184 test start:
2024-11-13 14:23:16.434: 184 avg_reward: 1995.25
2024-11-13 14:23:16.434: 184 avg_steps: 1791.5
2024-11-13 14:23:16.434: 184 epsilon: 0.01
2024-11-13 14:23:16.434: 184 q: 5.763997
2024-11-13 14:33:05.315: 185 test start:
2024-11-13 14:33:30.094: 185 avg_reward: 1265.0
2024-11-13 14:33:30.094: 185 avg_steps: 1344.05
2024-11-13 14:33:30.094: 185 epsilon: 0.01
2024-11-13 14:33:30.094: 185 q: 5.7793283
2024-11-13 14:42:50.800: 186 test start:
2024-11-13 14:43:15.951: 186 avg_reward: 1359.5
2024-11-13 14:43:15.952: 186 avg_steps: 1334.1
2024-11-13 14:43:15.952: 186 epsilon: 0.01
2024-11-13 14:43:15.952: 186 q: 5.838314
2024-11-13 14:52:28.916: 187 test start:
2024-11-13 14:52:50.595: 187 avg_reward: 1326.25
2024-11-13 14:52:50.595: 187 avg_steps: 1213.55
2024-11-13 14:52:50.595: 187 epsilon: 0.01
2024-11-13 14:52:50.595: 187 q: 5.8298845
2024-11-13 15:01:57.886: 188 test start:
2024-11-13 15:02:22.706: 188 avg_reward: 1350.5
2024-11-13 15:02:22.706: 188 avg_steps: 1296.25
2024-11-13 15:02:22.707: 188 epsilon: 0.01
2024-11-13 15:02:22.707: 188 q: 5.8169446
2024-11-13 15:11:12.283: 189 test start:
2024-11-13 15:11:38.241: 189 avg_reward: 1429.75
2024-11-13 15:11:38.241: 189 avg_steps: 1391.6
2024-11-13 15:11:38.241: 189 epsilon: 0.01
2024-11-13 15:11:38.241: 189 q: 5.8159833
2024-11-13 15:20:46.960: 190 test start:
2024-11-13 15:21:13.854: 190 avg_reward: 1404.0
2024-11-13 15:21:13.854: 190 avg_steps: 1409.7
2024-11-13 15:21:13.854: 190 epsilon: 0.01
2024-11-13 15:21:13.854: 190 q: 5.866867
2024-11-13 15:30:06.560: 191 test start:
2024-11-13 15:30:29.416: 191 avg_reward: 1233.0
2024-11-13 15:30:29.416: 191 avg_steps: 1217.45
2024-11-13 15:30:29.416: 191 epsilon: 0.01
2024-11-13 15:30:29.416: 191 q: 5.8064537
2024-11-13 15:39:40.826: 192 test start:
2024-11-13 15:40:12.667: 192 avg_reward: 1804.25
2024-11-13 15:40:12.667: 192 avg_steps: 1673.95
2024-11-13 15:40:12.667: 192 epsilon: 0.01
2024-11-13 15:40:12.667: 192 q: 5.838797
2024-11-13 15:49:19.068: 193 test start:
2024-11-13 15:49:46.711: 193 avg_reward: 1479.5
2024-11-13 15:49:46.711: 193 avg_steps: 1489.3
2024-11-13 15:49:46.711: 193 epsilon: 0.01
2024-11-13 15:49:46.711: 193 q: 5.820897
2024-11-13 15:59:18.353: 194 test start:
2024-11-13 15:59:39.269: 194 avg_reward: 1095.5
2024-11-13 15:59:39.269: 194 avg_steps: 1092.6
2024-11-13 15:59:39.270: 194 epsilon: 0.01
2024-11-13 15:59:39.270: 194 q: 5.8529854
2024-11-13 16:08:45.891: 195 test start:
2024-11-13 16:09:13.528: 195 avg_reward: 1578.25
2024-11-13 16:09:13.528: 195 avg_steps: 1472.85
2024-11-13 16:09:13.528: 195 epsilon: 0.01
2024-11-13 16:09:13.528: 195 q: 5.8730397
2024-11-13 16:18:26.395: 196 test start:
2024-11-13 16:18:51.483: 196 avg_reward: 1442.25
2024-11-13 16:18:51.483: 196 avg_steps: 1347.0
2024-11-13 16:18:51.483: 196 epsilon: 0.01
2024-11-13 16:18:51.483: 196 q: 5.803929
2024-11-13 16:28:10.560: 197 test start:
2024-11-13 16:28:37.723: 197 avg_reward: 1506.25
2024-11-13 16:28:37.723: 197 avg_steps: 1514.25
2024-11-13 16:28:37.723: 197 epsilon: 0.01
2024-11-13 16:28:37.723: 197 q: 5.805741
2024-11-13 16:37:57.556: 198 test start:
2024-11-13 16:38:21.958: 198 avg_reward: 1275.0
2024-11-13 16:38:21.958: 198 avg_steps: 1270.3
2024-11-13 16:38:21.958: 198 epsilon: 0.01
2024-11-13 16:38:21.958: 198 q: 5.7742677
2024-11-13 16:47:23.845: 199 test start:
2024-11-13 16:47:54.854: 199 avg_reward: 1818.5
2024-11-13 16:47:54.855: 199 avg_steps: 1653.7
2024-11-13 16:47:54.855: 199 epsilon: 0.01
2024-11-13 16:47:54.855: 199 q: 5.748579
2024-11-13 16:56:57.020: 200 test start:
2024-11-13 16:57:13.271: 200 avg_reward: 788.25
2024-11-13 16:57:13.271: 200 avg_steps: 847.6
2024-11-13 16:57:13.271: 200 epsilon: 0.01
2024-11-13 16:57:13.271: 200 q: 5.7901387
