2024-11-12 07:08:25.573: 
parameters:agent_test_episodes: 20
batch_num_per_epoch: 250000
device: cuda:0
env_name: ALE/DoubleDunk-v5
epsilon_for_test: 0.001
epsilon_max: 0.1
epsilon_min: 0.01
exp_name: ALE-DoubleDunk-v5_2024-11-12-07-08-25
exp_path: ../exps/double_dqn/
exploration_steps: 1000000
gamma: 0.99
held_out_states_num: 1000
learning_rate: 0.00025
log_path: ../exps/double_dqn/
mini_batch_size: 32
model_update_freq: 4
n_times: 5
no_op: 30
phi_channel: 4
replay_buffer_size: 1000000
replay_start_size: 50000
save_model: true
screen_size: 84
seed: 0
skip_k_frame: 4
step_c: 30000
training_steps: 50000000

2024-11-12 07:08:25.647: optimizer: RMSprop (
Parameter Group 0
    alpha: 0.95
    centered: False
    differentiable: False
    eps: 0.01
    foreach: None
    lr: 0.00025
    maximize: False
    momentum: 0
    weight_decay: 0
)
2024-11-12 07:08:25.699: optimizer: RMSprop (
Parameter Group 0
    alpha: 0.95
    centered: False
    differentiable: False
    eps: 0.01
    foreach: None
    lr: 0.00025
    maximize: False
    momentum: 0
    weight_decay: 0
)
2024-11-12 07:17:25.525: 1 test start:
2024-11-12 07:26:17.429: 1 avg_reward: -13.8
2024-11-12 07:26:17.429: 1 avg_steps: 26993.05
2024-11-12 07:26:17.429: 1 epsilon: 0.08185411000000001
2024-11-12 07:26:17.429: 1 q: -0.004704045
2024-11-12 07:35:32.103: 2 test start:
2024-11-12 07:44:23.224: 2 avg_reward: -17.2
2024-11-12 07:44:23.224: 2 avg_steps: 26963.3
2024-11-12 07:44:23.224: 2 epsilon: 0.05939965
2024-11-12 07:44:23.224: 2 q: -0.02880685
2024-11-12 07:53:41.782: 3 test start:
2024-11-12 08:02:10.217: 3 avg_reward: -11.0
2024-11-12 08:02:10.217: 3 avg_steps: 25924.8
2024-11-12 08:02:10.217: 3 epsilon: 0.03692917
2024-11-12 08:02:10.217: 3 q: -0.028274769
2024-11-12 08:11:36.735: 4 test start:
2024-11-12 08:17:12.394: 4 avg_reward: -20.6
2024-11-12 08:17:12.394: 4 avg_steps: 16880.3
2024-11-12 08:17:12.394: 4 epsilon: 0.014394339999999992
2024-11-12 08:17:12.395: 4 q: -0.058400042
2024-11-12 08:26:42.033: 5 test start:
2024-11-12 08:27:55.850: 5 avg_reward: -22.4
2024-11-12 08:27:55.850: 5 avg_steps: 3637.05
2024-11-12 08:27:55.850: 5 epsilon: 0.01
2024-11-12 08:27:55.850: 5 q: -0.055062447
2024-11-12 08:37:40.521: 6 test start:
2024-11-12 08:45:53.816: 6 avg_reward: -18.5
2024-11-12 08:45:53.817: 6 avg_steps: 25153.0
2024-11-12 08:45:53.817: 6 epsilon: 0.01
2024-11-12 08:45:53.817: 6 q: -0.13522963
2024-11-12 08:55:25.999: 7 test start:
2024-11-12 08:56:25.304: 7 avg_reward: -22.8
2024-11-12 08:56:25.304: 7 avg_steps: 3054.6
2024-11-12 08:56:25.304: 7 epsilon: 0.01
2024-11-12 08:56:25.305: 7 q: -0.10861127
2024-11-12 09:06:19.878: 8 test start:
2024-11-12 09:13:44.785: 8 avg_reward: -20.4
2024-11-12 09:13:44.785: 8 avg_steps: 22545.35
2024-11-12 09:13:44.785: 8 epsilon: 0.01
2024-11-12 09:13:44.785: 8 q: -0.20900802
2024-11-12 09:23:23.507: 9 test start:
2024-11-12 09:31:24.564: 9 avg_reward: -21.6
2024-11-12 09:31:24.564: 9 avg_steps: 24103.7
2024-11-12 09:31:24.564: 9 epsilon: 0.01
2024-11-12 09:31:24.564: 9 q: -0.27406922
2024-11-12 09:41:17.537: 10 test start:
2024-11-12 09:49:10.887: 10 avg_reward: -20.2
2024-11-12 09:49:10.887: 10 avg_steps: 23977.5
2024-11-12 09:49:10.887: 10 epsilon: 0.01
2024-11-12 09:49:10.887: 10 q: -0.1754973
2024-11-12 09:59:09.731: 11 test start:
2024-11-12 10:07:46.638: 11 avg_reward: -15.1
2024-11-12 10:07:46.639: 11 avg_steps: 26025.85
2024-11-12 10:07:46.639: 11 epsilon: 0.01
2024-11-12 10:07:46.639: 11 q: -0.1682835
2024-11-12 10:17:44.227: 12 test start:
2024-11-12 10:26:32.385: 12 avg_reward: -12.0
2024-11-12 10:26:32.385: 12 avg_steps: 26847.7
2024-11-12 10:26:32.386: 12 epsilon: 0.01
2024-11-12 10:26:32.386: 12 q: -0.22441442
2024-11-12 10:36:20.934: 13 test start:
2024-11-12 10:45:17.733: 13 avg_reward: -14.3
2024-11-12 10:45:17.733: 13 avg_steps: 26992.25
2024-11-12 10:45:17.733: 13 epsilon: 0.01
2024-11-12 10:45:17.733: 13 q: -0.27517948
2024-11-12 10:55:05.707: 14 test start:
2024-11-12 11:04:00.555: 14 avg_reward: -13.5
2024-11-12 11:04:00.555: 14 avg_steps: 26960.05
2024-11-12 11:04:00.555: 14 epsilon: 0.01
2024-11-12 11:04:00.555: 14 q: -0.26812845
2024-11-12 11:13:59.610: 15 test start:
2024-11-12 11:23:01.721: 15 avg_reward: -13.5
2024-11-12 11:23:01.721: 15 avg_steps: 26922.05
2024-11-12 11:23:01.721: 15 epsilon: 0.01
2024-11-12 11:23:01.721: 15 q: -0.2529416
2024-11-12 11:32:35.104: 16 test start:
2024-11-12 11:41:28.304: 16 avg_reward: -14.2
2024-11-12 11:41:28.304: 16 avg_steps: 26553.45
2024-11-12 11:41:28.304: 16 epsilon: 0.01
2024-11-12 11:41:28.304: 16 q: -0.27533308
2024-11-12 11:51:24.097: 17 test start:
2024-11-12 12:00:20.408: 17 avg_reward: -13.7
2024-11-12 12:00:20.408: 17 avg_steps: 26978.7
2024-11-12 12:00:20.409: 17 epsilon: 0.01
2024-11-12 12:00:20.409: 17 q: -0.26595443
2024-11-12 12:10:03.692: 18 test start:
2024-11-12 12:18:54.587: 18 avg_reward: -12.7
2024-11-12 12:18:54.587: 18 avg_steps: 26492.1
2024-11-12 12:18:54.587: 18 epsilon: 0.01
2024-11-12 12:18:54.587: 18 q: -0.32415825
2024-11-12 12:28:50.791: 19 test start:
2024-11-12 12:37:44.800: 19 avg_reward: -14.1
2024-11-12 12:37:44.801: 19 avg_steps: 26681.55
2024-11-12 12:37:44.801: 19 epsilon: 0.01
2024-11-12 12:37:44.801: 19 q: -0.3749672
2024-11-12 12:47:46.828: 20 test start:
2024-11-12 12:56:40.567: 20 avg_reward: -15.4
2024-11-12 12:56:40.568: 20 avg_steps: 26552.8
2024-11-12 12:56:40.568: 20 epsilon: 0.01
2024-11-12 12:56:40.568: 20 q: -0.3788132
2024-11-12 13:06:30.758: 21 test start:
2024-11-12 13:15:19.769: 21 avg_reward: -16.2
2024-11-12 13:15:19.769: 21 avg_steps: 26531.95
2024-11-12 13:15:19.769: 21 epsilon: 0.01
2024-11-12 13:15:19.769: 21 q: -0.38492465
2024-11-12 13:25:33.006: 22 test start:
2024-11-12 13:34:29.265: 22 avg_reward: -13.1
2024-11-12 13:34:29.265: 22 avg_steps: 26884.6
2024-11-12 13:34:29.265: 22 epsilon: 0.01
2024-11-12 13:34:29.265: 22 q: -0.3782959
2024-11-12 13:44:17.543: 23 test start:
2024-11-12 13:53:10.266: 23 avg_reward: -15.9
2024-11-12 13:53:10.266: 23 avg_steps: 26708.35
2024-11-12 13:53:10.266: 23 epsilon: 0.01
2024-11-12 13:53:10.266: 23 q: -0.410103
2024-11-12 14:03:06.042: 24 test start:
2024-11-12 14:12:02.016: 24 avg_reward: -12.8
2024-11-12 14:12:02.016: 24 avg_steps: 26992.85
2024-11-12 14:12:02.017: 24 epsilon: 0.01
2024-11-12 14:12:02.017: 24 q: -0.40384805
2024-11-12 14:22:05.457: 25 test start:
2024-11-12 14:30:58.024: 25 avg_reward: -14.2
2024-11-12 14:30:58.025: 25 avg_steps: 26719.95
2024-11-12 14:30:58.025: 25 epsilon: 0.01
2024-11-12 14:30:58.025: 25 q: -0.42502937
2024-11-12 14:40:53.721: 26 test start:
2024-11-12 14:49:51.827: 26 avg_reward: -12.0
2024-11-12 14:49:51.827: 26 avg_steps: 26992.6
2024-11-12 14:49:51.827: 26 epsilon: 0.01
2024-11-12 14:49:51.827: 26 q: -0.4311402
2024-11-12 14:59:53.534: 27 test start:
2024-11-12 15:08:48.712: 27 avg_reward: -13.1
2024-11-12 15:08:48.712: 27 avg_steps: 26945.3
2024-11-12 15:08:48.712: 27 epsilon: 0.01
2024-11-12 15:08:48.712: 27 q: -0.47027588
2024-11-12 15:18:37.848: 28 test start:
2024-11-12 15:27:30.214: 28 avg_reward: -14.2
2024-11-12 15:27:30.214: 28 avg_steps: 26932.45
2024-11-12 15:27:30.214: 28 epsilon: 0.01
2024-11-12 15:27:30.214: 28 q: -0.47818217
2024-11-12 15:37:36.689: 29 test start:
2024-11-12 15:46:30.162: 29 avg_reward: -12.6
2024-11-12 15:46:30.162: 29 avg_steps: 26928.5
2024-11-12 15:46:30.162: 29 epsilon: 0.01
2024-11-12 15:46:30.162: 29 q: -0.5091851
2024-11-12 15:56:20.822: 30 test start:
2024-11-12 16:05:03.894: 30 avg_reward: -12.8
2024-11-12 16:05:03.894: 30 avg_steps: 26511.8
2024-11-12 16:05:03.894: 30 epsilon: 0.01
2024-11-12 16:05:03.894: 30 q: -0.4712543
2024-11-12 16:15:00.595: 31 test start:
2024-11-12 16:23:56.785: 31 avg_reward: -13.2
2024-11-12 16:23:56.785: 31 avg_steps: 26993.0
2024-11-12 16:23:56.785: 31 epsilon: 0.01
2024-11-12 16:23:56.785: 31 q: -0.46888554
2024-11-12 16:33:49.089: 32 test start:
2024-11-12 16:42:39.076: 32 avg_reward: -12.8
2024-11-12 16:42:39.077: 32 avg_steps: 26768.65
2024-11-12 16:42:39.077: 32 epsilon: 0.01
2024-11-12 16:42:39.077: 32 q: -0.472288
2024-11-12 16:52:30.085: 33 test start:
2024-11-12 17:01:22.147: 33 avg_reward: -12.6
2024-11-12 17:01:22.147: 33 avg_steps: 26993.6
2024-11-12 17:01:22.147: 33 epsilon: 0.01
2024-11-12 17:01:22.147: 33 q: -0.5026828
2024-11-12 17:11:27.167: 34 test start:
2024-11-12 17:20:20.554: 34 avg_reward: -13.3
2024-11-12 17:20:20.554: 34 avg_steps: 26951.35
2024-11-12 17:20:20.554: 34 epsilon: 0.01
2024-11-12 17:20:20.554: 34 q: -0.5008554
2024-11-12 17:30:16.288: 35 test start:
2024-11-12 17:39:10.512: 35 avg_reward: -13.8
2024-11-12 17:39:10.513: 35 avg_steps: 26992.55
2024-11-12 17:39:10.513: 35 epsilon: 0.01
2024-11-12 17:39:10.513: 35 q: -0.5218703
2024-11-12 17:48:49.491: 36 test start:
2024-11-12 17:57:41.142: 36 avg_reward: -14.3
2024-11-12 17:57:41.143: 36 avg_steps: 26806.7
2024-11-12 17:57:41.143: 36 epsilon: 0.01
2024-11-12 17:57:41.143: 36 q: -0.5276767
2024-11-12 18:07:34.981: 37 test start:
2024-11-12 18:16:21.810: 37 avg_reward: -13.5
2024-11-12 18:16:21.810: 37 avg_steps: 26647.65
2024-11-12 18:16:21.810: 37 epsilon: 0.01
2024-11-12 18:16:21.810: 37 q: -0.48404738
2024-11-12 18:26:12.534: 38 test start:
2024-11-12 18:35:05.015: 38 avg_reward: -12.9
2024-11-12 18:35:05.015: 38 avg_steps: 26993.85
2024-11-12 18:35:05.015: 38 epsilon: 0.01
2024-11-12 18:35:05.015: 38 q: -0.4596666
2024-11-12 18:44:58.659: 39 test start:
2024-11-12 18:53:46.342: 39 avg_reward: -13.3
2024-11-12 18:53:46.343: 39 avg_steps: 26855.1
2024-11-12 18:53:46.343: 39 epsilon: 0.01
2024-11-12 18:53:46.343: 39 q: -0.49130878
2024-11-12 19:03:39.390: 40 test start:
2024-11-12 19:12:27.621: 40 avg_reward: -12.8
2024-11-12 19:12:27.621: 40 avg_steps: 26944.0
2024-11-12 19:12:27.621: 40 epsilon: 0.01
2024-11-12 19:12:27.621: 40 q: -0.4923797
2024-11-12 19:22:22.189: 41 test start:
2024-11-12 19:31:10.670: 41 avg_reward: -12.4
2024-11-12 19:31:10.670: 41 avg_steps: 26823.3
2024-11-12 19:31:10.670: 41 epsilon: 0.01
2024-11-12 19:31:10.670: 41 q: -0.47370118
2024-11-12 19:40:57.821: 42 test start:
2024-11-12 19:49:50.582: 42 avg_reward: -10.4
2024-11-12 19:49:50.582: 42 avg_steps: 26992.05
2024-11-12 19:49:50.582: 42 epsilon: 0.01
2024-11-12 19:49:50.582: 42 q: -0.4819187
2024-11-12 19:59:56.409: 43 test start:
2024-11-12 20:08:46.017: 43 avg_reward: -12.7
2024-11-12 20:08:46.017: 43 avg_steps: 26947.3
2024-11-12 20:08:46.017: 43 epsilon: 0.01
2024-11-12 20:08:46.017: 43 q: -0.48068812
2024-11-12 20:18:14.555: 44 test start:
2024-11-12 20:27:04.794: 44 avg_reward: -12.3
2024-11-12 20:27:04.794: 44 avg_steps: 26993.0
2024-11-12 20:27:04.794: 44 epsilon: 0.01
2024-11-12 20:27:04.794: 44 q: -0.4773299
2024-11-12 20:37:07.221: 45 test start:
2024-11-12 20:45:56.425: 45 avg_reward: -12.7
2024-11-12 20:45:56.425: 45 avg_steps: 26993.1
2024-11-12 20:45:56.425: 45 epsilon: 0.01
2024-11-12 20:45:56.425: 45 q: -0.48901135
2024-11-12 20:55:47.091: 46 test start:
2024-11-12 21:04:34.147: 46 avg_reward: -11.0
2024-11-12 21:04:34.147: 46 avg_steps: 26992.85
2024-11-12 21:04:34.147: 46 epsilon: 0.01
2024-11-12 21:04:34.147: 46 q: -0.4942019
2024-11-12 21:14:17.025: 47 test start:
2024-11-12 21:23:11.366: 47 avg_reward: -12.2
2024-11-12 21:23:11.366: 47 avg_steps: 26993.3
2024-11-12 21:23:11.366: 47 epsilon: 0.01
2024-11-12 21:23:11.366: 47 q: -0.4959388
2024-11-12 21:32:56.820: 48 test start:
2024-11-12 21:41:47.572: 48 avg_reward: -11.3
2024-11-12 21:41:47.573: 48 avg_steps: 26993.3
2024-11-12 21:41:47.573: 48 epsilon: 0.01
2024-11-12 21:41:47.573: 48 q: -0.48241287
2024-11-12 21:51:34.836: 49 test start:
2024-11-12 22:00:23.922: 49 avg_reward: -11.7
2024-11-12 22:00:23.923: 49 avg_steps: 26993.05
2024-11-12 22:00:23.923: 49 epsilon: 0.01
2024-11-12 22:00:23.923: 49 q: -0.46335265
2024-11-12 22:10:26.353: 50 test start:
2024-11-12 22:19:10.855: 50 avg_reward: -12.6
2024-11-12 22:19:10.856: 50 avg_steps: 26890.0
2024-11-12 22:19:10.856: 50 epsilon: 0.01
2024-11-12 22:19:10.856: 50 q: -0.47558585
2024-11-12 22:28:54.198: 51 test start:
2024-11-12 22:37:41.388: 51 avg_reward: -13.1
2024-11-12 22:37:41.388: 51 avg_steps: 26936.4
2024-11-12 22:37:41.388: 51 epsilon: 0.01
2024-11-12 22:37:41.388: 51 q: -0.46824598
2024-11-12 22:47:15.838: 52 test start:
2024-11-12 22:56:06.875: 52 avg_reward: -11.5
2024-11-12 22:56:06.875: 52 avg_steps: 26992.7
2024-11-12 22:56:06.875: 52 epsilon: 0.01
2024-11-12 22:56:06.875: 52 q: -0.46303064
2024-11-12 23:06:00.984: 53 test start:
2024-11-12 23:14:49.691: 53 avg_reward: -12.7
2024-11-12 23:14:49.691: 53 avg_steps: 26992.45
2024-11-12 23:14:49.691: 53 epsilon: 0.01
2024-11-12 23:14:49.691: 53 q: -0.46779528
2024-11-12 23:24:36.572: 54 test start:
2024-11-12 23:33:30.532: 54 avg_reward: -12.4
2024-11-12 23:33:30.532: 54 avg_steps: 26993.4
2024-11-12 23:33:30.532: 54 epsilon: 0.01
2024-11-12 23:33:30.532: 54 q: -0.47460926
2024-11-12 23:43:25.040: 55 test start:
2024-11-12 23:52:14.296: 55 avg_reward: -11.8
2024-11-12 23:52:14.296: 55 avg_steps: 26992.95
2024-11-12 23:52:14.296: 55 epsilon: 0.01
2024-11-12 23:52:14.296: 55 q: -0.48742676
2024-11-13 00:01:47.316: 56 test start:
2024-11-13 00:10:38.662: 56 avg_reward: -13.2
2024-11-13 00:10:38.663: 56 avg_steps: 26967.1
2024-11-13 00:10:38.663: 56 epsilon: 0.01
2024-11-13 00:10:38.663: 56 q: -0.4796831
2024-11-13 00:20:29.594: 57 test start:
2024-11-13 00:29:23.391: 57 avg_reward: -12.6
2024-11-13 00:29:23.391: 57 avg_steps: 26992.55
2024-11-13 00:29:23.391: 57 epsilon: 0.01
2024-11-13 00:29:23.391: 57 q: -0.46797192
2024-11-13 00:38:53.059: 58 test start:
2024-11-13 00:47:51.056: 58 avg_reward: -11.3
2024-11-13 00:47:51.057: 58 avg_steps: 26993.3
2024-11-13 00:47:51.057: 58 epsilon: 0.01
2024-11-13 00:47:51.057: 58 q: -0.45792556
2024-11-13 00:57:39.626: 59 test start:
2024-11-13 01:06:36.358: 59 avg_reward: -14.5
2024-11-13 01:06:36.359: 59 avg_steps: 26992.5
2024-11-13 01:06:36.359: 59 epsilon: 0.01
2024-11-13 01:06:36.359: 59 q: -0.44272447
2024-11-13 01:16:29.789: 60 test start:
2024-11-13 01:25:23.386: 60 avg_reward: -11.5
2024-11-13 01:25:23.386: 60 avg_steps: 26992.55
2024-11-13 01:25:23.387: 60 epsilon: 0.01
2024-11-13 01:25:23.387: 60 q: -0.45279065
2024-11-13 01:35:04.929: 61 test start:
2024-11-13 01:44:00.857: 61 avg_reward: -11.5
2024-11-13 01:44:00.857: 61 avg_steps: 26993.05
2024-11-13 01:44:00.857: 61 epsilon: 0.01
2024-11-13 01:44:00.857: 61 q: -0.43968123
2024-11-13 01:53:31.017: 62 test start:
2024-11-13 02:02:21.093: 62 avg_reward: -12.2
2024-11-13 02:02:21.093: 62 avg_steps: 26993.4
2024-11-13 02:02:21.093: 62 epsilon: 0.01
2024-11-13 02:02:21.093: 62 q: -0.4244563
2024-11-13 02:12:13.952: 63 test start:
2024-11-13 02:21:09.532: 63 avg_reward: -10.8
2024-11-13 02:21:09.533: 63 avg_steps: 26992.55
2024-11-13 02:21:09.533: 63 epsilon: 0.01
2024-11-13 02:21:09.533: 63 q: -0.45566547
2024-11-13 02:31:04.634: 64 test start:
2024-11-13 02:40:06.675: 64 avg_reward: -11.8
2024-11-13 02:40:06.675: 64 avg_steps: 26993.25
2024-11-13 02:40:06.675: 64 epsilon: 0.01
2024-11-13 02:40:06.675: 64 q: -0.46434668
2024-11-13 02:49:44.697: 65 test start:
2024-11-13 02:58:34.959: 65 avg_reward: -11.1
2024-11-13 02:58:34.959: 65 avg_steps: 26991.9
2024-11-13 02:58:34.959: 65 epsilon: 0.01
2024-11-13 02:58:34.959: 65 q: -0.46323818
2024-11-13 03:08:25.067: 66 test start:
2024-11-13 03:17:16.903: 66 avg_reward: -10.9
2024-11-13 03:17:16.903: 66 avg_steps: 26993.25
2024-11-13 03:17:16.903: 66 epsilon: 0.01
2024-11-13 03:17:16.903: 66 q: -0.45872834
2024-11-13 03:26:56.257: 67 test start:
2024-11-13 03:35:41.844: 67 avg_reward: -11.1
2024-11-13 03:35:41.844: 67 avg_steps: 26993.15
2024-11-13 03:35:41.845: 67 epsilon: 0.01
2024-11-13 03:35:41.845: 67 q: -0.45190406
2024-11-13 03:45:52.692: 68 test start:
2024-11-13 03:54:38.735: 68 avg_reward: -11.6
2024-11-13 03:54:38.735: 68 avg_steps: 26992.85
2024-11-13 03:54:38.736: 68 epsilon: 0.01
2024-11-13 03:54:38.736: 68 q: -0.4750824
2024-11-13 04:04:26.689: 69 test start:
2024-11-13 04:13:15.601: 69 avg_reward: -11.0
2024-11-13 04:13:15.601: 69 avg_steps: 26979.25
2024-11-13 04:13:15.601: 69 epsilon: 0.01
2024-11-13 04:13:15.601: 69 q: -0.47984496
2024-11-13 04:23:13.133: 70 test start:
2024-11-13 04:32:02.346: 70 avg_reward: -10.5
2024-11-13 04:32:02.346: 70 avg_steps: 26992.7
2024-11-13 04:32:02.346: 70 epsilon: 0.01
2024-11-13 04:32:02.346: 70 q: -0.4696181
2024-11-13 04:41:47.014: 71 test start:
2024-11-13 04:50:38.114: 71 avg_reward: -10.9
2024-11-13 04:50:38.114: 71 avg_steps: 26993.85
2024-11-13 04:50:38.114: 71 epsilon: 0.01
2024-11-13 04:50:38.114: 71 q: -0.4844858
2024-11-13 05:00:40.049: 72 test start:
2024-11-13 05:09:31.092: 72 avg_reward: -13.5
2024-11-13 05:09:31.092: 72 avg_steps: 26993.05
2024-11-13 05:09:31.092: 72 epsilon: 0.01
2024-11-13 05:09:31.093: 72 q: -0.4699905
2024-11-13 05:19:16.649: 73 test start:
2024-11-13 05:28:12.085: 73 avg_reward: -9.1
2024-11-13 05:28:12.086: 73 avg_steps: 26992.15
2024-11-13 05:28:12.086: 73 epsilon: 0.01
2024-11-13 05:28:12.086: 73 q: -0.48316753
2024-11-13 05:37:53.632: 74 test start:
2024-11-13 05:46:45.568: 74 avg_reward: -11.8
2024-11-13 05:46:45.568: 74 avg_steps: 26993.1
2024-11-13 05:46:45.568: 74 epsilon: 0.01
2024-11-13 05:46:45.568: 74 q: -0.48053017
2024-11-13 05:56:35.550: 75 test start:
2024-11-13 06:05:25.725: 75 avg_reward: -12.3
2024-11-13 06:05:25.726: 75 avg_steps: 26992.25
2024-11-13 06:05:25.726: 75 epsilon: 0.01
2024-11-13 06:05:25.726: 75 q: -0.47742933
2024-11-13 06:15:15.553: 76 test start:
2024-11-13 06:24:10.772: 76 avg_reward: -12.1
2024-11-13 06:24:10.772: 76 avg_steps: 26993.3
2024-11-13 06:24:10.772: 76 epsilon: 0.01
2024-11-13 06:24:10.772: 76 q: -0.46473736
2024-11-13 06:33:43.949: 77 test start:
2024-11-13 06:42:36.740: 77 avg_reward: -13.0
2024-11-13 06:42:36.740: 77 avg_steps: 26993.1
2024-11-13 06:42:36.740: 77 epsilon: 0.01
2024-11-13 06:42:36.740: 77 q: -0.463526
2024-11-13 06:52:22.376: 78 test start:
2024-11-13 07:01:12.898: 78 avg_reward: -10.8
2024-11-13 07:01:12.898: 78 avg_steps: 26993.55
2024-11-13 07:01:12.898: 78 epsilon: 0.01
2024-11-13 07:01:12.898: 78 q: -0.47077504
2024-11-13 07:10:42.175: 79 test start:
2024-11-13 07:19:36.452: 79 avg_reward: -12.3
2024-11-13 07:19:36.452: 79 avg_steps: 26992.4
2024-11-13 07:19:36.452: 79 epsilon: 0.01
2024-11-13 07:19:36.452: 79 q: -0.47831598
2024-11-13 07:29:27.076: 80 test start:
2024-11-13 07:38:23.012: 80 avg_reward: -11.4
2024-11-13 07:38:23.012: 80 avg_steps: 26992.9
2024-11-13 07:38:23.013: 80 epsilon: 0.01
2024-11-13 07:38:23.013: 80 q: -0.46753106
2024-11-13 07:47:45.777: 81 test start:
2024-11-13 07:56:37.592: 81 avg_reward: -12.5
2024-11-13 07:56:37.593: 81 avg_steps: 26992.45
2024-11-13 07:56:37.593: 81 epsilon: 0.01
2024-11-13 07:56:37.593: 81 q: -0.44045255
2024-11-13 08:06:21.328: 82 test start:
2024-11-13 08:15:23.444: 82 avg_reward: -11.2
2024-11-13 08:15:23.444: 82 avg_steps: 26993.0
2024-11-13 08:15:23.444: 82 epsilon: 0.01
2024-11-13 08:15:23.444: 82 q: -0.4579056
2024-11-13 08:24:39.492: 83 test start:
2024-11-13 08:33:42.532: 83 avg_reward: -11.0
2024-11-13 08:33:42.532: 83 avg_steps: 26993.4
2024-11-13 08:33:42.532: 83 epsilon: 0.01
2024-11-13 08:33:42.533: 83 q: -0.45086706
2024-11-13 08:42:53.405: 84 test start:
2024-11-13 08:51:36.253: 84 avg_reward: -15.0
2024-11-13 08:51:36.253: 84 avg_steps: 25791.9
2024-11-13 08:51:36.253: 84 epsilon: 0.01
2024-11-13 08:51:36.253: 84 q: -0.43688214
2024-11-13 09:01:01.739: 85 test start:
2024-11-13 09:09:27.404: 85 avg_reward: -16.5
2024-11-13 09:09:27.404: 85 avg_steps: 25088.2
2024-11-13 09:09:27.404: 85 epsilon: 0.01
2024-11-13 09:09:27.404: 85 q: -0.41525584
2024-11-13 09:18:46.170: 86 test start:
2024-11-13 09:27:29.391: 86 avg_reward: -13.4
2024-11-13 09:27:29.391: 86 avg_steps: 26258.0
2024-11-13 09:27:29.391: 86 epsilon: 0.01
2024-11-13 09:27:29.391: 86 q: -0.41149926
2024-11-13 09:36:46.915: 87 test start:
2024-11-13 09:44:48.185: 87 avg_reward: -16.2
2024-11-13 09:44:48.185: 87 avg_steps: 23866.0
2024-11-13 09:44:48.185: 87 epsilon: 0.01
2024-11-13 09:44:48.185: 87 q: -0.41737852
2024-11-13 09:54:25.490: 88 test start:
2024-11-13 10:03:18.081: 88 avg_reward: -11.9
2024-11-13 10:03:18.081: 88 avg_steps: 26880.05
2024-11-13 10:03:18.082: 88 epsilon: 0.01
2024-11-13 10:03:18.082: 88 q: -0.43003637
2024-11-13 10:12:46.476: 89 test start:
2024-11-13 10:21:42.978: 89 avg_reward: -11.4
2024-11-13 10:21:42.978: 89 avg_steps: 26992.05
2024-11-13 10:21:42.978: 89 epsilon: 0.01
2024-11-13 10:21:42.978: 89 q: -0.41419646
2024-11-13 10:31:17.494: 90 test start:
2024-11-13 10:40:17.719: 90 avg_reward: -11.3
2024-11-13 10:40:17.719: 90 avg_steps: 26699.55
2024-11-13 10:40:17.719: 90 epsilon: 0.01
2024-11-13 10:40:17.719: 90 q: -0.41182354
2024-11-13 10:50:02.739: 91 test start:
2024-11-13 10:59:07.684: 91 avg_reward: -11.2
2024-11-13 10:59:07.685: 91 avg_steps: 26993.7
2024-11-13 10:59:07.685: 91 epsilon: 0.01
2024-11-13 10:59:07.685: 91 q: -0.42794397
2024-11-13 11:08:43.325: 92 test start:
2024-11-13 11:17:40.979: 92 avg_reward: -11.1
2024-11-13 11:17:40.979: 92 avg_steps: 26992.65
2024-11-13 11:17:40.979: 92 epsilon: 0.01
2024-11-13 11:17:40.979: 92 q: -0.43122187
2024-11-13 11:27:14.909: 93 test start:
2024-11-13 11:36:13.767: 93 avg_reward: -11.3
2024-11-13 11:36:13.767: 93 avg_steps: 26993.1
2024-11-13 11:36:13.767: 93 epsilon: 0.01
2024-11-13 11:36:13.767: 93 q: -0.43183503
2024-11-13 11:45:48.050: 94 test start:
2024-11-13 11:54:47.640: 94 avg_reward: -11.2
2024-11-13 11:54:47.640: 94 avg_steps: 26992.95
2024-11-13 11:54:47.640: 94 epsilon: 0.01
2024-11-13 11:54:47.640: 94 q: -0.42418304
2024-11-13 12:04:04.390: 95 test start:
2024-11-13 12:13:03.939: 95 avg_reward: -10.8
2024-11-13 12:13:03.939: 95 avg_steps: 26992.6
2024-11-13 12:13:03.939: 95 epsilon: 0.01
2024-11-13 12:13:03.939: 95 q: -0.428036
2024-11-13 12:22:39.661: 96 test start:
2024-11-13 12:31:31.547: 96 avg_reward: -11.6
2024-11-13 12:31:31.548: 96 avg_steps: 26764.2
2024-11-13 12:31:31.548: 96 epsilon: 0.01
2024-11-13 12:31:31.548: 96 q: -0.42674452
2024-11-13 12:41:07.353: 97 test start:
2024-11-13 12:50:03.921: 97 avg_reward: -10.5
2024-11-13 12:50:03.922: 97 avg_steps: 26993.15
2024-11-13 12:50:03.922: 97 epsilon: 0.01
2024-11-13 12:50:03.922: 97 q: -0.42221397
2024-11-13 12:59:41.014: 98 test start:
2024-11-13 13:08:34.464: 98 avg_reward: -11.9
2024-11-13 13:08:34.465: 98 avg_steps: 26659.1
2024-11-13 13:08:34.465: 98 epsilon: 0.01
2024-11-13 13:08:34.465: 98 q: -0.41833207
2024-11-13 13:17:59.958: 99 test start:
2024-11-13 13:26:51.808: 99 avg_reward: -12.4
2024-11-13 13:26:51.808: 99 avg_steps: 26407.2
2024-11-13 13:26:51.808: 99 epsilon: 0.01
2024-11-13 13:26:51.808: 99 q: -0.42619875
2024-11-13 13:36:33.068: 100 test start:
2024-11-13 13:45:29.620: 100 avg_reward: -11.4
2024-11-13 13:45:29.620: 100 avg_steps: 26993.7
2024-11-13 13:45:29.620: 100 epsilon: 0.01
2024-11-13 13:45:29.620: 100 q: -0.43618226
2024-11-13 13:55:11.139: 101 test start:
2024-11-13 14:04:06.258: 101 avg_reward: -10.2
2024-11-13 14:04:06.259: 101 avg_steps: 26909.05
2024-11-13 14:04:06.259: 101 epsilon: 0.01
2024-11-13 14:04:06.259: 101 q: -0.4250326
2024-11-13 14:13:33.046: 102 test start:
2024-11-13 14:22:29.914: 102 avg_reward: -12.4
2024-11-13 14:22:29.914: 102 avg_steps: 26992.85
2024-11-13 14:22:29.914: 102 epsilon: 0.01
2024-11-13 14:22:29.914: 102 q: -0.4324845
2024-11-13 14:32:20.156: 103 test start:
2024-11-13 14:41:37.644: 103 avg_reward: -11.3
2024-11-13 14:41:37.644: 103 avg_steps: 26950.15
2024-11-13 14:41:37.644: 103 epsilon: 0.01
2024-11-13 14:41:37.644: 103 q: -0.445476
2024-11-13 14:51:02.383: 104 test start:
2024-11-13 14:59:59.961: 104 avg_reward: -9.8
2024-11-13 14:59:59.962: 104 avg_steps: 26993.3
2024-11-13 14:59:59.962: 104 epsilon: 0.01
2024-11-13 14:59:59.962: 104 q: -0.45931453
2024-11-13 15:09:23.150: 105 test start:
2024-11-13 15:18:22.145: 105 avg_reward: -13.7
2024-11-13 15:18:22.145: 105 avg_steps: 26978.8
2024-11-13 15:18:22.146: 105 epsilon: 0.01
2024-11-13 15:18:22.146: 105 q: -0.42351773
2024-11-13 15:27:36.603: 106 test start:
2024-11-13 15:36:35.081: 106 avg_reward: -9.8
2024-11-13 15:36:35.081: 106 avg_steps: 26992.25
2024-11-13 15:36:35.081: 106 epsilon: 0.01
2024-11-13 15:36:35.081: 106 q: -0.42998844
2024-11-13 15:46:06.144: 107 test start:
2024-11-13 15:55:08.940: 107 avg_reward: -9.3
2024-11-13 15:55:08.941: 107 avg_steps: 26993.6
2024-11-13 15:55:08.941: 107 epsilon: 0.01
2024-11-13 15:55:08.941: 107 q: -0.42904696
2024-11-13 16:04:30.357: 108 test start:
2024-11-13 16:13:28.893: 108 avg_reward: -10.3
2024-11-13 16:13:28.894: 108 avg_steps: 26993.5
2024-11-13 16:13:28.894: 108 epsilon: 0.01
2024-11-13 16:13:28.894: 108 q: -0.41945606
2024-11-13 16:22:53.469: 109 test start:
2024-11-13 16:31:51.613: 109 avg_reward: -12.7
2024-11-13 16:31:51.614: 109 avg_steps: 26977.25
2024-11-13 16:31:51.614: 109 epsilon: 0.01
2024-11-13 16:31:51.614: 109 q: -0.44572145
2024-11-13 16:41:10.911: 110 test start:
2024-11-13 16:50:11.513: 110 avg_reward: -10.9
2024-11-13 16:50:11.514: 110 avg_steps: 26992.25
2024-11-13 16:50:11.514: 110 epsilon: 0.01
2024-11-13 16:50:11.514: 110 q: -0.4620896
2024-11-13 16:59:30.856: 111 test start:
2024-11-13 17:08:30.652: 111 avg_reward: -12.3
2024-11-13 17:08:30.652: 111 avg_steps: 26993.5
2024-11-13 17:08:30.652: 111 epsilon: 0.01
2024-11-13 17:08:30.652: 111 q: -0.44741923
2024-11-13 17:17:49.112: 112 test start:
2024-11-13 17:26:49.259: 112 avg_reward: -11.0
2024-11-13 17:26:49.259: 112 avg_steps: 26993.5
2024-11-13 17:26:49.259: 112 epsilon: 0.01
2024-11-13 17:26:49.259: 112 q: -0.4420483
2024-11-13 17:36:05.493: 113 test start:
2024-11-13 17:45:05.031: 113 avg_reward: -12.0
2024-11-13 17:45:05.032: 113 avg_steps: 26906.85
2024-11-13 17:45:05.032: 113 epsilon: 0.01
2024-11-13 17:45:05.032: 113 q: -0.4287559
2024-11-13 17:54:31.843: 114 test start:
2024-11-13 18:03:35.691: 114 avg_reward: -8.5
2024-11-13 18:03:35.691: 114 avg_steps: 26929.4
2024-11-13 18:03:35.691: 114 epsilon: 0.01
2024-11-13 18:03:35.691: 114 q: -0.4230376
2024-11-13 18:12:58.696: 115 test start:
2024-11-13 18:22:00.574: 115 avg_reward: -11.3
2024-11-13 18:22:00.574: 115 avg_steps: 26992.0
2024-11-13 18:22:00.574: 115 epsilon: 0.01
2024-11-13 18:22:00.574: 115 q: -0.40634167
2024-11-13 18:31:09.784: 116 test start:
2024-11-13 18:40:08.097: 116 avg_reward: -8.9
2024-11-13 18:40:08.097: 116 avg_steps: 26993.35
2024-11-13 18:40:08.097: 116 epsilon: 0.01
2024-11-13 18:40:08.097: 116 q: -0.40740594
2024-11-13 18:49:30.506: 117 test start:
2024-11-13 18:58:29.424: 117 avg_reward: -10.2
2024-11-13 18:58:29.424: 117 avg_steps: 26992.45
2024-11-13 18:58:29.424: 117 epsilon: 0.01
2024-11-13 18:58:29.424: 117 q: -0.42369825
2024-11-13 19:08:00.776: 118 test start:
2024-11-13 19:16:58.094: 118 avg_reward: -12.6
2024-11-13 19:16:58.094: 118 avg_steps: 26992.7
2024-11-13 19:16:58.094: 118 epsilon: 0.01
2024-11-13 19:16:58.094: 118 q: -0.4056991
2024-11-13 19:26:16.122: 119 test start:
2024-11-13 19:35:20.078: 119 avg_reward: -10.0
2024-11-13 19:35:20.078: 119 avg_steps: 26993.25
2024-11-13 19:35:20.078: 119 epsilon: 0.01
2024-11-13 19:35:20.078: 119 q: -0.39489314
2024-11-13 19:44:30.455: 120 test start:
2024-11-13 19:53:32.768: 120 avg_reward: -11.1
2024-11-13 19:53:32.768: 120 avg_steps: 26992.85
2024-11-13 19:53:32.768: 120 epsilon: 0.01
2024-11-13 19:53:32.768: 120 q: -0.40329584
2024-11-13 20:03:02.811: 121 test start:
2024-11-13 20:12:05.066: 121 avg_reward: -9.6
2024-11-13 20:12:05.066: 121 avg_steps: 26993.55
2024-11-13 20:12:05.066: 121 epsilon: 0.01
2024-11-13 20:12:05.067: 121 q: -0.40107647
2024-11-13 20:21:18.486: 122 test start:
2024-11-13 20:30:22.961: 122 avg_reward: -12.85
2024-11-13 20:30:22.961: 122 avg_steps: 26897.15
2024-11-13 20:30:22.961: 122 epsilon: 0.01
2024-11-13 20:30:22.961: 122 q: -0.38777485
2024-11-13 20:39:35.777: 123 test start:
2024-11-13 20:48:42.166: 123 avg_reward: -10.3
2024-11-13 20:48:42.166: 123 avg_steps: 26993.35
2024-11-13 20:48:42.166: 123 epsilon: 0.01
2024-11-13 20:48:42.166: 123 q: -0.38574702
2024-11-13 20:58:06.743: 124 test start:
2024-11-13 21:07:13.081: 124 avg_reward: -10.9
2024-11-13 21:07:13.081: 124 avg_steps: 26992.5
2024-11-13 21:07:13.081: 124 epsilon: 0.01
2024-11-13 21:07:13.081: 124 q: -0.39234638
2024-11-13 21:16:41.783: 125 test start:
2024-11-13 21:25:47.662: 125 avg_reward: -10.4
2024-11-13 21:25:47.662: 125 avg_steps: 26993.85
2024-11-13 21:25:47.662: 125 epsilon: 0.01
2024-11-13 21:25:47.662: 125 q: -0.38459846
2024-11-13 21:34:56.040: 126 test start:
2024-11-13 21:44:00.353: 126 avg_reward: -10.6
2024-11-13 21:44:00.354: 126 avg_steps: 26835.85
2024-11-13 21:44:00.354: 126 epsilon: 0.01
2024-11-13 21:44:00.354: 126 q: -0.39132014
2024-11-13 21:53:34.520: 127 test start:
2024-11-13 22:02:37.401: 127 avg_reward: -9.2
2024-11-13 22:02:37.402: 127 avg_steps: 26992.9
2024-11-13 22:02:37.402: 127 epsilon: 0.01
2024-11-13 22:02:37.402: 127 q: -0.40586126
2024-11-13 22:11:56.718: 128 test start:
2024-11-13 22:20:52.641: 128 avg_reward: -9.4
2024-11-13 22:20:52.641: 128 avg_steps: 26993.35
2024-11-13 22:20:52.641: 128 epsilon: 0.01
2024-11-13 22:20:52.641: 128 q: -0.4042206
2024-11-13 22:30:16.817: 129 test start:
2024-11-13 22:39:22.977: 129 avg_reward: -10.5
2024-11-13 22:39:22.977: 129 avg_steps: 26993.05
2024-11-13 22:39:22.977: 129 epsilon: 0.01
2024-11-13 22:39:22.977: 129 q: -0.40089014
2024-11-13 22:48:54.578: 130 test start:
2024-11-13 22:58:00.367: 130 avg_reward: -10.6
2024-11-13 22:58:00.368: 130 avg_steps: 26993.2
2024-11-13 22:58:00.368: 130 epsilon: 0.01
2024-11-13 22:58:00.368: 130 q: -0.40006164
2024-11-13 23:07:36.032: 131 test start:
2024-11-13 23:16:42.146: 131 avg_reward: -8.7
2024-11-13 23:16:42.146: 131 avg_steps: 26993.7
2024-11-13 23:16:42.146: 131 epsilon: 0.01
2024-11-13 23:16:42.146: 131 q: -0.39874175
2024-11-13 23:26:00.333: 132 test start:
2024-11-13 23:35:04.707: 132 avg_reward: -11.5
2024-11-13 23:35:04.707: 132 avg_steps: 26993.0
2024-11-13 23:35:04.707: 132 epsilon: 0.01
2024-11-13 23:35:04.707: 132 q: -0.3952143
2024-11-13 23:44:29.615: 133 test start:
2024-11-13 23:53:32.139: 133 avg_reward: -10.0
2024-11-13 23:53:32.139: 133 avg_steps: 26993.0
2024-11-13 23:53:32.139: 133 epsilon: 0.01
2024-11-13 23:53:32.139: 133 q: -0.41495636
2024-11-14 00:03:09.226: 134 test start:
2024-11-14 00:12:13.541: 134 avg_reward: -11.0
2024-11-14 00:12:13.541: 134 avg_steps: 26993.15
2024-11-14 00:12:13.541: 134 epsilon: 0.01
2024-11-14 00:12:13.541: 134 q: -0.42626446
2024-11-14 00:21:39.740: 135 test start:
2024-11-14 00:30:47.315: 135 avg_reward: -10.3
2024-11-14 00:30:47.315: 135 avg_steps: 26993.3
2024-11-14 00:30:47.316: 135 epsilon: 0.01
2024-11-14 00:30:47.316: 135 q: -0.40598083
2024-11-14 00:40:09.805: 136 test start:
2024-11-14 00:49:15.307: 136 avg_reward: -10.3
2024-11-14 00:49:15.308: 136 avg_steps: 26993.35
2024-11-14 00:49:15.308: 136 epsilon: 0.01
2024-11-14 00:49:15.308: 136 q: -0.40610135
2024-11-14 00:58:36.784: 137 test start:
2024-11-14 01:07:40.824: 137 avg_reward: -10.4
2024-11-14 01:07:40.824: 137 avg_steps: 26992.7
2024-11-14 01:07:40.824: 137 epsilon: 0.01
2024-11-14 01:07:40.824: 137 q: -0.41372156
2024-11-14 01:17:14.139: 138 test start:
2024-11-14 01:26:16.049: 138 avg_reward: -10.0
2024-11-14 01:26:16.049: 138 avg_steps: 26993.15
2024-11-14 01:26:16.049: 138 epsilon: 0.01
2024-11-14 01:26:16.049: 138 q: -0.38619196
2024-11-14 01:35:49.151: 139 test start:
2024-11-14 01:44:53.310: 139 avg_reward: -9.1
2024-11-14 01:44:53.310: 139 avg_steps: 26993.6
2024-11-14 01:44:53.310: 139 epsilon: 0.01
2024-11-14 01:44:53.310: 139 q: -0.43101618
2024-11-14 01:54:22.145: 140 test start:
2024-11-14 02:03:25.400: 140 avg_reward: -11.0
2024-11-14 02:03:25.400: 140 avg_steps: 26992.45
2024-11-14 02:03:25.400: 140 epsilon: 0.01
2024-11-14 02:03:25.400: 140 q: -0.40948957
2024-11-14 02:12:37.648: 141 test start:
2024-11-14 02:21:47.443: 141 avg_reward: -11.8
2024-11-14 02:21:47.443: 141 avg_steps: 26992.45
2024-11-14 02:21:47.443: 141 epsilon: 0.01
2024-11-14 02:21:47.443: 141 q: -0.4109334
2024-11-14 02:31:49.237: 142 test start:
2024-11-14 02:40:57.614: 142 avg_reward: -9.5
2024-11-14 02:40:57.614: 142 avg_steps: 26993.35
2024-11-14 02:40:57.614: 142 epsilon: 0.01
2024-11-14 02:40:57.614: 142 q: -0.40596265
2024-11-14 02:50:56.217: 143 test start:
2024-11-14 03:00:06.680: 143 avg_reward: -12.9
2024-11-14 03:00:06.681: 143 avg_steps: 26993.45
2024-11-14 03:00:06.681: 143 epsilon: 0.01
2024-11-14 03:00:06.681: 143 q: -0.4366422
2024-11-14 03:09:55.055: 144 test start:
2024-11-14 03:19:01.729: 144 avg_reward: -10.7
2024-11-14 03:19:01.730: 144 avg_steps: 26992.0
2024-11-14 03:19:01.730: 144 epsilon: 0.01
2024-11-14 03:19:01.730: 144 q: -0.4219323
2024-11-14 03:29:02.192: 145 test start:
2024-11-14 03:38:12.124: 145 avg_reward: -10.2
2024-11-14 03:38:12.124: 145 avg_steps: 26993.75
2024-11-14 03:38:12.124: 145 epsilon: 0.01
2024-11-14 03:38:12.124: 145 q: -0.4287553
2024-11-14 03:48:02.990: 146 test start:
2024-11-14 03:57:08.714: 146 avg_reward: -10.1
2024-11-14 03:57:08.714: 146 avg_steps: 26992.9
2024-11-14 03:57:08.714: 146 epsilon: 0.01
2024-11-14 03:57:08.714: 146 q: -0.42666715
2024-11-14 04:07:05.064: 147 test start:
2024-11-14 04:16:11.814: 147 avg_reward: -9.6
2024-11-14 04:16:11.814: 147 avg_steps: 26993.1
2024-11-14 04:16:11.814: 147 epsilon: 0.01
2024-11-14 04:16:11.814: 147 q: -0.44512355
2024-11-14 04:26:06.868: 148 test start:
2024-11-14 04:35:13.629: 148 avg_reward: -11.4
2024-11-14 04:35:13.629: 148 avg_steps: 26992.6
2024-11-14 04:35:13.629: 148 epsilon: 0.01
2024-11-14 04:35:13.629: 148 q: -0.42305982
2024-11-14 04:45:17.761: 149 test start:
2024-11-14 04:54:14.644: 149 avg_reward: -10.8
2024-11-14 04:54:14.644: 149 avg_steps: 26511.65
2024-11-14 04:54:14.644: 149 epsilon: 0.01
2024-11-14 04:54:14.644: 149 q: -0.41592398
2024-11-14 05:03:58.153: 150 test start:
2024-11-14 05:13:06.976: 150 avg_reward: -12.2
2024-11-14 05:13:06.976: 150 avg_steps: 26993.85
2024-11-14 05:13:06.976: 150 epsilon: 0.01
2024-11-14 05:13:06.976: 150 q: -0.42591745
2024-11-14 05:23:02.636: 151 test start:
2024-11-14 05:32:09.066: 151 avg_reward: -10.6
2024-11-14 05:32:09.066: 151 avg_steps: 26994.0
2024-11-14 05:32:09.066: 151 epsilon: 0.01
2024-11-14 05:32:09.067: 151 q: -0.41269895
2024-11-14 05:42:18.256: 152 test start:
2024-11-14 05:51:26.044: 152 avg_reward: -12.3
2024-11-14 05:51:26.044: 152 avg_steps: 26979.65
2024-11-14 05:51:26.044: 152 epsilon: 0.01
2024-11-14 05:51:26.044: 152 q: -0.37550884
2024-11-14 06:01:30.572: 153 test start:
2024-11-14 06:10:39.532: 153 avg_reward: -11.0
2024-11-14 06:10:39.532: 153 avg_steps: 26992.8
2024-11-14 06:10:39.532: 153 epsilon: 0.01
2024-11-14 06:10:39.532: 153 q: -0.36676848
2024-11-14 06:20:34.325: 154 test start:
2024-11-14 06:29:39.141: 154 avg_reward: -11.6
2024-11-14 06:29:39.141: 154 avg_steps: 26842.2
2024-11-14 06:29:39.141: 154 epsilon: 0.01
2024-11-14 06:29:39.141: 154 q: -0.3629527
2024-11-14 06:39:32.215: 155 test start:
2024-11-14 06:48:39.805: 155 avg_reward: -10.4
2024-11-14 06:48:39.805: 155 avg_steps: 26992.35
2024-11-14 06:48:39.805: 155 epsilon: 0.01
2024-11-14 06:48:39.805: 155 q: -0.35091576
2024-11-14 06:58:31.607: 156 test start:
2024-11-14 07:07:38.998: 156 avg_reward: -10.4
2024-11-14 07:07:38.998: 156 avg_steps: 26992.25
2024-11-14 07:07:38.998: 156 epsilon: 0.01
2024-11-14 07:07:38.998: 156 q: -0.35742417
2024-11-14 07:17:35.163: 157 test start:
2024-11-14 07:26:46.012: 157 avg_reward: -9.0
2024-11-14 07:26:46.012: 157 avg_steps: 26994.1
2024-11-14 07:26:46.012: 157 epsilon: 0.01
2024-11-14 07:26:46.012: 157 q: -0.3439368
2024-11-14 07:36:49.899: 158 test start:
2024-11-14 07:45:57.857: 158 avg_reward: -10.0
2024-11-14 07:45:57.858: 158 avg_steps: 26992.65
2024-11-14 07:45:57.858: 158 epsilon: 0.01
2024-11-14 07:45:57.858: 158 q: -0.35544288
2024-11-14 07:55:55.651: 159 test start:
2024-11-14 08:05:00.277: 159 avg_reward: -10.3
2024-11-14 08:05:00.277: 159 avg_steps: 26993.35
2024-11-14 08:05:00.277: 159 epsilon: 0.01
2024-11-14 08:05:00.277: 159 q: -0.3572051
2024-11-14 08:14:49.002: 160 test start:
2024-11-14 08:23:53.491: 160 avg_reward: -12.0
2024-11-14 08:23:53.491: 160 avg_steps: 26993.15
2024-11-14 08:23:53.491: 160 epsilon: 0.01
2024-11-14 08:23:53.491: 160 q: -0.34483185
2024-11-14 08:34:09.937: 161 test start:
2024-11-14 08:43:16.230: 161 avg_reward: -11.5
2024-11-14 08:43:16.231: 161 avg_steps: 26992.6
2024-11-14 08:43:16.231: 161 epsilon: 0.01
2024-11-14 08:43:16.231: 161 q: -0.3591697
2024-11-14 08:52:58.727: 162 test start:
2024-11-14 09:01:59.509: 162 avg_reward: -10.3
2024-11-14 09:01:59.509: 162 avg_steps: 26727.85
2024-11-14 09:01:59.509: 162 epsilon: 0.01
2024-11-14 09:01:59.509: 162 q: -0.3604271
2024-11-14 09:11:57.194: 163 test start:
2024-11-14 09:21:00.581: 163 avg_reward: -11.3
2024-11-14 09:21:00.581: 163 avg_steps: 26993.15
2024-11-14 09:21:00.581: 163 epsilon: 0.01
2024-11-14 09:21:00.581: 163 q: -0.3604334
2024-11-14 09:30:59.889: 164 test start:
2024-11-14 09:40:03.304: 164 avg_reward: -13.9
2024-11-14 09:40:03.304: 164 avg_steps: 26878.05
2024-11-14 09:40:03.304: 164 epsilon: 0.01
2024-11-14 09:40:03.304: 164 q: -0.36084357
2024-11-14 09:49:49.300: 165 test start:
2024-11-14 09:58:54.424: 165 avg_reward: -10.2
2024-11-14 09:58:54.424: 165 avg_steps: 26993.5
2024-11-14 09:58:54.424: 165 epsilon: 0.01
2024-11-14 09:58:54.424: 165 q: -0.38142654
2024-11-14 10:08:50.757: 166 test start:
2024-11-14 10:17:55.175: 166 avg_reward: -9.9
2024-11-14 10:17:55.175: 166 avg_steps: 26992.7
2024-11-14 10:17:55.175: 166 epsilon: 0.01
2024-11-14 10:17:55.175: 166 q: -0.37727246
2024-11-14 10:27:52.840: 167 test start:
2024-11-14 10:37:00.718: 167 avg_reward: -9.5
2024-11-14 10:37:00.718: 167 avg_steps: 26992.95
2024-11-14 10:37:00.718: 167 epsilon: 0.01
2024-11-14 10:37:00.718: 167 q: -0.3864558
2024-11-14 10:47:00.325: 168 test start:
2024-11-14 10:56:04.135: 168 avg_reward: -9.4
2024-11-14 10:56:04.135: 168 avg_steps: 26992.5
2024-11-14 10:56:04.135: 168 epsilon: 0.01
2024-11-14 10:56:04.135: 168 q: -0.38528466
2024-11-14 11:06:13.972: 169 test start:
2024-11-14 11:15:22.450: 169 avg_reward: -11.0
2024-11-14 11:15:22.450: 169 avg_steps: 26993.65
2024-11-14 11:15:22.450: 169 epsilon: 0.01
2024-11-14 11:15:22.450: 169 q: -0.41959846
2024-11-14 11:25:22.614: 170 test start:
2024-11-14 11:34:24.552: 170 avg_reward: -8.0
2024-11-14 11:34:24.552: 170 avg_steps: 26992.65
2024-11-14 11:34:24.552: 170 epsilon: 0.01
2024-11-14 11:34:24.552: 170 q: -0.38683295
2024-11-14 11:44:17.525: 171 test start:
2024-11-14 11:53:22.928: 171 avg_reward: -9.1
2024-11-14 11:53:22.929: 171 avg_steps: 26991.85
2024-11-14 11:53:22.929: 171 epsilon: 0.01
2024-11-14 11:53:22.929: 171 q: -0.38775206
2024-11-14 12:03:15.495: 172 test start:
2024-11-14 12:12:15.776: 172 avg_reward: -10.6
2024-11-14 12:12:15.776: 172 avg_steps: 26993.6
2024-11-14 12:12:15.776: 172 epsilon: 0.01
2024-11-14 12:12:15.776: 172 q: -0.39838427
2024-11-14 12:22:15.691: 173 test start:
2024-11-14 12:31:12.539: 173 avg_reward: -11.2
2024-11-14 12:31:12.539: 173 avg_steps: 26857.45
2024-11-14 12:31:12.539: 173 epsilon: 0.01
2024-11-14 12:31:12.539: 173 q: -0.37695238
2024-11-14 12:41:00.002: 174 test start:
2024-11-14 12:50:01.008: 174 avg_reward: -9.3
2024-11-14 12:50:01.009: 174 avg_steps: 26993.35
2024-11-14 12:50:01.009: 174 epsilon: 0.01
2024-11-14 12:50:01.009: 174 q: -0.39800873
2024-11-14 13:00:06.651: 175 test start:
2024-11-14 13:09:08.293: 175 avg_reward: -11.1
2024-11-14 13:09:08.293: 175 avg_steps: 26993.1
2024-11-14 13:09:08.293: 175 epsilon: 0.01
2024-11-14 13:09:08.293: 175 q: -0.39513624
2024-11-14 13:19:01.634: 176 test start:
2024-11-14 13:28:03.839: 176 avg_reward: -10.1
2024-11-14 13:28:03.839: 176 avg_steps: 26993.3
2024-11-14 13:28:03.839: 176 epsilon: 0.01
2024-11-14 13:28:03.839: 176 q: -0.39187846
2024-11-14 13:37:53.813: 177 test start:
2024-11-14 13:46:48.118: 177 avg_reward: -9.6
2024-11-14 13:46:48.118: 177 avg_steps: 26993.2
2024-11-14 13:46:48.118: 177 epsilon: 0.01
2024-11-14 13:46:48.118: 177 q: -0.39607862
2024-11-14 13:56:45.072: 178 test start:
2024-11-14 14:05:34.652: 178 avg_reward: -9.35
2024-11-14 14:05:34.652: 178 avg_steps: 26993.4
2024-11-14 14:05:34.653: 178 epsilon: 0.01
2024-11-14 14:05:34.653: 178 q: -0.39026326
2024-11-14 14:15:18.956: 179 test start:
2024-11-14 14:24:08.101: 179 avg_reward: -10.1
2024-11-14 14:24:08.102: 179 avg_steps: 26993.7
2024-11-14 14:24:08.102: 179 epsilon: 0.01
2024-11-14 14:24:08.102: 179 q: -0.3802153
2024-11-14 14:33:56.579: 180 test start:
2024-11-14 14:42:57.366: 180 avg_reward: -10.6
2024-11-14 14:42:57.367: 180 avg_steps: 26993.65
2024-11-14 14:42:57.367: 180 epsilon: 0.01
2024-11-14 14:42:57.367: 180 q: -0.41442674
2024-11-14 14:52:16.291: 181 test start:
2024-11-14 15:01:23.815: 181 avg_reward: -11.4
2024-11-14 15:01:23.815: 181 avg_steps: 26993.4
2024-11-14 15:01:23.816: 181 epsilon: 0.01
2024-11-14 15:01:23.816: 181 q: -0.4228692
2024-11-14 15:11:11.570: 182 test start:
2024-11-14 15:20:08.605: 182 avg_reward: -10.6
2024-11-14 15:20:08.605: 182 avg_steps: 26992.25
2024-11-14 15:20:08.605: 182 epsilon: 0.01
2024-11-14 15:20:08.605: 182 q: -0.4122615
2024-11-14 15:29:33.264: 183 test start:
2024-11-14 15:38:30.179: 183 avg_reward: -9.8
2024-11-14 15:38:30.179: 183 avg_steps: 26992.95
2024-11-14 15:38:30.179: 183 epsilon: 0.01
2024-11-14 15:38:30.179: 183 q: -0.3952076
2024-11-14 15:48:21.763: 184 test start:
2024-11-14 15:57:15.398: 184 avg_reward: -8.6
2024-11-14 15:57:15.398: 184 avg_steps: 26993.85
2024-11-14 15:57:15.398: 184 epsilon: 0.01
2024-11-14 15:57:15.398: 184 q: -0.38826093
2024-11-14 16:06:53.047: 185 test start:
2024-11-14 16:15:44.687: 185 avg_reward: -9.7
2024-11-14 16:15:44.687: 185 avg_steps: 26991.9
2024-11-14 16:15:44.687: 185 epsilon: 0.01
2024-11-14 16:15:44.688: 185 q: -0.3872584
2024-11-14 16:25:33.581: 186 test start:
2024-11-14 16:34:27.257: 186 avg_reward: -8.6
2024-11-14 16:34:27.258: 186 avg_steps: 26992.35
2024-11-14 16:34:27.258: 186 epsilon: 0.01
2024-11-14 16:34:27.258: 186 q: -0.3775291
2024-11-14 16:44:13.709: 187 test start:
2024-11-14 16:53:05.338: 187 avg_reward: -10.0
2024-11-14 16:53:05.338: 187 avg_steps: 26993.05
2024-11-14 16:53:05.338: 187 epsilon: 0.01
2024-11-14 16:53:05.338: 187 q: -0.37377632
2024-11-14 17:02:55.679: 188 test start:
2024-11-14 17:11:45.270: 188 avg_reward: -11.1
2024-11-14 17:11:45.270: 188 avg_steps: 26903.7
2024-11-14 17:11:45.270: 188 epsilon: 0.01
2024-11-14 17:11:45.270: 188 q: -0.34862557
2024-11-14 17:21:37.658: 189 test start:
2024-11-14 17:30:23.319: 189 avg_reward: -11.1
2024-11-14 17:30:23.319: 189 avg_steps: 26992.6
2024-11-14 17:30:23.319: 189 epsilon: 0.01
2024-11-14 17:30:23.319: 189 q: -0.35022122
2024-11-14 17:40:14.488: 190 test start:
2024-11-14 17:49:04.732: 190 avg_reward: -9.6
2024-11-14 17:49:04.733: 190 avg_steps: 26993.1
2024-11-14 17:49:04.733: 190 epsilon: 0.01
2024-11-14 17:49:04.733: 190 q: -0.35217786
2024-11-14 17:59:05.082: 191 test start:
2024-11-14 18:08:03.389: 191 avg_reward: -11.9
2024-11-14 18:08:03.389: 191 avg_steps: 26992.7
2024-11-14 18:08:03.389: 191 epsilon: 0.01
2024-11-14 18:08:03.389: 191 q: -0.3548443
2024-11-14 18:17:29.077: 192 test start:
2024-11-14 18:26:28.360: 192 avg_reward: -9.2
2024-11-14 18:26:28.360: 192 avg_steps: 26992.45
2024-11-14 18:26:28.360: 192 epsilon: 0.01
2024-11-14 18:26:28.360: 192 q: -0.369631
2024-11-14 18:35:59.433: 193 test start:
2024-11-14 18:45:00.644: 193 avg_reward: -10.9
2024-11-14 18:45:00.644: 193 avg_steps: 26993.5
2024-11-14 18:45:00.644: 193 epsilon: 0.01
2024-11-14 18:45:00.644: 193 q: -0.35846296
2024-11-14 18:54:21.160: 194 test start:
2024-11-14 19:03:24.524: 194 avg_reward: -10.6
2024-11-14 19:03:24.524: 194 avg_steps: 26992.95
2024-11-14 19:03:24.524: 194 epsilon: 0.01
2024-11-14 19:03:24.524: 194 q: -0.35865223
2024-11-14 19:12:55.722: 195 test start:
2024-11-14 19:21:52.352: 195 avg_reward: -10.8
2024-11-14 19:21:52.352: 195 avg_steps: 26957.2
2024-11-14 19:21:52.352: 195 epsilon: 0.01
2024-11-14 19:21:52.352: 195 q: -0.3560435
2024-11-14 19:31:26.814: 196 test start:
2024-11-14 19:40:32.953: 196 avg_reward: -10.2
2024-11-14 19:40:32.954: 196 avg_steps: 26992.8
2024-11-14 19:40:32.954: 196 epsilon: 0.01
2024-11-14 19:40:32.954: 196 q: -0.35233197
2024-11-14 19:49:54.893: 197 test start:
2024-11-14 19:58:56.825: 197 avg_reward: -10.4
2024-11-14 19:58:56.825: 197 avg_steps: 26993.5
2024-11-14 19:58:56.826: 197 epsilon: 0.01
2024-11-14 19:58:56.826: 197 q: -0.3508419
2024-11-14 20:08:39.759: 198 test start:
2024-11-14 20:17:44.065: 198 avg_reward: -9.4
2024-11-14 20:17:44.065: 198 avg_steps: 26992.25
2024-11-14 20:17:44.066: 198 epsilon: 0.01
2024-11-14 20:17:44.066: 198 q: -0.37115198
2024-11-14 20:26:57.913: 199 test start:
2024-11-14 20:35:57.973: 199 avg_reward: -9.9
2024-11-14 20:35:57.973: 199 avg_steps: 26993.75
2024-11-14 20:35:57.973: 199 epsilon: 0.01
2024-11-14 20:35:57.973: 199 q: -0.37172565
2024-11-14 20:45:25.437: 200 test start:
2024-11-14 20:54:24.695: 200 avg_reward: -10.8
2024-11-14 20:54:24.695: 200 avg_steps: 26992.85
2024-11-14 20:54:24.695: 200 epsilon: 0.01
2024-11-14 20:54:24.695: 200 q: -0.37600634
