2024-11-12 10:40:56.276: 
parameters:agent_test_episodes: 20
batch_num_per_epoch: 250000
device: cuda:0
env_name: ALE/WizardOfWor-v5
epsilon_for_test: 0.001
epsilon_max: 0.1
epsilon_min: 0.01
exp_name: ALE-WizardOfWor-v5_2024-11-12-10-40-56
exp_path: ../exps/double_dqn/
exploration_steps: 1000000
gamma: 0.99
held_out_states_num: 1000
learning_rate: 0.00025
log_path: ../exps/double_dqn/
mini_batch_size: 32
model_update_freq: 4
n_times: 5
no_op: 30
phi_channel: 4
replay_buffer_size: 1000000
replay_start_size: 50000
save_model: true
screen_size: 84
seed: 0
skip_k_frame: 4
step_c: 30000
training_steps: 50000000

2024-11-12 10:40:56.354: optimizer: RMSprop (
Parameter Group 0
    alpha: 0.95
    centered: False
    differentiable: False
    eps: 0.01
    foreach: None
    lr: 0.00025
    maximize: False
    momentum: 0
    weight_decay: 0
)
2024-11-12 10:40:56.401: optimizer: RMSprop (
Parameter Group 0
    alpha: 0.95
    centered: False
    differentiable: False
    eps: 0.01
    foreach: None
    lr: 0.00025
    maximize: False
    momentum: 0
    weight_decay: 0
)
2024-11-12 10:49:18.131: 1 test start:
2024-11-12 10:49:29.285: 1 avg_reward: 210.0
2024-11-12 10:49:29.285: 1 avg_steps: 563.35
2024-11-12 10:49:29.285: 1 epsilon: 0.08195068
2024-11-12 10:49:29.285: 1 q: 0.00790127
2024-11-12 10:58:28.917: 2 test start:
2024-11-12 10:58:50.057: 2 avg_reward: 350.0
2024-11-12 10:58:50.057: 2 avg_steps: 1130.65
2024-11-12 10:58:50.058: 2 epsilon: 0.0594343
2024-11-12 10:58:50.058: 2 q: 0.019316807
2024-11-12 11:07:31.291: 3 test start:
2024-11-12 11:07:43.947: 3 avg_reward: 100.0
2024-11-12 11:07:43.947: 3 avg_steps: 642.8
2024-11-12 11:07:43.948: 3 epsilon: 0.03698677
2024-11-12 11:07:43.948: 3 q: 0.028004376
2024-11-12 11:16:47.725: 4 test start:
2024-11-12 11:17:06.780: 4 avg_reward: 5.0
2024-11-12 11:17:06.780: 4 avg_steps: 1029.25
2024-11-12 11:17:06.780: 4 epsilon: 0.014467869999999994
2024-11-12 11:17:06.780: 4 q: 0.028993364
2024-11-12 11:25:42.763: 5 test start:
2024-11-12 11:25:53.969: 5 avg_reward: 100.0
2024-11-12 11:25:53.969: 5 avg_steps: 571.6
2024-11-12 11:25:53.969: 5 epsilon: 0.01
2024-11-12 11:25:53.969: 5 q: 0.042058986
2024-11-12 11:35:06.004: 6 test start:
2024-11-12 11:35:14.145: 6 avg_reward: 155.0
2024-11-12 11:35:14.145: 6 avg_steps: 432.15
2024-11-12 11:35:14.145: 6 epsilon: 0.01
2024-11-12 11:35:14.145: 6 q: 0.05744956
2024-11-12 11:44:05.391: 7 test start:
2024-11-12 11:44:28.258: 7 avg_reward: 370.0
2024-11-12 11:44:28.258: 7 avg_steps: 1192.8
2024-11-12 11:44:28.258: 7 epsilon: 0.01
2024-11-12 11:44:28.258: 7 q: 0.04993912
2024-11-12 11:53:46.068: 8 test start:
2024-11-12 11:54:02.203: 8 avg_reward: 295.0
2024-11-12 11:54:02.203: 8 avg_steps: 868.0
2024-11-12 11:54:02.204: 8 epsilon: 0.01
2024-11-12 11:54:02.204: 8 q: 0.057873122
2024-11-12 12:02:55.497: 9 test start:
2024-11-12 12:03:01.918: 9 avg_reward: 0.0
2024-11-12 12:03:01.918: 9 avg_steps: 317.25
2024-11-12 12:03:01.918: 9 epsilon: 0.01
2024-11-12 12:03:01.918: 9 q: 0.055242144
2024-11-12 12:12:16.061: 10 test start:
2024-11-12 12:12:22.275: 10 avg_reward: 0.0
2024-11-12 12:12:22.275: 10 avg_steps: 325.2
2024-11-12 12:12:22.275: 10 epsilon: 0.01
2024-11-12 12:12:22.275: 10 q: 0.06242839
2024-11-12 12:21:21.448: 11 test start:
2024-11-12 12:21:38.606: 11 avg_reward: 290.0
2024-11-12 12:21:38.606: 11 avg_steps: 845.6
2024-11-12 12:21:38.607: 11 epsilon: 0.01
2024-11-12 12:21:38.607: 11 q: 0.0767559
2024-11-12 12:31:12.491: 12 test start:
2024-11-12 12:31:27.195: 12 avg_reward: 410.0
2024-11-12 12:31:27.195: 12 avg_steps: 777.25
2024-11-12 12:31:27.195: 12 epsilon: 0.01
2024-11-12 12:31:27.195: 12 q: 0.06995798
2024-11-12 12:40:22.177: 13 test start:
2024-11-12 12:40:35.820: 13 avg_reward: 255.0
2024-11-12 12:40:35.820: 13 avg_steps: 678.2
2024-11-12 12:40:35.820: 13 epsilon: 0.01
2024-11-12 12:40:35.820: 13 q: 0.077464975
2024-11-12 12:50:07.425: 14 test start:
2024-11-12 12:50:15.906: 14 avg_reward: 100.0
2024-11-12 12:50:15.907: 14 avg_steps: 444.95
2024-11-12 12:50:15.907: 14 epsilon: 0.01
2024-11-12 12:50:15.907: 14 q: 0.08669909
2024-11-12 12:59:11.665: 15 test start:
2024-11-12 12:59:30.649: 15 avg_reward: 290.0
2024-11-12 12:59:30.649: 15 avg_steps: 944.05
2024-11-12 12:59:30.649: 15 epsilon: 0.01
2024-11-12 12:59:30.649: 15 q: 0.09464203
2024-11-12 13:09:00.362: 16 test start:
2024-11-12 13:09:15.814: 16 avg_reward: 390.0
2024-11-12 13:09:15.814: 16 avg_steps: 813.9
2024-11-12 13:09:15.814: 16 epsilon: 0.01
2024-11-12 13:09:15.814: 16 q: 0.09752954
2024-11-12 13:18:11.398: 17 test start:
2024-11-12 13:18:36.511: 17 avg_reward: 925.0
2024-11-12 13:18:36.511: 17 avg_steps: 1252.05
2024-11-12 13:18:36.511: 17 epsilon: 0.01
2024-11-12 13:18:36.511: 17 q: 0.10281451
2024-11-12 13:28:06.172: 18 test start:
2024-11-12 13:28:19.929: 18 avg_reward: 370.0
2024-11-12 13:28:19.930: 18 avg_steps: 725.65
2024-11-12 13:28:19.930: 18 epsilon: 0.01
2024-11-12 13:28:19.930: 18 q: 0.11099365
2024-11-12 13:37:24.654: 19 test start:
2024-11-12 13:37:41.877: 19 avg_reward: 285.0
2024-11-12 13:37:41.877: 19 avg_steps: 853.8
2024-11-12 13:37:41.877: 19 epsilon: 0.01
2024-11-12 13:37:41.877: 19 q: 0.13100348
2024-11-12 13:47:03.970: 20 test start:
2024-11-12 13:47:17.822: 20 avg_reward: 360.0
2024-11-12 13:47:17.822: 20 avg_steps: 737.45
2024-11-12 13:47:17.822: 20 epsilon: 0.01
2024-11-12 13:47:17.822: 20 q: 0.13623399
2024-11-12 13:56:18.929: 21 test start:
2024-11-12 13:56:38.081: 21 avg_reward: 350.0
2024-11-12 13:56:38.081: 21 avg_steps: 947.75
2024-11-12 13:56:38.081: 21 epsilon: 0.01
2024-11-12 13:56:38.081: 21 q: 0.13741313
2024-11-12 14:06:06.459: 22 test start:
2024-11-12 14:06:24.909: 22 avg_reward: 430.0
2024-11-12 14:06:24.909: 22 avg_steps: 977.0
2024-11-12 14:06:24.909: 22 epsilon: 0.01
2024-11-12 14:06:24.909: 22 q: 0.15178664
2024-11-12 14:15:26.046: 23 test start:
2024-11-12 14:15:54.318: 23 avg_reward: 760.0
2024-11-12 14:15:54.318: 23 avg_steps: 1417.55
2024-11-12 14:15:54.318: 23 epsilon: 0.01
2024-11-12 14:15:54.319: 23 q: 0.16338313
2024-11-12 14:25:17.244: 24 test start:
2024-11-12 14:25:31.109: 24 avg_reward: 440.0
2024-11-12 14:25:31.109: 24 avg_steps: 746.4
2024-11-12 14:25:31.109: 24 epsilon: 0.01
2024-11-12 14:25:31.109: 24 q: 0.18865691
2024-11-12 14:34:33.367: 25 test start:
2024-11-12 14:35:25.434: 25 avg_reward: 375.0
2024-11-12 14:35:25.434: 25 avg_steps: 2616.25
2024-11-12 14:35:25.434: 25 epsilon: 0.01
2024-11-12 14:35:25.434: 25 q: 0.17683175
2024-11-12 14:44:42.390: 26 test start:
2024-11-12 14:44:55.600: 26 avg_reward: 465.0
2024-11-12 14:44:55.600: 26 avg_steps: 692.5
2024-11-12 14:44:55.600: 26 epsilon: 0.01
2024-11-12 14:44:55.600: 26 q: 0.20641164
2024-11-12 14:54:04.054: 27 test start:
2024-11-12 14:54:18.589: 27 avg_reward: 460.0
2024-11-12 14:54:18.590: 27 avg_steps: 727.6
2024-11-12 14:54:18.590: 27 epsilon: 0.01
2024-11-12 14:54:18.590: 27 q: 0.21689142
2024-11-12 15:03:38.444: 28 test start:
2024-11-12 15:04:06.069: 28 avg_reward: 1200.0
2024-11-12 15:04:06.069: 28 avg_steps: 1475.0
2024-11-12 15:04:06.069: 28 epsilon: 0.01
2024-11-12 15:04:06.069: 28 q: 0.2289141
2024-11-12 15:13:08.124: 29 test start:
2024-11-12 15:13:26.868: 29 avg_reward: 650.0
2024-11-12 15:13:26.868: 29 avg_steps: 935.1
2024-11-12 15:13:26.868: 29 epsilon: 0.01
2024-11-12 15:13:26.868: 29 q: 0.26428857
2024-11-12 15:22:39.931: 30 test start:
2024-11-12 15:22:54.684: 30 avg_reward: 550.0
2024-11-12 15:22:54.684: 30 avg_steps: 780.85
2024-11-12 15:22:54.684: 30 epsilon: 0.01
2024-11-12 15:22:54.684: 30 q: 0.27099773
2024-11-12 15:32:05.109: 31 test start:
2024-11-12 15:32:19.565: 31 avg_reward: 420.0
2024-11-12 15:32:19.566: 31 avg_steps: 720.1
2024-11-12 15:32:19.566: 31 epsilon: 0.01
2024-11-12 15:32:19.566: 31 q: 0.26955032
2024-11-12 15:41:28.358: 32 test start:
2024-11-12 15:41:44.017: 32 avg_reward: 345.0
2024-11-12 15:41:44.017: 32 avg_steps: 830.0
2024-11-12 15:41:44.017: 32 epsilon: 0.01
2024-11-12 15:41:44.017: 32 q: 0.27824223
2024-11-12 15:50:47.267: 33 test start:
2024-11-12 15:51:03.657: 33 avg_reward: 690.0
2024-11-12 15:51:03.657: 33 avg_steps: 816.3
2024-11-12 15:51:03.657: 33 epsilon: 0.01
2024-11-12 15:51:03.657: 33 q: 0.3044148
2024-11-12 16:00:15.573: 34 test start:
2024-11-12 16:00:35.687: 34 avg_reward: 700.0
2024-11-12 16:00:35.687: 34 avg_steps: 1074.6
2024-11-12 16:00:35.687: 34 epsilon: 0.01
2024-11-12 16:00:35.687: 34 q: 0.30329865
2024-11-12 16:09:43.529: 35 test start:
2024-11-12 16:10:00.432: 35 avg_reward: 810.0
2024-11-12 16:10:00.433: 35 avg_steps: 845.3
2024-11-12 16:10:00.433: 35 epsilon: 0.01
2024-11-12 16:10:00.433: 35 q: 0.31296474
2024-11-12 16:19:13.725: 36 test start:
2024-11-12 16:19:34.655: 36 avg_reward: 870.0
2024-11-12 16:19:34.655: 36 avg_steps: 1146.15
2024-11-12 16:19:34.655: 36 epsilon: 0.01
2024-11-12 16:19:34.655: 36 q: 0.32751396
2024-11-12 16:28:37.360: 37 test start:
2024-11-12 16:28:52.554: 37 avg_reward: 510.0
2024-11-12 16:28:52.554: 37 avg_steps: 784.65
2024-11-12 16:28:52.554: 37 epsilon: 0.01
2024-11-12 16:28:52.554: 37 q: 0.3269722
2024-11-12 16:38:04.851: 38 test start:
2024-11-12 16:38:24.361: 38 avg_reward: 845.0
2024-11-12 16:38:24.361: 38 avg_steps: 1070.8
2024-11-12 16:38:24.361: 38 epsilon: 0.01
2024-11-12 16:38:24.361: 38 q: 0.3560712
2024-11-12 16:47:30.225: 39 test start:
2024-11-12 16:47:49.449: 39 avg_reward: 975.0
2024-11-12 16:47:49.449: 39 avg_steps: 979.4
2024-11-12 16:47:49.449: 39 epsilon: 0.01
2024-11-12 16:47:49.449: 39 q: 0.37466237
2024-11-12 16:56:59.804: 40 test start:
2024-11-12 16:57:20.152: 40 avg_reward: 1515.0
2024-11-12 16:57:20.152: 40 avg_steps: 1098.9
2024-11-12 16:57:20.152: 40 epsilon: 0.01
2024-11-12 16:57:20.152: 40 q: 0.37352526
2024-11-12 17:06:27.708: 41 test start:
2024-11-12 17:06:42.806: 41 avg_reward: 1150.0
2024-11-12 17:06:42.806: 41 avg_steps: 750.45
2024-11-12 17:06:42.806: 41 epsilon: 0.01
2024-11-12 17:06:42.806: 41 q: 0.38692668
2024-11-12 17:15:52.284: 42 test start:
2024-11-12 17:16:09.817: 42 avg_reward: 705.0
2024-11-12 17:16:09.817: 42 avg_steps: 935.45
2024-11-12 17:16:09.817: 42 epsilon: 0.01
2024-11-12 17:16:09.817: 42 q: 0.41482154
2024-11-12 17:25:11.504: 43 test start:
2024-11-12 17:25:30.015: 43 avg_reward: 1380.0
2024-11-12 17:25:30.015: 43 avg_steps: 933.4
2024-11-12 17:25:30.015: 43 epsilon: 0.01
2024-11-12 17:25:30.015: 43 q: 0.40080386
2024-11-12 17:34:38.283: 44 test start:
2024-11-12 17:34:51.895: 44 avg_reward: 695.0
2024-11-12 17:34:51.895: 44 avg_steps: 724.2
2024-11-12 17:34:51.901: 44 epsilon: 0.01
2024-11-12 17:34:51.901: 44 q: 0.42084706
2024-11-12 17:43:54.657: 45 test start:
2024-11-12 17:44:16.248: 45 avg_reward: 1380.0
2024-11-12 17:44:16.248: 45 avg_steps: 1088.35
2024-11-12 17:44:16.248: 45 epsilon: 0.01
2024-11-12 17:44:16.248: 45 q: 0.41354614
2024-11-12 17:53:26.204: 46 test start:
2024-11-12 17:53:44.342: 46 avg_reward: 1110.0
2024-11-12 17:53:44.342: 46 avg_steps: 978.7
2024-11-12 17:53:44.342: 46 epsilon: 0.01
2024-11-12 17:53:44.342: 46 q: 0.44300732
2024-11-12 18:02:49.035: 47 test start:
2024-11-12 18:03:04.771: 47 avg_reward: 970.0
2024-11-12 18:03:04.771: 47 avg_steps: 791.8
2024-11-12 18:03:04.771: 47 epsilon: 0.01
2024-11-12 18:03:04.771: 47 q: 0.4525536
2024-11-12 18:12:10.357: 48 test start:
2024-11-12 18:12:24.479: 48 avg_reward: 900.0
2024-11-12 18:12:24.480: 48 avg_steps: 751.05
2024-11-12 18:12:24.480: 48 epsilon: 0.01
2024-11-12 18:12:24.480: 48 q: 0.48370457
2024-11-12 18:21:29.605: 49 test start:
2024-11-12 18:21:52.580: 49 avg_reward: 1590.0
2024-11-12 18:21:52.581: 49 avg_steps: 1156.05
2024-11-12 18:21:52.581: 49 epsilon: 0.01
2024-11-12 18:21:52.581: 49 q: 0.49308527
2024-11-12 18:31:00.713: 50 test start:
2024-11-12 18:31:22.066: 50 avg_reward: 2030.0
2024-11-12 18:31:22.066: 50 avg_steps: 1144.6
2024-11-12 18:31:22.071: 50 epsilon: 0.01
2024-11-12 18:31:22.072: 50 q: 0.48079792
2024-11-12 18:40:30.542: 51 test start:
2024-11-12 18:40:48.942: 51 avg_reward: 1365.0
2024-11-12 18:40:48.942: 51 avg_steps: 921.8
2024-11-12 18:40:48.942: 51 epsilon: 0.01
2024-11-12 18:40:48.942: 51 q: 0.51650095
2024-11-12 18:49:56.166: 52 test start:
2024-11-12 18:50:12.695: 52 avg_reward: 1170.0
2024-11-12 18:50:12.695: 52 avg_steps: 891.65
2024-11-12 18:50:12.695: 52 epsilon: 0.01
2024-11-12 18:50:12.695: 52 q: 0.5258852
2024-11-12 18:59:45.629: 53 test start:
2024-11-12 19:00:08.430: 53 avg_reward: 1590.0
2024-11-12 19:00:08.436: 53 avg_steps: 1153.55
2024-11-12 19:00:08.436: 53 epsilon: 0.01
2024-11-12 19:00:08.436: 53 q: 0.53966117
2024-11-12 19:09:29.533: 54 test start:
2024-11-12 19:09:51.428: 54 avg_reward: 2050.0
2024-11-12 19:09:51.428: 54 avg_steps: 1238.1
2024-11-12 19:09:51.428: 54 epsilon: 0.01
2024-11-12 19:09:51.428: 54 q: 0.56790966
2024-11-12 19:19:32.766: 55 test start:
2024-11-12 19:19:54.176: 55 avg_reward: 1205.0
2024-11-12 19:19:54.176: 55 avg_steps: 1081.0
2024-11-12 19:19:54.177: 55 epsilon: 0.01
2024-11-12 19:19:54.177: 55 q: 0.5508083
2024-11-12 19:29:08.295: 56 test start:
2024-11-12 19:29:29.935: 56 avg_reward: 1470.0
2024-11-12 19:29:29.936: 56 avg_steps: 1159.3
2024-11-12 19:29:29.936: 56 epsilon: 0.01
2024-11-12 19:29:29.936: 56 q: 0.56129175
2024-11-12 19:39:06.994: 57 test start:
2024-11-12 19:39:33.422: 57 avg_reward: 1565.0
2024-11-12 19:39:33.422: 57 avg_steps: 1324.35
2024-11-12 19:39:33.422: 57 epsilon: 0.01
2024-11-12 19:39:33.422: 57 q: 0.56544054
2024-11-12 19:48:26.805: 58 test start:
2024-11-12 19:48:47.924: 58 avg_reward: 1675.0
2024-11-12 19:48:47.924: 58 avg_steps: 1145.0
2024-11-12 19:48:47.924: 58 epsilon: 0.01
2024-11-12 19:48:47.924: 58 q: 0.5993578
2024-11-12 19:58:15.252: 59 test start:
2024-11-12 19:58:31.269: 59 avg_reward: 1205.0
2024-11-12 19:58:31.269: 59 avg_steps: 803.35
2024-11-12 19:58:31.269: 59 epsilon: 0.01
2024-11-12 19:58:31.269: 59 q: 0.6086487
2024-11-12 20:07:15.908: 60 test start:
2024-11-12 20:07:45.112: 60 avg_reward: 3300.0
2024-11-12 20:07:45.112: 60 avg_steps: 1569.05
2024-11-12 20:07:45.112: 60 epsilon: 0.01
2024-11-12 20:07:45.112: 60 q: 0.61285543
2024-11-12 20:17:25.468: 61 test start:
2024-11-12 20:17:43.350: 61 avg_reward: 1180.0
2024-11-12 20:17:43.351: 61 avg_steps: 882.2
2024-11-12 20:17:43.351: 61 epsilon: 0.01
2024-11-12 20:17:43.351: 61 q: 0.6228411
2024-11-12 20:26:27.963: 62 test start:
2024-11-12 20:26:48.004: 62 avg_reward: 1420.0
2024-11-12 20:26:48.004: 62 avg_steps: 1078.05
2024-11-12 20:26:48.005: 62 epsilon: 0.01
2024-11-12 20:26:48.005: 62 q: 0.651919
2024-11-12 20:36:35.714: 63 test start:
2024-11-12 20:36:55.181: 63 avg_reward: 1165.0
2024-11-12 20:36:55.181: 63 avg_steps: 979.55
2024-11-12 20:36:55.181: 63 epsilon: 0.01
2024-11-12 20:36:55.181: 63 q: 0.63323665
2024-11-12 20:45:56.074: 64 test start:
2024-11-12 20:46:14.706: 64 avg_reward: 1540.0
2024-11-12 20:46:14.706: 64 avg_steps: 972.8
2024-11-12 20:46:14.706: 64 epsilon: 0.01
2024-11-12 20:46:14.706: 64 q: 0.66822153
2024-11-12 20:56:22.418: 65 test start:
2024-11-12 20:56:52.457: 65 avg_reward: 3540.0
2024-11-12 20:56:52.457: 65 avg_steps: 1570.05
2024-11-12 20:56:52.457: 65 epsilon: 0.01
2024-11-12 20:56:52.457: 65 q: 0.6689684
2024-11-12 21:05:54.434: 66 test start:
2024-11-12 21:06:19.945: 66 avg_reward: 3175.0
2024-11-12 21:06:19.945: 66 avg_steps: 1301.4
2024-11-12 21:06:19.945: 66 epsilon: 0.01
2024-11-12 21:06:19.946: 66 q: 0.67863816
2024-11-12 21:16:19.025: 67 test start:
2024-11-12 21:16:50.651: 67 avg_reward: 2900.0
2024-11-12 21:16:50.651: 67 avg_steps: 1686.65
2024-11-12 21:16:50.652: 67 epsilon: 0.01
2024-11-12 21:16:50.652: 67 q: 0.66620165
2024-11-12 21:26:00.014: 68 test start:
2024-11-12 21:26:18.304: 68 avg_reward: 1720.0
2024-11-12 21:26:18.304: 68 avg_steps: 925.65
2024-11-12 21:26:18.304: 68 epsilon: 0.01
2024-11-12 21:26:18.304: 68 q: 0.7141119
2024-11-12 21:36:04.331: 69 test start:
2024-11-12 21:36:16.120: 69 avg_reward: 940.0
2024-11-12 21:36:16.120: 69 avg_steps: 625.1
2024-11-12 21:36:16.120: 69 epsilon: 0.01
2024-11-12 21:36:16.120: 69 q: 0.72921884
2024-11-12 21:45:35.869: 70 test start:
2024-11-12 21:45:59.998: 70 avg_reward: 2220.0
2024-11-12 21:45:59.999: 70 avg_steps: 1197.85
2024-11-12 21:45:59.999: 70 epsilon: 0.01
2024-11-12 21:45:59.999: 70 q: 0.7308521
2024-11-12 21:55:37.657: 71 test start:
2024-11-12 21:56:01.657: 71 avg_reward: 2500.0
2024-11-12 21:56:01.657: 71 avg_steps: 1295.25
2024-11-12 21:56:01.657: 71 epsilon: 0.01
2024-11-12 21:56:01.657: 71 q: 0.6916599
2024-11-12 22:05:28.130: 72 test start:
2024-11-12 22:05:43.366: 72 avg_reward: 975.0
2024-11-12 22:05:43.366: 72 avg_steps: 747.35
2024-11-12 22:05:43.366: 72 epsilon: 0.01
2024-11-12 22:05:43.366: 72 q: 0.7187557
2024-11-12 22:15:17.032: 73 test start:
2024-11-12 22:15:43.556: 73 avg_reward: 3275.0
2024-11-12 22:15:43.556: 73 avg_steps: 1405.2
2024-11-12 22:15:43.556: 73 epsilon: 0.01
2024-11-12 22:15:43.556: 73 q: 0.7131843
2024-11-12 22:25:12.345: 74 test start:
2024-11-12 22:25:31.593: 74 avg_reward: 1440.0
2024-11-12 22:25:31.594: 74 avg_steps: 970.1
2024-11-12 22:25:31.594: 74 epsilon: 0.01
2024-11-12 22:25:31.594: 74 q: 0.7358701
2024-11-12 22:34:58.681: 75 test start:
2024-11-12 22:35:20.755: 75 avg_reward: 2660.0
2024-11-12 22:35:20.755: 75 avg_steps: 1170.6
2024-11-12 22:35:20.755: 75 epsilon: 0.01
2024-11-12 22:35:20.755: 75 q: 0.7501552
2024-11-12 22:44:58.744: 76 test start:
2024-11-12 22:45:18.166: 76 avg_reward: 1395.0
2024-11-12 22:45:18.166: 76 avg_steps: 966.8
2024-11-12 22:45:18.166: 76 epsilon: 0.01
2024-11-12 22:45:18.167: 76 q: 0.75322413
2024-11-12 22:54:29.113: 77 test start:
2024-11-12 22:54:47.379: 77 avg_reward: 2240.0
2024-11-12 22:54:47.379: 77 avg_steps: 985.75
2024-11-12 22:54:47.379: 77 epsilon: 0.01
2024-11-12 22:54:47.379: 77 q: 0.80014175
2024-11-12 23:04:42.126: 78 test start:
2024-11-12 23:05:02.655: 78 avg_reward: 3180.0
2024-11-12 23:05:02.655: 78 avg_steps: 1052.25
2024-11-12 23:05:02.655: 78 epsilon: 0.01
2024-11-12 23:05:02.655: 78 q: 0.78762555
2024-11-12 23:14:13.519: 79 test start:
2024-11-12 23:14:31.869: 79 avg_reward: 2525.0
2024-11-12 23:14:31.869: 79 avg_steps: 1024.4
2024-11-12 23:14:31.869: 79 epsilon: 0.01
2024-11-12 23:14:31.869: 79 q: 0.83923876
2024-11-12 23:24:26.300: 80 test start:
2024-11-12 23:24:50.840: 80 avg_reward: 2765.0
2024-11-12 23:24:50.840: 80 avg_steps: 1247.65
2024-11-12 23:24:50.841: 80 epsilon: 0.01
2024-11-12 23:24:50.841: 80 q: 0.84265405
2024-11-12 23:33:56.359: 81 test start:
2024-11-12 23:34:16.935: 81 avg_reward: 1910.0
2024-11-12 23:34:16.935: 81 avg_steps: 1053.1
2024-11-12 23:34:16.935: 81 epsilon: 0.01
2024-11-12 23:34:16.936: 81 q: 0.84798145
2024-11-12 23:44:15.903: 82 test start:
2024-11-12 23:44:33.738: 82 avg_reward: 1410.0
2024-11-12 23:44:33.738: 82 avg_steps: 918.55
2024-11-12 23:44:33.739: 82 epsilon: 0.01
2024-11-12 23:44:33.739: 82 q: 0.8622513
2024-11-12 23:53:32.466: 83 test start:
2024-11-12 23:53:49.908: 83 avg_reward: 2125.0
2024-11-12 23:53:49.908: 83 avg_steps: 905.9
2024-11-12 23:53:49.908: 83 epsilon: 0.01
2024-11-12 23:53:49.908: 83 q: 0.8524885
2024-11-13 00:03:43.732: 84 test start:
2024-11-13 00:04:11.278: 84 avg_reward: 3715.0
2024-11-13 00:04:11.278: 84 avg_steps: 1442.9
2024-11-13 00:04:11.278: 84 epsilon: 0.01
2024-11-13 00:04:11.278: 84 q: 0.859563
2024-11-13 00:13:18.458: 85 test start:
2024-11-13 00:13:40.339: 85 avg_reward: 4230.0
2024-11-13 00:13:40.339: 85 avg_steps: 1123.2
2024-11-13 00:13:40.340: 85 epsilon: 0.01
2024-11-13 00:13:40.340: 85 q: 0.8651606
2024-11-13 00:23:29.758: 86 test start:
2024-11-13 00:23:50.867: 86 avg_reward: 3475.0
2024-11-13 00:23:50.867: 86 avg_steps: 1123.6
2024-11-13 00:23:50.867: 86 epsilon: 0.01
2024-11-13 00:23:50.867: 86 q: 0.896495
2024-11-13 00:33:04.785: 87 test start:
2024-11-13 00:33:29.131: 87 avg_reward: 4300.0
2024-11-13 00:33:29.131: 87 avg_steps: 1208.0
2024-11-13 00:33:29.131: 87 epsilon: 0.01
2024-11-13 00:33:29.131: 87 q: 0.90522134
2024-11-13 00:43:12.540: 88 test start:
2024-11-13 00:43:31.085: 88 avg_reward: 2745.0
2024-11-13 00:43:31.085: 88 avg_steps: 985.05
2024-11-13 00:43:31.085: 88 epsilon: 0.01
2024-11-13 00:43:31.085: 88 q: 0.9416
2024-11-13 00:52:51.164: 89 test start:
2024-11-13 00:53:25.033: 89 avg_reward: 6290.0
2024-11-13 00:53:25.033: 89 avg_steps: 1681.2
2024-11-13 00:53:25.033: 89 epsilon: 0.01
2024-11-13 00:53:25.033: 89 q: 0.95592856
2024-11-13 01:02:51.616: 90 test start:
2024-11-13 01:03:10.922: 90 avg_reward: 2550.0
2024-11-13 01:03:10.923: 90 avg_steps: 1033.85
2024-11-13 01:03:10.923: 90 epsilon: 0.01
2024-11-13 01:03:10.923: 90 q: 0.9632822
2024-11-13 01:12:36.204: 91 test start:
2024-11-13 01:12:58.318: 91 avg_reward: 2580.0
2024-11-13 01:12:58.318: 91 avg_steps: 1117.8
2024-11-13 01:12:58.318: 91 epsilon: 0.01
2024-11-13 01:12:58.318: 91 q: 0.98678076
2024-11-13 01:22:25.600: 92 test start:
2024-11-13 01:22:37.224: 92 avg_reward: 2090.0
2024-11-13 01:22:37.224: 92 avg_steps: 610.2
2024-11-13 01:22:37.224: 92 epsilon: 0.01
2024-11-13 01:22:37.224: 92 q: 0.9882761
2024-11-13 01:32:13.395: 93 test start:
2024-11-13 01:32:30.798: 93 avg_reward: 3770.0
2024-11-13 01:32:30.798: 93 avg_steps: 855.8
2024-11-13 01:32:30.798: 93 epsilon: 0.01
2024-11-13 01:32:30.798: 93 q: 1.0220791
2024-11-13 01:42:01.303: 94 test start:
2024-11-13 01:42:23.494: 94 avg_reward: 3105.0
2024-11-13 01:42:23.494: 94 avg_steps: 1160.35
2024-11-13 01:42:23.494: 94 epsilon: 0.01
2024-11-13 01:42:23.494: 94 q: 1.05351
2024-11-13 01:52:14.327: 95 test start:
2024-11-13 01:52:36.947: 95 avg_reward: 4120.0
2024-11-13 01:52:36.947: 95 avg_steps: 1115.15
2024-11-13 01:52:36.947: 95 epsilon: 0.01
2024-11-13 01:52:36.948: 95 q: 1.0366507
2024-11-13 02:01:36.887: 96 test start:
2024-11-13 02:01:49.646: 96 avg_reward: 1955.0
2024-11-13 02:01:49.646: 96 avg_steps: 674.05
2024-11-13 02:01:49.647: 96 epsilon: 0.01
2024-11-13 02:01:49.647: 96 q: 1.0580086
2024-11-13 02:11:53.576: 97 test start:
2024-11-13 02:12:16.192: 97 avg_reward: 2925.0
2024-11-13 02:12:16.193: 97 avg_steps: 1120.4
2024-11-13 02:12:16.193: 97 epsilon: 0.01
2024-11-13 02:12:16.193: 97 q: 1.0865605
2024-11-13 02:21:07.265: 98 test start:
2024-11-13 02:21:37.526: 98 avg_reward: 6290.0
2024-11-13 02:21:37.526: 98 avg_steps: 1591.15
2024-11-13 02:21:37.526: 98 epsilon: 0.01
2024-11-13 02:21:37.526: 98 q: 1.0598361
2024-11-13 02:31:38.891: 99 test start:
2024-11-13 02:32:00.898: 99 avg_reward: 3605.0
2024-11-13 02:32:00.898: 99 avg_steps: 1196.35
2024-11-13 02:32:00.898: 99 epsilon: 0.01
2024-11-13 02:32:00.899: 99 q: 1.0580268
2024-11-13 02:40:52.882: 100 test start:
2024-11-13 02:41:15.005: 100 avg_reward: 4735.0
2024-11-13 02:41:15.005: 100 avg_steps: 1088.75
2024-11-13 02:41:15.005: 100 epsilon: 0.01
2024-11-13 02:41:15.005: 100 q: 1.0895668
2024-11-13 02:51:18.038: 101 test start:
2024-11-13 02:51:38.616: 101 avg_reward: 2775.0
2024-11-13 02:51:38.616: 101 avg_steps: 1083.1
2024-11-13 02:51:38.616: 101 epsilon: 0.01
2024-11-13 02:51:38.616: 101 q: 1.086005
2024-11-13 03:00:43.508: 102 test start:
2024-11-13 03:01:08.381: 102 avg_reward: 3975.0
2024-11-13 03:01:08.381: 102 avg_steps: 1223.05
2024-11-13 03:01:08.381: 102 epsilon: 0.01
2024-11-13 03:01:08.381: 102 q: 1.0946269
2024-11-13 03:10:58.556: 103 test start:
2024-11-13 03:11:26.436: 103 avg_reward: 4925.0
2024-11-13 03:11:26.436: 103 avg_steps: 1469.05
2024-11-13 03:11:26.436: 103 epsilon: 0.01
2024-11-13 03:11:26.436: 103 q: 1.1242455
2024-11-13 03:20:39.295: 104 test start:
2024-11-13 03:21:06.488: 104 avg_reward: 4740.0
2024-11-13 03:21:06.488: 104 avg_steps: 1344.65
2024-11-13 03:21:06.488: 104 epsilon: 0.01
2024-11-13 03:21:06.488: 104 q: 1.1449068
2024-11-13 03:30:47.773: 105 test start:
2024-11-13 03:31:12.418: 105 avg_reward: 3630.0
2024-11-13 03:31:12.419: 105 avg_steps: 1320.75
2024-11-13 03:31:12.419: 105 epsilon: 0.01
2024-11-13 03:31:12.419: 105 q: 1.1946074
2024-11-13 03:40:48.070: 106 test start:
2024-11-13 03:41:01.631: 106 avg_reward: 1960.0
2024-11-13 03:41:01.631: 106 avg_steps: 663.9
2024-11-13 03:41:01.631: 106 epsilon: 0.01
2024-11-13 03:41:01.631: 106 q: 1.1462085
2024-11-13 03:50:33.238: 107 test start:
2024-11-13 03:51:18.777: 107 avg_reward: 4400.0
2024-11-13 03:51:18.777: 107 avg_steps: 2443.9
2024-11-13 03:51:18.777: 107 epsilon: 0.01
2024-11-13 03:51:18.777: 107 q: 1.1846513
2024-11-13 04:00:55.603: 108 test start:
2024-11-13 04:01:19.151: 108 avg_reward: 4740.0
2024-11-13 04:01:19.152: 108 avg_steps: 1168.3
2024-11-13 04:01:19.152: 108 epsilon: 0.01
2024-11-13 04:01:19.152: 108 q: 1.1899292
2024-11-13 04:10:40.360: 109 test start:
2024-11-13 04:12:13.964: 109 avg_reward: 4850.0
2024-11-13 04:12:13.965: 109 avg_steps: 4969.3
2024-11-13 04:12:13.965: 109 epsilon: 0.01
2024-11-13 04:12:13.965: 109 q: 1.19326
2024-11-13 04:22:21.992: 110 test start:
2024-11-13 04:22:43.040: 110 avg_reward: 3830.0
2024-11-13 04:22:43.040: 110 avg_steps: 1073.8
2024-11-13 04:22:43.041: 110 epsilon: 0.01
2024-11-13 04:22:43.041: 110 q: 1.2104024
2024-11-13 04:31:37.183: 111 test start:
2024-11-13 04:31:59.506: 111 avg_reward: 3840.0
2024-11-13 04:31:59.507: 111 avg_steps: 1133.65
2024-11-13 04:31:59.512: 111 epsilon: 0.01
2024-11-13 04:31:59.512: 111 q: 1.2141848
2024-11-13 04:41:59.329: 112 test start:
2024-11-13 04:42:20.121: 112 avg_reward: 4505.0
2024-11-13 04:42:20.121: 112 avg_steps: 1102.75
2024-11-13 04:42:20.121: 112 epsilon: 0.01
2024-11-13 04:42:20.121: 112 q: 1.2329719
2024-11-13 04:51:18.264: 113 test start:
2024-11-13 04:51:38.232: 113 avg_reward: 3540.0
2024-11-13 04:51:38.232: 113 avg_steps: 1003.05
2024-11-13 04:51:38.232: 113 epsilon: 0.01
2024-11-13 04:51:38.232: 113 q: 1.2064471
2024-11-13 05:01:32.066: 114 test start:
2024-11-13 05:02:02.014: 114 avg_reward: 7375.0
2024-11-13 05:02:02.014: 114 avg_steps: 1594.4
2024-11-13 05:02:02.014: 114 epsilon: 0.01
2024-11-13 05:02:02.014: 114 q: 1.196157
2024-11-13 05:11:10.761: 115 test start:
2024-11-13 05:11:35.497: 115 avg_reward: 6000.0
2024-11-13 05:11:35.497: 115 avg_steps: 1308.0
2024-11-13 05:11:35.497: 115 epsilon: 0.01
2024-11-13 05:11:35.497: 115 q: 1.2198
2024-11-13 05:21:17.025: 116 test start:
2024-11-13 05:21:40.912: 116 avg_reward: 4340.0
2024-11-13 05:21:40.912: 116 avg_steps: 1366.3
2024-11-13 05:21:40.912: 116 epsilon: 0.01
2024-11-13 05:21:40.912: 116 q: 1.2095661
2024-11-13 05:31:07.395: 117 test start:
2024-11-13 05:31:33.470: 117 avg_reward: 3735.0
2024-11-13 05:31:33.470: 117 avg_steps: 1359.15
2024-11-13 05:31:33.470: 117 epsilon: 0.01
2024-11-13 05:31:33.470: 117 q: 1.2262068
2024-11-13 05:41:07.056: 118 test start:
2024-11-13 05:41:21.749: 118 avg_reward: 2350.0
2024-11-13 05:41:21.749: 118 avg_steps: 819.7
2024-11-13 05:41:21.749: 118 epsilon: 0.01
2024-11-13 05:41:21.749: 118 q: 1.2832255
2024-11-13 05:50:50.481: 119 test start:
2024-11-13 05:51:18.121: 119 avg_reward: 7280.0
2024-11-13 05:51:18.122: 119 avg_steps: 1449.35
2024-11-13 05:51:18.122: 119 epsilon: 0.01
2024-11-13 05:51:18.122: 119 q: 1.2805942
2024-11-13 06:00:29.894: 120 test start:
2024-11-13 06:00:55.114: 120 avg_reward: 4600.0
2024-11-13 06:00:55.114: 120 avg_steps: 1406.85
2024-11-13 06:00:55.114: 120 epsilon: 0.01
2024-11-13 06:00:55.114: 120 q: 1.2681836
2024-11-13 06:10:21.413: 121 test start:
2024-11-13 06:10:43.146: 121 avg_reward: 3595.0
2024-11-13 06:10:43.146: 121 avg_steps: 1090.45
2024-11-13 06:10:43.146: 121 epsilon: 0.01
2024-11-13 06:10:43.146: 121 q: 1.2549012
2024-11-13 06:19:58.832: 122 test start:
2024-11-13 06:20:23.197: 122 avg_reward: 5145.0
2024-11-13 06:20:23.197: 122 avg_steps: 1279.95
2024-11-13 06:20:23.197: 122 epsilon: 0.01
2024-11-13 06:20:23.197: 122 q: 1.2846004
2024-11-13 06:29:59.297: 123 test start:
2024-11-13 06:30:27.049: 123 avg_reward: 4685.0
2024-11-13 06:30:27.049: 123 avg_steps: 1392.6
2024-11-13 06:30:27.049: 123 epsilon: 0.01
2024-11-13 06:30:27.049: 123 q: 1.2981523
2024-11-13 06:39:32.747: 124 test start:
2024-11-13 06:40:03.252: 124 avg_reward: 8470.0
2024-11-13 06:40:03.252: 124 avg_steps: 1627.65
2024-11-13 06:40:03.252: 124 epsilon: 0.01
2024-11-13 06:40:03.252: 124 q: 1.3348666
2024-11-13 06:49:59.119: 125 test start:
2024-11-13 06:50:25.486: 125 avg_reward: 6110.0
2024-11-13 06:50:25.486: 125 avg_steps: 1339.55
2024-11-13 06:50:25.486: 125 epsilon: 0.01
2024-11-13 06:50:25.486: 125 q: 1.3486965
2024-11-13 06:59:31.993: 126 test start:
2024-11-13 06:59:59.686: 126 avg_reward: 4665.0
2024-11-13 06:59:59.686: 126 avg_steps: 1434.4
2024-11-13 06:59:59.686: 126 epsilon: 0.01
2024-11-13 06:59:59.686: 126 q: 1.370106
2024-11-13 07:09:58.019: 127 test start:
2024-11-13 07:10:16.230: 127 avg_reward: 3585.0
2024-11-13 07:10:16.231: 127 avg_steps: 920.2
2024-11-13 07:10:16.231: 127 epsilon: 0.01
2024-11-13 07:10:16.231: 127 q: 1.3785566
2024-11-13 07:19:18.624: 128 test start:
2024-11-13 07:19:48.898: 128 avg_reward: 3555.0
2024-11-13 07:19:48.899: 128 avg_steps: 1524.2
2024-11-13 07:19:48.899: 128 epsilon: 0.01
2024-11-13 07:19:48.899: 128 q: 1.3489214
2024-11-13 07:29:43.720: 129 test start:
2024-11-13 07:29:58.011: 129 avg_reward: 2275.0
2024-11-13 07:29:58.011: 129 avg_steps: 781.15
2024-11-13 07:29:58.011: 129 epsilon: 0.01
2024-11-13 07:29:58.011: 129 q: 1.4034923
2024-11-13 07:39:20.849: 130 test start:
2024-11-13 07:39:53.702: 130 avg_reward: 9375.0
2024-11-13 07:39:53.702: 130 avg_steps: 1685.0
2024-11-13 07:39:53.702: 130 epsilon: 0.01
2024-11-13 07:39:53.702: 130 q: 1.4022224
2024-11-13 07:49:32.334: 131 test start:
2024-11-13 07:49:57.237: 131 avg_reward: 4620.0
2024-11-13 07:49:57.237: 131 avg_steps: 1322.05
2024-11-13 07:49:57.237: 131 epsilon: 0.01
2024-11-13 07:49:57.237: 131 q: 1.367932
2024-11-13 07:59:32.500: 132 test start:
2024-11-13 08:00:02.021: 132 avg_reward: 4605.0
2024-11-13 08:00:02.021: 132 avg_steps: 1453.15
2024-11-13 08:00:02.021: 132 epsilon: 0.01
2024-11-13 08:00:02.021: 132 q: 1.4049534
2024-11-13 08:09:46.897: 133 test start:
2024-11-13 08:10:14.011: 133 avg_reward: 3780.0
2024-11-13 08:10:14.011: 133 avg_steps: 1419.2
2024-11-13 08:10:14.011: 133 epsilon: 0.01
2024-11-13 08:10:14.012: 133 q: 1.3559489
2024-11-13 08:19:47.671: 134 test start:
2024-11-13 08:20:17.952: 134 avg_reward: 5505.0
2024-11-13 08:20:17.952: 134 avg_steps: 1533.05
2024-11-13 08:20:17.952: 134 epsilon: 0.01
2024-11-13 08:20:17.952: 134 q: 1.3517891
2024-11-13 08:29:48.381: 135 test start:
2024-11-13 08:30:14.790: 135 avg_reward: 6395.0
2024-11-13 08:30:14.790: 135 avg_steps: 1354.95
2024-11-13 08:30:14.791: 135 epsilon: 0.01
2024-11-13 08:30:14.791: 135 q: 1.3845502
2024-11-13 08:39:46.194: 136 test start:
2024-11-13 08:40:17.078: 136 avg_reward: 7425.0
2024-11-13 08:40:17.078: 136 avg_steps: 1542.4
2024-11-13 08:40:17.078: 136 epsilon: 0.01
2024-11-13 08:40:17.078: 136 q: 1.3813777
2024-11-13 08:49:42.025: 137 test start:
2024-11-13 08:49:57.193: 137 avg_reward: 2235.0
2024-11-13 08:49:57.193: 137 avg_steps: 784.45
2024-11-13 08:49:57.193: 137 epsilon: 0.01
2024-11-13 08:49:57.193: 137 q: 1.3745152
2024-11-13 08:59:24.751: 138 test start:
2024-11-13 08:59:54.632: 138 avg_reward: 6455.0
2024-11-13 08:59:54.633: 138 avg_steps: 1515.75
2024-11-13 08:59:54.633: 138 epsilon: 0.01
2024-11-13 08:59:54.633: 138 q: 1.3881779
2024-11-13 09:09:22.141: 139 test start:
2024-11-13 09:09:53.175: 139 avg_reward: 6490.0
2024-11-13 09:09:53.175: 139 avg_steps: 1553.7
2024-11-13 09:09:53.175: 139 epsilon: 0.01
2024-11-13 09:09:53.175: 139 q: 1.380294
2024-11-13 09:19:22.235: 140 test start:
2024-11-13 09:19:47.268: 140 avg_reward: 5965.0
2024-11-13 09:19:47.268: 140 avg_steps: 1305.6
2024-11-13 09:19:47.268: 140 epsilon: 0.01
2024-11-13 09:19:47.268: 140 q: 1.3839458
2024-11-13 09:29:27.171: 141 test start:
2024-11-13 09:29:51.240: 141 avg_reward: 5480.0
2024-11-13 09:29:51.240: 141 avg_steps: 1249.1
2024-11-13 09:29:51.241: 141 epsilon: 0.01
2024-11-13 09:29:51.241: 141 q: 1.343515
2024-11-13 09:39:12.211: 142 test start:
2024-11-13 09:39:35.267: 142 avg_reward: 4725.0
2024-11-13 09:39:35.267: 142 avg_steps: 1175.1
2024-11-13 09:39:35.267: 142 epsilon: 0.01
2024-11-13 09:39:35.268: 142 q: 1.3613087
2024-11-13 09:49:19.215: 143 test start:
2024-11-13 09:49:43.510: 143 avg_reward: 5410.0
2024-11-13 09:49:43.510: 143 avg_steps: 1251.15
2024-11-13 09:49:43.510: 143 epsilon: 0.01
2024-11-13 09:49:43.510: 143 q: 1.3208201
2024-11-13 09:59:12.003: 144 test start:
2024-11-13 09:59:33.756: 144 avg_reward: 2195.0
2024-11-13 09:59:33.761: 144 avg_steps: 1122.05
2024-11-13 09:59:33.762: 144 epsilon: 0.01
2024-11-13 09:59:33.762: 144 q: 1.3287488
2024-11-13 10:09:20.508: 145 test start:
2024-11-13 10:09:49.240: 145 avg_reward: 7170.0
2024-11-13 10:09:49.240: 145 avg_steps: 1480.35
2024-11-13 10:09:49.240: 145 epsilon: 0.01
2024-11-13 10:09:49.240: 145 q: 1.313127
2024-11-13 10:20:03.856: 146 test start:
2024-11-13 10:20:47.413: 146 avg_reward: 3795.0
2024-11-13 10:20:47.413: 146 avg_steps: 2242.8
2024-11-13 10:20:47.413: 146 epsilon: 0.01
2024-11-13 10:20:47.413: 146 q: 1.3328562
2024-11-13 10:29:37.391: 147 test start:
2024-11-13 10:29:58.422: 147 avg_reward: 3165.0
2024-11-13 10:29:58.422: 147 avg_steps: 1094.65
2024-11-13 10:29:58.422: 147 epsilon: 0.01
2024-11-13 10:29:58.422: 147 q: 1.330538
2024-11-13 10:39:39.763: 148 test start:
2024-11-13 10:40:15.456: 148 avg_reward: 10530.0
2024-11-13 10:40:15.456: 148 avg_steps: 1876.45
2024-11-13 10:40:15.456: 148 epsilon: 0.01
2024-11-13 10:40:15.456: 148 q: 1.339932
2024-11-13 10:49:20.183: 149 test start:
2024-11-13 10:49:41.397: 149 avg_reward: 5795.0
2024-11-13 10:49:41.397: 149 avg_steps: 1134.85
2024-11-13 10:49:41.397: 149 epsilon: 0.01
2024-11-13 10:49:41.397: 149 q: 1.3148859
2024-11-13 10:58:52.464: 150 test start:
2024-11-13 10:59:21.248: 150 avg_reward: 6645.0
2024-11-13 10:59:21.249: 150 avg_steps: 1527.4
2024-11-13 10:59:21.249: 150 epsilon: 0.01
2024-11-13 10:59:21.249: 150 q: 1.3157742
2024-11-13 11:09:01.611: 151 test start:
2024-11-13 11:09:23.904: 151 avg_reward: 5145.0
2024-11-13 11:09:23.904: 151 avg_steps: 1173.25
2024-11-13 11:09:23.904: 151 epsilon: 0.01
2024-11-13 11:09:23.904: 151 q: 1.3294778
2024-11-13 11:19:02.096: 152 test start:
2024-11-13 11:19:30.177: 152 avg_reward: 5695.0
2024-11-13 11:19:30.177: 152 avg_steps: 1393.3
2024-11-13 11:19:30.177: 152 epsilon: 0.01
2024-11-13 11:19:30.177: 152 q: 1.3072091
2024-11-13 11:28:56.859: 153 test start:
2024-11-13 11:29:35.885: 153 avg_reward: 11230.0
2024-11-13 11:29:35.885: 153 avg_steps: 2074.25
2024-11-13 11:29:35.885: 153 epsilon: 0.01
2024-11-13 11:29:35.885: 153 q: 1.3031626
2024-11-13 11:39:18.464: 154 test start:
2024-11-13 11:39:48.121: 154 avg_reward: 7040.0
2024-11-13 11:39:48.121: 154 avg_steps: 1515.45
2024-11-13 11:39:48.121: 154 epsilon: 0.01
2024-11-13 11:39:48.121: 154 q: 1.2874826
2024-11-13 11:49:07.859: 155 test start:
2024-11-13 11:49:29.810: 155 avg_reward: 4020.0
2024-11-13 11:49:29.810: 155 avg_steps: 1123.6
2024-11-13 11:49:29.810: 155 epsilon: 0.01
2024-11-13 11:49:29.811: 155 q: 1.3155559
2024-11-13 11:59:10.756: 156 test start:
2024-11-13 11:59:36.372: 156 avg_reward: 5610.0
2024-11-13 11:59:36.373: 156 avg_steps: 1331.35
2024-11-13 11:59:36.373: 156 epsilon: 0.01
2024-11-13 11:59:36.373: 156 q: 1.3153765
2024-11-13 12:08:48.042: 157 test start:
2024-11-13 12:09:01.562: 157 avg_reward: 2150.0
2024-11-13 12:09:01.562: 157 avg_steps: 711.1
2024-11-13 12:09:01.562: 157 epsilon: 0.01
2024-11-13 12:09:01.562: 157 q: 1.3200512
2024-11-13 12:18:46.465: 158 test start:
2024-11-13 12:19:04.813: 158 avg_reward: 3490.0
2024-11-13 12:19:04.813: 158 avg_steps: 928.1
2024-11-13 12:19:04.813: 158 epsilon: 0.01
2024-11-13 12:19:04.813: 158 q: 1.3631128
2024-11-13 12:28:23.101: 159 test start:
2024-11-13 12:28:49.009: 159 avg_reward: 6340.0
2024-11-13 12:28:49.009: 159 avg_steps: 1337.1
2024-11-13 12:28:49.009: 159 epsilon: 0.01
2024-11-13 12:28:49.009: 159 q: 1.3957777
2024-11-13 12:38:35.095: 160 test start:
2024-11-13 12:38:55.019: 160 avg_reward: 4500.0
2024-11-13 12:38:55.019: 160 avg_steps: 1019.7
2024-11-13 12:38:55.020: 160 epsilon: 0.01
2024-11-13 12:38:55.020: 160 q: 1.3651358
2024-11-13 12:48:15.362: 161 test start:
2024-11-13 12:48:51.307: 161 avg_reward: 12440.0
2024-11-13 12:48:51.307: 161 avg_steps: 1859.15
2024-11-13 12:48:51.307: 161 epsilon: 0.01
2024-11-13 12:48:51.307: 161 q: 1.3404095
2024-11-13 12:58:31.240: 162 test start:
2024-11-13 12:59:01.016: 162 avg_reward: 5155.0
2024-11-13 12:59:01.016: 162 avg_steps: 1536.5
2024-11-13 12:59:01.017: 162 epsilon: 0.01
2024-11-13 12:59:01.017: 162 q: 1.3526946
2024-11-13 13:08:15.514: 163 test start:
2024-11-13 13:08:40.127: 163 avg_reward: 6120.0
2024-11-13 13:08:40.127: 163 avg_steps: 1270.35
2024-11-13 13:08:40.127: 163 epsilon: 0.01
2024-11-13 13:08:40.127: 163 q: 1.3805645
2024-11-13 13:18:13.341: 164 test start:
2024-11-13 13:18:40.178: 164 avg_reward: 7175.0
2024-11-13 13:18:40.178: 164 avg_steps: 1470.4
2024-11-13 13:18:40.178: 164 epsilon: 0.01
2024-11-13 13:18:40.178: 164 q: 1.3691559
2024-11-13 13:28:00.126: 165 test start:
2024-11-13 13:28:26.570: 165 avg_reward: 7295.0
2024-11-13 13:28:26.570: 165 avg_steps: 1365.4
2024-11-13 13:28:26.571: 165 epsilon: 0.01
2024-11-13 13:28:26.571: 165 q: 1.4371082
2024-11-13 13:38:02.750: 166 test start:
2024-11-13 13:38:27.091: 166 avg_reward: 4710.0
2024-11-13 13:38:27.091: 166 avg_steps: 1347.1
2024-11-13 13:38:27.091: 166 epsilon: 0.01
2024-11-13 13:38:27.091: 166 q: 1.4180888
2024-11-13 13:48:02.609: 167 test start:
2024-11-13 13:48:28.378: 167 avg_reward: 3630.0
2024-11-13 13:48:28.379: 167 avg_steps: 1279.75
2024-11-13 13:48:28.379: 167 epsilon: 0.01
2024-11-13 13:48:28.379: 167 q: 1.4682058
2024-11-13 13:57:48.042: 168 test start:
2024-11-13 13:58:17.519: 168 avg_reward: 6540.0
2024-11-13 13:58:17.519: 168 avg_steps: 1558.6
2024-11-13 13:58:17.519: 168 epsilon: 0.01
2024-11-13 13:58:17.520: 168 q: 1.4394609
2024-11-13 14:07:53.444: 169 test start:
2024-11-13 14:08:20.779: 169 avg_reward: 6870.0
2024-11-13 14:08:20.779: 169 avg_steps: 1394.6
2024-11-13 14:08:20.779: 169 epsilon: 0.01
2024-11-13 14:08:20.779: 169 q: 1.4684293
2024-11-13 14:17:47.122: 170 test start:
2024-11-13 14:18:10.189: 170 avg_reward: 5495.0
2024-11-13 14:18:10.189: 170 avg_steps: 1197.55
2024-11-13 14:18:10.189: 170 epsilon: 0.01
2024-11-13 14:18:10.189: 170 q: 1.4587556
2024-11-13 14:27:48.634: 171 test start:
2024-11-13 14:28:08.164: 171 avg_reward: 4430.0
2024-11-13 14:28:08.164: 171 avg_steps: 1006.15
2024-11-13 14:28:08.164: 171 epsilon: 0.01
2024-11-13 14:28:08.164: 171 q: 1.4661889
2024-11-13 14:37:26.869: 172 test start:
2024-11-13 14:37:55.461: 172 avg_reward: 8055.0
2024-11-13 14:37:55.461: 172 avg_steps: 1503.8
2024-11-13 14:37:55.461: 172 epsilon: 0.01
2024-11-13 14:37:55.462: 172 q: 1.4397928
2024-11-13 14:47:23.300: 173 test start:
2024-11-13 14:47:48.787: 173 avg_reward: 6860.0
2024-11-13 14:47:48.787: 173 avg_steps: 1317.6
2024-11-13 14:47:48.787: 173 epsilon: 0.01
2024-11-13 14:47:48.787: 173 q: 1.459542
2024-11-13 14:56:54.967: 174 test start:
2024-11-13 14:57:20.841: 174 avg_reward: 8080.0
2024-11-13 14:57:20.841: 174 avg_steps: 1371.85
2024-11-13 14:57:20.841: 174 epsilon: 0.01
2024-11-13 14:57:20.841: 174 q: 1.4653381
2024-11-13 15:06:42.490: 175 test start:
2024-11-13 15:07:08.313: 175 avg_reward: 6955.0
2024-11-13 15:07:08.313: 175 avg_steps: 1342.85
2024-11-13 15:07:08.313: 175 epsilon: 0.01
2024-11-13 15:07:08.313: 175 q: 1.4707253
2024-11-13 15:16:16.957: 176 test start:
2024-11-13 15:16:46.385: 176 avg_reward: 5535.0
2024-11-13 15:16:46.385: 176 avg_steps: 1537.9
2024-11-13 15:16:46.385: 176 epsilon: 0.01
2024-11-13 15:16:46.385: 176 q: 1.4771177
2024-11-13 15:26:07.010: 177 test start:
2024-11-13 15:26:46.001: 177 avg_reward: 11855.0
2024-11-13 15:26:46.002: 177 avg_steps: 2014.35
2024-11-13 15:26:46.002: 177 epsilon: 0.01
2024-11-13 15:26:46.002: 177 q: 1.4926678
2024-11-13 15:35:55.269: 178 test start:
2024-11-13 15:36:17.662: 178 avg_reward: 4480.0
2024-11-13 15:36:17.662: 178 avg_steps: 1203.8
2024-11-13 15:36:17.662: 178 epsilon: 0.01
2024-11-13 15:36:17.662: 178 q: 1.483577
2024-11-13 15:45:39.854: 179 test start:
2024-11-13 15:46:01.502: 179 avg_reward: 4055.0
2024-11-13 15:46:01.502: 179 avg_steps: 1118.65
2024-11-13 15:46:01.502: 179 epsilon: 0.01
2024-11-13 15:46:01.502: 179 q: 1.4822404
2024-11-13 15:55:08.302: 180 test start:
2024-11-13 15:55:32.227: 180 avg_reward: 5280.0
2024-11-13 15:55:32.227: 180 avg_steps: 1227.95
2024-11-13 15:55:32.228: 180 epsilon: 0.01
2024-11-13 15:55:32.228: 180 q: 1.4882339
2024-11-13 16:05:16.762: 181 test start:
2024-11-13 16:05:40.296: 181 avg_reward: 6100.0
2024-11-13 16:05:40.296: 181 avg_steps: 1279.1
2024-11-13 16:05:40.296: 181 epsilon: 0.01
2024-11-13 16:05:40.296: 181 q: 1.506719
2024-11-13 16:14:16.197: 182 test start:
2024-11-13 16:14:49.248: 182 avg_reward: 9075.0
2024-11-13 16:14:49.254: 182 avg_steps: 1730.65
2024-11-13 16:14:49.254: 182 epsilon: 0.01
2024-11-13 16:14:49.254: 182 q: 1.5658911
2024-11-13 16:23:54.601: 183 test start:
2024-11-13 16:24:13.207: 183 avg_reward: 3220.0
2024-11-13 16:24:13.207: 183 avg_steps: 977.35
2024-11-13 16:24:13.207: 183 epsilon: 0.01
2024-11-13 16:24:13.207: 183 q: 1.5446514
2024-11-13 16:33:24.607: 184 test start:
2024-11-13 16:33:50.441: 184 avg_reward: 4515.0
2024-11-13 16:33:50.441: 184 avg_steps: 1331.95
2024-11-13 16:33:50.447: 184 epsilon: 0.01
2024-11-13 16:33:50.447: 184 q: 1.5253825
2024-11-13 16:43:09.730: 185 test start:
2024-11-13 16:43:41.568: 185 avg_reward: 6955.0
2024-11-13 16:43:41.568: 185 avg_steps: 1660.9
2024-11-13 16:43:41.568: 185 epsilon: 0.01
2024-11-13 16:43:41.568: 185 q: 1.5316513
2024-11-13 16:53:03.002: 186 test start:
2024-11-13 16:53:34.979: 186 avg_reward: 8555.0
2024-11-13 16:53:34.979: 186 avg_steps: 1650.9
2024-11-13 16:53:34.979: 186 epsilon: 0.01
2024-11-13 16:53:34.979: 186 q: 1.5287263
2024-11-13 17:02:41.927: 187 test start:
2024-11-13 17:03:10.858: 187 avg_reward: 7380.0
2024-11-13 17:03:10.858: 187 avg_steps: 1524.75
2024-11-13 17:03:10.858: 187 epsilon: 0.01
2024-11-13 17:03:10.858: 187 q: 1.5181612
2024-11-13 17:12:19.205: 188 test start:
2024-11-13 17:12:45.942: 188 avg_reward: 5015.0
2024-11-13 17:12:45.942: 188 avg_steps: 1394.15
2024-11-13 17:12:45.942: 188 epsilon: 0.01
2024-11-13 17:12:45.942: 188 q: 1.52073
2024-11-13 17:21:57.027: 189 test start:
2024-11-13 17:22:20.653: 189 avg_reward: 3965.0
2024-11-13 17:22:20.654: 189 avg_steps: 1241.55
2024-11-13 17:22:20.654: 189 epsilon: 0.01
2024-11-13 17:22:20.654: 189 q: 1.5046235
2024-11-13 17:31:39.435: 190 test start:
2024-11-13 17:32:05.595: 190 avg_reward: 5300.0
2024-11-13 17:32:05.595: 190 avg_steps: 1404.85
2024-11-13 17:32:05.595: 190 epsilon: 0.01
2024-11-13 17:32:05.595: 190 q: 1.5195385
2024-11-13 17:41:13.495: 191 test start:
2024-11-13 17:41:39.025: 191 avg_reward: 5560.0
2024-11-13 17:41:39.026: 191 avg_steps: 1333.0
2024-11-13 17:41:39.026: 191 epsilon: 0.01
2024-11-13 17:41:39.026: 191 q: 1.4964768
2024-11-13 17:50:49.867: 192 test start:
2024-11-13 17:51:22.757: 192 avg_reward: 7730.0
2024-11-13 17:51:22.757: 192 avg_steps: 1725.65
2024-11-13 17:51:22.757: 192 epsilon: 0.01
2024-11-13 17:51:22.757: 192 q: 1.4846371
2024-11-13 18:00:24.227: 193 test start:
2024-11-13 18:00:47.074: 193 avg_reward: 4740.0
2024-11-13 18:00:47.075: 193 avg_steps: 1195.65
2024-11-13 18:00:47.075: 193 epsilon: 0.01
2024-11-13 18:00:47.075: 193 q: 1.49389
2024-11-13 18:09:52.371: 194 test start:
2024-11-13 18:10:20.363: 194 avg_reward: 6250.0
2024-11-13 18:10:20.363: 194 avg_steps: 1453.5
2024-11-13 18:10:20.363: 194 epsilon: 0.01
2024-11-13 18:10:20.363: 194 q: 1.4243338
2024-11-13 18:19:21.106: 195 test start:
2024-11-13 18:19:48.080: 195 avg_reward: 8520.0
2024-11-13 18:19:48.080: 195 avg_steps: 1414.0
2024-11-13 18:19:48.080: 195 epsilon: 0.01
2024-11-13 18:19:48.080: 195 q: 1.4504116
2024-11-13 18:29:05.924: 196 test start:
2024-11-13 18:29:34.039: 196 avg_reward: 7935.0
2024-11-13 18:29:34.040: 196 avg_steps: 1444.3
2024-11-13 18:29:34.040: 196 epsilon: 0.01
2024-11-13 18:29:34.040: 196 q: 1.4729409
2024-11-13 18:38:40.269: 197 test start:
2024-11-13 18:39:07.122: 197 avg_reward: 6085.0
2024-11-13 18:39:07.123: 197 avg_steps: 1391.2
2024-11-13 18:39:07.123: 197 epsilon: 0.01
2024-11-13 18:39:07.123: 197 q: 1.4431973
2024-11-13 18:48:19.930: 198 test start:
2024-11-13 18:48:42.495: 198 avg_reward: 3645.0
2024-11-13 18:48:42.495: 198 avg_steps: 1172.4
2024-11-13 18:48:42.495: 198 epsilon: 0.01
2024-11-13 18:48:42.495: 198 q: 1.4521885
2024-11-13 18:57:44.272: 199 test start:
2024-11-13 18:58:10.130: 199 avg_reward: 7075.0
2024-11-13 18:58:10.130: 199 avg_steps: 1354.9
2024-11-13 18:58:10.130: 199 epsilon: 0.01
2024-11-13 18:58:10.130: 199 q: 1.4521691
2024-11-13 19:07:20.860: 200 test start:
2024-11-13 19:07:56.994: 200 avg_reward: 8305.0
2024-11-13 19:07:56.994: 200 avg_steps: 1869.1
2024-11-13 19:07:56.994: 200 epsilon: 0.01
2024-11-13 19:07:56.994: 200 q: 1.4530535
