2024-11-15 03:50:05.080: 
parameters:agent_test_episodes: 20
batch_num_per_epoch: 250000
device: cuda:0
env_name: ALE/WizardOfWor-v5
epsilon_for_test: 0.001
epsilon_max: 0.1
epsilon_min: 0.01
exp_name: ALE-WizardOfWor-v5_2024-11-15-03-50-05
exp_path: ../exps/double_dqn/
exploration_steps: 1000000
gamma: 0.99
held_out_states_num: 1000
learning_rate: 0.00025
log_path: ../exps/double_dqn/
mini_batch_size: 32
model_update_freq: 4
n_times: 5
no_op: 30
phi_channel: 4
replay_buffer_size: 1000000
replay_start_size: 50000
save_model: true
screen_size: 84
seed: 0
skip_k_frame: 4
step_c: 30000
training_steps: 50000000

2024-11-15 03:50:05.154: optimizer: RMSprop (
Parameter Group 0
    alpha: 0.95
    centered: False
    differentiable: False
    eps: 0.01
    foreach: None
    lr: 0.00025
    maximize: False
    momentum: 0
    weight_decay: 0
)
2024-11-15 03:50:05.209: optimizer: RMSprop (
Parameter Group 0
    alpha: 0.95
    centered: False
    differentiable: False
    eps: 0.01
    foreach: None
    lr: 0.00025
    maximize: False
    momentum: 0
    weight_decay: 0
)
2024-11-15 03:58:25.485: 1 test start:
2024-11-15 03:59:11.737: 1 avg_reward: 605.0
2024-11-15 03:59:11.737: 1 avg_steps: 2454.9
2024-11-15 03:59:11.737: 1 epsilon: 0.08194195
2024-11-15 03:59:11.737: 1 q: 0.016976615
2024-11-15 04:07:59.156: 2 test start:
2024-11-15 04:08:09.616: 2 avg_reward: 95.0
2024-11-15 04:08:09.616: 2 avg_steps: 554.05
2024-11-15 04:08:09.616: 2 epsilon: 0.05944348
2024-11-15 04:08:09.616: 2 q: 0.023370415
2024-11-15 04:17:01.299: 3 test start:
2024-11-15 04:17:06.482: 3 avg_reward: 5.0
2024-11-15 04:17:06.488: 3 avg_steps: 259.4
2024-11-15 04:17:06.488: 3 epsilon: 0.03698155
2024-11-15 04:17:06.488: 3 q: 0.023136798
2024-11-15 04:25:53.029: 4 test start:
2024-11-15 04:26:09.048: 4 avg_reward: 285.0
2024-11-15 04:26:09.048: 4 avg_steps: 864.4
2024-11-15 04:26:09.054: 4 epsilon: 0.014472189999999996
2024-11-15 04:26:09.054: 4 q: 0.026003605
2024-11-15 04:35:11.893: 5 test start:
2024-11-15 04:35:32.582: 5 avg_reward: 10.0
2024-11-15 04:35:32.582: 5 avg_steps: 1111.45
2024-11-15 04:35:32.582: 5 epsilon: 0.01
2024-11-15 04:35:32.582: 5 q: 0.040144295
2024-11-15 04:44:26.025: 6 test start:
2024-11-15 04:44:49.587: 6 avg_reward: 355.0
2024-11-15 04:44:49.587: 6 avg_steps: 1234.4
2024-11-15 04:44:49.587: 6 epsilon: 0.01
2024-11-15 04:44:49.587: 6 q: 0.039573357
2024-11-15 04:53:51.456: 7 test start:
2024-11-15 04:54:02.325: 7 avg_reward: 110.0
2024-11-15 04:54:02.325: 7 avg_steps: 561.95
2024-11-15 04:54:02.325: 7 epsilon: 0.01
2024-11-15 04:54:02.325: 7 q: 0.055565033
2024-11-15 05:02:59.122: 8 test start:
2024-11-15 05:03:04.180: 8 avg_reward: 0.0
2024-11-15 05:03:04.180: 8 avg_steps: 257.95
2024-11-15 05:03:04.180: 8 epsilon: 0.01
2024-11-15 05:03:04.180: 8 q: 0.058737762
2024-11-15 05:12:17.057: 9 test start:
2024-11-15 05:12:36.053: 9 avg_reward: 330.0
2024-11-15 05:12:36.053: 9 avg_steps: 973.75
2024-11-15 05:12:36.053: 9 epsilon: 0.01
2024-11-15 05:12:36.053: 9 q: 0.049410887
2024-11-15 05:21:29.448: 10 test start:
2024-11-15 05:22:09.419: 10 avg_reward: 820.0
2024-11-15 05:22:09.419: 10 avg_steps: 2121.85
2024-11-15 05:22:09.419: 10 epsilon: 0.01
2024-11-15 05:22:09.419: 10 q: 0.054344207
2024-11-15 05:31:12.008: 11 test start:
2024-11-15 05:31:18.300: 11 avg_reward: 100.0
2024-11-15 05:31:18.300: 11 avg_steps: 319.6
2024-11-15 05:31:18.300: 11 epsilon: 0.01
2024-11-15 05:31:18.300: 11 q: 0.057479348
2024-11-15 05:40:21.783: 12 test start:
2024-11-15 05:40:42.775: 12 avg_reward: 375.0
2024-11-15 05:40:42.775: 12 avg_steps: 1078.15
2024-11-15 05:40:42.775: 12 epsilon: 0.01
2024-11-15 05:40:42.775: 12 q: 0.06211746
2024-11-15 05:49:44.428: 13 test start:
2024-11-15 05:49:51.954: 13 avg_reward: 120.0
2024-11-15 05:49:51.954: 13 avg_steps: 383.45
2024-11-15 05:49:51.954: 13 epsilon: 0.01
2024-11-15 05:49:51.954: 13 q: 0.07093872
2024-11-15 05:58:58.936: 14 test start:
2024-11-15 05:59:12.912: 14 avg_reward: 250.0
2024-11-15 05:59:12.912: 14 avg_steps: 725.75
2024-11-15 05:59:12.912: 14 epsilon: 0.01
2024-11-15 05:59:12.912: 14 q: 0.07840286
2024-11-15 06:08:15.177: 15 test start:
2024-11-15 06:08:21.114: 15 avg_reward: 100.0
2024-11-15 06:08:21.115: 15 avg_steps: 303.4
2024-11-15 06:08:21.115: 15 epsilon: 0.01
2024-11-15 06:08:21.115: 15 q: 0.081576444
2024-11-15 06:17:27.403: 16 test start:
2024-11-15 06:17:34.894: 16 avg_reward: 55.0
2024-11-15 06:17:34.894: 16 avg_steps: 381.5
2024-11-15 06:17:34.894: 16 epsilon: 0.01
2024-11-15 06:17:34.894: 16 q: 0.095029235
2024-11-15 06:26:40.175: 17 test start:
2024-11-15 06:26:45.964: 17 avg_reward: 100.0
2024-11-15 06:26:45.964: 17 avg_steps: 307.9
2024-11-15 06:26:45.964: 17 epsilon: 0.01
2024-11-15 06:26:45.964: 17 q: 0.11750943
2024-11-15 06:35:56.158: 18 test start:
2024-11-15 06:36:06.715: 18 avg_reward: 150.0
2024-11-15 06:36:06.716: 18 avg_steps: 540.05
2024-11-15 06:36:06.716: 18 epsilon: 0.01
2024-11-15 06:36:06.716: 18 q: 0.12201785
2024-11-15 06:45:09.808: 19 test start:
2024-11-15 06:45:20.844: 19 avg_reward: 145.0
2024-11-15 06:45:20.844: 19 avg_steps: 561.7
2024-11-15 06:45:20.844: 19 epsilon: 0.01
2024-11-15 06:45:20.844: 19 q: 0.119790204
2024-11-15 06:54:28.697: 20 test start:
2024-11-15 06:54:39.525: 20 avg_reward: 165.0
2024-11-15 06:54:39.525: 20 avg_steps: 551.15
2024-11-15 06:54:39.525: 20 epsilon: 0.01
2024-11-15 06:54:39.525: 20 q: 0.12872198
2024-11-15 07:03:42.898: 21 test start:
2024-11-15 07:03:52.558: 21 avg_reward: 140.0
2024-11-15 07:03:52.559: 21 avg_steps: 491.95
2024-11-15 07:03:52.559: 21 epsilon: 0.01
2024-11-15 07:03:52.559: 21 q: 0.15488574
2024-11-15 07:13:02.574: 22 test start:
2024-11-15 07:13:10.155: 22 avg_reward: 130.0
2024-11-15 07:13:10.155: 22 avg_steps: 377.35
2024-11-15 07:13:10.155: 22 epsilon: 0.01
2024-11-15 07:13:10.155: 22 q: 0.16324492
2024-11-15 07:22:12.205: 23 test start:
2024-11-15 07:22:52.577: 23 avg_reward: 710.0
2024-11-15 07:22:52.577: 23 avg_steps: 2076.9
2024-11-15 07:22:52.577: 23 epsilon: 0.01
2024-11-15 07:22:52.577: 23 q: 0.1559468
2024-11-15 07:32:00.740: 24 test start:
2024-11-15 07:32:28.596: 24 avg_reward: 495.0
2024-11-15 07:32:28.596: 24 avg_steps: 1444.65
2024-11-15 07:32:28.596: 24 epsilon: 0.01
2024-11-15 07:32:28.597: 24 q: 0.16385007
2024-11-15 07:41:33.164: 25 test start:
2024-11-15 07:42:10.534: 25 avg_reward: 610.0
2024-11-15 07:42:10.534: 25 avg_steps: 1925.85
2024-11-15 07:42:10.534: 25 epsilon: 0.01
2024-11-15 07:42:10.534: 25 q: 0.17759049
2024-11-15 07:51:17.638: 26 test start:
2024-11-15 07:51:28.482: 26 avg_reward: 225.0
2024-11-15 07:51:28.482: 26 avg_steps: 570.65
2024-11-15 07:51:28.483: 26 epsilon: 0.01
2024-11-15 07:51:28.483: 26 q: 0.18152337
2024-11-15 08:00:33.034: 27 test start:
2024-11-15 08:00:58.463: 27 avg_reward: 465.0
2024-11-15 08:00:58.463: 27 avg_steps: 1316.9
2024-11-15 08:00:58.463: 27 epsilon: 0.01
2024-11-15 08:00:58.463: 27 q: 0.18179373
2024-11-15 08:10:06.896: 28 test start:
2024-11-15 08:10:45.734: 28 avg_reward: 630.0
2024-11-15 08:10:45.734: 28 avg_steps: 2025.65
2024-11-15 08:10:45.734: 28 epsilon: 0.01
2024-11-15 08:10:45.734: 28 q: 0.19397353
2024-11-15 08:19:37.931: 29 test start:
2024-11-15 08:20:15.872: 29 avg_reward: 720.0
2024-11-15 08:20:15.872: 29 avg_steps: 1973.05
2024-11-15 08:20:15.872: 29 epsilon: 0.01
2024-11-15 08:20:15.872: 29 q: 0.19235045
2024-11-15 08:29:40.480: 30 test start:
2024-11-15 08:30:03.629: 30 avg_reward: 690.0
2024-11-15 08:30:03.629: 30 avg_steps: 1199.15
2024-11-15 08:30:03.629: 30 epsilon: 0.01
2024-11-15 08:30:03.629: 30 q: 0.2065904
2024-11-15 08:39:01.054: 31 test start:
2024-11-15 08:39:16.829: 31 avg_reward: 390.0
2024-11-15 08:39:16.829: 31 avg_steps: 802.3
2024-11-15 08:39:16.829: 31 epsilon: 0.01
2024-11-15 08:39:16.829: 31 q: 0.22502233
2024-11-15 08:48:42.608: 32 test start:
2024-11-15 08:49:07.727: 32 avg_reward: 1265.0
2024-11-15 08:49:07.727: 32 avg_steps: 1338.85
2024-11-15 08:49:07.727: 32 epsilon: 0.01
2024-11-15 08:49:07.727: 32 q: 0.22195151
2024-11-15 08:58:00.772: 33 test start:
2024-11-15 08:58:23.028: 33 avg_reward: 495.0
2024-11-15 08:58:23.028: 33 avg_steps: 1121.5
2024-11-15 08:58:23.028: 33 epsilon: 0.01
2024-11-15 08:58:23.028: 33 q: 0.2417016
2024-11-15 09:07:42.398: 34 test start:
2024-11-15 09:07:56.757: 34 avg_reward: 440.0
2024-11-15 09:07:56.758: 34 avg_steps: 788.0
2024-11-15 09:07:56.758: 34 epsilon: 0.01
2024-11-15 09:07:56.758: 34 q: 0.23676379
2024-11-15 09:16:57.518: 35 test start:
2024-11-15 09:17:41.559: 35 avg_reward: 1100.0
2024-11-15 09:17:41.560: 35 avg_steps: 2237.7
2024-11-15 09:17:41.560: 35 epsilon: 0.01
2024-11-15 09:17:41.560: 35 q: 0.24439466
2024-11-15 09:26:50.980: 36 test start:
2024-11-15 09:27:11.541: 36 avg_reward: 715.0
2024-11-15 09:27:11.541: 36 avg_steps: 1108.5
2024-11-15 09:27:11.541: 36 epsilon: 0.01
2024-11-15 09:27:11.541: 36 q: 0.25466523
2024-11-15 09:36:21.454: 37 test start:
2024-11-15 09:36:36.922: 37 avg_reward: 365.0
2024-11-15 09:36:36.922: 37 avg_steps: 765.4
2024-11-15 09:36:36.922: 37 epsilon: 0.01
2024-11-15 09:36:36.922: 37 q: 0.27739102
2024-11-15 09:45:43.778: 38 test start:
2024-11-15 09:46:02.875: 38 avg_reward: 450.0
2024-11-15 09:46:02.875: 38 avg_steps: 1023.25
2024-11-15 09:46:02.875: 38 epsilon: 0.01
2024-11-15 09:46:02.875: 38 q: 0.27168283
2024-11-15 09:55:15.342: 39 test start:
2024-11-15 09:55:42.325: 39 avg_reward: 1050.0
2024-11-15 09:55:42.325: 39 avg_steps: 1361.6
2024-11-15 09:55:42.325: 39 epsilon: 0.01
2024-11-15 09:55:42.325: 39 q: 0.29521388
2024-11-15 10:04:41.228: 40 test start:
2024-11-15 10:05:05.954: 40 avg_reward: 1085.0
2024-11-15 10:05:05.954: 40 avg_steps: 1320.25
2024-11-15 10:05:05.954: 40 epsilon: 0.01
2024-11-15 10:05:05.954: 40 q: 0.30290693
2024-11-15 10:14:21.448: 41 test start:
2024-11-15 10:14:47.145: 41 avg_reward: 740.0
2024-11-15 10:14:47.145: 41 avg_steps: 1290.15
2024-11-15 10:14:47.145: 41 epsilon: 0.01
2024-11-15 10:14:47.145: 41 q: 0.31842268
2024-11-15 10:23:45.993: 42 test start:
2024-11-15 10:24:08.531: 42 avg_reward: 630.0
2024-11-15 10:24:08.531: 42 avg_steps: 1197.55
2024-11-15 10:24:08.531: 42 epsilon: 0.01
2024-11-15 10:24:08.531: 42 q: 0.32957557
2024-11-15 10:33:27.199: 43 test start:
2024-11-15 10:33:46.161: 43 avg_reward: 660.0
2024-11-15 10:33:46.161: 43 avg_steps: 977.05
2024-11-15 10:33:46.161: 43 epsilon: 0.01
2024-11-15 10:33:46.161: 43 q: 0.31810603
2024-11-15 10:42:36.194: 44 test start:
2024-11-15 10:42:48.699: 44 avg_reward: 585.0
2024-11-15 10:42:48.699: 44 avg_steps: 650.35
2024-11-15 10:42:48.699: 44 epsilon: 0.01
2024-11-15 10:42:48.699: 44 q: 0.33872694
2024-11-15 10:52:11.645: 45 test start:
2024-11-15 10:52:34.976: 45 avg_reward: 980.0
2024-11-15 10:52:34.976: 45 avg_steps: 1235.9
2024-11-15 10:52:34.976: 45 epsilon: 0.01
2024-11-15 10:52:34.976: 45 q: 0.3494255
2024-11-15 11:01:30.167: 46 test start:
2024-11-15 11:01:58.522: 46 avg_reward: 2350.0
2024-11-15 11:01:58.522: 46 avg_steps: 1489.9
2024-11-15 11:01:58.522: 46 epsilon: 0.01
2024-11-15 11:01:58.522: 46 q: 0.3741345
2024-11-15 11:11:12.790: 47 test start:
2024-11-15 11:11:30.569: 47 avg_reward: 1135.0
2024-11-15 11:11:30.569: 47 avg_steps: 933.5
2024-11-15 11:11:30.569: 47 epsilon: 0.01
2024-11-15 11:11:30.569: 47 q: 0.37631348
2024-11-15 11:20:24.970: 48 test start:
2024-11-15 11:20:38.181: 48 avg_reward: 570.0
2024-11-15 11:20:38.181: 48 avg_steps: 700.9
2024-11-15 11:20:38.181: 48 epsilon: 0.01
2024-11-15 11:20:38.181: 48 q: 0.37499607
2024-11-15 11:29:54.634: 49 test start:
2024-11-15 11:30:13.314: 49 avg_reward: 1105.0
2024-11-15 11:30:13.314: 49 avg_steps: 983.15
2024-11-15 11:30:13.314: 49 epsilon: 0.01
2024-11-15 11:30:13.315: 49 q: 0.3601606
2024-11-15 11:39:08.793: 50 test start:
2024-11-15 11:39:29.942: 50 avg_reward: 1365.0
2024-11-15 11:39:29.942: 50 avg_steps: 1117.45
2024-11-15 11:39:29.942: 50 epsilon: 0.01
2024-11-15 11:39:29.942: 50 q: 0.37499407
2024-11-15 11:48:44.256: 51 test start:
2024-11-15 11:49:00.922: 51 avg_reward: 960.0
2024-11-15 11:49:00.922: 51 avg_steps: 873.65
2024-11-15 11:49:00.922: 51 epsilon: 0.01
2024-11-15 11:49:00.922: 51 q: 0.3847613
2024-11-15 11:57:59.794: 52 test start:
2024-11-15 11:58:13.936: 52 avg_reward: 730.0
2024-11-15 11:58:13.936: 52 avg_steps: 730.0
2024-11-15 11:58:13.936: 52 epsilon: 0.01
2024-11-15 11:58:13.936: 52 q: 0.40243122
2024-11-15 12:07:25.944: 53 test start:
2024-11-15 12:07:41.753: 53 avg_reward: 1020.0
2024-11-15 12:07:41.753: 53 avg_steps: 819.75
2024-11-15 12:07:41.753: 53 epsilon: 0.01
2024-11-15 12:07:41.753: 53 q: 0.39358068
2024-11-15 12:16:36.993: 54 test start:
2024-11-15 12:16:48.748: 54 avg_reward: 685.0
2024-11-15 12:16:48.748: 54 avg_steps: 610.45
2024-11-15 12:16:48.748: 54 epsilon: 0.01
2024-11-15 12:16:48.748: 54 q: 0.40580565
2024-11-15 12:26:00.047: 55 test start:
2024-11-15 12:26:25.240: 55 avg_reward: 2030.0
2024-11-15 12:26:25.245: 55 avg_steps: 1315.35
2024-11-15 12:26:25.245: 55 epsilon: 0.01
2024-11-15 12:26:25.245: 55 q: 0.434141
2024-11-15 12:35:21.855: 56 test start:
2024-11-15 12:35:40.513: 56 avg_reward: 1380.0
2024-11-15 12:35:40.513: 56 avg_steps: 969.45
2024-11-15 12:35:40.513: 56 epsilon: 0.01
2024-11-15 12:35:40.513: 56 q: 0.4595354
2024-11-15 12:44:52.435: 57 test start:
2024-11-15 12:45:12.176: 57 avg_reward: 1265.0
2024-11-15 12:45:12.176: 57 avg_steps: 1029.35
2024-11-15 12:45:12.176: 57 epsilon: 0.01
2024-11-15 12:45:12.176: 57 q: 0.47486922
2024-11-15 12:54:04.379: 58 test start:
2024-11-15 12:54:34.321: 58 avg_reward: 2940.0
2024-11-15 12:54:34.321: 58 avg_steps: 1545.65
2024-11-15 12:54:34.321: 58 epsilon: 0.01
2024-11-15 12:54:34.321: 58 q: 0.4896191
2024-11-15 13:03:54.476: 59 test start:
2024-11-15 13:04:09.035: 59 avg_reward: 765.0
2024-11-15 13:04:09.035: 59 avg_steps: 759.3
2024-11-15 13:04:09.035: 59 epsilon: 0.01
2024-11-15 13:04:09.035: 59 q: 0.46686867
2024-11-15 13:12:58.127: 60 test start:
2024-11-15 13:13:20.946: 60 avg_reward: 2095.0
2024-11-15 13:13:20.947: 60 avg_steps: 1223.4
2024-11-15 13:13:20.947: 60 epsilon: 0.01
2024-11-15 13:13:20.947: 60 q: 0.4813232
2024-11-15 13:22:46.084: 61 test start:
2024-11-15 13:23:01.860: 61 avg_reward: 1105.0
2024-11-15 13:23:01.860: 61 avg_steps: 859.5
2024-11-15 13:23:01.860: 61 epsilon: 0.01
2024-11-15 13:23:01.860: 61 q: 0.5117107
2024-11-15 13:31:49.460: 62 test start:
2024-11-15 13:32:16.455: 62 avg_reward: 2560.0
2024-11-15 13:32:16.455: 62 avg_steps: 1370.55
2024-11-15 13:32:16.455: 62 epsilon: 0.01
2024-11-15 13:32:16.455: 62 q: 0.5025672
2024-11-15 13:41:42.203: 63 test start:
2024-11-15 13:41:58.601: 63 avg_reward: 1345.0
2024-11-15 13:41:58.601: 63 avg_steps: 863.85
2024-11-15 13:41:58.601: 63 epsilon: 0.01
2024-11-15 13:41:58.601: 63 q: 0.5095938
2024-11-15 13:50:45.880: 64 test start:
2024-11-15 13:51:13.173: 64 avg_reward: 3235.0
2024-11-15 13:51:13.173: 64 avg_steps: 1403.1
2024-11-15 13:51:13.173: 64 epsilon: 0.01
2024-11-15 13:51:13.173: 64 q: 0.5275207
2024-11-15 14:00:31.451: 65 test start:
2024-11-15 14:00:52.601: 65 avg_reward: 2215.0
2024-11-15 14:00:52.602: 65 avg_steps: 1139.45
2024-11-15 14:00:52.602: 65 epsilon: 0.01
2024-11-15 14:00:52.602: 65 q: 0.523427
2024-11-15 14:09:42.304: 66 test start:
2024-11-15 14:10:07.251: 66 avg_reward: 2150.0
2024-11-15 14:10:07.251: 66 avg_steps: 1251.75
2024-11-15 14:10:07.251: 66 epsilon: 0.01
2024-11-15 14:10:07.251: 66 q: 0.54710203
2024-11-15 14:19:23.974: 67 test start:
2024-11-15 14:19:56.951: 67 avg_reward: 3845.0
2024-11-15 14:19:56.952: 67 avg_steps: 1769.35
2024-11-15 14:19:56.952: 67 epsilon: 0.01
2024-11-15 14:19:56.952: 67 q: 0.53731126
2024-11-15 14:28:50.485: 68 test start:
2024-11-15 14:29:13.135: 68 avg_reward: 2510.0
2024-11-15 14:29:13.135: 68 avg_steps: 1138.55
2024-11-15 14:29:13.135: 68 epsilon: 0.01
2024-11-15 14:29:13.135: 68 q: 0.53971714
2024-11-15 14:38:24.250: 69 test start:
2024-11-15 14:38:51.583: 69 avg_reward: 3470.0
2024-11-15 14:38:51.583: 69 avg_steps: 1479.65
2024-11-15 14:38:51.583: 69 epsilon: 0.01
2024-11-15 14:38:51.583: 69 q: 0.5896892
2024-11-15 14:48:16.178: 70 test start:
2024-11-15 14:48:42.461: 70 avg_reward: 3425.0
2024-11-15 14:48:42.461: 70 avg_steps: 1331.6
2024-11-15 14:48:42.461: 70 epsilon: 0.01
2024-11-15 14:48:42.461: 70 q: 0.63073194
2024-11-15 14:57:31.906: 71 test start:
2024-11-15 14:57:52.722: 71 avg_reward: 1915.0
2024-11-15 14:57:52.724: 71 avg_steps: 1087.95
2024-11-15 14:57:52.725: 71 epsilon: 0.01
2024-11-15 14:57:52.725: 71 q: 0.62339264
2024-11-15 15:07:28.374: 72 test start:
2024-11-15 15:07:49.686: 72 avg_reward: 1910.0
2024-11-15 15:07:49.687: 72 avg_steps: 1102.4
2024-11-15 15:07:49.687: 72 epsilon: 0.01
2024-11-15 15:07:49.687: 72 q: 0.6467572
2024-11-15 15:16:28.448: 73 test start:
2024-11-15 15:16:55.391: 73 avg_reward: 2640.0
2024-11-15 15:16:55.391: 73 avg_steps: 1406.75
2024-11-15 15:16:55.391: 73 epsilon: 0.01
2024-11-15 15:16:55.391: 73 q: 0.66446173
2024-11-15 15:26:30.342: 74 test start:
2024-11-15 15:26:59.119: 74 avg_reward: 3920.0
2024-11-15 15:26:59.119: 74 avg_steps: 1543.75
2024-11-15 15:26:59.119: 74 epsilon: 0.01
2024-11-15 15:26:59.119: 74 q: 0.6261548
2024-11-15 15:35:39.244: 75 test start:
2024-11-15 15:36:08.146: 75 avg_reward: 3350.0
2024-11-15 15:36:08.146: 75 avg_steps: 1457.7
2024-11-15 15:36:08.146: 75 epsilon: 0.01
2024-11-15 15:36:08.146: 75 q: 0.6367828
2024-11-15 15:45:39.411: 76 test start:
2024-11-15 15:46:06.480: 76 avg_reward: 3445.0
2024-11-15 15:46:06.480: 76 avg_steps: 1477.05
2024-11-15 15:46:06.480: 76 epsilon: 0.01
2024-11-15 15:46:06.480: 76 q: 0.6433728
2024-11-15 15:54:51.371: 77 test start:
2024-11-15 15:55:12.395: 77 avg_reward: 1970.0
2024-11-15 15:55:12.395: 77 avg_steps: 1065.35
2024-11-15 15:55:12.395: 77 epsilon: 0.01
2024-11-15 15:55:12.395: 77 q: 0.6713875
2024-11-15 16:04:38.014: 78 test start:
2024-11-15 16:05:06.167: 78 avg_reward: 3550.0
2024-11-15 16:05:06.167: 78 avg_steps: 1517.0
2024-11-15 16:05:06.167: 78 epsilon: 0.01
2024-11-15 16:05:06.167: 78 q: 0.678388
2024-11-15 16:14:00.140: 79 test start:
2024-11-15 16:14:31.212: 79 avg_reward: 3845.0
2024-11-15 16:14:31.212: 79 avg_steps: 1582.55
2024-11-15 16:14:31.212: 79 epsilon: 0.01
2024-11-15 16:14:31.212: 79 q: 0.7046176
2024-11-15 16:23:48.186: 80 test start:
2024-11-15 16:24:20.500: 80 avg_reward: 5925.0
2024-11-15 16:24:20.500: 80 avg_steps: 1769.75
2024-11-15 16:24:20.500: 80 epsilon: 0.01
2024-11-15 16:24:20.500: 80 q: 0.7151427
2024-11-15 16:33:18.316: 81 test start:
2024-11-15 16:33:45.517: 81 avg_reward: 2665.0
2024-11-15 16:33:45.517: 81 avg_steps: 1385.7
2024-11-15 16:33:45.517: 81 epsilon: 0.01
2024-11-15 16:33:45.517: 81 q: 0.712552
2024-11-15 16:43:08.935: 82 test start:
2024-11-15 16:43:31.908: 82 avg_reward: 2465.0
2024-11-15 16:43:31.908: 82 avg_steps: 1269.35
2024-11-15 16:43:31.914: 82 epsilon: 0.01
2024-11-15 16:43:31.914: 82 q: 0.7162124
2024-11-15 16:53:03.415: 83 test start:
2024-11-15 16:53:34.337: 83 avg_reward: 5885.0
2024-11-15 16:53:34.337: 83 avg_steps: 1559.15
2024-11-15 16:53:34.337: 83 epsilon: 0.01
2024-11-15 16:53:34.337: 83 q: 0.72479194
2024-11-15 17:02:47.616: 84 test start:
2024-11-15 17:03:10.507: 84 avg_reward: 3330.0
2024-11-15 17:03:10.507: 84 avg_steps: 1242.25
2024-11-15 17:03:10.507: 84 epsilon: 0.01
2024-11-15 17:03:10.507: 84 q: 0.7293771
2024-11-15 17:13:00.731: 85 test start:
2024-11-15 17:13:26.622: 85 avg_reward: 5005.0
2024-11-15 17:13:26.623: 85 avg_steps: 1333.65
2024-11-15 17:13:26.623: 85 epsilon: 0.01
2024-11-15 17:13:26.623: 85 q: 0.7549589
2024-11-15 17:22:32.729: 86 test start:
2024-11-15 17:23:03.058: 86 avg_reward: 6055.0
2024-11-15 17:23:03.058: 86 avg_steps: 1584.25
2024-11-15 17:23:03.058: 86 epsilon: 0.01
2024-11-15 17:23:03.058: 86 q: 0.76712275
2024-11-15 17:32:54.983: 87 test start:
2024-11-15 17:33:21.477: 87 avg_reward: 5280.0
2024-11-15 17:33:21.478: 87 avg_steps: 1390.6
2024-11-15 17:33:21.478: 87 epsilon: 0.01
2024-11-15 17:33:21.478: 87 q: 0.7714543
2024-11-15 17:42:32.134: 88 test start:
2024-11-15 17:43:02.091: 88 avg_reward: 4065.0
2024-11-15 17:43:02.092: 88 avg_steps: 1529.4
2024-11-15 17:43:02.092: 88 epsilon: 0.01
2024-11-15 17:43:02.092: 88 q: 0.7876
2024-11-15 17:52:49.789: 89 test start:
2024-11-15 17:53:10.203: 89 avg_reward: 2370.0
2024-11-15 17:53:10.203: 89 avg_steps: 1076.3
2024-11-15 17:53:10.203: 89 epsilon: 0.01
2024-11-15 17:53:10.203: 89 q: 0.801178
2024-11-15 18:02:29.098: 90 test start:
2024-11-15 18:02:59.198: 90 avg_reward: 5885.0
2024-11-15 18:02:59.198: 90 avg_steps: 1522.75
2024-11-15 18:02:59.198: 90 epsilon: 0.01
2024-11-15 18:02:59.198: 90 q: 0.8375711
2024-11-15 18:12:28.763: 91 test start:
2024-11-15 18:12:59.366: 91 avg_reward: 4045.0
2024-11-15 18:12:59.366: 91 avg_steps: 1589.75
2024-11-15 18:12:59.367: 91 epsilon: 0.01
2024-11-15 18:12:59.367: 91 q: 0.82379586
2024-11-15 18:22:16.538: 92 test start:
2024-11-15 18:22:34.930: 92 avg_reward: 2330.0
2024-11-15 18:22:34.930: 92 avg_steps: 960.1
2024-11-15 18:22:34.930: 92 epsilon: 0.01
2024-11-15 18:22:34.930: 92 q: 0.8601178
2024-11-15 18:31:45.782: 93 test start:
2024-11-15 18:32:20.680: 93 avg_reward: 6825.0
2024-11-15 18:32:20.680: 93 avg_steps: 1828.55
2024-11-15 18:32:20.680: 93 epsilon: 0.01
2024-11-15 18:32:20.680: 93 q: 0.8764109
2024-11-15 18:41:23.099: 94 test start:
2024-11-15 18:41:43.893: 94 avg_reward: 3130.0
2024-11-15 18:41:43.894: 94 avg_steps: 1096.5
2024-11-15 18:41:43.894: 94 epsilon: 0.01
2024-11-15 18:41:43.894: 94 q: 0.8517262
2024-11-15 18:51:06.866: 95 test start:
2024-11-15 18:51:30.811: 95 avg_reward: 3230.0
2024-11-15 18:51:30.812: 95 avg_steps: 1238.75
2024-11-15 18:51:30.812: 95 epsilon: 0.01
2024-11-15 18:51:30.812: 95 q: 0.8750411
2024-11-15 19:00:35.404: 96 test start:
2024-11-15 19:01:02.061: 96 avg_reward: 4105.0
2024-11-15 19:01:02.061: 96 avg_steps: 1392.5
2024-11-15 19:01:02.061: 96 epsilon: 0.01
2024-11-15 19:01:02.061: 96 q: 0.88727367
2024-11-15 19:10:30.382: 97 test start:
2024-11-15 19:11:02.596: 97 avg_reward: 5670.0
2024-11-15 19:11:02.596: 97 avg_steps: 1683.3
2024-11-15 19:11:02.596: 97 epsilon: 0.01
2024-11-15 19:11:02.596: 97 q: 0.9223818
2024-11-15 19:20:10.649: 98 test start:
2024-11-15 19:20:37.672: 98 avg_reward: 4670.0
2024-11-15 19:20:37.672: 98 avg_steps: 1420.55
2024-11-15 19:20:37.672: 98 epsilon: 0.01
2024-11-15 19:20:37.672: 98 q: 0.9037513
2024-11-15 19:29:43.872: 99 test start:
2024-11-15 19:30:14.229: 99 avg_reward: 4295.0
2024-11-15 19:30:14.229: 99 avg_steps: 1530.6
2024-11-15 19:30:14.229: 99 epsilon: 0.01
2024-11-15 19:30:14.229: 99 q: 0.9183075
2024-11-15 19:39:25.251: 100 test start:
2024-11-15 19:39:58.929: 100 avg_reward: 7175.0
2024-11-15 19:39:58.929: 100 avg_steps: 1793.3
2024-11-15 19:39:58.929: 100 epsilon: 0.01
2024-11-15 19:39:58.929: 100 q: 0.9537647
2024-11-15 19:49:36.123: 101 test start:
2024-11-15 19:50:01.954: 101 avg_reward: 4815.0
2024-11-15 19:50:01.954: 101 avg_steps: 1359.65
2024-11-15 19:50:01.954: 101 epsilon: 0.01
2024-11-15 19:50:01.954: 101 q: 0.9715878
2024-11-15 19:59:26.458: 102 test start:
2024-11-15 19:59:51.906: 102 avg_reward: 3425.0
2024-11-15 19:59:51.907: 102 avg_steps: 1324.1
2024-11-15 19:59:51.907: 102 epsilon: 0.01
2024-11-15 19:59:51.907: 102 q: 0.9716978
2024-11-15 20:09:22.012: 103 test start:
2024-11-15 20:09:43.778: 103 avg_reward: 3150.0
2024-11-15 20:09:43.778: 103 avg_steps: 1113.35
2024-11-15 20:09:43.778: 103 epsilon: 0.01
2024-11-15 20:09:43.778: 103 q: 0.97510713
2024-11-15 20:19:14.506: 104 test start:
2024-11-15 20:19:39.550: 104 avg_reward: 3030.0
2024-11-15 20:19:39.551: 104 avg_steps: 1283.65
2024-11-15 20:19:39.551: 104 epsilon: 0.01
2024-11-15 20:19:39.551: 104 q: 0.99068415
2024-11-15 20:29:19.477: 105 test start:
2024-11-15 20:29:48.469: 105 avg_reward: 5010.0
2024-11-15 20:29:48.469: 105 avg_steps: 1506.25
2024-11-15 20:29:48.470: 105 epsilon: 0.01
2024-11-15 20:29:48.470: 105 q: 1.0629748
2024-11-15 20:39:12.798: 106 test start:
2024-11-15 20:39:38.368: 106 avg_reward: 2905.0
2024-11-15 20:39:38.368: 106 avg_steps: 1317.2
2024-11-15 20:39:38.368: 106 epsilon: 0.01
2024-11-15 20:39:38.368: 106 q: 1.0464798
2024-11-15 20:49:19.040: 107 test start:
2024-11-15 20:49:42.867: 107 avg_reward: 4470.0
2024-11-15 20:49:42.867: 107 avg_steps: 1224.6
2024-11-15 20:49:42.867: 107 epsilon: 0.01
2024-11-15 20:49:42.867: 107 q: 1.0541513
2024-11-15 20:59:05.834: 108 test start:
2024-11-15 20:59:30.156: 108 avg_reward: 3700.0
2024-11-15 20:59:30.156: 108 avg_steps: 1238.95
2024-11-15 20:59:30.156: 108 epsilon: 0.01
2024-11-15 20:59:30.157: 108 q: 1.0473295
2024-11-15 21:09:09.816: 109 test start:
2024-11-15 21:09:36.531: 109 avg_reward: 3980.0
2024-11-15 21:09:36.531: 109 avg_steps: 1374.85
2024-11-15 21:09:36.532: 109 epsilon: 0.01
2024-11-15 21:09:36.532: 109 q: 1.0764337
2024-11-15 21:18:57.161: 110 test start:
2024-11-15 21:19:22.744: 110 avg_reward: 4555.0
2024-11-15 21:19:22.744: 110 avg_steps: 1294.25
2024-11-15 21:19:22.744: 110 epsilon: 0.01
2024-11-15 21:19:22.744: 110 q: 1.0814614
2024-11-15 21:28:57.540: 111 test start:
2024-11-15 21:29:24.403: 111 avg_reward: 3835.0
2024-11-15 21:29:24.403: 111 avg_steps: 1438.15
2024-11-15 21:29:24.403: 111 epsilon: 0.01
2024-11-15 21:29:24.403: 111 q: 1.1213865
2024-11-15 21:39:04.754: 112 test start:
2024-11-15 21:39:36.448: 112 avg_reward: 6170.0
2024-11-15 21:39:36.448: 112 avg_steps: 1613.95
2024-11-15 21:39:36.448: 112 epsilon: 0.01
2024-11-15 21:39:36.448: 112 q: 1.105375
2024-11-15 21:49:02.104: 113 test start:
2024-11-15 21:49:24.890: 113 avg_reward: 2725.0
2024-11-15 21:49:24.890: 113 avg_steps: 1168.4
2024-11-15 21:49:24.891: 113 epsilon: 0.01
2024-11-15 21:49:24.891: 113 q: 1.0633771
2024-11-15 21:59:08.657: 114 test start:
2024-11-15 21:59:36.929: 114 avg_reward: 5745.0
2024-11-15 21:59:36.929: 114 avg_steps: 1513.45
2024-11-15 21:59:36.929: 114 epsilon: 0.01
2024-11-15 21:59:36.929: 114 q: 1.0921184
2024-11-15 22:08:58.498: 115 test start:
2024-11-15 22:09:31.601: 115 avg_reward: 5185.0
2024-11-15 22:09:31.601: 115 avg_steps: 1728.3
2024-11-15 22:09:31.601: 115 epsilon: 0.01
2024-11-15 22:09:31.601: 115 q: 1.1090705
2024-11-15 22:18:54.321: 116 test start:
2024-11-15 22:19:15.618: 116 avg_reward: 3855.0
2024-11-15 22:19:15.618: 116 avg_steps: 1118.7
2024-11-15 22:19:15.618: 116 epsilon: 0.01
2024-11-15 22:19:15.618: 116 q: 1.1214772
2024-11-15 22:28:37.279: 117 test start:
2024-11-15 22:29:10.456: 117 avg_reward: 6860.0
2024-11-15 22:29:10.456: 117 avg_steps: 1731.65
2024-11-15 22:29:10.456: 117 epsilon: 0.01
2024-11-15 22:29:10.456: 117 q: 1.0976261
2024-11-15 22:38:51.215: 118 test start:
2024-11-15 22:39:22.688: 118 avg_reward: 6060.0
2024-11-15 22:39:22.688: 118 avg_steps: 1617.65
2024-11-15 22:39:22.688: 118 epsilon: 0.01
2024-11-15 22:39:22.688: 118 q: 1.1243885
2024-11-15 22:48:47.964: 119 test start:
2024-11-15 22:49:10.560: 119 avg_reward: 4265.0
2024-11-15 22:49:10.561: 119 avg_steps: 1173.0
2024-11-15 22:49:10.561: 119 epsilon: 0.01
2024-11-15 22:49:10.561: 119 q: 1.1339482
2024-11-15 22:58:43.243: 120 test start:
2024-11-15 22:59:11.318: 120 avg_reward: 4315.0
2024-11-15 22:59:11.318: 120 avg_steps: 1428.0
2024-11-15 22:59:11.318: 120 epsilon: 0.01
2024-11-15 22:59:11.318: 120 q: 1.1347543
2024-11-15 23:08:39.869: 121 test start:
2024-11-15 23:09:08.231: 121 avg_reward: 4740.0
2024-11-15 23:09:08.232: 121 avg_steps: 1446.4
2024-11-15 23:09:08.232: 121 epsilon: 0.01
2024-11-15 23:09:08.232: 121 q: 1.1314485
2024-11-15 23:18:44.589: 122 test start:
2024-11-15 23:19:21.755: 122 avg_reward: 8780.0
2024-11-15 23:19:21.755: 122 avg_steps: 1945.7
2024-11-15 23:19:21.755: 122 epsilon: 0.01
2024-11-15 23:19:21.755: 122 q: 1.10706
2024-11-15 23:28:44.303: 123 test start:
2024-11-15 23:29:18.245: 123 avg_reward: 5725.0
2024-11-15 23:29:18.245: 123 avg_steps: 1676.3
2024-11-15 23:29:18.245: 123 epsilon: 0.01
2024-11-15 23:29:18.245: 123 q: 1.1412734
2024-11-15 23:38:47.106: 124 test start:
2024-11-15 23:39:12.923: 124 avg_reward: 4860.0
2024-11-15 23:39:12.923: 124 avg_steps: 1365.15
2024-11-15 23:39:12.923: 124 epsilon: 0.01
2024-11-15 23:39:12.923: 124 q: 1.15455
2024-11-15 23:48:53.075: 125 test start:
2024-11-15 23:49:21.432: 125 avg_reward: 5010.0
2024-11-15 23:49:21.432: 125 avg_steps: 1447.8
2024-11-15 23:49:21.432: 125 epsilon: 0.01
2024-11-15 23:49:21.432: 125 q: 1.1851282
2024-11-15 23:58:47.023: 126 test start:
2024-11-15 23:59:21.123: 126 avg_reward: 7210.0
2024-11-15 23:59:21.123: 126 avg_steps: 1762.85
2024-11-15 23:59:21.123: 126 epsilon: 0.01
2024-11-15 23:59:21.123: 126 q: 1.2233818
2024-11-16 00:09:12.832: 127 test start:
2024-11-16 00:09:41.614: 127 avg_reward: 6075.0
2024-11-16 00:09:41.614: 127 avg_steps: 1479.35
2024-11-16 00:09:41.614: 127 epsilon: 0.01
2024-11-16 00:09:41.614: 127 q: 1.2119507
2024-11-16 00:19:02.646: 128 test start:
2024-11-16 00:19:35.940: 128 avg_reward: 9145.0
2024-11-16 00:19:35.940: 128 avg_steps: 1742.25
2024-11-16 00:19:35.940: 128 epsilon: 0.01
2024-11-16 00:19:35.940: 128 q: 1.1909766
2024-11-16 00:29:15.545: 129 test start:
2024-11-16 00:29:46.399: 129 avg_reward: 8250.0
2024-11-16 00:29:46.400: 129 avg_steps: 1597.7
2024-11-16 00:29:46.400: 129 epsilon: 0.01
2024-11-16 00:29:46.400: 129 q: 1.2402332
2024-11-16 00:39:05.781: 130 test start:
2024-11-16 00:39:30.056: 130 avg_reward: 3430.0
2024-11-16 00:39:30.056: 130 avg_steps: 1251.85
2024-11-16 00:39:30.057: 130 epsilon: 0.01
2024-11-16 00:39:30.057: 130 q: 1.2340287
2024-11-16 00:49:22.118: 131 test start:
2024-11-16 00:49:55.230: 131 avg_reward: 7290.0
2024-11-16 00:49:55.230: 131 avg_steps: 1710.6
2024-11-16 00:49:55.230: 131 epsilon: 0.01
2024-11-16 00:49:55.230: 131 q: 1.2448169
2024-11-16 00:59:19.520: 132 test start:
2024-11-16 00:59:48.093: 132 avg_reward: 7495.0
2024-11-16 00:59:48.093: 132 avg_steps: 1421.9
2024-11-16 00:59:48.093: 132 epsilon: 0.01
2024-11-16 00:59:48.093: 132 q: 1.2489775
2024-11-16 01:09:27.207: 133 test start:
2024-11-16 01:09:53.818: 133 avg_reward: 4920.0
2024-11-16 01:09:53.818: 133 avg_steps: 1401.35
2024-11-16 01:09:53.818: 133 epsilon: 0.01
2024-11-16 01:09:53.818: 133 q: 1.2516847
2024-11-16 01:19:26.177: 134 test start:
2024-11-16 01:19:54.476: 134 avg_reward: 5435.0
2024-11-16 01:19:54.476: 134 avg_steps: 1415.0
2024-11-16 01:19:54.476: 134 epsilon: 0.01
2024-11-16 01:19:54.477: 134 q: 1.2384205
2024-11-16 01:29:23.243: 135 test start:
2024-11-16 01:29:54.124: 135 avg_reward: 9335.0
2024-11-16 01:29:54.124: 135 avg_steps: 1746.7
2024-11-16 01:29:54.124: 135 epsilon: 0.01
2024-11-16 01:29:54.124: 135 q: 1.2500445
2024-11-16 01:39:43.544: 136 test start:
2024-11-16 01:40:10.966: 136 avg_reward: 3750.0
2024-11-16 01:40:10.966: 136 avg_steps: 1364.9
2024-11-16 01:40:10.966: 136 epsilon: 0.01
2024-11-16 01:40:10.966: 136 q: 1.2350044
2024-11-16 01:49:26.216: 137 test start:
2024-11-16 01:49:54.493: 137 avg_reward: 6300.0
2024-11-16 01:49:54.493: 137 avg_steps: 1510.8
2024-11-16 01:49:54.493: 137 epsilon: 0.01
2024-11-16 01:49:54.493: 137 q: 1.2786759
2024-11-16 01:59:57.741: 138 test start:
2024-11-16 02:00:18.554: 138 avg_reward: 4870.0
2024-11-16 02:00:18.554: 138 avg_steps: 1073.1
2024-11-16 02:00:18.554: 138 epsilon: 0.01
2024-11-16 02:00:18.554: 138 q: 1.3029492
2024-11-16 02:09:29.264: 139 test start:
2024-11-16 02:10:00.729: 139 avg_reward: 6440.0
2024-11-16 02:10:00.729: 139 avg_steps: 1624.55
2024-11-16 02:10:00.729: 139 epsilon: 0.01
2024-11-16 02:10:00.729: 139 q: 1.2712996
2024-11-16 02:20:07.643: 140 test start:
2024-11-16 02:20:36.431: 140 avg_reward: 7175.0
2024-11-16 02:20:36.431: 140 avg_steps: 1504.95
2024-11-16 02:20:36.432: 140 epsilon: 0.01
2024-11-16 02:20:36.432: 140 q: 1.2861321
2024-11-16 02:29:47.757: 141 test start:
2024-11-16 02:30:13.991: 141 avg_reward: 4760.0
2024-11-16 02:30:13.991: 141 avg_steps: 1292.4
2024-11-16 02:30:13.991: 141 epsilon: 0.01
2024-11-16 02:30:13.991: 141 q: 1.3044177
2024-11-16 02:40:14.393: 142 test start:
2024-11-16 02:40:47.149: 142 avg_reward: 8330.0
2024-11-16 02:40:47.149: 142 avg_steps: 1781.4
2024-11-16 02:40:47.149: 142 epsilon: 0.01
2024-11-16 02:40:47.149: 142 q: 1.3068264
2024-11-16 02:50:21.799: 143 test start:
2024-11-16 02:51:01.984: 143 avg_reward: 7695.0
2024-11-16 02:51:01.984: 143 avg_steps: 2029.5
2024-11-16 02:51:01.984: 143 epsilon: 0.01
2024-11-16 02:51:01.984: 143 q: 1.3207603
2024-11-16 03:00:42.909: 144 test start:
2024-11-16 03:01:17.802: 144 avg_reward: 7985.0
2024-11-16 03:01:17.802: 144 avg_steps: 1867.05
2024-11-16 03:01:17.802: 144 epsilon: 0.01
2024-11-16 03:01:17.802: 144 q: 1.3096397
2024-11-16 03:11:00.795: 145 test start:
2024-11-16 03:11:25.983: 145 avg_reward: 4915.0
2024-11-16 03:11:25.983: 145 avg_steps: 1254.5
2024-11-16 03:11:25.983: 145 epsilon: 0.01
2024-11-16 03:11:25.983: 145 q: 1.3269937
2024-11-16 03:20:54.023: 146 test start:
2024-11-16 03:21:22.911: 146 avg_reward: 5650.0
2024-11-16 03:21:22.911: 146 avg_steps: 1495.4
2024-11-16 03:21:22.911: 146 epsilon: 0.01
2024-11-16 03:21:22.911: 146 q: 1.3296895
2024-11-16 03:31:13.541: 147 test start:
2024-11-16 03:31:38.384: 147 avg_reward: 5610.0
2024-11-16 03:31:38.384: 147 avg_steps: 1302.2
2024-11-16 03:31:38.384: 147 epsilon: 0.01
2024-11-16 03:31:38.384: 147 q: 1.3705146
2024-11-16 03:40:48.271: 148 test start:
2024-11-16 03:41:22.326: 148 avg_reward: 7405.0
2024-11-16 03:41:22.326: 148 avg_steps: 1770.2
2024-11-16 03:41:22.326: 148 epsilon: 0.01
2024-11-16 03:41:22.327: 148 q: 1.319226
2024-11-16 03:51:16.099: 149 test start:
2024-11-16 03:51:47.630: 149 avg_reward: 10405.0
2024-11-16 03:51:47.631: 149 avg_steps: 1620.3
2024-11-16 03:51:47.631: 149 epsilon: 0.01
2024-11-16 03:51:47.631: 149 q: 1.3475554
2024-11-16 04:00:56.546: 150 test start:
2024-11-16 04:01:34.817: 150 avg_reward: 9340.0
2024-11-16 04:01:34.818: 150 avg_steps: 1935.85
2024-11-16 04:01:34.818: 150 epsilon: 0.01
2024-11-16 04:01:34.818: 150 q: 1.3610505
2024-11-16 04:11:21.635: 151 test start:
2024-11-16 04:11:53.520: 151 avg_reward: 8770.0
2024-11-16 04:11:53.520: 151 avg_steps: 1716.95
2024-11-16 04:11:53.521: 151 epsilon: 0.01
2024-11-16 04:11:53.521: 151 q: 1.3546811
2024-11-16 04:21:14.138: 152 test start:
2024-11-16 04:21:52.332: 152 avg_reward: 8730.0
2024-11-16 04:21:52.332: 152 avg_steps: 1935.6
2024-11-16 04:21:52.332: 152 epsilon: 0.01
2024-11-16 04:21:52.332: 152 q: 1.3799196
2024-11-16 04:31:27.272: 153 test start:
2024-11-16 04:31:54.421: 153 avg_reward: 6945.0
2024-11-16 04:31:54.421: 153 avg_steps: 1477.35
2024-11-16 04:31:54.421: 153 epsilon: 0.01
2024-11-16 04:31:54.422: 153 q: 1.3569571
2024-11-16 04:41:27.002: 154 test start:
2024-11-16 04:42:02.569: 154 avg_reward: 9165.0
2024-11-16 04:42:02.569: 154 avg_steps: 1832.55
2024-11-16 04:42:02.569: 154 epsilon: 0.01
2024-11-16 04:42:02.569: 154 q: 1.3655175
2024-11-16 04:51:37.446: 155 test start:
2024-11-16 04:52:06.716: 155 avg_reward: 8525.0
2024-11-16 04:52:06.716: 155 avg_steps: 1591.05
2024-11-16 04:52:06.722: 155 epsilon: 0.01
2024-11-16 04:52:06.722: 155 q: 1.390674
2024-11-16 05:01:43.274: 156 test start:
2024-11-16 05:02:12.291: 156 avg_reward: 8440.0
2024-11-16 05:02:12.292: 156 avg_steps: 1569.3
2024-11-16 05:02:12.292: 156 epsilon: 0.01
2024-11-16 05:02:12.292: 156 q: 1.35903
2024-11-16 05:12:11.507: 157 test start:
2024-11-16 05:12:37.910: 157 avg_reward: 6880.0
2024-11-16 05:12:37.910: 157 avg_steps: 1454.2
2024-11-16 05:12:37.910: 157 epsilon: 0.01
2024-11-16 05:12:37.910: 157 q: 1.3646346
2024-11-16 05:22:07.538: 158 test start:
2024-11-16 05:22:48.514: 158 avg_reward: 11190.0
2024-11-16 05:22:48.515: 158 avg_steps: 2118.85
2024-11-16 05:22:48.515: 158 epsilon: 0.01
2024-11-16 05:22:48.515: 158 q: 1.3438779
2024-11-16 05:32:30.483: 159 test start:
2024-11-16 05:33:16.884: 159 avg_reward: 14420.0
2024-11-16 05:33:16.884: 159 avg_steps: 2523.9
2024-11-16 05:33:16.884: 159 epsilon: 0.01
2024-11-16 05:33:16.884: 159 q: 1.3819563
2024-11-16 05:42:53.374: 160 test start:
2024-11-16 05:43:17.844: 160 avg_reward: 5760.0
2024-11-16 05:43:17.844: 160 avg_steps: 1214.2
2024-11-16 05:43:17.844: 160 epsilon: 0.01
2024-11-16 05:43:17.844: 160 q: 1.3580526
2024-11-16 05:52:59.622: 161 test start:
2024-11-16 05:53:43.896: 161 avg_reward: 13980.0
2024-11-16 05:53:43.896: 161 avg_steps: 2306.65
2024-11-16 05:53:43.896: 161 epsilon: 0.01
2024-11-16 05:53:43.896: 161 q: 1.3846221
2024-11-16 06:03:55.822: 162 test start:
2024-11-16 06:04:31.153: 162 avg_reward: 10105.0
2024-11-16 06:04:31.153: 162 avg_steps: 1834.75
2024-11-16 06:04:31.153: 162 epsilon: 0.01
2024-11-16 06:04:31.153: 162 q: 1.3764795
2024-11-16 06:14:01.740: 163 test start:
2024-11-16 06:14:37.575: 163 avg_reward: 8980.0
2024-11-16 06:14:37.575: 163 avg_steps: 1773.85
2024-11-16 06:14:37.575: 163 epsilon: 0.01
2024-11-16 06:14:37.575: 163 q: 1.3773456
2024-11-16 06:24:37.167: 164 test start:
2024-11-16 06:25:10.949: 164 avg_reward: 7445.0
2024-11-16 06:25:10.950: 164 avg_steps: 1757.8
2024-11-16 06:25:10.950: 164 epsilon: 0.01
2024-11-16 06:25:10.950: 164 q: 1.3635848
2024-11-16 06:34:47.724: 165 test start:
2024-11-16 06:35:18.896: 165 avg_reward: 6305.0
2024-11-16 06:35:18.896: 165 avg_steps: 1590.6
2024-11-16 06:35:18.896: 165 epsilon: 0.01
2024-11-16 06:35:18.896: 165 q: 1.3738496
2024-11-16 06:45:13.589: 166 test start:
2024-11-16 06:45:48.490: 166 avg_reward: 8995.0
2024-11-16 06:45:48.491: 166 avg_steps: 1783.45
2024-11-16 06:45:48.491: 166 epsilon: 0.01
2024-11-16 06:45:48.491: 166 q: 1.3236704
2024-11-16 06:55:32.045: 167 test start:
2024-11-16 06:56:09.586: 167 avg_reward: 9065.0
2024-11-16 06:56:09.586: 167 avg_steps: 1852.75
2024-11-16 06:56:09.586: 167 epsilon: 0.01
2024-11-16 06:56:09.586: 167 q: 1.321591
2024-11-16 07:05:55.268: 168 test start:
2024-11-16 07:06:26.873: 168 avg_reward: 6065.0
2024-11-16 07:06:26.873: 168 avg_steps: 1650.55
2024-11-16 07:06:26.873: 168 epsilon: 0.01
2024-11-16 07:06:26.873: 168 q: 1.343417
2024-11-16 07:16:19.624: 169 test start:
2024-11-16 07:16:43.900: 169 avg_reward: 6180.0
2024-11-16 07:16:43.905: 169 avg_steps: 1202.15
2024-11-16 07:16:43.906: 169 epsilon: 0.01
2024-11-16 07:16:43.906: 169 q: 1.3578825
2024-11-16 07:26:30.616: 170 test start:
2024-11-16 07:26:55.499: 170 avg_reward: 5405.0
2024-11-16 07:26:55.499: 170 avg_steps: 1287.15
2024-11-16 07:26:55.500: 170 epsilon: 0.01
2024-11-16 07:26:55.500: 170 q: 1.3741385
2024-11-16 07:36:57.650: 171 test start:
2024-11-16 07:37:25.868: 171 avg_reward: 6670.0
2024-11-16 07:37:25.868: 171 avg_steps: 1392.6
2024-11-16 07:37:25.868: 171 epsilon: 0.01
2024-11-16 07:37:25.868: 171 q: 1.3722408
2024-11-16 07:47:01.792: 172 test start:
2024-11-16 07:47:37.425: 172 avg_reward: 10280.0
2024-11-16 07:47:37.426: 172 avg_steps: 1835.5
2024-11-16 07:47:37.426: 172 epsilon: 0.01
2024-11-16 07:47:37.426: 172 q: 1.4316026
2024-11-16 07:57:41.842: 173 test start:
2024-11-16 07:58:07.356: 173 avg_reward: 3165.0
2024-11-16 07:58:07.357: 173 avg_steps: 1263.9
2024-11-16 07:58:07.357: 173 epsilon: 0.01
2024-11-16 07:58:07.357: 173 q: 1.4254807
2024-11-16 08:07:33.619: 174 test start:
2024-11-16 08:08:07.007: 174 avg_reward: 6665.0
2024-11-16 08:08:07.007: 174 avg_steps: 1687.6
2024-11-16 08:08:07.007: 174 epsilon: 0.01
2024-11-16 08:08:07.007: 174 q: 1.4531509
2024-11-16 08:18:13.667: 175 test start:
2024-11-16 08:18:44.886: 175 avg_reward: 7490.0
2024-11-16 08:18:44.886: 175 avg_steps: 1614.0
2024-11-16 08:18:44.886: 175 epsilon: 0.01
2024-11-16 08:18:44.886: 175 q: 1.4196893
2024-11-16 08:28:18.338: 176 test start:
2024-11-16 08:28:48.248: 176 avg_reward: 10520.0
2024-11-16 08:28:48.248: 176 avg_steps: 1560.05
2024-11-16 08:28:48.248: 176 epsilon: 0.01
2024-11-16 08:28:48.249: 176 q: 1.4304065
2024-11-16 08:37:53.721: 177 test start:
2024-11-16 08:38:21.175: 177 avg_reward: 7215.0
2024-11-16 08:38:21.176: 177 avg_steps: 1567.4
2024-11-16 08:38:21.176: 177 epsilon: 0.01
2024-11-16 08:38:21.176: 177 q: 1.4381071
2024-11-16 08:47:02.933: 178 test start:
2024-11-16 08:47:35.027: 178 avg_reward: 8215.0
2024-11-16 08:47:35.027: 178 avg_steps: 1654.3
2024-11-16 08:47:35.027: 178 epsilon: 0.01
2024-11-16 08:47:35.028: 178 q: 1.4749687
2024-11-16 08:57:16.285: 179 test start:
2024-11-16 08:57:48.136: 179 avg_reward: 11540.0
2024-11-16 08:57:48.136: 179 avg_steps: 1653.15
2024-11-16 08:57:48.136: 179 epsilon: 0.01
2024-11-16 08:57:48.136: 179 q: 1.4478477
2024-11-16 09:07:36.112: 180 test start:
2024-11-16 09:07:55.009: 180 avg_reward: 3475.0
2024-11-16 09:07:55.009: 180 avg_steps: 953.95
2024-11-16 09:07:55.009: 180 epsilon: 0.01
2024-11-16 09:07:55.009: 180 q: 1.4975826
2024-11-16 09:17:38.357: 181 test start:
2024-11-16 09:18:04.511: 181 avg_reward: 7670.0
2024-11-16 09:18:04.511: 181 avg_steps: 1363.3
2024-11-16 09:18:04.511: 181 epsilon: 0.01
2024-11-16 09:18:04.511: 181 q: 1.4789983
2024-11-16 09:27:50.789: 182 test start:
2024-11-16 09:28:24.375: 182 avg_reward: 9155.0
2024-11-16 09:28:24.375: 182 avg_steps: 1680.25
2024-11-16 09:28:24.376: 182 epsilon: 0.01
2024-11-16 09:28:24.376: 182 q: 1.4823613
2024-11-16 09:37:38.902: 183 test start:
2024-11-16 09:38:06.414: 183 avg_reward: 6815.0
2024-11-16 09:38:06.414: 183 avg_steps: 1446.45
2024-11-16 09:38:06.414: 183 epsilon: 0.01
2024-11-16 09:38:06.414: 183 q: 1.4618707
2024-11-16 09:47:57.742: 184 test start:
2024-11-16 09:48:30.470: 184 avg_reward: 8880.0
2024-11-16 09:48:30.470: 184 avg_steps: 1667.7
2024-11-16 09:48:30.470: 184 epsilon: 0.01
2024-11-16 09:48:30.470: 184 q: 1.4621193
2024-11-16 09:57:52.974: 185 test start:
2024-11-16 09:58:23.076: 185 avg_reward: 6935.0
2024-11-16 09:58:23.076: 185 avg_steps: 1612.1
2024-11-16 09:58:23.076: 185 epsilon: 0.01
2024-11-16 09:58:23.076: 185 q: 1.4670739
2024-11-16 10:08:23.726: 186 test start:
2024-11-16 10:08:50.452: 186 avg_reward: 4815.0
2024-11-16 10:08:50.452: 186 avg_steps: 1399.75
2024-11-16 10:08:50.452: 186 epsilon: 0.01
2024-11-16 10:08:50.452: 186 q: 1.4696774
2024-11-16 10:18:10.413: 187 test start:
2024-11-16 10:18:46.614: 187 avg_reward: 11810.0
2024-11-16 10:18:46.614: 187 avg_steps: 1894.2
2024-11-16 10:18:46.614: 187 epsilon: 0.01
2024-11-16 10:18:46.614: 187 q: 1.4946387
2024-11-16 10:28:43.966: 188 test start:
2024-11-16 10:29:07.677: 188 avg_reward: 6570.0
2024-11-16 10:29:07.677: 188 avg_steps: 1272.6
2024-11-16 10:29:07.677: 188 epsilon: 0.01
2024-11-16 10:29:07.677: 188 q: 1.4572002
2024-11-16 10:38:39.760: 189 test start:
2024-11-16 10:39:14.044: 189 avg_reward: 9740.0
2024-11-16 10:39:14.045: 189 avg_steps: 1748.15
2024-11-16 10:39:14.045: 189 epsilon: 0.01
2024-11-16 10:39:14.045: 189 q: 1.4686834
2024-11-16 10:49:00.277: 190 test start:
2024-11-16 10:49:36.804: 190 avg_reward: 10255.0
2024-11-16 10:49:36.805: 190 avg_steps: 1895.05
2024-11-16 10:49:36.805: 190 epsilon: 0.01
2024-11-16 10:49:36.805: 190 q: 1.4678737
2024-11-16 10:59:13.609: 191 test start:
2024-11-16 10:59:37.141: 191 avg_reward: 5945.0
2024-11-16 10:59:37.141: 191 avg_steps: 1212.4
2024-11-16 10:59:37.141: 191 epsilon: 0.01
2024-11-16 10:59:37.141: 191 q: 1.4657731
2024-11-16 11:09:17.417: 192 test start:
2024-11-16 11:09:43.693: 192 avg_reward: 6015.0
2024-11-16 11:09:43.693: 192 avg_steps: 1384.1
2024-11-16 11:09:43.693: 192 epsilon: 0.01
2024-11-16 11:09:43.693: 192 q: 1.453533
2024-11-16 11:19:27.661: 193 test start:
2024-11-16 11:20:00.340: 193 avg_reward: 7710.0
2024-11-16 11:20:00.340: 193 avg_steps: 1674.25
2024-11-16 11:20:00.340: 193 epsilon: 0.01
2024-11-16 11:20:00.340: 193 q: 1.4562222
2024-11-16 11:29:33.481: 194 test start:
2024-11-16 11:29:57.074: 194 avg_reward: 6225.0
2024-11-16 11:29:57.074: 194 avg_steps: 1285.15
2024-11-16 11:29:57.074: 194 epsilon: 0.01
2024-11-16 11:29:57.074: 194 q: 1.4389633
2024-11-16 11:39:52.759: 195 test start:
2024-11-16 11:40:16.896: 195 avg_reward: 4910.0
2024-11-16 11:40:16.896: 195 avg_steps: 1285.2
2024-11-16 11:40:16.896: 195 epsilon: 0.01
2024-11-16 11:40:16.896: 195 q: 1.4211689
2024-11-16 11:49:45.524: 196 test start:
2024-11-16 11:50:21.985: 196 avg_reward: 9265.0
2024-11-16 11:50:21.985: 196 avg_steps: 1951.75
2024-11-16 11:50:21.985: 196 epsilon: 0.01
2024-11-16 11:50:21.985: 196 q: 1.4380745
2024-11-16 12:00:07.607: 197 test start:
2024-11-16 12:00:31.144: 197 avg_reward: 3755.0
2024-11-16 12:00:31.144: 197 avg_steps: 1214.35
2024-11-16 12:00:31.144: 197 epsilon: 0.01
2024-11-16 12:00:31.144: 197 q: 1.4571681
2024-11-16 12:09:44.853: 198 test start:
2024-11-16 12:10:12.246: 198 avg_reward: 5790.0
2024-11-16 12:10:12.246: 198 avg_steps: 1470.35
2024-11-16 12:10:12.246: 198 epsilon: 0.01
2024-11-16 12:10:12.246: 198 q: 1.4528103
2024-11-16 12:20:07.574: 199 test start:
2024-11-16 12:20:36.381: 199 avg_reward: 7150.0
2024-11-16 12:20:36.381: 199 avg_steps: 1536.4
2024-11-16 12:20:36.381: 199 epsilon: 0.01
2024-11-16 12:20:36.381: 199 q: 1.4461251
2024-11-16 12:29:59.809: 200 test start:
2024-11-16 12:30:20.716: 200 avg_reward: 3780.0
2024-11-16 12:30:20.716: 200 avg_steps: 1077.65
2024-11-16 12:30:20.717: 200 epsilon: 0.01
2024-11-16 12:30:20.717: 200 q: 1.4678991
