2024-11-13 20:14:48.126: 
parameters:agent_test_episodes: 20
batch_num_per_epoch: 250000
device: cuda:0
env_name: ALE/Seaquest-v5
epsilon_for_test: 0.001
epsilon_max: 0.1
epsilon_min: 0.01
exp_name: ALE-Seaquest-v5_2024-11-13-20-14-48
exp_path: ../exps/double_dqn/
exploration_steps: 1000000
gamma: 0.99
held_out_states_num: 1000
learning_rate: 0.00025
log_path: ../exps/double_dqn/
mini_batch_size: 32
model_update_freq: 4
n_times: 5
no_op: 30
phi_channel: 4
replay_buffer_size: 1000000
replay_start_size: 50000
save_model: true
screen_size: 84
seed: 0
skip_k_frame: 4
step_c: 30000
training_steps: 50000000

2024-11-13 20:14:48.204: optimizer: RMSprop (
Parameter Group 0
    alpha: 0.95
    centered: False
    differentiable: False
    eps: 0.01
    foreach: None
    lr: 0.00025
    maximize: False
    momentum: 0
    weight_decay: 0
)
2024-11-13 20:14:48.254: optimizer: RMSprop (
Parameter Group 0
    alpha: 0.95
    centered: False
    differentiable: False
    eps: 0.01
    foreach: None
    lr: 0.00025
    maximize: False
    momentum: 0
    weight_decay: 0
)
2024-11-13 20:23:01.874: 1 test start:
2024-11-13 20:23:09.475: 1 avg_reward: 80.0
2024-11-13 20:23:09.475: 1 avg_steps: 393.05
2024-11-13 20:23:09.475: 1 epsilon: 0.08197678
2024-11-13 20:23:09.475: 1 q: 0.03314514
2024-11-13 20:31:58.411: 2 test start:
2024-11-13 20:32:11.544: 2 avg_reward: 139.0
2024-11-13 20:32:11.544: 2 avg_steps: 690.05
2024-11-13 20:32:11.544: 2 epsilon: 0.05944141
2024-11-13 20:32:11.544: 2 q: 0.049453903
2024-11-13 20:41:01.977: 3 test start:
2024-11-13 20:41:14.397: 3 avg_reward: 67.0
2024-11-13 20:41:14.398: 3 avg_steps: 656.9
2024-11-13 20:41:14.398: 3 epsilon: 0.036965349999999994
2024-11-13 20:41:14.398: 3 q: 0.06282715
2024-11-13 20:50:07.623: 4 test start:
2024-11-13 20:50:17.974: 4 avg_reward: 89.0
2024-11-13 20:50:17.974: 4 avg_steps: 537.2
2024-11-13 20:50:17.974: 4 epsilon: 0.014477049999999991
2024-11-13 20:50:17.974: 4 q: 0.07520441
2024-11-13 20:59:08.992: 5 test start:
2024-11-13 20:59:24.397: 5 avg_reward: 223.0
2024-11-13 20:59:24.397: 5 avg_steps: 804.15
2024-11-13 20:59:24.397: 5 epsilon: 0.01
2024-11-13 20:59:24.397: 5 q: 0.10937177
2024-11-13 21:08:23.362: 6 test start:
2024-11-13 21:08:35.906: 6 avg_reward: 206.0
2024-11-13 21:08:35.906: 6 avg_steps: 648.3
2024-11-13 21:08:35.906: 6 epsilon: 0.01
2024-11-13 21:08:35.906: 6 q: 0.11981724
2024-11-13 21:17:34.148: 7 test start:
2024-11-13 21:17:52.715: 7 avg_reward: 277.0
2024-11-13 21:17:52.715: 7 avg_steps: 963.4
2024-11-13 21:17:52.715: 7 epsilon: 0.01
2024-11-13 21:17:52.715: 7 q: 0.17436117
2024-11-13 21:26:48.347: 8 test start:
2024-11-13 21:27:06.264: 8 avg_reward: 343.0
2024-11-13 21:27:06.264: 8 avg_steps: 914.85
2024-11-13 21:27:06.264: 8 epsilon: 0.01
2024-11-13 21:27:06.264: 8 q: 0.19759329
2024-11-13 21:36:12.383: 9 test start:
2024-11-13 21:36:23.390: 9 avg_reward: 119.0
2024-11-13 21:36:23.391: 9 avg_steps: 560.75
2024-11-13 21:36:23.391: 9 epsilon: 0.01
2024-11-13 21:36:23.391: 9 q: 0.21048844
2024-11-13 21:45:25.375: 10 test start:
2024-11-13 21:45:38.861: 10 avg_reward: 206.0
2024-11-13 21:45:38.861: 10 avg_steps: 686.35
2024-11-13 21:45:38.861: 10 epsilon: 0.01
2024-11-13 21:45:38.861: 10 q: 0.25670615
2024-11-13 21:54:56.901: 11 test start:
2024-11-13 21:55:12.815: 11 avg_reward: 302.0
2024-11-13 21:55:12.815: 11 avg_steps: 839.65
2024-11-13 21:55:12.815: 11 epsilon: 0.01
2024-11-13 21:55:12.815: 11 q: 0.31961405
2024-11-13 22:04:13.291: 12 test start:
2024-11-13 22:04:34.881: 12 avg_reward: 407.0
2024-11-13 22:04:34.881: 12 avg_steps: 1123.5
2024-11-13 22:04:34.887: 12 epsilon: 0.01
2024-11-13 22:04:34.887: 12 q: 0.38405764
2024-11-13 22:13:51.041: 13 test start:
2024-11-13 22:14:13.005: 13 avg_reward: 588.0
2024-11-13 22:14:13.005: 13 avg_steps: 1130.45
2024-11-13 22:14:13.005: 13 epsilon: 0.01
2024-11-13 22:14:13.005: 13 q: 0.45581642
2024-11-13 22:23:05.733: 14 test start:
2024-11-13 22:23:25.533: 14 avg_reward: 552.0
2024-11-13 22:23:25.533: 14 avg_steps: 1014.75
2024-11-13 22:23:25.533: 14 epsilon: 0.01
2024-11-13 22:23:25.533: 14 q: 0.5057008
2024-11-13 22:32:45.789: 15 test start:
2024-11-13 22:33:02.913: 15 avg_reward: 512.0
2024-11-13 22:33:02.913: 15 avg_steps: 881.95
2024-11-13 22:33:02.913: 15 epsilon: 0.01
2024-11-13 22:33:02.913: 15 q: 0.5258032
2024-11-13 22:42:07.391: 16 test start:
2024-11-13 22:42:27.256: 16 avg_reward: 649.0
2024-11-13 22:42:27.256: 16 avg_steps: 1018.1
2024-11-13 22:42:27.256: 16 epsilon: 0.01
2024-11-13 22:42:27.256: 16 q: 0.5748634
2024-11-13 22:51:49.559: 17 test start:
2024-11-13 22:52:20.233: 17 avg_reward: 1122.0
2024-11-13 22:52:20.234: 17 avg_steps: 1582.75
2024-11-13 22:52:20.234: 17 epsilon: 0.01
2024-11-13 22:52:20.234: 17 q: 0.6247153
2024-11-13 23:01:21.852: 18 test start:
2024-11-13 23:01:44.424: 18 avg_reward: 695.0
2024-11-13 23:01:44.424: 18 avg_steps: 1178.1
2024-11-13 23:01:44.424: 18 epsilon: 0.01
2024-11-13 23:01:44.424: 18 q: 0.6305217
2024-11-13 23:11:13.073: 19 test start:
2024-11-13 23:11:50.640: 19 avg_reward: 1464.0
2024-11-13 23:11:50.640: 19 avg_steps: 1934.95
2024-11-13 23:11:50.640: 19 epsilon: 0.01
2024-11-13 23:11:50.640: 19 q: 0.66722924
2024-11-13 23:20:54.438: 20 test start:
2024-11-13 23:21:32.764: 20 avg_reward: 1505.0
2024-11-13 23:21:32.764: 20 avg_steps: 1976.3
2024-11-13 23:21:32.764: 20 epsilon: 0.01
2024-11-13 23:21:32.765: 20 q: 0.73210084
2024-11-13 23:30:57.273: 21 test start:
2024-11-13 23:31:39.316: 21 avg_reward: 1671.0
2024-11-13 23:31:39.316: 21 avg_steps: 2156.75
2024-11-13 23:31:39.316: 21 epsilon: 0.01
2024-11-13 23:31:39.316: 21 q: 0.7781761
2024-11-13 23:40:44.691: 22 test start:
2024-11-13 23:41:26.622: 22 avg_reward: 1653.0
2024-11-13 23:41:26.622: 22 avg_steps: 2143.95
2024-11-13 23:41:26.622: 22 epsilon: 0.01
2024-11-13 23:41:26.622: 22 q: 0.86232173
2024-11-13 23:50:47.666: 23 test start:
2024-11-13 23:51:31.012: 23 avg_reward: 1755.0
2024-11-13 23:51:31.012: 23 avg_steps: 2243.4
2024-11-13 23:51:31.012: 23 epsilon: 0.01
2024-11-13 23:51:31.012: 23 q: 0.9120844
2024-11-14 00:00:39.407: 24 test start:
2024-11-14 00:01:17.101: 24 avg_reward: 1482.0
2024-11-14 00:01:17.101: 24 avg_steps: 1907.35
2024-11-14 00:01:17.101: 24 epsilon: 0.01
2024-11-14 00:01:17.101: 24 q: 0.9652434
2024-11-14 00:10:36.668: 25 test start:
2024-11-14 00:11:09.471: 25 avg_reward: 1344.0
2024-11-14 00:11:09.471: 25 avg_steps: 1774.75
2024-11-14 00:11:09.471: 25 epsilon: 0.01
2024-11-14 00:11:09.471: 25 q: 1.0164707
2024-11-14 00:20:22.122: 26 test start:
2024-11-14 00:21:07.307: 26 avg_reward: 1767.0
2024-11-14 00:21:07.308: 26 avg_steps: 2242.25
2024-11-14 00:21:07.308: 26 epsilon: 0.01
2024-11-14 00:21:07.308: 26 q: 1.1035438
2024-11-14 00:30:21.310: 27 test start:
2024-11-14 00:31:04.356: 27 avg_reward: 1804.0
2024-11-14 00:31:04.357: 27 avg_steps: 2266.9
2024-11-14 00:31:04.357: 27 epsilon: 0.01
2024-11-14 00:31:04.357: 27 q: 1.1203773
2024-11-14 00:40:22.841: 28 test start:
2024-11-14 00:41:06.425: 28 avg_reward: 1793.0
2024-11-14 00:41:06.425: 28 avg_steps: 2242.6
2024-11-14 00:41:06.425: 28 epsilon: 0.01
2024-11-14 00:41:06.426: 28 q: 1.1875366
2024-11-14 00:50:12.753: 29 test start:
2024-11-14 00:50:54.959: 29 avg_reward: 1715.0
2024-11-14 00:50:54.960: 29 avg_steps: 2164.15
2024-11-14 00:50:54.960: 29 epsilon: 0.01
2024-11-14 00:50:54.960: 29 q: 1.2823565
2024-11-14 01:00:12.544: 30 test start:
2024-11-14 01:00:56.099: 30 avg_reward: 1794.0
2024-11-14 01:00:56.099: 30 avg_steps: 2252.4
2024-11-14 01:00:56.099: 30 epsilon: 0.01
2024-11-14 01:00:56.099: 30 q: 1.3149954
2024-11-14 01:10:04.471: 31 test start:
2024-11-14 01:10:46.300: 31 avg_reward: 1708.0
2024-11-14 01:10:46.300: 31 avg_steps: 2160.1
2024-11-14 01:10:46.300: 31 epsilon: 0.01
2024-11-14 01:10:46.300: 31 q: 1.3647692
2024-11-14 01:20:07.485: 32 test start:
2024-11-14 01:20:50.512: 32 avg_reward: 1772.0
2024-11-14 01:20:50.512: 32 avg_steps: 2230.8
2024-11-14 01:20:50.512: 32 epsilon: 0.01
2024-11-14 01:20:50.512: 32 q: 1.3871765
2024-11-14 01:29:53.018: 33 test start:
2024-11-14 01:30:36.829: 33 avg_reward: 1811.0
2024-11-14 01:30:36.829: 33 avg_steps: 2267.2
2024-11-14 01:30:36.829: 33 epsilon: 0.01
2024-11-14 01:30:36.829: 33 q: 1.457451
2024-11-14 01:40:02.515: 34 test start:
2024-11-14 01:40:43.198: 34 avg_reward: 1687.0
2024-11-14 01:40:43.198: 34 avg_steps: 2116.75
2024-11-14 01:40:43.199: 34 epsilon: 0.01
2024-11-14 01:40:43.199: 34 q: 1.4998152
2024-11-14 01:49:48.834: 35 test start:
2024-11-14 01:50:32.166: 35 avg_reward: 1816.0
2024-11-14 01:50:32.166: 35 avg_steps: 2265.35
2024-11-14 01:50:32.166: 35 epsilon: 0.01
2024-11-14 01:50:32.166: 35 q: 1.5483787
2024-11-14 01:59:51.977: 36 test start:
2024-11-14 02:00:35.769: 36 avg_reward: 1778.0
2024-11-14 02:00:35.769: 36 avg_steps: 2234.5
2024-11-14 02:00:35.769: 36 epsilon: 0.01
2024-11-14 02:00:35.769: 36 q: 1.5941495
2024-11-14 02:09:43.739: 37 test start:
2024-11-14 02:10:26.910: 37 avg_reward: 1781.0
2024-11-14 02:10:26.910: 37 avg_steps: 2248.65
2024-11-14 02:10:26.910: 37 epsilon: 0.01
2024-11-14 02:10:26.910: 37 q: 1.6368176
2024-11-14 02:19:37.751: 38 test start:
2024-11-14 02:20:21.724: 38 avg_reward: 1818.0
2024-11-14 02:20:21.724: 38 avg_steps: 2266.4
2024-11-14 02:20:21.724: 38 epsilon: 0.01
2024-11-14 02:20:21.724: 38 q: 1.6979235
2024-11-14 02:30:08.360: 39 test start:
2024-11-14 02:30:53.298: 39 avg_reward: 1784.0
2024-11-14 02:30:53.298: 39 avg_steps: 2266.4
2024-11-14 02:30:53.298: 39 epsilon: 0.01
2024-11-14 02:30:53.298: 39 q: 1.7470742
2024-11-14 02:40:08.776: 40 test start:
2024-11-14 02:40:51.532: 40 avg_reward: 1759.0
2024-11-14 02:40:51.532: 40 avg_steps: 2215.45
2024-11-14 02:40:51.532: 40 epsilon: 0.01
2024-11-14 02:40:51.532: 40 q: 1.7872427
2024-11-14 02:50:40.923: 41 test start:
2024-11-14 02:51:25.216: 41 avg_reward: 1801.0
2024-11-14 02:51:25.216: 41 avg_steps: 2255.2
2024-11-14 02:51:25.216: 41 epsilon: 0.01
2024-11-14 02:51:25.216: 41 q: 1.858371
2024-11-14 03:00:37.611: 42 test start:
2024-11-14 03:01:22.830: 42 avg_reward: 1789.0
2024-11-14 03:01:22.830: 42 avg_steps: 2253.4
2024-11-14 03:01:22.830: 42 epsilon: 0.01
2024-11-14 03:01:22.830: 42 q: 1.8818501
2024-11-14 03:11:08.303: 43 test start:
2024-11-14 03:11:52.216: 43 avg_reward: 1828.0
2024-11-14 03:11:52.216: 43 avg_steps: 2268.5
2024-11-14 03:11:52.216: 43 epsilon: 0.01
2024-11-14 03:11:52.216: 43 q: 1.9475713
2024-11-14 03:21:09.860: 44 test start:
2024-11-14 03:21:55.139: 44 avg_reward: 1812.0
2024-11-14 03:21:55.139: 44 avg_steps: 2266.55
2024-11-14 03:21:55.139: 44 epsilon: 0.01
2024-11-14 03:21:55.139: 44 q: 1.9640676
2024-11-14 03:31:35.864: 45 test start:
2024-11-14 03:32:19.817: 45 avg_reward: 1805.0
2024-11-14 03:32:19.817: 45 avg_steps: 2247.9
2024-11-14 03:32:19.817: 45 epsilon: 0.01
2024-11-14 03:32:19.817: 45 q: 2.0029635
2024-11-14 03:41:47.517: 46 test start:
2024-11-14 03:42:32.957: 46 avg_reward: 1791.0
2024-11-14 03:42:32.957: 46 avg_steps: 2266.3
2024-11-14 03:42:32.957: 46 epsilon: 0.01
2024-11-14 03:42:32.957: 46 q: 2.0350366
2024-11-14 03:52:02.014: 47 test start:
2024-11-14 03:52:40.307: 47 avg_reward: 1528.0
2024-11-14 03:52:40.308: 47 avg_steps: 1980.8
2024-11-14 03:52:40.308: 47 epsilon: 0.01
2024-11-14 03:52:40.308: 47 q: 2.071605
2024-11-14 04:02:14.987: 48 test start:
2024-11-14 04:02:59.477: 48 avg_reward: 1778.0
2024-11-14 04:02:59.477: 48 avg_steps: 2220.55
2024-11-14 04:02:59.477: 48 epsilon: 0.01
2024-11-14 04:02:59.477: 48 q: 2.1108432
2024-11-14 04:12:25.590: 49 test start:
2024-11-14 04:13:09.939: 49 avg_reward: 1791.0
2024-11-14 04:13:09.939: 49 avg_steps: 2266.2
2024-11-14 04:13:09.939: 49 epsilon: 0.01
2024-11-14 04:13:09.939: 49 q: 2.1307297
2024-11-14 04:22:47.985: 50 test start:
2024-11-14 04:23:33.021: 50 avg_reward: 1791.0
2024-11-14 04:23:33.021: 50 avg_steps: 2260.45
2024-11-14 04:23:33.021: 50 epsilon: 0.01
2024-11-14 04:23:33.021: 50 q: 2.1773994
2024-11-14 04:32:49.586: 51 test start:
2024-11-14 04:33:31.461: 51 avg_reward: 1718.0
2024-11-14 04:33:31.461: 51 avg_steps: 2174.85
2024-11-14 04:33:31.461: 51 epsilon: 0.01
2024-11-14 04:33:31.461: 51 q: 2.1840417
2024-11-14 04:43:15.516: 52 test start:
2024-11-14 04:43:58.508: 52 avg_reward: 1733.0
2024-11-14 04:43:58.508: 52 avg_steps: 2187.25
2024-11-14 04:43:58.508: 52 epsilon: 0.01
2024-11-14 04:43:58.508: 52 q: 2.2195346
2024-11-14 04:53:11.304: 53 test start:
2024-11-14 04:53:54.191: 53 avg_reward: 1800.0
2024-11-14 04:53:54.191: 53 avg_steps: 2255.75
2024-11-14 04:53:54.191: 53 epsilon: 0.01
2024-11-14 04:53:54.191: 53 q: 2.255639
2024-11-14 05:03:43.317: 54 test start:
2024-11-14 05:04:26.628: 54 avg_reward: 1768.0
2024-11-14 05:04:26.628: 54 avg_steps: 2208.25
2024-11-14 05:04:26.628: 54 epsilon: 0.01
2024-11-14 05:04:26.628: 54 q: 2.2729633
2024-11-14 05:13:38.531: 55 test start:
2024-11-14 05:14:23.254: 55 avg_reward: 1766.0
2024-11-14 05:14:23.254: 55 avg_steps: 2232.2
2024-11-14 05:14:23.254: 55 epsilon: 0.01
2024-11-14 05:14:23.254: 55 q: 2.2869372
2024-11-14 05:24:10.674: 56 test start:
2024-11-14 05:24:52.833: 56 avg_reward: 1766.0
2024-11-14 05:24:52.833: 56 avg_steps: 2236.95
2024-11-14 05:24:52.833: 56 epsilon: 0.01
2024-11-14 05:24:52.833: 56 q: 2.3168516
2024-11-14 05:34:14.282: 57 test start:
2024-11-14 05:34:57.728: 57 avg_reward: 1769.0
2024-11-14 05:34:57.728: 57 avg_steps: 2224.6
2024-11-14 05:34:57.728: 57 epsilon: 0.01
2024-11-14 05:34:57.729: 57 q: 2.3346152
2024-11-14 05:44:39.609: 58 test start:
2024-11-14 05:45:00.638: 58 avg_reward: 694.0
2024-11-14 05:45:00.639: 58 avg_steps: 1110.75
2024-11-14 05:45:00.639: 58 epsilon: 0.01
2024-11-14 05:45:00.639: 58 q: 2.3434017
2024-11-14 05:54:27.369: 59 test start:
2024-11-14 05:54:44.991: 59 avg_reward: 515.0
2024-11-14 05:54:44.991: 59 avg_steps: 893.85
2024-11-14 05:54:44.991: 59 epsilon: 0.01
2024-11-14 05:54:44.991: 59 q: 2.363852
2024-11-14 06:04:28.622: 60 test start:
2024-11-14 06:05:11.600: 60 avg_reward: 1755.0
2024-11-14 06:05:11.600: 60 avg_steps: 2242.25
2024-11-14 06:05:11.600: 60 epsilon: 0.01
2024-11-14 06:05:11.600: 60 q: 2.3966627
2024-11-14 06:14:40.935: 61 test start:
2024-11-14 06:15:27.010: 61 avg_reward: 1766.0
2024-11-14 06:15:27.011: 61 avg_steps: 2264.6
2024-11-14 06:15:27.011: 61 epsilon: 0.01
2024-11-14 06:15:27.011: 61 q: 2.447114
2024-11-14 06:24:58.529: 62 test start:
2024-11-14 06:25:42.707: 62 avg_reward: 1772.0
2024-11-14 06:25:42.707: 62 avg_steps: 2267.25
2024-11-14 06:25:42.707: 62 epsilon: 0.01
2024-11-14 06:25:42.707: 62 q: 2.5036623
2024-11-14 06:35:16.709: 63 test start:
2024-11-14 06:36:01.810: 63 avg_reward: 1800.0
2024-11-14 06:36:01.810: 63 avg_steps: 2256.65
2024-11-14 06:36:01.810: 63 epsilon: 0.01
2024-11-14 06:36:01.810: 63 q: 2.5478323
2024-11-14 06:45:25.154: 64 test start:
2024-11-14 06:46:04.766: 64 avg_reward: 1582.0
2024-11-14 06:46:04.766: 64 avg_steps: 2042.95
2024-11-14 06:46:04.766: 64 epsilon: 0.01
2024-11-14 06:46:04.766: 64 q: 2.5937278
2024-11-14 06:55:43.017: 65 test start:
2024-11-14 06:56:27.780: 65 avg_reward: 1788.0
2024-11-14 06:56:27.781: 65 avg_steps: 2240.65
2024-11-14 06:56:27.781: 65 epsilon: 0.01
2024-11-14 06:56:27.781: 65 q: 2.648631
2024-11-14 07:05:50.804: 66 test start:
2024-11-14 07:06:33.428: 66 avg_reward: 1755.0
2024-11-14 07:06:33.428: 66 avg_steps: 2187.2
2024-11-14 07:06:33.428: 66 epsilon: 0.01
2024-11-14 07:06:33.428: 66 q: 2.6764832
2024-11-14 07:16:17.792: 67 test start:
2024-11-14 07:17:01.768: 67 avg_reward: 1755.0
2024-11-14 07:17:01.769: 67 avg_steps: 2196.6
2024-11-14 07:17:01.769: 67 epsilon: 0.01
2024-11-14 07:17:01.769: 67 q: 2.7054071
2024-11-14 07:26:14.506: 68 test start:
2024-11-14 07:26:59.154: 68 avg_reward: 1825.0
2024-11-14 07:26:59.155: 68 avg_steps: 2267.1
2024-11-14 07:26:59.155: 68 epsilon: 0.01
2024-11-14 07:26:59.155: 68 q: 2.7181382
2024-11-14 07:36:48.592: 69 test start:
2024-11-14 07:37:30.002: 69 avg_reward: 1699.0
2024-11-14 07:37:30.003: 69 avg_steps: 2128.15
2024-11-14 07:37:30.003: 69 epsilon: 0.01
2024-11-14 07:37:30.003: 69 q: 2.740464
2024-11-14 07:46:46.273: 70 test start:
2024-11-14 07:47:31.034: 70 avg_reward: 1779.0
2024-11-14 07:47:31.034: 70 avg_steps: 2245.5
2024-11-14 07:47:31.034: 70 epsilon: 0.01
2024-11-14 07:47:31.034: 70 q: 2.7711596
2024-11-14 07:57:19.423: 71 test start:
2024-11-14 07:57:57.470: 71 avg_reward: 1526.0
2024-11-14 07:57:57.470: 71 avg_steps: 1953.25
2024-11-14 07:57:57.470: 71 epsilon: 0.01
2024-11-14 07:57:57.470: 71 q: 2.7808974
2024-11-14 08:07:14.095: 72 test start:
2024-11-14 08:07:48.283: 72 avg_reward: 1306.0
2024-11-14 08:07:48.283: 72 avg_steps: 1693.35
2024-11-14 08:07:48.284: 72 epsilon: 0.01
2024-11-14 08:07:48.284: 72 q: 2.8073761
2024-11-14 08:17:28.881: 73 test start:
2024-11-14 08:17:58.813: 73 avg_reward: 1179.0
2024-11-14 08:17:58.813: 73 avg_steps: 1544.05
2024-11-14 08:17:58.813: 73 epsilon: 0.01
2024-11-14 08:17:58.813: 73 q: 2.8489275
2024-11-14 08:27:21.056: 74 test start:
2024-11-14 08:27:48.885: 74 avg_reward: 1080.0
2024-11-14 08:27:48.885: 74 avg_steps: 1383.5
2024-11-14 08:27:48.885: 74 epsilon: 0.01
2024-11-14 08:27:48.885: 74 q: 2.8532085
2024-11-14 08:37:25.217: 75 test start:
2024-11-14 08:37:46.395: 75 avg_reward: 815.0
2024-11-14 08:37:46.395: 75 avg_steps: 1071.75
2024-11-14 08:37:46.395: 75 epsilon: 0.01
2024-11-14 08:37:46.395: 75 q: 2.9043705
2024-11-14 08:47:13.614: 76 test start:
2024-11-14 08:47:36.606: 76 avg_reward: 899.0
2024-11-14 08:47:36.606: 76 avg_steps: 1126.65
2024-11-14 08:47:36.606: 76 epsilon: 0.01
2024-11-14 08:47:36.607: 76 q: 2.9243045
2024-11-14 08:57:06.656: 77 test start:
2024-11-14 08:57:26.147: 77 avg_reward: 791.0
2024-11-14 08:57:26.147: 77 avg_steps: 1005.7
2024-11-14 08:57:26.147: 77 epsilon: 0.01
2024-11-14 08:57:26.147: 77 q: 2.9943032
2024-11-14 09:07:00.141: 78 test start:
2024-11-14 09:07:18.590: 78 avg_reward: 739.0
2024-11-14 09:07:18.591: 78 avg_steps: 917.65
2024-11-14 09:07:18.591: 78 epsilon: 0.01
2024-11-14 09:07:18.591: 78 q: 3.0001302
2024-11-14 09:16:44.609: 79 test start:
2024-11-14 09:17:09.877: 79 avg_reward: 1168.0
2024-11-14 09:17:09.877: 79 avg_steps: 1306.2
2024-11-14 09:17:09.877: 79 epsilon: 0.01
2024-11-14 09:17:09.877: 79 q: 3.043672
2024-11-14 09:26:41.509: 80 test start:
2024-11-14 09:27:05.282: 80 avg_reward: 1075.0
2024-11-14 09:27:05.282: 80 avg_steps: 1176.85
2024-11-14 09:27:05.282: 80 epsilon: 0.01
2024-11-14 09:27:05.282: 80 q: 3.096301
2024-11-14 09:36:31.428: 81 test start:
2024-11-14 09:36:59.839: 81 avg_reward: 1383.0
2024-11-14 09:36:59.839: 81 avg_steps: 1452.85
2024-11-14 09:36:59.839: 81 epsilon: 0.01
2024-11-14 09:36:59.839: 81 q: 3.140379
2024-11-14 09:46:34.813: 82 test start:
2024-11-14 09:47:02.189: 82 avg_reward: 1394.0
2024-11-14 09:47:02.189: 82 avg_steps: 1369.65
2024-11-14 09:47:02.189: 82 epsilon: 0.01
2024-11-14 09:47:02.189: 82 q: 3.140549
2024-11-14 09:56:20.592: 83 test start:
2024-11-14 09:56:51.653: 83 avg_reward: 1666.0
2024-11-14 09:56:51.653: 83 avg_steps: 1603.9
2024-11-14 09:56:51.653: 83 epsilon: 0.01
2024-11-14 09:56:51.653: 83 q: 3.1742635
2024-11-14 10:06:30.849: 84 test start:
2024-11-14 10:07:05.825: 84 avg_reward: 1862.0
2024-11-14 10:07:05.826: 84 avg_steps: 1748.6
2024-11-14 10:07:05.826: 84 epsilon: 0.01
2024-11-14 10:07:05.826: 84 q: 3.2052495
2024-11-14 10:16:24.896: 85 test start:
2024-11-14 10:17:03.170: 85 avg_reward: 2132.0
2024-11-14 10:17:03.170: 85 avg_steps: 1972.05
2024-11-14 10:17:03.170: 85 epsilon: 0.01
2024-11-14 10:17:03.170: 85 q: 3.1950493
2024-11-14 10:26:53.204: 86 test start:
2024-11-14 10:27:33.718: 86 avg_reward: 2243.0
2024-11-14 10:27:33.718: 86 avg_steps: 2023.55
2024-11-14 10:27:33.718: 86 epsilon: 0.01
2024-11-14 10:27:33.718: 86 q: 3.231977
2024-11-14 10:36:48.173: 87 test start:
2024-11-14 10:37:30.229: 87 avg_reward: 2415.0
2024-11-14 10:37:30.229: 87 avg_steps: 2114.8
2024-11-14 10:37:30.229: 87 epsilon: 0.01
2024-11-14 10:37:30.229: 87 q: 3.2491586
2024-11-14 10:47:20.875: 88 test start:
2024-11-14 10:48:01.728: 88 avg_reward: 2498.0
2024-11-14 10:48:01.728: 88 avg_steps: 2121.15
2024-11-14 10:48:01.729: 88 epsilon: 0.01
2024-11-14 10:48:01.729: 88 q: 3.284542
2024-11-14 10:57:13.803: 89 test start:
2024-11-14 10:57:58.663: 89 avg_reward: 2584.0
2024-11-14 10:57:58.663: 89 avg_steps: 2242.5
2024-11-14 10:57:58.663: 89 epsilon: 0.01
2024-11-14 10:57:58.663: 89 q: 3.3316724
2024-11-14 11:07:46.686: 90 test start:
2024-11-14 11:08:33.654: 90 avg_reward: 2939.0
2024-11-14 11:08:33.655: 90 avg_steps: 2431.35
2024-11-14 11:08:33.655: 90 epsilon: 0.01
2024-11-14 11:08:33.655: 90 q: 3.3234892
2024-11-14 11:17:57.262: 91 test start:
2024-11-14 11:18:44.138: 91 avg_reward: 2797.0
2024-11-14 11:18:44.138: 91 avg_steps: 2341.5
2024-11-14 11:18:44.138: 91 epsilon: 0.01
2024-11-14 11:18:44.138: 91 q: 3.345938
2024-11-14 11:28:21.470: 92 test start:
2024-11-14 11:29:08.101: 92 avg_reward: 3048.0
2024-11-14 11:29:08.101: 92 avg_steps: 2399.95
2024-11-14 11:29:08.101: 92 epsilon: 0.01
2024-11-14 11:29:08.101: 92 q: 3.3886502
2024-11-14 11:38:35.278: 93 test start:
2024-11-14 11:39:22.794: 93 avg_reward: 3137.0
2024-11-14 11:39:22.794: 93 avg_steps: 2439.55
2024-11-14 11:39:22.794: 93 epsilon: 0.01
2024-11-14 11:39:22.794: 93 q: 3.3820257
2024-11-14 11:48:59.487: 94 test start:
2024-11-14 11:49:37.320: 94 avg_reward: 2704.0
2024-11-14 11:49:37.321: 94 avg_steps: 2027.8
2024-11-14 11:49:37.326: 94 epsilon: 0.01
2024-11-14 11:49:37.326: 94 q: 3.382895
2024-11-14 11:59:17.684: 95 test start:
2024-11-14 11:59:54.286: 95 avg_reward: 2314.0
2024-11-14 11:59:54.287: 95 avg_steps: 1857.7
2024-11-14 11:59:54.287: 95 epsilon: 0.01
2024-11-14 11:59:54.287: 95 q: 3.4035566
2024-11-14 12:09:19.641: 96 test start:
2024-11-14 12:09:56.415: 96 avg_reward: 2858.0
2024-11-14 12:09:56.415: 96 avg_steps: 1934.05
2024-11-14 12:09:56.415: 96 epsilon: 0.01
2024-11-14 12:09:56.415: 96 q: 3.4064388
2024-11-14 12:19:35.208: 97 test start:
2024-11-14 12:20:11.027: 97 avg_reward: 2500.0
2024-11-14 12:20:11.027: 97 avg_steps: 1785.6
2024-11-14 12:20:11.027: 97 epsilon: 0.01
2024-11-14 12:20:11.027: 97 q: 3.4248788
2024-11-14 12:29:24.104: 98 test start:
2024-11-14 12:29:58.891: 98 avg_reward: 2481.5
2024-11-14 12:29:58.891: 98 avg_steps: 1855.45
2024-11-14 12:29:58.891: 98 epsilon: 0.01
2024-11-14 12:29:58.891: 98 q: 3.4910188
2024-11-14 12:39:32.477: 99 test start:
2024-11-14 12:40:14.239: 99 avg_reward: 3051.0
2024-11-14 12:40:14.239: 99 avg_steps: 2112.0
2024-11-14 12:40:14.239: 99 epsilon: 0.01
2024-11-14 12:40:14.239: 99 q: 3.570756
2024-11-14 12:49:23.857: 100 test start:
2024-11-14 12:50:07.395: 100 avg_reward: 2951.0
2024-11-14 12:50:07.396: 100 avg_steps: 2270.85
2024-11-14 12:50:07.396: 100 epsilon: 0.01
2024-11-14 12:50:07.396: 100 q: 3.6411586
2024-11-14 13:00:03.265: 101 test start:
2024-11-14 13:00:39.228: 101 avg_reward: 2845.0
2024-11-14 13:00:39.229: 101 avg_steps: 1976.9
2024-11-14 13:00:39.229: 101 epsilon: 0.01
2024-11-14 13:00:39.229: 101 q: 3.715615
2024-11-14 13:09:44.032: 102 test start:
2024-11-14 13:10:29.447: 102 avg_reward: 3058.0
2024-11-14 13:10:29.447: 102 avg_steps: 2312.85
2024-11-14 13:10:29.447: 102 epsilon: 0.01
2024-11-14 13:10:29.447: 102 q: 3.76043
2024-11-14 13:20:10.696: 103 test start:
2024-11-14 13:20:52.982: 103 avg_reward: 3151.5
2024-11-14 13:20:52.983: 103 avg_steps: 2240.6
2024-11-14 13:20:52.983: 103 epsilon: 0.01
2024-11-14 13:20:52.983: 103 q: 3.8321831
2024-11-14 13:30:07.160: 104 test start:
2024-11-14 13:30:46.655: 104 avg_reward: 2913.5
2024-11-14 13:30:46.656: 104 avg_steps: 2103.35
2024-11-14 13:30:46.656: 104 epsilon: 0.01
2024-11-14 13:30:46.656: 104 q: 3.8455188
2024-11-14 13:40:26.344: 105 test start:
2024-11-14 13:41:06.553: 105 avg_reward: 2868.0
2024-11-14 13:41:06.553: 105 avg_steps: 2112.4
2024-11-14 13:41:06.554: 105 epsilon: 0.01
2024-11-14 13:41:06.554: 105 q: 3.893565
2024-11-14 13:50:17.499: 106 test start:
2024-11-14 13:50:54.483: 106 avg_reward: 2223.0
2024-11-14 13:50:54.484: 106 avg_steps: 1916.0
2024-11-14 13:50:54.484: 106 epsilon: 0.01
2024-11-14 13:50:54.484: 106 q: 3.9708998
2024-11-14 14:00:10.126: 107 test start:
2024-11-14 14:00:49.211: 107 avg_reward: 2798.0
2024-11-14 14:00:49.212: 107 avg_steps: 2155.85
2024-11-14 14:00:49.212: 107 epsilon: 0.01
2024-11-14 14:00:49.212: 107 q: 4.001599
2024-11-14 14:10:11.684: 108 test start:
2024-11-14 14:10:50.850: 108 avg_reward: 2654.0
2024-11-14 14:10:50.850: 108 avg_steps: 2002.95
2024-11-14 14:10:50.850: 108 epsilon: 0.01
2024-11-14 14:10:50.851: 108 q: 4.068621
2024-11-14 14:19:59.747: 109 test start:
2024-11-14 14:20:39.443: 109 avg_reward: 2414.0
2024-11-14 14:20:39.443: 109 avg_steps: 2090.75
2024-11-14 14:20:39.443: 109 epsilon: 0.01
2024-11-14 14:20:39.443: 109 q: 4.0794773
2024-11-14 14:30:18.728: 110 test start:
2024-11-14 14:31:01.387: 110 avg_reward: 3215.0
2024-11-14 14:31:01.387: 110 avg_steps: 2198.05
2024-11-14 14:31:01.387: 110 epsilon: 0.01
2024-11-14 14:31:01.387: 110 q: 4.0905275
2024-11-14 14:40:07.919: 111 test start:
2024-11-14 14:40:51.467: 111 avg_reward: 3260.5
2024-11-14 14:40:51.467: 111 avg_steps: 2237.6
2024-11-14 14:40:51.467: 111 epsilon: 0.01
2024-11-14 14:40:51.467: 111 q: 4.1406794
2024-11-14 14:50:08.637: 112 test start:
2024-11-14 14:50:47.868: 112 avg_reward: 2704.5
2024-11-14 14:50:47.868: 112 avg_steps: 2037.7
2024-11-14 14:50:47.868: 112 epsilon: 0.01
2024-11-14 14:50:47.868: 112 q: 4.153814
2024-11-14 15:00:04.063: 113 test start:
2024-11-14 15:00:37.685: 113 avg_reward: 2222.5
2024-11-14 15:00:37.685: 113 avg_steps: 1735.05
2024-11-14 15:00:37.685: 113 epsilon: 0.01
2024-11-14 15:00:37.685: 113 q: 4.2447715
2024-11-14 15:10:00.531: 114 test start:
2024-11-14 15:10:38.437: 114 avg_reward: 2908.5
2024-11-14 15:10:38.437: 114 avg_steps: 1893.45
2024-11-14 15:10:38.437: 114 epsilon: 0.01
2024-11-14 15:10:38.437: 114 q: 4.273334
2024-11-14 15:19:44.028: 115 test start:
2024-11-14 15:20:24.105: 115 avg_reward: 3497.5
2024-11-14 15:20:24.106: 115 avg_steps: 2120.8
2024-11-14 15:20:24.106: 115 epsilon: 0.01
2024-11-14 15:20:24.106: 115 q: 4.330697
2024-11-14 15:29:53.096: 116 test start:
2024-11-14 15:30:33.040: 116 avg_reward: 3720.0
2024-11-14 15:30:33.040: 116 avg_steps: 2060.65
2024-11-14 15:30:33.040: 116 epsilon: 0.01
2024-11-14 15:30:33.040: 116 q: 4.31768
2024-11-14 15:39:37.953: 117 test start:
2024-11-14 15:40:19.917: 117 avg_reward: 4340.0
2024-11-14 15:40:19.918: 117 avg_steps: 2169.2
2024-11-14 15:40:19.918: 117 epsilon: 0.01
2024-11-14 15:40:19.918: 117 q: 4.3793497
2024-11-14 15:49:56.214: 118 test start:
2024-11-14 15:50:38.102: 118 avg_reward: 4110.5
2024-11-14 15:50:38.102: 118 avg_steps: 2175.95
2024-11-14 15:50:38.102: 118 epsilon: 0.01
2024-11-14 15:50:38.102: 118 q: 4.405839
2024-11-14 15:59:34.395: 119 test start:
2024-11-14 16:00:10.854: 119 avg_reward: 4020.5
2024-11-14 16:00:10.854: 119 avg_steps: 1939.5
2024-11-14 16:00:10.854: 119 epsilon: 0.01
2024-11-14 16:00:10.854: 119 q: 4.413946
2024-11-14 16:09:53.559: 120 test start:
2024-11-14 16:10:32.670: 120 avg_reward: 5182.5
2024-11-14 16:10:32.670: 120 avg_steps: 2107.05
2024-11-14 16:10:32.670: 120 epsilon: 0.01
2024-11-14 16:10:32.670: 120 q: 4.452783
2024-11-14 16:19:30.588: 121 test start:
2024-11-14 16:20:07.082: 121 avg_reward: 4709.5
2024-11-14 16:20:07.082: 121 avg_steps: 1891.6
2024-11-14 16:20:07.082: 121 epsilon: 0.01
2024-11-14 16:20:07.082: 121 q: 4.5032673
2024-11-14 16:29:47.090: 122 test start:
2024-11-14 16:30:28.772: 122 avg_reward: 5992.0
2024-11-14 16:30:28.772: 122 avg_steps: 2257.0
2024-11-14 16:30:28.772: 122 epsilon: 0.01
2024-11-14 16:30:28.772: 122 q: 4.5658674
2024-11-14 16:39:35.773: 123 test start:
2024-11-14 16:40:11.588: 123 avg_reward: 3531.0
2024-11-14 16:40:11.588: 123 avg_steps: 1794.7
2024-11-14 16:40:11.588: 123 epsilon: 0.01
2024-11-14 16:40:11.588: 123 q: 4.6744065
2024-11-14 16:49:27.371: 124 test start:
2024-11-14 16:50:04.983: 124 avg_reward: 5494.5
2024-11-14 16:50:04.983: 124 avg_steps: 2031.0
2024-11-14 16:50:04.983: 124 epsilon: 0.01
2024-11-14 16:50:04.983: 124 q: 4.690386
2024-11-14 16:59:23.385: 125 test start:
2024-11-14 17:00:08.635: 125 avg_reward: 6454.0
2024-11-14 17:00:08.635: 125 avg_steps: 2248.1
2024-11-14 17:00:08.636: 125 epsilon: 0.01
2024-11-14 17:00:08.636: 125 q: 4.7456512
2024-11-14 17:09:17.141: 126 test start:
2024-11-14 17:09:56.352: 126 avg_reward: 5878.5
2024-11-14 17:09:56.352: 126 avg_steps: 2117.75
2024-11-14 17:09:56.352: 126 epsilon: 0.01
2024-11-14 17:09:56.352: 126 q: 4.8012404
2024-11-14 17:19:26.696: 127 test start:
2024-11-14 17:20:06.681: 127 avg_reward: 4528.5
2024-11-14 17:20:06.681: 127 avg_steps: 1994.6
2024-11-14 17:20:06.681: 127 epsilon: 0.01
2024-11-14 17:20:06.681: 127 q: 4.885403
2024-11-14 17:28:54.482: 128 test start:
2024-11-14 17:29:31.941: 128 avg_reward: 4965.5
2024-11-14 17:29:31.942: 128 avg_steps: 2001.4
2024-11-14 17:29:31.942: 128 epsilon: 0.01
2024-11-14 17:29:31.942: 128 q: 4.9128237
2024-11-14 17:39:12.456: 129 test start:
2024-11-14 17:39:53.173: 129 avg_reward: 5615.5
2024-11-14 17:39:53.173: 129 avg_steps: 2035.1
2024-11-14 17:39:53.173: 129 epsilon: 0.01
2024-11-14 17:39:53.173: 129 q: 4.917448
2024-11-14 17:48:43.404: 130 test start:
2024-11-14 17:49:26.294: 130 avg_reward: 6387.5
2024-11-14 17:49:26.295: 130 avg_steps: 2188.3
2024-11-14 17:49:26.295: 130 epsilon: 0.01
2024-11-14 17:49:26.295: 130 q: 4.989242
2024-11-14 17:59:09.846: 131 test start:
2024-11-14 17:59:55.379: 131 avg_reward: 8751.5
2024-11-14 17:59:55.379: 131 avg_steps: 2427.2
2024-11-14 17:59:55.379: 131 epsilon: 0.01
2024-11-14 17:59:55.379: 131 q: 5.008452
2024-11-14 18:09:01.627: 132 test start:
2024-11-14 18:09:41.589: 132 avg_reward: 5258.5
2024-11-14 18:09:41.589: 132 avg_steps: 1995.0
2024-11-14 18:09:41.589: 132 epsilon: 0.01
2024-11-14 18:09:41.589: 132 q: 5.0630116
2024-11-14 18:18:55.302: 133 test start:
2024-11-14 18:19:39.331: 133 avg_reward: 7734.5
2024-11-14 18:19:39.331: 133 avg_steps: 2325.25
2024-11-14 18:19:39.331: 133 epsilon: 0.01
2024-11-14 18:19:39.332: 133 q: 5.181486
2024-11-14 18:28:56.628: 134 test start:
2024-11-14 18:29:40.308: 134 avg_reward: 6719.5
2024-11-14 18:29:40.308: 134 avg_steps: 2277.1
2024-11-14 18:29:40.308: 134 epsilon: 0.01
2024-11-14 18:29:40.308: 134 q: 5.247585
2024-11-14 18:38:47.495: 135 test start:
2024-11-14 18:39:29.652: 135 avg_reward: 5762.0
2024-11-14 18:39:29.652: 135 avg_steps: 2193.3
2024-11-14 18:39:29.652: 135 epsilon: 0.01
2024-11-14 18:39:29.652: 135 q: 5.2472696
2024-11-14 18:48:47.399: 136 test start:
2024-11-14 18:49:31.174: 136 avg_reward: 9050.5
2024-11-14 18:49:31.174: 136 avg_steps: 2267.5
2024-11-14 18:49:31.174: 136 epsilon: 0.01
2024-11-14 18:49:31.174: 136 q: 5.287115
2024-11-14 18:58:41.985: 137 test start:
2024-11-14 18:59:24.975: 137 avg_reward: 5338.5
2024-11-14 18:59:24.976: 137 avg_steps: 2241.6
2024-11-14 18:59:24.976: 137 epsilon: 0.01
2024-11-14 18:59:24.976: 137 q: 5.413268
2024-11-14 19:08:50.461: 138 test start:
2024-11-14 19:09:32.514: 138 avg_reward: 5537.0
2024-11-14 19:09:32.514: 138 avg_steps: 2171.25
2024-11-14 19:09:32.514: 138 epsilon: 0.01
2024-11-14 19:09:32.514: 138 q: 5.457364
2024-11-14 19:18:34.600: 139 test start:
2024-11-14 19:19:12.635: 139 avg_reward: 5531.5
2024-11-14 19:19:12.636: 139 avg_steps: 1974.9
2024-11-14 19:19:12.636: 139 epsilon: 0.01
2024-11-14 19:19:12.636: 139 q: 5.4812255
2024-11-14 19:28:36.578: 140 test start:
2024-11-14 19:29:17.684: 140 avg_reward: 6232.0
2024-11-14 19:29:17.684: 140 avg_steps: 2206.35
2024-11-14 19:29:17.684: 140 epsilon: 0.01
2024-11-14 19:29:17.684: 140 q: 5.5751047
2024-11-14 19:38:26.715: 141 test start:
2024-11-14 19:39:12.501: 141 avg_reward: 7142.0
2024-11-14 19:39:12.501: 141 avg_steps: 2420.9
2024-11-14 19:39:12.501: 141 epsilon: 0.01
2024-11-14 19:39:12.501: 141 q: 5.634351
2024-11-14 19:48:33.908: 142 test start:
2024-11-14 19:49:14.510: 142 avg_reward: 5837.5
2024-11-14 19:49:14.511: 142 avg_steps: 2104.75
2024-11-14 19:49:14.511: 142 epsilon: 0.01
2024-11-14 19:49:14.511: 142 q: 5.7080975
2024-11-14 19:58:22.690: 143 test start:
2024-11-14 19:59:02.807: 143 avg_reward: 5704.5
2024-11-14 19:59:02.807: 143 avg_steps: 2070.95
2024-11-14 19:59:02.807: 143 epsilon: 0.01
2024-11-14 19:59:02.807: 143 q: 5.7253413
2024-11-14 20:08:21.890: 144 test start:
2024-11-14 20:09:02.951: 144 avg_reward: 6698.5
2024-11-14 20:09:02.951: 144 avg_steps: 2164.45
2024-11-14 20:09:02.951: 144 epsilon: 0.01
2024-11-14 20:09:02.951: 144 q: 5.810494
2024-11-14 20:18:16.817: 145 test start:
2024-11-14 20:19:02.521: 145 avg_reward: 6509.5
2024-11-14 20:19:02.521: 145 avg_steps: 2303.45
2024-11-14 20:19:02.521: 145 epsilon: 0.01
2024-11-14 20:19:02.521: 145 q: 5.7822304
2024-11-14 20:28:12.709: 146 test start:
2024-11-14 20:28:56.896: 146 avg_reward: 7509.0
2024-11-14 20:28:56.896: 146 avg_steps: 2292.1
2024-11-14 20:28:56.896: 146 epsilon: 0.01
2024-11-14 20:28:56.896: 146 q: 5.812908
2024-11-14 20:38:09.674: 147 test start:
2024-11-14 20:38:49.648: 147 avg_reward: 5763.0
2024-11-14 20:38:49.654: 147 avg_steps: 2076.85
2024-11-14 20:38:49.654: 147 epsilon: 0.01
2024-11-14 20:38:49.654: 147 q: 5.866772
2024-11-14 20:47:52.119: 148 test start:
2024-11-14 20:48:40.464: 148 avg_reward: 8801.5
2024-11-14 20:48:40.464: 148 avg_steps: 2497.35
2024-11-14 20:48:40.464: 148 epsilon: 0.01
2024-11-14 20:48:40.464: 148 q: 5.8432946
2024-11-14 20:57:45.025: 149 test start:
2024-11-14 20:58:32.160: 149 avg_reward: 7258.0
2024-11-14 20:58:32.165: 149 avg_steps: 2421.1
2024-11-14 20:58:32.165: 149 epsilon: 0.01
2024-11-14 20:58:32.165: 149 q: 5.9579363
2024-11-14 21:07:32.374: 150 test start:
2024-11-14 21:08:14.780: 150 avg_reward: 7332.5
2024-11-14 21:08:14.780: 150 avg_steps: 2210.2
2024-11-14 21:08:14.780: 150 epsilon: 0.01
2024-11-14 21:08:14.780: 150 q: 6.0305347
2024-11-14 21:17:35.848: 151 test start:
2024-11-14 21:18:17.199: 151 avg_reward: 7615.0
2024-11-14 21:18:17.199: 151 avg_steps: 2142.9
2024-11-14 21:18:17.200: 151 epsilon: 0.01
2024-11-14 21:18:17.200: 151 q: 6.0440707
2024-11-14 21:27:29.054: 152 test start:
2024-11-14 21:28:08.751: 152 avg_reward: 5204.5
2024-11-14 21:28:08.751: 152 avg_steps: 1989.0
2024-11-14 21:28:08.751: 152 epsilon: 0.01
2024-11-14 21:28:08.751: 152 q: 6.0976458
2024-11-14 21:37:25.256: 153 test start:
2024-11-14 21:38:08.117: 153 avg_reward: 8144.5
2024-11-14 21:38:08.118: 153 avg_steps: 2298.8
2024-11-14 21:38:08.118: 153 epsilon: 0.01
2024-11-14 21:38:08.118: 153 q: 6.1053524
2024-11-14 21:47:20.986: 154 test start:
2024-11-14 21:48:07.352: 154 avg_reward: 7148.5
2024-11-14 21:48:07.352: 154 avg_steps: 2310.6
2024-11-14 21:48:07.352: 154 epsilon: 0.01
2024-11-14 21:48:07.352: 154 q: 6.1396427
2024-11-14 21:57:15.265: 155 test start:
2024-11-14 21:57:49.149: 155 avg_reward: 5476.0
2024-11-14 21:57:49.150: 155 avg_steps: 1824.25
2024-11-14 21:57:49.150: 155 epsilon: 0.01
2024-11-14 21:57:49.150: 155 q: 6.1409497
2024-11-14 22:07:20.522: 156 test start:
2024-11-14 22:08:02.664: 156 avg_reward: 6521.0
2024-11-14 22:08:02.664: 156 avg_steps: 2167.15
2024-11-14 22:08:02.665: 156 epsilon: 0.01
2024-11-14 22:08:02.665: 156 q: 6.18096
2024-11-14 22:16:54.070: 157 test start:
2024-11-14 22:17:35.332: 157 avg_reward: 7713.5
2024-11-14 22:17:35.332: 157 avg_steps: 2267.45
2024-11-14 22:17:35.332: 157 epsilon: 0.01
2024-11-14 22:17:35.332: 157 q: 6.25821
2024-11-14 22:27:20.748: 158 test start:
2024-11-14 22:28:02.432: 158 avg_reward: 7091.5
2024-11-14 22:28:02.433: 158 avg_steps: 2166.5
2024-11-14 22:28:02.438: 158 epsilon: 0.01
2024-11-14 22:28:02.438: 158 q: 6.287513
2024-11-14 22:37:13.588: 159 test start:
2024-11-14 22:37:59.072: 159 avg_reward: 8265.0
2024-11-14 22:37:59.072: 159 avg_steps: 2393.7
2024-11-14 22:37:59.072: 159 epsilon: 0.01
2024-11-14 22:37:59.072: 159 q: 6.29957
2024-11-14 22:47:10.183: 160 test start:
2024-11-14 22:47:53.587: 160 avg_reward: 7687.5
2024-11-14 22:47:53.587: 160 avg_steps: 2294.65
2024-11-14 22:47:53.587: 160 epsilon: 0.01
2024-11-14 22:47:53.587: 160 q: 6.3063927
2024-11-14 22:57:01.440: 161 test start:
2024-11-14 22:57:47.068: 161 avg_reward: 8895.5
2024-11-14 22:57:47.069: 161 avg_steps: 2373.0
2024-11-14 22:57:47.069: 161 epsilon: 0.01
2024-11-14 22:57:47.069: 161 q: 6.4336967
2024-11-14 23:07:04.247: 162 test start:
2024-11-14 23:07:44.729: 162 avg_reward: 6785.5
2024-11-14 23:07:44.729: 162 avg_steps: 2090.9
2024-11-14 23:07:44.729: 162 epsilon: 0.01
2024-11-14 23:07:44.729: 162 q: 6.430011
2024-11-14 23:16:48.428: 163 test start:
2024-11-14 23:17:29.331: 163 avg_reward: 6986.5
2024-11-14 23:17:29.331: 163 avg_steps: 2112.8
2024-11-14 23:17:29.331: 163 epsilon: 0.01
2024-11-14 23:17:29.331: 163 q: 6.4850383
2024-11-14 23:26:58.321: 164 test start:
2024-11-14 23:27:46.248: 164 avg_reward: 10841.5
2024-11-14 23:27:46.249: 164 avg_steps: 2474.15
2024-11-14 23:27:46.249: 164 epsilon: 0.01
2024-11-14 23:27:46.249: 164 q: 6.4936833
2024-11-14 23:36:41.880: 165 test start:
2024-11-14 23:37:27.199: 165 avg_reward: 10958.0
2024-11-14 23:37:27.199: 165 avg_steps: 2325.45
2024-11-14 23:37:27.199: 165 epsilon: 0.01
2024-11-14 23:37:27.200: 165 q: 6.5511417
2024-11-14 23:46:51.352: 166 test start:
2024-11-14 23:47:43.615: 166 avg_reward: 11965.0
2024-11-14 23:47:43.615: 166 avg_steps: 2740.25
2024-11-14 23:47:43.615: 166 epsilon: 0.01
2024-11-14 23:47:43.615: 166 q: 6.569613
2024-11-14 23:56:41.821: 167 test start:
2024-11-14 23:57:23.472: 167 avg_reward: 7004.5
2024-11-14 23:57:23.472: 167 avg_steps: 2087.95
2024-11-14 23:57:23.472: 167 epsilon: 0.01
2024-11-14 23:57:23.472: 167 q: 6.6066203
2024-11-15 00:06:47.914: 168 test start:
2024-11-15 00:07:28.936: 168 avg_reward: 8292.5
2024-11-15 00:07:28.936: 168 avg_steps: 2212.7
2024-11-15 00:07:28.936: 168 epsilon: 0.01
2024-11-15 00:07:28.936: 168 q: 6.5862107
2024-11-15 00:16:36.253: 169 test start:
2024-11-15 00:17:26.685: 169 avg_reward: 10611.0
2024-11-15 00:17:26.685: 169 avg_steps: 2517.0
2024-11-15 00:17:26.685: 169 epsilon: 0.01
2024-11-15 00:17:26.685: 169 q: 6.624414
2024-11-15 00:26:43.956: 170 test start:
2024-11-15 00:27:30.157: 170 avg_reward: 10869.0
2024-11-15 00:27:30.157: 170 avg_steps: 2486.1
2024-11-15 00:27:30.163: 170 epsilon: 0.01
2024-11-15 00:27:30.163: 170 q: 6.6603284
2024-11-15 00:36:52.370: 171 test start:
2024-11-15 00:37:39.810: 171 avg_reward: 8860.5
2024-11-15 00:37:39.810: 171 avg_steps: 2387.8
2024-11-15 00:37:39.810: 171 epsilon: 0.01
2024-11-15 00:37:39.810: 171 q: 6.698959
2024-11-15 00:46:39.534: 172 test start:
2024-11-15 00:47:19.005: 172 avg_reward: 8078.0
2024-11-15 00:47:19.005: 172 avg_steps: 2166.25
2024-11-15 00:47:19.005: 172 epsilon: 0.01
2024-11-15 00:47:19.005: 172 q: 6.6912208
2024-11-15 00:56:41.067: 173 test start:
2024-11-15 00:57:26.209: 173 avg_reward: 9505.0
2024-11-15 00:57:26.209: 173 avg_steps: 2388.0
2024-11-15 00:57:26.209: 173 epsilon: 0.01
2024-11-15 00:57:26.209: 173 q: 6.665755
2024-11-15 01:06:20.153: 174 test start:
2024-11-15 01:07:05.820: 174 avg_reward: 8545.0
2024-11-15 01:07:05.820: 174 avg_steps: 2359.05
2024-11-15 01:07:05.820: 174 epsilon: 0.01
2024-11-15 01:07:05.820: 174 q: 6.650042
2024-11-15 01:16:35.726: 175 test start:
2024-11-15 01:17:17.564: 175 avg_reward: 6859.0
2024-11-15 01:17:17.564: 175 avg_steps: 2170.25
2024-11-15 01:17:17.564: 175 epsilon: 0.01
2024-11-15 01:17:17.564: 175 q: 6.722626
2024-11-15 01:26:09.081: 176 test start:
2024-11-15 01:26:58.232: 176 avg_reward: 10835.5
2024-11-15 01:26:58.233: 176 avg_steps: 2583.0
2024-11-15 01:26:58.233: 176 epsilon: 0.01
2024-11-15 01:26:58.233: 176 q: 6.723601
2024-11-15 01:36:24.993: 177 test start:
2024-11-15 01:37:12.495: 177 avg_reward: 10060.0
2024-11-15 01:37:12.495: 177 avg_steps: 2449.6
2024-11-15 01:37:12.495: 177 epsilon: 0.01
2024-11-15 01:37:12.495: 177 q: 6.765124
2024-11-15 01:46:08.781: 178 test start:
2024-11-15 01:46:52.301: 178 avg_reward: 6755.5
2024-11-15 01:46:52.301: 178 avg_steps: 2242.9
2024-11-15 01:46:52.301: 178 epsilon: 0.01
2024-11-15 01:46:52.301: 178 q: 6.833552
2024-11-15 01:56:20.511: 179 test start:
2024-11-15 01:57:02.550: 179 avg_reward: 9131.5
2024-11-15 01:57:02.550: 179 avg_steps: 2174.95
2024-11-15 01:57:02.550: 179 epsilon: 0.01
2024-11-15 01:57:02.550: 179 q: 6.813713
2024-11-15 02:05:46.343: 180 test start:
2024-11-15 02:06:32.095: 180 avg_reward: 9471.0
2024-11-15 02:06:32.095: 180 avg_steps: 2302.95
2024-11-15 02:06:32.095: 180 epsilon: 0.01
2024-11-15 02:06:32.095: 180 q: 6.870653
2024-11-15 02:15:59.760: 181 test start:
2024-11-15 02:16:42.596: 181 avg_reward: 10393.0
2024-11-15 02:16:42.596: 181 avg_steps: 2306.55
2024-11-15 02:16:42.596: 181 epsilon: 0.01
2024-11-15 02:16:42.596: 181 q: 6.827956
2024-11-15 02:25:48.479: 182 test start:
2024-11-15 02:26:30.356: 182 avg_reward: 6863.0
2024-11-15 02:26:30.357: 182 avg_steps: 2086.75
2024-11-15 02:26:30.357: 182 epsilon: 0.01
2024-11-15 02:26:30.357: 182 q: 6.8196573
2024-11-15 02:35:45.001: 183 test start:
2024-11-15 02:36:25.577: 183 avg_reward: 8137.0
2024-11-15 02:36:25.577: 183 avg_steps: 2142.1
2024-11-15 02:36:25.577: 183 epsilon: 0.01
2024-11-15 02:36:25.577: 183 q: 6.838001
2024-11-15 02:45:39.372: 184 test start:
2024-11-15 02:46:32.754: 184 avg_reward: 13066.0
2024-11-15 02:46:32.754: 184 avg_steps: 2672.3
2024-11-15 02:46:32.754: 184 epsilon: 0.01
2024-11-15 02:46:32.754: 184 q: 6.833879
2024-11-15 02:55:39.556: 185 test start:
2024-11-15 02:56:25.570: 185 avg_reward: 7335.5
2024-11-15 02:56:25.570: 185 avg_steps: 2412.2
2024-11-15 02:56:25.570: 185 epsilon: 0.01
2024-11-15 02:56:25.570: 185 q: 6.92964
2024-11-15 03:05:50.715: 186 test start:
2024-11-15 03:06:39.703: 186 avg_reward: 10651.0
2024-11-15 03:06:39.703: 186 avg_steps: 2562.45
2024-11-15 03:06:39.703: 186 epsilon: 0.01
2024-11-15 03:06:39.703: 186 q: 6.906394
2024-11-15 03:15:39.737: 187 test start:
2024-11-15 03:16:27.163: 187 avg_reward: 12433.0
2024-11-15 03:16:27.163: 187 avg_steps: 2522.9
2024-11-15 03:16:27.163: 187 epsilon: 0.01
2024-11-15 03:16:27.163: 187 q: 6.882928
2024-11-15 03:25:53.139: 188 test start:
2024-11-15 03:26:41.671: 188 avg_reward: 11672.0
2024-11-15 03:26:41.671: 188 avg_steps: 2616.65
2024-11-15 03:26:41.671: 188 epsilon: 0.01
2024-11-15 03:26:41.671: 188 q: 6.9277153
2024-11-15 03:35:45.736: 189 test start:
2024-11-15 03:36:25.545: 189 avg_reward: 6324.0
2024-11-15 03:36:25.545: 189 avg_steps: 2055.2
2024-11-15 03:36:25.545: 189 epsilon: 0.01
2024-11-15 03:36:25.545: 189 q: 6.9442186
2024-11-15 03:45:36.634: 190 test start:
2024-11-15 03:46:19.724: 190 avg_reward: 10669.0
2024-11-15 03:46:19.724: 190 avg_steps: 2249.55
2024-11-15 03:46:19.724: 190 epsilon: 0.01
2024-11-15 03:46:19.724: 190 q: 6.9045534
2024-11-15 03:55:17.006: 191 test start:
2024-11-15 03:56:01.861: 191 avg_reward: 10784.5
2024-11-15 03:56:01.862: 191 avg_steps: 2313.15
2024-11-15 03:56:01.862: 191 epsilon: 0.01
2024-11-15 03:56:01.862: 191 q: 6.9167876
2024-11-15 04:05:16.720: 192 test start:
2024-11-15 04:05:58.811: 192 avg_reward: 7376.0
2024-11-15 04:05:58.812: 192 avg_steps: 2160.45
2024-11-15 04:05:58.812: 192 epsilon: 0.01
2024-11-15 04:05:58.812: 192 q: 6.9503875
2024-11-15 04:15:03.751: 193 test start:
2024-11-15 04:15:54.869: 193 avg_reward: 11604.5
2024-11-15 04:15:54.869: 193 avg_steps: 2565.05
2024-11-15 04:15:54.869: 193 epsilon: 0.01
2024-11-15 04:15:54.869: 193 q: 6.9752626
2024-11-15 04:25:05.668: 194 test start:
2024-11-15 04:25:44.030: 194 avg_reward: 8920.0
2024-11-15 04:25:44.030: 194 avg_steps: 2050.1
2024-11-15 04:25:44.030: 194 epsilon: 0.01
2024-11-15 04:25:44.031: 194 q: 7.036865
2024-11-15 04:34:57.700: 195 test start:
2024-11-15 04:35:48.886: 195 avg_reward: 14072.0
2024-11-15 04:35:48.886: 195 avg_steps: 2622.65
2024-11-15 04:35:48.886: 195 epsilon: 0.01
2024-11-15 04:35:48.886: 195 q: 7.0539393
2024-11-15 04:44:53.281: 196 test start:
2024-11-15 04:45:38.384: 196 avg_reward: 9362.0
2024-11-15 04:45:38.384: 196 avg_steps: 2311.55
2024-11-15 04:45:38.384: 196 epsilon: 0.01
2024-11-15 04:45:38.384: 196 q: 7.0464234
2024-11-15 04:54:57.507: 197 test start:
2024-11-15 04:55:41.570: 197 avg_reward: 8835.0
2024-11-15 04:55:41.570: 197 avg_steps: 2279.05
2024-11-15 04:55:41.570: 197 epsilon: 0.01
2024-11-15 04:55:41.570: 197 q: 7.092526
2024-11-15 05:04:43.661: 198 test start:
2024-11-15 05:05:30.579: 198 avg_reward: 11690.5
2024-11-15 05:05:30.580: 198 avg_steps: 2429.55
2024-11-15 05:05:30.580: 198 epsilon: 0.01
2024-11-15 05:05:30.580: 198 q: 7.0875516
2024-11-15 05:14:44.652: 199 test start:
2024-11-15 05:15:34.217: 199 avg_reward: 11700.5
2024-11-15 05:15:34.217: 199 avg_steps: 2550.85
2024-11-15 05:15:34.217: 199 epsilon: 0.01
2024-11-15 05:15:34.217: 199 q: 7.0874004
2024-11-15 05:24:36.114: 200 test start:
2024-11-15 05:25:31.626: 200 avg_reward: 14240.5
2024-11-15 05:25:31.626: 200 avg_steps: 2866.55
2024-11-15 05:25:31.626: 200 epsilon: 0.01
2024-11-15 05:25:31.626: 200 q: 7.099765
