2024-11-11 02:06:41.786: 
parameters:agent_test_episodes: 20
batch_num_per_epoch: 250000
device: cuda:0
env_name: ALE/Kangaroo-v5
epsilon_for_test: 0.001
epsilon_max: 0.1
epsilon_min: 0.01
exp_name: ALE-Kangaroo-v5_2024-11-11-02-06-41
exp_path: ../exps/double_dqn/
exploration_steps: 1000000
gamma: 0.99
held_out_states_num: 1000
learning_rate: 0.00025
log_path: ../exps/double_dqn/
mini_batch_size: 32
model_update_freq: 4
n_times: 5
no_op: 30
phi_channel: 4
replay_buffer_size: 1000000
replay_start_size: 50000
save_model: true
screen_size: 84
seed: 0
skip_k_frame: 4
step_c: 30000
training_steps: 50000000

2024-11-11 02:06:41.861: optimizer: RMSprop (
Parameter Group 0
    alpha: 0.95
    centered: False
    differentiable: False
    eps: 0.01
    foreach: None
    lr: 0.00025
    maximize: False
    momentum: 0
    weight_decay: 0
)
2024-11-11 02:06:41.908: optimizer: RMSprop (
Parameter Group 0
    alpha: 0.95
    centered: False
    differentiable: False
    eps: 0.01
    foreach: None
    lr: 0.00025
    maximize: False
    momentum: 0
    weight_decay: 0
)
2024-11-11 02:15:17.537: 1 test start:
2024-11-11 02:15:26.343: 1 avg_reward: 170.0
2024-11-11 02:15:26.343: 1 avg_steps: 447.95
2024-11-11 02:15:26.344: 1 epsilon: 0.08198335000000001
2024-11-11 02:15:26.344: 1 q: 0.009594371
2024-11-11 02:24:21.872: 2 test start:
2024-11-11 02:24:33.337: 2 avg_reward: 700.0
2024-11-11 02:24:33.337: 2 avg_steps: 592.6
2024-11-11 02:24:33.338: 2 epsilon: 0.05948857
2024-11-11 02:24:33.338: 2 q: 0.014292854
2024-11-11 02:33:48.137: 3 test start:
2024-11-11 02:33:57.014: 3 avg_reward: 350.0
2024-11-11 02:33:57.014: 3 avg_steps: 447.2
2024-11-11 02:33:57.014: 3 epsilon: 0.03699108999999999
2024-11-11 02:33:57.014: 3 q: 0.03590577
2024-11-11 02:42:58.569: 4 test start:
2024-11-11 02:43:09.084: 4 avg_reward: 440.0
2024-11-11 02:43:09.084: 4 avg_steps: 529.1
2024-11-11 02:43:09.084: 4 epsilon: 0.01448730999999999
2024-11-11 02:43:09.084: 4 q: 0.038821712
2024-11-11 02:52:30.340: 5 test start:
2024-11-11 02:52:41.516: 5 avg_reward: 270.0
2024-11-11 02:52:41.517: 5 avg_steps: 591.9
2024-11-11 02:52:41.517: 5 epsilon: 0.01
2024-11-11 02:52:41.517: 5 q: 0.05063089
2024-11-11 03:01:52.715: 6 test start:
2024-11-11 03:02:01.916: 6 avg_reward: 150.0
2024-11-11 03:02:01.917: 6 avg_steps: 458.1
2024-11-11 03:02:01.917: 6 epsilon: 0.01
2024-11-11 03:02:01.917: 6 q: 0.043301284
2024-11-11 03:11:26.496: 7 test start:
2024-11-11 03:11:38.183: 7 avg_reward: 190.0
2024-11-11 03:11:38.183: 7 avg_steps: 582.95
2024-11-11 03:11:38.184: 7 epsilon: 0.01
2024-11-11 03:11:38.184: 7 q: 0.049916565
2024-11-11 03:20:53.489: 8 test start:
2024-11-11 03:20:59.436: 8 avg_reward: 10.0
2024-11-11 03:20:59.436: 8 avg_steps: 291.75
2024-11-11 03:20:59.436: 8 epsilon: 0.01
2024-11-11 03:20:59.436: 8 q: 0.047113433
2024-11-11 03:30:23.637: 9 test start:
2024-11-11 03:30:35.166: 9 avg_reward: 250.0
2024-11-11 03:30:35.166: 9 avg_steps: 589.8
2024-11-11 03:30:35.166: 9 epsilon: 0.01
2024-11-11 03:30:35.166: 9 q: 0.04224459
2024-11-11 03:39:55.751: 10 test start:
2024-11-11 03:40:05.658: 10 avg_reward: 290.0
2024-11-11 03:40:05.659: 10 avg_steps: 476.1
2024-11-11 03:40:05.659: 10 epsilon: 0.01
2024-11-11 03:40:05.659: 10 q: 0.045964483
2024-11-11 03:49:26.231: 11 test start:
2024-11-11 03:49:34.576: 11 avg_reward: 220.0
2024-11-11 03:49:34.576: 11 avg_steps: 436.3
2024-11-11 03:49:34.576: 11 epsilon: 0.01
2024-11-11 03:49:34.576: 11 q: 0.047889717
2024-11-11 03:58:57.806: 12 test start:
2024-11-11 03:59:09.415: 12 avg_reward: 80.0
2024-11-11 03:59:09.415: 12 avg_steps: 558.7
2024-11-11 03:59:09.415: 12 epsilon: 0.01
2024-11-11 03:59:09.415: 12 q: 0.053442374
2024-11-11 04:08:24.740: 13 test start:
2024-11-11 04:08:32.169: 13 avg_reward: 40.0
2024-11-11 04:08:32.169: 13 avg_steps: 366.0
2024-11-11 04:08:32.169: 13 epsilon: 0.01
2024-11-11 04:08:32.170: 13 q: 0.052264992
2024-11-11 04:18:03.117: 14 test start:
2024-11-11 04:18:13.210: 14 avg_reward: 130.0
2024-11-11 04:18:13.210: 14 avg_steps: 499.55
2024-11-11 04:18:13.210: 14 epsilon: 0.01
2024-11-11 04:18:13.210: 14 q: 0.046920657
2024-11-11 04:27:29.908: 15 test start:
2024-11-11 04:27:40.794: 15 avg_reward: 180.0
2024-11-11 04:27:40.794: 15 avg_steps: 543.0
2024-11-11 04:27:40.794: 15 epsilon: 0.01
2024-11-11 04:27:40.794: 15 q: 0.047167677
2024-11-11 04:37:10.685: 16 test start:
2024-11-11 04:37:20.972: 16 avg_reward: 190.0
2024-11-11 04:37:20.972: 16 avg_steps: 506.4
2024-11-11 04:37:20.972: 16 epsilon: 0.01
2024-11-11 04:37:20.972: 16 q: 0.045763098
2024-11-11 04:46:39.286: 17 test start:
2024-11-11 04:46:50.826: 17 avg_reward: 400.0
2024-11-11 04:46:50.827: 17 avg_steps: 567.0
2024-11-11 04:46:50.827: 17 epsilon: 0.01
2024-11-11 04:46:50.827: 17 q: 0.0535544
2024-11-11 04:56:19.959: 18 test start:
2024-11-11 04:56:32.548: 18 avg_reward: 300.0
2024-11-11 04:56:32.549: 18 avg_steps: 624.9
2024-11-11 04:56:32.549: 18 epsilon: 0.01
2024-11-11 04:56:32.549: 18 q: 0.050628882
2024-11-11 05:05:49.327: 19 test start:
2024-11-11 05:06:00.334: 19 avg_reward: 0.0
2024-11-11 05:06:00.334: 19 avg_steps: 547.7
2024-11-11 05:06:00.334: 19 epsilon: 0.01
2024-11-11 05:06:00.334: 19 q: 0.049163863
2024-11-11 05:15:32.218: 20 test start:
2024-11-11 05:15:44.057: 20 avg_reward: 250.0
2024-11-11 05:15:44.057: 20 avg_steps: 587.25
2024-11-11 05:15:44.058: 20 epsilon: 0.01
2024-11-11 05:15:44.058: 20 q: 0.051810272
2024-11-11 05:25:01.699: 21 test start:
2024-11-11 05:25:11.589: 21 avg_reward: 140.0
2024-11-11 05:25:11.590: 21 avg_steps: 490.3
2024-11-11 05:25:11.590: 21 epsilon: 0.01
2024-11-11 05:25:11.590: 21 q: 0.0490179
2024-11-11 05:34:46.402: 22 test start:
2024-11-11 05:34:57.924: 22 avg_reward: 240.0
2024-11-11 05:34:57.924: 22 avg_steps: 571.15
2024-11-11 05:34:57.924: 22 epsilon: 0.01
2024-11-11 05:34:57.924: 22 q: 0.054097537
2024-11-11 05:44:16.278: 23 test start:
2024-11-11 05:44:27.598: 23 avg_reward: 50.0
2024-11-11 05:44:27.599: 23 avg_steps: 561.05
2024-11-11 05:44:27.599: 23 epsilon: 0.01
2024-11-11 05:44:27.599: 23 q: 0.056630775
2024-11-11 05:53:59.635: 24 test start:
2024-11-11 05:54:09.824: 24 avg_reward: 450.0
2024-11-11 05:54:09.825: 24 avg_steps: 508.95
2024-11-11 05:54:09.825: 24 epsilon: 0.01
2024-11-11 05:54:09.825: 24 q: 0.057220526
2024-11-11 06:03:27.534: 25 test start:
2024-11-11 06:03:36.934: 25 avg_reward: 370.0
2024-11-11 06:03:36.934: 25 avg_steps: 466.15
2024-11-11 06:03:36.934: 25 epsilon: 0.01
2024-11-11 06:03:36.934: 25 q: 0.061060995
2024-11-11 06:13:10.104: 26 test start:
2024-11-11 06:13:21.532: 26 avg_reward: 410.0
2024-11-11 06:13:21.532: 26 avg_steps: 564.9
2024-11-11 06:13:21.538: 26 epsilon: 0.01
2024-11-11 06:13:21.538: 26 q: 0.06653875
2024-11-11 06:22:38.900: 27 test start:
2024-11-11 06:22:49.948: 27 avg_reward: 320.0
2024-11-11 06:22:49.948: 27 avg_steps: 541.55
2024-11-11 06:22:49.948: 27 epsilon: 0.01
2024-11-11 06:22:49.948: 27 q: 0.08427902
2024-11-11 06:32:24.155: 28 test start:
2024-11-11 06:32:33.775: 28 avg_reward: 420.0
2024-11-11 06:32:33.775: 28 avg_steps: 475.85
2024-11-11 06:32:33.775: 28 epsilon: 0.01
2024-11-11 06:32:33.775: 28 q: 0.07953888
2024-11-11 06:41:50.162: 29 test start:
2024-11-11 06:42:00.041: 29 avg_reward: 570.0
2024-11-11 06:42:00.041: 29 avg_steps: 478.45
2024-11-11 06:42:00.041: 29 epsilon: 0.01
2024-11-11 06:42:00.041: 29 q: 0.084427744
2024-11-11 06:51:33.463: 30 test start:
2024-11-11 06:51:42.052: 30 avg_reward: 380.0
2024-11-11 06:51:42.052: 30 avg_steps: 430.15
2024-11-11 06:51:42.052: 30 epsilon: 0.01
2024-11-11 06:51:42.052: 30 q: 0.09168242
2024-11-11 07:00:59.788: 31 test start:
2024-11-11 07:01:09.955: 31 avg_reward: 600.0
2024-11-11 07:01:09.955: 31 avg_steps: 504.7
2024-11-11 07:01:09.955: 31 epsilon: 0.01
2024-11-11 07:01:09.955: 31 q: 0.1042944
2024-11-11 07:10:41.166: 32 test start:
2024-11-11 07:10:50.142: 32 avg_reward: 470.0
2024-11-11 07:10:50.142: 32 avg_steps: 448.95
2024-11-11 07:10:50.142: 32 epsilon: 0.01
2024-11-11 07:10:50.143: 32 q: 0.104599044
2024-11-11 07:20:07.890: 33 test start:
2024-11-11 07:20:18.830: 33 avg_reward: 680.0
2024-11-11 07:20:18.830: 33 avg_steps: 529.45
2024-11-11 07:20:18.830: 33 epsilon: 0.01
2024-11-11 07:20:18.830: 33 q: 0.13313282
2024-11-11 07:29:49.959: 34 test start:
2024-11-11 07:29:58.213: 34 avg_reward: 370.0
2024-11-11 07:29:58.214: 34 avg_steps: 408.05
2024-11-11 07:29:58.214: 34 epsilon: 0.01
2024-11-11 07:29:58.214: 34 q: 0.14705533
2024-11-11 07:39:14.527: 35 test start:
2024-11-11 07:39:24.177: 35 avg_reward: 600.0
2024-11-11 07:39:24.177: 35 avg_steps: 457.55
2024-11-11 07:39:24.177: 35 epsilon: 0.01
2024-11-11 07:39:24.177: 35 q: 0.16719663
2024-11-11 07:48:55.647: 36 test start:
2024-11-11 07:49:05.699: 36 avg_reward: 690.0
2024-11-11 07:49:05.699: 36 avg_steps: 499.6
2024-11-11 07:49:05.699: 36 epsilon: 0.01
2024-11-11 07:49:05.699: 36 q: 0.19421867
2024-11-11 07:58:22.868: 37 test start:
2024-11-11 07:58:32.487: 37 avg_reward: 600.0
2024-11-11 07:58:32.488: 37 avg_steps: 455.3
2024-11-11 07:58:32.488: 37 epsilon: 0.01
2024-11-11 07:58:32.488: 37 q: 0.20731482
2024-11-11 08:07:59.300: 38 test start:
2024-11-11 08:08:09.522: 38 avg_reward: 690.0
2024-11-11 08:08:09.522: 38 avg_steps: 517.95
2024-11-11 08:08:09.522: 38 epsilon: 0.01
2024-11-11 08:08:09.523: 38 q: 0.2493364
2024-11-11 08:17:32.615: 39 test start:
2024-11-11 08:17:43.388: 39 avg_reward: 780.0
2024-11-11 08:17:43.388: 39 avg_steps: 515.6
2024-11-11 08:17:43.388: 39 epsilon: 0.01
2024-11-11 08:17:43.388: 39 q: 0.29032734
2024-11-11 08:27:03.273: 40 test start:
2024-11-11 08:27:14.230: 40 avg_reward: 620.0
2024-11-11 08:27:14.230: 40 avg_steps: 550.65
2024-11-11 08:27:14.231: 40 epsilon: 0.01
2024-11-11 08:27:14.231: 40 q: 0.298508
2024-11-11 08:36:42.858: 41 test start:
2024-11-11 08:36:53.822: 41 avg_reward: 400.0
2024-11-11 08:36:53.822: 41 avg_steps: 519.4
2024-11-11 08:36:53.822: 41 epsilon: 0.01
2024-11-11 08:36:53.823: 41 q: 0.36475042
2024-11-11 08:46:08.327: 42 test start:
2024-11-11 08:46:19.692: 42 avg_reward: 690.0
2024-11-11 08:46:19.693: 42 avg_steps: 573.35
2024-11-11 08:46:19.693: 42 epsilon: 0.01
2024-11-11 08:46:19.693: 42 q: 0.3692592
2024-11-11 08:55:51.756: 43 test start:
2024-11-11 08:56:03.331: 43 avg_reward: 740.0
2024-11-11 08:56:03.332: 43 avg_steps: 574.65
2024-11-11 08:56:03.332: 43 epsilon: 0.01
2024-11-11 08:56:03.332: 43 q: 0.37029102
2024-11-11 09:05:19.974: 44 test start:
2024-11-11 09:05:32.487: 44 avg_reward: 760.0
2024-11-11 09:05:32.487: 44 avg_steps: 612.25
2024-11-11 09:05:32.487: 44 epsilon: 0.01
2024-11-11 09:05:32.487: 44 q: 0.35744306
2024-11-11 09:15:03.977: 45 test start:
2024-11-11 09:15:15.795: 45 avg_reward: 950.0
2024-11-11 09:15:15.795: 45 avg_steps: 590.2
2024-11-11 09:15:15.795: 45 epsilon: 0.01
2024-11-11 09:15:15.795: 45 q: 0.352272
2024-11-11 09:24:31.596: 46 test start:
2024-11-11 09:24:48.336: 46 avg_reward: 1600.0
2024-11-11 09:24:48.336: 46 avg_steps: 815.2
2024-11-11 09:24:48.336: 46 epsilon: 0.01
2024-11-11 09:24:48.336: 46 q: 0.35491693
2024-11-11 09:34:17.570: 47 test start:
2024-11-11 09:34:31.365: 47 avg_reward: 1250.0
2024-11-11 09:34:31.365: 47 avg_steps: 713.45
2024-11-11 09:34:31.365: 47 epsilon: 0.01
2024-11-11 09:34:31.365: 47 q: 0.35213947
2024-11-11 09:43:47.891: 48 test start:
2024-11-11 09:44:00.499: 48 avg_reward: 990.0
2024-11-11 09:44:00.499: 48 avg_steps: 619.85
2024-11-11 09:44:00.499: 48 epsilon: 0.01
2024-11-11 09:44:00.499: 48 q: 0.3613743
2024-11-11 09:53:32.830: 49 test start:
2024-11-11 09:53:47.200: 49 avg_reward: 1360.0
2024-11-11 09:53:47.200: 49 avg_steps: 711.55
2024-11-11 09:53:47.200: 49 epsilon: 0.01
2024-11-11 09:53:47.201: 49 q: 0.36222768
2024-11-11 10:02:59.575: 50 test start:
2024-11-11 10:03:11.189: 50 avg_reward: 820.0
2024-11-11 10:03:11.190: 50 avg_steps: 562.4
2024-11-11 10:03:11.190: 50 epsilon: 0.01
2024-11-11 10:03:11.190: 50 q: 0.3725146
2024-11-11 10:12:44.873: 51 test start:
2024-11-11 10:13:01.249: 51 avg_reward: 1670.0
2024-11-11 10:13:01.249: 51 avg_steps: 812.15
2024-11-11 10:13:01.249: 51 epsilon: 0.01
2024-11-11 10:13:01.249: 51 q: 0.38081768
2024-11-11 10:22:21.971: 52 test start:
2024-11-11 10:22:43.808: 52 avg_reward: 2720.0
2024-11-11 10:22:43.808: 52 avg_steps: 1082.45
2024-11-11 10:22:43.808: 52 epsilon: 0.01
2024-11-11 10:22:43.808: 52 q: 0.37897712
2024-11-11 10:32:10.959: 53 test start:
2024-11-11 10:32:25.530: 53 avg_reward: 1320.0
2024-11-11 10:32:25.530: 53 avg_steps: 715.8
2024-11-11 10:32:25.530: 53 epsilon: 0.01
2024-11-11 10:32:25.530: 53 q: 0.40986836
2024-11-11 10:41:42.037: 54 test start:
2024-11-11 10:41:55.727: 54 avg_reward: 1210.0
2024-11-11 10:41:55.727: 54 avg_steps: 664.6
2024-11-11 10:41:55.727: 54 epsilon: 0.01
2024-11-11 10:41:55.727: 54 q: 0.42232355
2024-11-11 10:51:23.610: 55 test start:
2024-11-11 10:51:39.567: 55 avg_reward: 1640.0
2024-11-11 10:51:39.568: 55 avg_steps: 797.75
2024-11-11 10:51:39.568: 55 epsilon: 0.01
2024-11-11 10:51:39.568: 55 q: 0.4165849
2024-11-11 11:00:58.111: 56 test start:
2024-11-11 11:01:11.339: 56 avg_reward: 1190.0
2024-11-11 11:01:11.340: 56 avg_steps: 671.5
2024-11-11 11:01:11.340: 56 epsilon: 0.01
2024-11-11 11:01:11.340: 56 q: 0.41210613
2024-11-11 11:10:45.194: 57 test start:
2024-11-11 11:11:02.170: 57 avg_reward: 1980.0
2024-11-11 11:11:02.170: 57 avg_steps: 879.8
2024-11-11 11:11:02.170: 57 epsilon: 0.01
2024-11-11 11:11:02.170: 57 q: 0.4172025
2024-11-11 11:20:18.994: 58 test start:
2024-11-11 11:20:37.741: 58 avg_reward: 1900.0
2024-11-11 11:20:37.741: 58 avg_steps: 930.3
2024-11-11 11:20:37.742: 58 epsilon: 0.01
2024-11-11 11:20:37.742: 58 q: 0.4229049
2024-11-11 11:30:10.750: 59 test start:
2024-11-11 11:30:33.305: 59 avg_reward: 2580.0
2024-11-11 11:30:33.305: 59 avg_steps: 1134.95
2024-11-11 11:30:33.305: 59 epsilon: 0.01
2024-11-11 11:30:33.305: 59 q: 0.4299821
2024-11-11 11:39:53.894: 60 test start:
2024-11-11 11:40:09.079: 60 avg_reward: 1520.0
2024-11-11 11:40:09.079: 60 avg_steps: 739.6
2024-11-11 11:40:09.079: 60 epsilon: 0.01
2024-11-11 11:40:09.079: 60 q: 0.40530634
2024-11-11 11:49:38.472: 61 test start:
2024-11-11 11:50:09.148: 61 avg_reward: 4320.0
2024-11-11 11:50:09.148: 61 avg_steps: 1563.4
2024-11-11 11:50:09.148: 61 epsilon: 0.01
2024-11-11 11:50:09.148: 61 q: 0.4192082
2024-11-11 11:59:34.950: 62 test start:
2024-11-11 11:59:50.952: 62 avg_reward: 1360.0
2024-11-11 11:59:50.952: 62 avg_steps: 750.6
2024-11-11 11:59:50.952: 62 epsilon: 0.01
2024-11-11 11:59:50.952: 62 q: 0.39298773
2024-11-11 12:09:10.959: 63 test start:
2024-11-11 12:09:30.726: 63 avg_reward: 2070.0
2024-11-11 12:09:30.726: 63 avg_steps: 977.7
2024-11-11 12:09:30.726: 63 epsilon: 0.01
2024-11-11 12:09:30.726: 63 q: 0.39755052
2024-11-11 12:19:04.085: 64 test start:
2024-11-11 12:19:23.420: 64 avg_reward: 2200.0
2024-11-11 12:19:23.420: 64 avg_steps: 958.75
2024-11-11 12:19:23.420: 64 epsilon: 0.01
2024-11-11 12:19:23.420: 64 q: 0.40521166
2024-11-11 12:28:37.589: 65 test start:
2024-11-11 12:28:55.541: 65 avg_reward: 1730.0
2024-11-11 12:28:55.541: 65 avg_steps: 866.85
2024-11-11 12:28:55.541: 65 epsilon: 0.01
2024-11-11 12:28:55.541: 65 q: 0.41433775
2024-11-11 12:38:28.365: 66 test start:
2024-11-11 12:39:03.573: 66 avg_reward: 4500.0
2024-11-11 12:39:03.573: 66 avg_steps: 1743.2
2024-11-11 12:39:03.573: 66 epsilon: 0.01
2024-11-11 12:39:03.573: 66 q: 0.4275177
2024-11-11 12:48:23.281: 67 test start:
2024-11-11 12:49:01.033: 67 avg_reward: 4780.0
2024-11-11 12:49:01.036: 67 avg_steps: 1842.8
2024-11-11 12:49:01.036: 67 epsilon: 0.01
2024-11-11 12:49:01.036: 67 q: 0.43408936
2024-11-11 12:58:32.669: 68 test start:
2024-11-11 12:59:07.714: 68 avg_reward: 4640.0
2024-11-11 12:59:07.714: 68 avg_steps: 1720.5
2024-11-11 12:59:07.714: 68 epsilon: 0.01
2024-11-11 12:59:07.714: 68 q: 0.45326978
2024-11-11 13:08:23.208: 69 test start:
2024-11-11 13:09:00.409: 69 avg_reward: 4740.0
2024-11-11 13:09:00.409: 69 avg_steps: 1784.9
2024-11-11 13:09:00.414: 69 epsilon: 0.01
2024-11-11 13:09:00.414: 69 q: 0.44669548
2024-11-11 13:18:30.638: 70 test start:
2024-11-11 13:19:01.956: 70 avg_reward: 3970.0
2024-11-11 13:19:01.956: 70 avg_steps: 1548.5
2024-11-11 13:19:01.956: 70 epsilon: 0.01
2024-11-11 13:19:01.956: 70 q: 0.47089556
2024-11-11 13:28:25.138: 71 test start:
2024-11-11 13:29:03.020: 71 avg_reward: 4860.0
2024-11-11 13:29:03.020: 71 avg_steps: 1859.5
2024-11-11 13:29:03.020: 71 epsilon: 0.01
2024-11-11 13:29:03.020: 71 q: 0.47660854
2024-11-11 13:38:33.136: 72 test start:
2024-11-11 13:39:15.672: 72 avg_reward: 5950.0
2024-11-11 13:39:15.673: 72 avg_steps: 2210.8
2024-11-11 13:39:15.673: 72 epsilon: 0.01
2024-11-11 13:39:15.673: 72 q: 0.4820874
2024-11-11 13:48:36.753: 73 test start:
2024-11-11 13:49:37.001: 73 avg_reward: 8660.0
2024-11-11 13:49:37.001: 73 avg_steps: 2944.4
2024-11-11 13:49:37.001: 73 epsilon: 0.01
2024-11-11 13:49:37.001: 73 q: 0.4979251
2024-11-11 13:59:08.026: 74 test start:
2024-11-11 13:59:29.439: 74 avg_reward: 2570.0
2024-11-11 13:59:29.439: 74 avg_steps: 1098.15
2024-11-11 13:59:29.439: 74 epsilon: 0.01
2024-11-11 13:59:29.439: 74 q: 0.50559264
2024-11-11 14:08:52.371: 75 test start:
2024-11-11 14:09:26.940: 75 avg_reward: 4420.0
2024-11-11 14:09:26.940: 75 avg_steps: 1654.1
2024-11-11 14:09:26.940: 75 epsilon: 0.01
2024-11-11 14:09:26.940: 75 q: 0.49881685
2024-11-11 14:18:50.395: 76 test start:
2024-11-11 14:19:47.899: 76 avg_reward: 8100.0
2024-11-11 14:19:47.899: 76 avg_steps: 2798.1
2024-11-11 14:19:47.899: 76 epsilon: 0.01
2024-11-11 14:19:47.899: 76 q: 0.53481853
2024-11-11 14:29:25.819: 77 test start:
2024-11-11 14:29:42.220: 77 avg_reward: 1630.0
2024-11-11 14:29:42.221: 77 avg_steps: 818.9
2024-11-11 14:29:42.221: 77 epsilon: 0.01
2024-11-11 14:29:42.221: 77 q: 0.522371
2024-11-11 14:38:54.369: 78 test start:
2024-11-11 14:39:40.450: 78 avg_reward: 6310.0
2024-11-11 14:39:40.450: 78 avg_steps: 2265.7
2024-11-11 14:39:40.450: 78 epsilon: 0.01
2024-11-11 14:39:40.450: 78 q: 0.5351652
2024-11-11 14:49:11.257: 79 test start:
2024-11-11 14:49:36.262: 79 avg_reward: 3050.0
2024-11-11 14:49:36.262: 79 avg_steps: 1246.85
2024-11-11 14:49:36.263: 79 epsilon: 0.01
2024-11-11 14:49:36.263: 79 q: 0.5360121
2024-11-11 14:59:00.584: 80 test start:
2024-11-11 14:59:44.587: 80 avg_reward: 5840.0
2024-11-11 14:59:44.587: 80 avg_steps: 2164.35
2024-11-11 14:59:44.587: 80 epsilon: 0.01
2024-11-11 14:59:44.587: 80 q: 0.54237366
2024-11-11 15:09:16.524: 81 test start:
2024-11-11 15:10:16.447: 81 avg_reward: 8880.0
2024-11-11 15:10:16.447: 81 avg_steps: 3037.7
2024-11-11 15:10:16.447: 81 epsilon: 0.01
2024-11-11 15:10:16.447: 81 q: 0.54747903
2024-11-11 15:19:38.134: 82 test start:
2024-11-11 15:20:31.451: 82 avg_reward: 7390.0
2024-11-11 15:20:31.451: 82 avg_steps: 2644.3
2024-11-11 15:20:31.451: 82 epsilon: 0.01
2024-11-11 15:20:31.451: 82 q: 0.56878006
2024-11-11 15:29:57.757: 83 test start:
2024-11-11 15:30:42.582: 83 avg_reward: 5950.0
2024-11-11 15:30:42.582: 83 avg_steps: 2235.7
2024-11-11 15:30:42.583: 83 epsilon: 0.01
2024-11-11 15:30:42.583: 83 q: 0.57569236
2024-11-11 15:40:05.184: 84 test start:
2024-11-11 15:40:39.293: 84 avg_reward: 4270.0
2024-11-11 15:40:39.293: 84 avg_steps: 1657.75
2024-11-11 15:40:39.293: 84 epsilon: 0.01
2024-11-11 15:40:39.293: 84 q: 0.5638153
2024-11-11 15:50:03.262: 85 test start:
2024-11-11 15:50:21.769: 85 avg_reward: 1970.0
2024-11-11 15:50:21.769: 85 avg_steps: 942.75
2024-11-11 15:50:21.769: 85 epsilon: 0.01
2024-11-11 15:50:21.769: 85 q: 0.5647795
2024-11-11 15:59:43.311: 86 test start:
2024-11-11 16:00:35.530: 86 avg_reward: 7120.0
2024-11-11 16:00:35.530: 86 avg_steps: 2561.65
2024-11-11 16:00:35.530: 86 epsilon: 0.01
2024-11-11 16:00:35.530: 86 q: 0.5889862
2024-11-11 16:09:54.157: 87 test start:
2024-11-11 16:10:45.163: 87 avg_reward: 7280.0
2024-11-11 16:10:45.163: 87 avg_steps: 2578.6
2024-11-11 16:10:45.163: 87 epsilon: 0.01
2024-11-11 16:10:45.163: 87 q: 0.60140735
2024-11-11 16:20:18.014: 88 test start:
2024-11-11 16:21:14.835: 88 avg_reward: 8220.0
2024-11-11 16:21:14.835: 88 avg_steps: 2816.2
2024-11-11 16:21:14.835: 88 epsilon: 0.01
2024-11-11 16:21:14.835: 88 q: 0.6203993
2024-11-11 16:30:33.383: 89 test start:
2024-11-11 16:31:17.560: 89 avg_reward: 6280.0
2024-11-11 16:31:17.560: 89 avg_steps: 2200.0
2024-11-11 16:31:17.560: 89 epsilon: 0.01
2024-11-11 16:31:17.560: 89 q: 0.63415504
2024-11-11 16:41:03.098: 90 test start:
2024-11-11 16:41:51.073: 90 avg_reward: 6970.0
2024-11-11 16:41:51.073: 90 avg_steps: 2478.35
2024-11-11 16:41:51.073: 90 epsilon: 0.01
2024-11-11 16:41:51.073: 90 q: 0.629612
2024-11-11 16:50:59.831: 91 test start:
2024-11-11 16:52:03.424: 91 avg_reward: 8860.0
2024-11-11 16:52:03.424: 91 avg_steps: 3069.45
2024-11-11 16:52:03.424: 91 epsilon: 0.01
2024-11-11 16:52:03.424: 91 q: 0.6473588
2024-11-11 17:01:34.812: 92 test start:
2024-11-11 17:02:09.004: 92 avg_reward: 4450.0
2024-11-11 17:02:09.004: 92 avg_steps: 1712.25
2024-11-11 17:02:09.004: 92 epsilon: 0.01
2024-11-11 17:02:09.004: 92 q: 0.6587946
2024-11-11 17:11:39.883: 93 test start:
2024-11-11 17:12:31.368: 93 avg_reward: 7270.0
2024-11-11 17:12:31.368: 93 avg_steps: 2476.1
2024-11-11 17:12:31.368: 93 epsilon: 0.01
2024-11-11 17:12:31.368: 93 q: 0.64455575
2024-11-11 17:21:47.641: 94 test start:
2024-11-11 17:22:05.602: 94 avg_reward: 1850.0
2024-11-11 17:22:05.602: 94 avg_steps: 914.35
2024-11-11 17:22:05.602: 94 epsilon: 0.01
2024-11-11 17:22:05.602: 94 q: 0.6398376
2024-11-11 17:31:48.415: 95 test start:
2024-11-11 17:32:24.123: 95 avg_reward: 4530.0
2024-11-11 17:32:24.124: 95 avg_steps: 1723.5
2024-11-11 17:32:24.124: 95 epsilon: 0.01
2024-11-11 17:32:24.124: 95 q: 0.64367527
2024-11-11 17:41:33.695: 96 test start:
2024-11-11 17:42:32.798: 96 avg_reward: 8910.0
2024-11-11 17:42:32.798: 96 avg_steps: 2914.5
2024-11-11 17:42:32.798: 96 epsilon: 0.01
2024-11-11 17:42:32.798: 96 q: 0.665845
2024-11-11 17:52:27.148: 97 test start:
2024-11-11 17:52:49.331: 97 avg_reward: 2330.0
2024-11-11 17:52:49.332: 97 avg_steps: 1109.8
2024-11-11 17:52:49.332: 97 epsilon: 0.01
2024-11-11 17:52:49.332: 97 q: 0.6634683
2024-11-11 18:02:03.271: 98 test start:
2024-11-11 18:02:29.342: 98 avg_reward: 3040.0
2024-11-11 18:02:29.342: 98 avg_steps: 1285.4
2024-11-11 18:02:29.342: 98 epsilon: 0.01
2024-11-11 18:02:29.342: 98 q: 0.67416716
2024-11-11 18:12:18.775: 99 test start:
2024-11-11 18:12:50.257: 99 avg_reward: 4510.0
2024-11-11 18:12:50.257: 99 avg_steps: 1579.35
2024-11-11 18:12:50.257: 99 epsilon: 0.01
2024-11-11 18:12:50.257: 99 q: 0.6637736
2024-11-11 18:22:01.212: 100 test start:
2024-11-11 18:22:26.947: 100 avg_reward: 3070.0
2024-11-11 18:22:26.947: 100 avg_steps: 1285.1
2024-11-11 18:22:26.947: 100 epsilon: 0.01
2024-11-11 18:22:26.947: 100 q: 0.6679849
2024-11-11 18:32:14.377: 101 test start:
2024-11-11 18:32:44.612: 101 avg_reward: 4190.0
2024-11-11 18:32:44.612: 101 avg_steps: 1529.95
2024-11-11 18:32:44.617: 101 epsilon: 0.01
2024-11-11 18:32:44.617: 101 q: 0.63704133
2024-11-11 18:41:56.042: 102 test start:
2024-11-11 18:42:14.580: 102 avg_reward: 1800.0
2024-11-11 18:42:14.581: 102 avg_steps: 917.55
2024-11-11 18:42:14.581: 102 epsilon: 0.01
2024-11-11 18:42:14.581: 102 q: 0.6563407
2024-11-11 18:51:58.769: 103 test start:
2024-11-11 18:52:43.120: 103 avg_reward: 7330.0
2024-11-11 18:52:43.151: 103 avg_steps: 2300.25
2024-11-11 18:52:43.151: 103 epsilon: 0.01
2024-11-11 18:52:43.151: 103 q: 0.66978794
2024-11-11 19:02:02.882: 104 test start:
2024-11-11 19:02:52.146: 104 avg_reward: 7220.0
2024-11-11 19:02:52.147: 104 avg_steps: 2395.5
2024-11-11 19:02:52.147: 104 epsilon: 0.01
2024-11-11 19:02:52.147: 104 q: 0.6535205
2024-11-11 19:12:19.382: 105 test start:
2024-11-11 19:12:53.014: 105 avg_reward: 5160.0
2024-11-11 19:12:53.015: 105 avg_steps: 1766.3
2024-11-11 19:12:53.015: 105 epsilon: 0.01
2024-11-11 19:12:53.015: 105 q: 0.6747299
2024-11-11 19:22:34.878: 106 test start:
2024-11-11 19:23:25.345: 106 avg_reward: 7310.0
2024-11-11 19:23:25.345: 106 avg_steps: 2426.5
2024-11-11 19:23:25.345: 106 epsilon: 0.01
2024-11-11 19:23:25.345: 106 q: 0.6447603
2024-11-11 19:32:43.283: 107 test start:
2024-11-11 19:33:23.155: 107 avg_reward: 6050.0
2024-11-11 19:33:23.155: 107 avg_steps: 2019.7
2024-11-11 19:33:23.155: 107 epsilon: 0.01
2024-11-11 19:33:23.155: 107 q: 0.6589044
2024-11-11 19:43:15.892: 108 test start:
2024-11-11 19:44:20.847: 108 avg_reward: 11020.0
2024-11-11 19:44:20.848: 108 avg_steps: 3261.3
2024-11-11 19:44:20.848: 108 epsilon: 0.01
2024-11-11 19:44:20.848: 108 q: 0.67445344
2024-11-11 19:53:29.457: 109 test start:
2024-11-11 19:54:19.824: 109 avg_reward: 8380.0
2024-11-11 19:54:19.824: 109 avg_steps: 2498.95
2024-11-11 19:54:19.825: 109 epsilon: 0.01
2024-11-11 19:54:19.825: 109 q: 0.6883313
2024-11-11 20:04:05.472: 110 test start:
2024-11-11 20:05:01.934: 110 avg_reward: 9830.0
2024-11-11 20:05:01.935: 110 avg_steps: 2971.95
2024-11-11 20:05:01.935: 110 epsilon: 0.01
2024-11-11 20:05:01.935: 110 q: 0.69497097
2024-11-11 20:14:12.447: 111 test start:
2024-11-11 20:15:08.127: 111 avg_reward: 8820.0
2024-11-11 20:15:08.127: 111 avg_steps: 2697.45
2024-11-11 20:15:08.127: 111 epsilon: 0.01
2024-11-11 20:15:08.127: 111 q: 0.7087776
2024-11-11 20:24:47.991: 112 test start:
2024-11-11 20:26:02.724: 112 avg_reward: 13180.0
2024-11-11 20:26:02.724: 112 avg_steps: 3817.85
2024-11-11 20:26:02.724: 112 epsilon: 0.01
2024-11-11 20:26:02.724: 112 q: 0.6850708
2024-11-11 20:35:29.903: 113 test start:
2024-11-11 20:36:14.249: 113 avg_reward: 6780.0
2024-11-11 20:36:14.250: 113 avg_steps: 2142.0
2024-11-11 20:36:14.250: 113 epsilon: 0.01
2024-11-11 20:36:14.250: 113 q: 0.7000673
2024-11-11 20:45:31.120: 114 test start:
2024-11-11 20:46:08.423: 114 avg_reward: 5960.0
2024-11-11 20:46:08.423: 114 avg_steps: 1942.0
2024-11-11 20:46:08.423: 114 epsilon: 0.01
2024-11-11 20:46:08.423: 114 q: 0.7140239
2024-11-11 20:55:52.244: 115 test start:
2024-11-11 20:56:26.939: 115 avg_reward: 5050.0
2024-11-11 20:56:26.939: 115 avg_steps: 1678.1
2024-11-11 20:56:26.939: 115 epsilon: 0.01
2024-11-11 20:56:26.939: 115 q: 0.7276203
2024-11-11 21:05:38.145: 116 test start:
2024-11-11 21:06:30.373: 116 avg_reward: 8200.0
2024-11-11 21:06:30.374: 116 avg_steps: 2647.3
2024-11-11 21:06:30.374: 116 epsilon: 0.01
2024-11-11 21:06:30.374: 116 q: 0.7249777
2024-11-11 21:16:04.546: 117 test start:
2024-11-11 21:16:47.308: 117 avg_reward: 6820.0
2024-11-11 21:16:47.308: 117 avg_steps: 2148.2
2024-11-11 21:16:47.308: 117 epsilon: 0.01
2024-11-11 21:16:47.308: 117 q: 0.7403988
2024-11-11 21:26:25.699: 118 test start:
2024-11-11 21:27:06.455: 118 avg_reward: 6490.0
2024-11-11 21:27:06.455: 118 avg_steps: 1961.55
2024-11-11 21:27:06.455: 118 epsilon: 0.01
2024-11-11 21:27:06.455: 118 q: 0.7449229
2024-11-11 21:36:55.217: 119 test start:
2024-11-11 21:37:25.587: 119 avg_reward: 4390.0
2024-11-11 21:37:25.587: 119 avg_steps: 1516.85
2024-11-11 21:37:25.587: 119 epsilon: 0.01
2024-11-11 21:37:25.587: 119 q: 0.76696855
2024-11-11 21:47:02.683: 120 test start:
2024-11-11 21:48:11.065: 120 avg_reward: 12060.0
2024-11-11 21:48:11.065: 120 avg_steps: 3310.4
2024-11-11 21:48:11.065: 120 epsilon: 0.01
2024-11-11 21:48:11.065: 120 q: 0.7522649
2024-11-11 21:57:50.443: 121 test start:
2024-11-11 21:58:18.957: 121 avg_reward: 3910.0
2024-11-11 21:58:18.957: 121 avg_steps: 1437.7
2024-11-11 21:58:18.957: 121 epsilon: 0.01
2024-11-11 21:58:18.957: 121 q: 0.76315826
2024-11-11 22:08:08.443: 122 test start:
2024-11-11 22:09:12.472: 122 avg_reward: 11000.0
2024-11-11 22:09:12.472: 122 avg_steps: 3105.85
2024-11-11 22:09:12.472: 122 epsilon: 0.01
2024-11-11 22:09:12.472: 122 q: 0.7670983
2024-11-11 22:18:46.503: 123 test start:
2024-11-11 22:19:48.640: 123 avg_reward: 11500.0
2024-11-11 22:19:48.640: 123 avg_steps: 3149.15
2024-11-11 22:19:48.640: 123 epsilon: 0.01
2024-11-11 22:19:48.640: 123 q: 0.7628467
2024-11-11 22:29:50.980: 124 test start:
2024-11-11 22:30:42.640: 124 avg_reward: 8630.0
2024-11-11 22:30:42.640: 124 avg_steps: 2488.45
2024-11-11 22:30:42.640: 124 epsilon: 0.01
2024-11-11 22:30:42.640: 124 q: 0.76586366
2024-11-11 22:40:09.172: 125 test start:
2024-11-11 22:41:10.078: 125 avg_reward: 10220.0
2024-11-11 22:41:10.078: 125 avg_steps: 2933.0
2024-11-11 22:41:10.079: 125 epsilon: 0.01
2024-11-11 22:41:10.079: 125 q: 0.7506097
2024-11-11 22:51:12.979: 126 test start:
2024-11-11 22:52:05.039: 126 avg_reward: 9255.0
2024-11-11 22:52:05.039: 126 avg_steps: 2637.15
2024-11-11 22:52:05.039: 126 epsilon: 0.01
2024-11-11 22:52:05.039: 126 q: 0.769726
2024-11-11 23:01:50.378: 127 test start:
2024-11-11 23:02:31.432: 127 avg_reward: 6390.0
2024-11-11 23:02:31.432: 127 avg_steps: 1979.85
2024-11-11 23:02:31.432: 127 epsilon: 0.01
2024-11-11 23:02:31.432: 127 q: 0.7894264
2024-11-11 23:12:21.671: 128 test start:
2024-11-11 23:13:32.617: 128 avg_reward: 13210.0
2024-11-11 23:13:32.618: 128 avg_steps: 3577.0
2024-11-11 23:13:32.618: 128 epsilon: 0.01
2024-11-11 23:13:32.618: 128 q: 0.8040394
2024-11-11 23:23:27.643: 129 test start:
2024-11-11 23:24:19.494: 129 avg_reward: 8790.0
2024-11-11 23:24:19.494: 129 avg_steps: 2546.5
2024-11-11 23:24:19.494: 129 epsilon: 0.01
2024-11-11 23:24:19.494: 129 q: 0.78438616
2024-11-11 23:33:52.716: 130 test start:
2024-11-11 23:34:53.953: 130 avg_reward: 11270.0
2024-11-11 23:34:53.953: 130 avg_steps: 3117.5
2024-11-11 23:34:53.953: 130 epsilon: 0.01
2024-11-11 23:34:53.953: 130 q: 0.7749829
2024-11-11 23:44:57.065: 131 test start:
2024-11-11 23:46:00.337: 131 avg_reward: 11430.0
2024-11-11 23:46:00.337: 131 avg_steps: 3159.65
2024-11-11 23:46:00.337: 131 epsilon: 0.01
2024-11-11 23:46:00.337: 131 q: 0.7994534
2024-11-11 23:55:23.069: 132 test start:
2024-11-11 23:56:28.617: 132 avg_reward: 11740.0
2024-11-11 23:56:28.618: 132 avg_steps: 3225.7
2024-11-11 23:56:28.618: 132 epsilon: 0.01
2024-11-11 23:56:28.618: 132 q: 0.8107317
2024-11-12 00:06:31.969: 133 test start:
2024-11-12 00:07:30.203: 133 avg_reward: 10580.0
2024-11-12 00:07:30.203: 133 avg_steps: 2970.25
2024-11-12 00:07:30.203: 133 epsilon: 0.01
2024-11-12 00:07:30.203: 133 q: 0.7998594
2024-11-12 00:17:21.379: 134 test start:
2024-11-12 00:18:26.997: 134 avg_reward: 11460.0
2024-11-12 00:18:26.997: 134 avg_steps: 3160.5
2024-11-12 00:18:26.998: 134 epsilon: 0.01
2024-11-12 00:18:26.998: 134 q: 0.80395573
2024-11-12 00:28:12.331: 135 test start:
2024-11-12 00:29:11.365: 135 avg_reward: 10460.0
2024-11-12 00:29:11.365: 135 avg_steps: 2956.55
2024-11-12 00:29:11.365: 135 epsilon: 0.01
2024-11-12 00:29:11.366: 135 q: 0.81545496
2024-11-12 00:39:01.424: 136 test start:
2024-11-12 00:40:02.792: 136 avg_reward: 10365.0
2024-11-12 00:40:02.792: 136 avg_steps: 2970.15
2024-11-12 00:40:02.792: 136 epsilon: 0.01
2024-11-12 00:40:02.792: 136 q: 0.82900965
2024-11-12 00:49:37.738: 137 test start:
2024-11-12 00:50:29.465: 137 avg_reward: 7950.0
2024-11-12 00:50:29.465: 137 avg_steps: 2587.05
2024-11-12 00:50:29.465: 137 epsilon: 0.01
2024-11-12 00:50:29.465: 137 q: 0.8302725
2024-11-12 01:00:29.233: 138 test start:
2024-11-12 01:01:31.132: 138 avg_reward: 10620.0
2024-11-12 01:01:31.132: 138 avg_steps: 2997.85
2024-11-12 01:01:31.132: 138 epsilon: 0.01
2024-11-12 01:01:31.132: 138 q: 0.8305063
2024-11-12 01:11:03.704: 139 test start:
2024-11-12 01:12:00.979: 139 avg_reward: 9680.0
2024-11-12 01:12:00.979: 139 avg_steps: 2795.25
2024-11-12 01:12:00.979: 139 epsilon: 0.01
2024-11-12 01:12:00.979: 139 q: 0.8548968
2024-11-12 01:21:56.125: 140 test start:
2024-11-12 01:23:06.816: 140 avg_reward: 13000.0
2024-11-12 01:23:06.816: 140 avg_steps: 3569.45
2024-11-12 01:23:06.816: 140 epsilon: 0.01
2024-11-12 01:23:06.816: 140 q: 0.85986865
2024-11-12 01:32:42.658: 141 test start:
2024-11-12 01:33:56.803: 141 avg_reward: 13180.0
2024-11-12 01:33:56.803: 141 avg_steps: 3588.25
2024-11-12 01:33:56.804: 141 epsilon: 0.01
2024-11-12 01:33:56.804: 141 q: 0.8739349
2024-11-12 01:43:46.363: 142 test start:
2024-11-12 01:44:48.489: 142 avg_reward: 11400.0
2024-11-12 01:44:48.489: 142 avg_steps: 3165.2
2024-11-12 01:44:48.489: 142 epsilon: 0.01
2024-11-12 01:44:48.489: 142 q: 0.86609864
2024-11-12 01:54:42.469: 143 test start:
2024-11-12 01:55:43.527: 143 avg_reward: 10470.0
2024-11-12 01:55:43.527: 143 avg_steps: 2934.0
2024-11-12 01:55:43.527: 143 epsilon: 0.01
2024-11-12 01:55:43.527: 143 q: 0.8896066
2024-11-12 02:05:08.124: 144 test start:
2024-11-12 02:06:13.113: 144 avg_reward: 11790.0
2024-11-12 02:06:13.113: 144 avg_steps: 3262.8
2024-11-12 02:06:13.113: 144 epsilon: 0.01
2024-11-12 02:06:13.113: 144 q: 0.86988235
2024-11-12 02:16:11.752: 145 test start:
2024-11-12 02:16:52.790: 145 avg_reward: 6460.0
2024-11-12 02:16:52.795: 145 avg_steps: 1995.65
2024-11-12 02:16:52.795: 145 epsilon: 0.01
2024-11-12 02:16:52.795: 145 q: 0.8815869
2024-11-12 02:26:23.335: 146 test start:
2024-11-12 02:27:23.088: 146 avg_reward: 10195.0
2024-11-12 02:27:23.088: 146 avg_steps: 2868.0
2024-11-12 02:27:23.088: 146 epsilon: 0.01
2024-11-12 02:27:23.088: 146 q: 0.8832312
2024-11-12 02:37:10.962: 147 test start:
2024-11-12 02:38:26.910: 147 avg_reward: 14370.0
2024-11-12 02:38:26.911: 147 avg_steps: 3843.25
2024-11-12 02:38:26.911: 147 epsilon: 0.01
2024-11-12 02:38:26.911: 147 q: 0.8783545
2024-11-12 02:48:09.923: 148 test start:
2024-11-12 02:49:08.018: 148 avg_reward: 10325.0
2024-11-12 02:49:08.018: 148 avg_steps: 2921.65
2024-11-12 02:49:08.018: 148 epsilon: 0.01
2024-11-12 02:49:08.018: 148 q: 0.8839755
2024-11-12 02:58:52.629: 149 test start:
2024-11-12 03:00:01.855: 149 avg_reward: 13020.0
2024-11-12 03:00:01.856: 149 avg_steps: 3520.2
2024-11-12 03:00:01.856: 149 epsilon: 0.01
2024-11-12 03:00:01.856: 149 q: 0.8866886
2024-11-12 03:09:52.037: 150 test start:
2024-11-12 03:10:47.802: 150 avg_reward: 9420.0
2024-11-12 03:10:47.802: 150 avg_steps: 2689.15
2024-11-12 03:10:47.802: 150 epsilon: 0.01
2024-11-12 03:10:47.802: 150 q: 0.9090607
2024-11-12 03:20:27.595: 151 test start:
2024-11-12 03:21:31.922: 151 avg_reward: 11950.0
2024-11-12 03:21:31.922: 151 avg_steps: 3277.15
2024-11-12 03:21:31.928: 151 epsilon: 0.01
2024-11-12 03:21:31.928: 151 q: 0.89021033
2024-11-12 03:31:36.100: 152 test start:
2024-11-12 03:32:54.342: 152 avg_reward: 14740.0
2024-11-12 03:32:54.342: 152 avg_steps: 3936.35
2024-11-12 03:32:54.342: 152 epsilon: 0.01
2024-11-12 03:32:54.342: 152 q: 0.8819885
2024-11-12 03:42:27.149: 153 test start:
2024-11-12 03:43:23.108: 153 avg_reward: 9665.0
2024-11-12 03:43:23.108: 153 avg_steps: 2742.05
2024-11-12 03:43:23.108: 153 epsilon: 0.01
2024-11-12 03:43:23.108: 153 q: 0.8983371
2024-11-12 03:53:25.329: 154 test start:
2024-11-12 03:54:21.780: 154 avg_reward: 10330.0
2024-11-12 03:54:21.780: 154 avg_steps: 2857.5
2024-11-12 03:54:21.780: 154 epsilon: 0.01
2024-11-12 03:54:21.780: 154 q: 0.89509
2024-11-12 04:04:05.829: 155 test start:
2024-11-12 04:05:03.862: 155 avg_reward: 10050.0
2024-11-12 04:05:03.863: 155 avg_steps: 2817.65
2024-11-12 04:05:03.863: 155 epsilon: 0.01
2024-11-12 04:05:03.863: 155 q: 0.89019203
2024-11-12 04:14:43.775: 156 test start:
2024-11-12 04:15:48.216: 156 avg_reward: 11710.0
2024-11-12 04:15:48.216: 156 avg_steps: 3245.15
2024-11-12 04:15:48.217: 156 epsilon: 0.01
2024-11-12 04:15:48.217: 156 q: 0.88794917
2024-11-12 04:25:48.209: 157 test start:
2024-11-12 04:26:29.066: 157 avg_reward: 6430.0
2024-11-12 04:26:29.066: 157 avg_steps: 1976.35
2024-11-12 04:26:29.066: 157 epsilon: 0.01
2024-11-12 04:26:29.066: 157 q: 0.9084383
2024-11-12 04:35:58.191: 158 test start:
2024-11-12 04:36:55.039: 158 avg_reward: 10240.0
2024-11-12 04:36:55.039: 158 avg_steps: 2883.45
2024-11-12 04:36:55.040: 158 epsilon: 0.01
2024-11-12 04:36:55.040: 158 q: 0.88648003
2024-11-12 04:47:03.743: 159 test start:
2024-11-12 04:48:18.107: 159 avg_reward: 13585.0
2024-11-12 04:48:18.107: 159 avg_steps: 3700.35
2024-11-12 04:48:18.107: 159 epsilon: 0.01
2024-11-12 04:48:18.107: 159 q: 0.880947
2024-11-12 04:57:52.253: 160 test start:
2024-11-12 04:59:06.101: 160 avg_reward: 13310.0
2024-11-12 04:59:06.101: 160 avg_steps: 3590.15
2024-11-12 04:59:06.101: 160 epsilon: 0.01
2024-11-12 04:59:06.101: 160 q: 0.8670702
2024-11-12 05:09:04.357: 161 test start:
2024-11-12 05:10:10.097: 161 avg_reward: 12420.0
2024-11-12 05:10:10.097: 161 avg_steps: 3382.85
2024-11-12 05:10:10.097: 161 epsilon: 0.01
2024-11-12 05:10:10.097: 161 q: 0.88309586
2024-11-12 05:19:55.555: 162 test start:
2024-11-12 05:21:02.600: 162 avg_reward: 11730.0
2024-11-12 05:21:02.600: 162 avg_steps: 3258.5
2024-11-12 05:21:02.600: 162 epsilon: 0.01
2024-11-12 05:21:02.600: 162 q: 0.874435
2024-11-12 05:30:45.115: 163 test start:
2024-11-12 05:31:40.368: 163 avg_reward: 10180.0
2024-11-12 05:31:40.368: 163 avg_steps: 2858.4
2024-11-12 05:31:40.369: 163 epsilon: 0.01
2024-11-12 05:31:40.369: 163 q: 0.88162416
2024-11-12 05:41:34.419: 164 test start:
2024-11-12 05:42:13.712: 164 avg_reward: 6355.0
2024-11-12 05:42:13.712: 164 avg_steps: 1952.55
2024-11-12 05:42:13.712: 164 epsilon: 0.01
2024-11-12 05:42:13.712: 164 q: 0.88222635
2024-11-12 05:51:53.144: 165 test start:
2024-11-12 05:52:54.912: 165 avg_reward: 11380.0
2024-11-12 05:52:54.912: 165 avg_steps: 3129.3
2024-11-12 05:52:54.912: 165 epsilon: 0.01
2024-11-12 05:52:54.912: 165 q: 0.89071554
2024-11-12 06:02:57.374: 166 test start:
2024-11-12 06:03:56.700: 166 avg_reward: 10780.0
2024-11-12 06:03:56.701: 166 avg_steps: 2996.95
2024-11-12 06:03:56.701: 166 epsilon: 0.01
2024-11-12 06:03:56.701: 166 q: 0.89160234
2024-11-12 06:13:32.181: 167 test start:
2024-11-12 06:14:47.292: 167 avg_reward: 13605.0
2024-11-12 06:14:47.292: 167 avg_steps: 3615.05
2024-11-12 06:14:47.292: 167 epsilon: 0.01
2024-11-12 06:14:47.292: 167 q: 0.8809991
2024-11-12 06:24:41.792: 168 test start:
2024-11-12 06:25:48.400: 168 avg_reward: 12430.0
2024-11-12 06:25:48.400: 168 avg_steps: 3370.75
2024-11-12 06:25:48.405: 168 epsilon: 0.01
2024-11-12 06:25:48.405: 168 q: 0.9080919
2024-11-12 06:35:31.649: 169 test start:
2024-11-12 06:36:49.781: 169 avg_reward: 14050.0
2024-11-12 06:36:49.781: 169 avg_steps: 3777.95
2024-11-12 06:36:49.781: 169 epsilon: 0.01
2024-11-12 06:36:49.781: 169 q: 0.90833235
2024-11-12 06:46:27.916: 170 test start:
2024-11-12 06:47:30.001: 170 avg_reward: 11380.0
2024-11-12 06:47:30.001: 170 avg_steps: 3132.15
2024-11-12 06:47:30.001: 170 epsilon: 0.01
2024-11-12 06:47:30.001: 170 q: 0.9214741
2024-11-12 06:57:25.524: 171 test start:
2024-11-12 06:58:13.500: 171 avg_reward: 8410.0
2024-11-12 06:58:13.500: 171 avg_steps: 2325.5
2024-11-12 06:58:13.500: 171 epsilon: 0.01
2024-11-12 06:58:13.500: 171 q: 0.9100818
2024-11-12 07:07:38.618: 172 test start:
2024-11-12 07:08:45.870: 172 avg_reward: 12780.0
2024-11-12 07:08:45.871: 172 avg_steps: 3428.05
2024-11-12 07:08:45.871: 172 epsilon: 0.01
2024-11-12 07:08:45.871: 172 q: 0.92139405
2024-11-12 07:18:29.592: 173 test start:
2024-11-12 07:19:32.907: 173 avg_reward: 11710.0
2024-11-12 07:19:32.907: 173 avg_steps: 3200.65
2024-11-12 07:19:32.907: 173 epsilon: 0.01
2024-11-12 07:19:32.907: 173 q: 0.9403752
2024-11-12 07:29:02.625: 174 test start:
2024-11-12 07:30:07.625: 174 avg_reward: 11930.0
2024-11-12 07:30:07.625: 174 avg_steps: 3269.1
2024-11-12 07:30:07.625: 174 epsilon: 0.01
2024-11-12 07:30:07.625: 174 q: 0.95027506
2024-11-12 07:39:49.823: 175 test start:
2024-11-12 07:40:38.693: 175 avg_reward: 8470.0
2024-11-12 07:40:38.693: 175 avg_steps: 2465.9
2024-11-12 07:40:38.693: 175 epsilon: 0.01
2024-11-12 07:40:38.693: 175 q: 0.9469358
2024-11-12 07:50:07.646: 176 test start:
2024-11-12 07:51:07.038: 176 avg_reward: 10690.0
2024-11-12 07:51:07.038: 176 avg_steps: 2984.45
2024-11-12 07:51:07.039: 176 epsilon: 0.01
2024-11-12 07:51:07.039: 176 q: 0.9733485
2024-11-12 08:00:43.291: 177 test start:
2024-11-12 08:01:52.515: 177 avg_reward: 13410.0
2024-11-12 08:01:52.515: 177 avg_steps: 3599.7
2024-11-12 08:01:52.515: 177 epsilon: 0.01
2024-11-12 08:01:52.515: 177 q: 0.97925025
2024-11-12 08:11:41.259: 178 test start:
2024-11-12 08:12:32.855: 178 avg_reward: 8940.0
2024-11-12 08:12:32.855: 178 avg_steps: 2586.35
2024-11-12 08:12:32.855: 178 epsilon: 0.01
2024-11-12 08:12:32.855: 178 q: 0.98575145
2024-11-12 08:22:07.574: 179 test start:
2024-11-12 08:23:22.263: 179 avg_reward: 13810.0
2024-11-12 08:23:22.263: 179 avg_steps: 3711.6
2024-11-12 08:23:22.263: 179 epsilon: 0.01
2024-11-12 08:23:22.263: 179 q: 0.9786903
2024-11-12 08:33:38.761: 180 test start:
2024-11-12 08:34:48.928: 180 avg_reward: 13270.0
2024-11-12 08:34:48.929: 180 avg_steps: 3583.1
2024-11-12 08:34:48.929: 180 epsilon: 0.01
2024-11-12 08:34:48.929: 180 q: 0.9780341
2024-11-12 08:44:02.395: 181 test start:
2024-11-12 08:44:59.197: 181 avg_reward: 10250.0
2024-11-12 08:44:59.197: 181 avg_steps: 2868.8
2024-11-12 08:44:59.197: 181 epsilon: 0.01
2024-11-12 08:44:59.197: 181 q: 0.9846762
2024-11-12 08:54:55.135: 182 test start:
2024-11-12 08:55:58.805: 182 avg_reward: 11730.0
2024-11-12 08:55:58.805: 182 avg_steps: 3220.1
2024-11-12 08:55:58.805: 182 epsilon: 0.01
2024-11-12 08:55:58.805: 182 q: 0.98072743
2024-11-12 09:05:57.957: 183 test start:
2024-11-12 09:07:14.025: 183 avg_reward: 14260.0
2024-11-12 09:07:14.026: 183 avg_steps: 3766.9
2024-11-12 09:07:14.026: 183 epsilon: 0.01
2024-11-12 09:07:14.026: 183 q: 0.97824067
2024-11-12 09:16:18.792: 184 test start:
2024-11-12 09:17:26.904: 184 avg_reward: 12170.0
2024-11-12 09:17:26.904: 184 avg_steps: 3278.45
2024-11-12 09:17:26.904: 184 epsilon: 0.01
2024-11-12 09:17:26.904: 184 q: 0.9735819
2024-11-12 09:27:06.994: 185 test start:
2024-11-12 09:28:11.085: 185 avg_reward: 11845.0
2024-11-12 09:28:11.085: 185 avg_steps: 3246.65
2024-11-12 09:28:11.085: 185 epsilon: 0.01
2024-11-12 09:28:11.085: 185 q: 0.9685188
2024-11-12 09:37:48.318: 186 test start:
2024-11-12 09:38:36.228: 186 avg_reward: 7945.0
2024-11-12 09:38:36.228: 186 avg_steps: 2317.15
2024-11-12 09:38:36.228: 186 epsilon: 0.01
2024-11-12 09:38:36.228: 186 q: 0.997386
2024-11-12 09:47:49.541: 187 test start:
2024-11-12 09:48:26.544: 187 avg_reward: 6200.0
2024-11-12 09:48:26.544: 187 avg_steps: 1926.6
2024-11-12 09:48:26.544: 187 epsilon: 0.01
2024-11-12 09:48:26.544: 187 q: 0.9785863
2024-11-12 09:58:35.352: 188 test start:
2024-11-12 09:59:34.057: 188 avg_reward: 10605.0
2024-11-12 09:59:34.058: 188 avg_steps: 2916.7
2024-11-12 09:59:34.058: 188 epsilon: 0.01
2024-11-12 09:59:34.058: 188 q: 0.99512404
2024-11-12 10:08:37.335: 189 test start:
2024-11-12 10:09:54.982: 189 avg_reward: 13895.0
2024-11-12 10:09:54.983: 189 avg_steps: 3731.35
2024-11-12 10:09:54.983: 189 epsilon: 0.01
2024-11-12 10:09:54.983: 189 q: 0.9681986
2024-11-12 10:19:47.575: 190 test start:
2024-11-12 10:20:35.672: 190 avg_reward: 8800.0
2024-11-12 10:20:35.672: 190 avg_steps: 2490.7
2024-11-12 10:20:35.672: 190 epsilon: 0.01
2024-11-12 10:20:35.672: 190 q: 0.9940442
2024-11-12 10:30:02.008: 191 test start:
2024-11-12 10:31:00.724: 191 avg_reward: 10540.0
2024-11-12 10:31:00.724: 191 avg_steps: 2901.8
2024-11-12 10:31:00.725: 191 epsilon: 0.01
2024-11-12 10:31:00.725: 191 q: 0.99902046
2024-11-12 10:40:42.203: 192 test start:
2024-11-12 10:41:52.087: 192 avg_reward: 13680.0
2024-11-12 10:41:52.087: 192 avg_steps: 3659.6
2024-11-12 10:41:52.087: 192 epsilon: 0.01
2024-11-12 10:41:52.087: 192 q: 1.0246118
2024-11-12 10:51:27.112: 193 test start:
2024-11-12 10:52:43.256: 193 avg_reward: 13765.0
2024-11-12 10:52:43.256: 193 avg_steps: 3670.5
2024-11-12 10:52:43.256: 193 epsilon: 0.01
2024-11-12 10:52:43.256: 193 q: 1.0090743
2024-11-12 11:01:58.933: 194 test start:
2024-11-12 11:02:57.001: 194 avg_reward: 10580.0
2024-11-12 11:02:57.002: 194 avg_steps: 2953.2
2024-11-12 11:02:57.002: 194 epsilon: 0.01
2024-11-12 11:02:57.002: 194 q: 1.0193509
2024-11-12 11:12:49.218: 195 test start:
2024-11-12 11:14:03.939: 195 avg_reward: 13250.0
2024-11-12 11:14:03.940: 195 avg_steps: 3570.15
2024-11-12 11:14:03.940: 195 epsilon: 0.01
2024-11-12 11:14:03.940: 195 q: 1.0164255
2024-11-12 11:22:57.358: 196 test start:
2024-11-12 11:23:54.100: 196 avg_reward: 9520.0
2024-11-12 11:23:54.101: 196 avg_steps: 2709.1
2024-11-12 11:23:54.101: 196 epsilon: 0.01
2024-11-12 11:23:54.101: 196 q: 1.0159916
2024-11-12 11:33:41.648: 197 test start:
2024-11-12 11:34:39.918: 197 avg_reward: 10445.0
2024-11-12 11:34:39.918: 197 avg_steps: 2922.6
2024-11-12 11:34:39.918: 197 epsilon: 0.01
2024-11-12 11:34:39.918: 197 q: 1.0249692
2024-11-12 11:43:44.971: 198 test start:
2024-11-12 11:44:45.430: 198 avg_reward: 10925.0
2024-11-12 11:44:45.430: 198 avg_steps: 2948.4
2024-11-12 11:44:45.430: 198 epsilon: 0.01
2024-11-12 11:44:45.430: 198 q: 1.0313845
2024-11-12 11:54:22.579: 199 test start:
2024-11-12 11:55:12.310: 199 avg_reward: 9345.0
2024-11-12 11:55:12.311: 199 avg_steps: 2579.15
2024-11-12 11:55:12.311: 199 epsilon: 0.01
2024-11-12 11:55:12.311: 199 q: 1.0064147
2024-11-12 12:04:39.430: 200 test start:
2024-11-12 12:05:39.028: 200 avg_reward: 10210.0
2024-11-12 12:05:39.028: 200 avg_steps: 2863.6
2024-11-12 12:05:39.028: 200 epsilon: 0.01
2024-11-12 12:05:39.028: 200 q: 1.0383464
