2024-11-14 02:10:24.576: 
parameters:agent_test_episodes: 20
batch_num_per_epoch: 250000
device: cuda:0
env_name: ALE/Atlantis-v5
epsilon_for_test: 0.001
epsilon_max: 0.1
epsilon_min: 0.01
exp_name: ALE-Atlantis-v5_2024-11-14-02-10-24
exp_path: ../exps/double_dqn/
exploration_steps: 1000000
gamma: 0.99
held_out_states_num: 1000
learning_rate: 0.00025
log_path: ../exps/double_dqn/
mini_batch_size: 32
model_update_freq: 4
n_times: 5
no_op: 30
phi_channel: 4
replay_buffer_size: 1000000
replay_start_size: 50000
save_model: true
screen_size: 84
seed: 0
skip_k_frame: 4
step_c: 30000
training_steps: 50000000

2024-11-14 02:10:24.659: optimizer: RMSprop (
Parameter Group 0
    alpha: 0.95
    centered: False
    differentiable: False
    eps: 0.01
    foreach: None
    lr: 0.00025
    maximize: False
    momentum: 0
    weight_decay: 0
)
2024-11-14 02:10:24.710: optimizer: RMSprop (
Parameter Group 0
    alpha: 0.95
    centered: False
    differentiable: False
    eps: 0.01
    foreach: None
    lr: 0.00025
    maximize: False
    momentum: 0
    weight_decay: 0
)
2024-11-14 02:18:55.413: 1 test start:
2024-11-14 02:19:06.002: 1 avg_reward: 5135.0
2024-11-14 02:19:06.003: 1 avg_steps: 537.85
2024-11-14 02:19:06.003: 1 epsilon: 0.08197975
2024-11-14 02:19:06.003: 1 q: 0.033471234
2024-11-14 02:28:31.890: 2 test start:
2024-11-14 02:28:40.760: 2 avg_reward: 2045.0
2024-11-14 02:28:40.761: 2 avg_steps: 437.05
2024-11-14 02:28:40.761: 2 epsilon: 0.05944258
2024-11-14 02:28:40.761: 2 q: 0.053991865
2024-11-14 02:37:49.998: 3 test start:
2024-11-14 02:38:04.091: 3 avg_reward: 6785.0
2024-11-14 02:38:04.091: 3 avg_steps: 718.8
2024-11-14 02:38:04.091: 3 epsilon: 0.03696922
2024-11-14 02:38:04.091: 3 q: 0.07174585
2024-11-14 02:47:29.429: 4 test start:
2024-11-14 02:47:55.757: 4 avg_reward: 14850.0
2024-11-14 02:47:55.758: 4 avg_steps: 1309.2
2024-11-14 02:47:55.758: 4 epsilon: 0.014428629999999998
2024-11-14 02:47:55.758: 4 q: 0.085846595
2024-11-14 02:57:10.885: 5 test start:
2024-11-14 02:57:25.256: 5 avg_reward: 6540.0
2024-11-14 02:57:25.257: 5 avg_steps: 726.1
2024-11-14 02:57:25.257: 5 epsilon: 0.01
2024-11-14 02:57:25.257: 5 q: 0.12411786
2024-11-14 03:07:02.792: 6 test start:
2024-11-14 03:07:13.965: 6 avg_reward: 3120.0
2024-11-14 03:07:13.965: 6 avg_steps: 543.9
2024-11-14 03:07:13.965: 6 epsilon: 0.01
2024-11-14 03:07:13.965: 6 q: 0.13879916
2024-11-14 03:16:33.505: 7 test start:
2024-11-14 03:16:52.404: 7 avg_reward: 6260.0
2024-11-14 03:16:52.404: 7 avg_steps: 959.85
2024-11-14 03:16:52.404: 7 epsilon: 0.01
2024-11-14 03:16:52.404: 7 q: 0.14745277
2024-11-14 03:26:34.477: 8 test start:
2024-11-14 03:26:54.539: 8 avg_reward: 12545.0
2024-11-14 03:26:54.539: 8 avg_steps: 978.2
2024-11-14 03:26:54.539: 8 epsilon: 0.01
2024-11-14 03:26:54.539: 8 q: 0.15629908
2024-11-14 03:36:13.337: 9 test start:
2024-11-14 03:36:28.817: 9 avg_reward: 6585.0
2024-11-14 03:36:28.817: 9 avg_steps: 774.3
2024-11-14 03:36:28.817: 9 epsilon: 0.01
2024-11-14 03:36:28.817: 9 q: 0.17719331
2024-11-14 03:46:11.287: 10 test start:
2024-11-14 03:46:23.334: 10 avg_reward: 3770.0
2024-11-14 03:46:23.334: 10 avg_steps: 579.25
2024-11-14 03:46:23.334: 10 epsilon: 0.01
2024-11-14 03:46:23.334: 10 q: 0.20598693
2024-11-14 03:55:44.747: 11 test start:
2024-11-14 03:55:57.877: 11 avg_reward: 4320.0
2024-11-14 03:55:57.878: 11 avg_steps: 654.2
2024-11-14 03:55:57.878: 11 epsilon: 0.01
2024-11-14 03:55:57.878: 11 q: 0.243124
2024-11-14 04:05:44.427: 12 test start:
2024-11-14 04:05:58.977: 12 avg_reward: 6830.0
2024-11-14 04:05:58.977: 12 avg_steps: 698.25
2024-11-14 04:05:58.977: 12 epsilon: 0.01
2024-11-14 04:05:58.977: 12 q: 0.27001658
2024-11-14 04:15:15.597: 13 test start:
2024-11-14 04:15:30.556: 13 avg_reward: 5690.0
2024-11-14 04:15:30.556: 13 avg_steps: 744.4
2024-11-14 04:15:30.556: 13 epsilon: 0.01
2024-11-14 04:15:30.556: 13 q: 0.30227137
2024-11-14 04:25:20.639: 14 test start:
2024-11-14 04:25:47.886: 14 avg_reward: 15490.0
2024-11-14 04:25:47.887: 14 avg_steps: 1328.75
2024-11-14 04:25:47.887: 14 epsilon: 0.01
2024-11-14 04:25:47.887: 14 q: 0.3323226
2024-11-14 04:35:01.066: 15 test start:
2024-11-14 04:35:14.851: 15 avg_reward: 5345.0
2024-11-14 04:35:14.851: 15 avg_steps: 687.3
2024-11-14 04:35:14.851: 15 epsilon: 0.01
2024-11-14 04:35:14.851: 15 q: 0.39439845
2024-11-14 04:45:07.483: 16 test start:
2024-11-14 04:45:21.831: 16 avg_reward: 5425.0
2024-11-14 04:45:21.832: 16 avg_steps: 702.1
2024-11-14 04:45:21.832: 16 epsilon: 0.01
2024-11-14 04:45:21.832: 16 q: 0.46758178
2024-11-14 04:54:35.686: 17 test start:
2024-11-14 04:54:48.575: 17 avg_reward: 3300.0
2024-11-14 04:54:48.576: 17 avg_steps: 629.45
2024-11-14 04:54:48.576: 17 epsilon: 0.01
2024-11-14 04:54:48.576: 17 q: 0.4786614
2024-11-14 05:04:37.302: 18 test start:
2024-11-14 05:04:53.036: 18 avg_reward: 10245.0
2024-11-14 05:04:53.036: 18 avg_steps: 795.15
2024-11-14 05:04:53.036: 18 epsilon: 0.01
2024-11-14 05:04:53.036: 18 q: 0.5180208
2024-11-14 05:14:10.625: 19 test start:
2024-11-14 05:14:27.144: 19 avg_reward: 8460.0
2024-11-14 05:14:27.144: 19 avg_steps: 829.9
2024-11-14 05:14:27.144: 19 epsilon: 0.01
2024-11-14 05:14:27.144: 19 q: 0.52296376
2024-11-14 05:24:15.889: 20 test start:
2024-11-14 05:24:30.395: 20 avg_reward: 6890.0
2024-11-14 05:24:30.395: 20 avg_steps: 754.5
2024-11-14 05:24:30.395: 20 epsilon: 0.01
2024-11-14 05:24:30.396: 20 q: 0.5264084
2024-11-14 05:33:50.471: 21 test start:
2024-11-14 05:34:02.021: 21 avg_reward: 4435.0
2024-11-14 05:34:02.021: 21 avg_steps: 557.65
2024-11-14 05:34:02.022: 21 epsilon: 0.01
2024-11-14 05:34:02.022: 21 q: 0.5581685
2024-11-14 05:43:51.954: 22 test start:
2024-11-14 05:44:09.245: 22 avg_reward: 8340.0
2024-11-14 05:44:09.245: 22 avg_steps: 861.15
2024-11-14 05:44:09.246: 22 epsilon: 0.01
2024-11-14 05:44:09.246: 22 q: 0.57414967
2024-11-14 05:53:37.427: 23 test start:
2024-11-14 05:53:48.984: 23 avg_reward: 2840.0
2024-11-14 05:53:48.984: 23 avg_steps: 559.85
2024-11-14 05:53:48.984: 23 epsilon: 0.01
2024-11-14 05:53:48.984: 23 q: 0.6171332
2024-11-14 06:03:37.555: 24 test start:
2024-11-14 06:03:49.727: 24 avg_reward: 3825.0
2024-11-14 06:03:49.727: 24 avg_steps: 607.2
2024-11-14 06:03:49.727: 24 epsilon: 0.01
2024-11-14 06:03:49.727: 24 q: 0.6259937
2024-11-14 06:13:16.165: 25 test start:
2024-11-14 06:13:32.183: 25 avg_reward: 8160.0
2024-11-14 06:13:32.183: 25 avg_steps: 776.4
2024-11-14 06:13:32.183: 25 epsilon: 0.01
2024-11-14 06:13:32.183: 25 q: 0.6441308
2024-11-14 06:23:15.257: 26 test start:
2024-11-14 06:23:40.320: 26 avg_reward: 14500.0
2024-11-14 06:23:40.320: 26 avg_steps: 1276.2
2024-11-14 06:23:40.320: 26 epsilon: 0.01
2024-11-14 06:23:40.320: 26 q: 0.6795355
2024-11-14 06:33:06.377: 27 test start:
2024-11-14 06:33:25.946: 27 avg_reward: 10320.0
2024-11-14 06:33:25.946: 27 avg_steps: 971.25
2024-11-14 06:33:25.946: 27 epsilon: 0.01
2024-11-14 06:33:25.946: 27 q: 0.67061895
2024-11-14 06:43:00.113: 28 test start:
2024-11-14 06:43:17.920: 28 avg_reward: 11940.0
2024-11-14 06:43:17.921: 28 avg_steps: 915.55
2024-11-14 06:43:17.921: 28 epsilon: 0.01
2024-11-14 06:43:17.921: 28 q: 0.7124793
2024-11-14 06:52:53.026: 29 test start:
2024-11-14 06:53:13.549: 29 avg_reward: 9425.0
2024-11-14 06:53:13.549: 29 avg_steps: 1017.35
2024-11-14 06:53:13.549: 29 epsilon: 0.01
2024-11-14 06:53:13.549: 29 q: 0.74519837
2024-11-14 07:02:47.682: 30 test start:
2024-11-14 07:03:09.225: 30 avg_reward: 14785.0
2024-11-14 07:03:09.226: 30 avg_steps: 1106.95
2024-11-14 07:03:09.226: 30 epsilon: 0.01
2024-11-14 07:03:09.226: 30 q: 0.7538363
2024-11-14 07:12:43.657: 31 test start:
2024-11-14 07:13:03.192: 31 avg_reward: 9310.0
2024-11-14 07:13:03.192: 31 avg_steps: 950.0
2024-11-14 07:13:03.192: 31 epsilon: 0.01
2024-11-14 07:13:03.192: 31 q: 0.82064867
2024-11-14 07:22:33.395: 32 test start:
2024-11-14 07:22:50.251: 32 avg_reward: 9670.0
2024-11-14 07:22:50.251: 32 avg_steps: 839.3
2024-11-14 07:22:50.251: 32 epsilon: 0.01
2024-11-14 07:22:50.251: 32 q: 0.8292439
2024-11-14 07:32:24.877: 33 test start:
2024-11-14 07:32:41.277: 33 avg_reward: 6110.0
2024-11-14 07:32:41.278: 33 avg_steps: 788.9
2024-11-14 07:32:41.278: 33 epsilon: 0.01
2024-11-14 07:32:41.278: 33 q: 0.8675984
2024-11-14 07:42:10.234: 34 test start:
2024-11-14 07:42:27.284: 34 avg_reward: 8930.0
2024-11-14 07:42:27.284: 34 avg_steps: 849.2
2024-11-14 07:42:27.284: 34 epsilon: 0.01
2024-11-14 07:42:27.284: 34 q: 0.8766454
2024-11-14 07:52:06.116: 35 test start:
2024-11-14 07:52:19.269: 35 avg_reward: 4225.0
2024-11-14 07:52:19.269: 35 avg_steps: 636.15
2024-11-14 07:52:19.269: 35 epsilon: 0.01
2024-11-14 07:52:19.269: 35 q: 0.9005002
2024-11-14 08:01:45.511: 36 test start:
2024-11-14 08:02:08.274: 36 avg_reward: 15210.0
2024-11-14 08:02:08.274: 36 avg_steps: 1152.2
2024-11-14 08:02:08.274: 36 epsilon: 0.01
2024-11-14 08:02:08.274: 36 q: 0.91289985
2024-11-14 08:11:47.466: 37 test start:
2024-11-14 08:12:13.623: 37 avg_reward: 15670.0
2024-11-14 08:12:13.623: 37 avg_steps: 1279.65
2024-11-14 08:12:13.623: 37 epsilon: 0.01
2024-11-14 08:12:13.623: 37 q: 0.9453192
2024-11-14 08:21:36.683: 38 test start:
2024-11-14 08:22:05.931: 38 avg_reward: 18620.0
2024-11-14 08:22:05.931: 38 avg_steps: 1470.05
2024-11-14 08:22:05.931: 38 epsilon: 0.01
2024-11-14 08:22:05.931: 38 q: 0.9906682
2024-11-14 08:31:53.054: 39 test start:
2024-11-14 08:32:19.523: 39 avg_reward: 15485.0
2024-11-14 08:32:19.523: 39 avg_steps: 1289.8
2024-11-14 08:32:19.523: 39 epsilon: 0.01
2024-11-14 08:32:19.523: 39 q: 1.0041697
2024-11-14 08:41:38.968: 40 test start:
2024-11-14 08:42:00.623: 40 avg_reward: 9970.0
2024-11-14 08:42:00.624: 40 avg_steps: 1081.95
2024-11-14 08:42:00.624: 40 epsilon: 0.01
2024-11-14 08:42:00.624: 40 q: 1.0215229
2024-11-14 08:51:48.180: 41 test start:
2024-11-14 08:52:15.286: 41 avg_reward: 16605.0
2024-11-14 08:52:15.286: 41 avg_steps: 1355.35
2024-11-14 08:52:15.286: 41 epsilon: 0.01
2024-11-14 08:52:15.286: 41 q: 1.0587083
2024-11-14 09:01:30.348: 42 test start:
2024-11-14 09:01:59.985: 42 avg_reward: 22040.0
2024-11-14 09:01:59.985: 42 avg_steps: 1525.65
2024-11-14 09:01:59.985: 42 epsilon: 0.01
2024-11-14 09:01:59.985: 42 q: 1.1004928
2024-11-14 09:11:55.848: 43 test start:
2024-11-14 09:12:37.659: 43 avg_reward: 33420.0
2024-11-14 09:12:37.660: 43 avg_steps: 2186.45
2024-11-14 09:12:37.660: 43 epsilon: 0.01
2024-11-14 09:12:37.660: 43 q: 1.1127684
2024-11-14 09:21:55.175: 44 test start:
2024-11-14 09:22:41.787: 44 avg_reward: 31050.0
2024-11-14 09:22:41.787: 44 avg_steps: 2296.5
2024-11-14 09:22:41.787: 44 epsilon: 0.01
2024-11-14 09:22:41.787: 44 q: 1.1234839
2024-11-14 09:32:28.293: 45 test start:
2024-11-14 09:33:16.445: 45 avg_reward: 36605.0
2024-11-14 09:33:16.446: 45 avg_steps: 2447.05
2024-11-14 09:33:16.446: 45 epsilon: 0.01
2024-11-14 09:33:16.446: 45 q: 1.1635273
2024-11-14 09:42:36.465: 46 test start:
2024-11-14 09:43:06.718: 46 avg_reward: 20390.0
2024-11-14 09:43:06.719: 46 avg_steps: 1496.35
2024-11-14 09:43:06.719: 46 epsilon: 0.01
2024-11-14 09:43:06.719: 46 q: 1.2038532
2024-11-14 09:52:45.843: 47 test start:
2024-11-14 09:53:25.093: 47 avg_reward: 27360.0
2024-11-14 09:53:25.093: 47 avg_steps: 1988.15
2024-11-14 09:53:25.093: 47 epsilon: 0.01
2024-11-14 09:53:25.093: 47 q: 1.2503785
2024-11-14 10:02:50.516: 48 test start:
2024-11-14 10:03:30.210: 48 avg_reward: 27865.0
2024-11-14 10:03:30.210: 48 avg_steps: 1952.0
2024-11-14 10:03:30.211: 48 epsilon: 0.01
2024-11-14 10:03:30.211: 48 q: 1.2876962
2024-11-14 10:13:06.392: 49 test start:
2024-11-14 10:13:46.376: 49 avg_reward: 27375.0
2024-11-14 10:13:46.376: 49 avg_steps: 2025.9
2024-11-14 10:13:46.376: 49 epsilon: 0.01
2024-11-14 10:13:46.376: 49 q: 1.3024333
2024-11-14 10:23:22.360: 50 test start:
2024-11-14 10:24:16.054: 50 avg_reward: 42650.0
2024-11-14 10:24:16.054: 50 avg_steps: 2635.75
2024-11-14 10:24:16.054: 50 epsilon: 0.01
2024-11-14 10:24:16.054: 50 q: 1.3310745
2024-11-14 10:33:46.988: 51 test start:
2024-11-14 10:34:31.924: 51 avg_reward: 32790.0
2024-11-14 10:34:31.924: 51 avg_steps: 2299.55
2024-11-14 10:34:31.924: 51 epsilon: 0.01
2024-11-14 10:34:31.924: 51 q: 1.3531548
2024-11-14 10:44:13.782: 52 test start:
2024-11-14 10:44:54.243: 52 avg_reward: 34250.0
2024-11-14 10:44:54.244: 52 avg_steps: 1975.6
2024-11-14 10:44:54.244: 52 epsilon: 0.01
2024-11-14 10:44:54.244: 52 q: 1.3822469
2024-11-14 10:54:15.679: 53 test start:
2024-11-14 10:55:26.045: 53 avg_reward: 63735.0
2024-11-14 10:55:26.045: 53 avg_steps: 3556.7
2024-11-14 10:55:26.045: 53 epsilon: 0.01
2024-11-14 10:55:26.046: 53 q: 1.400978
2024-11-14 11:05:27.501: 54 test start:
2024-11-14 11:06:40.121: 54 avg_reward: 64625.0
2024-11-14 11:06:40.121: 54 avg_steps: 3611.9
2024-11-14 11:06:40.121: 54 epsilon: 0.01
2024-11-14 11:06:40.121: 54 q: 1.4156502
2024-11-14 11:15:44.559: 55 test start:
2024-11-14 11:16:50.093: 55 avg_reward: 58125.0
2024-11-14 11:16:50.093: 55 avg_steps: 3209.7
2024-11-14 11:16:50.093: 55 epsilon: 0.01
2024-11-14 11:16:50.093: 55 q: 1.4509214
2024-11-14 11:26:40.238: 56 test start:
2024-11-14 11:28:00.713: 56 avg_reward: 79285.0
2024-11-14 11:28:00.713: 56 avg_steps: 4087.55
2024-11-14 11:28:00.713: 56 epsilon: 0.01
2024-11-14 11:28:00.713: 56 q: 1.46561
2024-11-14 11:37:23.657: 57 test start:
2024-11-14 11:39:13.734: 57 avg_reward: 109325.0
2024-11-14 11:39:13.734: 57 avg_steps: 5537.15
2024-11-14 11:39:13.734: 57 epsilon: 0.01
2024-11-14 11:39:13.734: 57 q: 1.5273921
2024-11-14 11:49:00.315: 58 test start:
2024-11-14 11:49:58.804: 58 avg_reward: 61865.0
2024-11-14 11:49:58.804: 58 avg_steps: 3086.75
2024-11-14 11:49:58.804: 58 epsilon: 0.01
2024-11-14 11:49:58.804: 58 q: 1.5193685
2024-11-14 11:59:36.493: 59 test start:
2024-11-14 12:00:17.600: 59 avg_reward: 35710.0
2024-11-14 12:00:17.600: 59 avg_steps: 2101.45
2024-11-14 12:00:17.600: 59 epsilon: 0.01
2024-11-14 12:00:17.601: 59 q: 1.5634053
2024-11-14 12:09:40.455: 60 test start:
2024-11-14 12:11:34.887: 60 avg_reward: 117190.0
2024-11-14 12:11:34.887: 60 avg_steps: 6021.0
2024-11-14 12:11:34.887: 60 epsilon: 0.01
2024-11-14 12:11:34.887: 60 q: 1.6047168
2024-11-14 12:21:37.606: 61 test start:
2024-11-14 12:24:41.601: 61 avg_reward: 235210.0
2024-11-14 12:24:41.601: 61 avg_steps: 9345.7
2024-11-14 12:24:41.601: 61 epsilon: 0.01
2024-11-14 12:24:41.601: 61 q: 1.6421802
2024-11-14 12:33:53.628: 62 test start:
2024-11-14 12:37:18.727: 62 avg_reward: 276230.0
2024-11-14 12:37:18.727: 62 avg_steps: 10076.9
2024-11-14 12:37:18.727: 62 epsilon: 0.01
2024-11-14 12:37:18.727: 62 q: 1.6801152
2024-11-14 12:46:50.572: 63 test start:
2024-11-14 12:48:50.669: 63 avg_reward: 146340.0
2024-11-14 12:48:50.670: 63 avg_steps: 6160.85
2024-11-14 12:48:50.670: 63 epsilon: 0.01
2024-11-14 12:48:50.670: 63 q: 1.720282
2024-11-14 12:58:58.727: 64 test start:
2024-11-14 13:04:32.995: 64 avg_reward: 481125.0
2024-11-14 13:04:32.996: 64 avg_steps: 17225.9
2024-11-14 13:04:32.996: 64 epsilon: 0.01
2024-11-14 13:04:32.996: 64 q: 1.7442282
2024-11-14 13:13:42.448: 65 test start:
2024-11-14 13:16:43.163: 65 avg_reward: 219995.0
2024-11-14 13:16:43.163: 65 avg_steps: 9033.95
2024-11-14 13:16:43.163: 65 epsilon: 0.01
2024-11-14 13:16:43.163: 65 q: 1.7795641
2024-11-14 13:26:51.723: 66 test start:
2024-11-14 13:32:56.720: 66 avg_reward: 508235.0
2024-11-14 13:32:56.720: 66 avg_steps: 18179.55
2024-11-14 13:32:56.720: 66 epsilon: 0.01
2024-11-14 13:32:56.720: 66 q: 1.8217746
2024-11-14 13:42:36.903: 67 test start:
2024-11-14 13:46:32.151: 67 avg_reward: 353490.0
2024-11-14 13:46:32.151: 67 avg_steps: 12096.55
2024-11-14 13:46:32.151: 67 epsilon: 0.01
2024-11-14 13:46:32.151: 67 q: 1.8405563
2024-11-14 13:55:42.473: 68 test start:
2024-11-14 14:04:06.501: 68 avg_reward: 817390.0
2024-11-14 14:04:06.501: 68 avg_steps: 25764.1
2024-11-14 14:04:06.501: 68 epsilon: 0.01
2024-11-14 14:04:06.501: 68 q: 1.8670704
2024-11-14 14:13:49.504: 69 test start:
2024-11-14 14:20:00.185: 69 avg_reward: 571595.0
2024-11-14 14:20:00.186: 69 avg_steps: 18817.55
2024-11-14 14:20:00.186: 69 epsilon: 0.01
2024-11-14 14:20:00.186: 69 q: 1.8962351
2024-11-14 14:29:33.522: 70 test start:
2024-11-14 14:35:12.013: 70 avg_reward: 534285.0
2024-11-14 14:35:12.014: 70 avg_steps: 16802.9
2024-11-14 14:35:12.014: 70 epsilon: 0.01
2024-11-14 14:35:12.014: 70 q: 1.9195037
2024-11-14 14:44:53.134: 71 test start:
2024-11-14 14:51:50.327: 71 avg_reward: 634190.0
2024-11-14 14:51:50.327: 71 avg_steps: 20636.15
2024-11-14 14:51:50.328: 71 epsilon: 0.01
2024-11-14 14:51:50.328: 71 q: 1.9476243
2024-11-14 15:01:14.188: 72 test start:
2024-11-14 15:07:52.497: 72 avg_reward: 619490.0
2024-11-14 15:07:52.497: 72 avg_steps: 19705.55
2024-11-14 15:07:52.497: 72 epsilon: 0.01
2024-11-14 15:07:52.497: 72 q: 1.951191
2024-11-14 15:17:19.508: 73 test start:
2024-11-14 15:25:15.205: 73 avg_reward: 732610.0
2024-11-14 15:25:15.205: 73 avg_steps: 23964.65
2024-11-14 15:25:15.205: 73 epsilon: 0.01
2024-11-14 15:25:15.205: 73 q: 2.0057726
2024-11-14 15:35:11.508: 74 test start:
2024-11-14 15:43:27.310: 74 avg_reward: 765575.0
2024-11-14 15:43:27.311: 74 avg_steps: 25010.8
2024-11-14 15:43:27.311: 74 epsilon: 0.01
2024-11-14 15:43:27.311: 74 q: 2.0271487
2024-11-14 15:52:48.496: 75 test start:
2024-11-14 16:01:44.144: 75 avg_reward: 874995.0
2024-11-14 16:01:44.144: 75 avg_steps: 26996.85
2024-11-14 16:01:44.144: 75 epsilon: 0.01
2024-11-14 16:01:44.144: 75 q: 2.0592704
2024-11-14 16:11:12.790: 76 test start:
2024-11-14 16:19:47.858: 76 avg_reward: 838705.0
2024-11-14 16:19:47.859: 76 avg_steps: 25842.1
2024-11-14 16:19:47.859: 76 epsilon: 0.01
2024-11-14 16:19:47.859: 76 q: 2.0760093
2024-11-14 16:29:31.824: 77 test start:
2024-11-14 16:37:35.710: 77 avg_reward: 781505.0
2024-11-14 16:37:35.710: 77 avg_steps: 24372.55
2024-11-14 16:37:35.710: 77 epsilon: 0.01
2024-11-14 16:37:35.710: 77 q: 2.1134155
2024-11-14 16:47:13.139: 78 test start:
2024-11-14 16:55:12.095: 78 avg_reward: 781280.0
2024-11-14 16:55:12.095: 78 avg_steps: 24387.85
2024-11-14 16:55:12.095: 78 epsilon: 0.01
2024-11-14 16:55:12.095: 78 q: 2.108624
2024-11-14 17:04:56.105: 79 test start:
2024-11-14 17:12:33.016: 79 avg_reward: 732110.0
2024-11-14 17:12:33.017: 79 avg_steps: 23279.75
2024-11-14 17:12:33.017: 79 epsilon: 0.01
2024-11-14 17:12:33.017: 79 q: 2.1129496
2024-11-14 17:22:29.478: 80 test start:
2024-11-14 17:31:19.491: 80 avg_reward: 859175.0
2024-11-14 17:31:19.491: 80 avg_steps: 26995.95
2024-11-14 17:31:19.491: 80 epsilon: 0.01
2024-11-14 17:31:19.491: 80 q: 2.1728692
2024-11-14 17:41:54.661: 81 test start:
2024-11-14 17:48:39.109: 81 avg_reward: 662770.0
2024-11-14 17:48:39.109: 81 avg_steps: 20665.65
2024-11-14 17:48:39.109: 81 epsilon: 0.01
2024-11-14 17:48:39.109: 81 q: 2.1571112
2024-11-14 17:58:15.622: 82 test start:
2024-11-14 18:02:26.281: 82 avg_reward: 396420.0
2024-11-14 18:02:26.282: 82 avg_steps: 12758.2
2024-11-14 18:02:26.282: 82 epsilon: 0.01
2024-11-14 18:02:26.282: 82 q: 2.2112467
2024-11-14 18:11:41.297: 83 test start:
2024-11-14 18:19:04.462: 83 avg_reward: 704120.0
2024-11-14 18:19:04.463: 83 avg_steps: 21893.4
2024-11-14 18:19:04.463: 83 epsilon: 0.01
2024-11-14 18:19:04.463: 83 q: 2.2510793
2024-11-14 18:28:07.966: 84 test start:
2024-11-14 18:37:13.217: 84 avg_reward: 888460.0
2024-11-14 18:37:13.217: 84 avg_steps: 26995.65
2024-11-14 18:37:13.217: 84 epsilon: 0.01
2024-11-14 18:37:13.217: 84 q: 2.2765317
2024-11-14 18:46:33.421: 85 test start:
2024-11-14 18:55:40.293: 85 avg_reward: 870790.0
2024-11-14 18:55:40.293: 85 avg_steps: 26995.45
2024-11-14 18:55:40.293: 85 epsilon: 0.01
2024-11-14 18:55:40.293: 85 q: 2.2842336
2024-11-14 19:05:56.592: 86 test start:
2024-11-14 19:14:59.254: 86 avg_reward: 877800.0
2024-11-14 19:14:59.254: 86 avg_steps: 26996.45
2024-11-14 19:14:59.254: 86 epsilon: 0.01
2024-11-14 19:14:59.254: 86 q: 2.3491845
2024-11-14 19:24:07.837: 87 test start:
2024-11-14 19:33:11.558: 87 avg_reward: 913540.0
2024-11-14 19:33:11.558: 87 avg_steps: 26996.6
2024-11-14 19:33:11.558: 87 epsilon: 0.01
2024-11-14 19:33:11.558: 87 q: 2.3635776
2024-11-14 19:42:16.779: 88 test start:
2024-11-14 19:51:20.378: 88 avg_reward: 883985.0
2024-11-14 19:51:20.378: 88 avg_steps: 26996.55
2024-11-14 19:51:20.378: 88 epsilon: 0.01
2024-11-14 19:51:20.379: 88 q: 2.3767269
2024-11-14 20:00:27.730: 89 test start:
2024-11-14 20:09:33.929: 89 avg_reward: 901515.0
2024-11-14 20:09:33.929: 89 avg_steps: 26996.75
2024-11-14 20:09:33.929: 89 epsilon: 0.01
2024-11-14 20:09:33.929: 89 q: 2.4112465
2024-11-14 20:18:48.177: 90 test start:
2024-11-14 20:27:52.370: 90 avg_reward: 917990.0
2024-11-14 20:27:52.370: 90 avg_steps: 26996.25
2024-11-14 20:27:52.375: 90 epsilon: 0.01
2024-11-14 20:27:52.375: 90 q: 2.4429626
2024-11-14 20:38:01.842: 91 test start:
2024-11-14 20:47:02.965: 91 avg_reward: 916270.0
2024-11-14 20:47:02.965: 91 avg_steps: 26995.8
2024-11-14 20:47:02.965: 91 epsilon: 0.01
2024-11-14 20:47:02.966: 91 q: 2.4682133
2024-11-14 20:55:55.562: 92 test start:
2024-11-14 21:04:58.360: 92 avg_reward: 879230.0
2024-11-14 21:04:58.360: 92 avg_steps: 26995.95
2024-11-14 21:04:58.360: 92 epsilon: 0.01
2024-11-14 21:04:58.360: 92 q: 2.4891338
2024-11-14 21:14:05.302: 93 test start:
2024-11-14 21:23:12.878: 93 avg_reward: 886240.0
2024-11-14 21:23:12.878: 93 avg_steps: 26996.6
2024-11-14 21:23:12.879: 93 epsilon: 0.01
2024-11-14 21:23:12.879: 93 q: 2.5105627
2024-11-14 21:32:38.079: 94 test start:
2024-11-14 21:41:27.476: 94 avg_reward: 901720.0
2024-11-14 21:41:27.476: 94 avg_steps: 26995.45
2024-11-14 21:41:27.477: 94 epsilon: 0.01
2024-11-14 21:41:27.477: 94 q: 2.5387688
2024-11-14 21:51:57.897: 95 test start:
2024-11-14 22:00:55.039: 95 avg_reward: 899245.0
2024-11-14 22:00:55.039: 95 avg_steps: 26996.95
2024-11-14 22:00:55.039: 95 epsilon: 0.01
2024-11-14 22:00:55.039: 95 q: 2.5315952
2024-11-14 22:10:23.269: 96 test start:
2024-11-14 22:19:17.400: 96 avg_reward: 880775.0
2024-11-14 22:19:17.400: 96 avg_steps: 26995.7
2024-11-14 22:19:17.400: 96 epsilon: 0.01
2024-11-14 22:19:17.401: 96 q: 2.534025
2024-11-14 22:28:50.343: 97 test start:
2024-11-14 22:37:57.875: 97 avg_reward: 877385.0
2024-11-14 22:37:57.875: 97 avg_steps: 26995.25
2024-11-14 22:37:57.875: 97 epsilon: 0.01
2024-11-14 22:37:57.875: 97 q: 2.552021
2024-11-14 22:47:02.453: 98 test start:
2024-11-14 22:56:07.571: 98 avg_reward: 855120.0
2024-11-14 22:56:07.572: 98 avg_steps: 26996.8
2024-11-14 22:56:07.572: 98 epsilon: 0.01
2024-11-14 22:56:07.572: 98 q: 2.5730684
2024-11-14 23:06:13.619: 99 test start:
2024-11-14 23:15:19.742: 99 avg_reward: 836665.0
2024-11-14 23:15:19.742: 99 avg_steps: 26995.15
2024-11-14 23:15:19.742: 99 epsilon: 0.01
2024-11-14 23:15:19.742: 99 q: 2.565683
2024-11-14 23:24:35.491: 100 test start:
2024-11-14 23:33:30.932: 100 avg_reward: 830600.0
2024-11-14 23:33:30.932: 100 avg_steps: 26995.5
2024-11-14 23:33:30.933: 100 epsilon: 0.01
2024-11-14 23:33:30.933: 100 q: 2.589184
2024-11-14 23:42:47.819: 101 test start:
2024-11-14 23:51:43.411: 101 avg_reward: 819235.0
2024-11-14 23:51:43.411: 101 avg_steps: 26996.1
2024-11-14 23:51:43.417: 101 epsilon: 0.01
2024-11-14 23:51:43.417: 101 q: 2.5580142
2024-11-15 00:00:59.385: 102 test start:
2024-11-15 00:09:57.057: 102 avg_reward: 847525.0
2024-11-15 00:09:57.057: 102 avg_steps: 26995.75
2024-11-15 00:09:57.057: 102 epsilon: 0.01
2024-11-15 00:09:57.057: 102 q: 2.6149552
2024-11-15 00:20:17.801: 103 test start:
2024-11-15 00:29:14.874: 103 avg_reward: 834475.0
2024-11-15 00:29:14.874: 103 avg_steps: 26995.9
2024-11-15 00:29:14.874: 103 epsilon: 0.01
2024-11-15 00:29:14.874: 103 q: 2.6184342
2024-11-15 00:38:38.543: 104 test start:
2024-11-15 00:47:11.636: 104 avg_reward: 784165.0
2024-11-15 00:47:11.637: 104 avg_steps: 25743.05
2024-11-15 00:47:11.637: 104 epsilon: 0.01
2024-11-15 00:47:11.637: 104 q: 2.651933
2024-11-15 00:56:23.522: 105 test start:
2024-11-15 01:05:21.506: 105 avg_reward: 834225.0
2024-11-15 01:05:21.506: 105 avg_steps: 26996.6
2024-11-15 01:05:21.506: 105 epsilon: 0.01
2024-11-15 01:05:21.506: 105 q: 2.6686635
2024-11-15 01:14:31.870: 106 test start:
2024-11-15 01:23:32.208: 106 avg_reward: 814025.0
2024-11-15 01:23:32.208: 106 avg_steps: 26995.75
2024-11-15 01:23:32.208: 106 epsilon: 0.01
2024-11-15 01:23:32.208: 106 q: 2.6804643
2024-11-15 01:33:46.630: 107 test start:
2024-11-15 01:42:45.175: 107 avg_reward: 821270.0
2024-11-15 01:42:45.175: 107 avg_steps: 26995.7
2024-11-15 01:42:45.175: 107 epsilon: 0.01
2024-11-15 01:42:45.175: 107 q: 2.703275
2024-11-15 01:51:59.050: 108 test start:
2024-11-15 02:00:55.549: 108 avg_reward: 815215.0
2024-11-15 02:00:55.550: 108 avg_steps: 26995.7
2024-11-15 02:00:55.550: 108 epsilon: 0.01
2024-11-15 02:00:55.550: 108 q: 2.7074194
2024-11-15 02:10:13.667: 109 test start:
2024-11-15 02:19:10.854: 109 avg_reward: 834465.0
2024-11-15 02:19:10.854: 109 avg_steps: 26995.9
2024-11-15 02:19:10.854: 109 epsilon: 0.01
2024-11-15 02:19:10.854: 109 q: 2.681658
2024-11-15 02:28:22.335: 110 test start:
2024-11-15 02:37:23.267: 110 avg_reward: 834475.0
2024-11-15 02:37:23.267: 110 avg_steps: 26995.95
2024-11-15 02:37:23.267: 110 epsilon: 0.01
2024-11-15 02:37:23.267: 110 q: 2.7137675
2024-11-15 02:47:37.463: 111 test start:
2024-11-15 02:55:48.557: 111 avg_reward: 745265.0
2024-11-15 02:55:48.558: 111 avg_steps: 24484.5
2024-11-15 02:55:48.558: 111 epsilon: 0.01
2024-11-15 02:55:48.558: 111 q: 2.7405639
2024-11-15 03:05:03.489: 112 test start:
2024-11-15 03:14:04.605: 112 avg_reward: 814010.0
2024-11-15 03:14:04.605: 112 avg_steps: 26996.0
2024-11-15 03:14:04.605: 112 epsilon: 0.01
2024-11-15 03:14:04.605: 112 q: 2.7541077
2024-11-15 03:23:13.786: 113 test start:
2024-11-15 03:30:57.676: 113 avg_reward: 699750.0
2024-11-15 03:30:57.677: 113 avg_steps: 23152.2
2024-11-15 03:30:57.677: 113 epsilon: 0.01
2024-11-15 03:30:57.677: 113 q: 2.7611387
2024-11-15 03:39:58.866: 114 test start:
2024-11-15 03:49:03.824: 114 avg_reward: 799395.0
2024-11-15 03:49:03.824: 114 avg_steps: 26996.6
2024-11-15 03:49:03.824: 114 epsilon: 0.01
2024-11-15 03:49:03.824: 114 q: 2.764661
2024-11-15 03:58:57.773: 115 test start:
2024-11-15 04:08:07.215: 115 avg_reward: 805970.0
2024-11-15 04:08:07.215: 115 avg_steps: 26995.85
2024-11-15 04:08:07.215: 115 epsilon: 0.01
2024-11-15 04:08:07.215: 115 q: 2.7713542
2024-11-15 04:17:07.423: 116 test start:
2024-11-15 04:26:15.152: 116 avg_reward: 803295.0
2024-11-15 04:26:15.153: 116 avg_steps: 26997.2
2024-11-15 04:26:15.153: 116 epsilon: 0.01
2024-11-15 04:26:15.153: 116 q: 2.7720366
2024-11-15 04:35:18.830: 117 test start:
2024-11-15 04:44:25.979: 117 avg_reward: 814470.0
2024-11-15 04:44:25.979: 117 avg_steps: 26995.85
2024-11-15 04:44:25.979: 117 epsilon: 0.01
2024-11-15 04:44:25.979: 117 q: 2.7959828
2024-11-15 04:53:31.111: 118 test start:
2024-11-15 05:02:36.734: 118 avg_reward: 811890.0
2024-11-15 05:02:36.734: 118 avg_steps: 26996.0
2024-11-15 05:02:36.734: 118 epsilon: 0.01
2024-11-15 05:02:36.734: 118 q: 2.7647667
2024-11-15 05:12:39.743: 119 test start:
2024-11-15 05:21:48.319: 119 avg_reward: 806875.0
2024-11-15 05:21:48.320: 119 avg_steps: 26997.0
2024-11-15 05:21:48.320: 119 epsilon: 0.01
2024-11-15 05:21:48.320: 119 q: 2.7517374
2024-11-15 05:30:45.504: 120 test start:
2024-11-15 05:37:50.698: 120 avg_reward: 614740.0
2024-11-15 05:37:50.699: 120 avg_steps: 20579.05
2024-11-15 05:37:50.699: 120 epsilon: 0.01
2024-11-15 05:37:50.699: 120 q: 2.756209
2024-11-15 05:46:48.004: 121 test start:
2024-11-15 05:55:59.045: 121 avg_reward: 797760.0
2024-11-15 05:55:59.045: 121 avg_steps: 26996.05
2024-11-15 05:55:59.045: 121 epsilon: 0.01
2024-11-15 05:55:59.045: 121 q: 2.713989
2024-11-15 06:05:00.878: 122 test start:
2024-11-15 06:14:11.349: 122 avg_reward: 798440.0
2024-11-15 06:14:11.350: 122 avg_steps: 26996.75
2024-11-15 06:14:11.350: 122 epsilon: 0.01
2024-11-15 06:14:11.350: 122 q: 2.7246954
2024-11-15 06:24:13.121: 123 test start:
2024-11-15 06:33:23.852: 123 avg_reward: 784980.0
2024-11-15 06:33:23.852: 123 avg_steps: 26996.7
2024-11-15 06:33:23.852: 123 epsilon: 0.01
2024-11-15 06:33:23.852: 123 q: 2.7770522
2024-11-15 06:42:22.747: 124 test start:
2024-11-15 06:51:33.609: 124 avg_reward: 794625.0
2024-11-15 06:51:33.609: 124 avg_steps: 26996.2
2024-11-15 06:51:33.609: 124 epsilon: 0.01
2024-11-15 06:51:33.609: 124 q: 2.782509
2024-11-15 07:00:33.925: 125 test start:
2024-11-15 07:09:40.369: 125 avg_reward: 801815.0
2024-11-15 07:09:40.369: 125 avg_steps: 26996.0
2024-11-15 07:09:40.370: 125 epsilon: 0.01
2024-11-15 07:09:40.370: 125 q: 2.8357763
2024-11-15 07:18:46.903: 126 test start:
2024-11-15 07:27:55.313: 126 avg_reward: 816355.0
2024-11-15 07:27:55.314: 126 avg_steps: 26996.8
2024-11-15 07:27:55.314: 126 epsilon: 0.01
2024-11-15 07:27:55.314: 126 q: 2.8532906
2024-11-15 07:37:54.879: 127 test start:
2024-11-15 07:47:03.310: 127 avg_reward: 801110.0
2024-11-15 07:47:03.310: 127 avg_steps: 26995.65
2024-11-15 07:47:03.310: 127 epsilon: 0.01
2024-11-15 07:47:03.310: 127 q: 2.828596
2024-11-15 07:56:00.995: 128 test start:
2024-11-15 08:04:46.160: 128 avg_reward: 759115.0
2024-11-15 08:04:46.160: 128 avg_steps: 25702.35
2024-11-15 08:04:46.160: 128 epsilon: 0.01
2024-11-15 08:04:46.160: 128 q: 2.8535879
2024-11-15 08:13:39.818: 129 test start:
2024-11-15 08:21:05.971: 129 avg_reward: 684255.0
2024-11-15 08:21:05.971: 129 avg_steps: 22018.8
2024-11-15 08:21:05.971: 129 epsilon: 0.01
2024-11-15 08:21:05.971: 129 q: 2.862092
2024-11-15 08:31:19.947: 130 test start:
2024-11-15 08:39:37.716: 130 avg_reward: 733910.0
2024-11-15 08:39:37.716: 130 avg_steps: 24518.25
2024-11-15 08:39:37.716: 130 epsilon: 0.01
2024-11-15 08:39:37.716: 130 q: 2.8593373
2024-11-15 08:48:51.118: 131 test start:
2024-11-15 08:57:53.175: 131 avg_reward: 796175.0
2024-11-15 08:57:53.175: 131 avg_steps: 26996.3
2024-11-15 08:57:53.175: 131 epsilon: 0.01
2024-11-15 08:57:53.175: 131 q: 2.8888707
2024-11-15 09:07:10.549: 132 test start:
2024-11-15 09:16:13.219: 132 avg_reward: 797215.0
2024-11-15 09:16:13.219: 132 avg_steps: 26995.35
2024-11-15 09:16:13.219: 132 epsilon: 0.01
2024-11-15 09:16:13.219: 132 q: 2.9262302
2024-11-15 09:25:27.489: 133 test start:
2024-11-15 09:34:32.313: 133 avg_reward: 797970.0
2024-11-15 09:34:32.313: 133 avg_steps: 26995.25
2024-11-15 09:34:32.313: 133 epsilon: 0.01
2024-11-15 09:34:32.313: 133 q: 2.927178
2024-11-15 09:44:45.458: 134 test start:
2024-11-15 09:53:27.940: 134 avg_reward: 770480.0
2024-11-15 09:53:27.940: 134 avg_steps: 25734.25
2024-11-15 09:53:27.940: 134 epsilon: 0.01
2024-11-15 09:53:27.940: 134 q: 2.9058197
2024-11-15 10:02:36.261: 135 test start:
2024-11-15 10:11:42.662: 135 avg_reward: 792650.0
2024-11-15 10:11:42.662: 135 avg_steps: 26995.8
2024-11-15 10:11:42.662: 135 epsilon: 0.01
2024-11-15 10:11:42.662: 135 q: 2.9476507
2024-11-15 10:20:54.166: 136 test start:
2024-11-15 10:29:59.646: 136 avg_reward: 788185.0
2024-11-15 10:29:59.646: 136 avg_steps: 26996.2
2024-11-15 10:29:59.646: 136 epsilon: 0.01
2024-11-15 10:29:59.646: 136 q: 2.9148138
2024-11-15 10:39:13.192: 137 test start:
2024-11-15 10:48:17.337: 137 avg_reward: 798995.0
2024-11-15 10:48:17.337: 137 avg_steps: 26995.5
2024-11-15 10:48:17.337: 137 epsilon: 0.01
2024-11-15 10:48:17.337: 137 q: 2.969561
2024-11-15 10:58:32.169: 138 test start:
2024-11-15 11:07:37.596: 138 avg_reward: 775555.0
2024-11-15 11:07:37.597: 138 avg_steps: 26996.6
2024-11-15 11:07:37.597: 138 epsilon: 0.01
2024-11-15 11:07:37.597: 138 q: 2.9552243
2024-11-15 11:16:48.460: 139 test start:
2024-11-15 11:25:53.772: 139 avg_reward: 813910.0
2024-11-15 11:25:53.773: 139 avg_steps: 26995.45
2024-11-15 11:25:53.773: 139 epsilon: 0.01
2024-11-15 11:25:53.773: 139 q: 2.9812841
2024-11-15 11:35:05.182: 140 test start:
2024-11-15 11:44:09.077: 140 avg_reward: 789780.0
2024-11-15 11:44:09.077: 140 avg_steps: 26996.3
2024-11-15 11:44:09.077: 140 epsilon: 0.01
2024-11-15 11:44:09.077: 140 q: 3.00951
2024-11-15 11:53:19.179: 141 test start:
2024-11-15 12:01:31.818: 141 avg_reward: 724575.0
2024-11-15 12:01:31.818: 141 avg_steps: 24394.55
2024-11-15 12:01:31.818: 141 epsilon: 0.01
2024-11-15 12:01:31.818: 141 q: 2.958345
2024-11-15 12:11:47.199: 142 test start:
2024-11-15 12:20:53.025: 142 avg_reward: 823170.0
2024-11-15 12:20:53.025: 142 avg_steps: 26996.05
2024-11-15 12:20:53.025: 142 epsilon: 0.01
2024-11-15 12:20:53.025: 142 q: 2.956618
2024-11-15 12:30:01.404: 143 test start:
2024-11-15 12:39:08.790: 143 avg_reward: 792040.0
2024-11-15 12:39:08.790: 143 avg_steps: 26996.45
2024-11-15 12:39:08.791: 143 epsilon: 0.01
2024-11-15 12:39:08.791: 143 q: 2.988868
2024-11-15 12:48:17.791: 144 test start:
2024-11-15 12:56:05.189: 144 avg_reward: 676380.0
2024-11-15 12:56:05.190: 144 avg_steps: 23151.85
2024-11-15 12:56:05.190: 144 epsilon: 0.01
2024-11-15 12:56:05.190: 144 q: 2.9801264
2024-11-15 13:05:26.017: 145 test start:
2024-11-15 13:14:26.792: 145 avg_reward: 802895.0
2024-11-15 13:14:26.792: 145 avg_steps: 26996.3
2024-11-15 13:14:26.792: 145 epsilon: 0.01
2024-11-15 13:14:26.792: 145 q: 3.0246136
2024-11-15 13:23:43.413: 146 test start:
2024-11-15 13:31:29.474: 146 avg_reward: 670345.0
2024-11-15 13:31:29.474: 146 avg_steps: 23161.25
2024-11-15 13:31:29.474: 146 epsilon: 0.01
2024-11-15 13:31:29.474: 146 q: 2.9850519
2024-11-15 13:41:56.510: 147 test start:
2024-11-15 13:50:57.718: 147 avg_reward: 800190.0
2024-11-15 13:50:57.719: 147 avg_steps: 26996.75
2024-11-15 13:50:57.719: 147 epsilon: 0.01
2024-11-15 13:50:57.719: 147 q: 3.0073054
2024-11-15 14:00:16.617: 148 test start:
2024-11-15 14:09:15.878: 148 avg_reward: 801290.0
2024-11-15 14:09:15.879: 148 avg_steps: 26996.45
2024-11-15 14:09:15.879: 148 epsilon: 0.01
2024-11-15 14:09:15.879: 148 q: 2.9930897
2024-11-15 14:18:38.187: 149 test start:
2024-11-15 14:27:38.534: 149 avg_reward: 784985.0
2024-11-15 14:27:38.534: 149 avg_steps: 26996.2
2024-11-15 14:27:38.534: 149 epsilon: 0.01
2024-11-15 14:27:38.534: 149 q: 2.9868038
2024-11-15 14:36:57.915: 150 test start:
2024-11-15 14:41:37.552: 150 avg_reward: 406145.0
2024-11-15 14:41:37.552: 150 avg_steps: 14178.1
2024-11-15 14:41:37.553: 150 epsilon: 0.01
2024-11-15 14:41:37.553: 150 q: 2.9994485
2024-11-15 14:52:13.565: 151 test start:
2024-11-15 14:58:43.817: 151 avg_reward: 575695.0
2024-11-15 14:58:43.817: 151 avg_steps: 19617.15
2024-11-15 14:58:43.817: 151 epsilon: 0.01
2024-11-15 14:58:43.817: 151 q: 3.0396664
2024-11-15 15:08:13.966: 152 test start:
2024-11-15 15:17:06.285: 152 avg_reward: 789220.0
2024-11-15 15:17:06.285: 152 avg_steps: 26996.2
2024-11-15 15:17:06.285: 152 epsilon: 0.01
2024-11-15 15:17:06.285: 152 q: 3.04104
2024-11-15 15:26:38.677: 153 test start:
2024-11-15 15:35:31.255: 153 avg_reward: 782245.0
2024-11-15 15:35:31.255: 153 avg_steps: 26996.35
2024-11-15 15:35:31.255: 153 epsilon: 0.01
2024-11-15 15:35:31.255: 153 q: 3.078084
2024-11-15 15:45:11.664: 154 test start:
2024-11-15 15:54:05.827: 154 avg_reward: 789550.0
2024-11-15 15:54:05.827: 154 avg_steps: 26996.3
2024-11-15 15:54:05.827: 154 epsilon: 0.01
2024-11-15 15:54:05.827: 154 q: 3.0926952
2024-11-15 16:03:31.800: 155 test start:
2024-11-15 16:12:32.328: 155 avg_reward: 808280.0
2024-11-15 16:12:32.328: 155 avg_steps: 26996.6
2024-11-15 16:12:32.328: 155 epsilon: 0.01
2024-11-15 16:12:32.328: 155 q: 3.0684874
2024-11-15 16:22:50.499: 156 test start:
2024-11-15 16:31:54.871: 156 avg_reward: 806090.0
2024-11-15 16:31:54.872: 156 avg_steps: 26995.9
2024-11-15 16:31:54.877: 156 epsilon: 0.01
2024-11-15 16:31:54.877: 156 q: 3.1284077
2024-11-15 16:41:13.831: 157 test start:
2024-11-15 16:49:48.024: 157 avg_reward: 762560.0
2024-11-15 16:49:48.025: 157 avg_steps: 25723.45
2024-11-15 16:49:48.025: 157 epsilon: 0.01
2024-11-15 16:49:48.025: 157 q: 3.1536582
2024-11-15 16:59:07.026: 158 test start:
2024-11-15 17:07:12.588: 158 avg_reward: 722030.0
2024-11-15 17:07:12.589: 158 avg_steps: 24548.65
2024-11-15 17:07:12.589: 158 epsilon: 0.01
2024-11-15 17:07:12.589: 158 q: 3.1048477
2024-11-15 17:16:42.350: 159 test start:
2024-11-15 17:25:10.443: 159 avg_reward: 754380.0
2024-11-15 17:25:10.443: 159 avg_steps: 25740.35
2024-11-15 17:25:10.443: 159 epsilon: 0.01
2024-11-15 17:25:10.443: 159 q: 3.1117685
2024-11-15 17:34:49.842: 160 test start:
2024-11-15 17:43:48.742: 160 avg_reward: 804420.0
2024-11-15 17:43:48.743: 160 avg_steps: 26996.05
2024-11-15 17:43:48.743: 160 epsilon: 0.01
2024-11-15 17:43:48.743: 160 q: 3.1160908
2024-11-15 17:54:11.353: 161 test start:
2024-11-15 18:02:52.268: 161 avg_reward: 740370.0
2024-11-15 18:02:52.268: 161 avg_steps: 25759.1
2024-11-15 18:02:52.268: 161 epsilon: 0.01
2024-11-15 18:02:52.268: 161 q: 3.1169605
2024-11-15 18:12:08.020: 162 test start:
2024-11-15 18:21:13.803: 162 avg_reward: 781360.0
2024-11-15 18:21:13.803: 162 avg_steps: 26996.6
2024-11-15 18:21:13.803: 162 epsilon: 0.01
2024-11-15 18:21:13.803: 162 q: 3.1507888
2024-11-15 18:30:18.006: 163 test start:
2024-11-15 18:39:32.604: 163 avg_reward: 806100.0
2024-11-15 18:39:32.604: 163 avg_steps: 26995.3
2024-11-15 18:39:32.604: 163 epsilon: 0.01
2024-11-15 18:39:32.604: 163 q: 3.1792061
2024-11-15 18:49:43.370: 164 test start:
2024-11-15 18:58:48.412: 164 avg_reward: 793915.0
2024-11-15 18:58:48.412: 164 avg_steps: 26996.75
2024-11-15 18:58:48.413: 164 epsilon: 0.01
2024-11-15 18:58:48.413: 164 q: 3.1466894
2024-11-15 19:08:07.280: 165 test start:
2024-11-15 19:13:24.862: 165 avg_reward: 438830.0
2024-11-15 19:13:24.863: 165 avg_steps: 15563.1
2024-11-15 19:13:24.863: 165 epsilon: 0.01
2024-11-15 19:13:24.863: 165 q: 3.1515722
2024-11-15 19:22:24.691: 166 test start:
2024-11-15 19:29:03.054: 166 avg_reward: 571615.0
2024-11-15 19:29:03.054: 166 avg_steps: 19463.0
2024-11-15 19:29:03.055: 166 epsilon: 0.01
2024-11-15 19:29:03.055: 166 q: 3.1291165
2024-11-15 19:38:16.642: 167 test start:
2024-11-15 19:47:20.747: 167 avg_reward: 804585.0
2024-11-15 19:47:20.748: 167 avg_steps: 26996.3
2024-11-15 19:47:20.748: 167 epsilon: 0.01
2024-11-15 19:47:20.748: 167 q: 3.1393712
2024-11-15 19:56:26.021: 168 test start:
2024-11-15 20:04:43.137: 168 avg_reward: 742085.0
2024-11-15 20:04:43.137: 168 avg_steps: 24598.35
2024-11-15 20:04:43.137: 168 epsilon: 0.01
2024-11-15 20:04:43.137: 168 q: 3.1812725
2024-11-15 20:14:56.904: 169 test start:
2024-11-15 20:24:02.580: 169 avg_reward: 810400.0
2024-11-15 20:24:02.580: 169 avg_steps: 26996.5
2024-11-15 20:24:02.580: 169 epsilon: 0.01
2024-11-15 20:24:02.580: 169 q: 3.1871355
2024-11-15 20:33:18.243: 170 test start:
2024-11-15 20:42:23.160: 170 avg_reward: 808475.0
2024-11-15 20:42:23.160: 170 avg_steps: 26996.2
2024-11-15 20:42:23.160: 170 epsilon: 0.01
2024-11-15 20:42:23.160: 170 q: 3.1664853
2024-11-15 20:51:30.398: 171 test start:
2024-11-15 21:00:36.280: 171 avg_reward: 793210.0
2024-11-15 21:00:36.280: 171 avg_steps: 26996.15
2024-11-15 21:00:36.280: 171 epsilon: 0.01
2024-11-15 21:00:36.280: 171 q: 3.2177324
2024-11-15 21:09:52.641: 172 test start:
2024-11-15 21:18:57.138: 172 avg_reward: 848475.0
2024-11-15 21:18:57.138: 172 avg_steps: 26995.9
2024-11-15 21:18:57.138: 172 epsilon: 0.01
2024-11-15 21:18:57.138: 172 q: 3.2140546
2024-11-15 21:28:10.799: 173 test start:
2024-11-15 21:37:16.482: 173 avg_reward: 811285.0
2024-11-15 21:37:16.482: 173 avg_steps: 26996.3
2024-11-15 21:37:16.482: 173 epsilon: 0.01
2024-11-15 21:37:16.482: 173 q: 3.2580402
2024-11-15 21:47:24.826: 174 test start:
2024-11-15 21:56:30.457: 174 avg_reward: 837720.0
2024-11-15 21:56:30.457: 174 avg_steps: 26996.85
2024-11-15 21:56:30.457: 174 epsilon: 0.01
2024-11-15 21:56:30.457: 174 q: 3.1995072
2024-11-15 22:05:40.260: 175 test start:
2024-11-15 22:14:47.095: 175 avg_reward: 806135.0
2024-11-15 22:14:47.095: 175 avg_steps: 26995.85
2024-11-15 22:14:47.095: 175 epsilon: 0.01
2024-11-15 22:14:47.095: 175 q: 3.2406635
2024-11-15 22:24:04.459: 176 test start:
2024-11-15 22:32:42.813: 176 avg_reward: 756165.0
2024-11-15 22:32:42.813: 176 avg_steps: 25676.75
2024-11-15 22:32:42.813: 176 epsilon: 0.01
2024-11-15 22:32:42.813: 176 q: 3.2308457
2024-11-15 22:41:58.150: 177 test start:
2024-11-15 22:51:05.153: 177 avg_reward: 769625.0
2024-11-15 22:51:05.153: 177 avg_steps: 26995.5
2024-11-15 22:51:05.153: 177 epsilon: 0.01
2024-11-15 22:51:05.153: 177 q: 3.2378228
2024-11-15 23:01:17.734: 178 test start:
2024-11-15 23:10:20.419: 178 avg_reward: 792205.0
2024-11-15 23:10:20.420: 178 avg_steps: 26996.85
2024-11-15 23:10:20.420: 178 epsilon: 0.01
2024-11-15 23:10:20.420: 178 q: 3.239856
2024-11-15 23:19:30.536: 179 test start:
2024-11-15 23:28:10.858: 179 avg_reward: 758290.0
2024-11-15 23:28:10.858: 179 avg_steps: 25690.6
2024-11-15 23:28:10.859: 179 epsilon: 0.01
2024-11-15 23:28:10.859: 179 q: 3.2485225
2024-11-15 23:37:20.820: 180 test start:
2024-11-15 23:46:24.549: 180 avg_reward: 806240.0
2024-11-15 23:46:24.549: 180 avg_steps: 26996.15
2024-11-15 23:46:24.549: 180 epsilon: 0.01
2024-11-15 23:46:24.549: 180 q: 3.2132747
2024-11-15 23:55:36.450: 181 test start:
2024-11-16 00:04:38.196: 181 avg_reward: 837075.0
2024-11-16 00:04:38.196: 181 avg_steps: 26995.6
2024-11-16 00:04:38.196: 181 epsilon: 0.01
2024-11-16 00:04:38.196: 181 q: 3.2275474
2024-11-16 00:14:56.449: 182 test start:
2024-11-16 00:23:09.699: 182 avg_reward: 745965.0
2024-11-16 00:23:09.700: 182 avg_steps: 24504.15
2024-11-16 00:23:09.700: 182 epsilon: 0.01
2024-11-16 00:23:09.700: 182 q: 3.2490783
2024-11-16 00:32:26.626: 183 test start:
2024-11-16 00:41:30.333: 183 avg_reward: 812700.0
2024-11-16 00:41:30.333: 183 avg_steps: 26996.55
2024-11-16 00:41:30.333: 183 epsilon: 0.01
2024-11-16 00:41:30.333: 183 q: 3.254482
2024-11-16 00:50:47.449: 184 test start:
2024-11-16 00:59:22.514: 184 avg_reward: 762810.0
2024-11-16 00:59:22.514: 184 avg_steps: 25789.55
2024-11-16 00:59:22.514: 184 epsilon: 0.01
2024-11-16 00:59:22.514: 184 q: 3.2077184
2024-11-16 01:08:41.312: 185 test start:
2024-11-16 01:16:53.706: 185 avg_reward: 717195.0
2024-11-16 01:16:53.706: 185 avg_steps: 24540.15
2024-11-16 01:16:53.706: 185 epsilon: 0.01
2024-11-16 01:16:53.706: 185 q: 3.1668851
2024-11-16 01:27:18.213: 186 test start:
2024-11-16 01:33:41.974: 186 avg_reward: 559895.0
2024-11-16 01:33:41.974: 186 avg_steps: 19347.3
2024-11-16 01:33:41.974: 186 epsilon: 0.01
2024-11-16 01:33:41.974: 186 q: 3.153562
2024-11-16 01:43:13.400: 187 test start:
2024-11-16 01:52:06.666: 187 avg_reward: 794550.0
2024-11-16 01:52:06.666: 187 avg_steps: 26996.0
2024-11-16 01:52:06.666: 187 epsilon: 0.01
2024-11-16 01:52:06.666: 187 q: 3.15334
2024-11-16 02:01:43.382: 188 test start:
2024-11-16 02:10:38.372: 188 avg_reward: 826755.0
2024-11-16 02:10:38.372: 188 avg_steps: 26996.6
2024-11-16 02:10:38.372: 188 epsilon: 0.01
2024-11-16 02:10:38.372: 188 q: 3.1712854
2024-11-16 02:20:26.965: 189 test start:
2024-11-16 02:29:20.162: 189 avg_reward: 785665.0
2024-11-16 02:29:20.162: 189 avg_steps: 26997.0
2024-11-16 02:29:20.168: 189 epsilon: 0.01
2024-11-16 02:29:20.168: 189 q: 3.1819975
2024-11-16 02:38:56.023: 190 test start:
2024-11-16 02:46:03.267: 190 avg_reward: 635730.0
2024-11-16 02:46:03.267: 190 avg_steps: 21868.35
2024-11-16 02:46:03.267: 190 epsilon: 0.01
2024-11-16 02:46:03.267: 190 q: 3.1884887
2024-11-16 02:56:55.787: 191 test start:
2024-11-16 03:05:47.329: 191 avg_reward: 807015.0
2024-11-16 03:05:47.329: 191 avg_steps: 26996.15
2024-11-16 03:05:47.329: 191 epsilon: 0.01
2024-11-16 03:05:47.329: 191 q: 3.1471996
2024-11-16 03:15:35.162: 192 test start:
2024-11-16 03:20:46.930: 192 avg_reward: 470450.0
2024-11-16 03:20:46.930: 192 avg_steps: 15781.25
2024-11-16 03:20:46.931: 192 epsilon: 0.01
2024-11-16 03:20:46.931: 192 q: 3.1622403
2024-11-16 03:30:18.694: 193 test start:
2024-11-16 03:39:18.489: 193 avg_reward: 807145.0
2024-11-16 03:39:18.489: 193 avg_steps: 26995.75
2024-11-16 03:39:18.489: 193 epsilon: 0.01
2024-11-16 03:39:18.489: 193 q: 3.1723418
2024-11-16 03:48:45.908: 194 test start:
2024-11-16 03:57:43.646: 194 avg_reward: 816850.0
2024-11-16 03:57:43.646: 194 avg_steps: 26995.7
2024-11-16 03:57:43.646: 194 epsilon: 0.01
2024-11-16 03:57:43.646: 194 q: 3.1856105
2024-11-16 04:07:13.119: 195 test start:
2024-11-16 04:16:09.966: 195 avg_reward: 820835.0
2024-11-16 04:16:09.966: 195 avg_steps: 26995.8
2024-11-16 04:16:09.966: 195 epsilon: 0.01
2024-11-16 04:16:09.966: 195 q: 3.1651201
2024-11-16 04:26:36.491: 196 test start:
2024-11-16 04:33:50.188: 196 avg_reward: 654460.0
2024-11-16 04:33:50.188: 196 avg_steps: 21940.1
2024-11-16 04:33:50.188: 196 epsilon: 0.01
2024-11-16 04:33:50.188: 196 q: 3.1754453
2024-11-16 04:43:12.567: 197 test start:
2024-11-16 04:49:44.907: 197 avg_reward: 578275.0
2024-11-16 04:49:44.907: 197 avg_steps: 19369.1
2024-11-16 04:49:44.907: 197 epsilon: 0.01
2024-11-16 04:49:44.907: 197 q: 3.2389503
2024-11-16 04:58:54.224: 198 test start:
2024-11-16 05:02:26.930: 198 avg_reward: 290120.0
2024-11-16 05:02:26.930: 198 avg_steps: 10559.45
2024-11-16 05:02:26.931: 198 epsilon: 0.01
2024-11-16 05:02:26.931: 198 q: 3.205336
2024-11-16 05:11:56.915: 199 test start:
2024-11-16 05:20:54.912: 199 avg_reward: 805490.0
2024-11-16 05:20:54.912: 199 avg_steps: 26997.15
2024-11-16 05:20:54.912: 199 epsilon: 0.01
2024-11-16 05:20:54.912: 199 q: 3.186272
2024-11-16 05:31:21.268: 200 test start:
2024-11-16 05:37:46.603: 200 avg_reward: 564795.0
2024-11-16 05:37:46.604: 200 avg_steps: 19444.8
2024-11-16 05:37:46.604: 200 epsilon: 0.01
2024-11-16 05:37:46.604: 200 q: 3.234561
