2024-11-11 02:19:37.577: 
parameters:agent_test_episodes: 20
batch_num_per_epoch: 250000
device: cuda:0
env_name: ALE/Seaquest-v5
epsilon_for_test: 0.001
epsilon_max: 0.1
epsilon_min: 0.01
exp_name: ALE-Seaquest-v5_2024-11-11-02-19-37
exp_path: ../exps/double_dqn/
exploration_steps: 1000000
gamma: 0.99
held_out_states_num: 1000
learning_rate: 0.00025
log_path: ../exps/double_dqn/
mini_batch_size: 32
model_update_freq: 4
n_times: 5
no_op: 30
phi_channel: 4
replay_buffer_size: 1000000
replay_start_size: 50000
save_model: true
screen_size: 84
seed: 0
skip_k_frame: 4
step_c: 30000
training_steps: 50000000

2024-11-11 02:19:37.652: optimizer: RMSprop (
Parameter Group 0
    alpha: 0.95
    centered: False
    differentiable: False
    eps: 0.01
    foreach: None
    lr: 0.00025
    maximize: False
    momentum: 0
    weight_decay: 0
)
2024-11-11 02:19:37.704: optimizer: RMSprop (
Parameter Group 0
    alpha: 0.95
    centered: False
    differentiable: False
    eps: 0.01
    foreach: None
    lr: 0.00025
    maximize: False
    momentum: 0
    weight_decay: 0
)
2024-11-11 02:28:03.676: 1 test start:
2024-11-11 02:28:21.060: 1 avg_reward: 180.0
2024-11-11 02:28:21.060: 1 avg_steps: 903.8
2024-11-11 02:28:21.060: 1 epsilon: 0.08194015
2024-11-11 02:28:21.060: 1 q: 0.032134652
2024-11-11 02:37:10.773: 2 test start:
2024-11-11 02:37:24.646: 2 avg_reward: 7.0
2024-11-11 02:37:24.646: 2 avg_steps: 722.15
2024-11-11 02:37:24.646: 2 epsilon: 0.05949775
2024-11-11 02:37:24.646: 2 q: 0.03440145
2024-11-11 02:46:26.227: 3 test start:
2024-11-11 02:46:43.320: 3 avg_reward: 175.0
2024-11-11 02:46:43.320: 3 avg_steps: 887.35
2024-11-11 02:46:43.320: 3 epsilon: 0.03692629
2024-11-11 02:46:43.320: 3 q: 0.06199109
2024-11-11 02:55:31.551: 4 test start:
2024-11-11 02:55:42.487: 4 avg_reward: 114.0
2024-11-11 02:55:42.487: 4 avg_steps: 559.9
2024-11-11 02:55:42.487: 4 epsilon: 0.014489379999999996
2024-11-11 02:55:42.487: 4 q: 0.07370675
2024-11-11 03:04:51.928: 5 test start:
2024-11-11 03:05:15.760: 5 avg_reward: 373.0
2024-11-11 03:05:15.761: 5 avg_steps: 1228.6
2024-11-11 03:05:15.761: 5 epsilon: 0.01
2024-11-11 03:05:15.761: 5 q: 0.09186748
2024-11-11 03:14:17.960: 6 test start:
2024-11-11 03:14:40.304: 6 avg_reward: 360.0
2024-11-11 03:14:40.304: 6 avg_steps: 1154.4
2024-11-11 03:14:40.304: 6 epsilon: 0.01
2024-11-11 03:14:40.304: 6 q: 0.1349255
2024-11-11 03:23:50.345: 7 test start:
2024-11-11 03:24:05.968: 7 avg_reward: 253.0
2024-11-11 03:24:05.969: 7 avg_steps: 798.05
2024-11-11 03:24:05.969: 7 epsilon: 0.01
2024-11-11 03:24:05.969: 7 q: 0.15533642
2024-11-11 03:33:06.928: 8 test start:
2024-11-11 03:33:35.840: 8 avg_reward: 501.0
2024-11-11 03:33:35.840: 8 avg_steps: 1475.75
2024-11-11 03:33:35.840: 8 epsilon: 0.01
2024-11-11 03:33:35.840: 8 q: 0.21386702
2024-11-11 03:42:48.069: 9 test start:
2024-11-11 03:43:05.930: 9 avg_reward: 302.0
2024-11-11 03:43:05.930: 9 avg_steps: 906.55
2024-11-11 03:43:05.930: 9 epsilon: 0.01
2024-11-11 03:43:05.930: 9 q: 0.23417297
2024-11-11 03:52:07.960: 10 test start:
2024-11-11 03:52:37.814: 10 avg_reward: 579.0
2024-11-11 03:52:37.814: 10 avg_steps: 1524.4
2024-11-11 03:52:37.814: 10 epsilon: 0.01
2024-11-11 03:52:37.814: 10 q: 0.25512296
2024-11-11 04:01:53.803: 11 test start:
2024-11-11 04:02:32.169: 11 avg_reward: 758.0
2024-11-11 04:02:32.169: 11 avg_steps: 1972.35
2024-11-11 04:02:32.169: 11 epsilon: 0.01
2024-11-11 04:02:32.169: 11 q: 0.29025763
2024-11-11 04:11:34.358: 12 test start:
2024-11-11 04:12:12.470: 12 avg_reward: 759.0
2024-11-11 04:12:12.471: 12 avg_steps: 1962.05
2024-11-11 04:12:12.471: 12 epsilon: 0.01
2024-11-11 04:12:12.471: 12 q: 0.33033636
2024-11-11 04:21:32.692: 13 test start:
2024-11-11 04:22:00.525: 13 avg_reward: 543.0
2024-11-11 04:22:00.525: 13 avg_steps: 1433.2
2024-11-11 04:22:00.525: 13 epsilon: 0.01
2024-11-11 04:22:00.525: 13 q: 0.38910127
2024-11-11 04:31:01.926: 14 test start:
2024-11-11 04:31:21.158: 14 avg_reward: 352.0
2024-11-11 04:31:21.158: 14 avg_steps: 981.6
2024-11-11 04:31:21.158: 14 epsilon: 0.01
2024-11-11 04:31:21.158: 14 q: 0.4222389
2024-11-11 04:40:35.213: 15 test start:
2024-11-11 04:40:51.552: 15 avg_reward: 284.0
2024-11-11 04:40:51.552: 15 avg_steps: 836.85
2024-11-11 04:40:51.552: 15 epsilon: 0.01
2024-11-11 04:40:51.552: 15 q: 0.45971707
2024-11-11 04:49:54.862: 16 test start:
2024-11-11 04:50:27.925: 16 avg_reward: 699.0
2024-11-11 04:50:27.925: 16 avg_steps: 1709.7
2024-11-11 04:50:27.925: 16 epsilon: 0.01
2024-11-11 04:50:27.925: 16 q: 0.48915955
2024-11-11 04:59:45.811: 17 test start:
2024-11-11 05:00:08.801: 17 avg_reward: 460.0
2024-11-11 05:00:08.801: 17 avg_steps: 1169.25
2024-11-11 05:00:08.802: 17 epsilon: 0.01
2024-11-11 05:00:08.802: 17 q: 0.54384154
2024-11-11 05:09:10.774: 18 test start:
2024-11-11 05:09:27.298: 18 avg_reward: 304.0
2024-11-11 05:09:27.299: 18 avg_steps: 850.1
2024-11-11 05:09:27.299: 18 epsilon: 0.01
2024-11-11 05:09:27.299: 18 q: 0.582091
2024-11-11 05:18:42.896: 19 test start:
2024-11-11 05:18:53.641: 19 avg_reward: 168.0
2024-11-11 05:18:53.641: 19 avg_steps: 544.05
2024-11-11 05:18:53.646: 19 epsilon: 0.01
2024-11-11 05:18:53.646: 19 q: 0.5778856
2024-11-11 05:27:56.535: 20 test start:
2024-11-11 05:28:14.221: 20 avg_reward: 448.0
2024-11-11 05:28:14.221: 20 avg_steps: 913.0
2024-11-11 05:28:14.221: 20 epsilon: 0.01
2024-11-11 05:28:14.221: 20 q: 0.6151445
2024-11-11 05:37:34.075: 21 test start:
2024-11-11 05:37:49.140: 21 avg_reward: 373.0
2024-11-11 05:37:49.140: 21 avg_steps: 771.25
2024-11-11 05:37:49.141: 21 epsilon: 0.01
2024-11-11 05:37:49.141: 21 q: 0.6652201
2024-11-11 05:46:51.369: 22 test start:
2024-11-11 05:47:10.535: 22 avg_reward: 545.0
2024-11-11 05:47:10.536: 22 avg_steps: 978.65
2024-11-11 05:47:10.536: 22 epsilon: 0.01
2024-11-11 05:47:10.536: 22 q: 0.7114982
2024-11-11 05:56:28.271: 23 test start:
2024-11-11 05:56:48.762: 23 avg_reward: 613.0
2024-11-11 05:56:48.762: 23 avg_steps: 1042.15
2024-11-11 05:56:48.762: 23 epsilon: 0.01
2024-11-11 05:56:48.762: 23 q: 0.7573948
2024-11-11 06:05:49.494: 24 test start:
2024-11-11 06:06:07.853: 24 avg_reward: 538.0
2024-11-11 06:06:07.853: 24 avg_steps: 945.2
2024-11-11 06:06:07.853: 24 epsilon: 0.01
2024-11-11 06:06:07.853: 24 q: 0.80531913
2024-11-11 06:15:25.379: 25 test start:
2024-11-11 06:15:48.805: 25 avg_reward: 734.0
2024-11-11 06:15:48.805: 25 avg_steps: 1200.6
2024-11-11 06:15:48.805: 25 epsilon: 0.01
2024-11-11 06:15:48.805: 25 q: 0.84922254
2024-11-11 06:24:51.040: 26 test start:
2024-11-11 06:25:15.052: 26 avg_reward: 782.0
2024-11-11 06:25:15.052: 26 avg_steps: 1220.35
2024-11-11 06:25:15.052: 26 epsilon: 0.01
2024-11-11 06:25:15.052: 26 q: 0.89355457
2024-11-11 06:34:35.281: 27 test start:
2024-11-11 06:35:08.791: 27 avg_reward: 1264.0
2024-11-11 06:35:08.792: 27 avg_steps: 1780.5
2024-11-11 06:35:08.792: 27 epsilon: 0.01
2024-11-11 06:35:08.792: 27 q: 0.9538425
2024-11-11 06:44:19.903: 28 test start:
2024-11-11 06:44:45.012: 28 avg_reward: 859.0
2024-11-11 06:44:45.013: 28 avg_steps: 1244.55
2024-11-11 06:44:45.013: 28 epsilon: 0.01
2024-11-11 06:44:45.013: 28 q: 1.0194204
2024-11-11 06:53:58.797: 29 test start:
2024-11-11 06:54:30.909: 29 avg_reward: 1296.0
2024-11-11 06:54:30.910: 29 avg_steps: 1724.25
2024-11-11 06:54:30.910: 29 epsilon: 0.01
2024-11-11 06:54:30.910: 29 q: 1.080482
2024-11-11 07:03:44.002: 30 test start:
2024-11-11 07:04:16.791: 30 avg_reward: 1167.0
2024-11-11 07:04:16.791: 30 avg_steps: 1614.5
2024-11-11 07:04:16.792: 30 epsilon: 0.01
2024-11-11 07:04:16.792: 30 q: 1.1573335
2024-11-11 07:13:23.063: 31 test start:
2024-11-11 07:13:52.016: 31 avg_reward: 1115.0
2024-11-11 07:13:52.016: 31 avg_steps: 1508.5
2024-11-11 07:13:52.016: 31 epsilon: 0.01
2024-11-11 07:13:52.016: 31 q: 1.2194827
2024-11-11 07:23:11.421: 32 test start:
2024-11-11 07:23:51.541: 32 avg_reward: 1615.0
2024-11-11 07:23:51.541: 32 avg_steps: 2090.7
2024-11-11 07:23:51.541: 32 epsilon: 0.01
2024-11-11 07:23:51.541: 32 q: 1.242574
2024-11-11 07:32:58.492: 33 test start:
2024-11-11 07:33:38.327: 33 avg_reward: 1628.0
2024-11-11 07:33:38.327: 33 avg_steps: 2089.25
2024-11-11 07:33:38.327: 33 epsilon: 0.01
2024-11-11 07:33:38.327: 33 q: 1.2754531
2024-11-11 07:42:56.953: 34 test start:
2024-11-11 07:43:35.457: 34 avg_reward: 1564.0
2024-11-11 07:43:35.457: 34 avg_steps: 1998.35
2024-11-11 07:43:35.457: 34 epsilon: 0.01
2024-11-11 07:43:35.457: 34 q: 1.3027192
2024-11-11 07:52:40.266: 35 test start:
2024-11-11 07:53:21.779: 35 avg_reward: 1665.0
2024-11-11 07:53:21.780: 35 avg_steps: 2126.1
2024-11-11 07:53:21.780: 35 epsilon: 0.01
2024-11-11 07:53:21.780: 35 q: 1.3427842
2024-11-11 08:02:40.859: 36 test start:
2024-11-11 08:03:22.864: 36 avg_reward: 1653.0
2024-11-11 08:03:22.864: 36 avg_steps: 2142.3
2024-11-11 08:03:22.864: 36 epsilon: 0.01
2024-11-11 08:03:22.864: 36 q: 1.4220397
2024-11-11 08:12:28.520: 37 test start:
2024-11-11 08:13:12.329: 37 avg_reward: 1784.0
2024-11-11 08:13:12.330: 37 avg_steps: 2256.85
2024-11-11 08:13:12.330: 37 epsilon: 0.01
2024-11-11 08:13:12.330: 37 q: 1.4387304
2024-11-11 08:22:28.563: 38 test start:
2024-11-11 08:23:10.486: 38 avg_reward: 1673.0
2024-11-11 08:23:10.486: 38 avg_steps: 2137.85
2024-11-11 08:23:10.486: 38 epsilon: 0.01
2024-11-11 08:23:10.486: 38 q: 1.48214
2024-11-11 08:32:11.246: 39 test start:
2024-11-11 08:32:53.324: 39 avg_reward: 1720.0
2024-11-11 08:32:53.324: 39 avg_steps: 2171.15
2024-11-11 08:32:53.324: 39 epsilon: 0.01
2024-11-11 08:32:53.324: 39 q: 1.5213581
2024-11-11 08:42:12.358: 40 test start:
2024-11-11 08:42:54.242: 40 avg_reward: 1721.0
2024-11-11 08:42:54.242: 40 avg_steps: 2149.45
2024-11-11 08:42:54.243: 40 epsilon: 0.01
2024-11-11 08:42:54.243: 40 q: 1.5500029
2024-11-11 08:51:52.310: 41 test start:
2024-11-11 08:52:34.897: 41 avg_reward: 1741.0
2024-11-11 08:52:34.897: 41 avg_steps: 2197.3
2024-11-11 08:52:34.897: 41 epsilon: 0.01
2024-11-11 08:52:34.897: 41 q: 1.6125239
2024-11-11 09:01:53.266: 42 test start:
2024-11-11 09:02:37.171: 42 avg_reward: 1797.0
2024-11-11 09:02:37.172: 42 avg_steps: 2261.05
2024-11-11 09:02:37.172: 42 epsilon: 0.01
2024-11-11 09:02:37.172: 42 q: 1.6637319
2024-11-11 09:11:44.583: 43 test start:
2024-11-11 09:12:27.565: 43 avg_reward: 1743.0
2024-11-11 09:12:27.565: 43 avg_steps: 2191.9
2024-11-11 09:12:27.565: 43 epsilon: 0.01
2024-11-11 09:12:27.565: 43 q: 1.7062886
2024-11-11 09:21:42.861: 44 test start:
2024-11-11 09:22:23.679: 44 avg_reward: 1737.0
2024-11-11 09:22:23.680: 44 avg_steps: 2182.25
2024-11-11 09:22:23.680: 44 epsilon: 0.01
2024-11-11 09:22:23.680: 44 q: 1.7537653
2024-11-11 09:31:30.496: 45 test start:
2024-11-11 09:32:15.686: 45 avg_reward: 1800.0
2024-11-11 09:32:15.686: 45 avg_steps: 2260.7
2024-11-11 09:32:15.686: 45 epsilon: 0.01
2024-11-11 09:32:15.686: 45 q: 1.7767304
2024-11-11 09:41:20.023: 46 test start:
2024-11-11 09:42:04.032: 46 avg_reward: 1785.0
2024-11-11 09:42:04.032: 46 avg_steps: 2246.5
2024-11-11 09:42:04.032: 46 epsilon: 0.01
2024-11-11 09:42:04.032: 46 q: 1.8256265
2024-11-11 09:51:24.519: 47 test start:
2024-11-11 09:52:08.524: 47 avg_reward: 1777.0
2024-11-11 09:52:08.525: 47 avg_steps: 2252.2
2024-11-11 09:52:08.525: 47 epsilon: 0.01
2024-11-11 09:52:08.525: 47 q: 1.8601019
2024-11-11 10:01:06.377: 48 test start:
2024-11-11 10:01:50.389: 48 avg_reward: 1792.0
2024-11-11 10:01:50.390: 48 avg_steps: 2245.8
2024-11-11 10:01:50.390: 48 epsilon: 0.01
2024-11-11 10:01:50.390: 48 q: 1.9154991
2024-11-11 10:11:09.423: 49 test start:
2024-11-11 10:11:52.923: 49 avg_reward: 1819.0
2024-11-11 10:11:52.923: 49 avg_steps: 2266.7
2024-11-11 10:11:52.923: 49 epsilon: 0.01
2024-11-11 10:11:52.923: 49 q: 1.9489106
2024-11-11 10:20:59.637: 50 test start:
2024-11-11 10:21:36.023: 50 avg_reward: 1476.0
2024-11-11 10:21:36.024: 50 avg_steps: 1898.5
2024-11-11 10:21:36.024: 50 epsilon: 0.01
2024-11-11 10:21:36.024: 50 q: 1.9795985
2024-11-11 10:30:52.173: 51 test start:
2024-11-11 10:31:35.974: 51 avg_reward: 1794.0
2024-11-11 10:31:35.974: 51 avg_steps: 2265.15
2024-11-11 10:31:35.974: 51 epsilon: 0.01
2024-11-11 10:31:35.974: 51 q: 2.0323443
2024-11-11 10:40:40.545: 52 test start:
2024-11-11 10:41:23.033: 52 avg_reward: 1722.0
2024-11-11 10:41:23.033: 52 avg_steps: 2166.8
2024-11-11 10:41:23.033: 52 epsilon: 0.01
2024-11-11 10:41:23.033: 52 q: 2.068623
2024-11-11 10:50:38.210: 53 test start:
2024-11-11 10:51:21.891: 53 avg_reward: 1792.0
2024-11-11 10:51:21.891: 53 avg_steps: 2232.5
2024-11-11 10:51:21.891: 53 epsilon: 0.01
2024-11-11 10:51:21.891: 53 q: 2.114529
2024-11-11 11:00:22.001: 54 test start:
2024-11-11 11:01:04.104: 54 avg_reward: 1733.0
2024-11-11 11:01:04.105: 54 avg_steps: 2195.4
2024-11-11 11:01:04.105: 54 epsilon: 0.01
2024-11-11 11:01:04.105: 54 q: 2.1616995
2024-11-11 11:10:24.483: 55 test start:
2024-11-11 11:11:07.119: 55 avg_reward: 1826.0
2024-11-11 11:11:07.119: 55 avg_steps: 2266.75
2024-11-11 11:11:07.119: 55 epsilon: 0.01
2024-11-11 11:11:07.119: 55 q: 2.2020361
2024-11-11 11:20:09.277: 56 test start:
2024-11-11 11:20:52.144: 56 avg_reward: 1805.0
2024-11-11 11:20:52.144: 56 avg_steps: 2245.15
2024-11-11 11:20:52.144: 56 epsilon: 0.01
2024-11-11 11:20:52.144: 56 q: 2.2308555
2024-11-11 11:30:11.738: 57 test start:
2024-11-11 11:30:55.559: 57 avg_reward: 1829.0
2024-11-11 11:30:55.559: 57 avg_steps: 2265.25
2024-11-11 11:30:55.559: 57 epsilon: 0.01
2024-11-11 11:30:55.559: 57 q: 2.25918
2024-11-11 11:40:00.602: 58 test start:
2024-11-11 11:40:45.547: 58 avg_reward: 1829.0
2024-11-11 11:40:45.547: 58 avg_steps: 2266.3
2024-11-11 11:40:45.547: 58 epsilon: 0.01
2024-11-11 11:40:45.547: 58 q: 2.3014913
2024-11-11 11:50:00.128: 59 test start:
2024-11-11 11:50:41.587: 59 avg_reward: 1760.0
2024-11-11 11:50:41.587: 59 avg_steps: 2219.95
2024-11-11 11:50:41.587: 59 epsilon: 0.01
2024-11-11 11:50:41.587: 59 q: 2.3446786
2024-11-11 11:59:54.874: 60 test start:
2024-11-11 12:00:39.778: 60 avg_reward: 1811.0
2024-11-11 12:00:39.778: 60 avg_steps: 2260.8
2024-11-11 12:00:39.783: 60 epsilon: 0.01
2024-11-11 12:00:39.784: 60 q: 2.344993
2024-11-11 12:09:44.535: 61 test start:
2024-11-11 12:10:28.224: 61 avg_reward: 1788.0
2024-11-11 12:10:28.224: 61 avg_steps: 2235.4
2024-11-11 12:10:28.224: 61 epsilon: 0.01
2024-11-11 12:10:28.224: 61 q: 2.381069
2024-11-11 12:19:44.432: 62 test start:
2024-11-11 12:20:28.601: 62 avg_reward: 1805.0
2024-11-11 12:20:28.601: 62 avg_steps: 2246.2
2024-11-11 12:20:28.601: 62 epsilon: 0.01
2024-11-11 12:20:28.601: 62 q: 2.400461
2024-11-11 12:29:31.455: 63 test start:
2024-11-11 12:30:15.531: 63 avg_reward: 1809.0
2024-11-11 12:30:15.531: 63 avg_steps: 2256.3
2024-11-11 12:30:15.531: 63 epsilon: 0.01
2024-11-11 12:30:15.532: 63 q: 2.4245617
2024-11-11 12:39:33.358: 64 test start:
2024-11-11 12:40:17.734: 64 avg_reward: 1801.0
2024-11-11 12:40:17.734: 64 avg_steps: 2247.7
2024-11-11 12:40:17.734: 64 epsilon: 0.01
2024-11-11 12:40:17.734: 64 q: 2.4596953
2024-11-11 12:49:16.938: 65 test start:
2024-11-11 12:50:01.136: 65 avg_reward: 1806.0
2024-11-11 12:50:01.136: 65 avg_steps: 2258.3
2024-11-11 12:50:01.136: 65 epsilon: 0.01
2024-11-11 12:50:01.136: 65 q: 2.5034478
2024-11-11 12:59:14.259: 66 test start:
2024-11-11 12:59:58.312: 66 avg_reward: 1802.0
2024-11-11 12:59:58.312: 66 avg_steps: 2262.35
2024-11-11 12:59:58.312: 66 epsilon: 0.01
2024-11-11 12:59:58.312: 66 q: 2.5544422
2024-11-11 13:09:01.614: 67 test start:
2024-11-11 13:09:45.770: 67 avg_reward: 1807.0
2024-11-11 13:09:45.770: 67 avg_steps: 2266.5
2024-11-11 13:09:45.770: 67 epsilon: 0.01
2024-11-11 13:09:45.771: 67 q: 2.559751
2024-11-11 13:19:03.157: 68 test start:
2024-11-11 13:19:47.641: 68 avg_reward: 1831.0
2024-11-11 13:19:47.641: 68 avg_steps: 2263.35
2024-11-11 13:19:47.641: 68 epsilon: 0.01
2024-11-11 13:19:47.642: 68 q: 2.5934832
2024-11-11 13:28:47.121: 69 test start:
2024-11-11 13:29:27.195: 69 avg_reward: 1683.0
2024-11-11 13:29:27.195: 69 avg_steps: 2114.95
2024-11-11 13:29:27.195: 69 epsilon: 0.01
2024-11-11 13:29:27.195: 69 q: 2.5918295
2024-11-11 13:38:45.985: 70 test start:
2024-11-11 13:39:27.213: 70 avg_reward: 1787.0
2024-11-11 13:39:27.213: 70 avg_steps: 2243.9
2024-11-11 13:39:27.213: 70 epsilon: 0.01
2024-11-11 13:39:27.213: 70 q: 2.624974
2024-11-11 13:48:27.964: 71 test start:
2024-11-11 13:49:10.874: 71 avg_reward: 1801.0
2024-11-11 13:49:10.874: 71 avg_steps: 2256.2
2024-11-11 13:49:10.874: 71 epsilon: 0.01
2024-11-11 13:49:10.874: 71 q: 2.6416116
2024-11-11 13:58:27.959: 72 test start:
2024-11-11 13:59:10.360: 72 avg_reward: 1760.0
2024-11-11 13:59:10.360: 72 avg_steps: 2191.6
2024-11-11 13:59:10.365: 72 epsilon: 0.01
2024-11-11 13:59:10.366: 72 q: 2.6741636
2024-11-11 14:08:18.136: 73 test start:
2024-11-11 14:09:03.500: 73 avg_reward: 1826.0
2024-11-11 14:09:03.500: 73 avg_steps: 2266.2
2024-11-11 14:09:03.500: 73 epsilon: 0.01
2024-11-11 14:09:03.500: 73 q: 2.6812637
2024-11-11 14:18:13.509: 74 test start:
2024-11-11 14:18:54.461: 74 avg_reward: 1723.0
2024-11-11 14:18:54.461: 74 avg_steps: 2175.15
2024-11-11 14:18:54.461: 74 epsilon: 0.01
2024-11-11 14:18:54.461: 74 q: 2.711371
2024-11-11 14:28:09.479: 75 test start:
2024-11-11 14:28:52.359: 75 avg_reward: 1746.0
2024-11-11 14:28:52.359: 75 avg_steps: 2182.95
2024-11-11 14:28:52.359: 75 epsilon: 0.01
2024-11-11 14:28:52.359: 75 q: 2.7386105
2024-11-11 14:37:53.642: 76 test start:
2024-11-11 14:38:37.681: 76 avg_reward: 1825.0
2024-11-11 14:38:37.681: 76 avg_steps: 2266.9
2024-11-11 14:38:37.681: 76 epsilon: 0.01
2024-11-11 14:38:37.681: 76 q: 2.7719183
2024-11-11 14:47:51.873: 77 test start:
2024-11-11 14:48:35.132: 77 avg_reward: 1810.0
2024-11-11 14:48:35.132: 77 avg_steps: 2250.35
2024-11-11 14:48:35.132: 77 epsilon: 0.01
2024-11-11 14:48:35.132: 77 q: 2.795899
2024-11-11 14:57:43.467: 78 test start:
2024-11-11 14:58:26.253: 78 avg_reward: 1785.0
2024-11-11 14:58:26.253: 78 avg_steps: 2208.85
2024-11-11 14:58:26.254: 78 epsilon: 0.01
2024-11-11 14:58:26.254: 78 q: 2.8106704
2024-11-11 15:07:37.324: 79 test start:
2024-11-11 15:08:19.844: 79 avg_reward: 1761.0
2024-11-11 15:08:19.844: 79 avg_steps: 2206.25
2024-11-11 15:08:19.844: 79 epsilon: 0.01
2024-11-11 15:08:19.844: 79 q: 2.8391342
2024-11-11 15:17:24.864: 80 test start:
2024-11-11 15:18:08.359: 80 avg_reward: 1796.0
2024-11-11 15:18:08.359: 80 avg_steps: 2237.0
2024-11-11 15:18:08.359: 80 epsilon: 0.01
2024-11-11 15:18:08.360: 80 q: 2.854878
2024-11-11 15:27:16.919: 81 test start:
2024-11-11 15:28:01.218: 81 avg_reward: 1831.0
2024-11-11 15:28:01.218: 81 avg_steps: 2266.05
2024-11-11 15:28:01.218: 81 epsilon: 0.01
2024-11-11 15:28:01.218: 81 q: 2.8877954
2024-11-11 15:37:04.091: 82 test start:
2024-11-11 15:37:47.743: 82 avg_reward: 1821.0
2024-11-11 15:37:47.743: 82 avg_steps: 2267.35
2024-11-11 15:37:47.743: 82 epsilon: 0.01
2024-11-11 15:37:47.743: 82 q: 2.9093876
2024-11-11 15:46:59.362: 83 test start:
2024-11-11 15:47:41.633: 83 avg_reward: 1762.0
2024-11-11 15:47:41.633: 83 avg_steps: 2196.9
2024-11-11 15:47:41.633: 83 epsilon: 0.01
2024-11-11 15:47:41.633: 83 q: 2.9197805
2024-11-11 15:56:45.224: 84 test start:
2024-11-11 15:57:28.912: 84 avg_reward: 1824.0
2024-11-11 15:57:28.912: 84 avg_steps: 2266.75
2024-11-11 15:57:28.912: 84 epsilon: 0.01
2024-11-11 15:57:28.912: 84 q: 2.946891
2024-11-11 16:06:38.827: 85 test start:
2024-11-11 16:07:22.134: 85 avg_reward: 1817.0
2024-11-11 16:07:22.134: 85 avg_steps: 2254.6
2024-11-11 16:07:22.134: 85 epsilon: 0.01
2024-11-11 16:07:22.134: 85 q: 2.9650917
2024-11-11 16:16:20.806: 86 test start:
2024-11-11 16:17:05.130: 86 avg_reward: 1824.0
2024-11-11 16:17:05.130: 86 avg_steps: 2266.65
2024-11-11 16:17:05.130: 86 epsilon: 0.01
2024-11-11 16:17:05.130: 86 q: 2.972228
2024-11-11 16:26:17.625: 87 test start:
2024-11-11 16:27:00.357: 87 avg_reward: 1834.0
2024-11-11 16:27:00.357: 87 avg_steps: 2267.3
2024-11-11 16:27:00.357: 87 epsilon: 0.01
2024-11-11 16:27:00.357: 87 q: 2.9976518
2024-11-11 16:36:23.503: 88 test start:
2024-11-11 16:37:06.824: 88 avg_reward: 1768.0
2024-11-11 16:37:06.824: 88 avg_steps: 2202.5
2024-11-11 16:37:06.824: 88 epsilon: 0.01
2024-11-11 16:37:06.824: 88 q: 3.0040715
2024-11-11 16:45:56.693: 89 test start:
2024-11-11 16:46:40.011: 89 avg_reward: 1831.0
2024-11-11 16:46:40.011: 89 avg_steps: 2266.6
2024-11-11 16:46:40.011: 89 epsilon: 0.01
2024-11-11 16:46:40.011: 89 q: 3.0327034
2024-11-11 16:56:04.973: 90 test start:
2024-11-11 16:56:47.875: 90 avg_reward: 1803.0
2024-11-11 16:56:47.876: 90 avg_steps: 2248.75
2024-11-11 16:56:47.876: 90 epsilon: 0.01
2024-11-11 16:56:47.876: 90 q: 3.0476923
2024-11-11 17:05:39.243: 91 test start:
2024-11-11 17:06:21.557: 91 avg_reward: 1772.0
2024-11-11 17:06:21.557: 91 avg_steps: 2206.45
2024-11-11 17:06:21.557: 91 epsilon: 0.01
2024-11-11 17:06:21.557: 91 q: 3.0452073
2024-11-11 17:15:52.331: 92 test start:
2024-11-11 17:16:33.628: 92 avg_reward: 1748.0
2024-11-11 17:16:33.628: 92 avg_steps: 2176.85
2024-11-11 17:16:33.628: 92 epsilon: 0.01
2024-11-11 17:16:33.628: 92 q: 3.0659058
2024-11-11 17:25:20.685: 93 test start:
2024-11-11 17:26:01.188: 93 avg_reward: 1722.0
2024-11-11 17:26:01.188: 93 avg_steps: 2151.2
2024-11-11 17:26:01.188: 93 epsilon: 0.01
2024-11-11 17:26:01.188: 93 q: 3.0922475
2024-11-11 17:35:35.695: 94 test start:
2024-11-11 17:36:15.728: 94 avg_reward: 1720.0
2024-11-11 17:36:15.728: 94 avg_steps: 2152.2
2024-11-11 17:36:15.728: 94 epsilon: 0.01
2024-11-11 17:36:15.728: 94 q: 3.1137598
2024-11-11 17:45:11.353: 95 test start:
2024-11-11 17:45:53.326: 95 avg_reward: 1813.0
2024-11-11 17:45:53.326: 95 avg_steps: 2234.3
2024-11-11 17:45:53.326: 95 epsilon: 0.01
2024-11-11 17:45:53.326: 95 q: 3.1347196
2024-11-11 17:55:30.086: 96 test start:
2024-11-11 17:56:09.635: 96 avg_reward: 1712.0
2024-11-11 17:56:09.636: 96 avg_steps: 2145.05
2024-11-11 17:56:09.636: 96 epsilon: 0.01
2024-11-11 17:56:09.636: 96 q: 3.1415877
2024-11-11 18:05:11.579: 97 test start:
2024-11-11 18:05:53.785: 97 avg_reward: 1737.0
2024-11-11 18:05:53.785: 97 avg_steps: 2160.3
2024-11-11 18:05:53.785: 97 epsilon: 0.01
2024-11-11 18:05:53.785: 97 q: 3.1552637
2024-11-11 18:15:16.237: 98 test start:
2024-11-11 18:15:57.244: 98 avg_reward: 1805.0
2024-11-11 18:15:57.244: 98 avg_steps: 2249.4
2024-11-11 18:15:57.244: 98 epsilon: 0.01
2024-11-11 18:15:57.244: 98 q: 3.1468284
2024-11-11 18:25:08.979: 99 test start:
2024-11-11 18:25:51.293: 99 avg_reward: 1708.0
2024-11-11 18:25:51.293: 99 avg_steps: 2137.1
2024-11-11 18:25:51.293: 99 epsilon: 0.01
2024-11-11 18:25:51.293: 99 q: 3.1646402
2024-11-11 18:35:05.984: 100 test start:
2024-11-11 18:35:47.482: 100 avg_reward: 1785.0
2024-11-11 18:35:47.482: 100 avg_steps: 2235.0
2024-11-11 18:35:47.482: 100 epsilon: 0.01
2024-11-11 18:35:47.482: 100 q: 3.1914923
2024-11-11 18:45:03.824: 101 test start:
2024-11-11 18:45:47.848: 101 avg_reward: 1814.0
2024-11-11 18:45:47.848: 101 avg_steps: 2266.35
2024-11-11 18:45:47.848: 101 epsilon: 0.01
2024-11-11 18:45:47.848: 101 q: 3.201332
2024-11-11 18:54:48.715: 102 test start:
2024-11-11 18:55:25.632: 102 avg_reward: 1587.0
2024-11-11 18:55:25.633: 102 avg_steps: 2013.8
2024-11-11 18:55:25.633: 102 epsilon: 0.01
2024-11-11 18:55:25.633: 102 q: 3.2020638
2024-11-11 19:04:49.110: 103 test start:
2024-11-11 19:05:33.059: 103 avg_reward: 1831.0
2024-11-11 19:05:33.060: 103 avg_steps: 2266.65
2024-11-11 19:05:33.060: 103 epsilon: 0.01
2024-11-11 19:05:33.060: 103 q: 3.212508
2024-11-11 19:14:23.626: 104 test start:
2024-11-11 19:15:06.518: 104 avg_reward: 1837.0
2024-11-11 19:15:06.518: 104 avg_steps: 2266.45
2024-11-11 19:15:06.518: 104 epsilon: 0.01
2024-11-11 19:15:06.518: 104 q: 3.2154882
2024-11-11 19:24:37.965: 105 test start:
2024-11-11 19:25:21.393: 105 avg_reward: 1804.0
2024-11-11 19:25:21.393: 105 avg_steps: 2223.9
2024-11-11 19:25:21.393: 105 epsilon: 0.01
2024-11-11 19:25:21.393: 105 q: 3.2234478
2024-11-11 19:34:13.629: 106 test start:
2024-11-11 19:34:53.040: 106 avg_reward: 1679.0
2024-11-11 19:34:53.041: 106 avg_steps: 2094.85
2024-11-11 19:34:53.041: 106 epsilon: 0.01
2024-11-11 19:34:53.041: 106 q: 3.235577
2024-11-11 19:44:29.315: 107 test start:
2024-11-11 19:45:10.610: 107 avg_reward: 1758.0
2024-11-11 19:45:10.610: 107 avg_steps: 2169.0
2024-11-11 19:45:10.610: 107 epsilon: 0.01
2024-11-11 19:45:10.610: 107 q: 3.262528
2024-11-11 19:54:05.014: 108 test start:
2024-11-11 19:54:47.305: 108 avg_reward: 1813.0
2024-11-11 19:54:47.305: 108 avg_steps: 2264.3
2024-11-11 19:54:47.305: 108 epsilon: 0.01
2024-11-11 19:54:47.305: 108 q: 3.283524
2024-11-11 20:04:16.443: 109 test start:
2024-11-11 20:04:57.181: 109 avg_reward: 1821.0
2024-11-11 20:04:57.181: 109 avg_steps: 2255.05
2024-11-11 20:04:57.181: 109 epsilon: 0.01
2024-11-11 20:04:57.181: 109 q: 3.2863297
2024-11-11 20:13:50.592: 110 test start:
2024-11-11 20:14:32.943: 110 avg_reward: 1790.0
2024-11-11 20:14:32.944: 110 avg_steps: 2203.35
2024-11-11 20:14:32.944: 110 epsilon: 0.01
2024-11-11 20:14:32.944: 110 q: 3.336982
2024-11-11 20:23:59.142: 111 test start:
2024-11-11 20:24:34.599: 111 avg_reward: 1585.0
2024-11-11 20:24:34.599: 111 avg_steps: 1959.55
2024-11-11 20:24:34.599: 111 epsilon: 0.01
2024-11-11 20:24:34.599: 111 q: 3.3468375
2024-11-11 20:33:30.525: 112 test start:
2024-11-11 20:34:15.060: 112 avg_reward: 1802.0
2024-11-11 20:34:15.060: 112 avg_steps: 2239.1
2024-11-11 20:34:15.060: 112 epsilon: 0.01
2024-11-11 20:34:15.060: 112 q: 3.3569336
2024-11-11 20:43:31.453: 113 test start:
2024-11-11 20:44:13.376: 113 avg_reward: 1820.0
2024-11-11 20:44:13.376: 113 avg_steps: 2260.3
2024-11-11 20:44:13.376: 113 epsilon: 0.01
2024-11-11 20:44:13.376: 113 q: 3.3598654
2024-11-11 20:53:24.999: 114 test start:
2024-11-11 20:54:07.439: 114 avg_reward: 1703.0
2024-11-11 20:54:07.440: 114 avg_steps: 2114.95
2024-11-11 20:54:07.440: 114 epsilon: 0.01
2024-11-11 20:54:07.440: 114 q: 3.3632455
2024-11-11 21:03:18.808: 115 test start:
2024-11-11 21:03:59.759: 115 avg_reward: 1780.0
2024-11-11 21:03:59.759: 115 avg_steps: 2203.4
2024-11-11 21:03:59.760: 115 epsilon: 0.01
2024-11-11 21:03:59.760: 115 q: 3.3809164
2024-11-11 21:13:03.137: 116 test start:
2024-11-11 21:13:48.100: 116 avg_reward: 1832.0
2024-11-11 21:13:48.100: 116 avg_steps: 2253.85
2024-11-11 21:13:48.100: 116 epsilon: 0.01
2024-11-11 21:13:48.100: 116 q: 3.392086
2024-11-11 21:22:59.342: 117 test start:
2024-11-11 21:23:42.795: 117 avg_reward: 1841.0
2024-11-11 21:23:42.795: 117 avg_steps: 2266.75
2024-11-11 21:23:42.795: 117 epsilon: 0.01
2024-11-11 21:23:42.795: 117 q: 3.4030542
2024-11-11 21:33:30.132: 118 test start:
2024-11-11 21:34:14.499: 118 avg_reward: 1816.0
2024-11-11 21:34:14.499: 118 avg_steps: 2252.7
2024-11-11 21:34:14.499: 118 epsilon: 0.01
2024-11-11 21:34:14.499: 118 q: 3.4164078
2024-11-11 21:43:23.656: 119 test start:
2024-11-11 21:44:07.419: 119 avg_reward: 1767.0
2024-11-11 21:44:07.419: 119 avg_steps: 2205.25
2024-11-11 21:44:07.419: 119 epsilon: 0.01
2024-11-11 21:44:07.420: 119 q: 3.4255478
2024-11-11 21:53:49.211: 120 test start:
2024-11-11 21:54:31.937: 120 avg_reward: 1811.0
2024-11-11 21:54:31.938: 120 avg_steps: 2244.0
2024-11-11 21:54:31.938: 120 epsilon: 0.01
2024-11-11 21:54:31.938: 120 q: 3.4048316
2024-11-11 22:03:43.059: 121 test start:
2024-11-11 22:04:26.838: 121 avg_reward: 1837.0
2024-11-11 22:04:26.838: 121 avg_steps: 2267.4
2024-11-11 22:04:26.838: 121 epsilon: 0.01
2024-11-11 22:04:26.838: 121 q: 3.4226432
2024-11-11 22:14:02.637: 122 test start:
2024-11-11 22:14:45.495: 122 avg_reward: 1835.0
2024-11-11 22:14:45.495: 122 avg_steps: 2267.2
2024-11-11 22:14:45.495: 122 epsilon: 0.01
2024-11-11 22:14:45.495: 122 q: 3.4271486
2024-11-11 22:24:01.012: 123 test start:
2024-11-11 22:24:45.311: 123 avg_reward: 1802.0
2024-11-11 22:24:45.311: 123 avg_steps: 2238.1
2024-11-11 22:24:45.311: 123 epsilon: 0.01
2024-11-11 22:24:45.311: 123 q: 3.4206944
2024-11-11 22:34:15.142: 124 test start:
2024-11-11 22:34:56.486: 124 avg_reward: 1743.0
2024-11-11 22:34:56.486: 124 avg_steps: 2161.8
2024-11-11 22:34:56.486: 124 epsilon: 0.01
2024-11-11 22:34:56.486: 124 q: 3.423726
2024-11-11 22:44:27.567: 125 test start:
2024-11-11 22:45:12.438: 125 avg_reward: 1834.0
2024-11-11 22:45:12.438: 125 avg_steps: 2266.3
2024-11-11 22:45:12.438: 125 epsilon: 0.01
2024-11-11 22:45:12.438: 125 q: 3.4321659
2024-11-11 22:54:38.703: 126 test start:
2024-11-11 22:55:20.546: 126 avg_reward: 1750.0
2024-11-11 22:55:20.546: 126 avg_steps: 2175.65
2024-11-11 22:55:20.546: 126 epsilon: 0.01
2024-11-11 22:55:20.546: 126 q: 3.4580147
2024-11-11 23:04:56.453: 127 test start:
2024-11-11 23:05:40.860: 127 avg_reward: 1823.0
2024-11-11 23:05:40.860: 127 avg_steps: 2245.9
2024-11-11 23:05:40.860: 127 epsilon: 0.01
2024-11-11 23:05:40.860: 127 q: 3.4600873
2024-11-11 23:15:03.560: 128 test start:
2024-11-11 23:15:46.214: 128 avg_reward: 1843.0
2024-11-11 23:15:46.214: 128 avg_steps: 2262.05
2024-11-11 23:15:46.214: 128 epsilon: 0.01
2024-11-11 23:15:46.214: 128 q: 3.4778242
2024-11-11 23:25:26.219: 129 test start:
2024-11-11 23:26:10.585: 129 avg_reward: 1840.0
2024-11-11 23:26:10.585: 129 avg_steps: 2255.6
2024-11-11 23:26:10.585: 129 epsilon: 0.01
2024-11-11 23:26:10.585: 129 q: 3.481551
2024-11-11 23:35:19.588: 130 test start:
2024-11-11 23:36:02.157: 130 avg_reward: 1781.0
2024-11-11 23:36:02.158: 130 avg_steps: 2204.1
2024-11-11 23:36:02.158: 130 epsilon: 0.01
2024-11-11 23:36:02.158: 130 q: 3.495995
2024-11-11 23:45:47.521: 131 test start:
2024-11-11 23:46:30.214: 131 avg_reward: 1838.0
2024-11-11 23:46:30.214: 131 avg_steps: 2266.6
2024-11-11 23:46:30.214: 131 epsilon: 0.01
2024-11-11 23:46:30.214: 131 q: 3.51382
2024-11-11 23:55:46.440: 132 test start:
2024-11-11 23:56:29.716: 132 avg_reward: 1801.0
2024-11-11 23:56:29.716: 132 avg_steps: 2224.65
2024-11-11 23:56:29.716: 132 epsilon: 0.01
2024-11-11 23:56:29.716: 132 q: 3.533886
2024-11-12 00:06:16.346: 133 test start:
2024-11-12 00:06:59.108: 133 avg_reward: 1828.0
2024-11-12 00:06:59.108: 133 avg_steps: 2262.75
2024-11-12 00:06:59.108: 133 epsilon: 0.01
2024-11-12 00:06:59.108: 133 q: 3.5256007
2024-11-12 00:16:21.754: 134 test start:
2024-11-12 00:17:06.451: 134 avg_reward: 1767.0
2024-11-12 00:17:06.451: 134 avg_steps: 2209.9
2024-11-12 00:17:06.456: 134 epsilon: 0.01
2024-11-12 00:17:06.456: 134 q: 3.5266423
2024-11-12 00:26:42.166: 135 test start:
2024-11-12 00:27:25.466: 135 avg_reward: 1823.0
2024-11-12 00:27:25.466: 135 avg_steps: 2257.65
2024-11-12 00:27:25.466: 135 epsilon: 0.01
2024-11-12 00:27:25.466: 135 q: 3.5154836
2024-11-12 00:36:48.912: 136 test start:
2024-11-12 00:37:31.547: 136 avg_reward: 1750.0
2024-11-12 00:37:31.548: 136 avg_steps: 2150.7
2024-11-12 00:37:31.548: 136 epsilon: 0.01
2024-11-12 00:37:31.548: 136 q: 3.5178378
2024-11-12 00:46:59.146: 137 test start:
2024-11-12 00:47:40.290: 137 avg_reward: 1723.0
2024-11-12 00:47:40.290: 137 avg_steps: 2151.2
2024-11-12 00:47:40.290: 137 epsilon: 0.01
2024-11-12 00:47:40.290: 137 q: 3.543689
2024-11-12 00:57:12.484: 138 test start:
2024-11-12 00:57:55.041: 138 avg_reward: 1723.0
2024-11-12 00:57:55.041: 138 avg_steps: 2142.65
2024-11-12 00:57:55.041: 138 epsilon: 0.01
2024-11-12 00:57:55.041: 138 q: 3.5414586
2024-11-12 01:07:14.064: 139 test start:
2024-11-12 01:07:55.768: 139 avg_reward: 1774.0
2024-11-12 01:07:55.768: 139 avg_steps: 2185.9
2024-11-12 01:07:55.768: 139 epsilon: 0.01
2024-11-12 01:07:55.768: 139 q: 3.5570834
2024-11-12 01:17:30.495: 140 test start:
2024-11-12 01:18:07.893: 140 avg_reward: 1481.0
2024-11-12 01:18:07.893: 140 avg_steps: 1880.75
2024-11-12 01:18:07.899: 140 epsilon: 0.01
2024-11-12 01:18:07.899: 140 q: 3.562018
2024-11-12 01:27:21.616: 141 test start:
2024-11-12 01:28:04.402: 141 avg_reward: 1760.0
2024-11-12 01:28:04.402: 141 avg_steps: 2222.95
2024-11-12 01:28:04.402: 141 epsilon: 0.01
2024-11-12 01:28:04.403: 141 q: 3.566145
2024-11-12 01:37:45.039: 142 test start:
2024-11-12 01:38:26.704: 142 avg_reward: 1675.0
2024-11-12 01:38:26.704: 142 avg_steps: 2098.6
2024-11-12 01:38:26.705: 142 epsilon: 0.01
2024-11-12 01:38:26.705: 142 q: 3.562726
2024-11-12 01:47:32.854: 143 test start:
2024-11-12 01:48:14.906: 143 avg_reward: 1746.0
2024-11-12 01:48:14.906: 143 avg_steps: 2160.4
2024-11-12 01:48:14.906: 143 epsilon: 0.01
2024-11-12 01:48:14.906: 143 q: 3.5800683
2024-11-12 01:58:01.162: 144 test start:
2024-11-12 01:58:44.201: 144 avg_reward: 1861.0
2024-11-12 01:58:44.201: 144 avg_steps: 2256.3
2024-11-12 01:58:44.201: 144 epsilon: 0.01
2024-11-12 01:58:44.201: 144 q: 3.6005397
2024-11-12 02:07:50.956: 145 test start:
2024-11-12 02:08:35.681: 145 avg_reward: 1831.0
2024-11-12 02:08:35.681: 145 avg_steps: 2245.05
2024-11-12 02:08:35.681: 145 epsilon: 0.01
2024-11-12 02:08:35.681: 145 q: 3.6090024
2024-11-12 02:18:15.642: 146 test start:
2024-11-12 02:18:58.770: 146 avg_reward: 1838.0
2024-11-12 02:18:58.770: 146 avg_steps: 2252.65
2024-11-12 02:18:58.770: 146 epsilon: 0.01
2024-11-12 02:18:58.770: 146 q: 3.629553
2024-11-12 02:28:15.282: 147 test start:
2024-11-12 02:28:56.648: 147 avg_reward: 1674.0
2024-11-12 02:28:56.648: 147 avg_steps: 2074.25
2024-11-12 02:28:56.648: 147 epsilon: 0.01
2024-11-12 02:28:56.648: 147 q: 3.6389248
2024-11-12 02:38:23.755: 148 test start:
2024-11-12 02:39:05.579: 148 avg_reward: 1796.0
2024-11-12 02:39:05.579: 148 avg_steps: 2216.3
2024-11-12 02:39:05.579: 148 epsilon: 0.01
2024-11-12 02:39:05.579: 148 q: 3.6558216
2024-11-12 02:48:28.207: 149 test start:
2024-11-12 02:49:10.831: 149 avg_reward: 1824.0
2024-11-12 02:49:10.831: 149 avg_steps: 2242.0
2024-11-12 02:49:10.831: 149 epsilon: 0.01
2024-11-12 02:49:10.831: 149 q: 3.6743097
2024-11-12 02:58:42.362: 150 test start:
2024-11-12 02:59:23.441: 150 avg_reward: 1799.0
2024-11-12 02:59:23.441: 150 avg_steps: 2200.1
2024-11-12 02:59:23.441: 150 epsilon: 0.01
2024-11-12 02:59:23.441: 150 q: 3.6643143
2024-11-12 03:08:54.191: 151 test start:
2024-11-12 03:09:39.269: 151 avg_reward: 1844.0
2024-11-12 03:09:39.269: 151 avg_steps: 2267.15
2024-11-12 03:09:39.269: 151 epsilon: 0.01
2024-11-12 03:09:39.269: 151 q: 3.6582425
2024-11-12 03:18:56.636: 152 test start:
2024-11-12 03:19:39.754: 152 avg_reward: 1833.0
2024-11-12 03:19:39.754: 152 avg_steps: 2261.65
2024-11-12 03:19:39.754: 152 epsilon: 0.01
2024-11-12 03:19:39.754: 152 q: 3.670974
2024-11-12 03:29:13.318: 153 test start:
2024-11-12 03:29:57.769: 153 avg_reward: 1818.0
2024-11-12 03:29:57.770: 153 avg_steps: 2245.3
2024-11-12 03:29:57.775: 153 epsilon: 0.01
2024-11-12 03:29:57.775: 153 q: 3.675435
2024-11-12 03:39:13.156: 154 test start:
2024-11-12 03:39:56.397: 154 avg_reward: 1829.0
2024-11-12 03:39:56.397: 154 avg_steps: 2253.55
2024-11-12 03:39:56.398: 154 epsilon: 0.01
2024-11-12 03:39:56.398: 154 q: 3.6726074
2024-11-12 03:49:38.205: 155 test start:
2024-11-12 03:50:23.086: 155 avg_reward: 1856.0
2024-11-12 03:50:23.086: 155 avg_steps: 2257.7
2024-11-12 03:50:23.086: 155 epsilon: 0.01
2024-11-12 03:50:23.087: 155 q: 3.6397822
2024-11-12 03:59:37.027: 156 test start:
2024-11-12 04:00:21.257: 156 avg_reward: 1822.0
2024-11-12 04:00:21.257: 156 avg_steps: 2258.6
2024-11-12 04:00:21.257: 156 epsilon: 0.01
2024-11-12 04:00:21.257: 156 q: 3.6661344
2024-11-12 04:10:02.872: 157 test start:
2024-11-12 04:10:45.834: 157 avg_reward: 1846.0
2024-11-12 04:10:45.835: 157 avg_steps: 2257.4
2024-11-12 04:10:45.835: 157 epsilon: 0.01
2024-11-12 04:10:45.835: 157 q: 3.6962466
2024-11-12 04:19:58.828: 158 test start:
2024-11-12 04:20:42.826: 158 avg_reward: 1832.0
2024-11-12 04:20:42.827: 158 avg_steps: 2216.85
2024-11-12 04:20:42.832: 158 epsilon: 0.01
2024-11-12 04:20:42.832: 158 q: 3.6777005
2024-11-12 04:30:23.946: 159 test start:
2024-11-12 04:31:03.669: 159 avg_reward: 1779.0
2024-11-12 04:31:03.669: 159 avg_steps: 2076.35
2024-11-12 04:31:03.675: 159 epsilon: 0.01
2024-11-12 04:31:03.675: 159 q: 3.6760013
2024-11-12 04:40:23.632: 160 test start:
2024-11-12 04:41:04.438: 160 avg_reward: 1731.0
2024-11-12 04:41:04.439: 160 avg_steps: 2051.25
2024-11-12 04:41:04.439: 160 epsilon: 0.01
2024-11-12 04:41:04.439: 160 q: 3.690041
2024-11-12 04:50:36.127: 161 test start:
2024-11-12 04:51:16.004: 161 avg_reward: 1694.0
2024-11-12 04:51:16.005: 161 avg_steps: 2066.65
2024-11-12 04:51:16.005: 161 epsilon: 0.01
2024-11-12 04:51:16.005: 161 q: 3.6781447
2024-11-12 05:00:43.839: 162 test start:
2024-11-12 05:01:19.910: 162 avg_reward: 1620.0
2024-11-12 05:01:19.911: 162 avg_steps: 1817.4
2024-11-12 05:01:19.911: 162 epsilon: 0.01
2024-11-12 05:01:19.911: 162 q: 3.6810787
2024-11-12 05:10:44.384: 163 test start:
2024-11-12 05:11:25.306: 163 avg_reward: 1899.0
2024-11-12 05:11:25.306: 163 avg_steps: 2148.3
2024-11-12 05:11:25.311: 163 epsilon: 0.01
2024-11-12 05:11:25.312: 163 q: 3.6825063
2024-11-12 05:20:55.777: 164 test start:
2024-11-12 05:21:38.437: 164 avg_reward: 1830.0
2024-11-12 05:21:38.437: 164 avg_steps: 2155.4
2024-11-12 05:21:38.443: 164 epsilon: 0.01
2024-11-12 05:21:38.443: 164 q: 3.6715941
2024-11-12 05:31:03.231: 165 test start:
2024-11-12 05:31:38.169: 165 avg_reward: 1746.0
2024-11-12 05:31:38.170: 165 avg_steps: 1879.35
2024-11-12 05:31:38.170: 165 epsilon: 0.01
2024-11-12 05:31:38.170: 165 q: 3.7010372
2024-11-12 05:41:21.302: 166 test start:
2024-11-12 05:42:00.680: 166 avg_reward: 1667.0
2024-11-12 05:42:00.681: 166 avg_steps: 2023.0
2024-11-12 05:42:00.681: 166 epsilon: 0.01
2024-11-12 05:42:00.681: 166 q: 3.7188818
2024-11-12 05:51:18.801: 167 test start:
2024-11-12 05:52:00.579: 167 avg_reward: 1832.0
2024-11-12 05:52:00.579: 167 avg_steps: 2192.2
2024-11-12 05:52:00.579: 167 epsilon: 0.01
2024-11-12 05:52:00.579: 167 q: 3.7494688
2024-11-12 06:01:45.353: 168 test start:
2024-11-12 06:02:31.983: 168 avg_reward: 2052.0
2024-11-12 06:02:31.983: 168 avg_steps: 2341.3
2024-11-12 06:02:31.983: 168 epsilon: 0.01
2024-11-12 06:02:31.983: 168 q: 3.7451165
2024-11-12 06:11:39.652: 169 test start:
2024-11-12 06:12:24.190: 169 avg_reward: 1943.0
2024-11-12 06:12:24.190: 169 avg_steps: 2292.2
2024-11-12 06:12:24.190: 169 epsilon: 0.01
2024-11-12 06:12:24.190: 169 q: 3.7729409
2024-11-12 06:22:13.547: 170 test start:
2024-11-12 06:22:58.769: 170 avg_reward: 2054.0
2024-11-12 06:22:58.769: 170 avg_steps: 2353.1
2024-11-12 06:22:58.769: 170 epsilon: 0.01
2024-11-12 06:22:58.769: 170 q: 3.810954
2024-11-12 06:32:12.544: 171 test start:
2024-11-12 06:32:49.801: 171 avg_reward: 1604.0
2024-11-12 06:32:49.801: 171 avg_steps: 1868.25
2024-11-12 06:32:49.801: 171 epsilon: 0.01
2024-11-12 06:32:49.801: 171 q: 3.8172798
2024-11-12 06:42:19.193: 172 test start:
2024-11-12 06:43:07.794: 172 avg_reward: 2278.0
2024-11-12 06:43:07.794: 172 avg_steps: 2556.1
2024-11-12 06:43:07.794: 172 epsilon: 0.01
2024-11-12 06:43:07.794: 172 q: 3.8269112
2024-11-12 06:52:23.804: 173 test start:
2024-11-12 06:53:07.086: 173 avg_reward: 1894.0
2024-11-12 06:53:07.087: 173 avg_steps: 2257.0
2024-11-12 06:53:07.087: 173 epsilon: 0.01
2024-11-12 06:53:07.087: 173 q: 3.850115
2024-11-12 07:02:46.154: 174 test start:
2024-11-12 07:03:26.226: 174 avg_reward: 1780.0
2024-11-12 07:03:26.226: 174 avg_steps: 2156.1
2024-11-12 07:03:26.227: 174 epsilon: 0.01
2024-11-12 07:03:26.227: 174 q: 3.8403435
2024-11-12 07:12:42.287: 175 test start:
2024-11-12 07:13:26.342: 175 avg_reward: 1892.0
2024-11-12 07:13:26.342: 175 avg_steps: 2206.7
2024-11-12 07:13:26.342: 175 epsilon: 0.01
2024-11-12 07:13:26.342: 175 q: 3.8693013
2024-11-12 07:22:48.268: 176 test start:
2024-11-12 07:23:28.422: 176 avg_reward: 1780.0
2024-11-12 07:23:28.422: 176 avg_steps: 2089.45
2024-11-12 07:23:28.422: 176 epsilon: 0.01
2024-11-12 07:23:28.422: 176 q: 3.848519
2024-11-12 07:32:35.313: 177 test start:
2024-11-12 07:33:16.560: 177 avg_reward: 1772.0
2024-11-12 07:33:16.560: 177 avg_steps: 2067.35
2024-11-12 07:33:16.560: 177 epsilon: 0.01
2024-11-12 07:33:16.560: 177 q: 3.8571732
2024-11-12 07:42:36.424: 178 test start:
2024-11-12 07:43:15.504: 178 avg_reward: 1718.0
2024-11-12 07:43:15.504: 178 avg_steps: 2063.6
2024-11-12 07:43:15.504: 178 epsilon: 0.01
2024-11-12 07:43:15.504: 178 q: 3.8494575
2024-11-12 07:52:46.067: 179 test start:
2024-11-12 07:53:31.638: 179 avg_reward: 1866.0
2024-11-12 07:53:31.638: 179 avg_steps: 2274.85
2024-11-12 07:53:31.638: 179 epsilon: 0.01
2024-11-12 07:53:31.638: 179 q: 3.7986948
2024-11-12 08:02:49.774: 180 test start:
2024-11-12 08:03:30.188: 180 avg_reward: 1668.0
2024-11-12 08:03:30.189: 180 avg_steps: 2079.95
2024-11-12 08:03:30.189: 180 epsilon: 0.01
2024-11-12 08:03:30.189: 180 q: 3.847095
2024-11-12 08:13:11.543: 181 test start:
2024-11-12 08:13:45.027: 181 avg_reward: 1405.0
2024-11-12 08:13:45.027: 181 avg_steps: 1743.4
2024-11-12 08:13:45.027: 181 epsilon: 0.01
2024-11-12 08:13:45.027: 181 q: 3.8206642
2024-11-12 08:22:59.178: 182 test start:
2024-11-12 08:23:39.771: 182 avg_reward: 1701.0
2024-11-12 08:23:39.771: 182 avg_steps: 2073.2
2024-11-12 08:23:39.771: 182 epsilon: 0.01
2024-11-12 08:23:39.771: 182 q: 3.8450103
2024-11-12 08:33:40.361: 183 test start:
2024-11-12 08:34:20.948: 183 avg_reward: 1772.0
2024-11-12 08:34:20.948: 183 avg_steps: 2201.65
2024-11-12 08:34:20.948: 183 epsilon: 0.01
2024-11-12 08:34:20.948: 183 q: 3.867632
2024-11-12 08:43:22.590: 184 test start:
2024-11-12 08:43:59.998: 184 avg_reward: 1620.0
2024-11-12 08:43:59.998: 184 avg_steps: 1949.15
2024-11-12 08:43:59.999: 184 epsilon: 0.01
2024-11-12 08:43:59.999: 184 q: 3.8683987
2024-11-12 08:53:41.049: 185 test start:
2024-11-12 08:54:21.489: 185 avg_reward: 1780.0
2024-11-12 08:54:21.489: 185 avg_steps: 2092.6
2024-11-12 08:54:21.489: 185 epsilon: 0.01
2024-11-12 08:54:21.489: 185 q: 3.8944263
2024-11-12 09:04:02.086: 186 test start:
2024-11-12 09:04:44.620: 186 avg_reward: 1830.0
2024-11-12 09:04:44.620: 186 avg_steps: 2111.85
2024-11-12 09:04:44.620: 186 epsilon: 0.01
2024-11-12 09:04:44.620: 186 q: 3.8899252
2024-11-12 09:13:36.830: 187 test start:
2024-11-12 09:14:12.479: 187 avg_reward: 1537.0
2024-11-12 09:14:12.479: 187 avg_steps: 1837.25
2024-11-12 09:14:12.479: 187 epsilon: 0.01
2024-11-12 09:14:12.479: 187 q: 3.878265
2024-11-12 09:23:43.013: 188 test start:
2024-11-12 09:24:26.234: 188 avg_reward: 1941.0
2024-11-12 09:24:26.235: 188 avg_steps: 2214.35
2024-11-12 09:24:26.235: 188 epsilon: 0.01
2024-11-12 09:24:26.235: 188 q: 3.887602
2024-11-12 09:33:18.991: 189 test start:
2024-11-12 09:33:56.907: 189 avg_reward: 1644.0
2024-11-12 09:33:56.907: 189 avg_steps: 1897.1
2024-11-12 09:33:56.907: 189 epsilon: 0.01
2024-11-12 09:33:56.907: 189 q: 3.878873
2024-11-12 09:43:25.274: 190 test start:
2024-11-12 09:44:03.212: 190 avg_reward: 1659.0
2024-11-12 09:44:03.213: 190 avg_steps: 2013.1
2024-11-12 09:44:03.213: 190 epsilon: 0.01
2024-11-12 09:44:03.213: 190 q: 3.8294587
2024-11-12 09:53:32.797: 191 test start:
2024-11-12 09:54:04.823: 191 avg_reward: 1287.0
2024-11-12 09:54:04.823: 191 avg_steps: 1570.9
2024-11-12 09:54:04.823: 191 epsilon: 0.01
2024-11-12 09:54:04.823: 191 q: 3.8579097
2024-11-12 10:03:42.913: 192 test start:
2024-11-12 10:04:15.953: 192 avg_reward: 1476.0
2024-11-12 10:04:15.953: 192 avg_steps: 1728.1
2024-11-12 10:04:15.953: 192 epsilon: 0.01
2024-11-12 10:04:15.953: 192 q: 3.8595386
2024-11-12 10:14:04.108: 193 test start:
2024-11-12 10:14:45.564: 193 avg_reward: 1774.0
2024-11-12 10:14:45.564: 193 avg_steps: 2022.5
2024-11-12 10:14:45.564: 193 epsilon: 0.01
2024-11-12 10:14:45.564: 193 q: 3.8484669
2024-11-12 10:24:14.311: 194 test start:
2024-11-12 10:24:49.312: 194 avg_reward: 1628.0
2024-11-12 10:24:49.312: 194 avg_steps: 1842.15
2024-11-12 10:24:49.312: 194 epsilon: 0.01
2024-11-12 10:24:49.312: 194 q: 3.899441
2024-11-12 10:34:48.627: 195 test start:
2024-11-12 10:35:22.754: 195 avg_reward: 1406.0
2024-11-12 10:35:22.754: 195 avg_steps: 1664.7
2024-11-12 10:35:22.754: 195 epsilon: 0.01
2024-11-12 10:35:22.754: 195 q: 3.8808775
2024-11-12 10:44:17.417: 196 test start:
2024-11-12 10:44:49.896: 196 avg_reward: 1525.0
2024-11-12 10:44:49.897: 196 avg_steps: 1720.2
2024-11-12 10:44:49.897: 196 epsilon: 0.01
2024-11-12 10:44:49.897: 196 q: 3.855925
2024-11-12 10:54:49.988: 197 test start:
2024-11-12 10:55:27.845: 197 avg_reward: 1718.0
2024-11-12 10:55:27.845: 197 avg_steps: 1882.8
2024-11-12 10:55:27.845: 197 epsilon: 0.01
2024-11-12 10:55:27.846: 197 q: 3.8766737
2024-11-12 11:04:22.172: 198 test start:
2024-11-12 11:04:57.255: 198 avg_reward: 1596.0
2024-11-12 11:04:57.255: 198 avg_steps: 1794.9
2024-11-12 11:04:57.256: 198 epsilon: 0.01
2024-11-12 11:04:57.256: 198 q: 3.8359628
2024-11-12 11:14:40.454: 199 test start:
2024-11-12 11:15:10.353: 199 avg_reward: 1396.0
2024-11-12 11:15:10.354: 199 avg_steps: 1587.4
2024-11-12 11:15:10.354: 199 epsilon: 0.01
2024-11-12 11:15:10.354: 199 q: 3.8199837
2024-11-12 11:23:53.760: 200 test start:
2024-11-12 11:24:32.415: 200 avg_reward: 1816.0
2024-11-12 11:24:32.415: 200 avg_steps: 1930.85
2024-11-12 11:24:32.415: 200 epsilon: 0.01
2024-11-12 11:24:32.415: 200 q: 3.8245873
