2024-11-08 10:10:01.242: 
parameters:agent_test_episodes: 20
batch_num_per_epoch: 250000
device: cuda:0
env_name: ALE/WizardOfWor-v5
epsilon_for_test: 0.001
epsilon_max: 0.1
epsilon_min: 0.01
exp_name: ALE-WizardOfWor-v5_2024-11-08-10-10-01
exp_path: ../exps/double_dqn/
exploration_steps: 1000000
gamma: 0.99
held_out_states_num: 1000
learning_rate: 0.00025
log_path: ../exps/double_dqn/
mini_batch_size: 32
model_update_freq: 4
no_op: 30
phi_channel: 4
replay_buffer_size: 1000000
replay_start_size: 50000
save_model: true
screen_size: 84
seed: 0
skip_k_frame: 4
step_c: 30000
training_steps: 50000000

2024-11-08 10:10:01.641: optimizer: RMSprop (
Parameter Group 0
    alpha: 0.95
    centered: False
    differentiable: False
    eps: 0.01
    foreach: None
    lr: 0.00025
    maximize: False
    momentum: 0
    weight_decay: 0
)
2024-11-08 10:10:01.675: optimizer: RMSprop (
Parameter Group 0
    alpha: 0.95
    centered: False
    differentiable: False
    eps: 0.01
    foreach: None
    lr: 0.00025
    maximize: False
    momentum: 0
    weight_decay: 0
)
2024-11-08 10:15:13.726: 1 test start:
2024-11-08 10:15:19.488: 1 avg_reward: 120.0
2024-11-08 10:15:19.488: 1 avg_steps: 426.35
2024-11-08 10:15:19.488: 1 epsilon: 0.08195734
2024-11-08 10:15:19.488: 1 q: 0.00493701
2024-11-08 10:20:31.075: 2 test start:
2024-11-08 10:20:34.668: 2 avg_reward: 5.0
2024-11-08 10:20:34.668: 2 avg_steps: 262.75
2024-11-08 10:20:34.668: 2 epsilon: 0.05942854
2024-11-08 10:20:34.668: 2 q: 0.017156655
2024-11-08 10:25:45.346: 3 test start:
2024-11-08 10:25:51.639: 3 avg_reward: 185.0
2024-11-08 10:25:51.639: 3 avg_steps: 462.65
2024-11-08 10:25:51.639: 3 epsilon: 0.03695778999999999
2024-11-08 10:25:51.639: 3 q: 0.018568743
2024-11-08 10:31:03.166: 4 test start:
2024-11-08 10:31:10.192: 4 avg_reward: 5.0
2024-11-08 10:31:10.193: 4 avg_steps: 520.3
2024-11-08 10:31:10.193: 4 epsilon: 0.01443448
2024-11-08 10:31:10.193: 4 q: 0.023902226
2024-11-08 10:36:21.316: 5 test start:
2024-11-08 10:36:29.778: 5 avg_reward: 160.0
2024-11-08 10:36:29.778: 5 avg_steps: 626.05
2024-11-08 10:36:29.778: 5 epsilon: 0.01
2024-11-08 10:36:29.778: 5 q: 0.051049605
2024-11-08 10:41:43.792: 6 test start:
2024-11-08 10:41:55.512: 6 avg_reward: 300.0
2024-11-08 10:41:55.512: 6 avg_steps: 858.4
2024-11-08 10:41:55.512: 6 epsilon: 0.01
2024-11-08 10:41:55.512: 6 q: 0.042152345
2024-11-08 10:47:10.880: 7 test start:
2024-11-08 10:47:14.452: 7 avg_reward: 0.0
2024-11-08 10:47:14.452: 7 avg_steps: 257.65
2024-11-08 10:47:14.452: 7 epsilon: 0.01
2024-11-08 10:47:14.452: 7 q: 0.04295261
2024-11-08 10:52:28.420: 8 test start:
2024-11-08 10:52:35.627: 8 avg_reward: 195.0
2024-11-08 10:52:35.627: 8 avg_steps: 527.95
2024-11-08 10:52:35.627: 8 epsilon: 0.01
2024-11-08 10:52:35.627: 8 q: 0.04843309
2024-11-08 10:57:52.032: 9 test start:
2024-11-08 10:57:59.012: 9 avg_reward: 300.0
2024-11-08 10:57:59.012: 9 avg_steps: 509.45
2024-11-08 10:57:59.017: 9 epsilon: 0.01
2024-11-08 10:57:59.017: 9 q: 0.054237083
2024-11-08 11:03:14.992: 10 test start:
2024-11-08 11:03:24.687: 10 avg_reward: 100.0
2024-11-08 11:03:24.687: 10 avg_steps: 704.8
2024-11-08 11:03:24.692: 10 epsilon: 0.01
2024-11-08 11:03:24.692: 10 q: 0.061145525
2024-11-08 11:08:41.034: 11 test start:
2024-11-08 11:08:46.417: 11 avg_reward: 110.0
2024-11-08 11:08:46.417: 11 avg_steps: 390.45
2024-11-08 11:08:46.417: 11 epsilon: 0.01
2024-11-08 11:08:46.417: 11 q: 0.073601305
2024-11-08 11:14:02.994: 12 test start:
2024-11-08 11:14:07.731: 12 avg_reward: 100.0
2024-11-08 11:14:07.732: 12 avg_steps: 340.75
2024-11-08 11:14:07.732: 12 epsilon: 0.01
2024-11-08 11:14:07.732: 12 q: 0.09424094
2024-11-08 11:19:22.490: 13 test start:
2024-11-08 11:19:32.065: 13 avg_reward: 280.0
2024-11-08 11:19:32.065: 13 avg_steps: 702.05
2024-11-08 11:19:32.065: 13 epsilon: 0.01
2024-11-08 11:19:32.065: 13 q: 0.0788784
2024-11-08 11:24:47.642: 14 test start:
2024-11-08 11:24:58.393: 14 avg_reward: 320.0
2024-11-08 11:24:58.393: 14 avg_steps: 786.45
2024-11-08 11:24:58.393: 14 epsilon: 0.01
2024-11-08 11:24:58.393: 14 q: 0.081570886
2024-11-08 11:30:14.450: 15 test start:
2024-11-08 11:30:22.248: 15 avg_reward: 160.0
2024-11-08 11:30:22.248: 15 avg_steps: 566.25
2024-11-08 11:30:22.248: 15 epsilon: 0.01
2024-11-08 11:30:22.248: 15 q: 0.10062133
2024-11-08 11:35:37.880: 16 test start:
2024-11-08 11:35:46.810: 16 avg_reward: 260.0
2024-11-08 11:35:46.811: 16 avg_steps: 652.25
2024-11-08 11:35:46.811: 16 epsilon: 0.01
2024-11-08 11:35:46.811: 16 q: 0.10369197
2024-11-08 11:41:02.088: 17 test start:
2024-11-08 11:41:13.370: 17 avg_reward: 360.0
2024-11-08 11:41:13.371: 17 avg_steps: 829.15
2024-11-08 11:41:13.371: 17 epsilon: 0.01
2024-11-08 11:41:13.371: 17 q: 0.111759916
2024-11-08 11:46:28.267: 18 test start:
2024-11-08 11:46:42.029: 18 avg_reward: 300.0
2024-11-08 11:46:42.030: 18 avg_steps: 1006.6
2024-11-08 11:46:42.030: 18 epsilon: 0.01
2024-11-08 11:46:42.030: 18 q: 0.119991645
2024-11-08 11:51:57.537: 19 test start:
2024-11-08 11:52:13.436: 19 avg_reward: 665.0
2024-11-08 11:52:13.436: 19 avg_steps: 1178.85
2024-11-08 11:52:13.436: 19 epsilon: 0.01
2024-11-08 11:52:13.436: 19 q: 0.12861532
2024-11-08 11:57:29.177: 20 test start:
2024-11-08 11:57:44.349: 20 avg_reward: 490.0
2024-11-08 11:57:44.349: 20 avg_steps: 1116.65
2024-11-08 11:57:44.349: 20 epsilon: 0.01
2024-11-08 11:57:44.349: 20 q: 0.13709061
2024-11-08 12:02:59.434: 21 test start:
2024-11-08 12:03:07.312: 21 avg_reward: 180.0
2024-11-08 12:03:07.312: 21 avg_steps: 570.65
2024-11-08 12:03:07.312: 21 epsilon: 0.01
2024-11-08 12:03:07.312: 21 q: 0.1513139
2024-11-08 12:08:23.134: 22 test start:
2024-11-08 12:08:33.640: 22 avg_reward: 300.0
2024-11-08 12:08:33.640: 22 avg_steps: 770.5
2024-11-08 12:08:33.640: 22 epsilon: 0.01
2024-11-08 12:08:33.640: 22 q: 0.1809985
2024-11-08 12:13:49.574: 23 test start:
2024-11-08 12:13:59.548: 23 avg_reward: 390.0
2024-11-08 12:13:59.548: 23 avg_steps: 732.0
2024-11-08 12:13:59.549: 23 epsilon: 0.01
2024-11-08 12:13:59.549: 23 q: 0.17731866
2024-11-08 12:19:15.321: 24 test start:
2024-11-08 12:19:29.049: 24 avg_reward: 465.0
2024-11-08 12:19:29.049: 24 avg_steps: 1014.4
2024-11-08 12:19:29.049: 24 epsilon: 0.01
2024-11-08 12:19:29.049: 24 q: 0.18850671
2024-11-08 12:24:43.944: 25 test start:
2024-11-08 12:24:56.322: 25 avg_reward: 705.0
2024-11-08 12:24:56.322: 25 avg_steps: 912.45
2024-11-08 12:24:56.322: 25 epsilon: 0.01
2024-11-08 12:24:56.322: 25 q: 0.21271814
2024-11-08 12:30:11.342: 26 test start:
2024-11-08 12:30:21.013: 26 avg_reward: 365.0
2024-11-08 12:30:21.013: 26 avg_steps: 717.45
2024-11-08 12:30:21.013: 26 epsilon: 0.01
2024-11-08 12:30:21.013: 26 q: 0.2208026
2024-11-08 12:35:36.618: 27 test start:
2024-11-08 12:35:57.491: 27 avg_reward: 1235.0
2024-11-08 12:35:57.491: 27 avg_steps: 1517.7
2024-11-08 12:35:57.491: 27 epsilon: 0.01
2024-11-08 12:35:57.491: 27 q: 0.2682674
2024-11-08 12:41:12.287: 28 test start:
2024-11-08 12:41:27.985: 28 avg_reward: 615.0
2024-11-08 12:41:27.985: 28 avg_steps: 1160.25
2024-11-08 12:41:27.985: 28 epsilon: 0.01
2024-11-08 12:41:27.985: 28 q: 0.271028
2024-11-08 12:46:42.668: 29 test start:
2024-11-08 12:46:53.552: 29 avg_reward: 425.0
2024-11-08 12:46:53.552: 29 avg_steps: 800.05
2024-11-08 12:46:53.552: 29 epsilon: 0.01
2024-11-08 12:46:53.552: 29 q: 0.28998908
2024-11-08 12:52:06.730: 30 test start:
2024-11-08 12:52:14.992: 30 avg_reward: 310.0
2024-11-08 12:52:14.992: 30 avg_steps: 604.3
2024-11-08 12:52:14.992: 30 epsilon: 0.01
2024-11-08 12:52:14.993: 30 q: 0.30944574
2024-11-08 12:57:30.533: 31 test start:
2024-11-08 12:57:42.049: 31 avg_reward: 525.0
2024-11-08 12:57:42.049: 31 avg_steps: 854.85
2024-11-08 12:57:42.049: 31 epsilon: 0.01
2024-11-08 12:57:42.049: 31 q: 0.313327
2024-11-08 13:02:57.718: 32 test start:
2024-11-08 13:03:10.115: 32 avg_reward: 600.0
2024-11-08 13:03:10.115: 32 avg_steps: 923.85
2024-11-08 13:03:10.116: 32 epsilon: 0.01
2024-11-08 13:03:10.116: 32 q: 0.31628996
2024-11-08 13:08:23.868: 33 test start:
2024-11-08 13:08:33.150: 33 avg_reward: 405.0
2024-11-08 13:08:33.150: 33 avg_steps: 688.35
2024-11-08 13:08:33.151: 33 epsilon: 0.01
2024-11-08 13:08:33.151: 33 q: 0.33346802
2024-11-08 13:13:47.048: 34 test start:
2024-11-08 13:13:57.833: 34 avg_reward: 605.0
2024-11-08 13:13:57.833: 34 avg_steps: 803.35
2024-11-08 13:13:57.833: 34 epsilon: 0.01
2024-11-08 13:13:57.833: 34 q: 0.3315164
2024-11-08 13:19:14.394: 35 test start:
2024-11-08 13:19:30.495: 35 avg_reward: 1050.0
2024-11-08 13:19:30.495: 35 avg_steps: 1205.55
2024-11-08 13:19:30.495: 35 epsilon: 0.01
2024-11-08 13:19:30.495: 35 q: 0.329188
2024-11-08 13:24:43.086: 36 test start:
2024-11-08 13:24:55.591: 36 avg_reward: 650.0
2024-11-08 13:24:55.591: 36 avg_steps: 931.8
2024-11-08 13:24:55.591: 36 epsilon: 0.01
2024-11-08 13:24:55.591: 36 q: 0.37165108
2024-11-08 13:30:08.702: 37 test start:
2024-11-08 13:30:21.317: 37 avg_reward: 735.0
2024-11-08 13:30:21.317: 37 avg_steps: 936.7
2024-11-08 13:30:21.317: 37 epsilon: 0.01
2024-11-08 13:30:21.317: 37 q: 0.34856844
2024-11-08 13:35:36.121: 38 test start:
2024-11-08 13:35:46.148: 38 avg_reward: 615.0
2024-11-08 13:35:46.148: 38 avg_steps: 742.25
2024-11-08 13:35:46.148: 38 epsilon: 0.01
2024-11-08 13:35:46.148: 38 q: 0.3537141
2024-11-08 13:40:59.903: 39 test start:
2024-11-08 13:41:10.296: 39 avg_reward: 490.0
2024-11-08 13:41:10.296: 39 avg_steps: 771.25
2024-11-08 13:41:10.296: 39 epsilon: 0.01
2024-11-08 13:41:10.296: 39 q: 0.36390686
2024-11-08 13:46:24.132: 40 test start:
2024-11-08 13:46:35.435: 40 avg_reward: 660.0
2024-11-08 13:46:35.435: 40 avg_steps: 833.9
2024-11-08 13:46:35.435: 40 epsilon: 0.01
2024-11-08 13:46:35.435: 40 q: 0.36247468
2024-11-08 13:51:48.269: 41 test start:
2024-11-08 13:51:59.983: 41 avg_reward: 970.0
2024-11-08 13:51:59.983: 41 avg_steps: 869.25
2024-11-08 13:51:59.983: 41 epsilon: 0.01
2024-11-08 13:51:59.983: 41 q: 0.37714988
2024-11-08 13:57:13.495: 42 test start:
2024-11-08 13:57:39.458: 42 avg_reward: 2710.0
2024-11-08 13:57:39.458: 42 avg_steps: 1955.5
2024-11-08 13:57:39.458: 42 epsilon: 0.01
2024-11-08 13:57:39.458: 42 q: 0.3726155
2024-11-08 14:02:53.814: 43 test start:
2024-11-08 14:03:04.602: 43 avg_reward: 685.0
2024-11-08 14:03:04.602: 43 avg_steps: 805.8
2024-11-08 14:03:04.602: 43 epsilon: 0.01
2024-11-08 14:03:04.602: 43 q: 0.39439863
2024-11-08 14:08:17.537: 44 test start:
2024-11-08 14:08:28.724: 44 avg_reward: 1100.0
2024-11-08 14:08:28.725: 44 avg_steps: 842.5
2024-11-08 14:08:28.725: 44 epsilon: 0.01
2024-11-08 14:08:28.725: 44 q: 0.385988
2024-11-08 14:13:42.530: 45 test start:
2024-11-08 14:13:57.438: 45 avg_reward: 1255.0
2024-11-08 14:13:57.438: 45 avg_steps: 1110.5
2024-11-08 14:13:57.438: 45 epsilon: 0.01
2024-11-08 14:13:57.438: 45 q: 0.4039127
2024-11-08 14:19:11.067: 46 test start:
2024-11-08 14:19:28.090: 46 avg_reward: 2240.0
2024-11-08 14:19:28.091: 46 avg_steps: 1280.1
2024-11-08 14:19:28.091: 46 epsilon: 0.01
2024-11-08 14:19:28.091: 46 q: 0.40653408
2024-11-08 14:24:41.329: 47 test start:
2024-11-08 14:24:56.418: 47 avg_reward: 1305.0
2024-11-08 14:24:56.418: 47 avg_steps: 1129.9
2024-11-08 14:24:56.418: 47 epsilon: 0.01
2024-11-08 14:24:56.418: 47 q: 0.41869858
2024-11-08 14:30:09.642: 48 test start:
2024-11-08 14:30:27.702: 48 avg_reward: 1720.0
2024-11-08 14:30:27.703: 48 avg_steps: 1355.95
2024-11-08 14:30:27.703: 48 epsilon: 0.01
2024-11-08 14:30:27.703: 48 q: 0.44974497
2024-11-08 14:35:40.442: 49 test start:
2024-11-08 14:35:51.537: 49 avg_reward: 1125.0
2024-11-08 14:35:51.537: 49 avg_steps: 831.1
2024-11-08 14:35:51.537: 49 epsilon: 0.01
2024-11-08 14:35:51.537: 49 q: 0.4675381
2024-11-08 14:41:05.122: 50 test start:
2024-11-08 14:41:18.783: 50 avg_reward: 1160.0
2024-11-08 14:41:18.783: 50 avg_steps: 1027.05
2024-11-08 14:41:18.783: 50 epsilon: 0.01
2024-11-08 14:41:18.783: 50 q: 0.47444528
2024-11-08 14:46:30.847: 51 test start:
2024-11-08 14:46:44.782: 51 avg_reward: 1105.0
2024-11-08 14:46:44.782: 51 avg_steps: 1041.95
2024-11-08 14:46:44.782: 51 epsilon: 0.01
2024-11-08 14:46:44.782: 51 q: 0.47446293
2024-11-08 14:51:58.104: 52 test start:
2024-11-08 14:52:06.358: 52 avg_reward: 690.0
2024-11-08 14:52:06.358: 52 avg_steps: 611.65
2024-11-08 14:52:06.358: 52 epsilon: 0.01
2024-11-08 14:52:06.358: 52 q: 0.49309453
2024-11-08 14:57:25.068: 53 test start:
2024-11-08 14:57:38.791: 53 avg_reward: 1360.0
2024-11-08 14:57:38.791: 53 avg_steps: 1007.65
2024-11-08 14:57:38.791: 53 epsilon: 0.01
2024-11-08 14:57:38.791: 53 q: 0.5092297
2024-11-08 15:02:54.803: 54 test start:
2024-11-08 15:03:10.347: 54 avg_reward: 1480.0
2024-11-08 15:03:10.347: 54 avg_steps: 1145.35
2024-11-08 15:03:10.347: 54 epsilon: 0.01
2024-11-08 15:03:10.347: 54 q: 0.5085326
2024-11-08 15:08:27.072: 55 test start:
2024-11-08 15:08:43.174: 55 avg_reward: 1565.0
2024-11-08 15:08:43.174: 55 avg_steps: 1183.45
2024-11-08 15:08:43.175: 55 epsilon: 0.01
2024-11-08 15:08:43.175: 55 q: 0.5284882
2024-11-08 15:13:57.257: 56 test start:
2024-11-08 15:14:10.312: 56 avg_reward: 1170.0
2024-11-08 15:14:10.312: 56 avg_steps: 965.0
2024-11-08 15:14:10.312: 56 epsilon: 0.01
2024-11-08 15:14:10.312: 56 q: 0.5450071
2024-11-08 15:19:26.920: 57 test start:
2024-11-08 15:19:44.793: 57 avg_reward: 1940.0
2024-11-08 15:19:44.793: 57 avg_steps: 1333.4
2024-11-08 15:19:44.793: 57 epsilon: 0.01
2024-11-08 15:19:44.793: 57 q: 0.5668871
2024-11-08 15:24:59.703: 58 test start:
2024-11-08 15:25:14.103: 58 avg_reward: 1530.0
2024-11-08 15:25:14.103: 58 avg_steps: 1078.95
2024-11-08 15:25:14.103: 58 epsilon: 0.01
2024-11-08 15:25:14.103: 58 q: 0.59346485
2024-11-08 15:30:29.400: 59 test start:
2024-11-08 15:30:46.984: 59 avg_reward: 1990.0
2024-11-08 15:30:46.984: 59 avg_steps: 1314.85
2024-11-08 15:30:46.984: 59 epsilon: 0.01
2024-11-08 15:30:46.984: 59 q: 0.59708166
2024-11-08 15:36:01.637: 60 test start:
2024-11-08 15:36:15.377: 60 avg_reward: 1620.0
2024-11-08 15:36:15.377: 60 avg_steps: 1033.85
2024-11-08 15:36:15.377: 60 epsilon: 0.01
2024-11-08 15:36:15.377: 60 q: 0.6093435
2024-11-08 15:41:30.197: 61 test start:
2024-11-08 15:41:42.497: 61 avg_reward: 1375.0
2024-11-08 15:41:42.497: 61 avg_steps: 875.95
2024-11-08 15:41:42.497: 61 epsilon: 0.01
2024-11-08 15:41:42.497: 61 q: 0.61045367
2024-11-08 15:47:00.461: 62 test start:
2024-11-08 15:47:16.945: 62 avg_reward: 1660.0
2024-11-08 15:47:16.945: 62 avg_steps: 1234.15
2024-11-08 15:47:16.945: 62 epsilon: 0.01
2024-11-08 15:47:16.945: 62 q: 0.6070186
2024-11-08 15:52:33.421: 63 test start:
2024-11-08 15:52:47.044: 63 avg_reward: 1425.0
2024-11-08 15:52:47.044: 63 avg_steps: 1008.65
2024-11-08 15:52:47.044: 63 epsilon: 0.01
2024-11-08 15:52:47.044: 63 q: 0.62758386
2024-11-08 15:58:02.558: 64 test start:
2024-11-08 15:58:19.769: 64 avg_reward: 1960.0
2024-11-08 15:58:19.769: 64 avg_steps: 1289.6
2024-11-08 15:58:19.769: 64 epsilon: 0.01
2024-11-08 15:58:19.769: 64 q: 0.62347376
2024-11-08 16:03:34.644: 65 test start:
2024-11-08 16:03:51.642: 65 avg_reward: 1680.0
2024-11-08 16:03:51.642: 65 avg_steps: 1268.15
2024-11-08 16:03:51.642: 65 epsilon: 0.01
2024-11-08 16:03:51.642: 65 q: 0.6613865
2024-11-08 16:09:08.694: 66 test start:
2024-11-08 16:09:33.859: 66 avg_reward: 3315.0
2024-11-08 16:09:33.859: 66 avg_steps: 1896.5
2024-11-08 16:09:33.859: 66 epsilon: 0.01
2024-11-08 16:09:33.859: 66 q: 0.6586298
2024-11-08 16:14:47.752: 67 test start:
2024-11-08 16:15:02.075: 67 avg_reward: 1460.0
2024-11-08 16:15:02.075: 67 avg_steps: 1075.85
2024-11-08 16:15:02.075: 67 epsilon: 0.01
2024-11-08 16:15:02.075: 67 q: 0.66566247
2024-11-08 16:20:17.857: 68 test start:
2024-11-08 16:20:33.854: 68 avg_reward: 1690.0
2024-11-08 16:20:33.855: 68 avg_steps: 1208.5
2024-11-08 16:20:33.855: 68 epsilon: 0.01
2024-11-08 16:20:33.855: 68 q: 0.6850309
2024-11-08 16:25:48.745: 69 test start:
2024-11-08 16:26:07.068: 69 avg_reward: 2805.0
2024-11-08 16:26:07.068: 69 avg_steps: 1375.75
2024-11-08 16:26:07.068: 69 epsilon: 0.01
2024-11-08 16:26:07.068: 69 q: 0.67630935
2024-11-08 16:31:26.862: 70 test start:
2024-11-08 16:31:47.832: 70 avg_reward: 2645.0
2024-11-08 16:31:47.832: 70 avg_steps: 1552.2
2024-11-08 16:31:47.832: 70 epsilon: 0.01
2024-11-08 16:31:47.832: 70 q: 0.70962775
2024-11-08 16:37:07.419: 71 test start:
2024-11-08 16:37:30.626: 71 avg_reward: 2720.0
2024-11-08 16:37:30.626: 71 avg_steps: 1741.6
2024-11-08 16:37:30.626: 71 epsilon: 0.01
2024-11-08 16:37:30.626: 71 q: 0.7412291
2024-11-08 16:42:51.275: 72 test start:
2024-11-08 16:43:09.813: 72 avg_reward: 2275.0
2024-11-08 16:43:09.813: 72 avg_steps: 1387.35
2024-11-08 16:43:09.813: 72 epsilon: 0.01
2024-11-08 16:43:09.813: 72 q: 0.7331009
2024-11-08 16:48:33.319: 73 test start:
2024-11-08 16:48:52.917: 73 avg_reward: 2355.0
2024-11-08 16:48:52.918: 73 avg_steps: 1457.7
2024-11-08 16:48:52.918: 73 epsilon: 0.01
2024-11-08 16:48:52.918: 73 q: 0.7261819
2024-11-08 16:54:14.479: 74 test start:
2024-11-08 16:54:26.794: 74 avg_reward: 1610.0
2024-11-08 16:54:26.794: 74 avg_steps: 912.35
2024-11-08 16:54:26.795: 74 epsilon: 0.01
2024-11-08 16:54:26.795: 74 q: 0.7596239
2024-11-08 16:59:47.262: 75 test start:
2024-11-08 17:00:04.536: 75 avg_reward: 2720.0
2024-11-08 17:00:04.537: 75 avg_steps: 1280.15
2024-11-08 17:00:04.537: 75 epsilon: 0.01
2024-11-08 17:00:04.537: 75 q: 0.7596713
2024-11-08 17:05:24.316: 76 test start:
2024-11-08 17:05:41.343: 76 avg_reward: 1985.0
2024-11-08 17:05:41.343: 76 avg_steps: 1277.15
2024-11-08 17:05:41.343: 76 epsilon: 0.01
2024-11-08 17:05:41.343: 76 q: 0.74060273
2024-11-08 17:10:59.772: 77 test start:
2024-11-08 17:11:10.156: 77 avg_reward: 1060.0
2024-11-08 17:11:10.156: 77 avg_steps: 769.9
2024-11-08 17:11:10.156: 77 epsilon: 0.01
2024-11-08 17:11:10.156: 77 q: 0.77017576
2024-11-08 17:16:28.831: 78 test start:
2024-11-08 17:16:45.394: 78 avg_reward: 1815.0
2024-11-08 17:16:45.394: 78 avg_steps: 1245.45
2024-11-08 17:16:45.394: 78 epsilon: 0.01
2024-11-08 17:16:45.394: 78 q: 0.7718218
2024-11-08 17:21:59.477: 79 test start:
2024-11-08 17:22:18.721: 79 avg_reward: 4635.0
2024-11-08 17:22:18.721: 79 avg_steps: 1454.4
2024-11-08 17:22:18.721: 79 epsilon: 0.01
2024-11-08 17:22:18.721: 79 q: 0.80610096
2024-11-08 17:27:33.802: 80 test start:
2024-11-08 17:27:51.946: 80 avg_reward: 2780.0
2024-11-08 17:27:51.946: 80 avg_steps: 1362.35
2024-11-08 17:27:51.946: 80 epsilon: 0.01
2024-11-08 17:27:51.946: 80 q: 0.784843
2024-11-08 17:33:04.354: 81 test start:
2024-11-08 17:33:18.913: 81 avg_reward: 2035.0
2024-11-08 17:33:18.913: 81 avg_steps: 1087.7
2024-11-08 17:33:18.913: 81 epsilon: 0.01
2024-11-08 17:33:18.913: 81 q: 0.7802399
2024-11-08 17:38:33.849: 82 test start:
2024-11-08 17:38:50.903: 82 avg_reward: 3220.0
2024-11-08 17:38:50.903: 82 avg_steps: 1278.65
2024-11-08 17:38:50.903: 82 epsilon: 0.01
2024-11-08 17:38:50.903: 82 q: 0.7823181
2024-11-08 17:44:05.142: 83 test start:
2024-11-08 17:44:24.452: 83 avg_reward: 4440.0
2024-11-08 17:44:24.452: 83 avg_steps: 1439.75
2024-11-08 17:44:24.452: 83 epsilon: 0.01
2024-11-08 17:44:24.452: 83 q: 0.8256912
2024-11-08 17:49:39.698: 84 test start:
2024-11-08 17:49:52.288: 84 avg_reward: 1540.0
2024-11-08 17:49:52.288: 84 avg_steps: 933.3
2024-11-08 17:49:52.288: 84 epsilon: 0.01
2024-11-08 17:49:52.288: 84 q: 0.8597688
2024-11-08 17:55:07.381: 85 test start:
2024-11-08 17:55:26.167: 85 avg_reward: 3520.0
2024-11-08 17:55:26.167: 85 avg_steps: 1402.75
2024-11-08 17:55:26.167: 85 epsilon: 0.01
2024-11-08 17:55:26.167: 85 q: 0.8650365
2024-11-08 18:00:44.741: 86 test start:
2024-11-08 18:01:01.069: 86 avg_reward: 2290.0
2024-11-08 18:01:01.070: 86 avg_steps: 1214.15
2024-11-08 18:01:01.070: 86 epsilon: 0.01
2024-11-08 18:01:01.070: 86 q: 0.87960494
2024-11-08 18:06:16.806: 87 test start:
2024-11-08 18:06:28.276: 87 avg_reward: 1375.0
2024-11-08 18:06:28.277: 87 avg_steps: 857.5
2024-11-08 18:06:28.277: 87 epsilon: 0.01
2024-11-08 18:06:28.277: 87 q: 0.87321085
2024-11-08 18:11:47.169: 88 test start:
2024-11-08 18:12:04.570: 88 avg_reward: 3810.0
2024-11-08 18:12:04.570: 88 avg_steps: 1301.05
2024-11-08 18:12:04.570: 88 epsilon: 0.01
2024-11-08 18:12:04.570: 88 q: 0.8740326
2024-11-08 18:17:38.363: 89 test start:
2024-11-08 18:17:56.120: 89 avg_reward: 2925.0
2024-11-08 18:17:56.120: 89 avg_steps: 1314.15
2024-11-08 18:17:56.120: 89 epsilon: 0.01
2024-11-08 18:17:56.120: 89 q: 0.8851162
2024-11-08 18:23:22.319: 90 test start:
2024-11-08 18:23:40.084: 90 avg_reward: 2860.0
2024-11-08 18:23:40.084: 90 avg_steps: 1308.35
2024-11-08 18:23:40.084: 90 epsilon: 0.01
2024-11-08 18:23:40.084: 90 q: 0.92856395
2024-11-08 18:29:13.576: 91 test start:
2024-11-08 18:29:33.225: 91 avg_reward: 4660.0
2024-11-08 18:29:33.225: 91 avg_steps: 1455.8
2024-11-08 18:29:33.225: 91 epsilon: 0.01
2024-11-08 18:29:33.225: 91 q: 0.9239688
2024-11-08 18:35:04.070: 92 test start:
2024-11-08 18:35:13.152: 92 avg_reward: 1160.0
2024-11-08 18:35:13.152: 92 avg_steps: 662.25
2024-11-08 18:35:13.152: 92 epsilon: 0.01
2024-11-08 18:35:13.152: 92 q: 0.9365266
2024-11-08 18:40:51.162: 93 test start:
2024-11-08 18:41:06.378: 93 avg_reward: 2605.0
2024-11-08 18:41:06.378: 93 avg_steps: 1126.4
2024-11-08 18:41:06.378: 93 epsilon: 0.01
2024-11-08 18:41:06.378: 93 q: 0.92355925
2024-11-08 18:46:41.124: 94 test start:
2024-11-08 18:46:57.519: 94 avg_reward: 2995.0
2024-11-08 18:46:57.520: 94 avg_steps: 1211.05
2024-11-08 18:46:57.520: 94 epsilon: 0.01
2024-11-08 18:46:57.520: 94 q: 0.9342831
2024-11-08 18:52:31.874: 95 test start:
2024-11-08 18:52:50.151: 95 avg_reward: 3930.0
2024-11-08 18:52:50.151: 95 avg_steps: 1350.6
2024-11-08 18:52:50.151: 95 epsilon: 0.01
2024-11-08 18:52:50.152: 95 q: 0.9577771
2024-11-08 18:58:22.681: 96 test start:
2024-11-08 18:58:38.300: 96 avg_reward: 3570.0
2024-11-08 18:58:38.300: 96 avg_steps: 1163.3
2024-11-08 18:58:38.301: 96 epsilon: 0.01
2024-11-08 18:58:38.301: 96 q: 0.93410474
2024-11-08 19:04:12.496: 97 test start:
2024-11-08 19:04:30.523: 97 avg_reward: 4850.0
2024-11-08 19:04:30.523: 97 avg_steps: 1352.8
2024-11-08 19:04:30.524: 97 epsilon: 0.01
2024-11-08 19:04:30.524: 97 q: 0.9438167
2024-11-08 19:10:06.440: 98 test start:
2024-11-08 19:10:22.899: 98 avg_reward: 3540.0
2024-11-08 19:10:22.899: 98 avg_steps: 1214.6
2024-11-08 19:10:22.899: 98 epsilon: 0.01
2024-11-08 19:10:22.900: 98 q: 0.9350076
2024-11-08 19:15:55.867: 99 test start:
2024-11-08 19:16:11.870: 99 avg_reward: 5330.0
2024-11-08 19:16:11.870: 99 avg_steps: 1205.1
2024-11-08 19:16:11.870: 99 epsilon: 0.01
2024-11-08 19:16:11.870: 99 q: 0.9771886
2024-11-08 19:21:38.190: 100 test start:
2024-11-08 19:21:56.758: 100 avg_reward: 4580.0
2024-11-08 19:21:56.758: 100 avg_steps: 1371.55
2024-11-08 19:21:56.758: 100 epsilon: 0.01
2024-11-08 19:21:56.758: 100 q: 0.9699861
2024-11-08 19:27:24.572: 101 test start:
2024-11-08 19:27:45.421: 101 avg_reward: 3740.0
2024-11-08 19:27:45.421: 101 avg_steps: 1535.8
2024-11-08 19:27:45.421: 101 epsilon: 0.01
2024-11-08 19:27:45.421: 101 q: 0.9608584
2024-11-08 19:33:18.780: 102 test start:
2024-11-08 19:33:34.155: 102 avg_reward: 3465.0
2024-11-08 19:33:34.155: 102 avg_steps: 1158.45
2024-11-08 19:33:34.155: 102 epsilon: 0.01
2024-11-08 19:33:34.155: 102 q: 0.98253447
2024-11-08 19:39:02.702: 103 test start:
2024-11-08 19:39:16.290: 103 avg_reward: 2640.0
2024-11-08 19:39:16.290: 103 avg_steps: 1015.4
2024-11-08 19:39:16.290: 103 epsilon: 0.01
2024-11-08 19:39:16.291: 103 q: 0.96018434
2024-11-08 19:44:38.349: 104 test start:
2024-11-08 19:44:57.239: 104 avg_reward: 3545.0
2024-11-08 19:44:57.239: 104 avg_steps: 1413.5
2024-11-08 19:44:57.239: 104 epsilon: 0.01
2024-11-08 19:44:57.239: 104 q: 1.0141379
2024-11-08 19:50:30.503: 105 test start:
2024-11-08 19:50:46.071: 105 avg_reward: 3630.0
2024-11-08 19:50:46.071: 105 avg_steps: 1148.1
2024-11-08 19:50:46.071: 105 epsilon: 0.01
2024-11-08 19:50:46.071: 105 q: 1.0048894
2024-11-08 19:56:21.503: 106 test start:
2024-11-08 19:56:41.357: 106 avg_reward: 4700.0
2024-11-08 19:56:41.357: 106 avg_steps: 1465.7
2024-11-08 19:56:41.357: 106 epsilon: 0.01
2024-11-08 19:56:41.357: 106 q: 1.0290581
2024-11-08 20:02:16.106: 107 test start:
2024-11-08 20:02:33.946: 107 avg_reward: 3740.0
2024-11-08 20:02:33.946: 107 avg_steps: 1341.45
2024-11-08 20:02:33.946: 107 epsilon: 0.01
2024-11-08 20:02:33.946: 107 q: 1.0392623
2024-11-08 20:08:08.831: 108 test start:
2024-11-08 20:08:24.789: 108 avg_reward: 4815.0
2024-11-08 20:08:24.789: 108 avg_steps: 1185.15
2024-11-08 20:08:24.789: 108 epsilon: 0.01
2024-11-08 20:08:24.789: 108 q: 1.0289656
2024-11-08 20:13:57.733: 109 test start:
2024-11-08 20:14:11.401: 109 avg_reward: 2760.0
2024-11-08 20:14:11.401: 109 avg_steps: 1002.85
2024-11-08 20:14:11.401: 109 epsilon: 0.01
2024-11-08 20:14:11.401: 109 q: 1.0567949
2024-11-08 20:19:42.535: 110 test start:
2024-11-08 20:19:56.793: 110 avg_reward: 3595.0
2024-11-08 20:19:56.793: 110 avg_steps: 1049.35
2024-11-08 20:19:56.793: 110 epsilon: 0.01
2024-11-08 20:19:56.793: 110 q: 1.0719323
2024-11-08 20:25:29.033: 111 test start:
2024-11-08 20:25:48.129: 111 avg_reward: 5290.0
2024-11-08 20:25:48.129: 111 avg_steps: 1429.35
2024-11-08 20:25:48.129: 111 epsilon: 0.01
2024-11-08 20:25:48.129: 111 q: 1.037155
2024-11-08 20:31:17.987: 112 test start:
2024-11-08 20:31:36.583: 112 avg_reward: 5740.0
2024-11-08 20:31:36.583: 112 avg_steps: 1402.85
2024-11-08 20:31:36.583: 112 epsilon: 0.01
2024-11-08 20:31:36.583: 112 q: 1.0490967
2024-11-08 20:37:08.020: 113 test start:
2024-11-08 20:37:24.234: 113 avg_reward: 3180.0
2024-11-08 20:37:24.234: 113 avg_steps: 1193.0
2024-11-08 20:37:24.234: 113 epsilon: 0.01
2024-11-08 20:37:24.234: 113 q: 0.9851609
2024-11-08 20:43:00.984: 114 test start:
2024-11-08 20:43:19.223: 114 avg_reward: 3060.0
2024-11-08 20:43:19.223: 114 avg_steps: 1281.7
2024-11-08 20:43:19.223: 114 epsilon: 0.01
2024-11-08 20:43:19.223: 114 q: 1.0163964
2024-11-08 20:48:52.151: 115 test start:
2024-11-08 20:49:09.551: 115 avg_reward: 2985.0
2024-11-08 20:49:09.551: 115 avg_steps: 1292.5
2024-11-08 20:49:09.551: 115 epsilon: 0.01
2024-11-08 20:49:09.551: 115 q: 1.0546145
2024-11-08 20:54:42.302: 116 test start:
2024-11-08 20:54:54.860: 116 avg_reward: 2030.0
2024-11-08 20:54:54.860: 116 avg_steps: 921.2
2024-11-08 20:54:54.860: 116 epsilon: 0.01
2024-11-08 20:54:54.860: 116 q: 1.03306
2024-11-08 21:00:28.206: 117 test start:
2024-11-08 21:00:44.119: 117 avg_reward: 3570.0
2024-11-08 21:00:44.120: 117 avg_steps: 1177.15
2024-11-08 21:00:44.120: 117 epsilon: 0.01
2024-11-08 21:00:44.120: 117 q: 1.0984839
2024-11-08 21:06:15.202: 118 test start:
2024-11-08 21:06:33.666: 118 avg_reward: 5690.0
2024-11-08 21:06:33.666: 118 avg_steps: 1362.9
2024-11-08 21:06:33.666: 118 epsilon: 0.01
2024-11-08 21:06:33.666: 118 q: 1.0759286
2024-11-08 21:12:06.700: 119 test start:
2024-11-08 21:12:24.292: 119 avg_reward: 4125.0
2024-11-08 21:12:24.293: 119 avg_steps: 1288.85
2024-11-08 21:12:24.293: 119 epsilon: 0.01
2024-11-08 21:12:24.293: 119 q: 1.0929397
2024-11-08 21:17:53.217: 120 test start:
2024-11-08 21:18:05.688: 120 avg_reward: 2390.0
2024-11-08 21:18:05.688: 120 avg_steps: 934.15
2024-11-08 21:18:05.688: 120 epsilon: 0.01
2024-11-08 21:18:05.688: 120 q: 1.089438
2024-11-08 21:23:37.567: 121 test start:
2024-11-08 21:23:55.847: 121 avg_reward: 5170.0
2024-11-08 21:23:55.847: 121 avg_steps: 1349.5
2024-11-08 21:23:55.847: 121 epsilon: 0.01
2024-11-08 21:23:55.847: 121 q: 1.1012679
2024-11-08 21:29:25.541: 122 test start:
2024-11-08 21:29:43.654: 122 avg_reward: 6500.0
2024-11-08 21:29:43.655: 122 avg_steps: 1358.75
2024-11-08 21:29:43.655: 122 epsilon: 0.01
2024-11-08 21:29:43.655: 122 q: 1.1298943
2024-11-08 21:35:09.804: 123 test start:
2024-11-08 21:35:23.784: 123 avg_reward: 2280.0
2024-11-08 21:35:23.784: 123 avg_steps: 1050.95
2024-11-08 21:35:23.784: 123 epsilon: 0.01
2024-11-08 21:35:23.785: 123 q: 1.1303585
2024-11-08 21:40:55.484: 124 test start:
2024-11-08 21:41:09.808: 124 avg_reward: 2670.0
2024-11-08 21:41:09.808: 124 avg_steps: 1072.45
2024-11-08 21:41:09.808: 124 epsilon: 0.01
2024-11-08 21:41:09.808: 124 q: 1.1364659
2024-11-08 21:46:40.260: 125 test start:
2024-11-08 21:46:54.724: 125 avg_reward: 3105.0
2024-11-08 21:46:54.724: 125 avg_steps: 1071.35
2024-11-08 21:46:54.724: 125 epsilon: 0.01
2024-11-08 21:46:54.724: 125 q: 1.0981742
2024-11-08 21:52:23.989: 126 test start:
2024-11-08 21:52:39.492: 126 avg_reward: 3760.0
2024-11-08 21:52:39.493: 126 avg_steps: 1162.7
2024-11-08 21:52:39.493: 126 epsilon: 0.01
2024-11-08 21:52:39.493: 126 q: 1.1086453
2024-11-08 21:58:02.924: 127 test start:
2024-11-08 21:58:35.405: 127 avg_reward: 4580.0
2024-11-08 21:58:35.405: 127 avg_steps: 2444.35
2024-11-08 21:58:35.405: 127 epsilon: 0.01
2024-11-08 21:58:35.405: 127 q: 1.1256189
2024-11-08 22:03:57.223: 128 test start:
2024-11-08 22:04:11.718: 128 avg_reward: 3790.0
2024-11-08 22:04:11.718: 128 avg_steps: 1074.2
2024-11-08 22:04:11.718: 128 epsilon: 0.01
2024-11-08 22:04:11.718: 128 q: 1.1143281
2024-11-08 22:09:39.379: 129 test start:
2024-11-08 22:09:58.176: 129 avg_reward: 5215.0
2024-11-08 22:09:58.177: 129 avg_steps: 1384.5
2024-11-08 22:09:58.177: 129 epsilon: 0.01
2024-11-08 22:09:58.177: 129 q: 1.1232429
2024-11-08 22:15:31.609: 130 test start:
2024-11-08 22:15:46.562: 130 avg_reward: 4140.0
2024-11-08 22:15:46.562: 130 avg_steps: 1084.05
2024-11-08 22:15:46.562: 130 epsilon: 0.01
2024-11-08 22:15:46.562: 130 q: 1.1629298
2024-11-08 22:21:22.353: 131 test start:
2024-11-08 22:21:36.105: 131 avg_reward: 3455.0
2024-11-08 22:21:36.105: 131 avg_steps: 1013.75
2024-11-08 22:21:36.105: 131 epsilon: 0.01
2024-11-08 22:21:36.105: 131 q: 1.1642985
2024-11-08 22:27:11.572: 132 test start:
2024-11-08 22:27:28.940: 132 avg_reward: 6325.0
2024-11-08 22:27:28.940: 132 avg_steps: 1302.15
2024-11-08 22:27:28.940: 132 epsilon: 0.01
2024-11-08 22:27:28.940: 132 q: 1.1673057
2024-11-08 22:32:59.185: 133 test start:
2024-11-08 22:33:15.139: 133 avg_reward: 3295.0
2024-11-08 22:33:15.139: 133 avg_steps: 1164.3
2024-11-08 22:33:15.139: 133 epsilon: 0.01
2024-11-08 22:33:15.139: 133 q: 1.1367494
2024-11-08 22:38:48.462: 134 test start:
2024-11-08 22:39:07.621: 134 avg_reward: 3775.0
2024-11-08 22:39:07.621: 134 avg_steps: 1418.25
2024-11-08 22:39:07.621: 134 epsilon: 0.01
2024-11-08 22:39:07.621: 134 q: 1.1165988
2024-11-08 22:44:41.775: 135 test start:
2024-11-08 22:44:59.045: 135 avg_reward: 5550.0
2024-11-08 22:44:59.046: 135 avg_steps: 1295.15
2024-11-08 22:44:59.046: 135 epsilon: 0.01
2024-11-08 22:44:59.046: 135 q: 1.165145
2024-11-08 22:50:27.485: 136 test start:
2024-11-08 22:50:44.347: 136 avg_reward: 4885.0
2024-11-08 22:50:44.347: 136 avg_steps: 1268.5
2024-11-08 22:50:44.347: 136 epsilon: 0.01
2024-11-08 22:50:44.347: 136 q: 1.1330912
2024-11-08 22:56:13.844: 137 test start:
2024-11-08 22:56:28.943: 137 avg_reward: 3455.0
2024-11-08 22:56:28.943: 137 avg_steps: 1116.05
2024-11-08 22:56:28.943: 137 epsilon: 0.01
2024-11-08 22:56:28.943: 137 q: 1.1526471
2024-11-08 23:02:00.005: 138 test start:
2024-11-08 23:02:17.565: 138 avg_reward: 4760.0
2024-11-08 23:02:17.565: 138 avg_steps: 1291.3
2024-11-08 23:02:17.565: 138 epsilon: 0.01
2024-11-08 23:02:17.565: 138 q: 1.1535224
2024-11-08 23:07:46.320: 139 test start:
2024-11-08 23:08:21.032: 139 avg_reward: 4260.0
2024-11-08 23:08:21.033: 139 avg_steps: 2570.65
2024-11-08 23:08:21.033: 139 epsilon: 0.01
2024-11-08 23:08:21.033: 139 q: 1.1402087
2024-11-08 23:13:42.185: 140 test start:
2024-11-08 23:13:58.673: 140 avg_reward: 4230.0
2024-11-08 23:13:58.673: 140 avg_steps: 1241.85
2024-11-08 23:13:58.673: 140 epsilon: 0.01
2024-11-08 23:13:58.673: 140 q: 1.1149418
2024-11-08 23:19:31.362: 141 test start:
2024-11-08 23:19:46.989: 141 avg_reward: 4085.0
2024-11-08 23:19:46.989: 141 avg_steps: 1153.15
2024-11-08 23:19:46.989: 141 epsilon: 0.01
2024-11-08 23:19:46.989: 141 q: 1.1295316
2024-11-08 23:25:16.782: 142 test start:
2024-11-08 23:25:37.662: 142 avg_reward: 7870.0
2024-11-08 23:25:37.662: 142 avg_steps: 1539.95
2024-11-08 23:25:37.662: 142 epsilon: 0.01
2024-11-08 23:25:37.662: 142 q: 1.1021065
2024-11-08 23:31:06.075: 143 test start:
2024-11-08 23:31:30.257: 143 avg_reward: 7110.0
2024-11-08 23:31:30.257: 143 avg_steps: 1791.4
2024-11-08 23:31:30.257: 143 epsilon: 0.01
2024-11-08 23:31:30.257: 143 q: 1.0525112
2024-11-08 23:36:57.809: 144 test start:
2024-11-08 23:37:18.769: 144 avg_reward: 6035.0
2024-11-08 23:37:18.769: 144 avg_steps: 1576.2
2024-11-08 23:37:18.769: 144 epsilon: 0.01
2024-11-08 23:37:18.770: 144 q: 1.1009831
2024-11-08 23:42:47.921: 145 test start:
2024-11-08 23:43:08.119: 145 avg_reward: 5080.0
2024-11-08 23:43:08.120: 145 avg_steps: 1513.55
2024-11-08 23:43:08.120: 145 epsilon: 0.01
2024-11-08 23:43:08.120: 145 q: 1.0890142
2024-11-08 23:48:35.165: 146 test start:
2024-11-08 23:48:50.341: 146 avg_reward: 2615.0
2024-11-08 23:48:50.341: 146 avg_steps: 1118.45
2024-11-08 23:48:50.341: 146 epsilon: 0.01
2024-11-08 23:48:50.341: 146 q: 1.1204324
2024-11-08 23:54:15.054: 147 test start:
2024-11-08 23:54:33.219: 147 avg_reward: 4925.0
2024-11-08 23:54:33.220: 147 avg_steps: 1358.4
2024-11-08 23:54:33.220: 147 epsilon: 0.01
2024-11-08 23:54:33.220: 147 q: 1.1043594
2024-11-08 23:59:57.604: 148 test start:
2024-11-09 00:00:12.217: 148 avg_reward: 4390.0
2024-11-09 00:00:12.217: 148 avg_steps: 1074.55
2024-11-09 00:00:12.223: 148 epsilon: 0.01
2024-11-09 00:00:12.223: 148 q: 1.073765
2024-11-09 00:05:43.735: 149 test start:
2024-11-09 00:06:01.249: 149 avg_reward: 3970.0
2024-11-09 00:06:01.249: 149 avg_steps: 1294.1
2024-11-09 00:06:01.249: 149 epsilon: 0.01
2024-11-09 00:06:01.249: 149 q: 1.1219153
2024-11-09 00:11:36.467: 150 test start:
2024-11-09 00:11:56.589: 150 avg_reward: 5525.0
2024-11-09 00:11:56.589: 150 avg_steps: 1488.05
2024-11-09 00:11:56.589: 150 epsilon: 0.01
2024-11-09 00:11:56.589: 150 q: 1.1272366
2024-11-09 00:17:25.668: 151 test start:
2024-11-09 00:17:44.924: 151 avg_reward: 5375.0
2024-11-09 00:17:44.924: 151 avg_steps: 1443.3
2024-11-09 00:17:44.924: 151 epsilon: 0.01
2024-11-09 00:17:44.924: 151 q: 1.1494921
2024-11-09 00:23:13.245: 152 test start:
2024-11-09 00:23:31.537: 152 avg_reward: 4810.0
2024-11-09 00:23:31.537: 152 avg_steps: 1369.25
2024-11-09 00:23:31.537: 152 epsilon: 0.01
2024-11-09 00:23:31.537: 152 q: 1.1357254
2024-11-09 00:29:05.297: 153 test start:
2024-11-09 00:29:21.020: 153 avg_reward: 3200.0
2024-11-09 00:29:21.020: 153 avg_steps: 1160.25
2024-11-09 00:29:21.020: 153 epsilon: 0.01
2024-11-09 00:29:21.020: 153 q: 1.1047349
2024-11-09 00:34:52.054: 154 test start:
2024-11-09 00:35:08.386: 154 avg_reward: 3470.0
2024-11-09 00:35:08.387: 154 avg_steps: 1209.5
2024-11-09 00:35:08.387: 154 epsilon: 0.01
2024-11-09 00:35:08.387: 154 q: 1.1369385
2024-11-09 00:40:40.036: 155 test start:
2024-11-09 00:40:58.283: 155 avg_reward: 6060.0
2024-11-09 00:40:58.283: 155 avg_steps: 1337.7
2024-11-09 00:40:58.284: 155 epsilon: 0.01
2024-11-09 00:40:58.284: 155 q: 1.1516889
2024-11-09 00:46:26.820: 156 test start:
2024-11-09 00:46:46.296: 156 avg_reward: 7180.0
2024-11-09 00:46:46.296: 156 avg_steps: 1462.05
2024-11-09 00:46:46.296: 156 epsilon: 0.01
2024-11-09 00:46:46.296: 156 q: 1.1772002
2024-11-09 00:52:20.947: 157 test start:
2024-11-09 00:52:37.424: 157 avg_reward: 4280.0
2024-11-09 00:52:37.424: 157 avg_steps: 1218.3
2024-11-09 00:52:37.424: 157 epsilon: 0.01
2024-11-09 00:52:37.424: 157 q: 1.18926
2024-11-09 00:58:12.529: 158 test start:
2024-11-09 00:58:29.093: 158 avg_reward: 3695.0
2024-11-09 00:58:29.094: 158 avg_steps: 1224.75
2024-11-09 00:58:29.094: 158 epsilon: 0.01
2024-11-09 00:58:29.094: 158 q: 1.2062424
2024-11-09 01:03:56.989: 159 test start:
2024-11-09 01:04:11.951: 159 avg_reward: 4180.0
2024-11-09 01:04:11.951: 159 avg_steps: 1127.65
2024-11-09 01:04:11.951: 159 epsilon: 0.01
2024-11-09 01:04:11.951: 159 q: 1.2361488
2024-11-09 01:09:37.303: 160 test start:
2024-11-09 01:09:57.762: 160 avg_reward: 6740.0
2024-11-09 01:09:57.762: 160 avg_steps: 1530.6
2024-11-09 01:09:57.762: 160 epsilon: 0.01
2024-11-09 01:09:57.763: 160 q: 1.174506
2024-11-09 01:15:18.656: 161 test start:
2024-11-09 01:15:34.904: 161 avg_reward: 3690.0
2024-11-09 01:15:34.904: 161 avg_steps: 1217.55
2024-11-09 01:15:34.904: 161 epsilon: 0.01
2024-11-09 01:15:34.904: 161 q: 1.2221366
2024-11-09 01:21:03.697: 162 test start:
2024-11-09 01:21:19.518: 162 avg_reward: 4985.0
2024-11-09 01:21:19.518: 162 avg_steps: 1166.0
2024-11-09 01:21:19.518: 162 epsilon: 0.01
2024-11-09 01:21:19.518: 162 q: 1.186283
2024-11-09 01:26:51.971: 163 test start:
2024-11-09 01:27:05.026: 163 avg_reward: 3210.0
2024-11-09 01:27:05.026: 163 avg_steps: 961.4
2024-11-09 01:27:05.026: 163 epsilon: 0.01
2024-11-09 01:27:05.026: 163 q: 1.1910748
2024-11-09 01:32:35.796: 164 test start:
2024-11-09 01:32:53.541: 164 avg_reward: 5525.0
2024-11-09 01:32:53.541: 164 avg_steps: 1331.2
2024-11-09 01:32:53.541: 164 epsilon: 0.01
2024-11-09 01:32:53.541: 164 q: 1.239856
2024-11-09 01:38:25.215: 165 test start:
2024-11-09 01:38:44.353: 165 avg_reward: 5420.0
2024-11-09 01:38:44.353: 165 avg_steps: 1420.45
2024-11-09 01:38:44.353: 165 epsilon: 0.01
2024-11-09 01:38:44.353: 165 q: 1.2284005
2024-11-09 01:44:14.582: 166 test start:
2024-11-09 01:44:32.869: 166 avg_reward: 5465.0
2024-11-09 01:44:32.869: 166 avg_steps: 1347.45
2024-11-09 01:44:32.869: 166 epsilon: 0.01
2024-11-09 01:44:32.869: 166 q: 1.237912
2024-11-09 01:50:01.300: 167 test start:
2024-11-09 01:50:45.364: 167 avg_reward: 7025.0
2024-11-09 01:50:45.364: 167 avg_steps: 3261.3
2024-11-09 01:50:45.364: 167 epsilon: 0.01
2024-11-09 01:50:45.364: 167 q: 1.2275871
2024-11-09 01:56:14.502: 168 test start:
2024-11-09 01:56:29.848: 168 avg_reward: 4935.0
2024-11-09 01:56:29.848: 168 avg_steps: 1144.85
2024-11-09 01:56:29.848: 168 epsilon: 0.01
2024-11-09 01:56:29.848: 168 q: 1.2347615
2024-11-09 02:01:50.601: 169 test start:
2024-11-09 02:02:04.160: 169 avg_reward: 2840.0
2024-11-09 02:02:04.160: 169 avg_steps: 1016.65
2024-11-09 02:02:04.160: 169 epsilon: 0.01
2024-11-09 02:02:04.160: 169 q: 1.2265847
2024-11-09 02:07:25.231: 170 test start:
2024-11-09 02:07:46.144: 170 avg_reward: 5710.0
2024-11-09 02:07:46.144: 170 avg_steps: 1569.1
2024-11-09 02:07:46.144: 170 epsilon: 0.01
2024-11-09 02:07:46.145: 170 q: 1.2432514
2024-11-09 02:13:09.670: 171 test start:
2024-11-09 02:13:28.034: 171 avg_reward: 7145.0
2024-11-09 02:13:28.034: 171 avg_steps: 1377.5
2024-11-09 02:13:28.034: 171 epsilon: 0.01
2024-11-09 02:13:28.034: 171 q: 1.2899973
2024-11-09 02:18:49.096: 172 test start:
2024-11-09 02:19:05.428: 172 avg_reward: 4780.0
2024-11-09 02:19:05.428: 172 avg_steps: 1213.8
2024-11-09 02:19:05.428: 172 epsilon: 0.01
2024-11-09 02:19:05.428: 172 q: 1.2582073
2024-11-09 02:24:35.421: 173 test start:
2024-11-09 02:24:52.103: 173 avg_reward: 4540.0
2024-11-09 02:24:52.103: 173 avg_steps: 1249.0
2024-11-09 02:24:52.103: 173 epsilon: 0.01
2024-11-09 02:24:52.103: 173 q: 1.2547256
2024-11-09 02:30:21.463: 174 test start:
2024-11-09 02:30:36.704: 174 avg_reward: 5215.0
2024-11-09 02:30:36.705: 174 avg_steps: 1128.2
2024-11-09 02:30:36.705: 174 epsilon: 0.01
2024-11-09 02:30:36.705: 174 q: 1.266255
2024-11-09 02:36:06.954: 175 test start:
2024-11-09 02:36:21.097: 175 avg_reward: 2610.0
2024-11-09 02:36:21.097: 175 avg_steps: 1050.1
2024-11-09 02:36:21.097: 175 epsilon: 0.01
2024-11-09 02:36:21.097: 175 q: 1.273623
2024-11-09 02:41:54.254: 176 test start:
2024-11-09 02:42:13.341: 176 avg_reward: 5575.0
2024-11-09 02:42:13.341: 176 avg_steps: 1410.65
2024-11-09 02:42:13.341: 176 epsilon: 0.01
2024-11-09 02:42:13.341: 176 q: 1.2859637
2024-11-09 02:47:45.408: 177 test start:
2024-11-09 02:48:03.133: 177 avg_reward: 4855.0
2024-11-09 02:48:03.134: 177 avg_steps: 1315.6
2024-11-09 02:48:03.134: 177 epsilon: 0.01
2024-11-09 02:48:03.134: 177 q: 1.2774718
2024-11-09 02:53:29.439: 178 test start:
2024-11-09 02:53:52.164: 178 avg_reward: 4230.0
2024-11-09 02:53:52.164: 178 avg_steps: 1688.9
2024-11-09 02:53:52.164: 178 epsilon: 0.01
2024-11-09 02:53:52.164: 178 q: 1.3047595
2024-11-09 02:59:18.073: 179 test start:
2024-11-09 02:59:39.769: 179 avg_reward: 7360.0
2024-11-09 02:59:39.769: 179 avg_steps: 1620.3
2024-11-09 02:59:39.769: 179 epsilon: 0.01
2024-11-09 02:59:39.769: 179 q: 1.2595593
2024-11-09 03:05:00.508: 180 test start:
2024-11-09 03:05:18.212: 180 avg_reward: 5225.0
2024-11-09 03:05:18.212: 180 avg_steps: 1327.7
2024-11-09 03:05:18.212: 180 epsilon: 0.01
2024-11-09 03:05:18.212: 180 q: 1.2779266
2024-11-09 03:10:43.335: 181 test start:
2024-11-09 03:11:00.470: 181 avg_reward: 5965.0
2024-11-09 03:11:00.470: 181 avg_steps: 1277.3
2024-11-09 03:11:00.470: 181 epsilon: 0.01
2024-11-09 03:11:00.470: 181 q: 1.324159
2024-11-09 03:16:27.476: 182 test start:
2024-11-09 03:16:49.010: 182 avg_reward: 4795.0
2024-11-09 03:16:49.010: 182 avg_steps: 1612.55
2024-11-09 03:16:49.010: 182 epsilon: 0.01
2024-11-09 03:16:49.010: 182 q: 1.2975467
2024-11-09 03:22:16.675: 183 test start:
2024-11-09 03:22:35.596: 183 avg_reward: 6155.0
2024-11-09 03:22:35.596: 183 avg_steps: 1422.3
2024-11-09 03:22:35.596: 183 epsilon: 0.01
2024-11-09 03:22:35.596: 183 q: 1.2950346
2024-11-09 03:28:05.325: 184 test start:
2024-11-09 03:28:20.320: 184 avg_reward: 4085.0
2024-11-09 03:28:20.320: 184 avg_steps: 1123.35
2024-11-09 03:28:20.320: 184 epsilon: 0.01
2024-11-09 03:28:20.320: 184 q: 1.3205662
2024-11-09 03:33:45.927: 185 test start:
2024-11-09 03:34:07.135: 185 avg_reward: 6495.0
2024-11-09 03:34:07.135: 185 avg_steps: 1601.9
2024-11-09 03:34:07.135: 185 epsilon: 0.01
2024-11-09 03:34:07.135: 185 q: 1.3034405
2024-11-09 03:39:33.658: 186 test start:
2024-11-09 03:39:53.635: 186 avg_reward: 5955.0
2024-11-09 03:39:53.636: 186 avg_steps: 1474.55
2024-11-09 03:39:53.636: 186 epsilon: 0.01
2024-11-09 03:39:53.636: 186 q: 1.3147097
2024-11-09 03:45:20.024: 187 test start:
2024-11-09 03:45:43.210: 187 avg_reward: 8775.0
2024-11-09 03:45:43.211: 187 avg_steps: 1696.55
2024-11-09 03:45:43.211: 187 epsilon: 0.01
2024-11-09 03:45:43.211: 187 q: 1.3166704
2024-11-09 03:51:12.259: 188 test start:
2024-11-09 03:51:29.310: 188 avg_reward: 5235.0
2024-11-09 03:51:29.310: 188 avg_steps: 1283.6
2024-11-09 03:51:29.310: 188 epsilon: 0.01
2024-11-09 03:51:29.310: 188 q: 1.3074818
2024-11-09 03:57:00.748: 189 test start:
2024-11-09 03:57:18.408: 189 avg_reward: 4510.0
2024-11-09 03:57:18.408: 189 avg_steps: 1310.1
2024-11-09 03:57:18.408: 189 epsilon: 0.01
2024-11-09 03:57:18.408: 189 q: 1.3507526
2024-11-09 04:02:46.215: 190 test start:
2024-11-09 04:03:00.233: 190 avg_reward: 4135.0
2024-11-09 04:03:00.233: 190 avg_steps: 1037.7
2024-11-09 04:03:00.233: 190 epsilon: 0.01
2024-11-09 04:03:00.233: 190 q: 1.3519197
2024-11-09 04:08:29.459: 191 test start:
2024-11-09 04:08:46.399: 191 avg_reward: 5935.0
2024-11-09 04:08:46.399: 191 avg_steps: 1249.4
2024-11-09 04:08:46.399: 191 epsilon: 0.01
2024-11-09 04:08:46.399: 191 q: 1.3373196
2024-11-09 04:14:13.886: 192 test start:
2024-11-09 04:14:29.232: 192 avg_reward: 5225.0
2024-11-09 04:14:29.233: 192 avg_steps: 1139.35
2024-11-09 04:14:29.233: 192 epsilon: 0.01
2024-11-09 04:14:29.233: 192 q: 1.3058239
2024-11-09 04:20:00.592: 193 test start:
2024-11-09 04:20:19.013: 193 avg_reward: 4770.0
2024-11-09 04:20:19.013: 193 avg_steps: 1369.7
2024-11-09 04:20:19.013: 193 epsilon: 0.01
2024-11-09 04:20:19.013: 193 q: 1.3153965
2024-11-09 04:25:50.177: 194 test start:
2024-11-09 04:26:09.141: 194 avg_reward: 5130.0
2024-11-09 04:26:09.141: 194 avg_steps: 1404.3
2024-11-09 04:26:09.147: 194 epsilon: 0.01
2024-11-09 04:26:09.147: 194 q: 1.3115132
2024-11-09 04:31:36.685: 195 test start:
2024-11-09 04:32:03.117: 195 avg_reward: 9190.0
2024-11-09 04:32:03.117: 195 avg_steps: 1975.25
2024-11-09 04:32:03.117: 195 epsilon: 0.01
2024-11-09 04:32:03.117: 195 q: 1.2986003
2024-11-09 04:37:24.329: 196 test start:
2024-11-09 04:37:49.093: 196 avg_reward: 9995.0
2024-11-09 04:37:49.094: 196 avg_steps: 1860.65
2024-11-09 04:37:49.094: 196 epsilon: 0.01
2024-11-09 04:37:49.094: 196 q: 1.2743434
2024-11-09 04:43:17.536: 197 test start:
2024-11-09 04:43:35.711: 197 avg_reward: 6430.0
2024-11-09 04:43:35.712: 197 avg_steps: 1358.55
2024-11-09 04:43:35.712: 197 epsilon: 0.01
2024-11-09 04:43:35.712: 197 q: 1.283968
2024-11-09 04:49:02.925: 198 test start:
2024-11-09 04:49:23.248: 198 avg_reward: 7840.0
2024-11-09 04:49:23.248: 198 avg_steps: 1528.6
2024-11-09 04:49:23.248: 198 epsilon: 0.01
2024-11-09 04:49:23.248: 198 q: 1.2764883
2024-11-09 04:54:49.620: 199 test start:
2024-11-09 04:55:11.395: 199 avg_reward: 5075.0
2024-11-09 04:55:11.395: 199 avg_steps: 1635.4
2024-11-09 04:55:11.395: 199 epsilon: 0.01
2024-11-09 04:55:11.395: 199 q: 1.2350464
2024-11-09 05:00:38.113: 200 test start:
2024-11-09 05:00:59.851: 200 avg_reward: 7340.0
2024-11-09 05:00:59.851: 200 avg_steps: 1595.5
2024-11-09 05:00:59.851: 200 epsilon: 0.01
2024-11-09 05:00:59.851: 200 q: 1.2450083
