2024-11-13 22:15:54.143: 
parameters:agent_test_episodes: 20
batch_num_per_epoch: 250000
device: cuda:0
env_name: ALE/Kangaroo-v5
epsilon_for_test: 0.001
epsilon_max: 0.1
epsilon_min: 0.01
exp_name: ALE-Kangaroo-v5_2024-11-13-22-15-54
exp_path: ../exps/double_dqn/
exploration_steps: 1000000
gamma: 0.99
held_out_states_num: 1000
learning_rate: 0.00025
log_path: ../exps/double_dqn/
mini_batch_size: 32
model_update_freq: 4
n_times: 5
no_op: 30
phi_channel: 4
replay_buffer_size: 1000000
replay_start_size: 50000
save_model: true
screen_size: 84
seed: 0
skip_k_frame: 4
step_c: 30000
training_steps: 50000000

2024-11-13 22:15:54.220: optimizer: RMSprop (
Parameter Group 0
    alpha: 0.95
    centered: False
    differentiable: False
    eps: 0.01
    foreach: None
    lr: 0.00025
    maximize: False
    momentum: 0
    weight_decay: 0
)
2024-11-13 22:15:54.271: optimizer: RMSprop (
Parameter Group 0
    alpha: 0.95
    centered: False
    differentiable: False
    eps: 0.01
    foreach: None
    lr: 0.00025
    maximize: False
    momentum: 0
    weight_decay: 0
)
2024-11-13 22:24:19.642: 1 test start:
2024-11-13 22:24:27.390: 1 avg_reward: 0.0
2024-11-13 22:24:27.390: 1 avg_steps: 397.15
2024-11-13 22:24:27.391: 1 epsilon: 0.082
2024-11-13 22:24:27.391: 1 q: 0.015586819
2024-11-13 22:33:44.404: 2 test start:
2024-11-13 22:33:53.347: 2 avg_reward: 260.0
2024-11-13 22:33:53.347: 2 avg_steps: 452.8
2024-11-13 22:33:53.347: 2 epsilon: 0.05949856
2024-11-13 22:33:53.348: 2 q: 0.022678997
2024-11-13 22:42:52.635: 3 test start:
2024-11-13 22:42:58.120: 3 avg_reward: 0.0
2024-11-13 22:42:58.120: 3 avg_steps: 283.4
2024-11-13 22:42:58.120: 3 epsilon: 0.03697093
2024-11-13 22:42:58.120: 3 q: 0.030762658
2024-11-13 22:52:13.646: 4 test start:
2024-11-13 22:52:23.084: 4 avg_reward: 330.0
2024-11-13 22:52:23.084: 4 avg_steps: 484.5
2024-11-13 22:52:23.084: 4 epsilon: 0.014496309999999998
2024-11-13 22:52:23.084: 4 q: 0.05345725
2024-11-13 23:01:26.478: 5 test start:
2024-11-13 23:01:35.665: 5 avg_reward: 80.0
2024-11-13 23:01:35.665: 5 avg_steps: 472.75
2024-11-13 23:01:35.665: 5 epsilon: 0.01
2024-11-13 23:01:35.665: 5 q: 0.06112346
2024-11-13 23:11:04.146: 6 test start:
2024-11-13 23:11:09.830: 6 avg_reward: 0.0
2024-11-13 23:11:09.830: 6 avg_steps: 286.7
2024-11-13 23:11:09.830: 6 epsilon: 0.01
2024-11-13 23:11:09.830: 6 q: 0.062529296
2024-11-13 23:20:18.072: 7 test start:
2024-11-13 23:20:29.085: 7 avg_reward: 440.0
2024-11-13 23:20:29.085: 7 avg_steps: 544.4
2024-11-13 23:20:29.086: 7 epsilon: 0.01
2024-11-13 23:20:29.086: 7 q: 0.05168789
2024-11-13 23:29:51.746: 8 test start:
2024-11-13 23:30:02.316: 8 avg_reward: 340.0
2024-11-13 23:30:02.316: 8 avg_steps: 523.15
2024-11-13 23:30:02.316: 8 epsilon: 0.01
2024-11-13 23:30:02.316: 8 q: 0.049752004
2024-11-13 23:39:10.844: 9 test start:
2024-11-13 23:39:21.107: 9 avg_reward: 300.0
2024-11-13 23:39:21.108: 9 avg_steps: 502.6
2024-11-13 23:39:21.108: 9 epsilon: 0.01
2024-11-13 23:39:21.108: 9 q: 0.058832765
2024-11-13 23:48:47.876: 10 test start:
2024-11-13 23:48:57.464: 10 avg_reward: 160.0
2024-11-13 23:48:57.464: 10 avg_steps: 481.9
2024-11-13 23:48:57.465: 10 epsilon: 0.01
2024-11-13 23:48:57.465: 10 q: 0.057151947
2024-11-13 23:58:08.874: 11 test start:
2024-11-13 23:58:18.586: 11 avg_reward: 310.0
2024-11-13 23:58:18.586: 11 avg_steps: 480.1
2024-11-13 23:58:18.586: 11 epsilon: 0.01
2024-11-13 23:58:18.586: 11 q: 0.061939888
2024-11-14 00:07:46.101: 12 test start:
2024-11-14 00:07:55.646: 12 avg_reward: 330.0
2024-11-14 00:07:55.646: 12 avg_steps: 479.35
2024-11-14 00:07:55.646: 12 epsilon: 0.01
2024-11-14 00:07:55.646: 12 q: 0.06293562
2024-11-14 00:17:06.560: 13 test start:
2024-11-14 00:17:15.420: 13 avg_reward: 210.0
2024-11-14 00:17:15.420: 13 avg_steps: 439.45
2024-11-14 00:17:15.420: 13 epsilon: 0.01
2024-11-14 00:17:15.420: 13 q: 0.067219004
2024-11-14 00:26:42.238: 14 test start:
2024-11-14 00:26:47.873: 14 avg_reward: 0.0
2024-11-14 00:26:47.873: 14 avg_steps: 281.3
2024-11-14 00:26:47.873: 14 epsilon: 0.01
2024-11-14 00:26:47.873: 14 q: 0.07027266
2024-11-14 00:35:58.316: 15 test start:
2024-11-14 00:36:05.142: 15 avg_reward: 90.0
2024-11-14 00:36:05.142: 15 avg_steps: 340.7
2024-11-14 00:36:05.142: 15 epsilon: 0.01
2024-11-14 00:36:05.142: 15 q: 0.06490274
2024-11-14 00:45:26.973: 16 test start:
2024-11-14 00:45:36.325: 16 avg_reward: 290.0
2024-11-14 00:45:36.326: 16 avg_steps: 465.9
2024-11-14 00:45:36.326: 16 epsilon: 0.01
2024-11-14 00:45:36.326: 16 q: 0.06568399
2024-11-14 00:54:46.390: 17 test start:
2024-11-14 00:54:53.644: 17 avg_reward: 260.0
2024-11-14 00:54:53.644: 17 avg_steps: 365.15
2024-11-14 00:54:53.644: 17 epsilon: 0.01
2024-11-14 00:54:53.644: 17 q: 0.06673506
2024-11-14 01:04:19.365: 18 test start:
2024-11-14 01:04:28.888: 18 avg_reward: 370.0
2024-11-14 01:04:28.888: 18 avg_steps: 478.15
2024-11-14 01:04:28.888: 18 epsilon: 0.01
2024-11-14 01:04:28.888: 18 q: 0.06696056
2024-11-14 01:13:40.905: 19 test start:
2024-11-14 01:13:46.868: 19 avg_reward: 0.0
2024-11-14 01:13:46.868: 19 avg_steps: 295.35
2024-11-14 01:13:46.868: 19 epsilon: 0.01
2024-11-14 01:13:46.868: 19 q: 0.07085672
2024-11-14 01:23:13.765: 20 test start:
2024-11-14 01:23:21.030: 20 avg_reward: 100.0
2024-11-14 01:23:21.030: 20 avg_steps: 364.4
2024-11-14 01:23:21.030: 20 epsilon: 0.01
2024-11-14 01:23:21.030: 20 q: 0.0789382
2024-11-14 01:32:30.244: 21 test start:
2024-11-14 01:32:36.379: 21 avg_reward: 90.0
2024-11-14 01:32:36.379: 21 avg_steps: 306.35
2024-11-14 01:32:36.384: 21 epsilon: 0.01
2024-11-14 01:32:36.385: 21 q: 0.07500682
2024-11-14 01:42:01.546: 22 test start:
2024-11-14 01:42:08.778: 22 avg_reward: 200.0
2024-11-14 01:42:08.778: 22 avg_steps: 359.3
2024-11-14 01:42:08.778: 22 epsilon: 0.01
2024-11-14 01:42:08.778: 22 q: 0.07729119
2024-11-14 01:51:18.095: 23 test start:
2024-11-14 01:51:23.727: 23 avg_reward: 0.0
2024-11-14 01:51:23.728: 23 avg_steps: 284.1
2024-11-14 01:51:23.728: 23 epsilon: 0.01
2024-11-14 01:51:23.728: 23 q: 0.07869179
2024-11-14 02:00:47.518: 24 test start:
2024-11-14 02:00:55.151: 24 avg_reward: 210.0
2024-11-14 02:00:55.151: 24 avg_steps: 376.75
2024-11-14 02:00:55.151: 24 epsilon: 0.01
2024-11-14 02:00:55.152: 24 q: 0.08239565
2024-11-14 02:10:04.775: 25 test start:
2024-11-14 02:10:13.002: 25 avg_reward: 390.0
2024-11-14 02:10:13.002: 25 avg_steps: 424.2
2024-11-14 02:10:13.002: 25 epsilon: 0.01
2024-11-14 02:10:13.002: 25 q: 0.08244763
2024-11-14 02:19:32.936: 26 test start:
2024-11-14 02:19:40.571: 26 avg_reward: 250.0
2024-11-14 02:19:40.571: 26 avg_steps: 386.95
2024-11-14 02:19:40.571: 26 epsilon: 0.01
2024-11-14 02:19:40.571: 26 q: 0.08622954
2024-11-14 02:29:29.484: 27 test start:
2024-11-14 02:29:36.353: 27 avg_reward: 90.0
2024-11-14 02:29:36.353: 27 avg_steps: 329.75
2024-11-14 02:29:36.353: 27 epsilon: 0.01
2024-11-14 02:29:36.353: 27 q: 0.088771194
2024-11-14 02:39:02.198: 28 test start:
2024-11-14 02:39:08.680: 28 avg_reward: 130.0
2024-11-14 02:39:08.680: 28 avg_steps: 324.75
2024-11-14 02:39:08.680: 28 epsilon: 0.01
2024-11-14 02:39:08.680: 28 q: 0.0920007
2024-11-14 02:48:54.678: 29 test start:
2024-11-14 02:49:01.128: 29 avg_reward: 90.0
2024-11-14 02:49:01.128: 29 avg_steps: 307.5
2024-11-14 02:49:01.128: 29 epsilon: 0.01
2024-11-14 02:49:01.128: 29 q: 0.110128194
2024-11-14 02:58:24.502: 30 test start:
2024-11-14 02:58:33.125: 30 avg_reward: 380.0
2024-11-14 02:58:33.125: 30 avg_steps: 426.75
2024-11-14 02:58:33.125: 30 epsilon: 0.01
2024-11-14 02:58:33.125: 30 q: 0.113905534
2024-11-14 03:08:22.745: 31 test start:
2024-11-14 03:08:30.963: 31 avg_reward: 300.0
2024-11-14 03:08:30.963: 31 avg_steps: 391.95
2024-11-14 03:08:30.963: 31 epsilon: 0.01
2024-11-14 03:08:30.963: 31 q: 0.13214894
2024-11-14 03:17:53.696: 32 test start:
2024-11-14 03:18:00.511: 32 avg_reward: 240.0
2024-11-14 03:18:00.511: 32 avg_steps: 338.9
2024-11-14 03:18:00.511: 32 epsilon: 0.01
2024-11-14 03:18:00.511: 32 q: 0.13922407
2024-11-14 03:27:50.937: 33 test start:
2024-11-14 03:27:56.651: 33 avg_reward: 0.0
2024-11-14 03:27:56.651: 33 avg_steps: 271.5
2024-11-14 03:27:56.651: 33 epsilon: 0.01
2024-11-14 03:27:56.652: 33 q: 0.1525661
2024-11-14 03:37:17.505: 34 test start:
2024-11-14 03:37:25.391: 34 avg_reward: 450.0
2024-11-14 03:37:25.391: 34 avg_steps: 384.05
2024-11-14 03:37:25.391: 34 epsilon: 0.01
2024-11-14 03:37:25.391: 34 q: 0.16273266
2024-11-14 03:47:17.722: 35 test start:
2024-11-14 03:47:25.864: 35 avg_reward: 370.0
2024-11-14 03:47:25.864: 35 avg_steps: 392.25
2024-11-14 03:47:25.864: 35 epsilon: 0.01
2024-11-14 03:47:25.864: 35 q: 0.1686333
2024-11-14 03:56:43.384: 36 test start:
2024-11-14 03:56:51.665: 36 avg_reward: 480.0
2024-11-14 03:56:51.665: 36 avg_steps: 414.25
2024-11-14 03:56:51.665: 36 epsilon: 0.01
2024-11-14 03:56:51.665: 36 q: 0.21354891
2024-11-14 04:06:46.517: 37 test start:
2024-11-14 04:06:56.182: 37 avg_reward: 470.0
2024-11-14 04:06:56.183: 37 avg_steps: 456.9
2024-11-14 04:06:56.183: 37 epsilon: 0.01
2024-11-14 04:06:56.183: 37 q: 0.22402158
2024-11-14 04:16:11.295: 38 test start:
2024-11-14 04:16:17.391: 38 avg_reward: 60.0
2024-11-14 04:16:17.391: 38 avg_steps: 290.35
2024-11-14 04:16:17.392: 38 epsilon: 0.01
2024-11-14 04:16:17.392: 38 q: 0.24687552
2024-11-14 04:26:11.156: 39 test start:
2024-11-14 04:26:18.931: 39 avg_reward: 340.0
2024-11-14 04:26:18.931: 39 avg_steps: 385.65
2024-11-14 04:26:18.931: 39 epsilon: 0.01
2024-11-14 04:26:18.931: 39 q: 0.2627812
2024-11-14 04:35:34.916: 40 test start:
2024-11-14 04:35:43.490: 40 avg_reward: 430.0
2024-11-14 04:35:43.491: 40 avg_steps: 409.9
2024-11-14 04:35:43.491: 40 epsilon: 0.01
2024-11-14 04:35:43.491: 40 q: 0.28373945
2024-11-14 04:45:37.668: 41 test start:
2024-11-14 04:45:47.268: 41 avg_reward: 600.0
2024-11-14 04:45:47.273: 41 avg_steps: 478.45
2024-11-14 04:45:47.274: 41 epsilon: 0.01
2024-11-14 04:45:47.274: 41 q: 0.31906787
2024-11-14 04:55:06.570: 42 test start:
2024-11-14 04:55:16.996: 42 avg_reward: 620.0
2024-11-14 04:55:16.996: 42 avg_steps: 498.35
2024-11-14 04:55:16.996: 42 epsilon: 0.01
2024-11-14 04:55:16.996: 42 q: 0.34895685
2024-11-14 05:05:07.225: 43 test start:
2024-11-14 05:05:17.425: 43 avg_reward: 600.0
2024-11-14 05:05:17.425: 43 avg_steps: 507.55
2024-11-14 05:05:17.425: 43 epsilon: 0.01
2024-11-14 05:05:17.425: 43 q: 0.37236032
2024-11-14 05:14:38.655: 44 test start:
2024-11-14 05:14:49.181: 44 avg_reward: 610.0
2024-11-14 05:14:49.181: 44 avg_steps: 502.1
2024-11-14 05:14:49.182: 44 epsilon: 0.01
2024-11-14 05:14:49.182: 44 q: 0.40265122
2024-11-14 05:24:38.357: 45 test start:
2024-11-14 05:24:48.348: 45 avg_reward: 750.0
2024-11-14 05:24:48.348: 45 avg_steps: 525.3
2024-11-14 05:24:48.348: 45 epsilon: 0.01
2024-11-14 05:24:48.348: 45 q: 0.40777296
2024-11-14 05:34:15.244: 46 test start:
2024-11-14 05:34:24.804: 46 avg_reward: 620.0
2024-11-14 05:34:24.804: 46 avg_steps: 494.85
2024-11-14 05:34:24.804: 46 epsilon: 0.01
2024-11-14 05:34:24.804: 46 q: 0.44230995
2024-11-14 05:44:17.630: 47 test start:
2024-11-14 05:44:27.373: 47 avg_reward: 650.0
2024-11-14 05:44:27.373: 47 avg_steps: 492.65
2024-11-14 05:44:27.373: 47 epsilon: 0.01
2024-11-14 05:44:27.373: 47 q: 0.4411285
2024-11-14 05:53:59.355: 48 test start:
2024-11-14 05:54:10.989: 48 avg_reward: 590.0
2024-11-14 05:54:10.990: 48 avg_steps: 555.4
2024-11-14 05:54:10.990: 48 epsilon: 0.01
2024-11-14 05:54:10.990: 48 q: 0.46073306
2024-11-14 06:04:00.423: 49 test start:
2024-11-14 06:04:10.216: 49 avg_reward: 610.0
2024-11-14 06:04:10.216: 49 avg_steps: 491.85
2024-11-14 06:04:10.216: 49 epsilon: 0.01
2024-11-14 06:04:10.216: 49 q: 0.465744
2024-11-14 06:13:40.417: 50 test start:
2024-11-14 06:13:51.536: 50 avg_reward: 770.0
2024-11-14 06:13:51.537: 50 avg_steps: 534.1
2024-11-14 06:13:51.542: 50 epsilon: 0.01
2024-11-14 06:13:51.542: 50 q: 0.47244945
2024-11-14 06:23:34.117: 51 test start:
2024-11-14 06:23:44.405: 51 avg_reward: 690.0
2024-11-14 06:23:44.406: 51 avg_steps: 523.9
2024-11-14 06:23:44.406: 51 epsilon: 0.01
2024-11-14 06:23:44.406: 51 q: 0.50301015
2024-11-14 06:33:15.028: 52 test start:
2024-11-14 06:33:25.783: 52 avg_reward: 730.0
2024-11-14 06:33:25.784: 52 avg_steps: 528.1
2024-11-14 06:33:25.784: 52 epsilon: 0.01
2024-11-14 06:33:25.784: 52 q: 0.46907523
2024-11-14 06:43:05.293: 53 test start:
2024-11-14 06:43:15.472: 53 avg_reward: 700.0
2024-11-14 06:43:15.472: 53 avg_steps: 513.85
2024-11-14 06:43:15.472: 53 epsilon: 0.01
2024-11-14 06:43:15.473: 53 q: 0.48025173
2024-11-14 06:52:51.368: 54 test start:
2024-11-14 06:53:01.599: 54 avg_reward: 710.0
2024-11-14 06:53:01.599: 54 avg_steps: 505.95
2024-11-14 06:53:01.599: 54 epsilon: 0.01
2024-11-14 06:53:01.599: 54 q: 0.47270495
2024-11-14 07:02:40.128: 55 test start:
2024-11-14 07:02:50.930: 55 avg_reward: 880.0
2024-11-14 07:02:50.930: 55 avg_steps: 550.3
2024-11-14 07:02:50.930: 55 epsilon: 0.01
2024-11-14 07:02:50.930: 55 q: 0.4764726
2024-11-14 07:12:26.557: 56 test start:
2024-11-14 07:12:38.636: 56 avg_reward: 890.0
2024-11-14 07:12:38.636: 56 avg_steps: 568.65
2024-11-14 07:12:38.636: 56 epsilon: 0.01
2024-11-14 07:12:38.636: 56 q: 0.46233308
2024-11-14 07:22:16.219: 57 test start:
2024-11-14 07:22:27.317: 57 avg_reward: 810.0
2024-11-14 07:22:27.317: 57 avg_steps: 546.45
2024-11-14 07:22:27.317: 57 epsilon: 0.01
2024-11-14 07:22:27.317: 57 q: 0.47016326
2024-11-14 07:32:05.286: 58 test start:
2024-11-14 07:32:18.013: 58 avg_reward: 1040.0
2024-11-14 07:32:18.013: 58 avg_steps: 612.55
2024-11-14 07:32:18.013: 58 epsilon: 0.01
2024-11-14 07:32:18.013: 58 q: 0.46571553
2024-11-14 07:41:52.018: 59 test start:
2024-11-14 07:42:04.520: 59 avg_reward: 1060.0
2024-11-14 07:42:04.521: 59 avg_steps: 629.75
2024-11-14 07:42:04.526: 59 epsilon: 0.01
2024-11-14 07:42:04.526: 59 q: 0.48654106
2024-11-14 07:51:45.593: 60 test start:
2024-11-14 07:51:57.737: 60 avg_reward: 900.0
2024-11-14 07:51:57.737: 60 avg_steps: 583.65
2024-11-14 07:51:57.737: 60 epsilon: 0.01
2024-11-14 07:51:57.737: 60 q: 0.4811994
2024-11-14 08:01:31.389: 61 test start:
2024-11-14 08:01:44.286: 61 avg_reward: 1120.0
2024-11-14 08:01:44.286: 61 avg_steps: 646.8
2024-11-14 08:01:44.286: 61 epsilon: 0.01
2024-11-14 08:01:44.286: 61 q: 0.48198524
2024-11-14 08:11:27.581: 62 test start:
2024-11-14 08:11:41.014: 62 avg_reward: 1170.0
2024-11-14 08:11:41.014: 62 avg_steps: 645.5
2024-11-14 08:11:41.014: 62 epsilon: 0.01
2024-11-14 08:11:41.014: 62 q: 0.47351208
2024-11-14 08:21:12.333: 63 test start:
2024-11-14 08:21:24.436: 63 avg_reward: 990.0
2024-11-14 08:21:24.436: 63 avg_steps: 602.2
2024-11-14 08:21:24.436: 63 epsilon: 0.01
2024-11-14 08:21:24.436: 63 q: 0.47525328
2024-11-14 08:31:10.634: 64 test start:
2024-11-14 08:31:25.930: 64 avg_reward: 1340.0
2024-11-14 08:31:25.930: 64 avg_steps: 731.25
2024-11-14 08:31:25.930: 64 epsilon: 0.01
2024-11-14 08:31:25.930: 64 q: 0.4618518
2024-11-14 08:40:55.484: 65 test start:
2024-11-14 08:41:11.446: 65 avg_reward: 1570.0
2024-11-14 08:41:11.446: 65 avg_steps: 802.7
2024-11-14 08:41:11.446: 65 epsilon: 0.01
2024-11-14 08:41:11.446: 65 q: 0.45953712
2024-11-14 08:51:03.206: 66 test start:
2024-11-14 08:51:18.023: 66 avg_reward: 1260.0
2024-11-14 08:51:18.023: 66 avg_steps: 714.15
2024-11-14 08:51:18.023: 66 epsilon: 0.01
2024-11-14 08:51:18.023: 66 q: 0.45774207
2024-11-14 09:00:40.527: 67 test start:
2024-11-14 09:00:56.420: 67 avg_reward: 1650.0
2024-11-14 09:00:56.421: 67 avg_steps: 793.1
2024-11-14 09:00:56.421: 67 epsilon: 0.01
2024-11-14 09:00:56.421: 67 q: 0.4549126
2024-11-14 09:10:51.774: 68 test start:
2024-11-14 09:11:07.869: 68 avg_reward: 1510.0
2024-11-14 09:11:07.869: 68 avg_steps: 772.3
2024-11-14 09:11:07.869: 68 epsilon: 0.01
2024-11-14 09:11:07.869: 68 q: 0.4673402
2024-11-14 09:20:30.432: 69 test start:
2024-11-14 09:20:59.910: 69 avg_reward: 3690.0
2024-11-14 09:20:59.911: 69 avg_steps: 1478.85
2024-11-14 09:20:59.911: 69 epsilon: 0.01
2024-11-14 09:20:59.911: 69 q: 0.4588521
2024-11-14 09:31:03.231: 70 test start:
2024-11-14 09:31:24.705: 70 avg_reward: 2520.0
2024-11-14 09:31:24.705: 70 avg_steps: 1080.25
2024-11-14 09:31:24.705: 70 epsilon: 0.01
2024-11-14 09:31:24.705: 70 q: 0.46705312
2024-11-14 09:40:43.166: 71 test start:
2024-11-14 09:41:12.534: 71 avg_reward: 3520.0
2024-11-14 09:41:12.534: 71 avg_steps: 1436.25
2024-11-14 09:41:12.534: 71 epsilon: 0.01
2024-11-14 09:41:12.534: 71 q: 0.46906817
2024-11-14 09:51:06.965: 72 test start:
2024-11-14 09:51:43.122: 72 avg_reward: 4760.0
2024-11-14 09:51:43.122: 72 avg_steps: 1830.55
2024-11-14 09:51:43.122: 72 epsilon: 0.01
2024-11-14 09:51:43.122: 72 q: 0.46824342
2024-11-14 10:01:10.906: 73 test start:
2024-11-14 10:01:40.905: 73 avg_reward: 3490.0
2024-11-14 10:01:40.905: 73 avg_steps: 1437.9
2024-11-14 10:01:40.905: 73 epsilon: 0.01
2024-11-14 10:01:40.905: 73 q: 0.5054736
2024-11-14 10:11:32.177: 74 test start:
2024-11-14 10:12:03.957: 74 avg_reward: 4040.0
2024-11-14 10:12:03.957: 74 avg_steps: 1601.5
2024-11-14 10:12:03.957: 74 epsilon: 0.01
2024-11-14 10:12:03.957: 74 q: 0.48377436
2024-11-14 10:21:43.859: 75 test start:
2024-11-14 10:22:21.990: 75 avg_reward: 4760.0
2024-11-14 10:22:21.991: 75 avg_steps: 1829.65
2024-11-14 10:22:21.991: 75 epsilon: 0.01
2024-11-14 10:22:21.991: 75 q: 0.47764418
2024-11-14 10:32:06.896: 76 test start:
2024-11-14 10:32:23.193: 76 avg_reward: 1600.0
2024-11-14 10:32:23.193: 76 avg_steps: 811.6
2024-11-14 10:32:23.193: 76 epsilon: 0.01
2024-11-14 10:32:23.193: 76 q: 0.4874056
2024-11-14 10:42:03.893: 77 test start:
2024-11-14 10:42:32.404: 77 avg_reward: 3360.0
2024-11-14 10:42:32.404: 77 avg_steps: 1373.1
2024-11-14 10:42:32.404: 77 epsilon: 0.01
2024-11-14 10:42:32.404: 77 q: 0.48867628
2024-11-14 10:52:10.939: 78 test start:
2024-11-14 10:52:24.682: 78 avg_reward: 1290.0
2024-11-14 10:52:24.682: 78 avg_steps: 691.45
2024-11-14 10:52:24.682: 78 epsilon: 0.01
2024-11-14 10:52:24.683: 78 q: 0.4981675
2024-11-14 11:02:06.746: 79 test start:
2024-11-14 11:02:27.501: 79 avg_reward: 2150.0
2024-11-14 11:02:27.501: 79 avg_steps: 1001.65
2024-11-14 11:02:27.501: 79 epsilon: 0.01
2024-11-14 11:02:27.501: 79 q: 0.49219537
2024-11-14 11:12:05.615: 80 test start:
2024-11-14 11:12:32.622: 80 avg_reward: 3430.0
2024-11-14 11:12:32.623: 80 avg_steps: 1358.2
2024-11-14 11:12:32.623: 80 epsilon: 0.01
2024-11-14 11:12:32.623: 80 q: 0.49606177
2024-11-14 11:22:21.429: 81 test start:
2024-11-14 11:22:54.693: 81 avg_reward: 4330.0
2024-11-14 11:22:54.693: 81 avg_steps: 1597.05
2024-11-14 11:22:54.694: 81 epsilon: 0.01
2024-11-14 11:22:54.694: 81 q: 0.5125725
2024-11-14 11:32:18.771: 82 test start:
2024-11-14 11:32:57.840: 82 avg_reward: 5640.0
2024-11-14 11:32:57.840: 82 avg_steps: 1975.05
2024-11-14 11:32:57.840: 82 epsilon: 0.01
2024-11-14 11:32:57.840: 82 q: 0.5099612
2024-11-14 11:42:52.687: 83 test start:
2024-11-14 11:43:26.478: 83 avg_reward: 4440.0
2024-11-14 11:43:26.478: 83 avg_steps: 1630.4
2024-11-14 11:43:26.478: 83 epsilon: 0.01
2024-11-14 11:43:26.478: 83 q: 0.52459997
2024-11-14 11:52:48.846: 84 test start:
2024-11-14 11:53:13.550: 84 avg_reward: 3020.0
2024-11-14 11:53:13.550: 84 avg_steps: 1232.45
2024-11-14 11:53:13.550: 84 epsilon: 0.01
2024-11-14 11:53:13.550: 84 q: 0.51959383
2024-11-14 12:03:23.672: 85 test start:
2024-11-14 12:04:05.209: 85 avg_reward: 5990.0
2024-11-14 12:04:05.209: 85 avg_steps: 2096.35
2024-11-14 12:04:05.209: 85 epsilon: 0.01
2024-11-14 12:04:05.209: 85 q: 0.52064306
2024-11-14 12:13:26.602: 86 test start:
2024-11-14 12:14:03.194: 86 avg_reward: 4660.0
2024-11-14 12:14:03.195: 86 avg_steps: 1764.85
2024-11-14 12:14:03.195: 86 epsilon: 0.01
2024-11-14 12:14:03.195: 86 q: 0.54264784
2024-11-14 12:23:50.753: 87 test start:
2024-11-14 12:24:10.782: 87 avg_reward: 2400.0
2024-11-14 12:24:10.782: 87 avg_steps: 1029.3
2024-11-14 12:24:10.782: 87 epsilon: 0.01
2024-11-14 12:24:10.782: 87 q: 0.5456993
2024-11-14 12:33:43.555: 88 test start:
2024-11-14 12:34:17.039: 88 avg_reward: 4250.0
2024-11-14 12:34:17.039: 88 avg_steps: 1641.55
2024-11-14 12:34:17.039: 88 epsilon: 0.01
2024-11-14 12:34:17.039: 88 q: 0.5522137
2024-11-14 12:43:50.698: 89 test start:
2024-11-14 12:44:19.053: 89 avg_reward: 3980.0
2024-11-14 12:44:19.053: 89 avg_steps: 1428.2
2024-11-14 12:44:19.053: 89 epsilon: 0.01
2024-11-14 12:44:19.053: 89 q: 0.53448886
2024-11-14 12:53:53.178: 90 test start:
2024-11-14 12:54:28.018: 90 avg_reward: 4430.0
2024-11-14 12:54:28.018: 90 avg_steps: 1681.15
2024-11-14 12:54:28.018: 90 epsilon: 0.01
2024-11-14 12:54:28.018: 90 q: 0.56251174
2024-11-14 13:04:01.251: 91 test start:
2024-11-14 13:04:38.382: 91 avg_reward: 5580.0
2024-11-14 13:04:38.382: 91 avg_steps: 1920.4
2024-11-14 13:04:38.382: 91 epsilon: 0.01
2024-11-14 13:04:38.382: 91 q: 0.57367593
2024-11-14 13:14:26.628: 92 test start:
2024-11-14 13:15:03.330: 92 avg_reward: 5640.0
2024-11-14 13:15:03.330: 92 avg_steps: 1828.05
2024-11-14 13:15:03.331: 92 epsilon: 0.01
2024-11-14 13:15:03.331: 92 q: 0.5779358
2024-11-14 13:24:37.192: 93 test start:
2024-11-14 13:25:20.811: 93 avg_reward: 6600.0
2024-11-14 13:25:20.812: 93 avg_steps: 2204.3
2024-11-14 13:25:20.812: 93 epsilon: 0.01
2024-11-14 13:25:20.812: 93 q: 0.5659982
2024-11-14 13:34:50.327: 94 test start:
2024-11-14 13:35:23.301: 94 avg_reward: 4630.0
2024-11-14 13:35:23.301: 94 avg_steps: 1599.75
2024-11-14 13:35:23.301: 94 epsilon: 0.01
2024-11-14 13:35:23.301: 94 q: 0.5771396
2024-11-14 13:44:55.906: 95 test start:
2024-11-14 13:46:03.158: 95 avg_reward: 11230.0
2024-11-14 13:46:03.158: 95 avg_steps: 3466.6
2024-11-14 13:46:03.158: 95 epsilon: 0.01
2024-11-14 13:46:03.158: 95 q: 0.5624075
2024-11-14 13:55:59.985: 96 test start:
2024-11-14 13:56:55.754: 96 avg_reward: 8950.0
2024-11-14 13:56:55.755: 96 avg_steps: 2786.15
2024-11-14 13:56:55.755: 96 epsilon: 0.01
2024-11-14 13:56:55.755: 96 q: 0.59070444
2024-11-14 14:05:56.061: 97 test start:
2024-11-14 14:06:52.235: 97 avg_reward: 8410.0
2024-11-14 14:06:52.236: 97 avg_steps: 2683.0
2024-11-14 14:06:52.236: 97 epsilon: 0.01
2024-11-14 14:06:52.236: 97 q: 0.58532554
2024-11-14 14:16:45.005: 98 test start:
2024-11-14 14:17:12.130: 98 avg_reward: 3860.0
2024-11-14 14:17:12.131: 98 avg_steps: 1421.75
2024-11-14 14:17:12.131: 98 epsilon: 0.01
2024-11-14 14:17:12.131: 98 q: 0.6006162
2024-11-14 14:26:33.230: 99 test start:
2024-11-14 14:27:25.145: 99 avg_reward: 8260.0
2024-11-14 14:27:25.145: 99 avg_steps: 2504.6
2024-11-14 14:27:25.145: 99 epsilon: 0.01
2024-11-14 14:27:25.145: 99 q: 0.60127836
2024-11-14 14:36:55.268: 100 test start:
2024-11-14 14:37:34.426: 100 avg_reward: 6120.0
2024-11-14 14:37:34.426: 100 avg_steps: 1986.2
2024-11-14 14:37:34.426: 100 epsilon: 0.01
2024-11-14 14:37:34.426: 100 q: 0.6008558
2024-11-14 14:47:02.800: 101 test start:
2024-11-14 14:47:41.781: 101 avg_reward: 6120.0
2024-11-14 14:47:41.781: 101 avg_steps: 1949.15
2024-11-14 14:47:41.782: 101 epsilon: 0.01
2024-11-14 14:47:41.782: 101 q: 0.58853287
2024-11-14 14:57:07.990: 102 test start:
2024-11-14 14:57:45.265: 102 avg_reward: 6220.0
2024-11-14 14:57:45.265: 102 avg_steps: 1901.65
2024-11-14 14:57:45.265: 102 epsilon: 0.01
2024-11-14 14:57:45.265: 102 q: 0.59818685
2024-11-14 15:07:12.332: 103 test start:
2024-11-14 15:07:54.254: 103 avg_reward: 6800.0
2024-11-14 15:07:54.254: 103 avg_steps: 2093.2
2024-11-14 15:07:54.254: 103 epsilon: 0.01
2024-11-14 15:07:54.254: 103 q: 0.61081564
2024-11-14 15:17:35.036: 104 test start:
2024-11-14 15:18:22.838: 104 avg_reward: 8150.0
2024-11-14 15:18:22.839: 104 avg_steps: 2467.95
2024-11-14 15:18:22.839: 104 epsilon: 0.01
2024-11-14 15:18:22.839: 104 q: 0.6102748
2024-11-14 15:27:54.249: 105 test start:
2024-11-14 15:28:48.797: 105 avg_reward: 9030.0
2024-11-14 15:28:48.797: 105 avg_steps: 2638.55
2024-11-14 15:28:48.797: 105 epsilon: 0.01
2024-11-14 15:28:48.797: 105 q: 0.61553997
2024-11-14 15:38:06.332: 106 test start:
2024-11-14 15:39:04.802: 106 avg_reward: 10450.0
2024-11-14 15:39:04.803: 106 avg_steps: 2931.0
2024-11-14 15:39:04.803: 106 epsilon: 0.01
2024-11-14 15:39:04.803: 106 q: 0.6176173
2024-11-14 15:48:54.335: 107 test start:
2024-11-14 15:49:40.359: 107 avg_reward: 7975.0
2024-11-14 15:49:40.359: 107 avg_steps: 2318.55
2024-11-14 15:49:40.359: 107 epsilon: 0.01
2024-11-14 15:49:40.359: 107 q: 0.6324247
2024-11-14 15:58:54.857: 108 test start:
2024-11-14 16:00:00.698: 108 avg_reward: 11660.0
2024-11-14 16:00:00.699: 108 avg_steps: 3327.75
2024-11-14 16:00:00.699: 108 epsilon: 0.01
2024-11-14 16:00:00.699: 108 q: 0.5927497
2024-11-14 16:09:49.455: 109 test start:
2024-11-14 16:10:36.127: 109 avg_reward: 8290.0
2024-11-14 16:10:36.127: 109 avg_steps: 2436.95
2024-11-14 16:10:36.127: 109 epsilon: 0.01
2024-11-14 16:10:36.128: 109 q: 0.636563
2024-11-14 16:19:45.304: 110 test start:
2024-11-14 16:20:33.750: 110 avg_reward: 8110.0
2024-11-14 16:20:33.750: 110 avg_steps: 2378.25
2024-11-14 16:20:33.750: 110 epsilon: 0.01
2024-11-14 16:20:33.750: 110 q: 0.635369
2024-11-14 16:30:19.987: 111 test start:
2024-11-14 16:31:07.571: 111 avg_reward: 8520.0
2024-11-14 16:31:07.571: 111 avg_steps: 2461.65
2024-11-14 16:31:07.571: 111 epsilon: 0.01
2024-11-14 16:31:07.571: 111 q: 0.6657889
2024-11-14 16:40:26.357: 112 test start:
2024-11-14 16:41:17.930: 112 avg_reward: 8580.0
2024-11-14 16:41:17.930: 112 avg_steps: 2442.45
2024-11-14 16:41:17.930: 112 epsilon: 0.01
2024-11-14 16:41:17.930: 112 q: 0.65327764
2024-11-14 16:50:42.797: 113 test start:
2024-11-14 16:51:27.559: 113 avg_reward: 8010.0
2024-11-14 16:51:27.559: 113 avg_steps: 2387.45
2024-11-14 16:51:27.559: 113 epsilon: 0.01
2024-11-14 16:51:27.559: 113 q: 0.64539826
2024-11-14 17:01:09.930: 114 test start:
2024-11-14 17:02:10.181: 114 avg_reward: 10430.0
2024-11-14 17:02:10.181: 114 avg_steps: 2949.05
2024-11-14 17:02:10.181: 114 epsilon: 0.01
2024-11-14 17:02:10.181: 114 q: 0.65778303
2024-11-14 17:11:18.988: 115 test start:
2024-11-14 17:12:18.025: 115 avg_reward: 10740.0
2024-11-14 17:12:18.025: 115 avg_steps: 3036.35
2024-11-14 17:12:18.025: 115 epsilon: 0.01
2024-11-14 17:12:18.025: 115 q: 0.6420379
2024-11-14 17:22:11.045: 116 test start:
2024-11-14 17:23:10.864: 116 avg_reward: 11470.0
2024-11-14 17:23:10.864: 116 avg_steps: 3130.1
2024-11-14 17:23:10.864: 116 epsilon: 0.01
2024-11-14 17:23:10.864: 116 q: 0.65433943
2024-11-14 17:32:20.827: 117 test start:
2024-11-14 17:33:31.565: 117 avg_reward: 12560.0
2024-11-14 17:33:31.565: 117 avg_steps: 3425.0
2024-11-14 17:33:31.565: 117 epsilon: 0.01
2024-11-14 17:33:31.565: 117 q: 0.6445209
2024-11-14 17:43:14.328: 118 test start:
2024-11-14 17:44:07.642: 118 avg_reward: 9780.0
2024-11-14 17:44:07.642: 118 avg_steps: 2718.15
2024-11-14 17:44:07.642: 118 epsilon: 0.01
2024-11-14 17:44:07.642: 118 q: 0.64627504
2024-11-14 17:53:33.090: 119 test start:
2024-11-14 17:54:31.265: 119 avg_reward: 9930.0
2024-11-14 17:54:31.265: 119 avg_steps: 2816.7
2024-11-14 17:54:31.271: 119 epsilon: 0.01
2024-11-14 17:54:31.271: 119 q: 0.6528246
2024-11-14 18:03:53.856: 120 test start:
2024-11-14 18:04:45.106: 120 avg_reward: 9100.0
2024-11-14 18:04:45.106: 120 avg_steps: 2591.5
2024-11-14 18:04:45.107: 120 epsilon: 0.01
2024-11-14 18:04:45.107: 120 q: 0.63888013
2024-11-14 18:14:23.289: 121 test start:
2024-11-14 18:15:25.585: 121 avg_reward: 11110.0
2024-11-14 18:15:25.585: 121 avg_steps: 3078.45
2024-11-14 18:15:25.585: 121 epsilon: 0.01
2024-11-14 18:15:25.585: 121 q: 0.65783197
2024-11-14 18:24:44.509: 122 test start:
2024-11-14 18:25:50.923: 122 avg_reward: 12310.0
2024-11-14 18:25:50.924: 122 avg_steps: 3356.05
2024-11-14 18:25:50.924: 122 epsilon: 0.01
2024-11-14 18:25:50.924: 122 q: 0.6761344
2024-11-14 18:35:18.794: 123 test start:
2024-11-14 18:36:22.628: 123 avg_reward: 11600.0
2024-11-14 18:36:22.629: 123 avg_steps: 3177.6
2024-11-14 18:36:22.629: 123 epsilon: 0.01
2024-11-14 18:36:22.629: 123 q: 0.6978893
2024-11-14 18:45:56.752: 124 test start:
2024-11-14 18:47:01.845: 124 avg_reward: 11550.0
2024-11-14 18:47:01.845: 124 avg_steps: 3176.0
2024-11-14 18:47:01.845: 124 epsilon: 0.01
2024-11-14 18:47:01.845: 124 q: 0.6754529
2024-11-14 18:56:16.851: 125 test start:
2024-11-14 18:57:23.727: 125 avg_reward: 12260.0
2024-11-14 18:57:23.727: 125 avg_steps: 3358.2
2024-11-14 18:57:23.727: 125 epsilon: 0.01
2024-11-14 18:57:23.728: 125 q: 0.7117788
2024-11-14 19:07:04.389: 126 test start:
2024-11-14 19:08:16.025: 126 avg_reward: 13380.0
2024-11-14 19:08:16.025: 126 avg_steps: 3622.05
2024-11-14 19:08:16.025: 126 epsilon: 0.01
2024-11-14 19:08:16.025: 126 q: 0.7090055
2024-11-14 19:17:35.484: 127 test start:
2024-11-14 19:18:37.884: 127 avg_reward: 11470.0
2024-11-14 19:18:37.884: 127 avg_steps: 3153.0
2024-11-14 19:18:37.884: 127 epsilon: 0.01
2024-11-14 19:18:37.884: 127 q: 0.71081066
2024-11-14 19:28:14.013: 128 test start:
2024-11-14 19:29:19.739: 128 avg_reward: 12320.0
2024-11-14 19:29:19.740: 128 avg_steps: 3352.35
2024-11-14 19:29:19.740: 128 epsilon: 0.01
2024-11-14 19:29:19.740: 128 q: 0.7115933
2024-11-14 19:38:38.714: 129 test start:
2024-11-14 19:39:38.088: 129 avg_reward: 11020.0
2024-11-14 19:39:38.088: 129 avg_steps: 3039.15
2024-11-14 19:39:38.088: 129 epsilon: 0.01
2024-11-14 19:39:38.088: 129 q: 0.7206139
2024-11-14 19:49:07.551: 130 test start:
2024-11-14 19:50:13.898: 130 avg_reward: 12300.0
2024-11-14 19:50:13.898: 130 avg_steps: 3379.05
2024-11-14 19:50:13.898: 130 epsilon: 0.01
2024-11-14 19:50:13.898: 130 q: 0.7047642
2024-11-14 19:59:45.210: 131 test start:
2024-11-14 20:00:52.323: 131 avg_reward: 12240.0
2024-11-14 20:00:52.324: 131 avg_steps: 3342.65
2024-11-14 20:00:52.324: 131 epsilon: 0.01
2024-11-14 20:00:52.324: 131 q: 0.72369826
2024-11-14 20:10:13.541: 132 test start:
2024-11-14 20:11:18.930: 132 avg_reward: 12280.0
2024-11-14 20:11:18.930: 132 avg_steps: 3335.15
2024-11-14 20:11:18.930: 132 epsilon: 0.01
2024-11-14 20:11:18.930: 132 q: 0.72810984
2024-11-14 20:20:52.654: 133 test start:
2024-11-14 20:21:49.566: 133 avg_reward: 10405.0
2024-11-14 20:21:49.566: 133 avg_steps: 2854.85
2024-11-14 20:21:49.566: 133 epsilon: 0.01
2024-11-14 20:21:49.566: 133 q: 0.73316276
2024-11-14 20:31:08.154: 134 test start:
2024-11-14 20:32:23.702: 134 avg_reward: 14240.0
2024-11-14 20:32:23.702: 134 avg_steps: 3817.9
2024-11-14 20:32:23.702: 134 epsilon: 0.01
2024-11-14 20:32:23.702: 134 q: 0.741173
2024-11-14 20:41:58.670: 135 test start:
2024-11-14 20:43:07.819: 135 avg_reward: 12770.0
2024-11-14 20:43:07.819: 135 avg_steps: 3468.95
2024-11-14 20:43:07.819: 135 epsilon: 0.01
2024-11-14 20:43:07.819: 135 q: 0.74076575
2024-11-14 20:52:19.661: 136 test start:
2024-11-14 20:53:36.540: 136 avg_reward: 14720.0
2024-11-14 20:53:36.540: 136 avg_steps: 3926.0
2024-11-14 20:53:36.541: 136 epsilon: 0.01
2024-11-14 20:53:36.541: 136 q: 0.7487766
2024-11-14 21:02:56.384: 137 test start:
2024-11-14 21:04:07.809: 137 avg_reward: 13590.0
2024-11-14 21:04:07.809: 137 avg_steps: 3653.05
2024-11-14 21:04:07.810: 137 epsilon: 0.01
2024-11-14 21:04:07.810: 137 q: 0.76676846
2024-11-14 21:13:36.389: 138 test start:
2024-11-14 21:14:42.548: 138 avg_reward: 12080.0
2024-11-14 21:14:42.548: 138 avg_steps: 3268.7
2024-11-14 21:14:42.548: 138 epsilon: 0.01
2024-11-14 21:14:42.548: 138 q: 0.75929594
2024-11-14 21:23:57.995: 139 test start:
2024-11-14 21:25:11.335: 139 avg_reward: 13840.0
2024-11-14 21:25:11.335: 139 avg_steps: 3708.0
2024-11-14 21:25:11.336: 139 epsilon: 0.01
2024-11-14 21:25:11.336: 139 q: 0.76037
2024-11-14 21:35:01.224: 140 test start:
2024-11-14 21:35:55.171: 140 avg_reward: 10220.0
2024-11-14 21:35:55.171: 140 avg_steps: 2813.65
2024-11-14 21:35:55.171: 140 epsilon: 0.01
2024-11-14 21:35:55.171: 140 q: 0.76306343
2024-11-14 21:45:05.981: 141 test start:
2024-11-14 21:46:17.231: 141 avg_reward: 12800.0
2024-11-14 21:46:17.231: 141 avg_steps: 3441.4
2024-11-14 21:46:17.231: 141 epsilon: 0.01
2024-11-14 21:46:17.231: 141 q: 0.7531879
2024-11-14 21:55:52.716: 142 test start:
2024-11-14 21:56:57.315: 142 avg_reward: 12370.0
2024-11-14 21:56:57.315: 142 avg_steps: 3378.1
2024-11-14 21:56:57.315: 142 epsilon: 0.01
2024-11-14 21:56:57.315: 142 q: 0.7649308
2024-11-14 22:06:33.836: 143 test start:
2024-11-14 22:07:50.331: 143 avg_reward: 14105.0
2024-11-14 22:07:50.331: 143 avg_steps: 3770.4
2024-11-14 22:07:50.331: 143 epsilon: 0.01
2024-11-14 22:07:50.331: 143 q: 0.7742998
2024-11-14 22:16:53.290: 144 test start:
2024-11-14 22:18:07.071: 144 avg_reward: 14245.0
2024-11-14 22:18:07.072: 144 avg_steps: 3790.05
2024-11-14 22:18:07.072: 144 epsilon: 0.01
2024-11-14 22:18:07.072: 144 q: 0.784249
2024-11-14 22:28:08.309: 145 test start:
2024-11-14 22:29:21.075: 145 avg_reward: 13700.0
2024-11-14 22:29:21.076: 145 avg_steps: 3701.05
2024-11-14 22:29:21.076: 145 epsilon: 0.01
2024-11-14 22:29:21.076: 145 q: 0.78019005
2024-11-14 22:38:43.094: 146 test start:
2024-11-14 22:39:58.644: 146 avg_reward: 14530.0
2024-11-14 22:39:58.644: 146 avg_steps: 3872.95
2024-11-14 22:39:58.644: 146 epsilon: 0.01
2024-11-14 22:39:58.644: 146 q: 0.7723301
2024-11-14 22:49:28.088: 147 test start:
2024-11-14 22:50:44.322: 147 avg_reward: 14310.0
2024-11-14 22:50:44.322: 147 avg_steps: 3857.75
2024-11-14 22:50:44.322: 147 epsilon: 0.01
2024-11-14 22:50:44.322: 147 q: 0.8084008
2024-11-14 23:00:02.265: 148 test start:
2024-11-14 23:01:13.923: 148 avg_reward: 13600.0
2024-11-14 23:01:13.923: 148 avg_steps: 3650.2
2024-11-14 23:01:13.923: 148 epsilon: 0.01
2024-11-14 23:01:13.923: 148 q: 0.79080886
2024-11-14 23:10:47.724: 149 test start:
2024-11-14 23:11:52.001: 149 avg_reward: 11870.0
2024-11-14 23:11:52.001: 149 avg_steps: 3243.85
2024-11-14 23:11:52.001: 149 epsilon: 0.01
2024-11-14 23:11:52.001: 149 q: 0.81715554
2024-11-14 23:21:13.736: 150 test start:
2024-11-14 23:22:17.237: 150 avg_reward: 11200.0
2024-11-14 23:22:17.237: 150 avg_steps: 3084.8
2024-11-14 23:22:17.237: 150 epsilon: 0.01
2024-11-14 23:22:17.237: 150 q: 0.8200892
2024-11-14 23:31:38.527: 151 test start:
2024-11-14 23:32:46.465: 151 avg_reward: 13070.0
2024-11-14 23:32:46.465: 151 avg_steps: 3519.55
2024-11-14 23:32:46.465: 151 epsilon: 0.01
2024-11-14 23:32:46.465: 151 q: 0.8189269
2024-11-14 23:42:26.876: 152 test start:
2024-11-14 23:43:43.018: 152 avg_reward: 14290.0
2024-11-14 23:43:43.018: 152 avg_steps: 3822.95
2024-11-14 23:43:43.018: 152 epsilon: 0.01
2024-11-14 23:43:43.018: 152 q: 0.8172584
2024-11-14 23:52:48.918: 153 test start:
2024-11-14 23:53:58.949: 153 avg_reward: 13350.0
2024-11-14 23:53:58.949: 153 avg_steps: 3593.05
2024-11-14 23:53:58.949: 153 epsilon: 0.01
2024-11-14 23:53:58.949: 153 q: 0.8334397
2024-11-15 00:03:41.399: 154 test start:
2024-11-15 00:04:47.053: 154 avg_reward: 11890.0
2024-11-15 00:04:47.053: 154 avg_steps: 3245.45
2024-11-15 00:04:47.054: 154 epsilon: 0.01
2024-11-15 00:04:47.054: 154 q: 0.81480205
2024-11-15 00:14:00.495: 155 test start:
2024-11-15 00:15:13.657: 155 avg_reward: 13675.0
2024-11-15 00:15:13.657: 155 avg_steps: 3643.25
2024-11-15 00:15:13.657: 155 epsilon: 0.01
2024-11-15 00:15:13.658: 155 q: 0.84502953
2024-11-15 00:25:04.280: 156 test start:
2024-11-15 00:26:14.866: 156 avg_reward: 13180.0
2024-11-15 00:26:14.867: 156 avg_steps: 3571.2
2024-11-15 00:26:14.867: 156 epsilon: 0.01
2024-11-15 00:26:14.867: 156 q: 0.8364878
2024-11-15 00:35:36.908: 157 test start:
2024-11-15 00:36:57.522: 157 avg_reward: 14530.0
2024-11-15 00:36:57.522: 157 avg_steps: 3881.45
2024-11-15 00:36:57.527: 157 epsilon: 0.01
2024-11-15 00:36:57.528: 157 q: 0.86147547
2024-11-15 00:46:13.578: 158 test start:
2024-11-15 00:47:28.752: 158 avg_reward: 14410.0
2024-11-15 00:47:28.753: 158 avg_steps: 3892.5
2024-11-15 00:47:28.753: 158 epsilon: 0.01
2024-11-15 00:47:28.753: 158 q: 0.8533076
2024-11-15 00:57:00.973: 159 test start:
2024-11-15 00:58:19.280: 159 avg_reward: 14720.0
2024-11-15 00:58:19.280: 159 avg_steps: 3930.7
2024-11-15 00:58:19.280: 159 epsilon: 0.01
2024-11-15 00:58:19.280: 159 q: 0.87312925
2024-11-15 01:07:28.093: 160 test start:
2024-11-15 01:08:37.349: 160 avg_reward: 12960.0
2024-11-15 01:08:37.349: 160 avg_steps: 3514.55
2024-11-15 01:08:37.349: 160 epsilon: 0.01
2024-11-15 01:08:37.349: 160 q: 0.85565776
2024-11-15 01:18:19.482: 161 test start:
2024-11-15 01:19:33.344: 161 avg_reward: 13790.0
2024-11-15 01:19:33.344: 161 avg_steps: 3701.45
2024-11-15 01:19:33.344: 161 epsilon: 0.01
2024-11-15 01:19:33.344: 161 q: 0.8620222
2024-11-15 01:28:39.018: 162 test start:
2024-11-15 01:29:55.969: 162 avg_reward: 13990.0
2024-11-15 01:29:55.970: 162 avg_steps: 3782.15
2024-11-15 01:29:55.970: 162 epsilon: 0.01
2024-11-15 01:29:55.970: 162 q: 0.8802201
2024-11-15 01:39:28.534: 163 test start:
2024-11-15 01:40:37.605: 163 avg_reward: 13050.0
2024-11-15 01:40:37.605: 163 avg_steps: 3515.9
2024-11-15 01:40:37.605: 163 epsilon: 0.01
2024-11-15 01:40:37.605: 163 q: 0.8686188
2024-11-15 01:50:10.309: 164 test start:
2024-11-15 01:51:28.259: 164 avg_reward: 13330.0
2024-11-15 01:51:28.259: 164 avg_steps: 3754.95
2024-11-15 01:51:28.259: 164 epsilon: 0.01
2024-11-15 01:51:28.259: 164 q: 0.8740088
2024-11-15 02:00:29.295: 165 test start:
2024-11-15 02:01:42.174: 165 avg_reward: 13825.0
2024-11-15 02:01:42.174: 165 avg_steps: 3710.65
2024-11-15 02:01:42.174: 165 epsilon: 0.01
2024-11-15 02:01:42.174: 165 q: 0.84605885
2024-11-15 02:11:27.777: 166 test start:
2024-11-15 02:12:45.345: 166 avg_reward: 14600.0
2024-11-15 02:12:45.346: 166 avg_steps: 3889.85
2024-11-15 02:12:45.346: 166 epsilon: 0.01
2024-11-15 02:12:45.346: 166 q: 0.8614408
2024-11-15 02:21:50.441: 167 test start:
2024-11-15 02:23:07.220: 167 avg_reward: 14545.0
2024-11-15 02:23:07.220: 167 avg_steps: 3885.2
2024-11-15 02:23:07.220: 167 epsilon: 0.01
2024-11-15 02:23:07.220: 167 q: 0.8870493
2024-11-15 02:32:53.921: 168 test start:
2024-11-15 02:34:11.735: 168 avg_reward: 14610.0
2024-11-15 02:34:11.735: 168 avg_steps: 3895.2
2024-11-15 02:34:11.735: 168 epsilon: 0.01
2024-11-15 02:34:11.735: 168 q: 0.8975929
2024-11-15 02:43:20.455: 169 test start:
2024-11-15 02:44:37.756: 169 avg_reward: 13830.0
2024-11-15 02:44:37.757: 169 avg_steps: 3719.9
2024-11-15 02:44:37.757: 169 epsilon: 0.01
2024-11-15 02:44:37.757: 169 q: 0.88644856
2024-11-15 02:54:11.712: 170 test start:
2024-11-15 02:55:17.075: 170 avg_reward: 12275.0
2024-11-15 02:55:17.075: 170 avg_steps: 3331.3
2024-11-15 02:55:17.075: 170 epsilon: 0.01
2024-11-15 02:55:17.075: 170 q: 0.89494157
2024-11-15 03:04:48.637: 171 test start:
2024-11-15 03:06:02.682: 171 avg_reward: 13490.0
2024-11-15 03:06:02.682: 171 avg_steps: 3636.55
2024-11-15 03:06:02.682: 171 epsilon: 0.01
2024-11-15 03:06:02.682: 171 q: 0.8883593
2024-11-15 03:15:16.202: 172 test start:
2024-11-15 03:16:26.693: 172 avg_reward: 13470.0
2024-11-15 03:16:26.693: 172 avg_steps: 3611.6
2024-11-15 03:16:26.693: 172 epsilon: 0.01
2024-11-15 03:16:26.693: 172 q: 0.9028186
2024-11-15 03:26:07.288: 173 test start:
2024-11-15 03:27:17.501: 173 avg_reward: 13280.0
2024-11-15 03:27:17.501: 173 avg_steps: 3586.7
2024-11-15 03:27:17.501: 173 epsilon: 0.01
2024-11-15 03:27:17.501: 173 q: 0.8918238
2024-11-15 03:36:29.385: 174 test start:
2024-11-15 03:37:47.307: 174 avg_reward: 14670.0
2024-11-15 03:37:47.307: 174 avg_steps: 3914.65
2024-11-15 03:37:47.313: 174 epsilon: 0.01
2024-11-15 03:37:47.313: 174 q: 0.9037443
2024-11-15 03:47:14.140: 175 test start:
2024-11-15 03:48:26.265: 175 avg_reward: 13770.0
2024-11-15 03:48:26.265: 175 avg_steps: 3701.55
2024-11-15 03:48:26.265: 175 epsilon: 0.01
2024-11-15 03:48:26.265: 175 q: 0.90592074
2024-11-15 03:57:45.350: 176 test start:
2024-11-15 03:58:57.689: 176 avg_reward: 13155.0
2024-11-15 03:58:57.689: 176 avg_steps: 3547.25
2024-11-15 03:58:57.689: 176 epsilon: 0.01
2024-11-15 03:58:57.689: 176 q: 0.91172
2024-11-15 04:08:05.496: 177 test start:
2024-11-15 04:09:23.516: 177 avg_reward: 14670.0
2024-11-15 04:09:23.516: 177 avg_steps: 3919.9
2024-11-15 04:09:23.517: 177 epsilon: 0.01
2024-11-15 04:09:23.517: 177 q: 0.91488403
2024-11-15 04:18:51.339: 178 test start:
2024-11-15 04:19:57.614: 178 avg_reward: 12110.0
2024-11-15 04:19:57.614: 178 avg_steps: 3304.1
2024-11-15 04:19:57.614: 178 epsilon: 0.01
2024-11-15 04:19:57.614: 178 q: 0.9356063
2024-11-15 04:29:16.645: 179 test start:
2024-11-15 04:30:25.588: 179 avg_reward: 12765.0
2024-11-15 04:30:25.588: 179 avg_steps: 3457.2
2024-11-15 04:30:25.588: 179 epsilon: 0.01
2024-11-15 04:30:25.588: 179 q: 0.9319696
2024-11-15 04:39:53.646: 180 test start:
2024-11-15 04:40:55.159: 180 avg_reward: 11240.0
2024-11-15 04:40:55.159: 180 avg_steps: 3097.1
2024-11-15 04:40:55.159: 180 epsilon: 0.01
2024-11-15 04:40:55.159: 180 q: 0.9381614
2024-11-15 04:50:09.293: 181 test start:
2024-11-15 04:51:23.543: 181 avg_reward: 14075.0
2024-11-15 04:51:23.543: 181 avg_steps: 3760.45
2024-11-15 04:51:23.543: 181 epsilon: 0.01
2024-11-15 04:51:23.543: 181 q: 0.938359
2024-11-15 05:00:49.141: 182 test start:
2024-11-15 05:02:03.665: 182 avg_reward: 14260.0
2024-11-15 05:02:03.665: 182 avg_steps: 3817.75
2024-11-15 05:02:03.666: 182 epsilon: 0.01
2024-11-15 05:02:03.666: 182 q: 0.9250929
2024-11-15 05:11:25.622: 183 test start:
2024-11-15 05:12:46.165: 183 avg_reward: 14790.0
2024-11-15 05:12:46.165: 183 avg_steps: 3931.35
2024-11-15 05:12:46.165: 183 epsilon: 0.01
2024-11-15 05:12:46.165: 183 q: 0.95046496
2024-11-15 05:22:04.422: 184 test start:
2024-11-15 05:23:18.454: 184 avg_reward: 13970.0
2024-11-15 05:23:18.454: 184 avg_steps: 3746.8
2024-11-15 05:23:18.454: 184 epsilon: 0.01
2024-11-15 05:23:18.454: 184 q: 0.96892893
2024-11-15 05:32:32.097: 185 test start:
2024-11-15 05:33:38.467: 185 avg_reward: 12250.0
2024-11-15 05:33:38.467: 185 avg_steps: 3341.95
2024-11-15 05:33:38.467: 185 epsilon: 0.01
2024-11-15 05:33:38.467: 185 q: 0.9608659
2024-11-15 05:43:01.611: 186 test start:
2024-11-15 05:44:12.600: 186 avg_reward: 13240.0
2024-11-15 05:44:12.600: 186 avg_steps: 3575.15
2024-11-15 05:44:12.600: 186 epsilon: 0.01
2024-11-15 05:44:12.600: 186 q: 0.9761062
2024-11-15 05:53:37.029: 187 test start:
2024-11-15 05:54:51.577: 187 avg_reward: 13885.0
2024-11-15 05:54:51.578: 187 avg_steps: 3719.8
2024-11-15 05:54:51.578: 187 epsilon: 0.01
2024-11-15 05:54:51.578: 187 q: 0.97983265
2024-11-15 06:04:16.955: 188 test start:
2024-11-15 06:05:32.094: 188 avg_reward: 14280.0
2024-11-15 06:05:32.094: 188 avg_steps: 3822.8
2024-11-15 06:05:32.094: 188 epsilon: 0.01
2024-11-15 06:05:32.094: 188 q: 1.0009339
2024-11-15 06:14:54.722: 189 test start:
2024-11-15 06:16:13.704: 189 avg_reward: 14680.0
2024-11-15 06:16:13.705: 189 avg_steps: 3923.05
2024-11-15 06:16:13.705: 189 epsilon: 0.01
2024-11-15 06:16:13.705: 189 q: 0.9992051
2024-11-15 06:25:39.520: 190 test start:
2024-11-15 06:26:56.543: 190 avg_reward: 14465.0
2024-11-15 06:26:56.543: 190 avg_steps: 3857.3
2024-11-15 06:26:56.544: 190 epsilon: 0.01
2024-11-15 06:26:56.544: 190 q: 1.0054387
2024-11-15 06:36:25.414: 191 test start:
2024-11-15 06:37:39.289: 191 avg_reward: 13830.0
2024-11-15 06:37:39.289: 191 avg_steps: 3715.55
2024-11-15 06:37:39.289: 191 epsilon: 0.01
2024-11-15 06:37:39.289: 191 q: 1.0133499
2024-11-15 06:46:59.952: 192 test start:
2024-11-15 06:48:14.571: 192 avg_reward: 13960.0
2024-11-15 06:48:14.572: 192 avg_steps: 3739.25
2024-11-15 06:48:14.572: 192 epsilon: 0.01
2024-11-15 06:48:14.572: 192 q: 1.0023675
2024-11-15 06:57:39.910: 193 test start:
2024-11-15 06:58:55.873: 193 avg_reward: 14290.0
2024-11-15 06:58:55.874: 193 avg_steps: 3822.15
2024-11-15 06:58:55.874: 193 epsilon: 0.01
2024-11-15 06:58:55.874: 193 q: 1.0219783
2024-11-15 07:08:12.336: 194 test start:
2024-11-15 07:09:25.067: 194 avg_reward: 13575.0
2024-11-15 07:09:25.067: 194 avg_steps: 3644.6
2024-11-15 07:09:25.067: 194 epsilon: 0.01
2024-11-15 07:09:25.067: 194 q: 1.0168176
2024-11-15 07:18:51.938: 195 test start:
2024-11-15 07:19:59.366: 195 avg_reward: 13095.0
2024-11-15 07:19:59.366: 195 avg_steps: 3545.1
2024-11-15 07:19:59.366: 195 epsilon: 0.01
2024-11-15 07:19:59.366: 195 q: 1.0140412
2024-11-15 07:29:23.748: 196 test start:
2024-11-15 07:30:30.753: 196 avg_reward: 12365.0
2024-11-15 07:30:30.754: 196 avg_steps: 3372.75
2024-11-15 07:30:30.754: 196 epsilon: 0.01
2024-11-15 07:30:30.754: 196 q: 1.0367315
2024-11-15 07:39:54.435: 197 test start:
2024-11-15 07:41:02.221: 197 avg_reward: 12385.0
2024-11-15 07:41:02.221: 197 avg_steps: 3365.65
2024-11-15 07:41:02.221: 197 epsilon: 0.01
2024-11-15 07:41:02.222: 197 q: 1.0270944
2024-11-15 07:50:21.295: 198 test start:
2024-11-15 07:51:32.832: 198 avg_reward: 13380.0
2024-11-15 07:51:32.832: 198 avg_steps: 3586.5
2024-11-15 07:51:32.832: 198 epsilon: 0.01
2024-11-15 07:51:32.832: 198 q: 1.0211015
2024-11-15 08:00:55.019: 199 test start:
2024-11-15 08:02:11.693: 199 avg_reward: 14270.0
2024-11-15 08:02:11.693: 199 avg_steps: 3808.2
2024-11-15 08:02:11.693: 199 epsilon: 0.01
2024-11-15 08:02:11.693: 199 q: 1.0275254
2024-11-15 08:11:32.343: 200 test start:
2024-11-15 08:12:47.216: 200 avg_reward: 13955.0
2024-11-15 08:12:47.216: 200 avg_steps: 3732.7
2024-11-15 08:12:47.216: 200 epsilon: 0.01
2024-11-15 08:12:47.216: 200 q: 1.0073872
