2024-11-09 17:22:05.662: 
parameters:agent_test_episodes: 20
batch_num_per_epoch: 250000
device: cuda:0
env_name: ALE/Atlantis-v5
epsilon_for_test: 0.001
epsilon_max: 0.1
epsilon_min: 0.01
exp_name: ALE-Atlantis-v5_2024-11-09-17-22-05
exp_path: ../exps/double_dqn/
exploration_steps: 1000000
gamma: 0.99
held_out_states_num: 1000
learning_rate: 0.00025
log_path: ../exps/double_dqn/
mini_batch_size: 32
model_update_freq: 4
n_times: 5
no_op: 30
phi_channel: 4
replay_buffer_size: 1000000
replay_start_size: 50000
save_model: true
screen_size: 84
seed: 0
skip_k_frame: 4
step_c: 30000
training_steps: 50000000

2024-11-09 17:22:06.028: optimizer: RMSprop (
Parameter Group 0
    alpha: 0.95
    centered: False
    differentiable: False
    eps: 0.01
    foreach: None
    lr: 0.00025
    maximize: False
    momentum: 0
    weight_decay: 0
)
2024-11-09 17:22:06.059: optimizer: RMSprop (
Parameter Group 0
    alpha: 0.95
    centered: False
    differentiable: False
    eps: 0.01
    foreach: None
    lr: 0.00025
    maximize: False
    momentum: 0
    weight_decay: 0
)
2024-11-09 17:31:11.060: 1 test start:
2024-11-09 17:31:19.902: 1 avg_reward: 2835.0
2024-11-09 17:31:19.903: 1 avg_steps: 436.45
2024-11-09 17:31:19.903: 1 epsilon: 0.08192836
2024-11-09 17:31:19.903: 1 q: 0.038729858
2024-11-09 17:41:09.291: 2 test start:
2024-11-09 17:41:18.007: 2 avg_reward: 2070.0
2024-11-09 17:41:18.007: 2 avg_steps: 428.0
2024-11-09 17:41:18.007: 2 epsilon: 0.05944303
2024-11-09 17:41:18.007: 2 q: 0.07095765
2024-11-09 17:50:31.889: 3 test start:
2024-11-09 17:50:44.189: 3 avg_reward: 3550.0
2024-11-09 17:50:44.189: 3 avg_steps: 608.7
2024-11-09 17:50:44.189: 3 epsilon: 0.036964540000000004
2024-11-09 17:50:44.189: 3 q: 0.09989611
2024-11-09 18:00:34.092: 4 test start:
2024-11-09 18:00:51.751: 4 avg_reward: 7775.0
2024-11-09 18:00:51.751: 4 avg_steps: 918.35
2024-11-09 18:00:51.751: 4 epsilon: 0.01445922999999999
2024-11-09 18:00:51.751: 4 q: 0.13320254
2024-11-09 18:10:22.869: 5 test start:
2024-11-09 18:10:38.813: 5 avg_reward: 6935.0
2024-11-09 18:10:38.813: 5 avg_steps: 788.6
2024-11-09 18:10:38.813: 5 epsilon: 0.01
2024-11-09 18:10:38.813: 5 q: 0.18207745
2024-11-09 18:20:16.947: 6 test start:
2024-11-09 18:20:37.469: 6 avg_reward: 10755.0
2024-11-09 18:20:37.470: 6 avg_steps: 1039.85
2024-11-09 18:20:37.470: 6 epsilon: 0.01
2024-11-09 18:20:37.470: 6 q: 0.20686625
2024-11-09 18:30:18.485: 7 test start:
2024-11-09 18:30:42.161: 7 avg_reward: 13775.0
2024-11-09 18:30:42.161: 7 avg_steps: 1141.9
2024-11-09 18:30:42.161: 7 epsilon: 0.01
2024-11-09 18:30:42.161: 7 q: 0.20046224
2024-11-09 18:40:06.597: 8 test start:
2024-11-09 18:40:26.745: 8 avg_reward: 8980.0
2024-11-09 18:40:26.745: 8 avg_steps: 1024.2
2024-11-09 18:40:26.745: 8 epsilon: 0.01
2024-11-09 18:40:26.745: 8 q: 0.22104147
2024-11-09 18:50:11.929: 9 test start:
2024-11-09 18:50:28.029: 9 avg_reward: 6710.0
2024-11-09 18:50:28.029: 9 avg_steps: 786.35
2024-11-09 18:50:28.029: 9 epsilon: 0.01
2024-11-09 18:50:28.029: 9 q: 0.2450756
2024-11-09 18:59:53.714: 10 test start:
2024-11-09 19:00:35.451: 10 avg_reward: 31050.0
2024-11-09 19:00:35.451: 10 avg_steps: 2103.7
2024-11-09 19:00:35.451: 10 epsilon: 0.01
2024-11-09 19:00:35.451: 10 q: 0.27075085
2024-11-09 19:10:26.768: 11 test start:
2024-11-09 19:10:54.477: 11 avg_reward: 16145.0
2024-11-09 19:10:54.477: 11 avg_steps: 1341.6
2024-11-09 19:10:54.483: 11 epsilon: 0.01
2024-11-09 19:10:54.483: 11 q: 0.3020129
2024-11-09 19:20:12.924: 12 test start:
2024-11-09 19:20:39.949: 12 avg_reward: 15260.0
2024-11-09 19:20:39.949: 12 avg_steps: 1366.15
2024-11-09 19:20:39.950: 12 epsilon: 0.01
2024-11-09 19:20:39.950: 12 q: 0.31268114
2024-11-09 19:30:34.761: 13 test start:
2024-11-09 19:31:00.392: 13 avg_reward: 13725.0
2024-11-09 19:31:00.392: 13 avg_steps: 1289.0
2024-11-09 19:31:00.392: 13 epsilon: 0.01
2024-11-09 19:31:00.392: 13 q: 0.36251694
2024-11-09 19:40:18.734: 14 test start:
2024-11-09 19:40:32.916: 14 avg_reward: 3800.0
2024-11-09 19:40:32.916: 14 avg_steps: 683.25
2024-11-09 19:40:32.916: 14 epsilon: 0.01
2024-11-09 19:40:32.916: 14 q: 0.37173614
2024-11-09 19:50:24.023: 15 test start:
2024-11-09 19:50:40.668: 15 avg_reward: 8040.0
2024-11-09 19:50:40.668: 15 avg_steps: 833.95
2024-11-09 19:50:40.668: 15 epsilon: 0.01
2024-11-09 19:50:40.668: 15 q: 0.4074568
2024-11-09 20:00:03.667: 16 test start:
2024-11-09 20:00:29.456: 16 avg_reward: 14065.0
2024-11-09 20:00:29.456: 16 avg_steps: 1245.4
2024-11-09 20:00:29.457: 16 epsilon: 0.01
2024-11-09 20:00:29.457: 16 q: 0.47174358
2024-11-09 20:10:20.214: 17 test start:
2024-11-09 20:10:37.345: 17 avg_reward: 9255.0
2024-11-09 20:10:37.345: 17 avg_steps: 863.5
2024-11-09 20:10:37.345: 17 epsilon: 0.01
2024-11-09 20:10:37.345: 17 q: 0.5207765
2024-11-09 20:20:00.611: 18 test start:
2024-11-09 20:20:15.392: 18 avg_reward: 7175.0
2024-11-09 20:20:15.392: 18 avg_steps: 718.05
2024-11-09 20:20:15.392: 18 epsilon: 0.01
2024-11-09 20:20:15.392: 18 q: 0.5512667
2024-11-09 20:29:59.791: 19 test start:
2024-11-09 20:30:12.649: 19 avg_reward: 4875.0
2024-11-09 20:30:12.649: 19 avg_steps: 646.75
2024-11-09 20:30:12.649: 19 epsilon: 0.01
2024-11-09 20:30:12.649: 19 q: 0.6151522
2024-11-09 20:39:40.821: 20 test start:
2024-11-09 20:39:58.331: 20 avg_reward: 10505.0
2024-11-09 20:39:58.331: 20 avg_steps: 858.1
2024-11-09 20:39:58.337: 20 epsilon: 0.01
2024-11-09 20:39:58.337: 20 q: 0.64513624
2024-11-09 20:49:40.514: 21 test start:
2024-11-09 20:49:57.906: 21 avg_reward: 8325.0
2024-11-09 20:49:57.906: 21 avg_steps: 876.35
2024-11-09 20:49:57.906: 21 epsilon: 0.01
2024-11-09 20:49:57.906: 21 q: 0.68943995
2024-11-09 20:59:26.767: 22 test start:
2024-11-09 20:59:37.536: 22 avg_reward: 4145.0
2024-11-09 20:59:37.537: 22 avg_steps: 523.1
2024-11-09 20:59:37.537: 22 epsilon: 0.01
2024-11-09 20:59:37.537: 22 q: 0.71060956
2024-11-09 21:09:17.507: 23 test start:
2024-11-09 21:09:31.010: 23 avg_reward: 7310.0
2024-11-09 21:09:31.010: 23 avg_steps: 681.8
2024-11-09 21:09:31.010: 23 epsilon: 0.01
2024-11-09 21:09:31.010: 23 q: 0.72269726
2024-11-09 21:19:03.789: 24 test start:
2024-11-09 21:19:17.442: 24 avg_reward: 4715.0
2024-11-09 21:19:17.443: 24 avg_steps: 664.45
2024-11-09 21:19:17.443: 24 epsilon: 0.01
2024-11-09 21:19:17.443: 24 q: 0.7721489
2024-11-09 21:28:55.139: 25 test start:
2024-11-09 21:29:08.427: 25 avg_reward: 4070.0
2024-11-09 21:29:08.428: 25 avg_steps: 668.2
2024-11-09 21:29:08.428: 25 epsilon: 0.01
2024-11-09 21:29:08.428: 25 q: 0.7641766
2024-11-09 21:38:43.217: 26 test start:
2024-11-09 21:39:03.410: 26 avg_reward: 12585.0
2024-11-09 21:39:03.410: 26 avg_steps: 992.0
2024-11-09 21:39:03.410: 26 epsilon: 0.01
2024-11-09 21:39:03.410: 26 q: 0.7485603
2024-11-09 21:48:34.103: 27 test start:
2024-11-09 21:48:53.724: 27 avg_reward: 9480.0
2024-11-09 21:48:53.725: 27 avg_steps: 987.25
2024-11-09 21:48:53.725: 27 epsilon: 0.01
2024-11-09 21:48:53.725: 27 q: 0.7936476
2024-11-09 21:58:29.052: 28 test start:
2024-11-09 21:58:52.953: 28 avg_reward: 11755.0
2024-11-09 21:58:52.953: 28 avg_steps: 1159.15
2024-11-09 21:58:52.953: 28 epsilon: 0.01
2024-11-09 21:58:52.953: 28 q: 0.82166845
2024-11-09 22:08:23.222: 29 test start:
2024-11-09 22:08:38.937: 29 avg_reward: 6860.0
2024-11-09 22:08:38.937: 29 avg_steps: 793.85
2024-11-09 22:08:38.942: 29 epsilon: 0.01
2024-11-09 22:08:38.943: 29 q: 0.80558264
2024-11-09 22:18:14.138: 30 test start:
2024-11-09 22:18:30.189: 30 avg_reward: 6160.0
2024-11-09 22:18:30.189: 30 avg_steps: 777.55
2024-11-09 22:18:30.189: 30 epsilon: 0.01
2024-11-09 22:18:30.189: 30 q: 0.8541875
2024-11-09 22:27:58.278: 31 test start:
2024-11-09 22:28:18.317: 31 avg_reward: 8915.0
2024-11-09 22:28:18.318: 31 avg_steps: 1004.95
2024-11-09 22:28:18.323: 31 epsilon: 0.01
2024-11-09 22:28:18.323: 31 q: 0.8884105
2024-11-09 22:37:58.615: 32 test start:
2024-11-09 22:38:17.245: 32 avg_reward: 7715.0
2024-11-09 22:38:17.246: 32 avg_steps: 905.5
2024-11-09 22:38:17.246: 32 epsilon: 0.01
2024-11-09 22:38:17.246: 32 q: 0.8746791
2024-11-09 22:47:40.542: 33 test start:
2024-11-09 22:47:59.412: 33 avg_reward: 9615.0
2024-11-09 22:47:59.412: 33 avg_steps: 955.5
2024-11-09 22:47:59.412: 33 epsilon: 0.01
2024-11-09 22:47:59.412: 33 q: 0.8758255
2024-11-09 22:57:42.999: 34 test start:
2024-11-09 22:58:11.623: 34 avg_reward: 18140.0
2024-11-09 22:58:11.623: 34 avg_steps: 1396.45
2024-11-09 22:58:11.623: 34 epsilon: 0.01
2024-11-09 22:58:11.623: 34 q: 0.9123745
2024-11-09 23:07:33.306: 35 test start:
2024-11-09 23:07:57.879: 35 avg_reward: 15665.0
2024-11-09 23:07:57.880: 35 avg_steps: 1235.0
2024-11-09 23:07:57.880: 35 epsilon: 0.01
2024-11-09 23:07:57.880: 35 q: 0.94122165
2024-11-09 23:17:45.330: 36 test start:
2024-11-09 23:18:05.317: 36 avg_reward: 10105.0
2024-11-09 23:18:05.317: 36 avg_steps: 972.7
2024-11-09 23:18:05.317: 36 epsilon: 0.01
2024-11-09 23:18:05.317: 36 q: 0.9676964
2024-11-09 23:27:19.058: 37 test start:
2024-11-09 23:27:35.632: 37 avg_reward: 7695.0
2024-11-09 23:27:35.632: 37 avg_steps: 830.9
2024-11-09 23:27:35.632: 37 epsilon: 0.01
2024-11-09 23:27:35.632: 37 q: 0.9956926
2024-11-09 23:37:23.290: 38 test start:
2024-11-09 23:37:46.812: 38 avg_reward: 14290.0
2024-11-09 23:37:46.812: 38 avg_steps: 1179.3
2024-11-09 23:37:46.812: 38 epsilon: 0.01
2024-11-09 23:37:46.812: 38 q: 1.0378804
2024-11-09 23:46:59.815: 39 test start:
2024-11-09 23:47:19.848: 39 avg_reward: 11745.0
2024-11-09 23:47:19.848: 39 avg_steps: 1001.95
2024-11-09 23:47:19.848: 39 epsilon: 0.01
2024-11-09 23:47:19.848: 39 q: 1.0537343
2024-11-09 23:57:08.719: 40 test start:
2024-11-09 23:57:34.269: 40 avg_reward: 16215.0
2024-11-09 23:57:34.269: 40 avg_steps: 1337.9
2024-11-09 23:57:34.269: 40 epsilon: 0.01
2024-11-09 23:57:34.269: 40 q: 1.0888073
2024-11-10 00:06:50.570: 41 test start:
2024-11-10 00:07:20.109: 41 avg_reward: 17330.0
2024-11-10 00:07:20.109: 41 avg_steps: 1480.4
2024-11-10 00:07:20.109: 41 epsilon: 0.01
2024-11-10 00:07:20.110: 41 q: 1.1377621
2024-11-10 00:17:07.540: 42 test start:
2024-11-10 00:17:31.845: 42 avg_reward: 14515.0
2024-11-10 00:17:31.845: 42 avg_steps: 1273.8
2024-11-10 00:17:31.846: 42 epsilon: 0.01
2024-11-10 00:17:31.846: 42 q: 1.1443727
2024-11-10 00:26:50.337: 43 test start:
2024-11-10 00:27:10.374: 43 avg_reward: 10380.0
2024-11-10 00:27:10.374: 43 avg_steps: 993.05
2024-11-10 00:27:10.374: 43 epsilon: 0.01
2024-11-10 00:27:10.374: 43 q: 1.1484615
2024-11-10 00:36:53.444: 44 test start:
2024-11-10 00:37:17.101: 44 avg_reward: 18170.0
2024-11-10 00:37:17.101: 44 avg_steps: 1262.8
2024-11-10 00:37:17.101: 44 epsilon: 0.01
2024-11-10 00:37:17.101: 44 q: 1.1877464
2024-11-10 00:46:39.840: 45 test start:
2024-11-10 00:47:12.701: 45 avg_reward: 21585.0
2024-11-10 00:47:12.701: 45 avg_steps: 1661.75
2024-11-10 00:47:12.702: 45 epsilon: 0.01
2024-11-10 00:47:12.702: 45 q: 1.2030863
2024-11-10 00:56:49.201: 46 test start:
2024-11-10 00:57:23.790: 46 avg_reward: 27055.0
2024-11-10 00:57:23.790: 46 avg_steps: 1768.1
2024-11-10 00:57:23.790: 46 epsilon: 0.01
2024-11-10 00:57:23.790: 46 q: 1.2224121
2024-11-10 01:06:51.723: 47 test start:
2024-11-10 01:07:31.824: 47 avg_reward: 32010.0
2024-11-10 01:07:31.824: 47 avg_steps: 1978.35
2024-11-10 01:07:31.824: 47 epsilon: 0.01
2024-11-10 01:07:31.824: 47 q: 1.2557087
2024-11-10 01:17:02.577: 48 test start:
2024-11-10 01:17:37.219: 48 avg_reward: 24615.0
2024-11-10 01:17:37.219: 48 avg_steps: 1771.6
2024-11-10 01:17:37.219: 48 epsilon: 0.01
2024-11-10 01:17:37.219: 48 q: 1.2630711
2024-11-10 01:27:10.231: 49 test start:
2024-11-10 01:27:57.886: 49 avg_reward: 41005.0
2024-11-10 01:27:57.887: 49 avg_steps: 2381.95
2024-11-10 01:27:57.887: 49 epsilon: 0.01
2024-11-10 01:27:57.887: 49 q: 1.3481121
2024-11-10 01:37:25.457: 50 test start:
2024-11-10 01:38:00.029: 50 avg_reward: 27185.0
2024-11-10 01:38:00.029: 50 avg_steps: 1807.4
2024-11-10 01:38:00.029: 50 epsilon: 0.01
2024-11-10 01:38:00.029: 50 q: 1.3762647
2024-11-10 01:47:36.147: 51 test start:
2024-11-10 01:48:18.408: 51 avg_reward: 30935.0
2024-11-10 01:48:18.409: 51 avg_steps: 2108.85
2024-11-10 01:48:18.409: 51 epsilon: 0.01
2024-11-10 01:48:18.409: 51 q: 1.3942165
2024-11-10 01:57:42.828: 52 test start:
2024-11-10 01:58:15.123: 52 avg_reward: 19065.0
2024-11-10 01:58:15.123: 52 avg_steps: 1640.35
2024-11-10 01:58:15.123: 52 epsilon: 0.01
2024-11-10 01:58:15.123: 52 q: 1.4216936
2024-11-10 02:07:59.505: 53 test start:
2024-11-10 02:08:40.673: 53 avg_reward: 27250.0
2024-11-10 02:08:40.674: 53 avg_steps: 2019.8
2024-11-10 02:08:40.674: 53 epsilon: 0.01
2024-11-10 02:08:40.674: 53 q: 1.4395577
2024-11-10 02:17:53.068: 54 test start:
2024-11-10 02:18:28.010: 54 avg_reward: 24465.0
2024-11-10 02:18:28.010: 54 avg_steps: 1765.7
2024-11-10 02:18:28.010: 54 epsilon: 0.01
2024-11-10 02:18:28.010: 54 q: 1.479146
2024-11-10 02:28:13.432: 55 test start:
2024-11-10 02:28:37.792: 55 avg_reward: 12600.0
2024-11-10 02:28:37.793: 55 avg_steps: 1190.7
2024-11-10 02:28:37.793: 55 epsilon: 0.01
2024-11-10 02:28:37.793: 55 q: 1.4750351
2024-11-10 02:37:44.523: 56 test start:
2024-11-10 02:38:27.841: 56 avg_reward: 32815.0
2024-11-10 02:38:27.844: 56 avg_steps: 2124.65
2024-11-10 02:38:27.844: 56 epsilon: 0.01
2024-11-10 02:38:27.844: 56 q: 1.5099714
2024-11-10 02:48:12.428: 57 test start:
2024-11-10 02:49:13.784: 57 avg_reward: 59620.0
2024-11-10 02:49:13.784: 57 avg_steps: 3164.3
2024-11-10 02:49:13.784: 57 epsilon: 0.01
2024-11-10 02:49:13.784: 57 q: 1.5241166
2024-11-10 02:58:37.900: 58 test start:
2024-11-10 02:59:32.223: 58 avg_reward: 45220.0
2024-11-10 02:59:32.223: 58 avg_steps: 2705.5
2024-11-10 02:59:32.223: 58 epsilon: 0.01
2024-11-10 02:59:32.223: 58 q: 1.5943916
2024-11-10 03:09:07.476: 59 test start:
2024-11-10 03:10:10.542: 59 avg_reward: 67050.0
2024-11-10 03:10:10.543: 59 avg_steps: 3287.25
2024-11-10 03:10:10.543: 59 epsilon: 0.01
2024-11-10 03:10:10.543: 59 q: 1.5921829
2024-11-10 03:19:41.950: 60 test start:
2024-11-10 03:21:10.531: 60 avg_reward: 93870.0
2024-11-10 03:21:10.531: 60 avg_steps: 4428.3
2024-11-10 03:21:10.531: 60 epsilon: 0.01
2024-11-10 03:21:10.531: 60 q: 1.6240982
2024-11-10 03:30:34.707: 61 test start:
2024-11-10 03:31:41.979: 61 avg_reward: 73980.0
2024-11-10 03:31:41.980: 61 avg_steps: 3393.8
2024-11-10 03:31:41.980: 61 epsilon: 0.01
2024-11-10 03:31:41.980: 61 q: 1.6241697
2024-11-10 03:41:17.763: 62 test start:
2024-11-10 03:42:54.828: 62 avg_reward: 103925.0
2024-11-10 03:42:54.828: 62 avg_steps: 4762.5
2024-11-10 03:42:54.829: 62 epsilon: 0.01
2024-11-10 03:42:54.829: 62 q: 1.6613089
2024-11-10 03:52:07.134: 63 test start:
2024-11-10 03:53:42.412: 63 avg_reward: 117385.0
2024-11-10 03:53:42.412: 63 avg_steps: 4830.45
2024-11-10 03:53:42.412: 63 epsilon: 0.01
2024-11-10 03:53:42.412: 63 q: 1.6650581
2024-11-10 04:03:30.467: 64 test start:
2024-11-10 04:04:40.310: 64 avg_reward: 78745.0
2024-11-10 04:04:40.310: 64 avg_steps: 3556.85
2024-11-10 04:04:40.310: 64 epsilon: 0.01
2024-11-10 04:04:40.310: 64 q: 1.6838692
2024-11-10 04:14:00.433: 65 test start:
2024-11-10 04:16:08.297: 65 avg_reward: 160835.0
2024-11-10 04:16:08.298: 65 avg_steps: 6292.1
2024-11-10 04:16:08.298: 65 epsilon: 0.01
2024-11-10 04:16:08.298: 65 q: 1.7421288
2024-11-10 04:25:37.464: 66 test start:
2024-11-10 04:27:09.177: 66 avg_reward: 109990.0
2024-11-10 04:27:09.178: 66 avg_steps: 4657.25
2024-11-10 04:27:09.178: 66 epsilon: 0.01
2024-11-10 04:27:09.178: 66 q: 1.7677673
2024-11-10 04:37:01.000: 67 test start:
2024-11-10 04:41:14.473: 67 avg_reward: 358760.0
2024-11-10 04:41:14.474: 67 avg_steps: 12625.75
2024-11-10 04:41:14.474: 67 epsilon: 0.01
2024-11-10 04:41:14.474: 67 q: 1.7639862
2024-11-10 04:50:36.962: 68 test start:
2024-11-10 04:53:48.623: 68 avg_reward: 251800.0
2024-11-10 04:53:48.624: 68 avg_steps: 9572.85
2024-11-10 04:53:48.624: 68 epsilon: 0.01
2024-11-10 04:53:48.624: 68 q: 1.8250178
2024-11-10 05:02:54.890: 69 test start:
2024-11-10 05:06:12.528: 69 avg_reward: 266435.0
2024-11-10 05:06:12.529: 69 avg_steps: 10068.25
2024-11-10 05:06:12.529: 69 epsilon: 0.01
2024-11-10 05:06:12.529: 69 q: 1.8560535
2024-11-10 05:16:48.392: 70 test start:
2024-11-10 05:21:48.363: 70 avg_reward: 433035.0
2024-11-10 05:21:48.363: 70 avg_steps: 15298.35
2024-11-10 05:21:48.364: 70 epsilon: 0.01
2024-11-10 05:21:48.364: 70 q: 1.8994436
2024-11-10 05:31:24.610: 71 test start:
2024-11-10 05:39:05.998: 71 avg_reward: 726620.0
2024-11-10 05:39:05.998: 71 avg_steps: 22779.3
2024-11-10 05:39:05.998: 71 epsilon: 0.01
2024-11-10 05:39:05.998: 71 q: 1.9386553
2024-11-10 05:48:09.400: 72 test start:
2024-11-10 05:56:18.749: 72 avg_reward: 780970.0
2024-11-10 05:56:18.749: 72 avg_steps: 24095.35
2024-11-10 05:56:18.749: 72 epsilon: 0.01
2024-11-10 05:56:18.749: 72 q: 1.9617348
2024-11-10 06:05:36.713: 73 test start:
2024-11-10 06:13:10.879: 73 avg_reward: 711955.0
2024-11-10 06:13:10.880: 73 avg_steps: 22332.6
2024-11-10 06:13:10.880: 73 epsilon: 0.01
2024-11-10 06:13:10.880: 73 q: 2.0004847
2024-11-10 06:21:58.922: 74 test start:
2024-11-10 06:29:33.357: 74 avg_reward: 749615.0
2024-11-10 06:29:33.357: 74 avg_steps: 22300.35
2024-11-10 06:29:33.357: 74 epsilon: 0.01
2024-11-10 06:29:33.357: 74 q: 2.0390368
2024-11-10 06:39:33.314: 75 test start:
2024-11-10 06:48:19.576: 75 avg_reward: 846865.0
2024-11-10 06:48:19.577: 75 avg_steps: 26029.0
2024-11-10 06:48:19.577: 75 epsilon: 0.01
2024-11-10 06:48:19.577: 75 q: 2.0569198
2024-11-10 06:57:25.563: 76 test start:
2024-11-10 07:06:09.755: 76 avg_reward: 903430.0
2024-11-10 07:06:09.755: 76 avg_steps: 26065.35
2024-11-10 07:06:09.755: 76 epsilon: 0.01
2024-11-10 07:06:09.755: 76 q: 2.1086776
2024-11-10 07:15:46.621: 77 test start:
2024-11-10 07:24:49.643: 77 avg_reward: 951515.0
2024-11-10 07:24:49.643: 77 avg_steps: 26995.8
2024-11-10 07:24:49.643: 77 epsilon: 0.01
2024-11-10 07:24:49.643: 77 q: 2.130544
2024-11-10 07:34:04.084: 78 test start:
2024-11-10 07:43:05.839: 78 avg_reward: 934150.0
2024-11-10 07:43:05.839: 78 avg_steps: 26996.75
2024-11-10 07:43:05.839: 78 epsilon: 0.01
2024-11-10 07:43:05.839: 78 q: 2.1551664
2024-11-10 07:52:18.174: 79 test start:
2024-11-10 08:01:20.158: 79 avg_reward: 954195.0
2024-11-10 08:01:20.159: 79 avg_steps: 26996.3
2024-11-10 08:01:20.159: 79 epsilon: 0.01
2024-11-10 08:01:20.159: 79 q: 2.1846552
2024-11-10 08:11:31.463: 80 test start:
2024-11-10 08:20:36.356: 80 avg_reward: 973795.0
2024-11-10 08:20:36.357: 80 avg_steps: 26996.35
2024-11-10 08:20:36.357: 80 epsilon: 0.01
2024-11-10 08:20:36.357: 80 q: 2.1962311
2024-11-10 08:29:53.218: 81 test start:
2024-11-10 08:38:55.542: 81 avg_reward: 951900.0
2024-11-10 08:38:55.542: 81 avg_steps: 26997.15
2024-11-10 08:38:55.542: 81 epsilon: 0.01
2024-11-10 08:38:55.542: 81 q: 2.255602
2024-11-10 08:48:10.633: 82 test start:
2024-11-10 08:57:12.509: 82 avg_reward: 903350.0
2024-11-10 08:57:12.509: 82 avg_steps: 26995.95
2024-11-10 08:57:12.509: 82 epsilon: 0.01
2024-11-10 08:57:12.509: 82 q: 2.2927268
2024-11-10 09:06:23.803: 83 test start:
2024-11-10 09:15:24.494: 83 avg_reward: 921425.0
2024-11-10 09:15:24.494: 83 avg_steps: 26996.35
2024-11-10 09:15:24.494: 83 epsilon: 0.01
2024-11-10 09:15:24.494: 83 q: 2.3145087
2024-11-10 09:25:34.907: 84 test start:
2024-11-10 09:34:42.025: 84 avg_reward: 891795.0
2024-11-10 09:34:42.025: 84 avg_steps: 26996.7
2024-11-10 09:34:42.025: 84 epsilon: 0.01
2024-11-10 09:34:42.025: 84 q: 2.3494468
2024-11-10 09:43:52.178: 85 test start:
2024-11-10 09:52:54.773: 85 avg_reward: 906325.0
2024-11-10 09:52:54.773: 85 avg_steps: 26996.7
2024-11-10 09:52:54.773: 85 epsilon: 0.01
2024-11-10 09:52:54.773: 85 q: 2.409299
2024-11-10 10:02:03.367: 86 test start:
2024-11-10 10:11:05.661: 86 avg_reward: 934645.0
2024-11-10 10:11:05.661: 86 avg_steps: 26995.75
2024-11-10 10:11:05.661: 86 epsilon: 0.01
2024-11-10 10:11:05.661: 86 q: 2.4251375
2024-11-10 10:20:12.055: 87 test start:
2024-11-10 10:29:13.014: 87 avg_reward: 929325.0
2024-11-10 10:29:13.014: 87 avg_steps: 26995.95
2024-11-10 10:29:13.014: 87 epsilon: 0.01
2024-11-10 10:29:13.014: 87 q: 2.4599931
2024-11-10 10:39:25.196: 88 test start:
2024-11-10 10:48:25.635: 88 avg_reward: 915765.0
2024-11-10 10:48:25.635: 88 avg_steps: 26996.3
2024-11-10 10:48:25.635: 88 epsilon: 0.01
2024-11-10 10:48:25.635: 88 q: 2.4862258
2024-11-10 10:57:34.008: 89 test start:
2024-11-10 11:06:35.314: 89 avg_reward: 925825.0
2024-11-10 11:06:35.314: 89 avg_steps: 26996.35
2024-11-10 11:06:35.314: 89 epsilon: 0.01
2024-11-10 11:06:35.314: 89 q: 2.4797542
2024-11-10 11:15:46.272: 90 test start:
2024-11-10 11:24:46.722: 90 avg_reward: 933165.0
2024-11-10 11:24:46.723: 90 avg_steps: 26995.8
2024-11-10 11:24:46.723: 90 epsilon: 0.01
2024-11-10 11:24:46.723: 90 q: 2.490179
2024-11-10 11:34:02.845: 91 test start:
2024-11-10 11:43:03.657: 91 avg_reward: 934370.0
2024-11-10 11:43:03.657: 91 avg_steps: 26995.75
2024-11-10 11:43:03.657: 91 epsilon: 0.01
2024-11-10 11:43:03.657: 91 q: 2.49659
2024-11-10 11:53:16.063: 92 test start:
2024-11-10 12:02:19.556: 92 avg_reward: 917925.0
2024-11-10 12:02:19.557: 92 avg_steps: 26996.55
2024-11-10 12:02:19.557: 92 epsilon: 0.01
2024-11-10 12:02:19.557: 92 q: 2.520081
2024-11-10 12:11:29.476: 93 test start:
2024-11-10 12:20:33.399: 93 avg_reward: 901220.0
2024-11-10 12:20:33.399: 93 avg_steps: 26996.5
2024-11-10 12:20:33.399: 93 epsilon: 0.01
2024-11-10 12:20:33.399: 93 q: 2.5358188
2024-11-10 12:29:42.586: 94 test start:
2024-11-10 12:38:42.284: 94 avg_reward: 930960.0
2024-11-10 12:38:42.284: 94 avg_steps: 26996.15
2024-11-10 12:38:42.284: 94 epsilon: 0.01
2024-11-10 12:38:42.284: 94 q: 2.579307
2024-11-10 12:47:55.270: 95 test start:
2024-11-10 12:56:54.956: 95 avg_reward: 903695.0
2024-11-10 12:56:54.957: 95 avg_steps: 26995.4
2024-11-10 12:56:54.957: 95 epsilon: 0.01
2024-11-10 12:56:54.957: 95 q: 2.6237001
2024-11-10 13:07:05.726: 96 test start:
2024-11-10 13:16:05.947: 96 avg_reward: 918635.0
2024-11-10 13:16:05.947: 96 avg_steps: 26996.1
2024-11-10 13:16:05.947: 96 epsilon: 0.01
2024-11-10 13:16:05.947: 96 q: 2.680599
2024-11-10 13:25:14.061: 97 test start:
2024-11-10 13:34:13.385: 97 avg_reward: 915220.0
2024-11-10 13:34:13.385: 97 avg_steps: 26996.15
2024-11-10 13:34:13.385: 97 epsilon: 0.01
2024-11-10 13:34:13.385: 97 q: 2.688729
2024-11-10 13:43:25.159: 98 test start:
2024-11-10 13:52:20.898: 98 avg_reward: 907195.0
2024-11-10 13:52:20.898: 98 avg_steps: 26995.95
2024-11-10 13:52:20.898: 98 epsilon: 0.01
2024-11-10 13:52:20.898: 98 q: 2.6836054
2024-11-10 14:01:36.169: 99 test start:
2024-11-10 14:10:35.206: 99 avg_reward: 907605.0
2024-11-10 14:10:35.206: 99 avg_steps: 26996.7
2024-11-10 14:10:35.206: 99 epsilon: 0.01
2024-11-10 14:10:35.206: 99 q: 2.7296953
2024-11-10 14:20:46.868: 100 test start:
2024-11-10 14:29:47.531: 100 avg_reward: 912045.0
2024-11-10 14:29:47.531: 100 avg_steps: 26997.5
2024-11-10 14:29:47.531: 100 epsilon: 0.01
2024-11-10 14:29:47.531: 100 q: 2.7639236
2024-11-10 14:38:53.162: 101 test start:
2024-11-10 14:47:49.525: 101 avg_reward: 906510.0
2024-11-10 14:47:49.525: 101 avg_steps: 26995.0
2024-11-10 14:47:49.525: 101 epsilon: 0.01
2024-11-10 14:47:49.525: 101 q: 2.7883222
2024-11-10 14:57:00.098: 102 test start:
2024-11-10 15:05:56.067: 102 avg_reward: 910085.0
2024-11-10 15:05:56.067: 102 avg_steps: 26996.15
2024-11-10 15:05:56.067: 102 epsilon: 0.01
2024-11-10 15:05:56.067: 102 q: 2.809688
2024-11-10 15:15:04.218: 103 test start:
2024-11-10 15:24:01.320: 103 avg_reward: 900855.0
2024-11-10 15:24:01.321: 103 avg_steps: 26995.9
2024-11-10 15:24:01.321: 103 epsilon: 0.01
2024-11-10 15:24:01.321: 103 q: 2.8709922
2024-11-10 15:34:06.888: 104 test start:
2024-11-10 15:43:07.477: 104 avg_reward: 908870.0
2024-11-10 15:43:07.477: 104 avg_steps: 26996.75
2024-11-10 15:43:07.477: 104 epsilon: 0.01
2024-11-10 15:43:07.477: 104 q: 2.904884
2024-11-10 15:52:11.493: 105 test start:
2024-11-10 16:01:13.515: 105 avg_reward: 883025.0
2024-11-10 16:01:13.516: 105 avg_steps: 26996.45
2024-11-10 16:01:13.516: 105 epsilon: 0.01
2024-11-10 16:01:13.516: 105 q: 2.9037206
2024-11-10 16:10:20.579: 106 test start:
2024-11-10 16:19:21.160: 106 avg_reward: 879980.0
2024-11-10 16:19:21.160: 106 avg_steps: 26996.4
2024-11-10 16:19:21.160: 106 epsilon: 0.01
2024-11-10 16:19:21.160: 106 q: 2.9004042
2024-11-10 16:28:29.139: 107 test start:
2024-11-10 16:37:30.171: 107 avg_reward: 881345.0
2024-11-10 16:37:30.172: 107 avg_steps: 26995.6
2024-11-10 16:37:30.172: 107 epsilon: 0.01
2024-11-10 16:37:30.172: 107 q: 2.931284
2024-11-10 16:47:40.924: 108 test start:
2024-11-10 16:56:44.012: 108 avg_reward: 915290.0
2024-11-10 16:56:44.012: 108 avg_steps: 26995.9
2024-11-10 16:56:44.012: 108 epsilon: 0.01
2024-11-10 16:56:44.012: 108 q: 2.9818773
2024-11-10 17:05:54.139: 109 test start:
2024-11-10 17:14:55.290: 109 avg_reward: 873610.0
2024-11-10 17:14:55.290: 109 avg_steps: 26996.25
2024-11-10 17:14:55.291: 109 epsilon: 0.01
2024-11-10 17:14:55.291: 109 q: 2.9755156
2024-11-10 17:24:01.565: 110 test start:
2024-11-10 17:32:59.983: 110 avg_reward: 907385.0
2024-11-10 17:32:59.984: 110 avg_steps: 26996.8
2024-11-10 17:32:59.984: 110 epsilon: 0.01
2024-11-10 17:32:59.984: 110 q: 3.0008075
2024-11-10 17:43:06.647: 111 test start:
2024-11-10 17:52:10.018: 111 avg_reward: 871350.0
2024-11-10 17:52:10.018: 111 avg_steps: 26996.25
2024-11-10 17:52:10.018: 111 epsilon: 0.01
2024-11-10 17:52:10.018: 111 q: 3.0241685
2024-11-10 18:01:18.256: 112 test start:
2024-11-10 18:10:22.074: 112 avg_reward: 895810.0
2024-11-10 18:10:22.075: 112 avg_steps: 26995.7
2024-11-10 18:10:22.075: 112 epsilon: 0.01
2024-11-10 18:10:22.075: 112 q: 3.0479
2024-11-10 18:19:27.021: 113 test start:
2024-11-10 18:28:26.503: 113 avg_reward: 876075.0
2024-11-10 18:28:26.503: 113 avg_steps: 26995.9
2024-11-10 18:28:26.503: 113 epsilon: 0.01
2024-11-10 18:28:26.503: 113 q: 3.0825844
2024-11-10 18:37:33.659: 114 test start:
2024-11-10 18:46:33.329: 114 avg_reward: 890365.0
2024-11-10 18:46:33.330: 114 avg_steps: 26996.2
2024-11-10 18:46:33.330: 114 epsilon: 0.01
2024-11-10 18:46:33.330: 114 q: 3.0992162
2024-11-10 18:56:42.629: 115 test start:
2024-11-10 19:05:42.508: 115 avg_reward: 874300.0
2024-11-10 19:05:42.508: 115 avg_steps: 26995.95
2024-11-10 19:05:42.509: 115 epsilon: 0.01
2024-11-10 19:05:42.509: 115 q: 3.1246607
2024-11-10 19:14:47.638: 116 test start:
2024-11-10 19:23:49.584: 116 avg_reward: 910305.0
2024-11-10 19:23:49.584: 116 avg_steps: 26995.55
2024-11-10 19:23:49.584: 116 epsilon: 0.01
2024-11-10 19:23:49.584: 116 q: 3.1433904
2024-11-10 19:32:55.172: 117 test start:
2024-11-10 19:41:58.362: 117 avg_reward: 878815.0
2024-11-10 19:41:58.362: 117 avg_steps: 26996.3
2024-11-10 19:41:58.362: 117 epsilon: 0.01
2024-11-10 19:41:58.362: 117 q: 3.109831
2024-11-10 19:51:05.982: 118 test start:
2024-11-10 20:00:04.473: 118 avg_reward: 911830.0
2024-11-10 20:00:04.473: 118 avg_steps: 26996.5
2024-11-10 20:00:04.473: 118 epsilon: 0.01
2024-11-10 20:00:04.473: 118 q: 3.1682668
2024-11-10 20:10:04.881: 119 test start:
2024-11-10 20:19:04.697: 119 avg_reward: 899095.0
2024-11-10 20:19:04.697: 119 avg_steps: 26996.65
2024-11-10 20:19:04.697: 119 epsilon: 0.01
2024-11-10 20:19:04.697: 119 q: 3.1729789
2024-11-10 20:28:02.139: 120 test start:
2024-11-10 20:37:08.119: 120 avg_reward: 885330.0
2024-11-10 20:37:08.119: 120 avg_steps: 26995.55
2024-11-10 20:37:08.119: 120 epsilon: 0.01
2024-11-10 20:37:08.119: 120 q: 3.1430297
2024-11-10 20:46:12.889: 121 test start:
2024-11-10 20:55:13.010: 121 avg_reward: 880415.0
2024-11-10 20:55:13.011: 121 avg_steps: 26996.45
2024-11-10 20:55:13.011: 121 epsilon: 0.01
2024-11-10 20:55:13.011: 121 q: 3.1629293
2024-11-10 21:04:13.929: 122 test start:
2024-11-10 21:13:12.572: 122 avg_reward: 894545.0
2024-11-10 21:13:12.572: 122 avg_steps: 26995.9
2024-11-10 21:13:12.572: 122 epsilon: 0.01
2024-11-10 21:13:12.572: 122 q: 3.1576211
2024-11-10 21:23:16.189: 123 test start:
2024-11-10 21:32:18.400: 123 avg_reward: 876680.0
2024-11-10 21:32:18.401: 123 avg_steps: 26996.3
2024-11-10 21:32:18.401: 123 epsilon: 0.01
2024-11-10 21:32:18.401: 123 q: 3.2431684
2024-11-10 21:41:23.097: 124 test start:
2024-11-10 21:50:23.175: 124 avg_reward: 874905.0
2024-11-10 21:50:23.176: 124 avg_steps: 26996.25
2024-11-10 21:50:23.176: 124 epsilon: 0.01
2024-11-10 21:50:23.176: 124 q: 3.2139053
2024-11-10 21:59:25.643: 125 test start:
2024-11-10 22:08:29.294: 125 avg_reward: 893535.0
2024-11-10 22:08:29.294: 125 avg_steps: 26996.6
2024-11-10 22:08:29.295: 125 epsilon: 0.01
2024-11-10 22:08:29.295: 125 q: 3.2294304
2024-11-10 22:17:33.623: 126 test start:
2024-11-10 22:26:32.224: 126 avg_reward: 883900.0
2024-11-10 22:26:32.224: 126 avg_steps: 26996.85
2024-11-10 22:26:32.224: 126 epsilon: 0.01
2024-11-10 22:26:32.225: 126 q: 3.254015
2024-11-10 22:36:42.021: 127 test start:
2024-11-10 22:45:42.229: 127 avg_reward: 868625.0
2024-11-10 22:45:42.229: 127 avg_steps: 26995.55
2024-11-10 22:45:42.229: 127 epsilon: 0.01
2024-11-10 22:45:42.229: 127 q: 3.297062
2024-11-10 22:54:44.231: 128 test start:
2024-11-10 23:03:44.390: 128 avg_reward: 866325.0
2024-11-10 23:03:44.390: 128 avg_steps: 26996.25
2024-11-10 23:03:44.390: 128 epsilon: 0.01
2024-11-10 23:03:44.390: 128 q: 3.2639396
2024-11-10 23:12:48.097: 129 test start:
2024-11-10 23:21:51.163: 129 avg_reward: 863635.0
2024-11-10 23:21:51.163: 129 avg_steps: 26995.4
2024-11-10 23:21:51.163: 129 epsilon: 0.01
2024-11-10 23:21:51.163: 129 q: 3.309014
2024-11-10 23:30:57.971: 130 test start:
2024-11-10 23:39:57.923: 130 avg_reward: 875465.0
2024-11-10 23:39:57.923: 130 avg_steps: 26995.8
2024-11-10 23:39:57.923: 130 epsilon: 0.01
2024-11-10 23:39:57.923: 130 q: 3.3124187
2024-11-10 23:50:00.407: 131 test start:
2024-11-10 23:59:05.423: 131 avg_reward: 864870.0
2024-11-10 23:59:05.423: 131 avg_steps: 26997.4
2024-11-10 23:59:05.423: 131 epsilon: 0.01
2024-11-10 23:59:05.423: 131 q: 3.3381493
2024-11-11 00:08:07.048: 132 test start:
2024-11-11 00:17:10.174: 132 avg_reward: 898960.0
2024-11-11 00:17:10.174: 132 avg_steps: 26996.1
2024-11-11 00:17:10.175: 132 epsilon: 0.01
2024-11-11 00:17:10.175: 132 q: 3.3526328
2024-11-11 00:26:16.458: 133 test start:
2024-11-11 00:35:16.516: 133 avg_reward: 849115.0
2024-11-11 00:35:16.516: 133 avg_steps: 26996.0
2024-11-11 00:35:16.516: 133 epsilon: 0.01
2024-11-11 00:35:16.516: 133 q: 3.350799
2024-11-11 00:45:21.934: 134 test start:
2024-11-11 00:54:22.879: 134 avg_reward: 852995.0
2024-11-11 00:54:22.879: 134 avg_steps: 26995.7
2024-11-11 00:54:22.879: 134 epsilon: 0.01
2024-11-11 00:54:22.879: 134 q: 3.3779054
2024-11-11 01:03:24.561: 135 test start:
2024-11-11 01:12:24.649: 135 avg_reward: 873750.0
2024-11-11 01:12:24.650: 135 avg_steps: 26996.7
2024-11-11 01:12:24.650: 135 epsilon: 0.01
2024-11-11 01:12:24.650: 135 q: 3.385633
2024-11-11 01:21:18.004: 136 test start:
2024-11-11 01:30:17.981: 136 avg_reward: 849695.0
2024-11-11 01:30:17.981: 136 avg_steps: 26996.05
2024-11-11 01:30:17.981: 136 epsilon: 0.01
2024-11-11 01:30:17.981: 136 q: 3.3914702
2024-11-11 01:39:19.349: 137 test start:
2024-11-11 01:48:18.314: 137 avg_reward: 889305.0
2024-11-11 01:48:18.314: 137 avg_steps: 26996.4
2024-11-11 01:48:18.314: 137 epsilon: 0.01
2024-11-11 01:48:18.314: 137 q: 3.4208105
2024-11-11 01:58:18.727: 138 test start:
2024-11-11 02:07:11.925: 138 avg_reward: 894405.0
2024-11-11 02:07:11.925: 138 avg_steps: 26997.1
2024-11-11 02:07:11.925: 138 epsilon: 0.01
2024-11-11 02:07:11.925: 138 q: 3.4522967
2024-11-11 02:16:09.428: 139 test start:
2024-11-11 02:25:11.404: 139 avg_reward: 875455.0
2024-11-11 02:25:11.404: 139 avg_steps: 26996.55
2024-11-11 02:25:11.404: 139 epsilon: 0.01
2024-11-11 02:25:11.404: 139 q: 3.472735
2024-11-11 02:34:16.718: 140 test start:
2024-11-11 02:43:23.361: 140 avg_reward: 864580.0
2024-11-11 02:43:23.361: 140 avg_steps: 26996.85
2024-11-11 02:43:23.361: 140 epsilon: 0.01
2024-11-11 02:43:23.361: 140 q: 3.4407783
2024-11-11 02:52:30.711: 141 test start:
2024-11-11 03:01:43.641: 141 avg_reward: 871110.0
2024-11-11 03:01:43.642: 141 avg_steps: 26995.25
2024-11-11 03:01:43.642: 141 epsilon: 0.01
2024-11-11 03:01:43.642: 141 q: 3.4992392
2024-11-11 03:11:49.860: 142 test start:
2024-11-11 03:20:57.719: 142 avg_reward: 886110.0
2024-11-11 03:20:57.720: 142 avg_steps: 26995.5
2024-11-11 03:20:57.720: 142 epsilon: 0.01
2024-11-11 03:20:57.720: 142 q: 3.468616
2024-11-11 03:30:04.788: 143 test start:
2024-11-11 03:39:11.323: 143 avg_reward: 878070.0
2024-11-11 03:39:11.323: 143 avg_steps: 26995.45
2024-11-11 03:39:11.323: 143 epsilon: 0.01
2024-11-11 03:39:11.323: 143 q: 3.4651654
2024-11-11 03:48:18.340: 144 test start:
2024-11-11 03:57:27.716: 144 avg_reward: 885280.0
2024-11-11 03:57:27.716: 144 avg_steps: 26996.85
2024-11-11 03:57:27.716: 144 epsilon: 0.01
2024-11-11 03:57:27.716: 144 q: 3.4686732
2024-11-11 04:06:33.862: 145 test start:
2024-11-11 04:15:39.536: 145 avg_reward: 869680.0
2024-11-11 04:15:39.536: 145 avg_steps: 26995.4
2024-11-11 04:15:39.536: 145 epsilon: 0.01
2024-11-11 04:15:39.536: 145 q: 3.4726515
2024-11-11 04:25:47.883: 146 test start:
2024-11-11 04:34:56.312: 146 avg_reward: 844800.0
2024-11-11 04:34:56.312: 146 avg_steps: 26996.3
2024-11-11 04:34:56.312: 146 epsilon: 0.01
2024-11-11 04:34:56.312: 146 q: 3.5136132
2024-11-11 04:44:00.936: 147 test start:
2024-11-11 04:53:06.106: 147 avg_reward: 903415.0
2024-11-11 04:53:06.106: 147 avg_steps: 26996.75
2024-11-11 04:53:06.106: 147 epsilon: 0.01
2024-11-11 04:53:06.106: 147 q: 3.5425773
2024-11-11 05:02:10.769: 148 test start:
2024-11-11 05:11:15.223: 148 avg_reward: 871835.0
2024-11-11 05:11:15.223: 148 avg_steps: 26995.05
2024-11-11 05:11:15.223: 148 epsilon: 0.01
2024-11-11 05:11:15.223: 148 q: 3.5426812
2024-11-11 05:20:22.962: 149 test start:
2024-11-11 05:29:28.090: 149 avg_reward: 861450.0
2024-11-11 05:29:28.091: 149 avg_steps: 26995.9
2024-11-11 05:29:28.091: 149 epsilon: 0.01
2024-11-11 05:29:28.091: 149 q: 3.5298245
2024-11-11 05:39:38.480: 150 test start:
2024-11-11 05:48:44.617: 150 avg_reward: 860660.0
2024-11-11 05:48:44.617: 150 avg_steps: 26996.15
2024-11-11 05:48:44.617: 150 epsilon: 0.01
2024-11-11 05:48:44.617: 150 q: 3.5785093
2024-11-11 05:57:50.883: 151 test start:
2024-11-11 06:06:53.541: 151 avg_reward: 864765.0
2024-11-11 06:06:53.541: 151 avg_steps: 26996.1
2024-11-11 06:06:53.541: 151 epsilon: 0.01
2024-11-11 06:06:53.541: 151 q: 3.518661
2024-11-11 06:16:00.919: 152 test start:
2024-11-11 06:25:09.327: 152 avg_reward: 827940.0
2024-11-11 06:25:09.327: 152 avg_steps: 26996.5
2024-11-11 06:25:09.327: 152 epsilon: 0.01
2024-11-11 06:25:09.327: 152 q: 3.4699237
2024-11-11 06:34:20.328: 153 test start:
2024-11-11 06:43:24.153: 153 avg_reward: 841325.0
2024-11-11 06:43:24.153: 153 avg_steps: 26996.05
2024-11-11 06:43:24.153: 153 epsilon: 0.01
2024-11-11 06:43:24.153: 153 q: 3.4614983
2024-11-11 06:53:34.524: 154 test start:
2024-11-11 07:02:40.248: 154 avg_reward: 867635.0
2024-11-11 07:02:40.248: 154 avg_steps: 26996.55
2024-11-11 07:02:40.248: 154 epsilon: 0.01
2024-11-11 07:02:40.248: 154 q: 3.5084229
2024-11-11 07:11:46.198: 155 test start:
2024-11-11 07:20:51.375: 155 avg_reward: 873760.0
2024-11-11 07:20:51.375: 155 avg_steps: 26996.0
2024-11-11 07:20:51.375: 155 epsilon: 0.01
2024-11-11 07:20:51.375: 155 q: 3.5284321
2024-11-11 07:29:57.691: 156 test start:
2024-11-11 07:39:04.729: 156 avg_reward: 851305.0
2024-11-11 07:39:04.729: 156 avg_steps: 26996.75
2024-11-11 07:39:04.729: 156 epsilon: 0.01
2024-11-11 07:39:04.729: 156 q: 3.5579138
2024-11-11 07:49:12.573: 157 test start:
2024-11-11 07:58:18.153: 157 avg_reward: 870900.0
2024-11-11 07:58:18.153: 157 avg_steps: 26996.2
2024-11-11 07:58:18.153: 157 epsilon: 0.01
2024-11-11 07:58:18.153: 157 q: 3.555154
2024-11-11 08:07:23.526: 158 test start:
2024-11-11 08:16:29.859: 158 avg_reward: 888440.0
2024-11-11 08:16:29.859: 158 avg_steps: 26997.45
2024-11-11 08:16:29.859: 158 epsilon: 0.01
2024-11-11 08:16:29.859: 158 q: 3.5663714
2024-11-11 08:25:35.004: 159 test start:
2024-11-11 08:34:38.895: 159 avg_reward: 871490.0
2024-11-11 08:34:38.896: 159 avg_steps: 26996.7
2024-11-11 08:34:38.896: 159 epsilon: 0.01
2024-11-11 08:34:38.896: 159 q: 3.590626
2024-11-11 08:43:47.645: 160 test start:
2024-11-11 08:52:56.465: 160 avg_reward: 866070.0
2024-11-11 08:52:56.466: 160 avg_steps: 26996.55
2024-11-11 08:52:56.466: 160 epsilon: 0.01
2024-11-11 08:52:56.466: 160 q: 3.576918
2024-11-11 09:03:03.457: 161 test start:
2024-11-11 09:12:09.914: 161 avg_reward: 887275.0
2024-11-11 09:12:09.914: 161 avg_steps: 26995.75
2024-11-11 09:12:09.914: 161 epsilon: 0.01
2024-11-11 09:12:09.914: 161 q: 3.580547
2024-11-11 09:21:17.173: 162 test start:
2024-11-11 09:30:22.322: 162 avg_reward: 854515.0
2024-11-11 09:30:22.322: 162 avg_steps: 26996.55
2024-11-11 09:30:22.322: 162 epsilon: 0.01
2024-11-11 09:30:22.323: 162 q: 3.6096299
2024-11-11 09:39:26.692: 163 test start:
2024-11-11 09:48:32.962: 163 avg_reward: 871210.0
2024-11-11 09:48:32.962: 163 avg_steps: 26996.3
2024-11-11 09:48:32.962: 163 epsilon: 0.01
2024-11-11 09:48:32.962: 163 q: 3.6455982
2024-11-11 09:57:40.641: 164 test start:
2024-11-11 10:06:49.376: 164 avg_reward: 851705.0
2024-11-11 10:06:49.376: 164 avg_steps: 26996.45
2024-11-11 10:06:49.376: 164 epsilon: 0.01
2024-11-11 10:06:49.376: 164 q: 3.6755238
2024-11-11 10:16:58.631: 165 test start:
2024-11-11 10:26:04.074: 165 avg_reward: 846405.0
2024-11-11 10:26:04.074: 165 avg_steps: 26996.05
2024-11-11 10:26:04.074: 165 epsilon: 0.01
2024-11-11 10:26:04.074: 165 q: 3.6476438
2024-11-11 10:35:09.531: 166 test start:
2024-11-11 10:44:18.327: 166 avg_reward: 851465.0
2024-11-11 10:44:18.327: 166 avg_steps: 26996.8
2024-11-11 10:44:18.327: 166 epsilon: 0.01
2024-11-11 10:44:18.327: 166 q: 3.6760707
2024-11-11 10:53:22.628: 167 test start:
2024-11-11 11:02:32.287: 167 avg_reward: 864240.0
2024-11-11 11:02:32.287: 167 avg_steps: 26996.45
2024-11-11 11:02:32.287: 167 epsilon: 0.01
2024-11-11 11:02:32.323: 167 q: 3.6630664
2024-11-11 11:11:40.170: 168 test start:
2024-11-11 11:20:54.188: 168 avg_reward: 887555.0
2024-11-11 11:20:54.189: 168 avg_steps: 26996.85
2024-11-11 11:20:54.189: 168 epsilon: 0.01
2024-11-11 11:20:54.189: 168 q: 3.6615436
2024-11-11 11:31:00.839: 169 test start:
2024-11-11 11:40:14.291: 169 avg_reward: 862165.0
2024-11-11 11:40:14.297: 169 avg_steps: 26995.75
2024-11-11 11:40:14.297: 169 epsilon: 0.01
2024-11-11 11:40:14.297: 169 q: 3.6901588
2024-11-11 11:49:20.959: 170 test start:
2024-11-11 11:58:31.353: 170 avg_reward: 869980.0
2024-11-11 11:58:31.353: 170 avg_steps: 26996.05
2024-11-11 11:58:31.353: 170 epsilon: 0.01
2024-11-11 11:58:31.353: 170 q: 3.7075667
2024-11-11 12:07:37.048: 171 test start:
2024-11-11 12:16:47.834: 171 avg_reward: 871800.0
2024-11-11 12:16:47.834: 171 avg_steps: 26996.2
2024-11-11 12:16:47.834: 171 epsilon: 0.01
2024-11-11 12:16:47.834: 171 q: 3.6948981
2024-11-11 12:25:54.317: 172 test start:
2024-11-11 12:35:00.309: 172 avg_reward: 907980.0
2024-11-11 12:35:00.310: 172 avg_steps: 26997.25
2024-11-11 12:35:00.310: 172 epsilon: 0.01
2024-11-11 12:35:00.310: 172 q: 3.6514785
2024-11-11 12:45:06.391: 173 test start:
2024-11-11 12:54:13.837: 173 avg_reward: 882555.0
2024-11-11 12:54:13.837: 173 avg_steps: 26996.35
2024-11-11 12:54:13.837: 173 epsilon: 0.01
2024-11-11 12:54:13.838: 173 q: 3.6857338
2024-11-11 13:03:17.554: 174 test start:
2024-11-11 13:12:27.884: 174 avg_reward: 951260.0
2024-11-11 13:12:27.885: 174 avg_steps: 26996.4
2024-11-11 13:12:27.885: 174 epsilon: 0.01
2024-11-11 13:12:27.885: 174 q: 3.6973028
2024-11-11 13:21:31.756: 175 test start:
2024-11-11 13:30:43.000: 175 avg_reward: 887960.0
2024-11-11 13:30:43.000: 175 avg_steps: 26995.7
2024-11-11 13:30:43.000: 175 epsilon: 0.01
2024-11-11 13:30:43.000: 175 q: 3.6911955
2024-11-11 13:39:47.220: 176 test start:
2024-11-11 13:48:55.052: 176 avg_reward: 886940.0
2024-11-11 13:48:55.052: 176 avg_steps: 26996.5
2024-11-11 13:48:55.052: 176 epsilon: 0.01
2024-11-11 13:48:55.052: 176 q: 3.6974375
2024-11-11 13:59:02.700: 177 test start:
2024-11-11 14:08:10.147: 177 avg_reward: 902305.0
2024-11-11 14:08:10.147: 177 avg_steps: 26996.6
2024-11-11 14:08:10.147: 177 epsilon: 0.01
2024-11-11 14:08:10.147: 177 q: 3.6652768
2024-11-11 14:17:14.866: 178 test start:
2024-11-11 14:26:24.439: 178 avg_reward: 887595.0
2024-11-11 14:26:24.439: 178 avg_steps: 26995.65
2024-11-11 14:26:24.439: 178 epsilon: 0.01
2024-11-11 14:26:24.439: 178 q: 3.743251
2024-11-11 14:35:28.982: 179 test start:
2024-11-11 14:44:34.174: 179 avg_reward: 897185.0
2024-11-11 14:44:34.174: 179 avg_steps: 26995.95
2024-11-11 14:44:34.174: 179 epsilon: 0.01
2024-11-11 14:44:34.174: 179 q: 3.7488437
2024-11-11 14:54:43.515: 180 test start:
2024-11-11 15:03:51.315: 180 avg_reward: 910210.0
2024-11-11 15:03:51.315: 180 avg_steps: 26996.2
2024-11-11 15:03:51.315: 180 epsilon: 0.01
2024-11-11 15:03:51.315: 180 q: 3.7808719
2024-11-11 15:12:53.990: 181 test start:
2024-11-11 15:22:01.755: 181 avg_reward: 892085.0
2024-11-11 15:22:01.755: 181 avg_steps: 26997.1
2024-11-11 15:22:01.755: 181 epsilon: 0.01
2024-11-11 15:22:01.755: 181 q: 3.7949882
2024-11-11 15:31:06.600: 182 test start:
2024-11-11 15:40:16.700: 182 avg_reward: 891370.0
2024-11-11 15:40:16.700: 182 avg_steps: 26996.8
2024-11-11 15:40:16.700: 182 epsilon: 0.01
2024-11-11 15:40:16.700: 182 q: 3.7920778
2024-11-11 15:49:20.554: 183 test start:
2024-11-11 15:58:26.334: 183 avg_reward: 932390.0
2024-11-11 15:58:26.334: 183 avg_steps: 26996.0
2024-11-11 15:58:26.334: 183 epsilon: 0.01
2024-11-11 15:58:26.334: 183 q: 3.8071744
2024-11-11 16:07:29.079: 184 test start:
2024-11-11 16:16:34.282: 184 avg_reward: 890930.0
2024-11-11 16:16:34.283: 184 avg_steps: 26996.15
2024-11-11 16:16:34.283: 184 epsilon: 0.01
2024-11-11 16:16:34.283: 184 q: 3.832664
2024-11-11 16:26:35.437: 185 test start:
2024-11-11 16:31:48.154: 185 avg_reward: 500305.0
2024-11-11 16:31:48.155: 185 avg_steps: 15454.45
2024-11-11 16:31:48.155: 185 epsilon: 0.01
2024-11-11 16:31:48.155: 185 q: 3.814662
2024-11-11 16:41:10.490: 186 test start:
2024-11-11 16:50:09.388: 186 avg_reward: 876665.0
2024-11-11 16:50:09.388: 186 avg_steps: 26996.4
2024-11-11 16:50:09.388: 186 epsilon: 0.01
2024-11-11 16:50:09.388: 186 q: 3.8092074
2024-11-11 16:59:28.432: 187 test start:
2024-11-11 17:08:28.127: 187 avg_reward: 875510.0
2024-11-11 17:08:28.127: 187 avg_steps: 26995.6
2024-11-11 17:08:28.128: 187 epsilon: 0.01
2024-11-11 17:08:28.128: 187 q: 3.8336852
2024-11-11 17:17:47.828: 188 test start:
2024-11-11 17:26:41.257: 188 avg_reward: 860650.0
2024-11-11 17:26:41.257: 188 avg_steps: 26995.65
2024-11-11 17:26:41.258: 188 epsilon: 0.01
2024-11-11 17:26:41.258: 188 q: 3.8509994
2024-11-11 17:37:04.467: 189 test start:
2024-11-11 17:46:01.422: 189 avg_reward: 925175.0
2024-11-11 17:46:01.422: 189 avg_steps: 26996.15
2024-11-11 17:46:01.422: 189 epsilon: 0.01
2024-11-11 17:46:01.422: 189 q: 3.8504744
2024-11-11 17:55:33.188: 190 test start:
2024-11-11 18:04:31.491: 190 avg_reward: 891795.0
2024-11-11 18:04:31.492: 190 avg_steps: 26996.0
2024-11-11 18:04:31.492: 190 epsilon: 0.01
2024-11-11 18:04:31.492: 190 q: 3.8476274
2024-11-11 18:13:54.705: 191 test start:
2024-11-11 18:22:50.588: 191 avg_reward: 877210.0
2024-11-11 18:22:50.589: 191 avg_steps: 26996.45
2024-11-11 18:22:50.589: 191 epsilon: 0.01
2024-11-11 18:22:50.589: 191 q: 3.86679
2024-11-11 18:33:14.920: 192 test start:
2024-11-11 18:42:13.632: 192 avg_reward: 845060.0
2024-11-11 18:42:13.632: 192 avg_steps: 26996.25
2024-11-11 18:42:13.632: 192 epsilon: 0.01
2024-11-11 18:42:13.632: 192 q: 3.8639562
2024-11-11 18:51:33.766: 193 test start:
2024-11-11 19:00:05.455: 193 avg_reward: 838210.0
2024-11-11 19:00:05.455: 193 avg_steps: 25750.6
2024-11-11 19:00:05.455: 193 epsilon: 0.01
2024-11-11 19:00:05.455: 193 q: 3.870804
2024-11-11 19:09:23.631: 194 test start:
2024-11-11 19:18:20.397: 194 avg_reward: 884105.0
2024-11-11 19:18:20.397: 194 avg_steps: 26996.15
2024-11-11 19:18:20.397: 194 epsilon: 0.01
2024-11-11 19:18:20.397: 194 q: 3.8502467
2024-11-11 19:27:41.154: 195 test start:
2024-11-11 19:36:36.569: 195 avg_reward: 894900.0
2024-11-11 19:36:36.569: 195 avg_steps: 26995.85
2024-11-11 19:36:36.569: 195 epsilon: 0.01
2024-11-11 19:36:36.569: 195 q: 3.8535879
2024-11-11 19:47:02.615: 196 test start:
2024-11-11 19:55:58.658: 196 avg_reward: 882525.0
2024-11-11 19:55:58.658: 196 avg_steps: 26996.45
2024-11-11 19:55:58.658: 196 epsilon: 0.01
2024-11-11 19:55:58.658: 196 q: 3.9018705
2024-11-11 20:05:16.312: 197 test start:
2024-11-11 20:14:14.683: 197 avg_reward: 903560.0
2024-11-11 20:14:14.683: 197 avg_steps: 26996.25
2024-11-11 20:14:14.683: 197 epsilon: 0.01
2024-11-11 20:14:14.683: 197 q: 3.9172435
2024-11-11 20:23:33.845: 198 test start:
2024-11-11 20:32:28.646: 198 avg_reward: 874260.0
2024-11-11 20:32:28.646: 198 avg_steps: 26996.1
2024-11-11 20:32:28.646: 198 epsilon: 0.01
2024-11-11 20:32:28.646: 198 q: 3.8904512
2024-11-11 20:41:48.327: 199 test start:
2024-11-11 20:50:41.994: 199 avg_reward: 871960.0
2024-11-11 20:50:41.994: 199 avg_steps: 26996.4
2024-11-11 20:50:41.994: 199 epsilon: 0.01
2024-11-11 20:50:41.994: 199 q: 3.8960366
2024-11-11 21:01:03.652: 200 test start:
2024-11-11 21:10:00.106: 200 avg_reward: 876910.0
2024-11-11 21:10:00.107: 200 avg_steps: 26996.9
2024-11-11 21:10:00.107: 200 epsilon: 0.01
2024-11-11 21:10:00.107: 200 q: 3.9270558
