2024-11-09 17:22:04.656: 
parameters:agent_test_episodes: 20
batch_num_per_epoch: 250000
device: cuda:0
env_name: ALE/Kangaroo-v5
epsilon_for_test: 0.001
epsilon_max: 0.1
epsilon_min: 0.01
exp_name: ALE-Kangaroo-v5_2024-11-09-17-22-04
exp_path: ../exps/double_dqn/
exploration_steps: 1000000
gamma: 0.99
held_out_states_num: 1000
learning_rate: 0.00025
log_path: ../exps/double_dqn/
mini_batch_size: 32
model_update_freq: 4
n_times: 5
no_op: 30
phi_channel: 4
replay_buffer_size: 1000000
replay_start_size: 50000
save_model: true
screen_size: 84
seed: 0
skip_k_frame: 4
step_c: 30000
training_steps: 50000000

2024-11-09 17:22:05.039: optimizer: RMSprop (
Parameter Group 0
    alpha: 0.95
    centered: False
    differentiable: False
    eps: 0.01
    foreach: None
    lr: 0.00025
    maximize: False
    momentum: 0
    weight_decay: 0
)
2024-11-09 17:22:05.081: optimizer: RMSprop (
Parameter Group 0
    alpha: 0.95
    centered: False
    differentiable: False
    eps: 0.01
    foreach: None
    lr: 0.00025
    maximize: False
    momentum: 0
    weight_decay: 0
)
2024-11-09 17:31:15.646: 1 test start:
2024-11-09 17:31:24.588: 1 avg_reward: 210.0
2024-11-09 17:31:24.588: 1 avg_steps: 447.4
2024-11-09 17:31:24.588: 1 epsilon: 0.08195365
2024-11-09 17:31:24.588: 1 q: 0.01925038
2024-11-09 17:41:18.202: 2 test start:
2024-11-09 17:41:27.807: 2 avg_reward: 260.0
2024-11-09 17:41:27.807: 2 avg_steps: 462.7
2024-11-09 17:41:27.807: 2 epsilon: 0.0594649
2024-11-09 17:41:27.808: 2 q: 0.024623252
2024-11-09 17:50:46.549: 3 test start:
2024-11-09 17:50:52.609: 3 avg_reward: 20.0
2024-11-09 17:50:52.610: 3 avg_steps: 296.55
2024-11-09 17:50:52.610: 3 epsilon: 0.03698272
2024-11-09 17:50:52.610: 3 q: 0.03341719
2024-11-09 18:00:43.947: 4 test start:
2024-11-09 18:00:50.885: 4 avg_reward: 70.0
2024-11-09 18:00:50.886: 4 avg_steps: 365.55
2024-11-09 18:00:50.886: 4 epsilon: 0.014468229999999999
2024-11-09 18:00:50.886: 4 q: 0.043550014
2024-11-09 18:10:25.725: 5 test start:
2024-11-09 18:10:35.184: 5 avg_reward: 310.0
2024-11-09 18:10:35.184: 5 avg_steps: 478.15
2024-11-09 18:10:35.184: 5 epsilon: 0.01
2024-11-09 18:10:35.184: 5 q: 0.06607324
2024-11-09 18:20:14.871: 6 test start:
2024-11-09 18:20:22.140: 6 avg_reward: 0.0
2024-11-09 18:20:22.140: 6 avg_steps: 373.4
2024-11-09 18:20:22.140: 6 epsilon: 0.01
2024-11-09 18:20:22.140: 6 q: 0.054906614
2024-11-09 18:30:06.335: 7 test start:
2024-11-09 18:30:16.147: 7 avg_reward: 210.0
2024-11-09 18:30:16.148: 7 avg_steps: 474.35
2024-11-09 18:30:16.148: 7 epsilon: 0.01
2024-11-09 18:30:16.148: 7 q: 0.06649722
2024-11-09 18:39:48.151: 8 test start:
2024-11-09 18:39:57.418: 8 avg_reward: 180.0
2024-11-09 18:39:57.418: 8 avg_steps: 459.45
2024-11-09 18:39:57.418: 8 epsilon: 0.01
2024-11-09 18:39:57.418: 8 q: 0.060727585
2024-11-09 18:49:45.453: 9 test start:
2024-11-09 18:49:52.790: 9 avg_reward: 0.0
2024-11-09 18:49:52.790: 9 avg_steps: 347.85
2024-11-09 18:49:52.796: 9 epsilon: 0.01
2024-11-09 18:49:52.796: 9 q: 0.057725333
2024-11-09 18:59:22.584: 10 test start:
2024-11-09 18:59:28.163: 10 avg_reward: 0.0
2024-11-09 18:59:28.163: 10 avg_steps: 275.2
2024-11-09 18:59:28.163: 10 epsilon: 0.01
2024-11-09 18:59:28.163: 10 q: 0.060942985
2024-11-09 19:09:17.046: 11 test start:
2024-11-09 19:09:28.666: 11 avg_reward: 140.0
2024-11-09 19:09:28.667: 11 avg_steps: 554.25
2024-11-09 19:09:28.667: 11 epsilon: 0.01
2024-11-09 19:09:28.667: 11 q: 0.06296809
2024-11-09 19:18:57.431: 12 test start:
2024-11-09 19:19:04.034: 12 avg_reward: 70.0
2024-11-09 19:19:04.035: 12 avg_steps: 330.75
2024-11-09 19:19:04.040: 12 epsilon: 0.01
2024-11-09 19:19:04.040: 12 q: 0.06757902
2024-11-09 19:28:56.136: 13 test start:
2024-11-09 19:29:05.504: 13 avg_reward: 300.0
2024-11-09 19:29:05.504: 13 avg_steps: 449.4
2024-11-09 19:29:05.504: 13 epsilon: 0.01
2024-11-09 19:29:05.504: 13 q: 0.08610737
2024-11-09 19:38:31.041: 14 test start:
2024-11-09 19:38:42.160: 14 avg_reward: 290.0
2024-11-09 19:38:42.161: 14 avg_steps: 558.55
2024-11-09 19:38:42.161: 14 epsilon: 0.01
2024-11-09 19:38:42.161: 14 q: 0.07353584
2024-11-09 19:48:37.242: 15 test start:
2024-11-09 19:48:48.210: 15 avg_reward: 660.0
2024-11-09 19:48:48.210: 15 avg_steps: 525.3
2024-11-09 19:48:48.210: 15 epsilon: 0.01
2024-11-09 19:48:48.210: 15 q: 0.077521786
2024-11-09 19:58:08.752: 16 test start:
2024-11-09 19:58:15.042: 16 avg_reward: 40.0
2024-11-09 19:58:15.042: 16 avg_steps: 312.2
2024-11-09 19:58:15.042: 16 epsilon: 0.01
2024-11-09 19:58:15.042: 16 q: 0.08615506
2024-11-09 20:08:15.197: 17 test start:
2024-11-09 20:08:26.072: 17 avg_reward: 340.0
2024-11-09 20:08:26.072: 17 avg_steps: 517.5
2024-11-09 20:08:26.072: 17 epsilon: 0.01
2024-11-09 20:08:26.072: 17 q: 0.0886575
2024-11-09 20:17:45.243: 18 test start:
2024-11-09 20:17:54.503: 18 avg_reward: 260.0
2024-11-09 20:17:54.503: 18 avg_steps: 444.6
2024-11-09 20:17:54.503: 18 epsilon: 0.01
2024-11-09 20:17:54.503: 18 q: 0.08894592
2024-11-09 20:27:53.961: 19 test start:
2024-11-09 20:28:01.966: 19 avg_reward: 180.0
2024-11-09 20:28:01.966: 19 avg_steps: 400.05
2024-11-09 20:28:01.966: 19 epsilon: 0.01
2024-11-09 20:28:01.966: 19 q: 0.09996975
2024-11-09 20:37:26.626: 20 test start:
2024-11-09 20:37:36.357: 20 avg_reward: 320.0
2024-11-09 20:37:36.358: 20 avg_steps: 462.8
2024-11-09 20:37:36.358: 20 epsilon: 0.01
2024-11-09 20:37:36.358: 20 q: 0.10858677
2024-11-09 20:47:32.661: 21 test start:
2024-11-09 20:47:42.372: 21 avg_reward: 330.0
2024-11-09 20:47:42.373: 21 avg_steps: 485.7
2024-11-09 20:47:42.373: 21 epsilon: 0.01
2024-11-09 20:47:42.373: 21 q: 0.11322902
2024-11-09 20:57:08.029: 22 test start:
2024-11-09 20:57:15.818: 22 avg_reward: 80.0
2024-11-09 20:57:15.819: 22 avg_steps: 372.2
2024-11-09 20:57:15.819: 22 epsilon: 0.01
2024-11-09 20:57:15.819: 22 q: 0.11685663
2024-11-09 21:07:10.209: 23 test start:
2024-11-09 21:07:16.343: 23 avg_reward: 50.0
2024-11-09 21:07:16.343: 23 avg_steps: 308.5
2024-11-09 21:07:16.343: 23 epsilon: 0.01
2024-11-09 21:07:16.344: 23 q: 0.118948966
2024-11-09 21:16:41.724: 24 test start:
2024-11-09 21:16:49.076: 24 avg_reward: 240.0
2024-11-09 21:16:49.077: 24 avg_steps: 352.75
2024-11-09 21:16:49.077: 24 epsilon: 0.01
2024-11-09 21:16:49.077: 24 q: 0.12249706
2024-11-09 21:26:43.268: 25 test start:
2024-11-09 21:26:49.921: 25 avg_reward: 170.0
2024-11-09 21:26:49.921: 25 avg_steps: 332.5
2024-11-09 21:26:49.921: 25 epsilon: 0.01
2024-11-09 21:26:49.921: 25 q: 0.12404104
2024-11-09 21:36:20.222: 26 test start:
2024-11-09 21:36:28.084: 26 avg_reward: 310.0
2024-11-09 21:36:28.084: 26 avg_steps: 373.4
2024-11-09 21:36:28.084: 26 epsilon: 0.01
2024-11-09 21:36:28.084: 26 q: 0.13153861
2024-11-09 21:46:18.509: 27 test start:
2024-11-09 21:46:25.141: 27 avg_reward: 150.0
2024-11-09 21:46:25.141: 27 avg_steps: 331.8
2024-11-09 21:46:25.141: 27 epsilon: 0.01
2024-11-09 21:46:25.141: 27 q: 0.15285213
2024-11-09 21:55:55.918: 28 test start:
2024-11-09 21:56:03.952: 28 avg_reward: 400.0
2024-11-09 21:56:03.952: 28 avg_steps: 399.55
2024-11-09 21:56:03.952: 28 epsilon: 0.01
2024-11-09 21:56:03.952: 28 q: 0.16369645
2024-11-09 22:05:54.554: 29 test start:
2024-11-09 22:06:02.362: 29 avg_reward: 410.0
2024-11-09 22:06:02.362: 29 avg_steps: 404.75
2024-11-09 22:06:02.362: 29 epsilon: 0.01
2024-11-09 22:06:02.362: 29 q: 0.17591907
2024-11-09 22:15:39.095: 30 test start:
2024-11-09 22:15:47.593: 30 avg_reward: 400.0
2024-11-09 22:15:47.593: 30 avg_steps: 423.0
2024-11-09 22:15:47.593: 30 epsilon: 0.01
2024-11-09 22:15:47.593: 30 q: 0.19210458
2024-11-09 22:25:33.532: 31 test start:
2024-11-09 22:25:41.517: 31 avg_reward: 400.0
2024-11-09 22:25:41.517: 31 avg_steps: 400.8
2024-11-09 22:25:41.517: 31 epsilon: 0.01
2024-11-09 22:25:41.517: 31 q: 0.19754209
2024-11-09 22:35:19.890: 32 test start:
2024-11-09 22:35:29.605: 32 avg_reward: 580.0
2024-11-09 22:35:29.605: 32 avg_steps: 462.35
2024-11-09 22:35:29.605: 32 epsilon: 0.01
2024-11-09 22:35:29.606: 32 q: 0.21373062
2024-11-09 22:45:10.578: 33 test start:
2024-11-09 22:45:18.209: 33 avg_reward: 190.0
2024-11-09 22:45:18.209: 33 avg_steps: 379.7
2024-11-09 22:45:18.210: 33 epsilon: 0.01
2024-11-09 22:45:18.210: 33 q: 0.22871311
2024-11-09 22:54:58.664: 34 test start:
2024-11-09 22:55:07.007: 34 avg_reward: 400.0
2024-11-09 22:55:07.008: 34 avg_steps: 400.5
2024-11-09 22:55:07.008: 34 epsilon: 0.01
2024-11-09 22:55:07.008: 34 q: 0.23870337
2024-11-09 23:04:44.884: 35 test start:
2024-11-09 23:04:52.259: 35 avg_reward: 310.0
2024-11-09 23:04:52.259: 35 avg_steps: 369.6
2024-11-09 23:04:52.259: 35 epsilon: 0.01
2024-11-09 23:04:52.259: 35 q: 0.26028717
2024-11-09 23:14:35.366: 36 test start:
2024-11-09 23:14:42.982: 36 avg_reward: 290.0
2024-11-09 23:14:42.982: 36 avg_steps: 365.1
2024-11-09 23:14:42.982: 36 epsilon: 0.01
2024-11-09 23:14:42.982: 36 q: 0.27475232
2024-11-09 23:24:18.718: 37 test start:
2024-11-09 23:24:26.989: 37 avg_reward: 400.0
2024-11-09 23:24:26.990: 37 avg_steps: 410.4
2024-11-09 23:24:26.990: 37 epsilon: 0.01
2024-11-09 23:24:26.990: 37 q: 0.30989683
2024-11-09 23:34:11.096: 38 test start:
2024-11-09 23:34:20.931: 38 avg_reward: 600.0
2024-11-09 23:34:20.931: 38 avg_steps: 469.45
2024-11-09 23:34:20.931: 38 epsilon: 0.01
2024-11-09 23:34:20.931: 38 q: 0.33320576
2024-11-09 23:43:51.691: 39 test start:
2024-11-09 23:44:00.764: 39 avg_reward: 540.0
2024-11-09 23:44:00.764: 39 avg_steps: 451.4
2024-11-09 23:44:00.764: 39 epsilon: 0.01
2024-11-09 23:44:00.764: 39 q: 0.34574333
2024-11-09 23:53:45.586: 40 test start:
2024-11-09 23:53:54.881: 40 avg_reward: 510.0
2024-11-09 23:53:54.881: 40 avg_steps: 443.85
2024-11-09 23:53:54.881: 40 epsilon: 0.01
2024-11-09 23:53:54.881: 40 q: 0.38005543
2024-11-10 00:03:23.157: 41 test start:
2024-11-10 00:03:32.537: 41 avg_reward: 600.0
2024-11-10 00:03:32.537: 41 avg_steps: 466.25
2024-11-10 00:03:32.537: 41 epsilon: 0.01
2024-11-10 00:03:32.537: 41 q: 0.40939447
2024-11-10 00:13:21.726: 42 test start:
2024-11-10 00:13:32.247: 42 avg_reward: 550.0
2024-11-10 00:13:32.248: 42 avg_steps: 500.65
2024-11-10 00:13:32.248: 42 epsilon: 0.01
2024-11-10 00:13:32.248: 42 q: 0.44850037
2024-11-10 00:22:58.888: 43 test start:
2024-11-10 00:23:08.628: 43 avg_reward: 600.0
2024-11-10 00:23:08.628: 43 avg_steps: 482.0
2024-11-10 00:23:08.628: 43 epsilon: 0.01
2024-11-10 00:23:08.628: 43 q: 0.46424225
2024-11-10 00:33:00.622: 44 test start:
2024-11-10 00:33:11.425: 44 avg_reward: 690.0
2024-11-10 00:33:11.425: 44 avg_steps: 519.25
2024-11-10 00:33:11.425: 44 epsilon: 0.01
2024-11-10 00:33:11.425: 44 q: 0.4741624
2024-11-10 00:42:36.280: 45 test start:
2024-11-10 00:42:45.683: 45 avg_reward: 540.0
2024-11-10 00:42:45.683: 45 avg_steps: 470.25
2024-11-10 00:42:45.683: 45 epsilon: 0.01
2024-11-10 00:42:45.683: 45 q: 0.49907765
2024-11-10 00:52:37.430: 46 test start:
2024-11-10 00:52:48.265: 46 avg_reward: 640.0
2024-11-10 00:52:48.266: 46 avg_steps: 515.5
2024-11-10 00:52:48.266: 46 epsilon: 0.01
2024-11-10 00:52:48.271: 46 q: 0.5176168
2024-11-10 01:02:09.282: 47 test start:
2024-11-10 01:02:19.757: 47 avg_reward: 820.0
2024-11-10 01:02:19.757: 47 avg_steps: 524.15
2024-11-10 01:02:19.758: 47 epsilon: 0.01
2024-11-10 01:02:19.758: 47 q: 0.5183186
2024-11-10 01:12:14.669: 48 test start:
2024-11-10 01:12:25.759: 48 avg_reward: 800.0
2024-11-10 01:12:25.759: 48 avg_steps: 534.55
2024-11-10 01:12:25.765: 48 epsilon: 0.01
2024-11-10 01:12:25.765: 48 q: 0.52114856
2024-11-10 01:21:45.895: 49 test start:
2024-11-10 01:21:56.744: 49 avg_reward: 840.0
2024-11-10 01:21:56.744: 49 avg_steps: 538.2
2024-11-10 01:21:56.744: 49 epsilon: 0.01
2024-11-10 01:21:56.744: 49 q: 0.50483453
2024-11-10 01:31:52.362: 50 test start:
2024-11-10 01:32:03.135: 50 avg_reward: 860.0
2024-11-10 01:32:03.136: 50 avg_steps: 533.9
2024-11-10 01:32:03.136: 50 epsilon: 0.01
2024-11-10 01:32:03.136: 50 q: 0.53814536
2024-11-10 01:41:22.190: 51 test start:
2024-11-10 01:41:33.836: 51 avg_reward: 980.0
2024-11-10 01:41:33.836: 51 avg_steps: 557.65
2024-11-10 01:41:33.836: 51 epsilon: 0.01
2024-11-10 01:41:33.836: 51 q: 0.55863684
2024-11-10 01:51:25.767: 52 test start:
2024-11-10 01:51:37.815: 52 avg_reward: 1040.0
2024-11-10 01:51:37.815: 52 avg_steps: 617.5
2024-11-10 01:51:37.815: 52 epsilon: 0.01
2024-11-10 01:51:37.815: 52 q: 0.5442324
2024-11-10 02:01:02.271: 53 test start:
2024-11-10 02:01:13.970: 53 avg_reward: 1060.0
2024-11-10 02:01:13.970: 53 avg_steps: 575.0
2024-11-10 02:01:13.970: 53 epsilon: 0.01
2024-11-10 02:01:13.970: 53 q: 0.5526902
2024-11-10 02:11:03.957: 54 test start:
2024-11-10 02:11:17.167: 54 avg_reward: 1210.0
2024-11-10 02:11:17.167: 54 avg_steps: 653.1
2024-11-10 02:11:17.168: 54 epsilon: 0.01
2024-11-10 02:11:17.168: 54 q: 0.54847986
2024-11-10 02:20:42.481: 55 test start:
2024-11-10 02:20:54.710: 55 avg_reward: 1060.0
2024-11-10 02:20:54.710: 55 avg_steps: 583.9
2024-11-10 02:20:54.710: 55 epsilon: 0.01
2024-11-10 02:20:54.710: 55 q: 0.5666554
2024-11-10 02:30:45.342: 56 test start:
2024-11-10 02:30:56.759: 56 avg_reward: 950.0
2024-11-10 02:30:56.759: 56 avg_steps: 570.95
2024-11-10 02:30:56.759: 56 epsilon: 0.01
2024-11-10 02:30:56.759: 56 q: 0.5644036
2024-11-10 02:40:24.404: 57 test start:
2024-11-10 02:40:36.397: 57 avg_reward: 890.0
2024-11-10 02:40:36.397: 57 avg_steps: 571.45
2024-11-10 02:40:36.397: 57 epsilon: 0.01
2024-11-10 02:40:36.397: 57 q: 0.57171
2024-11-10 02:50:20.812: 58 test start:
2024-11-10 02:50:33.342: 58 avg_reward: 970.0
2024-11-10 02:50:33.342: 58 avg_steps: 627.3
2024-11-10 02:50:33.342: 58 epsilon: 0.01
2024-11-10 02:50:33.342: 58 q: 0.558136
2024-11-10 03:00:01.579: 59 test start:
2024-11-10 03:00:12.462: 59 avg_reward: 680.0
2024-11-10 03:00:12.462: 59 avg_steps: 520.4
2024-11-10 03:00:12.462: 59 epsilon: 0.01
2024-11-10 03:00:12.462: 59 q: 0.54793495
2024-11-10 03:09:56.443: 60 test start:
2024-11-10 03:10:06.879: 60 avg_reward: 820.0
2024-11-10 03:10:06.879: 60 avg_steps: 557.2
2024-11-10 03:10:06.879: 60 epsilon: 0.01
2024-11-10 03:10:06.879: 60 q: 0.54724646
2024-11-10 03:19:44.626: 61 test start:
2024-11-10 03:19:56.782: 61 avg_reward: 990.0
2024-11-10 03:19:56.783: 61 avg_steps: 602.6
2024-11-10 03:19:56.783: 61 epsilon: 0.01
2024-11-10 03:19:56.783: 61 q: 0.54972935
2024-11-10 03:29:35.476: 62 test start:
2024-11-10 03:29:48.327: 62 avg_reward: 1100.0
2024-11-10 03:29:48.327: 62 avg_steps: 638.0
2024-11-10 03:29:48.327: 62 epsilon: 0.01
2024-11-10 03:29:48.327: 62 q: 0.5475004
2024-11-10 03:39:23.719: 63 test start:
2024-11-10 03:39:35.156: 63 avg_reward: 790.0
2024-11-10 03:39:35.156: 63 avg_steps: 547.1
2024-11-10 03:39:35.156: 63 epsilon: 0.01
2024-11-10 03:39:35.156: 63 q: 0.55090916
2024-11-10 03:49:08.020: 64 test start:
2024-11-10 03:49:20.852: 64 avg_reward: 1300.0
2024-11-10 03:49:20.852: 64 avg_steps: 637.95
2024-11-10 03:49:20.852: 64 epsilon: 0.01
2024-11-10 03:49:20.852: 64 q: 0.55378807
2024-11-10 03:58:59.051: 65 test start:
2024-11-10 03:59:10.907: 65 avg_reward: 870.0
2024-11-10 03:59:10.908: 65 avg_steps: 561.4
2024-11-10 03:59:10.908: 65 epsilon: 0.01
2024-11-10 03:59:10.908: 65 q: 0.56926733
2024-11-10 04:08:40.863: 66 test start:
2024-11-10 04:08:54.701: 66 avg_reward: 1320.0
2024-11-10 04:08:54.701: 66 avg_steps: 686.95
2024-11-10 04:08:54.701: 66 epsilon: 0.01
2024-11-10 04:08:54.701: 66 q: 0.5698678
2024-11-10 04:18:32.204: 67 test start:
2024-11-10 04:18:45.539: 67 avg_reward: 1090.0
2024-11-10 04:18:45.539: 67 avg_steps: 640.4
2024-11-10 04:18:45.539: 67 epsilon: 0.01
2024-11-10 04:18:45.539: 67 q: 0.577956
2024-11-10 04:28:11.441: 68 test start:
2024-11-10 04:28:25.121: 68 avg_reward: 1420.0
2024-11-10 04:28:25.121: 68 avg_steps: 689.75
2024-11-10 04:28:25.121: 68 epsilon: 0.01
2024-11-10 04:28:25.121: 68 q: 0.571752
2024-11-10 04:38:14.388: 69 test start:
2024-11-10 04:38:26.728: 69 avg_reward: 1080.0
2024-11-10 04:38:26.728: 69 avg_steps: 613.6
2024-11-10 04:38:26.728: 69 epsilon: 0.01
2024-11-10 04:38:26.728: 69 q: 0.5898888
2024-11-10 04:47:47.215: 70 test start:
2024-11-10 04:47:59.892: 70 avg_reward: 1130.0
2024-11-10 04:47:59.892: 70 avg_steps: 633.5
2024-11-10 04:47:59.892: 70 epsilon: 0.01
2024-11-10 04:47:59.892: 70 q: 0.5942174
2024-11-10 04:57:40.771: 71 test start:
2024-11-10 04:57:52.337: 71 avg_reward: 840.0
2024-11-10 04:57:52.337: 71 avg_steps: 552.95
2024-11-10 04:57:52.337: 71 epsilon: 0.01
2024-11-10 04:57:52.337: 71 q: 0.59527767
2024-11-10 05:07:09.178: 72 test start:
2024-11-10 05:07:19.487: 72 avg_reward: 680.0
2024-11-10 05:07:19.487: 72 avg_steps: 511.55
2024-11-10 05:07:19.487: 72 epsilon: 0.01
2024-11-10 05:07:19.487: 72 q: 0.5969122
2024-11-10 05:17:17.825: 73 test start:
2024-11-10 05:17:28.468: 73 avg_reward: 740.0
2024-11-10 05:17:28.468: 73 avg_steps: 523.05
2024-11-10 05:17:28.468: 73 epsilon: 0.01
2024-11-10 05:17:28.468: 73 q: 0.6072042
2024-11-10 05:26:38.400: 74 test start:
2024-11-10 05:26:49.896: 74 avg_reward: 1050.0
2024-11-10 05:26:49.896: 74 avg_steps: 572.75
2024-11-10 05:26:49.896: 74 epsilon: 0.01
2024-11-10 05:26:49.896: 74 q: 0.6446052
2024-11-10 05:36:29.636: 75 test start:
2024-11-10 05:36:42.040: 75 avg_reward: 1220.0
2024-11-10 05:36:42.041: 75 avg_steps: 610.65
2024-11-10 05:36:42.041: 75 epsilon: 0.01
2024-11-10 05:36:42.041: 75 q: 0.6338526
2024-11-10 05:45:56.705: 76 test start:
2024-11-10 05:46:11.006: 76 avg_reward: 1760.0
2024-11-10 05:46:11.006: 76 avg_steps: 679.15
2024-11-10 05:46:11.006: 76 epsilon: 0.01
2024-11-10 05:46:11.006: 76 q: 0.62789124
2024-11-10 05:55:39.921: 77 test start:
2024-11-10 05:55:53.231: 77 avg_reward: 1650.0
2024-11-10 05:55:53.231: 77 avg_steps: 676.45
2024-11-10 05:55:53.231: 77 epsilon: 0.01
2024-11-10 05:55:53.231: 77 q: 0.6449906
2024-11-10 06:05:15.493: 78 test start:
2024-11-10 06:05:29.219: 78 avg_reward: 1530.0
2024-11-10 06:05:29.219: 78 avg_steps: 654.75
2024-11-10 06:05:29.219: 78 epsilon: 0.01
2024-11-10 06:05:29.219: 78 q: 0.6509282
2024-11-10 06:14:53.252: 79 test start:
2024-11-10 06:15:06.319: 79 avg_reward: 1530.0
2024-11-10 06:15:06.319: 79 avg_steps: 648.75
2024-11-10 06:15:06.319: 79 epsilon: 0.01
2024-11-10 06:15:06.320: 79 q: 0.6471702
2024-11-10 06:24:23.949: 80 test start:
2024-11-10 06:24:37.933: 80 avg_reward: 1730.0
2024-11-10 06:24:37.933: 80 avg_steps: 677.95
2024-11-10 06:24:37.933: 80 epsilon: 0.01
2024-11-10 06:24:37.933: 80 q: 0.6578181
2024-11-10 06:34:11.610: 81 test start:
2024-11-10 06:34:25.153: 81 avg_reward: 1660.0
2024-11-10 06:34:25.153: 81 avg_steps: 679.25
2024-11-10 06:34:25.154: 81 epsilon: 0.01
2024-11-10 06:34:25.154: 81 q: 0.6669934
2024-11-10 06:43:40.467: 82 test start:
2024-11-10 06:43:54.241: 82 avg_reward: 1790.0
2024-11-10 06:43:54.241: 82 avg_steps: 680.8
2024-11-10 06:43:54.241: 82 epsilon: 0.01
2024-11-10 06:43:54.241: 82 q: 0.67281693
2024-11-10 06:53:25.786: 83 test start:
2024-11-10 06:53:39.482: 83 avg_reward: 1700.0
2024-11-10 06:53:39.482: 83 avg_steps: 679.5
2024-11-10 06:53:39.482: 83 epsilon: 0.01
2024-11-10 06:53:39.482: 83 q: 0.6909737
2024-11-10 07:02:54.536: 84 test start:
2024-11-10 07:03:07.348: 84 avg_reward: 1390.0
2024-11-10 07:03:07.349: 84 avg_steps: 645.4
2024-11-10 07:03:07.349: 84 epsilon: 0.01
2024-11-10 07:03:07.349: 84 q: 0.69473284
2024-11-10 07:12:44.422: 85 test start:
2024-11-10 07:12:57.604: 85 avg_reward: 1790.0
2024-11-10 07:12:57.605: 85 avg_steps: 680.95
2024-11-10 07:12:57.605: 85 epsilon: 0.01
2024-11-10 07:12:57.605: 85 q: 0.71269876
2024-11-10 07:22:11.398: 86 test start:
2024-11-10 07:22:25.613: 86 avg_reward: 1800.0
2024-11-10 07:22:25.614: 86 avg_steps: 700.0
2024-11-10 07:22:25.614: 86 epsilon: 0.01
2024-11-10 07:22:25.614: 86 q: 0.7236644
2024-11-10 07:32:01.497: 87 test start:
2024-11-10 07:32:15.074: 87 avg_reward: 1720.0
2024-11-10 07:32:15.074: 87 avg_steps: 679.7
2024-11-10 07:32:15.074: 87 epsilon: 0.01
2024-11-10 07:32:15.074: 87 q: 0.7422838
2024-11-10 07:41:28.869: 88 test start:
2024-11-10 07:41:42.402: 88 avg_reward: 1660.0
2024-11-10 07:41:42.403: 88 avg_steps: 678.85
2024-11-10 07:41:42.403: 88 epsilon: 0.01
2024-11-10 07:41:42.403: 88 q: 0.747736
2024-11-10 07:51:19.373: 89 test start:
2024-11-10 07:51:33.114: 89 avg_reward: 1750.0
2024-11-10 07:51:33.114: 89 avg_steps: 679.15
2024-11-10 07:51:33.114: 89 epsilon: 0.01
2024-11-10 07:51:33.114: 89 q: 0.75236976
2024-11-10 08:00:44.869: 90 test start:
2024-11-10 08:00:58.646: 90 avg_reward: 1710.0
2024-11-10 08:00:58.646: 90 avg_steps: 679.4
2024-11-10 08:00:58.646: 90 epsilon: 0.01
2024-11-10 08:00:58.646: 90 q: 0.754703
2024-11-10 08:10:38.460: 91 test start:
2024-11-10 08:10:51.732: 91 avg_reward: 1600.0
2024-11-10 08:10:51.733: 91 avg_steps: 648.5
2024-11-10 08:10:51.733: 91 epsilon: 0.01
2024-11-10 08:10:51.733: 91 q: 0.7707374
2024-11-10 08:20:15.550: 92 test start:
2024-11-10 08:20:28.547: 92 avg_reward: 1490.0
2024-11-10 08:20:28.547: 92 avg_steps: 641.35
2024-11-10 08:20:28.547: 92 epsilon: 0.01
2024-11-10 08:20:28.548: 92 q: 0.78214073
2024-11-10 08:30:09.595: 93 test start:
2024-11-10 08:30:22.905: 93 avg_reward: 1770.0
2024-11-10 08:30:22.905: 93 avg_steps: 679.7
2024-11-10 08:30:22.905: 93 epsilon: 0.01
2024-11-10 08:30:22.905: 93 q: 0.7765876
2024-11-10 08:39:49.992: 94 test start:
2024-11-10 08:40:04.374: 94 avg_reward: 1750.0
2024-11-10 08:40:04.375: 94 avg_steps: 695.9
2024-11-10 08:40:04.375: 94 epsilon: 0.01
2024-11-10 08:40:04.375: 94 q: 0.7866843
2024-11-10 08:49:35.653: 95 test start:
2024-11-10 08:49:48.822: 95 avg_reward: 1680.0
2024-11-10 08:49:48.823: 95 avg_steps: 676.6
2024-11-10 08:49:48.823: 95 epsilon: 0.01
2024-11-10 08:49:48.823: 95 q: 0.7894741
2024-11-10 08:59:29.546: 96 test start:
2024-11-10 08:59:43.017: 96 avg_reward: 1510.0
2024-11-10 08:59:43.017: 96 avg_steps: 648.35
2024-11-10 08:59:43.017: 96 epsilon: 0.01
2024-11-10 08:59:43.017: 96 q: 0.8060008
2024-11-10 09:09:09.588: 97 test start:
2024-11-10 09:09:23.207: 97 avg_reward: 1600.0
2024-11-10 09:09:23.207: 97 avg_steps: 667.75
2024-11-10 09:09:23.207: 97 epsilon: 0.01
2024-11-10 09:09:23.207: 97 q: 0.8021272
2024-11-10 09:19:09.374: 98 test start:
2024-11-10 09:19:23.187: 98 avg_reward: 1620.0
2024-11-10 09:19:23.187: 98 avg_steps: 679.8
2024-11-10 09:19:23.187: 98 epsilon: 0.01
2024-11-10 09:19:23.187: 98 q: 0.8090253
2024-11-10 09:28:44.767: 99 test start:
2024-11-10 09:28:57.477: 99 avg_reward: 1440.0
2024-11-10 09:28:57.477: 99 avg_steps: 628.3
2024-11-10 09:28:57.477: 99 epsilon: 0.01
2024-11-10 09:28:57.478: 99 q: 0.81922716
2024-11-10 09:38:36.457: 100 test start:
2024-11-10 09:38:49.183: 100 avg_reward: 1430.0
2024-11-10 09:38:49.183: 100 avg_steps: 631.9
2024-11-10 09:38:49.183: 100 epsilon: 0.01
2024-11-10 09:38:49.183: 100 q: 0.8230161
2024-11-10 09:48:04.986: 101 test start:
2024-11-10 09:48:18.417: 101 avg_reward: 1610.0
2024-11-10 09:48:18.417: 101 avg_steps: 673.8
2024-11-10 09:48:18.417: 101 epsilon: 0.01
2024-11-10 09:48:18.417: 101 q: 0.84923536
2024-11-10 09:57:55.751: 102 test start:
2024-11-10 09:58:09.358: 102 avg_reward: 1560.0
2024-11-10 09:58:09.358: 102 avg_steps: 681.2
2024-11-10 09:58:09.358: 102 epsilon: 0.01
2024-11-10 09:58:09.358: 102 q: 0.85892236
2024-11-10 10:07:36.725: 103 test start:
2024-11-10 10:07:49.730: 103 avg_reward: 1460.0
2024-11-10 10:07:49.730: 103 avg_steps: 631.9
2024-11-10 10:07:49.730: 103 epsilon: 0.01
2024-11-10 10:07:49.731: 103 q: 0.8673306
2024-11-10 10:17:38.732: 104 test start:
2024-11-10 10:17:51.861: 104 avg_reward: 1570.0
2024-11-10 10:17:51.861: 104 avg_steps: 665.25
2024-11-10 10:17:51.861: 104 epsilon: 0.01
2024-11-10 10:17:51.862: 104 q: 0.8619629
2024-11-10 10:27:20.271: 105 test start:
2024-11-10 10:27:33.233: 105 avg_reward: 1380.0
2024-11-10 10:27:33.233: 105 avg_steps: 628.7
2024-11-10 10:27:33.233: 105 epsilon: 0.01
2024-11-10 10:27:33.233: 105 q: 0.8650628
2024-11-10 10:37:29.191: 106 test start:
2024-11-10 10:37:42.115: 106 avg_reward: 1390.0
2024-11-10 10:37:42.115: 106 avg_steps: 632.55
2024-11-10 10:37:42.116: 106 epsilon: 0.01
2024-11-10 10:37:42.116: 106 q: 0.86609685
2024-11-10 10:47:16.794: 107 test start:
2024-11-10 10:47:29.965: 107 avg_reward: 1520.0
2024-11-10 10:47:29.965: 107 avg_steps: 637.2
2024-11-10 10:47:29.965: 107 epsilon: 0.01
2024-11-10 10:47:29.965: 107 q: 0.86669886
2024-11-10 10:57:18.152: 108 test start:
2024-11-10 10:57:30.522: 108 avg_reward: 1400.0
2024-11-10 10:57:30.522: 108 avg_steps: 616.65
2024-11-10 10:57:30.522: 108 epsilon: 0.01
2024-11-10 10:57:30.522: 108 q: 0.8790048
2024-11-10 11:07:08.444: 109 test start:
2024-11-10 11:07:21.311: 109 avg_reward: 1440.0
2024-11-10 11:07:21.311: 109 avg_steps: 624.2
2024-11-10 11:07:21.311: 109 epsilon: 0.01
2024-11-10 11:07:21.311: 109 q: 0.87826645
2024-11-10 11:17:07.049: 110 test start:
2024-11-10 11:17:19.597: 110 avg_reward: 1600.0
2024-11-10 11:17:19.597: 110 avg_steps: 652.9
2024-11-10 11:17:19.597: 110 epsilon: 0.01
2024-11-10 11:17:19.597: 110 q: 0.8821298
2024-11-10 11:27:07.234: 111 test start:
2024-11-10 11:27:21.101: 111 avg_reward: 1760.0
2024-11-10 11:27:21.101: 111 avg_steps: 676.75
2024-11-10 11:27:21.101: 111 epsilon: 0.01
2024-11-10 11:27:21.101: 111 q: 0.88744813
2024-11-10 11:36:51.763: 112 test start:
2024-11-10 11:37:03.876: 112 avg_reward: 1320.0
2024-11-10 11:37:03.876: 112 avg_steps: 607.25
2024-11-10 11:37:03.876: 112 epsilon: 0.01
2024-11-10 11:37:03.877: 112 q: 0.88453406
2024-11-10 11:46:52.223: 113 test start:
2024-11-10 11:47:04.777: 113 avg_reward: 1500.0
2024-11-10 11:47:04.777: 113 avg_steps: 625.95
2024-11-10 11:47:04.777: 113 epsilon: 0.01
2024-11-10 11:47:04.777: 113 q: 0.8855347
2024-11-10 11:56:32.673: 114 test start:
2024-11-10 11:56:46.135: 114 avg_reward: 1620.0
2024-11-10 11:56:46.136: 114 avg_steps: 669.15
2024-11-10 11:56:46.136: 114 epsilon: 0.01
2024-11-10 11:56:46.136: 114 q: 0.8962039
2024-11-10 12:06:24.971: 115 test start:
2024-11-10 12:06:38.524: 115 avg_reward: 1690.0
2024-11-10 12:06:38.524: 115 avg_steps: 680.25
2024-11-10 12:06:38.524: 115 epsilon: 0.01
2024-11-10 12:06:38.524: 115 q: 0.8855472
2024-11-10 12:15:57.936: 116 test start:
2024-11-10 12:16:11.712: 116 avg_reward: 1780.0
2024-11-10 12:16:11.712: 116 avg_steps: 680.4
2024-11-10 12:16:11.712: 116 epsilon: 0.01
2024-11-10 12:16:11.712: 116 q: 0.8996256
2024-11-10 12:25:48.757: 117 test start:
2024-11-10 12:26:02.174: 117 avg_reward: 1760.0
2024-11-10 12:26:02.175: 117 avg_steps: 672.8
2024-11-10 12:26:02.175: 117 epsilon: 0.01
2024-11-10 12:26:02.175: 117 q: 0.91282654
2024-11-10 12:35:19.411: 118 test start:
2024-11-10 12:35:33.148: 118 avg_reward: 1690.0
2024-11-10 12:35:33.149: 118 avg_steps: 682.85
2024-11-10 12:35:33.149: 118 epsilon: 0.01
2024-11-10 12:35:33.149: 118 q: 0.911672
2024-11-10 12:45:13.811: 119 test start:
2024-11-10 12:45:27.312: 119 avg_reward: 1800.0
2024-11-10 12:45:27.312: 119 avg_steps: 679.7
2024-11-10 12:45:27.312: 119 epsilon: 0.01
2024-11-10 12:45:27.312: 119 q: 0.92110157
2024-11-10 12:54:41.132: 120 test start:
2024-11-10 12:54:54.375: 120 avg_reward: 1700.0
2024-11-10 12:54:54.375: 120 avg_steps: 664.1
2024-11-10 12:54:54.375: 120 epsilon: 0.01
2024-11-10 12:54:54.375: 120 q: 0.92200404
2024-11-10 13:04:37.765: 121 test start:
2024-11-10 13:04:51.157: 121 avg_reward: 1700.0
2024-11-10 13:04:51.158: 121 avg_steps: 664.75
2024-11-10 13:04:51.158: 121 epsilon: 0.01
2024-11-10 13:04:51.158: 121 q: 0.935626
2024-11-10 13:14:16.671: 122 test start:
2024-11-10 13:14:30.427: 122 avg_reward: 1800.0
2024-11-10 13:14:30.428: 122 avg_steps: 680.1
2024-11-10 13:14:30.428: 122 epsilon: 0.01
2024-11-10 13:14:30.428: 122 q: 0.92523116
2024-11-10 13:24:13.716: 123 test start:
2024-11-10 13:24:27.424: 123 avg_reward: 1770.0
2024-11-10 13:24:27.425: 123 avg_steps: 680.6
2024-11-10 13:24:27.425: 123 epsilon: 0.01
2024-11-10 13:24:27.425: 123 q: 0.9486496
2024-11-10 13:33:51.968: 124 test start:
2024-11-10 13:34:05.846: 124 avg_reward: 1720.0
2024-11-10 13:34:05.846: 124 avg_steps: 666.65
2024-11-10 13:34:05.846: 124 epsilon: 0.01
2024-11-10 13:34:05.846: 124 q: 0.9544607
2024-11-10 13:43:46.055: 125 test start:
2024-11-10 13:43:59.412: 125 avg_reward: 1800.0
2024-11-10 13:43:59.412: 125 avg_steps: 679.45
2024-11-10 13:43:59.413: 125 epsilon: 0.01
2024-11-10 13:43:59.413: 125 q: 0.95097
2024-11-10 13:53:23.383: 126 test start:
2024-11-10 13:53:37.907: 126 avg_reward: 1800.0
2024-11-10 13:53:37.907: 126 avg_steps: 699.95
2024-11-10 13:53:37.907: 126 epsilon: 0.01
2024-11-10 13:53:37.907: 126 q: 0.95453715
2024-11-10 14:03:08.335: 127 test start:
2024-11-10 14:03:21.316: 127 avg_reward: 1770.0
2024-11-10 14:03:21.317: 127 avg_steps: 676.3
2024-11-10 14:03:21.317: 127 epsilon: 0.01
2024-11-10 14:03:21.317: 127 q: 0.94812584
2024-11-10 14:12:52.797: 128 test start:
2024-11-10 14:13:06.930: 128 avg_reward: 1800.0
2024-11-10 14:13:06.930: 128 avg_steps: 679.7
2024-11-10 14:13:06.930: 128 epsilon: 0.01
2024-11-10 14:13:06.930: 128 q: 0.9557985
2024-11-10 14:22:29.082: 129 test start:
2024-11-10 14:22:42.185: 129 avg_reward: 1780.0
2024-11-10 14:22:42.185: 129 avg_steps: 677.5
2024-11-10 14:22:42.185: 129 epsilon: 0.01
2024-11-10 14:22:42.185: 129 q: 0.9676794
2024-11-10 14:32:24.083: 130 test start:
2024-11-10 14:32:37.896: 130 avg_reward: 1700.0
2024-11-10 14:32:37.897: 130 avg_steps: 680.25
2024-11-10 14:32:37.897: 130 epsilon: 0.01
2024-11-10 14:32:37.897: 130 q: 0.9704822
2024-11-10 14:42:10.077: 131 test start:
2024-11-10 14:42:23.976: 131 avg_reward: 1640.0
2024-11-10 14:42:23.977: 131 avg_steps: 673.75
2024-11-10 14:42:23.977: 131 epsilon: 0.01
2024-11-10 14:42:23.977: 131 q: 0.9774823
2024-11-10 14:52:07.034: 132 test start:
2024-11-10 14:52:19.950: 132 avg_reward: 1590.0
2024-11-10 14:52:19.950: 132 avg_steps: 652.45
2024-11-10 14:52:19.950: 132 epsilon: 0.01
2024-11-10 14:52:19.950: 132 q: 0.97064245
2024-11-10 15:01:52.585: 133 test start:
2024-11-10 15:02:06.630: 133 avg_reward: 1800.0
2024-11-10 15:02:06.630: 133 avg_steps: 679.85
2024-11-10 15:02:06.630: 133 epsilon: 0.01
2024-11-10 15:02:06.630: 133 q: 0.981592
2024-11-10 15:11:54.414: 134 test start:
2024-11-10 15:12:07.948: 134 avg_reward: 1800.0
2024-11-10 15:12:07.948: 134 avg_steps: 679.45
2024-11-10 15:12:07.948: 134 epsilon: 0.01
2024-11-10 15:12:07.948: 134 q: 0.98367393
2024-11-10 15:21:36.402: 135 test start:
2024-11-10 15:21:49.884: 135 avg_reward: 1780.0
2024-11-10 15:21:49.884: 135 avg_steps: 674.0
2024-11-10 15:21:49.884: 135 epsilon: 0.01
2024-11-10 15:21:49.884: 135 q: 0.9907102
2024-11-10 15:31:38.301: 136 test start:
2024-11-10 15:31:51.685: 136 avg_reward: 1720.0
2024-11-10 15:31:51.685: 136 avg_steps: 670.35
2024-11-10 15:31:51.685: 136 epsilon: 0.01
2024-11-10 15:31:51.685: 136 q: 0.9880566
2024-11-10 15:41:26.916: 137 test start:
2024-11-10 15:41:40.614: 137 avg_reward: 1760.0
2024-11-10 15:41:40.615: 137 avg_steps: 672.1
2024-11-10 15:41:40.615: 137 epsilon: 0.01
2024-11-10 15:41:40.615: 137 q: 0.98925525
2024-11-10 15:51:30.270: 138 test start:
2024-11-10 15:51:43.938: 138 avg_reward: 1790.0
2024-11-10 15:51:43.938: 138 avg_steps: 683.0
2024-11-10 15:51:43.938: 138 epsilon: 0.01
2024-11-10 15:51:43.938: 138 q: 0.9991844
2024-11-10 16:01:19.015: 139 test start:
2024-11-10 16:01:32.538: 139 avg_reward: 1590.0
2024-11-10 16:01:32.538: 139 avg_steps: 635.45
2024-11-10 16:01:32.538: 139 epsilon: 0.01
2024-11-10 16:01:32.538: 139 q: 1.000528
2024-11-10 16:11:15.587: 140 test start:
2024-11-10 16:11:28.835: 140 avg_reward: 1740.0
2024-11-10 16:11:28.835: 140 avg_steps: 678.1
2024-11-10 16:11:28.835: 140 epsilon: 0.01
2024-11-10 16:11:28.835: 140 q: 0.9952969
2024-11-10 16:21:07.757: 141 test start:
2024-11-10 16:21:21.783: 141 avg_reward: 1770.0
2024-11-10 16:21:21.783: 141 avg_steps: 692.1
2024-11-10 16:21:21.783: 141 epsilon: 0.01
2024-11-10 16:21:21.784: 141 q: 1.0105749
2024-11-10 16:30:49.365: 142 test start:
2024-11-10 16:31:03.144: 142 avg_reward: 1800.0
2024-11-10 16:31:03.144: 142 avg_steps: 677.45
2024-11-10 16:31:03.144: 142 epsilon: 0.01
2024-11-10 16:31:03.144: 142 q: 1.0110984
2024-11-10 16:40:48.034: 143 test start:
2024-11-10 16:41:00.571: 143 avg_reward: 1530.0
2024-11-10 16:41:00.572: 143 avg_steps: 625.55
2024-11-10 16:41:00.572: 143 epsilon: 0.01
2024-11-10 16:41:00.572: 143 q: 1.0135342
2024-11-10 16:50:30.120: 144 test start:
2024-11-10 16:50:43.727: 144 avg_reward: 1720.0
2024-11-10 16:50:43.727: 144 avg_steps: 676.75
2024-11-10 16:50:43.727: 144 epsilon: 0.01
2024-11-10 16:50:43.727: 144 q: 1.0238934
2024-11-10 17:00:24.806: 145 test start:
2024-11-10 17:00:38.239: 145 avg_reward: 1540.0
2024-11-10 17:00:38.239: 145 avg_steps: 660.5
2024-11-10 17:00:38.239: 145 epsilon: 0.01
2024-11-10 17:00:38.240: 145 q: 1.0229937
2024-11-10 17:10:03.544: 146 test start:
2024-11-10 17:10:17.524: 146 avg_reward: 1750.0
2024-11-10 17:10:17.524: 146 avg_steps: 677.5
2024-11-10 17:10:17.525: 146 epsilon: 0.01
2024-11-10 17:10:17.525: 146 q: 1.0280613
2024-11-10 17:19:54.099: 147 test start:
2024-11-10 17:20:08.195: 147 avg_reward: 1750.0
2024-11-10 17:20:08.195: 147 avg_steps: 698.85
2024-11-10 17:20:08.195: 147 epsilon: 0.01
2024-11-10 17:20:08.195: 147 q: 1.0222772
2024-11-10 17:29:35.337: 148 test start:
2024-11-10 17:29:49.376: 148 avg_reward: 1650.0
2024-11-10 17:29:49.376: 148 avg_steps: 677.15
2024-11-10 17:29:49.382: 148 epsilon: 0.01
2024-11-10 17:29:49.382: 148 q: 1.0307763
2024-11-10 17:39:46.568: 149 test start:
2024-11-10 17:40:00.260: 149 avg_reward: 1710.0
2024-11-10 17:40:00.261: 149 avg_steps: 676.75
2024-11-10 17:40:00.261: 149 epsilon: 0.01
2024-11-10 17:40:00.261: 149 q: 1.0386788
2024-11-10 17:49:39.587: 150 test start:
2024-11-10 17:49:52.259: 150 avg_reward: 1520.0
2024-11-10 17:49:52.259: 150 avg_steps: 620.25
2024-11-10 17:49:52.259: 150 epsilon: 0.01
2024-11-10 17:49:52.259: 150 q: 1.0367216
2024-11-10 17:59:28.392: 151 test start:
2024-11-10 17:59:41.961: 151 avg_reward: 1680.0
2024-11-10 17:59:41.961: 151 avg_steps: 675.3
2024-11-10 17:59:41.961: 151 epsilon: 0.01
2024-11-10 17:59:41.961: 151 q: 1.0345086
2024-11-10 18:09:12.150: 152 test start:
2024-11-10 18:09:25.934: 152 avg_reward: 1760.0
2024-11-10 18:09:25.934: 152 avg_steps: 672.8
2024-11-10 18:09:25.934: 152 epsilon: 0.01
2024-11-10 18:09:25.934: 152 q: 1.0402777
2024-11-10 18:19:13.840: 153 test start:
2024-11-10 18:19:27.509: 153 avg_reward: 1680.0
2024-11-10 18:19:27.510: 153 avg_steps: 671.1
2024-11-10 18:19:27.510: 153 epsilon: 0.01
2024-11-10 18:19:27.510: 153 q: 1.0292165
2024-11-10 18:29:11.134: 154 test start:
2024-11-10 18:29:24.993: 154 avg_reward: 1620.0
2024-11-10 18:29:24.993: 154 avg_steps: 654.75
2024-11-10 18:29:24.993: 154 epsilon: 0.01
2024-11-10 18:29:24.993: 154 q: 1.0306519
2024-11-10 18:39:08.653: 155 test start:
2024-11-10 18:39:22.730: 155 avg_reward: 1800.0
2024-11-10 18:39:22.730: 155 avg_steps: 677.7
2024-11-10 18:39:22.730: 155 epsilon: 0.01
2024-11-10 18:39:22.735: 155 q: 1.0232058
2024-11-10 18:49:11.666: 156 test start:
2024-11-10 18:49:25.102: 156 avg_reward: 1800.0
2024-11-10 18:49:25.102: 156 avg_steps: 676.7
2024-11-10 18:49:25.102: 156 epsilon: 0.01
2024-11-10 18:49:25.102: 156 q: 1.0132482
2024-11-10 18:59:15.591: 157 test start:
2024-11-10 18:59:29.589: 157 avg_reward: 1700.0
2024-11-10 18:59:29.590: 157 avg_steps: 677.35
2024-11-10 18:59:29.590: 157 epsilon: 0.01
2024-11-10 18:59:29.590: 157 q: 1.0239153
2024-11-10 19:09:23.215: 158 test start:
2024-11-10 19:09:36.883: 158 avg_reward: 1780.0
2024-11-10 19:09:36.883: 158 avg_steps: 676.15
2024-11-10 19:09:36.883: 158 epsilon: 0.01
2024-11-10 19:09:36.883: 158 q: 1.0042212
2024-11-10 19:19:17.227: 159 test start:
2024-11-10 19:19:30.722: 159 avg_reward: 1800.0
2024-11-10 19:19:30.722: 159 avg_steps: 676.5
2024-11-10 19:19:30.722: 159 epsilon: 0.01
2024-11-10 19:19:30.722: 159 q: 1.0036224
2024-11-10 19:29:20.055: 160 test start:
2024-11-10 19:29:33.444: 160 avg_reward: 1800.0
2024-11-10 19:29:33.445: 160 avg_steps: 675.9
2024-11-10 19:29:33.445: 160 epsilon: 0.01
2024-11-10 19:29:33.445: 160 q: 1.0075188
2024-11-10 19:39:09.422: 161 test start:
2024-11-10 19:39:23.077: 161 avg_reward: 1700.0
2024-11-10 19:39:23.077: 161 avg_steps: 676.4
2024-11-10 19:39:23.077: 161 epsilon: 0.01
2024-11-10 19:39:23.077: 161 q: 1.0035783
2024-11-10 19:49:05.324: 162 test start:
2024-11-10 19:49:18.212: 162 avg_reward: 1640.0
2024-11-10 19:49:18.212: 162 avg_steps: 643.7
2024-11-10 19:49:18.213: 162 epsilon: 0.01
2024-11-10 19:49:18.213: 162 q: 1.008895
2024-11-10 19:58:48.833: 163 test start:
2024-11-10 19:59:02.158: 163 avg_reward: 1650.0
2024-11-10 19:59:02.158: 163 avg_steps: 645.55
2024-11-10 19:59:02.158: 163 epsilon: 0.01
2024-11-10 19:59:02.158: 163 q: 1.0011035
2024-11-10 20:08:50.029: 164 test start:
2024-11-10 20:09:03.635: 164 avg_reward: 1780.0
2024-11-10 20:09:03.635: 164 avg_steps: 672.9
2024-11-10 20:09:03.635: 164 epsilon: 0.01
2024-11-10 20:09:03.635: 164 q: 1.0070912
2024-11-10 20:18:39.869: 165 test start:
2024-11-10 20:18:53.200: 165 avg_reward: 1650.0
2024-11-10 20:18:53.201: 165 avg_steps: 644.15
2024-11-10 20:18:53.201: 165 epsilon: 0.01
2024-11-10 20:18:53.201: 165 q: 1.013971
2024-11-10 20:28:41.948: 166 test start:
2024-11-10 20:28:55.797: 166 avg_reward: 1690.0
2024-11-10 20:28:55.797: 166 avg_steps: 677.6
2024-11-10 20:28:55.797: 166 epsilon: 0.01
2024-11-10 20:28:55.797: 166 q: 1.0161151
2024-11-10 20:38:36.640: 167 test start:
2024-11-10 20:38:50.294: 167 avg_reward: 1800.0
2024-11-10 20:38:50.294: 167 avg_steps: 677.4
2024-11-10 20:38:50.294: 167 epsilon: 0.01
2024-11-10 20:38:50.294: 167 q: 1.0140543
2024-11-10 20:48:25.495: 168 test start:
2024-11-10 20:48:39.898: 168 avg_reward: 1790.0
2024-11-10 20:48:39.898: 168 avg_steps: 690.8
2024-11-10 20:48:39.898: 168 epsilon: 0.01
2024-11-10 20:48:39.898: 168 q: 1.0233542
2024-11-10 20:58:33.548: 169 test start:
2024-11-10 20:58:47.394: 169 avg_reward: 1750.0
2024-11-10 20:58:47.394: 169 avg_steps: 677.9
2024-11-10 20:58:47.394: 169 epsilon: 0.01
2024-11-10 20:58:47.394: 169 q: 1.0182927
2024-11-10 21:08:29.971: 170 test start:
2024-11-10 21:08:44.187: 170 avg_reward: 1830.0
2024-11-10 21:08:44.188: 170 avg_steps: 688.3
2024-11-10 21:08:44.188: 170 epsilon: 0.01
2024-11-10 21:08:44.188: 170 q: 1.0234301
2024-11-10 21:18:37.470: 171 test start:
2024-11-10 21:18:51.080: 171 avg_reward: 1770.0
2024-11-10 21:18:51.080: 171 avg_steps: 671.45
2024-11-10 21:18:51.080: 171 epsilon: 0.01
2024-11-10 21:18:51.080: 171 q: 1.0244255
2024-11-10 21:28:35.486: 172 test start:
2024-11-10 21:28:49.336: 172 avg_reward: 1780.0
2024-11-10 21:28:49.337: 172 avg_steps: 673.1
2024-11-10 21:28:49.337: 172 epsilon: 0.01
2024-11-10 21:28:49.337: 172 q: 1.049523
2024-11-10 21:38:39.501: 173 test start:
2024-11-10 21:38:53.032: 173 avg_reward: 1810.0
2024-11-10 21:38:53.032: 173 avg_steps: 682.1
2024-11-10 21:38:53.032: 173 epsilon: 0.01
2024-11-10 21:38:53.032: 173 q: 1.0308877
2024-11-10 21:48:35.739: 174 test start:
2024-11-10 21:48:49.160: 174 avg_reward: 1770.0
2024-11-10 21:48:49.161: 174 avg_steps: 676.2
2024-11-10 21:48:49.161: 174 epsilon: 0.01
2024-11-10 21:48:49.161: 174 q: 1.0325869
2024-11-10 21:58:34.871: 175 test start:
2024-11-10 21:58:46.925: 175 avg_reward: 1490.0
2024-11-10 21:58:46.925: 175 avg_steps: 609.65
2024-11-10 21:58:46.925: 175 epsilon: 0.01
2024-11-10 21:58:46.925: 175 q: 1.027539
2024-11-10 22:08:26.324: 176 test start:
2024-11-10 22:08:40.145: 176 avg_reward: 1800.0
2024-11-10 22:08:40.146: 176 avg_steps: 676.05
2024-11-10 22:08:40.146: 176 epsilon: 0.01
2024-11-10 22:08:40.146: 176 q: 1.0149214
2024-11-10 22:18:22.313: 177 test start:
2024-11-10 22:18:35.073: 177 avg_reward: 1650.0
2024-11-10 22:18:35.073: 177 avg_steps: 642.65
2024-11-10 22:18:35.073: 177 epsilon: 0.01
2024-11-10 22:18:35.073: 177 q: 1.0290927
2024-11-10 22:28:24.062: 178 test start:
2024-11-10 22:28:36.936: 178 avg_reward: 1800.0
2024-11-10 22:28:36.937: 178 avg_steps: 675.95
2024-11-10 22:28:36.937: 178 epsilon: 0.01
2024-11-10 22:28:36.937: 178 q: 1.0362002
2024-11-10 22:38:15.756: 179 test start:
2024-11-10 22:38:29.580: 179 avg_reward: 1660.0
2024-11-10 22:38:29.580: 179 avg_steps: 676.65
2024-11-10 22:38:29.580: 179 epsilon: 0.01
2024-11-10 22:38:29.580: 179 q: 1.0348419
2024-11-10 22:48:16.967: 180 test start:
2024-11-10 22:48:30.723: 180 avg_reward: 1770.0
2024-11-10 22:48:30.724: 180 avg_steps: 686.35
2024-11-10 22:48:30.724: 180 epsilon: 0.01
2024-11-10 22:48:30.724: 180 q: 1.0454456
2024-11-10 22:58:11.823: 181 test start:
2024-11-10 22:58:25.434: 181 avg_reward: 1650.0
2024-11-10 22:58:25.435: 181 avg_steps: 653.4
2024-11-10 22:58:25.435: 181 epsilon: 0.01
2024-11-10 22:58:25.435: 181 q: 1.0539442
2024-11-10 23:08:10.411: 182 test start:
2024-11-10 23:08:23.918: 182 avg_reward: 1790.0
2024-11-10 23:08:23.918: 182 avg_steps: 676.0
2024-11-10 23:08:23.918: 182 epsilon: 0.01
2024-11-10 23:08:23.918: 182 q: 1.0492442
2024-11-10 23:17:55.414: 183 test start:
2024-11-10 23:18:08.947: 183 avg_reward: 1790.0
2024-11-10 23:18:08.947: 183 avg_steps: 676.0
2024-11-10 23:18:08.947: 183 epsilon: 0.01
2024-11-10 23:18:08.947: 183 q: 1.0482832
2024-11-10 23:27:52.447: 184 test start:
2024-11-10 23:28:06.081: 184 avg_reward: 1780.0
2024-11-10 23:28:06.081: 184 avg_steps: 688.5
2024-11-10 23:28:06.081: 184 epsilon: 0.01
2024-11-10 23:28:06.081: 184 q: 1.0457633
2024-11-10 23:37:42.729: 185 test start:
2024-11-10 23:37:56.698: 185 avg_reward: 1800.0
2024-11-10 23:37:56.698: 185 avg_steps: 676.0
2024-11-10 23:37:56.698: 185 epsilon: 0.01
2024-11-10 23:37:56.698: 185 q: 1.0458168
2024-11-10 23:47:45.775: 186 test start:
2024-11-10 23:47:59.460: 186 avg_reward: 1800.0
2024-11-10 23:47:59.460: 186 avg_steps: 677.5
2024-11-10 23:47:59.460: 186 epsilon: 0.01
2024-11-10 23:47:59.460: 186 q: 1.0575289
2024-11-10 23:57:38.230: 187 test start:
2024-11-10 23:57:52.319: 187 avg_reward: 1800.0
2024-11-10 23:57:52.319: 187 avg_steps: 678.0
2024-11-10 23:57:52.319: 187 epsilon: 0.01
2024-11-10 23:57:52.319: 187 q: 1.052897
2024-11-11 00:07:38.131: 188 test start:
2024-11-11 00:07:51.626: 188 avg_reward: 1800.0
2024-11-11 00:07:51.626: 188 avg_steps: 676.15
2024-11-11 00:07:51.626: 188 epsilon: 0.01
2024-11-11 00:07:51.626: 188 q: 1.0627351
2024-11-11 00:17:30.882: 189 test start:
2024-11-11 00:17:44.736: 189 avg_reward: 1780.0
2024-11-11 00:17:44.737: 189 avg_steps: 673.25
2024-11-11 00:17:44.737: 189 epsilon: 0.01
2024-11-11 00:17:44.737: 189 q: 1.0650383
2024-11-11 00:27:23.359: 190 test start:
2024-11-11 00:27:36.453: 190 avg_reward: 1800.0
2024-11-11 00:27:36.453: 190 avg_steps: 676.4
2024-11-11 00:27:36.453: 190 epsilon: 0.01
2024-11-11 00:27:36.453: 190 q: 1.0747433
2024-11-11 00:37:19.989: 191 test start:
2024-11-11 00:37:32.858: 191 avg_reward: 1800.0
2024-11-11 00:37:32.859: 191 avg_steps: 676.85
2024-11-11 00:37:32.859: 191 epsilon: 0.01
2024-11-11 00:37:32.859: 191 q: 1.0662364
2024-11-11 00:47:05.386: 192 test start:
2024-11-11 00:47:19.058: 192 avg_reward: 1800.0
2024-11-11 00:47:19.058: 192 avg_steps: 675.8
2024-11-11 00:47:19.058: 192 epsilon: 0.01
2024-11-11 00:47:19.058: 192 q: 1.0657866
2024-11-11 00:57:01.177: 193 test start:
2024-11-11 00:57:14.803: 193 avg_reward: 1790.0
2024-11-11 00:57:14.803: 193 avg_steps: 678.85
2024-11-11 00:57:14.803: 193 epsilon: 0.01
2024-11-11 00:57:14.803: 193 q: 1.0640725
2024-11-11 01:06:58.310: 194 test start:
2024-11-11 01:07:12.158: 194 avg_reward: 1790.0
2024-11-11 01:07:12.158: 194 avg_steps: 674.4
2024-11-11 01:07:12.158: 194 epsilon: 0.01
2024-11-11 01:07:12.158: 194 q: 1.0663669
2024-11-11 01:16:53.437: 195 test start:
2024-11-11 01:17:06.874: 195 avg_reward: 1790.0
2024-11-11 01:17:06.875: 195 avg_steps: 675.45
2024-11-11 01:17:06.875: 195 epsilon: 0.01
2024-11-11 01:17:06.875: 195 q: 1.0614225
2024-11-11 01:26:44.585: 196 test start:
2024-11-11 01:26:58.552: 196 avg_reward: 1800.0
2024-11-11 01:26:58.552: 196 avg_steps: 674.8
2024-11-11 01:26:58.552: 196 epsilon: 0.01
2024-11-11 01:26:58.552: 196 q: 1.0629791
2024-11-11 01:36:45.029: 197 test start:
2024-11-11 01:36:57.590: 197 avg_reward: 1480.0
2024-11-11 01:36:57.591: 197 avg_steps: 624.1
2024-11-11 01:36:57.591: 197 epsilon: 0.01
2024-11-11 01:36:57.591: 197 q: 1.0700005
2024-11-11 01:46:33.778: 198 test start:
2024-11-11 01:46:47.500: 198 avg_reward: 1800.0
2024-11-11 01:46:47.501: 198 avg_steps: 675.5
2024-11-11 01:46:47.501: 198 epsilon: 0.01
2024-11-11 01:46:47.501: 198 q: 1.0667362
2024-11-11 01:56:39.226: 199 test start:
2024-11-11 01:56:52.907: 199 avg_reward: 1800.0
2024-11-11 01:56:52.907: 199 avg_steps: 676.6
2024-11-11 01:56:52.907: 199 epsilon: 0.01
2024-11-11 01:56:52.907: 199 q: 1.0672414
2024-11-11 02:06:28.720: 200 test start:
2024-11-11 02:06:41.347: 200 avg_reward: 1780.0
2024-11-11 02:06:41.347: 200 avg_steps: 673.1
2024-11-11 02:06:41.347: 200 epsilon: 0.01
2024-11-11 02:06:41.347: 200 q: 1.0645328
