2024-11-11 02:05:57.988: 
parameters:agent_test_episodes: 20
batch_num_per_epoch: 250000
device: cuda:0
env_name: ALE/WizardOfWor-v5
epsilon_for_test: 0.001
epsilon_max: 0.1
epsilon_min: 0.01
exp_name: ALE-WizardOfWor-v5_2024-11-11-02-05-57
exp_path: ../exps/double_dqn/
exploration_steps: 1000000
gamma: 0.99
held_out_states_num: 1000
learning_rate: 0.00025
log_path: ../exps/double_dqn/
mini_batch_size: 32
model_update_freq: 4
n_times: 5
no_op: 30
phi_channel: 4
replay_buffer_size: 1000000
replay_start_size: 50000
save_model: true
screen_size: 84
seed: 0
skip_k_frame: 4
step_c: 30000
training_steps: 50000000

2024-11-11 02:05:58.063: optimizer: RMSprop (
Parameter Group 0
    alpha: 0.95
    centered: False
    differentiable: False
    eps: 0.01
    foreach: None
    lr: 0.00025
    maximize: False
    momentum: 0
    weight_decay: 0
)
2024-11-11 02:05:58.113: optimizer: RMSprop (
Parameter Group 0
    alpha: 0.95
    centered: False
    differentiable: False
    eps: 0.01
    foreach: None
    lr: 0.00025
    maximize: False
    momentum: 0
    weight_decay: 0
)
2024-11-11 02:14:10.962: 1 test start:
2024-11-11 02:14:19.019: 1 avg_reward: 135.0
2024-11-11 02:14:19.019: 1 avg_steps: 419.8
2024-11-11 02:14:19.019: 1 epsilon: 0.08196769000000001
2024-11-11 02:14:19.019: 1 q: 0.01483811
2024-11-11 02:22:58.623: 2 test start:
2024-11-11 02:23:03.654: 2 avg_reward: 0.0
2024-11-11 02:23:03.654: 2 avg_steps: 258.75
2024-11-11 02:23:03.654: 2 epsilon: 0.05949388
2024-11-11 02:23:03.654: 2 q: 0.023854379
2024-11-11 02:32:08.752: 3 test start:
2024-11-11 02:32:24.499: 3 avg_reward: 245.0
2024-11-11 02:32:24.499: 3 avg_steps: 824.8
2024-11-11 02:32:24.499: 3 epsilon: 0.036878499999999995
2024-11-11 02:32:24.499: 3 q: 0.021446254
2024-11-11 02:41:15.822: 4 test start:
2024-11-11 02:41:53.376: 4 avg_reward: 785.0
2024-11-11 02:41:53.377: 4 avg_steps: 1953.2
2024-11-11 02:41:53.377: 4 epsilon: 0.014402889999999988
2024-11-11 02:41:53.377: 4 q: 0.029239884
2024-11-11 02:50:57.618: 5 test start:
2024-11-11 02:51:08.156: 5 avg_reward: 100.0
2024-11-11 02:51:08.156: 5 avg_steps: 542.85
2024-11-11 02:51:08.156: 5 epsilon: 0.01
2024-11-11 02:51:08.156: 5 q: 0.05469233
2024-11-11 03:00:01.119: 6 test start:
2024-11-11 03:00:10.863: 6 avg_reward: 140.0
2024-11-11 03:00:10.863: 6 avg_steps: 505.9
2024-11-11 03:00:10.863: 6 epsilon: 0.01
2024-11-11 03:00:10.863: 6 q: 0.046901867
2024-11-11 03:09:19.345: 7 test start:
2024-11-11 03:09:33.621: 7 avg_reward: 260.0
2024-11-11 03:09:33.622: 7 avg_steps: 731.8
2024-11-11 03:09:33.622: 7 epsilon: 0.01
2024-11-11 03:09:33.622: 7 q: 0.056590866
2024-11-11 03:18:33.409: 8 test start:
2024-11-11 03:18:48.943: 8 avg_reward: 285.0
2024-11-11 03:18:48.944: 8 avg_steps: 797.4
2024-11-11 03:18:48.944: 8 epsilon: 0.01
2024-11-11 03:18:48.944: 8 q: 0.06944089
2024-11-11 03:28:02.052: 9 test start:
2024-11-11 03:28:24.741: 9 avg_reward: 405.0
2024-11-11 03:28:24.741: 9 avg_steps: 1159.55
2024-11-11 03:28:24.741: 9 epsilon: 0.01
2024-11-11 03:28:24.741: 9 q: 0.07007523
2024-11-11 03:37:28.188: 10 test start:
2024-11-11 03:37:47.219: 10 avg_reward: 400.0
2024-11-11 03:37:47.219: 10 avg_steps: 981.55
2024-11-11 03:37:47.219: 10 epsilon: 0.01
2024-11-11 03:37:47.219: 10 q: 0.07900771
2024-11-11 03:46:59.713: 11 test start:
2024-11-11 03:47:05.701: 11 avg_reward: 100.0
2024-11-11 03:47:05.702: 11 avg_steps: 303.65
2024-11-11 03:47:05.702: 11 epsilon: 0.01
2024-11-11 03:47:05.702: 11 q: 0.0785631
2024-11-11 03:56:05.334: 12 test start:
2024-11-11 03:56:33.169: 12 avg_reward: 760.0
2024-11-11 03:56:33.169: 12 avg_steps: 1440.85
2024-11-11 03:56:33.169: 12 epsilon: 0.01
2024-11-11 03:56:33.169: 12 q: 0.07241603
2024-11-11 04:05:50.137: 13 test start:
2024-11-11 04:06:12.312: 13 avg_reward: 770.0
2024-11-11 04:06:12.313: 13 avg_steps: 1138.9
2024-11-11 04:06:12.313: 13 epsilon: 0.01
2024-11-11 04:06:12.313: 13 q: 0.08342832
2024-11-11 04:15:14.180: 14 test start:
2024-11-11 04:15:28.220: 14 avg_reward: 275.0
2024-11-11 04:15:28.220: 14 avg_steps: 716.2
2024-11-11 04:15:28.220: 14 epsilon: 0.01
2024-11-11 04:15:28.220: 14 q: 0.094895035
2024-11-11 04:24:48.000: 15 test start:
2024-11-11 04:24:57.141: 15 avg_reward: 130.0
2024-11-11 04:24:57.141: 15 avg_steps: 467.8
2024-11-11 04:24:57.142: 15 epsilon: 0.01
2024-11-11 04:24:57.142: 15 q: 0.11914287
2024-11-11 04:34:03.275: 16 test start:
2024-11-11 04:34:14.305: 16 avg_reward: 160.0
2024-11-11 04:34:14.305: 16 avg_steps: 564.8
2024-11-11 04:34:14.305: 16 epsilon: 0.01
2024-11-11 04:34:14.305: 16 q: 0.13402969
2024-11-11 04:43:31.812: 17 test start:
2024-11-11 04:43:37.726: 17 avg_reward: 100.0
2024-11-11 04:43:37.726: 17 avg_steps: 298.85
2024-11-11 04:43:37.726: 17 epsilon: 0.01
2024-11-11 04:43:37.726: 17 q: 0.13580503
2024-11-11 04:52:43.088: 18 test start:
2024-11-11 04:53:09.644: 18 avg_reward: 660.0
2024-11-11 04:53:09.644: 18 avg_steps: 1355.1
2024-11-11 04:53:09.644: 18 epsilon: 0.01
2024-11-11 04:53:09.644: 18 q: 0.14378002
2024-11-11 05:02:21.587: 19 test start:
2024-11-11 05:02:28.089: 19 avg_reward: 100.0
2024-11-11 05:02:28.089: 19 avg_steps: 339.3
2024-11-11 05:02:28.090: 19 epsilon: 0.01
2024-11-11 05:02:28.090: 19 q: 0.14681512
2024-11-11 05:11:35.298: 20 test start:
2024-11-11 05:11:54.469: 20 avg_reward: 660.0
2024-11-11 05:11:54.469: 20 avg_steps: 956.4
2024-11-11 05:11:54.469: 20 epsilon: 0.01
2024-11-11 05:11:54.469: 20 q: 0.1588771
2024-11-11 05:21:07.023: 21 test start:
2024-11-11 05:21:17.405: 21 avg_reward: 205.0
2024-11-11 05:21:17.405: 21 avg_steps: 547.25
2024-11-11 05:21:17.405: 21 epsilon: 0.01
2024-11-11 05:21:17.405: 21 q: 0.16574624
2024-11-11 05:30:28.088: 22 test start:
2024-11-11 05:30:44.135: 22 avg_reward: 445.0
2024-11-11 05:30:44.136: 22 avg_steps: 795.8
2024-11-11 05:30:44.136: 22 epsilon: 0.01
2024-11-11 05:30:44.136: 22 q: 0.18305972
2024-11-11 05:39:57.798: 23 test start:
2024-11-11 05:40:31.735: 23 avg_reward: 970.0
2024-11-11 05:40:31.735: 23 avg_steps: 1792.25
2024-11-11 05:40:31.735: 23 epsilon: 0.01
2024-11-11 05:40:31.735: 23 q: 0.1894712
2024-11-11 05:49:41.693: 24 test start:
2024-11-11 05:49:55.333: 24 avg_reward: 350.0
2024-11-11 05:49:55.333: 24 avg_steps: 675.8
2024-11-11 05:49:55.333: 24 epsilon: 0.01
2024-11-11 05:49:55.333: 24 q: 0.24112393
2024-11-11 05:59:01.436: 25 test start:
2024-11-11 05:59:24.029: 25 avg_reward: 435.0
2024-11-11 05:59:24.029: 25 avg_steps: 1231.4
2024-11-11 05:59:24.029: 25 epsilon: 0.01
2024-11-11 05:59:24.029: 25 q: 0.22846568
2024-11-11 06:08:38.845: 26 test start:
2024-11-11 06:08:58.901: 26 avg_reward: 705.0
2024-11-11 06:08:58.901: 26 avg_steps: 1008.6
2024-11-11 06:08:58.901: 26 epsilon: 0.01
2024-11-11 06:08:58.901: 26 q: 0.2242764
2024-11-11 06:18:02.767: 27 test start:
2024-11-11 06:18:11.361: 27 avg_reward: 230.0
2024-11-11 06:18:11.361: 27 avg_steps: 465.1
2024-11-11 06:18:11.361: 27 epsilon: 0.01
2024-11-11 06:18:11.361: 27 q: 0.23811953
2024-11-11 06:27:26.013: 28 test start:
2024-11-11 06:27:37.562: 28 avg_reward: 245.0
2024-11-11 06:27:37.562: 28 avg_steps: 594.85
2024-11-11 06:27:37.562: 28 epsilon: 0.01
2024-11-11 06:27:37.562: 28 q: 0.22640668
2024-11-11 06:36:40.183: 29 test start:
2024-11-11 06:36:56.201: 29 avg_reward: 715.0
2024-11-11 06:36:56.201: 29 avg_steps: 862.25
2024-11-11 06:36:56.201: 29 epsilon: 0.01
2024-11-11 06:36:56.201: 29 q: 0.25703168
2024-11-11 06:46:15.708: 30 test start:
2024-11-11 06:46:42.087: 30 avg_reward: 1020.0
2024-11-11 06:46:42.087: 30 avg_steps: 1400.4
2024-11-11 06:46:42.087: 30 epsilon: 0.01
2024-11-11 06:46:42.087: 30 q: 0.29766053
2024-11-11 06:55:42.538: 31 test start:
2024-11-11 06:55:57.483: 31 avg_reward: 650.0
2024-11-11 06:55:57.484: 31 avg_steps: 785.3
2024-11-11 06:55:57.484: 31 epsilon: 0.01
2024-11-11 06:55:57.484: 31 q: 0.28939977
2024-11-11 07:05:09.134: 32 test start:
2024-11-11 07:05:23.027: 32 avg_reward: 440.0
2024-11-11 07:05:23.027: 32 avg_steps: 733.8
2024-11-11 07:05:23.027: 32 epsilon: 0.01
2024-11-11 07:05:23.027: 32 q: 0.31766063
2024-11-11 07:14:22.966: 33 test start:
2024-11-11 07:14:38.734: 33 avg_reward: 460.0
2024-11-11 07:14:38.734: 33 avg_steps: 821.9
2024-11-11 07:14:38.734: 33 epsilon: 0.01
2024-11-11 07:14:38.734: 33 q: 0.3373522
2024-11-11 07:23:53.437: 34 test start:
2024-11-11 07:24:08.983: 34 avg_reward: 530.0
2024-11-11 07:24:08.983: 34 avg_steps: 812.8
2024-11-11 07:24:08.983: 34 epsilon: 0.01
2024-11-11 07:24:08.983: 34 q: 0.3698254
2024-11-11 07:33:07.303: 35 test start:
2024-11-11 07:33:20.343: 35 avg_reward: 565.0
2024-11-11 07:33:20.344: 35 avg_steps: 699.15
2024-11-11 07:33:20.344: 35 epsilon: 0.01
2024-11-11 07:33:20.344: 35 q: 0.3666363
2024-11-11 07:42:37.302: 36 test start:
2024-11-11 07:42:53.769: 36 avg_reward: 660.0
2024-11-11 07:42:53.770: 36 avg_steps: 851.05
2024-11-11 07:42:53.770: 36 epsilon: 0.01
2024-11-11 07:42:53.770: 36 q: 0.37808093
2024-11-11 07:51:54.014: 37 test start:
2024-11-11 07:52:20.024: 37 avg_reward: 1125.0
2024-11-11 07:52:20.025: 37 avg_steps: 1348.75
2024-11-11 07:52:20.025: 37 epsilon: 0.01
2024-11-11 07:52:20.025: 37 q: 0.3700324
2024-11-11 08:01:28.819: 38 test start:
2024-11-11 08:01:40.626: 38 avg_reward: 730.0
2024-11-11 08:01:40.626: 38 avg_steps: 607.7
2024-11-11 08:01:40.626: 38 epsilon: 0.01
2024-11-11 08:01:40.626: 38 q: 0.3849336
2024-11-11 08:10:39.236: 39 test start:
2024-11-11 08:11:03.154: 39 avg_reward: 1575.0
2024-11-11 08:11:03.154: 39 avg_steps: 1225.15
2024-11-11 08:11:03.155: 39 epsilon: 0.01
2024-11-11 08:11:03.155: 39 q: 0.41650012
2024-11-11 08:20:15.875: 40 test start:
2024-11-11 08:20:34.848: 40 avg_reward: 910.0
2024-11-11 08:20:34.848: 40 avg_steps: 981.4
2024-11-11 08:20:34.848: 40 epsilon: 0.01
2024-11-11 08:20:34.848: 40 q: 0.42655587
2024-11-11 08:29:30.108: 41 test start:
2024-11-11 08:29:57.417: 41 avg_reward: 1970.0
2024-11-11 08:29:57.418: 41 avg_steps: 1425.0
2024-11-11 08:29:57.418: 41 epsilon: 0.01
2024-11-11 08:29:57.418: 41 q: 0.46149555
2024-11-11 08:39:10.652: 42 test start:
2024-11-11 08:39:25.472: 42 avg_reward: 815.0
2024-11-11 08:39:25.472: 42 avg_steps: 766.45
2024-11-11 08:39:25.473: 42 epsilon: 0.01
2024-11-11 08:39:25.473: 42 q: 0.5122949
2024-11-11 08:48:18.259: 43 test start:
2024-11-11 08:48:35.898: 43 avg_reward: 710.0
2024-11-11 08:48:35.898: 43 avg_steps: 911.25
2024-11-11 08:48:35.898: 43 epsilon: 0.01
2024-11-11 08:48:35.898: 43 q: 0.50644517
2024-11-11 08:57:50.316: 44 test start:
2024-11-11 08:58:20.128: 44 avg_reward: 2000.0
2024-11-11 08:58:20.129: 44 avg_steps: 1528.5
2024-11-11 08:58:20.129: 44 epsilon: 0.01
2024-11-11 08:58:20.129: 44 q: 0.52121496
2024-11-11 09:07:20.026: 45 test start:
2024-11-11 09:07:40.004: 45 avg_reward: 1120.0
2024-11-11 09:07:40.005: 45 avg_steps: 1035.6
2024-11-11 09:07:40.005: 45 epsilon: 0.01
2024-11-11 09:07:40.005: 45 q: 0.6031545
2024-11-11 09:16:50.772: 46 test start:
2024-11-11 09:17:11.827: 46 avg_reward: 1220.0
2024-11-11 09:17:11.827: 46 avg_steps: 1104.05
2024-11-11 09:17:11.827: 46 epsilon: 0.01
2024-11-11 09:17:11.827: 46 q: 0.60186875
2024-11-11 09:26:06.880: 47 test start:
2024-11-11 09:26:33.596: 47 avg_reward: 1695.0
2024-11-11 09:26:33.596: 47 avg_steps: 1394.95
2024-11-11 09:26:33.596: 47 epsilon: 0.01
2024-11-11 09:26:33.596: 47 q: 0.6612953
2024-11-11 09:35:44.996: 48 test start:
2024-11-11 09:36:05.046: 48 avg_reward: 1695.0
2024-11-11 09:36:05.047: 48 avg_steps: 1036.95
2024-11-11 09:36:05.047: 48 epsilon: 0.01
2024-11-11 09:36:05.047: 48 q: 0.64582664
2024-11-11 09:45:01.358: 49 test start:
2024-11-11 09:45:21.386: 49 avg_reward: 1370.0
2024-11-11 09:45:21.386: 49 avg_steps: 1026.45
2024-11-11 09:45:21.386: 49 epsilon: 0.01
2024-11-11 09:45:21.386: 49 q: 0.6717817
2024-11-11 09:54:34.408: 50 test start:
2024-11-11 09:55:02.208: 50 avg_reward: 2445.0
2024-11-11 09:55:02.208: 50 avg_steps: 1458.75
2024-11-11 09:55:02.208: 50 epsilon: 0.01
2024-11-11 09:55:02.208: 50 q: 0.68554544
2024-11-11 10:03:57.574: 51 test start:
2024-11-11 10:04:21.583: 51 avg_reward: 2035.0
2024-11-11 10:04:21.583: 51 avg_steps: 1242.5
2024-11-11 10:04:21.583: 51 epsilon: 0.01
2024-11-11 10:04:21.583: 51 q: 0.7416365
2024-11-11 10:13:34.944: 52 test start:
2024-11-11 10:13:58.948: 52 avg_reward: 1945.0
2024-11-11 10:13:58.948: 52 avg_steps: 1243.3
2024-11-11 10:13:58.948: 52 epsilon: 0.01
2024-11-11 10:13:58.948: 52 q: 0.75247693
2024-11-11 10:22:58.383: 53 test start:
2024-11-11 10:23:24.183: 53 avg_reward: 2860.0
2024-11-11 10:23:24.183: 53 avg_steps: 1345.1
2024-11-11 10:23:24.183: 53 epsilon: 0.01
2024-11-11 10:23:24.183: 53 q: 0.7741587
2024-11-11 10:32:35.377: 54 test start:
2024-11-11 10:32:58.823: 54 avg_reward: 2015.0
2024-11-11 10:32:58.823: 54 avg_steps: 1212.6
2024-11-11 10:32:58.823: 54 epsilon: 0.01
2024-11-11 10:32:58.823: 54 q: 0.76450765
2024-11-11 10:41:59.164: 55 test start:
2024-11-11 10:42:24.696: 55 avg_reward: 1635.0
2024-11-11 10:42:24.696: 55 avg_steps: 1329.85
2024-11-11 10:42:24.696: 55 epsilon: 0.01
2024-11-11 10:42:24.696: 55 q: 0.7874403
2024-11-11 10:51:35.377: 56 test start:
2024-11-11 10:52:01.856: 56 avg_reward: 2135.0
2024-11-11 10:52:01.856: 56 avg_steps: 1369.05
2024-11-11 10:52:01.856: 56 epsilon: 0.01
2024-11-11 10:52:01.856: 56 q: 0.811075
2024-11-11 11:00:59.274: 57 test start:
2024-11-11 11:01:20.990: 57 avg_reward: 1500.0
2024-11-11 11:01:20.991: 57 avg_steps: 1150.65
2024-11-11 11:01:20.991: 57 epsilon: 0.01
2024-11-11 11:01:20.991: 57 q: 0.8136773
2024-11-11 11:10:36.511: 58 test start:
2024-11-11 11:10:58.876: 58 avg_reward: 2115.0
2024-11-11 11:10:58.876: 58 avg_steps: 1233.9
2024-11-11 11:10:58.876: 58 epsilon: 0.01
2024-11-11 11:10:58.876: 58 q: 0.82851005
2024-11-11 11:19:58.125: 59 test start:
2024-11-11 11:20:21.303: 59 avg_reward: 2080.0
2024-11-11 11:20:21.303: 59 avg_steps: 1220.25
2024-11-11 11:20:21.303: 59 epsilon: 0.01
2024-11-11 11:20:21.303: 59 q: 0.84074247
2024-11-11 11:29:34.694: 60 test start:
2024-11-11 11:29:50.823: 60 avg_reward: 1270.0
2024-11-11 11:29:50.823: 60 avg_steps: 834.85
2024-11-11 11:29:50.823: 60 epsilon: 0.01
2024-11-11 11:29:50.823: 60 q: 0.85806996
2024-11-11 11:38:49.648: 61 test start:
2024-11-11 11:39:04.961: 61 avg_reward: 1220.0
2024-11-11 11:39:04.961: 61 avg_steps: 778.25
2024-11-11 11:39:04.961: 61 epsilon: 0.01
2024-11-11 11:39:04.961: 61 q: 0.8690058
2024-11-11 11:48:17.398: 62 test start:
2024-11-11 11:48:39.770: 62 avg_reward: 1980.0
2024-11-11 11:48:39.771: 62 avg_steps: 1157.15
2024-11-11 11:48:39.771: 62 epsilon: 0.01
2024-11-11 11:48:39.771: 62 q: 0.87795025
2024-11-11 11:57:37.063: 63 test start:
2024-11-11 11:57:55.929: 63 avg_reward: 2060.0
2024-11-11 11:57:55.929: 63 avg_steps: 972.2
2024-11-11 11:57:55.929: 63 epsilon: 0.01
2024-11-11 11:57:55.929: 63 q: 0.9031153
2024-11-11 12:07:05.192: 64 test start:
2024-11-11 12:07:18.024: 64 avg_reward: 780.0
2024-11-11 12:07:18.024: 64 avg_steps: 662.65
2024-11-11 12:07:18.024: 64 epsilon: 0.01
2024-11-11 12:07:18.024: 64 q: 0.90606207
2024-11-11 12:16:16.233: 65 test start:
2024-11-11 12:16:30.698: 65 avg_reward: 1880.0
2024-11-11 12:16:30.698: 65 avg_steps: 732.6
2024-11-11 12:16:30.698: 65 epsilon: 0.01
2024-11-11 12:16:30.698: 65 q: 0.914445
2024-11-11 12:25:43.291: 66 test start:
2024-11-11 12:26:07.329: 66 avg_reward: 3030.0
2024-11-11 12:26:07.330: 66 avg_steps: 1255.45
2024-11-11 12:26:07.330: 66 epsilon: 0.01
2024-11-11 12:26:07.330: 66 q: 0.95187426
2024-11-11 12:35:05.284: 67 test start:
2024-11-11 12:35:26.184: 67 avg_reward: 2485.0
2024-11-11 12:35:26.184: 67 avg_steps: 1040.0
2024-11-11 12:35:26.184: 67 epsilon: 0.01
2024-11-11 12:35:26.184: 67 q: 0.9582289
2024-11-11 12:44:33.003: 68 test start:
2024-11-11 12:44:56.071: 68 avg_reward: 2500.0
2024-11-11 12:44:56.071: 68 avg_steps: 1185.2
2024-11-11 12:44:56.071: 68 epsilon: 0.01
2024-11-11 12:44:56.071: 68 q: 0.96880186
2024-11-11 12:53:56.632: 69 test start:
2024-11-11 12:54:14.852: 69 avg_reward: 3300.0
2024-11-11 12:54:14.852: 69 avg_steps: 933.1
2024-11-11 12:54:14.853: 69 epsilon: 0.01
2024-11-11 12:54:14.853: 69 q: 0.9556253
2024-11-11 13:03:23.977: 70 test start:
2024-11-11 13:03:54.121: 70 avg_reward: 5100.0
2024-11-11 13:03:54.122: 70 avg_steps: 1606.9
2024-11-11 13:03:54.122: 70 epsilon: 0.01
2024-11-11 13:03:54.122: 70 q: 1.0067301
2024-11-11 13:13:03.548: 71 test start:
2024-11-11 13:13:26.994: 71 avg_reward: 3010.0
2024-11-11 13:13:26.995: 71 avg_steps: 1169.05
2024-11-11 13:13:26.995: 71 epsilon: 0.01
2024-11-11 13:13:26.995: 71 q: 1.0559124
2024-11-11 13:22:30.526: 72 test start:
2024-11-11 13:22:57.417: 72 avg_reward: 3305.0
2024-11-11 13:22:57.417: 72 avg_steps: 1440.75
2024-11-11 13:22:57.417: 72 epsilon: 0.01
2024-11-11 13:22:57.417: 72 q: 1.0455632
2024-11-11 13:32:10.314: 73 test start:
2024-11-11 13:32:30.450: 73 avg_reward: 2845.0
2024-11-11 13:32:30.450: 73 avg_steps: 1002.7
2024-11-11 13:32:30.450: 73 epsilon: 0.01
2024-11-11 13:32:30.451: 73 q: 1.0805535
2024-11-11 13:41:35.422: 74 test start:
2024-11-11 13:42:05.154: 74 avg_reward: 4880.0
2024-11-11 13:42:05.154: 74 avg_steps: 1586.05
2024-11-11 13:42:05.154: 74 epsilon: 0.01
2024-11-11 13:42:05.155: 74 q: 1.103536
2024-11-11 13:51:38.040: 75 test start:
2024-11-11 13:52:02.770: 75 avg_reward: 4110.0
2024-11-11 13:52:02.771: 75 avg_steps: 1276.75
2024-11-11 13:52:02.771: 75 epsilon: 0.01
2024-11-11 13:52:02.771: 75 q: 1.0992075
2024-11-11 14:01:24.352: 76 test start:
2024-11-11 14:01:53.098: 76 avg_reward: 5065.0
2024-11-11 14:01:53.098: 76 avg_steps: 1452.55
2024-11-11 14:01:53.098: 76 epsilon: 0.01
2024-11-11 14:01:53.098: 76 q: 1.120422
2024-11-11 14:11:25.383: 77 test start:
2024-11-11 14:11:47.250: 77 avg_reward: 2490.0
2024-11-11 14:11:47.250: 77 avg_steps: 1090.3
2024-11-11 14:11:47.250: 77 epsilon: 0.01
2024-11-11 14:11:47.250: 77 q: 1.1404724
2024-11-11 14:21:04.242: 78 test start:
2024-11-11 14:21:30.276: 78 avg_reward: 4530.0
2024-11-11 14:21:30.277: 78 avg_steps: 1341.75
2024-11-11 14:21:30.277: 78 epsilon: 0.01
2024-11-11 14:21:30.277: 78 q: 1.1331214
2024-11-11 14:30:46.781: 79 test start:
2024-11-11 14:31:17.595: 79 avg_reward: 4950.0
2024-11-11 14:31:17.595: 79 avg_steps: 1606.9
2024-11-11 14:31:17.595: 79 epsilon: 0.01
2024-11-11 14:31:17.595: 79 q: 1.1097739
2024-11-11 14:40:21.336: 80 test start:
2024-11-11 14:40:45.646: 80 avg_reward: 4450.0
2024-11-11 14:40:45.646: 80 avg_steps: 1214.5
2024-11-11 14:40:45.646: 80 epsilon: 0.01
2024-11-11 14:40:45.646: 80 q: 1.1274593
2024-11-11 14:50:20.448: 81 test start:
2024-11-11 14:50:45.955: 81 avg_reward: 3320.0
2024-11-11 14:50:45.955: 81 avg_steps: 1286.45
2024-11-11 14:50:45.956: 81 epsilon: 0.01
2024-11-11 14:50:45.956: 81 q: 1.1097214
2024-11-11 15:00:03.306: 82 test start:
2024-11-11 15:00:26.808: 82 avg_reward: 3195.0
2024-11-11 15:00:26.809: 82 avg_steps: 1212.7
2024-11-11 15:00:26.809: 82 epsilon: 0.01
2024-11-11 15:00:26.809: 82 q: 1.1240371
2024-11-11 15:09:49.425: 83 test start:
2024-11-11 15:10:13.789: 83 avg_reward: 3615.0
2024-11-11 15:10:13.790: 83 avg_steps: 1306.4
2024-11-11 15:10:13.790: 83 epsilon: 0.01
2024-11-11 15:10:13.790: 83 q: 1.0894496
2024-11-11 15:19:32.824: 84 test start:
2024-11-11 15:20:00.775: 84 avg_reward: 4440.0
2024-11-11 15:20:00.775: 84 avg_steps: 1476.9
2024-11-11 15:20:00.775: 84 epsilon: 0.01
2024-11-11 15:20:00.775: 84 q: 1.0868745
2024-11-11 15:29:13.885: 85 test start:
2024-11-11 15:29:37.793: 85 avg_reward: 4745.0
2024-11-11 15:29:37.793: 85 avg_steps: 1249.9
2024-11-11 15:29:37.793: 85 epsilon: 0.01
2024-11-11 15:29:37.793: 85 q: 1.1269279
2024-11-11 15:38:35.686: 86 test start:
2024-11-11 15:39:01.293: 86 avg_reward: 4395.0
2024-11-11 15:39:01.293: 86 avg_steps: 1333.15
2024-11-11 15:39:01.293: 86 epsilon: 0.01
2024-11-11 15:39:01.293: 86 q: 1.1491183
2024-11-11 15:48:12.421: 87 test start:
2024-11-11 15:48:32.956: 87 avg_reward: 3265.0
2024-11-11 15:48:32.956: 87 avg_steps: 1072.15
2024-11-11 15:48:32.956: 87 epsilon: 0.01
2024-11-11 15:48:32.956: 87 q: 1.1519792
2024-11-11 15:57:35.901: 88 test start:
2024-11-11 15:58:01.433: 88 avg_reward: 5635.0
2024-11-11 15:58:01.433: 88 avg_steps: 1313.7
2024-11-11 15:58:01.433: 88 epsilon: 0.01
2024-11-11 15:58:01.433: 88 q: 1.1577722
2024-11-11 16:07:18.651: 89 test start:
2024-11-11 16:07:43.569: 89 avg_reward: 6165.0
2024-11-11 16:07:43.569: 89 avg_steps: 1325.65
2024-11-11 16:07:43.569: 89 epsilon: 0.01
2024-11-11 16:07:43.569: 89 q: 1.1653247
2024-11-11 16:16:51.682: 90 test start:
2024-11-11 16:17:14.363: 90 avg_reward: 5805.0
2024-11-11 16:17:14.363: 90 avg_steps: 1147.95
2024-11-11 16:17:14.363: 90 epsilon: 0.01
2024-11-11 16:17:14.363: 90 q: 1.1483313
2024-11-11 16:26:22.922: 91 test start:
2024-11-11 16:26:43.706: 91 avg_reward: 2975.0
2024-11-11 16:26:43.707: 91 avg_steps: 1119.4
2024-11-11 16:26:43.707: 91 epsilon: 0.01
2024-11-11 16:26:43.707: 91 q: 1.1420437
2024-11-11 16:36:11.624: 92 test start:
2024-11-11 16:36:34.726: 92 avg_reward: 3645.0
2024-11-11 16:36:34.726: 92 avg_steps: 1134.3
2024-11-11 16:36:34.726: 92 epsilon: 0.01
2024-11-11 16:36:34.726: 92 q: 1.127209
2024-11-11 16:45:47.557: 93 test start:
2024-11-11 16:46:06.123: 93 avg_reward: 4380.0
2024-11-11 16:46:06.123: 93 avg_steps: 990.65
2024-11-11 16:46:06.123: 93 epsilon: 0.01
2024-11-11 16:46:06.123: 93 q: 1.1509596
2024-11-11 16:55:56.382: 94 test start:
2024-11-11 16:56:19.498: 94 avg_reward: 3710.0
2024-11-11 16:56:19.498: 94 avg_steps: 1211.65
2024-11-11 16:56:19.499: 94 epsilon: 0.01
2024-11-11 16:56:19.499: 94 q: 1.1346536
2024-11-11 17:05:33.428: 95 test start:
2024-11-11 17:06:01.282: 95 avg_reward: 4775.0
2024-11-11 17:06:01.282: 95 avg_steps: 1473.0
2024-11-11 17:06:01.282: 95 epsilon: 0.01
2024-11-11 17:06:01.282: 95 q: 1.1154512
2024-11-11 17:15:53.151: 96 test start:
2024-11-11 17:16:12.254: 96 avg_reward: 4375.0
2024-11-11 17:16:12.254: 96 avg_steps: 1032.0
2024-11-11 17:16:12.254: 96 epsilon: 0.01
2024-11-11 17:16:12.254: 96 q: 1.1447465
2024-11-11 17:25:25.297: 97 test start:
2024-11-11 17:25:48.151: 97 avg_reward: 3735.0
2024-11-11 17:25:48.151: 97 avg_steps: 1241.45
2024-11-11 17:25:48.151: 97 epsilon: 0.01
2024-11-11 17:25:48.152: 97 q: 1.1417658
2024-11-11 17:35:43.499: 98 test start:
2024-11-11 17:36:10.138: 98 avg_reward: 7075.0
2024-11-11 17:36:10.138: 98 avg_steps: 1455.15
2024-11-11 17:36:10.138: 98 epsilon: 0.01
2024-11-11 17:36:10.138: 98 q: 1.1511948
2024-11-11 17:45:19.158: 99 test start:
2024-11-11 17:45:40.277: 99 avg_reward: 4310.0
2024-11-11 17:45:40.278: 99 avg_steps: 1130.25
2024-11-11 17:45:40.278: 99 epsilon: 0.01
2024-11-11 17:45:40.278: 99 q: 1.1586672
2024-11-11 17:55:36.082: 100 test start:
2024-11-11 17:55:54.099: 100 avg_reward: 3845.0
2024-11-11 17:55:54.105: 100 avg_steps: 990.4
2024-11-11 17:55:54.105: 100 epsilon: 0.01
2024-11-11 17:55:54.105: 100 q: 1.1794499
2024-11-11 18:05:18.784: 101 test start:
2024-11-11 18:05:38.933: 101 avg_reward: 4100.0
2024-11-11 18:05:38.934: 101 avg_steps: 1034.95
2024-11-11 18:05:38.934: 101 epsilon: 0.01
2024-11-11 18:05:38.934: 101 q: 1.1668078
2024-11-11 18:15:23.624: 102 test start:
2024-11-11 18:15:50.491: 102 avg_reward: 8075.0
2024-11-11 18:15:50.491: 102 avg_steps: 1484.7
2024-11-11 18:15:50.491: 102 epsilon: 0.01
2024-11-11 18:15:50.491: 102 q: 1.1756119
2024-11-11 18:25:23.938: 103 test start:
2024-11-11 18:25:49.594: 103 avg_reward: 6640.0
2024-11-11 18:25:49.595: 103 avg_steps: 1336.35
2024-11-11 18:25:49.595: 103 epsilon: 0.01
2024-11-11 18:25:49.595: 103 q: 1.184927
2024-11-11 18:35:16.689: 104 test start:
2024-11-11 18:35:35.005: 104 avg_reward: 4385.0
2024-11-11 18:35:35.005: 104 avg_steps: 1010.55
2024-11-11 18:35:35.005: 104 epsilon: 0.01
2024-11-11 18:35:35.005: 104 q: 1.16869
2024-11-11 18:45:12.118: 105 test start:
2024-11-11 18:45:35.400: 105 avg_reward: 4550.0
2024-11-11 18:45:35.400: 105 avg_steps: 1200.0
2024-11-11 18:45:35.400: 105 epsilon: 0.01
2024-11-11 18:45:35.400: 105 q: 1.2262089
2024-11-11 18:54:58.876: 106 test start:
2024-11-11 18:55:19.452: 106 avg_reward: 4580.0
2024-11-11 18:55:19.452: 106 avg_steps: 1141.45
2024-11-11 18:55:19.453: 106 epsilon: 0.01
2024-11-11 18:55:19.453: 106 q: 1.1731328
2024-11-11 19:05:11.400: 107 test start:
2024-11-11 19:05:35.911: 107 avg_reward: 7240.0
2024-11-11 19:05:35.911: 107 avg_steps: 1315.35
2024-11-11 19:05:35.911: 107 epsilon: 0.01
2024-11-11 19:05:35.911: 107 q: 1.2172226
2024-11-11 19:14:48.322: 108 test start:
2024-11-11 19:15:06.730: 108 avg_reward: 4650.0
2024-11-11 19:15:06.730: 108 avg_steps: 992.85
2024-11-11 19:15:06.730: 108 epsilon: 0.01
2024-11-11 19:15:06.730: 108 q: 1.2332852
2024-11-11 19:25:03.984: 109 test start:
2024-11-11 19:25:23.727: 109 avg_reward: 4930.0
2024-11-11 19:25:23.728: 109 avg_steps: 1054.85
2024-11-11 19:25:23.728: 109 epsilon: 0.01
2024-11-11 19:25:23.728: 109 q: 1.2393752
2024-11-11 19:34:28.209: 110 test start:
2024-11-11 19:34:45.955: 110 avg_reward: 6040.0
2024-11-11 19:34:45.955: 110 avg_steps: 961.1
2024-11-11 19:34:45.955: 110 epsilon: 0.01
2024-11-11 19:34:45.955: 110 q: 1.2516546
2024-11-11 19:44:37.060: 111 test start:
2024-11-11 19:44:58.312: 111 avg_reward: 4800.0
2024-11-11 19:44:58.313: 111 avg_steps: 1141.45
2024-11-11 19:44:58.313: 111 epsilon: 0.01
2024-11-11 19:44:58.313: 111 q: 1.2748501
2024-11-11 19:54:07.309: 112 test start:
2024-11-11 19:54:24.267: 112 avg_reward: 4285.0
2024-11-11 19:54:24.268: 112 avg_steps: 937.05
2024-11-11 19:54:24.268: 112 epsilon: 0.01
2024-11-11 19:54:24.268: 112 q: 1.2609521
2024-11-11 20:04:19.311: 113 test start:
2024-11-11 20:04:42.845: 113 avg_reward: 5940.0
2024-11-11 20:04:42.845: 113 avg_steps: 1309.15
2024-11-11 20:04:42.845: 113 epsilon: 0.01
2024-11-11 20:04:42.845: 113 q: 1.3027055
2024-11-11 20:13:54.108: 114 test start:
2024-11-11 20:14:12.423: 114 avg_reward: 5120.0
2024-11-11 20:14:12.423: 114 avg_steps: 988.35
2024-11-11 20:14:12.423: 114 epsilon: 0.01
2024-11-11 20:14:12.423: 114 q: 1.2905734
2024-11-11 20:23:53.263: 115 test start:
2024-11-11 20:24:15.088: 115 avg_reward: 7785.0
2024-11-11 20:24:15.088: 115 avg_steps: 1221.15
2024-11-11 20:24:15.088: 115 epsilon: 0.01
2024-11-11 20:24:15.088: 115 q: 1.2911615
2024-11-11 20:33:23.136: 116 test start:
2024-11-11 20:33:34.580: 116 avg_reward: 2660.0
2024-11-11 20:33:34.580: 116 avg_steps: 574.0
2024-11-11 20:33:34.580: 116 epsilon: 0.01
2024-11-11 20:33:34.580: 116 q: 1.2711287
2024-11-11 20:43:08.167: 117 test start:
2024-11-11 20:43:32.435: 117 avg_reward: 7170.0
2024-11-11 20:43:32.435: 117 avg_steps: 1321.9
2024-11-11 20:43:32.435: 117 epsilon: 0.01
2024-11-11 20:43:32.435: 117 q: 1.2395362
2024-11-11 20:52:54.865: 118 test start:
2024-11-11 20:53:18.997: 118 avg_reward: 7355.0
2024-11-11 20:53:18.997: 118 avg_steps: 1207.8
2024-11-11 20:53:18.997: 118 epsilon: 0.01
2024-11-11 20:53:18.997: 118 q: 1.2522166
2024-11-11 21:02:49.997: 119 test start:
2024-11-11 21:03:11.817: 119 avg_reward: 7075.0
2024-11-11 21:03:11.818: 119 avg_steps: 1173.35
2024-11-11 21:03:11.818: 119 epsilon: 0.01
2024-11-11 21:03:11.818: 119 q: 1.2573296
2024-11-11 21:12:28.515: 120 test start:
2024-11-11 21:12:47.452: 120 avg_reward: 4020.0
2024-11-11 21:12:47.453: 120 avg_steps: 936.75
2024-11-11 21:12:47.453: 120 epsilon: 0.01
2024-11-11 21:12:47.453: 120 q: 1.2432642
2024-11-11 21:22:13.538: 121 test start:
2024-11-11 21:22:32.405: 121 avg_reward: 4300.0
2024-11-11 21:22:32.405: 121 avg_steps: 987.65
2024-11-11 21:22:32.405: 121 epsilon: 0.01
2024-11-11 21:22:32.405: 121 q: 1.2778349
2024-11-11 21:32:30.592: 122 test start:
2024-11-11 21:33:06.004: 122 avg_reward: 9375.0
2024-11-11 21:33:06.004: 122 avg_steps: 1743.95
2024-11-11 21:33:06.004: 122 epsilon: 0.01
2024-11-11 21:33:06.004: 122 q: 1.3234835
2024-11-11 21:42:29.554: 123 test start:
2024-11-11 21:42:55.964: 123 avg_reward: 8155.0
2024-11-11 21:42:55.964: 123 avg_steps: 1373.7
2024-11-11 21:42:55.964: 123 epsilon: 0.01
2024-11-11 21:42:55.964: 123 q: 1.3255085
2024-11-11 21:52:50.147: 124 test start:
2024-11-11 21:53:11.407: 124 avg_reward: 6195.0
2024-11-11 21:53:11.407: 124 avg_steps: 1094.0
2024-11-11 21:53:11.407: 124 epsilon: 0.01
2024-11-11 21:53:11.407: 124 q: 1.371562
2024-11-11 22:02:46.186: 125 test start:
2024-11-11 22:03:06.434: 125 avg_reward: 6030.0
2024-11-11 22:03:06.435: 125 avg_steps: 997.1
2024-11-11 22:03:06.435: 125 epsilon: 0.01
2024-11-11 22:03:06.435: 125 q: 1.3759489
2024-11-11 22:13:11.460: 126 test start:
2024-11-11 22:13:31.384: 126 avg_reward: 5435.0
2024-11-11 22:13:31.385: 126 avg_steps: 1018.1
2024-11-11 22:13:31.385: 126 epsilon: 0.01
2024-11-11 22:13:31.385: 126 q: 1.4367092
2024-11-11 22:23:08.828: 127 test start:
2024-11-11 22:23:29.232: 127 avg_reward: 5020.0
2024-11-11 22:23:29.233: 127 avg_steps: 998.95
2024-11-11 22:23:29.233: 127 epsilon: 0.01
2024-11-11 22:23:29.233: 127 q: 1.4382647
2024-11-11 22:33:23.118: 128 test start:
2024-11-11 22:33:51.217: 128 avg_reward: 7210.0
2024-11-11 22:33:51.217: 128 avg_steps: 1466.55
2024-11-11 22:33:51.218: 128 epsilon: 0.01
2024-11-11 22:33:51.218: 128 q: 1.450114
2024-11-11 22:43:37.460: 129 test start:
2024-11-11 22:43:57.406: 129 avg_reward: 4950.0
2024-11-11 22:43:57.406: 129 avg_steps: 1006.55
2024-11-11 22:43:57.407: 129 epsilon: 0.01
2024-11-11 22:43:57.407: 129 q: 1.5142428
2024-11-11 22:53:54.367: 130 test start:
2024-11-11 22:54:12.543: 130 avg_reward: 5155.0
2024-11-11 22:54:12.544: 130 avg_steps: 964.6
2024-11-11 22:54:12.544: 130 epsilon: 0.01
2024-11-11 22:54:12.544: 130 q: 1.4823613
2024-11-11 23:04:09.900: 131 test start:
2024-11-11 23:04:40.226: 131 avg_reward: 8770.0
2024-11-11 23:04:40.226: 131 avg_steps: 1501.95
2024-11-11 23:04:40.226: 131 epsilon: 0.01
2024-11-11 23:04:40.226: 131 q: 1.4859055
2024-11-11 23:14:19.271: 132 test start:
2024-11-11 23:14:35.339: 132 avg_reward: 2565.0
2024-11-11 23:14:35.339: 132 avg_steps: 829.25
2024-11-11 23:14:35.339: 132 epsilon: 0.01
2024-11-11 23:14:35.339: 132 q: 1.5301441
2024-11-11 23:24:42.266: 133 test start:
2024-11-11 23:25:06.857: 133 avg_reward: 6320.0
2024-11-11 23:25:06.857: 133 avg_steps: 1213.15
2024-11-11 23:25:06.857: 133 epsilon: 0.01
2024-11-11 23:25:06.857: 133 q: 1.5247067
2024-11-11 23:34:42.117: 134 test start:
2024-11-11 23:35:08.868: 134 avg_reward: 10735.0
2024-11-11 23:35:08.869: 134 avg_steps: 1395.5
2024-11-11 23:35:08.869: 134 epsilon: 0.01
2024-11-11 23:35:08.869: 134 q: 1.5400596
2024-11-11 23:45:14.564: 135 test start:
2024-11-11 23:45:39.080: 135 avg_reward: 8355.0
2024-11-11 23:45:39.080: 135 avg_steps: 1257.0
2024-11-11 23:45:39.080: 135 epsilon: 0.01
2024-11-11 23:45:39.080: 135 q: 1.5335578
2024-11-11 23:55:05.597: 136 test start:
2024-11-11 23:55:36.732: 136 avg_reward: 10060.0
2024-11-11 23:55:36.732: 136 avg_steps: 1578.0
2024-11-11 23:55:36.733: 136 epsilon: 0.01
2024-11-11 23:55:36.733: 136 q: 1.5601592
2024-11-12 00:05:47.938: 137 test start:
2024-11-12 00:06:09.116: 137 avg_reward: 4615.0
2024-11-12 00:06:09.116: 137 avg_steps: 1080.0
2024-11-12 00:06:09.122: 137 epsilon: 0.01
2024-11-12 00:06:09.122: 137 q: 1.576772
2024-11-12 00:15:46.497: 138 test start:
2024-11-12 00:16:19.482: 138 avg_reward: 9200.0
2024-11-12 00:16:19.483: 138 avg_steps: 1628.3
2024-11-12 00:16:19.483: 138 epsilon: 0.01
2024-11-12 00:16:19.483: 138 q: 1.5419768
2024-11-12 00:26:18.025: 139 test start:
2024-11-12 00:26:33.890: 139 avg_reward: 3720.0
2024-11-12 00:26:33.890: 139 avg_steps: 831.4
2024-11-12 00:26:33.890: 139 epsilon: 0.01
2024-11-12 00:26:33.890: 139 q: 1.5880649
2024-11-12 00:36:08.464: 140 test start:
2024-11-12 00:36:30.336: 140 avg_reward: 7165.0
2024-11-12 00:36:30.336: 140 avg_steps: 1102.25
2024-11-12 00:36:30.336: 140 epsilon: 0.01
2024-11-12 00:36:30.336: 140 q: 1.6053902
2024-11-12 00:46:17.956: 141 test start:
2024-11-12 00:46:42.916: 141 avg_reward: 11440.0
2024-11-12 00:46:42.916: 141 avg_steps: 1305.95
2024-11-12 00:46:42.916: 141 epsilon: 0.01
2024-11-12 00:46:42.916: 141 q: 1.5955753
2024-11-12 00:56:08.242: 142 test start:
2024-11-12 00:56:30.180: 142 avg_reward: 6110.0
2024-11-12 00:56:30.180: 142 avg_steps: 1112.5
2024-11-12 00:56:30.181: 142 epsilon: 0.01
2024-11-12 00:56:30.181: 142 q: 1.5553488
2024-11-12 01:06:01.983: 143 test start:
2024-11-12 01:06:25.125: 143 avg_reward: 6670.0
2024-11-12 01:06:25.125: 143 avg_steps: 1193.55
2024-11-12 01:06:25.125: 143 epsilon: 0.01
2024-11-12 01:06:25.125: 143 q: 1.5575181
2024-11-12 01:16:13.980: 144 test start:
2024-11-12 01:16:39.545: 144 avg_reward: 7810.0
2024-11-12 01:16:39.545: 144 avg_steps: 1261.3
2024-11-12 01:16:39.545: 144 epsilon: 0.01
2024-11-12 01:16:39.545: 144 q: 1.5259398
2024-11-12 01:26:26.140: 145 test start:
2024-11-12 01:26:52.710: 145 avg_reward: 8695.0
2024-11-12 01:26:52.711: 145 avg_steps: 1356.45
2024-11-12 01:26:52.711: 145 epsilon: 0.01
2024-11-12 01:26:52.711: 145 q: 1.5290545
2024-11-12 01:36:56.931: 146 test start:
2024-11-12 01:37:26.535: 146 avg_reward: 8880.0
2024-11-12 01:37:26.535: 146 avg_steps: 1459.15
2024-11-12 01:37:26.536: 146 epsilon: 0.01
2024-11-12 01:37:26.536: 146 q: 1.5491523
2024-11-12 01:47:02.263: 147 test start:
2024-11-12 01:47:25.219: 147 avg_reward: 7450.0
2024-11-12 01:47:25.219: 147 avg_steps: 1190.15
2024-11-12 01:47:25.219: 147 epsilon: 0.01
2024-11-12 01:47:25.219: 147 q: 1.547553
2024-11-12 01:57:29.096: 148 test start:
2024-11-12 01:57:58.350: 148 avg_reward: 9120.0
2024-11-12 01:57:58.350: 148 avg_steps: 1453.15
2024-11-12 01:57:58.350: 148 epsilon: 0.01
2024-11-12 01:57:58.350: 148 q: 1.5205754
2024-11-12 02:07:26.249: 149 test start:
2024-11-12 02:07:51.381: 149 avg_reward: 8100.0
2024-11-12 02:07:51.381: 149 avg_steps: 1241.7
2024-11-12 02:07:51.382: 149 epsilon: 0.01
2024-11-12 02:07:51.382: 149 q: 1.566699
2024-11-12 02:17:55.473: 150 test start:
2024-11-12 02:18:16.587: 150 avg_reward: 5875.0
2024-11-12 02:18:16.587: 150 avg_steps: 1103.7
2024-11-12 02:18:16.588: 150 epsilon: 0.01
2024-11-12 02:18:16.588: 150 q: 1.572233
2024-11-12 02:27:44.946: 151 test start:
2024-11-12 02:28:04.433: 151 avg_reward: 4865.0
2024-11-12 02:28:04.433: 151 avg_steps: 955.8
2024-11-12 02:28:04.439: 151 epsilon: 0.01
2024-11-12 02:28:04.439: 151 q: 1.5237883
2024-11-12 02:38:04.462: 152 test start:
2024-11-12 02:38:19.276: 152 avg_reward: 3910.0
2024-11-12 02:38:19.277: 152 avg_steps: 780.75
2024-11-12 02:38:19.277: 152 epsilon: 0.01
2024-11-12 02:38:19.277: 152 q: 1.5463368
2024-11-12 02:47:57.878: 153 test start:
2024-11-12 02:48:17.781: 153 avg_reward: 6080.0
2024-11-12 02:48:17.781: 153 avg_steps: 983.2
2024-11-12 02:48:17.781: 153 epsilon: 0.01
2024-11-12 02:48:17.781: 153 q: 1.5383161
2024-11-12 02:58:13.421: 154 test start:
2024-11-12 02:58:35.506: 154 avg_reward: 7440.0
2024-11-12 02:58:35.506: 154 avg_steps: 1163.35
2024-11-12 02:58:35.506: 154 epsilon: 0.01
2024-11-12 02:58:35.506: 154 q: 1.5638387
2024-11-12 03:08:12.434: 155 test start:
2024-11-12 03:08:34.586: 155 avg_reward: 6535.0
2024-11-12 03:08:34.586: 155 avg_steps: 1107.05
2024-11-12 03:08:34.586: 155 epsilon: 0.01
2024-11-12 03:08:34.586: 155 q: 1.5998647
2024-11-12 03:18:16.777: 156 test start:
2024-11-12 03:18:31.187: 156 avg_reward: 5370.0
2024-11-12 03:18:31.187: 156 avg_steps: 742.95
2024-11-12 03:18:31.187: 156 epsilon: 0.01
2024-11-12 03:18:31.187: 156 q: 1.5556973
2024-11-12 03:28:27.719: 157 test start:
2024-11-12 03:28:48.501: 157 avg_reward: 6120.0
2024-11-12 03:28:48.501: 157 avg_steps: 1030.35
2024-11-12 03:28:48.501: 157 epsilon: 0.01
2024-11-12 03:28:48.501: 157 q: 1.5690362
2024-11-12 03:38:31.400: 158 test start:
2024-11-12 03:38:50.974: 158 avg_reward: 5130.0
2024-11-12 03:38:50.974: 158 avg_steps: 1022.3
2024-11-12 03:38:50.974: 158 epsilon: 0.01
2024-11-12 03:38:50.974: 158 q: 1.5914834
2024-11-12 03:48:58.034: 159 test start:
2024-11-12 03:49:17.611: 159 avg_reward: 4975.0
2024-11-12 03:49:17.611: 159 avg_steps: 967.6
2024-11-12 03:49:17.611: 159 epsilon: 0.01
2024-11-12 03:49:17.611: 159 q: 1.6002724
2024-11-12 03:58:45.344: 160 test start:
2024-11-12 03:58:57.133: 160 avg_reward: 2700.0
2024-11-12 03:58:57.134: 160 avg_steps: 642.6
2024-11-12 03:58:57.134: 160 epsilon: 0.01
2024-11-12 03:58:57.134: 160 q: 1.5911653
2024-11-12 04:09:10.608: 161 test start:
2024-11-12 04:09:35.533: 161 avg_reward: 6970.0
2024-11-12 04:09:35.533: 161 avg_steps: 1249.65
2024-11-12 04:09:35.533: 161 epsilon: 0.01
2024-11-12 04:09:35.533: 161 q: 1.6176313
2024-11-12 04:19:05.081: 162 test start:
2024-11-12 04:19:29.691: 162 avg_reward: 5620.0
2024-11-12 04:19:29.692: 162 avg_steps: 1222.2
2024-11-12 04:19:29.692: 162 epsilon: 0.01
2024-11-12 04:19:29.692: 162 q: 1.5857451
2024-11-12 04:29:28.255: 163 test start:
2024-11-12 04:29:47.025: 163 avg_reward: 4575.0
2024-11-12 04:29:47.025: 163 avg_steps: 990.95
2024-11-12 04:29:47.025: 163 epsilon: 0.01
2024-11-12 04:29:47.025: 163 q: 1.6014726
2024-11-12 04:39:17.563: 164 test start:
2024-11-12 04:39:48.173: 164 avg_reward: 8415.0
2024-11-12 04:39:48.174: 164 avg_steps: 1548.35
2024-11-12 04:39:48.174: 164 epsilon: 0.01
2024-11-12 04:39:48.174: 164 q: 1.5707617
2024-11-12 04:49:34.155: 165 test start:
2024-11-12 04:49:59.210: 165 avg_reward: 6665.0
2024-11-12 04:49:59.210: 165 avg_steps: 1308.6
2024-11-12 04:49:59.210: 165 epsilon: 0.01
2024-11-12 04:49:59.210: 165 q: 1.6044348
2024-11-12 04:59:20.014: 166 test start:
2024-11-12 04:59:42.707: 166 avg_reward: 6530.0
2024-11-12 04:59:42.707: 166 avg_steps: 1113.2
2024-11-12 04:59:42.707: 166 epsilon: 0.01
2024-11-12 04:59:42.707: 166 q: 1.6174995
2024-11-12 05:09:32.862: 167 test start:
2024-11-12 05:09:57.609: 167 avg_reward: 8310.0
2024-11-12 05:09:57.609: 167 avg_steps: 1319.15
2024-11-12 05:09:57.609: 167 epsilon: 0.01
2024-11-12 05:09:57.609: 167 q: 1.630445
2024-11-12 05:19:41.819: 168 test start:
2024-11-12 05:20:04.721: 168 avg_reward: 6130.0
2024-11-12 05:20:04.721: 168 avg_steps: 1174.5
2024-11-12 05:20:04.721: 168 epsilon: 0.01
2024-11-12 05:20:04.721: 168 q: 1.6115056
2024-11-12 05:29:51.826: 169 test start:
2024-11-12 05:30:13.750: 169 avg_reward: 7270.0
2024-11-12 05:30:13.750: 169 avg_steps: 1131.0
2024-11-12 05:30:13.750: 169 epsilon: 0.01
2024-11-12 05:30:13.750: 169 q: 1.6356788
2024-11-12 05:40:02.145: 170 test start:
2024-11-12 05:40:25.378: 170 avg_reward: 6355.0
2024-11-12 05:40:25.379: 170 avg_steps: 1189.1
2024-11-12 05:40:25.379: 170 epsilon: 0.01
2024-11-12 05:40:25.379: 170 q: 1.6049705
2024-11-12 05:49:57.189: 171 test start:
2024-11-12 05:50:23.010: 171 avg_reward: 6520.0
2024-11-12 05:50:23.010: 171 avg_steps: 1410.55
2024-11-12 05:50:23.010: 171 epsilon: 0.01
2024-11-12 05:50:23.010: 171 q: 1.6441565
2024-11-12 06:00:05.468: 172 test start:
2024-11-12 06:00:24.392: 172 avg_reward: 5380.0
2024-11-12 06:00:24.393: 172 avg_steps: 976.85
2024-11-12 06:00:24.393: 172 epsilon: 0.01
2024-11-12 06:00:24.393: 172 q: 1.6577883
2024-11-12 06:09:47.649: 173 test start:
2024-11-12 06:10:08.115: 173 avg_reward: 5480.0
2024-11-12 06:10:08.115: 173 avg_steps: 1124.25
2024-11-12 06:10:08.115: 173 epsilon: 0.01
2024-11-12 06:10:08.115: 173 q: 1.6578072
2024-11-12 06:19:44.431: 174 test start:
2024-11-12 06:20:03.143: 174 avg_reward: 3485.0
2024-11-12 06:20:03.144: 174 avg_steps: 923.1
2024-11-12 06:20:03.144: 174 epsilon: 0.01
2024-11-12 06:20:03.144: 174 q: 1.6453613
2024-11-12 06:29:33.274: 175 test start:
2024-11-12 06:29:57.741: 175 avg_reward: 7545.0
2024-11-12 06:29:57.742: 175 avg_steps: 1290.75
2024-11-12 06:29:57.742: 175 epsilon: 0.01
2024-11-12 06:29:57.742: 175 q: 1.6630042
2024-11-12 06:40:02.494: 176 test start:
2024-11-12 06:40:23.421: 176 avg_reward: 5965.0
2024-11-12 06:40:23.421: 176 avg_steps: 1097.5
2024-11-12 06:40:23.421: 176 epsilon: 0.01
2024-11-12 06:40:23.421: 176 q: 1.6545973
2024-11-12 06:49:41.936: 177 test start:
2024-11-12 06:50:15.978: 177 avg_reward: 8640.0
2024-11-12 06:50:15.979: 177 avg_steps: 1691.2
2024-11-12 06:50:15.979: 177 epsilon: 0.01
2024-11-12 06:50:15.979: 177 q: 1.6613865
2024-11-12 07:00:26.326: 178 test start:
2024-11-12 07:00:54.564: 178 avg_reward: 7850.0
2024-11-12 07:00:54.564: 178 avg_steps: 1519.95
2024-11-12 07:00:54.565: 178 epsilon: 0.01
2024-11-12 07:00:54.565: 178 q: 1.6669983
2024-11-12 07:10:25.054: 179 test start:
2024-11-12 07:10:55.842: 179 avg_reward: 10090.0
2024-11-12 07:10:55.842: 179 avg_steps: 1514.35
2024-11-12 07:10:55.842: 179 epsilon: 0.01
2024-11-12 07:10:55.842: 179 q: 1.6967105
2024-11-12 07:20:49.863: 180 test start:
2024-11-12 07:21:13.909: 180 avg_reward: 9375.0
2024-11-12 07:21:13.910: 180 avg_steps: 1246.7
2024-11-12 07:21:13.910: 180 epsilon: 0.01
2024-11-12 07:21:13.910: 180 q: 1.7403235
2024-11-12 07:30:43.773: 181 test start:
2024-11-12 07:31:02.904: 181 avg_reward: 4965.0
2024-11-12 07:31:02.904: 181 avg_steps: 966.9
2024-11-12 07:31:02.904: 181 epsilon: 0.01
2024-11-12 07:31:02.904: 181 q: 1.7386775
2024-11-12 07:40:43.757: 182 test start:
2024-11-12 07:40:58.938: 182 avg_reward: 4695.0
2024-11-12 07:40:58.938: 182 avg_steps: 775.75
2024-11-12 07:40:58.938: 182 epsilon: 0.01
2024-11-12 07:40:58.938: 182 q: 1.7929953
2024-11-12 07:50:25.750: 183 test start:
2024-11-12 07:50:52.022: 183 avg_reward: 5495.0
2024-11-12 07:50:52.022: 183 avg_steps: 1381.2
2024-11-12 07:50:52.023: 183 epsilon: 0.01
2024-11-12 07:50:52.023: 183 q: 1.7770295
2024-11-12 08:00:33.627: 184 test start:
2024-11-12 08:00:50.435: 184 avg_reward: 5485.0
2024-11-12 08:00:50.435: 184 avg_steps: 926.3
2024-11-12 08:00:50.435: 184 epsilon: 0.01
2024-11-12 08:00:50.435: 184 q: 1.7363408
2024-11-12 08:10:20.226: 185 test start:
2024-11-12 08:10:51.218: 185 avg_reward: 10650.0
2024-11-12 08:10:51.218: 185 avg_steps: 1551.9
2024-11-12 08:10:51.218: 185 epsilon: 0.01
2024-11-12 08:10:51.218: 185 q: 1.7261524
2024-11-12 08:20:24.142: 186 test start:
2024-11-12 08:20:47.330: 186 avg_reward: 8375.0
2024-11-12 08:20:47.330: 186 avg_steps: 1214.65
2024-11-12 08:20:47.330: 186 epsilon: 0.01
2024-11-12 08:20:47.330: 186 q: 1.7480781
2024-11-12 08:30:43.572: 187 test start:
2024-11-12 08:31:10.672: 187 avg_reward: 9565.0
2024-11-12 08:31:10.672: 187 avg_steps: 1372.65
2024-11-12 08:31:10.673: 187 epsilon: 0.01
2024-11-12 08:31:10.673: 187 q: 1.7390362
2024-11-12 08:40:39.801: 188 test start:
2024-11-12 08:41:07.018: 188 avg_reward: 11420.0
2024-11-12 08:41:07.019: 188 avg_steps: 1484.9
2024-11-12 08:41:07.019: 188 epsilon: 0.01
2024-11-12 08:41:07.019: 188 q: 1.7307925
2024-11-12 08:50:42.590: 189 test start:
2024-11-12 08:51:06.991: 189 avg_reward: 6790.0
2024-11-12 08:51:06.991: 189 avg_steps: 1274.15
2024-11-12 08:51:06.991: 189 epsilon: 0.01
2024-11-12 08:51:06.991: 189 q: 1.7404069
2024-11-12 09:00:37.708: 190 test start:
2024-11-12 09:01:06.060: 190 avg_reward: 7400.0
2024-11-12 09:01:06.060: 190 avg_steps: 1403.45
2024-11-12 09:01:06.060: 190 epsilon: 0.01
2024-11-12 09:01:06.060: 190 q: 1.7068837
2024-11-12 09:10:39.449: 191 test start:
2024-11-12 09:11:03.560: 191 avg_reward: 8520.0
2024-11-12 09:11:03.560: 191 avg_steps: 1270.0
2024-11-12 09:11:03.560: 191 epsilon: 0.01
2024-11-12 09:11:03.560: 191 q: 1.6796418
2024-11-12 09:20:35.042: 192 test start:
2024-11-12 09:21:01.317: 192 avg_reward: 9140.0
2024-11-12 09:21:01.317: 192 avg_steps: 1296.35
2024-11-12 09:21:01.317: 192 epsilon: 0.01
2024-11-12 09:21:01.317: 192 q: 1.6889863
2024-11-12 09:30:24.744: 193 test start:
2024-11-12 09:30:44.114: 193 avg_reward: 4595.0
2024-11-12 09:30:44.114: 193 avg_steps: 1013.45
2024-11-12 09:30:44.114: 193 epsilon: 0.01
2024-11-12 09:30:44.114: 193 q: 1.6594563
2024-11-12 09:40:50.195: 194 test start:
2024-11-12 09:41:09.322: 194 avg_reward: 5050.0
2024-11-12 09:41:09.322: 194 avg_steps: 943.15
2024-11-12 09:41:09.322: 194 epsilon: 0.01
2024-11-12 09:41:09.322: 194 q: 1.6602807
2024-11-12 09:50:22.591: 195 test start:
2024-11-12 09:50:46.799: 195 avg_reward: 7940.0
2024-11-12 09:50:46.799: 195 avg_steps: 1190.95
2024-11-12 09:50:46.799: 195 epsilon: 0.01
2024-11-12 09:50:46.799: 195 q: 1.6723803
2024-11-12 10:00:41.846: 196 test start:
2024-11-12 10:01:02.843: 196 avg_reward: 5700.0
2024-11-12 10:01:02.843: 196 avg_steps: 1120.5
2024-11-12 10:01:02.843: 196 epsilon: 0.01
2024-11-12 10:01:02.843: 196 q: 1.7141799
2024-11-12 10:10:12.967: 197 test start:
2024-11-12 10:10:39.277: 197 avg_reward: 8920.0
2024-11-12 10:10:39.277: 197 avg_steps: 1326.7
2024-11-12 10:10:39.277: 197 epsilon: 0.01
2024-11-12 10:10:39.277: 197 q: 1.6733494
2024-11-12 10:20:29.834: 198 test start:
2024-11-12 10:21:00.887: 198 avg_reward: 10800.0
2024-11-12 10:21:00.887: 198 avg_steps: 1647.15
2024-11-12 10:21:00.887: 198 epsilon: 0.01
2024-11-12 10:21:00.887: 198 q: 1.6673313
2024-11-12 10:30:27.369: 199 test start:
2024-11-12 10:31:00.003: 199 avg_reward: 12725.0
2024-11-12 10:31:00.004: 199 avg_steps: 1710.3
2024-11-12 10:31:00.004: 199 epsilon: 0.01
2024-11-12 10:31:00.004: 199 q: 1.7157959
2024-11-12 10:40:36.695: 200 test start:
2024-11-12 10:40:55.850: 200 avg_reward: 4195.0
2024-11-12 10:40:55.850: 200 avg_steps: 1074.95
2024-11-12 10:40:55.851: 200 epsilon: 0.01
2024-11-12 10:40:55.851: 200 q: 1.7068928
