2024-11-09 17:22:03.623: 
parameters:agent_test_episodes: 20
batch_num_per_epoch: 250000
device: cuda:0
env_name: ALE/DoubleDunk-v5
epsilon_for_test: 0.001
epsilon_max: 0.1
epsilon_min: 0.01
exp_name: ALE-DoubleDunk-v5_2024-11-09-17-22-03
exp_path: ../exps/double_dqn/
exploration_steps: 1000000
gamma: 0.99
held_out_states_num: 1000
learning_rate: 0.00025
log_path: ../exps/double_dqn/
mini_batch_size: 32
model_update_freq: 4
n_times: 5
no_op: 30
phi_channel: 4
replay_buffer_size: 1000000
replay_start_size: 50000
save_model: true
screen_size: 84
seed: 0
skip_k_frame: 4
step_c: 30000
training_steps: 50000000

2024-11-09 17:22:03.972: optimizer: RMSprop (
Parameter Group 0
    alpha: 0.95
    centered: False
    differentiable: False
    eps: 0.01
    foreach: None
    lr: 0.00025
    maximize: False
    momentum: 0
    weight_decay: 0
)
2024-11-09 17:22:04.008: optimizer: RMSprop (
Parameter Group 0
    alpha: 0.95
    centered: False
    differentiable: False
    eps: 0.01
    foreach: None
    lr: 0.00025
    maximize: False
    momentum: 0
    weight_decay: 0
)
2024-11-09 17:31:19.389: 1 test start:
2024-11-09 17:31:57.521: 1 avg_reward: -23.8
2024-11-09 17:31:57.521: 1 avg_steps: 1849.05
2024-11-09 17:31:57.521: 1 epsilon: 0.0818551
2024-11-09 17:31:57.521: 1 q: -0.014577745
2024-11-09 17:41:49.595: 2 test start:
2024-11-09 17:49:58.590: 2 avg_reward: -19.9
2024-11-09 17:49:58.590: 2 avg_steps: 23984.35
2024-11-09 17:49:58.590: 2 epsilon: 0.0594964
2024-11-09 17:49:58.590: 2 q: -0.033248972
2024-11-09 17:59:55.819: 3 test start:
2024-11-09 18:05:52.308: 3 avg_reward: -23.1
2024-11-09 18:05:52.314: 3 avg_steps: 17681.75
2024-11-09 18:05:52.314: 3 epsilon: 0.036899379999999996
2024-11-09 18:05:52.315: 3 q: -0.066198856
2024-11-09 18:15:46.244: 4 test start:
2024-11-09 18:23:53.832: 4 avg_reward: -19.0
2024-11-09 18:23:53.833: 4 avg_steps: 24215.6
2024-11-09 18:23:53.833: 4 epsilon: 0.01436005
2024-11-09 18:23:53.833: 4 q: -0.102696486
2024-11-09 18:33:48.789: 5 test start:
2024-11-09 18:42:54.973: 5 avg_reward: -13.5
2024-11-09 18:42:54.980: 5 avg_steps: 26993.35
2024-11-09 18:42:54.980: 5 epsilon: 0.01
2024-11-09 18:42:54.980: 5 q: -0.15554187
2024-11-09 18:52:54.580: 6 test start:
2024-11-09 19:01:34.444: 6 avg_reward: -17.2
2024-11-09 19:01:34.444: 6 avg_steps: 25602.2
2024-11-09 19:01:34.444: 6 epsilon: 0.01
2024-11-09 19:01:34.444: 6 q: -0.14907114
2024-11-09 19:11:29.954: 7 test start:
2024-11-09 19:20:39.132: 7 avg_reward: -12.7
2024-11-09 19:20:39.133: 7 avg_steps: 26954.45
2024-11-09 19:20:39.133: 7 epsilon: 0.01
2024-11-09 19:20:39.133: 7 q: -0.18771319
2024-11-09 19:30:31.439: 8 test start:
2024-11-09 19:39:34.412: 8 avg_reward: -15.4
2024-11-09 19:39:34.412: 8 avg_steps: 26475.65
2024-11-09 19:39:34.412: 8 epsilon: 0.01
2024-11-09 19:39:34.412: 8 q: -0.22090021
2024-11-09 19:49:27.530: 9 test start:
2024-11-09 19:58:27.559: 9 avg_reward: -15.6
2024-11-09 19:58:27.560: 9 avg_steps: 26289.4
2024-11-09 19:58:27.560: 9 epsilon: 0.01
2024-11-09 19:58:27.560: 9 q: -0.26392657
2024-11-09 20:08:25.921: 10 test start:
2024-11-09 20:17:34.051: 10 avg_reward: -14.2
2024-11-09 20:17:34.051: 10 avg_steps: 26691.45
2024-11-09 20:17:34.051: 10 epsilon: 0.01
2024-11-09 20:17:34.051: 10 q: -0.27938873
2024-11-09 20:27:24.711: 11 test start:
2024-11-09 20:36:37.836: 11 avg_reward: -15.2
2024-11-09 20:36:37.836: 11 avg_steps: 26956.4
2024-11-09 20:36:37.836: 11 epsilon: 0.01
2024-11-09 20:36:37.836: 11 q: -0.24744597
2024-11-09 20:46:45.762: 12 test start:
2024-11-09 20:55:54.042: 12 avg_reward: -14.2
2024-11-09 20:55:54.042: 12 avg_steps: 26710.8
2024-11-09 20:55:54.042: 12 epsilon: 0.01
2024-11-09 20:55:54.042: 12 q: -0.24385972
2024-11-09 21:05:42.897: 13 test start:
2024-11-09 21:14:57.152: 13 avg_reward: -12.3
2024-11-09 21:14:57.152: 13 avg_steps: 26993.45
2024-11-09 21:14:57.153: 13 epsilon: 0.01
2024-11-09 21:14:57.153: 13 q: -0.30912024
2024-11-09 21:24:59.799: 14 test start:
2024-11-09 21:33:58.800: 14 avg_reward: -14.0
2024-11-09 21:33:58.800: 14 avg_steps: 26309.15
2024-11-09 21:33:58.800: 14 epsilon: 0.01
2024-11-09 21:33:58.800: 14 q: -0.30542958
2024-11-09 21:43:59.540: 15 test start:
2024-11-09 21:53:08.167: 15 avg_reward: -11.9
2024-11-09 21:53:08.167: 15 avg_steps: 26880.75
2024-11-09 21:53:08.167: 15 epsilon: 0.01
2024-11-09 21:53:08.167: 15 q: -0.3329928
2024-11-09 22:03:01.365: 16 test start:
2024-11-09 22:12:09.609: 16 avg_reward: -14.7
2024-11-09 22:12:09.609: 16 avg_steps: 26866.75
2024-11-09 22:12:09.615: 16 epsilon: 0.01
2024-11-09 22:12:09.615: 16 q: -0.3469914
2024-11-09 22:21:58.110: 17 test start:
2024-11-09 22:31:01.162: 17 avg_reward: -12.7
2024-11-09 22:31:01.162: 17 avg_steps: 26627.85
2024-11-09 22:31:01.162: 17 epsilon: 0.01
2024-11-09 22:31:01.162: 17 q: -0.34582147
2024-11-09 22:40:53.340: 18 test start:
2024-11-09 22:49:57.162: 18 avg_reward: -14.6
2024-11-09 22:49:57.163: 18 avg_steps: 26656.15
2024-11-09 22:49:57.163: 18 epsilon: 0.01
2024-11-09 22:49:57.163: 18 q: -0.34657708
2024-11-09 22:59:55.662: 19 test start:
2024-11-09 23:08:47.673: 19 avg_reward: -15.9
2024-11-09 23:08:47.673: 19 avg_steps: 26166.75
2024-11-09 23:08:47.673: 19 epsilon: 0.01
2024-11-09 23:08:47.673: 19 q: -0.34727943
2024-11-09 23:18:46.211: 20 test start:
2024-11-09 23:27:39.038: 20 avg_reward: -15.9
2024-11-09 23:27:39.038: 20 avg_steps: 26110.6
2024-11-09 23:27:39.038: 20 epsilon: 0.01
2024-11-09 23:27:39.038: 20 q: -0.3262396
2024-11-09 23:37:36.609: 21 test start:
2024-11-09 23:46:43.493: 21 avg_reward: -14.2
2024-11-09 23:46:43.493: 21 avg_steps: 26844.65
2024-11-09 23:46:43.493: 21 epsilon: 0.01
2024-11-09 23:46:43.493: 21 q: -0.33563602
2024-11-09 23:56:29.134: 22 test start:
2024-11-10 00:05:39.228: 22 avg_reward: -11.8
2024-11-10 00:05:39.229: 22 avg_steps: 26993.3
2024-11-10 00:05:39.229: 22 epsilon: 0.01
2024-11-10 00:05:39.229: 22 q: -0.39572594
2024-11-10 00:15:32.743: 23 test start:
2024-11-10 00:24:42.920: 23 avg_reward: -11.7
2024-11-10 00:24:42.920: 23 avg_steps: 26991.65
2024-11-10 00:24:42.920: 23 epsilon: 0.01
2024-11-10 00:24:42.920: 23 q: -0.40013203
2024-11-10 00:34:35.114: 24 test start:
2024-11-10 00:43:44.325: 24 avg_reward: -13.6
2024-11-10 00:43:44.325: 24 avg_steps: 26953.65
2024-11-10 00:43:44.325: 24 epsilon: 0.01
2024-11-10 00:43:44.325: 24 q: -0.40675429
2024-11-10 00:53:48.788: 25 test start:
2024-11-10 01:02:57.157: 25 avg_reward: -15.4
2024-11-10 01:02:57.157: 25 avg_steps: 26957.85
2024-11-10 01:02:57.157: 25 epsilon: 0.01
2024-11-10 01:02:57.157: 25 q: -0.44262034
2024-11-10 01:12:56.645: 26 test start:
2024-11-10 01:22:04.468: 26 avg_reward: -14.6
2024-11-10 01:22:04.468: 26 avg_steps: 26993.05
2024-11-10 01:22:04.468: 26 epsilon: 0.01
2024-11-10 01:22:04.468: 26 q: -0.41191962
2024-11-10 01:31:53.146: 27 test start:
2024-11-10 01:40:55.108: 27 avg_reward: -13.8
2024-11-10 01:40:55.108: 27 avg_steps: 26651.1
2024-11-10 01:40:55.109: 27 epsilon: 0.01
2024-11-10 01:40:55.109: 27 q: -0.43954983
2024-11-10 01:50:35.698: 28 test start:
2024-11-10 01:59:37.449: 28 avg_reward: -13.5
2024-11-10 01:59:37.449: 28 avg_steps: 26639.9
2024-11-10 01:59:37.449: 28 epsilon: 0.01
2024-11-10 01:59:37.449: 28 q: -0.47109148
2024-11-10 02:09:29.937: 29 test start:
2024-11-10 02:18:42.853: 29 avg_reward: -11.3
2024-11-10 02:18:42.854: 29 avg_steps: 26993.6
2024-11-10 02:18:42.854: 29 epsilon: 0.01
2024-11-10 02:18:42.854: 29 q: -0.45660737
2024-11-10 02:28:38.333: 30 test start:
2024-11-10 02:37:47.456: 30 avg_reward: -11.5
2024-11-10 02:37:47.456: 30 avg_steps: 26992.25
2024-11-10 02:37:47.456: 30 epsilon: 0.01
2024-11-10 02:37:47.456: 30 q: -0.4669418
2024-11-10 02:47:35.897: 31 test start:
2024-11-10 02:56:35.495: 31 avg_reward: -14.6
2024-11-10 02:56:35.495: 31 avg_steps: 26610.2
2024-11-10 02:56:35.495: 31 epsilon: 0.01
2024-11-10 02:56:35.495: 31 q: -0.45747206
2024-11-10 03:06:34.458: 32 test start:
2024-11-10 03:15:41.264: 32 avg_reward: -12.1
2024-11-10 03:15:41.264: 32 avg_steps: 26992.45
2024-11-10 03:15:41.264: 32 epsilon: 0.01
2024-11-10 03:15:41.264: 32 q: -0.45414996
2024-11-10 03:25:32.316: 33 test start:
2024-11-10 03:34:34.580: 33 avg_reward: -13.7
2024-11-10 03:34:34.581: 33 avg_steps: 26789.8
2024-11-10 03:34:34.581: 33 epsilon: 0.01
2024-11-10 03:34:34.581: 33 q: -0.43827605
2024-11-10 03:44:13.676: 34 test start:
2024-11-10 03:52:58.085: 34 avg_reward: -14.0
2024-11-10 03:52:58.085: 34 avg_steps: 25784.85
2024-11-10 03:52:58.085: 34 epsilon: 0.01
2024-11-10 03:52:58.085: 34 q: -0.42957544
2024-11-10 04:02:47.833: 35 test start:
2024-11-10 04:11:54.177: 35 avg_reward: -12.1
2024-11-10 04:11:54.177: 35 avg_steps: 26993.45
2024-11-10 04:11:54.177: 35 epsilon: 0.01
2024-11-10 04:11:54.177: 35 q: -0.4620212
2024-11-10 04:21:45.229: 36 test start:
2024-11-10 04:30:50.167: 36 avg_reward: -13.1
2024-11-10 04:30:50.167: 36 avg_steps: 26982.55
2024-11-10 04:30:50.167: 36 epsilon: 0.01
2024-11-10 04:30:50.167: 36 q: -0.48822716
2024-11-10 04:40:38.755: 37 test start:
2024-11-10 04:49:47.313: 37 avg_reward: -10.1
2024-11-10 04:49:47.313: 37 avg_steps: 26928.05
2024-11-10 04:49:47.313: 37 epsilon: 0.01
2024-11-10 04:49:47.313: 37 q: -0.498511
2024-11-10 04:59:24.552: 38 test start:
2024-11-10 05:08:19.741: 38 avg_reward: -12.6
2024-11-10 05:08:19.741: 38 avg_steps: 26534.9
2024-11-10 05:08:19.741: 38 epsilon: 0.01
2024-11-10 05:08:19.741: 38 q: -0.4853211
2024-11-10 05:18:16.824: 39 test start:
2024-11-10 05:27:17.223: 39 avg_reward: -11.8
2024-11-10 05:27:17.223: 39 avg_steps: 26993.0
2024-11-10 05:27:17.223: 39 epsilon: 0.01
2024-11-10 05:27:17.223: 39 q: -0.48686936
2024-11-10 05:36:47.228: 40 test start:
2024-11-10 05:45:51.854: 40 avg_reward: -10.6
2024-11-10 05:45:51.854: 40 avg_steps: 26992.75
2024-11-10 05:45:51.854: 40 epsilon: 0.01
2024-11-10 05:45:51.854: 40 q: -0.47154346
2024-11-10 05:55:25.260: 41 test start:
2024-11-10 06:04:32.503: 41 avg_reward: -10.4
2024-11-10 06:04:32.503: 41 avg_steps: 26992.65
2024-11-10 06:04:32.503: 41 epsilon: 0.01
2024-11-10 06:04:32.503: 41 q: -0.46181142
2024-11-10 06:13:47.068: 42 test start:
2024-11-10 06:22:55.263: 42 avg_reward: -12.4
2024-11-10 06:22:55.263: 42 avg_steps: 26993.4
2024-11-10 06:22:55.263: 42 epsilon: 0.01
2024-11-10 06:22:55.263: 42 q: -0.44583008
2024-11-10 06:32:26.356: 43 test start:
2024-11-10 06:41:28.258: 43 avg_reward: -11.3
2024-11-10 06:41:28.258: 43 avg_steps: 26873.8
2024-11-10 06:41:28.258: 43 epsilon: 0.01
2024-11-10 06:41:28.258: 43 q: -0.42687336
2024-11-10 06:51:01.638: 44 test start:
2024-11-10 07:00:05.264: 44 avg_reward: -11.2
2024-11-10 07:00:05.264: 44 avg_steps: 26993.65
2024-11-10 07:00:05.264: 44 epsilon: 0.01
2024-11-10 07:00:05.264: 44 q: -0.4409649
2024-11-10 07:09:29.167: 45 test start:
2024-11-10 07:18:32.751: 45 avg_reward: -10.0
2024-11-10 07:18:32.751: 45 avg_steps: 26993.5
2024-11-10 07:18:32.751: 45 epsilon: 0.01
2024-11-10 07:18:32.751: 45 q: -0.43769524
2024-11-10 07:27:59.473: 46 test start:
2024-11-10 07:36:50.744: 46 avg_reward: -12.4
2024-11-10 07:36:50.745: 46 avg_steps: 26615.3
2024-11-10 07:36:50.745: 46 epsilon: 0.01
2024-11-10 07:36:50.745: 46 q: -0.44120416
2024-11-10 07:46:30.402: 47 test start:
2024-11-10 07:55:33.775: 47 avg_reward: -10.7
2024-11-10 07:55:33.775: 47 avg_steps: 26992.8
2024-11-10 07:55:33.775: 47 epsilon: 0.01
2024-11-10 07:55:33.775: 47 q: -0.41996598
2024-11-10 08:04:57.076: 48 test start:
2024-11-10 08:13:59.579: 48 avg_reward: -9.7
2024-11-10 08:13:59.579: 48 avg_steps: 26992.95
2024-11-10 08:13:59.579: 48 epsilon: 0.01
2024-11-10 08:13:59.580: 48 q: -0.42869738
2024-11-10 08:23:42.482: 49 test start:
2024-11-10 08:32:35.248: 49 avg_reward: -12.2
2024-11-10 08:32:35.248: 49 avg_steps: 26621.6
2024-11-10 08:32:35.248: 49 epsilon: 0.01
2024-11-10 08:32:35.248: 49 q: -0.431609
2024-11-10 08:41:59.888: 50 test start:
2024-11-10 08:50:57.285: 50 avg_reward: -10.2
2024-11-10 08:50:57.286: 50 avg_steps: 26992.55
2024-11-10 08:50:57.286: 50 epsilon: 0.01
2024-11-10 08:50:57.286: 50 q: -0.46310198
2024-11-10 09:00:16.206: 51 test start:
2024-11-10 09:09:13.908: 51 avg_reward: -11.2
2024-11-10 09:09:13.908: 51 avg_steps: 26993.5
2024-11-10 09:09:13.908: 51 epsilon: 0.01
2024-11-10 09:09:13.908: 51 q: -0.47536686
2024-11-10 09:18:46.538: 52 test start:
2024-11-10 09:27:45.588: 52 avg_reward: -10.5
2024-11-10 09:27:45.589: 52 avg_steps: 26993.7
2024-11-10 09:27:45.589: 52 epsilon: 0.01
2024-11-10 09:27:45.589: 52 q: -0.45322266
2024-11-10 09:37:23.362: 53 test start:
2024-11-10 09:46:28.053: 53 avg_reward: -13.3
2024-11-10 09:46:28.054: 53 avg_steps: 26992.8
2024-11-10 09:46:28.054: 53 epsilon: 0.01
2024-11-10 09:46:28.054: 53 q: -0.47196808
2024-11-10 09:55:47.873: 54 test start:
2024-11-10 10:04:32.435: 54 avg_reward: -13.0
2024-11-10 10:04:32.436: 54 avg_steps: 26358.7
2024-11-10 10:04:32.436: 54 epsilon: 0.01
2024-11-10 10:04:32.436: 54 q: -0.47726923
2024-11-10 10:14:13.419: 55 test start:
2024-11-10 10:23:06.554: 55 avg_reward: -11.4
2024-11-10 10:23:06.554: 55 avg_steps: 26965.8
2024-11-10 10:23:06.554: 55 epsilon: 0.01
2024-11-10 10:23:06.554: 55 q: -0.45605686
2024-11-10 10:32:26.613: 56 test start:
2024-11-10 10:41:16.367: 56 avg_reward: -12.1
2024-11-10 10:41:16.367: 56 avg_steps: 26598.1
2024-11-10 10:41:16.367: 56 epsilon: 0.01
2024-11-10 10:41:16.367: 56 q: -0.45190144
2024-11-10 10:50:35.698: 57 test start:
2024-11-10 10:59:33.215: 57 avg_reward: -12.2
2024-11-10 10:59:33.215: 57 avg_steps: 26993.0
2024-11-10 10:59:33.215: 57 epsilon: 0.01
2024-11-10 10:59:33.215: 57 q: -0.44995752
2024-11-10 11:09:07.018: 58 test start:
2024-11-10 11:18:04.111: 58 avg_reward: -11.5
2024-11-10 11:18:04.112: 58 avg_steps: 26992.75
2024-11-10 11:18:04.112: 58 epsilon: 0.01
2024-11-10 11:18:04.112: 58 q: -0.4413877
2024-11-10 11:27:39.911: 59 test start:
2024-11-10 11:36:38.631: 59 avg_reward: -10.5
2024-11-10 11:36:38.632: 59 avg_steps: 26993.2
2024-11-10 11:36:38.632: 59 epsilon: 0.01
2024-11-10 11:36:38.632: 59 q: -0.44412595
2024-11-10 11:46:11.447: 60 test start:
2024-11-10 11:55:10.812: 60 avg_reward: -13.2
2024-11-10 11:55:10.812: 60 avg_steps: 26838.55
2024-11-10 11:55:10.812: 60 epsilon: 0.01
2024-11-10 11:55:10.812: 60 q: -0.43399653
2024-11-10 12:04:40.030: 61 test start:
2024-11-10 12:13:41.480: 61 avg_reward: -11.7
2024-11-10 12:13:41.480: 61 avg_steps: 26993.6
2024-11-10 12:13:41.480: 61 epsilon: 0.01
2024-11-10 12:13:41.480: 61 q: -0.4640213
2024-11-10 12:23:12.177: 62 test start:
2024-11-10 12:32:11.444: 62 avg_reward: -11.6
2024-11-10 12:32:11.444: 62 avg_steps: 26993.1
2024-11-10 12:32:11.444: 62 epsilon: 0.01
2024-11-10 12:32:11.444: 62 q: -0.45222834
2024-11-10 12:41:43.663: 63 test start:
2024-11-10 12:50:45.468: 63 avg_reward: -11.2
2024-11-10 12:50:45.468: 63 avg_steps: 26992.6
2024-11-10 12:50:45.468: 63 epsilon: 0.01
2024-11-10 12:50:45.468: 63 q: -0.45221052
2024-11-10 13:00:10.980: 64 test start:
2024-11-10 13:09:12.082: 64 avg_reward: -9.6
2024-11-10 13:09:12.082: 64 avg_steps: 26992.25
2024-11-10 13:09:12.082: 64 epsilon: 0.01
2024-11-10 13:09:12.082: 64 q: -0.44064474
2024-11-10 13:18:38.152: 65 test start:
2024-11-10 13:27:33.823: 65 avg_reward: -10.1
2024-11-10 13:27:33.823: 65 avg_steps: 26794.0
2024-11-10 13:27:33.824: 65 epsilon: 0.01
2024-11-10 13:27:33.824: 65 q: -0.45140216
2024-11-10 13:37:10.754: 66 test start:
2024-11-10 13:46:09.522: 66 avg_reward: -8.9
2024-11-10 13:46:09.522: 66 avg_steps: 26994.25
2024-11-10 13:46:09.522: 66 epsilon: 0.01
2024-11-10 13:46:09.522: 66 q: -0.4435773
2024-11-10 13:55:37.768: 67 test start:
2024-11-10 14:04:25.476: 67 avg_reward: -11.4
2024-11-10 14:04:25.476: 67 avg_steps: 26373.55
2024-11-10 14:04:25.476: 67 epsilon: 0.01
2024-11-10 14:04:25.476: 67 q: -0.43862367
2024-11-10 14:14:00.471: 68 test start:
2024-11-10 14:22:48.366: 68 avg_reward: -10.3
2024-11-10 14:22:48.367: 68 avg_steps: 26341.65
2024-11-10 14:22:48.367: 68 epsilon: 0.01
2024-11-10 14:22:48.367: 68 q: -0.41902128
2024-11-10 14:32:22.091: 69 test start:
2024-11-10 14:41:18.544: 69 avg_reward: -8.6
2024-11-10 14:41:18.544: 69 avg_steps: 26993.15
2024-11-10 14:41:18.544: 69 epsilon: 0.01
2024-11-10 14:41:18.545: 69 q: -0.44631034
2024-11-10 14:50:45.477: 70 test start:
2024-11-10 14:59:11.880: 70 avg_reward: -11.8
2024-11-10 14:59:11.881: 70 avg_steps: 25369.8
2024-11-10 14:59:11.881: 70 epsilon: 0.01
2024-11-10 14:59:11.881: 70 q: -0.46029755
2024-11-10 15:08:34.131: 71 test start:
2024-11-10 15:17:29.901: 71 avg_reward: -9.9
2024-11-10 15:17:29.901: 71 avg_steps: 26935.2
2024-11-10 15:17:29.901: 71 epsilon: 0.01
2024-11-10 15:17:29.901: 71 q: -0.4494236
2024-11-10 15:26:56.328: 72 test start:
2024-11-10 15:35:45.457: 72 avg_reward: -14.5
2024-11-10 15:35:45.458: 72 avg_steps: 26344.8
2024-11-10 15:35:45.458: 72 epsilon: 0.01
2024-11-10 15:35:45.458: 72 q: -0.4386148
2024-11-10 15:45:12.573: 73 test start:
2024-11-10 15:54:04.921: 73 avg_reward: -14.65
2024-11-10 15:54:04.921: 73 avg_steps: 26733.85
2024-11-10 15:54:04.921: 73 epsilon: 0.01
2024-11-10 15:54:04.921: 73 q: -0.44014007
2024-11-10 16:03:24.766: 74 test start:
2024-11-10 16:12:03.446: 74 avg_reward: -13.3
2024-11-10 16:12:03.447: 74 avg_steps: 25957.1
2024-11-10 16:12:03.447: 74 epsilon: 0.01
2024-11-10 16:12:03.447: 74 q: -0.4603424
2024-11-10 16:21:35.615: 75 test start:
2024-11-10 16:30:34.860: 75 avg_reward: -11.0
2024-11-10 16:30:34.861: 75 avg_steps: 26992.85
2024-11-10 16:30:34.861: 75 epsilon: 0.01
2024-11-10 16:30:34.861: 75 q: -0.43907884
2024-11-10 16:40:00.112: 76 test start:
2024-11-10 16:48:54.307: 76 avg_reward: -12.7
2024-11-10 16:48:54.307: 76 avg_steps: 26633.7
2024-11-10 16:48:54.307: 76 epsilon: 0.01
2024-11-10 16:48:54.307: 76 q: -0.44748142
2024-11-10 16:58:29.984: 77 test start:
2024-11-10 17:07:25.828: 77 avg_reward: -11.7
2024-11-10 17:07:25.828: 77 avg_steps: 26632.5
2024-11-10 17:07:25.834: 77 epsilon: 0.01
2024-11-10 17:07:25.834: 77 q: -0.4450991
2024-11-10 17:16:48.542: 78 test start:
2024-11-10 17:25:50.091: 78 avg_reward: -11.7
2024-11-10 17:25:50.091: 78 avg_steps: 26992.95
2024-11-10 17:25:50.091: 78 epsilon: 0.01
2024-11-10 17:25:50.091: 78 q: -0.42049572
2024-11-10 17:35:26.075: 79 test start:
2024-11-10 17:44:06.587: 79 avg_reward: -13.9
2024-11-10 17:44:06.588: 79 avg_steps: 26117.65
2024-11-10 17:44:06.588: 79 epsilon: 0.01
2024-11-10 17:44:06.588: 79 q: -0.40760237
2024-11-10 17:53:14.032: 80 test start:
2024-11-10 18:02:09.382: 80 avg_reward: -12.1
2024-11-10 18:02:09.383: 80 avg_steps: 26572.85
2024-11-10 18:02:09.383: 80 epsilon: 0.01
2024-11-10 18:02:09.383: 80 q: -0.4070684
2024-11-10 18:11:48.469: 81 test start:
2024-11-10 18:20:34.636: 81 avg_reward: -12.7
2024-11-10 18:20:34.636: 81 avg_steps: 26351.8
2024-11-10 18:20:34.636: 81 epsilon: 0.01
2024-11-10 18:20:34.636: 81 q: -0.41190675
2024-11-10 18:29:52.592: 82 test start:
2024-11-10 18:38:49.851: 82 avg_reward: -10.3
2024-11-10 18:38:49.851: 82 avg_steps: 26992.5
2024-11-10 18:38:49.851: 82 epsilon: 0.01
2024-11-10 18:38:49.851: 82 q: -0.41820824
2024-11-10 18:48:07.203: 83 test start:
2024-11-10 18:57:02.621: 83 avg_reward: -11.9
2024-11-10 18:57:02.621: 83 avg_steps: 26861.1
2024-11-10 18:57:02.621: 83 epsilon: 0.01
2024-11-10 18:57:02.621: 83 q: -0.3750882
2024-11-10 19:06:33.923: 84 test start:
2024-11-10 19:15:32.551: 84 avg_reward: -11.5
2024-11-10 19:15:32.551: 84 avg_steps: 26992.3
2024-11-10 19:15:32.557: 84 epsilon: 0.01
2024-11-10 19:15:32.557: 84 q: -0.38897333
2024-11-10 19:24:52.381: 85 test start:
2024-11-10 19:33:52.398: 85 avg_reward: -11.2
2024-11-10 19:33:52.398: 85 avg_steps: 26993.05
2024-11-10 19:33:52.399: 85 epsilon: 0.01
2024-11-10 19:33:52.399: 85 q: -0.3713439
2024-11-10 19:43:19.022: 86 test start:
2024-11-10 19:52:19.741: 86 avg_reward: -7.2
2024-11-10 19:52:19.741: 86 avg_steps: 26992.8
2024-11-10 19:52:19.741: 86 epsilon: 0.01
2024-11-10 19:52:19.741: 86 q: -0.375182
2024-11-10 20:01:53.495: 87 test start:
2024-11-10 20:10:51.112: 87 avg_reward: -11.6
2024-11-10 20:10:51.112: 87 avg_steps: 26993.25
2024-11-10 20:10:51.112: 87 epsilon: 0.01
2024-11-10 20:10:51.112: 87 q: -0.3662254
2024-11-10 20:19:50.092: 88 test start:
2024-11-10 20:28:48.201: 88 avg_reward: -12.5
2024-11-10 20:28:48.201: 88 avg_steps: 26993.55
2024-11-10 20:28:48.202: 88 epsilon: 0.01
2024-11-10 20:28:48.202: 88 q: -0.37402168
2024-11-10 20:38:25.726: 89 test start:
2024-11-10 20:47:09.669: 89 avg_reward: -14.0
2024-11-10 20:47:09.669: 89 avg_steps: 26211.95
2024-11-10 20:47:09.669: 89 epsilon: 0.01
2024-11-10 20:47:09.669: 89 q: -0.35536343
2024-11-10 20:56:34.659: 90 test start:
2024-11-10 21:05:30.088: 90 avg_reward: -12.5
2024-11-10 21:05:30.088: 90 avg_steps: 26993.65
2024-11-10 21:05:30.088: 90 epsilon: 0.01
2024-11-10 21:05:30.088: 90 q: -0.3659192
2024-11-10 21:14:36.011: 91 test start:
2024-11-10 21:23:34.318: 91 avg_reward: -12.7
2024-11-10 21:23:34.318: 91 avg_steps: 26992.7
2024-11-10 21:23:34.318: 91 epsilon: 0.01
2024-11-10 21:23:34.318: 91 q: -0.35818505
2024-11-10 21:33:04.920: 92 test start:
2024-11-10 21:42:02.220: 92 avg_reward: -10.8
2024-11-10 21:42:02.220: 92 avg_steps: 26924.65
2024-11-10 21:42:02.220: 92 epsilon: 0.01
2024-11-10 21:42:02.220: 92 q: -0.37678853
2024-11-10 21:51:17.208: 93 test start:
2024-11-10 22:00:15.448: 93 avg_reward: -10.0
2024-11-10 22:00:15.449: 93 avg_steps: 26993.55
2024-11-10 22:00:15.449: 93 epsilon: 0.01
2024-11-10 22:00:15.449: 93 q: -0.36782876
2024-11-10 22:09:43.475: 94 test start:
2024-11-10 22:18:42.780: 94 avg_reward: -10.1
2024-11-10 22:18:42.780: 94 avg_steps: 26992.6
2024-11-10 22:18:42.780: 94 epsilon: 0.01
2024-11-10 22:18:42.780: 94 q: -0.38849884
2024-11-10 22:28:02.911: 95 test start:
2024-11-10 22:37:04.170: 95 avg_reward: -9.2
2024-11-10 22:37:04.170: 95 avg_steps: 26993.45
2024-11-10 22:37:04.170: 95 epsilon: 0.01
2024-11-10 22:37:04.170: 95 q: -0.41598842
2024-11-10 22:46:38.683: 96 test start:
2024-11-10 22:55:34.589: 96 avg_reward: -10.8
2024-11-10 22:55:34.589: 96 avg_steps: 26871.15
2024-11-10 22:55:34.589: 96 epsilon: 0.01
2024-11-10 22:55:34.590: 96 q: -0.3873998
2024-11-10 23:04:46.835: 97 test start:
2024-11-10 23:13:45.694: 97 avg_reward: -10.6
2024-11-10 23:13:45.695: 97 avg_steps: 26930.55
2024-11-10 23:13:45.695: 97 epsilon: 0.01
2024-11-10 23:13:45.695: 97 q: -0.4099455
2024-11-10 23:23:26.087: 98 test start:
2024-11-10 23:32:24.565: 98 avg_reward: -12.7
2024-11-10 23:32:24.565: 98 avg_steps: 26952.65
2024-11-10 23:32:24.565: 98 epsilon: 0.01
2024-11-10 23:32:24.565: 98 q: -0.4081799
2024-11-10 23:41:40.784: 99 test start:
2024-11-10 23:50:39.299: 99 avg_reward: -10.2
2024-11-10 23:50:39.300: 99 avg_steps: 26992.95
2024-11-10 23:50:39.300: 99 epsilon: 0.01
2024-11-10 23:50:39.300: 99 q: -0.40531117
2024-11-10 23:59:56.834: 100 test start:
2024-11-11 00:08:56.001: 100 avg_reward: -11.6
2024-11-11 00:08:56.001: 100 avg_steps: 26992.35
2024-11-11 00:08:56.001: 100 epsilon: 0.01
2024-11-11 00:08:56.001: 100 q: -0.4204843
2024-11-11 00:18:18.267: 101 test start:
2024-11-11 00:27:15.149: 101 avg_reward: -12.5
2024-11-11 00:27:15.149: 101 avg_steps: 26847.75
2024-11-11 00:27:15.149: 101 epsilon: 0.01
2024-11-11 00:27:15.149: 101 q: -0.4267124
2024-11-11 00:36:42.789: 102 test start:
2024-11-11 00:45:42.790: 102 avg_reward: -13.2
2024-11-11 00:45:42.790: 102 avg_steps: 26938.15
2024-11-11 00:45:42.790: 102 epsilon: 0.01
2024-11-11 00:45:42.790: 102 q: -0.40335187
2024-11-11 00:55:11.159: 103 test start:
2024-11-11 01:04:09.947: 103 avg_reward: -10.4
2024-11-11 01:04:09.947: 103 avg_steps: 26993.1
2024-11-11 01:04:09.948: 103 epsilon: 0.01
2024-11-11 01:04:09.948: 103 q: -0.39352012
2024-11-11 01:13:24.999: 104 test start:
2024-11-11 01:22:18.479: 104 avg_reward: -10.7
2024-11-11 01:22:18.479: 104 avg_steps: 26921.25
2024-11-11 01:22:18.479: 104 epsilon: 0.01
2024-11-11 01:22:18.479: 104 q: -0.4154204
2024-11-11 01:31:42.477: 105 test start:
2024-11-11 01:40:40.531: 105 avg_reward: -8.5
2024-11-11 01:40:40.531: 105 avg_steps: 26992.7
2024-11-11 01:40:40.531: 105 epsilon: 0.01
2024-11-11 01:40:40.532: 105 q: -0.41232178
2024-11-11 01:49:57.733: 106 test start:
2024-11-11 01:58:58.443: 106 avg_reward: -8.9
2024-11-11 01:58:58.443: 106 avg_steps: 26993.7
2024-11-11 01:58:58.443: 106 epsilon: 0.01
2024-11-11 01:58:58.443: 106 q: -0.4145135
2024-11-11 02:08:08.754: 107 test start:
2024-11-11 02:17:15.323: 107 avg_reward: -11.3
2024-11-11 02:17:15.323: 107 avg_steps: 26992.55
2024-11-11 02:17:15.323: 107 epsilon: 0.01
2024-11-11 02:17:15.324: 107 q: -0.43453655
2024-11-11 02:26:36.788: 108 test start:
2024-11-11 02:35:46.551: 108 avg_reward: -10.2
2024-11-11 02:35:46.551: 108 avg_steps: 26993.95
2024-11-11 02:35:46.551: 108 epsilon: 0.01
2024-11-11 02:35:46.551: 108 q: -0.4240385
2024-11-11 02:45:02.238: 109 test start:
2024-11-11 02:54:10.685: 109 avg_reward: -9.1
2024-11-11 02:54:10.685: 109 avg_steps: 26994.3
2024-11-11 02:54:10.685: 109 epsilon: 0.01
2024-11-11 02:54:10.685: 109 q: -0.4166645
2024-11-11 03:03:43.186: 110 test start:
2024-11-11 03:12:53.018: 110 avg_reward: -9.2
2024-11-11 03:12:53.018: 110 avg_steps: 26992.85
2024-11-11 03:12:53.018: 110 epsilon: 0.01
2024-11-11 03:12:53.018: 110 q: -0.4151121
2024-11-11 03:22:26.879: 111 test start:
2024-11-11 03:31:34.665: 111 avg_reward: -10.2
2024-11-11 03:31:34.665: 111 avg_steps: 26991.95
2024-11-11 03:31:34.665: 111 epsilon: 0.01
2024-11-11 03:31:34.665: 111 q: -0.43930018
2024-11-11 03:40:53.221: 112 test start:
2024-11-11 03:49:57.770: 112 avg_reward: -13.4
2024-11-11 03:49:57.770: 112 avg_steps: 26826.0
2024-11-11 03:49:57.770: 112 epsilon: 0.01
2024-11-11 03:49:57.770: 112 q: -0.44471404
2024-11-11 03:59:27.292: 113 test start:
2024-11-11 04:08:21.218: 113 avg_reward: -11.3
2024-11-11 04:08:21.218: 113 avg_steps: 26396.65
2024-11-11 04:08:21.224: 113 epsilon: 0.01
2024-11-11 04:08:21.224: 113 q: -0.45767215
2024-11-11 04:17:50.759: 114 test start:
2024-11-11 04:26:57.158: 114 avg_reward: -12.3
2024-11-11 04:26:57.159: 114 avg_steps: 26886.35
2024-11-11 04:26:57.159: 114 epsilon: 0.01
2024-11-11 04:26:57.159: 114 q: -0.4494053
2024-11-11 04:36:29.300: 115 test start:
2024-11-11 04:45:37.287: 115 avg_reward: -10.4
2024-11-11 04:45:37.287: 115 avg_steps: 26992.65
2024-11-11 04:45:37.287: 115 epsilon: 0.01
2024-11-11 04:45:37.287: 115 q: -0.46043855
2024-11-11 04:54:46.240: 116 test start:
2024-11-11 05:03:52.146: 116 avg_reward: -9.5
2024-11-11 05:03:52.146: 116 avg_steps: 26993.5
2024-11-11 05:03:52.146: 116 epsilon: 0.01
2024-11-11 05:03:52.146: 116 q: -0.4513802
2024-11-11 05:13:27.105: 117 test start:
2024-11-11 05:22:34.635: 117 avg_reward: -12.2
2024-11-11 05:22:34.635: 117 avg_steps: 26993.1
2024-11-11 05:22:34.635: 117 epsilon: 0.01
2024-11-11 05:22:34.635: 117 q: -0.44751886
2024-11-11 05:32:02.106: 118 test start:
2024-11-11 05:41:08.690: 118 avg_reward: -11.0
2024-11-11 05:41:08.691: 118 avg_steps: 26992.9
2024-11-11 05:41:08.691: 118 epsilon: 0.01
2024-11-11 05:41:08.691: 118 q: -0.45407012
2024-11-11 05:50:37.269: 119 test start:
2024-11-11 05:59:39.954: 119 avg_reward: -9.1
2024-11-11 05:59:39.955: 119 avg_steps: 26992.3
2024-11-11 05:59:39.955: 119 epsilon: 0.01
2024-11-11 05:59:39.955: 119 q: -0.4344577
2024-11-11 06:09:05.631: 120 test start:
2024-11-11 06:18:10.746: 120 avg_reward: -10.5
2024-11-11 06:18:10.746: 120 avg_steps: 26992.25
2024-11-11 06:18:10.746: 120 epsilon: 0.01
2024-11-11 06:18:10.746: 120 q: -0.42108876
2024-11-11 06:27:30.701: 121 test start:
2024-11-11 06:36:35.238: 121 avg_reward: -10.2
2024-11-11 06:36:35.238: 121 avg_steps: 26992.5
2024-11-11 06:36:35.238: 121 epsilon: 0.01
2024-11-11 06:36:35.238: 121 q: -0.4211836
2024-11-11 06:46:10.791: 122 test start:
2024-11-11 06:55:15.116: 122 avg_reward: -9.0
2024-11-11 06:55:15.116: 122 avg_steps: 26994.65
2024-11-11 06:55:15.116: 122 epsilon: 0.01
2024-11-11 06:55:15.116: 122 q: -0.42439547
2024-11-11 07:04:25.726: 123 test start:
2024-11-11 07:13:33.601: 123 avg_reward: -10.7
2024-11-11 07:13:33.602: 123 avg_steps: 26993.35
2024-11-11 07:13:33.602: 123 epsilon: 0.01
2024-11-11 07:13:33.602: 123 q: -0.4420264
2024-11-11 07:23:00.274: 124 test start:
2024-11-11 07:32:04.417: 124 avg_reward: -9.9
2024-11-11 07:32:04.417: 124 avg_steps: 26992.3
2024-11-11 07:32:04.417: 124 epsilon: 0.01
2024-11-11 07:32:04.417: 124 q: -0.44943413
2024-11-11 07:41:34.198: 125 test start:
2024-11-11 07:50:35.016: 125 avg_reward: -11.0
2024-11-11 07:50:35.017: 125 avg_steps: 26726.65
2024-11-11 07:50:35.017: 125 epsilon: 0.01
2024-11-11 07:50:35.017: 125 q: -0.4534456
2024-11-11 07:59:57.006: 126 test start:
2024-11-11 08:09:03.498: 126 avg_reward: -8.3
2024-11-11 08:09:03.499: 126 avg_steps: 26993.55
2024-11-11 08:09:03.499: 126 epsilon: 0.01
2024-11-11 08:09:03.499: 126 q: -0.4513318
2024-11-11 08:18:30.969: 127 test start:
2024-11-11 08:27:35.297: 127 avg_reward: -8.8
2024-11-11 08:27:35.297: 127 avg_steps: 26993.35
2024-11-11 08:27:35.297: 127 epsilon: 0.01
2024-11-11 08:27:35.297: 127 q: -0.42864633
2024-11-11 08:37:14.463: 128 test start:
2024-11-11 08:46:17.936: 128 avg_reward: -8.8
2024-11-11 08:46:17.936: 128 avg_steps: 26993.05
2024-11-11 08:46:17.936: 128 epsilon: 0.01
2024-11-11 08:46:17.936: 128 q: -0.42718217
2024-11-11 08:55:26.486: 129 test start:
2024-11-11 09:04:29.937: 129 avg_reward: -10.4
2024-11-11 09:04:29.937: 129 avg_steps: 26992.95
2024-11-11 09:04:29.937: 129 epsilon: 0.01
2024-11-11 09:04:29.937: 129 q: -0.43412805
2024-11-11 09:14:05.795: 130 test start:
2024-11-11 09:23:07.123: 130 avg_reward: -10.7
2024-11-11 09:23:07.124: 130 avg_steps: 26928.0
2024-11-11 09:23:07.124: 130 epsilon: 0.01
2024-11-11 09:23:07.124: 130 q: -0.41962892
2024-11-11 09:32:12.465: 131 test start:
2024-11-11 09:41:19.359: 131 avg_reward: -9.1
2024-11-11 09:41:19.360: 131 avg_steps: 26992.45
2024-11-11 09:41:19.360: 131 epsilon: 0.01
2024-11-11 09:41:19.360: 131 q: -0.44649294
2024-11-11 09:50:55.684: 132 test start:
2024-11-11 10:00:00.155: 132 avg_reward: -8.0
2024-11-11 10:00:00.155: 132 avg_steps: 26992.75
2024-11-11 10:00:00.155: 132 epsilon: 0.01
2024-11-11 10:00:00.155: 132 q: -0.43808082
2024-11-11 10:09:09.569: 133 test start:
2024-11-11 10:18:15.803: 133 avg_reward: -10.9
2024-11-11 10:18:15.803: 133 avg_steps: 26986.0
2024-11-11 10:18:15.803: 133 epsilon: 0.01
2024-11-11 10:18:15.803: 133 q: -0.40597522
2024-11-11 10:27:38.338: 134 test start:
2024-11-11 10:36:41.297: 134 avg_reward: -12.2
2024-11-11 10:36:41.297: 134 avg_steps: 26711.0
2024-11-11 10:36:41.297: 134 epsilon: 0.01
2024-11-11 10:36:41.297: 134 q: -0.4289408
2024-11-11 10:46:05.379: 135 test start:
2024-11-11 10:55:13.613: 135 avg_reward: -10.3
2024-11-11 10:55:13.613: 135 avg_steps: 26993.55
2024-11-11 10:55:13.613: 135 epsilon: 0.01
2024-11-11 10:55:13.613: 135 q: -0.43683788
2024-11-11 11:04:40.884: 136 test start:
2024-11-11 11:13:44.741: 136 avg_reward: -10.5
2024-11-11 11:13:44.742: 136 avg_steps: 26992.35
2024-11-11 11:13:44.742: 136 epsilon: 0.01
2024-11-11 11:13:44.742: 136 q: -0.43712392
2024-11-11 11:23:04.096: 137 test start:
2024-11-11 11:32:12.765: 137 avg_reward: -8.25
2024-11-11 11:32:12.765: 137 avg_steps: 26993.2
2024-11-11 11:32:12.765: 137 epsilon: 0.01
2024-11-11 11:32:12.765: 137 q: -0.40016472
2024-11-11 11:41:42.883: 138 test start:
2024-11-11 11:50:53.953: 138 avg_reward: -12.4
2024-11-11 11:50:53.953: 138 avg_steps: 26992.1
2024-11-11 11:50:53.953: 138 epsilon: 0.01
2024-11-11 11:50:53.953: 138 q: -0.4128769
2024-11-11 12:00:11.252: 139 test start:
2024-11-11 12:09:25.333: 139 avg_reward: -11.4
2024-11-11 12:09:25.334: 139 avg_steps: 26951.2
2024-11-11 12:09:25.334: 139 epsilon: 0.01
2024-11-11 12:09:25.334: 139 q: -0.39757508
2024-11-11 12:18:54.052: 140 test start:
2024-11-11 12:27:58.747: 140 avg_reward: -9.4
2024-11-11 12:27:58.748: 140 avg_steps: 26993.15
2024-11-11 12:27:58.748: 140 epsilon: 0.01
2024-11-11 12:27:58.748: 140 q: -0.40214598
2024-11-11 12:37:30.272: 141 test start:
2024-11-11 12:46:35.295: 141 avg_reward: -10.7
2024-11-11 12:46:35.295: 141 avg_steps: 26992.8
2024-11-11 12:46:35.295: 141 epsilon: 0.01
2024-11-11 12:46:35.295: 141 q: -0.41839245
2024-11-11 12:55:40.043: 142 test start:
2024-11-11 13:04:44.195: 142 avg_reward: -11.0
2024-11-11 13:04:44.195: 142 avg_steps: 26992.65
2024-11-11 13:04:44.195: 142 epsilon: 0.01
2024-11-11 13:04:44.195: 142 q: -0.41730738
2024-11-11 13:14:06.187: 143 test start:
2024-11-11 13:23:19.533: 143 avg_reward: -12.0
2024-11-11 13:23:19.534: 143 avg_steps: 26993.1
2024-11-11 13:23:19.534: 143 epsilon: 0.01
2024-11-11 13:23:19.534: 143 q: -0.41657653
2024-11-11 13:32:58.262: 144 test start:
2024-11-11 13:42:01.830: 144 avg_reward: -12.5
2024-11-11 13:42:01.830: 144 avg_steps: 26992.7
2024-11-11 13:42:01.830: 144 epsilon: 0.01
2024-11-11 13:42:01.830: 144 q: -0.396154
2024-11-11 13:51:21.498: 145 test start:
2024-11-11 14:00:20.906: 145 avg_reward: -13.2
2024-11-11 14:00:20.906: 145 avg_steps: 26694.35
2024-11-11 14:00:20.906: 145 epsilon: 0.01
2024-11-11 14:00:20.906: 145 q: -0.39675936
2024-11-11 14:09:35.872: 146 test start:
2024-11-11 14:18:49.752: 146 avg_reward: -14.4
2024-11-11 14:18:49.752: 146 avg_steps: 26901.95
2024-11-11 14:18:49.752: 146 epsilon: 0.01
2024-11-11 14:18:49.752: 146 q: -0.37235424
2024-11-11 14:28:10.731: 147 test start:
2024-11-11 14:37:14.414: 147 avg_reward: -12.8
2024-11-11 14:37:14.414: 147 avg_steps: 26993.35
2024-11-11 14:37:14.414: 147 epsilon: 0.01
2024-11-11 14:37:14.414: 147 q: -0.39609113
2024-11-11 14:46:48.272: 148 test start:
2024-11-11 14:55:40.027: 148 avg_reward: -10.7
2024-11-11 14:55:40.028: 148 avg_steps: 26382.45
2024-11-11 14:55:40.028: 148 epsilon: 0.01
2024-11-11 14:55:40.028: 148 q: -0.40848294
2024-11-11 15:04:58.255: 149 test start:
2024-11-11 15:13:59.832: 149 avg_reward: -10.9
2024-11-11 15:13:59.832: 149 avg_steps: 26992.95
2024-11-11 15:13:59.832: 149 epsilon: 0.01
2024-11-11 15:13:59.833: 149 q: -0.40501463
2024-11-11 15:23:24.092: 150 test start:
2024-11-11 15:32:28.623: 150 avg_reward: -12.7
2024-11-11 15:32:28.623: 150 avg_steps: 26993.15
2024-11-11 15:32:28.623: 150 epsilon: 0.01
2024-11-11 15:32:28.623: 150 q: -0.3950894
2024-11-11 15:41:51.686: 151 test start:
2024-11-11 15:50:53.408: 151 avg_reward: -10.1
2024-11-11 15:50:53.408: 151 avg_steps: 26604.8
2024-11-11 15:50:53.408: 151 epsilon: 0.01
2024-11-11 15:50:53.408: 151 q: -0.41421765
2024-11-11 16:00:08.187: 152 test start:
2024-11-11 16:09:10.002: 152 avg_reward: -9.7
2024-11-11 16:09:10.002: 152 avg_steps: 26992.8
2024-11-11 16:09:10.002: 152 epsilon: 0.01
2024-11-11 16:09:10.002: 152 q: -0.41242766
2024-11-11 16:18:31.611: 153 test start:
2024-11-11 16:27:35.883: 153 avg_reward: -9.4
2024-11-11 16:27:35.883: 153 avg_steps: 26992.9
2024-11-11 16:27:35.883: 153 epsilon: 0.01
2024-11-11 16:27:35.883: 153 q: -0.40400213
2024-11-11 16:37:10.886: 154 test start:
2024-11-11 16:46:06.199: 154 avg_reward: -9.6
2024-11-11 16:46:06.199: 154 avg_steps: 26992.75
2024-11-11 16:46:06.199: 154 epsilon: 0.01
2024-11-11 16:46:06.199: 154 q: -0.41377398
2024-11-11 16:55:36.266: 155 test start:
2024-11-11 17:04:34.904: 155 avg_reward: -10.9
2024-11-11 17:04:34.904: 155 avg_steps: 26992.3
2024-11-11 17:04:34.904: 155 epsilon: 0.01
2024-11-11 17:04:34.904: 155 q: -0.4166297
2024-11-11 17:14:15.388: 156 test start:
2024-11-11 17:23:12.913: 156 avg_reward: -10.6
2024-11-11 17:23:12.913: 156 avg_steps: 26993.7
2024-11-11 17:23:12.913: 156 epsilon: 0.01
2024-11-11 17:23:12.913: 156 q: -0.4025739
2024-11-11 17:32:49.364: 157 test start:
2024-11-11 17:41:46.563: 157 avg_reward: -11.7
2024-11-11 17:41:46.564: 157 avg_steps: 26993.65
2024-11-11 17:41:46.564: 157 epsilon: 0.01
2024-11-11 17:41:46.564: 157 q: -0.4161423
2024-11-11 17:51:25.869: 158 test start:
2024-11-11 18:00:20.944: 158 avg_reward: -11.0
2024-11-11 18:00:20.944: 158 avg_steps: 26993.7
2024-11-11 18:00:20.944: 158 epsilon: 0.01
2024-11-11 18:00:20.944: 158 q: -0.43713012
2024-11-11 18:09:54.488: 159 test start:
2024-11-11 18:18:47.443: 159 avg_reward: -10.1
2024-11-11 18:18:47.444: 159 avg_steps: 26993.0
2024-11-11 18:18:47.444: 159 epsilon: 0.01
2024-11-11 18:18:47.444: 159 q: -0.41653436
2024-11-11 18:28:39.322: 160 test start:
2024-11-11 18:37:36.672: 160 avg_reward: -10.6
2024-11-11 18:37:36.672: 160 avg_steps: 26992.85
2024-11-11 18:37:36.672: 160 epsilon: 0.01
2024-11-11 18:37:36.672: 160 q: -0.4134209
2024-11-11 18:47:02.266: 161 test start:
2024-11-11 18:55:46.862: 161 avg_reward: -14.4
2024-11-11 18:55:46.862: 161 avg_steps: 26471.4
2024-11-11 18:55:46.862: 161 epsilon: 0.01
2024-11-11 18:55:46.862: 161 q: -0.42669326
2024-11-11 19:05:17.099: 162 test start:
2024-11-11 19:14:09.030: 162 avg_reward: -11.5
2024-11-11 19:14:09.030: 162 avg_steps: 26993.2
2024-11-11 19:14:09.030: 162 epsilon: 0.01
2024-11-11 19:14:09.030: 162 q: -0.41886055
2024-11-11 19:24:02.609: 163 test start:
2024-11-11 19:32:59.215: 163 avg_reward: -11.1
2024-11-11 19:32:59.215: 163 avg_steps: 26992.65
2024-11-11 19:32:59.215: 163 epsilon: 0.01
2024-11-11 19:32:59.215: 163 q: -0.4259647
2024-11-11 19:42:36.342: 164 test start:
2024-11-11 19:51:29.632: 164 avg_reward: -9.9
2024-11-11 19:51:29.633: 164 avg_steps: 26993.55
2024-11-11 19:51:29.633: 164 epsilon: 0.01
2024-11-11 19:51:29.633: 164 q: -0.41759586
2024-11-11 20:01:05.015: 165 test start:
2024-11-11 20:09:59.111: 165 avg_reward: -9.2
2024-11-11 20:09:59.111: 165 avg_steps: 26993.1
2024-11-11 20:09:59.111: 165 epsilon: 0.01
2024-11-11 20:09:59.111: 165 q: -0.42004266
2024-11-11 20:19:26.553: 166 test start:
2024-11-11 20:28:18.043: 166 avg_reward: -7.7
2024-11-11 20:28:18.044: 166 avg_steps: 26992.85
2024-11-11 20:28:18.049: 166 epsilon: 0.01
2024-11-11 20:28:18.049: 166 q: -0.4131103
2024-11-11 20:37:59.019: 167 test start:
2024-11-11 20:46:55.468: 167 avg_reward: -8.6
2024-11-11 20:46:55.468: 167 avg_steps: 26993.05
2024-11-11 20:46:55.468: 167 epsilon: 0.01
2024-11-11 20:46:55.468: 167 q: -0.42598072
2024-11-11 20:56:25.059: 168 test start:
2024-11-11 21:05:25.608: 168 avg_reward: -8.4
2024-11-11 21:05:25.609: 168 avg_steps: 26993.25
2024-11-11 21:05:25.609: 168 epsilon: 0.01
2024-11-11 21:05:25.609: 168 q: -0.44969684
2024-11-11 21:14:51.727: 169 test start:
2024-11-11 21:23:57.151: 169 avg_reward: -10.2
2024-11-11 21:23:57.152: 169 avg_steps: 26994.05
2024-11-11 21:23:57.152: 169 epsilon: 0.01
2024-11-11 21:23:57.152: 169 q: -0.42044142
2024-11-11 21:34:00.385: 170 test start:
2024-11-11 21:43:06.955: 170 avg_reward: -10.2
2024-11-11 21:43:06.956: 170 avg_steps: 26992.45
2024-11-11 21:43:06.956: 170 epsilon: 0.01
2024-11-11 21:43:06.956: 170 q: -0.41834295
2024-11-11 21:52:51.752: 171 test start:
2024-11-11 22:01:53.908: 171 avg_reward: -10.6
2024-11-11 22:01:53.908: 171 avg_steps: 26992.35
2024-11-11 22:01:53.908: 171 epsilon: 0.01
2024-11-11 22:01:53.908: 171 q: -0.4291765
2024-11-11 22:11:37.280: 172 test start:
2024-11-11 22:20:37.912: 172 avg_reward: -11.6
2024-11-11 22:20:37.912: 172 avg_steps: 26993.5
2024-11-11 22:20:37.912: 172 epsilon: 0.01
2024-11-11 22:20:37.912: 172 q: -0.41928893
2024-11-11 22:30:41.852: 173 test start:
2024-11-11 22:39:46.360: 173 avg_reward: -8.7
2024-11-11 22:39:46.360: 173 avg_steps: 26895.15
2024-11-11 22:39:46.360: 173 epsilon: 0.01
2024-11-11 22:39:46.360: 173 q: -0.4484362
2024-11-11 22:49:30.594: 174 test start:
2024-11-11 22:57:47.582: 174 avg_reward: -15.0
2024-11-11 22:57:47.582: 174 avg_steps: 24774.4
2024-11-11 22:57:47.582: 174 epsilon: 0.01
2024-11-11 22:57:47.582: 174 q: -0.41557556
2024-11-11 23:08:01.717: 175 test start:
2024-11-11 23:17:02.443: 175 avg_reward: -10.5
2024-11-11 23:17:02.443: 175 avg_steps: 26992.9
2024-11-11 23:17:02.443: 175 epsilon: 0.01
2024-11-11 23:17:02.443: 175 q: -0.4266242
2024-11-11 23:26:47.385: 176 test start:
2024-11-11 23:35:47.704: 176 avg_reward: -9.3
2024-11-11 23:35:47.704: 176 avg_steps: 26863.6
2024-11-11 23:35:47.704: 176 epsilon: 0.01
2024-11-11 23:35:47.704: 176 q: -0.42816088
2024-11-11 23:45:49.082: 177 test start:
2024-11-11 23:54:52.189: 177 avg_reward: -9.7
2024-11-11 23:54:52.189: 177 avg_steps: 26993.45
2024-11-11 23:54:52.189: 177 epsilon: 0.01
2024-11-11 23:54:52.189: 177 q: -0.4231134
2024-11-12 00:04:28.123: 178 test start:
2024-11-12 00:13:29.793: 178 avg_reward: -10.9
2024-11-12 00:13:29.793: 178 avg_steps: 26992.45
2024-11-12 00:13:29.794: 178 epsilon: 0.01
2024-11-12 00:13:29.794: 178 q: -0.41652906
2024-11-12 00:23:30.973: 179 test start:
2024-11-12 00:32:31.678: 179 avg_reward: -10.9
2024-11-12 00:32:31.678: 179 avg_steps: 26846.0
2024-11-12 00:32:31.678: 179 epsilon: 0.01
2024-11-12 00:32:31.678: 179 q: -0.4259922
2024-11-12 00:42:11.107: 180 test start:
2024-11-12 00:51:14.113: 180 avg_reward: -11.1
2024-11-12 00:51:14.114: 180 avg_steps: 26993.05
2024-11-12 00:51:14.114: 180 epsilon: 0.01
2024-11-12 00:51:14.114: 180 q: -0.412834
2024-11-12 01:01:19.357: 181 test start:
2024-11-12 01:10:19.889: 181 avg_reward: -10.7
2024-11-12 01:10:19.890: 181 avg_steps: 26852.3
2024-11-12 01:10:19.890: 181 epsilon: 0.01
2024-11-12 01:10:19.890: 181 q: -0.39729553
2024-11-12 01:20:05.256: 182 test start:
2024-11-12 01:29:06.289: 182 avg_reward: -10.3
2024-11-12 01:29:06.289: 182 avg_steps: 26993.8
2024-11-12 01:29:06.289: 182 epsilon: 0.01
2024-11-12 01:29:06.289: 182 q: -0.4095816
2024-11-12 01:38:51.196: 183 test start:
2024-11-12 01:47:54.703: 183 avg_reward: -10.0
2024-11-12 01:47:54.703: 183 avg_steps: 26992.95
2024-11-12 01:47:54.704: 183 epsilon: 0.01
2024-11-12 01:47:54.704: 183 q: -0.40628412
2024-11-12 01:57:52.262: 184 test start:
2024-11-12 02:06:53.904: 184 avg_reward: -8.6
2024-11-12 02:06:53.905: 184 avg_steps: 26993.05
2024-11-12 02:06:53.905: 184 epsilon: 0.01
2024-11-12 02:06:53.905: 184 q: -0.41510794
2024-11-12 02:16:47.672: 185 test start:
2024-11-12 02:25:49.994: 185 avg_reward: -8.3
2024-11-12 02:25:49.994: 185 avg_steps: 26993.7
2024-11-12 02:25:49.994: 185 epsilon: 0.01
2024-11-12 02:25:49.994: 185 q: -0.3865685
2024-11-12 02:35:24.780: 186 test start:
2024-11-12 02:44:26.510: 186 avg_reward: -7.7
2024-11-12 02:44:26.510: 186 avg_steps: 26992.8
2024-11-12 02:44:26.510: 186 epsilon: 0.01
2024-11-12 02:44:26.510: 186 q: -0.39407545
2024-11-12 02:54:16.345: 187 test start:
2024-11-12 03:03:16.091: 187 avg_reward: -10.2
2024-11-12 03:03:16.091: 187 avg_steps: 26993.15
2024-11-12 03:03:16.092: 187 epsilon: 0.01
2024-11-12 03:03:16.092: 187 q: -0.38155523
2024-11-12 03:13:03.303: 188 test start:
2024-11-12 03:22:01.346: 188 avg_reward: -10.5
2024-11-12 03:22:01.346: 188 avg_steps: 26992.7
2024-11-12 03:22:01.346: 188 epsilon: 0.01
2024-11-12 03:22:01.346: 188 q: -0.37943098
2024-11-12 03:32:03.053: 189 test start:
2024-11-12 03:41:03.511: 189 avg_reward: -10.1
2024-11-12 03:41:03.511: 189 avg_steps: 26992.65
2024-11-12 03:41:03.511: 189 epsilon: 0.01
2024-11-12 03:41:03.511: 189 q: -0.3863521
2024-11-12 03:50:54.205: 190 test start:
2024-11-12 03:59:55.232: 190 avg_reward: -10.1
2024-11-12 03:59:55.233: 190 avg_steps: 26992.8
2024-11-12 03:59:55.233: 190 epsilon: 0.01
2024-11-12 03:59:55.233: 190 q: -0.3842449
2024-11-12 04:09:41.491: 191 test start:
2024-11-12 04:18:42.566: 191 avg_reward: -12.1
2024-11-12 04:18:42.566: 191 avg_steps: 26993.25
2024-11-12 04:18:42.571: 191 epsilon: 0.01
2024-11-12 04:18:42.572: 191 q: -0.37142742
2024-11-12 04:28:41.228: 192 test start:
2024-11-12 04:37:32.200: 192 avg_reward: -12.5
2024-11-12 04:37:32.200: 192 avg_steps: 26470.7
2024-11-12 04:37:32.200: 192 epsilon: 0.01
2024-11-12 04:37:32.200: 192 q: -0.39692333
2024-11-12 04:47:25.759: 193 test start:
2024-11-12 04:56:27.191: 193 avg_reward: -10.6
2024-11-12 04:56:27.191: 193 avg_steps: 26994.1
2024-11-12 04:56:27.197: 193 epsilon: 0.01
2024-11-12 04:56:27.197: 193 q: -0.39609766
2024-11-12 05:06:21.185: 194 test start:
2024-11-12 05:15:19.185: 194 avg_reward: -12.5
2024-11-12 05:15:19.185: 194 avg_steps: 26893.7
2024-11-12 05:15:19.185: 194 epsilon: 0.01
2024-11-12 05:15:19.185: 194 q: -0.3898405
2024-11-12 05:25:19.473: 195 test start:
2024-11-12 05:34:21.211: 195 avg_reward: -10.7
2024-11-12 05:34:21.211: 195 avg_steps: 26993.2
2024-11-12 05:34:21.211: 195 epsilon: 0.01
2024-11-12 05:34:21.211: 195 q: -0.38824615
2024-11-12 05:44:11.899: 196 test start:
2024-11-12 05:53:11.771: 196 avg_reward: -10.8
2024-11-12 05:53:11.772: 196 avg_steps: 26993.0
2024-11-12 05:53:11.772: 196 epsilon: 0.01
2024-11-12 05:53:11.772: 196 q: -0.38103333
2024-11-12 06:03:02.176: 197 test start:
2024-11-12 06:12:04.054: 197 avg_reward: -12.3
2024-11-12 06:12:04.055: 197 avg_steps: 26992.7
2024-11-12 06:12:04.055: 197 epsilon: 0.01
2024-11-12 06:12:04.055: 197 q: -0.37059113
2024-11-12 06:22:05.289: 198 test start:
2024-11-12 06:31:02.093: 198 avg_reward: -11.1
2024-11-12 06:31:02.093: 198 avg_steps: 26992.75
2024-11-12 06:31:02.093: 198 epsilon: 0.01
2024-11-12 06:31:02.093: 198 q: -0.39288035
2024-11-12 06:40:45.104: 199 test start:
2024-11-12 06:49:40.922: 199 avg_reward: -10.7
2024-11-12 06:49:40.923: 199 avg_steps: 26884.7
2024-11-12 06:49:40.923: 199 epsilon: 0.01
2024-11-12 06:49:40.923: 199 q: -0.38309297
2024-11-12 06:59:26.519: 200 test start:
2024-11-12 07:08:25.115: 200 avg_reward: -9.3
2024-11-12 07:08:25.116: 200 avg_steps: 26993.35
2024-11-12 07:08:25.116: 200 epsilon: 0.01
2024-11-12 07:08:25.116: 200 q: -0.4013405
