2024-11-11 01:12:50.054: 
parameters:agent_test_episodes: 20
batch_num_per_epoch: 250000
device: cuda:0
env_name: ALE/SpaceInvaders-v5
epsilon_for_test: 0.001
epsilon_max: 0.1
epsilon_min: 0.01
exp_name: ALE-SpaceInvaders-v5_2024-11-11-01-12-50
exp_path: ../exps/double_dqn/
exploration_steps: 1000000
gamma: 0.99
held_out_states_num: 1000
learning_rate: 0.00025
log_path: ../exps/double_dqn/
mini_batch_size: 32
model_update_freq: 4
n_times: 5
no_op: 30
phi_channel: 4
replay_buffer_size: 1000000
replay_start_size: 50000
save_model: true
screen_size: 84
seed: 0
skip_k_frame: 4
step_c: 30000
training_steps: 50000000

2024-11-11 01:12:50.131: optimizer: RMSprop (
Parameter Group 0
    alpha: 0.95
    centered: False
    differentiable: False
    eps: 0.01
    foreach: None
    lr: 0.00025
    maximize: False
    momentum: 0
    weight_decay: 0
)
2024-11-11 01:12:50.189: optimizer: RMSprop (
Parameter Group 0
    alpha: 0.95
    centered: False
    differentiable: False
    eps: 0.01
    foreach: None
    lr: 0.00025
    maximize: False
    momentum: 0
    weight_decay: 0
)
2024-11-11 01:21:03.320: 1 test start:
2024-11-11 01:21:15.163: 1 avg_reward: 243.25
2024-11-11 01:21:15.163: 1 avg_steps: 633.45
2024-11-11 01:21:15.163: 1 epsilon: 0.08198470000000001
2024-11-11 01:21:15.163: 1 q: 0.049579553
2024-11-11 01:29:58.649: 2 test start:
2024-11-11 01:30:11.610: 2 avg_reward: 221.5
2024-11-11 01:30:11.610: 2 avg_steps: 676.85
2024-11-11 01:30:11.610: 2 epsilon: 0.05948659
2024-11-11 01:30:11.611: 2 q: 0.1020021
2024-11-11 01:39:07.979: 3 test start:
2024-11-11 01:39:17.644: 3 avg_reward: 181.0
2024-11-11 01:39:17.644: 3 avg_steps: 515.0
2024-11-11 01:39:17.645: 3 epsilon: 0.03695221
2024-11-11 01:39:17.645: 3 q: 0.17612384
2024-11-11 01:48:01.404: 4 test start:
2024-11-11 01:48:15.491: 4 avg_reward: 277.5
2024-11-11 01:48:15.492: 4 avg_steps: 739.3
2024-11-11 01:48:15.492: 4 epsilon: 0.01445581
2024-11-11 01:48:15.492: 4 q: 0.20167617
2024-11-11 01:57:14.817: 5 test start:
2024-11-11 01:57:25.702: 5 avg_reward: 250.5
2024-11-11 01:57:25.703: 5 avg_steps: 571.75
2024-11-11 01:57:25.703: 5 epsilon: 0.01
2024-11-11 01:57:25.703: 5 q: 0.32311183
2024-11-11 02:06:19.064: 6 test start:
2024-11-11 02:06:29.171: 6 avg_reward: 171.5
2024-11-11 02:06:29.172: 6 avg_steps: 562.55
2024-11-11 02:06:29.172: 6 epsilon: 0.01
2024-11-11 02:06:29.172: 6 q: 0.28838626
2024-11-11 02:15:26.956: 7 test start:
2024-11-11 02:15:35.826: 7 avg_reward: 223.75
2024-11-11 02:15:35.827: 7 avg_steps: 454.75
2024-11-11 02:15:35.827: 7 epsilon: 0.01
2024-11-11 02:15:35.827: 7 q: 0.37428924
2024-11-11 02:24:30.641: 8 test start:
2024-11-11 02:24:42.190: 8 avg_reward: 316.75
2024-11-11 02:24:42.191: 8 avg_steps: 590.4
2024-11-11 02:24:42.191: 8 epsilon: 0.01
2024-11-11 02:24:42.191: 8 q: 0.47770137
2024-11-11 02:34:00.214: 9 test start:
2024-11-11 02:34:07.914: 9 avg_reward: 142.5
2024-11-11 02:34:07.914: 9 avg_steps: 394.9
2024-11-11 02:34:07.914: 9 epsilon: 0.01
2024-11-11 02:34:07.914: 9 q: 0.45359853
2024-11-11 02:43:10.855: 10 test start:
2024-11-11 02:43:19.727: 10 avg_reward: 243.0
2024-11-11 02:43:19.727: 10 avg_steps: 450.25
2024-11-11 02:43:19.732: 10 epsilon: 0.01
2024-11-11 02:43:19.733: 10 q: 0.53129834
2024-11-11 02:52:36.987: 11 test start:
2024-11-11 02:52:45.531: 11 avg_reward: 223.25
2024-11-11 02:52:45.531: 11 avg_steps: 466.75
2024-11-11 02:52:45.531: 11 epsilon: 0.01
2024-11-11 02:52:45.531: 11 q: 0.59922653
2024-11-11 03:01:52.483: 12 test start:
2024-11-11 03:02:01.560: 12 avg_reward: 231.5
2024-11-11 03:02:01.561: 12 avg_steps: 465.2
2024-11-11 03:02:01.561: 12 epsilon: 0.01
2024-11-11 03:02:01.561: 12 q: 0.6476012
2024-11-11 03:11:19.168: 13 test start:
2024-11-11 03:11:27.565: 13 avg_reward: 258.5
2024-11-11 03:11:27.565: 13 avg_steps: 431.15
2024-11-11 03:11:27.565: 13 epsilon: 0.01
2024-11-11 03:11:27.565: 13 q: 0.7520608
2024-11-11 03:20:33.615: 14 test start:
2024-11-11 03:20:44.931: 14 avg_reward: 387.75
2024-11-11 03:20:44.931: 14 avg_steps: 576.85
2024-11-11 03:20:44.931: 14 epsilon: 0.01
2024-11-11 03:20:44.931: 14 q: 0.7826268
2024-11-11 03:30:00.238: 15 test start:
2024-11-11 03:30:09.600: 15 avg_reward: 228.5
2024-11-11 03:30:09.600: 15 avg_steps: 492.2
2024-11-11 03:30:09.601: 15 epsilon: 0.01
2024-11-11 03:30:09.601: 15 q: 0.8970764
2024-11-11 03:39:12.292: 16 test start:
2024-11-11 03:39:28.834: 16 avg_reward: 526.0
2024-11-11 03:39:28.835: 16 avg_steps: 822.5
2024-11-11 03:39:28.835: 16 epsilon: 0.01
2024-11-11 03:39:28.835: 16 q: 0.97201097
2024-11-11 03:48:40.222: 17 test start:
2024-11-11 03:48:52.345: 17 avg_reward: 440.25
2024-11-11 03:48:52.345: 17 avg_steps: 648.85
2024-11-11 03:48:52.345: 17 epsilon: 0.01
2024-11-11 03:48:52.345: 17 q: 1.0840883
2024-11-11 03:57:57.861: 18 test start:
2024-11-11 03:58:06.822: 18 avg_reward: 250.25
2024-11-11 03:58:06.822: 18 avg_steps: 434.15
2024-11-11 03:58:06.822: 18 epsilon: 0.01
2024-11-11 03:58:06.822: 18 q: 1.1274949
2024-11-11 04:07:16.964: 19 test start:
2024-11-11 04:07:28.693: 19 avg_reward: 400.75
2024-11-11 04:07:28.693: 19 avg_steps: 635.15
2024-11-11 04:07:28.693: 19 epsilon: 0.01
2024-11-11 04:07:28.693: 19 q: 1.1456404
2024-11-11 04:16:39.789: 20 test start:
2024-11-11 04:16:51.174: 20 avg_reward: 339.25
2024-11-11 04:16:51.174: 20 avg_steps: 562.45
2024-11-11 04:16:51.174: 20 epsilon: 0.01
2024-11-11 04:16:51.174: 20 q: 1.2201998
2024-11-11 04:26:03.316: 21 test start:
2024-11-11 04:26:12.397: 21 avg_reward: 319.0
2024-11-11 04:26:12.397: 21 avg_steps: 487.15
2024-11-11 04:26:12.397: 21 epsilon: 0.01
2024-11-11 04:26:12.397: 21 q: 1.3084677
2024-11-11 04:35:23.135: 22 test start:
2024-11-11 04:35:37.291: 22 avg_reward: 491.0
2024-11-11 04:35:37.291: 22 avg_steps: 704.55
2024-11-11 04:35:37.291: 22 epsilon: 0.01
2024-11-11 04:35:37.291: 22 q: 1.3601496
2024-11-11 04:44:44.628: 23 test start:
2024-11-11 04:44:57.268: 23 avg_reward: 472.75
2024-11-11 04:44:57.268: 23 avg_steps: 681.0
2024-11-11 04:44:57.268: 23 epsilon: 0.01
2024-11-11 04:44:57.268: 23 q: 1.470473
2024-11-11 04:54:03.564: 24 test start:
2024-11-11 04:54:19.225: 24 avg_reward: 590.25
2024-11-11 04:54:19.225: 24 avg_steps: 782.75
2024-11-11 04:54:19.225: 24 epsilon: 0.01
2024-11-11 04:54:19.225: 24 q: 1.4722407
2024-11-11 05:03:22.053: 25 test start:
2024-11-11 05:03:34.438: 25 avg_reward: 516.75
2024-11-11 05:03:34.438: 25 avg_steps: 673.95
2024-11-11 05:03:34.443: 25 epsilon: 0.01
2024-11-11 05:03:34.443: 25 q: 1.5149075
2024-11-11 05:12:47.661: 26 test start:
2024-11-11 05:13:08.643: 26 avg_reward: 718.0
2024-11-11 05:13:08.643: 26 avg_steps: 1056.45
2024-11-11 05:13:08.643: 26 epsilon: 0.01
2024-11-11 05:13:08.643: 26 q: 1.4996375
2024-11-11 05:22:10.021: 27 test start:
2024-11-11 05:22:22.307: 27 avg_reward: 435.75
2024-11-11 05:22:22.308: 27 avg_steps: 663.2
2024-11-11 05:22:22.308: 27 epsilon: 0.01
2024-11-11 05:22:22.308: 27 q: 1.6393324
2024-11-11 05:31:37.242: 28 test start:
2024-11-11 05:31:50.742: 28 avg_reward: 483.25
2024-11-11 05:31:50.742: 28 avg_steps: 667.95
2024-11-11 05:31:50.742: 28 epsilon: 0.01
2024-11-11 05:31:50.742: 28 q: 1.7045791
2024-11-11 05:40:47.974: 29 test start:
2024-11-11 05:40:58.029: 29 avg_reward: 398.5
2024-11-11 05:40:58.030: 29 avg_steps: 545.25
2024-11-11 05:40:58.030: 29 epsilon: 0.01
2024-11-11 05:40:58.030: 29 q: 1.8236244
2024-11-11 05:50:08.564: 30 test start:
2024-11-11 05:50:23.342: 30 avg_reward: 592.5
2024-11-11 05:50:23.342: 30 avg_steps: 746.25
2024-11-11 05:50:23.343: 30 epsilon: 0.01
2024-11-11 05:50:23.343: 30 q: 1.890549
2024-11-11 05:59:22.496: 31 test start:
2024-11-11 05:59:37.231: 31 avg_reward: 627.5
2024-11-11 05:59:37.231: 31 avg_steps: 805.75
2024-11-11 05:59:37.231: 31 epsilon: 0.01
2024-11-11 05:59:37.231: 31 q: 1.8892951
2024-11-11 06:08:50.428: 32 test start:
2024-11-11 06:09:08.154: 32 avg_reward: 630.25
2024-11-11 06:09:08.154: 32 avg_steps: 909.6
2024-11-11 06:09:08.155: 32 epsilon: 0.01
2024-11-11 06:09:08.155: 32 q: 1.9388064
2024-11-11 06:18:04.342: 33 test start:
2024-11-11 06:18:19.956: 33 avg_reward: 602.0
2024-11-11 06:18:19.956: 33 avg_steps: 846.2
2024-11-11 06:18:19.956: 33 epsilon: 0.01
2024-11-11 06:18:19.956: 33 q: 2.0294693
2024-11-11 06:27:33.705: 34 test start:
2024-11-11 06:27:50.006: 34 avg_reward: 669.75
2024-11-11 06:27:50.007: 34 avg_steps: 870.7
2024-11-11 06:27:50.007: 34 epsilon: 0.01
2024-11-11 06:27:50.007: 34 q: 2.032044
2024-11-11 06:36:44.410: 35 test start:
2024-11-11 06:37:04.439: 35 avg_reward: 769.25
2024-11-11 06:37:04.439: 35 avg_steps: 1045.35
2024-11-11 06:37:04.439: 35 epsilon: 0.01
2024-11-11 06:37:04.439: 35 q: 2.1322482
2024-11-11 06:46:18.939: 36 test start:
2024-11-11 06:46:34.873: 36 avg_reward: 638.5
2024-11-11 06:46:34.873: 36 avg_steps: 867.25
2024-11-11 06:46:34.873: 36 epsilon: 0.01
2024-11-11 06:46:34.873: 36 q: 2.2097683
2024-11-11 06:55:29.907: 37 test start:
2024-11-11 06:55:47.979: 37 avg_reward: 712.25
2024-11-11 06:55:47.979: 37 avg_steps: 953.35
2024-11-11 06:55:47.979: 37 epsilon: 0.01
2024-11-11 06:55:47.979: 37 q: 2.2593467
2024-11-11 07:04:56.998: 38 test start:
2024-11-11 07:05:18.359: 38 avg_reward: 829.0
2024-11-11 07:05:18.359: 38 avg_steps: 1142.2
2024-11-11 07:05:18.359: 38 epsilon: 0.01
2024-11-11 07:05:18.359: 38 q: 2.3496482
2024-11-11 07:14:11.076: 39 test start:
2024-11-11 07:14:27.822: 39 avg_reward: 621.5
2024-11-11 07:14:27.822: 39 avg_steps: 887.55
2024-11-11 07:14:27.822: 39 epsilon: 0.01
2024-11-11 07:14:27.822: 39 q: 2.5112963
2024-11-11 07:23:38.586: 40 test start:
2024-11-11 07:23:56.722: 40 avg_reward: 760.5
2024-11-11 07:23:56.722: 40 avg_steps: 992.9
2024-11-11 07:23:56.722: 40 epsilon: 0.01
2024-11-11 07:23:56.722: 40 q: 2.582909
2024-11-11 07:32:50.564: 41 test start:
2024-11-11 07:33:06.697: 41 avg_reward: 673.0
2024-11-11 07:33:06.697: 41 avg_steps: 857.15
2024-11-11 07:33:06.697: 41 epsilon: 0.01
2024-11-11 07:33:06.697: 41 q: 2.6461556
2024-11-11 07:42:15.302: 42 test start:
2024-11-11 07:42:33.225: 42 avg_reward: 755.0
2024-11-11 07:42:33.226: 42 avg_steps: 946.6
2024-11-11 07:42:33.226: 42 epsilon: 0.01
2024-11-11 07:42:33.226: 42 q: 2.6511831
2024-11-11 07:51:26.547: 43 test start:
2024-11-11 07:51:51.118: 43 avg_reward: 1092.5
2024-11-11 07:51:51.118: 43 avg_steps: 1279.25
2024-11-11 07:51:51.118: 43 epsilon: 0.01
2024-11-11 07:51:51.118: 43 q: 2.7338974
2024-11-11 08:00:55.574: 44 test start:
2024-11-11 08:01:11.471: 44 avg_reward: 645.25
2024-11-11 08:01:11.471: 44 avg_steps: 829.3
2024-11-11 08:01:11.471: 44 epsilon: 0.01
2024-11-11 08:01:11.471: 44 q: 2.8525276
2024-11-11 08:10:05.494: 45 test start:
2024-11-11 08:10:17.862: 45 avg_reward: 536.75
2024-11-11 08:10:17.862: 45 avg_steps: 636.0
2024-11-11 08:10:17.862: 45 epsilon: 0.01
2024-11-11 08:10:17.862: 45 q: 2.9626212
2024-11-11 08:19:24.392: 46 test start:
2024-11-11 08:19:45.353: 46 avg_reward: 918.75
2024-11-11 08:19:45.353: 46 avg_steps: 1119.55
2024-11-11 08:19:45.359: 46 epsilon: 0.01
2024-11-11 08:19:45.359: 46 q: 2.945661
2024-11-11 08:28:34.842: 47 test start:
2024-11-11 08:28:58.204: 47 avg_reward: 1147.25
2024-11-11 08:28:58.204: 47 avg_steps: 1214.15
2024-11-11 08:28:58.204: 47 epsilon: 0.01
2024-11-11 08:28:58.205: 47 q: 3.0385473
2024-11-11 08:38:07.447: 48 test start:
2024-11-11 08:38:27.761: 48 avg_reward: 837.25
2024-11-11 08:38:27.761: 48 avg_steps: 1078.1
2024-11-11 08:38:27.761: 48 epsilon: 0.01
2024-11-11 08:38:27.761: 48 q: 3.0466588
2024-11-11 08:47:16.610: 49 test start:
2024-11-11 08:47:44.322: 49 avg_reward: 1178.5
2024-11-11 08:47:44.322: 49 avg_steps: 1447.15
2024-11-11 08:47:44.322: 49 epsilon: 0.01
2024-11-11 08:47:44.322: 49 q: 3.1581218
2024-11-11 08:56:52.758: 50 test start:
2024-11-11 08:57:15.179: 50 avg_reward: 918.25
2024-11-11 08:57:15.180: 50 avg_steps: 1175.7
2024-11-11 08:57:15.180: 50 epsilon: 0.01
2024-11-11 08:57:15.180: 50 q: 3.1432683
2024-11-11 09:06:06.472: 51 test start:
2024-11-11 09:06:29.638: 51 avg_reward: 989.0
2024-11-11 09:06:29.639: 51 avg_steps: 1219.75
2024-11-11 09:06:29.639: 51 epsilon: 0.01
2024-11-11 09:06:29.639: 51 q: 3.1999702
2024-11-11 09:15:36.968: 52 test start:
2024-11-11 09:15:58.218: 52 avg_reward: 936.5
2024-11-11 09:15:58.219: 52 avg_steps: 1131.95
2024-11-11 09:15:58.219: 52 epsilon: 0.01
2024-11-11 09:15:58.219: 52 q: 3.2900727
2024-11-11 09:24:51.128: 53 test start:
2024-11-11 09:25:07.419: 53 avg_reward: 715.5
2024-11-11 09:25:07.419: 53 avg_steps: 850.95
2024-11-11 09:25:07.419: 53 epsilon: 0.01
2024-11-11 09:25:07.419: 53 q: 3.396755
2024-11-11 09:34:11.351: 54 test start:
2024-11-11 09:34:31.910: 54 avg_reward: 937.75
2024-11-11 09:34:31.910: 54 avg_steps: 1113.2
2024-11-11 09:34:31.911: 54 epsilon: 0.01
2024-11-11 09:34:31.911: 54 q: 3.4723272
2024-11-11 09:43:25.571: 55 test start:
2024-11-11 09:43:47.013: 55 avg_reward: 818.25
2024-11-11 09:43:47.014: 55 avg_steps: 1119.15
2024-11-11 09:43:47.014: 55 epsilon: 0.01
2024-11-11 09:43:47.014: 55 q: 3.4924605
2024-11-11 09:52:54.558: 56 test start:
2024-11-11 09:53:06.195: 56 avg_reward: 452.25
2024-11-11 09:53:06.195: 56 avg_steps: 602.85
2024-11-11 09:53:06.195: 56 epsilon: 0.01
2024-11-11 09:53:06.195: 56 q: 3.5618768
2024-11-11 10:01:55.187: 57 test start:
2024-11-11 10:02:23.583: 57 avg_reward: 1245.25
2024-11-11 10:02:23.583: 57 avg_steps: 1476.6
2024-11-11 10:02:23.583: 57 epsilon: 0.01
2024-11-11 10:02:23.584: 57 q: 3.5195777
2024-11-11 10:11:32.951: 58 test start:
2024-11-11 10:11:51.466: 58 avg_reward: 793.25
2024-11-11 10:11:51.466: 58 avg_steps: 1005.65
2024-11-11 10:11:51.466: 58 epsilon: 0.01
2024-11-11 10:11:51.466: 58 q: 3.567159
2024-11-11 10:20:49.092: 59 test start:
2024-11-11 10:21:12.710: 59 avg_reward: 1098.5
2024-11-11 10:21:12.710: 59 avg_steps: 1258.65
2024-11-11 10:21:12.710: 59 epsilon: 0.01
2024-11-11 10:21:12.710: 59 q: 3.5671818
2024-11-11 10:30:20.286: 60 test start:
2024-11-11 10:30:42.665: 60 avg_reward: 1046.75
2024-11-11 10:30:42.665: 60 avg_steps: 1185.25
2024-11-11 10:30:42.665: 60 epsilon: 0.01
2024-11-11 10:30:42.665: 60 q: 3.640656
2024-11-11 10:39:37.315: 61 test start:
2024-11-11 10:40:02.067: 61 avg_reward: 1244.25
2024-11-11 10:40:02.067: 61 avg_steps: 1300.75
2024-11-11 10:40:02.067: 61 epsilon: 0.01
2024-11-11 10:40:02.067: 61 q: 3.635682
2024-11-11 10:49:06.531: 62 test start:
2024-11-11 10:49:26.089: 62 avg_reward: 904.5
2024-11-11 10:49:26.089: 62 avg_steps: 1019.85
2024-11-11 10:49:26.089: 62 epsilon: 0.01
2024-11-11 10:49:26.089: 62 q: 3.6710284
2024-11-11 10:58:19.172: 63 test start:
2024-11-11 10:58:46.199: 63 avg_reward: 1217.75
2024-11-11 10:58:46.199: 63 avg_steps: 1390.8
2024-11-11 10:58:46.199: 63 epsilon: 0.01
2024-11-11 10:58:46.199: 63 q: 3.6927602
2024-11-11 11:07:51.711: 64 test start:
2024-11-11 11:08:10.276: 64 avg_reward: 845.75
2024-11-11 11:08:10.276: 64 avg_steps: 980.8
2024-11-11 11:08:10.276: 64 epsilon: 0.01
2024-11-11 11:08:10.276: 64 q: 3.6964703
2024-11-11 11:17:02.952: 65 test start:
2024-11-11 11:17:27.554: 65 avg_reward: 1169.75
2024-11-11 11:17:27.554: 65 avg_steps: 1274.8
2024-11-11 11:17:27.554: 65 epsilon: 0.01
2024-11-11 11:17:27.554: 65 q: 3.8649735
2024-11-11 11:26:30.648: 66 test start:
2024-11-11 11:27:00.141: 66 avg_reward: 1382.75
2024-11-11 11:27:00.142: 66 avg_steps: 1563.3
2024-11-11 11:27:00.142: 66 epsilon: 0.01
2024-11-11 11:27:00.142: 66 q: 3.836526
2024-11-11 11:35:55.108: 67 test start:
2024-11-11 11:36:22.116: 67 avg_reward: 1213.25
2024-11-11 11:36:22.117: 67 avg_steps: 1397.85
2024-11-11 11:36:22.117: 67 epsilon: 0.01
2024-11-11 11:36:22.117: 67 q: 3.9250953
2024-11-11 11:45:27.849: 68 test start:
2024-11-11 11:45:51.545: 68 avg_reward: 1148.5
2024-11-11 11:45:51.545: 68 avg_steps: 1249.7
2024-11-11 11:45:51.545: 68 epsilon: 0.01
2024-11-11 11:45:51.545: 68 q: 4.006841
2024-11-11 11:54:46.725: 69 test start:
2024-11-11 11:55:17.099: 69 avg_reward: 1474.25
2024-11-11 11:55:17.099: 69 avg_steps: 1583.05
2024-11-11 11:55:17.104: 69 epsilon: 0.01
2024-11-11 11:55:17.104: 69 q: 4.0235653
2024-11-11 12:04:19.974: 70 test start:
2024-11-11 12:04:46.548: 70 avg_reward: 1338.25
2024-11-11 12:04:46.548: 70 avg_steps: 1397.2
2024-11-11 12:04:46.549: 70 epsilon: 0.01
2024-11-11 12:04:46.549: 70 q: 3.9798877
2024-11-11 12:13:40.862: 71 test start:
2024-11-11 12:14:10.762: 71 avg_reward: 1425.0
2024-11-11 12:14:10.762: 71 avg_steps: 1547.5
2024-11-11 12:14:10.762: 71 epsilon: 0.01
2024-11-11 12:14:10.762: 71 q: 4.040935
2024-11-11 12:23:20.546: 72 test start:
2024-11-11 12:23:45.527: 72 avg_reward: 1135.5
2024-11-11 12:23:45.527: 72 avg_steps: 1324.45
2024-11-11 12:23:45.527: 72 epsilon: 0.01
2024-11-11 12:23:45.527: 72 q: 4.0239773
2024-11-11 12:32:35.694: 73 test start:
2024-11-11 12:33:05.201: 73 avg_reward: 1384.25
2024-11-11 12:33:05.201: 73 avg_steps: 1543.65
2024-11-11 12:33:05.201: 73 epsilon: 0.01
2024-11-11 12:33:05.201: 73 q: 4.091669
2024-11-11 12:42:11.844: 74 test start:
2024-11-11 12:42:40.222: 74 avg_reward: 1473.5
2024-11-11 12:42:40.222: 74 avg_steps: 1506.75
2024-11-11 12:42:40.222: 74 epsilon: 0.01
2024-11-11 12:42:40.222: 74 q: 4.1430783
2024-11-11 12:51:33.807: 75 test start:
2024-11-11 12:51:59.509: 75 avg_reward: 1207.75
2024-11-11 12:51:59.509: 75 avg_steps: 1332.1
2024-11-11 12:51:59.510: 75 epsilon: 0.01
2024-11-11 12:51:59.510: 75 q: 4.1843057
2024-11-11 13:01:02.674: 76 test start:
2024-11-11 13:01:24.954: 76 avg_reward: 1016.0
2024-11-11 13:01:24.955: 76 avg_steps: 1180.9
2024-11-11 13:01:24.955: 76 epsilon: 0.01
2024-11-11 13:01:24.955: 76 q: 4.200547
2024-11-11 13:10:21.128: 77 test start:
2024-11-11 13:10:46.398: 77 avg_reward: 1253.75
2024-11-11 13:10:46.398: 77 avg_steps: 1325.35
2024-11-11 13:10:46.398: 77 epsilon: 0.01
2024-11-11 13:10:46.398: 77 q: 4.219798
2024-11-11 13:19:50.640: 78 test start:
2024-11-11 13:20:16.383: 78 avg_reward: 1331.5
2024-11-11 13:20:16.383: 78 avg_steps: 1340.7
2024-11-11 13:20:16.383: 78 epsilon: 0.01
2024-11-11 13:20:16.383: 78 q: 4.2166424
2024-11-11 13:29:11.932: 79 test start:
2024-11-11 13:29:40.332: 79 avg_reward: 1441.5
2024-11-11 13:29:40.332: 79 avg_steps: 1508.5
2024-11-11 13:29:40.332: 79 epsilon: 0.01
2024-11-11 13:29:40.332: 79 q: 4.3093486
2024-11-11 13:38:48.385: 80 test start:
2024-11-11 13:39:26.349: 80 avg_reward: 1940.75
2024-11-11 13:39:26.349: 80 avg_steps: 2128.3
2024-11-11 13:39:26.349: 80 epsilon: 0.01
2024-11-11 13:39:26.349: 80 q: 4.254322
2024-11-11 13:48:22.380: 81 test start:
2024-11-11 13:48:50.458: 81 avg_reward: 1381.75
2024-11-11 13:48:50.459: 81 avg_steps: 1524.9
2024-11-11 13:48:50.459: 81 epsilon: 0.01
2024-11-11 13:48:50.459: 81 q: 4.2644835
2024-11-11 13:57:58.288: 82 test start:
2024-11-11 13:58:28.238: 82 avg_reward: 1616.25
2024-11-11 13:58:28.239: 82 avg_steps: 1577.3
2024-11-11 13:58:28.239: 82 epsilon: 0.01
2024-11-11 13:58:28.239: 82 q: 4.293374
2024-11-11 14:07:26.591: 83 test start:
2024-11-11 14:07:49.729: 83 avg_reward: 1184.75
2024-11-11 14:07:49.729: 83 avg_steps: 1215.8
2024-11-11 14:07:49.729: 83 epsilon: 0.01
2024-11-11 14:07:49.729: 83 q: 4.381725
2024-11-11 14:16:52.444: 84 test start:
2024-11-11 14:17:21.076: 84 avg_reward: 1390.75
2024-11-11 14:17:21.076: 84 avg_steps: 1521.55
2024-11-11 14:17:21.076: 84 epsilon: 0.01
2024-11-11 14:17:21.076: 84 q: 4.3781943
2024-11-11 14:26:16.474: 85 test start:
2024-11-11 14:26:45.702: 85 avg_reward: 1588.5
2024-11-11 14:26:45.702: 85 avg_steps: 1493.8
2024-11-11 14:26:45.702: 85 epsilon: 0.01
2024-11-11 14:26:45.703: 85 q: 4.4142237
2024-11-11 14:35:48.694: 86 test start:
2024-11-11 14:36:19.361: 86 avg_reward: 1790.75
2024-11-11 14:36:19.362: 86 avg_steps: 1680.75
2024-11-11 14:36:19.362: 86 epsilon: 0.01
2024-11-11 14:36:19.362: 86 q: 4.40286
2024-11-11 14:45:14.769: 87 test start:
2024-11-11 14:45:42.234: 87 avg_reward: 1333.75
2024-11-11 14:45:42.234: 87 avg_steps: 1389.3
2024-11-11 14:45:42.234: 87 epsilon: 0.01
2024-11-11 14:45:42.234: 87 q: 4.473744
2024-11-11 14:54:45.494: 88 test start:
2024-11-11 14:55:14.441: 88 avg_reward: 1485.75
2024-11-11 14:55:14.441: 88 avg_steps: 1578.55
2024-11-11 14:55:14.441: 88 epsilon: 0.01
2024-11-11 14:55:14.441: 88 q: 4.505379
2024-11-11 15:04:16.616: 89 test start:
2024-11-11 15:04:44.201: 89 avg_reward: 1398.5
2024-11-11 15:04:44.201: 89 avg_steps: 1404.75
2024-11-11 15:04:44.201: 89 epsilon: 0.01
2024-11-11 15:04:44.201: 89 q: 4.4953394
2024-11-11 15:13:42.224: 90 test start:
2024-11-11 15:14:06.684: 90 avg_reward: 1394.25
2024-11-11 15:14:06.684: 90 avg_steps: 1329.65
2024-11-11 15:14:06.684: 90 epsilon: 0.01
2024-11-11 15:14:06.684: 90 q: 4.583583
2024-11-11 15:23:08.510: 91 test start:
2024-11-11 15:23:43.905: 91 avg_reward: 1845.75
2024-11-11 15:23:43.905: 91 avg_steps: 1854.6
2024-11-11 15:23:43.905: 91 epsilon: 0.01
2024-11-11 15:23:43.905: 91 q: 4.660389
2024-11-11 15:32:35.320: 92 test start:
2024-11-11 15:32:59.569: 92 avg_reward: 1261.5
2024-11-11 15:32:59.569: 92 avg_steps: 1257.0
2024-11-11 15:32:59.569: 92 epsilon: 0.01
2024-11-11 15:32:59.569: 92 q: 4.667946
2024-11-11 15:42:04.751: 93 test start:
2024-11-11 15:42:33.608: 93 avg_reward: 1536.5
2024-11-11 15:42:33.608: 93 avg_steps: 1534.05
2024-11-11 15:42:33.608: 93 epsilon: 0.01
2024-11-11 15:42:33.608: 93 q: 4.669132
2024-11-11 15:51:24.935: 94 test start:
2024-11-11 15:52:01.466: 94 avg_reward: 1989.0
2024-11-11 15:52:01.467: 94 avg_steps: 1913.4
2024-11-11 15:52:01.467: 94 epsilon: 0.01
2024-11-11 15:52:01.467: 94 q: 4.7485194
2024-11-11 16:01:04.599: 95 test start:
2024-11-11 16:01:24.106: 95 avg_reward: 975.5
2024-11-11 16:01:24.106: 95 avg_steps: 1030.45
2024-11-11 16:01:24.106: 95 epsilon: 0.01
2024-11-11 16:01:24.106: 95 q: 4.722081
2024-11-11 16:10:16.111: 96 test start:
2024-11-11 16:10:38.996: 96 avg_reward: 1215.5
2024-11-11 16:10:38.996: 96 avg_steps: 1240.35
2024-11-11 16:10:38.996: 96 epsilon: 0.01
2024-11-11 16:10:38.996: 96 q: 4.8252716
2024-11-11 16:19:46.082: 97 test start:
2024-11-11 16:20:10.752: 97 avg_reward: 1284.25
2024-11-11 16:20:10.752: 97 avg_steps: 1305.5
2024-11-11 16:20:10.752: 97 epsilon: 0.01
2024-11-11 16:20:10.752: 97 q: 4.8462214
2024-11-11 16:29:05.076: 98 test start:
2024-11-11 16:29:35.272: 98 avg_reward: 1570.0
2024-11-11 16:29:35.272: 98 avg_steps: 1594.45
2024-11-11 16:29:35.272: 98 epsilon: 0.01
2024-11-11 16:29:35.272: 98 q: 4.876584
2024-11-11 16:38:52.326: 99 test start:
2024-11-11 16:39:05.980: 99 avg_reward: 594.25
2024-11-11 16:39:05.980: 99 avg_steps: 728.5
2024-11-11 16:39:05.980: 99 epsilon: 0.01
2024-11-11 16:39:05.980: 99 q: 4.9083977
2024-11-11 16:47:46.094: 100 test start:
2024-11-11 16:48:03.461: 100 avg_reward: 717.75
2024-11-11 16:48:03.461: 100 avg_steps: 894.85
2024-11-11 16:48:03.461: 100 epsilon: 0.01
2024-11-11 16:48:03.461: 100 q: 4.9363976
2024-11-11 16:57:23.052: 101 test start:
2024-11-11 16:57:55.710: 101 avg_reward: 1801.25
2024-11-11 16:57:55.711: 101 avg_steps: 1712.5
2024-11-11 16:57:55.711: 101 epsilon: 0.01
2024-11-11 16:57:55.711: 101 q: 4.973177
2024-11-11 17:06:34.570: 102 test start:
2024-11-11 17:07:02.838: 102 avg_reward: 1533.75
2024-11-11 17:07:02.838: 102 avg_steps: 1481.35
2024-11-11 17:07:02.838: 102 epsilon: 0.01
2024-11-11 17:07:02.838: 102 q: 5.0040374
2024-11-11 17:16:23.408: 103 test start:
2024-11-11 17:16:53.018: 103 avg_reward: 1601.25
2024-11-11 17:16:53.018: 103 avg_steps: 1575.7
2024-11-11 17:16:53.018: 103 epsilon: 0.01
2024-11-11 17:16:53.018: 103 q: 5.0399237
2024-11-11 17:25:35.324: 104 test start:
2024-11-11 17:25:58.068: 104 avg_reward: 1225.75
2024-11-11 17:25:58.069: 104 avg_steps: 1254.05
2024-11-11 17:25:58.069: 104 epsilon: 0.01
2024-11-11 17:25:58.069: 104 q: 5.044913
2024-11-11 17:35:24.279: 105 test start:
2024-11-11 17:35:47.327: 105 avg_reward: 1391.25
2024-11-11 17:35:47.327: 105 avg_steps: 1266.25
2024-11-11 17:35:47.327: 105 epsilon: 0.01
2024-11-11 17:35:47.327: 105 q: 5.0435305
2024-11-11 17:44:46.653: 106 test start:
2024-11-11 17:45:15.505: 106 avg_reward: 1544.5
2024-11-11 17:45:15.505: 106 avg_steps: 1495.8
2024-11-11 17:45:15.505: 106 epsilon: 0.01
2024-11-11 17:45:15.505: 106 q: 5.0627127
2024-11-11 17:55:03.018: 107 test start:
2024-11-11 17:55:33.147: 107 avg_reward: 1623.25
2024-11-11 17:55:33.147: 107 avg_steps: 1605.4
2024-11-11 17:55:33.147: 107 epsilon: 0.01
2024-11-11 17:55:33.147: 107 q: 5.036513
2024-11-11 18:04:34.923: 108 test start:
2024-11-11 18:04:59.801: 108 avg_reward: 1174.25
2024-11-11 18:04:59.801: 108 avg_steps: 1269.15
2024-11-11 18:04:59.801: 108 epsilon: 0.01
2024-11-11 18:04:59.801: 108 q: 5.099912
2024-11-11 18:14:37.247: 109 test start:
2024-11-11 18:14:58.415: 109 avg_reward: 1157.75
2024-11-11 18:14:58.415: 109 avg_steps: 1159.8
2024-11-11 18:14:58.415: 109 epsilon: 0.01
2024-11-11 18:14:58.415: 109 q: 5.106519
2024-11-11 18:24:02.993: 110 test start:
2024-11-11 18:24:39.083: 110 avg_reward: 1886.25
2024-11-11 18:24:39.083: 110 avg_steps: 1852.0
2024-11-11 18:24:39.083: 110 epsilon: 0.01
2024-11-11 18:24:39.083: 110 q: 5.0895233
2024-11-11 18:34:02.341: 111 test start:
2024-11-11 18:34:24.505: 111 avg_reward: 1040.25
2024-11-11 18:34:24.505: 111 avg_steps: 1207.75
2024-11-11 18:34:24.505: 111 epsilon: 0.01
2024-11-11 18:34:24.505: 111 q: 5.136107
2024-11-11 18:43:30.527: 112 test start:
2024-11-11 18:44:07.099: 112 avg_reward: 1948.25
2024-11-11 18:44:07.099: 112 avg_steps: 1839.95
2024-11-11 18:44:07.100: 112 epsilon: 0.01
2024-11-11 18:44:07.100: 112 q: 5.1707673
2024-11-11 18:53:17.540: 113 test start:
2024-11-11 18:53:42.043: 113 avg_reward: 1317.25
2024-11-11 18:53:42.043: 113 avg_steps: 1344.9
2024-11-11 18:53:42.043: 113 epsilon: 0.01
2024-11-11 18:53:42.043: 113 q: 5.2216563
2024-11-11 19:02:42.582: 114 test start:
2024-11-11 19:03:10.340: 114 avg_reward: 1451.75
2024-11-11 19:03:10.340: 114 avg_steps: 1435.8
2024-11-11 19:03:10.340: 114 epsilon: 0.01
2024-11-11 19:03:10.340: 114 q: 5.1851416
2024-11-11 19:12:22.125: 115 test start:
2024-11-11 19:12:43.784: 115 avg_reward: 1271.0
2024-11-11 19:12:43.784: 115 avg_steps: 1248.8
2024-11-11 19:12:43.784: 115 epsilon: 0.01
2024-11-11 19:12:43.784: 115 q: 5.246033
2024-11-11 19:22:08.304: 116 test start:
2024-11-11 19:22:37.524: 116 avg_reward: 1441.75
2024-11-11 19:22:37.524: 116 avg_steps: 1496.3
2024-11-11 19:22:37.524: 116 epsilon: 0.01
2024-11-11 19:22:37.524: 116 q: 5.2026005
2024-11-11 19:31:42.608: 117 test start:
2024-11-11 19:31:59.792: 117 avg_reward: 846.0
2024-11-11 19:31:59.792: 117 avg_steps: 923.15
2024-11-11 19:31:59.792: 117 epsilon: 0.01
2024-11-11 19:31:59.792: 117 q: 5.194868
2024-11-11 19:41:33.096: 118 test start:
2024-11-11 19:41:47.679: 118 avg_reward: 645.75
2024-11-11 19:41:47.679: 118 avg_steps: 725.95
2024-11-11 19:41:47.680: 118 epsilon: 0.01
2024-11-11 19:41:47.680: 118 q: 5.2137403
2024-11-11 19:50:47.164: 119 test start:
2024-11-11 19:51:11.516: 119 avg_reward: 1331.5
2024-11-11 19:51:11.517: 119 avg_steps: 1326.55
2024-11-11 19:51:11.517: 119 epsilon: 0.01
2024-11-11 19:51:11.517: 119 q: 5.2686515
2024-11-11 20:00:37.610: 120 test start:
2024-11-11 20:00:59.284: 120 avg_reward: 1067.25
2024-11-11 20:00:59.285: 120 avg_steps: 1076.3
2024-11-11 20:00:59.285: 120 epsilon: 0.01
2024-11-11 20:00:59.285: 120 q: 5.256246
2024-11-11 20:09:41.996: 121 test start:
2024-11-11 20:10:02.908: 121 avg_reward: 1093.5
2024-11-11 20:10:02.908: 121 avg_steps: 1143.8
2024-11-11 20:10:02.909: 121 epsilon: 0.01
2024-11-11 20:10:02.909: 121 q: 5.2379355
2024-11-11 20:19:23.438: 122 test start:
2024-11-11 20:19:44.946: 122 avg_reward: 1151.75
2024-11-11 20:19:44.946: 122 avg_steps: 1148.1
2024-11-11 20:19:44.946: 122 epsilon: 0.01
2024-11-11 20:19:44.947: 122 q: 5.2583475
2024-11-11 20:28:23.766: 123 test start:
2024-11-11 20:28:44.396: 123 avg_reward: 1026.0
2024-11-11 20:28:44.396: 123 avg_steps: 1068.65
2024-11-11 20:28:44.396: 123 epsilon: 0.01
2024-11-11 20:28:44.396: 123 q: 5.3055196
2024-11-11 20:38:07.519: 124 test start:
2024-11-11 20:38:22.384: 124 avg_reward: 678.25
2024-11-11 20:38:22.384: 124 avg_steps: 778.25
2024-11-11 20:38:22.384: 124 epsilon: 0.01
2024-11-11 20:38:22.384: 124 q: 5.3366437
2024-11-11 20:47:02.354: 125 test start:
2024-11-11 20:47:13.862: 125 avg_reward: 453.0
2024-11-11 20:47:13.863: 125 avg_steps: 591.1
2024-11-11 20:47:13.863: 125 epsilon: 0.01
2024-11-11 20:47:13.863: 125 q: 5.358333
2024-11-11 20:56:36.559: 126 test start:
2024-11-11 20:56:57.717: 126 avg_reward: 1136.75
2024-11-11 20:56:57.717: 126 avg_steps: 1119.75
2024-11-11 20:56:57.717: 126 epsilon: 0.01
2024-11-11 20:56:57.717: 126 q: 5.318893
2024-11-11 21:05:43.505: 127 test start:
2024-11-11 21:06:12.865: 127 avg_reward: 1670.0
2024-11-11 21:06:12.866: 127 avg_steps: 1569.1
2024-11-11 21:06:12.866: 127 epsilon: 0.01
2024-11-11 21:06:12.866: 127 q: 5.3401446
2024-11-11 21:15:29.538: 128 test start:
2024-11-11 21:16:02.042: 128 avg_reward: 1787.5
2024-11-11 21:16:02.042: 128 avg_steps: 1676.3
2024-11-11 21:16:02.042: 128 epsilon: 0.01
2024-11-11 21:16:02.042: 128 q: 5.3826156
2024-11-11 21:25:07.345: 129 test start:
2024-11-11 21:25:27.045: 129 avg_reward: 932.75
2024-11-11 21:25:27.046: 129 avg_steps: 1000.45
2024-11-11 21:25:27.046: 129 epsilon: 0.01
2024-11-11 21:25:27.046: 129 q: 5.3638787
2024-11-11 21:35:02.657: 130 test start:
2024-11-11 21:35:24.279: 130 avg_reward: 1201.75
2024-11-11 21:35:24.279: 130 avg_steps: 1147.1
2024-11-11 21:35:24.279: 130 epsilon: 0.01
2024-11-11 21:35:24.279: 130 q: 5.3780937
2024-11-11 21:44:28.162: 131 test start:
2024-11-11 21:44:52.659: 131 avg_reward: 1236.5
2024-11-11 21:44:52.659: 131 avg_steps: 1251.1
2024-11-11 21:44:52.659: 131 epsilon: 0.01
2024-11-11 21:44:52.659: 131 q: 5.40604
2024-11-11 21:54:24.380: 132 test start:
2024-11-11 21:54:42.609: 132 avg_reward: 984.0
2024-11-11 21:54:42.609: 132 avg_steps: 978.7
2024-11-11 21:54:42.609: 132 epsilon: 0.01
2024-11-11 21:54:42.609: 132 q: 5.3389025
2024-11-11 22:03:52.070: 133 test start:
2024-11-11 22:04:18.029: 133 avg_reward: 1326.75
2024-11-11 22:04:18.029: 133 avg_steps: 1374.95
2024-11-11 22:04:18.029: 133 epsilon: 0.01
2024-11-11 22:04:18.029: 133 q: 5.3680787
2024-11-11 22:13:55.152: 134 test start:
2024-11-11 22:14:14.817: 134 avg_reward: 1019.5
2024-11-11 22:14:14.817: 134 avg_steps: 1063.3
2024-11-11 22:14:14.817: 134 epsilon: 0.01
2024-11-11 22:14:14.817: 134 q: 5.376918
2024-11-11 22:23:33.514: 135 test start:
2024-11-11 22:24:04.089: 135 avg_reward: 1558.5
2024-11-11 22:24:04.089: 135 avg_steps: 1553.35
2024-11-11 22:24:04.089: 135 epsilon: 0.01
2024-11-11 22:24:04.089: 135 q: 5.3965306
2024-11-11 22:33:31.209: 136 test start:
2024-11-11 22:33:51.278: 136 avg_reward: 1041.75
2024-11-11 22:33:51.279: 136 avg_steps: 1100.35
2024-11-11 22:33:51.279: 136 epsilon: 0.01
2024-11-11 22:33:51.279: 136 q: 5.425018
2024-11-11 22:43:22.485: 137 test start:
2024-11-11 22:43:51.278: 137 avg_reward: 1538.75
2024-11-11 22:43:51.278: 137 avg_steps: 1456.9
2024-11-11 22:43:51.278: 137 epsilon: 0.01
2024-11-11 22:43:51.278: 137 q: 5.3854094
2024-11-11 22:53:39.411: 138 test start:
2024-11-11 22:53:59.373: 138 avg_reward: 1016.0
2024-11-11 22:53:59.373: 138 avg_steps: 1070.3
2024-11-11 22:53:59.373: 138 epsilon: 0.01
2024-11-11 22:53:59.373: 138 q: 5.4350824
2024-11-11 23:03:46.891: 139 test start:
2024-11-11 23:04:17.648: 139 avg_reward: 1486.5
2024-11-11 23:04:17.648: 139 avg_steps: 1549.15
2024-11-11 23:04:17.648: 139 epsilon: 0.01
2024-11-11 23:04:17.648: 139 q: 5.4154067
2024-11-11 23:13:53.461: 140 test start:
2024-11-11 23:14:18.717: 140 avg_reward: 1320.25
2024-11-11 23:14:18.717: 140 avg_steps: 1326.2
2024-11-11 23:14:18.717: 140 epsilon: 0.01
2024-11-11 23:14:18.717: 140 q: 5.427841
2024-11-11 23:24:06.596: 141 test start:
2024-11-11 23:24:32.850: 141 avg_reward: 1410.0
2024-11-11 23:24:32.850: 141 avg_steps: 1359.55
2024-11-11 23:24:32.850: 141 epsilon: 0.01
2024-11-11 23:24:32.850: 141 q: 5.4270015
2024-11-11 23:33:50.168: 142 test start:
2024-11-11 23:34:00.113: 142 avg_reward: 390.25
2024-11-11 23:34:00.114: 142 avg_steps: 535.05
2024-11-11 23:34:00.114: 142 epsilon: 0.01
2024-11-11 23:34:00.114: 142 q: 5.380429
2024-11-11 23:43:30.106: 143 test start:
2024-11-11 23:43:55.669: 143 avg_reward: 1307.0
2024-11-11 23:43:55.669: 143 avg_steps: 1298.05
2024-11-11 23:43:55.669: 143 epsilon: 0.01
2024-11-11 23:43:55.669: 143 q: 5.4139524
2024-11-11 23:52:59.504: 144 test start:
2024-11-11 23:53:19.340: 144 avg_reward: 1019.0
2024-11-11 23:53:19.340: 144 avg_steps: 1050.55
2024-11-11 23:53:19.340: 144 epsilon: 0.01
2024-11-11 23:53:19.340: 144 q: 5.3999434
2024-11-12 00:03:13.053: 145 test start:
2024-11-12 00:03:32.294: 145 avg_reward: 933.25
2024-11-12 00:03:32.295: 145 avg_steps: 970.25
2024-11-12 00:03:32.295: 145 epsilon: 0.01
2024-11-12 00:03:32.295: 145 q: 5.3897557
2024-11-12 00:12:51.665: 146 test start:
2024-11-12 00:13:09.841: 146 avg_reward: 915.25
2024-11-12 00:13:09.841: 146 avg_steps: 948.15
2024-11-12 00:13:09.841: 146 epsilon: 0.01
2024-11-12 00:13:09.841: 146 q: 5.44543
2024-11-12 00:23:09.484: 147 test start:
2024-11-12 00:23:31.736: 147 avg_reward: 1131.25
2024-11-12 00:23:31.736: 147 avg_steps: 1107.35
2024-11-12 00:23:31.736: 147 epsilon: 0.01
2024-11-12 00:23:31.736: 147 q: 5.408343
2024-11-12 00:32:46.574: 148 test start:
2024-11-12 00:33:14.939: 148 avg_reward: 1457.0
2024-11-12 00:33:14.939: 148 avg_steps: 1429.25
2024-11-12 00:33:14.939: 148 epsilon: 0.01
2024-11-12 00:33:14.939: 148 q: 5.4516807
2024-11-12 00:43:01.661: 149 test start:
2024-11-12 00:43:14.161: 149 avg_reward: 498.0
2024-11-12 00:43:14.161: 149 avg_steps: 650.05
2024-11-12 00:43:14.161: 149 epsilon: 0.01
2024-11-12 00:43:14.161: 149 q: 5.465633
2024-11-12 00:52:25.781: 150 test start:
2024-11-12 00:52:52.062: 150 avg_reward: 1333.5
2024-11-12 00:52:52.063: 150 avg_steps: 1320.3
2024-11-12 00:52:52.063: 150 epsilon: 0.01
2024-11-12 00:52:52.063: 150 q: 5.4819884
2024-11-12 01:02:25.859: 151 test start:
2024-11-12 01:02:35.489: 151 avg_reward: 368.0
2024-11-12 01:02:35.489: 151 avg_steps: 495.35
2024-11-12 01:02:35.489: 151 epsilon: 0.01
2024-11-12 01:02:35.489: 151 q: 5.521177
2024-11-12 01:11:41.032: 152 test start:
2024-11-12 01:12:00.703: 152 avg_reward: 1012.25
2024-11-12 01:12:00.703: 152 avg_steps: 1035.4
2024-11-12 01:12:00.703: 152 epsilon: 0.01
2024-11-12 01:12:00.703: 152 q: 5.4449162
2024-11-12 01:21:49.656: 153 test start:
2024-11-12 01:22:05.076: 153 avg_reward: 770.75
2024-11-12 01:22:05.076: 153 avg_steps: 835.35
2024-11-12 01:22:05.076: 153 epsilon: 0.01
2024-11-12 01:22:05.076: 153 q: 5.480826
2024-11-12 01:31:25.394: 154 test start:
2024-11-12 01:31:47.383: 154 avg_reward: 1006.25
2024-11-12 01:31:47.383: 154 avg_steps: 1094.55
2024-11-12 01:31:47.383: 154 epsilon: 0.01
2024-11-12 01:31:47.383: 154 q: 5.4380746
2024-11-12 01:41:28.177: 155 test start:
2024-11-12 01:41:49.639: 155 avg_reward: 1176.0
2024-11-12 01:41:49.640: 155 avg_steps: 1144.1
2024-11-12 01:41:49.640: 155 epsilon: 0.01
2024-11-12 01:41:49.640: 155 q: 5.4682364
2024-11-12 01:51:02.972: 156 test start:
2024-11-12 01:51:25.995: 156 avg_reward: 1046.5
2024-11-12 01:51:25.996: 156 avg_steps: 1162.8
2024-11-12 01:51:25.996: 156 epsilon: 0.01
2024-11-12 01:51:25.996: 156 q: 5.4846888
2024-11-12 02:00:43.970: 157 test start:
2024-11-12 02:00:58.904: 157 avg_reward: 735.5
2024-11-12 02:00:58.904: 157 avg_steps: 797.6
2024-11-12 02:00:58.904: 157 epsilon: 0.01
2024-11-12 02:00:58.904: 157 q: 5.4817343
2024-11-12 02:10:06.721: 158 test start:
2024-11-12 02:10:25.224: 158 avg_reward: 840.75
2024-11-12 02:10:25.224: 158 avg_steps: 931.7
2024-11-12 02:10:25.224: 158 epsilon: 0.01
2024-11-12 02:10:25.224: 158 q: 5.521397
2024-11-12 02:19:49.087: 159 test start:
2024-11-12 02:20:12.785: 159 avg_reward: 1269.25
2024-11-12 02:20:12.785: 159 avg_steps: 1278.85
2024-11-12 02:20:12.785: 159 epsilon: 0.01
2024-11-12 02:20:12.785: 159 q: 5.5851808
2024-11-12 02:29:20.787: 160 test start:
2024-11-12 02:29:40.712: 160 avg_reward: 962.5
2024-11-12 02:29:40.712: 160 avg_steps: 1014.6
2024-11-12 02:29:40.712: 160 epsilon: 0.01
2024-11-12 02:29:40.712: 160 q: 5.5861278
2024-11-12 02:38:55.373: 161 test start:
2024-11-12 02:39:19.879: 161 avg_reward: 1306.0
2024-11-12 02:39:19.879: 161 avg_steps: 1315.65
2024-11-12 02:39:19.879: 161 epsilon: 0.01
2024-11-12 02:39:19.879: 161 q: 5.544721
2024-11-12 02:48:35.890: 162 test start:
2024-11-12 02:48:54.491: 162 avg_reward: 862.75
2024-11-12 02:48:54.491: 162 avg_steps: 1006.9
2024-11-12 02:48:54.491: 162 epsilon: 0.01
2024-11-12 02:48:54.491: 162 q: 5.561988
2024-11-12 02:58:19.231: 163 test start:
2024-11-12 02:58:40.324: 163 avg_reward: 1175.5
2024-11-12 02:58:40.324: 163 avg_steps: 1152.75
2024-11-12 02:58:40.324: 163 epsilon: 0.01
2024-11-12 02:58:40.324: 163 q: 5.5452843
2024-11-12 03:07:57.084: 164 test start:
2024-11-12 03:08:21.739: 164 avg_reward: 1241.25
2024-11-12 03:08:21.739: 164 avg_steps: 1272.95
2024-11-12 03:08:21.739: 164 epsilon: 0.01
2024-11-12 03:08:21.739: 164 q: 5.5312715
2024-11-12 03:17:45.789: 165 test start:
2024-11-12 03:18:07.088: 165 avg_reward: 1024.5
2024-11-12 03:18:07.088: 165 avg_steps: 1104.05
2024-11-12 03:18:07.088: 165 epsilon: 0.01
2024-11-12 03:18:07.088: 165 q: 5.496748
2024-11-12 03:28:02.478: 166 test start:
2024-11-12 03:28:32.942: 166 avg_reward: 1752.25
2024-11-12 03:28:32.942: 166 avg_steps: 1516.65
2024-11-12 03:28:32.942: 166 epsilon: 0.01
2024-11-12 03:28:32.942: 166 q: 5.508614
2024-11-12 03:38:15.775: 167 test start:
2024-11-12 03:38:39.461: 167 avg_reward: 1310.0
2024-11-12 03:38:39.461: 167 avg_steps: 1252.25
2024-11-12 03:38:39.461: 167 epsilon: 0.01
2024-11-12 03:38:39.461: 167 q: 5.477462
2024-11-12 03:48:44.667: 168 test start:
2024-11-12 03:49:02.603: 168 avg_reward: 756.0
2024-11-12 03:49:02.603: 168 avg_steps: 883.45
2024-11-12 03:49:02.603: 168 epsilon: 0.01
2024-11-12 03:49:02.604: 168 q: 5.5327644
2024-11-12 03:58:30.381: 169 test start:
2024-11-12 03:59:03.961: 169 avg_reward: 1941.0
2024-11-12 03:59:03.961: 169 avg_steps: 1823.0
2024-11-12 03:59:03.962: 169 epsilon: 0.01
2024-11-12 03:59:03.962: 169 q: 5.4978347
2024-11-12 04:09:00.472: 170 test start:
2024-11-12 04:09:27.187: 170 avg_reward: 1416.75
2024-11-12 04:09:27.187: 170 avg_steps: 1382.75
2024-11-12 04:09:27.187: 170 epsilon: 0.01
2024-11-12 04:09:27.187: 170 q: 5.4672294
2024-11-12 04:18:42.954: 171 test start:
2024-11-12 04:19:11.662: 171 avg_reward: 1667.75
2024-11-12 04:19:11.662: 171 avg_steps: 1477.75
2024-11-12 04:19:11.663: 171 epsilon: 0.01
2024-11-12 04:19:11.663: 171 q: 5.4873123
2024-11-12 04:29:12.482: 172 test start:
2024-11-12 04:29:32.453: 172 avg_reward: 1068.5
2024-11-12 04:29:32.453: 172 avg_steps: 1068.1
2024-11-12 04:29:32.453: 172 epsilon: 0.01
2024-11-12 04:29:32.453: 172 q: 5.40818
2024-11-12 04:38:46.167: 173 test start:
2024-11-12 04:39:08.845: 173 avg_reward: 1137.25
2024-11-12 04:39:08.845: 173 avg_steps: 1125.95
2024-11-12 04:39:08.845: 173 epsilon: 0.01
2024-11-12 04:39:08.846: 173 q: 5.4746904
2024-11-12 04:49:02.690: 174 test start:
2024-11-12 04:49:26.284: 174 avg_reward: 1276.5
2024-11-12 04:49:26.284: 174 avg_steps: 1244.6
2024-11-12 04:49:26.284: 174 epsilon: 0.01
2024-11-12 04:49:26.284: 174 q: 5.5245795
2024-11-12 04:58:53.627: 175 test start:
2024-11-12 04:59:20.498: 175 avg_reward: 1482.25
2024-11-12 04:59:20.498: 175 avg_steps: 1388.1
2024-11-12 04:59:20.498: 175 epsilon: 0.01
2024-11-12 04:59:20.498: 175 q: 5.5242157
2024-11-12 05:09:15.075: 176 test start:
2024-11-12 05:09:34.514: 176 avg_reward: 1013.0
2024-11-12 05:09:34.514: 176 avg_steps: 1060.2
2024-11-12 05:09:34.514: 176 epsilon: 0.01
2024-11-12 05:09:34.515: 176 q: 5.4681287
2024-11-12 05:19:19.126: 177 test start:
2024-11-12 05:19:30.644: 177 avg_reward: 483.75
2024-11-12 05:19:30.644: 177 avg_steps: 564.85
2024-11-12 05:19:30.644: 177 epsilon: 0.01
2024-11-12 05:19:30.644: 177 q: 5.5375123
2024-11-12 05:29:22.090: 178 test start:
2024-11-12 05:29:53.071: 178 avg_reward: 1765.0
2024-11-12 05:29:53.071: 178 avg_steps: 1643.7
2024-11-12 05:29:53.071: 178 epsilon: 0.01
2024-11-12 05:29:53.071: 178 q: 5.4968386
2024-11-12 05:39:47.972: 179 test start:
2024-11-12 05:40:11.671: 179 avg_reward: 1153.5
2024-11-12 05:40:11.671: 179 avg_steps: 1183.1
2024-11-12 05:40:11.672: 179 epsilon: 0.01
2024-11-12 05:40:11.672: 179 q: 5.5002084
2024-11-12 05:49:53.688: 180 test start:
2024-11-12 05:50:15.026: 180 avg_reward: 1163.0
2024-11-12 05:50:15.026: 180 avg_steps: 1152.2
2024-11-12 05:50:15.026: 180 epsilon: 0.01
2024-11-12 05:50:15.026: 180 q: 5.5489097
2024-11-12 06:00:05.153: 181 test start:
2024-11-12 06:00:25.680: 181 avg_reward: 1070.0
2024-11-12 06:00:25.681: 181 avg_steps: 1064.4
2024-11-12 06:00:25.681: 181 epsilon: 0.01
2024-11-12 06:00:25.681: 181 q: 5.5308332
2024-11-12 06:09:52.446: 182 test start:
2024-11-12 06:10:09.534: 182 avg_reward: 968.25
2024-11-12 06:10:09.535: 182 avg_steps: 929.7
2024-11-12 06:10:09.535: 182 epsilon: 0.01
2024-11-12 06:10:09.535: 182 q: 5.5326085
2024-11-12 06:20:04.728: 183 test start:
2024-11-12 06:20:37.736: 183 avg_reward: 1854.5
2024-11-12 06:20:37.736: 183 avg_steps: 1661.15
2024-11-12 06:20:37.736: 183 epsilon: 0.01
2024-11-12 06:20:37.736: 183 q: 5.557338
2024-11-12 06:30:06.281: 184 test start:
2024-11-12 06:30:22.160: 184 avg_reward: 714.25
2024-11-12 06:30:22.160: 184 avg_steps: 814.25
2024-11-12 06:30:22.160: 184 epsilon: 0.01
2024-11-12 06:30:22.160: 184 q: 5.5141883
2024-11-12 06:40:30.721: 185 test start:
2024-11-12 06:40:54.700: 185 avg_reward: 1295.75
2024-11-12 06:40:54.701: 185 avg_steps: 1255.95
2024-11-12 06:40:54.701: 185 epsilon: 0.01
2024-11-12 06:40:54.701: 185 q: 5.546714
2024-11-12 06:50:18.096: 186 test start:
2024-11-12 06:50:32.721: 186 avg_reward: 619.75
2024-11-12 06:50:32.721: 186 avg_steps: 718.55
2024-11-12 06:50:32.721: 186 epsilon: 0.01
2024-11-12 06:50:32.721: 186 q: 5.557118
2024-11-12 07:00:37.041: 187 test start:
2024-11-12 07:00:58.516: 187 avg_reward: 1001.5
2024-11-12 07:00:58.516: 187 avg_steps: 1161.2
2024-11-12 07:00:58.516: 187 epsilon: 0.01
2024-11-12 07:00:58.516: 187 q: 5.5922403
2024-11-12 07:10:13.173: 188 test start:
2024-11-12 07:10:20.694: 188 avg_reward: 218.0
2024-11-12 07:10:20.695: 188 avg_steps: 370.35
2024-11-12 07:10:20.695: 188 epsilon: 0.01
2024-11-12 07:10:20.695: 188 q: 5.526663
2024-11-12 07:19:57.709: 189 test start:
2024-11-12 07:20:11.833: 189 avg_reward: 646.25
2024-11-12 07:20:11.833: 189 avg_steps: 753.0
2024-11-12 07:20:11.833: 189 epsilon: 0.01
2024-11-12 07:20:11.833: 189 q: 5.539095
2024-11-12 07:29:23.825: 190 test start:
2024-11-12 07:29:40.430: 190 avg_reward: 834.5
2024-11-12 07:29:40.430: 190 avg_steps: 906.05
2024-11-12 07:29:40.430: 190 epsilon: 0.01
2024-11-12 07:29:40.430: 190 q: 5.568841
2024-11-12 07:39:10.103: 191 test start:
2024-11-12 07:39:32.256: 191 avg_reward: 1153.75
2024-11-12 07:39:32.257: 191 avg_steps: 1180.6
2024-11-12 07:39:32.257: 191 epsilon: 0.01
2024-11-12 07:39:32.257: 191 q: 5.570742
2024-11-12 07:48:44.658: 192 test start:
2024-11-12 07:49:01.900: 192 avg_reward: 888.75
2024-11-12 07:49:01.900: 192 avg_steps: 893.0
2024-11-12 07:49:01.900: 192 epsilon: 0.01
2024-11-12 07:49:01.900: 192 q: 5.622403
2024-11-12 07:58:52.389: 193 test start:
2024-11-12 07:59:08.873: 193 avg_reward: 818.25
2024-11-12 07:59:08.873: 193 avg_steps: 861.05
2024-11-12 07:59:08.873: 193 epsilon: 0.01
2024-11-12 07:59:08.873: 193 q: 5.613253
2024-11-12 08:08:26.887: 194 test start:
2024-11-12 08:08:51.976: 194 avg_reward: 1166.0
2024-11-12 08:08:51.976: 194 avg_steps: 1265.45
2024-11-12 08:08:51.976: 194 epsilon: 0.01
2024-11-12 08:08:51.976: 194 q: 5.623546
2024-11-12 08:18:33.049: 195 test start:
2024-11-12 08:18:56.181: 195 avg_reward: 1171.5
2024-11-12 08:18:56.181: 195 avg_steps: 1200.8
2024-11-12 08:18:56.181: 195 epsilon: 0.01
2024-11-12 08:18:56.181: 195 q: 5.6105213
2024-11-12 08:28:42.822: 196 test start:
2024-11-12 08:28:56.126: 196 avg_reward: 547.5
2024-11-12 08:28:56.126: 196 avg_steps: 659.9
2024-11-12 08:28:56.126: 196 epsilon: 0.01
2024-11-12 08:28:56.126: 196 q: 5.5653048
2024-11-12 08:38:41.244: 197 test start:
2024-11-12 08:39:02.235: 197 avg_reward: 1172.25
2024-11-12 08:39:02.236: 197 avg_steps: 1109.3
2024-11-12 08:39:02.236: 197 epsilon: 0.01
2024-11-12 08:39:02.236: 197 q: 5.5553594
2024-11-12 08:48:25.819: 198 test start:
2024-11-12 08:48:51.261: 198 avg_reward: 1373.0
2024-11-12 08:48:51.262: 198 avg_steps: 1264.6
2024-11-12 08:48:51.262: 198 epsilon: 0.01
2024-11-12 08:48:51.262: 198 q: 5.5589843
2024-11-12 08:58:21.318: 199 test start:
2024-11-12 08:58:46.441: 199 avg_reward: 1290.25
2024-11-12 08:58:46.441: 199 avg_steps: 1269.45
2024-11-12 08:58:46.441: 199 epsilon: 0.01
2024-11-12 08:58:46.441: 199 q: 5.56127
2024-11-12 09:08:37.901: 200 test start:
2024-11-12 09:08:50.987: 200 avg_reward: 607.0
2024-11-12 09:08:50.987: 200 avg_steps: 699.95
2024-11-12 09:08:50.987: 200 epsilon: 0.01
2024-11-12 09:08:50.987: 200 q: 5.5540185
