2024-11-11 21:10:00.567: 
parameters:agent_test_episodes: 20
batch_num_per_epoch: 250000
device: cuda:0
env_name: ALE/Atlantis-v5
epsilon_for_test: 0.001
epsilon_max: 0.1
epsilon_min: 0.01
exp_name: ALE-Atlantis-v5_2024-11-11-21-10-00
exp_path: ../exps/double_dqn/
exploration_steps: 1000000
gamma: 0.99
held_out_states_num: 1000
learning_rate: 0.00025
log_path: ../exps/double_dqn/
mini_batch_size: 32
model_update_freq: 4
n_times: 5
no_op: 30
phi_channel: 4
replay_buffer_size: 1000000
replay_start_size: 50000
save_model: true
screen_size: 84
seed: 0
skip_k_frame: 4
step_c: 30000
training_steps: 50000000

2024-11-11 21:10:00.644: optimizer: RMSprop (
Parameter Group 0
    alpha: 0.95
    centered: False
    differentiable: False
    eps: 0.01
    foreach: None
    lr: 0.00025
    maximize: False
    momentum: 0
    weight_decay: 0
)
2024-11-11 21:10:00.698: optimizer: RMSprop (
Parameter Group 0
    alpha: 0.95
    centered: False
    differentiable: False
    eps: 0.01
    foreach: None
    lr: 0.00025
    maximize: False
    momentum: 0
    weight_decay: 0
)
2024-11-11 21:18:36.117: 1 test start:
2024-11-11 21:18:44.509: 1 avg_reward: 2100.0
2024-11-11 21:18:44.509: 1 avg_steps: 424.0
2024-11-11 21:18:44.509: 1 epsilon: 0.0819325
2024-11-11 21:18:44.509: 1 q: 0.039491586
2024-11-11 21:27:56.202: 2 test start:
2024-11-11 21:28:06.827: 2 avg_reward: 3310.0
2024-11-11 21:28:06.827: 2 avg_steps: 524.2
2024-11-11 21:28:06.827: 2 epsilon: 0.05945158
2024-11-11 21:28:06.827: 2 q: 0.051615812
2024-11-11 21:37:25.510: 3 test start:
2024-11-11 21:37:40.968: 3 avg_reward: 8450.0
2024-11-11 21:37:40.968: 3 avg_steps: 798.7
2024-11-11 21:37:40.968: 3 epsilon: 0.03696139
2024-11-11 21:37:40.968: 3 q: 0.07319181
2024-11-11 21:46:53.663: 4 test start:
2024-11-11 21:47:18.978: 4 avg_reward: 17730.0
2024-11-11 21:47:18.978: 4 avg_steps: 1293.05
2024-11-11 21:47:18.978: 4 epsilon: 0.01447561
2024-11-11 21:47:18.978: 4 q: 0.08425482
2024-11-11 21:56:44.980: 5 test start:
2024-11-11 21:56:57.063: 5 avg_reward: 3400.0
2024-11-11 21:56:57.063: 5 avg_steps: 617.05
2024-11-11 21:56:57.063: 5 epsilon: 0.01
2024-11-11 21:56:57.063: 5 q: 0.14659621
2024-11-11 22:06:20.190: 6 test start:
2024-11-11 22:06:43.022: 6 avg_reward: 8945.0
2024-11-11 22:06:43.022: 6 avg_steps: 1127.65
2024-11-11 22:06:43.022: 6 epsilon: 0.01
2024-11-11 22:06:43.022: 6 q: 0.18090709
2024-11-11 22:16:12.724: 7 test start:
2024-11-11 22:16:32.807: 7 avg_reward: 12235.0
2024-11-11 22:16:32.808: 7 avg_steps: 1018.0
2024-11-11 22:16:32.808: 7 epsilon: 0.01
2024-11-11 22:16:32.808: 7 q: 0.18602447
2024-11-11 22:26:01.247: 8 test start:
2024-11-11 22:26:23.935: 8 avg_reward: 12155.0
2024-11-11 22:26:23.935: 8 avg_steps: 1098.05
2024-11-11 22:26:23.935: 8 epsilon: 0.01
2024-11-11 22:26:23.935: 8 q: 0.19154917
2024-11-11 22:35:49.964: 9 test start:
2024-11-11 22:36:03.096: 9 avg_reward: 4435.0
2024-11-11 22:36:03.096: 9 avg_steps: 659.2
2024-11-11 22:36:03.096: 9 epsilon: 0.01
2024-11-11 22:36:03.096: 9 q: 0.23505199
2024-11-11 22:45:41.647: 10 test start:
2024-11-11 22:45:56.392: 10 avg_reward: 4820.0
2024-11-11 22:45:56.392: 10 avg_steps: 726.7
2024-11-11 22:45:56.392: 10 epsilon: 0.01
2024-11-11 22:45:56.392: 10 q: 0.24861777
2024-11-11 22:55:27.256: 11 test start:
2024-11-11 22:55:44.590: 11 avg_reward: 6970.0
2024-11-11 22:55:44.591: 11 avg_steps: 860.65
2024-11-11 22:55:44.591: 11 epsilon: 0.01
2024-11-11 22:55:44.591: 11 q: 0.25416473
2024-11-11 23:05:36.674: 12 test start:
2024-11-11 23:06:04.789: 12 avg_reward: 16040.0
2024-11-11 23:06:04.789: 12 avg_steps: 1376.4
2024-11-11 23:06:04.789: 12 epsilon: 0.01
2024-11-11 23:06:04.789: 12 q: 0.2863864
2024-11-11 23:15:31.590: 13 test start:
2024-11-11 23:16:00.180: 13 avg_reward: 19275.0
2024-11-11 23:16:00.180: 13 avg_steps: 1465.6
2024-11-11 23:16:00.180: 13 epsilon: 0.01
2024-11-11 23:16:00.181: 13 q: 0.29949537
2024-11-11 23:25:49.579: 14 test start:
2024-11-11 23:26:07.369: 14 avg_reward: 9675.0
2024-11-11 23:26:07.369: 14 avg_steps: 876.05
2024-11-11 23:26:07.369: 14 epsilon: 0.01
2024-11-11 23:26:07.369: 14 q: 0.32165965
2024-11-11 23:35:26.992: 15 test start:
2024-11-11 23:35:47.618: 15 avg_reward: 12740.0
2024-11-11 23:35:47.618: 15 avg_steps: 1070.8
2024-11-11 23:35:47.618: 15 epsilon: 0.01
2024-11-11 23:35:47.618: 15 q: 0.35421523
2024-11-11 23:45:39.558: 16 test start:
2024-11-11 23:45:56.007: 16 avg_reward: 10150.0
2024-11-11 23:45:56.007: 16 avg_steps: 867.05
2024-11-11 23:45:56.007: 16 epsilon: 0.01
2024-11-11 23:45:56.007: 16 q: 0.36336496
2024-11-11 23:55:14.339: 17 test start:
2024-11-11 23:55:27.617: 17 avg_reward: 3605.0
2024-11-11 23:55:27.617: 17 avg_steps: 666.35
2024-11-11 23:55:27.617: 17 epsilon: 0.01
2024-11-11 23:55:27.617: 17 q: 0.39973235
2024-11-12 00:05:21.887: 18 test start:
2024-11-12 00:05:40.349: 18 avg_reward: 10180.0
2024-11-12 00:05:40.349: 18 avg_steps: 942.75
2024-11-12 00:05:40.349: 18 epsilon: 0.01
2024-11-12 00:05:40.349: 18 q: 0.43109584
2024-11-12 00:15:03.717: 19 test start:
2024-11-12 00:15:19.381: 19 avg_reward: 6975.0
2024-11-12 00:15:19.381: 19 avg_steps: 764.45
2024-11-12 00:15:19.381: 19 epsilon: 0.01
2024-11-12 00:15:19.381: 19 q: 0.49117756
2024-11-12 00:25:10.015: 20 test start:
2024-11-12 00:25:26.169: 20 avg_reward: 7300.0
2024-11-12 00:25:26.169: 20 avg_steps: 802.2
2024-11-12 00:25:26.169: 20 epsilon: 0.01
2024-11-12 00:25:26.169: 20 q: 0.53647745
2024-11-12 00:34:50.445: 21 test start:
2024-11-12 00:35:16.890: 21 avg_reward: 15295.0
2024-11-12 00:35:16.890: 21 avg_steps: 1292.6
2024-11-12 00:35:16.891: 21 epsilon: 0.01
2024-11-12 00:35:16.891: 21 q: 0.5384253
2024-11-12 00:45:03.474: 22 test start:
2024-11-12 00:45:22.855: 22 avg_reward: 9995.0
2024-11-12 00:45:22.856: 22 avg_steps: 977.55
2024-11-12 00:45:22.856: 22 epsilon: 0.01
2024-11-12 00:45:22.856: 22 q: 0.57758254
2024-11-12 00:54:52.472: 23 test start:
2024-11-12 00:55:05.159: 23 avg_reward: 5655.0
2024-11-12 00:55:05.159: 23 avg_steps: 616.7
2024-11-12 00:55:05.159: 23 epsilon: 0.01
2024-11-12 00:55:05.159: 23 q: 0.5947572
2024-11-12 01:04:45.837: 24 test start:
2024-11-12 01:05:03.055: 24 avg_reward: 7450.0
2024-11-12 01:05:03.055: 24 avg_steps: 864.5
2024-11-12 01:05:03.055: 24 epsilon: 0.01
2024-11-12 01:05:03.055: 24 q: 0.6397916
2024-11-12 01:14:35.316: 25 test start:
2024-11-12 01:15:02.069: 25 avg_reward: 14325.0
2024-11-12 01:15:02.069: 25 avg_steps: 1283.65
2024-11-12 01:15:02.069: 25 epsilon: 0.01
2024-11-12 01:15:02.069: 25 q: 0.6755324
2024-11-12 01:24:36.087: 26 test start:
2024-11-12 01:24:48.721: 26 avg_reward: 6700.0
2024-11-12 01:24:48.721: 26 avg_steps: 633.75
2024-11-12 01:24:48.721: 26 epsilon: 0.01
2024-11-12 01:24:48.721: 26 q: 0.71603787
2024-11-12 01:34:24.559: 27 test start:
2024-11-12 01:34:39.278: 27 avg_reward: 6670.0
2024-11-12 01:34:39.279: 27 avg_steps: 713.5
2024-11-12 01:34:39.279: 27 epsilon: 0.01
2024-11-12 01:34:39.279: 27 q: 0.7295941
2024-11-12 01:44:09.147: 28 test start:
2024-11-12 01:44:21.953: 28 avg_reward: 4055.0
2024-11-12 01:44:21.953: 28 avg_steps: 670.35
2024-11-12 01:44:21.953: 28 epsilon: 0.01
2024-11-12 01:44:21.954: 28 q: 0.7456306
2024-11-12 01:54:03.990: 29 test start:
2024-11-12 01:54:17.923: 29 avg_reward: 6455.0
2024-11-12 01:54:17.923: 29 avg_steps: 676.05
2024-11-12 01:54:17.923: 29 epsilon: 0.01
2024-11-12 01:54:17.923: 29 q: 0.7611605
2024-11-12 02:03:44.775: 30 test start:
2024-11-12 02:04:03.723: 30 avg_reward: 11525.0
2024-11-12 02:04:03.723: 30 avg_steps: 955.0
2024-11-12 02:04:03.723: 30 epsilon: 0.01
2024-11-12 02:04:03.723: 30 q: 0.7883097
2024-11-12 02:13:42.746: 31 test start:
2024-11-12 02:14:04.661: 31 avg_reward: 12440.0
2024-11-12 02:14:04.661: 31 avg_steps: 1076.4
2024-11-12 02:14:04.661: 31 epsilon: 0.01
2024-11-12 02:14:04.661: 31 q: 0.8082108
2024-11-12 02:23:31.811: 32 test start:
2024-11-12 02:23:56.851: 32 avg_reward: 14205.0
2024-11-12 02:23:56.851: 32 avg_steps: 1277.65
2024-11-12 02:23:56.851: 32 epsilon: 0.01
2024-11-12 02:23:56.851: 32 q: 0.8349911
2024-11-12 02:33:39.996: 33 test start:
2024-11-12 02:34:02.421: 33 avg_reward: 14430.0
2024-11-12 02:34:02.422: 33 avg_steps: 1110.75
2024-11-12 02:34:02.422: 33 epsilon: 0.01
2024-11-12 02:34:02.422: 33 q: 0.8725876
2024-11-12 02:43:18.990: 34 test start:
2024-11-12 02:43:33.968: 34 avg_reward: 6400.0
2024-11-12 02:43:33.968: 34 avg_steps: 759.0
2024-11-12 02:43:33.969: 34 epsilon: 0.01
2024-11-12 02:43:33.969: 34 q: 0.8964546
2024-11-12 02:53:23.235: 35 test start:
2024-11-12 02:53:38.973: 35 avg_reward: 8740.0
2024-11-12 02:53:38.973: 35 avg_steps: 766.2
2024-11-12 02:53:38.973: 35 epsilon: 0.01
2024-11-12 02:53:38.973: 35 q: 0.9148882
2024-11-12 03:02:50.665: 36 test start:
2024-11-12 03:03:08.679: 36 avg_reward: 9955.0
2024-11-12 03:03:08.679: 36 avg_steps: 917.35
2024-11-12 03:03:08.679: 36 epsilon: 0.01
2024-11-12 03:03:08.679: 36 q: 0.9364132
2024-11-12 03:12:59.191: 37 test start:
2024-11-12 03:13:16.430: 37 avg_reward: 8960.0
2024-11-12 03:13:16.430: 37 avg_steps: 854.85
2024-11-12 03:13:16.430: 37 epsilon: 0.01
2024-11-12 03:13:16.430: 37 q: 0.9594718
2024-11-12 03:22:33.601: 38 test start:
2024-11-12 03:22:55.754: 38 avg_reward: 14350.0
2024-11-12 03:22:55.754: 38 avg_steps: 1091.05
2024-11-12 03:22:55.754: 38 epsilon: 0.01
2024-11-12 03:22:55.754: 38 q: 0.9689282
2024-11-12 03:32:46.079: 39 test start:
2024-11-12 03:33:03.559: 39 avg_reward: 12695.0
2024-11-12 03:33:03.559: 39 avg_steps: 902.9
2024-11-12 03:33:03.559: 39 epsilon: 0.01
2024-11-12 03:33:03.559: 39 q: 1.0189202
2024-11-12 03:42:23.388: 40 test start:
2024-11-12 03:42:47.751: 40 avg_reward: 17125.0
2024-11-12 03:42:47.751: 40 avg_steps: 1231.55
2024-11-12 03:42:47.751: 40 epsilon: 0.01
2024-11-12 03:42:47.751: 40 q: 1.036482
2024-11-12 03:52:39.662: 41 test start:
2024-11-12 03:53:01.407: 41 avg_reward: 13735.0
2024-11-12 03:53:01.407: 41 avg_steps: 1100.45
2024-11-12 03:53:01.407: 41 epsilon: 0.01
2024-11-12 03:53:01.407: 41 q: 1.0835836
2024-11-12 04:02:25.922: 42 test start:
2024-11-12 04:02:46.631: 42 avg_reward: 10445.0
2024-11-12 04:02:46.631: 42 avg_steps: 1002.6
2024-11-12 04:02:46.637: 42 epsilon: 0.01
2024-11-12 04:02:46.637: 42 q: 1.1195576
2024-11-12 04:12:27.387: 43 test start:
2024-11-12 04:12:55.523: 43 avg_reward: 17700.0
2024-11-12 04:12:55.524: 43 avg_steps: 1441.2
2024-11-12 04:12:55.524: 43 epsilon: 0.01
2024-11-12 04:12:55.524: 43 q: 1.1234597
2024-11-12 04:22:19.373: 44 test start:
2024-11-12 04:22:52.451: 44 avg_reward: 23785.0
2024-11-12 04:22:52.451: 44 avg_steps: 1601.5
2024-11-12 04:22:52.451: 44 epsilon: 0.01
2024-11-12 04:22:52.451: 44 q: 1.159373
2024-11-12 04:32:31.481: 45 test start:
2024-11-12 04:33:04.494: 45 avg_reward: 21195.0
2024-11-12 04:33:04.494: 45 avg_steps: 1684.8
2024-11-12 04:33:04.494: 45 epsilon: 0.01
2024-11-12 04:33:04.494: 45 q: 1.2179565
2024-11-12 04:42:44.583: 46 test start:
2024-11-12 04:43:35.937: 46 avg_reward: 37395.0
2024-11-12 04:43:35.938: 46 avg_steps: 2485.85
2024-11-12 04:43:35.938: 46 epsilon: 0.01
2024-11-12 04:43:35.938: 46 q: 1.2354854
2024-11-12 04:53:04.975: 47 test start:
2024-11-12 04:54:09.600: 47 avg_reward: 58840.0
2024-11-12 04:54:09.600: 47 avg_steps: 3279.5
2024-11-12 04:54:09.600: 47 epsilon: 0.01
2024-11-12 04:54:09.600: 47 q: 1.2376587
2024-11-12 05:03:49.330: 48 test start:
2024-11-12 05:04:36.921: 48 avg_reward: 37425.0
2024-11-12 05:04:36.921: 48 avg_steps: 2331.85
2024-11-12 05:04:36.921: 48 epsilon: 0.01
2024-11-12 05:04:36.921: 48 q: 1.2743245
2024-11-12 05:13:54.946: 49 test start:
2024-11-12 05:15:08.542: 49 avg_reward: 71095.0
2024-11-12 05:15:08.542: 49 avg_steps: 3806.9
2024-11-12 05:15:08.542: 49 epsilon: 0.01
2024-11-12 05:15:08.542: 49 q: 1.2888031
2024-11-12 05:25:05.328: 50 test start:
2024-11-12 05:25:50.362: 50 avg_reward: 36115.0
2024-11-12 05:25:50.362: 50 avg_steps: 2275.25
2024-11-12 05:25:50.362: 50 epsilon: 0.01
2024-11-12 05:25:50.362: 50 q: 1.3306279
2024-11-12 05:35:05.707: 51 test start:
2024-11-12 05:35:59.998: 51 avg_reward: 47285.0
2024-11-12 05:35:59.998: 51 avg_steps: 2669.25
2024-11-12 05:35:59.998: 51 epsilon: 0.01
2024-11-12 05:35:59.998: 51 q: 1.3489196
2024-11-12 05:45:55.402: 52 test start:
2024-11-12 05:46:21.998: 52 avg_reward: 20125.0
2024-11-12 05:46:21.998: 52 avg_steps: 1341.95
2024-11-12 05:46:21.998: 52 epsilon: 0.01
2024-11-12 05:46:21.999: 52 q: 1.3640605
2024-11-12 05:55:33.050: 53 test start:
2024-11-12 05:56:53.161: 53 avg_reward: 76530.0
2024-11-12 05:56:53.162: 53 avg_steps: 3931.7
2024-11-12 05:56:53.162: 53 epsilon: 0.01
2024-11-12 05:56:53.162: 53 q: 1.4304593
2024-11-12 06:06:36.080: 54 test start:
2024-11-12 06:07:12.975: 54 avg_reward: 27270.0
2024-11-12 06:07:12.976: 54 avg_steps: 1894.1
2024-11-12 06:07:12.976: 54 epsilon: 0.01
2024-11-12 06:07:12.976: 54 q: 1.4616191
2024-11-12 06:16:43.435: 55 test start:
2024-11-12 06:18:02.853: 55 avg_reward: 72615.0
2024-11-12 06:18:02.853: 55 avg_steps: 3938.45
2024-11-12 06:18:02.853: 55 epsilon: 0.01
2024-11-12 06:18:02.854: 55 q: 1.4613061
2024-11-12 06:27:34.097: 56 test start:
2024-11-12 06:29:03.341: 56 avg_reward: 81160.0
2024-11-12 06:29:03.341: 56 avg_steps: 4626.75
2024-11-12 06:29:03.341: 56 epsilon: 0.01
2024-11-12 06:29:03.341: 56 q: 1.5081366
2024-11-12 06:39:03.758: 57 test start:
2024-11-12 06:42:08.192: 57 avg_reward: 191520.0
2024-11-12 06:42:08.193: 57 avg_steps: 9389.15
2024-11-12 06:42:08.193: 57 epsilon: 0.01
2024-11-12 06:42:08.193: 57 q: 1.5722938
2024-11-12 06:51:18.827: 58 test start:
2024-11-12 06:52:58.160: 58 avg_reward: 97245.0
2024-11-12 06:52:58.160: 58 avg_steps: 4951.05
2024-11-12 06:52:58.160: 58 epsilon: 0.01
2024-11-12 06:52:58.161: 58 q: 1.5916775
2024-11-12 07:02:35.431: 59 test start:
2024-11-12 07:04:51.283: 59 avg_reward: 157345.0
2024-11-12 07:04:51.284: 59 avg_steps: 7089.6
2024-11-12 07:04:51.284: 59 epsilon: 0.01
2024-11-12 07:04:51.284: 59 q: 1.6000609
2024-11-12 07:14:20.463: 60 test start:
2024-11-12 07:16:35.260: 60 avg_reward: 165945.0
2024-11-12 07:16:35.260: 60 avg_steps: 6645.2
2024-11-12 07:16:35.260: 60 epsilon: 0.01
2024-11-12 07:16:35.260: 60 q: 1.6225907
2024-11-12 07:26:08.201: 61 test start:
2024-11-12 07:32:36.368: 61 avg_reward: 544245.0
2024-11-12 07:32:36.368: 61 avg_steps: 19307.05
2024-11-12 07:32:36.368: 61 epsilon: 0.01
2024-11-12 07:32:36.368: 61 q: 1.6506143
2024-11-12 07:42:22.969: 62 test start:
2024-11-12 07:51:03.156: 62 avg_reward: 774610.0
2024-11-12 07:51:03.156: 62 avg_steps: 25796.0
2024-11-12 07:51:03.161: 62 epsilon: 0.01
2024-11-12 07:51:03.161: 62 q: 1.6664976
2024-11-12 08:00:02.472: 63 test start:
2024-11-12 08:07:44.030: 63 avg_reward: 682015.0
2024-11-12 08:07:44.031: 63 avg_steps: 23084.7
2024-11-12 08:07:44.031: 63 epsilon: 0.01
2024-11-12 08:07:44.031: 63 q: 1.68466
2024-11-12 08:17:53.017: 64 test start:
2024-11-12 08:23:11.294: 64 avg_reward: 458360.0
2024-11-12 08:23:11.294: 64 avg_steps: 15763.45
2024-11-12 08:23:11.294: 64 epsilon: 0.01
2024-11-12 08:23:11.294: 64 q: 1.7284514
2024-11-12 08:33:36.686: 65 test start:
2024-11-12 08:41:32.349: 65 avg_reward: 766005.0
2024-11-12 08:41:32.349: 65 avg_steps: 23990.1
2024-11-12 08:41:32.349: 65 epsilon: 0.01
2024-11-12 08:41:32.350: 65 q: 1.74421
2024-11-12 08:50:28.443: 66 test start:
2024-11-12 08:57:59.108: 66 avg_reward: 737480.0
2024-11-12 08:57:59.108: 66 avg_steps: 22357.25
2024-11-12 08:57:59.108: 66 epsilon: 0.01
2024-11-12 08:57:59.108: 66 q: 1.7803626
2024-11-12 09:08:32.577: 67 test start:
2024-11-12 09:16:14.456: 67 avg_reward: 751960.0
2024-11-12 09:16:14.456: 67 avg_steps: 23260.4
2024-11-12 09:16:14.456: 67 epsilon: 0.01
2024-11-12 09:16:14.456: 67 q: 1.7921773
2024-11-12 09:25:32.668: 68 test start:
2024-11-12 09:31:38.990: 68 avg_reward: 578290.0
2024-11-12 09:31:38.991: 68 avg_steps: 18518.85
2024-11-12 09:31:38.991: 68 epsilon: 0.01
2024-11-12 09:31:38.991: 68 q: 1.8204433
2024-11-12 09:41:26.793: 69 test start:
2024-11-12 09:48:58.317: 69 avg_reward: 751015.0
2024-11-12 09:48:58.317: 69 avg_steps: 22947.6
2024-11-12 09:48:58.322: 69 epsilon: 0.01
2024-11-12 09:48:58.323: 69 q: 1.8312707
2024-11-12 09:59:18.178: 70 test start:
2024-11-12 10:08:10.311: 70 avg_reward: 868480.0
2024-11-12 10:08:10.311: 70 avg_steps: 26996.4
2024-11-12 10:08:10.311: 70 epsilon: 0.01
2024-11-12 10:08:10.311: 70 q: 1.8807993
2024-11-12 10:17:54.370: 71 test start:
2024-11-12 10:26:46.189: 71 avg_reward: 824885.0
2024-11-12 10:26:46.189: 71 avg_steps: 26995.7
2024-11-12 10:26:46.189: 71 epsilon: 0.01
2024-11-12 10:26:46.189: 71 q: 1.8878975
2024-11-12 10:36:28.814: 72 test start:
2024-11-12 10:45:17.781: 72 avg_reward: 822520.0
2024-11-12 10:45:17.781: 72 avg_steps: 26995.7
2024-11-12 10:45:17.782: 72 epsilon: 0.01
2024-11-12 10:45:17.782: 72 q: 1.9127964
2024-11-12 10:55:55.651: 73 test start:
2024-11-12 11:04:50.861: 73 avg_reward: 818915.0
2024-11-12 11:04:50.861: 73 avg_steps: 26996.4
2024-11-12 11:04:50.862: 73 epsilon: 0.01
2024-11-12 11:04:50.862: 73 q: 1.9737986
2024-11-12 11:14:26.341: 74 test start:
2024-11-12 11:22:58.412: 74 avg_reward: 766055.0
2024-11-12 11:22:58.412: 74 avg_steps: 25752.0
2024-11-12 11:22:58.412: 74 epsilon: 0.01
2024-11-12 11:22:58.412: 74 q: 2.0038266
2024-11-12 11:32:30.480: 75 test start:
2024-11-12 11:41:28.517: 75 avg_reward: 824545.0
2024-11-12 11:41:28.517: 75 avg_steps: 26996.8
2024-11-12 11:41:28.517: 75 epsilon: 0.01
2024-11-12 11:41:28.518: 75 q: 1.9903643
2024-11-12 11:51:04.790: 76 test start:
2024-11-12 12:00:01.271: 76 avg_reward: 820255.0
2024-11-12 12:00:01.271: 76 avg_steps: 26995.95
2024-11-12 12:00:01.272: 76 epsilon: 0.01
2024-11-12 12:00:01.272: 76 q: 2.0059288
2024-11-12 12:09:34.174: 77 test start:
2024-11-12 12:18:32.232: 77 avg_reward: 836285.0
2024-11-12 12:18:32.232: 77 avg_steps: 26996.0
2024-11-12 12:18:32.232: 77 epsilon: 0.01
2024-11-12 12:18:32.232: 77 q: 2.0532417
2024-11-12 12:29:17.329: 78 test start:
2024-11-12 12:38:15.628: 78 avg_reward: 810965.0
2024-11-12 12:38:15.628: 78 avg_steps: 26996.05
2024-11-12 12:38:15.628: 78 epsilon: 0.01
2024-11-12 12:38:15.628: 78 q: 2.1173928
2024-11-12 12:47:59.079: 79 test start:
2024-11-12 12:56:57.505: 79 avg_reward: 808490.0
2024-11-12 12:56:57.505: 79 avg_steps: 26996.55
2024-11-12 12:56:57.505: 79 epsilon: 0.01
2024-11-12 12:56:57.505: 79 q: 2.1069076
2024-11-12 13:06:40.975: 80 test start:
2024-11-12 13:15:39.806: 80 avg_reward: 801905.0
2024-11-12 13:15:39.806: 80 avg_steps: 26996.5
2024-11-12 13:15:39.806: 80 epsilon: 0.01
2024-11-12 13:15:39.806: 80 q: 2.1442485
2024-11-12 13:25:23.116: 81 test start:
2024-11-12 13:34:21.104: 81 avg_reward: 842955.0
2024-11-12 13:34:21.104: 81 avg_steps: 26996.0
2024-11-12 13:34:21.104: 81 epsilon: 0.01
2024-11-12 13:34:21.104: 81 q: 2.161424
2024-11-12 13:45:05.116: 82 test start:
2024-11-12 13:54:03.373: 82 avg_reward: 807105.0
2024-11-12 13:54:03.373: 82 avg_steps: 26996.55
2024-11-12 13:54:03.373: 82 epsilon: 0.01
2024-11-12 13:54:03.373: 82 q: 2.2012782
2024-11-12 14:03:44.652: 83 test start:
2024-11-12 14:12:41.866: 83 avg_reward: 803260.0
2024-11-12 14:12:41.866: 83 avg_steps: 26995.8
2024-11-12 14:12:41.866: 83 epsilon: 0.01
2024-11-12 14:12:41.867: 83 q: 2.2673604
2024-11-12 14:22:25.738: 84 test start:
2024-11-12 14:31:24.070: 84 avg_reward: 795275.0
2024-11-12 14:31:24.070: 84 avg_steps: 26995.65
2024-11-12 14:31:24.070: 84 epsilon: 0.01
2024-11-12 14:31:24.070: 84 q: 2.2444355
2024-11-12 14:41:02.413: 85 test start:
2024-11-12 14:49:59.608: 85 avg_reward: 806070.0
2024-11-12 14:49:59.608: 85 avg_steps: 26997.3
2024-11-12 14:49:59.608: 85 epsilon: 0.01
2024-11-12 14:49:59.608: 85 q: 2.2701235
2024-11-12 15:00:41.933: 86 test start:
2024-11-12 15:09:37.372: 86 avg_reward: 794720.0
2024-11-12 15:09:37.372: 86 avg_steps: 26995.75
2024-11-12 15:09:37.372: 86 epsilon: 0.01
2024-11-12 15:09:37.372: 86 q: 2.256507
2024-11-12 15:19:15.134: 87 test start:
2024-11-12 15:28:07.655: 87 avg_reward: 823390.0
2024-11-12 15:28:07.655: 87 avg_steps: 26996.2
2024-11-12 15:28:07.655: 87 epsilon: 0.01
2024-11-12 15:28:07.655: 87 q: 2.2621503
2024-11-12 15:37:47.299: 88 test start:
2024-11-12 15:46:42.334: 88 avg_reward: 819195.0
2024-11-12 15:46:42.335: 88 avg_steps: 26996.85
2024-11-12 15:46:42.335: 88 epsilon: 0.01
2024-11-12 15:46:42.335: 88 q: 2.2560809
2024-11-12 15:56:21.788: 89 test start:
2024-11-12 16:05:13.309: 89 avg_reward: 811200.0
2024-11-12 16:05:13.309: 89 avg_steps: 26995.85
2024-11-12 16:05:13.309: 89 epsilon: 0.01
2024-11-12 16:05:13.309: 89 q: 2.3583007
2024-11-12 16:15:54.993: 90 test start:
2024-11-12 16:24:53.369: 90 avg_reward: 797510.0
2024-11-12 16:24:53.369: 90 avg_steps: 26996.05
2024-11-12 16:24:53.369: 90 epsilon: 0.01
2024-11-12 16:24:53.369: 90 q: 2.3943994
2024-11-12 16:34:32.259: 91 test start:
2024-11-12 16:43:27.243: 91 avg_reward: 809600.0
2024-11-12 16:43:27.243: 91 avg_steps: 26996.35
2024-11-12 16:43:27.243: 91 epsilon: 0.01
2024-11-12 16:43:27.243: 91 q: 2.3512342
2024-11-12 16:53:06.694: 92 test start:
2024-11-12 17:02:07.746: 92 avg_reward: 803625.0
2024-11-12 17:02:07.746: 92 avg_steps: 26997.4
2024-11-12 17:02:07.746: 92 epsilon: 0.01
2024-11-12 17:02:07.746: 92 q: 2.3650281
2024-11-12 17:12:48.277: 93 test start:
2024-11-12 17:21:43.675: 93 avg_reward: 805500.0
2024-11-12 17:21:43.675: 93 avg_steps: 26996.8
2024-11-12 17:21:43.675: 93 epsilon: 0.01
2024-11-12 17:21:43.675: 93 q: 2.4274418
2024-11-12 17:31:18.763: 94 test start:
2024-11-12 17:40:15.241: 94 avg_reward: 796440.0
2024-11-12 17:40:15.242: 94 avg_steps: 26996.45
2024-11-12 17:40:15.242: 94 epsilon: 0.01
2024-11-12 17:40:15.242: 94 q: 2.4362097
2024-11-12 17:49:49.949: 95 test start:
2024-11-12 17:58:45.841: 95 avg_reward: 815210.0
2024-11-12 17:58:45.842: 95 avg_steps: 26996.85
2024-11-12 17:58:45.842: 95 epsilon: 0.01
2024-11-12 17:58:45.842: 95 q: 2.507779
2024-11-12 18:08:20.086: 96 test start:
2024-11-12 18:17:12.702: 96 avg_reward: 814290.0
2024-11-12 18:17:12.702: 96 avg_steps: 26996.1
2024-11-12 18:17:12.702: 96 epsilon: 0.01
2024-11-12 18:17:12.702: 96 q: 2.4992983
2024-11-12 18:27:48.200: 97 test start:
2024-11-12 18:36:42.528: 97 avg_reward: 817985.0
2024-11-12 18:36:42.528: 97 avg_steps: 26996.1
2024-11-12 18:36:42.528: 97 epsilon: 0.01
2024-11-12 18:36:42.528: 97 q: 2.5620604
2024-11-12 18:46:17.193: 98 test start:
2024-11-12 18:55:10.213: 98 avg_reward: 777820.0
2024-11-12 18:55:10.213: 98 avg_steps: 26996.5
2024-11-12 18:55:10.213: 98 epsilon: 0.01
2024-11-12 18:55:10.213: 98 q: 2.545336
2024-11-12 19:04:46.496: 99 test start:
2024-11-12 19:13:36.119: 99 avg_reward: 792610.0
2024-11-12 19:13:36.119: 99 avg_steps: 26996.95
2024-11-12 19:13:36.119: 99 epsilon: 0.01
2024-11-12 19:13:36.119: 99 q: 2.576042
2024-11-12 19:23:15.163: 100 test start:
2024-11-12 19:32:07.413: 100 avg_reward: 794030.0
2024-11-12 19:32:07.413: 100 avg_steps: 26996.2
2024-11-12 19:32:07.419: 100 epsilon: 0.01
2024-11-12 19:32:07.419: 100 q: 2.5402231
2024-11-12 19:42:44.692: 101 test start:
2024-11-12 19:51:37.760: 101 avg_reward: 787455.0
2024-11-12 19:51:37.760: 101 avg_steps: 26996.3
2024-11-12 19:51:37.760: 101 epsilon: 0.01
2024-11-12 19:51:37.760: 101 q: 2.6054227
2024-11-12 20:01:10.176: 102 test start:
2024-11-12 20:10:01.960: 102 avg_reward: 806585.0
2024-11-12 20:10:01.960: 102 avg_steps: 26996.6
2024-11-12 20:10:01.960: 102 epsilon: 0.01
2024-11-12 20:10:01.960: 102 q: 2.652131
2024-11-12 20:19:35.452: 103 test start:
2024-11-12 20:28:27.108: 103 avg_reward: 797280.0
2024-11-12 20:28:27.109: 103 avg_steps: 26995.5
2024-11-12 20:28:27.109: 103 epsilon: 0.01
2024-11-12 20:28:27.109: 103 q: 2.669883
2024-11-12 20:38:03.379: 104 test start:
2024-11-12 20:46:51.120: 104 avg_reward: 835535.0
2024-11-12 20:46:51.121: 104 avg_steps: 26996.5
2024-11-12 20:46:51.121: 104 epsilon: 0.01
2024-11-12 20:46:51.121: 104 q: 2.7450829
2024-11-12 20:57:28.157: 105 test start:
2024-11-12 21:06:19.905: 105 avg_reward: 781480.0
2024-11-12 21:06:19.905: 105 avg_steps: 26996.5
2024-11-12 21:06:19.905: 105 epsilon: 0.01
2024-11-12 21:06:19.906: 105 q: 2.736189
2024-11-12 21:15:54.618: 106 test start:
2024-11-12 21:24:45.699: 106 avg_reward: 770230.0
2024-11-12 21:24:45.699: 106 avg_steps: 26996.1
2024-11-12 21:24:45.699: 106 epsilon: 0.01
2024-11-12 21:24:45.699: 106 q: 2.735339
2024-11-12 21:34:21.862: 107 test start:
2024-11-12 21:43:12.621: 107 avg_reward: 828640.0
2024-11-12 21:43:12.621: 107 avg_steps: 26996.55
2024-11-12 21:43:12.621: 107 epsilon: 0.01
2024-11-12 21:43:12.621: 107 q: 2.7720122
2024-11-12 21:52:47.820: 108 test start:
2024-11-12 22:01:41.147: 108 avg_reward: 807720.0
2024-11-12 22:01:41.147: 108 avg_steps: 26995.85
2024-11-12 22:01:41.147: 108 epsilon: 0.01
2024-11-12 22:01:41.147: 108 q: 2.780983
2024-11-12 22:12:16.013: 109 test start:
2024-11-12 22:21:14.742: 109 avg_reward: 801085.0
2024-11-12 22:21:14.742: 109 avg_steps: 26996.65
2024-11-12 22:21:14.742: 109 epsilon: 0.01
2024-11-12 22:21:14.742: 109 q: 2.8228204
2024-11-12 22:30:42.412: 110 test start:
2024-11-12 22:39:40.799: 110 avg_reward: 809215.0
2024-11-12 22:39:40.799: 110 avg_steps: 26996.6
2024-11-12 22:39:40.799: 110 epsilon: 0.01
2024-11-12 22:39:40.799: 110 q: 2.822234
2024-11-12 22:49:09.333: 111 test start:
2024-11-12 22:58:04.070: 111 avg_reward: 805210.0
2024-11-12 22:58:04.070: 111 avg_steps: 26996.65
2024-11-12 22:58:04.070: 111 epsilon: 0.01
2024-11-12 22:58:04.070: 111 q: 2.8636782
2024-11-12 23:07:34.920: 112 test start:
2024-11-12 23:16:35.599: 112 avg_reward: 836315.0
2024-11-12 23:16:35.599: 112 avg_steps: 26996.55
2024-11-12 23:16:35.599: 112 epsilon: 0.01
2024-11-12 23:16:35.599: 112 q: 2.841963
2024-11-12 23:27:11.138: 113 test start:
2024-11-12 23:36:05.111: 113 avg_reward: 799800.0
2024-11-12 23:36:05.111: 113 avg_steps: 26996.2
2024-11-12 23:36:05.111: 113 epsilon: 0.01
2024-11-12 23:36:05.111: 113 q: 2.9389157
2024-11-12 23:45:34.653: 114 test start:
2024-11-12 23:54:30.602: 114 avg_reward: 803925.0
2024-11-12 23:54:30.603: 114 avg_steps: 26996.55
2024-11-12 23:54:30.603: 114 epsilon: 0.01
2024-11-12 23:54:30.603: 114 q: 2.9647658
2024-11-13 00:03:58.558: 115 test start:
2024-11-13 00:12:52.755: 115 avg_reward: 795620.0
2024-11-13 00:12:52.755: 115 avg_steps: 26996.05
2024-11-13 00:12:52.755: 115 epsilon: 0.01
2024-11-13 00:12:52.755: 115 q: 2.9909103
2024-11-13 00:23:22.583: 116 test start:
2024-11-13 00:32:20.614: 116 avg_reward: 814525.0
2024-11-13 00:32:20.614: 116 avg_steps: 26996.1
2024-11-13 00:32:20.614: 116 epsilon: 0.01
2024-11-13 00:32:20.615: 116 q: 2.9746256
2024-11-13 00:41:47.418: 117 test start:
2024-11-13 00:50:44.399: 117 avg_reward: 837390.0
2024-11-13 00:50:44.399: 117 avg_steps: 26997.1
2024-11-13 00:50:44.399: 117 epsilon: 0.01
2024-11-13 00:50:44.399: 117 q: 2.9463851
2024-11-13 01:00:11.305: 118 test start:
2024-11-13 01:09:08.124: 118 avg_reward: 800365.0
2024-11-13 01:09:08.124: 118 avg_steps: 26996.95
2024-11-13 01:09:08.124: 118 epsilon: 0.01
2024-11-13 01:09:08.124: 118 q: 2.9749336
2024-11-13 01:18:39.881: 119 test start:
2024-11-13 01:27:36.824: 119 avg_reward: 800855.0
2024-11-13 01:27:36.824: 119 avg_steps: 26996.35
2024-11-13 01:27:36.824: 119 epsilon: 0.01
2024-11-13 01:27:36.824: 119 q: 3.0003486
2024-11-13 01:38:06.325: 120 test start:
2024-11-13 01:45:20.522: 120 avg_reward: 628590.0
2024-11-13 01:45:20.522: 120 avg_steps: 21948.45
2024-11-13 01:45:20.522: 120 epsilon: 0.01
2024-11-13 01:45:20.522: 120 q: 3.0619116
2024-11-13 01:54:49.811: 121 test start:
2024-11-13 02:03:44.748: 121 avg_reward: 782225.0
2024-11-13 02:03:44.749: 121 avg_steps: 26995.9
2024-11-13 02:03:44.749: 121 epsilon: 0.01
2024-11-13 02:03:44.749: 121 q: 3.0114117
2024-11-13 02:13:14.647: 122 test start:
2024-11-13 02:22:10.468: 122 avg_reward: 792985.0
2024-11-13 02:22:10.468: 122 avg_steps: 26995.85
2024-11-13 02:22:10.468: 122 epsilon: 0.01
2024-11-13 02:22:10.468: 122 q: 3.0283682
2024-11-13 02:31:48.168: 123 test start:
2024-11-13 02:40:42.894: 123 avg_reward: 789165.0
2024-11-13 02:40:42.895: 123 avg_steps: 26996.2
2024-11-13 02:40:42.895: 123 epsilon: 0.01
2024-11-13 02:40:42.895: 123 q: 3.0140474
2024-11-13 02:51:20.813: 124 test start:
2024-11-13 03:00:15.891: 124 avg_reward: 794445.0
2024-11-13 03:00:15.891: 124 avg_steps: 26996.4
2024-11-13 03:00:15.891: 124 epsilon: 0.01
2024-11-13 03:00:15.891: 124 q: 3.015993
2024-11-13 03:09:47.649: 125 test start:
2024-11-13 03:17:02.452: 125 avg_reward: 635140.0
2024-11-13 03:17:02.452: 125 avg_steps: 22106.55
2024-11-13 03:17:02.452: 125 epsilon: 0.01
2024-11-13 03:17:02.452: 125 q: 3.100757
2024-11-13 03:26:42.288: 126 test start:
2024-11-13 03:35:31.653: 126 avg_reward: 803060.0
2024-11-13 03:35:31.653: 126 avg_steps: 26996.35
2024-11-13 03:35:31.653: 126 epsilon: 0.01
2024-11-13 03:35:31.653: 126 q: 3.098651
2024-11-13 03:45:25.793: 127 test start:
2024-11-13 03:54:16.609: 127 avg_reward: 800230.0
2024-11-13 03:54:16.609: 127 avg_steps: 26995.35
2024-11-13 03:54:16.609: 127 epsilon: 0.01
2024-11-13 03:54:16.609: 127 q: 3.0786192
2024-11-13 04:04:59.570: 128 test start:
2024-11-13 04:12:06.085: 128 avg_reward: 649815.0
2024-11-13 04:12:06.085: 128 avg_steps: 21820.4
2024-11-13 04:12:06.085: 128 epsilon: 0.01
2024-11-13 04:12:06.085: 128 q: 3.0995455
2024-11-13 04:21:44.461: 129 test start:
2024-11-13 04:30:38.503: 129 avg_reward: 797600.0
2024-11-13 04:30:38.503: 129 avg_steps: 26995.55
2024-11-13 04:30:38.503: 129 epsilon: 0.01
2024-11-13 04:30:38.503: 129 q: 3.143728
2024-11-13 04:40:17.951: 130 test start:
2024-11-13 04:49:14.813: 130 avg_reward: 777065.0
2024-11-13 04:49:14.813: 130 avg_steps: 26995.75
2024-11-13 04:49:14.813: 130 epsilon: 0.01
2024-11-13 04:49:14.813: 130 q: 3.1384418
2024-11-13 04:58:51.637: 131 test start:
2024-11-13 05:07:45.778: 131 avg_reward: 798565.0
2024-11-13 05:07:45.778: 131 avg_steps: 26996.15
2024-11-13 05:07:45.778: 131 epsilon: 0.01
2024-11-13 05:07:45.778: 131 q: 3.1620448
2024-11-13 05:17:22.310: 132 test start:
2024-11-13 05:25:28.119: 132 avg_reward: 721085.0
2024-11-13 05:25:28.119: 132 avg_steps: 24526.65
2024-11-13 05:25:28.125: 132 epsilon: 0.01
2024-11-13 05:25:28.125: 132 q: 3.159443
2024-11-13 05:36:07.003: 133 test start:
2024-11-13 05:45:01.541: 133 avg_reward: 807375.0
2024-11-13 05:45:01.542: 133 avg_steps: 26995.8
2024-11-13 05:45:01.542: 133 epsilon: 0.01
2024-11-13 05:45:01.542: 133 q: 3.1555116
2024-11-13 05:54:38.795: 134 test start:
2024-11-13 06:03:37.773: 134 avg_reward: 799790.0
2024-11-13 06:03:37.773: 134 avg_steps: 26996.25
2024-11-13 06:03:37.773: 134 epsilon: 0.01
2024-11-13 06:03:37.773: 134 q: 3.1667857
2024-11-13 06:13:11.346: 135 test start:
2024-11-13 06:22:05.884: 135 avg_reward: 799925.0
2024-11-13 06:22:05.884: 135 avg_steps: 26996.25
2024-11-13 06:22:05.884: 135 epsilon: 0.01
2024-11-13 06:22:05.884: 135 q: 3.1454413
2024-11-13 06:31:34.600: 136 test start:
2024-11-13 06:40:05.645: 136 avg_reward: 763745.0
2024-11-13 06:40:05.645: 136 avg_steps: 25733.75
2024-11-13 06:40:05.646: 136 epsilon: 0.01
2024-11-13 06:40:05.646: 136 q: 3.1916802
2024-11-13 06:49:29.970: 137 test start:
2024-11-13 06:58:21.501: 137 avg_reward: 774300.0
2024-11-13 06:58:21.501: 137 avg_steps: 26996.05
2024-11-13 06:58:21.501: 137 epsilon: 0.01
2024-11-13 06:58:21.501: 137 q: 3.1766467
2024-11-13 07:08:50.543: 138 test start:
2024-11-13 07:16:07.927: 138 avg_reward: 648135.0
2024-11-13 07:16:07.927: 138 avg_steps: 21959.65
2024-11-13 07:16:07.927: 138 epsilon: 0.01
2024-11-13 07:16:07.927: 138 q: 3.2660553
2024-11-13 07:25:30.468: 139 test start:
2024-11-13 07:34:26.698: 139 avg_reward: 783180.0
2024-11-13 07:34:26.698: 139 avg_steps: 26995.95
2024-11-13 07:34:26.698: 139 epsilon: 0.01
2024-11-13 07:34:26.699: 139 q: 3.1467059
2024-11-13 07:43:44.015: 140 test start:
2024-11-13 07:52:40.867: 140 avg_reward: 770725.0
2024-11-13 07:52:40.867: 140 avg_steps: 26996.2
2024-11-13 07:52:40.868: 140 epsilon: 0.01
2024-11-13 07:52:40.868: 140 q: 3.1348329
2024-11-13 08:02:07.513: 141 test start:
2024-11-13 08:06:06.470: 141 avg_reward: 343670.0
2024-11-13 08:06:06.470: 141 avg_steps: 11777.05
2024-11-13 08:06:06.470: 141 epsilon: 0.01
2024-11-13 08:06:06.470: 141 q: 3.1792917
2024-11-13 08:16:09.964: 142 test start:
2024-11-13 08:25:15.837: 142 avg_reward: 797945.0
2024-11-13 08:25:15.837: 142 avg_steps: 26996.05
2024-11-13 08:25:15.837: 142 epsilon: 0.01
2024-11-13 08:25:15.837: 142 q: 3.154528
2024-11-13 08:34:17.397: 143 test start:
2024-11-13 08:42:57.362: 143 avg_reward: 794070.0
2024-11-13 08:42:57.362: 143 avg_steps: 25738.75
2024-11-13 08:42:57.362: 143 epsilon: 0.01
2024-11-13 08:42:57.362: 143 q: 3.214276
2024-11-13 08:52:05.605: 144 test start:
2024-11-13 09:01:12.487: 144 avg_reward: 801445.0
2024-11-13 09:01:12.487: 144 avg_steps: 26996.3
2024-11-13 09:01:12.487: 144 epsilon: 0.01
2024-11-13 09:01:12.487: 144 q: 3.2826507
2024-11-13 09:10:14.188: 145 test start:
2024-11-13 09:19:19.064: 145 avg_reward: 822965.0
2024-11-13 09:19:19.064: 145 avg_steps: 26996.25
2024-11-13 09:19:19.064: 145 epsilon: 0.01
2024-11-13 09:19:19.064: 145 q: 3.2941525
2024-11-13 09:29:24.268: 146 test start:
2024-11-13 09:38:27.078: 146 avg_reward: 841025.0
2024-11-13 09:38:27.078: 146 avg_steps: 26996.45
2024-11-13 09:38:27.078: 146 epsilon: 0.01
2024-11-13 09:38:27.078: 146 q: 3.3094375
2024-11-13 09:47:40.902: 147 test start:
2024-11-13 09:56:41.424: 147 avg_reward: 818570.0
2024-11-13 09:56:41.425: 147 avg_steps: 26996.3
2024-11-13 09:56:41.425: 147 epsilon: 0.01
2024-11-13 09:56:41.425: 147 q: 3.342146
2024-11-13 10:06:00.099: 148 test start:
2024-11-13 10:15:02.165: 148 avg_reward: 838790.0
2024-11-13 10:15:02.165: 148 avg_steps: 26994.9
2024-11-13 10:15:02.165: 148 epsilon: 0.01
2024-11-13 10:15:02.165: 148 q: 3.327124
2024-11-13 10:24:17.164: 149 test start:
2024-11-13 10:33:23.298: 149 avg_reward: 823730.0
2024-11-13 10:33:23.298: 149 avg_steps: 26996.2
2024-11-13 10:33:23.298: 149 epsilon: 0.01
2024-11-13 10:33:23.298: 149 q: 3.2673159
2024-11-13 10:43:45.675: 150 test start:
2024-11-13 10:52:50.594: 150 avg_reward: 821105.0
2024-11-13 10:52:50.595: 150 avg_steps: 26996.6
2024-11-13 10:52:50.595: 150 epsilon: 0.01
2024-11-13 10:52:50.595: 150 q: 3.2787251
2024-11-13 11:02:07.622: 151 test start:
2024-11-13 11:11:12.146: 151 avg_reward: 824835.0
2024-11-13 11:11:12.146: 151 avg_steps: 26996.1
2024-11-13 11:11:12.146: 151 epsilon: 0.01
2024-11-13 11:11:12.146: 151 q: 3.2894409
2024-11-13 11:20:29.794: 152 test start:
2024-11-13 11:29:28.986: 152 avg_reward: 846990.0
2024-11-13 11:29:28.986: 152 avg_steps: 26996.5
2024-11-13 11:29:28.986: 152 epsilon: 0.01
2024-11-13 11:29:28.986: 152 q: 3.2775483
2024-11-13 11:38:42.325: 153 test start:
2024-11-13 11:47:44.021: 153 avg_reward: 820825.0
2024-11-13 11:47:44.021: 153 avg_steps: 26997.25
2024-11-13 11:47:44.021: 153 epsilon: 0.01
2024-11-13 11:47:44.021: 153 q: 3.2422183
2024-11-13 11:58:01.442: 154 test start:
2024-11-13 12:07:04.430: 154 avg_reward: 822220.0
2024-11-13 12:07:04.430: 154 avg_steps: 26995.4
2024-11-13 12:07:04.430: 154 epsilon: 0.01
2024-11-13 12:07:04.430: 154 q: 3.2664282
2024-11-13 12:16:19.663: 155 test start:
2024-11-13 12:25:21.664: 155 avg_reward: 801225.0
2024-11-13 12:25:21.664: 155 avg_steps: 26997.1
2024-11-13 12:25:21.664: 155 epsilon: 0.01
2024-11-13 12:25:21.664: 155 q: 3.2643726
2024-11-13 12:34:40.939: 156 test start:
2024-11-13 12:43:44.229: 156 avg_reward: 823045.0
2024-11-13 12:43:44.229: 156 avg_steps: 26996.65
2024-11-13 12:43:44.230: 156 epsilon: 0.01
2024-11-13 12:43:44.230: 156 q: 3.29913
2024-11-13 12:53:06.519: 157 test start:
2024-11-13 13:01:43.449: 157 avg_reward: 752865.0
2024-11-13 13:01:43.449: 157 avg_steps: 25756.35
2024-11-13 13:01:43.449: 157 epsilon: 0.01
2024-11-13 13:01:43.449: 157 q: 3.2832193
2024-11-13 13:11:58.803: 158 test start:
2024-11-13 13:20:56.175: 158 avg_reward: 776450.0
2024-11-13 13:20:56.175: 158 avg_steps: 26996.9
2024-11-13 13:20:56.175: 158 epsilon: 0.01
2024-11-13 13:20:56.175: 158 q: 3.2963228
2024-11-13 13:30:16.641: 159 test start:
2024-11-13 13:39:23.311: 159 avg_reward: 790645.0
2024-11-13 13:39:23.311: 159 avg_steps: 26996.7
2024-11-13 13:39:23.311: 159 epsilon: 0.01
2024-11-13 13:39:23.311: 159 q: 3.3007758
2024-11-13 13:48:45.912: 160 test start:
2024-11-13 13:57:44.934: 160 avg_reward: 815450.0
2024-11-13 13:57:44.934: 160 avg_steps: 26995.7
2024-11-13 13:57:44.934: 160 epsilon: 0.01
2024-11-13 13:57:44.934: 160 q: 3.245415
2024-11-13 14:07:00.899: 161 test start:
2024-11-13 14:15:12.916: 161 avg_reward: 763450.0
2024-11-13 14:15:12.916: 161 avg_steps: 24467.4
2024-11-13 14:15:12.916: 161 epsilon: 0.01
2024-11-13 14:15:12.916: 161 q: 3.1777563
2024-11-13 14:25:31.859: 162 test start:
2024-11-13 14:34:34.043: 162 avg_reward: 779980.0
2024-11-13 14:34:34.044: 162 avg_steps: 26995.95
2024-11-13 14:34:34.044: 162 epsilon: 0.01
2024-11-13 14:34:34.044: 162 q: 3.2658348
2024-11-13 14:43:48.455: 163 test start:
2024-11-13 14:52:56.098: 163 avg_reward: 806330.0
2024-11-13 14:52:56.099: 163 avg_steps: 26996.2
2024-11-13 14:52:56.099: 163 epsilon: 0.01
2024-11-13 14:52:56.099: 163 q: 3.2204628
2024-11-13 15:02:04.460: 164 test start:
2024-11-13 15:11:08.930: 164 avg_reward: 799290.0
2024-11-13 15:11:08.930: 164 avg_steps: 26996.65
2024-11-13 15:11:08.930: 164 epsilon: 0.01
2024-11-13 15:11:08.931: 164 q: 3.2683
2024-11-13 15:20:13.320: 165 test start:
2024-11-13 15:29:16.600: 165 avg_reward: 823315.0
2024-11-13 15:29:16.601: 165 avg_steps: 26997.1
2024-11-13 15:29:16.601: 165 epsilon: 0.01
2024-11-13 15:29:16.601: 165 q: 3.2602086
2024-11-13 15:38:29.288: 166 test start:
2024-11-13 15:46:20.211: 166 avg_reward: 711530.0
2024-11-13 15:46:20.211: 166 avg_steps: 23097.3
2024-11-13 15:46:20.212: 166 epsilon: 0.01
2024-11-13 15:46:20.212: 166 q: 3.2453537
2024-11-13 15:56:31.576: 167 test start:
2024-11-13 16:05:36.716: 167 avg_reward: 816010.0
2024-11-13 16:05:36.716: 167 avg_steps: 26995.9
2024-11-13 16:05:36.716: 167 epsilon: 0.01
2024-11-13 16:05:36.716: 167 q: 3.2762256
2024-11-13 16:14:39.103: 168 test start:
2024-11-13 16:23:46.447: 168 avg_reward: 816295.0
2024-11-13 16:23:46.447: 168 avg_steps: 26996.15
2024-11-13 16:23:46.447: 168 epsilon: 0.01
2024-11-13 16:23:46.447: 168 q: 3.2642639
2024-11-13 16:32:47.289: 169 test start:
2024-11-13 16:41:50.261: 169 avg_reward: 802150.0
2024-11-13 16:41:50.261: 169 avg_steps: 26996.0
2024-11-13 16:41:50.261: 169 epsilon: 0.01
2024-11-13 16:41:50.261: 169 q: 3.2993245
2024-11-13 16:50:49.730: 170 test start:
2024-11-13 16:59:50.882: 170 avg_reward: 795135.0
2024-11-13 16:59:50.883: 170 avg_steps: 26997.0
2024-11-13 16:59:50.883: 170 epsilon: 0.01
2024-11-13 16:59:50.883: 170 q: 3.31185
2024-11-13 17:09:55.359: 171 test start:
2024-11-13 17:18:59.222: 171 avg_reward: 813425.0
2024-11-13 17:18:59.223: 171 avg_steps: 26995.55
2024-11-13 17:18:59.228: 171 epsilon: 0.01
2024-11-13 17:18:59.261: 171 q: 3.36602
2024-11-13 17:28:00.579: 172 test start:
2024-11-13 17:37:07.259: 172 avg_reward: 785785.0
2024-11-13 17:37:07.259: 172 avg_steps: 26995.95
2024-11-13 17:37:07.259: 172 epsilon: 0.01
2024-11-13 17:37:07.259: 172 q: 3.3597095
2024-11-13 17:46:08.943: 173 test start:
2024-11-13 17:55:16.509: 173 avg_reward: 804455.0
2024-11-13 17:55:16.509: 173 avg_steps: 26996.4
2024-11-13 17:55:16.509: 173 epsilon: 0.01
2024-11-13 17:55:16.509: 173 q: 3.344889
2024-11-13 18:04:16.765: 174 test start:
2024-11-13 18:13:27.460: 174 avg_reward: 800965.0
2024-11-13 18:13:27.460: 174 avg_steps: 26995.7
2024-11-13 18:13:27.460: 174 epsilon: 0.01
2024-11-13 18:13:27.460: 174 q: 3.3509233
2024-11-13 18:23:30.907: 175 test start:
2024-11-13 18:32:35.986: 175 avg_reward: 811390.0
2024-11-13 18:32:35.986: 175 avg_steps: 26996.45
2024-11-13 18:32:35.987: 175 epsilon: 0.01
2024-11-13 18:32:35.987: 175 q: 3.380797
2024-11-13 18:41:39.160: 176 test start:
2024-11-13 18:50:45.434: 176 avg_reward: 792055.0
2024-11-13 18:50:45.435: 176 avg_steps: 26995.35
2024-11-13 18:50:45.435: 176 epsilon: 0.01
2024-11-13 18:50:45.435: 176 q: 3.427807
2024-11-13 18:59:49.190: 177 test start:
2024-11-13 19:08:52.867: 177 avg_reward: 788105.0
2024-11-13 19:08:52.868: 177 avg_steps: 26996.0
2024-11-13 19:08:52.868: 177 epsilon: 0.01
2024-11-13 19:08:52.868: 177 q: 3.4178727
2024-11-13 19:17:52.414: 178 test start:
2024-11-13 19:27:00.687: 178 avg_reward: 797605.0
2024-11-13 19:27:00.687: 178 avg_steps: 26996.8
2024-11-13 19:27:00.687: 178 epsilon: 0.01
2024-11-13 19:27:00.687: 178 q: 3.4447591
2024-11-13 19:37:05.084: 179 test start:
2024-11-13 19:46:08.275: 179 avg_reward: 814555.0
2024-11-13 19:46:08.275: 179 avg_steps: 26996.35
2024-11-13 19:46:08.275: 179 epsilon: 0.01
2024-11-13 19:46:08.275: 179 q: 3.4194005
2024-11-13 19:55:11.052: 180 test start:
2024-11-13 20:04:21.289: 180 avg_reward: 789580.0
2024-11-13 20:04:21.289: 180 avg_steps: 26996.15
2024-11-13 20:04:21.289: 180 epsilon: 0.01
2024-11-13 20:04:21.289: 180 q: 3.4572608
2024-11-13 20:13:23.859: 181 test start:
2024-11-13 20:21:32.823: 181 avg_reward: 703600.0
2024-11-13 20:21:32.823: 181 avg_steps: 24443.9
2024-11-13 20:21:32.823: 181 epsilon: 0.01
2024-11-13 20:21:32.823: 181 q: 3.4698315
2024-11-13 20:30:32.520: 182 test start:
2024-11-13 20:39:19.040: 182 avg_reward: 778995.0
2024-11-13 20:39:19.040: 182 avg_steps: 25765.0
2024-11-13 20:39:19.040: 182 epsilon: 0.01
2024-11-13 20:39:19.040: 182 q: 3.3790967
2024-11-13 20:49:21.277: 183 test start:
2024-11-13 20:58:31.960: 183 avg_reward: 796220.0
2024-11-13 20:58:31.960: 183 avg_steps: 26996.35
2024-11-13 20:58:31.960: 183 epsilon: 0.01
2024-11-13 20:58:31.960: 183 q: 3.400491
2024-11-13 21:07:31.574: 184 test start:
2024-11-13 21:16:40.256: 184 avg_reward: 776665.0
2024-11-13 21:16:40.256: 184 avg_steps: 26996.7
2024-11-13 21:16:40.256: 184 epsilon: 0.01
2024-11-13 21:16:40.256: 184 q: 3.4071207
2024-11-13 21:25:46.955: 185 test start:
2024-11-13 21:34:29.247: 185 avg_reward: 740730.0
2024-11-13 21:34:29.247: 185 avg_steps: 25744.6
2024-11-13 21:34:29.247: 185 epsilon: 0.01
2024-11-13 21:34:29.247: 185 q: 3.428149
2024-11-13 21:43:34.010: 186 test start:
2024-11-13 21:50:34.954: 186 avg_reward: 599450.0
2024-11-13 21:50:34.955: 186 avg_steps: 20701.5
2024-11-13 21:50:34.955: 186 epsilon: 0.01
2024-11-13 21:50:34.955: 186 q: 3.3792143
2024-11-13 22:00:47.679: 187 test start:
2024-11-13 22:09:55.708: 187 avg_reward: 799205.0
2024-11-13 22:09:55.708: 187 avg_steps: 26996.4
2024-11-13 22:09:55.709: 187 epsilon: 0.01
2024-11-13 22:09:55.709: 187 q: 3.354372
2024-11-13 22:18:55.113: 188 test start:
2024-11-13 22:28:03.269: 188 avg_reward: 784955.0
2024-11-13 22:28:03.270: 188 avg_steps: 26996.15
2024-11-13 22:28:03.270: 188 epsilon: 0.01
2024-11-13 22:28:03.270: 188 q: 3.346369
2024-11-13 22:37:14.792: 189 test start:
2024-11-13 22:46:23.790: 189 avg_reward: 775860.0
2024-11-13 22:46:23.790: 189 avg_steps: 26996.45
2024-11-13 22:46:23.790: 189 epsilon: 0.01
2024-11-13 22:46:23.790: 189 q: 3.3360126
2024-11-13 22:55:38.156: 190 test start:
2024-11-13 23:04:45.704: 190 avg_reward: 781210.0
2024-11-13 23:04:45.704: 190 avg_steps: 26997.1
2024-11-13 23:04:45.704: 190 epsilon: 0.01
2024-11-13 23:04:45.704: 190 q: 3.3366215
2024-11-13 23:14:58.269: 191 test start:
2024-11-13 23:24:06.010: 191 avg_reward: 766655.0
2024-11-13 23:24:06.010: 191 avg_steps: 26996.6
2024-11-13 23:24:06.010: 191 epsilon: 0.01
2024-11-13 23:24:06.011: 191 q: 3.361768
2024-11-13 23:33:14.568: 192 test start:
2024-11-13 23:42:25.168: 192 avg_reward: 780295.0
2024-11-13 23:42:25.168: 192 avg_steps: 26997.1
2024-11-13 23:42:25.168: 192 epsilon: 0.01
2024-11-13 23:42:25.168: 192 q: 3.401646
2024-11-13 23:51:34.961: 193 test start:
2024-11-14 00:00:45.306: 193 avg_reward: 791185.0
2024-11-14 00:00:45.306: 193 avg_steps: 26995.75
2024-11-14 00:00:45.307: 193 epsilon: 0.01
2024-11-14 00:00:45.307: 193 q: 3.3482797
2024-11-14 00:09:58.613: 194 test start:
2024-11-14 00:19:05.142: 194 avg_reward: 782720.0
2024-11-14 00:19:05.142: 194 avg_steps: 26996.45
2024-11-14 00:19:05.142: 194 epsilon: 0.01
2024-11-14 00:19:05.142: 194 q: 3.4141397
2024-11-14 00:29:16.788: 195 test start:
2024-11-14 00:38:25.888: 195 avg_reward: 777790.0
2024-11-14 00:38:25.889: 195 avg_steps: 26995.75
2024-11-14 00:38:25.889: 195 epsilon: 0.01
2024-11-14 00:38:25.889: 195 q: 3.4175663
2024-11-14 00:47:32.907: 196 test start:
2024-11-14 00:56:40.268: 196 avg_reward: 764230.0
2024-11-14 00:56:40.268: 196 avg_steps: 26996.95
2024-11-14 00:56:40.268: 196 epsilon: 0.01
2024-11-14 00:56:40.268: 196 q: 3.3762653
2024-11-14 01:05:48.074: 197 test start:
2024-11-14 01:14:29.088: 197 avg_reward: 740675.0
2024-11-14 01:14:29.088: 197 avg_steps: 25722.35
2024-11-14 01:14:29.089: 197 epsilon: 0.01
2024-11-14 01:14:29.089: 197 q: 3.3694117
2024-11-14 01:23:41.717: 198 test start:
2024-11-14 01:32:46.835: 198 avg_reward: 787500.0
2024-11-14 01:32:46.835: 198 avg_steps: 26995.8
2024-11-14 01:32:46.836: 198 epsilon: 0.01
2024-11-14 01:32:46.836: 198 q: 3.3588994
2024-11-14 01:43:00.907: 199 test start:
2024-11-14 01:52:08.346: 199 avg_reward: 765400.0
2024-11-14 01:52:08.347: 199 avg_steps: 26996.0
2024-11-14 01:52:08.347: 199 epsilon: 0.01
2024-11-14 01:52:08.347: 199 q: 3.4315915
2024-11-14 02:01:17.788: 200 test start:
2024-11-14 02:10:24.175: 200 avg_reward: 761215.0
2024-11-14 02:10:24.175: 200 avg_steps: 26996.5
2024-11-14 02:10:24.175: 200 epsilon: 0.01
2024-11-14 02:10:24.175: 200 q: 3.4001474
