2024-11-15 00:51:24.515: 
parameters:agent_test_episodes: 20
batch_num_per_epoch: 250000
device: cuda:0
env_name: ALE/SpaceInvaders-v5
epsilon_for_test: 0.001
epsilon_max: 0.1
epsilon_min: 0.01
exp_name: ALE-SpaceInvaders-v5_2024-11-15-00-51-24
exp_path: ../exps/double_dqn/
exploration_steps: 1000000
gamma: 0.99
held_out_states_num: 1000
learning_rate: 0.00025
log_path: ../exps/double_dqn/
mini_batch_size: 32
model_update_freq: 4
n_times: 5
no_op: 30
phi_channel: 4
replay_buffer_size: 1000000
replay_start_size: 50000
save_model: true
screen_size: 84
seed: 0
skip_k_frame: 4
step_c: 30000
training_steps: 50000000

2024-11-15 00:51:24.591: optimizer: RMSprop (
Parameter Group 0
    alpha: 0.95
    centered: False
    differentiable: False
    eps: 0.01
    foreach: None
    lr: 0.00025
    maximize: False
    momentum: 0
    weight_decay: 0
)
2024-11-15 00:51:24.646: optimizer: RMSprop (
Parameter Group 0
    alpha: 0.95
    centered: False
    differentiable: False
    eps: 0.01
    foreach: None
    lr: 0.00025
    maximize: False
    momentum: 0
    weight_decay: 0
)
2024-11-15 00:59:51.788: 1 test start:
2024-11-15 01:00:03.988: 1 avg_reward: 282.5
2024-11-15 01:00:03.988: 1 avg_steps: 624.5
2024-11-15 01:00:03.988: 1 epsilon: 0.08199442
2024-11-15 01:00:03.988: 1 q: 0.055585172
2024-11-15 01:08:41.639: 2 test start:
2024-11-15 01:08:50.905: 2 avg_reward: 84.5
2024-11-15 01:08:50.905: 2 avg_steps: 497.5
2024-11-15 01:08:50.906: 2 epsilon: 0.05949496
2024-11-15 01:08:50.906: 2 q: 0.11775716
2024-11-15 01:17:58.313: 3 test start:
2024-11-15 01:18:10.534: 3 avg_reward: 338.5
2024-11-15 01:18:10.534: 3 avg_steps: 635.4
2024-11-15 01:18:10.534: 3 epsilon: 0.03699108999999999
2024-11-15 01:18:10.534: 3 q: 0.17435795
2024-11-15 01:26:45.808: 4 test start:
2024-11-15 01:26:56.550: 4 avg_reward: 230.75
2024-11-15 01:26:56.550: 4 avg_steps: 585.75
2024-11-15 01:26:56.551: 4 epsilon: 0.014480919999999994
2024-11-15 01:26:56.551: 4 q: 0.25157616
2024-11-15 01:36:09.849: 5 test start:
2024-11-15 01:36:23.510: 5 avg_reward: 322.0
2024-11-15 01:36:23.510: 5 avg_steps: 703.7
2024-11-15 01:36:23.510: 5 epsilon: 0.01
2024-11-15 01:36:23.510: 5 q: 0.32001844
2024-11-15 01:45:07.545: 6 test start:
2024-11-15 01:45:20.390: 6 avg_reward: 346.25
2024-11-15 01:45:20.390: 6 avg_steps: 673.6
2024-11-15 01:45:20.391: 6 epsilon: 0.01
2024-11-15 01:45:20.391: 6 q: 0.37833783
2024-11-15 01:54:36.748: 7 test start:
2024-11-15 01:54:45.867: 7 avg_reward: 205.0
2024-11-15 01:54:45.867: 7 avg_steps: 460.25
2024-11-15 01:54:45.867: 7 epsilon: 0.01
2024-11-15 01:54:45.867: 7 q: 0.42423782
2024-11-15 02:03:23.685: 8 test start:
2024-11-15 02:03:36.227: 8 avg_reward: 324.25
2024-11-15 02:03:36.228: 8 avg_steps: 646.6
2024-11-15 02:03:36.228: 8 epsilon: 0.01
2024-11-15 02:03:36.228: 8 q: 0.44719929
2024-11-15 02:12:54.695: 9 test start:
2024-11-15 02:13:10.450: 9 avg_reward: 411.0
2024-11-15 02:13:10.450: 9 avg_steps: 805.7
2024-11-15 02:13:10.450: 9 epsilon: 0.01
2024-11-15 02:13:10.450: 9 q: 0.5205347
2024-11-15 02:22:03.907: 10 test start:
2024-11-15 02:22:17.156: 10 avg_reward: 342.0
2024-11-15 02:22:17.156: 10 avg_steps: 714.6
2024-11-15 02:22:17.157: 10 epsilon: 0.01
2024-11-15 02:22:17.157: 10 q: 0.58303994
2024-11-15 02:31:40.461: 11 test start:
2024-11-15 02:31:49.759: 11 avg_reward: 274.75
2024-11-15 02:31:49.759: 11 avg_steps: 476.75
2024-11-15 02:31:49.765: 11 epsilon: 0.01
2024-11-15 02:31:49.765: 11 q: 0.62381643
2024-11-15 02:40:41.756: 12 test start:
2024-11-15 02:40:50.687: 12 avg_reward: 288.75
2024-11-15 02:40:50.687: 12 avg_steps: 457.1
2024-11-15 02:40:50.688: 12 epsilon: 0.01
2024-11-15 02:40:50.688: 12 q: 0.734781
2024-11-15 02:50:13.810: 13 test start:
2024-11-15 02:50:22.756: 13 avg_reward: 287.5
2024-11-15 02:50:22.757: 13 avg_steps: 466.15
2024-11-15 02:50:22.757: 13 epsilon: 0.01
2024-11-15 02:50:22.757: 13 q: 0.77117896
2024-11-15 02:59:17.945: 14 test start:
2024-11-15 02:59:26.461: 14 avg_reward: 253.75
2024-11-15 02:59:26.461: 14 avg_steps: 442.85
2024-11-15 02:59:26.461: 14 epsilon: 0.01
2024-11-15 02:59:26.461: 14 q: 0.83810085
2024-11-15 03:08:42.651: 15 test start:
2024-11-15 03:08:54.468: 15 avg_reward: 385.75
2024-11-15 03:08:54.468: 15 avg_steps: 604.7
2024-11-15 03:08:54.468: 15 epsilon: 0.01
2024-11-15 03:08:54.468: 15 q: 0.9037468
2024-11-15 03:17:45.785: 16 test start:
2024-11-15 03:17:56.619: 16 avg_reward: 350.25
2024-11-15 03:17:56.619: 16 avg_steps: 559.3
2024-11-15 03:17:56.619: 16 epsilon: 0.01
2024-11-15 03:17:56.619: 16 q: 0.9933522
2024-11-15 03:27:11.684: 17 test start:
2024-11-15 03:27:24.921: 17 avg_reward: 439.25
2024-11-15 03:27:24.921: 17 avg_steps: 684.7
2024-11-15 03:27:24.921: 17 epsilon: 0.01
2024-11-15 03:27:24.922: 17 q: 1.139374
2024-11-15 03:36:22.775: 18 test start:
2024-11-15 03:36:37.751: 18 avg_reward: 507.75
2024-11-15 03:36:37.752: 18 avg_steps: 777.8
2024-11-15 03:36:37.752: 18 epsilon: 0.01
2024-11-15 03:36:37.752: 18 q: 1.2033803
2024-11-15 03:45:46.937: 19 test start:
2024-11-15 03:45:57.416: 19 avg_reward: 342.0
2024-11-15 03:45:57.416: 19 avg_steps: 551.2
2024-11-15 03:45:57.416: 19 epsilon: 0.01
2024-11-15 03:45:57.416: 19 q: 1.2522383
2024-11-15 03:54:47.215: 20 test start:
2024-11-15 03:54:59.422: 20 avg_reward: 475.5
2024-11-15 03:54:59.422: 20 avg_steps: 636.95
2024-11-15 03:54:59.422: 20 epsilon: 0.01
2024-11-15 03:54:59.422: 20 q: 1.3178306
2024-11-15 04:04:08.424: 21 test start:
2024-11-15 04:04:19.640: 21 avg_reward: 418.75
2024-11-15 04:04:19.640: 21 avg_steps: 577.3
2024-11-15 04:04:19.640: 21 epsilon: 0.01
2024-11-15 04:04:19.640: 21 q: 1.3979646
2024-11-15 04:13:13.115: 22 test start:
2024-11-15 04:13:24.972: 22 avg_reward: 411.75
2024-11-15 04:13:24.972: 22 avg_steps: 603.85
2024-11-15 04:13:24.972: 22 epsilon: 0.01
2024-11-15 04:13:24.972: 22 q: 1.5089221
2024-11-15 04:22:31.028: 23 test start:
2024-11-15 04:22:43.960: 23 avg_reward: 540.75
2024-11-15 04:22:43.960: 23 avg_steps: 668.05
2024-11-15 04:22:43.960: 23 epsilon: 0.01
2024-11-15 04:22:43.960: 23 q: 1.5302427
2024-11-15 04:31:37.009: 24 test start:
2024-11-15 04:31:47.880: 24 avg_reward: 309.0
2024-11-15 04:31:47.881: 24 avg_steps: 564.25
2024-11-15 04:31:47.881: 24 epsilon: 0.01
2024-11-15 04:31:47.881: 24 q: 1.6003771
2024-11-15 04:40:53.783: 25 test start:
2024-11-15 04:41:08.570: 25 avg_reward: 516.0
2024-11-15 04:41:08.570: 25 avg_steps: 757.6
2024-11-15 04:41:08.570: 25 epsilon: 0.01
2024-11-15 04:41:08.570: 25 q: 1.6453723
2024-11-15 04:50:07.322: 26 test start:
2024-11-15 04:50:20.200: 26 avg_reward: 485.0
2024-11-15 04:50:20.201: 26 avg_steps: 691.25
2024-11-15 04:50:20.201: 26 epsilon: 0.01
2024-11-15 04:50:20.201: 26 q: 1.6894286
2024-11-15 04:59:22.475: 27 test start:
2024-11-15 04:59:36.224: 27 avg_reward: 492.0
2024-11-15 04:59:36.224: 27 avg_steps: 710.2
2024-11-15 04:59:36.224: 27 epsilon: 0.01
2024-11-15 04:59:36.224: 27 q: 1.8167114
2024-11-15 05:08:28.848: 28 test start:
2024-11-15 05:08:46.500: 28 avg_reward: 661.0
2024-11-15 05:08:46.501: 28 avg_steps: 930.2
2024-11-15 05:08:46.501: 28 epsilon: 0.01
2024-11-15 05:08:46.501: 28 q: 1.8389354
2024-11-15 05:17:52.340: 29 test start:
2024-11-15 05:18:11.609: 29 avg_reward: 667.75
2024-11-15 05:18:11.609: 29 avg_steps: 1006.6
2024-11-15 05:18:11.609: 29 epsilon: 0.01
2024-11-15 05:18:11.609: 29 q: 1.9122927
2024-11-15 05:26:49.725: 30 test start:
2024-11-15 05:27:10.316: 30 avg_reward: 815.75
2024-11-15 05:27:10.316: 30 avg_steps: 1091.05
2024-11-15 05:27:10.316: 30 epsilon: 0.01
2024-11-15 05:27:10.316: 30 q: 1.9542351
2024-11-15 05:36:17.508: 31 test start:
2024-11-15 05:36:32.765: 31 avg_reward: 572.75
2024-11-15 05:36:32.766: 31 avg_steps: 790.25
2024-11-15 05:36:32.766: 31 epsilon: 0.01
2024-11-15 05:36:32.766: 31 q: 1.973182
2024-11-15 05:45:31.298: 32 test start:
2024-11-15 05:45:47.643: 32 avg_reward: 616.0
2024-11-15 05:45:47.643: 32 avg_steps: 868.3
2024-11-15 05:45:47.643: 32 epsilon: 0.01
2024-11-15 05:45:47.643: 32 q: 2.1161587
2024-11-15 05:54:42.600: 33 test start:
2024-11-15 05:54:59.185: 33 avg_reward: 696.25
2024-11-15 05:54:59.185: 33 avg_steps: 884.55
2024-11-15 05:54:59.185: 33 epsilon: 0.01
2024-11-15 05:54:59.185: 33 q: 2.1796646
2024-11-15 06:04:04.391: 34 test start:
2024-11-15 06:04:23.733: 34 avg_reward: 721.75
2024-11-15 06:04:23.733: 34 avg_steps: 1034.4
2024-11-15 06:04:23.733: 34 epsilon: 0.01
2024-11-15 06:04:23.733: 34 q: 2.2814097
2024-11-15 06:13:24.971: 35 test start:
2024-11-15 06:13:47.863: 35 avg_reward: 906.0
2024-11-15 06:13:47.863: 35 avg_steps: 1197.05
2024-11-15 06:13:47.863: 35 epsilon: 0.01
2024-11-15 06:13:47.863: 35 q: 2.369039
2024-11-15 06:22:47.582: 36 test start:
2024-11-15 06:23:06.964: 36 avg_reward: 774.0
2024-11-15 06:23:06.964: 36 avg_steps: 1012.7
2024-11-15 06:23:06.964: 36 epsilon: 0.01
2024-11-15 06:23:06.964: 36 q: 2.3842335
2024-11-15 06:32:06.617: 37 test start:
2024-11-15 06:32:28.780: 37 avg_reward: 814.0
2024-11-15 06:32:28.780: 37 avg_steps: 1162.1
2024-11-15 06:32:28.780: 37 epsilon: 0.01
2024-11-15 06:32:28.780: 37 q: 2.4541776
2024-11-15 06:41:28.317: 38 test start:
2024-11-15 06:41:54.284: 38 avg_reward: 1053.0
2024-11-15 06:41:54.284: 38 avg_steps: 1383.75
2024-11-15 06:41:54.285: 38 epsilon: 0.01
2024-11-15 06:41:54.285: 38 q: 2.48812
2024-11-15 06:50:51.511: 39 test start:
2024-11-15 06:51:11.277: 39 avg_reward: 838.5
2024-11-15 06:51:11.277: 39 avg_steps: 1030.75
2024-11-15 06:51:11.277: 39 epsilon: 0.01
2024-11-15 06:51:11.277: 39 q: 2.5564501
2024-11-15 07:00:12.411: 40 test start:
2024-11-15 07:00:31.010: 40 avg_reward: 761.5
2024-11-15 07:00:31.011: 40 avg_steps: 989.05
2024-11-15 07:00:31.011: 40 epsilon: 0.01
2024-11-15 07:00:31.011: 40 q: 2.6526508
2024-11-15 07:09:21.241: 41 test start:
2024-11-15 07:09:40.399: 41 avg_reward: 781.0
2024-11-15 07:09:40.400: 41 avg_steps: 1008.35
2024-11-15 07:09:40.400: 41 epsilon: 0.01
2024-11-15 07:09:40.400: 41 q: 2.8480337
2024-11-15 07:18:44.361: 42 test start:
2024-11-15 07:19:05.907: 42 avg_reward: 915.75
2024-11-15 07:19:05.907: 42 avg_steps: 1213.25
2024-11-15 07:19:05.907: 42 epsilon: 0.01
2024-11-15 07:19:05.907: 42 q: 2.9463627
2024-11-15 07:27:57.588: 43 test start:
2024-11-15 07:28:21.705: 43 avg_reward: 965.0
2024-11-15 07:28:21.705: 43 avg_steps: 1227.8
2024-11-15 07:28:21.705: 43 epsilon: 0.01
2024-11-15 07:28:21.705: 43 q: 2.9288583
2024-11-15 07:37:18.862: 44 test start:
2024-11-15 07:37:40.565: 44 avg_reward: 912.75
2024-11-15 07:37:40.565: 44 avg_steps: 1154.7
2024-11-15 07:37:40.565: 44 epsilon: 0.01
2024-11-15 07:37:40.565: 44 q: 2.9732494
2024-11-15 07:46:33.507: 45 test start:
2024-11-15 07:46:55.716: 45 avg_reward: 905.5
2024-11-15 07:46:55.716: 45 avg_steps: 1162.95
2024-11-15 07:46:55.716: 45 epsilon: 0.01
2024-11-15 07:46:55.716: 45 q: 3.0165162
2024-11-15 07:55:52.797: 46 test start:
2024-11-15 07:56:12.765: 46 avg_reward: 910.25
2024-11-15 07:56:12.765: 46 avg_steps: 1069.55
2024-11-15 07:56:12.765: 46 epsilon: 0.01
2024-11-15 07:56:12.765: 46 q: 3.0740073
2024-11-15 08:05:06.344: 47 test start:
2024-11-15 08:05:33.221: 47 avg_reward: 1112.25
2024-11-15 08:05:33.221: 47 avg_steps: 1350.5
2024-11-15 08:05:33.221: 47 epsilon: 0.01
2024-11-15 08:05:33.222: 47 q: 3.0840328
2024-11-15 08:14:18.769: 48 test start:
2024-11-15 08:14:42.593: 48 avg_reward: 1095.25
2024-11-15 08:14:42.593: 48 avg_steps: 1276.95
2024-11-15 08:14:42.593: 48 epsilon: 0.01
2024-11-15 08:14:42.593: 48 q: 3.0632942
2024-11-15 08:23:50.644: 49 test start:
2024-11-15 08:24:16.014: 49 avg_reward: 1153.5
2024-11-15 08:24:16.014: 49 avg_steps: 1284.65
2024-11-15 08:24:16.014: 49 epsilon: 0.01
2024-11-15 08:24:16.014: 49 q: 3.0732987
2024-11-15 08:33:10.591: 50 test start:
2024-11-15 08:33:33.710: 50 avg_reward: 1024.0
2024-11-15 08:33:33.710: 50 avg_steps: 1250.3
2024-11-15 08:33:33.710: 50 epsilon: 0.01
2024-11-15 08:33:33.710: 50 q: 3.2246435
2024-11-15 08:42:42.993: 51 test start:
2024-11-15 08:43:14.380: 51 avg_reward: 1336.0
2024-11-15 08:43:14.381: 51 avg_steps: 1582.6
2024-11-15 08:43:14.381: 51 epsilon: 0.01
2024-11-15 08:43:14.381: 51 q: 3.192933
2024-11-15 08:52:02.204: 52 test start:
2024-11-15 08:52:22.183: 52 avg_reward: 833.0
2024-11-15 08:52:22.183: 52 avg_steps: 1091.95
2024-11-15 08:52:22.183: 52 epsilon: 0.01
2024-11-15 08:52:22.183: 52 q: 3.3028219
2024-11-15 09:01:36.085: 53 test start:
2024-11-15 09:02:00.177: 53 avg_reward: 1066.25
2024-11-15 09:02:00.177: 53 avg_steps: 1218.05
2024-11-15 09:02:00.177: 53 epsilon: 0.01
2024-11-15 09:02:00.177: 53 q: 3.3623729
2024-11-15 09:10:47.140: 54 test start:
2024-11-15 09:11:04.182: 54 avg_reward: 779.5
2024-11-15 09:11:04.182: 54 avg_steps: 933.1
2024-11-15 09:11:04.183: 54 epsilon: 0.01
2024-11-15 09:11:04.183: 54 q: 3.422536
2024-11-15 09:20:19.128: 55 test start:
2024-11-15 09:20:44.400: 55 avg_reward: 1184.5
2024-11-15 09:20:44.400: 55 avg_steps: 1332.65
2024-11-15 09:20:44.400: 55 epsilon: 0.01
2024-11-15 09:20:44.400: 55 q: 3.463418
2024-11-15 09:29:31.180: 56 test start:
2024-11-15 09:29:58.420: 56 avg_reward: 1310.5
2024-11-15 09:29:58.420: 56 avg_steps: 1449.2
2024-11-15 09:29:58.420: 56 epsilon: 0.01
2024-11-15 09:29:58.420: 56 q: 3.528686
2024-11-15 09:39:11.436: 57 test start:
2024-11-15 09:39:41.818: 57 avg_reward: 1467.75
2024-11-15 09:39:41.818: 57 avg_steps: 1622.4
2024-11-15 09:39:41.818: 57 epsilon: 0.01
2024-11-15 09:39:41.818: 57 q: 3.5713568
2024-11-15 09:48:32.247: 58 test start:
2024-11-15 09:48:55.964: 58 avg_reward: 940.25
2024-11-15 09:48:55.965: 58 avg_steps: 1250.8
2024-11-15 09:48:55.965: 58 epsilon: 0.01
2024-11-15 09:48:55.965: 58 q: 3.6337168
2024-11-15 09:58:06.028: 59 test start:
2024-11-15 09:58:27.008: 59 avg_reward: 946.0
2024-11-15 09:58:27.008: 59 avg_steps: 1121.95
2024-11-15 09:58:27.008: 59 epsilon: 0.01
2024-11-15 09:58:27.008: 59 q: 3.6017416
2024-11-15 10:07:12.074: 60 test start:
2024-11-15 10:07:34.818: 60 avg_reward: 1085.0
2024-11-15 10:07:34.818: 60 avg_steps: 1197.05
2024-11-15 10:07:34.819: 60 epsilon: 0.01
2024-11-15 10:07:34.819: 60 q: 3.645236
2024-11-15 10:16:44.371: 61 test start:
2024-11-15 10:17:09.774: 61 avg_reward: 1199.0
2024-11-15 10:17:09.774: 61 avg_steps: 1372.45
2024-11-15 10:17:09.774: 61 epsilon: 0.01
2024-11-15 10:17:09.775: 61 q: 3.68318
2024-11-15 10:25:56.548: 62 test start:
2024-11-15 10:26:17.741: 62 avg_reward: 939.25
2024-11-15 10:26:17.741: 62 avg_steps: 1119.0
2024-11-15 10:26:17.741: 62 epsilon: 0.01
2024-11-15 10:26:17.741: 62 q: 3.75441
2024-11-15 10:35:32.073: 63 test start:
2024-11-15 10:35:58.273: 63 avg_reward: 1295.5
2024-11-15 10:35:58.273: 63 avg_steps: 1452.25
2024-11-15 10:35:58.273: 63 epsilon: 0.01
2024-11-15 10:35:58.273: 63 q: 3.7786338
2024-11-15 10:44:47.076: 64 test start:
2024-11-15 10:45:12.536: 64 avg_reward: 1254.25
2024-11-15 10:45:12.537: 64 avg_steps: 1355.2
2024-11-15 10:45:12.537: 64 epsilon: 0.01
2024-11-15 10:45:12.537: 64 q: 3.8073022
2024-11-15 10:54:25.180: 65 test start:
2024-11-15 10:54:49.481: 65 avg_reward: 1273.5
2024-11-15 10:54:49.481: 65 avg_steps: 1298.9
2024-11-15 10:54:49.481: 65 epsilon: 0.01
2024-11-15 10:54:49.481: 65 q: 3.9353967
2024-11-15 11:03:36.824: 66 test start:
2024-11-15 11:04:07.691: 66 avg_reward: 1492.0
2024-11-15 11:04:07.691: 66 avg_steps: 1611.15
2024-11-15 11:04:07.691: 66 epsilon: 0.01
2024-11-15 11:04:07.691: 66 q: 3.9879436
2024-11-15 11:13:19.239: 67 test start:
2024-11-15 11:13:46.543: 67 avg_reward: 1417.0
2024-11-15 11:13:46.543: 67 avg_steps: 1446.85
2024-11-15 11:13:46.543: 67 epsilon: 0.01
2024-11-15 11:13:46.544: 67 q: 4.027869
2024-11-15 11:22:31.934: 68 test start:
2024-11-15 11:22:53.709: 68 avg_reward: 1120.5
2024-11-15 11:22:53.709: 68 avg_steps: 1127.85
2024-11-15 11:22:53.709: 68 epsilon: 0.01
2024-11-15 11:22:53.709: 68 q: 4.0988994
2024-11-15 11:32:05.012: 69 test start:
2024-11-15 11:32:25.084: 69 avg_reward: 957.0
2024-11-15 11:32:25.085: 69 avg_steps: 1072.8
2024-11-15 11:32:25.085: 69 epsilon: 0.01
2024-11-15 11:32:25.085: 69 q: 4.103491
2024-11-15 11:41:12.765: 70 test start:
2024-11-15 11:41:40.480: 70 avg_reward: 1348.5
2024-11-15 11:41:40.480: 70 avg_steps: 1455.35
2024-11-15 11:41:40.480: 70 epsilon: 0.01
2024-11-15 11:41:40.480: 70 q: 4.1877403
2024-11-15 11:50:45.460: 71 test start:
2024-11-15 11:51:14.824: 71 avg_reward: 1540.5
2024-11-15 11:51:14.824: 71 avg_steps: 1568.65
2024-11-15 11:51:14.824: 71 epsilon: 0.01
2024-11-15 11:51:14.824: 71 q: 4.220915
2024-11-15 12:00:06.163: 72 test start:
2024-11-15 12:00:36.700: 72 avg_reward: 1525.0
2024-11-15 12:00:36.700: 72 avg_steps: 1601.3
2024-11-15 12:00:36.700: 72 epsilon: 0.01
2024-11-15 12:00:36.700: 72 q: 4.2470613
2024-11-15 12:09:47.041: 73 test start:
2024-11-15 12:10:21.425: 73 avg_reward: 1861.0
2024-11-15 12:10:21.425: 73 avg_steps: 1839.0
2024-11-15 12:10:21.425: 73 epsilon: 0.01
2024-11-15 12:10:21.425: 73 q: 4.329015
2024-11-15 12:19:12.383: 74 test start:
2024-11-15 12:19:39.322: 74 avg_reward: 1432.5
2024-11-15 12:19:39.322: 74 avg_steps: 1422.0
2024-11-15 12:19:39.322: 74 epsilon: 0.01
2024-11-15 12:19:39.322: 74 q: 4.337516
2024-11-15 12:28:48.512: 75 test start:
2024-11-15 12:29:15.384: 75 avg_reward: 1328.5
2024-11-15 12:29:15.385: 75 avg_steps: 1418.7
2024-11-15 12:29:15.385: 75 epsilon: 0.01
2024-11-15 12:29:15.385: 75 q: 4.339622
2024-11-15 12:38:02.064: 76 test start:
2024-11-15 12:38:32.377: 76 avg_reward: 1584.0
2024-11-15 12:38:32.377: 76 avg_steps: 1602.25
2024-11-15 12:38:32.377: 76 epsilon: 0.01
2024-11-15 12:38:32.377: 76 q: 4.295713
2024-11-15 12:47:40.538: 77 test start:
2024-11-15 12:48:12.123: 77 avg_reward: 1652.5
2024-11-15 12:48:12.123: 77 avg_steps: 1692.75
2024-11-15 12:48:12.123: 77 epsilon: 0.01
2024-11-15 12:48:12.123: 77 q: 4.3508267
2024-11-15 12:57:00.248: 78 test start:
2024-11-15 12:57:28.164: 78 avg_reward: 1437.25
2024-11-15 12:57:28.164: 78 avg_steps: 1416.7
2024-11-15 12:57:28.164: 78 epsilon: 0.01
2024-11-15 12:57:28.164: 78 q: 4.3728743
2024-11-15 13:06:34.545: 79 test start:
2024-11-15 13:06:57.119: 79 avg_reward: 1144.25
2024-11-15 13:06:57.120: 79 avg_steps: 1246.65
2024-11-15 13:06:57.120: 79 epsilon: 0.01
2024-11-15 13:06:57.120: 79 q: 4.439238
2024-11-15 13:15:52.024: 80 test start:
2024-11-15 13:16:21.311: 80 avg_reward: 1353.75
2024-11-15 13:16:21.311: 80 avg_steps: 1482.0
2024-11-15 13:16:21.311: 80 epsilon: 0.01
2024-11-15 13:16:21.311: 80 q: 4.405306
2024-11-15 13:25:22.453: 81 test start:
2024-11-15 13:25:47.694: 81 avg_reward: 1285.25
2024-11-15 13:25:47.694: 81 avg_steps: 1388.15
2024-11-15 13:25:47.694: 81 epsilon: 0.01
2024-11-15 13:25:47.694: 81 q: 4.458875
2024-11-15 13:34:47.404: 82 test start:
2024-11-15 13:35:14.063: 82 avg_reward: 1286.25
2024-11-15 13:35:14.064: 82 avg_steps: 1362.35
2024-11-15 13:35:14.064: 82 epsilon: 0.01
2024-11-15 13:35:14.064: 82 q: 4.4557095
2024-11-15 13:44:14.727: 83 test start:
2024-11-15 13:44:42.008: 83 avg_reward: 1487.25
2024-11-15 13:44:42.009: 83 avg_steps: 1492.8
2024-11-15 13:44:42.009: 83 epsilon: 0.01
2024-11-15 13:44:42.009: 83 q: 4.5144687
2024-11-15 13:53:45.311: 84 test start:
2024-11-15 13:54:11.171: 84 avg_reward: 1185.25
2024-11-15 13:54:11.171: 84 avg_steps: 1312.0
2024-11-15 13:54:11.171: 84 epsilon: 0.01
2024-11-15 13:54:11.171: 84 q: 4.5124416
2024-11-15 14:03:06.511: 85 test start:
2024-11-15 14:03:24.976: 85 avg_reward: 902.0
2024-11-15 14:03:24.977: 85 avg_steps: 1016.85
2024-11-15 14:03:24.977: 85 epsilon: 0.01
2024-11-15 14:03:24.977: 85 q: 4.5527864
2024-11-15 14:12:30.475: 86 test start:
2024-11-15 14:13:00.811: 86 avg_reward: 1543.5
2024-11-15 14:13:00.811: 86 avg_steps: 1555.1
2024-11-15 14:13:00.811: 86 epsilon: 0.01
2024-11-15 14:13:00.811: 86 q: 4.6676006
2024-11-15 14:21:52.661: 87 test start:
2024-11-15 14:22:14.702: 87 avg_reward: 1155.5
2024-11-15 14:22:14.702: 87 avg_steps: 1260.45
2024-11-15 14:22:14.702: 87 epsilon: 0.01
2024-11-15 14:22:14.702: 87 q: 4.6535
2024-11-15 14:31:25.823: 88 test start:
2024-11-15 14:31:48.304: 88 avg_reward: 1104.25
2024-11-15 14:31:48.304: 88 avg_steps: 1145.45
2024-11-15 14:31:48.304: 88 epsilon: 0.01
2024-11-15 14:31:48.304: 88 q: 4.6656036
2024-11-15 14:40:37.498: 89 test start:
2024-11-15 14:41:06.771: 89 avg_reward: 1525.75
2024-11-15 14:41:06.771: 89 avg_steps: 1544.5
2024-11-15 14:41:06.771: 89 epsilon: 0.01
2024-11-15 14:41:06.771: 89 q: 4.7187643
2024-11-15 14:50:36.190: 90 test start:
2024-11-15 14:51:03.387: 90 avg_reward: 1347.25
2024-11-15 14:51:03.387: 90 avg_steps: 1440.85
2024-11-15 14:51:03.387: 90 epsilon: 0.01
2024-11-15 14:51:03.387: 90 q: 4.831192
2024-11-15 14:59:43.874: 91 test start:
2024-11-15 15:00:20.949: 91 avg_reward: 1962.0
2024-11-15 15:00:20.950: 91 avg_steps: 1891.7
2024-11-15 15:00:20.950: 91 epsilon: 0.01
2024-11-15 15:00:20.950: 91 q: 4.848346
2024-11-15 15:09:42.413: 92 test start:
2024-11-15 15:10:07.526: 92 avg_reward: 1222.5
2024-11-15 15:10:07.526: 92 avg_steps: 1372.8
2024-11-15 15:10:07.526: 92 epsilon: 0.01
2024-11-15 15:10:07.526: 92 q: 4.869335
2024-11-15 15:18:50.712: 93 test start:
2024-11-15 15:19:17.291: 93 avg_reward: 1267.75
2024-11-15 15:19:17.291: 93 avg_steps: 1355.95
2024-11-15 15:19:17.291: 93 epsilon: 0.01
2024-11-15 15:19:17.291: 93 q: 4.8846226
2024-11-15 15:28:35.203: 94 test start:
2024-11-15 15:28:54.137: 94 avg_reward: 981.0
2024-11-15 15:28:54.137: 94 avg_steps: 1031.1
2024-11-15 15:28:54.137: 94 epsilon: 0.01
2024-11-15 15:28:54.137: 94 q: 4.9128437
2024-11-15 15:37:40.389: 95 test start:
2024-11-15 15:38:02.814: 95 avg_reward: 1125.5
2024-11-15 15:38:02.814: 95 avg_steps: 1139.95
2024-11-15 15:38:02.814: 95 epsilon: 0.01
2024-11-15 15:38:02.814: 95 q: 4.908192
2024-11-15 15:47:14.888: 96 test start:
2024-11-15 15:47:43.656: 96 avg_reward: 1528.25
2024-11-15 15:47:43.656: 96 avg_steps: 1591.35
2024-11-15 15:47:43.656: 96 epsilon: 0.01
2024-11-15 15:47:43.656: 96 q: 4.9031672
2024-11-15 15:56:42.220: 97 test start:
2024-11-15 15:57:15.068: 97 avg_reward: 1699.5
2024-11-15 15:57:15.068: 97 avg_steps: 1669.25
2024-11-15 15:57:15.068: 97 epsilon: 0.01
2024-11-15 15:57:15.068: 97 q: 4.902225
2024-11-15 16:06:15.729: 98 test start:
2024-11-15 16:06:34.776: 98 avg_reward: 908.5
2024-11-15 16:06:34.777: 98 avg_steps: 1048.45
2024-11-15 16:06:34.777: 98 epsilon: 0.01
2024-11-15 16:06:34.777: 98 q: 4.94338
2024-11-15 16:15:39.342: 99 test start:
2024-11-15 16:16:17.048: 99 avg_reward: 1910.75
2024-11-15 16:16:17.048: 99 avg_steps: 1922.05
2024-11-15 16:16:17.048: 99 epsilon: 0.01
2024-11-15 16:16:17.048: 99 q: 4.9551983
2024-11-15 16:25:12.362: 100 test start:
2024-11-15 16:25:40.369: 100 avg_reward: 1693.0
2024-11-15 16:25:40.369: 100 avg_steps: 1540.0
2024-11-15 16:25:40.369: 100 epsilon: 0.01
2024-11-15 16:25:40.369: 100 q: 4.976163
2024-11-15 16:34:39.589: 101 test start:
2024-11-15 16:34:58.025: 101 avg_reward: 954.25
2024-11-15 16:34:58.025: 101 avg_steps: 933.45
2024-11-15 16:34:58.025: 101 epsilon: 0.01
2024-11-15 16:34:58.025: 101 q: 5.0185533
2024-11-15 16:43:55.219: 102 test start:
2024-11-15 16:44:24.151: 102 avg_reward: 1618.5
2024-11-15 16:44:24.151: 102 avg_steps: 1608.55
2024-11-15 16:44:24.151: 102 epsilon: 0.01
2024-11-15 16:44:24.151: 102 q: 5.016636
2024-11-15 16:53:33.776: 103 test start:
2024-11-15 16:54:07.279: 103 avg_reward: 1870.5
2024-11-15 16:54:07.279: 103 avg_steps: 1706.0
2024-11-15 16:54:07.279: 103 epsilon: 0.01
2024-11-15 16:54:07.279: 103 q: 5.0502844
2024-11-15 17:02:55.351: 104 test start:
2024-11-15 17:03:18.369: 104 avg_reward: 1326.5
2024-11-15 17:03:18.369: 104 avg_steps: 1309.25
2024-11-15 17:03:18.369: 104 epsilon: 0.01
2024-11-15 17:03:18.369: 104 q: 5.0795183
2024-11-15 17:12:40.930: 105 test start:
2024-11-15 17:13:12.546: 105 avg_reward: 1704.25
2024-11-15 17:13:12.547: 105 avg_steps: 1623.7
2024-11-15 17:13:12.547: 105 epsilon: 0.01
2024-11-15 17:13:12.547: 105 q: 5.1154513
2024-11-15 17:21:53.623: 106 test start:
2024-11-15 17:22:13.420: 106 avg_reward: 1040.25
2024-11-15 17:22:13.420: 106 avg_steps: 1053.1
2024-11-15 17:22:13.420: 106 epsilon: 0.01
2024-11-15 17:22:13.420: 106 q: 5.1766453
2024-11-15 17:31:40.746: 107 test start:
2024-11-15 17:32:05.832: 107 avg_reward: 1226.0
2024-11-15 17:32:05.832: 107 avg_steps: 1304.3
2024-11-15 17:32:05.832: 107 epsilon: 0.01
2024-11-15 17:32:05.832: 107 q: 5.2144594
2024-11-15 17:40:51.542: 108 test start:
2024-11-15 17:41:25.188: 108 avg_reward: 1833.75
2024-11-15 17:41:25.189: 108 avg_steps: 1784.65
2024-11-15 17:41:25.189: 108 epsilon: 0.01
2024-11-15 17:41:25.189: 108 q: 5.252129
2024-11-15 17:50:46.164: 109 test start:
2024-11-15 17:51:13.709: 109 avg_reward: 1497.75
2024-11-15 17:51:13.710: 109 avg_steps: 1469.35
2024-11-15 17:51:13.710: 109 epsilon: 0.01
2024-11-15 17:51:13.710: 109 q: 5.253909
2024-11-15 18:00:10.171: 110 test start:
2024-11-15 18:00:27.784: 110 avg_reward: 911.0
2024-11-15 18:00:27.785: 110 avg_steps: 943.35
2024-11-15 18:00:27.785: 110 epsilon: 0.01
2024-11-15 18:00:27.785: 110 q: 5.235219
2024-11-15 18:09:37.921: 111 test start:
2024-11-15 18:10:01.524: 111 avg_reward: 1318.5
2024-11-15 18:10:01.524: 111 avg_steps: 1292.5
2024-11-15 18:10:01.524: 111 epsilon: 0.01
2024-11-15 18:10:01.524: 111 q: 5.2901254
2024-11-15 18:19:07.835: 112 test start:
2024-11-15 18:19:33.618: 112 avg_reward: 1468.25
2024-11-15 18:19:33.624: 112 avg_steps: 1381.95
2024-11-15 18:19:33.624: 112 epsilon: 0.01
2024-11-15 18:19:33.624: 112 q: 5.3035197
2024-11-15 18:28:30.716: 113 test start:
2024-11-15 18:28:51.329: 113 avg_reward: 1083.25
2024-11-15 18:28:51.329: 113 avg_steps: 1074.85
2024-11-15 18:28:51.329: 113 epsilon: 0.01
2024-11-15 18:28:51.329: 113 q: 5.3266892
2024-11-15 18:37:54.571: 114 test start:
2024-11-15 18:38:17.940: 114 avg_reward: 1157.25
2024-11-15 18:38:17.940: 114 avg_steps: 1244.1
2024-11-15 18:38:17.940: 114 epsilon: 0.01
2024-11-15 18:38:17.940: 114 q: 5.3051033
2024-11-15 18:47:16.240: 115 test start:
2024-11-15 18:47:55.824: 115 avg_reward: 2200.5
2024-11-15 18:47:55.824: 115 avg_steps: 2041.8
2024-11-15 18:47:55.824: 115 epsilon: 0.01
2024-11-15 18:47:55.824: 115 q: 5.342531
2024-11-15 18:56:59.338: 116 test start:
2024-11-15 18:57:25.664: 116 avg_reward: 1464.0
2024-11-15 18:57:25.664: 116 avg_steps: 1478.2
2024-11-15 18:57:25.670: 116 epsilon: 0.01
2024-11-15 18:57:25.670: 116 q: 5.3781104
2024-11-15 19:06:38.449: 117 test start:
2024-11-15 19:06:59.892: 117 avg_reward: 1067.75
2024-11-15 19:06:59.892: 117 avg_steps: 1109.55
2024-11-15 19:06:59.892: 117 epsilon: 0.01
2024-11-15 19:06:59.892: 117 q: 5.346536
2024-11-15 19:16:02.267: 118 test start:
2024-11-15 19:16:25.818: 118 avg_reward: 1251.0
2024-11-15 19:16:25.818: 118 avg_steps: 1251.55
2024-11-15 19:16:25.818: 118 epsilon: 0.01
2024-11-15 19:16:25.818: 118 q: 5.378211
2024-11-15 19:25:25.108: 119 test start:
2024-11-15 19:25:51.105: 119 avg_reward: 1318.75
2024-11-15 19:25:51.105: 119 avg_steps: 1361.05
2024-11-15 19:25:51.105: 119 epsilon: 0.01
2024-11-15 19:25:51.105: 119 q: 5.4289384
2024-11-15 19:35:00.603: 120 test start:
2024-11-15 19:35:41.964: 120 avg_reward: 2443.25
2024-11-15 19:35:41.964: 120 avg_steps: 2229.4
2024-11-15 19:35:41.964: 120 epsilon: 0.01
2024-11-15 19:35:41.964: 120 q: 5.3933644
2024-11-15 19:44:34.876: 121 test start:
2024-11-15 19:45:01.429: 121 avg_reward: 1366.0
2024-11-15 19:45:01.429: 121 avg_steps: 1404.15
2024-11-15 19:45:01.429: 121 epsilon: 0.01
2024-11-15 19:45:01.429: 121 q: 5.396092
2024-11-15 19:54:07.115: 122 test start:
2024-11-15 19:54:32.428: 122 avg_reward: 1322.5
2024-11-15 19:54:32.428: 122 avg_steps: 1345.4
2024-11-15 19:54:32.428: 122 epsilon: 0.01
2024-11-15 19:54:32.428: 122 q: 5.4415703
2024-11-15 20:03:26.734: 123 test start:
2024-11-15 20:03:49.123: 123 avg_reward: 1107.25
2024-11-15 20:03:49.124: 123 avg_steps: 1168.0
2024-11-15 20:03:49.124: 123 epsilon: 0.01
2024-11-15 20:03:49.124: 123 q: 5.450788
2024-11-15 20:12:58.632: 124 test start:
2024-11-15 20:13:16.873: 124 avg_reward: 876.5
2024-11-15 20:13:16.873: 124 avg_steps: 965.95
2024-11-15 20:13:16.873: 124 epsilon: 0.01
2024-11-15 20:13:16.873: 124 q: 5.440375
2024-11-15 20:22:13.320: 125 test start:
2024-11-15 20:22:41.506: 125 avg_reward: 1513.5
2024-11-15 20:22:41.506: 125 avg_steps: 1483.65
2024-11-15 20:22:41.506: 125 epsilon: 0.01
2024-11-15 20:22:41.506: 125 q: 5.49
2024-11-15 20:31:43.999: 126 test start:
2024-11-15 20:32:07.530: 126 avg_reward: 1308.75
2024-11-15 20:32:07.530: 126 avg_steps: 1245.45
2024-11-15 20:32:07.531: 126 epsilon: 0.01
2024-11-15 20:32:07.531: 126 q: 5.470391
2024-11-15 20:41:03.834: 127 test start:
2024-11-15 20:41:38.179: 127 avg_reward: 2103.0
2024-11-15 20:41:38.179: 127 avg_steps: 1816.65
2024-11-15 20:41:38.179: 127 epsilon: 0.01
2024-11-15 20:41:38.179: 127 q: 5.5039415
2024-11-15 20:50:45.612: 128 test start:
2024-11-15 20:50:57.354: 128 avg_reward: 464.25
2024-11-15 20:50:57.354: 128 avg_steps: 616.7
2024-11-15 20:50:57.354: 128 epsilon: 0.01
2024-11-15 20:50:57.354: 128 q: 5.497165
2024-11-15 20:59:59.728: 129 test start:
2024-11-15 21:00:31.315: 129 avg_reward: 1705.5
2024-11-15 21:00:31.315: 129 avg_steps: 1643.4
2024-11-15 21:00:31.315: 129 epsilon: 0.01
2024-11-15 21:00:31.315: 129 q: 5.42307
2024-11-15 21:10:01.112: 130 test start:
2024-11-15 21:10:32.293: 130 avg_reward: 1800.0
2024-11-15 21:10:32.294: 130 avg_steps: 1715.0
2024-11-15 21:10:32.294: 130 epsilon: 0.01
2024-11-15 21:10:32.294: 130 q: 5.452006
2024-11-15 21:19:45.095: 131 test start:
2024-11-15 21:20:20.606: 131 avg_reward: 1925.25
2024-11-15 21:20:20.606: 131 avg_steps: 1824.7
2024-11-15 21:20:20.606: 131 epsilon: 0.01
2024-11-15 21:20:20.606: 131 q: 5.4563103
2024-11-15 21:29:22.915: 132 test start:
2024-11-15 21:29:46.411: 132 avg_reward: 1338.5
2024-11-15 21:29:46.411: 132 avg_steps: 1299.55
2024-11-15 21:29:46.411: 132 epsilon: 0.01
2024-11-15 21:29:46.411: 132 q: 5.4520683
2024-11-15 21:38:51.986: 133 test start:
2024-11-15 21:39:23.864: 133 avg_reward: 1634.25
2024-11-15 21:39:23.865: 133 avg_steps: 1656.6
2024-11-15 21:39:23.865: 133 epsilon: 0.01
2024-11-15 21:39:23.865: 133 q: 5.496362
2024-11-15 21:48:23.173: 134 test start:
2024-11-15 21:48:45.279: 134 avg_reward: 1113.75
2024-11-15 21:48:45.279: 134 avg_steps: 1178.1
2024-11-15 21:48:45.279: 134 epsilon: 0.01
2024-11-15 21:48:45.279: 134 q: 5.536717
2024-11-15 21:58:01.782: 135 test start:
2024-11-15 21:58:28.501: 135 avg_reward: 1470.75
2024-11-15 21:58:28.501: 135 avg_steps: 1416.05
2024-11-15 21:58:28.501: 135 epsilon: 0.01
2024-11-15 21:58:28.501: 135 q: 5.557082
2024-11-15 22:07:35.161: 136 test start:
2024-11-15 22:07:56.988: 136 avg_reward: 1063.75
2024-11-15 22:07:56.988: 136 avg_steps: 1146.1
2024-11-15 22:07:56.988: 136 epsilon: 0.01
2024-11-15 22:07:56.988: 136 q: 5.5755086
2024-11-15 22:17:15.103: 137 test start:
2024-11-15 22:17:38.810: 137 avg_reward: 1330.0
2024-11-15 22:17:38.810: 137 avg_steps: 1253.4
2024-11-15 22:17:38.810: 137 epsilon: 0.01
2024-11-15 22:17:38.810: 137 q: 5.537425
2024-11-15 22:26:54.704: 138 test start:
2024-11-15 22:27:24.731: 138 avg_reward: 1710.0
2024-11-15 22:27:24.732: 138 avg_steps: 1589.4
2024-11-15 22:27:24.732: 138 epsilon: 0.01
2024-11-15 22:27:24.732: 138 q: 5.5372057
2024-11-15 22:36:55.923: 139 test start:
2024-11-15 22:37:14.238: 139 avg_reward: 979.25
2024-11-15 22:37:14.239: 139 avg_steps: 979.2
2024-11-15 22:37:14.239: 139 epsilon: 0.01
2024-11-15 22:37:14.239: 139 q: 5.5332403
2024-11-15 22:46:20.568: 140 test start:
2024-11-15 22:46:42.967: 140 avg_reward: 1122.5
2024-11-15 22:46:42.967: 140 avg_steps: 1192.8
2024-11-15 22:46:42.967: 140 epsilon: 0.01
2024-11-15 22:46:42.967: 140 q: 5.5085077
2024-11-15 22:56:05.159: 141 test start:
2024-11-15 22:56:35.229: 141 avg_reward: 1697.75
2024-11-15 22:56:35.229: 141 avg_steps: 1636.75
2024-11-15 22:56:35.229: 141 epsilon: 0.01
2024-11-15 22:56:35.229: 141 q: 5.537202
2024-11-15 23:05:34.656: 142 test start:
2024-11-15 23:06:04.952: 142 avg_reward: 1687.75
2024-11-15 23:06:04.952: 142 avg_steps: 1595.25
2024-11-15 23:06:04.952: 142 epsilon: 0.01
2024-11-15 23:06:04.952: 142 q: 5.5351973
2024-11-15 23:15:12.331: 143 test start:
2024-11-15 23:15:40.620: 143 avg_reward: 1528.0
2024-11-15 23:15:40.620: 143 avg_steps: 1490.3
2024-11-15 23:15:40.620: 143 epsilon: 0.01
2024-11-15 23:15:40.620: 143 q: 5.6237755
2024-11-15 23:24:35.905: 144 test start:
2024-11-15 23:25:00.060: 144 avg_reward: 1177.5
2024-11-15 23:25:00.060: 144 avg_steps: 1269.8
2024-11-15 23:25:00.060: 144 epsilon: 0.01
2024-11-15 23:25:00.060: 144 q: 5.5371614
2024-11-15 23:34:09.016: 145 test start:
2024-11-15 23:34:41.519: 145 avg_reward: 1761.5
2024-11-15 23:34:41.519: 145 avg_steps: 1738.15
2024-11-15 23:34:41.519: 145 epsilon: 0.01
2024-11-15 23:34:41.519: 145 q: 5.546742
2024-11-15 23:43:36.406: 146 test start:
2024-11-15 23:44:04.364: 146 avg_reward: 1551.25
2024-11-15 23:44:04.364: 146 avg_steps: 1480.2
2024-11-15 23:44:04.364: 146 epsilon: 0.01
2024-11-15 23:44:04.364: 146 q: 5.527717
2024-11-15 23:53:12.618: 147 test start:
2024-11-15 23:53:40.689: 147 avg_reward: 1618.5
2024-11-15 23:53:40.689: 147 avg_steps: 1498.15
2024-11-15 23:53:40.689: 147 epsilon: 0.01
2024-11-15 23:53:40.689: 147 q: 5.5314455
2024-11-16 00:02:30.692: 148 test start:
2024-11-16 00:03:01.136: 148 avg_reward: 1752.5
2024-11-16 00:03:01.136: 148 avg_steps: 1579.6
2024-11-16 00:03:01.136: 148 epsilon: 0.01
2024-11-16 00:03:01.136: 148 q: 5.535162
2024-11-16 00:12:13.160: 149 test start:
2024-11-16 00:12:48.021: 149 avg_reward: 2006.5
2024-11-16 00:12:48.021: 149 avg_steps: 1854.45
2024-11-16 00:12:48.021: 149 epsilon: 0.01
2024-11-16 00:12:48.021: 149 q: 5.563823
2024-11-16 00:21:56.148: 150 test start:
2024-11-16 00:22:24.528: 150 avg_reward: 1538.0
2024-11-16 00:22:24.528: 150 avg_steps: 1483.35
2024-11-16 00:22:24.528: 150 epsilon: 0.01
2024-11-16 00:22:24.528: 150 q: 5.5569863
2024-11-16 00:31:54.883: 151 test start:
2024-11-16 00:32:18.477: 151 avg_reward: 1222.0
2024-11-16 00:32:18.477: 151 avg_steps: 1251.35
2024-11-16 00:32:18.477: 151 epsilon: 0.01
2024-11-16 00:32:18.477: 151 q: 5.6313896
2024-11-16 00:41:21.679: 152 test start:
2024-11-16 00:41:49.363: 152 avg_reward: 1522.5
2024-11-16 00:41:49.363: 152 avg_steps: 1417.9
2024-11-16 00:41:49.368: 152 epsilon: 0.01
2024-11-16 00:41:49.369: 152 q: 5.6406827
2024-11-16 00:51:10.634: 153 test start:
2024-11-16 00:51:34.878: 153 avg_reward: 1394.0
2024-11-16 00:51:34.878: 153 avg_steps: 1320.95
2024-11-16 00:51:34.879: 153 epsilon: 0.01
2024-11-16 00:51:34.879: 153 q: 5.647924
2024-11-16 01:00:40.384: 154 test start:
2024-11-16 01:01:02.739: 154 avg_reward: 1058.75
2024-11-16 01:01:02.739: 154 avg_steps: 1130.15
2024-11-16 01:01:02.745: 154 epsilon: 0.01
2024-11-16 01:01:02.745: 154 q: 5.629144
2024-11-16 01:10:07.968: 155 test start:
2024-11-16 01:10:35.145: 155 avg_reward: 1531.5
2024-11-16 01:10:35.145: 155 avg_steps: 1484.0
2024-11-16 01:10:35.145: 155 epsilon: 0.01
2024-11-16 01:10:35.145: 155 q: 5.6551924
2024-11-16 01:19:50.445: 156 test start:
2024-11-16 01:20:11.721: 156 avg_reward: 1000.5
2024-11-16 01:20:11.721: 156 avg_steps: 1084.85
2024-11-16 01:20:11.721: 156 epsilon: 0.01
2024-11-16 01:20:11.721: 156 q: 5.633875
2024-11-16 01:29:21.726: 157 test start:
2024-11-16 01:29:45.716: 157 avg_reward: 1479.0
2024-11-16 01:29:45.716: 157 avg_steps: 1375.85
2024-11-16 01:29:45.716: 157 epsilon: 0.01
2024-11-16 01:29:45.716: 157 q: 5.707898
2024-11-16 01:39:08.256: 158 test start:
2024-11-16 01:39:39.112: 158 avg_reward: 1628.0
2024-11-16 01:39:39.112: 158 avg_steps: 1571.15
2024-11-16 01:39:39.112: 158 epsilon: 0.01
2024-11-16 01:39:39.112: 158 q: 5.7448153
2024-11-16 01:48:30.762: 159 test start:
2024-11-16 01:48:56.559: 159 avg_reward: 1474.25
2024-11-16 01:48:56.559: 159 avg_steps: 1416.3
2024-11-16 01:48:56.559: 159 epsilon: 0.01
2024-11-16 01:48:56.559: 159 q: 5.772718
2024-11-16 01:58:29.680: 160 test start:
2024-11-16 01:59:00.720: 160 avg_reward: 1713.5
2024-11-16 01:59:00.720: 160 avg_steps: 1550.9
2024-11-16 01:59:00.720: 160 epsilon: 0.01
2024-11-16 01:59:00.720: 160 q: 5.721362
2024-11-16 02:07:56.522: 161 test start:
2024-11-16 02:08:19.121: 161 avg_reward: 1177.75
2024-11-16 02:08:19.121: 161 avg_steps: 1215.9
2024-11-16 02:08:19.121: 161 epsilon: 0.01
2024-11-16 02:08:19.121: 161 q: 5.737814
2024-11-16 02:18:01.413: 162 test start:
2024-11-16 02:18:24.889: 162 avg_reward: 1204.5
2024-11-16 02:18:24.889: 162 avg_steps: 1181.05
2024-11-16 02:18:24.890: 162 epsilon: 0.01
2024-11-16 02:18:24.890: 162 q: 5.7061343
2024-11-16 02:27:09.959: 163 test start:
2024-11-16 02:27:27.826: 163 avg_reward: 919.25
2024-11-16 02:27:27.826: 163 avg_steps: 971.7
2024-11-16 02:27:27.827: 163 epsilon: 0.01
2024-11-16 02:27:27.827: 163 q: 5.743529
2024-11-16 02:37:12.589: 164 test start:
2024-11-16 02:37:38.028: 164 avg_reward: 1290.25
2024-11-16 02:37:38.028: 164 avg_steps: 1336.85
2024-11-16 02:37:38.028: 164 epsilon: 0.01
2024-11-16 02:37:38.028: 164 q: 5.8223677
2024-11-16 02:46:19.973: 165 test start:
2024-11-16 02:46:41.065: 165 avg_reward: 1059.0
2024-11-16 02:46:41.065: 165 avg_steps: 1059.75
2024-11-16 02:46:41.065: 165 epsilon: 0.01
2024-11-16 02:46:41.065: 165 q: 5.8147597
2024-11-16 02:56:32.990: 166 test start:
2024-11-16 02:56:57.362: 166 avg_reward: 1313.75
2024-11-16 02:56:57.362: 166 avg_steps: 1284.8
2024-11-16 02:56:57.362: 166 epsilon: 0.01
2024-11-16 02:56:57.362: 166 q: 5.812641
2024-11-16 03:05:33.007: 167 test start:
2024-11-16 03:05:57.471: 167 avg_reward: 1295.25
2024-11-16 03:05:57.471: 167 avg_steps: 1272.6
2024-11-16 03:05:57.471: 167 epsilon: 0.01
2024-11-16 03:05:57.471: 167 q: 5.7875166
2024-11-16 03:15:34.955: 168 test start:
2024-11-16 03:15:52.444: 168 avg_reward: 860.0
2024-11-16 03:15:52.444: 168 avg_steps: 939.65
2024-11-16 03:15:52.444: 168 epsilon: 0.01
2024-11-16 03:15:52.445: 168 q: 5.722252
2024-11-16 03:24:38.303: 169 test start:
2024-11-16 03:25:06.655: 169 avg_reward: 1427.5
2024-11-16 03:25:06.655: 169 avg_steps: 1431.4
2024-11-16 03:25:06.655: 169 epsilon: 0.01
2024-11-16 03:25:06.655: 169 q: 5.7011204
2024-11-16 03:34:31.591: 170 test start:
2024-11-16 03:34:49.712: 170 avg_reward: 964.5
2024-11-16 03:34:49.712: 170 avg_steps: 992.0
2024-11-16 03:34:49.712: 170 epsilon: 0.01
2024-11-16 03:34:49.712: 170 q: 5.7116323
2024-11-16 03:43:42.919: 171 test start:
2024-11-16 03:44:07.821: 171 avg_reward: 1309.0
2024-11-16 03:44:07.821: 171 avg_steps: 1256.65
2024-11-16 03:44:07.821: 171 epsilon: 0.01
2024-11-16 03:44:07.821: 171 q: 5.6978817
2024-11-16 03:53:22.685: 172 test start:
2024-11-16 03:53:46.934: 172 avg_reward: 1388.75
2024-11-16 03:53:46.935: 172 avg_steps: 1327.45
2024-11-16 03:53:46.935: 172 epsilon: 0.01
2024-11-16 03:53:46.935: 172 q: 5.662782
2024-11-16 04:02:40.990: 173 test start:
2024-11-16 04:03:08.877: 173 avg_reward: 1461.25
2024-11-16 04:03:08.877: 173 avg_steps: 1416.6
2024-11-16 04:03:08.877: 173 epsilon: 0.01
2024-11-16 04:03:08.877: 173 q: 5.718762
2024-11-16 04:12:21.552: 174 test start:
2024-11-16 04:12:49.258: 174 avg_reward: 1595.5
2024-11-16 04:12:49.258: 174 avg_steps: 1546.0
2024-11-16 04:12:49.258: 174 epsilon: 0.01
2024-11-16 04:12:49.259: 174 q: 5.6869955
2024-11-16 04:21:49.669: 175 test start:
2024-11-16 04:22:21.987: 175 avg_reward: 1901.75
2024-11-16 04:22:21.987: 175 avg_steps: 1722.15
2024-11-16 04:22:21.987: 175 epsilon: 0.01
2024-11-16 04:22:21.987: 175 q: 5.7003584
2024-11-16 04:31:39.206: 176 test start:
2024-11-16 04:32:10.409: 176 avg_reward: 2004.5
2024-11-16 04:32:10.409: 176 avg_steps: 1784.95
2024-11-16 04:32:10.409: 176 epsilon: 0.01
2024-11-16 04:32:10.409: 176 q: 5.6819677
2024-11-16 04:41:36.524: 177 test start:
2024-11-16 04:41:55.572: 177 avg_reward: 962.25
2024-11-16 04:41:55.572: 177 avg_steps: 990.5
2024-11-16 04:41:55.573: 177 epsilon: 0.01
2024-11-16 04:41:55.573: 177 q: 5.7187333
2024-11-16 04:51:28.260: 178 test start:
2024-11-16 04:51:49.975: 178 avg_reward: 1120.0
2024-11-16 04:51:49.976: 178 avg_steps: 1158.1
2024-11-16 04:51:49.976: 178 epsilon: 0.01
2024-11-16 04:51:49.976: 178 q: 5.701644
2024-11-16 05:01:32.259: 179 test start:
2024-11-16 05:01:55.648: 179 avg_reward: 1298.5
2024-11-16 05:01:55.649: 179 avg_steps: 1234.1
2024-11-16 05:01:55.649: 179 epsilon: 0.01
2024-11-16 05:01:55.649: 179 q: 5.74153
2024-11-16 05:11:44.481: 180 test start:
2024-11-16 05:12:00.688: 180 avg_reward: 757.5
2024-11-16 05:12:00.688: 180 avg_steps: 835.55
2024-11-16 05:12:00.688: 180 epsilon: 0.01
2024-11-16 05:12:00.688: 180 q: 5.7291737
2024-11-16 05:21:15.785: 181 test start:
2024-11-16 05:21:47.147: 181 avg_reward: 1718.75
2024-11-16 05:21:47.148: 181 avg_steps: 1568.4
2024-11-16 05:21:47.148: 181 epsilon: 0.01
2024-11-16 05:21:47.148: 181 q: 5.759714
2024-11-16 05:31:32.442: 182 test start:
2024-11-16 05:32:03.845: 182 avg_reward: 1875.75
2024-11-16 05:32:03.845: 182 avg_steps: 1702.55
2024-11-16 05:32:03.845: 182 epsilon: 0.01
2024-11-16 05:32:03.845: 182 q: 5.735838
2024-11-16 05:41:21.065: 183 test start:
2024-11-16 05:41:43.908: 183 avg_reward: 1137.75
2024-11-16 05:41:43.909: 183 avg_steps: 1139.8
2024-11-16 05:41:43.909: 183 epsilon: 0.01
2024-11-16 05:41:43.909: 183 q: 5.768336
2024-11-16 05:51:11.721: 184 test start:
2024-11-16 05:51:31.183: 184 avg_reward: 977.75
2024-11-16 05:51:31.183: 184 avg_steps: 1033.2
2024-11-16 05:51:31.183: 184 epsilon: 0.01
2024-11-16 05:51:31.183: 184 q: 5.742212
2024-11-16 06:01:08.577: 185 test start:
2024-11-16 06:01:31.881: 185 avg_reward: 1191.0
2024-11-16 06:01:31.881: 185 avg_steps: 1177.5
2024-11-16 06:01:31.881: 185 epsilon: 0.01
2024-11-16 06:01:31.881: 185 q: 5.715262
2024-11-16 06:10:41.367: 186 test start:
2024-11-16 06:11:12.979: 186 avg_reward: 1872.0
2024-11-16 06:11:12.979: 186 avg_steps: 1691.1
2024-11-16 06:11:12.979: 186 epsilon: 0.01
2024-11-16 06:11:12.979: 186 q: 5.676194
2024-11-16 06:20:48.272: 187 test start:
2024-11-16 06:21:14.476: 187 avg_reward: 1386.75
2024-11-16 06:21:14.476: 187 avg_steps: 1374.7
2024-11-16 06:21:14.476: 187 epsilon: 0.01
2024-11-16 06:21:14.476: 187 q: 5.6672344
2024-11-16 06:30:20.079: 188 test start:
2024-11-16 06:30:40.720: 188 avg_reward: 1072.0
2024-11-16 06:30:40.720: 188 avg_steps: 1092.85
2024-11-16 06:30:40.720: 188 epsilon: 0.01
2024-11-16 06:30:40.720: 188 q: 5.6385155
2024-11-16 06:40:12.922: 189 test start:
2024-11-16 06:40:45.134: 189 avg_reward: 1818.5
2024-11-16 06:40:45.134: 189 avg_steps: 1633.4
2024-11-16 06:40:45.134: 189 epsilon: 0.01
2024-11-16 06:40:45.134: 189 q: 5.591908
2024-11-16 06:49:51.850: 190 test start:
2024-11-16 06:50:23.400: 190 avg_reward: 1768.25
2024-11-16 06:50:23.400: 190 avg_steps: 1637.6
2024-11-16 06:50:23.400: 190 epsilon: 0.01
2024-11-16 06:50:23.400: 190 q: 5.6207957
2024-11-16 07:00:16.218: 191 test start:
2024-11-16 07:00:40.798: 191 avg_reward: 1204.0
2024-11-16 07:00:40.798: 191 avg_steps: 1214.05
2024-11-16 07:00:40.799: 191 epsilon: 0.01
2024-11-16 07:00:40.799: 191 q: 5.6116796
2024-11-16 07:10:02.037: 192 test start:
2024-11-16 07:10:28.830: 192 avg_reward: 1508.0
2024-11-16 07:10:28.830: 192 avg_steps: 1380.7
2024-11-16 07:10:28.830: 192 epsilon: 0.01
2024-11-16 07:10:28.830: 192 q: 5.6136737
2024-11-16 07:20:28.175: 193 test start:
2024-11-16 07:20:47.040: 193 avg_reward: 915.5
2024-11-16 07:20:47.041: 193 avg_steps: 984.1
2024-11-16 07:20:47.041: 193 epsilon: 0.01
2024-11-16 07:20:47.041: 193 q: 5.637979
2024-11-16 07:30:09.617: 194 test start:
2024-11-16 07:30:38.618: 194 avg_reward: 1540.75
2024-11-16 07:30:38.618: 194 avg_steps: 1473.2
2024-11-16 07:30:38.618: 194 epsilon: 0.01
2024-11-16 07:30:38.618: 194 q: 5.6547475
2024-11-16 07:40:36.109: 195 test start:
2024-11-16 07:41:07.013: 195 avg_reward: 1824.0
2024-11-16 07:41:07.013: 195 avg_steps: 1630.3
2024-11-16 07:41:07.014: 195 epsilon: 0.01
2024-11-16 07:41:07.014: 195 q: 5.6773605
2024-11-16 07:50:28.468: 196 test start:
2024-11-16 07:50:55.983: 196 avg_reward: 1440.0
2024-11-16 07:50:55.984: 196 avg_steps: 1385.3
2024-11-16 07:50:55.984: 196 epsilon: 0.01
2024-11-16 07:50:55.984: 196 q: 5.6674643
2024-11-16 08:00:35.711: 197 test start:
2024-11-16 08:01:02.799: 197 avg_reward: 1518.75
2024-11-16 08:01:02.799: 197 avg_steps: 1420.6
2024-11-16 08:01:02.799: 197 epsilon: 0.01
2024-11-16 08:01:02.799: 197 q: 5.6863537
2024-11-16 08:10:21.567: 198 test start:
2024-11-16 08:10:41.981: 198 avg_reward: 976.25
2024-11-16 08:10:41.982: 198 avg_steps: 1028.55
2024-11-16 08:10:41.982: 198 epsilon: 0.01
2024-11-16 08:10:41.982: 198 q: 5.6533184
2024-11-16 08:20:14.212: 199 test start:
2024-11-16 08:20:37.770: 199 avg_reward: 1305.5
2024-11-16 08:20:37.770: 199 avg_steps: 1258.25
2024-11-16 08:20:37.771: 199 epsilon: 0.01
2024-11-16 08:20:37.771: 199 q: 5.648866
2024-11-16 08:29:55.372: 200 test start:
2024-11-16 08:30:28.577: 200 avg_reward: 1766.5
2024-11-16 08:30:28.578: 200 avg_steps: 1693.75
2024-11-16 08:30:28.578: 200 epsilon: 0.01
2024-11-16 08:30:28.578: 200 q: 5.650922
