2024-11-12 11:24:32.891: 
parameters:agent_test_episodes: 20
batch_num_per_epoch: 250000
device: cuda:0
env_name: ALE/Seaquest-v5
epsilon_for_test: 0.001
epsilon_max: 0.1
epsilon_min: 0.01
exp_name: ALE-Seaquest-v5_2024-11-12-11-24-32
exp_path: ../exps/double_dqn/
exploration_steps: 1000000
gamma: 0.99
held_out_states_num: 1000
learning_rate: 0.00025
log_path: ../exps/double_dqn/
mini_batch_size: 32
model_update_freq: 4
n_times: 5
no_op: 30
phi_channel: 4
replay_buffer_size: 1000000
replay_start_size: 50000
save_model: true
screen_size: 84
seed: 0
skip_k_frame: 4
step_c: 30000
training_steps: 50000000

2024-11-12 11:24:32.966: optimizer: RMSprop (
Parameter Group 0
    alpha: 0.95
    centered: False
    differentiable: False
    eps: 0.01
    foreach: None
    lr: 0.00025
    maximize: False
    momentum: 0
    weight_decay: 0
)
2024-11-12 11:24:33.020: optimizer: RMSprop (
Parameter Group 0
    alpha: 0.95
    centered: False
    differentiable: False
    eps: 0.01
    foreach: None
    lr: 0.00025
    maximize: False
    momentum: 0
    weight_decay: 0
)
2024-11-12 11:33:16.485: 1 test start:
2024-11-12 11:33:30.771: 1 avg_reward: 181.0
2024-11-12 11:33:30.771: 1 avg_steps: 763.3
2024-11-12 11:33:30.771: 1 epsilon: 0.08197597000000001
2024-11-12 11:33:30.771: 1 q: 0.032315202
2024-11-12 11:41:56.219: 2 test start:
2024-11-12 11:42:06.633: 2 avg_reward: 94.0
2024-11-12 11:42:06.633: 2 avg_steps: 528.95
2024-11-12 11:42:06.633: 2 epsilon: 0.05944897
2024-11-12 11:42:06.633: 2 q: 0.057442095
2024-11-12 11:51:30.632: 3 test start:
2024-11-12 11:51:40.833: 3 avg_reward: 54.0
2024-11-12 11:51:40.833: 3 avg_steps: 548.55
2024-11-12 11:51:40.833: 3 epsilon: 0.03694707999999999
2024-11-12 11:51:40.833: 3 q: 0.05559254
2024-11-12 12:00:01.050: 4 test start:
2024-11-12 12:00:09.038: 4 avg_reward: 59.0
2024-11-12 12:00:09.038: 4 avg_steps: 415.3
2024-11-12 12:00:09.038: 4 epsilon: 0.014499729999999988
2024-11-12 12:00:09.039: 4 q: 0.07710181
2024-11-12 12:09:33.482: 5 test start:
2024-11-12 12:09:46.881: 5 avg_reward: 204.0
2024-11-12 12:09:46.881: 5 avg_steps: 687.05
2024-11-12 12:09:46.881: 5 epsilon: 0.01
2024-11-12 12:09:46.881: 5 q: 0.12113176
2024-11-12 12:18:20.219: 6 test start:
2024-11-12 12:18:38.207: 6 avg_reward: 297.0
2024-11-12 12:18:38.208: 6 avg_steps: 954.75
2024-11-12 12:18:38.208: 6 epsilon: 0.01
2024-11-12 12:18:38.208: 6 q: 0.14937058
2024-11-12 12:28:21.713: 7 test start:
2024-11-12 12:28:35.591: 7 avg_reward: 220.0
2024-11-12 12:28:35.591: 7 avg_steps: 690.6
2024-11-12 12:28:35.591: 7 epsilon: 0.01
2024-11-12 12:28:35.591: 7 q: 0.18581863
2024-11-12 12:37:16.413: 8 test start:
2024-11-12 12:37:35.965: 8 avg_reward: 346.0
2024-11-12 12:37:35.965: 8 avg_steps: 1022.4
2024-11-12 12:37:35.965: 8 epsilon: 0.01
2024-11-12 12:37:35.965: 8 q: 0.2116818
2024-11-12 12:47:20.721: 9 test start:
2024-11-12 12:47:36.091: 9 avg_reward: 255.0
2024-11-12 12:47:36.091: 9 avg_steps: 757.7
2024-11-12 12:47:36.091: 9 epsilon: 0.01
2024-11-12 12:47:36.091: 9 q: 0.23984228
2024-11-12 12:56:18.345: 10 test start:
2024-11-12 12:56:40.653: 10 avg_reward: 401.0
2024-11-12 12:56:40.653: 10 avg_steps: 1174.0
2024-11-12 12:56:40.653: 10 epsilon: 0.01
2024-11-12 12:56:40.653: 10 q: 0.28126362
2024-11-12 13:06:30.269: 11 test start:
2024-11-12 13:06:48.562: 11 avg_reward: 320.0
2024-11-12 13:06:48.562: 11 avg_steps: 948.75
2024-11-12 13:06:48.562: 11 epsilon: 0.01
2024-11-12 13:06:48.562: 11 q: 0.35494792
2024-11-12 13:15:26.925: 12 test start:
2024-11-12 13:15:54.143: 12 avg_reward: 509.0
2024-11-12 13:15:54.143: 12 avg_steps: 1366.3
2024-11-12 13:15:54.144: 12 epsilon: 0.01
2024-11-12 13:15:54.144: 12 q: 0.40186262
2024-11-12 13:25:43.599: 13 test start:
2024-11-12 13:26:08.659: 13 avg_reward: 501.0
2024-11-12 13:26:08.659: 13 avg_steps: 1330.35
2024-11-12 13:26:08.659: 13 epsilon: 0.01
2024-11-12 13:26:08.659: 13 q: 0.45521095
2024-11-12 13:34:48.647: 14 test start:
2024-11-12 13:35:14.082: 14 avg_reward: 476.0
2024-11-12 13:35:14.082: 14 avg_steps: 1252.85
2024-11-12 13:35:14.082: 14 epsilon: 0.01
2024-11-12 13:35:14.082: 14 q: 0.5103333
2024-11-12 13:45:02.666: 15 test start:
2024-11-12 13:45:28.730: 15 avg_reward: 516.0
2024-11-12 13:45:28.731: 15 avg_steps: 1371.6
2024-11-12 13:45:28.731: 15 epsilon: 0.01
2024-11-12 13:45:28.731: 15 q: 0.5445821
2024-11-12 13:54:11.592: 16 test start:
2024-11-12 13:54:31.176: 16 avg_reward: 366.0
2024-11-12 13:54:31.176: 16 avg_steps: 974.15
2024-11-12 13:54:31.176: 16 epsilon: 0.01
2024-11-12 13:54:31.176: 16 q: 0.55987525
2024-11-12 14:04:15.924: 17 test start:
2024-11-12 14:04:32.648: 17 avg_reward: 321.0
2024-11-12 14:04:32.648: 17 avg_steps: 883.05
2024-11-12 14:04:32.648: 17 epsilon: 0.01
2024-11-12 14:04:32.648: 17 q: 0.6452778
2024-11-12 14:13:19.790: 18 test start:
2024-11-12 14:13:33.978: 18 avg_reward: 263.0
2024-11-12 14:13:33.979: 18 avg_steps: 703.5
2024-11-12 14:13:33.979: 18 epsilon: 0.01
2024-11-12 14:13:33.979: 18 q: 0.66357094
2024-11-12 14:23:13.164: 19 test start:
2024-11-12 14:23:23.941: 19 avg_reward: 214.0
2024-11-12 14:23:23.941: 19 avg_steps: 569.75
2024-11-12 14:23:23.941: 19 epsilon: 0.01
2024-11-12 14:23:23.941: 19 q: 0.7193761
2024-11-12 14:32:11.929: 20 test start:
2024-11-12 14:32:27.115: 20 avg_reward: 302.0
2024-11-12 14:32:27.115: 20 avg_steps: 752.55
2024-11-12 14:32:27.115: 20 epsilon: 0.01
2024-11-12 14:32:27.115: 20 q: 0.74154675
2024-11-12 14:42:05.227: 21 test start:
2024-11-12 14:42:24.052: 21 avg_reward: 416.0
2024-11-12 14:42:24.052: 21 avg_steps: 1006.3
2024-11-12 14:42:24.052: 21 epsilon: 0.01
2024-11-12 14:42:24.053: 21 q: 0.7935631
2024-11-12 14:51:16.400: 22 test start:
2024-11-12 14:51:36.983: 22 avg_reward: 536.0
2024-11-12 14:51:36.983: 22 avg_steps: 1020.25
2024-11-12 14:51:36.983: 22 epsilon: 0.01
2024-11-12 14:51:36.983: 22 q: 0.8547292
2024-11-12 15:01:18.738: 23 test start:
2024-11-12 15:01:41.592: 23 avg_reward: 699.0
2024-11-12 15:01:41.592: 23 avg_steps: 1214.55
2024-11-12 15:01:41.592: 23 epsilon: 0.01
2024-11-12 15:01:41.592: 23 q: 0.91287863
2024-11-12 15:10:30.709: 24 test start:
2024-11-12 15:10:53.407: 24 avg_reward: 690.0
2024-11-12 15:10:53.407: 24 avg_steps: 1118.15
2024-11-12 15:10:53.407: 24 epsilon: 0.01
2024-11-12 15:10:53.407: 24 q: 0.98486817
2024-11-12 15:20:30.418: 25 test start:
2024-11-12 15:21:02.316: 25 avg_reward: 1208.0
2024-11-12 15:21:02.316: 25 avg_steps: 1684.9
2024-11-12 15:21:02.316: 25 epsilon: 0.01
2024-11-12 15:21:02.316: 25 q: 1.0071622
2024-11-12 15:29:57.127: 26 test start:
2024-11-12 15:30:21.942: 26 avg_reward: 851.0
2024-11-12 15:30:21.942: 26 avg_steps: 1224.65
2024-11-12 15:30:21.942: 26 epsilon: 0.01
2024-11-12 15:30:21.942: 26 q: 1.0663333
2024-11-12 15:39:54.745: 27 test start:
2024-11-12 15:40:17.595: 27 avg_reward: 851.0
2024-11-12 15:40:17.596: 27 avg_steps: 1214.4
2024-11-12 15:40:17.596: 27 epsilon: 0.01
2024-11-12 15:40:17.596: 27 q: 1.0948062
2024-11-12 15:49:21.496: 28 test start:
2024-11-12 15:49:54.578: 28 avg_reward: 1221.0
2024-11-12 15:49:54.579: 28 avg_steps: 1639.9
2024-11-12 15:49:54.579: 28 epsilon: 0.01
2024-11-12 15:49:54.579: 28 q: 1.1546501
2024-11-12 15:59:17.223: 29 test start:
2024-11-12 15:59:47.982: 29 avg_reward: 1183.0
2024-11-12 15:59:47.983: 29 avg_steps: 1641.15
2024-11-12 15:59:47.983: 29 epsilon: 0.01
2024-11-12 15:59:47.983: 29 q: 1.2423201
2024-11-12 16:08:58.108: 30 test start:
2024-11-12 16:09:36.033: 30 avg_reward: 1458.0
2024-11-12 16:09:36.033: 30 avg_steps: 1882.4
2024-11-12 16:09:36.033: 30 epsilon: 0.01
2024-11-12 16:09:36.033: 30 q: 1.2811465
2024-11-12 16:18:55.533: 31 test start:
2024-11-12 16:19:22.497: 31 avg_reward: 1068.0
2024-11-12 16:19:22.497: 31 avg_steps: 1441.2
2024-11-12 16:19:22.497: 31 epsilon: 0.01
2024-11-12 16:19:22.497: 31 q: 1.3185686
2024-11-12 16:28:34.419: 32 test start:
2024-11-12 16:28:50.120: 32 avg_reward: 485.0
2024-11-12 16:28:50.120: 32 avg_steps: 799.9
2024-11-12 16:28:50.120: 32 epsilon: 0.01
2024-11-12 16:28:50.120: 32 q: 1.3778389
2024-11-12 16:38:08.598: 33 test start:
2024-11-12 16:38:29.211: 33 avg_reward: 895.0
2024-11-12 16:38:29.211: 33 avg_steps: 1111.8
2024-11-12 16:38:29.211: 33 epsilon: 0.01
2024-11-12 16:38:29.211: 33 q: 1.3978059
2024-11-12 16:47:43.466: 34 test start:
2024-11-12 16:48:06.431: 34 avg_reward: 966.0
2024-11-12 16:48:06.431: 34 avg_steps: 1162.1
2024-11-12 16:48:06.431: 34 epsilon: 0.01
2024-11-12 16:48:06.431: 34 q: 1.4403163
2024-11-12 16:57:21.437: 35 test start:
2024-11-12 16:57:47.284: 35 avg_reward: 1303.0
2024-11-12 16:57:47.284: 35 avg_steps: 1403.0
2024-11-12 16:57:47.285: 35 epsilon: 0.01
2024-11-12 16:57:47.285: 35 q: 1.458512
2024-11-12 17:07:04.255: 36 test start:
2024-11-12 17:07:37.559: 36 avg_reward: 1612.0
2024-11-12 17:07:37.559: 36 avg_steps: 1640.85
2024-11-12 17:07:37.559: 36 epsilon: 0.01
2024-11-12 17:07:37.559: 36 q: 1.4814749
2024-11-12 17:16:51.268: 37 test start:
2024-11-12 17:17:26.918: 37 avg_reward: 1954.0
2024-11-12 17:17:26.918: 37 avg_steps: 1907.75
2024-11-12 17:17:26.918: 37 epsilon: 0.01
2024-11-12 17:17:26.918: 37 q: 1.5605187
2024-11-12 17:26:47.109: 38 test start:
2024-11-12 17:27:28.552: 38 avg_reward: 2230.0
2024-11-12 17:27:28.552: 38 avg_steps: 2060.45
2024-11-12 17:27:28.552: 38 epsilon: 0.01
2024-11-12 17:27:28.552: 38 q: 1.5973094
2024-11-12 17:36:33.322: 39 test start:
2024-11-12 17:37:11.725: 39 avg_reward: 2180.0
2024-11-12 17:37:11.725: 39 avg_steps: 2037.95
2024-11-12 17:37:11.725: 39 epsilon: 0.01
2024-11-12 17:37:11.725: 39 q: 1.6504095
2024-11-12 17:46:39.313: 40 test start:
2024-11-12 17:47:16.370: 40 avg_reward: 1964.0
2024-11-12 17:47:16.370: 40 avg_steps: 1837.1
2024-11-12 17:47:16.370: 40 epsilon: 0.01
2024-11-12 17:47:16.370: 40 q: 1.6919317
2024-11-12 17:56:09.343: 41 test start:
2024-11-12 17:56:44.139: 41 avg_reward: 1986.0
2024-11-12 17:56:44.139: 41 avg_steps: 1858.9
2024-11-12 17:56:44.139: 41 epsilon: 0.01
2024-11-12 17:56:44.139: 41 q: 1.7549031
2024-11-12 18:06:19.416: 42 test start:
2024-11-12 18:06:59.528: 42 avg_reward: 2260.0
2024-11-12 18:06:59.528: 42 avg_steps: 1996.9
2024-11-12 18:06:59.528: 42 epsilon: 0.01
2024-11-12 18:06:59.528: 42 q: 1.8085845
2024-11-12 18:15:44.699: 43 test start:
2024-11-12 18:16:22.335: 43 avg_reward: 2290.0
2024-11-12 18:16:22.335: 43 avg_steps: 2024.45
2024-11-12 18:16:22.335: 43 epsilon: 0.01
2024-11-12 18:16:22.335: 43 q: 1.8470721
2024-11-12 18:26:09.793: 44 test start:
2024-11-12 18:26:45.701: 44 avg_reward: 2093.0
2024-11-12 18:26:45.701: 44 avg_steps: 1873.55
2024-11-12 18:26:45.701: 44 epsilon: 0.01
2024-11-12 18:26:45.701: 44 q: 1.8642129
2024-11-12 18:35:28.696: 45 test start:
2024-11-12 18:36:06.692: 45 avg_reward: 2183.0
2024-11-12 18:36:06.692: 45 avg_steps: 1962.7
2024-11-12 18:36:06.693: 45 epsilon: 0.01
2024-11-12 18:36:06.693: 45 q: 1.9188218
2024-11-12 18:45:49.487: 46 test start:
2024-11-12 18:46:26.737: 46 avg_reward: 2221.0
2024-11-12 18:46:26.737: 46 avg_steps: 1956.7
2024-11-12 18:46:26.737: 46 epsilon: 0.01
2024-11-12 18:46:26.737: 46 q: 1.9500984
2024-11-12 18:55:08.006: 47 test start:
2024-11-12 18:55:48.232: 47 avg_reward: 2315.0
2024-11-12 18:55:48.232: 47 avg_steps: 2042.45
2024-11-12 18:55:48.232: 47 epsilon: 0.01
2024-11-12 18:55:48.232: 47 q: 2.018641
2024-11-12 19:05:28.022: 48 test start:
2024-11-12 19:06:04.543: 48 avg_reward: 2301.0
2024-11-12 19:06:04.543: 48 avg_steps: 2003.65
2024-11-12 19:06:04.543: 48 epsilon: 0.01
2024-11-12 19:06:04.543: 48 q: 2.0750346
2024-11-12 19:14:59.143: 49 test start:
2024-11-12 19:15:39.279: 49 avg_reward: 2333.0
2024-11-12 19:15:39.279: 49 avg_steps: 2023.3
2024-11-12 19:15:39.279: 49 epsilon: 0.01
2024-11-12 19:15:39.279: 49 q: 2.1376383
2024-11-12 19:25:09.980: 50 test start:
2024-11-12 19:25:49.816: 50 avg_reward: 2513.0
2024-11-12 19:25:49.816: 50 avg_steps: 2134.2
2024-11-12 19:25:49.816: 50 epsilon: 0.01
2024-11-12 19:25:49.816: 50 q: 2.1802087
2024-11-12 19:34:46.504: 51 test start:
2024-11-12 19:35:27.831: 51 avg_reward: 2370.0
2024-11-12 19:35:27.831: 51 avg_steps: 2069.75
2024-11-12 19:35:27.831: 51 epsilon: 0.01
2024-11-12 19:35:27.831: 51 q: 2.243998
2024-11-12 19:44:50.346: 52 test start:
2024-11-12 19:45:28.500: 52 avg_reward: 2360.0
2024-11-12 19:45:28.500: 52 avg_steps: 2052.9
2024-11-12 19:45:28.505: 52 epsilon: 0.01
2024-11-12 19:45:28.505: 52 q: 2.2986147
2024-11-12 19:54:35.253: 53 test start:
2024-11-12 19:55:18.389: 53 avg_reward: 2491.0
2024-11-12 19:55:18.389: 53 avg_steps: 2143.9
2024-11-12 19:55:18.389: 53 epsilon: 0.01
2024-11-12 19:55:18.389: 53 q: 2.3672206
2024-11-12 20:04:30.998: 54 test start:
2024-11-12 20:05:05.930: 54 avg_reward: 2093.0
2024-11-12 20:05:05.930: 54 avg_steps: 1868.5
2024-11-12 20:05:05.930: 54 epsilon: 0.01
2024-11-12 20:05:05.930: 54 q: 2.4230683
2024-11-12 20:14:21.139: 55 test start:
2024-11-12 20:15:00.797: 55 avg_reward: 2290.0
2024-11-12 20:15:00.798: 55 avg_steps: 1970.9
2024-11-12 20:15:00.798: 55 epsilon: 0.01
2024-11-12 20:15:00.798: 55 q: 2.4756558
2024-11-12 20:24:06.184: 56 test start:
2024-11-12 20:24:43.392: 56 avg_reward: 2402.5
2024-11-12 20:24:43.392: 56 avg_steps: 1988.0
2024-11-12 20:24:43.393: 56 epsilon: 0.01
2024-11-12 20:24:43.393: 56 q: 2.5121765
2024-11-12 20:34:03.824: 57 test start:
2024-11-12 20:34:40.176: 57 avg_reward: 2103.0
2024-11-12 20:34:40.176: 57 avg_steps: 1812.9
2024-11-12 20:34:40.182: 57 epsilon: 0.01
2024-11-12 20:34:40.182: 57 q: 2.544901
2024-11-12 20:43:37.524: 58 test start:
2024-11-12 20:44:13.732: 58 avg_reward: 2250.0
2024-11-12 20:44:13.732: 58 avg_steps: 1909.35
2024-11-12 20:44:13.732: 58 epsilon: 0.01
2024-11-12 20:44:13.732: 58 q: 2.6040654
2024-11-12 20:53:45.433: 59 test start:
2024-11-12 20:54:20.542: 59 avg_reward: 2160.5
2024-11-12 20:54:20.543: 59 avg_steps: 1807.95
2024-11-12 20:54:20.543: 59 epsilon: 0.01
2024-11-12 20:54:20.543: 59 q: 2.6781602
2024-11-12 21:03:14.525: 60 test start:
2024-11-12 21:03:52.701: 60 avg_reward: 2661.0
2024-11-12 21:03:52.702: 60 avg_steps: 2092.55
2024-11-12 21:03:52.702: 60 epsilon: 0.01
2024-11-12 21:03:52.702: 60 q: 2.7311435
2024-11-12 21:13:23.818: 61 test start:
2024-11-12 21:14:03.082: 61 avg_reward: 2626.5
2024-11-12 21:14:03.083: 61 avg_steps: 1963.75
2024-11-12 21:14:03.083: 61 epsilon: 0.01
2024-11-12 21:14:03.083: 61 q: 2.792458
2024-11-12 21:22:48.396: 62 test start:
2024-11-12 21:23:22.680: 62 avg_reward: 2346.5
2024-11-12 21:23:22.680: 62 avg_steps: 1815.35
2024-11-12 21:23:22.680: 62 epsilon: 0.01
2024-11-12 21:23:22.681: 62 q: 2.8326397
2024-11-12 21:33:05.858: 63 test start:
2024-11-12 21:33:40.906: 63 avg_reward: 2365.5
2024-11-12 21:33:40.906: 63 avg_steps: 1789.2
2024-11-12 21:33:40.907: 63 epsilon: 0.01
2024-11-12 21:33:40.907: 63 q: 2.8937693
2024-11-12 21:42:20.654: 64 test start:
2024-11-12 21:42:59.506: 64 avg_reward: 3152.0
2024-11-12 21:42:59.506: 64 avg_steps: 2041.95
2024-11-12 21:42:59.506: 64 epsilon: 0.01
2024-11-12 21:42:59.506: 64 q: 2.9423606
2024-11-12 21:52:39.765: 65 test start:
2024-11-12 21:53:16.700: 65 avg_reward: 3048.5
2024-11-12 21:53:16.700: 65 avg_steps: 2016.5
2024-11-12 21:53:16.700: 65 epsilon: 0.01
2024-11-12 21:53:16.700: 65 q: 3.0229726
2024-11-12 22:02:01.405: 66 test start:
2024-11-12 22:02:36.636: 66 avg_reward: 2675.0
2024-11-12 22:02:36.636: 66 avg_steps: 1813.55
2024-11-12 22:02:36.636: 66 epsilon: 0.01
2024-11-12 22:02:36.636: 66 q: 3.0955894
2024-11-12 22:12:18.371: 67 test start:
2024-11-12 22:12:56.436: 67 avg_reward: 3136.5
2024-11-12 22:12:56.436: 67 avg_steps: 2061.1
2024-11-12 22:12:56.436: 67 epsilon: 0.01
2024-11-12 22:12:56.436: 67 q: 3.1262634
2024-11-12 22:21:38.849: 68 test start:
2024-11-12 22:22:21.425: 68 avg_reward: 3176.5
2024-11-12 22:22:21.425: 68 avg_steps: 2127.0
2024-11-12 22:22:21.425: 68 epsilon: 0.01
2024-11-12 22:22:21.425: 68 q: 3.1924653
2024-11-12 22:31:48.708: 69 test start:
2024-11-12 22:32:26.559: 69 avg_reward: 3262.5
2024-11-12 22:32:26.559: 69 avg_steps: 2020.2
2024-11-12 22:32:26.559: 69 epsilon: 0.01
2024-11-12 22:32:26.559: 69 q: 3.2600164
2024-11-12 22:41:22.652: 70 test start:
2024-11-12 22:42:06.656: 70 avg_reward: 3548.5
2024-11-12 22:42:06.657: 70 avg_steps: 2193.55
2024-11-12 22:42:06.657: 70 epsilon: 0.01
2024-11-12 22:42:06.657: 70 q: 3.3341
2024-11-12 22:51:25.766: 71 test start:
2024-11-12 22:52:01.260: 71 avg_reward: 2998.0
2024-11-12 22:52:01.261: 71 avg_steps: 1898.45
2024-11-12 22:52:01.261: 71 epsilon: 0.01
2024-11-12 22:52:01.261: 71 q: 3.3521173
2024-11-12 23:01:01.600: 72 test start:
2024-11-12 23:01:46.673: 72 avg_reward: 3641.5
2024-11-12 23:01:46.673: 72 avg_steps: 2225.45
2024-11-12 23:01:46.673: 72 epsilon: 0.01
2024-11-12 23:01:46.673: 72 q: 3.4202387
2024-11-12 23:11:00.096: 73 test start:
2024-11-12 23:11:34.162: 73 avg_reward: 2848.0
2024-11-12 23:11:34.162: 73 avg_steps: 1820.75
2024-11-12 23:11:34.162: 73 epsilon: 0.01
2024-11-12 23:11:34.162: 73 q: 3.524725
2024-11-12 23:20:48.063: 74 test start:
2024-11-12 23:21:23.960: 74 avg_reward: 2635.0
2024-11-12 23:21:23.960: 74 avg_steps: 1795.7
2024-11-12 23:21:23.960: 74 epsilon: 0.01
2024-11-12 23:21:23.960: 74 q: 3.5478413
2024-11-12 23:30:34.609: 75 test start:
2024-11-12 23:31:15.222: 75 avg_reward: 3746.0
2024-11-12 23:31:15.222: 75 avg_steps: 2172.55
2024-11-12 23:31:15.227: 75 epsilon: 0.01
2024-11-12 23:31:15.227: 75 q: 3.5938332
2024-11-12 23:40:27.057: 76 test start:
2024-11-12 23:41:08.983: 76 avg_reward: 3390.5
2024-11-12 23:41:08.983: 76 avg_steps: 2090.5
2024-11-12 23:41:08.983: 76 epsilon: 0.01
2024-11-12 23:41:08.983: 76 q: 3.6463125
2024-11-12 23:50:08.778: 77 test start:
2024-11-12 23:50:42.329: 77 avg_reward: 3011.5
2024-11-12 23:50:42.329: 77 avg_steps: 1807.2
2024-11-12 23:50:42.329: 77 epsilon: 0.01
2024-11-12 23:50:42.329: 77 q: 3.7427592
2024-11-13 00:00:03.819: 78 test start:
2024-11-13 00:00:42.221: 78 avg_reward: 2624.0
2024-11-13 00:00:42.221: 78 avg_steps: 1895.35
2024-11-13 00:00:42.221: 78 epsilon: 0.01
2024-11-13 00:00:42.221: 78 q: 3.7957482
2024-11-13 00:09:33.373: 79 test start:
2024-11-13 00:10:10.513: 79 avg_reward: 3703.5
2024-11-13 00:10:10.514: 79 avg_steps: 1977.15
2024-11-13 00:10:10.514: 79 epsilon: 0.01
2024-11-13 00:10:10.514: 79 q: 3.8438842
2024-11-13 00:19:40.485: 80 test start:
2024-11-13 00:20:23.436: 80 avg_reward: 3539.0
2024-11-13 00:20:23.442: 80 avg_steps: 2144.15
2024-11-13 00:20:23.442: 80 epsilon: 0.01
2024-11-13 00:20:23.442: 80 q: 3.9084566
2024-11-13 00:29:10.959: 81 test start:
2024-11-13 00:29:48.883: 81 avg_reward: 3620.5
2024-11-13 00:29:48.883: 81 avg_steps: 1961.95
2024-11-13 00:29:48.883: 81 epsilon: 0.01
2024-11-13 00:29:48.883: 81 q: 3.9680526
2024-11-13 00:39:22.993: 82 test start:
2024-11-13 00:40:00.963: 82 avg_reward: 3817.0
2024-11-13 00:40:00.963: 82 avg_steps: 1961.45
2024-11-13 00:40:00.968: 82 epsilon: 0.01
2024-11-13 00:40:00.969: 82 q: 4.017368
2024-11-13 00:48:44.959: 83 test start:
2024-11-13 00:49:21.567: 83 avg_reward: 4185.5
2024-11-13 00:49:21.568: 83 avg_steps: 1903.15
2024-11-13 00:49:21.568: 83 epsilon: 0.01
2024-11-13 00:49:21.568: 83 q: 4.1066594
2024-11-13 00:59:00.630: 84 test start:
2024-11-13 00:59:32.506: 84 avg_reward: 3073.5
2024-11-13 00:59:32.506: 84 avg_steps: 1631.8
2024-11-13 00:59:32.506: 84 epsilon: 0.01
2024-11-13 00:59:32.506: 84 q: 4.148937
2024-11-13 01:08:19.088: 85 test start:
2024-11-13 01:08:46.896: 85 avg_reward: 2239.5
2024-11-13 01:08:46.897: 85 avg_steps: 1445.2
2024-11-13 01:08:46.897: 85 epsilon: 0.01
2024-11-13 01:08:46.897: 85 q: 4.2117248
2024-11-13 01:18:23.693: 86 test start:
2024-11-13 01:18:57.269: 86 avg_reward: 3807.5
2024-11-13 01:18:57.269: 86 avg_steps: 1814.95
2024-11-13 01:18:57.269: 86 epsilon: 0.01
2024-11-13 01:18:57.269: 86 q: 4.290952
2024-11-13 01:27:45.045: 87 test start:
2024-11-13 01:28:19.049: 87 avg_reward: 3609.5
2024-11-13 01:28:19.049: 87 avg_steps: 1716.8
2024-11-13 01:28:19.049: 87 epsilon: 0.01
2024-11-13 01:28:19.049: 87 q: 4.3447723
2024-11-13 01:37:49.030: 88 test start:
2024-11-13 01:38:20.602: 88 avg_reward: 3434.0
2024-11-13 01:38:20.602: 88 avg_steps: 1649.6
2024-11-13 01:38:20.602: 88 epsilon: 0.01
2024-11-13 01:38:20.603: 88 q: 4.386065
2024-11-13 01:47:10.772: 89 test start:
2024-11-13 01:47:46.734: 89 avg_reward: 3508.0
2024-11-13 01:47:46.734: 89 avg_steps: 1797.7
2024-11-13 01:47:46.734: 89 epsilon: 0.01
2024-11-13 01:47:46.740: 89 q: 4.466294
2024-11-13 01:57:06.391: 90 test start:
2024-11-13 01:57:41.737: 90 avg_reward: 4081.0
2024-11-13 01:57:41.737: 90 avg_steps: 1891.75
2024-11-13 01:57:41.737: 90 epsilon: 0.01
2024-11-13 01:57:41.737: 90 q: 4.5712724
2024-11-13 02:06:42.376: 91 test start:
2024-11-13 02:07:16.451: 91 avg_reward: 3042.0
2024-11-13 02:07:16.451: 91 avg_steps: 1716.55
2024-11-13 02:07:16.451: 91 epsilon: 0.01
2024-11-13 02:07:16.451: 91 q: 4.5972414
2024-11-13 02:16:33.020: 92 test start:
2024-11-13 02:17:07.220: 92 avg_reward: 3138.5
2024-11-13 02:17:07.220: 92 avg_steps: 1827.55
2024-11-13 02:17:07.220: 92 epsilon: 0.01
2024-11-13 02:17:07.220: 92 q: 4.6362605
2024-11-13 02:26:13.933: 93 test start:
2024-11-13 02:26:48.629: 93 avg_reward: 2742.0
2024-11-13 02:26:48.629: 93 avg_steps: 1725.4
2024-11-13 02:26:48.629: 93 epsilon: 0.01
2024-11-13 02:26:48.629: 93 q: 4.6897783
2024-11-13 02:35:53.654: 94 test start:
2024-11-13 02:36:34.265: 94 avg_reward: 4569.5
2024-11-13 02:36:34.265: 94 avg_steps: 2196.45
2024-11-13 02:36:34.265: 94 epsilon: 0.01
2024-11-13 02:36:34.265: 94 q: 4.7688704
2024-11-13 02:45:49.536: 95 test start:
2024-11-13 02:46:28.821: 95 avg_reward: 4298.5
2024-11-13 02:46:28.821: 95 avg_steps: 2015.55
2024-11-13 02:46:28.821: 95 epsilon: 0.01
2024-11-13 02:46:28.821: 95 q: 4.803781
2024-11-13 02:55:35.793: 96 test start:
2024-11-13 02:56:12.212: 96 avg_reward: 3676.5
2024-11-13 02:56:12.212: 96 avg_steps: 1955.15
2024-11-13 02:56:12.212: 96 epsilon: 0.01
2024-11-13 02:56:12.212: 96 q: 4.8297486
2024-11-13 03:05:30.305: 97 test start:
2024-11-13 03:06:03.617: 97 avg_reward: 3422.5
2024-11-13 03:06:03.617: 97 avg_steps: 1673.8
2024-11-13 03:06:03.617: 97 epsilon: 0.01
2024-11-13 03:06:03.617: 97 q: 4.863071
2024-11-13 03:14:59.731: 98 test start:
2024-11-13 03:15:40.774: 98 avg_reward: 4851.0
2024-11-13 03:15:40.774: 98 avg_steps: 2165.35
2024-11-13 03:15:40.774: 98 epsilon: 0.01
2024-11-13 03:15:40.774: 98 q: 4.8827696
2024-11-13 03:25:12.980: 99 test start:
2024-11-13 03:25:48.556: 99 avg_reward: 3930.0
2024-11-13 03:25:48.557: 99 avg_steps: 1781.15
2024-11-13 03:25:48.557: 99 epsilon: 0.01
2024-11-13 03:25:48.557: 99 q: 4.934995
2024-11-13 03:34:37.143: 100 test start:
2024-11-13 03:35:11.227: 100 avg_reward: 3381.0
2024-11-13 03:35:11.227: 100 avg_steps: 1886.4
2024-11-13 03:35:11.227: 100 epsilon: 0.01
2024-11-13 03:35:11.227: 100 q: 4.9433584
2024-11-13 03:45:12.076: 101 test start:
2024-11-13 03:45:54.492: 101 avg_reward: 4149.5
2024-11-13 03:45:54.492: 101 avg_steps: 2208.05
2024-11-13 03:45:54.492: 101 epsilon: 0.01
2024-11-13 03:45:54.492: 101 q: 4.992408
2024-11-13 03:54:30.884: 102 test start:
2024-11-13 03:55:12.879: 102 avg_reward: 3934.0
2024-11-13 03:55:12.879: 102 avg_steps: 2058.75
2024-11-13 03:55:12.879: 102 epsilon: 0.01
2024-11-13 03:55:12.879: 102 q: 5.0723624
2024-11-13 04:04:58.156: 103 test start:
2024-11-13 04:05:35.886: 103 avg_reward: 4714.5
2024-11-13 04:05:35.886: 103 avg_steps: 2015.3
2024-11-13 04:05:35.886: 103 epsilon: 0.01
2024-11-13 04:05:35.886: 103 q: 5.1084895
2024-11-13 04:14:23.539: 104 test start:
2024-11-13 04:15:06.274: 104 avg_reward: 4574.0
2024-11-13 04:15:06.274: 104 avg_steps: 2120.8
2024-11-13 04:15:06.274: 104 epsilon: 0.01
2024-11-13 04:15:06.275: 104 q: 5.1539063
2024-11-13 04:24:38.323: 105 test start:
2024-11-13 04:25:21.354: 105 avg_reward: 5696.5
2024-11-13 04:25:21.355: 105 avg_steps: 2301.7
2024-11-13 04:25:21.355: 105 epsilon: 0.01
2024-11-13 04:25:21.355: 105 q: 5.1980777
2024-11-13 04:34:20.948: 106 test start:
2024-11-13 04:35:01.384: 106 avg_reward: 4304.5
2024-11-13 04:35:01.384: 106 avg_steps: 2005.5
2024-11-13 04:35:01.385: 106 epsilon: 0.01
2024-11-13 04:35:01.385: 106 q: 5.2479053
2024-11-13 04:44:26.843: 107 test start:
2024-11-13 04:45:02.432: 107 avg_reward: 3489.0
2024-11-13 04:45:02.432: 107 avg_steps: 1916.15
2024-11-13 04:45:02.432: 107 epsilon: 0.01
2024-11-13 04:45:02.432: 107 q: 5.3229313
2024-11-13 04:54:11.831: 108 test start:
2024-11-13 04:54:54.474: 108 avg_reward: 4602.5
2024-11-13 04:54:54.474: 108 avg_steps: 2120.55
2024-11-13 04:54:54.474: 108 epsilon: 0.01
2024-11-13 04:54:54.474: 108 q: 5.345564
2024-11-13 05:04:05.609: 109 test start:
2024-11-13 05:04:44.563: 109 avg_reward: 4659.5
2024-11-13 05:04:44.563: 109 avg_steps: 2083.6
2024-11-13 05:04:44.564: 109 epsilon: 0.01
2024-11-13 05:04:44.564: 109 q: 5.420692
2024-11-13 05:13:58.721: 110 test start:
2024-11-13 05:14:45.055: 110 avg_reward: 5404.0
2024-11-13 05:14:45.055: 110 avg_steps: 2291.4
2024-11-13 05:14:45.055: 110 epsilon: 0.01
2024-11-13 05:14:45.055: 110 q: 5.4405155
2024-11-13 05:23:47.557: 111 test start:
2024-11-13 05:24:24.871: 111 avg_reward: 4067.0
2024-11-13 05:24:24.871: 111 avg_steps: 1979.15
2024-11-13 05:24:24.871: 111 epsilon: 0.01
2024-11-13 05:24:24.871: 111 q: 5.504744
2024-11-13 05:33:51.954: 112 test start:
2024-11-13 05:34:33.963: 112 avg_reward: 4948.5
2024-11-13 05:34:33.963: 112 avg_steps: 2080.55
2024-11-13 05:34:33.963: 112 epsilon: 0.01
2024-11-13 05:34:33.963: 112 q: 5.515505
2024-11-13 05:43:35.947: 113 test start:
2024-11-13 05:44:14.929: 113 avg_reward: 5306.5
2024-11-13 05:44:14.930: 113 avg_steps: 2077.65
2024-11-13 05:44:14.930: 113 epsilon: 0.01
2024-11-13 05:44:14.930: 113 q: 5.572814
2024-11-13 05:53:53.592: 114 test start:
2024-11-13 05:54:32.528: 114 avg_reward: 4117.5
2024-11-13 05:54:32.528: 114 avg_steps: 1991.3
2024-11-13 05:54:32.528: 114 epsilon: 0.01
2024-11-13 05:54:32.528: 114 q: 5.6177187
2024-11-13 06:03:15.104: 115 test start:
2024-11-13 06:03:51.817: 115 avg_reward: 4423.0
2024-11-13 06:03:51.818: 115 avg_steps: 1948.95
2024-11-13 06:03:51.818: 115 epsilon: 0.01
2024-11-13 06:03:51.818: 115 q: 5.652013
2024-11-13 06:13:33.720: 116 test start:
2024-11-13 06:14:17.142: 116 avg_reward: 4838.5
2024-11-13 06:14:17.143: 116 avg_steps: 2242.75
2024-11-13 06:14:17.143: 116 epsilon: 0.01
2024-11-13 06:14:17.143: 116 q: 5.6640363
2024-11-13 06:23:02.708: 117 test start:
2024-11-13 06:23:42.935: 117 avg_reward: 4461.5
2024-11-13 06:23:42.935: 117 avg_steps: 2096.4
2024-11-13 06:23:42.940: 117 epsilon: 0.01
2024-11-13 06:23:42.941: 117 q: 5.7556057
2024-11-13 06:33:20.263: 118 test start:
2024-11-13 06:34:03.373: 118 avg_reward: 5638.5
2024-11-13 06:34:03.374: 118 avg_steps: 2253.9
2024-11-13 06:34:03.374: 118 epsilon: 0.01
2024-11-13 06:34:03.374: 118 q: 5.7586813
2024-11-13 06:42:47.611: 119 test start:
2024-11-13 06:43:30.318: 119 avg_reward: 4848.5
2024-11-13 06:43:30.319: 119 avg_steps: 2146.9
2024-11-13 06:43:30.319: 119 epsilon: 0.01
2024-11-13 06:43:30.319: 119 q: 5.7753606
2024-11-13 06:52:53.662: 120 test start:
2024-11-13 06:53:39.299: 120 avg_reward: 5738.0
2024-11-13 06:53:39.299: 120 avg_steps: 2461.05
2024-11-13 06:53:39.299: 120 epsilon: 0.01
2024-11-13 06:53:39.300: 120 q: 5.8428884
2024-11-13 07:02:30.360: 121 test start:
2024-11-13 07:03:14.297: 121 avg_reward: 4692.5
2024-11-13 07:03:14.297: 121 avg_steps: 2181.3
2024-11-13 07:03:14.297: 121 epsilon: 0.01
2024-11-13 07:03:14.297: 121 q: 5.8947234
2024-11-13 07:12:36.088: 122 test start:
2024-11-13 07:13:19.045: 122 avg_reward: 5619.0
2024-11-13 07:13:19.045: 122 avg_steps: 2305.25
2024-11-13 07:13:19.045: 122 epsilon: 0.01
2024-11-13 07:13:19.046: 122 q: 5.9202332
2024-11-13 07:22:24.347: 123 test start:
2024-11-13 07:23:03.689: 123 avg_reward: 4659.0
2024-11-13 07:23:03.689: 123 avg_steps: 1964.2
2024-11-13 07:23:03.689: 123 epsilon: 0.01
2024-11-13 07:23:03.689: 123 q: 5.969243
2024-11-13 07:32:15.757: 124 test start:
2024-11-13 07:32:57.702: 124 avg_reward: 5930.0
2024-11-13 07:32:57.702: 124 avg_steps: 2253.5
2024-11-13 07:32:57.702: 124 epsilon: 0.01
2024-11-13 07:32:57.702: 124 q: 6.022135
2024-11-13 07:42:05.912: 125 test start:
2024-11-13 07:42:45.081: 125 avg_reward: 4094.0
2024-11-13 07:42:45.081: 125 avg_steps: 1963.5
2024-11-13 07:42:45.081: 125 epsilon: 0.01
2024-11-13 07:42:45.081: 125 q: 6.1064296
2024-11-13 07:51:43.543: 126 test start:
2024-11-13 07:52:27.765: 126 avg_reward: 6045.0
2024-11-13 07:52:27.765: 126 avg_steps: 2351.6
2024-11-13 07:52:27.765: 126 epsilon: 0.01
2024-11-13 07:52:27.765: 126 q: 6.149274
2024-11-13 08:01:59.066: 127 test start:
2024-11-13 08:02:49.020: 127 avg_reward: 7122.5
2024-11-13 08:02:49.020: 127 avg_steps: 2543.95
2024-11-13 08:02:49.020: 127 epsilon: 0.01
2024-11-13 08:02:49.020: 127 q: 6.175755
2024-11-13 08:11:57.612: 128 test start:
2024-11-13 08:12:40.512: 128 avg_reward: 5625.5
2024-11-13 08:12:40.513: 128 avg_steps: 2237.0
2024-11-13 08:12:40.513: 128 epsilon: 0.01
2024-11-13 08:12:40.513: 128 q: 6.215452
2024-11-13 08:21:44.503: 129 test start:
2024-11-13 08:22:21.718: 129 avg_reward: 4211.0
2024-11-13 08:22:21.718: 129 avg_steps: 1930.7
2024-11-13 08:22:21.718: 129 epsilon: 0.01
2024-11-13 08:22:21.718: 129 q: 6.250414
2024-11-13 08:31:31.804: 130 test start:
2024-11-13 08:32:09.512: 130 avg_reward: 4285.5
2024-11-13 08:32:09.512: 130 avg_steps: 1984.35
2024-11-13 08:32:09.512: 130 epsilon: 0.01
2024-11-13 08:32:09.512: 130 q: 6.339499
2024-11-13 08:41:22.119: 131 test start:
2024-11-13 08:42:05.678: 131 avg_reward: 6819.0
2024-11-13 08:42:05.679: 131 avg_steps: 2317.35
2024-11-13 08:42:05.679: 131 epsilon: 0.01
2024-11-13 08:42:05.679: 131 q: 6.370172
2024-11-13 08:51:10.311: 132 test start:
2024-11-13 08:51:55.658: 132 avg_reward: 6546.5
2024-11-13 08:51:55.659: 132 avg_steps: 2359.75
2024-11-13 08:51:55.659: 132 epsilon: 0.01
2024-11-13 08:51:55.659: 132 q: 6.391666
2024-11-13 09:01:03.253: 133 test start:
2024-11-13 09:01:42.723: 133 avg_reward: 5293.5
2024-11-13 09:01:42.724: 133 avg_steps: 2072.25
2024-11-13 09:01:42.724: 133 epsilon: 0.01
2024-11-13 09:01:42.724: 133 q: 6.3411217
2024-11-13 09:10:51.501: 134 test start:
2024-11-13 09:11:29.432: 134 avg_reward: 4381.0
2024-11-13 09:11:29.432: 134 avg_steps: 1968.55
2024-11-13 09:11:29.432: 134 epsilon: 0.01
2024-11-13 09:11:29.432: 134 q: 6.378504
2024-11-13 09:20:32.834: 135 test start:
2024-11-13 09:21:17.357: 135 avg_reward: 6466.5
2024-11-13 09:21:17.357: 135 avg_steps: 2319.6
2024-11-13 09:21:17.357: 135 epsilon: 0.01
2024-11-13 09:21:17.358: 135 q: 6.378429
2024-11-13 09:30:33.984: 136 test start:
2024-11-13 09:31:17.812: 136 avg_reward: 5862.5
2024-11-13 09:31:17.812: 136 avg_steps: 2274.8
2024-11-13 09:31:17.812: 136 epsilon: 0.01
2024-11-13 09:31:17.812: 136 q: 6.427795
2024-11-13 09:40:14.840: 137 test start:
2024-11-13 09:40:57.714: 137 avg_reward: 5901.5
2024-11-13 09:40:57.714: 137 avg_steps: 2228.0
2024-11-13 09:40:57.714: 137 epsilon: 0.01
2024-11-13 09:40:57.714: 137 q: 6.484238
2024-11-13 09:50:30.772: 138 test start:
2024-11-13 09:51:18.035: 138 avg_reward: 6136.5
2024-11-13 09:51:18.036: 138 avg_steps: 2403.9
2024-11-13 09:51:18.036: 138 epsilon: 0.01
2024-11-13 09:51:18.036: 138 q: 6.5078926
2024-11-13 10:00:38.745: 139 test start:
2024-11-13 10:01:21.550: 139 avg_reward: 5093.0
2024-11-13 10:01:21.550: 139 avg_steps: 2196.5
2024-11-13 10:01:21.555: 139 epsilon: 0.01
2024-11-13 10:01:21.555: 139 q: 6.5480313
2024-11-13 10:10:56.157: 140 test start:
2024-11-13 10:11:42.576: 140 avg_reward: 6457.5
2024-11-13 10:11:42.576: 140 avg_steps: 2403.45
2024-11-13 10:11:42.576: 140 epsilon: 0.01
2024-11-13 10:11:42.576: 140 q: 6.571522
2024-11-13 10:20:54.438: 141 test start:
2024-11-13 10:21:38.040: 141 avg_reward: 5419.5
2024-11-13 10:21:38.040: 141 avg_steps: 2179.0
2024-11-13 10:21:38.040: 141 epsilon: 0.01
2024-11-13 10:21:38.040: 141 q: 6.6051545
2024-11-13 10:31:06.062: 142 test start:
2024-11-13 10:31:47.690: 142 avg_reward: 6324.0
2024-11-13 10:31:47.690: 142 avg_steps: 2194.45
2024-11-13 10:31:47.690: 142 epsilon: 0.01
2024-11-13 10:31:47.691: 142 q: 6.667623
2024-11-13 10:40:58.473: 143 test start:
2024-11-13 10:41:53.607: 143 avg_reward: 9420.0
2024-11-13 10:41:53.607: 143 avg_steps: 2760.15
2024-11-13 10:41:53.607: 143 epsilon: 0.01
2024-11-13 10:41:53.607: 143 q: 6.666257
2024-11-13 10:51:25.883: 144 test start:
2024-11-13 10:52:10.154: 144 avg_reward: 6311.0
2024-11-13 10:52:10.154: 144 avg_steps: 2342.3
2024-11-13 10:52:10.154: 144 epsilon: 0.01
2024-11-13 10:52:10.154: 144 q: 6.6736083
2024-11-13 11:01:43.362: 145 test start:
2024-11-13 11:02:30.894: 145 avg_reward: 6069.5
2024-11-13 11:02:30.895: 145 avg_steps: 2394.8
2024-11-13 11:02:30.895: 145 epsilon: 0.01
2024-11-13 11:02:30.895: 145 q: 6.7083883
2024-11-13 11:11:47.865: 146 test start:
2024-11-13 11:12:29.287: 146 avg_reward: 5187.0
2024-11-13 11:12:29.287: 146 avg_steps: 2131.05
2024-11-13 11:12:29.287: 146 epsilon: 0.01
2024-11-13 11:12:29.287: 146 q: 6.6927004
2024-11-13 11:22:04.229: 147 test start:
2024-11-13 11:22:47.528: 147 avg_reward: 5362.0
2024-11-13 11:22:47.528: 147 avg_steps: 2227.7
2024-11-13 11:22:47.528: 147 epsilon: 0.01
2024-11-13 11:22:47.528: 147 q: 6.739045
2024-11-13 11:32:02.080: 148 test start:
2024-11-13 11:32:44.172: 148 avg_reward: 5514.5
2024-11-13 11:32:44.172: 148 avg_steps: 2182.1
2024-11-13 11:32:44.173: 148 epsilon: 0.01
2024-11-13 11:32:44.173: 148 q: 6.757178
2024-11-13 11:42:06.803: 149 test start:
2024-11-13 11:42:50.503: 149 avg_reward: 5268.5
2024-11-13 11:42:50.503: 149 avg_steps: 2295.75
2024-11-13 11:42:50.503: 149 epsilon: 0.01
2024-11-13 11:42:50.503: 149 q: 6.8009667
2024-11-13 11:52:13.891: 150 test start:
2024-11-13 11:52:58.682: 150 avg_reward: 5908.5
2024-11-13 11:52:58.682: 150 avg_steps: 2353.9
2024-11-13 11:52:58.682: 150 epsilon: 0.01
2024-11-13 11:52:58.682: 150 q: 6.815809
2024-11-13 12:02:36.089: 151 test start:
2024-11-13 12:03:22.360: 151 avg_reward: 7046.5
2024-11-13 12:03:22.360: 151 avg_steps: 2426.45
2024-11-13 12:03:22.360: 151 epsilon: 0.01
2024-11-13 12:03:22.360: 151 q: 6.804088
2024-11-13 12:12:34.029: 152 test start:
2024-11-13 12:13:15.389: 152 avg_reward: 5831.0
2024-11-13 12:13:15.389: 152 avg_steps: 2117.2
2024-11-13 12:13:15.389: 152 epsilon: 0.01
2024-11-13 12:13:15.389: 152 q: 6.783087
2024-11-13 12:22:51.861: 153 test start:
2024-11-13 12:23:43.341: 153 avg_reward: 10585.5
2024-11-13 12:23:43.342: 153 avg_steps: 2786.65
2024-11-13 12:23:43.342: 153 epsilon: 0.01
2024-11-13 12:23:43.342: 153 q: 6.812625
2024-11-13 12:33:04.729: 154 test start:
2024-11-13 12:33:52.643: 154 avg_reward: 6462.0
2024-11-13 12:33:52.643: 154 avg_steps: 2384.55
2024-11-13 12:33:52.643: 154 epsilon: 0.01
2024-11-13 12:33:52.643: 154 q: 6.8224053
2024-11-13 12:43:08.313: 155 test start:
2024-11-13 12:43:53.936: 155 avg_reward: 7566.0
2024-11-13 12:43:53.937: 155 avg_steps: 2416.3
2024-11-13 12:43:53.937: 155 epsilon: 0.01
2024-11-13 12:43:53.937: 155 q: 6.8909597
2024-11-13 12:53:17.222: 156 test start:
2024-11-13 12:53:55.404: 156 avg_reward: 5417.0
2024-11-13 12:53:55.404: 156 avg_steps: 1969.8
2024-11-13 12:53:55.404: 156 epsilon: 0.01
2024-11-13 12:53:55.404: 156 q: 6.933217
2024-11-13 13:02:56.454: 157 test start:
2024-11-13 13:03:41.374: 157 avg_reward: 6968.5
2024-11-13 13:03:41.374: 157 avg_steps: 2372.05
2024-11-13 13:03:41.374: 157 epsilon: 0.01
2024-11-13 13:03:41.374: 157 q: 6.990862
2024-11-13 13:13:20.366: 158 test start:
2024-11-13 13:13:58.666: 158 avg_reward: 6449.5
2024-11-13 13:13:58.666: 158 avg_steps: 1986.25
2024-11-13 13:13:58.666: 158 epsilon: 0.01
2024-11-13 13:13:58.666: 158 q: 6.9677687
2024-11-13 13:23:22.759: 159 test start:
2024-11-13 13:24:05.311: 159 avg_reward: 5879.0
2024-11-13 13:24:05.311: 159 avg_steps: 2180.5
2024-11-13 13:24:05.311: 159 epsilon: 0.01
2024-11-13 13:24:05.311: 159 q: 6.9833207
2024-11-13 13:33:49.635: 160 test start:
2024-11-13 13:34:31.013: 160 avg_reward: 7035.0
2024-11-13 13:34:31.014: 160 avg_steps: 2126.0
2024-11-13 13:34:31.014: 160 epsilon: 0.01
2024-11-13 13:34:31.014: 160 q: 7.0007725
2024-11-13 13:43:59.690: 161 test start:
2024-11-13 13:44:44.959: 161 avg_reward: 8966.5
2024-11-13 13:44:44.960: 161 avg_steps: 2360.65
2024-11-13 13:44:44.960: 161 epsilon: 0.01
2024-11-13 13:44:44.960: 161 q: 7.0971584
2024-11-13 13:54:27.526: 162 test start:
2024-11-13 13:54:55.220: 162 avg_reward: 3680.0
2024-11-13 13:54:55.220: 162 avg_steps: 1413.9
2024-11-13 13:54:55.220: 162 epsilon: 0.01
2024-11-13 13:54:55.220: 162 q: 7.099205
2024-11-13 14:04:20.023: 163 test start:
2024-11-13 14:05:04.462: 163 avg_reward: 6422.0
2024-11-13 14:05:04.462: 163 avg_steps: 2198.4
2024-11-13 14:05:04.462: 163 epsilon: 0.01
2024-11-13 14:05:04.462: 163 q: 7.1655617
2024-11-13 14:14:47.863: 164 test start:
2024-11-13 14:15:28.754: 164 avg_reward: 6408.0
2024-11-13 14:15:28.754: 164 avg_steps: 2142.7
2024-11-13 14:15:28.754: 164 epsilon: 0.01
2024-11-13 14:15:28.754: 164 q: 7.207169
2024-11-13 14:25:13.170: 165 test start:
2024-11-13 14:25:53.430: 165 avg_reward: 5666.5
2024-11-13 14:25:53.431: 165 avg_steps: 2006.15
2024-11-13 14:25:53.431: 165 epsilon: 0.01
2024-11-13 14:25:53.431: 165 q: 7.2651443
2024-11-13 14:35:19.010: 166 test start:
2024-11-13 14:35:50.559: 166 avg_reward: 4857.5
2024-11-13 14:35:50.560: 166 avg_steps: 1600.55
2024-11-13 14:35:50.560: 166 epsilon: 0.01
2024-11-13 14:35:50.560: 166 q: 7.254948
2024-11-13 14:45:23.490: 167 test start:
2024-11-13 14:46:02.962: 167 avg_reward: 6135.0
2024-11-13 14:46:02.963: 167 avg_steps: 2047.9
2024-11-13 14:46:02.963: 167 epsilon: 0.01
2024-11-13 14:46:02.963: 167 q: 7.253687
2024-11-13 14:55:14.454: 168 test start:
2024-11-13 14:55:59.448: 168 avg_reward: 7732.5
2024-11-13 14:55:59.448: 168 avg_steps: 2317.25
2024-11-13 14:55:59.448: 168 epsilon: 0.01
2024-11-13 14:55:59.448: 168 q: 7.2871456
2024-11-13 15:05:24.658: 169 test start:
2024-11-13 15:06:05.362: 169 avg_reward: 7133.5
2024-11-13 15:06:05.362: 169 avg_steps: 2086.9
2024-11-13 15:06:05.362: 169 epsilon: 0.01
2024-11-13 15:06:05.362: 169 q: 7.325637
2024-11-13 15:15:10.500: 170 test start:
2024-11-13 15:15:49.546: 170 avg_reward: 5174.0
2024-11-13 15:15:49.546: 170 avg_steps: 2023.2
2024-11-13 15:15:49.546: 170 epsilon: 0.01
2024-11-13 15:15:49.546: 170 q: 7.3570194
2024-11-13 15:25:09.783: 171 test start:
2024-11-13 15:25:45.243: 171 avg_reward: 4931.5
2024-11-13 15:25:45.244: 171 avg_steps: 1880.05
2024-11-13 15:25:45.244: 171 epsilon: 0.01
2024-11-13 15:25:45.244: 171 q: 7.399505
2024-11-13 15:34:50.366: 172 test start:
2024-11-13 15:35:26.657: 172 avg_reward: 6689.5
2024-11-13 15:35:26.657: 172 avg_steps: 1912.3
2024-11-13 15:35:26.657: 172 epsilon: 0.01
2024-11-13 15:35:26.657: 172 q: 7.362285
2024-11-13 15:44:44.309: 173 test start:
2024-11-13 15:45:22.290: 173 avg_reward: 6803.5
2024-11-13 15:45:22.290: 173 avg_steps: 1956.75
2024-11-13 15:45:22.290: 173 epsilon: 0.01
2024-11-13 15:45:22.291: 173 q: 7.4307613
2024-11-13 15:54:35.857: 174 test start:
2024-11-13 15:55:16.345: 174 avg_reward: 5741.0
2024-11-13 15:55:16.345: 174 avg_steps: 2072.5
2024-11-13 15:55:16.346: 174 epsilon: 0.01
2024-11-13 15:55:16.346: 174 q: 7.396745
2024-11-13 16:04:33.981: 175 test start:
2024-11-13 16:05:18.182: 175 avg_reward: 8614.0
2024-11-13 16:05:18.183: 175 avg_steps: 2384.45
2024-11-13 16:05:18.183: 175 epsilon: 0.01
2024-11-13 16:05:18.183: 175 q: 7.387783
2024-11-13 16:14:29.852: 176 test start:
2024-11-13 16:15:14.719: 176 avg_reward: 8103.5
2024-11-13 16:15:14.719: 176 avg_steps: 2346.15
2024-11-13 16:15:14.719: 176 epsilon: 0.01
2024-11-13 16:15:14.719: 176 q: 7.3697743
2024-11-13 16:24:23.934: 177 test start:
2024-11-13 16:25:12.822: 177 avg_reward: 8148.0
2024-11-13 16:25:12.823: 177 avg_steps: 2524.4
2024-11-13 16:25:12.823: 177 epsilon: 0.01
2024-11-13 16:25:12.823: 177 q: 7.353104
2024-11-13 16:34:26.475: 178 test start:
2024-11-13 16:35:12.888: 178 avg_reward: 7999.5
2024-11-13 16:35:12.888: 178 avg_steps: 2413.45
2024-11-13 16:35:12.888: 178 epsilon: 0.01
2024-11-13 16:35:12.889: 178 q: 7.3395233
2024-11-13 16:44:18.989: 179 test start:
2024-11-13 16:44:55.370: 179 avg_reward: 5936.0
2024-11-13 16:44:55.370: 179 avg_steps: 1859.95
2024-11-13 16:44:55.370: 179 epsilon: 0.01
2024-11-13 16:44:55.370: 179 q: 7.344437
2024-11-13 16:54:14.796: 180 test start:
2024-11-13 16:55:01.134: 180 avg_reward: 10764.0
2024-11-13 16:55:01.134: 180 avg_steps: 2402.4
2024-11-13 16:55:01.134: 180 epsilon: 0.01
2024-11-13 16:55:01.134: 180 q: 7.3959074
2024-11-13 17:04:16.035: 181 test start:
2024-11-13 17:05:03.006: 181 avg_reward: 7980.0
2024-11-13 17:05:03.006: 181 avg_steps: 2404.7
2024-11-13 17:05:03.006: 181 epsilon: 0.01
2024-11-13 17:05:03.006: 181 q: 7.4383197
2024-11-13 17:14:25.209: 182 test start:
2024-11-13 17:15:04.212: 182 avg_reward: 6691.5
2024-11-13 17:15:04.212: 182 avg_steps: 2021.85
2024-11-13 17:15:04.212: 182 epsilon: 0.01
2024-11-13 17:15:04.212: 182 q: 7.383336
2024-11-13 17:24:16.768: 183 test start:
2024-11-13 17:24:57.992: 183 avg_reward: 7308.5
2024-11-13 17:24:57.992: 183 avg_steps: 2138.7
2024-11-13 17:24:57.992: 183 epsilon: 0.01
2024-11-13 17:24:57.992: 183 q: 7.3571534
2024-11-13 17:34:19.301: 184 test start:
2024-11-13 17:35:07.860: 184 avg_reward: 9426.0
2024-11-13 17:35:07.860: 184 avg_steps: 2517.2
2024-11-13 17:35:07.860: 184 epsilon: 0.01
2024-11-13 17:35:07.860: 184 q: 7.449476
2024-11-13 17:44:19.345: 185 test start:
2024-11-13 17:44:59.865: 185 avg_reward: 5830.0
2024-11-13 17:44:59.865: 185 avg_steps: 2067.1
2024-11-13 17:44:59.865: 185 epsilon: 0.01
2024-11-13 17:44:59.865: 185 q: 7.446535
2024-11-13 17:54:22.345: 186 test start:
2024-11-13 17:54:56.159: 186 avg_reward: 4193.5
2024-11-13 17:54:56.159: 186 avg_steps: 1785.35
2024-11-13 17:54:56.160: 186 epsilon: 0.01
2024-11-13 17:54:56.160: 186 q: 7.420758
2024-11-13 18:04:11.205: 187 test start:
2024-11-13 18:04:43.136: 187 avg_reward: 3762.0
2024-11-13 18:04:43.136: 187 avg_steps: 1643.45
2024-11-13 18:04:43.136: 187 epsilon: 0.01
2024-11-13 18:04:43.136: 187 q: 7.4812384
2024-11-13 18:13:59.811: 188 test start:
2024-11-13 18:14:43.694: 188 avg_reward: 7724.0
2024-11-13 18:14:43.695: 188 avg_steps: 2308.9
2024-11-13 18:14:43.695: 188 epsilon: 0.01
2024-11-13 18:14:43.695: 188 q: 7.44742
2024-11-13 18:24:00.864: 189 test start:
2024-11-13 18:24:39.490: 189 avg_reward: 6231.5
2024-11-13 18:24:39.490: 189 avg_steps: 2051.8
2024-11-13 18:24:39.490: 189 epsilon: 0.01
2024-11-13 18:24:39.490: 189 q: 7.4433336
2024-11-13 18:33:51.436: 190 test start:
2024-11-13 18:34:32.658: 190 avg_reward: 7605.0
2024-11-13 18:34:32.658: 190 avg_steps: 2163.85
2024-11-13 18:34:32.658: 190 epsilon: 0.01
2024-11-13 18:34:32.658: 190 q: 7.3977365
2024-11-13 18:43:46.936: 191 test start:
2024-11-13 18:44:25.592: 191 avg_reward: 5617.0
2024-11-13 18:44:25.592: 191 avg_steps: 1998.5
2024-11-13 18:44:25.592: 191 epsilon: 0.01
2024-11-13 18:44:25.592: 191 q: 7.388451
2024-11-13 18:53:34.834: 192 test start:
2024-11-13 18:54:20.621: 192 avg_reward: 8000.5
2024-11-13 18:54:20.622: 192 avg_steps: 2319.45
2024-11-13 18:54:20.622: 192 epsilon: 0.01
2024-11-13 18:54:20.622: 192 q: 7.403827
2024-11-13 19:03:54.841: 193 test start:
2024-11-13 19:04:34.934: 193 avg_reward: 5633.0
2024-11-13 19:04:34.935: 193 avg_steps: 2043.75
2024-11-13 19:04:34.935: 193 epsilon: 0.01
2024-11-13 19:04:34.935: 193 q: 7.4130754
2024-11-13 19:13:44.930: 194 test start:
2024-11-13 19:14:23.710: 194 avg_reward: 5242.0
2024-11-13 19:14:23.710: 194 avg_steps: 2041.0
2024-11-13 19:14:23.711: 194 epsilon: 0.01
2024-11-13 19:14:23.711: 194 q: 7.410217
2024-11-13 19:23:44.040: 195 test start:
2024-11-13 19:24:31.540: 195 avg_reward: 8007.5
2024-11-13 19:24:31.541: 195 avg_steps: 2434.85
2024-11-13 19:24:31.541: 195 epsilon: 0.01
2024-11-13 19:24:31.541: 195 q: 7.45978
2024-11-13 19:33:56.471: 196 test start:
2024-11-13 19:34:43.053: 196 avg_reward: 8413.0
2024-11-13 19:34:43.053: 196 avg_steps: 2399.0
2024-11-13 19:34:43.053: 196 epsilon: 0.01
2024-11-13 19:34:43.053: 196 q: 7.515173
2024-11-13 19:44:09.888: 197 test start:
2024-11-13 19:44:50.980: 197 avg_reward: 7669.0
2024-11-13 19:44:50.980: 197 avg_steps: 2118.95
2024-11-13 19:44:50.980: 197 epsilon: 0.01
2024-11-13 19:44:50.980: 197 q: 7.4672217
2024-11-13 19:54:07.572: 198 test start:
2024-11-13 19:54:50.820: 198 avg_reward: 7060.0
2024-11-13 19:54:50.820: 198 avg_steps: 2163.2
2024-11-13 19:54:50.820: 198 epsilon: 0.01
2024-11-13 19:54:50.820: 198 q: 7.505387
2024-11-13 20:04:01.741: 199 test start:
2024-11-13 20:04:42.555: 199 avg_reward: 6284.5
2024-11-13 20:04:42.556: 199 avg_steps: 2120.4
2024-11-13 20:04:42.556: 199 epsilon: 0.01
2024-11-13 20:04:42.556: 199 q: 7.4526806
2024-11-13 20:13:57.581: 200 test start:
2024-11-13 20:14:47.657: 200 avg_reward: 10770.5
2024-11-13 20:14:47.657: 200 avg_steps: 2586.6
2024-11-13 20:14:47.657: 200 epsilon: 0.01
2024-11-13 20:14:47.657: 200 q: 7.4578247
