2024-11-09 17:21:59.562: 
parameters:agent_test_episodes: 20
batch_num_per_epoch: 250000
device: cuda:0
env_name: ALE/Seaquest-v5
epsilon_for_test: 0.001
epsilon_max: 0.1
epsilon_min: 0.01
exp_name: ALE-Seaquest-v5_2024-11-09-17-21-59
exp_path: ../exps/double_dqn/
exploration_steps: 1000000
gamma: 0.99
held_out_states_num: 1000
learning_rate: 0.00025
log_path: ../exps/double_dqn/
mini_batch_size: 32
model_update_freq: 4
n_times: 5
no_op: 30
phi_channel: 4
replay_buffer_size: 1000000
replay_start_size: 50000
save_model: true
screen_size: 84
seed: 0
skip_k_frame: 4
step_c: 30000
training_steps: 50000000

2024-11-09 17:21:59.966: optimizer: RMSprop (
Parameter Group 0
    alpha: 0.95
    centered: False
    differentiable: False
    eps: 0.01
    foreach: None
    lr: 0.00025
    maximize: False
    momentum: 0
    weight_decay: 0
)
2024-11-09 17:22:00.002: optimizer: RMSprop (
Parameter Group 0
    alpha: 0.95
    centered: False
    differentiable: False
    eps: 0.01
    foreach: None
    lr: 0.00025
    maximize: False
    momentum: 0
    weight_decay: 0
)
2024-11-09 17:30:54.137: 1 test start:
2024-11-09 17:31:01.473: 1 avg_reward: 80.0
2024-11-09 17:31:01.473: 1 avg_steps: 393.55
2024-11-09 17:31:01.473: 1 epsilon: 0.08196247000000001
2024-11-09 17:31:01.473: 1 q: 0.029731654
2024-11-09 17:40:44.007: 2 test start:
2024-11-09 17:40:56.158: 2 avg_reward: 106.0
2024-11-09 17:40:56.159: 2 avg_steps: 625.2
2024-11-09 17:40:56.159: 2 epsilon: 0.05947741
2024-11-09 17:40:56.159: 2 q: 0.04134341
2024-11-09 17:50:02.919: 3 test start:
2024-11-09 17:50:10.883: 3 avg_reward: 77.0
2024-11-09 17:50:10.883: 3 avg_steps: 403.5
2024-11-09 17:50:10.883: 3 epsilon: 0.036964899999999995
2024-11-09 17:50:10.883: 3 q: 0.07525146
2024-11-09 17:59:55.295: 4 test start:
2024-11-09 18:00:09.587: 4 avg_reward: 228.0
2024-11-09 18:00:09.587: 4 avg_steps: 753.45
2024-11-09 18:00:09.587: 4 epsilon: 0.014448969999999992
2024-11-09 18:00:09.587: 4 q: 0.08654541
2024-11-09 18:09:29.629: 5 test start:
2024-11-09 18:09:44.100: 5 avg_reward: 221.0
2024-11-09 18:09:44.100: 5 avg_steps: 727.85
2024-11-09 18:09:44.100: 5 epsilon: 0.01
2024-11-09 18:09:44.100: 5 q: 0.13422433
2024-11-09 18:19:16.703: 6 test start:
2024-11-09 18:19:32.921: 6 avg_reward: 286.0
2024-11-09 18:19:32.921: 6 avg_steps: 867.95
2024-11-09 18:19:32.922: 6 epsilon: 0.01
2024-11-09 18:19:32.922: 6 q: 0.16595191
2024-11-09 18:29:00.256: 7 test start:
2024-11-09 18:29:13.136: 7 avg_reward: 167.0
2024-11-09 18:29:13.136: 7 avg_steps: 679.45
2024-11-09 18:29:13.136: 7 epsilon: 0.01
2024-11-09 18:29:13.136: 7 q: 0.21486728
2024-11-09 18:38:41.344: 8 test start:
2024-11-09 18:38:55.613: 8 avg_reward: 262.0
2024-11-09 18:38:55.613: 8 avg_steps: 807.45
2024-11-09 18:38:55.614: 8 epsilon: 0.01
2024-11-09 18:38:55.614: 8 q: 0.33464447
2024-11-09 18:48:28.636: 9 test start:
2024-11-09 18:48:51.838: 9 avg_reward: 432.0
2024-11-09 18:48:51.838: 9 avg_steps: 1174.55
2024-11-09 18:48:51.838: 9 epsilon: 0.01
2024-11-09 18:48:51.838: 9 q: 0.31803355
2024-11-09 18:58:14.898: 10 test start:
2024-11-09 18:58:53.756: 10 avg_reward: 777.0
2024-11-09 18:58:53.757: 10 avg_steps: 2027.4
2024-11-09 18:58:53.757: 10 epsilon: 0.01
2024-11-09 18:58:53.757: 10 q: 0.32327002
2024-11-09 19:08:29.292: 11 test start:
2024-11-09 19:08:59.696: 11 avg_reward: 565.0
2024-11-09 19:08:59.696: 11 avg_steps: 1508.1
2024-11-09 19:08:59.696: 11 epsilon: 0.01
2024-11-09 19:08:59.696: 11 q: 0.34600505
2024-11-09 19:18:19.727: 12 test start:
2024-11-09 19:18:40.601: 12 avg_reward: 374.0
2024-11-09 19:18:40.601: 12 avg_steps: 1071.7
2024-11-09 19:18:40.601: 12 epsilon: 0.01
2024-11-09 19:18:40.601: 12 q: 0.40804392
2024-11-09 19:28:20.978: 13 test start:
2024-11-09 19:28:42.270: 13 avg_reward: 379.0
2024-11-09 19:28:42.270: 13 avg_steps: 1055.95
2024-11-09 19:28:42.270: 13 epsilon: 0.01
2024-11-09 19:28:42.270: 13 q: 0.4106444
2024-11-09 19:37:57.088: 14 test start:
2024-11-09 19:38:15.273: 14 avg_reward: 352.0
2024-11-09 19:38:15.273: 14 avg_steps: 929.1
2024-11-09 19:38:15.273: 14 epsilon: 0.01
2024-11-09 19:38:15.273: 14 q: 0.4558297
2024-11-09 19:47:58.787: 15 test start:
2024-11-09 19:48:12.214: 15 avg_reward: 237.0
2024-11-09 19:48:12.215: 15 avg_steps: 665.05
2024-11-09 19:48:12.215: 15 epsilon: 0.01
2024-11-09 19:48:12.215: 15 q: 0.47848272
2024-11-09 19:57:25.187: 16 test start:
2024-11-09 19:57:38.639: 16 avg_reward: 264.0
2024-11-09 19:57:38.639: 16 avg_steps: 686.15
2024-11-09 19:57:38.639: 16 epsilon: 0.01
2024-11-09 19:57:38.639: 16 q: 0.48823944
2024-11-09 20:07:26.305: 17 test start:
2024-11-09 20:07:37.239: 17 avg_reward: 193.0
2024-11-09 20:07:37.240: 17 avg_steps: 539.1
2024-11-09 20:07:37.240: 17 epsilon: 0.01
2024-11-09 20:07:37.240: 17 q: 0.53841555
2024-11-09 20:16:51.944: 18 test start:
2024-11-09 20:17:04.633: 18 avg_reward: 255.0
2024-11-09 20:17:04.633: 18 avg_steps: 653.3
2024-11-09 20:17:04.633: 18 epsilon: 0.01
2024-11-09 20:17:04.633: 18 q: 0.57056224
2024-11-09 20:26:54.262: 19 test start:
2024-11-09 20:27:05.180: 19 avg_reward: 205.0
2024-11-09 20:27:05.180: 19 avg_steps: 540.95
2024-11-09 20:27:05.180: 19 epsilon: 0.01
2024-11-09 20:27:05.180: 19 q: 0.61871874
2024-11-09 20:36:18.483: 20 test start:
2024-11-09 20:36:29.769: 20 avg_reward: 230.0
2024-11-09 20:36:29.769: 20 avg_steps: 576.25
2024-11-09 20:36:29.769: 20 epsilon: 0.01
2024-11-09 20:36:29.769: 20 q: 0.6737534
2024-11-09 20:46:19.910: 21 test start:
2024-11-09 20:46:33.533: 21 avg_reward: 307.0
2024-11-09 20:46:33.533: 21 avg_steps: 676.9
2024-11-09 20:46:33.533: 21 epsilon: 0.01
2024-11-09 20:46:33.533: 21 q: 0.70605093
2024-11-09 20:55:45.734: 22 test start:
2024-11-09 20:56:00.271: 22 avg_reward: 356.0
2024-11-09 20:56:00.271: 22 avg_steps: 731.9
2024-11-09 20:56:00.271: 22 epsilon: 0.01
2024-11-09 20:56:00.271: 22 q: 0.7402931
2024-11-09 21:05:51.729: 23 test start:
2024-11-09 21:06:06.284: 23 avg_reward: 363.0
2024-11-09 21:06:06.284: 23 avg_steps: 741.6
2024-11-09 21:06:06.284: 23 epsilon: 0.01
2024-11-09 21:06:06.284: 23 q: 0.80346274
2024-11-09 21:15:19.959: 24 test start:
2024-11-09 21:15:39.787: 24 avg_reward: 571.0
2024-11-09 21:15:39.787: 24 avg_steps: 983.7
2024-11-09 21:15:39.787: 24 epsilon: 0.01
2024-11-09 21:15:39.787: 24 q: 0.809238
2024-11-09 21:25:30.928: 25 test start:
2024-11-09 21:26:02.206: 25 avg_reward: 903.0
2024-11-09 21:26:02.207: 25 avg_steps: 1612.85
2024-11-09 21:26:02.207: 25 epsilon: 0.01
2024-11-09 21:26:02.207: 25 q: 0.8384443
2024-11-09 21:35:20.303: 26 test start:
2024-11-09 21:35:49.838: 26 avg_reward: 926.0
2024-11-09 21:35:49.838: 26 avg_steps: 1467.15
2024-11-09 21:35:49.838: 26 epsilon: 0.01
2024-11-09 21:35:49.838: 26 q: 0.8866094
2024-11-09 21:45:33.316: 27 test start:
2024-11-09 21:46:04.798: 27 avg_reward: 1188.0
2024-11-09 21:46:04.798: 27 avg_steps: 1613.45
2024-11-09 21:46:04.798: 27 epsilon: 0.01
2024-11-09 21:46:04.798: 27 q: 0.94991404
2024-11-09 21:55:24.131: 28 test start:
2024-11-09 21:56:04.761: 28 avg_reward: 1571.0
2024-11-09 21:56:04.761: 28 avg_steps: 2020.3
2024-11-09 21:56:04.761: 28 epsilon: 0.01
2024-11-09 21:56:04.761: 28 q: 0.94385123
2024-11-09 22:05:40.215: 29 test start:
2024-11-09 22:06:12.867: 29 avg_reward: 1262.0
2024-11-09 22:06:12.867: 29 avg_steps: 1694.4
2024-11-09 22:06:12.868: 29 epsilon: 0.01
2024-11-09 22:06:12.868: 29 q: 1.0078079
2024-11-09 22:15:38.358: 30 test start:
2024-11-09 22:16:18.582: 30 avg_reward: 1571.0
2024-11-09 22:16:18.582: 30 avg_steps: 2012.0
2024-11-09 22:16:18.582: 30 epsilon: 0.01
2024-11-09 22:16:18.582: 30 q: 1.0929546
2024-11-09 22:25:49.917: 31 test start:
2024-11-09 22:26:20.427: 31 avg_reward: 1194.0
2024-11-09 22:26:20.428: 31 avg_steps: 1565.55
2024-11-09 22:26:20.428: 31 epsilon: 0.01
2024-11-09 22:26:20.428: 31 q: 1.1151814
2024-11-09 22:35:49.005: 32 test start:
2024-11-09 22:36:20.519: 32 avg_reward: 1164.0
2024-11-09 22:36:20.519: 32 avg_steps: 1556.1
2024-11-09 22:36:20.519: 32 epsilon: 0.01
2024-11-09 22:36:20.519: 32 q: 1.1446875
2024-11-09 22:45:50.593: 33 test start:
2024-11-09 22:46:22.942: 33 avg_reward: 1272.0
2024-11-09 22:46:22.942: 33 avg_steps: 1664.0
2024-11-09 22:46:22.942: 33 epsilon: 0.01
2024-11-09 22:46:22.942: 33 q: 1.1789104
2024-11-09 22:56:00.216: 34 test start:
2024-11-09 22:56:33.868: 34 avg_reward: 1306.0
2024-11-09 22:56:33.868: 34 avg_steps: 1666.0
2024-11-09 22:56:33.868: 34 epsilon: 0.01
2024-11-09 22:56:33.868: 34 q: 1.2183911
2024-11-09 23:05:59.079: 35 test start:
2024-11-09 23:06:33.633: 35 avg_reward: 1417.0
2024-11-09 23:06:33.633: 35 avg_steps: 1785.75
2024-11-09 23:06:33.634: 35 epsilon: 0.01
2024-11-09 23:06:33.634: 35 q: 1.2300003
2024-11-09 23:16:11.624: 36 test start:
2024-11-09 23:16:47.324: 36 avg_reward: 1434.0
2024-11-09 23:16:47.324: 36 avg_steps: 1769.25
2024-11-09 23:16:47.324: 36 epsilon: 0.01
2024-11-09 23:16:47.324: 36 q: 1.2877215
2024-11-09 23:26:08.463: 37 test start:
2024-11-09 23:26:43.750: 37 avg_reward: 1546.0
2024-11-09 23:26:43.750: 37 avg_steps: 1816.05
2024-11-09 23:26:43.750: 37 epsilon: 0.01
2024-11-09 23:26:43.750: 37 q: 1.3495616
2024-11-09 23:36:27.733: 38 test start:
2024-11-09 23:37:08.028: 38 avg_reward: 1780.0
2024-11-09 23:37:08.028: 38 avg_steps: 2001.3
2024-11-09 23:37:08.029: 38 epsilon: 0.01
2024-11-09 23:37:08.029: 38 q: 1.370277
2024-11-09 23:46:23.835: 39 test start:
2024-11-09 23:46:58.165: 39 avg_reward: 1566.0
2024-11-09 23:46:58.166: 39 avg_steps: 1741.65
2024-11-09 23:46:58.166: 39 epsilon: 0.01
2024-11-09 23:46:58.166: 39 q: 1.4051704
2024-11-09 23:56:47.055: 40 test start:
2024-11-09 23:57:21.747: 40 avg_reward: 1682.0
2024-11-09 23:57:21.747: 40 avg_steps: 1839.55
2024-11-09 23:57:21.747: 40 epsilon: 0.01
2024-11-09 23:57:21.747: 40 q: 1.4584708
2024-11-10 00:06:31.333: 41 test start:
2024-11-10 00:07:05.909: 41 avg_reward: 1655.0
2024-11-10 00:07:05.909: 41 avg_steps: 1755.15
2024-11-10 00:07:05.909: 41 epsilon: 0.01
2024-11-10 00:07:05.909: 41 q: 1.5291985
2024-11-10 00:16:51.271: 42 test start:
2024-11-10 00:17:22.281: 42 avg_reward: 1589.0
2024-11-10 00:17:22.281: 42 avg_steps: 1619.2
2024-11-10 00:17:22.281: 42 epsilon: 0.01
2024-11-10 00:17:22.281: 42 q: 1.5703905
2024-11-10 00:26:41.424: 43 test start:
2024-11-10 00:27:14.550: 43 avg_reward: 1658.0
2024-11-10 00:27:14.551: 43 avg_steps: 1683.8
2024-11-10 00:27:14.551: 43 epsilon: 0.01
2024-11-10 00:27:14.551: 43 q: 1.5954443
2024-11-10 00:36:54.991: 44 test start:
2024-11-10 00:37:30.620: 44 avg_reward: 1927.0
2024-11-10 00:37:30.621: 44 avg_steps: 1876.35
2024-11-10 00:37:30.621: 44 epsilon: 0.01
2024-11-10 00:37:30.621: 44 q: 1.6347445
2024-11-10 00:46:53.736: 45 test start:
2024-11-10 00:47:35.092: 45 avg_reward: 2206.0
2024-11-10 00:47:35.092: 45 avg_steps: 2091.1
2024-11-10 00:47:35.092: 45 epsilon: 0.01
2024-11-10 00:47:35.092: 45 q: 1.6691443
2024-11-10 00:57:10.283: 46 test start:
2024-11-10 00:57:50.787: 46 avg_reward: 2233.0
2024-11-10 00:57:50.787: 46 avg_steps: 2110.35
2024-11-10 00:57:50.787: 46 epsilon: 0.01
2024-11-10 00:57:50.787: 46 q: 1.7380539
2024-11-10 01:07:16.213: 47 test start:
2024-11-10 01:08:00.377: 47 avg_reward: 2384.0
2024-11-10 01:08:00.377: 47 avg_steps: 2214.4
2024-11-10 01:08:00.377: 47 epsilon: 0.01
2024-11-10 01:08:00.377: 47 q: 1.8057172
2024-11-10 01:17:31.736: 48 test start:
2024-11-10 01:18:11.570: 48 avg_reward: 2334.0
2024-11-10 01:18:11.570: 48 avg_steps: 2091.15
2024-11-10 01:18:11.570: 48 epsilon: 0.01
2024-11-10 01:18:11.570: 48 q: 1.8722718
2024-11-10 01:27:43.265: 49 test start:
2024-11-10 01:28:23.759: 49 avg_reward: 2302.0
2024-11-10 01:28:23.760: 49 avg_steps: 2060.6
2024-11-10 01:28:23.760: 49 epsilon: 0.01
2024-11-10 01:28:23.760: 49 q: 1.9419545
2024-11-10 01:37:48.541: 50 test start:
2024-11-10 01:38:32.226: 50 avg_reward: 2568.0
2024-11-10 01:38:32.226: 50 avg_steps: 2262.5
2024-11-10 01:38:32.226: 50 epsilon: 0.01
2024-11-10 01:38:32.226: 50 q: 1.9665266
2024-11-10 01:48:05.911: 51 test start:
2024-11-10 01:48:49.613: 51 avg_reward: 2503.0
2024-11-10 01:48:49.614: 51 avg_steps: 2195.0
2024-11-10 01:48:49.614: 51 epsilon: 0.01
2024-11-10 01:48:49.614: 51 q: 2.0306818
2024-11-10 01:58:06.695: 52 test start:
2024-11-10 01:58:48.317: 52 avg_reward: 2465.0
2024-11-10 01:58:48.317: 52 avg_steps: 2154.0
2024-11-10 01:58:48.317: 52 epsilon: 0.01
2024-11-10 01:58:48.317: 52 q: 2.0671136
2024-11-10 02:08:33.215: 53 test start:
2024-11-10 02:09:16.910: 53 avg_reward: 2504.0
2024-11-10 02:09:16.910: 53 avg_steps: 2185.05
2024-11-10 02:09:16.910: 53 epsilon: 0.01
2024-11-10 02:09:16.910: 53 q: 2.1550982
2024-11-10 02:18:27.077: 54 test start:
2024-11-10 02:19:11.901: 54 avg_reward: 2570.0
2024-11-10 02:19:11.901: 54 avg_steps: 2254.8
2024-11-10 02:19:11.901: 54 epsilon: 0.01
2024-11-10 02:19:11.901: 54 q: 2.1786337
2024-11-10 02:28:56.162: 55 test start:
2024-11-10 02:29:30.271: 55 avg_reward: 1933.0
2024-11-10 02:29:30.271: 55 avg_steps: 1745.2
2024-11-10 02:29:30.271: 55 epsilon: 0.01
2024-11-10 02:29:30.271: 55 q: 2.2089453
2024-11-10 02:38:45.917: 56 test start:
2024-11-10 02:39:29.915: 56 avg_reward: 2561.0
2024-11-10 02:39:29.915: 56 avg_steps: 2225.9
2024-11-10 02:39:29.915: 56 epsilon: 0.01
2024-11-10 02:39:29.915: 56 q: 2.2646625
2024-11-10 02:49:07.980: 57 test start:
2024-11-10 02:49:48.917: 57 avg_reward: 2490.0
2024-11-10 02:49:48.917: 57 avg_steps: 2134.35
2024-11-10 02:49:48.917: 57 epsilon: 0.01
2024-11-10 02:49:48.917: 57 q: 2.2829263
2024-11-10 02:59:08.767: 58 test start:
2024-11-10 02:59:52.874: 58 avg_reward: 2587.0
2024-11-10 02:59:52.874: 58 avg_steps: 2229.9
2024-11-10 02:59:52.874: 58 epsilon: 0.01
2024-11-10 02:59:52.874: 58 q: 2.3246772
2024-11-10 03:09:30.682: 59 test start:
2024-11-10 03:10:09.376: 59 avg_reward: 2471.0
2024-11-10 03:10:09.376: 59 avg_steps: 2103.05
2024-11-10 03:10:09.376: 59 epsilon: 0.01
2024-11-10 03:10:09.376: 59 q: 2.3764164
2024-11-10 03:19:33.101: 60 test start:
2024-11-10 03:20:16.687: 60 avg_reward: 2689.0
2024-11-10 03:20:16.687: 60 avg_steps: 2250.3
2024-11-10 03:20:16.687: 60 epsilon: 0.01
2024-11-10 03:20:16.687: 60 q: 2.4258945
2024-11-10 03:29:49.237: 61 test start:
2024-11-10 03:30:29.687: 61 avg_reward: 2443.0
2024-11-10 03:30:29.687: 61 avg_steps: 2083.05
2024-11-10 03:30:29.688: 61 epsilon: 0.01
2024-11-10 03:30:29.688: 61 q: 2.4457061
2024-11-10 03:39:57.951: 62 test start:
2024-11-10 03:40:38.418: 62 avg_reward: 2339.0
2024-11-10 03:40:38.418: 62 avg_steps: 1993.05
2024-11-10 03:40:38.418: 62 epsilon: 0.01
2024-11-10 03:40:38.418: 62 q: 2.4887342
2024-11-10 03:49:51.189: 63 test start:
2024-11-10 03:50:34.276: 63 avg_reward: 2723.0
2024-11-10 03:50:34.276: 63 avg_steps: 2211.5
2024-11-10 03:50:34.276: 63 epsilon: 0.01
2024-11-10 03:50:34.276: 63 q: 2.5453382
2024-11-10 04:00:05.808: 64 test start:
2024-11-10 04:00:42.678: 64 avg_reward: 2257.5
2024-11-10 04:00:42.678: 64 avg_steps: 1835.95
2024-11-10 04:00:42.678: 64 epsilon: 0.01
2024-11-10 04:00:42.678: 64 q: 2.6006958
2024-11-10 04:09:55.775: 65 test start:
2024-11-10 04:10:34.093: 65 avg_reward: 2370.0
2024-11-10 04:10:34.093: 65 avg_steps: 1970.75
2024-11-10 04:10:34.093: 65 epsilon: 0.01
2024-11-10 04:10:34.093: 65 q: 2.6877358
2024-11-10 04:20:05.951: 66 test start:
2024-11-10 04:20:47.334: 66 avg_reward: 2560.5
2024-11-10 04:20:47.334: 66 avg_steps: 2057.85
2024-11-10 04:20:47.334: 66 epsilon: 0.01
2024-11-10 04:20:47.334: 66 q: 2.7264125
2024-11-10 04:29:57.159: 67 test start:
2024-11-10 04:30:32.992: 67 avg_reward: 2238.0
2024-11-10 04:30:32.992: 67 avg_steps: 1853.55
2024-11-10 04:30:32.992: 67 epsilon: 0.01
2024-11-10 04:30:32.992: 67 q: 2.792733
2024-11-10 04:40:07.685: 68 test start:
2024-11-10 04:40:47.149: 68 avg_reward: 2503.0
2024-11-10 04:40:47.149: 68 avg_steps: 2055.15
2024-11-10 04:40:47.149: 68 epsilon: 0.01
2024-11-10 04:40:47.149: 68 q: 2.8541508
2024-11-10 04:49:55.818: 69 test start:
2024-11-10 04:50:32.198: 69 avg_reward: 2653.0
2024-11-10 04:50:32.199: 69 avg_steps: 1802.2
2024-11-10 04:50:32.199: 69 epsilon: 0.01
2024-11-10 04:50:32.199: 69 q: 2.9142675
2024-11-10 05:00:08.247: 70 test start:
2024-11-10 05:00:46.662: 70 avg_reward: 2777.0
2024-11-10 05:00:46.662: 70 avg_steps: 1984.25
2024-11-10 05:00:46.662: 70 epsilon: 0.01
2024-11-10 05:00:46.662: 70 q: 2.9774213
2024-11-10 05:09:55.443: 71 test start:
2024-11-10 05:10:40.117: 71 avg_reward: 3789.0
2024-11-10 05:10:40.117: 71 avg_steps: 2227.75
2024-11-10 05:10:40.117: 71 epsilon: 0.01
2024-11-10 05:10:40.117: 71 q: 3.0863488
2024-11-10 05:20:07.756: 72 test start:
2024-11-10 05:20:43.980: 72 avg_reward: 2721.0
2024-11-10 05:20:43.980: 72 avg_steps: 1945.65
2024-11-10 05:20:43.980: 72 epsilon: 0.01
2024-11-10 05:20:43.980: 72 q: 3.1034214
2024-11-10 05:30:01.579: 73 test start:
2024-11-10 05:30:47.111: 73 avg_reward: 3487.0
2024-11-10 05:30:47.111: 73 avg_steps: 2320.45
2024-11-10 05:30:47.111: 73 epsilon: 0.01
2024-11-10 05:30:47.111: 73 q: 3.1668675
2024-11-10 05:39:57.103: 74 test start:
2024-11-10 05:40:40.375: 74 avg_reward: 3397.0
2024-11-10 05:40:40.375: 74 avg_steps: 2285.75
2024-11-10 05:40:40.375: 74 epsilon: 0.01
2024-11-10 05:40:40.375: 74 q: 3.230534
2024-11-10 05:50:01.816: 75 test start:
2024-11-10 05:50:43.905: 75 avg_reward: 3669.5
2024-11-10 05:50:43.905: 75 avg_steps: 2194.25
2024-11-10 05:50:43.905: 75 epsilon: 0.01
2024-11-10 05:50:43.905: 75 q: 3.2623782
2024-11-10 05:59:52.029: 76 test start:
2024-11-10 06:00:34.904: 76 avg_reward: 3100.0
2024-11-10 06:00:34.904: 76 avg_steps: 2197.3
2024-11-10 06:00:34.904: 76 epsilon: 0.01
2024-11-10 06:00:34.904: 76 q: 3.2959778
2024-11-10 06:09:43.912: 77 test start:
2024-11-10 06:10:22.787: 77 avg_reward: 3039.0
2024-11-10 06:10:22.787: 77 avg_steps: 1984.25
2024-11-10 06:10:22.788: 77 epsilon: 0.01
2024-11-10 06:10:22.788: 77 q: 3.3203173
2024-11-10 06:19:36.554: 78 test start:
2024-11-10 06:20:14.161: 78 avg_reward: 2975.5
2024-11-10 06:20:14.161: 78 avg_steps: 1936.0
2024-11-10 06:20:14.161: 78 epsilon: 0.01
2024-11-10 06:20:14.161: 78 q: 3.3498414
2024-11-10 06:29:19.923: 79 test start:
2024-11-10 06:30:06.109: 79 avg_reward: 4852.5
2024-11-10 06:30:06.109: 79 avg_steps: 2306.85
2024-11-10 06:30:06.110: 79 epsilon: 0.01
2024-11-10 06:30:06.110: 79 q: 3.3949296
2024-11-10 06:39:26.992: 80 test start:
2024-11-10 06:40:03.811: 80 avg_reward: 3884.0
2024-11-10 06:40:03.812: 80 avg_steps: 1959.65
2024-11-10 06:40:03.812: 80 epsilon: 0.01
2024-11-10 06:40:03.812: 80 q: 3.4586792
2024-11-10 06:49:16.422: 81 test start:
2024-11-10 06:50:02.285: 81 avg_reward: 3934.5
2024-11-10 06:50:02.285: 81 avg_steps: 2280.65
2024-11-10 06:50:02.285: 81 epsilon: 0.01
2024-11-10 06:50:02.285: 81 q: 3.480814
2024-11-10 06:59:11.052: 82 test start:
2024-11-10 06:59:49.516: 82 avg_reward: 3146.0
2024-11-10 06:59:49.516: 82 avg_steps: 2038.15
2024-11-10 06:59:49.516: 82 epsilon: 0.01
2024-11-10 06:59:49.516: 82 q: 3.5571146
2024-11-10 07:09:09.391: 83 test start:
2024-11-10 07:09:46.803: 83 avg_reward: 2932.0
2024-11-10 07:09:46.803: 83 avg_steps: 1900.25
2024-11-10 07:09:46.803: 83 epsilon: 0.01
2024-11-10 07:09:46.803: 83 q: 3.617906
2024-11-10 07:18:46.494: 84 test start:
2024-11-10 07:19:22.589: 84 avg_reward: 3023.0
2024-11-10 07:19:22.589: 84 avg_steps: 1872.05
2024-11-10 07:19:22.589: 84 epsilon: 0.01
2024-11-10 07:19:22.589: 84 q: 3.6835873
2024-11-10 07:28:46.481: 85 test start:
2024-11-10 07:29:25.847: 85 avg_reward: 3182.5
2024-11-10 07:29:25.848: 85 avg_steps: 2042.8
2024-11-10 07:29:25.848: 85 epsilon: 0.01
2024-11-10 07:29:25.848: 85 q: 3.7138345
2024-11-10 07:38:20.389: 86 test start:
2024-11-10 07:39:03.643: 86 avg_reward: 3868.5
2024-11-10 07:39:03.643: 86 avg_steps: 2224.2
2024-11-10 07:39:03.648: 86 epsilon: 0.01
2024-11-10 07:39:03.648: 86 q: 3.7268145
2024-11-10 07:48:28.524: 87 test start:
2024-11-10 07:49:04.438: 87 avg_reward: 2865.0
2024-11-10 07:49:04.438: 87 avg_steps: 1842.8
2024-11-10 07:49:04.438: 87 epsilon: 0.01
2024-11-10 07:49:04.438: 87 q: 3.7421708
2024-11-10 07:58:00.516: 88 test start:
2024-11-10 07:58:40.678: 88 avg_reward: 3198.5
2024-11-10 07:58:40.678: 88 avg_steps: 2059.95
2024-11-10 07:58:40.678: 88 epsilon: 0.01
2024-11-10 07:58:40.678: 88 q: 3.8118129
2024-11-10 08:08:06.478: 89 test start:
2024-11-10 08:08:38.794: 89 avg_reward: 2726.0
2024-11-10 08:08:38.794: 89 avg_steps: 1673.95
2024-11-10 08:08:38.794: 89 epsilon: 0.01
2024-11-10 08:08:38.794: 89 q: 3.8921518
2024-11-10 08:17:42.549: 90 test start:
2024-11-10 08:18:12.481: 90 avg_reward: 2332.5
2024-11-10 08:18:12.481: 90 avg_steps: 1593.15
2024-11-10 08:18:12.481: 90 epsilon: 0.01
2024-11-10 08:18:12.481: 90 q: 3.9632375
2024-11-10 08:27:35.325: 91 test start:
2024-11-10 08:28:13.921: 91 avg_reward: 3952.0
2024-11-10 08:28:13.922: 91 avg_steps: 2020.0
2024-11-10 08:28:13.922: 91 epsilon: 0.01
2024-11-10 08:28:13.922: 91 q: 3.9956942
2024-11-10 08:37:16.544: 92 test start:
2024-11-10 08:37:54.639: 92 avg_reward: 4033.5
2024-11-10 08:37:54.639: 92 avg_steps: 1985.9
2024-11-10 08:37:54.639: 92 epsilon: 0.01
2024-11-10 08:37:54.639: 92 q: 4.038663
2024-11-10 08:47:18.108: 93 test start:
2024-11-10 08:48:02.114: 93 avg_reward: 4654.0
2024-11-10 08:48:02.114: 93 avg_steps: 2230.4
2024-11-10 08:48:02.114: 93 epsilon: 0.01
2024-11-10 08:48:02.114: 93 q: 4.09749
2024-11-10 08:56:56.019: 94 test start:
2024-11-10 08:57:30.449: 94 avg_reward: 2953.5
2024-11-10 08:57:30.449: 94 avg_steps: 1765.1
2024-11-10 08:57:30.449: 94 epsilon: 0.01
2024-11-10 08:57:30.449: 94 q: 4.137169
2024-11-10 09:06:51.873: 95 test start:
2024-11-10 09:07:29.146: 95 avg_reward: 3036.5
2024-11-10 09:07:29.146: 95 avg_steps: 2000.95
2024-11-10 09:07:29.146: 95 epsilon: 0.01
2024-11-10 09:07:29.146: 95 q: 4.184095
2024-11-10 09:16:34.191: 96 test start:
2024-11-10 09:17:15.171: 96 avg_reward: 3703.0
2024-11-10 09:17:15.171: 96 avg_steps: 2054.95
2024-11-10 09:17:15.171: 96 epsilon: 0.01
2024-11-10 09:17:15.171: 96 q: 4.227948
2024-11-10 09:26:26.275: 97 test start:
2024-11-10 09:27:01.464: 97 avg_reward: 2855.0
2024-11-10 09:27:01.464: 97 avg_steps: 1889.05
2024-11-10 09:27:01.464: 97 epsilon: 0.01
2024-11-10 09:27:01.465: 97 q: 4.2764444
2024-11-10 09:36:16.424: 98 test start:
2024-11-10 09:36:55.371: 98 avg_reward: 3246.5
2024-11-10 09:36:55.371: 98 avg_steps: 1940.35
2024-11-10 09:36:55.372: 98 epsilon: 0.01
2024-11-10 09:36:55.372: 98 q: 4.2933497
2024-11-10 09:45:57.717: 99 test start:
2024-11-10 09:46:30.984: 99 avg_reward: 2827.0
2024-11-10 09:46:30.985: 99 avg_steps: 1774.3
2024-11-10 09:46:30.985: 99 epsilon: 0.01
2024-11-10 09:46:30.985: 99 q: 4.3446875
2024-11-10 09:55:54.170: 100 test start:
2024-11-10 09:56:32.496: 100 avg_reward: 3227.5
2024-11-10 09:56:32.497: 100 avg_steps: 1992.2
2024-11-10 09:56:32.497: 100 epsilon: 0.01
2024-11-10 09:56:32.497: 100 q: 4.387748
2024-11-10 10:05:32.498: 101 test start:
2024-11-10 10:06:13.623: 101 avg_reward: 3586.5
2024-11-10 10:06:13.623: 101 avg_steps: 2121.4
2024-11-10 10:06:13.623: 101 epsilon: 0.01
2024-11-10 10:06:13.624: 101 q: 4.454897
2024-11-10 10:15:33.801: 102 test start:
2024-11-10 10:16:08.808: 102 avg_reward: 3423.0
2024-11-10 10:16:08.808: 102 avg_steps: 1813.0
2024-11-10 10:16:08.808: 102 epsilon: 0.01
2024-11-10 10:16:08.808: 102 q: 4.5356603
2024-11-10 10:25:06.013: 103 test start:
2024-11-10 10:25:48.707: 103 avg_reward: 4546.0
2024-11-10 10:25:48.708: 103 avg_steps: 2210.45
2024-11-10 10:25:48.708: 103 epsilon: 0.01
2024-11-10 10:25:48.708: 103 q: 4.577745
2024-11-10 10:35:09.660: 104 test start:
2024-11-10 10:35:42.537: 104 avg_reward: 2821.5
2024-11-10 10:35:42.537: 104 avg_steps: 1719.1
2024-11-10 10:35:42.537: 104 epsilon: 0.01
2024-11-10 10:35:42.537: 104 q: 4.618449
2024-11-10 10:44:46.606: 105 test start:
2024-11-10 10:45:23.526: 105 avg_reward: 3505.5
2024-11-10 10:45:23.527: 105 avg_steps: 1920.85
2024-11-10 10:45:23.527: 105 epsilon: 0.01
2024-11-10 10:45:23.527: 105 q: 4.589712
2024-11-10 10:54:39.227: 106 test start:
2024-11-10 10:55:16.086: 106 avg_reward: 3735.0
2024-11-10 10:55:16.086: 106 avg_steps: 1928.4
2024-11-10 10:55:16.086: 106 epsilon: 0.01
2024-11-10 10:55:16.086: 106 q: 4.614405
2024-11-10 11:04:22.549: 107 test start:
2024-11-10 11:04:57.294: 107 avg_reward: 2716.0
2024-11-10 11:04:57.294: 107 avg_steps: 1802.7
2024-11-10 11:04:57.294: 107 epsilon: 0.01
2024-11-10 11:04:57.294: 107 q: 4.639436
2024-11-10 11:14:19.838: 108 test start:
2024-11-10 11:15:04.705: 108 avg_reward: 4525.5
2024-11-10 11:15:04.705: 108 avg_steps: 2334.6
2024-11-10 11:15:04.705: 108 epsilon: 0.01
2024-11-10 11:15:04.705: 108 q: 4.6903644
2024-11-10 11:24:12.871: 109 test start:
2024-11-10 11:24:51.705: 109 avg_reward: 3608.5
2024-11-10 11:24:51.705: 109 avg_steps: 2015.55
2024-11-10 11:24:51.705: 109 epsilon: 0.01
2024-11-10 11:24:51.705: 109 q: 4.737258
2024-11-10 11:34:10.921: 110 test start:
2024-11-10 11:34:50.159: 110 avg_reward: 5086.5
2024-11-10 11:34:50.160: 110 avg_steps: 2101.05
2024-11-10 11:34:50.160: 110 epsilon: 0.01
2024-11-10 11:34:50.160: 110 q: 4.7194233
2024-11-10 11:44:00.981: 111 test start:
2024-11-10 11:44:31.198: 111 avg_reward: 2293.5
2024-11-10 11:44:31.198: 111 avg_steps: 1511.7
2024-11-10 11:44:31.198: 111 epsilon: 0.01
2024-11-10 11:44:31.198: 111 q: 4.783182
2024-11-10 11:53:51.324: 112 test start:
2024-11-10 11:54:27.507: 112 avg_reward: 3958.5
2024-11-10 11:54:27.508: 112 avg_steps: 1934.1
2024-11-10 11:54:27.508: 112 epsilon: 0.01
2024-11-10 11:54:27.508: 112 q: 4.8315663
2024-11-10 12:03:43.663: 113 test start:
2024-11-10 12:04:21.009: 113 avg_reward: 3867.0
2024-11-10 12:04:21.009: 113 avg_steps: 1863.15
2024-11-10 12:04:21.009: 113 epsilon: 0.01
2024-11-10 12:04:21.009: 113 q: 4.842962
2024-11-10 12:13:27.702: 114 test start:
2024-11-10 12:13:59.277: 114 avg_reward: 3155.0
2024-11-10 12:13:59.277: 114 avg_steps: 1658.85
2024-11-10 12:13:59.277: 114 epsilon: 0.01
2024-11-10 12:13:59.277: 114 q: 4.883908
2024-11-10 12:23:20.981: 115 test start:
2024-11-10 12:23:57.586: 115 avg_reward: 3851.0
2024-11-10 12:23:57.586: 115 avg_steps: 1885.25
2024-11-10 12:23:57.586: 115 epsilon: 0.01
2024-11-10 12:23:57.586: 115 q: 4.8656793
2024-11-10 12:32:59.320: 116 test start:
2024-11-10 12:33:38.185: 116 avg_reward: 4641.5
2024-11-10 12:33:38.185: 116 avg_steps: 2004.95
2024-11-10 12:33:38.185: 116 epsilon: 0.01
2024-11-10 12:33:38.185: 116 q: 4.9136333
2024-11-10 12:43:01.599: 117 test start:
2024-11-10 12:43:35.910: 117 avg_reward: 3157.5
2024-11-10 12:43:35.910: 117 avg_steps: 1796.4
2024-11-10 12:43:35.910: 117 epsilon: 0.01
2024-11-10 12:43:35.910: 117 q: 4.941641
2024-11-10 12:52:38.312: 118 test start:
2024-11-10 12:53:11.191: 118 avg_reward: 2935.0
2024-11-10 12:53:11.191: 118 avg_steps: 1738.15
2024-11-10 12:53:11.197: 118 epsilon: 0.01
2024-11-10 12:53:11.197: 118 q: 5.010272
2024-11-10 13:02:38.251: 119 test start:
2024-11-10 13:03:08.692: 119 avg_reward: 3006.5
2024-11-10 13:03:08.692: 119 avg_steps: 1615.9
2024-11-10 13:03:08.692: 119 epsilon: 0.01
2024-11-10 13:03:08.692: 119 q: 5.014093
2024-11-10 13:12:10.427: 120 test start:
2024-11-10 13:12:44.282: 120 avg_reward: 2931.0
2024-11-10 13:12:44.282: 120 avg_steps: 1760.85
2024-11-10 13:12:44.282: 120 epsilon: 0.01
2024-11-10 13:12:44.282: 120 q: 5.0736856
2024-11-10 13:22:06.226: 121 test start:
2024-11-10 13:22:39.073: 121 avg_reward: 3221.5
2024-11-10 13:22:39.073: 121 avg_steps: 1710.0
2024-11-10 13:22:39.073: 121 epsilon: 0.01
2024-11-10 13:22:39.073: 121 q: 5.1366544
2024-11-10 13:31:40.357: 122 test start:
2024-11-10 13:32:18.132: 122 avg_reward: 4116.0
2024-11-10 13:32:18.132: 122 avg_steps: 1964.75
2024-11-10 13:32:18.132: 122 epsilon: 0.01
2024-11-10 13:32:18.132: 122 q: 5.1492195
2024-11-10 13:41:45.159: 123 test start:
2024-11-10 13:42:23.328: 123 avg_reward: 4052.0
2024-11-10 13:42:23.328: 123 avg_steps: 1985.9
2024-11-10 13:42:23.328: 123 epsilon: 0.01
2024-11-10 13:42:23.328: 123 q: 5.1629376
2024-11-10 13:51:25.492: 124 test start:
2024-11-10 13:52:00.480: 124 avg_reward: 3385.0
2024-11-10 13:52:00.480: 124 avg_steps: 1820.5
2024-11-10 13:52:00.480: 124 epsilon: 0.01
2024-11-10 13:52:00.480: 124 q: 5.197711
2024-11-10 14:01:21.452: 125 test start:
2024-11-10 14:01:57.922: 125 avg_reward: 4088.0
2024-11-10 14:01:57.922: 125 avg_steps: 1932.0
2024-11-10 14:01:57.922: 125 epsilon: 0.01
2024-11-10 14:01:57.922: 125 q: 5.2048554
2024-11-10 14:11:00.904: 126 test start:
2024-11-10 14:11:42.872: 126 avg_reward: 5462.5
2024-11-10 14:11:42.872: 126 avg_steps: 2102.15
2024-11-10 14:11:42.872: 126 epsilon: 0.01
2024-11-10 14:11:42.872: 126 q: 5.1972637
2024-11-10 14:21:01.951: 127 test start:
2024-11-10 14:21:35.491: 127 avg_reward: 3139.5
2024-11-10 14:21:35.491: 127 avg_steps: 1820.4
2024-11-10 14:21:35.491: 127 epsilon: 0.01
2024-11-10 14:21:35.491: 127 q: 5.2020183
2024-11-10 14:30:42.991: 128 test start:
2024-11-10 14:31:18.173: 128 avg_reward: 3094.0
2024-11-10 14:31:18.173: 128 avg_steps: 1798.9
2024-11-10 14:31:18.173: 128 epsilon: 0.01
2024-11-10 14:31:18.173: 128 q: 5.2311907
2024-11-10 14:40:27.185: 129 test start:
2024-11-10 14:41:00.816: 129 avg_reward: 3993.5
2024-11-10 14:41:00.816: 129 avg_steps: 1850.5
2024-11-10 14:41:00.816: 129 epsilon: 0.01
2024-11-10 14:41:00.816: 129 q: 5.2687335
2024-11-10 14:50:21.326: 130 test start:
2024-11-10 14:50:54.583: 130 avg_reward: 3986.5
2024-11-10 14:50:54.584: 130 avg_steps: 1716.7
2024-11-10 14:50:54.584: 130 epsilon: 0.01
2024-11-10 14:50:54.584: 130 q: 5.310029
2024-11-10 14:59:57.435: 131 test start:
2024-11-10 15:00:32.994: 131 avg_reward: 3896.5
2024-11-10 15:00:32.994: 131 avg_steps: 1919.05
2024-11-10 15:00:32.994: 131 epsilon: 0.01
2024-11-10 15:00:32.994: 131 q: 5.304158
2024-11-10 15:09:53.123: 132 test start:
2024-11-10 15:10:28.240: 132 avg_reward: 3456.0
2024-11-10 15:10:28.240: 132 avg_steps: 1896.55
2024-11-10 15:10:28.240: 132 epsilon: 0.01
2024-11-10 15:10:28.240: 132 q: 5.351173
2024-11-10 15:19:29.954: 133 test start:
2024-11-10 15:20:06.721: 133 avg_reward: 4281.5
2024-11-10 15:20:06.721: 133 avg_steps: 1960.9
2024-11-10 15:20:06.721: 133 epsilon: 0.01
2024-11-10 15:20:06.721: 133 q: 5.3183455
2024-11-10 15:29:26.327: 134 test start:
2024-11-10 15:29:59.490: 134 avg_reward: 3169.0
2024-11-10 15:29:59.491: 134 avg_steps: 1774.8
2024-11-10 15:29:59.491: 134 epsilon: 0.01
2024-11-10 15:29:59.491: 134 q: 5.321275
2024-11-10 15:39:00.692: 135 test start:
2024-11-10 15:39:40.199: 135 avg_reward: 4400.5
2024-11-10 15:39:40.199: 135 avg_steps: 2085.25
2024-11-10 15:39:40.199: 135 epsilon: 0.01
2024-11-10 15:39:40.200: 135 q: 5.3699617
2024-11-10 15:48:56.043: 136 test start:
2024-11-10 15:49:33.810: 136 avg_reward: 4670.0
2024-11-10 15:49:33.810: 136 avg_steps: 2005.05
2024-11-10 15:49:33.810: 136 epsilon: 0.01
2024-11-10 15:49:33.810: 136 q: 5.3044295
2024-11-10 15:58:40.726: 137 test start:
2024-11-10 15:59:15.723: 137 avg_reward: 4181.5
2024-11-10 15:59:15.724: 137 avg_steps: 1841.4
2024-11-10 15:59:15.724: 137 epsilon: 0.01
2024-11-10 15:59:15.724: 137 q: 5.364375
2024-11-10 16:08:34.404: 138 test start:
2024-11-10 16:09:07.080: 138 avg_reward: 3378.0
2024-11-10 16:09:07.081: 138 avg_steps: 1706.65
2024-11-10 16:09:07.081: 138 epsilon: 0.01
2024-11-10 16:09:07.081: 138 q: 5.3909106
2024-11-10 16:18:07.650: 139 test start:
2024-11-10 16:18:44.613: 139 avg_reward: 3949.0
2024-11-10 16:18:44.613: 139 avg_steps: 1936.05
2024-11-10 16:18:44.613: 139 epsilon: 0.01
2024-11-10 16:18:44.613: 139 q: 5.395577
2024-11-10 16:28:01.891: 140 test start:
2024-11-10 16:28:33.967: 140 avg_reward: 3112.5
2024-11-10 16:28:33.968: 140 avg_steps: 1687.45
2024-11-10 16:28:33.968: 140 epsilon: 0.01
2024-11-10 16:28:33.968: 140 q: 5.4437404
2024-11-10 16:37:35.918: 141 test start:
2024-11-10 16:38:15.394: 141 avg_reward: 3992.0
2024-11-10 16:38:15.394: 141 avg_steps: 1987.35
2024-11-10 16:38:15.394: 141 epsilon: 0.01
2024-11-10 16:38:15.394: 141 q: 5.495282
2024-11-10 16:47:35.562: 142 test start:
2024-11-10 16:48:09.084: 142 avg_reward: 3560.0
2024-11-10 16:48:09.084: 142 avg_steps: 1800.25
2024-11-10 16:48:09.084: 142 epsilon: 0.01
2024-11-10 16:48:09.084: 142 q: 5.5382843
2024-11-10 16:57:20.824: 143 test start:
2024-11-10 16:57:52.205: 143 avg_reward: 2824.0
2024-11-10 16:57:52.205: 143 avg_steps: 1577.5
2024-11-10 16:57:52.205: 143 epsilon: 0.01
2024-11-10 16:57:52.205: 143 q: 5.534571
2024-11-10 17:07:04.130: 144 test start:
2024-11-10 17:07:38.703: 144 avg_reward: 3591.5
2024-11-10 17:07:38.703: 144 avg_steps: 1849.7
2024-11-10 17:07:38.703: 144 epsilon: 0.01
2024-11-10 17:07:38.703: 144 q: 5.613301
2024-11-10 17:17:01.754: 145 test start:
2024-11-10 17:17:32.531: 145 avg_reward: 2462.5
2024-11-10 17:17:32.532: 145 avg_steps: 1610.8
2024-11-10 17:17:32.532: 145 epsilon: 0.01
2024-11-10 17:17:32.532: 145 q: 5.636081
2024-11-10 17:26:32.746: 146 test start:
2024-11-10 17:27:13.138: 146 avg_reward: 4628.5
2024-11-10 17:27:13.138: 146 avg_steps: 2105.85
2024-11-10 17:27:13.138: 146 epsilon: 0.01
2024-11-10 17:27:13.138: 146 q: 5.6736016
2024-11-10 17:36:30.970: 147 test start:
2024-11-10 17:37:04.295: 147 avg_reward: 3817.0
2024-11-10 17:37:04.295: 147 avg_steps: 1741.55
2024-11-10 17:37:04.295: 147 epsilon: 0.01
2024-11-10 17:37:04.295: 147 q: 5.703095
2024-11-10 17:46:16.897: 148 test start:
2024-11-10 17:46:55.248: 148 avg_reward: 4770.5
2024-11-10 17:46:55.248: 148 avg_steps: 2000.5
2024-11-10 17:46:55.248: 148 epsilon: 0.01
2024-11-10 17:46:55.248: 148 q: 5.7389903
2024-11-10 17:56:10.087: 149 test start:
2024-11-10 17:56:50.862: 149 avg_reward: 4886.0
2024-11-10 17:56:50.862: 149 avg_steps: 2109.9
2024-11-10 17:56:50.862: 149 epsilon: 0.01
2024-11-10 17:56:50.862: 149 q: 5.805339
2024-11-10 18:06:03.531: 150 test start:
2024-11-10 18:06:41.561: 150 avg_reward: 3413.5
2024-11-10 18:06:41.561: 150 avg_steps: 1978.6
2024-11-10 18:06:41.561: 150 epsilon: 0.01
2024-11-10 18:06:41.561: 150 q: 5.7908325
2024-11-10 18:15:57.196: 151 test start:
2024-11-10 18:16:37.887: 151 avg_reward: 4010.0
2024-11-10 18:16:37.887: 151 avg_steps: 2111.0
2024-11-10 18:16:37.887: 151 epsilon: 0.01
2024-11-10 18:16:37.887: 151 q: 5.8286934
2024-11-10 18:25:46.226: 152 test start:
2024-11-10 18:26:20.695: 152 avg_reward: 3749.0
2024-11-10 18:26:20.696: 152 avg_steps: 1814.55
2024-11-10 18:26:20.701: 152 epsilon: 0.01
2024-11-10 18:26:20.701: 152 q: 5.791911
2024-11-10 18:35:36.456: 153 test start:
2024-11-10 18:36:12.353: 153 avg_reward: 3791.0
2024-11-10 18:36:12.353: 153 avg_steps: 1880.85
2024-11-10 18:36:12.353: 153 epsilon: 0.01
2024-11-10 18:36:12.353: 153 q: 5.849719
2024-11-10 18:45:20.582: 154 test start:
2024-11-10 18:45:56.802: 154 avg_reward: 4894.0
2024-11-10 18:45:56.802: 154 avg_steps: 1896.1
2024-11-10 18:45:56.802: 154 epsilon: 0.01
2024-11-10 18:45:56.802: 154 q: 5.810916
2024-11-10 18:55:16.397: 155 test start:
2024-11-10 18:55:49.855: 155 avg_reward: 3891.5
2024-11-10 18:55:49.855: 155 avg_steps: 1756.65
2024-11-10 18:55:49.855: 155 epsilon: 0.01
2024-11-10 18:55:49.855: 155 q: 5.893645
2024-11-10 19:04:58.831: 156 test start:
2024-11-10 19:05:31.421: 156 avg_reward: 3928.0
2024-11-10 19:05:31.421: 156 avg_steps: 1708.85
2024-11-10 19:05:31.421: 156 epsilon: 0.01
2024-11-10 19:05:31.421: 156 q: 5.8523693
2024-11-10 19:14:43.648: 157 test start:
2024-11-10 19:15:16.627: 157 avg_reward: 3753.0
2024-11-10 19:15:16.628: 157 avg_steps: 1782.7
2024-11-10 19:15:16.628: 157 epsilon: 0.01
2024-11-10 19:15:16.628: 157 q: 5.8987722
2024-11-10 19:24:34.062: 158 test start:
2024-11-10 19:25:10.132: 158 avg_reward: 4044.5
2024-11-10 19:25:10.132: 158 avg_steps: 1848.3
2024-11-10 19:25:10.132: 158 epsilon: 0.01
2024-11-10 19:25:10.132: 158 q: 5.9008846
2024-11-10 19:34:17.553: 159 test start:
2024-11-10 19:34:50.732: 159 avg_reward: 5186.0
2024-11-10 19:34:50.732: 159 avg_steps: 1732.95
2024-11-10 19:34:50.732: 159 epsilon: 0.01
2024-11-10 19:34:50.732: 159 q: 5.8781056
2024-11-10 19:44:07.252: 160 test start:
2024-11-10 19:44:42.692: 160 avg_reward: 5172.0
2024-11-10 19:44:42.692: 160 avg_steps: 1838.65
2024-11-10 19:44:42.692: 160 epsilon: 0.01
2024-11-10 19:44:42.692: 160 q: 5.8898516
2024-11-10 19:53:53.913: 161 test start:
2024-11-10 19:54:32.431: 161 avg_reward: 5134.0
2024-11-10 19:54:32.431: 161 avg_steps: 2006.15
2024-11-10 19:54:32.431: 161 epsilon: 0.01
2024-11-10 19:54:32.431: 161 q: 5.9630322
2024-11-10 20:03:45.927: 162 test start:
2024-11-10 20:04:27.073: 162 avg_reward: 5695.0
2024-11-10 20:04:27.073: 162 avg_steps: 2146.4
2024-11-10 20:04:27.073: 162 epsilon: 0.01
2024-11-10 20:04:27.073: 162 q: 5.9551144
2024-11-10 20:13:32.091: 163 test start:
2024-11-10 20:14:06.182: 163 avg_reward: 3791.0
2024-11-10 20:14:06.183: 163 avg_steps: 1800.6
2024-11-10 20:14:06.183: 163 epsilon: 0.01
2024-11-10 20:14:06.183: 163 q: 5.988934
2024-11-10 20:23:12.182: 164 test start:
2024-11-10 20:23:44.224: 164 avg_reward: 3500.5
2024-11-10 20:23:44.224: 164 avg_steps: 1736.4
2024-11-10 20:23:44.225: 164 epsilon: 0.01
2024-11-10 20:23:44.225: 164 q: 5.987042
2024-11-10 20:32:48.449: 165 test start:
2024-11-10 20:33:25.307: 165 avg_reward: 4546.0
2024-11-10 20:33:25.307: 165 avg_steps: 1922.9
2024-11-10 20:33:25.307: 165 epsilon: 0.01
2024-11-10 20:33:25.307: 165 q: 6.0326242
2024-11-10 20:42:41.454: 166 test start:
2024-11-10 20:43:17.336: 166 avg_reward: 4470.0
2024-11-10 20:43:17.336: 166 avg_steps: 1885.85
2024-11-10 20:43:17.336: 166 epsilon: 0.01
2024-11-10 20:43:17.336: 166 q: 6.0460944
2024-11-10 20:52:21.520: 167 test start:
2024-11-10 20:52:58.558: 167 avg_reward: 5206.0
2024-11-10 20:52:58.558: 167 avg_steps: 1935.5
2024-11-10 20:52:58.558: 167 epsilon: 0.01
2024-11-10 20:52:58.558: 167 q: 6.0824065
2024-11-10 21:02:10.983: 168 test start:
2024-11-10 21:02:42.548: 168 avg_reward: 4268.0
2024-11-10 21:02:42.549: 168 avg_steps: 1659.6
2024-11-10 21:02:42.549: 168 epsilon: 0.01
2024-11-10 21:02:42.549: 168 q: 6.088974
2024-11-10 21:11:47.120: 169 test start:
2024-11-10 21:12:16.315: 169 avg_reward: 3169.5
2024-11-10 21:12:16.316: 169 avg_steps: 1530.45
2024-11-10 21:12:16.316: 169 epsilon: 0.01
2024-11-10 21:12:16.316: 169 q: 6.104497
2024-11-10 21:21:42.257: 170 test start:
2024-11-10 21:22:16.251: 170 avg_reward: 4114.5
2024-11-10 21:22:16.251: 170 avg_steps: 1767.85
2024-11-10 21:22:16.251: 170 epsilon: 0.01
2024-11-10 21:22:16.251: 170 q: 6.16336
2024-11-10 21:31:34.135: 171 test start:
2024-11-10 21:32:06.952: 171 avg_reward: 4020.0
2024-11-10 21:32:06.952: 171 avg_steps: 1705.55
2024-11-10 21:32:06.952: 171 epsilon: 0.01
2024-11-10 21:32:06.952: 171 q: 6.1736536
2024-11-10 21:41:24.912: 172 test start:
2024-11-10 21:41:54.690: 172 avg_reward: 4041.0
2024-11-10 21:41:54.690: 172 avg_steps: 1616.75
2024-11-10 21:41:54.690: 172 epsilon: 0.01
2024-11-10 21:41:54.690: 172 q: 6.151732
2024-11-10 21:51:15.353: 173 test start:
2024-11-10 21:51:52.052: 173 avg_reward: 4657.5
2024-11-10 21:51:52.052: 173 avg_steps: 1919.6
2024-11-10 21:51:52.052: 173 epsilon: 0.01
2024-11-10 21:51:52.052: 173 q: 6.0809727
2024-11-10 22:01:01.062: 174 test start:
2024-11-10 22:01:36.014: 174 avg_reward: 4547.5
2024-11-10 22:01:36.015: 174 avg_steps: 1822.4
2024-11-10 22:01:36.015: 174 epsilon: 0.01
2024-11-10 22:01:36.015: 174 q: 6.1137075
2024-11-10 22:10:56.481: 175 test start:
2024-11-10 22:11:23.526: 175 avg_reward: 2998.5
2024-11-10 22:11:23.526: 175 avg_steps: 1411.2
2024-11-10 22:11:23.526: 175 epsilon: 0.01
2024-11-10 22:11:23.526: 175 q: 6.156
2024-11-10 22:20:33.480: 176 test start:
2024-11-10 22:21:10.722: 176 avg_reward: 5787.0
2024-11-10 22:21:10.722: 176 avg_steps: 1950.15
2024-11-10 22:21:10.722: 176 epsilon: 0.01
2024-11-10 22:21:10.722: 176 q: 6.1545568
2024-11-10 22:30:28.712: 177 test start:
2024-11-10 22:31:02.455: 177 avg_reward: 4330.0
2024-11-10 22:31:02.456: 177 avg_steps: 1757.15
2024-11-10 22:31:02.456: 177 epsilon: 0.01
2024-11-10 22:31:02.456: 177 q: 6.2266707
2024-11-10 22:40:25.641: 178 test start:
2024-11-10 22:41:01.731: 178 avg_reward: 4783.5
2024-11-10 22:41:01.731: 178 avg_steps: 1880.2
2024-11-10 22:41:01.731: 178 epsilon: 0.01
2024-11-10 22:41:01.731: 178 q: 6.22849
2024-11-10 22:50:20.317: 179 test start:
2024-11-10 22:50:55.038: 179 avg_reward: 4936.5
2024-11-10 22:50:55.038: 179 avg_steps: 1813.4
2024-11-10 22:50:55.038: 179 epsilon: 0.01
2024-11-10 22:50:55.038: 179 q: 6.284498
2024-11-10 23:00:08.557: 180 test start:
2024-11-10 23:00:44.063: 180 avg_reward: 4868.5
2024-11-10 23:00:44.063: 180 avg_steps: 1859.3
2024-11-10 23:00:44.063: 180 epsilon: 0.01
2024-11-10 23:00:44.063: 180 q: 6.34103
2024-11-10 23:09:57.867: 181 test start:
2024-11-10 23:10:32.791: 181 avg_reward: 4415.0
2024-11-10 23:10:32.791: 181 avg_steps: 1810.75
2024-11-10 23:10:32.791: 181 epsilon: 0.01
2024-11-10 23:10:32.791: 181 q: 6.371271
2024-11-10 23:19:40.821: 182 test start:
2024-11-10 23:20:16.267: 182 avg_reward: 5773.0
2024-11-10 23:20:16.267: 182 avg_steps: 1842.65
2024-11-10 23:20:16.267: 182 epsilon: 0.01
2024-11-10 23:20:16.267: 182 q: 6.3379025
2024-11-10 23:29:37.808: 183 test start:
2024-11-10 23:30:10.106: 183 avg_reward: 3536.0
2024-11-10 23:30:10.106: 183 avg_steps: 1675.55
2024-11-10 23:30:10.106: 183 epsilon: 0.01
2024-11-10 23:30:10.106: 183 q: 6.40046
2024-11-10 23:39:16.701: 184 test start:
2024-11-10 23:39:48.808: 184 avg_reward: 4375.5
2024-11-10 23:39:48.808: 184 avg_steps: 1675.7
2024-11-10 23:39:48.808: 184 epsilon: 0.01
2024-11-10 23:39:48.808: 184 q: 6.3624935
2024-11-10 23:49:02.938: 185 test start:
2024-11-10 23:49:30.822: 185 avg_reward: 3083.5
2024-11-10 23:49:30.822: 185 avg_steps: 1441.7
2024-11-10 23:49:30.822: 185 epsilon: 0.01
2024-11-10 23:49:30.822: 185 q: 6.4127784
2024-11-10 23:58:33.570: 186 test start:
2024-11-10 23:59:09.813: 186 avg_reward: 5191.0
2024-11-10 23:59:09.813: 186 avg_steps: 1874.45
2024-11-10 23:59:09.813: 186 epsilon: 0.01
2024-11-10 23:59:09.813: 186 q: 6.421601
2024-11-11 00:08:23.477: 187 test start:
2024-11-11 00:08:56.609: 187 avg_reward: 4547.5
2024-11-11 00:08:56.609: 187 avg_steps: 1768.45
2024-11-11 00:08:56.609: 187 epsilon: 0.01
2024-11-11 00:08:56.609: 187 q: 6.4184947
2024-11-11 00:18:20.284: 188 test start:
2024-11-11 00:18:57.643: 188 avg_reward: 5557.0
2024-11-11 00:18:57.643: 188 avg_steps: 1958.25
2024-11-11 00:18:57.643: 188 epsilon: 0.01
2024-11-11 00:18:57.644: 188 q: 6.396472
2024-11-11 00:28:30.185: 189 test start:
2024-11-11 00:28:58.441: 189 avg_reward: 2655.0
2024-11-11 00:28:58.441: 189 avg_steps: 1452.55
2024-11-11 00:28:58.441: 189 epsilon: 0.01
2024-11-11 00:28:58.441: 189 q: 6.4687247
2024-11-11 00:38:43.052: 190 test start:
2024-11-11 00:39:29.769: 190 avg_reward: 7074.5
2024-11-11 00:39:29.769: 190 avg_steps: 2383.85
2024-11-11 00:39:29.769: 190 epsilon: 0.01
2024-11-11 00:39:29.769: 190 q: 6.490381
2024-11-11 00:49:00.473: 191 test start:
2024-11-11 00:49:31.231: 191 avg_reward: 4243.0
2024-11-11 00:49:31.231: 191 avg_steps: 1567.65
2024-11-11 00:49:31.231: 191 epsilon: 0.01
2024-11-11 00:49:31.231: 191 q: 6.5268683
2024-11-11 00:59:08.587: 192 test start:
2024-11-11 00:59:38.982: 192 avg_reward: 3427.5
2024-11-11 00:59:38.982: 192 avg_steps: 1572.75
2024-11-11 00:59:38.982: 192 epsilon: 0.01
2024-11-11 00:59:38.982: 192 q: 6.568845
2024-11-11 01:09:10.863: 193 test start:
2024-11-11 01:09:42.552: 193 avg_reward: 3544.0
2024-11-11 01:09:42.552: 193 avg_steps: 1621.35
2024-11-11 01:09:42.552: 193 epsilon: 0.01
2024-11-11 01:09:42.552: 193 q: 6.539111
2024-11-11 01:19:10.672: 194 test start:
2024-11-11 01:19:43.611: 194 avg_reward: 5555.5
2024-11-11 01:19:43.611: 194 avg_steps: 1713.95
2024-11-11 01:19:43.611: 194 epsilon: 0.01
2024-11-11 01:19:43.611: 194 q: 6.575186
2024-11-11 01:29:10.487: 195 test start:
2024-11-11 01:29:46.239: 195 avg_reward: 5631.5
2024-11-11 01:29:46.240: 195 avg_steps: 1852.55
2024-11-11 01:29:46.240: 195 epsilon: 0.01
2024-11-11 01:29:46.240: 195 q: 6.597658
2024-11-11 01:39:18.133: 196 test start:
2024-11-11 01:39:54.230: 196 avg_reward: 5890.0
2024-11-11 01:39:54.231: 196 avg_steps: 1926.4
2024-11-11 01:39:54.231: 196 epsilon: 0.01
2024-11-11 01:39:54.231: 196 q: 6.599758
2024-11-11 01:49:24.774: 197 test start:
2024-11-11 01:49:58.715: 197 avg_reward: 3405.0
2024-11-11 01:49:58.715: 197 avg_steps: 1712.05
2024-11-11 01:49:58.715: 197 epsilon: 0.01
2024-11-11 01:49:58.715: 197 q: 6.565586
2024-11-11 01:59:24.830: 198 test start:
2024-11-11 01:59:52.035: 198 avg_reward: 4050.0
2024-11-11 01:59:52.035: 198 avg_steps: 1404.7
2024-11-11 01:59:52.035: 198 epsilon: 0.01
2024-11-11 01:59:52.035: 198 q: 6.497566
2024-11-11 02:09:11.762: 199 test start:
2024-11-11 02:09:44.608: 199 avg_reward: 5029.0
2024-11-11 02:09:44.608: 199 avg_steps: 1668.75
2024-11-11 02:09:44.608: 199 epsilon: 0.01
2024-11-11 02:09:44.608: 199 q: 6.5122294
2024-11-11 02:19:07.237: 200 test start:
2024-11-11 02:19:37.100: 200 avg_reward: 4388.0
2024-11-11 02:19:37.100: 200 avg_steps: 1516.55
2024-11-11 02:19:37.100: 200 epsilon: 0.01
2024-11-11 02:19:37.100: 200 q: 6.547101
