2024-11-15 08:12:47.673: 
parameters:agent_test_episodes: 20
batch_num_per_epoch: 250000
device: cuda:0
env_name: ALE/Kangaroo-v5
epsilon_for_test: 0.001
epsilon_max: 0.1
epsilon_min: 0.01
exp_name: ALE-Kangaroo-v5_2024-11-15-08-12-47
exp_path: ../exps/double_dqn/
exploration_steps: 1000000
gamma: 0.99
held_out_states_num: 1000
learning_rate: 0.00025
log_path: ../exps/double_dqn/
mini_batch_size: 32
model_update_freq: 4
n_times: 5
no_op: 30
phi_channel: 4
replay_buffer_size: 1000000
replay_start_size: 50000
save_model: true
screen_size: 84
seed: 0
skip_k_frame: 4
step_c: 30000
training_steps: 50000000

2024-11-15 08:12:47.745: optimizer: RMSprop (
Parameter Group 0
    alpha: 0.95
    centered: False
    differentiable: False
    eps: 0.01
    foreach: None
    lr: 0.00025
    maximize: False
    momentum: 0
    weight_decay: 0
)
2024-11-15 08:12:47.792: optimizer: RMSprop (
Parameter Group 0
    alpha: 0.95
    centered: False
    differentiable: False
    eps: 0.01
    foreach: None
    lr: 0.00025
    maximize: False
    momentum: 0
    weight_decay: 0
)
2024-11-15 08:21:18.016: 1 test start:
2024-11-15 08:21:27.088: 1 avg_reward: 0.0
2024-11-15 08:21:27.089: 1 avg_steps: 440.1
2024-11-15 08:21:27.089: 1 epsilon: 0.08195005
2024-11-15 08:21:27.089: 1 q: 0.008508171
2024-11-15 08:30:42.258: 2 test start:
2024-11-15 08:30:48.547: 2 avg_reward: 70.0
2024-11-15 08:30:48.547: 2 avg_steps: 318.55
2024-11-15 08:30:48.547: 2 epsilon: 0.05948263
2024-11-15 08:30:48.547: 2 q: 0.00882201
2024-11-15 08:39:47.188: 3 test start:
2024-11-15 08:39:53.108: 3 avg_reward: 0.0
2024-11-15 08:39:53.109: 3 avg_steps: 290.55
2024-11-15 08:39:53.109: 3 epsilon: 0.03697444
2024-11-15 08:39:53.109: 3 q: 0.010318571
2024-11-15 08:49:06.913: 4 test start:
2024-11-15 08:49:14.482: 4 avg_reward: 0.0
2024-11-15 08:49:14.483: 4 avg_steps: 399.6
2024-11-15 08:49:14.483: 4 epsilon: 0.014496039999999988
2024-11-15 08:49:14.483: 4 q: 0.009786664
2024-11-15 08:58:16.803: 5 test start:
2024-11-15 08:58:26.136: 5 avg_reward: 0.0
2024-11-15 08:58:26.136: 5 avg_steps: 460.5
2024-11-15 08:58:26.136: 5 epsilon: 0.01
2024-11-15 08:58:26.136: 5 q: 0.009890255
2024-11-15 09:07:51.099: 6 test start:
2024-11-15 09:07:57.611: 6 avg_reward: 0.0
2024-11-15 09:07:57.611: 6 avg_steps: 353.65
2024-11-15 09:07:57.611: 6 epsilon: 0.01
2024-11-15 09:07:57.611: 6 q: 0.010143795
2024-11-15 09:17:05.733: 7 test start:
2024-11-15 09:17:15.013: 7 avg_reward: 400.0
2024-11-15 09:17:15.013: 7 avg_steps: 466.6
2024-11-15 09:17:15.013: 7 epsilon: 0.01
2024-11-15 09:17:15.013: 7 q: 0.011048233
2024-11-15 09:26:36.549: 8 test start:
2024-11-15 09:26:44.047: 8 avg_reward: 40.0
2024-11-15 09:26:44.047: 8 avg_steps: 381.8
2024-11-15 09:26:44.047: 8 epsilon: 0.01
2024-11-15 09:26:44.047: 8 q: 0.009954696
2024-11-15 09:36:03.891: 9 test start:
2024-11-15 09:36:09.884: 9 avg_reward: 0.0
2024-11-15 09:36:09.884: 9 avg_steps: 288.7
2024-11-15 09:36:09.884: 9 epsilon: 0.01
2024-11-15 09:36:09.884: 9 q: 0.011905453
2024-11-15 09:45:32.203: 10 test start:
2024-11-15 09:45:40.904: 10 avg_reward: 220.0
2024-11-15 09:45:40.905: 10 avg_steps: 447.7
2024-11-15 09:45:40.905: 10 epsilon: 0.01
2024-11-15 09:45:40.905: 10 q: 0.013238511
2024-11-15 09:55:02.912: 11 test start:
2024-11-15 09:55:12.040: 11 avg_reward: 230.0
2024-11-15 09:55:12.040: 11 avg_steps: 436.9
2024-11-15 09:55:12.040: 11 epsilon: 0.01
2024-11-15 09:55:12.040: 11 q: 0.016840793
2024-11-15 10:04:29.318: 12 test start:
2024-11-15 10:04:38.539: 12 avg_reward: 360.0
2024-11-15 10:04:38.539: 12 avg_steps: 469.95
2024-11-15 10:04:38.539: 12 epsilon: 0.01
2024-11-15 10:04:38.539: 12 q: 0.02613839
2024-11-15 10:14:05.634: 13 test start:
2024-11-15 10:14:13.375: 13 avg_reward: 110.0
2024-11-15 10:14:13.375: 13 avg_steps: 367.2
2024-11-15 10:14:13.375: 13 epsilon: 0.01
2024-11-15 10:14:13.375: 13 q: 0.036665276
2024-11-15 10:23:28.407: 14 test start:
2024-11-15 10:23:38.316: 14 avg_reward: 450.0
2024-11-15 10:23:38.316: 14 avg_steps: 503.3
2024-11-15 10:23:38.316: 14 epsilon: 0.01
2024-11-15 10:23:38.316: 14 q: 0.04453742
2024-11-15 10:33:10.704: 15 test start:
2024-11-15 10:33:18.463: 15 avg_reward: 40.0
2024-11-15 10:33:18.463: 15 avg_steps: 365.7
2024-11-15 10:33:18.464: 15 epsilon: 0.01
2024-11-15 10:33:18.464: 15 q: 0.031313952
2024-11-15 10:42:28.872: 16 test start:
2024-11-15 10:42:37.394: 16 avg_reward: 70.0
2024-11-15 10:42:37.394: 16 avg_steps: 433.05
2024-11-15 10:42:37.395: 16 epsilon: 0.01
2024-11-15 10:42:37.395: 16 q: 0.029025821
2024-11-15 10:52:12.569: 17 test start:
2024-11-15 10:52:21.288: 17 avg_reward: 200.0
2024-11-15 10:52:21.288: 17 avg_steps: 448.25
2024-11-15 10:52:21.288: 17 epsilon: 0.01
2024-11-15 10:52:21.288: 17 q: 0.043826334
2024-11-15 11:01:32.961: 18 test start:
2024-11-15 11:01:40.463: 18 avg_reward: 180.0
2024-11-15 11:01:40.464: 18 avg_steps: 386.4
2024-11-15 11:01:40.464: 18 epsilon: 0.01
2024-11-15 11:01:40.464: 18 q: 0.04316661
2024-11-15 11:11:11.226: 19 test start:
2024-11-15 11:11:19.550: 19 avg_reward: 180.0
2024-11-15 11:11:19.551: 19 avg_steps: 430.15
2024-11-15 11:11:19.551: 19 epsilon: 0.01
2024-11-15 11:11:19.551: 19 q: 0.04165157
2024-11-15 11:20:27.592: 20 test start:
2024-11-15 11:20:37.448: 20 avg_reward: 70.0
2024-11-15 11:20:37.449: 20 avg_steps: 511.05
2024-11-15 11:20:37.449: 20 epsilon: 0.01
2024-11-15 11:20:37.449: 20 q: 0.045656003
2024-11-15 11:30:09.442: 21 test start:
2024-11-15 11:30:15.014: 21 avg_reward: 0.0
2024-11-15 11:30:15.014: 21 avg_steps: 284.6
2024-11-15 11:30:15.015: 21 epsilon: 0.01
2024-11-15 11:30:15.015: 21 q: 0.04965188
2024-11-15 11:39:23.223: 22 test start:
2024-11-15 11:39:34.262: 22 avg_reward: 350.0
2024-11-15 11:39:34.262: 22 avg_steps: 559.1
2024-11-15 11:39:34.268: 22 epsilon: 0.01
2024-11-15 11:39:34.268: 22 q: 0.053018752
2024-11-15 11:49:04.871: 23 test start:
2024-11-15 11:49:15.987: 23 avg_reward: 260.0
2024-11-15 11:49:15.988: 23 avg_steps: 552.55
2024-11-15 11:49:15.988: 23 epsilon: 0.01
2024-11-15 11:49:15.988: 23 q: 0.055190552
2024-11-15 11:58:27.302: 24 test start:
2024-11-15 11:58:38.197: 24 avg_reward: 180.0
2024-11-15 11:58:38.197: 24 avg_steps: 543.85
2024-11-15 11:58:38.198: 24 epsilon: 0.01
2024-11-15 11:58:38.198: 24 q: 0.053465873
2024-11-15 12:08:08.264: 25 test start:
2024-11-15 12:08:18.381: 25 avg_reward: 30.0
2024-11-15 12:08:18.381: 25 avg_steps: 506.05
2024-11-15 12:08:18.381: 25 epsilon: 0.01
2024-11-15 12:08:18.381: 25 q: 0.061264925
2024-11-15 12:17:29.614: 26 test start:
2024-11-15 12:17:38.266: 26 avg_reward: 180.0
2024-11-15 12:17:38.266: 26 avg_steps: 431.6
2024-11-15 12:17:38.266: 26 epsilon: 0.01
2024-11-15 12:17:38.267: 26 q: 0.0634828
2024-11-15 12:27:07.186: 27 test start:
2024-11-15 12:27:18.075: 27 avg_reward: 460.0
2024-11-15 12:27:18.075: 27 avg_steps: 542.95
2024-11-15 12:27:18.075: 27 epsilon: 0.01
2024-11-15 12:27:18.075: 27 q: 0.070999004
2024-11-15 12:36:28.274: 28 test start:
2024-11-15 12:36:37.605: 28 avg_reward: 10.0
2024-11-15 12:36:37.605: 28 avg_steps: 459.25
2024-11-15 12:36:37.605: 28 epsilon: 0.01
2024-11-15 12:36:37.605: 28 q: 0.083621696
2024-11-15 12:46:09.058: 29 test start:
2024-11-15 12:46:17.980: 29 avg_reward: 340.0
2024-11-15 12:46:17.980: 29 avg_steps: 443.35
2024-11-15 12:46:17.980: 29 epsilon: 0.01
2024-11-15 12:46:17.980: 29 q: 0.08337261
2024-11-15 12:55:27.163: 30 test start:
2024-11-15 12:55:34.481: 30 avg_reward: 80.0
2024-11-15 12:55:34.482: 30 avg_steps: 363.3
2024-11-15 12:55:34.482: 30 epsilon: 0.01
2024-11-15 12:55:34.482: 30 q: 0.08181284
2024-11-15 13:05:10.614: 31 test start:
2024-11-15 13:05:16.462: 31 avg_reward: 0.0
2024-11-15 13:05:16.463: 31 avg_steps: 290.5
2024-11-15 13:05:16.463: 31 epsilon: 0.01
2024-11-15 13:05:16.463: 31 q: 0.08917323
2024-11-15 13:14:22.244: 32 test start:
2024-11-15 13:14:30.507: 32 avg_reward: 10.0
2024-11-15 13:14:30.507: 32 avg_steps: 401.45
2024-11-15 13:14:30.507: 32 epsilon: 0.01
2024-11-15 13:14:30.507: 32 q: 0.09449319
2024-11-15 13:24:04.535: 33 test start:
2024-11-15 13:24:13.694: 33 avg_reward: 470.0
2024-11-15 13:24:13.694: 33 avg_steps: 462.1
2024-11-15 13:24:13.694: 33 epsilon: 0.01
2024-11-15 13:24:13.694: 33 q: 0.096212395
2024-11-15 13:33:25.287: 34 test start:
2024-11-15 13:33:32.784: 34 avg_reward: 0.0
2024-11-15 13:33:32.785: 34 avg_steps: 355.95
2024-11-15 13:33:32.785: 34 epsilon: 0.01
2024-11-15 13:33:32.785: 34 q: 0.11605139
2024-11-15 13:43:02.968: 35 test start:
2024-11-15 13:43:08.392: 35 avg_reward: 0.0
2024-11-15 13:43:08.392: 35 avg_steps: 281.2
2024-11-15 13:43:08.397: 35 epsilon: 0.01
2024-11-15 13:43:08.397: 35 q: 0.11379938
2024-11-15 13:52:20.815: 36 test start:
2024-11-15 13:52:27.667: 36 avg_reward: 130.0
2024-11-15 13:52:27.668: 36 avg_steps: 337.15
2024-11-15 13:52:27.668: 36 epsilon: 0.01
2024-11-15 13:52:27.668: 36 q: 0.11963857
2024-11-15 14:01:54.506: 37 test start:
2024-11-15 14:01:59.936: 37 avg_reward: 0.0
2024-11-15 14:01:59.936: 37 avg_steps: 284.35
2024-11-15 14:01:59.936: 37 epsilon: 0.01
2024-11-15 14:01:59.936: 37 q: 0.12930274
2024-11-15 14:11:14.383: 38 test start:
2024-11-15 14:11:20.372: 38 avg_reward: 0.0
2024-11-15 14:11:20.372: 38 avg_steps: 284.0
2024-11-15 14:11:20.372: 38 epsilon: 0.01
2024-11-15 14:11:20.372: 38 q: 0.13779166
2024-11-15 14:20:38.341: 39 test start:
2024-11-15 14:20:43.887: 39 avg_reward: 0.0
2024-11-15 14:20:43.887: 39 avg_steps: 284.15
2024-11-15 14:20:43.887: 39 epsilon: 0.01
2024-11-15 14:20:43.887: 39 q: 0.14194259
2024-11-15 14:30:00.893: 40 test start:
2024-11-15 14:30:07.397: 40 avg_reward: 20.0
2024-11-15 14:30:07.397: 40 avg_steps: 311.2
2024-11-15 14:30:07.397: 40 epsilon: 0.01
2024-11-15 14:30:07.397: 40 q: 0.14524987
2024-11-15 14:39:23.320: 41 test start:
2024-11-15 14:39:30.889: 41 avg_reward: 350.0
2024-11-15 14:39:30.890: 41 avg_steps: 393.0
2024-11-15 14:39:30.890: 41 epsilon: 0.01
2024-11-15 14:39:30.890: 41 q: 0.14602666
2024-11-15 14:49:13.381: 42 test start:
2024-11-15 14:49:23.144: 42 avg_reward: 230.0
2024-11-15 14:49:23.144: 42 avg_steps: 463.7
2024-11-15 14:49:23.144: 42 epsilon: 0.01
2024-11-15 14:49:23.144: 42 q: 0.18532382
2024-11-15 14:58:24.226: 43 test start:
2024-11-15 14:58:32.513: 43 avg_reward: 230.0
2024-11-15 14:58:32.514: 43 avg_steps: 410.35
2024-11-15 14:58:32.519: 43 epsilon: 0.01
2024-11-15 14:58:32.519: 43 q: 0.17222594
2024-11-15 15:08:21.601: 44 test start:
2024-11-15 15:08:29.353: 44 avg_reward: 330.0
2024-11-15 15:08:29.353: 44 avg_steps: 403.55
2024-11-15 15:08:29.353: 44 epsilon: 0.01
2024-11-15 15:08:29.353: 44 q: 0.18645325
2024-11-15 15:17:21.678: 45 test start:
2024-11-15 15:17:31.422: 45 avg_reward: 490.0
2024-11-15 15:17:31.422: 45 avg_steps: 465.25
2024-11-15 15:17:31.422: 45 epsilon: 0.01
2024-11-15 15:17:31.423: 45 q: 0.19263007
2024-11-15 15:27:17.473: 46 test start:
2024-11-15 15:27:26.065: 46 avg_reward: 430.0
2024-11-15 15:27:26.066: 46 avg_steps: 449.55
2024-11-15 15:27:26.066: 46 epsilon: 0.01
2024-11-15 15:27:26.066: 46 q: 0.2301381
2024-11-15 15:36:21.677: 47 test start:
2024-11-15 15:36:31.968: 47 avg_reward: 630.0
2024-11-15 15:36:31.968: 47 avg_steps: 493.1
2024-11-15 15:36:31.968: 47 epsilon: 0.01
2024-11-15 15:36:31.969: 47 q: 0.24615592
2024-11-15 15:46:16.334: 48 test start:
2024-11-15 15:46:25.439: 48 avg_reward: 600.0
2024-11-15 15:46:25.439: 48 avg_steps: 476.85
2024-11-15 15:46:25.439: 48 epsilon: 0.01
2024-11-15 15:46:25.439: 48 q: 0.26367903
2024-11-15 15:55:30.263: 49 test start:
2024-11-15 15:55:40.649: 49 avg_reward: 660.0
2024-11-15 15:55:40.649: 49 avg_steps: 498.45
2024-11-15 15:55:40.649: 49 epsilon: 0.01
2024-11-15 15:55:40.649: 49 q: 0.2943834
2024-11-15 16:05:10.220: 50 test start:
2024-11-15 16:05:20.254: 50 avg_reward: 690.0
2024-11-15 16:05:20.254: 50 avg_steps: 522.05
2024-11-15 16:05:20.254: 50 epsilon: 0.01
2024-11-15 16:05:20.254: 50 q: 0.33186138
2024-11-15 16:14:36.050: 51 test start:
2024-11-15 16:14:47.257: 51 avg_reward: 710.0
2024-11-15 16:14:47.257: 51 avg_steps: 540.05
2024-11-15 16:14:47.257: 51 epsilon: 0.01
2024-11-15 16:14:47.257: 51 q: 0.36446345
2024-11-15 16:24:09.438: 52 test start:
2024-11-15 16:24:18.321: 52 avg_reward: 600.0
2024-11-15 16:24:18.321: 52 avg_steps: 479.05
2024-11-15 16:24:18.321: 52 epsilon: 0.01
2024-11-15 16:24:18.321: 52 q: 0.39252645
2024-11-15 16:33:34.440: 53 test start:
2024-11-15 16:33:44.454: 53 avg_reward: 670.0
2024-11-15 16:33:44.454: 53 avg_steps: 497.05
2024-11-15 16:33:44.454: 53 epsilon: 0.01
2024-11-15 16:33:44.454: 53 q: 0.41513667
2024-11-15 16:43:09.652: 54 test start:
2024-11-15 16:43:19.368: 54 avg_reward: 610.0
2024-11-15 16:43:19.368: 54 avg_steps: 524.6
2024-11-15 16:43:19.368: 54 epsilon: 0.01
2024-11-15 16:43:19.368: 54 q: 0.43540868
2024-11-15 16:52:45.568: 55 test start:
2024-11-15 16:52:57.356: 55 avg_reward: 850.0
2024-11-15 16:52:57.356: 55 avg_steps: 564.5
2024-11-15 16:52:57.356: 55 epsilon: 0.01
2024-11-15 16:52:57.356: 55 q: 0.44396943
2024-11-15 17:02:12.820: 56 test start:
2024-11-15 17:02:22.174: 56 avg_reward: 600.0
2024-11-15 17:02:22.174: 56 avg_steps: 490.3
2024-11-15 17:02:22.174: 56 epsilon: 0.01
2024-11-15 17:02:22.174: 56 q: 0.45864525
2024-11-15 17:11:55.575: 57 test start:
2024-11-15 17:12:06.943: 57 avg_reward: 740.0
2024-11-15 17:12:06.943: 57 avg_steps: 545.15
2024-11-15 17:12:06.943: 57 epsilon: 0.01
2024-11-15 17:12:06.943: 57 q: 0.47779852
2024-11-15 17:21:16.482: 58 test start:
2024-11-15 17:21:25.725: 58 avg_reward: 590.0
2024-11-15 17:21:25.725: 58 avg_steps: 475.25
2024-11-15 17:21:25.725: 58 epsilon: 0.01
2024-11-15 17:21:25.725: 58 q: 0.4960966
2024-11-15 17:31:08.587: 59 test start:
2024-11-15 17:31:20.167: 59 avg_reward: 770.0
2024-11-15 17:31:20.167: 59 avg_steps: 556.85
2024-11-15 17:31:20.167: 59 epsilon: 0.01
2024-11-15 17:31:20.167: 59 q: 0.48259792
2024-11-15 17:40:29.500: 60 test start:
2024-11-15 17:40:39.938: 60 avg_reward: 730.0
2024-11-15 17:40:39.938: 60 avg_steps: 524.95
2024-11-15 17:40:39.938: 60 epsilon: 0.01
2024-11-15 17:40:39.938: 60 q: 0.49210364
2024-11-15 17:50:19.560: 61 test start:
2024-11-15 17:50:29.474: 61 avg_reward: 660.0
2024-11-15 17:50:29.474: 61 avg_steps: 519.9
2024-11-15 17:50:29.474: 61 epsilon: 0.01
2024-11-15 17:50:29.475: 61 q: 0.50408965
2024-11-15 17:59:48.465: 62 test start:
2024-11-15 17:59:58.787: 62 avg_reward: 680.0
2024-11-15 17:59:58.788: 62 avg_steps: 525.0
2024-11-15 17:59:58.788: 62 epsilon: 0.01
2024-11-15 17:59:58.788: 62 q: 0.48966643
2024-11-15 18:09:31.804: 63 test start:
2024-11-15 18:09:42.373: 63 avg_reward: 700.0
2024-11-15 18:09:42.373: 63 avg_steps: 538.2
2024-11-15 18:09:42.374: 63 epsilon: 0.01
2024-11-15 18:09:42.374: 63 q: 0.50353646
2024-11-15 18:19:07.898: 64 test start:
2024-11-15 18:19:18.096: 64 avg_reward: 580.0
2024-11-15 18:19:18.097: 64 avg_steps: 524.85
2024-11-15 18:19:18.097: 64 epsilon: 0.01
2024-11-15 18:19:18.097: 64 q: 0.51749927
2024-11-15 18:28:36.223: 65 test start:
2024-11-15 18:28:46.136: 65 avg_reward: 660.0
2024-11-15 18:28:46.137: 65 avg_steps: 517.1
2024-11-15 18:28:46.137: 65 epsilon: 0.01
2024-11-15 18:28:46.137: 65 q: 0.51421607
2024-11-15 18:38:09.673: 66 test start:
2024-11-15 18:38:19.763: 66 avg_reward: 700.0
2024-11-15 18:38:19.763: 66 avg_steps: 499.9
2024-11-15 18:38:19.763: 66 epsilon: 0.01
2024-11-15 18:38:19.763: 66 q: 0.5096984
2024-11-15 18:47:37.844: 67 test start:
2024-11-15 18:47:48.677: 67 avg_reward: 760.0
2024-11-15 18:47:48.677: 67 avg_steps: 536.2
2024-11-15 18:47:48.678: 67 epsilon: 0.01
2024-11-15 18:47:48.678: 67 q: 0.52425206
2024-11-15 18:57:16.124: 68 test start:
2024-11-15 18:57:23.588: 68 avg_reward: 380.0
2024-11-15 18:57:23.588: 68 avg_steps: 395.35
2024-11-15 18:57:23.588: 68 epsilon: 0.01
2024-11-15 18:57:23.588: 68 q: 0.5380529
2024-11-15 19:06:51.655: 69 test start:
2024-11-15 19:07:00.274: 69 avg_reward: 560.0
2024-11-15 19:07:00.274: 69 avg_steps: 430.2
2024-11-15 19:07:00.274: 69 epsilon: 0.01
2024-11-15 19:07:00.274: 69 q: 0.53625137
2024-11-15 19:16:25.683: 70 test start:
2024-11-15 19:16:35.283: 70 avg_reward: 540.0
2024-11-15 19:16:35.283: 70 avg_steps: 479.8
2024-11-15 19:16:35.283: 70 epsilon: 0.01
2024-11-15 19:16:35.283: 70 q: 0.53649217
2024-11-15 19:25:55.390: 71 test start:
2024-11-15 19:26:06.140: 71 avg_reward: 590.0
2024-11-15 19:26:06.141: 71 avg_steps: 535.4
2024-11-15 19:26:06.141: 71 epsilon: 0.01
2024-11-15 19:26:06.141: 71 q: 0.54003334
2024-11-15 19:35:36.965: 72 test start:
2024-11-15 19:35:49.726: 72 avg_reward: 1050.0
2024-11-15 19:35:49.726: 72 avg_steps: 646.35
2024-11-15 19:35:49.726: 72 epsilon: 0.01
2024-11-15 19:35:49.726: 72 q: 0.55091006
2024-11-15 19:45:06.928: 73 test start:
2024-11-15 19:45:18.337: 73 avg_reward: 750.0
2024-11-15 19:45:18.338: 73 avg_steps: 566.95
2024-11-15 19:45:18.338: 73 epsilon: 0.01
2024-11-15 19:45:18.338: 73 q: 0.5450118
2024-11-15 19:54:45.717: 74 test start:
2024-11-15 19:54:57.141: 74 avg_reward: 910.0
2024-11-15 19:54:57.141: 74 avg_steps: 572.2
2024-11-15 19:54:57.141: 74 epsilon: 0.01
2024-11-15 19:54:57.141: 74 q: 0.5484771
2024-11-15 20:04:16.677: 75 test start:
2024-11-15 20:04:28.527: 75 avg_reward: 950.0
2024-11-15 20:04:28.528: 75 avg_steps: 586.3
2024-11-15 20:04:28.528: 75 epsilon: 0.01
2024-11-15 20:04:28.528: 75 q: 0.5488787
2024-11-15 20:13:59.143: 76 test start:
2024-11-15 20:14:10.711: 76 avg_reward: 820.0
2024-11-15 20:14:10.711: 76 avg_steps: 584.85
2024-11-15 20:14:10.711: 76 epsilon: 0.01
2024-11-15 20:14:10.711: 76 q: 0.55055326
2024-11-15 20:23:29.214: 77 test start:
2024-11-15 20:23:41.162: 77 avg_reward: 900.0
2024-11-15 20:23:41.162: 77 avg_steps: 592.3
2024-11-15 20:23:41.162: 77 epsilon: 0.01
2024-11-15 20:23:41.162: 77 q: 0.56097674
2024-11-15 20:33:07.218: 78 test start:
2024-11-15 20:33:17.953: 78 avg_reward: 810.0
2024-11-15 20:33:17.953: 78 avg_steps: 534.15
2024-11-15 20:33:17.953: 78 epsilon: 0.01
2024-11-15 20:33:17.953: 78 q: 0.5707321
2024-11-15 20:42:39.120: 79 test start:
2024-11-15 20:42:51.199: 79 avg_reward: 1020.0
2024-11-15 20:42:51.199: 79 avg_steps: 584.1
2024-11-15 20:42:51.199: 79 epsilon: 0.01
2024-11-15 20:42:51.199: 79 q: 0.557839
2024-11-15 20:52:15.133: 80 test start:
2024-11-15 20:52:25.052: 80 avg_reward: 710.0
2024-11-15 20:52:25.052: 80 avg_steps: 504.5
2024-11-15 20:52:25.052: 80 epsilon: 0.01
2024-11-15 20:52:25.052: 80 q: 0.5726151
2024-11-15 21:01:52.983: 81 test start:
2024-11-15 21:02:06.561: 81 avg_reward: 1190.0
2024-11-15 21:02:06.561: 81 avg_steps: 650.5
2024-11-15 21:02:06.561: 81 epsilon: 0.01
2024-11-15 21:02:06.561: 81 q: 0.5800381
2024-11-15 21:11:29.173: 82 test start:
2024-11-15 21:11:39.636: 82 avg_reward: 900.0
2024-11-15 21:11:39.637: 82 avg_steps: 551.7
2024-11-15 21:11:39.637: 82 epsilon: 0.01
2024-11-15 21:11:39.637: 82 q: 0.59022284
2024-11-15 21:21:14.538: 83 test start:
2024-11-15 21:21:24.714: 83 avg_reward: 850.0
2024-11-15 21:21:24.714: 83 avg_steps: 511.05
2024-11-15 21:21:24.714: 83 epsilon: 0.01
2024-11-15 21:21:24.714: 83 q: 0.5907028
2024-11-15 21:30:39.041: 84 test start:
2024-11-15 21:30:49.193: 84 avg_reward: 920.0
2024-11-15 21:30:49.193: 84 avg_steps: 508.05
2024-11-15 21:30:49.193: 84 epsilon: 0.01
2024-11-15 21:30:49.194: 84 q: 0.5910976
2024-11-15 21:40:18.404: 85 test start:
2024-11-15 21:40:26.206: 85 avg_reward: 400.0
2024-11-15 21:40:26.206: 85 avg_steps: 394.55
2024-11-15 21:40:26.206: 85 epsilon: 0.01
2024-11-15 21:40:26.206: 85 q: 0.6051912
2024-11-15 21:49:42.652: 86 test start:
2024-11-15 21:49:50.929: 86 avg_reward: 210.0
2024-11-15 21:49:50.929: 86 avg_steps: 404.0
2024-11-15 21:49:50.929: 86 epsilon: 0.01
2024-11-15 21:49:50.929: 86 q: 0.61236775
2024-11-15 21:59:21.741: 87 test start:
2024-11-15 21:59:31.862: 87 avg_reward: 650.0
2024-11-15 21:59:31.862: 87 avg_steps: 527.3
2024-11-15 21:59:31.862: 87 epsilon: 0.01
2024-11-15 21:59:31.862: 87 q: 0.6073585
2024-11-15 22:08:52.265: 88 test start:
2024-11-15 22:09:02.712: 88 avg_reward: 720.0
2024-11-15 22:09:02.712: 88 avg_steps: 526.45
2024-11-15 22:09:02.712: 88 epsilon: 0.01
2024-11-15 22:09:02.712: 88 q: 0.606048
2024-11-15 22:18:35.414: 89 test start:
2024-11-15 22:18:45.141: 89 avg_reward: 580.0
2024-11-15 22:18:45.141: 89 avg_steps: 488.9
2024-11-15 22:18:45.141: 89 epsilon: 0.01
2024-11-15 22:18:45.141: 89 q: 0.5962634
2024-11-15 22:28:05.110: 90 test start:
2024-11-15 22:28:17.118: 90 avg_reward: 1100.0
2024-11-15 22:28:17.118: 90 avg_steps: 591.0
2024-11-15 22:28:17.118: 90 epsilon: 0.01
2024-11-15 22:28:17.118: 90 q: 0.6125952
2024-11-15 22:37:53.243: 91 test start:
2024-11-15 22:38:03.889: 91 avg_reward: 950.0
2024-11-15 22:38:03.889: 91 avg_steps: 537.25
2024-11-15 22:38:03.889: 91 epsilon: 0.01
2024-11-15 22:38:03.889: 91 q: 0.6021993
2024-11-15 22:47:21.733: 92 test start:
2024-11-15 22:47:31.715: 92 avg_reward: 770.0
2024-11-15 22:47:31.715: 92 avg_steps: 499.65
2024-11-15 22:47:31.715: 92 epsilon: 0.01
2024-11-15 22:47:31.716: 92 q: 0.5915147
2024-11-15 22:57:05.440: 93 test start:
2024-11-15 22:57:19.021: 93 avg_reward: 1480.0
2024-11-15 22:57:19.021: 93 avg_steps: 684.65
2024-11-15 22:57:19.021: 93 epsilon: 0.01
2024-11-15 22:57:19.021: 93 q: 0.60060734
2024-11-15 23:06:35.549: 94 test start:
2024-11-15 23:06:45.638: 94 avg_reward: 970.0
2024-11-15 23:06:45.638: 94 avg_steps: 517.2
2024-11-15 23:06:45.638: 94 epsilon: 0.01
2024-11-15 23:06:45.638: 94 q: 0.61264145
2024-11-15 23:16:16.322: 95 test start:
2024-11-15 23:16:27.036: 95 avg_reward: 1160.0
2024-11-15 23:16:27.037: 95 avg_steps: 557.8
2024-11-15 23:16:27.037: 95 epsilon: 0.01
2024-11-15 23:16:27.037: 95 q: 0.6173291
2024-11-15 23:25:45.061: 96 test start:
2024-11-15 23:25:55.447: 96 avg_reward: 920.0
2024-11-15 23:25:55.448: 96 avg_steps: 522.4
2024-11-15 23:25:55.448: 96 epsilon: 0.01
2024-11-15 23:25:55.448: 96 q: 0.6268332
2024-11-15 23:35:29.829: 97 test start:
2024-11-15 23:35:43.301: 97 avg_reward: 1680.0
2024-11-15 23:35:43.301: 97 avg_steps: 679.95
2024-11-15 23:35:43.307: 97 epsilon: 0.01
2024-11-15 23:35:43.307: 97 q: 0.62434804
2024-11-15 23:44:55.626: 98 test start:
2024-11-15 23:45:10.059: 98 avg_reward: 1410.0
2024-11-15 23:45:10.059: 98 avg_steps: 710.45
2024-11-15 23:45:10.059: 98 epsilon: 0.01
2024-11-15 23:45:10.059: 98 q: 0.6325882
2024-11-15 23:54:43.084: 99 test start:
2024-11-15 23:54:55.809: 99 avg_reward: 1320.0
2024-11-15 23:54:55.809: 99 avg_steps: 637.15
2024-11-15 23:54:55.809: 99 epsilon: 0.01
2024-11-15 23:54:55.809: 99 q: 0.62893933
2024-11-16 00:04:09.925: 100 test start:
2024-11-16 00:04:21.104: 100 avg_reward: 950.0
2024-11-16 00:04:21.104: 100 avg_steps: 550.4
2024-11-16 00:04:21.105: 100 epsilon: 0.01
2024-11-16 00:04:21.105: 100 q: 0.63295954
2024-11-16 00:13:54.463: 101 test start:
2024-11-16 00:14:08.836: 101 avg_reward: 1600.0
2024-11-16 00:14:08.836: 101 avg_steps: 712.95
2024-11-16 00:14:08.836: 101 epsilon: 0.01
2024-11-16 00:14:08.836: 101 q: 0.62574977
2024-11-16 00:23:30.701: 102 test start:
2024-11-16 00:23:45.756: 102 avg_reward: 1450.0
2024-11-16 00:23:45.756: 102 avg_steps: 723.05
2024-11-16 00:23:45.756: 102 epsilon: 0.01
2024-11-16 00:23:45.756: 102 q: 0.6373463
2024-11-16 00:33:19.034: 103 test start:
2024-11-16 00:33:33.206: 103 avg_reward: 1610.0
2024-11-16 00:33:33.206: 103 avg_steps: 716.15
2024-11-16 00:33:33.206: 103 epsilon: 0.01
2024-11-16 00:33:33.206: 103 q: 0.6463262
2024-11-16 00:42:59.659: 104 test start:
2024-11-16 00:43:17.128: 104 avg_reward: 2030.0
2024-11-16 00:43:17.128: 104 avg_steps: 840.75
2024-11-16 00:43:17.128: 104 epsilon: 0.01
2024-11-16 00:43:17.128: 104 q: 0.6524353
2024-11-16 00:52:41.130: 105 test start:
2024-11-16 00:52:55.900: 105 avg_reward: 1680.0
2024-11-16 00:52:55.900: 105 avg_steps: 771.0
2024-11-16 00:52:55.900: 105 epsilon: 0.01
2024-11-16 00:52:55.900: 105 q: 0.66074574
2024-11-16 01:02:28.094: 106 test start:
2024-11-16 01:02:44.299: 106 avg_reward: 1770.0
2024-11-16 01:02:44.299: 106 avg_steps: 784.25
2024-11-16 01:02:44.299: 106 epsilon: 0.01
2024-11-16 01:02:44.299: 106 q: 0.6725874
2024-11-16 01:11:59.980: 107 test start:
2024-11-16 01:12:14.324: 107 avg_reward: 1610.0
2024-11-16 01:12:14.324: 107 avg_steps: 729.9
2024-11-16 01:12:14.324: 107 epsilon: 0.01
2024-11-16 01:12:14.324: 107 q: 0.6905782
2024-11-16 01:22:00.210: 108 test start:
2024-11-16 01:22:13.577: 108 avg_reward: 1240.0
2024-11-16 01:22:13.577: 108 avg_steps: 642.85
2024-11-16 01:22:13.577: 108 epsilon: 0.01
2024-11-16 01:22:13.577: 108 q: 0.7049512
2024-11-16 01:31:21.551: 109 test start:
2024-11-16 01:31:35.739: 109 avg_reward: 1540.0
2024-11-16 01:31:35.740: 109 avg_steps: 703.35
2024-11-16 01:31:35.740: 109 epsilon: 0.01
2024-11-16 01:31:35.740: 109 q: 0.7049453
2024-11-16 01:41:28.865: 110 test start:
2024-11-16 01:41:47.222: 110 avg_reward: 2260.0
2024-11-16 01:41:47.223: 110 avg_steps: 922.35
2024-11-16 01:41:47.223: 110 epsilon: 0.01
2024-11-16 01:41:47.223: 110 q: 0.70645934
2024-11-16 01:50:47.795: 111 test start:
2024-11-16 01:51:06.824: 111 avg_reward: 2090.0
2024-11-16 01:51:06.824: 111 avg_steps: 944.8
2024-11-16 01:51:06.824: 111 epsilon: 0.01
2024-11-16 01:51:06.824: 111 q: 0.70886743
2024-11-16 02:01:03.394: 112 test start:
2024-11-16 02:01:22.460: 112 avg_reward: 2380.0
2024-11-16 02:01:22.460: 112 avg_steps: 962.75
2024-11-16 02:01:22.460: 112 epsilon: 0.01
2024-11-16 02:01:22.460: 112 q: 0.73094726
2024-11-16 02:10:26.354: 113 test start:
2024-11-16 02:10:42.620: 113 avg_reward: 1880.0
2024-11-16 02:10:42.620: 113 avg_steps: 801.95
2024-11-16 02:10:42.620: 113 epsilon: 0.01
2024-11-16 02:10:42.620: 113 q: 0.71913743
2024-11-16 02:20:42.028: 114 test start:
2024-11-16 02:20:58.901: 114 avg_reward: 2250.0
2024-11-16 02:20:58.901: 114 avg_steps: 883.2
2024-11-16 02:20:58.901: 114 epsilon: 0.01
2024-11-16 02:20:58.901: 114 q: 0.72858435
2024-11-16 02:30:07.833: 115 test start:
2024-11-16 02:30:26.836: 115 avg_reward: 2380.0
2024-11-16 02:30:26.837: 115 avg_steps: 925.35
2024-11-16 02:30:26.837: 115 epsilon: 0.01
2024-11-16 02:30:26.837: 115 q: 0.737532
2024-11-16 02:40:16.949: 116 test start:
2024-11-16 02:40:40.122: 116 avg_reward: 3200.0
2024-11-16 02:40:40.122: 116 avg_steps: 1176.55
2024-11-16 02:40:40.123: 116 epsilon: 0.01
2024-11-16 02:40:40.123: 116 q: 0.7431499
2024-11-16 02:50:03.258: 117 test start:
2024-11-16 02:50:22.756: 117 avg_reward: 2410.0
2024-11-16 02:50:22.757: 117 avg_steps: 938.9
2024-11-16 02:50:22.757: 117 epsilon: 0.01
2024-11-16 02:50:22.757: 117 q: 0.73300374
2024-11-16 02:59:59.443: 118 test start:
2024-11-16 03:00:17.274: 118 avg_reward: 2380.0
2024-11-16 03:00:17.275: 118 avg_steps: 923.3
2024-11-16 03:00:17.275: 118 epsilon: 0.01
2024-11-16 03:00:17.275: 118 q: 0.7344401
2024-11-16 03:09:41.330: 119 test start:
2024-11-16 03:09:57.695: 119 avg_reward: 1730.0
2024-11-16 03:09:57.695: 119 avg_steps: 792.2
2024-11-16 03:09:57.695: 119 epsilon: 0.01
2024-11-16 03:09:57.696: 119 q: 0.76040554
2024-11-16 03:19:29.541: 120 test start:
2024-11-16 03:19:43.175: 120 avg_reward: 1400.0
2024-11-16 03:19:43.175: 120 avg_steps: 697.1
2024-11-16 03:19:43.175: 120 epsilon: 0.01
2024-11-16 03:19:43.175: 120 q: 0.7553322
2024-11-16 03:29:25.198: 121 test start:
2024-11-16 03:29:45.522: 121 avg_reward: 2750.0
2024-11-16 03:29:45.522: 121 avg_steps: 981.4
2024-11-16 03:29:45.522: 121 epsilon: 0.01
2024-11-16 03:29:45.522: 121 q: 0.7668471
2024-11-16 03:38:53.945: 122 test start:
2024-11-16 03:39:14.401: 122 avg_reward: 2750.0
2024-11-16 03:39:14.401: 122 avg_steps: 1045.65
2024-11-16 03:39:14.401: 122 epsilon: 0.01
2024-11-16 03:39:14.401: 122 q: 0.75574803
2024-11-16 03:49:02.418: 123 test start:
2024-11-16 03:49:24.355: 123 avg_reward: 2720.0
2024-11-16 03:49:24.355: 123 avg_steps: 1089.35
2024-11-16 03:49:24.355: 123 epsilon: 0.01
2024-11-16 03:49:24.355: 123 q: 0.7593567
2024-11-16 03:58:30.200: 124 test start:
2024-11-16 03:58:57.966: 124 avg_reward: 3900.0
2024-11-16 03:58:57.966: 124 avg_steps: 1404.55
2024-11-16 03:58:57.966: 124 epsilon: 0.01
2024-11-16 03:58:57.966: 124 q: 0.76007324
2024-11-16 04:08:45.230: 125 test start:
2024-11-16 04:09:07.738: 125 avg_reward: 2860.0
2024-11-16 04:09:07.738: 125 avg_steps: 1102.05
2024-11-16 04:09:07.738: 125 epsilon: 0.01
2024-11-16 04:09:07.738: 125 q: 0.76934195
2024-11-16 04:18:13.655: 126 test start:
2024-11-16 04:18:36.496: 126 avg_reward: 2900.0
2024-11-16 04:18:36.497: 126 avg_steps: 1141.25
2024-11-16 04:18:36.497: 126 epsilon: 0.01
2024-11-16 04:18:36.497: 126 q: 0.75323164
2024-11-16 04:28:25.802: 127 test start:
2024-11-16 04:28:58.562: 127 avg_reward: 4710.0
2024-11-16 04:28:58.562: 127 avg_steps: 1599.9
2024-11-16 04:28:58.562: 127 epsilon: 0.01
2024-11-16 04:28:58.562: 127 q: 0.7630812
2024-11-16 04:38:12.347: 128 test start:
2024-11-16 04:38:33.799: 128 avg_reward: 2840.0
2024-11-16 04:38:33.799: 128 avg_steps: 1081.55
2024-11-16 04:38:33.800: 128 epsilon: 0.01
2024-11-16 04:38:33.800: 128 q: 0.7752865
2024-11-16 04:48:20.225: 129 test start:
2024-11-16 04:48:54.448: 129 avg_reward: 5030.0
2024-11-16 04:48:54.448: 129 avg_steps: 1716.1
2024-11-16 04:48:54.448: 129 epsilon: 0.01
2024-11-16 04:48:54.448: 129 q: 0.78345555
2024-11-16 04:58:23.847: 130 test start:
2024-11-16 04:58:57.447: 130 avg_reward: 4870.0
2024-11-16 04:58:57.447: 130 avg_steps: 1618.7
2024-11-16 04:58:57.447: 130 epsilon: 0.01
2024-11-16 04:58:57.447: 130 q: 0.7881102
2024-11-16 05:08:46.198: 131 test start:
2024-11-16 05:09:11.345: 131 avg_reward: 3550.0
2024-11-16 05:09:11.345: 131 avg_steps: 1272.25
2024-11-16 05:09:11.345: 131 epsilon: 0.01
2024-11-16 05:09:11.345: 131 q: 0.81830424
2024-11-16 05:18:25.577: 132 test start:
2024-11-16 05:18:58.674: 132 avg_reward: 4890.0
2024-11-16 05:18:58.675: 132 avg_steps: 1659.15
2024-11-16 05:18:58.675: 132 epsilon: 0.01
2024-11-16 05:18:58.675: 132 q: 0.8250016
2024-11-16 05:28:58.793: 133 test start:
2024-11-16 05:29:30.242: 133 avg_reward: 4530.0
2024-11-16 05:29:30.242: 133 avg_steps: 1576.85
2024-11-16 05:29:30.242: 133 epsilon: 0.01
2024-11-16 05:29:30.242: 133 q: 0.8222497
2024-11-16 05:38:54.427: 134 test start:
2024-11-16 05:39:20.060: 134 avg_reward: 3560.0
2024-11-16 05:39:20.061: 134 avg_steps: 1240.3
2024-11-16 05:39:20.061: 134 epsilon: 0.01
2024-11-16 05:39:20.061: 134 q: 0.83083254
2024-11-16 05:49:15.963: 135 test start:
2024-11-16 05:49:43.141: 135 avg_reward: 4080.0
2024-11-16 05:49:43.141: 135 avg_steps: 1367.4
2024-11-16 05:49:43.141: 135 epsilon: 0.01
2024-11-16 05:49:43.141: 135 q: 0.84335434
2024-11-16 05:59:34.599: 136 test start:
2024-11-16 06:00:12.122: 136 avg_reward: 5690.0
2024-11-16 06:00:12.123: 136 avg_steps: 1812.35
2024-11-16 06:00:12.123: 136 epsilon: 0.01
2024-11-16 06:00:12.123: 136 q: 0.85219824
2024-11-16 06:09:59.720: 137 test start:
2024-11-16 06:10:44.913: 137 avg_reward: 7580.0
2024-11-16 06:10:44.913: 137 avg_steps: 2275.55
2024-11-16 06:10:44.913: 137 epsilon: 0.01
2024-11-16 06:10:44.913: 137 q: 0.86132216
2024-11-16 06:20:41.915: 138 test start:
2024-11-16 06:21:12.190: 138 avg_reward: 4540.0
2024-11-16 06:21:12.190: 138 avg_steps: 1490.0
2024-11-16 06:21:12.190: 138 epsilon: 0.01
2024-11-16 06:21:12.190: 138 q: 0.84937584
2024-11-16 06:30:43.406: 139 test start:
2024-11-16 06:31:30.113: 139 avg_reward: 7800.0
2024-11-16 06:31:30.113: 139 avg_steps: 2356.65
2024-11-16 06:31:30.113: 139 epsilon: 0.01
2024-11-16 06:31:30.113: 139 q: 0.8672311
2024-11-16 06:41:35.804: 140 test start:
2024-11-16 06:42:11.941: 140 avg_reward: 5550.0
2024-11-16 06:42:11.942: 140 avg_steps: 1748.15
2024-11-16 06:42:11.942: 140 epsilon: 0.01
2024-11-16 06:42:11.942: 140 q: 0.8531305
2024-11-16 06:51:35.965: 141 test start:
2024-11-16 06:52:20.299: 141 avg_reward: 6990.0
2024-11-16 06:52:20.299: 141 avg_steps: 2129.7
2024-11-16 06:52:20.299: 141 epsilon: 0.01
2024-11-16 06:52:20.299: 141 q: 0.8630792
2024-11-16 07:02:20.067: 142 test start:
2024-11-16 07:03:22.702: 142 avg_reward: 10440.0
2024-11-16 07:03:22.702: 142 avg_steps: 3104.9
2024-11-16 07:03:22.702: 142 epsilon: 0.01
2024-11-16 07:03:22.702: 142 q: 0.8615569
2024-11-16 07:13:01.498: 143 test start:
2024-11-16 07:13:51.928: 143 avg_reward: 8630.0
2024-11-16 07:13:51.928: 143 avg_steps: 2449.4
2024-11-16 07:13:51.928: 143 epsilon: 0.01
2024-11-16 07:13:51.928: 143 q: 0.8760596
2024-11-16 07:23:50.682: 144 test start:
2024-11-16 07:24:55.007: 144 avg_reward: 11540.0
2024-11-16 07:24:55.008: 144 avg_steps: 3265.35
2024-11-16 07:24:55.013: 144 epsilon: 0.01
2024-11-16 07:24:55.013: 144 q: 0.88410455
2024-11-16 07:34:45.591: 145 test start:
2024-11-16 07:35:52.974: 145 avg_reward: 11490.0
2024-11-16 07:35:52.975: 145 avg_steps: 3265.1
2024-11-16 07:35:52.975: 145 epsilon: 0.01
2024-11-16 07:35:52.975: 145 q: 0.88416344
2024-11-16 07:45:32.593: 146 test start:
2024-11-16 07:46:21.828: 146 avg_reward: 8780.0
2024-11-16 07:46:21.829: 146 avg_steps: 2465.3
2024-11-16 07:46:21.829: 146 epsilon: 0.01
2024-11-16 07:46:21.829: 146 q: 0.9036525
2024-11-16 07:56:26.978: 147 test start:
2024-11-16 07:57:15.124: 147 avg_reward: 8010.0
2024-11-16 07:57:15.124: 147 avg_steps: 2323.7
2024-11-16 07:57:15.124: 147 epsilon: 0.01
2024-11-16 07:57:15.124: 147 q: 0.91473997
2024-11-16 08:06:42.332: 148 test start:
2024-11-16 08:07:32.505: 148 avg_reward: 8800.0
2024-11-16 08:07:32.505: 148 avg_steps: 2476.05
2024-11-16 08:07:32.505: 148 epsilon: 0.01
2024-11-16 08:07:32.505: 148 q: 0.9062683
2024-11-16 08:17:36.786: 149 test start:
2024-11-16 08:18:19.553: 149 avg_reward: 7490.0
2024-11-16 08:18:19.553: 149 avg_steps: 2144.55
2024-11-16 08:18:19.553: 149 epsilon: 0.01
2024-11-16 08:18:19.553: 149 q: 0.9002429
2024-11-16 08:27:52.224: 150 test start:
2024-11-16 08:28:51.913: 150 avg_reward: 10550.0
2024-11-16 08:28:51.913: 150 avg_steps: 2924.3
2024-11-16 08:28:51.913: 150 epsilon: 0.01
2024-11-16 08:28:51.913: 150 q: 0.89421445
2024-11-16 08:38:00.805: 151 test start:
2024-11-16 08:38:51.779: 151 avg_reward: 9790.0
2024-11-16 08:38:51.779: 151 avg_steps: 2757.05
2024-11-16 08:38:51.779: 151 epsilon: 0.01
2024-11-16 08:38:51.779: 151 q: 0.87189275
2024-11-16 08:47:45.903: 152 test start:
2024-11-16 08:48:42.026: 152 avg_reward: 9780.0
2024-11-16 08:48:42.026: 152 avg_steps: 2707.75
2024-11-16 08:48:42.026: 152 epsilon: 0.01
2024-11-16 08:48:42.026: 152 q: 0.8779052
2024-11-16 08:58:25.885: 153 test start:
2024-11-16 08:59:04.564: 153 avg_reward: 6800.0
2024-11-16 08:59:04.564: 153 avg_steps: 1956.1
2024-11-16 08:59:04.564: 153 epsilon: 0.01
2024-11-16 08:59:04.564: 153 q: 0.88798565
2024-11-16 09:08:55.790: 154 test start:
2024-11-16 09:09:53.902: 154 avg_reward: 10260.0
2024-11-16 09:09:53.902: 154 avg_steps: 2822.3
2024-11-16 09:09:53.902: 154 epsilon: 0.01
2024-11-16 09:09:53.902: 154 q: 0.8849474
2024-11-16 09:19:32.289: 155 test start:
2024-11-16 09:20:40.068: 155 avg_reward: 12650.0
2024-11-16 09:20:40.069: 155 avg_steps: 3477.05
2024-11-16 09:20:40.069: 155 epsilon: 0.01
2024-11-16 09:20:40.069: 155 q: 0.88936675
2024-11-16 09:30:38.136: 156 test start:
2024-11-16 09:31:37.670: 156 avg_reward: 10530.0
2024-11-16 09:31:37.670: 156 avg_steps: 3003.05
2024-11-16 09:31:37.670: 156 epsilon: 0.01
2024-11-16 09:31:37.670: 156 q: 0.8955033
2024-11-16 09:40:51.208: 157 test start:
2024-11-16 09:41:58.242: 157 avg_reward: 12250.0
2024-11-16 09:41:58.243: 157 avg_steps: 3277.7
2024-11-16 09:41:58.243: 157 epsilon: 0.01
2024-11-16 09:41:58.243: 157 q: 0.8835282
2024-11-16 09:51:50.250: 158 test start:
2024-11-16 09:52:51.213: 158 avg_reward: 11380.0
2024-11-16 09:52:51.213: 158 avg_steps: 3094.95
2024-11-16 09:52:51.213: 158 epsilon: 0.01
2024-11-16 09:52:51.213: 158 q: 0.89021033
2024-11-16 10:02:37.598: 159 test start:
2024-11-16 10:03:35.840: 159 avg_reward: 10670.0
2024-11-16 10:03:35.840: 159 avg_steps: 2864.2
2024-11-16 10:03:35.840: 159 epsilon: 0.01
2024-11-16 10:03:35.840: 159 q: 0.9009637
2024-11-16 10:13:19.510: 160 test start:
2024-11-16 10:14:34.029: 160 avg_reward: 14360.0
2024-11-16 10:14:34.030: 160 avg_steps: 3787.45
2024-11-16 10:14:34.030: 160 epsilon: 0.01
2024-11-16 10:14:34.030: 160 q: 0.9106455
2024-11-16 10:24:30.649: 161 test start:
2024-11-16 10:25:36.261: 161 avg_reward: 12030.0
2024-11-16 10:25:36.261: 161 avg_steps: 3192.9
2024-11-16 10:25:36.261: 161 epsilon: 0.01
2024-11-16 10:25:36.261: 161 q: 0.9212968
2024-11-16 10:35:07.572: 162 test start:
2024-11-16 10:36:11.307: 162 avg_reward: 12140.0
2024-11-16 10:36:11.307: 162 avg_steps: 3207.5
2024-11-16 10:36:11.308: 162 epsilon: 0.01
2024-11-16 10:36:11.308: 162 q: 0.9135926
2024-11-16 10:46:12.379: 163 test start:
2024-11-16 10:47:03.383: 163 avg_reward: 9600.0
2024-11-16 10:47:03.383: 163 avg_steps: 2617.4
2024-11-16 10:47:03.383: 163 epsilon: 0.01
2024-11-16 10:47:03.383: 163 q: 0.92978907
2024-11-16 10:56:28.686: 164 test start:
2024-11-16 10:57:24.333: 164 avg_reward: 9940.0
2024-11-16 10:57:24.333: 164 avg_steps: 2729.5
2024-11-16 10:57:24.333: 164 epsilon: 0.01
2024-11-16 10:57:24.333: 164 q: 0.9430649
2024-11-16 11:07:23.093: 165 test start:
2024-11-16 11:08:20.318: 165 avg_reward: 10820.0
2024-11-16 11:08:20.318: 165 avg_steps: 2920.1
2024-11-16 11:08:20.318: 165 epsilon: 0.01
2024-11-16 11:08:20.318: 165 q: 0.94618285
2024-11-16 11:17:59.291: 166 test start:
2024-11-16 11:19:12.006: 166 avg_reward: 13240.0
2024-11-16 11:19:12.006: 166 avg_steps: 3544.0
2024-11-16 11:19:12.007: 166 epsilon: 0.01
2024-11-16 11:19:12.007: 166 q: 0.94275665
2024-11-16 11:28:54.851: 167 test start:
2024-11-16 11:29:56.061: 167 avg_reward: 11750.0
2024-11-16 11:29:56.061: 167 avg_steps: 3159.95
2024-11-16 11:29:56.061: 167 epsilon: 0.01
2024-11-16 11:29:56.061: 167 q: 0.96936643
2024-11-16 11:39:41.395: 168 test start:
2024-11-16 11:40:58.563: 168 avg_reward: 14610.0
2024-11-16 11:40:58.563: 168 avg_steps: 3821.85
2024-11-16 11:40:58.563: 168 epsilon: 0.01
2024-11-16 11:40:58.563: 168 q: 0.95408267
2024-11-16 11:50:30.683: 169 test start:
2024-11-16 11:51:48.599: 169 avg_reward: 14790.0
2024-11-16 11:51:48.599: 169 avg_steps: 3899.75
2024-11-16 11:51:48.599: 169 epsilon: 0.01
2024-11-16 11:51:48.599: 169 q: 0.9650498
2024-11-16 12:01:52.233: 170 test start:
2024-11-16 12:02:59.026: 170 avg_reward: 12610.0
2024-11-16 12:02:59.026: 170 avg_steps: 3313.75
2024-11-16 12:02:59.026: 170 epsilon: 0.01
2024-11-16 12:02:59.026: 170 q: 0.9610347
2024-11-16 12:12:48.860: 171 test start:
2024-11-16 12:13:52.199: 171 avg_reward: 11620.0
2024-11-16 12:13:52.200: 171 avg_steps: 3085.1
2024-11-16 12:13:52.200: 171 epsilon: 0.01
2024-11-16 12:13:52.200: 171 q: 0.97859055
2024-11-16 12:23:47.333: 172 test start:
2024-11-16 12:24:30.712: 172 avg_reward: 7850.0
2024-11-16 12:24:30.712: 172 avg_steps: 2164.65
2024-11-16 12:24:30.712: 172 epsilon: 0.01
2024-11-16 12:24:30.712: 172 q: 0.97187954
2024-11-16 12:33:57.321: 173 test start:
2024-11-16 12:34:58.461: 173 avg_reward: 12110.0
2024-11-16 12:34:58.461: 173 avg_steps: 3242.4
2024-11-16 12:34:58.461: 173 epsilon: 0.01
2024-11-16 12:34:58.461: 173 q: 0.9895156
2024-11-16 12:43:39.820: 174 test start:
2024-11-16 12:44:39.644: 174 avg_reward: 12130.0
2024-11-16 12:44:39.644: 174 avg_steps: 3250.0
2024-11-16 12:44:39.644: 174 epsilon: 0.01
2024-11-16 12:44:39.644: 174 q: 0.989882
2024-11-16 12:53:39.949: 175 test start:
2024-11-16 12:54:47.029: 175 avg_reward: 13650.0
2024-11-16 12:54:47.029: 175 avg_steps: 3571.2
2024-11-16 12:54:47.029: 175 epsilon: 0.01
2024-11-16 12:54:47.029: 175 q: 0.9793292
2024-11-16 13:03:17.844: 176 test start:
2024-11-16 13:04:20.794: 176 avg_reward: 12550.0
2024-11-16 13:04:20.794: 176 avg_steps: 3301.55
2024-11-16 13:04:20.794: 176 epsilon: 0.01
2024-11-16 13:04:20.794: 176 q: 0.9918413
2024-11-16 13:13:19.640: 177 test start:
2024-11-16 13:14:22.963: 177 avg_reward: 13010.0
2024-11-16 13:14:22.964: 177 avg_steps: 3429.8
2024-11-16 13:14:22.964: 177 epsilon: 0.01
2024-11-16 13:14:22.964: 177 q: 1.0106224
2024-11-16 13:22:49.320: 178 test start:
2024-11-16 13:23:43.301: 178 avg_reward: 10610.0
2024-11-16 13:23:43.301: 178 avg_steps: 2852.55
2024-11-16 13:23:43.301: 178 epsilon: 0.01
2024-11-16 13:23:43.301: 178 q: 1.0087664
2024-11-16 13:32:24.052: 179 test start:
2024-11-16 13:33:25.579: 179 avg_reward: 12660.0
2024-11-16 13:33:25.580: 179 avg_steps: 3357.45
2024-11-16 13:33:25.580: 179 epsilon: 0.01
2024-11-16 13:33:25.580: 179 q: 1.0033844
2024-11-16 13:42:08.275: 180 test start:
2024-11-16 13:42:57.407: 180 avg_reward: 9270.0
2024-11-16 13:42:57.407: 180 avg_steps: 2541.0
2024-11-16 13:42:57.407: 180 epsilon: 0.01
2024-11-16 13:42:57.407: 180 q: 1.0053912
2024-11-16 13:51:41.008: 181 test start:
2024-11-16 13:52:48.988: 181 avg_reward: 14120.0
2024-11-16 13:52:48.988: 181 avg_steps: 3677.05
2024-11-16 13:52:48.988: 181 epsilon: 0.01
2024-11-16 13:52:48.988: 181 q: 0.9977734
2024-11-16 14:01:54.550: 182 test start:
2024-11-16 14:02:58.818: 182 avg_reward: 13190.0
2024-11-16 14:02:58.818: 182 avg_steps: 3480.8
2024-11-16 14:02:58.818: 182 epsilon: 0.01
2024-11-16 14:02:58.818: 182 q: 1.0131841
2024-11-16 14:10:44.721: 183 test start:
2024-11-16 14:11:52.287: 183 avg_reward: 14660.0
2024-11-16 14:11:52.287: 183 avg_steps: 3801.3
2024-11-16 14:11:52.287: 183 epsilon: 0.01
2024-11-16 14:11:52.287: 183 q: 1.0091642
2024-11-16 14:20:06.129: 184 test start:
2024-11-16 14:21:10.682: 184 avg_reward: 14540.0
2024-11-16 14:21:10.682: 184 avg_steps: 3786.1
2024-11-16 14:21:10.682: 184 epsilon: 0.01
2024-11-16 14:21:10.682: 184 q: 0.9993198
2024-11-16 14:28:57.539: 185 test start:
2024-11-16 14:30:03.038: 185 avg_reward: 14120.0
2024-11-16 14:30:03.039: 185 avg_steps: 3698.4
2024-11-16 14:30:03.039: 185 epsilon: 0.01
2024-11-16 14:30:03.039: 185 q: 0.99203295
2024-11-16 14:37:56.550: 186 test start:
2024-11-16 14:38:56.410: 186 avg_reward: 13470.0
2024-11-16 14:38:56.410: 186 avg_steps: 3517.5
2024-11-16 14:38:56.410: 186 epsilon: 0.01
2024-11-16 14:38:56.410: 186 q: 0.99367213
2024-11-16 14:46:59.012: 187 test start:
2024-11-16 14:47:53.183: 187 avg_reward: 11240.0
2024-11-16 14:47:53.183: 187 avg_steps: 3039.2
2024-11-16 14:47:53.183: 187 epsilon: 0.01
2024-11-16 14:47:53.183: 187 q: 0.9824962
2024-11-16 14:55:42.534: 188 test start:
2024-11-16 14:56:49.168: 188 avg_reward: 15170.0
2024-11-16 14:56:49.168: 188 avg_steps: 3932.15
2024-11-16 14:56:49.168: 188 epsilon: 0.01
2024-11-16 14:56:49.168: 188 q: 0.9806057
2024-11-16 15:04:59.210: 189 test start:
2024-11-16 15:05:57.606: 189 avg_reward: 12990.0
2024-11-16 15:05:57.606: 189 avg_steps: 3406.1
2024-11-16 15:05:57.606: 189 epsilon: 0.01
2024-11-16 15:05:57.606: 189 q: 0.98246336
2024-11-16 15:13:32.839: 190 test start:
2024-11-16 15:14:38.113: 190 avg_reward: 14190.0
2024-11-16 15:14:38.113: 190 avg_steps: 3694.5
2024-11-16 15:14:38.113: 190 epsilon: 0.01
2024-11-16 15:14:38.113: 190 q: 0.9733568
2024-11-16 15:22:53.065: 191 test start:
2024-11-16 15:23:50.110: 191 avg_reward: 13400.0
2024-11-16 15:23:50.111: 191 avg_steps: 3508.65
2024-11-16 15:23:50.140: 191 epsilon: 0.01
2024-11-16 15:23:50.140: 191 q: 0.9770841
2024-11-16 15:31:50.644: 192 test start:
2024-11-16 15:32:43.898: 192 avg_reward: 11470.0
2024-11-16 15:32:43.898: 192 avg_steps: 3073.35
2024-11-16 15:32:43.898: 192 epsilon: 0.01
2024-11-16 15:32:43.898: 192 q: 0.9923313
2024-11-16 15:40:52.537: 193 test start:
2024-11-16 15:41:54.902: 193 avg_reward: 14660.0
2024-11-16 15:41:54.903: 193 avg_steps: 3810.1
2024-11-16 15:41:54.903: 193 epsilon: 0.01
2024-11-16 15:41:54.903: 193 q: 0.9880083
2024-11-16 15:49:54.367: 194 test start:
2024-11-16 15:50:44.797: 194 avg_reward: 11390.0
2024-11-16 15:50:44.797: 194 avg_steps: 3009.45
2024-11-16 15:50:44.797: 194 epsilon: 0.01
2024-11-16 15:50:44.797: 194 q: 0.9962928
2024-11-16 15:58:28.012: 195 test start:
2024-11-16 15:59:27.267: 195 avg_reward: 13840.0
2024-11-16 15:59:27.267: 195 avg_steps: 3615.95
2024-11-16 15:59:27.267: 195 epsilon: 0.01
2024-11-16 15:59:27.267: 195 q: 0.99632776
2024-11-16 16:07:38.765: 196 test start:
2024-11-16 16:08:45.121: 196 avg_reward: 14960.0
2024-11-16 16:08:45.121: 196 avg_steps: 3885.8
2024-11-16 16:08:45.121: 196 epsilon: 0.01
2024-11-16 16:08:45.122: 196 q: 1.0052928
2024-11-16 16:16:38.900: 197 test start:
2024-11-16 16:17:37.504: 197 avg_reward: 12780.0
2024-11-16 16:17:37.504: 197 avg_steps: 3365.7
2024-11-16 16:17:37.504: 197 epsilon: 0.01
2024-11-16 16:17:37.504: 197 q: 1.006567
2024-11-16 16:25:44.742: 198 test start:
2024-11-16 16:26:43.462: 198 avg_reward: 12940.0
2024-11-16 16:26:43.463: 198 avg_steps: 3379.8
2024-11-16 16:26:43.463: 198 epsilon: 0.01
2024-11-16 16:26:43.463: 198 q: 1.0276031
2024-11-16 16:34:37.364: 199 test start:
2024-11-16 16:35:41.706: 199 avg_reward: 13760.0
2024-11-16 16:35:41.707: 199 avg_steps: 3603.25
2024-11-16 16:35:41.707: 199 epsilon: 0.01
2024-11-16 16:35:41.707: 199 q: 1.0314307
2024-11-16 16:43:31.115: 200 test start:
2024-11-16 16:44:34.621: 200 avg_reward: 14370.0
2024-11-16 16:44:34.621: 200 avg_steps: 3756.35
2024-11-16 16:44:34.621: 200 epsilon: 0.01
2024-11-16 16:44:34.621: 200 q: 1.036731
