2024-05-05 08:59:59.334: 
parameters:agent_saving_period: 80000
agent_test_episodes: 20
batch_num_per_epoch: 100000
device: cuda:0
env_name: ALE/Seaquest-v5
epsilon_for_test: 0.05
epsilon_max: 1.0
epsilon_min: 0.1
exploration_steps: 1000000
gamma: 0.99
input_frame_height: 84
input_frame_width: 84
learning_rate: 1.0e-05
log_path: ../exps/dueling_dqn/
mini_batch_size: 32
no_op: 30
phi_channel: 4
replay_buffer_size: 200000
replay_start_size: 10000
save_path: ./exps/
skip_k_frame: 4
step_c: 10000
training_steps: 50000000

2024-05-05 09:10:50.029: 1 test start:
2024-05-05 09:11:11.055: 1 avg_reward: 170.0
2024-05-05 09:11:11.055: 1 avg_steps: 766.5
2024-05-05 09:11:11.055: 1 epsilon: 0.9238033
2024-05-05 09:26:13.017: 2 test start:
2024-05-05 09:26:33.806: 2 avg_reward: 219.0
2024-05-05 09:26:33.806: 2 avg_steps: 857.8
2024-05-05 09:26:33.806: 2 epsilon: 0.838792
2024-05-05 13:42:30.026: 3 test start:
2024-05-05 13:42:56.836: 3 avg_reward: 428.0
2024-05-05 13:42:56.836: 3 avg_steps: 1294.4
2024-05-05 13:42:56.836: 3 epsilon: 0.7526296
2024-05-05 13:56:59.805: 4 test start:
2024-05-05 13:57:22.961: 4 avg_reward: 373.0
2024-05-05 13:57:22.961: 4 avg_steps: 1128.05
2024-05-05 13:57:22.961: 4 epsilon: 0.6676894
2024-05-05 14:11:34.664: 5 test start:
2024-05-05 14:11:56.541: 5 avg_reward: 367.0
2024-05-05 14:11:56.541: 5 avg_steps: 1060.35
2024-05-05 14:11:56.541: 5 epsilon: 0.5808268
2024-05-05 14:26:02.480: 6 test start:
2024-05-05 14:26:14.746: 6 avg_reward: 137.0
2024-05-05 14:26:14.746: 6 avg_steps: 594.45
2024-05-05 14:26:14.746: 6 epsilon: 0.49396779999999996
2024-05-05 14:40:22.326: 7 test start:
2024-05-05 14:40:41.493: 7 avg_reward: 295.0
2024-05-05 14:40:41.493: 7 avg_steps: 923.35
2024-05-05 14:40:41.493: 7 epsilon: 0.40657599999999994
2024-05-05 14:54:52.361: 8 test start:
2024-05-05 14:55:23.019: 8 avg_reward: 624.0
2024-05-05 14:55:23.019: 8 avg_steps: 1478.05
2024-05-05 14:55:23.019: 8 epsilon: 0.31911939999999994
2024-05-05 15:09:42.421: 9 test start:
2024-05-05 15:10:16.476: 9 avg_reward: 868.0
2024-05-05 15:10:16.476: 9 avg_steps: 1644.2
2024-05-05 15:10:16.476: 9 epsilon: 0.23032359999999996
2024-05-05 15:24:18.279: 10 test start:
2024-05-05 15:24:56.627: 10 avg_reward: 1056.0
2024-05-05 15:24:56.627: 10 avg_steps: 1868.55
2024-05-05 15:24:56.627: 10 epsilon: 0.14259879999999991
2024-05-05 15:39:14.742: 11 test start:
2024-05-05 15:39:56.484: 11 avg_reward: 1309.0
2024-05-05 15:39:56.484: 11 avg_steps: 2017.15
2024-05-05 15:39:56.484: 11 epsilon: 0.1
2024-05-05 15:53:56.430: 12 test start:
2024-05-05 15:54:19.803: 12 avg_reward: 670.0
2024-05-05 15:54:19.804: 12 avg_steps: 1137.5
2024-05-05 15:54:19.804: 12 epsilon: 0.1
2024-05-05 16:08:30.914: 13 test start:
2024-05-05 16:09:13.412: 13 avg_reward: 1429.0
2024-05-05 16:09:13.412: 13 avg_steps: 2081.3
2024-05-05 16:09:13.412: 13 epsilon: 0.1
2024-05-05 16:23:17.605: 14 test start:
2024-05-05 16:23:59.950: 14 avg_reward: 1447.0
2024-05-05 16:23:59.950: 14 avg_steps: 2074.4
2024-05-05 16:23:59.950: 14 epsilon: 0.1
2024-05-05 16:38:11.437: 15 test start:
2024-05-05 16:38:42.920: 15 avg_reward: 898.0
2024-05-05 16:38:42.920: 15 avg_steps: 1516.75
2024-05-05 16:38:42.920: 15 epsilon: 0.1
2024-05-05 16:52:50.483: 16 test start:
2024-05-05 16:53:35.758: 16 avg_reward: 1572.0
2024-05-05 16:53:35.758: 16 avg_steps: 2191.15
2024-05-05 16:53:35.758: 16 epsilon: 0.1
2024-05-05 17:08:07.128: 17 test start:
2024-05-05 17:08:42.930: 17 avg_reward: 1195.0
2024-05-05 17:08:42.930: 17 avg_steps: 1724.2
2024-05-05 17:08:42.930: 17 epsilon: 0.1
2024-05-05 17:22:35.216: 18 test start:
2024-05-05 17:23:08.517: 18 avg_reward: 986.0
2024-05-05 17:23:08.517: 18 avg_steps: 1613.65
2024-05-05 17:23:08.517: 18 epsilon: 0.1
2024-05-05 17:37:29.710: 19 test start:
2024-05-05 17:38:08.823: 19 avg_reward: 1250.0
2024-05-05 17:38:08.823: 19 avg_steps: 1886.95
2024-05-05 17:38:08.823: 19 epsilon: 0.1
2024-05-05 17:52:08.165: 20 test start:
2024-05-05 17:52:53.647: 20 avg_reward: 1687.0
2024-05-05 17:52:53.647: 20 avg_steps: 2214.25
2024-05-05 17:52:53.647: 20 epsilon: 0.1
2024-05-05 18:07:08.763: 21 test start:
2024-05-05 18:07:52.896: 21 avg_reward: 1614.0
2024-05-05 18:07:52.896: 21 avg_steps: 2133.85
2024-05-05 18:07:52.896: 21 epsilon: 0.1
2024-05-05 18:21:56.575: 22 test start:
2024-05-05 18:22:37.302: 22 avg_reward: 1594.0
2024-05-05 18:22:37.302: 22 avg_steps: 1982.2
2024-05-05 18:22:37.302: 22 epsilon: 0.1
2024-05-05 18:37:04.699: 23 test start:
2024-05-05 18:37:39.937: 23 avg_reward: 1358.0
2024-05-05 18:37:39.937: 23 avg_steps: 1718.05
2024-05-05 18:37:39.937: 23 epsilon: 0.1
2024-05-05 18:51:47.652: 24 test start:
2024-05-05 18:52:34.010: 24 avg_reward: 2073.0
2024-05-05 18:52:34.010: 24 avg_steps: 2238.95
2024-05-05 18:52:34.010: 24 epsilon: 0.1
2024-05-05 19:06:40.888: 25 test start:
2024-05-05 19:07:13.874: 25 avg_reward: 1266.0
2024-05-05 19:07:13.874: 25 avg_steps: 1605.35
2024-05-05 19:07:13.874: 25 epsilon: 0.1
2024-05-05 19:21:22.818: 26 test start:
2024-05-05 19:22:03.597: 26 avg_reward: 1729.0
2024-05-05 19:22:03.597: 26 avg_steps: 1988.65
2024-05-05 19:22:03.597: 26 epsilon: 0.1
2024-05-05 19:36:13.768: 27 test start:
2024-05-05 19:36:57.628: 27 avg_reward: 1720.0
2024-05-05 19:36:57.629: 27 avg_steps: 2130.2
2024-05-05 19:36:57.629: 27 epsilon: 0.1
2024-05-05 19:51:23.152: 28 test start:
2024-05-05 19:52:05.384: 28 avg_reward: 1698.0
2024-05-05 19:52:05.384: 28 avg_steps: 2063.6
2024-05-05 19:52:05.384: 28 epsilon: 0.1
2024-05-05 20:06:08.747: 29 test start:
2024-05-05 20:06:51.894: 29 avg_reward: 1787.0
2024-05-05 20:06:51.894: 29 avg_steps: 2103.8
2024-05-05 20:06:51.894: 29 epsilon: 0.1
2024-05-05 20:20:58.042: 30 test start:
2024-05-05 20:21:37.654: 30 avg_reward: 1596.0
2024-05-05 20:21:37.655: 30 avg_steps: 1936.25
2024-05-05 20:21:37.655: 30 epsilon: 0.1
2024-05-05 20:36:06.388: 31 test start:
2024-05-05 20:36:49.321: 31 avg_reward: 1753.0
2024-05-05 20:36:49.321: 31 avg_steps: 2083.2
2024-05-05 20:36:49.321: 31 epsilon: 0.1
2024-05-05 20:51:20.561: 32 test start:
2024-05-05 20:51:57.496: 32 avg_reward: 1443.0
2024-05-05 20:51:57.496: 32 avg_steps: 1788.2
2024-05-05 20:51:57.496: 32 epsilon: 0.1
2024-05-05 21:06:08.035: 33 test start:
2024-05-05 21:06:43.143: 33 avg_reward: 1273.0
2024-05-05 21:06:43.144: 33 avg_steps: 1692.6
2024-05-05 21:06:43.144: 33 epsilon: 0.1
2024-05-05 21:21:15.351: 34 test start:
2024-05-05 21:21:54.492: 34 avg_reward: 1632.0
2024-05-05 21:21:54.492: 34 avg_steps: 1900.2
2024-05-05 21:21:54.492: 34 epsilon: 0.1
2024-05-05 21:36:29.532: 35 test start:
2024-05-05 21:37:08.351: 35 avg_reward: 1524.0
2024-05-05 21:37:08.351: 35 avg_steps: 1877.45
2024-05-05 21:37:08.351: 35 epsilon: 0.1
2024-05-05 21:51:32.441: 36 test start:
2024-05-05 21:52:15.414: 36 avg_reward: 1741.0
2024-05-05 21:52:15.414: 36 avg_steps: 2095.25
2024-05-05 21:52:15.414: 36 epsilon: 0.1
2024-05-05 22:06:36.700: 37 test start:
2024-05-05 22:07:18.659: 37 avg_reward: 1661.0
2024-05-05 22:07:18.659: 37 avg_steps: 2036.45
2024-05-05 22:07:18.660: 37 epsilon: 0.1
2024-05-05 22:21:45.821: 38 test start:
2024-05-05 22:22:21.977: 38 avg_reward: 1457.0
2024-05-05 22:22:21.978: 38 avg_steps: 1744.8
2024-05-05 22:22:21.978: 38 epsilon: 0.1
2024-05-05 22:36:49.362: 39 test start:
2024-05-05 22:37:31.850: 39 avg_reward: 1768.0
2024-05-05 22:37:31.851: 39 avg_steps: 2049.6
2024-05-05 22:37:31.851: 39 epsilon: 0.1
2024-05-05 22:51:54.414: 40 test start:
2024-05-05 22:52:29.687: 40 avg_reward: 1476.0
2024-05-05 22:52:29.687: 40 avg_steps: 1714.8
2024-05-05 22:52:29.687: 40 epsilon: 0.1
2024-05-05 23:06:32.655: 41 test start:
2024-05-05 23:07:18.456: 41 avg_reward: 1843.0
2024-05-05 23:07:18.456: 41 avg_steps: 2211.2
2024-05-05 23:07:18.456: 41 epsilon: 0.1
2024-05-05 23:21:39.393: 42 test start:
2024-05-05 23:22:24.981: 42 avg_reward: 2301.0
2024-05-05 23:22:24.981: 42 avg_steps: 2213.4
2024-05-05 23:22:24.981: 42 epsilon: 0.1
2024-05-05 23:36:43.569: 43 test start:
2024-05-05 23:37:19.370: 43 avg_reward: 1745.0
2024-05-05 23:37:19.370: 43 avg_steps: 1738.6
2024-05-05 23:37:19.370: 43 epsilon: 0.1
2024-05-05 23:51:32.990: 44 test start:
2024-05-05 23:52:16.882: 44 avg_reward: 2035.0
2024-05-05 23:52:16.882: 44 avg_steps: 2112.45
2024-05-05 23:52:16.889: 44 epsilon: 0.1
2024-05-06 00:06:20.192: 45 test start:
2024-05-06 00:07:01.756: 45 avg_reward: 2178.0
2024-05-06 00:07:01.756: 45 avg_steps: 2006.5
2024-05-06 00:07:01.756: 45 epsilon: 0.1
2024-05-06 00:21:33.725: 46 test start:
2024-05-06 00:22:10.126: 46 avg_reward: 1574.0
2024-05-06 00:22:10.126: 46 avg_steps: 1783.75
2024-05-06 00:22:10.126: 46 epsilon: 0.1
2024-05-06 00:36:12.329: 47 test start:
2024-05-06 00:36:47.539: 47 avg_reward: 1712.0
2024-05-06 00:36:47.539: 47 avg_steps: 1732.7
2024-05-06 00:36:47.539: 47 epsilon: 0.1
2024-05-06 00:51:04.575: 48 test start:
2024-05-06 00:51:43.968: 48 avg_reward: 1996.0
2024-05-06 00:51:43.968: 48 avg_steps: 1928.55
2024-05-06 00:51:43.968: 48 epsilon: 0.1
2024-05-06 01:05:52.803: 49 test start:
2024-05-06 01:06:33.372: 49 avg_reward: 1838.0
2024-05-06 01:06:33.372: 49 avg_steps: 1971.15
2024-05-06 01:06:33.372: 49 epsilon: 0.1
2024-05-06 01:20:48.319: 50 test start:
2024-05-06 01:21:24.091: 50 avg_reward: 1656.0
2024-05-06 01:21:24.091: 50 avg_steps: 1735.45
2024-05-06 01:21:24.091: 50 epsilon: 0.1
2024-05-06 01:35:26.295: 51 test start:
2024-05-06 01:35:58.897: 51 avg_reward: 1629.0
2024-05-06 01:35:58.897: 51 avg_steps: 1586.9
2024-05-06 01:35:58.897: 51 epsilon: 0.1
2024-05-06 01:50:23.499: 52 test start:
2024-05-06 01:51:01.596: 52 avg_reward: 2230.0
2024-05-06 01:51:01.596: 52 avg_steps: 1846.05
2024-05-06 01:51:01.596: 52 epsilon: 0.1
2024-05-06 02:05:24.244: 53 test start:
2024-05-06 02:05:56.339: 53 avg_reward: 1781.0
2024-05-06 02:05:56.339: 53 avg_steps: 1562.7
2024-05-06 02:05:56.339: 53 epsilon: 0.1
2024-05-06 02:20:06.691: 54 test start:
2024-05-06 02:20:38.526: 54 avg_reward: 1741.0
2024-05-06 02:20:38.526: 54 avg_steps: 1549.95
2024-05-06 02:20:38.526: 54 epsilon: 0.1
2024-05-06 02:34:36.795: 55 test start:
2024-05-06 02:35:09.721: 55 avg_reward: 1792.0
2024-05-06 02:35:09.722: 55 avg_steps: 1583.45
2024-05-06 02:35:09.722: 55 epsilon: 0.1
2024-05-06 02:49:18.562: 56 test start:
2024-05-06 02:49:50.664: 56 avg_reward: 1677.0
2024-05-06 02:49:50.664: 56 avg_steps: 1565.4
2024-05-06 02:49:50.664: 56 epsilon: 0.1
2024-05-06 03:03:41.979: 57 test start:
2024-05-06 03:04:08.911: 57 avg_reward: 1353.0
2024-05-06 03:04:08.911: 57 avg_steps: 1311.2
2024-05-06 03:04:08.911: 57 epsilon: 0.1
2024-05-06 03:18:17.780: 58 test start:
2024-05-06 03:18:48.967: 58 avg_reward: 1506.0
2024-05-06 03:18:48.967: 58 avg_steps: 1517.0
2024-05-06 03:18:48.967: 58 epsilon: 0.1
2024-05-06 03:32:43.320: 59 test start:
2024-05-06 03:33:14.591: 59 avg_reward: 1715.0
2024-05-06 03:33:14.591: 59 avg_steps: 1523.15
2024-05-06 03:33:14.591: 59 epsilon: 0.1
2024-05-06 03:47:30.668: 60 test start:
2024-05-06 03:47:59.630: 60 avg_reward: 1417.0
2024-05-06 03:47:59.630: 60 avg_steps: 1405.6
2024-05-06 03:47:59.630: 60 epsilon: 0.1
2024-05-06 04:02:02.593: 61 test start:
2024-05-06 04:02:32.601: 61 avg_reward: 1387.0
2024-05-06 04:02:32.602: 61 avg_steps: 1452.65
2024-05-06 04:02:32.602: 61 epsilon: 0.1
2024-05-06 04:16:09.596: 62 test start:
2024-05-06 04:16:38.875: 62 avg_reward: 1537.0
2024-05-06 04:16:38.875: 62 avg_steps: 1428.8
2024-05-06 04:16:38.875: 62 epsilon: 0.1
2024-05-06 04:30:52.591: 63 test start:
2024-05-06 04:31:22.012: 63 avg_reward: 1509.0
2024-05-06 04:31:22.012: 63 avg_steps: 1428.3
2024-05-06 04:31:22.012: 63 epsilon: 0.1
2024-05-06 04:45:11.013: 64 test start:
2024-05-06 04:45:41.424: 64 avg_reward: 1673.0
2024-05-06 04:45:41.424: 64 avg_steps: 1485.05
2024-05-06 04:45:41.424: 64 epsilon: 0.1
2024-05-06 04:59:33.085: 65 test start:
2024-05-06 04:59:56.476: 65 avg_reward: 1126.0
2024-05-06 04:59:56.476: 65 avg_steps: 1144.45
2024-05-06 04:59:56.476: 65 epsilon: 0.1
2024-05-06 05:14:14.567: 66 test start:
2024-05-06 05:14:46.612: 66 avg_reward: 1733.0
2024-05-06 05:14:46.612: 66 avg_steps: 1550.3
2024-05-06 05:14:46.612: 66 epsilon: 0.1
2024-05-06 05:28:42.287: 67 test start:
2024-05-06 05:29:08.035: 67 avg_reward: 1017.0
2024-05-06 05:29:08.036: 67 avg_steps: 1245.6
2024-05-06 05:29:08.036: 67 epsilon: 0.1
2024-05-06 05:43:24.348: 68 test start:
2024-05-06 05:43:50.034: 68 avg_reward: 1292.0
2024-05-06 05:43:50.034: 68 avg_steps: 1245.0
2024-05-06 05:43:50.034: 68 epsilon: 0.1
2024-05-06 05:57:58.541: 69 test start:
2024-05-06 05:58:28.508: 69 avg_reward: 1599.0
2024-05-06 05:58:28.508: 69 avg_steps: 1469.8
2024-05-06 05:58:28.508: 69 epsilon: 0.1
2024-05-06 06:12:28.842: 70 test start:
2024-05-06 06:12:55.658: 70 avg_reward: 1281.0
2024-05-06 06:12:55.658: 70 avg_steps: 1296.85
2024-05-06 06:12:55.658: 70 epsilon: 0.1
2024-05-06 06:26:45.551: 71 test start:
2024-05-06 06:27:15.954: 71 avg_reward: 1567.0
2024-05-06 06:27:15.954: 71 avg_steps: 1478.2
2024-05-06 06:27:15.954: 71 epsilon: 0.1
2024-05-06 06:41:06.275: 72 test start:
2024-05-06 06:41:38.639: 72 avg_reward: 1797.0
2024-05-06 06:41:38.639: 72 avg_steps: 1581.6
2024-05-06 06:41:38.639: 72 epsilon: 0.1
2024-05-06 06:55:46.142: 73 test start:
2024-05-06 06:56:16.581: 73 avg_reward: 1671.0
2024-05-06 06:56:16.581: 73 avg_steps: 1479.05
2024-05-06 06:56:16.581: 73 epsilon: 0.1
2024-05-06 07:10:11.978: 74 test start:
2024-05-06 07:10:45.049: 74 avg_reward: 2096.0
2024-05-06 07:10:45.049: 74 avg_steps: 1619.0
2024-05-06 07:10:45.049: 74 epsilon: 0.1
2024-05-06 07:24:42.188: 75 test start:
2024-05-06 07:25:08.487: 75 avg_reward: 1288.0
2024-05-06 07:25:08.487: 75 avg_steps: 1291.75
2024-05-06 07:25:08.487: 75 epsilon: 0.1
2024-05-06 07:39:27.929: 76 test start:
2024-05-06 07:39:57.243: 76 avg_reward: 1701.0
2024-05-06 07:39:57.243: 76 avg_steps: 1418.95
2024-05-06 07:39:57.243: 76 epsilon: 0.1
2024-05-06 07:54:12.295: 77 test start:
2024-05-06 07:54:40.507: 77 avg_reward: 1467.0
2024-05-06 07:54:40.507: 77 avg_steps: 1382.55
2024-05-06 07:54:40.507: 77 epsilon: 0.1
2024-05-06 08:08:44.353: 78 test start:
2024-05-06 08:09:15.583: 78 avg_reward: 1736.0
2024-05-06 08:09:15.583: 78 avg_steps: 1516.3
2024-05-06 08:09:15.583: 78 epsilon: 0.1
2024-05-06 08:23:44.309: 79 test start:
2024-05-06 08:24:17.430: 79 avg_reward: 1957.0
2024-05-06 08:24:17.430: 79 avg_steps: 1611.6
2024-05-06 08:24:17.430: 79 epsilon: 0.1
2024-05-06 08:38:14.145: 80 test start:
2024-05-06 08:38:45.676: 80 avg_reward: 1762.0
2024-05-06 08:38:45.676: 80 avg_steps: 1523.05
2024-05-06 08:38:45.676: 80 epsilon: 0.1
2024-05-06 08:52:56.310: 81 test start:
2024-05-06 08:53:29.662: 81 avg_reward: 2047.0
2024-05-06 08:53:29.662: 81 avg_steps: 1619.5
2024-05-06 08:53:29.662: 81 epsilon: 0.1
2024-05-06 09:07:30.230: 82 test start:
2024-05-06 09:08:03.709: 82 avg_reward: 2078.0
2024-05-06 09:08:03.709: 82 avg_steps: 1634.35
2024-05-06 09:08:03.710: 82 epsilon: 0.1
2024-05-06 09:22:06.129: 83 test start:
2024-05-06 09:22:33.061: 83 avg_reward: 1483.0
2024-05-06 09:22:33.061: 83 avg_steps: 1286.6
2024-05-06 09:22:33.061: 83 epsilon: 0.1
2024-05-06 09:36:54.765: 84 test start:
2024-05-06 09:37:21.659: 84 avg_reward: 1598.0
2024-05-06 09:37:21.659: 84 avg_steps: 1327.9
2024-05-06 09:37:21.659: 84 epsilon: 0.1
2024-05-06 09:51:21.846: 85 test start:
2024-05-06 09:51:52.854: 85 avg_reward: 1833.0
2024-05-06 09:51:52.854: 85 avg_steps: 1507.8
2024-05-06 09:51:52.855: 85 epsilon: 0.1
2024-05-06 10:05:53.560: 86 test start:
2024-05-06 10:06:19.317: 86 avg_reward: 1411.0
2024-05-06 10:06:19.317: 86 avg_steps: 1241.55
2024-05-06 10:06:19.317: 86 epsilon: 0.1
2024-05-06 10:20:29.668: 87 test start:
2024-05-06 10:20:59.885: 87 avg_reward: 1784.0
2024-05-06 10:20:59.885: 87 avg_steps: 1467.95
2024-05-06 10:20:59.885: 87 epsilon: 0.1
2024-05-06 10:34:55.277: 88 test start:
2024-05-06 10:35:32.121: 88 avg_reward: 2209.0
2024-05-06 10:35:32.121: 88 avg_steps: 1799.0
2024-05-06 10:35:32.121: 88 epsilon: 0.1
2024-05-06 10:49:51.087: 89 test start:
2024-05-06 10:50:24.827: 89 avg_reward: 1982.0
2024-05-06 10:50:24.827: 89 avg_steps: 1620.65
2024-05-06 10:50:24.827: 89 epsilon: 0.1
2024-05-06 11:04:10.292: 90 test start:
2024-05-06 11:04:45.972: 90 avg_reward: 2288.0
2024-05-06 11:04:45.972: 90 avg_steps: 1727.95
2024-05-06 11:04:45.972: 90 epsilon: 0.1
2024-05-06 11:19:00.708: 91 test start:
2024-05-06 11:19:34.547: 91 avg_reward: 1598.0
2024-05-06 11:19:34.548: 91 avg_steps: 1638.25
2024-05-06 11:19:34.548: 91 epsilon: 0.1
2024-05-06 11:33:57.909: 92 test start:
2024-05-06 11:34:33.092: 92 avg_reward: 2253.0
2024-05-06 11:34:33.092: 92 avg_steps: 1699.2
2024-05-06 11:34:33.092: 92 epsilon: 0.1
2024-05-06 11:48:17.779: 93 test start:
2024-05-06 11:48:55.518: 93 avg_reward: 2411.0
2024-05-06 11:48:55.518: 93 avg_steps: 1838.55
2024-05-06 11:48:55.518: 93 epsilon: 0.1
2024-05-06 12:03:22.560: 94 test start:
2024-05-06 12:03:56.139: 94 avg_reward: 2068.0
2024-05-06 12:03:56.139: 94 avg_steps: 1622.55
2024-05-06 12:03:56.139: 94 epsilon: 0.1
2024-05-06 12:18:02.508: 95 test start:
2024-05-06 12:18:33.804: 95 avg_reward: 1705.0
2024-05-06 12:18:33.804: 95 avg_steps: 1531.6
2024-05-06 12:18:33.804: 95 epsilon: 0.1
2024-05-06 12:32:38.914: 96 test start:
2024-05-06 12:33:11.859: 96 avg_reward: 1770.0
2024-05-06 12:33:11.860: 96 avg_steps: 1585.55
2024-05-06 12:33:11.860: 96 epsilon: 0.1
2024-05-06 12:47:26.023: 97 test start:
2024-05-06 12:48:02.521: 97 avg_reward: 2376.0
2024-05-06 12:48:02.521: 97 avg_steps: 1760.3
2024-05-06 12:48:02.521: 97 epsilon: 0.1
2024-05-06 13:02:06.143: 98 test start:
2024-05-06 13:02:37.512: 98 avg_reward: 1748.0
2024-05-06 13:02:37.512: 98 avg_steps: 1522.1
2024-05-06 13:02:37.512: 98 epsilon: 0.1
2024-05-06 13:16:33.552: 99 test start:
2024-05-06 13:17:01.089: 99 avg_reward: 1121.0
2024-05-06 13:17:01.089: 99 avg_steps: 1333.5
2024-05-06 13:17:01.089: 99 epsilon: 0.1
2024-05-06 13:31:28.117: 100 test start:
2024-05-06 13:31:52.260: 100 avg_reward: 1099.0
2024-05-06 13:31:52.260: 100 avg_steps: 1166.2
2024-05-06 13:31:52.261: 100 epsilon: 0.1
2024-05-06 13:45:57.268: 101 test start:
2024-05-06 13:46:28.183: 101 avg_reward: 1715.0
2024-05-06 13:46:28.183: 101 avg_steps: 1504.25
2024-05-06 13:46:28.183: 101 epsilon: 0.1
2024-05-06 14:00:53.607: 102 test start:
2024-05-06 14:01:18.145: 102 avg_reward: 1088.0
2024-05-06 14:01:18.146: 102 avg_steps: 1191.05
2024-05-06 14:01:18.146: 102 epsilon: 0.1
2024-05-06 14:15:19.111: 103 test start:
2024-05-06 14:15:45.502: 103 avg_reward: 1135.0
2024-05-06 14:15:45.502: 103 avg_steps: 1289.7
2024-05-06 14:15:45.502: 103 epsilon: 0.1
2024-05-06 14:29:48.138: 104 test start:
2024-05-06 14:30:12.327: 104 avg_reward: 886.0
2024-05-06 14:30:12.327: 104 avg_steps: 1177.9
2024-05-06 14:30:12.327: 104 epsilon: 0.1
2024-05-06 14:44:33.273: 105 test start:
2024-05-06 14:45:00.872: 105 avg_reward: 1010.0
2024-05-06 14:45:00.872: 105 avg_steps: 1353.1
2024-05-06 14:45:00.872: 105 epsilon: 0.1
2024-05-06 14:59:01.027: 106 test start:
2024-05-06 14:59:21.558: 106 avg_reward: 698.0
2024-05-06 14:59:21.558: 106 avg_steps: 1000.8
2024-05-06 14:59:21.558: 106 epsilon: 0.1
2024-05-06 15:13:25.048: 107 test start:
2024-05-06 15:13:56.155: 107 avg_reward: 1125.0
2024-05-06 15:13:56.155: 107 avg_steps: 1509.1
2024-05-06 15:13:56.155: 107 epsilon: 0.1
2024-05-06 15:28:06.931: 108 test start:
2024-05-06 15:28:35.100: 108 avg_reward: 1213.0
2024-05-06 15:28:35.100: 108 avg_steps: 1377.75
2024-05-06 15:28:35.101: 108 epsilon: 0.1
2024-05-06 15:42:44.052: 109 test start:
2024-05-06 15:43:11.605: 109 avg_reward: 978.0
2024-05-06 15:43:11.605: 109 avg_steps: 1347.4
2024-05-06 15:43:11.605: 109 epsilon: 0.1
2024-05-06 15:57:29.868: 110 test start:
2024-05-06 15:57:55.360: 110 avg_reward: 851.0
2024-05-06 15:57:55.360: 110 avg_steps: 1242.25
2024-05-06 15:57:55.360: 110 epsilon: 0.1
2024-05-06 16:12:15.692: 111 test start:
2024-05-06 16:12:41.840: 111 avg_reward: 935.0
2024-05-06 16:12:41.841: 111 avg_steps: 1303.4
2024-05-06 16:12:41.841: 111 epsilon: 0.1
2024-05-06 16:26:31.225: 112 test start:
2024-05-06 16:26:53.976: 112 avg_reward: 725.0
2024-05-06 16:26:53.976: 112 avg_steps: 1097.25
2024-05-06 16:26:53.976: 112 epsilon: 0.1
2024-05-06 16:41:15.734: 113 test start:
2024-05-06 16:41:41.399: 113 avg_reward: 921.0
2024-05-06 16:41:41.399: 113 avg_steps: 1247.9
2024-05-06 16:41:41.399: 113 epsilon: 0.1
2024-05-06 16:55:40.511: 114 test start:
2024-05-06 16:56:07.356: 114 avg_reward: 914.0
2024-05-06 16:56:07.356: 114 avg_steps: 1298.6
2024-05-06 16:56:07.356: 114 epsilon: 0.1
2024-05-06 17:10:34.439: 115 test start:
2024-05-06 17:10:57.125: 115 avg_reward: 769.0
2024-05-06 17:10:57.125: 115 avg_steps: 1094.0
2024-05-06 17:10:57.125: 115 epsilon: 0.1
2024-05-06 17:25:16.207: 116 test start:
2024-05-06 17:25:32.705: 116 avg_reward: 521.0
2024-05-06 17:25:32.706: 116 avg_steps: 800.45
2024-05-06 17:25:32.706: 116 epsilon: 0.1
2024-05-06 17:39:21.359: 117 test start:
2024-05-06 17:39:39.199: 117 avg_reward: 577.0
2024-05-06 17:39:39.199: 117 avg_steps: 864.15
2024-05-06 17:39:39.199: 117 epsilon: 0.1
2024-05-06 17:54:08.274: 118 test start:
2024-05-06 17:54:27.521: 118 avg_reward: 672.0
2024-05-06 17:54:27.521: 118 avg_steps: 943.7
2024-05-06 17:54:27.521: 118 epsilon: 0.1
2024-05-06 18:08:12.896: 119 test start:
2024-05-06 18:08:32.123: 119 avg_reward: 675.0
2024-05-06 18:08:32.123: 119 avg_steps: 938.65
2024-05-06 18:08:32.123: 119 epsilon: 0.1
2024-05-06 18:22:24.127: 120 test start:
2024-05-06 18:22:44.221: 120 avg_reward: 755.0
2024-05-06 18:22:44.221: 120 avg_steps: 973.2
2024-05-06 18:22:44.221: 120 epsilon: 0.1
2024-05-06 18:36:57.970: 121 test start:
2024-05-06 18:37:15.043: 121 avg_reward: 597.0
2024-05-06 18:37:15.043: 121 avg_steps: 831.2
2024-05-06 18:37:15.043: 121 epsilon: 0.1
2024-05-06 18:51:24.095: 122 test start:
2024-05-06 18:51:46.299: 122 avg_reward: 876.0
2024-05-06 18:51:46.299: 122 avg_steps: 1077.8
2024-05-06 18:51:46.300: 122 epsilon: 0.1
2024-05-06 19:05:45.851: 123 test start:
2024-05-06 19:06:05.040: 123 avg_reward: 766.0
2024-05-06 19:06:05.041: 123 avg_steps: 928.15
2024-05-06 19:06:05.041: 123 epsilon: 0.1
2024-05-06 19:19:57.745: 124 test start:
2024-05-06 19:20:19.427: 124 avg_reward: 890.0
2024-05-06 19:20:19.427: 124 avg_steps: 1061.4
2024-05-06 19:20:19.427: 124 epsilon: 0.1
2024-05-06 19:34:34.036: 125 test start:
2024-05-06 19:35:01.474: 125 avg_reward: 1213.0
2024-05-06 19:35:01.474: 125 avg_steps: 1329.9
2024-05-06 19:35:01.474: 125 epsilon: 0.1
2024-05-06 19:49:19.855: 126 test start:
2024-05-06 19:49:45.548: 126 avg_reward: 1119.0
2024-05-06 19:49:45.548: 126 avg_steps: 1245.7
2024-05-06 19:49:45.548: 126 epsilon: 0.1
2024-05-06 20:03:33.415: 127 test start:
2024-05-06 20:04:01.197: 127 avg_reward: 1285.0
2024-05-06 20:04:01.197: 127 avg_steps: 1347.5
2024-05-06 20:04:01.197: 127 epsilon: 0.1
2024-05-06 20:18:34.518: 128 test start:
2024-05-06 20:18:59.803: 128 avg_reward: 1147.0
2024-05-06 20:18:59.803: 128 avg_steps: 1235.8
2024-05-06 20:18:59.803: 128 epsilon: 0.1
2024-05-06 20:32:43.707: 129 test start:
2024-05-06 20:33:11.456: 129 avg_reward: 1264.0
2024-05-06 20:33:11.456: 129 avg_steps: 1346.25
2024-05-06 20:33:11.456: 129 epsilon: 0.1
2024-05-06 20:47:17.409: 130 test start:
2024-05-06 20:47:43.413: 130 avg_reward: 1191.0
2024-05-06 20:47:43.413: 130 avg_steps: 1257.85
2024-05-06 20:47:43.413: 130 epsilon: 0.1
2024-05-06 21:02:01.629: 131 test start:
2024-05-06 21:02:29.443: 131 avg_reward: 1318.0
2024-05-06 21:02:29.444: 131 avg_steps: 1345.75
2024-05-06 21:02:29.444: 131 epsilon: 0.1
2024-05-06 21:16:31.307: 132 test start:
2024-05-06 21:16:57.738: 132 avg_reward: 1259.0
2024-05-06 21:16:57.738: 132 avg_steps: 1288.0
2024-05-06 21:16:57.738: 132 epsilon: 0.1
2024-05-06 21:31:09.129: 133 test start:
2024-05-06 21:31:37.709: 133 avg_reward: 1387.0
2024-05-06 21:31:37.709: 133 avg_steps: 1381.45
2024-05-06 21:31:37.709: 133 epsilon: 0.1
2024-05-06 21:45:39.760: 134 test start:
2024-05-06 21:46:10.721: 134 avg_reward: 1547.0
2024-05-06 21:46:10.721: 134 avg_steps: 1515.3
2024-05-06 21:46:10.721: 134 epsilon: 0.1
2024-05-06 22:00:18.454: 135 test start:
2024-05-06 22:00:47.142: 135 avg_reward: 1368.0
2024-05-06 22:00:47.142: 135 avg_steps: 1393.6
2024-05-06 22:00:47.142: 135 epsilon: 0.1
2024-05-06 22:14:51.830: 136 test start:
2024-05-06 22:15:21.080: 136 avg_reward: 1430.0
2024-05-06 22:15:21.080: 136 avg_steps: 1418.6
2024-05-06 22:15:21.080: 136 epsilon: 0.1
2024-05-06 22:29:14.910: 137 test start:
2024-05-06 22:29:47.999: 137 avg_reward: 1723.0
2024-05-06 22:29:48.005: 137 avg_steps: 1620.95
2024-05-06 22:29:48.005: 137 epsilon: 0.1
2024-05-06 22:44:08.469: 138 test start:
2024-05-06 22:44:34.190: 138 avg_reward: 1195.0
2024-05-06 22:44:34.191: 138 avg_steps: 1246.55
2024-05-06 22:44:34.191: 138 epsilon: 0.1
2024-05-06 22:58:41.177: 139 test start:
2024-05-06 22:59:09.810: 139 avg_reward: 1401.0
2024-05-06 22:59:09.810: 139 avg_steps: 1380.15
2024-05-06 22:59:09.810: 139 epsilon: 0.1
2024-05-06 23:13:15.253: 140 test start:
2024-05-06 23:13:43.085: 140 avg_reward: 1382.0
2024-05-06 23:13:43.085: 140 avg_steps: 1342.15
2024-05-06 23:13:43.085: 140 epsilon: 0.1
2024-05-06 23:27:56.867: 141 test start:
2024-05-06 23:28:27.909: 141 avg_reward: 1560.0
2024-05-06 23:28:27.909: 141 avg_steps: 1507.9
2024-05-06 23:28:27.909: 141 epsilon: 0.1
2024-05-06 23:42:14.247: 142 test start:
2024-05-06 23:42:44.839: 142 avg_reward: 1546.0
2024-05-06 23:42:44.839: 142 avg_steps: 1496.6
2024-05-06 23:42:44.839: 142 epsilon: 0.1
2024-05-06 23:56:59.597: 143 test start:
2024-05-06 23:57:31.702: 143 avg_reward: 1615.0
2024-05-06 23:57:31.702: 143 avg_steps: 1542.6
2024-05-06 23:57:31.702: 143 epsilon: 0.1
2024-05-07 00:11:53.277: 144 test start:
2024-05-07 00:12:26.143: 144 avg_reward: 1679.0
2024-05-07 00:12:26.143: 144 avg_steps: 1596.9
2024-05-07 00:12:26.143: 144 epsilon: 0.1
2024-05-07 00:26:19.464: 145 test start:
2024-05-07 00:26:49.670: 145 avg_reward: 1499.0
2024-05-07 00:26:49.670: 145 avg_steps: 1457.8
2024-05-07 00:26:49.670: 145 epsilon: 0.1
2024-05-07 00:41:00.402: 146 test start:
2024-05-07 00:41:30.866: 146 avg_reward: 1519.0
2024-05-07 00:41:30.866: 146 avg_steps: 1462.0
2024-05-07 00:41:30.866: 146 epsilon: 0.1
2024-05-07 00:55:35.366: 147 test start:
2024-05-07 00:56:08.619: 147 avg_reward: 1733.0
2024-05-07 00:56:08.620: 147 avg_steps: 1618.95
2024-05-07 00:56:08.620: 147 epsilon: 0.1
2024-05-07 01:10:23.093: 148 test start:
2024-05-07 01:10:54.222: 148 avg_reward: 1566.0
2024-05-07 01:10:54.222: 148 avg_steps: 1503.05
2024-05-07 01:10:54.222: 148 epsilon: 0.1
2024-05-07 01:25:01.863: 149 test start:
2024-05-07 01:25:32.962: 149 avg_reward: 1600.0
2024-05-07 01:25:32.962: 149 avg_steps: 1518.7
2024-05-07 01:25:32.962: 149 epsilon: 0.1
2024-05-07 01:39:35.077: 150 test start:
2024-05-07 01:40:02.969: 150 avg_reward: 1387.0
2024-05-07 01:40:02.969: 150 avg_steps: 1351.8
2024-05-07 01:40:02.969: 150 epsilon: 0.1
2024-05-07 01:54:19.432: 151 test start:
2024-05-07 01:54:48.824: 151 avg_reward: 1471.0
2024-05-07 01:54:48.824: 151 avg_steps: 1418.1
2024-05-07 01:54:48.825: 151 epsilon: 0.1
2024-05-07 02:08:56.629: 152 test start:
2024-05-07 02:09:28.111: 152 avg_reward: 1600.0
2024-05-07 02:09:28.111: 152 avg_steps: 1526.55
2024-05-07 02:09:28.111: 152 epsilon: 0.1
2024-05-07 02:23:29.573: 153 test start:
2024-05-07 02:23:58.802: 153 avg_reward: 1435.0
2024-05-07 02:23:58.803: 153 avg_steps: 1413.95
2024-05-07 02:23:58.803: 153 epsilon: 0.1
2024-05-07 02:38:14.700: 154 test start:
2024-05-07 02:38:46.293: 154 avg_reward: 1661.0
2024-05-07 02:38:46.293: 154 avg_steps: 1526.4
2024-05-07 02:38:46.293: 154 epsilon: 0.1
2024-05-07 02:52:42.888: 155 test start:
2024-05-07 02:53:12.958: 155 avg_reward: 1534.0
2024-05-07 02:53:12.958: 155 avg_steps: 1446.6
2024-05-07 02:53:12.958: 155 epsilon: 0.1
2024-05-07 03:07:44.613: 156 test start:
2024-05-07 03:08:18.295: 156 avg_reward: 1799.0
2024-05-07 03:08:18.295: 156 avg_steps: 1631.4
2024-05-07 03:08:18.295: 156 epsilon: 0.1
2024-05-07 03:22:19.567: 157 test start:
2024-05-07 03:22:54.496: 157 avg_reward: 1819.0
2024-05-07 03:22:54.496: 157 avg_steps: 1679.0
2024-05-07 03:22:54.496: 157 epsilon: 0.1
2024-05-07 03:36:41.665: 158 test start:
2024-05-07 03:37:14.289: 158 avg_reward: 1695.0
2024-05-07 03:37:14.289: 158 avg_steps: 1582.4
2024-05-07 03:37:14.289: 158 epsilon: 0.1
2024-05-07 03:51:37.377: 159 test start:
2024-05-07 03:52:09.564: 159 avg_reward: 1640.0
2024-05-07 03:52:09.564: 159 avg_steps: 1545.95
2024-05-07 03:52:09.564: 159 epsilon: 0.1
2024-05-07 04:06:18.308: 160 test start:
2024-05-07 04:06:49.294: 160 avg_reward: 1524.0
2024-05-07 04:06:49.294: 160 avg_steps: 1486.75
2024-05-07 04:06:49.294: 160 epsilon: 0.1
2024-05-07 04:20:59.543: 161 test start:
2024-05-07 04:21:33.493: 161 avg_reward: 1740.0
2024-05-07 04:21:33.494: 161 avg_steps: 1634.85
2024-05-07 04:21:33.494: 161 epsilon: 0.1
2024-05-07 04:35:39.373: 162 test start:
2024-05-07 04:36:11.737: 162 avg_reward: 1686.0
2024-05-07 04:36:11.737: 162 avg_steps: 1561.35
2024-05-07 04:36:11.737: 162 epsilon: 0.1
2024-05-07 04:50:12.403: 163 test start:
2024-05-07 04:50:45.268: 163 avg_reward: 1714.0
2024-05-07 04:50:45.268: 163 avg_steps: 1604.6
2024-05-07 04:50:45.268: 163 epsilon: 0.1
2024-05-07 05:04:47.062: 164 test start:
2024-05-07 05:05:20.008: 164 avg_reward: 1710.0
2024-05-07 05:05:20.008: 164 avg_steps: 1579.1
2024-05-07 05:05:20.008: 164 epsilon: 0.1
2024-05-07 05:19:25.367: 165 test start:
2024-05-07 05:19:58.396: 165 avg_reward: 1732.0
2024-05-07 05:19:58.396: 165 avg_steps: 1600.0
2024-05-07 05:19:58.396: 165 epsilon: 0.1
2024-05-07 05:33:55.005: 166 test start:
2024-05-07 05:34:28.607: 166 avg_reward: 1775.0
2024-05-07 05:34:28.607: 166 avg_steps: 1622.55
2024-05-07 05:34:28.607: 166 epsilon: 0.1
2024-05-07 05:48:51.674: 167 test start:
2024-05-07 05:49:22.914: 167 avg_reward: 1593.0
2024-05-07 05:49:22.914: 167 avg_steps: 1502.65
2024-05-07 05:49:22.914: 167 epsilon: 0.1
2024-05-07 06:03:23.643: 168 test start:
2024-05-07 06:03:56.428: 168 avg_reward: 1686.0
2024-05-07 06:03:56.428: 168 avg_steps: 1560.1
2024-05-07 06:03:56.428: 168 epsilon: 0.1
2024-05-07 06:18:11.506: 169 test start:
2024-05-07 06:18:42.131: 169 avg_reward: 1576.0
2024-05-07 06:18:42.131: 169 avg_steps: 1468.25
2024-05-07 06:18:42.131: 169 epsilon: 0.1
2024-05-07 06:32:51.476: 170 test start:
2024-05-07 06:33:23.985: 170 avg_reward: 1753.0
2024-05-07 06:33:23.985: 170 avg_steps: 1581.05
2024-05-07 06:33:23.985: 170 epsilon: 0.1
2024-05-07 06:47:30.282: 171 test start:
2024-05-07 06:48:01.466: 171 avg_reward: 1585.0
2024-05-07 06:48:01.466: 171 avg_steps: 1513.1
2024-05-07 06:48:01.466: 171 epsilon: 0.1
2024-05-07 07:02:26.512: 172 test start:
2024-05-07 07:02:57.298: 172 avg_reward: 1585.0
2024-05-07 07:02:57.298: 172 avg_steps: 1481.3
2024-05-07 07:02:57.298: 172 epsilon: 0.1
2024-05-07 07:16:55.343: 173 test start:
2024-05-07 07:17:25.592: 173 avg_reward: 1522.0
2024-05-07 07:17:25.593: 173 avg_steps: 1456.05
2024-05-07 07:17:25.593: 173 epsilon: 0.1
2024-05-07 07:31:32.744: 174 test start:
2024-05-07 07:32:02.172: 174 avg_reward: 1502.0
2024-05-07 07:32:02.172: 174 avg_steps: 1419.0
2024-05-07 07:32:02.172: 174 epsilon: 0.1
2024-05-07 07:46:33.040: 175 test start:
2024-05-07 07:47:03.710: 175 avg_reward: 1578.0
2024-05-07 07:47:03.711: 175 avg_steps: 1481.8
2024-05-07 07:47:03.711: 175 epsilon: 0.1
2024-05-07 08:00:48.059: 176 test start:
2024-05-07 08:01:20.987: 176 avg_reward: 1742.0
2024-05-07 08:01:20.987: 176 avg_steps: 1590.65
2024-05-07 08:01:20.987: 176 epsilon: 0.1
2024-05-07 08:15:45.757: 177 test start:
2024-05-07 08:16:19.155: 177 avg_reward: 1761.0
2024-05-07 08:16:19.155: 177 avg_steps: 1602.05
2024-05-07 08:16:19.155: 177 epsilon: 0.1
2024-05-07 08:30:27.927: 178 test start:
2024-05-07 08:30:58.650: 178 avg_reward: 1607.0
2024-05-07 08:30:58.650: 178 avg_steps: 1494.75
2024-05-07 08:30:58.650: 178 epsilon: 0.1
2024-05-07 08:44:56.636: 179 test start:
2024-05-07 08:45:27.223: 179 avg_reward: 1621.0
2024-05-07 08:45:27.223: 179 avg_steps: 1483.8
2024-05-07 08:45:27.223: 179 epsilon: 0.1
