2024-05-05 09:03:46.185: 
parameters:agent_saving_period: 80000
agent_test_episodes: 20
batch_num_per_epoch: 100000
device: cuda:0
env_name: ALE/Phoenix-v5
epsilon_for_test: 0.05
epsilon_max: 1.0
epsilon_min: 0.1
exploration_steps: 1000000
gamma: 0.99
input_frame_height: 84
input_frame_width: 84
learning_rate: 1.0e-05
log_path: ../exps/dueling_dqn/
mini_batch_size: 32
no_op: 30
phi_channel: 4
replay_buffer_size: 200000
replay_start_size: 10000
save_path: ./exps/
skip_k_frame: 4
step_c: 10000
training_steps: 50000000

2024-05-05 09:16:16.023: 1 test start:
2024-05-05 09:16:39.159: 1 avg_reward: 466.0
2024-05-05 09:16:39.159: 1 avg_steps: 891.8
2024-05-05 09:16:39.159: 1 epsilon: 0.9194887
2024-05-05 13:32:31.430: 2 test start:
2024-05-05 13:32:42.660: 2 avg_reward: 264.0
2024-05-05 13:32:42.661: 2 avg_steps: 554.2
2024-05-05 13:32:42.661: 2 epsilon: 0.8334892
2024-05-05 13:46:43.297: 3 test start:
2024-05-05 13:46:56.381: 3 avg_reward: 404.5
2024-05-05 13:46:56.381: 3 avg_steps: 658.2
2024-05-05 13:46:56.382: 3 epsilon: 0.7476408999999999
2024-05-05 14:00:52.908: 4 test start:
2024-05-05 14:01:05.447: 4 avg_reward: 626.5
2024-05-05 14:01:05.447: 4 avg_steps: 637.4
2024-05-05 14:01:05.447: 4 epsilon: 0.6619609
2024-05-05 14:15:09.301: 5 test start:
2024-05-05 14:15:21.375: 5 avg_reward: 546.5
2024-05-05 14:15:21.375: 5 avg_steps: 609.4
2024-05-05 14:15:21.375: 5 epsilon: 0.5755771
2024-05-05 14:29:18.135: 6 test start:
2024-05-05 14:29:31.672: 6 avg_reward: 1023.0
2024-05-05 14:29:31.672: 6 avg_steps: 685.4
2024-05-05 14:29:31.672: 6 epsilon: 0.48937239999999993
2024-05-05 14:43:33.025: 7 test start:
2024-05-05 14:43:45.161: 7 avg_reward: 656.5
2024-05-05 14:43:45.161: 7 avg_steps: 611.0
2024-05-05 14:43:45.161: 7 epsilon: 0.40331799999999995
2024-05-05 14:57:45.859: 8 test start:
2024-05-05 14:57:59.386: 8 avg_reward: 863.0
2024-05-05 14:57:59.386: 8 avg_steps: 685.4
2024-05-05 14:57:59.386: 8 epsilon: 0.31687659999999995
2024-05-05 15:12:24.288: 9 test start:
2024-05-05 15:13:44.731: 9 avg_reward: 1516.5
2024-05-05 15:13:44.731: 9 avg_steps: 4128.85
2024-05-05 15:13:44.731: 9 epsilon: 0.22740759999999993
2024-05-05 15:28:13.113: 10 test start:
2024-05-05 15:28:50.790: 10 avg_reward: 1752.5
2024-05-05 15:28:50.790: 10 avg_steps: 1934.2
2024-05-05 15:28:50.790: 10 epsilon: 0.1369845999999999
2024-05-05 15:42:07.648: 11 test start:
2024-05-05 15:42:26.486: 11 avg_reward: 1428.0
2024-05-05 15:42:26.486: 11 avg_steps: 950.2
2024-05-05 15:42:26.486: 11 epsilon: 0.1
2024-05-05 15:56:25.681: 12 test start:
2024-05-05 15:56:43.119: 12 avg_reward: 2007.5
2024-05-05 15:56:43.119: 12 avg_steps: 876.6
2024-05-05 15:56:43.119: 12 epsilon: 0.1
2024-05-05 16:10:47.982: 13 test start:
2024-05-05 16:11:04.021: 13 avg_reward: 1470.5
2024-05-05 16:11:04.021: 13 avg_steps: 816.6
2024-05-05 16:11:04.021: 13 epsilon: 0.1
2024-05-05 16:25:05.580: 14 test start:
2024-05-05 16:25:21.152: 14 avg_reward: 1288.5
2024-05-05 16:25:21.152: 14 avg_steps: 785.4
2024-05-05 16:25:21.152: 14 epsilon: 0.1
2024-05-05 16:39:19.871: 15 test start:
2024-05-05 16:39:37.138: 15 avg_reward: 1765.5
2024-05-05 16:39:37.138: 15 avg_steps: 875.8
2024-05-05 16:39:37.138: 15 epsilon: 0.1
2024-05-05 16:53:35.542: 16 test start:
2024-05-05 16:53:53.758: 16 avg_reward: 2580.0
2024-05-05 16:53:53.758: 16 avg_steps: 918.2
2024-05-05 16:53:53.758: 16 epsilon: 0.1
2024-05-05 17:07:55.829: 17 test start:
2024-05-05 17:08:12.376: 17 avg_reward: 1832.5
2024-05-05 17:08:12.376: 17 avg_steps: 834.2
2024-05-05 17:08:12.376: 17 epsilon: 0.1
2024-05-05 17:22:06.874: 18 test start:
2024-05-05 17:22:25.204: 18 avg_reward: 2472.5
2024-05-05 17:22:25.204: 18 avg_steps: 923.8
2024-05-05 17:22:25.204: 18 epsilon: 0.1
2024-05-05 17:36:26.039: 19 test start:
2024-05-05 17:36:44.696: 19 avg_reward: 2675.0
2024-05-05 17:36:44.696: 19 avg_steps: 951.0
2024-05-05 17:36:44.696: 19 epsilon: 0.1
2024-05-05 17:50:46.170: 20 test start:
2024-05-05 17:51:04.312: 20 avg_reward: 2365.5
2024-05-05 17:51:04.312: 20 avg_steps: 916.6
2024-05-05 17:51:04.312: 20 epsilon: 0.1
2024-05-05 18:04:58.560: 21 test start:
2024-05-05 18:05:18.811: 21 avg_reward: 3053.5
2024-05-05 18:05:18.811: 21 avg_steps: 1023.8
2024-05-05 18:05:18.811: 21 epsilon: 0.1
2024-05-05 18:19:17.106: 22 test start:
2024-05-05 18:19:35.389: 22 avg_reward: 2524.5
2024-05-05 18:19:35.389: 22 avg_steps: 920.6
2024-05-05 18:19:35.389: 22 epsilon: 0.1
2024-05-05 18:33:37.060: 23 test start:
2024-05-05 18:33:58.341: 23 avg_reward: 2701.0
2024-05-05 18:33:58.341: 23 avg_steps: 1068.6
2024-05-05 18:33:58.341: 23 epsilon: 0.1
2024-05-05 18:47:59.382: 24 test start:
2024-05-05 18:48:23.145: 24 avg_reward: 2864.0
2024-05-05 18:48:23.145: 24 avg_steps: 1207.8
2024-05-05 18:48:23.145: 24 epsilon: 0.1
2024-05-05 19:02:10.670: 25 test start:
2024-05-05 19:02:30.929: 25 avg_reward: 2768.0
2024-05-05 19:02:30.929: 25 avg_steps: 1021.4
2024-05-05 19:02:30.929: 25 epsilon: 0.1
2024-05-05 19:16:37.715: 26 test start:
2024-05-05 19:17:01.250: 26 avg_reward: 2858.5
2024-05-05 19:17:01.250: 26 avg_steps: 1207.0
2024-05-05 19:17:01.250: 26 epsilon: 0.1
2024-05-05 19:30:55.364: 27 test start:
2024-05-05 19:31:13.350: 27 avg_reward: 2323.5
2024-05-05 19:31:13.350: 27 avg_steps: 908.6
2024-05-05 19:31:13.350: 27 epsilon: 0.1
2024-05-05 19:45:10.858: 28 test start:
2024-05-05 19:45:32.494: 28 avg_reward: 2599.0
2024-05-05 19:45:32.494: 28 avg_steps: 1097.4
2024-05-05 19:45:32.494: 28 epsilon: 0.1
2024-05-05 19:59:33.243: 29 test start:
2024-05-05 19:59:51.316: 29 avg_reward: 2305.5
2024-05-05 19:59:51.316: 29 avg_steps: 918.2
2024-05-05 19:59:51.316: 29 epsilon: 0.1
2024-05-05 20:13:53.670: 30 test start:
2024-05-05 20:14:10.923: 30 avg_reward: 2567.5
2024-05-05 20:14:10.923: 30 avg_steps: 868.6
2024-05-05 20:14:10.923: 30 epsilon: 0.1
2024-05-05 20:28:11.674: 31 test start:
2024-05-05 20:28:30.753: 31 avg_reward: 2599.0
2024-05-05 20:28:30.753: 31 avg_steps: 954.2
2024-05-05 20:28:30.753: 31 epsilon: 0.1
2024-05-05 20:42:44.759: 32 test start:
2024-05-05 20:43:05.338: 32 avg_reward: 2961.5
2024-05-05 20:43:05.338: 32 avg_steps: 1028.6
2024-05-05 20:43:05.338: 32 epsilon: 0.1
2024-05-05 20:57:25.088: 33 test start:
2024-05-05 20:57:43.894: 33 avg_reward: 2292.0
2024-05-05 20:57:43.894: 33 avg_steps: 939.8
2024-05-05 20:57:43.894: 33 epsilon: 0.1
2024-05-05 21:11:55.932: 34 test start:
2024-05-05 21:12:18.616: 34 avg_reward: 2731.0
2024-05-05 21:12:18.616: 34 avg_steps: 1143.0
2024-05-05 21:12:18.616: 34 epsilon: 0.1
2024-05-05 21:26:31.453: 35 test start:
2024-05-05 21:26:51.786: 35 avg_reward: 3334.5
2024-05-05 21:26:51.786: 35 avg_steps: 1017.4
2024-05-05 21:26:51.786: 35 epsilon: 0.1
2024-05-05 21:41:22.243: 36 test start:
2024-05-05 21:41:42.609: 36 avg_reward: 2891.5
2024-05-05 21:41:42.609: 36 avg_steps: 1020.6
2024-05-05 21:41:42.609: 36 epsilon: 0.1
2024-05-05 21:55:45.783: 37 test start:
2024-05-05 21:56:05.986: 37 avg_reward: 2773.0
2024-05-05 21:56:05.986: 37 avg_steps: 1013.4
2024-05-05 21:56:05.986: 37 epsilon: 0.1
2024-05-05 22:10:21.474: 38 test start:
2024-05-05 22:10:38.638: 38 avg_reward: 2018.5
2024-05-05 22:10:38.639: 38 avg_steps: 866.2
2024-05-05 22:10:38.639: 38 epsilon: 0.1
2024-05-05 22:25:10.083: 39 test start:
2024-05-05 22:25:30.650: 39 avg_reward: 2574.5
2024-05-05 22:25:30.650: 39 avg_steps: 1027.8
2024-05-05 22:25:30.650: 39 epsilon: 0.1
2024-05-05 22:39:34.932: 40 test start:
2024-05-05 22:40:04.295: 40 avg_reward: 3055.5
2024-05-05 22:40:04.295: 40 avg_steps: 1497.4
2024-05-05 22:40:04.295: 40 epsilon: 0.1
2024-05-05 22:54:22.375: 41 test start:
2024-05-05 22:54:46.291: 41 avg_reward: 2501.0
2024-05-05 22:54:46.291: 41 avg_steps: 1203.0
2024-05-05 22:54:46.291: 41 epsilon: 0.1
2024-05-05 23:08:35.881: 42 test start:
2024-05-05 23:08:56.220: 42 avg_reward: 2569.5
2024-05-05 23:08:56.220: 42 avg_steps: 1019.0
2024-05-05 23:08:56.220: 42 epsilon: 0.1
2024-05-05 23:22:56.188: 43 test start:
2024-05-05 23:23:19.826: 43 avg_reward: 3560.5
2024-05-05 23:23:19.827: 43 avg_steps: 1198.2
2024-05-05 23:23:19.827: 43 epsilon: 0.1
2024-05-05 23:37:31.603: 44 test start:
2024-05-05 23:37:53.935: 44 avg_reward: 2361.0
2024-05-05 23:37:53.935: 44 avg_steps: 1131.0
2024-05-05 23:37:53.935: 44 epsilon: 0.1
2024-05-05 23:52:03.620: 45 test start:
2024-05-05 23:52:24.112: 45 avg_reward: 2689.0
2024-05-05 23:52:24.112: 45 avg_steps: 1031.8
2024-05-05 23:52:24.112: 45 epsilon: 0.1
2024-05-06 00:06:21.645: 46 test start:
2024-05-06 00:06:49.502: 46 avg_reward: 2907.0
2024-05-06 00:06:49.502: 46 avg_steps: 1390.2
2024-05-06 00:06:49.502: 46 epsilon: 0.1
2024-05-06 00:21:08.529: 47 test start:
2024-05-06 00:21:28.967: 47 avg_reward: 2996.0
2024-05-06 00:21:28.967: 47 avg_steps: 1028.6
2024-05-06 00:21:28.967: 47 epsilon: 0.1
2024-05-06 00:35:30.274: 48 test start:
2024-05-06 00:35:49.438: 48 avg_reward: 2854.0
2024-05-06 00:35:49.439: 48 avg_steps: 962.2
2024-05-06 00:35:49.439: 48 epsilon: 0.1
2024-05-06 00:49:47.365: 49 test start:
2024-05-06 00:50:05.880: 49 avg_reward: 2680.5
2024-05-06 00:50:05.880: 49 avg_steps: 937.4
2024-05-06 00:50:05.880: 49 epsilon: 0.1
2024-05-06 01:04:22.173: 50 test start:
2024-05-06 01:04:40.629: 50 avg_reward: 2769.5
2024-05-06 01:04:40.629: 50 avg_steps: 927.8
2024-05-06 01:04:40.629: 50 epsilon: 0.1
2024-05-06 01:18:36.774: 51 test start:
2024-05-06 01:19:22.245: 51 avg_reward: 3211.5
2024-05-06 01:19:22.245: 51 avg_steps: 2293.65
2024-05-06 01:19:22.245: 51 epsilon: 0.1
2024-05-06 01:33:32.132: 52 test start:
2024-05-06 01:33:51.976: 52 avg_reward: 2790.0
2024-05-06 01:33:51.977: 52 avg_steps: 980.6
2024-05-06 01:33:51.977: 52 epsilon: 0.1
2024-05-06 01:48:11.285: 53 test start:
2024-05-06 01:48:30.628: 53 avg_reward: 3215.5
2024-05-06 01:48:30.628: 53 avg_steps: 973.4
2024-05-06 01:48:30.628: 53 epsilon: 0.1
2024-05-06 02:02:29.646: 54 test start:
2024-05-06 02:02:46.675: 54 avg_reward: 2293.5
2024-05-06 02:02:46.675: 54 avg_steps: 857.4
2024-05-06 02:02:46.675: 54 epsilon: 0.1
2024-05-06 02:16:43.219: 55 test start:
2024-05-06 02:17:02.267: 55 avg_reward: 2924.5
2024-05-06 02:17:02.267: 55 avg_steps: 954.2
2024-05-06 02:17:02.267: 55 epsilon: 0.1
2024-05-06 02:31:16.286: 56 test start:
2024-05-06 02:31:36.095: 56 avg_reward: 2956.5
2024-05-06 02:31:36.095: 56 avg_steps: 985.4
2024-05-06 02:31:36.095: 56 epsilon: 0.1
2024-05-06 02:45:32.043: 57 test start:
2024-05-06 02:45:52.219: 57 avg_reward: 3414.0
2024-05-06 02:45:52.219: 57 avg_steps: 1011.8
2024-05-06 02:45:52.219: 57 epsilon: 0.1
2024-05-06 02:59:36.044: 58 test start:
2024-05-06 02:59:57.316: 58 avg_reward: 3290.5
2024-05-06 02:59:57.316: 58 avg_steps: 1060.6
2024-05-06 02:59:57.316: 58 epsilon: 0.1
2024-05-06 03:13:59.790: 59 test start:
2024-05-06 03:14:20.977: 59 avg_reward: 2828.0
2024-05-06 03:14:20.977: 59 avg_steps: 1052.6
2024-05-06 03:14:20.977: 59 epsilon: 0.1
2024-05-06 03:28:12.694: 60 test start:
2024-05-06 03:28:33.306: 60 avg_reward: 3362.0
2024-05-06 03:28:33.306: 60 avg_steps: 1043.8
2024-05-06 03:28:33.306: 60 epsilon: 0.1
2024-05-06 03:42:44.457: 61 test start:
2024-05-06 03:43:04.779: 61 avg_reward: 3198.5
2024-05-06 03:43:04.779: 61 avg_steps: 1020.6
2024-05-06 03:43:04.779: 61 epsilon: 0.1
2024-05-06 03:56:41.921: 62 test start:
2024-05-06 03:57:00.846: 62 avg_reward: 3114.0
2024-05-06 03:57:00.846: 62 avg_steps: 960.6
2024-05-06 03:57:00.846: 62 epsilon: 0.1
2024-05-06 04:11:01.502: 63 test start:
2024-05-06 04:11:21.270: 63 avg_reward: 3077.0
2024-05-06 04:11:21.270: 63 avg_steps: 986.2
2024-05-06 04:11:21.271: 63 epsilon: 0.1
2024-05-06 04:25:17.987: 64 test start:
2024-05-06 04:25:41.642: 64 avg_reward: 3579.0
2024-05-06 04:25:41.642: 64 avg_steps: 1188.6
2024-05-06 04:25:41.642: 64 epsilon: 0.1
2024-05-06 04:39:29.959: 65 test start:
2024-05-06 04:39:48.118: 65 avg_reward: 2700.0
2024-05-06 04:39:48.119: 65 avg_steps: 921.4
2024-05-06 04:39:48.119: 65 epsilon: 0.1
2024-05-06 04:53:42.595: 66 test start:
2024-05-06 04:54:02.449: 66 avg_reward: 2820.0
2024-05-06 04:54:02.449: 66 avg_steps: 987.0
2024-05-06 04:54:02.449: 66 epsilon: 0.1
2024-05-06 05:07:46.211: 67 test start:
2024-05-06 05:08:09.580: 67 avg_reward: 3574.0
2024-05-06 05:08:09.580: 67 avg_steps: 1185.4
2024-05-06 05:08:09.580: 67 epsilon: 0.1
2024-05-06 05:22:12.951: 68 test start:
2024-05-06 05:22:30.795: 68 avg_reward: 2113.5
2024-05-06 05:22:30.795: 68 avg_steps: 887.8
2024-05-06 05:22:30.795: 68 epsilon: 0.1
2024-05-06 05:36:44.778: 69 test start:
2024-05-06 05:37:04.452: 69 avg_reward: 2738.0
2024-05-06 05:37:04.452: 69 avg_steps: 991.8
2024-05-06 05:37:04.452: 69 epsilon: 0.1
2024-05-06 05:51:03.280: 70 test start:
2024-05-06 05:51:21.010: 70 avg_reward: 2250.5
2024-05-06 05:51:21.010: 70 avg_steps: 894.2
2024-05-06 05:51:21.010: 70 epsilon: 0.1
2024-05-06 06:05:17.513: 71 test start:
2024-05-06 06:05:34.953: 71 avg_reward: 2672.0
2024-05-06 06:05:34.953: 71 avg_steps: 874.2
2024-05-06 06:05:34.953: 71 epsilon: 0.1
2024-05-06 06:19:26.254: 72 test start:
2024-05-06 06:19:47.538: 72 avg_reward: 3351.0
2024-05-06 06:19:47.538: 72 avg_steps: 1083.8
2024-05-06 06:19:47.538: 72 epsilon: 0.1
2024-05-06 06:33:30.982: 73 test start:
2024-05-06 06:34:17.563: 73 avg_reward: 3411.5
2024-05-06 06:34:17.563: 73 avg_steps: 2360.85
2024-05-06 06:34:17.563: 73 epsilon: 0.1
2024-05-06 06:48:09.107: 74 test start:
2024-05-06 06:48:44.341: 74 avg_reward: 3516.0
2024-05-06 06:48:44.341: 74 avg_steps: 1791.8
2024-05-06 06:48:44.341: 74 epsilon: 0.1
2024-05-06 07:02:35.057: 75 test start:
2024-05-06 07:03:21.156: 75 avg_reward: 3394.0
2024-05-06 07:03:21.156: 75 avg_steps: 2345.65
2024-05-06 07:03:21.156: 75 epsilon: 0.1
2024-05-06 07:17:18.880: 76 test start:
2024-05-06 07:18:03.936: 76 avg_reward: 3192.0
2024-05-06 07:18:03.936: 76 avg_steps: 2284.85
2024-05-06 07:18:03.936: 76 epsilon: 0.1
2024-05-06 07:32:06.858: 77 test start:
2024-05-06 07:32:38.513: 77 avg_reward: 2061.0
2024-05-06 07:32:38.514: 77 avg_steps: 1607.8
2024-05-06 07:32:38.514: 77 epsilon: 0.1
2024-05-06 07:46:32.701: 78 test start:
2024-05-06 07:46:52.288: 78 avg_reward: 3226.5
2024-05-06 07:46:52.288: 78 avg_steps: 982.2
2024-05-06 07:46:52.288: 78 epsilon: 0.1
2024-05-06 08:01:04.800: 79 test start:
2024-05-06 08:01:25.053: 79 avg_reward: 2160.0
2024-05-06 08:01:25.053: 79 avg_steps: 1031.8
2024-05-06 08:01:25.053: 79 epsilon: 0.1
2024-05-06 08:15:19.519: 80 test start:
2024-05-06 08:15:37.778: 80 avg_reward: 2443.0
2024-05-06 08:15:37.778: 80 avg_steps: 916.6
2024-05-06 08:15:37.778: 80 epsilon: 0.1
2024-05-06 08:29:51.916: 81 test start:
2024-05-06 08:30:12.201: 81 avg_reward: 3068.0
2024-05-06 08:30:12.201: 81 avg_steps: 1019.8
2024-05-06 08:30:12.201: 81 epsilon: 0.1
2024-05-06 08:44:12.449: 82 test start:
2024-05-06 08:44:31.442: 82 avg_reward: 2797.5
2024-05-06 08:44:31.443: 82 avg_steps: 949.4
2024-05-06 08:44:31.443: 82 epsilon: 0.1
2024-05-06 08:58:19.692: 83 test start:
2024-05-06 08:59:03.780: 83 avg_reward: 2831.5
2024-05-06 08:59:03.780: 83 avg_steps: 2243.0
2024-05-06 08:59:03.780: 83 epsilon: 0.1
2024-05-06 09:13:21.084: 84 test start:
2024-05-06 09:13:39.840: 84 avg_reward: 2614.0
2024-05-06 09:13:39.840: 84 avg_steps: 937.4
2024-05-06 09:13:39.840: 84 epsilon: 0.1
2024-05-06 09:27:26.770: 85 test start:
2024-05-06 09:27:46.652: 85 avg_reward: 2651.0
2024-05-06 09:27:46.652: 85 avg_steps: 1003.8
2024-05-06 09:27:46.652: 85 epsilon: 0.1
2024-05-06 09:45:09.693: 86 test start:
2024-05-06 09:45:54.104: 86 avg_reward: 2668.5
2024-05-06 09:45:54.104: 86 avg_steps: 2248.05
2024-05-06 09:45:54.104: 86 epsilon: 0.1
2024-05-06 09:56:28.319: 87 test start:
2024-05-06 09:58:03.926: 87 avg_reward: 3251.5
2024-05-06 09:58:03.926: 87 avg_steps: 4888.55
2024-05-06 09:58:03.926: 87 epsilon: 0.1
2024-05-06 10:11:54.880: 88 test start:
2024-05-06 10:12:12.065: 88 avg_reward: 2610.5
2024-05-06 10:12:12.065: 88 avg_steps: 871.0
2024-05-06 10:12:12.065: 88 epsilon: 0.1
2024-05-06 10:26:50.543: 89 test start:
2024-05-06 10:27:11.466: 89 avg_reward: 3440.5
2024-05-06 10:27:11.466: 89 avg_steps: 1053.4
2024-05-06 10:27:11.466: 89 epsilon: 0.1
2024-05-06 10:40:30.433: 90 test start:
2024-05-06 10:40:52.097: 90 avg_reward: 3494.0
2024-05-06 10:40:52.097: 90 avg_steps: 1094.2
2024-05-06 10:40:52.098: 90 epsilon: 0.1
2024-05-06 10:54:52.038: 91 test start:
2024-05-06 10:55:11.556: 91 avg_reward: 3250.5
2024-05-06 10:55:11.556: 91 avg_steps: 967.0
2024-05-06 10:55:11.556: 91 epsilon: 0.1
2024-05-06 11:09:06.369: 92 test start:
2024-05-06 11:09:25.082: 92 avg_reward: 2706.5
2024-05-06 11:09:25.082: 92 avg_steps: 942.2
2024-05-06 11:09:25.082: 92 epsilon: 0.1
2024-05-06 11:23:05.269: 93 test start:
2024-05-06 11:23:48.128: 93 avg_reward: 2351.5
2024-05-06 11:23:48.128: 93 avg_steps: 2170.45
2024-05-06 11:23:48.128: 93 epsilon: 0.1
2024-05-06 11:38:04.238: 94 test start:
2024-05-06 11:38:28.540: 94 avg_reward: 2711.5
2024-05-06 11:38:28.540: 94 avg_steps: 1215.0
2024-05-06 11:38:28.540: 94 epsilon: 0.1
2024-05-06 11:52:18.639: 95 test start:
2024-05-06 11:52:38.266: 95 avg_reward: 2541.0
2024-05-06 11:52:38.266: 95 avg_steps: 985.4
2024-05-06 11:52:38.266: 95 epsilon: 0.1
2024-05-06 12:06:38.344: 96 test start:
2024-05-06 12:07:00.284: 96 avg_reward: 2403.5
2024-05-06 12:07:00.284: 96 avg_steps: 1095.8
2024-05-06 12:07:00.284: 96 epsilon: 0.1
2024-05-06 12:21:08.339: 97 test start:
2024-05-06 12:22:18.845: 97 avg_reward: 3499.0
2024-05-06 12:22:18.845: 97 avg_steps: 3575.5
2024-05-06 12:22:18.845: 97 epsilon: 0.1
2024-05-06 12:36:05.221: 98 test start:
2024-05-06 12:36:24.237: 98 avg_reward: 2737.0
2024-05-06 12:36:24.238: 98 avg_steps: 953.4
2024-05-06 12:36:24.238: 98 epsilon: 0.1
2024-05-06 12:50:22.653: 99 test start:
2024-05-06 12:51:07.492: 99 avg_reward: 3155.0
2024-05-06 12:51:07.492: 99 avg_steps: 2248.05
2024-05-06 12:51:07.492: 99 epsilon: 0.1
2024-05-06 13:05:43.119: 100 test start:
2024-05-06 13:06:53.939: 100 avg_reward: 3156.0
2024-05-06 13:06:53.939: 100 avg_steps: 3581.9
2024-05-06 13:06:53.939: 100 epsilon: 0.1
2024-05-06 13:20:17.706: 101 test start:
2024-05-06 13:20:39.025: 101 avg_reward: 2190.0
2024-05-06 13:20:39.025: 101 avg_steps: 1083.8
2024-05-06 13:20:39.025: 101 epsilon: 0.1
2024-05-06 13:35:02.009: 102 test start:
2024-05-06 13:35:47.874: 102 avg_reward: 3074.5
2024-05-06 13:35:47.874: 102 avg_steps: 2344.85
2024-05-06 13:35:47.874: 102 epsilon: 0.1
2024-05-06 13:49:45.117: 103 test start:
2024-05-06 13:50:02.970: 103 avg_reward: 2688.5
2024-05-06 13:50:02.970: 103 avg_steps: 901.4
2024-05-06 13:50:02.970: 103 epsilon: 0.1
2024-05-06 14:03:56.064: 104 test start:
2024-05-06 14:04:12.102: 104 avg_reward: 2153.5
2024-05-06 14:04:12.102: 104 avg_steps: 802.2
2024-05-06 14:04:12.102: 104 epsilon: 0.1
2024-05-06 14:18:21.203: 105 test start:
2024-05-06 14:18:41.535: 105 avg_reward: 3230.5
2024-05-06 14:18:41.535: 105 avg_steps: 1020.6
2024-05-06 14:18:41.535: 105 epsilon: 0.1
2024-05-06 14:32:21.695: 106 test start:
2024-05-06 14:33:08.466: 106 avg_reward: 3802.0
2024-05-06 14:33:08.466: 106 avg_steps: 2387.25
2024-05-06 14:33:08.466: 106 epsilon: 0.1
2024-05-06 14:47:51.542: 107 test start:
2024-05-06 14:48:37.888: 107 avg_reward: 3089.5
2024-05-06 14:48:37.888: 107 avg_steps: 2324.05
2024-05-06 14:48:37.888: 107 epsilon: 0.1
2024-05-06 15:04:03.224: 108 test start:
2024-05-06 15:04:24.845: 108 avg_reward: 3113.0
2024-05-06 15:04:24.845: 108 avg_steps: 1092.6
2024-05-06 15:04:24.845: 108 epsilon: 0.1
2024-05-06 15:16:22.170: 109 test start:
2024-05-06 15:18:23.186: 109 avg_reward: 3264.0
2024-05-06 15:18:23.186: 109 avg_steps: 6152.0
2024-05-06 15:18:23.186: 109 epsilon: 0.1
2024-05-06 15:32:47.549: 110 test start:
2024-05-06 15:33:09.503: 110 avg_reward: 3415.5
2024-05-06 15:33:09.503: 110 avg_steps: 1095.0
2024-05-06 15:33:09.503: 110 epsilon: 0.1
2024-05-06 15:47:00.592: 111 test start:
2024-05-06 15:47:21.133: 111 avg_reward: 3041.0
2024-05-06 15:47:21.133: 111 avg_steps: 1030.2
2024-05-06 15:47:21.133: 111 epsilon: 0.1
2024-05-06 16:01:35.638: 112 test start:
2024-05-06 16:02:20.327: 112 avg_reward: 2325.0
2024-05-06 16:02:20.327: 112 avg_steps: 2248.05
2024-05-06 16:02:20.327: 112 epsilon: 0.1
2024-05-06 16:17:01.285: 113 test start:
2024-05-06 16:18:11.264: 113 avg_reward: 3035.5
2024-05-06 16:18:11.265: 113 avg_steps: 3530.7
2024-05-06 16:18:11.265: 113 epsilon: 0.1
2024-05-06 16:31:23.974: 114 test start:
2024-05-06 16:31:44.787: 114 avg_reward: 3170.0
2024-05-06 16:31:44.787: 114 avg_steps: 1045.4
2024-05-06 16:31:44.787: 114 epsilon: 0.1
2024-05-06 16:46:04.500: 115 test start:
2024-05-06 16:46:50.141: 115 avg_reward: 2787.5
2024-05-06 16:46:50.141: 115 avg_steps: 2316.05
2024-05-06 16:46:50.141: 115 epsilon: 0.1
2024-05-06 17:00:46.338: 116 test start:
2024-05-06 17:01:08.316: 116 avg_reward: 3088.0
2024-05-06 17:01:08.316: 116 avg_steps: 1096.6
2024-05-06 17:01:08.316: 116 epsilon: 0.1
2024-05-06 17:15:18.543: 117 test start:
2024-05-06 17:16:14.989: 117 avg_reward: 2814.0
2024-05-06 17:16:14.989: 117 avg_steps: 2870.2
2024-05-06 17:16:14.989: 117 epsilon: 0.1
2024-05-06 17:30:30.404: 118 test start:
2024-05-06 17:31:14.992: 118 avg_reward: 2826.0
2024-05-06 17:31:14.992: 118 avg_steps: 2234.45
2024-05-06 17:31:14.992: 118 epsilon: 0.1
2024-05-06 17:45:07.410: 119 test start:
2024-05-06 17:45:26.992: 119 avg_reward: 3073.5
2024-05-06 17:45:26.993: 119 avg_steps: 983.8
2024-05-06 17:45:26.993: 119 epsilon: 0.1
2024-05-06 17:59:30.640: 120 test start:
2024-05-06 18:00:42.477: 120 avg_reward: 3167.0
2024-05-06 18:00:42.477: 120 avg_steps: 3590.7
2024-05-06 18:00:42.477: 120 epsilon: 0.1
2024-05-06 18:14:52.081: 121 test start:
2024-05-06 18:15:09.719: 121 avg_reward: 2397.5
2024-05-06 18:15:09.719: 121 avg_steps: 895.0
2024-05-06 18:15:09.719: 121 epsilon: 0.1
2024-05-06 18:28:54.070: 122 test start:
2024-05-06 18:29:30.513: 122 avg_reward: 2715.5
2024-05-06 18:29:30.513: 122 avg_steps: 1839.0
2024-05-06 18:29:30.513: 122 epsilon: 0.1
2024-05-06 18:45:48.431: 123 test start:
2024-05-06 18:46:06.328: 123 avg_reward: 2778.0
2024-05-06 18:46:06.328: 123 avg_steps: 899.8
2024-05-06 18:46:06.328: 123 epsilon: 0.1
2024-05-06 18:57:55.332: 124 test start:
2024-05-06 18:59:05.573: 124 avg_reward: 3234.5
2024-05-06 18:59:05.573: 124 avg_steps: 3565.1
2024-05-06 18:59:05.573: 124 epsilon: 0.1
2024-05-06 19:13:19.251: 125 test start:
2024-05-06 19:14:06.119: 125 avg_reward: 3180.0
2024-05-06 19:14:06.119: 125 avg_steps: 2347.25
2024-05-06 19:14:06.120: 125 epsilon: 0.1
2024-05-06 19:28:02.798: 126 test start:
2024-05-06 19:28:20.819: 126 avg_reward: 2606.5
2024-05-06 19:28:20.819: 126 avg_steps: 916.6
2024-05-06 19:28:20.819: 126 epsilon: 0.1
2024-05-06 19:42:15.013: 127 test start:
2024-05-06 19:42:44.152: 127 avg_reward: 3280.0
2024-05-06 19:42:44.153: 127 avg_steps: 1470.2
2024-05-06 19:42:44.153: 127 epsilon: 0.1
2024-05-06 19:56:49.931: 128 test start:
2024-05-06 19:57:11.671: 128 avg_reward: 3321.0
2024-05-06 19:57:11.671: 128 avg_steps: 1091.8
2024-05-06 19:57:11.671: 128 epsilon: 0.1
2024-05-06 20:11:17.558: 129 test start:
2024-05-06 20:11:35.463: 129 avg_reward: 2531.5
2024-05-06 20:11:35.463: 129 avg_steps: 902.2
2024-05-06 20:11:35.463: 129 epsilon: 0.1
2024-05-06 20:25:36.587: 130 test start:
2024-05-06 20:25:56.597: 130 avg_reward: 3607.0
2024-05-06 20:25:56.597: 130 avg_steps: 995.0
2024-05-06 20:25:56.597: 130 epsilon: 0.1
2024-05-06 20:40:06.610: 131 test start:
2024-05-06 20:40:26.634: 131 avg_reward: 3044.5
2024-05-06 20:40:26.634: 131 avg_steps: 1009.4
2024-05-06 20:40:26.634: 131 epsilon: 0.1
2024-05-06 20:54:16.375: 132 test start:
2024-05-06 20:54:36.204: 132 avg_reward: 2861.0
2024-05-06 20:54:36.204: 132 avg_steps: 997.4
2024-05-06 20:54:36.204: 132 epsilon: 0.1
2024-05-06 21:08:44.846: 133 test start:
2024-05-06 21:09:29.576: 133 avg_reward: 3245.5
2024-05-06 21:09:29.576: 133 avg_steps: 2232.85
2024-05-06 21:09:29.576: 133 epsilon: 0.1
2024-05-06 21:23:38.364: 134 test start:
2024-05-06 21:23:58.725: 134 avg_reward: 3209.0
2024-05-06 21:23:58.725: 134 avg_steps: 1028.6
2024-05-06 21:23:58.725: 134 epsilon: 0.1
2024-05-06 21:37:56.032: 135 test start:
2024-05-06 21:38:14.295: 135 avg_reward: 2601.0
2024-05-06 21:38:14.295: 135 avg_steps: 916.6
2024-05-06 21:38:14.295: 135 epsilon: 0.1
2024-05-06 21:52:12.721: 136 test start:
2024-05-06 21:52:30.027: 136 avg_reward: 2466.5
2024-05-06 21:52:30.027: 136 avg_steps: 867.0
2024-05-06 21:52:30.027: 136 epsilon: 0.1
2024-05-06 22:06:19.731: 137 test start:
2024-05-06 22:07:04.557: 137 avg_reward: 3235.0
2024-05-06 22:07:04.557: 137 avg_steps: 2274.45
2024-05-06 22:07:04.557: 137 epsilon: 0.1
2024-05-06 22:21:14.541: 138 test start:
2024-05-06 22:21:31.383: 138 avg_reward: 2192.5
2024-05-06 22:21:31.383: 138 avg_steps: 846.2
2024-05-06 22:21:31.383: 138 epsilon: 0.1
2024-05-06 22:35:27.342: 139 test start:
2024-05-06 22:36:14.563: 139 avg_reward: 3500.5
2024-05-06 22:36:14.563: 139 avg_steps: 2382.45
2024-05-06 22:36:14.563: 139 epsilon: 0.1
2024-05-06 22:50:09.764: 140 test start:
2024-05-06 22:50:32.801: 140 avg_reward: 3489.5
2024-05-06 22:50:32.801: 140 avg_steps: 1162.2
2024-05-06 22:50:32.801: 140 epsilon: 0.1
2024-05-06 23:04:51.268: 141 test start:
2024-05-06 23:05:38.236: 141 avg_reward: 3646.0
2024-05-06 23:05:38.236: 141 avg_steps: 2388.05
2024-05-06 23:05:38.236: 141 epsilon: 0.1
2024-05-06 23:21:46.894: 142 test start:
2024-05-06 23:23:00.574: 142 avg_reward: 3058.0
2024-05-06 23:23:00.574: 142 avg_steps: 3737.65
2024-05-06 23:23:00.574: 142 epsilon: 0.1
2024-05-06 23:34:49.478: 143 test start:
2024-05-06 23:35:11.282: 143 avg_reward: 2815.5
2024-05-06 23:35:11.282: 143 avg_steps: 1094.2
2024-05-06 23:35:11.282: 143 epsilon: 0.1
2024-05-06 23:49:03.764: 144 test start:
2024-05-06 23:49:26.925: 144 avg_reward: 3231.0
2024-05-06 23:49:26.925: 144 avg_steps: 1159.8
2024-05-06 23:49:26.925: 144 epsilon: 0.1
2024-05-07 00:03:20.794: 145 test start:
2024-05-07 00:03:40.640: 145 avg_reward: 3227.5
2024-05-07 00:03:40.640: 145 avg_steps: 998.2
2024-05-07 00:03:40.640: 145 epsilon: 0.1
2024-05-07 00:18:03.477: 146 test start:
2024-05-07 00:18:46.591: 146 avg_reward: 2378.5
2024-05-07 00:18:46.591: 146 avg_steps: 2179.25
2024-05-07 00:18:46.591: 146 epsilon: 0.1
2024-05-07 00:32:48.798: 147 test start:
2024-05-07 00:33:11.727: 147 avg_reward: 3291.0
2024-05-07 00:33:11.727: 147 avg_steps: 1156.6
2024-05-07 00:33:11.727: 147 epsilon: 0.1
2024-05-07 00:48:26.637: 148 test start:
2024-05-07 00:48:46.706: 148 avg_reward: 3321.5
2024-05-07 00:48:46.706: 148 avg_steps: 1010.2
2024-05-07 00:48:46.706: 148 epsilon: 0.1
2024-05-07 01:01:44.002: 149 test start:
2024-05-07 01:02:03.244: 149 avg_reward: 2630.5
2024-05-07 01:02:03.244: 149 avg_steps: 974.2
2024-05-07 01:02:03.244: 149 epsilon: 0.1
2024-05-07 01:15:57.143: 150 test start:
2024-05-07 01:16:42.141: 150 avg_reward: 3077.0
2024-05-07 01:16:42.141: 150 avg_steps: 2276.05
2024-05-07 01:16:42.142: 150 epsilon: 0.1
2024-05-07 01:30:56.871: 151 test start:
2024-05-07 01:31:23.083: 151 avg_reward: 3149.0
2024-05-07 01:31:23.083: 151 avg_steps: 1319.0
2024-05-07 01:31:23.083: 151 epsilon: 0.1
2024-05-07 01:45:22.121: 152 test start:
2024-05-07 01:45:41.293: 152 avg_reward: 2983.0
2024-05-07 01:45:41.293: 152 avg_steps: 966.2
2024-05-07 01:45:41.293: 152 epsilon: 0.1
2024-05-07 01:59:34.998: 153 test start:
2024-05-07 01:59:56.326: 153 avg_reward: 3326.0
2024-05-07 01:59:56.326: 153 avg_steps: 1066.2
2024-05-07 01:59:56.326: 153 epsilon: 0.1
2024-05-07 02:14:07.543: 154 test start:
2024-05-07 02:14:30.277: 154 avg_reward: 3696.5
2024-05-07 02:14:30.277: 154 avg_steps: 1137.4
2024-05-07 02:14:30.277: 154 epsilon: 0.1
2024-05-07 02:28:17.022: 155 test start:
2024-05-07 02:28:36.901: 155 avg_reward: 2786.0
2024-05-07 02:28:36.901: 155 avg_steps: 995.8
2024-05-07 02:28:36.901: 155 epsilon: 0.1
2024-05-07 02:42:52.854: 156 test start:
2024-05-07 02:43:13.310: 156 avg_reward: 3227.5
2024-05-07 02:43:13.310: 156 avg_steps: 1030.2
2024-05-07 02:43:13.310: 156 epsilon: 0.1
2024-05-07 02:57:09.800: 157 test start:
2024-05-07 02:57:28.919: 157 avg_reward: 3005.0
2024-05-07 02:57:28.919: 157 avg_steps: 961.4
2024-05-07 02:57:28.919: 157 epsilon: 0.1
2024-05-07 03:11:28.986: 158 test start:
2024-05-07 03:11:49.765: 158 avg_reward: 3243.0
2024-05-07 03:11:49.765: 158 avg_steps: 1031.0
2024-05-07 03:11:49.765: 158 epsilon: 0.1
2024-05-07 03:25:59.544: 159 test start:
2024-05-07 03:26:18.909: 159 avg_reward: 3170.5
2024-05-07 03:26:18.909: 159 avg_steps: 978.2
2024-05-07 03:26:18.909: 159 epsilon: 0.1
2024-05-07 03:39:57.730: 160 test start:
2024-05-07 03:40:15.614: 160 avg_reward: 2616.0
2024-05-07 03:40:15.614: 160 avg_steps: 899.0
2024-05-07 03:40:15.614: 160 epsilon: 0.1
2024-05-07 03:54:23.387: 161 test start:
2024-05-07 03:55:08.897: 161 avg_reward: 2965.0
2024-05-07 03:55:08.897: 161 avg_steps: 2272.85
2024-05-07 03:55:08.897: 161 epsilon: 0.1
2024-05-07 04:09:18.688: 162 test start:
2024-05-07 04:09:38.766: 162 avg_reward: 3342.0
2024-05-07 04:09:38.766: 162 avg_steps: 1006.2
2024-05-07 04:09:38.766: 162 epsilon: 0.1
2024-05-07 04:23:25.077: 163 test start:
2024-05-07 04:23:42.705: 163 avg_reward: 2553.5
2024-05-07 04:23:42.706: 163 avg_steps: 882.2
2024-05-07 04:23:42.706: 163 epsilon: 0.1
2024-05-07 04:37:56.737: 164 test start:
2024-05-07 04:38:20.154: 164 avg_reward: 3435.5
2024-05-07 04:38:20.154: 164 avg_steps: 1167.8
2024-05-07 04:38:20.155: 164 epsilon: 0.1
2024-05-07 04:52:09.622: 165 test start:
2024-05-07 04:53:45.570: 165 avg_reward: 2988.5
2024-05-07 04:53:45.570: 165 avg_steps: 4844.55
2024-05-07 04:53:45.570: 165 epsilon: 0.1
2024-05-07 05:07:45.903: 166 test start:
2024-05-07 05:08:05.285: 166 avg_reward: 2667.0
2024-05-07 05:08:05.285: 166 avg_steps: 967.8
2024-05-07 05:08:05.285: 166 epsilon: 0.1
2024-05-07 05:22:08.213: 167 test start:
2024-05-07 05:22:28.811: 167 avg_reward: 3212.5
2024-05-07 05:22:28.811: 167 avg_steps: 1036.6
2024-05-07 05:22:28.811: 167 epsilon: 0.1
2024-05-07 05:36:20.504: 168 test start:
2024-05-07 05:36:40.457: 168 avg_reward: 2782.5
2024-05-07 05:36:40.457: 168 avg_steps: 1011.8
2024-05-07 05:36:40.457: 168 epsilon: 0.1
2024-05-07 05:50:43.223: 169 test start:
2024-05-07 05:51:25.732: 169 avg_reward: 3106.5
2024-05-07 05:51:25.732: 169 avg_steps: 2150.2
2024-05-07 05:51:25.732: 169 epsilon: 0.1
2024-05-07 06:05:30.529: 170 test start:
2024-05-07 06:05:49.927: 170 avg_reward: 2570.0
2024-05-07 06:05:49.927: 170 avg_steps: 970.2
2024-05-07 06:05:49.927: 170 epsilon: 0.1
2024-05-07 06:19:56.853: 171 test start:
2024-05-07 06:20:16.959: 171 avg_reward: 3431.5
2024-05-07 06:20:16.959: 171 avg_steps: 1012.6
2024-05-07 06:20:16.959: 171 epsilon: 0.1
2024-05-07 06:34:31.193: 172 test start:
2024-05-07 06:35:14.866: 172 avg_reward: 2908.0
2024-05-07 06:35:14.866: 172 avg_steps: 2204.85
2024-05-07 06:35:14.866: 172 epsilon: 0.1
2024-05-07 06:49:07.713: 173 test start:
2024-05-07 06:49:51.643: 173 avg_reward: 3261.0
2024-05-07 06:49:51.643: 173 avg_steps: 2224.6
2024-05-07 06:49:51.643: 173 epsilon: 0.1
2024-05-07 07:06:44.794: 174 test start:
2024-05-07 07:08:48.694: 174 avg_reward: 3598.0
2024-05-07 07:08:48.694: 174 avg_steps: 6236.8
2024-05-07 07:08:48.694: 174 epsilon: 0.1
2024-05-07 07:20:20.769: 175 test start:
2024-05-07 07:20:39.852: 175 avg_reward: 2900.0
2024-05-07 07:20:39.853: 175 avg_steps: 962.2
2024-05-07 07:20:39.853: 175 epsilon: 0.1
2024-05-07 07:34:26.424: 176 test start:
2024-05-07 07:35:12.922: 176 avg_reward: 3225.0
2024-05-07 07:35:12.922: 176 avg_steps: 2329.65
2024-05-07 07:35:12.922: 176 epsilon: 0.1
2024-05-07 07:49:47.587: 177 test start:
2024-05-07 07:50:05.494: 177 avg_reward: 2184.5
2024-05-07 07:50:05.494: 177 avg_steps: 887.8
2024-05-07 07:50:05.494: 177 epsilon: 0.1
2024-05-07 08:03:55.547: 178 test start:
2024-05-07 08:04:40.509: 178 avg_reward: 2419.5
2024-05-07 08:04:40.509: 178 avg_steps: 2249.65
2024-05-07 08:04:40.509: 178 epsilon: 0.1
2024-05-07 08:18:42.509: 179 test start:
2024-05-07 08:19:04.137: 179 avg_reward: 3318.0
2024-05-07 08:19:04.137: 179 avg_steps: 1089.4
2024-05-07 08:19:04.137: 179 epsilon: 0.1
2024-05-07 08:33:10.966: 180 test start:
2024-05-07 08:33:30.024: 180 avg_reward: 3258.0
2024-05-07 08:33:30.024: 180 avg_steps: 957.4
2024-05-07 08:33:30.024: 180 epsilon: 0.1
2024-05-07 08:47:23.598: 181 test start:
2024-05-07 08:47:42.144: 181 avg_reward: 2831.0
2024-05-07 08:47:42.144: 181 avg_steps: 927.0
2024-05-07 08:47:42.144: 181 epsilon: 0.1
2024-05-07 09:01:23.696: 182 test start:
2024-05-07 09:01:42.957: 182 avg_reward: 3234.5
2024-05-07 09:01:42.957: 182 avg_steps: 1087.0
2024-05-07 09:01:42.957: 182 epsilon: 0.1
2024-05-07 09:14:27.828: 183 test start:
2024-05-07 09:15:54.425: 183 avg_reward: 3400.5
2024-05-07 09:15:54.425: 183 avg_steps: 4908.55
2024-05-07 09:15:54.425: 183 epsilon: 0.1
2024-05-07 09:28:53.609: 184 test start:
2024-05-07 09:29:11.925: 184 avg_reward: 2751.5
2024-05-07 09:29:11.925: 184 avg_steps: 1024.6
2024-05-07 09:29:11.925: 184 epsilon: 0.1
2024-05-07 09:42:33.203: 185 test start:
2024-05-07 09:42:49.522: 185 avg_reward: 2813.0
2024-05-07 09:42:49.522: 185 avg_steps: 918.2
2024-05-07 09:42:49.522: 185 epsilon: 0.1
2024-05-07 09:55:40.631: 186 test start:
2024-05-07 09:55:58.018: 186 avg_reward: 2934.0
2024-05-07 09:55:58.018: 186 avg_steps: 959.0
2024-05-07 09:55:58.018: 186 epsilon: 0.1
2024-05-07 10:08:58.365: 187 test start:
2024-05-07 10:09:15.482: 187 avg_reward: 2496.5
2024-05-07 10:09:15.482: 187 avg_steps: 955.8
2024-05-07 10:09:15.482: 187 epsilon: 0.1
2024-05-07 10:24:42.025: 188 test start:
2024-05-07 10:24:58.474: 188 avg_reward: 2881.5
2024-05-07 10:24:58.474: 188 avg_steps: 927.8
2024-05-07 10:24:58.474: 188 epsilon: 0.1
2024-05-07 10:36:32.061: 189 test start:
2024-05-07 10:36:49.353: 189 avg_reward: 2878.5
2024-05-07 10:36:49.353: 189 avg_steps: 974.2
2024-05-07 10:36:49.353: 189 epsilon: 0.1
2024-05-07 10:48:35.921: 190 test start:
2024-05-07 10:50:02.144: 190 avg_reward: 3378.0
2024-05-07 10:50:02.145: 190 avg_steps: 4894.95
2024-05-07 10:50:02.145: 190 epsilon: 0.1
2024-05-07 11:02:53.326: 191 test start:
2024-05-07 11:03:10.571: 191 avg_reward: 3088.0
2024-05-07 11:03:10.571: 191 avg_steps: 957.4
2024-05-07 11:03:10.571: 191 epsilon: 0.1
2024-05-07 11:16:09.510: 192 test start:
2024-05-07 11:16:26.746: 192 avg_reward: 3297.5
2024-05-07 11:16:26.746: 192 avg_steps: 963.0
2024-05-07 11:16:26.746: 192 epsilon: 0.1
2024-05-07 11:29:45.858: 193 test start:
2024-05-07 11:30:04.891: 193 avg_reward: 3298.5
2024-05-07 11:30:04.891: 193 avg_steps: 1058.2
2024-05-07 11:30:04.891: 193 epsilon: 0.1
2024-05-07 11:44:39.609: 194 test start:
2024-05-07 11:45:43.169: 194 avg_reward: 3507.5
2024-05-07 11:45:43.170: 194 avg_steps: 3588.3
2024-05-07 11:45:43.170: 194 epsilon: 0.1
2024-05-07 12:00:20.138: 195 test start:
2024-05-07 12:00:37.843: 195 avg_reward: 3460.0
2024-05-07 12:00:37.844: 195 avg_steps: 991.8
2024-05-07 12:00:37.844: 195 epsilon: 0.1
2024-05-07 12:11:01.071: 196 test start:
2024-05-07 12:11:18.749: 196 avg_reward: 3200.5
2024-05-07 12:11:18.749: 196 avg_steps: 989.4
2024-05-07 12:11:18.749: 196 epsilon: 0.1
2024-05-07 12:24:11.813: 197 test start:
2024-05-07 12:24:29.153: 197 avg_reward: 2666.5
2024-05-07 12:24:29.153: 197 avg_steps: 969.4
2024-05-07 12:24:29.153: 197 epsilon: 0.1
2024-05-07 12:38:00.199: 198 test start:
2024-05-07 12:38:42.094: 198 avg_reward: 3491.5
2024-05-07 12:38:42.094: 198 avg_steps: 2340.85
2024-05-07 12:38:42.094: 198 epsilon: 0.1
2024-05-07 12:53:17.118: 199 test start:
2024-05-07 12:53:33.499: 199 avg_reward: 2373.5
2024-05-07 12:53:33.499: 199 avg_steps: 912.6
2024-05-07 12:53:33.499: 199 epsilon: 0.1
2024-05-07 13:05:16.125: 200 test start:
2024-05-07 13:05:32.122: 200 avg_reward: 2665.5
2024-05-07 13:05:32.122: 200 avg_steps: 895.0
2024-05-07 13:05:32.122: 200 epsilon: 0.1
2024-05-07 13:18:41.464: 201 test start:
2024-05-07 13:18:57.754: 201 avg_reward: 2760.0
2024-05-07 13:18:57.755: 201 avg_steps: 906.2
2024-05-07 13:18:57.755: 201 epsilon: 0.1
2024-05-07 13:31:50.546: 202 test start:
2024-05-07 13:32:08.964: 202 avg_reward: 3172.5
2024-05-07 13:32:08.964: 202 avg_steps: 1018.2
2024-05-07 13:32:08.964: 202 epsilon: 0.1
2024-05-07 13:45:44.170: 203 test start:
2024-05-07 13:46:01.498: 203 avg_reward: 3066.0
2024-05-07 13:46:01.499: 203 avg_steps: 971.8
2024-05-07 13:46:01.499: 203 epsilon: 0.1
2024-05-07 13:59:29.399: 204 test start:
2024-05-07 13:59:54.026: 204 avg_reward: 3480.0
2024-05-07 13:59:54.026: 204 avg_steps: 1367.8
2024-05-07 13:59:54.026: 204 epsilon: 0.1
2024-05-07 14:15:07.696: 205 test start:
2024-05-07 14:15:25.952: 205 avg_reward: 3515.5
2024-05-07 14:15:25.952: 205 avg_steps: 1022.2
2024-05-07 14:15:25.952: 205 epsilon: 0.1
2024-05-07 14:27:14.699: 206 test start:
2024-05-07 14:27:54.694: 206 avg_reward: 3327.5
2024-05-07 14:27:54.694: 206 avg_steps: 2250.45
2024-05-07 14:27:54.694: 206 epsilon: 0.1
2024-05-07 14:39:47.391: 207 test start:
2024-05-07 14:40:03.003: 207 avg_reward: 2442.5
2024-05-07 14:40:03.003: 207 avg_steps: 875.8
2024-05-07 14:40:03.003: 207 epsilon: 0.1
2024-05-07 14:52:55.649: 208 test start:
2024-05-07 14:53:35.985: 208 avg_reward: 3062.0
2024-05-07 14:53:35.985: 208 avg_steps: 2265.65
2024-05-07 14:53:35.985: 208 epsilon: 0.1
2024-05-07 15:06:22.066: 209 test start:
2024-05-07 15:06:39.118: 209 avg_reward: 3241.0
2024-05-07 15:06:39.118: 209 avg_steps: 959.0
2024-05-07 15:06:39.118: 209 epsilon: 0.1
2024-05-07 15:19:38.337: 210 test start:
2024-05-07 15:19:55.825: 210 avg_reward: 3093.5
2024-05-07 15:19:55.825: 210 avg_steps: 984.6
2024-05-07 15:19:55.825: 210 epsilon: 0.1
2024-05-07 15:32:40.645: 211 test start:
2024-05-07 15:32:57.298: 211 avg_reward: 2561.0
2024-05-07 15:32:57.298: 211 avg_steps: 924.6
2024-05-07 15:32:57.298: 211 epsilon: 0.1
2024-05-07 15:45:49.729: 212 test start:
2024-05-07 15:46:07.043: 212 avg_reward: 3344.5
2024-05-07 15:46:07.043: 212 avg_steps: 975.8
2024-05-07 15:46:07.043: 212 epsilon: 0.1
2024-05-07 15:59:10.010: 213 test start:
2024-05-07 15:59:48.823: 213 avg_reward: 3116.5
2024-05-07 15:59:48.824: 213 avg_steps: 2198.45
2024-05-07 15:59:48.824: 213 epsilon: 0.1
2024-05-07 16:12:31.289: 214 test start:
2024-05-07 16:13:11.640: 214 avg_reward: 2973.5
2024-05-07 16:13:11.640: 214 avg_steps: 2220.85
2024-05-07 16:13:11.640: 214 epsilon: 0.1
2024-05-07 16:26:12.028: 215 test start:
2024-05-07 16:26:28.433: 215 avg_reward: 2841.5
2024-05-07 16:26:28.433: 215 avg_steps: 907.8
2024-05-07 16:26:28.433: 215 epsilon: 0.1
2024-05-07 16:39:46.457: 216 test start:
2024-05-07 16:40:04.264: 216 avg_reward: 3195.0
2024-05-07 16:40:04.264: 216 avg_steps: 994.2
2024-05-07 16:40:04.264: 216 epsilon: 0.1
2024-05-07 16:53:12.752: 217 test start:
2024-05-07 16:53:52.818: 217 avg_reward: 3053.0
2024-05-07 16:53:52.818: 217 avg_steps: 2260.05
2024-05-07 16:53:52.818: 217 epsilon: 0.1
2024-05-07 17:07:25.881: 218 test start:
2024-05-07 17:08:04.698: 218 avg_reward: 2135.0
2024-05-07 17:08:04.699: 218 avg_steps: 2172.85
2024-05-07 17:08:04.699: 218 epsilon: 0.1
2024-05-07 17:21:11.550: 219 test start:
2024-05-07 17:21:29.038: 219 avg_reward: 3044.5
2024-05-07 17:21:29.038: 219 avg_steps: 969.4
2024-05-07 17:21:29.038: 219 epsilon: 0.1
2024-05-07 17:33:34.244: 220 test start:
2024-05-07 17:34:12.445: 220 avg_reward: 2439.0
2024-05-07 17:34:12.445: 220 avg_steps: 2159.25
2024-05-07 17:34:12.445: 220 epsilon: 0.1
2024-05-07 17:47:33.513: 221 test start:
2024-05-07 17:47:48.792: 221 avg_reward: 2522.5
2024-05-07 17:47:48.792: 221 avg_steps: 860.6
2024-05-07 17:47:48.792: 221 epsilon: 0.1
2024-05-07 18:00:31.563: 222 test start:
2024-05-07 18:00:49.384: 222 avg_reward: 3252.5
2024-05-07 18:00:49.385: 222 avg_steps: 991.8
2024-05-07 18:00:49.385: 222 epsilon: 0.1
2024-05-07 18:13:45.156: 223 test start:
2024-05-07 18:14:01.523: 223 avg_reward: 2771.5
2024-05-07 18:14:01.523: 223 avg_steps: 915.0
2024-05-07 18:14:01.523: 223 epsilon: 0.1
2024-05-07 18:27:13.995: 224 test start:
2024-05-07 18:27:31.477: 224 avg_reward: 2921.5
2024-05-07 18:27:31.477: 224 avg_steps: 990.2
2024-05-07 18:27:31.477: 224 epsilon: 0.1
2024-05-07 18:40:12.941: 225 test start:
2024-05-07 18:40:31.062: 225 avg_reward: 3218.0
2024-05-07 18:40:31.062: 225 avg_steps: 1017.4
2024-05-07 18:40:31.062: 225 epsilon: 0.1
2024-05-07 18:53:41.284: 226 test start:
2024-05-07 18:53:57.722: 226 avg_reward: 3040.0
2024-05-07 18:53:57.722: 226 avg_steps: 909.4
2024-05-07 18:53:57.722: 226 epsilon: 0.1
2024-05-07 19:06:39.791: 227 test start:
2024-05-07 19:06:55.639: 227 avg_reward: 3048.5
2024-05-07 19:06:55.640: 227 avg_steps: 880.6
2024-05-07 19:06:55.640: 227 epsilon: 0.1
2024-05-07 19:20:13.928: 228 test start:
2024-05-07 19:20:29.558: 228 avg_reward: 2647.0
2024-05-07 19:20:29.559: 228 avg_steps: 867.0
2024-05-07 19:20:29.559: 228 epsilon: 0.1
2024-05-07 19:33:33.300: 229 test start:
2024-05-07 19:33:48.776: 229 avg_reward: 2478.0
2024-05-07 19:33:48.776: 229 avg_steps: 870.2
2024-05-07 19:33:48.776: 229 epsilon: 0.1
2024-05-07 19:46:42.351: 230 test start:
2024-05-07 19:46:57.359: 230 avg_reward: 1680.0
2024-05-07 19:46:57.359: 230 avg_steps: 842.2
2024-05-07 19:46:57.359: 230 epsilon: 0.1
2024-05-07 20:00:21.200: 231 test start:
2024-05-07 20:00:47.615: 231 avg_reward: 3125.0
2024-05-07 20:00:47.615: 231 avg_steps: 1481.4
2024-05-07 20:00:47.615: 231 epsilon: 0.1
2024-05-07 20:13:29.196: 232 test start:
2024-05-07 20:13:44.507: 232 avg_reward: 2627.5
2024-05-07 20:13:44.507: 232 avg_steps: 853.4
2024-05-07 20:13:44.507: 232 epsilon: 0.1
2024-05-07 20:26:53.857: 233 test start:
2024-05-07 20:27:12.129: 233 avg_reward: 3158.0
2024-05-07 20:27:12.129: 233 avg_steps: 1008.6
2024-05-07 20:27:12.129: 233 epsilon: 0.1
2024-05-07 20:42:52.501: 234 test start:
2024-05-07 20:43:20.664: 234 avg_reward: 3216.5
2024-05-07 20:43:20.665: 234 avg_steps: 1595.8
2024-05-07 20:43:20.665: 234 epsilon: 0.1
2024-05-07 20:53:39.195: 235 test start:
2024-05-07 20:53:56.600: 235 avg_reward: 2996.0
2024-05-07 20:53:56.600: 235 avg_steps: 971.8
2024-05-07 20:53:56.600: 235 epsilon: 0.1
2024-05-07 21:06:51.997: 236 test start:
2024-05-07 21:07:09.851: 236 avg_reward: 3564.0
2024-05-07 21:07:09.851: 236 avg_steps: 990.2
2024-05-07 21:07:09.851: 236 epsilon: 0.1
2024-05-07 21:20:09.601: 237 test start:
2024-05-07 21:20:27.948: 237 avg_reward: 3033.0
2024-05-07 21:20:27.948: 237 avg_steps: 1032.6
2024-05-07 21:20:27.948: 237 epsilon: 0.1
2024-05-07 21:33:38.796: 238 test start:
2024-05-07 21:34:17.802: 238 avg_reward: 2645.5
2024-05-07 21:34:17.803: 238 avg_steps: 2171.25
2024-05-07 21:34:17.803: 238 epsilon: 0.1
2024-05-07 21:47:41.669: 239 test start:
2024-05-07 21:47:57.534: 239 avg_reward: 2562.5
2024-05-07 21:47:57.534: 239 avg_steps: 899.0
2024-05-07 21:47:57.534: 239 epsilon: 0.1
2024-05-07 22:00:39.039: 240 test start:
2024-05-07 22:00:56.625: 240 avg_reward: 2895.5
2024-05-07 22:00:56.625: 240 avg_steps: 970.2
2024-05-07 22:00:56.625: 240 epsilon: 0.1
2024-05-07 22:14:19.803: 241 test start:
2024-05-07 22:14:34.996: 241 avg_reward: 2540.0
2024-05-07 22:14:34.997: 241 avg_steps: 851.8
2024-05-07 22:14:34.997: 241 epsilon: 0.1
2024-05-07 22:27:16.827: 242 test start:
2024-05-07 22:27:34.419: 242 avg_reward: 3474.5
2024-05-07 22:27:34.419: 242 avg_steps: 981.4
2024-05-07 22:27:34.419: 242 epsilon: 0.1
