2024-05-05 09:02:42.999: 
parameters:agent_saving_period: 80000
agent_test_episodes: 20
batch_num_per_epoch: 100000
device: cuda:0
env_name: ALE/Kangaroo-v5
epsilon_for_test: 0.05
epsilon_max: 1.0
epsilon_min: 0.1
exploration_steps: 1000000
gamma: 0.99
input_frame_height: 84
input_frame_width: 84
learning_rate: 1.0e-05
log_path: ../exps/dueling_dqn/
mini_batch_size: 32
no_op: 30
phi_channel: 4
replay_buffer_size: 200000
replay_start_size: 10000
save_path: ./exps/
skip_k_frame: 4
step_c: 10000
training_steps: 50000000

2024-05-05 09:14:50.886: 1 test start:
2024-05-05 09:15:06.044: 1 avg_reward: 360.0
2024-05-05 09:15:06.044: 1 avg_steps: 530.2
2024-05-05 09:15:06.044: 1 epsilon: 0.9238879
2024-05-05 09:29:59.384: 2 test start:
2024-05-05 09:30:09.163: 2 avg_reward: 30.0
2024-05-05 09:30:09.163: 2 avg_steps: 410.7
2024-05-05 09:30:09.163: 2 epsilon: 0.8392933
2024-05-05 13:45:49.738: 3 test start:
2024-05-05 13:46:02.145: 3 avg_reward: 350.0
2024-05-05 13:46:02.145: 3 avg_steps: 584.2
2024-05-05 13:46:02.145: 3 epsilon: 0.7547364999999999
2024-05-05 14:00:08.743: 4 test start:
2024-05-05 14:00:15.200: 4 avg_reward: 20.0
2024-05-05 14:00:15.200: 4 avg_steps: 304.8
2024-05-05 14:00:15.200: 4 epsilon: 0.6709555
2024-05-05 14:14:25.492: 5 test start:
2024-05-05 14:14:36.013: 5 avg_reward: 180.0
2024-05-05 14:14:36.013: 5 avg_steps: 497.3
2024-05-05 14:14:36.013: 5 epsilon: 0.5868918999999999
2024-05-05 14:28:42.274: 6 test start:
2024-05-05 14:28:50.641: 6 avg_reward: 20.0
2024-05-05 14:28:50.641: 6 avg_steps: 394.6
2024-05-05 14:28:50.641: 6 epsilon: 0.5027212
2024-05-05 14:42:57.972: 7 test start:
2024-05-05 14:43:08.402: 7 avg_reward: 140.0
2024-05-05 14:43:08.402: 7 avg_steps: 493.3
2024-05-05 14:43:08.402: 7 epsilon: 0.4187295999999999
2024-05-05 14:57:20.254: 8 test start:
2024-05-05 14:57:26.544: 8 avg_reward: 20.0
2024-05-05 14:57:26.544: 8 avg_steps: 293.05
2024-05-05 14:57:26.544: 8 epsilon: 0.33499539999999994
2024-05-05 15:11:34.390: 9 test start:
2024-05-05 15:11:43.326: 9 avg_reward: 290.0
2024-05-05 15:11:43.326: 9 avg_steps: 422.85
2024-05-05 15:11:43.326: 9 epsilon: 0.2510551
2024-05-05 15:25:51.506: 10 test start:
2024-05-05 15:26:04.391: 10 avg_reward: 560.0
2024-05-05 15:26:04.391: 10 avg_steps: 601.05
2024-05-05 15:26:04.391: 10 epsilon: 0.1661634999999999
2024-05-05 15:40:16.767: 11 test start:
2024-05-05 15:40:26.520: 11 avg_reward: 500.0
2024-05-05 15:40:26.520: 11 avg_steps: 467.0
2024-05-05 15:40:26.520: 11 epsilon: 0.1
2024-05-05 15:54:31.878: 12 test start:
2024-05-05 15:54:42.444: 12 avg_reward: 750.0
2024-05-05 15:54:42.444: 12 avg_steps: 497.15
2024-05-05 15:54:42.444: 12 epsilon: 0.1
2024-05-05 16:08:56.993: 13 test start:
2024-05-05 16:09:11.111: 13 avg_reward: 1290.0
2024-05-05 16:09:11.111: 13 avg_steps: 667.75
2024-05-05 16:09:11.111: 13 epsilon: 0.1
2024-05-05 16:23:23.857: 14 test start:
2024-05-05 16:23:37.936: 14 avg_reward: 1360.0
2024-05-05 16:23:37.936: 14 avg_steps: 665.05
2024-05-05 16:23:37.936: 14 epsilon: 0.1
2024-05-05 16:37:45.797: 15 test start:
2024-05-05 16:37:59.696: 15 avg_reward: 1250.0
2024-05-05 16:37:59.696: 15 avg_steps: 645.95
2024-05-05 16:37:59.696: 15 epsilon: 0.1
2024-05-05 16:52:18.699: 16 test start:
2024-05-05 16:52:32.077: 16 avg_reward: 1260.0
2024-05-05 16:52:32.077: 16 avg_steps: 627.85
2024-05-05 16:52:32.077: 16 epsilon: 0.1
2024-05-05 17:06:40.579: 17 test start:
2024-05-05 17:06:54.744: 17 avg_reward: 1420.0
2024-05-05 17:06:54.745: 17 avg_steps: 668.5
2024-05-05 17:06:54.745: 17 epsilon: 0.1
2024-05-05 17:21:10.000: 18 test start:
2024-05-05 17:21:23.998: 18 avg_reward: 1360.0
2024-05-05 17:21:23.998: 18 avg_steps: 655.85
2024-05-05 17:21:23.998: 18 epsilon: 0.1
2024-05-05 17:35:30.546: 19 test start:
2024-05-05 17:35:44.993: 19 avg_reward: 1410.0
2024-05-05 17:35:44.993: 19 avg_steps: 677.75
2024-05-05 17:35:44.994: 19 epsilon: 0.1
2024-05-05 17:49:56.589: 20 test start:
2024-05-05 17:50:11.057: 20 avg_reward: 1490.0
2024-05-05 17:50:11.057: 20 avg_steps: 677.8
2024-05-05 17:50:11.057: 20 epsilon: 0.1
2024-05-05 18:04:24.713: 21 test start:
2024-05-05 18:04:38.803: 21 avg_reward: 1430.0
2024-05-05 18:04:38.803: 21 avg_steps: 670.5
2024-05-05 18:04:38.803: 21 epsilon: 0.1
2024-05-05 18:18:44.449: 22 test start:
2024-05-05 18:18:58.894: 22 avg_reward: 1560.0
2024-05-05 18:18:58.894: 22 avg_steps: 681.1
2024-05-05 18:18:58.894: 22 epsilon: 0.1
2024-05-05 18:33:08.412: 23 test start:
2024-05-05 18:33:22.515: 23 avg_reward: 1460.0
2024-05-05 18:33:22.516: 23 avg_steps: 669.0
2024-05-05 18:33:22.516: 23 epsilon: 0.1
2024-05-05 18:47:34.476: 24 test start:
2024-05-05 18:47:48.483: 24 avg_reward: 1480.0
2024-05-05 18:47:48.483: 24 avg_steps: 666.85
2024-05-05 18:47:48.483: 24 epsilon: 0.1
2024-05-05 19:01:48.955: 25 test start:
2024-05-05 19:02:02.787: 25 avg_reward: 1440.0
2024-05-05 19:02:02.788: 25 avg_steps: 652.95
2024-05-05 19:02:02.788: 25 epsilon: 0.1
2024-05-05 19:16:08.186: 26 test start:
2024-05-05 19:16:22.555: 26 avg_reward: 1570.0
2024-05-05 19:16:22.555: 26 avg_steps: 681.55
2024-05-05 19:16:22.555: 26 epsilon: 0.1
2024-05-05 19:30:35.026: 27 test start:
2024-05-05 19:30:49.377: 27 avg_reward: 1590.0
2024-05-05 19:30:49.377: 27 avg_steps: 677.45
2024-05-05 19:30:49.377: 27 epsilon: 0.1
2024-05-05 19:44:57.909: 28 test start:
2024-05-05 19:45:12.087: 28 avg_reward: 1490.0
2024-05-05 19:45:12.087: 28 avg_steps: 667.45
2024-05-05 19:45:12.087: 28 epsilon: 0.1
2024-05-05 19:59:21.288: 29 test start:
2024-05-05 19:59:35.152: 29 avg_reward: 1590.0
2024-05-05 19:59:35.152: 29 avg_steps: 659.0
2024-05-05 19:59:35.152: 29 epsilon: 0.1
2024-05-05 20:13:44.997: 30 test start:
2024-05-05 20:13:59.393: 30 avg_reward: 1590.0
2024-05-05 20:13:59.393: 30 avg_steps: 683.55
2024-05-05 20:13:59.393: 30 epsilon: 0.1
2024-05-05 20:28:10.439: 31 test start:
2024-05-05 20:28:24.788: 31 avg_reward: 1460.0
2024-05-05 20:28:24.788: 31 avg_steps: 667.3
2024-05-05 20:28:24.788: 31 epsilon: 0.1
2024-05-05 20:42:47.970: 32 test start:
2024-05-05 20:43:02.735: 32 avg_reward: 1630.0
2024-05-05 20:43:02.735: 32 avg_steps: 687.05
2024-05-05 20:43:02.735: 32 epsilon: 0.1
2024-05-05 20:57:31.891: 33 test start:
2024-05-05 20:57:46.335: 33 avg_reward: 1550.0
2024-05-05 20:57:46.335: 33 avg_steps: 684.45
2024-05-05 20:57:46.335: 33 epsilon: 0.1
2024-05-05 21:11:56.108: 34 test start:
2024-05-05 21:12:10.409: 34 avg_reward: 1490.0
2024-05-05 21:12:10.410: 34 avg_steps: 664.6
2024-05-05 21:12:10.410: 34 epsilon: 0.1
2024-05-05 21:26:41.432: 35 test start:
2024-05-05 21:26:55.810: 35 avg_reward: 1480.0
2024-05-05 21:26:55.810: 35 avg_steps: 673.9
2024-05-05 21:26:55.810: 35 epsilon: 0.1
2024-05-05 21:41:21.694: 36 test start:
2024-05-05 21:41:36.370: 36 avg_reward: 1490.0
2024-05-05 21:41:36.370: 36 avg_steps: 683.35
2024-05-05 21:41:36.370: 36 epsilon: 0.1
2024-05-05 21:55:52.833: 37 test start:
2024-05-05 21:56:07.647: 37 avg_reward: 1360.0
2024-05-05 21:56:07.647: 37 avg_steps: 692.2
2024-05-05 21:56:07.647: 37 epsilon: 0.1
2024-05-05 22:10:35.424: 38 test start:
2024-05-05 22:10:50.631: 38 avg_reward: 1650.0
2024-05-05 22:10:50.631: 38 avg_steps: 718.6
2024-05-05 22:10:50.631: 38 epsilon: 0.1
2024-05-05 22:25:21.461: 39 test start:
2024-05-05 22:25:36.190: 39 avg_reward: 1530.0
2024-05-05 22:25:36.190: 39 avg_steps: 690.25
2024-05-05 22:25:36.190: 39 epsilon: 0.1
2024-05-05 22:39:55.661: 40 test start:
2024-05-05 22:40:12.234: 40 avg_reward: 1600.0
2024-05-05 22:40:12.235: 40 avg_steps: 769.85
2024-05-05 22:40:12.235: 40 epsilon: 0.1
2024-05-05 22:54:39.203: 41 test start:
2024-05-05 22:54:55.711: 41 avg_reward: 1820.0
2024-05-05 22:54:55.711: 41 avg_steps: 788.65
2024-05-05 22:54:55.711: 41 epsilon: 0.1
2024-05-05 23:08:55.982: 42 test start:
2024-05-05 23:09:13.286: 42 avg_reward: 1810.0
2024-05-05 23:09:13.287: 42 avg_steps: 811.8
2024-05-05 23:09:13.287: 42 epsilon: 0.1
2024-05-05 23:23:21.509: 43 test start:
2024-05-05 23:23:38.311: 43 avg_reward: 1720.0
2024-05-05 23:23:38.311: 43 avg_steps: 809.9
2024-05-05 23:23:38.311: 43 epsilon: 0.1
2024-05-05 23:38:00.425: 44 test start:
2024-05-05 23:38:17.794: 44 avg_reward: 1800.0
2024-05-05 23:38:17.794: 44 avg_steps: 813.15
2024-05-05 23:38:17.794: 44 epsilon: 0.1
2024-05-05 23:52:34.551: 45 test start:
2024-05-05 23:52:50.710: 45 avg_reward: 1750.0
2024-05-05 23:52:50.710: 45 avg_steps: 756.65
2024-05-05 23:52:50.710: 45 epsilon: 0.1
2024-05-06 00:07:00.712: 46 test start:
2024-05-06 00:07:20.163: 46 avg_reward: 2030.0
2024-05-06 00:07:20.163: 46 avg_steps: 922.45
2024-05-06 00:07:20.163: 46 epsilon: 0.1
2024-05-06 00:21:49.402: 47 test start:
2024-05-06 00:22:08.883: 47 avg_reward: 2090.0
2024-05-06 00:22:08.883: 47 avg_steps: 928.15
2024-05-06 00:22:08.883: 47 epsilon: 0.1
2024-05-06 00:36:18.502: 48 test start:
2024-05-06 00:36:36.302: 48 avg_reward: 1760.0
2024-05-06 00:36:36.302: 48 avg_steps: 850.0
2024-05-06 00:36:36.302: 48 epsilon: 0.1
2024-05-06 00:50:49.856: 49 test start:
2024-05-06 00:51:10.841: 49 avg_reward: 2200.0
2024-05-06 00:51:10.841: 49 avg_steps: 1002.3
2024-05-06 00:51:10.841: 49 epsilon: 0.1
2024-05-06 01:05:32.255: 50 test start:
2024-05-06 01:05:52.810: 50 avg_reward: 2180.0
2024-05-06 01:05:52.810: 50 avg_steps: 954.75
2024-05-06 01:05:52.810: 50 epsilon: 0.1
2024-05-06 01:19:59.582: 51 test start:
2024-05-06 01:20:20.409: 51 avg_reward: 2220.0
2024-05-06 01:20:20.409: 51 avg_steps: 979.9
2024-05-06 01:20:20.409: 51 epsilon: 0.1
2024-05-06 01:34:29.085: 52 test start:
2024-05-06 01:34:50.250: 52 avg_reward: 2360.0
2024-05-06 01:34:50.250: 52 avg_steps: 996.9
2024-05-06 01:34:50.250: 52 epsilon: 0.1
2024-05-06 01:49:30.196: 53 test start:
2024-05-06 01:49:51.378: 53 avg_reward: 2180.0
2024-05-06 01:49:51.378: 53 avg_steps: 999.85
2024-05-06 01:49:51.378: 53 epsilon: 0.1
2024-05-06 02:04:08.961: 54 test start:
2024-05-06 02:04:31.712: 54 avg_reward: 2355.0
2024-05-06 02:04:31.712: 54 avg_steps: 1063.45
2024-05-06 02:04:31.712: 54 epsilon: 0.1
2024-05-06 02:18:29.217: 55 test start:
2024-05-06 02:18:48.650: 55 avg_reward: 2150.0
2024-05-06 02:18:48.650: 55 avg_steps: 910.6
2024-05-06 02:18:48.650: 55 epsilon: 0.1
2024-05-06 02:33:16.174: 56 test start:
2024-05-06 02:33:36.751: 56 avg_reward: 2040.0
2024-05-06 02:33:36.751: 56 avg_steps: 973.7
2024-05-06 02:33:36.751: 56 epsilon: 0.1
2024-05-06 02:47:41.072: 57 test start:
2024-05-06 02:48:01.966: 57 avg_reward: 2280.0
2024-05-06 02:48:01.967: 57 avg_steps: 997.4
2024-05-06 02:48:01.967: 57 epsilon: 0.1
2024-05-06 03:01:55.843: 58 test start:
2024-05-06 03:02:16.630: 58 avg_reward: 2140.0
2024-05-06 03:02:16.631: 58 avg_steps: 984.0
2024-05-06 03:02:16.631: 58 epsilon: 0.1
2024-05-06 03:16:38.028: 59 test start:
2024-05-06 03:16:57.189: 59 avg_reward: 2060.0
2024-05-06 03:16:57.189: 59 avg_steps: 906.8
2024-05-06 03:16:57.189: 59 epsilon: 0.1
2024-05-06 03:30:47.887: 60 test start:
2024-05-06 03:31:09.599: 60 avg_reward: 2365.0
2024-05-06 03:31:09.599: 60 avg_steps: 1037.75
2024-05-06 03:31:09.599: 60 epsilon: 0.1
2024-05-06 03:45:32.284: 61 test start:
2024-05-06 03:45:52.428: 61 avg_reward: 2080.0
2024-05-06 03:45:52.428: 61 avg_steps: 954.25
2024-05-06 03:45:52.428: 61 epsilon: 0.1
2024-05-06 03:59:52.946: 62 test start:
2024-05-06 04:00:12.094: 62 avg_reward: 1920.0
2024-05-06 04:00:12.094: 62 avg_steps: 899.7
2024-05-06 04:00:12.094: 62 epsilon: 0.1
2024-05-06 04:14:08.830: 63 test start:
2024-05-06 04:14:31.304: 63 avg_reward: 2355.0
2024-05-06 04:14:31.304: 63 avg_steps: 1063.85
2024-05-06 04:14:31.304: 63 epsilon: 0.1
2024-05-06 04:28:47.371: 64 test start:
2024-05-06 04:29:08.934: 64 avg_reward: 2290.0
2024-05-06 04:29:08.934: 64 avg_steps: 1012.35
2024-05-06 04:29:08.934: 64 epsilon: 0.1
2024-05-06 04:42:57.859: 65 test start:
2024-05-06 04:43:17.163: 65 avg_reward: 2030.0
2024-05-06 04:43:17.163: 65 avg_steps: 926.85
2024-05-06 04:43:17.163: 65 epsilon: 0.1
2024-05-06 04:57:21.745: 66 test start:
2024-05-06 04:57:42.270: 66 avg_reward: 2190.0
2024-05-06 04:57:42.270: 66 avg_steps: 975.05
2024-05-06 04:57:42.270: 66 epsilon: 0.1
2024-05-06 05:11:51.345: 67 test start:
2024-05-06 05:12:14.807: 67 avg_reward: 2565.0
2024-05-06 05:12:14.807: 67 avg_steps: 1106.7
2024-05-06 05:12:14.807: 67 epsilon: 0.1
2024-05-06 05:26:14.683: 68 test start:
2024-05-06 05:26:35.129: 68 avg_reward: 2030.0
2024-05-06 05:26:35.129: 68 avg_steps: 957.8
2024-05-06 05:26:35.129: 68 epsilon: 0.1
2024-05-06 05:40:56.926: 69 test start:
2024-05-06 05:41:15.913: 69 avg_reward: 1980.0
2024-05-06 05:41:15.913: 69 avg_steps: 901.2
2024-05-06 05:41:15.913: 69 epsilon: 0.1
2024-05-06 05:55:26.075: 70 test start:
2024-05-06 05:55:45.106: 70 avg_reward: 1950.0
2024-05-06 05:55:45.106: 70 avg_steps: 902.05
2024-05-06 05:55:45.106: 70 epsilon: 0.1
2024-05-06 06:09:46.800: 71 test start:
2024-05-06 06:10:06.935: 71 avg_reward: 2110.0
2024-05-06 06:10:06.935: 71 avg_steps: 956.35
2024-05-06 06:10:06.935: 71 epsilon: 0.1
2024-05-06 06:24:01.466: 72 test start:
2024-05-06 06:24:20.677: 72 avg_reward: 2030.0
2024-05-06 06:24:20.677: 72 avg_steps: 904.85
2024-05-06 06:24:20.677: 72 epsilon: 0.1
2024-05-06 06:38:18.507: 73 test start:
2024-05-06 06:38:37.009: 73 avg_reward: 1980.0
2024-05-06 06:38:37.009: 73 avg_steps: 882.45
2024-05-06 06:38:37.009: 73 epsilon: 0.1
2024-05-06 06:52:43.365: 74 test start:
2024-05-06 06:53:03.760: 74 avg_reward: 2285.0
2024-05-06 06:53:03.760: 74 avg_steps: 968.7
2024-05-06 06:53:03.760: 74 epsilon: 0.1
2024-05-06 07:06:56.830: 75 test start:
2024-05-06 07:07:16.006: 75 avg_reward: 1960.0
2024-05-06 07:07:16.006: 75 avg_steps: 895.4
2024-05-06 07:07:16.006: 75 epsilon: 0.1
2024-05-06 07:21:24.568: 76 test start:
2024-05-06 07:21:44.723: 76 avg_reward: 2130.0
2024-05-06 07:21:44.723: 76 avg_steps: 955.5
2024-05-06 07:21:44.723: 76 epsilon: 0.1
2024-05-06 07:36:08.077: 77 test start:
2024-05-06 07:36:26.034: 77 avg_reward: 1830.0
2024-05-06 07:36:26.034: 77 avg_steps: 855.15
2024-05-06 07:36:26.034: 77 epsilon: 0.1
2024-05-06 07:50:21.383: 78 test start:
2024-05-06 07:50:40.831: 78 avg_reward: 2090.0
2024-05-06 07:50:40.831: 78 avg_steps: 920.1
2024-05-06 07:50:40.831: 78 epsilon: 0.1
2024-05-06 08:05:02.767: 79 test start:
2024-05-06 08:05:21.244: 79 avg_reward: 1980.0
2024-05-06 08:05:21.244: 79 avg_steps: 882.05
2024-05-06 08:05:21.244: 79 epsilon: 0.1
2024-05-06 08:19:32.085: 80 test start:
2024-05-06 08:19:49.399: 80 avg_reward: 1780.0
2024-05-06 08:19:49.399: 80 avg_steps: 814.0
2024-05-06 08:19:49.400: 80 epsilon: 0.1
2024-05-06 08:34:03.957: 81 test start:
2024-05-06 08:34:24.529: 81 avg_reward: 2295.0
2024-05-06 08:34:24.529: 81 avg_steps: 980.75
2024-05-06 08:34:24.529: 81 epsilon: 0.1
2024-05-06 08:48:44.087: 82 test start:
2024-05-06 08:49:03.875: 82 avg_reward: 2230.0
2024-05-06 08:49:03.875: 82 avg_steps: 946.95
2024-05-06 08:49:03.875: 82 epsilon: 0.1
2024-05-06 09:02:56.514: 83 test start:
2024-05-06 09:03:16.046: 83 avg_reward: 2100.0
2024-05-06 09:03:16.046: 83 avg_steps: 920.5
2024-05-06 09:03:16.046: 83 epsilon: 0.1
2024-05-06 09:17:31.396: 84 test start:
2024-05-06 09:17:50.844: 84 avg_reward: 1890.0
2024-05-06 09:17:50.844: 84 avg_steps: 925.15
2024-05-06 09:17:50.844: 84 epsilon: 0.1
2024-05-06 09:32:01.874: 85 test start:
2024-05-06 09:32:22.209: 85 avg_reward: 2070.0
2024-05-06 09:32:22.209: 85 avg_steps: 954.25
2024-05-06 09:32:22.209: 85 epsilon: 0.1
2024-05-06 09:46:10.960: 86 test start:
2024-05-06 09:46:28.645: 86 avg_reward: 1640.0
2024-05-06 09:46:28.646: 86 avg_steps: 845.35
2024-05-06 09:46:28.646: 86 epsilon: 0.1
2024-05-06 10:00:40.609: 87 test start:
2024-05-06 10:00:59.314: 87 avg_reward: 1980.0
2024-05-06 10:00:59.314: 87 avg_steps: 880.3
2024-05-06 10:00:59.314: 87 epsilon: 0.1
2024-05-06 10:14:56.096: 88 test start:
2024-05-06 10:15:15.040: 88 avg_reward: 2010.0
2024-05-06 10:15:15.040: 88 avg_steps: 905.6
2024-05-06 10:15:15.040: 88 epsilon: 0.1
2024-05-06 10:29:29.957: 89 test start:
2024-05-06 10:29:47.357: 89 avg_reward: 1750.0
2024-05-06 10:29:47.357: 89 avg_steps: 830.25
2024-05-06 10:29:47.357: 89 epsilon: 0.1
2024-05-06 10:43:46.224: 90 test start:
2024-05-06 10:44:05.589: 90 avg_reward: 2000.0
2024-05-06 10:44:05.589: 90 avg_steps: 904.25
2024-05-06 10:44:05.589: 90 epsilon: 0.1
2024-05-06 10:58:05.363: 91 test start:
2024-05-06 10:58:25.115: 91 avg_reward: 2080.0
2024-05-06 10:58:25.115: 91 avg_steps: 938.7
2024-05-06 10:58:25.115: 91 epsilon: 0.1
2024-05-06 11:12:41.165: 92 test start:
2024-05-06 11:12:59.978: 92 avg_reward: 1880.0
2024-05-06 11:12:59.978: 92 avg_steps: 882.9
2024-05-06 11:12:59.978: 92 epsilon: 0.1
2024-05-06 11:26:54.373: 93 test start:
2024-05-06 11:27:13.385: 93 avg_reward: 2110.0
2024-05-06 11:27:13.385: 93 avg_steps: 900.3
2024-05-06 11:27:13.385: 93 epsilon: 0.1
2024-05-06 11:41:17.003: 94 test start:
2024-05-06 11:41:36.027: 94 avg_reward: 1930.0
2024-05-06 11:41:36.027: 94 avg_steps: 909.2
2024-05-06 11:41:36.027: 94 epsilon: 0.1
2024-05-06 11:55:52.561: 95 test start:
2024-05-06 11:56:12.026: 95 avg_reward: 2045.0
2024-05-06 11:56:12.026: 95 avg_steps: 914.9
2024-05-06 11:56:12.026: 95 epsilon: 0.1
2024-05-06 12:10:01.276: 96 test start:
2024-05-06 12:10:19.004: 96 avg_reward: 1870.0
2024-05-06 12:10:19.004: 96 avg_steps: 848.15
2024-05-06 12:10:19.004: 96 epsilon: 0.1
2024-05-06 12:24:48.112: 97 test start:
2024-05-06 12:25:07.146: 97 avg_reward: 1910.0
2024-05-06 12:25:07.146: 97 avg_steps: 903.95
2024-05-06 12:25:07.146: 97 epsilon: 0.1
2024-05-06 12:38:58.645: 98 test start:
2024-05-06 12:39:18.103: 98 avg_reward: 1910.0
2024-05-06 12:39:18.103: 98 avg_steps: 910.9
2024-05-06 12:39:18.103: 98 epsilon: 0.1
2024-05-06 12:53:18.922: 99 test start:
2024-05-06 12:53:40.291: 99 avg_reward: 2235.0
2024-05-06 12:53:40.291: 99 avg_steps: 1022.0
2024-05-06 12:53:40.291: 99 epsilon: 0.1
2024-05-06 13:08:07.404: 100 test start:
2024-05-06 13:08:27.912: 100 avg_reward: 2150.0
2024-05-06 13:08:27.912: 100 avg_steps: 961.0
2024-05-06 13:08:27.912: 100 epsilon: 0.1
2024-05-06 13:22:13.287: 101 test start:
2024-05-06 13:22:31.120: 101 avg_reward: 1825.0
2024-05-06 13:22:31.120: 101 avg_steps: 834.4
2024-05-06 13:22:31.120: 101 epsilon: 0.1
2024-05-06 13:36:57.615: 102 test start:
2024-05-06 13:37:16.641: 102 avg_reward: 2030.0
2024-05-06 13:37:16.641: 102 avg_steps: 905.0
2024-05-06 13:37:16.641: 102 epsilon: 0.1
2024-05-06 13:51:29.174: 103 test start:
2024-05-06 13:51:48.200: 103 avg_reward: 1990.0
2024-05-06 13:51:48.200: 103 avg_steps: 901.5
2024-05-06 13:51:48.200: 103 epsilon: 0.1
2024-05-06 14:05:40.657: 104 test start:
2024-05-06 14:06:00.665: 104 avg_reward: 2105.0
2024-05-06 14:06:00.665: 104 avg_steps: 957.95
2024-05-06 14:06:00.665: 104 epsilon: 0.1
2024-05-06 14:20:37.168: 105 test start:
2024-05-06 14:20:57.139: 105 avg_reward: 2140.0
2024-05-06 14:20:57.140: 105 avg_steps: 944.55
2024-05-06 14:20:57.140: 105 epsilon: 0.1
2024-05-06 14:34:41.587: 106 test start:
2024-05-06 14:35:02.284: 106 avg_reward: 2365.0
2024-05-06 14:35:02.284: 106 avg_steps: 970.1
2024-05-06 14:35:02.284: 106 epsilon: 0.1
2024-05-06 14:49:21.436: 107 test start:
2024-05-06 14:49:39.843: 107 avg_reward: 1980.0
2024-05-06 14:49:39.843: 107 avg_steps: 874.85
2024-05-06 14:49:39.843: 107 epsilon: 0.1
2024-05-06 15:03:51.768: 108 test start:
2024-05-06 15:04:10.031: 108 avg_reward: 1805.0
2024-05-06 15:04:10.031: 108 avg_steps: 872.25
2024-05-06 15:04:10.031: 108 epsilon: 0.1
2024-05-06 15:17:52.109: 109 test start:
2024-05-06 15:18:10.506: 109 avg_reward: 1995.0
2024-05-06 15:18:10.507: 109 avg_steps: 861.75
2024-05-06 15:18:10.507: 109 epsilon: 0.1
2024-05-06 15:32:38.910: 110 test start:
2024-05-06 15:32:58.574: 110 avg_reward: 2000.0
2024-05-06 15:32:58.574: 110 avg_steps: 923.95
2024-05-06 15:32:58.574: 110 epsilon: 0.1
2024-05-06 15:47:01.355: 111 test start:
2024-05-06 15:47:18.664: 111 avg_reward: 1625.0
2024-05-06 15:47:18.664: 111 avg_steps: 805.3
2024-05-06 15:47:18.664: 111 epsilon: 0.1
2024-05-06 16:01:39.935: 112 test start:
2024-05-06 16:01:59.492: 112 avg_reward: 2030.0
2024-05-06 16:01:59.492: 112 avg_steps: 920.4
2024-05-06 16:01:59.492: 112 epsilon: 0.1
2024-05-06 16:16:12.790: 113 test start:
2024-05-06 16:16:32.535: 113 avg_reward: 2215.0
2024-05-06 16:16:32.535: 113 avg_steps: 943.3
2024-05-06 16:16:32.535: 113 epsilon: 0.1
2024-05-06 16:30:37.198: 114 test start:
2024-05-06 16:30:56.592: 114 avg_reward: 2055.0
2024-05-06 16:30:56.592: 114 avg_steps: 913.0
2024-05-06 16:30:56.592: 114 epsilon: 0.1
2024-05-06 16:45:18.503: 115 test start:
2024-05-06 16:45:36.168: 115 avg_reward: 1835.0
2024-05-06 16:45:36.168: 115 avg_steps: 837.35
2024-05-06 16:45:36.168: 115 epsilon: 0.1
2024-05-06 16:59:34.880: 116 test start:
2024-05-06 16:59:53.459: 116 avg_reward: 1830.0
2024-05-06 16:59:53.459: 116 avg_steps: 879.65
2024-05-06 16:59:53.459: 116 epsilon: 0.1
2024-05-06 17:14:13.162: 117 test start:
2024-05-06 17:14:31.317: 117 avg_reward: 1930.0
2024-05-06 17:14:31.318: 117 avg_steps: 861.55
2024-05-06 17:14:31.318: 117 epsilon: 0.1
2024-05-06 17:28:48.523: 118 test start:
2024-05-06 17:29:06.365: 118 avg_reward: 1925.0
2024-05-06 17:29:06.365: 118 avg_steps: 844.2
2024-05-06 17:29:06.365: 118 epsilon: 0.1
2024-05-06 17:43:05.003: 119 test start:
2024-05-06 17:43:22.426: 119 avg_reward: 1730.0
2024-05-06 17:43:22.426: 119 avg_steps: 818.75
2024-05-06 17:43:22.426: 119 epsilon: 0.1
2024-05-06 17:57:46.847: 120 test start:
2024-05-06 17:58:06.387: 120 avg_reward: 2085.0
2024-05-06 17:58:06.388: 120 avg_steps: 929.25
2024-05-06 17:58:06.388: 120 epsilon: 0.1
2024-05-06 18:12:08.651: 121 test start:
2024-05-06 18:12:27.456: 121 avg_reward: 1995.0
2024-05-06 18:12:27.456: 121 avg_steps: 885.4
2024-05-06 18:12:27.456: 121 epsilon: 0.1
2024-05-06 18:26:20.443: 122 test start:
2024-05-06 18:26:40.567: 122 avg_reward: 2130.0
2024-05-06 18:26:40.567: 122 avg_steps: 959.9
2024-05-06 18:26:40.567: 122 epsilon: 0.1
2024-05-06 18:41:05.197: 123 test start:
2024-05-06 18:41:25.422: 123 avg_reward: 2175.0
2024-05-06 18:41:25.422: 123 avg_steps: 947.55
2024-05-06 18:41:25.422: 123 epsilon: 0.1
2024-05-06 18:55:25.769: 124 test start:
2024-05-06 18:55:43.378: 124 avg_reward: 1745.0
2024-05-06 18:55:43.378: 124 avg_steps: 833.7
2024-05-06 18:55:43.378: 124 epsilon: 0.1
2024-05-06 19:09:55.575: 125 test start:
2024-05-06 19:10:13.720: 125 avg_reward: 1940.0
2024-05-06 19:10:13.720: 125 avg_steps: 858.4
2024-05-06 19:10:13.720: 125 epsilon: 0.1
2024-05-06 19:24:01.197: 126 test start:
2024-05-06 19:24:21.316: 126 avg_reward: 2100.0
2024-05-06 19:24:21.316: 126 avg_steps: 948.25
2024-05-06 19:24:21.316: 126 epsilon: 0.1
2024-05-06 19:38:21.483: 127 test start:
2024-05-06 19:38:41.686: 127 avg_reward: 2205.0
2024-05-06 19:38:41.686: 127 avg_steps: 957.4
2024-05-06 19:38:41.686: 127 epsilon: 0.1
2024-05-06 19:53:05.195: 128 test start:
2024-05-06 19:53:23.812: 128 avg_reward: 1965.0
2024-05-06 19:53:23.812: 128 avg_steps: 878.5
2024-05-06 19:53:23.812: 128 epsilon: 0.1
2024-05-06 20:07:29.478: 129 test start:
2024-05-06 20:07:47.440: 129 avg_reward: 1955.0
2024-05-06 20:07:47.440: 129 avg_steps: 855.25
2024-05-06 20:07:47.440: 129 epsilon: 0.1
2024-05-06 20:22:09.768: 130 test start:
2024-05-06 20:22:29.023: 130 avg_reward: 2200.0
2024-05-06 20:22:29.023: 130 avg_steps: 912.35
2024-05-06 20:22:29.023: 130 epsilon: 0.1
2024-05-06 20:36:29.682: 131 test start:
2024-05-06 20:36:47.310: 131 avg_reward: 1910.0
2024-05-06 20:36:47.310: 131 avg_steps: 829.5
2024-05-06 20:36:47.310: 131 epsilon: 0.1
2024-05-06 20:50:45.849: 132 test start:
2024-05-06 20:51:06.357: 132 avg_reward: 2240.0
2024-05-06 20:51:06.358: 132 avg_steps: 965.45
2024-05-06 20:51:06.358: 132 epsilon: 0.1
2024-05-06 21:05:36.837: 133 test start:
2024-05-06 21:05:54.652: 133 avg_reward: 1870.0
2024-05-06 21:05:54.652: 133 avg_steps: 853.85
2024-05-06 21:05:54.652: 133 epsilon: 0.1
2024-05-06 21:19:48.680: 134 test start:
2024-05-06 21:20:07.110: 134 avg_reward: 1960.0
2024-05-06 21:20:07.110: 134 avg_steps: 866.95
2024-05-06 21:20:07.110: 134 epsilon: 0.1
2024-05-06 21:34:19.471: 135 test start:
2024-05-06 21:34:39.147: 135 avg_reward: 2205.0
2024-05-06 21:34:39.148: 135 avg_steps: 926.65
2024-05-06 21:34:39.148: 135 epsilon: 0.1
2024-05-06 21:48:37.006: 136 test start:
2024-05-06 21:48:54.453: 136 avg_reward: 1850.0
2024-05-06 21:48:54.453: 136 avg_steps: 820.45
2024-05-06 21:48:54.453: 136 epsilon: 0.1
2024-05-06 22:02:58.486: 137 test start:
2024-05-06 22:03:15.471: 137 avg_reward: 1830.0
2024-05-06 22:03:15.471: 137 avg_steps: 808.6
2024-05-06 22:03:15.471: 137 epsilon: 0.1
2024-05-06 22:17:34.776: 138 test start:
2024-05-06 22:17:51.614: 138 avg_reward: 1740.0
2024-05-06 22:17:51.614: 138 avg_steps: 789.0
2024-05-06 22:17:51.614: 138 epsilon: 0.1
2024-05-06 22:31:36.830: 139 test start:
2024-05-06 22:31:53.334: 139 avg_reward: 1730.0
2024-05-06 22:31:53.334: 139 avg_steps: 779.75
2024-05-06 22:31:53.335: 139 epsilon: 0.1
2024-05-06 22:46:14.400: 140 test start:
2024-05-06 22:46:31.636: 140 avg_reward: 1970.0
2024-05-06 22:46:31.636: 140 avg_steps: 829.35
2024-05-06 22:46:31.636: 140 epsilon: 0.1
2024-05-06 23:00:47.439: 141 test start:
2024-05-06 23:01:06.241: 141 avg_reward: 2035.0
2024-05-06 23:01:06.241: 141 avg_steps: 878.85
2024-05-06 23:01:06.241: 141 epsilon: 0.1
2024-05-06 23:15:01.065: 142 test start:
2024-05-06 23:15:16.732: 142 avg_reward: 1610.0
2024-05-06 23:15:16.732: 142 avg_steps: 748.35
2024-05-06 23:15:16.732: 142 epsilon: 0.1
2024-05-06 23:29:39.952: 143 test start:
2024-05-06 23:29:57.190: 143 avg_reward: 1890.0
2024-05-06 23:29:57.190: 143 avg_steps: 821.1
2024-05-06 23:29:57.190: 143 epsilon: 0.1
2024-05-06 23:43:43.974: 144 test start:
2024-05-06 23:43:58.585: 144 avg_reward: 1570.0
2024-05-06 23:43:58.585: 144 avg_steps: 701.65
2024-05-06 23:43:58.585: 144 epsilon: 0.1
2024-05-06 23:58:11.614: 145 test start:
2024-05-06 23:58:25.940: 145 avg_reward: 1480.0
2024-05-06 23:58:25.940: 145 avg_steps: 685.0
2024-05-06 23:58:25.940: 145 epsilon: 0.1
2024-05-07 00:12:39.185: 146 test start:
2024-05-07 00:12:55.257: 146 avg_reward: 1760.0
2024-05-07 00:12:55.257: 146 avg_steps: 749.6
2024-05-07 00:12:55.257: 146 epsilon: 0.1
2024-05-07 00:26:55.758: 147 test start:
2024-05-07 00:27:10.975: 147 avg_reward: 1660.0
2024-05-07 00:27:10.975: 147 avg_steps: 722.45
2024-05-07 00:27:10.975: 147 epsilon: 0.1
2024-05-07 00:41:26.897: 148 test start:
2024-05-07 00:41:41.904: 148 avg_reward: 1510.0
2024-05-07 00:41:41.904: 148 avg_steps: 718.55
2024-05-07 00:41:41.904: 148 epsilon: 0.1
2024-05-07 00:55:47.043: 149 test start:
2024-05-07 00:56:03.158: 149 avg_reward: 1780.0
2024-05-07 00:56:03.158: 149 avg_steps: 768.0
2024-05-07 00:56:03.158: 149 epsilon: 0.1
2024-05-07 01:10:15.727: 150 test start:
2024-05-07 01:10:32.505: 150 avg_reward: 1750.0
2024-05-07 01:10:32.506: 150 avg_steps: 798.2
2024-05-07 01:10:32.506: 150 epsilon: 0.1
2024-05-07 01:24:49.142: 151 test start:
2024-05-07 01:25:06.185: 151 avg_reward: 1790.0
2024-05-07 01:25:06.185: 151 avg_steps: 802.95
2024-05-07 01:25:06.185: 151 epsilon: 0.1
2024-05-07 01:39:01.708: 152 test start:
2024-05-07 01:39:18.467: 152 avg_reward: 1800.0
2024-05-07 01:39:18.467: 152 avg_steps: 782.4
2024-05-07 01:39:18.467: 152 epsilon: 0.1
2024-05-07 01:53:36.833: 153 test start:
2024-05-07 01:53:52.179: 153 avg_reward: 1690.0
2024-05-07 01:53:52.179: 153 avg_steps: 727.65
2024-05-07 01:53:52.179: 153 epsilon: 0.1
2024-05-07 02:07:54.967: 154 test start:
2024-05-07 02:08:11.152: 154 avg_reward: 1750.0
2024-05-07 02:08:11.152: 154 avg_steps: 768.95
2024-05-07 02:08:11.152: 154 epsilon: 0.1
2024-05-07 02:22:24.019: 155 test start:
2024-05-07 02:22:40.659: 155 avg_reward: 1810.0
2024-05-07 02:22:40.660: 155 avg_steps: 787.7
2024-05-07 02:22:40.660: 155 epsilon: 0.1
2024-05-07 02:36:52.727: 156 test start:
2024-05-07 02:37:09.340: 156 avg_reward: 1790.0
2024-05-07 02:37:09.340: 156 avg_steps: 782.85
2024-05-07 02:37:09.340: 156 epsilon: 0.1
2024-05-07 02:51:05.172: 157 test start:
2024-05-07 02:51:24.319: 157 avg_reward: 2140.0
2024-05-07 02:51:24.320: 157 avg_steps: 912.8
2024-05-07 02:51:24.320: 157 epsilon: 0.1
2024-05-07 03:05:57.112: 158 test start:
2024-05-07 03:06:13.264: 158 avg_reward: 1800.0
2024-05-07 03:06:13.264: 158 avg_steps: 772.85
2024-05-07 03:06:13.264: 158 epsilon: 0.1
2024-05-07 03:20:06.450: 159 test start:
2024-05-07 03:20:22.599: 159 avg_reward: 1750.0
2024-05-07 03:20:22.599: 159 avg_steps: 762.15
2024-05-07 03:20:22.599: 159 epsilon: 0.1
2024-05-07 03:34:14.327: 160 test start:
2024-05-07 03:34:30.700: 160 avg_reward: 1780.0
2024-05-07 03:34:30.700: 160 avg_steps: 781.2
2024-05-07 03:34:30.700: 160 epsilon: 0.1
2024-05-07 03:49:01.469: 161 test start:
2024-05-07 03:49:18.081: 161 avg_reward: 1780.0
2024-05-07 03:49:18.081: 161 avg_steps: 781.95
2024-05-07 03:49:18.081: 161 epsilon: 0.1
2024-05-07 04:03:07.111: 162 test start:
2024-05-07 04:03:23.740: 162 avg_reward: 1860.0
2024-05-07 04:03:23.740: 162 avg_steps: 779.8
2024-05-07 04:03:23.740: 162 epsilon: 0.1
2024-05-07 04:17:42.884: 163 test start:
2024-05-07 04:17:58.655: 163 avg_reward: 1750.0
2024-05-07 04:17:58.655: 163 avg_steps: 757.55
2024-05-07 04:17:58.655: 163 epsilon: 0.1
2024-05-07 04:31:58.019: 164 test start:
2024-05-07 04:32:12.824: 164 avg_reward: 1560.0
2024-05-07 04:32:12.824: 164 avg_steps: 701.9
2024-05-07 04:32:12.824: 164 epsilon: 0.1
2024-05-07 04:46:24.362: 165 test start:
2024-05-07 04:46:39.354: 165 avg_reward: 1570.0
2024-05-07 04:46:39.354: 165 avg_steps: 709.1
2024-05-07 04:46:39.354: 165 epsilon: 0.1
2024-05-07 05:00:39.803: 166 test start:
2024-05-07 05:00:55.013: 166 avg_reward: 1670.0
2024-05-07 05:00:55.013: 166 avg_steps: 710.25
2024-05-07 05:00:55.013: 166 epsilon: 0.1
2024-05-07 05:14:50.700: 167 test start:
2024-05-07 05:15:07.300: 167 avg_reward: 1850.0
2024-05-07 05:15:07.300: 167 avg_steps: 784.35
2024-05-07 05:15:07.300: 167 epsilon: 0.1
2024-05-07 05:29:22.895: 168 test start:
2024-05-07 05:29:39.894: 168 avg_reward: 1820.0
2024-05-07 05:29:39.894: 168 avg_steps: 807.75
2024-05-07 05:29:39.894: 168 epsilon: 0.1
2024-05-07 05:43:39.542: 169 test start:
2024-05-07 05:43:55.319: 169 avg_reward: 1630.0
2024-05-07 05:43:55.319: 169 avg_steps: 738.8
2024-05-07 05:43:55.319: 169 epsilon: 0.1
2024-05-07 05:57:51.819: 170 test start:
2024-05-07 05:58:07.092: 170 avg_reward: 1610.0
2024-05-07 05:58:07.093: 170 avg_steps: 728.9
2024-05-07 05:58:07.093: 170 epsilon: 0.1
2024-05-07 06:12:40.816: 171 test start:
2024-05-07 06:12:58.487: 171 avg_reward: 1870.0
2024-05-07 06:12:58.487: 171 avg_steps: 844.5
2024-05-07 06:12:58.487: 171 epsilon: 0.1
2024-05-07 06:27:06.643: 172 test start:
2024-05-07 06:27:22.625: 172 avg_reward: 1730.0
2024-05-07 06:27:22.625: 172 avg_steps: 749.25
2024-05-07 06:27:22.625: 172 epsilon: 0.1
2024-05-07 06:41:29.897: 173 test start:
2024-05-07 06:41:46.611: 173 avg_reward: 1860.0
2024-05-07 06:41:46.611: 173 avg_steps: 798.3
2024-05-07 06:41:46.611: 173 epsilon: 0.1
2024-05-07 06:56:00.737: 174 test start:
2024-05-07 06:56:17.509: 174 avg_reward: 1870.0
2024-05-07 06:56:17.509: 174 avg_steps: 789.8
2024-05-07 06:56:17.509: 174 epsilon: 0.1
2024-05-07 07:10:14.023: 175 test start:
2024-05-07 07:10:29.518: 175 avg_reward: 1620.0
2024-05-07 07:10:29.519: 175 avg_steps: 738.45
2024-05-07 07:10:29.519: 175 epsilon: 0.1
2024-05-07 07:24:52.798: 176 test start:
2024-05-07 07:25:09.054: 176 avg_reward: 1710.0
2024-05-07 07:25:09.054: 176 avg_steps: 770.45
2024-05-07 07:25:09.054: 176 epsilon: 0.1
2024-05-07 07:39:15.506: 177 test start:
2024-05-07 07:39:31.738: 177 avg_reward: 1770.0
2024-05-07 07:39:31.739: 177 avg_steps: 757.3
2024-05-07 07:39:31.739: 177 epsilon: 0.1
2024-05-07 07:53:44.359: 178 test start:
2024-05-07 07:53:59.864: 178 avg_reward: 1670.0
2024-05-07 07:53:59.865: 178 avg_steps: 735.35
2024-05-07 07:53:59.865: 178 epsilon: 0.1
2024-05-07 08:08:17.648: 179 test start:
2024-05-07 08:08:34.821: 179 avg_reward: 1840.0
2024-05-07 08:08:34.821: 179 avg_steps: 806.9
2024-05-07 08:08:34.821: 179 epsilon: 0.1
2024-05-07 08:22:29.960: 180 test start:
2024-05-07 08:22:45.159: 180 avg_reward: 1590.0
2024-05-07 08:22:45.159: 180 avg_steps: 724.4
2024-05-07 08:22:45.159: 180 epsilon: 0.1
2024-05-07 08:36:53.350: 181 test start:
2024-05-07 08:37:07.662: 181 avg_reward: 1550.0
2024-05-07 08:37:07.662: 181 avg_steps: 681.25
2024-05-07 08:37:07.662: 181 epsilon: 0.1
2024-05-07 08:51:08.938: 182 test start:
2024-05-07 08:51:24.643: 182 avg_reward: 1690.0
2024-05-07 08:51:24.643: 182 avg_steps: 740.2
2024-05-07 08:51:24.643: 182 epsilon: 0.1
2024-05-07 09:04:56.327: 183 test start:
2024-05-07 09:05:11.413: 183 avg_reward: 1880.0
2024-05-07 09:05:11.413: 183 avg_steps: 784.3
2024-05-07 09:05:11.413: 183 epsilon: 0.1
2024-05-07 09:18:11.537: 184 test start:
2024-05-07 09:18:27.397: 184 avg_reward: 1880.0
2024-05-07 09:18:27.397: 184 avg_steps: 811.8
2024-05-07 09:18:27.397: 184 epsilon: 0.1
2024-05-07 09:31:32.414: 185 test start:
2024-05-07 09:31:47.076: 185 avg_reward: 1730.0
2024-05-07 09:31:47.076: 185 avg_steps: 756.1
2024-05-07 09:31:47.076: 185 epsilon: 0.1
2024-05-07 09:45:03.059: 186 test start:
2024-05-07 09:45:17.652: 186 avg_reward: 1840.0
2024-05-07 09:45:17.652: 186 avg_steps: 771.3
2024-05-07 09:45:17.652: 186 epsilon: 0.1
2024-05-07 09:58:33.837: 187 test start:
2024-05-07 09:58:47.953: 187 avg_reward: 1640.0
2024-05-07 09:58:47.953: 187 avg_steps: 720.75
2024-05-07 09:58:47.954: 187 epsilon: 0.1
2024-05-07 10:11:31.613: 188 test start:
2024-05-07 10:11:45.401: 188 avg_reward: 1670.0
2024-05-07 10:11:45.402: 188 avg_steps: 721.25
2024-05-07 10:11:45.402: 188 epsilon: 0.1
2024-05-07 10:24:55.366: 189 test start:
2024-05-07 10:25:09.636: 189 avg_reward: 1740.0
2024-05-07 10:25:09.636: 189 avg_steps: 752.85
2024-05-07 10:25:09.636: 189 epsilon: 0.1
2024-05-07 10:38:09.764: 190 test start:
2024-05-07 10:38:22.832: 190 avg_reward: 1470.0
2024-05-07 10:38:22.832: 190 avg_steps: 680.3
2024-05-07 10:38:22.832: 190 epsilon: 0.1
2024-05-07 10:51:35.390: 191 test start:
2024-05-07 10:51:49.109: 191 avg_reward: 1510.0
2024-05-07 10:51:49.109: 191 avg_steps: 696.85
2024-05-07 10:51:49.109: 191 epsilon: 0.1
2024-05-07 11:04:32.839: 192 test start:
2024-05-07 11:04:46.573: 192 avg_reward: 1520.0
2024-05-07 11:04:46.573: 192 avg_steps: 710.15
2024-05-07 11:04:46.573: 192 epsilon: 0.1
2024-05-07 11:17:53.931: 193 test start:
2024-05-07 11:18:08.389: 193 avg_reward: 1790.0
2024-05-07 11:18:08.389: 193 avg_steps: 758.5
2024-05-07 11:18:08.389: 193 epsilon: 0.1
2024-05-07 11:31:48.033: 194 test start:
2024-05-07 11:32:02.463: 194 avg_reward: 1630.0
2024-05-07 11:32:02.463: 194 avg_steps: 738.9
2024-05-07 11:32:02.463: 194 epsilon: 0.1
2024-05-07 11:45:07.290: 195 test start:
2024-05-07 11:45:22.511: 195 avg_reward: 1750.0
2024-05-07 11:45:22.511: 195 avg_steps: 770.9
2024-05-07 11:45:22.511: 195 epsilon: 0.1
2024-05-07 11:58:46.861: 196 test start:
2024-05-07 11:59:01.927: 196 avg_reward: 1790.0
2024-05-07 11:59:01.927: 196 avg_steps: 786.05
2024-05-07 11:59:01.927: 196 epsilon: 0.1
2024-05-07 12:12:17.651: 197 test start:
2024-05-07 12:12:30.906: 197 avg_reward: 1530.0
2024-05-07 12:12:30.906: 197 avg_steps: 681.05
2024-05-07 12:12:30.906: 197 epsilon: 0.1
2024-05-07 12:25:24.642: 198 test start:
2024-05-07 12:25:39.088: 198 avg_reward: 1630.0
2024-05-07 12:25:39.088: 198 avg_steps: 743.3
2024-05-07 12:25:39.088: 198 epsilon: 0.1
2024-05-07 12:39:15.249: 199 test start:
2024-05-07 12:39:29.382: 199 avg_reward: 1690.0
2024-05-07 12:39:29.382: 199 avg_steps: 733.75
2024-05-07 12:39:29.382: 199 epsilon: 0.1
2024-05-07 12:52:35.130: 200 test start:
2024-05-07 12:52:48.791: 200 avg_reward: 1520.0
2024-05-07 12:52:48.791: 200 avg_steps: 703.75
2024-05-07 12:52:48.791: 200 epsilon: 0.1
2024-05-07 13:06:13.144: 201 test start:
2024-05-07 13:06:26.441: 201 avg_reward: 1520.0
2024-05-07 13:06:26.441: 201 avg_steps: 694.25
2024-05-07 13:06:26.441: 201 epsilon: 0.1
2024-05-07 13:19:41.806: 202 test start:
2024-05-07 13:19:54.477: 202 avg_reward: 1320.0
2024-05-07 13:19:54.477: 202 avg_steps: 645.6
2024-05-07 13:19:54.477: 202 epsilon: 0.1
2024-05-07 13:32:53.046: 203 test start:
2024-05-07 13:33:07.232: 203 avg_reward: 1630.0
2024-05-07 13:33:07.232: 203 avg_steps: 727.75
2024-05-07 13:33:07.232: 203 epsilon: 0.1
2024-05-07 13:46:40.605: 204 test start:
2024-05-07 13:46:53.944: 204 avg_reward: 1540.0
2024-05-07 13:46:53.944: 204 avg_steps: 698.55
2024-05-07 13:46:53.944: 204 epsilon: 0.1
2024-05-07 13:59:50.199: 205 test start:
2024-05-07 14:00:04.519: 205 avg_reward: 1620.0
2024-05-07 14:00:04.519: 205 avg_steps: 725.25
2024-05-07 14:00:04.519: 205 epsilon: 0.1
2024-05-07 14:13:26.413: 206 test start:
2024-05-07 14:13:41.543: 206 avg_reward: 1710.0
2024-05-07 14:13:41.543: 206 avg_steps: 794.85
2024-05-07 14:13:41.543: 206 epsilon: 0.1
2024-05-07 14:26:51.346: 207 test start:
2024-05-07 14:27:06.462: 207 avg_reward: 1820.0
2024-05-07 14:27:06.462: 207 avg_steps: 796.85
2024-05-07 14:27:06.462: 207 epsilon: 0.1
2024-05-07 14:40:10.376: 208 test start:
2024-05-07 14:40:23.301: 208 avg_reward: 1370.0
2024-05-07 14:40:23.301: 208 avg_steps: 678.0
2024-05-07 14:40:23.301: 208 epsilon: 0.1
2024-05-07 14:53:27.952: 209 test start:
2024-05-07 14:53:42.854: 209 avg_reward: 1770.0
2024-05-07 14:53:42.854: 209 avg_steps: 768.2
2024-05-07 14:53:42.854: 209 epsilon: 0.1
2024-05-07 15:06:33.057: 210 test start:
2024-05-07 15:06:47.160: 210 avg_reward: 1590.0
2024-05-07 15:06:47.160: 210 avg_steps: 729.45
2024-05-07 15:06:47.160: 210 epsilon: 0.1
2024-05-07 15:19:55.795: 211 test start:
2024-05-07 15:20:09.060: 211 avg_reward: 1530.0
2024-05-07 15:20:09.060: 211 avg_steps: 699.25
2024-05-07 15:20:09.060: 211 epsilon: 0.1
2024-05-07 15:33:03.124: 212 test start:
2024-05-07 15:33:19.975: 212 avg_reward: 1980.0
2024-05-07 15:33:19.975: 212 avg_steps: 862.3
2024-05-07 15:33:19.975: 212 epsilon: 0.1
2024-05-07 15:46:10.471: 213 test start:
2024-05-07 15:46:22.759: 213 avg_reward: 1320.0
2024-05-07 15:46:22.759: 213 avg_steps: 647.9
2024-05-07 15:46:22.759: 213 epsilon: 0.1
2024-05-07 15:59:37.596: 214 test start:
2024-05-07 15:59:52.405: 214 avg_reward: 1720.0
2024-05-07 15:59:52.405: 214 avg_steps: 770.2
2024-05-07 15:59:52.405: 214 epsilon: 0.1
2024-05-07 16:12:49.174: 215 test start:
2024-05-07 16:13:05.885: 215 avg_reward: 1860.0
2024-05-07 16:13:05.885: 215 avg_steps: 832.85
2024-05-07 16:13:05.885: 215 epsilon: 0.1
2024-05-07 16:26:14.878: 216 test start:
2024-05-07 16:26:29.585: 216 avg_reward: 1710.0
2024-05-07 16:26:29.586: 216 avg_steps: 763.65
2024-05-07 16:26:29.586: 216 epsilon: 0.1
2024-05-07 16:39:49.437: 217 test start:
2024-05-07 16:40:03.027: 217 avg_reward: 1600.0
2024-05-07 16:40:03.027: 217 avg_steps: 711.9
2024-05-07 16:40:03.027: 217 epsilon: 0.1
2024-05-07 16:53:07.277: 218 test start:
2024-05-07 16:53:21.594: 218 avg_reward: 1670.0
2024-05-07 16:53:21.594: 218 avg_steps: 733.6
2024-05-07 16:53:21.594: 218 epsilon: 0.1
2024-05-07 17:06:30.459: 219 test start:
2024-05-07 17:06:43.778: 219 avg_reward: 1460.0
2024-05-07 17:06:43.778: 219 avg_steps: 693.9
2024-05-07 17:06:43.778: 219 epsilon: 0.1
2024-05-07 17:19:46.966: 220 test start:
2024-05-07 17:20:01.717: 220 avg_reward: 1630.0
2024-05-07 17:20:01.717: 220 avg_steps: 761.25
2024-05-07 17:20:01.717: 220 epsilon: 0.1
2024-05-07 17:32:59.329: 221 test start:
2024-05-07 17:33:13.220: 221 avg_reward: 1630.0
2024-05-07 17:33:13.220: 221 avg_steps: 723.9
2024-05-07 17:33:13.220: 221 epsilon: 0.1
2024-05-07 17:46:44.978: 222 test start:
2024-05-07 17:46:59.513: 222 avg_reward: 1730.0
2024-05-07 17:46:59.513: 222 avg_steps: 759.75
2024-05-07 17:46:59.513: 222 epsilon: 0.1
2024-05-07 17:59:45.944: 223 test start:
2024-05-07 18:00:01.373: 223 avg_reward: 1790.0
2024-05-07 18:00:01.373: 223 avg_steps: 788.5
2024-05-07 18:00:01.373: 223 epsilon: 0.1
2024-05-07 18:13:09.464: 224 test start:
2024-05-07 18:13:25.077: 224 avg_reward: 1840.0
2024-05-07 18:13:25.078: 224 avg_steps: 819.45
2024-05-07 18:13:25.078: 224 epsilon: 0.1
2024-05-07 18:26:35.892: 225 test start:
2024-05-07 18:26:50.020: 225 avg_reward: 1580.0
2024-05-07 18:26:50.020: 225 avg_steps: 720.3
2024-05-07 18:26:50.020: 225 epsilon: 0.1
2024-05-07 18:39:45.254: 226 test start:
2024-05-07 18:40:00.573: 226 avg_reward: 1830.0
2024-05-07 18:40:00.573: 226 avg_steps: 789.5
2024-05-07 18:40:00.573: 226 epsilon: 0.1
2024-05-07 18:53:18.196: 227 test start:
2024-05-07 18:53:32.565: 227 avg_reward: 1690.0
2024-05-07 18:53:32.565: 227 avg_steps: 741.55
2024-05-07 18:53:32.565: 227 epsilon: 0.1
2024-05-07 19:06:26.266: 228 test start:
2024-05-07 19:06:39.654: 228 avg_reward: 1500.0
2024-05-07 19:06:39.655: 228 avg_steps: 687.9
2024-05-07 19:06:39.655: 228 epsilon: 0.1
2024-05-07 19:20:03.926: 229 test start:
2024-05-07 19:20:16.580: 229 avg_reward: 1430.0
2024-05-07 19:20:16.580: 229 avg_steps: 673.85
2024-05-07 19:20:16.580: 229 epsilon: 0.1
2024-05-07 19:33:25.787: 230 test start:
2024-05-07 19:33:40.245: 230 avg_reward: 1630.0
2024-05-07 19:33:40.245: 230 avg_steps: 741.65
2024-05-07 19:33:40.245: 230 epsilon: 0.1
2024-05-07 19:46:37.904: 231 test start:
2024-05-07 19:46:52.950: 231 avg_reward: 1800.0
2024-05-07 19:46:52.950: 231 avg_steps: 759.1
2024-05-07 19:46:52.950: 231 epsilon: 0.1
2024-05-07 20:00:29.842: 232 test start:
2024-05-07 20:00:43.184: 232 avg_reward: 1530.0
2024-05-07 20:00:43.184: 232 avg_steps: 682.2
2024-05-07 20:00:43.184: 232 epsilon: 0.1
2024-05-07 20:13:27.652: 233 test start:
2024-05-07 20:13:41.681: 233 avg_reward: 1610.0
2024-05-07 20:13:41.681: 233 avg_steps: 713.8
2024-05-07 20:13:41.681: 233 epsilon: 0.1
2024-05-07 20:26:59.385: 234 test start:
2024-05-07 20:27:13.773: 234 avg_reward: 1740.0
2024-05-07 20:27:13.773: 234 avg_steps: 762.45
2024-05-07 20:27:13.773: 234 epsilon: 0.1
2024-05-07 20:40:24.872: 235 test start:
2024-05-07 20:40:37.705: 235 avg_reward: 1450.0
2024-05-07 20:40:37.705: 235 avg_steps: 657.25
2024-05-07 20:40:37.705: 235 epsilon: 0.1
2024-05-07 20:53:31.639: 236 test start:
2024-05-07 20:53:46.078: 236 avg_reward: 1630.0
2024-05-07 20:53:46.078: 236 avg_steps: 740.05
2024-05-07 20:53:46.078: 236 epsilon: 0.1
2024-05-07 21:06:50.337: 237 test start:
2024-05-07 21:07:04.869: 237 avg_reward: 1700.0
2024-05-07 21:07:04.869: 237 avg_steps: 755.15
2024-05-07 21:07:04.869: 237 epsilon: 0.1
2024-05-07 21:20:05.566: 238 test start:
2024-05-07 21:20:18.163: 238 avg_reward: 1390.0
2024-05-07 21:20:18.164: 238 avg_steps: 644.6
2024-05-07 21:20:18.164: 238 epsilon: 0.1
2024-05-07 21:33:36.796: 239 test start:
2024-05-07 21:33:50.488: 239 avg_reward: 1510.0
2024-05-07 21:33:50.488: 239 avg_steps: 729.95
2024-05-07 21:33:50.488: 239 epsilon: 0.1
2024-05-07 21:47:09.359: 240 test start:
2024-05-07 21:47:21.723: 240 avg_reward: 1230.0
2024-05-07 21:47:21.723: 240 avg_steps: 634.35
2024-05-07 21:47:21.723: 240 epsilon: 0.1
2024-05-07 22:00:16.911: 241 test start:
2024-05-07 22:00:31.098: 241 avg_reward: 1470.0
2024-05-07 22:00:31.098: 241 avg_steps: 723.0
2024-05-07 22:00:31.098: 241 epsilon: 0.1
2024-05-07 22:14:04.317: 242 test start:
2024-05-07 22:14:17.908: 242 avg_reward: 1570.0
2024-05-07 22:14:17.908: 242 avg_steps: 704.2
2024-05-07 22:14:17.908: 242 epsilon: 0.1
2024-05-07 22:27:05.026: 243 test start:
2024-05-07 22:27:18.894: 243 avg_reward: 1560.0
2024-05-07 22:27:18.894: 243 avg_steps: 710.0
2024-05-07 22:27:18.894: 243 epsilon: 0.1
