2024-05-05 08:59:59.339: 
parameters:agent_saving_period: 80000
agent_test_episodes: 20
batch_num_per_epoch: 100000
device: cuda:0
env_name: ALE/Atlantis-v5
epsilon_for_test: 0.05
epsilon_max: 1.0
epsilon_min: 0.1
exploration_steps: 1000000
gamma: 0.99
input_frame_height: 84
input_frame_width: 84
learning_rate: 1.0e-05
log_path: ../exps/dueling_dqn/
mini_batch_size: 32
no_op: 30
phi_channel: 4
replay_buffer_size: 200000
replay_start_size: 10000
save_path: ./exps/
skip_k_frame: 4
step_c: 10000
training_steps: 50000000

2024-05-05 09:11:01.059: 1 test start:
2024-05-05 09:11:23.458: 1 avg_reward: 7825.0
2024-05-05 09:11:23.458: 1 avg_steps: 814.3
2024-05-05 09:11:23.458: 1 epsilon: 0.9203247999999999
2024-05-05 09:26:30.218: 2 test start:
2024-05-05 09:26:51.937: 2 avg_reward: 8620.0
2024-05-05 09:26:51.937: 2 avg_steps: 891.8
2024-05-05 09:26:51.937: 2 epsilon: 0.8322805
2024-05-05 13:42:49.664: 3 test start:
2024-05-05 13:43:02.886: 3 avg_reward: 3830.0
2024-05-05 13:43:02.886: 3 avg_steps: 625.2
2024-05-05 13:43:02.886: 3 epsilon: 0.7438771
2024-05-05 13:57:13.504: 4 test start:
2024-05-05 13:57:29.604: 4 avg_reward: 6975.0
2024-05-05 13:57:29.604: 4 avg_steps: 771.5
2024-05-05 13:57:29.604: 4 epsilon: 0.6558211
2024-05-05 14:11:42.557: 5 test start:
2024-05-05 14:11:57.312: 5 avg_reward: 5220.0
2024-05-05 14:11:57.313: 5 avg_steps: 700.2
2024-05-05 14:11:57.313: 5 epsilon: 0.5676652
2024-05-05 14:26:05.202: 6 test start:
2024-05-05 14:26:19.195: 6 avg_reward: 4890.0
2024-05-05 14:26:19.195: 6 avg_steps: 662.9
2024-05-05 14:26:19.195: 6 epsilon: 0.4800960999999999
2024-05-05 14:40:29.582: 7 test start:
2024-05-05 14:40:56.393: 7 avg_reward: 16440.0
2024-05-05 14:40:56.393: 7 avg_steps: 1290.1
2024-05-05 14:40:56.393: 7 epsilon: 0.39161979999999996
2024-05-05 14:55:03.793: 8 test start:
2024-05-05 14:55:18.635: 8 avg_reward: 6885.0
2024-05-05 14:55:18.635: 8 avg_steps: 707.9
2024-05-05 14:55:18.635: 8 epsilon: 0.3037941999999999
2024-05-05 15:09:30.872: 9 test start:
2024-05-05 15:09:50.609: 9 avg_reward: 11455.0
2024-05-05 15:09:50.610: 9 avg_steps: 947.4
2024-05-05 15:09:50.610: 9 epsilon: 0.21583449999999993
2024-05-05 15:23:54.450: 10 test start:
2024-05-05 15:24:13.616: 10 avg_reward: 8655.0
2024-05-05 15:24:13.616: 10 avg_steps: 931.8
2024-05-05 15:24:13.616: 10 epsilon: 0.12849309999999992
2024-05-05 15:38:16.344: 11 test start:
2024-05-05 15:38:43.115: 11 avg_reward: 15620.0
2024-05-05 15:38:43.116: 11 avg_steps: 1284.2
2024-05-05 15:38:43.116: 11 epsilon: 0.1
2024-05-05 15:52:51.570: 12 test start:
2024-05-05 15:53:10.927: 12 avg_reward: 9640.0
2024-05-05 15:53:10.928: 12 avg_steps: 937.7
2024-05-05 15:53:10.928: 12 epsilon: 0.1
2024-05-05 16:07:15.080: 13 test start:
2024-05-05 16:07:45.385: 13 avg_reward: 21410.0
2024-05-05 16:07:45.385: 13 avg_steps: 1457.5
2024-05-05 16:07:45.385: 13 epsilon: 0.1
2024-05-05 16:21:51.548: 14 test start:
2024-05-05 16:22:10.004: 14 avg_reward: 8465.0
2024-05-05 16:22:10.005: 14 avg_steps: 888.3
2024-05-05 16:22:10.005: 14 epsilon: 0.1
2024-05-05 16:36:25.747: 15 test start:
2024-05-05 16:36:47.393: 15 avg_reward: 11695.0
2024-05-05 16:36:47.393: 15 avg_steps: 1050.2
2024-05-05 16:36:47.393: 15 epsilon: 0.1
2024-05-05 16:50:58.011: 16 test start:
2024-05-05 16:51:19.993: 16 avg_reward: 12210.0
2024-05-05 16:51:19.993: 16 avg_steps: 1054.2
2024-05-05 16:51:19.993: 16 epsilon: 0.1
2024-05-05 17:05:30.925: 17 test start:
2024-05-05 17:06:00.319: 17 avg_reward: 17200.0
2024-05-05 17:06:00.319: 17 avg_steps: 1438.2
2024-05-05 17:06:00.319: 17 epsilon: 0.1
2024-05-05 17:20:07.659: 18 test start:
2024-05-05 17:20:32.308: 18 avg_reward: 17290.0
2024-05-05 17:20:32.308: 18 avg_steps: 1194.3
2024-05-05 17:20:32.308: 18 epsilon: 0.1
2024-05-05 17:34:38.391: 19 test start:
2024-05-05 17:35:15.649: 19 avg_reward: 26450.0
2024-05-05 17:35:15.649: 19 avg_steps: 1800.6
2024-05-05 17:35:15.649: 19 epsilon: 0.1
2024-05-05 17:49:25.104: 20 test start:
2024-05-05 17:50:02.202: 20 avg_reward: 29570.0
2024-05-05 17:50:02.202: 20 avg_steps: 1807.9
2024-05-05 17:50:02.202: 20 epsilon: 0.1
2024-05-05 18:04:04.465: 21 test start:
2024-05-05 18:04:46.880: 21 avg_reward: 31065.0
2024-05-05 18:04:46.880: 21 avg_steps: 2059.5
2024-05-05 18:04:46.880: 21 epsilon: 0.1
2024-05-05 18:18:53.502: 22 test start:
2024-05-05 18:19:24.509: 22 avg_reward: 20260.0
2024-05-05 18:19:24.509: 22 avg_steps: 1498.1
2024-05-05 18:19:24.509: 22 epsilon: 0.1
2024-05-05 18:33:42.462: 23 test start:
2024-05-05 18:34:13.840: 23 avg_reward: 19950.0
2024-05-05 18:34:13.840: 23 avg_steps: 1513.2
2024-05-05 18:34:13.840: 23 epsilon: 0.1
2024-05-05 18:48:29.698: 24 test start:
2024-05-05 18:49:10.227: 24 avg_reward: 29160.0
2024-05-05 18:49:10.227: 24 avg_steps: 1946.3
2024-05-05 18:49:10.227: 24 epsilon: 0.1
2024-05-05 19:03:12.133: 25 test start:
2024-05-05 19:04:06.407: 25 avg_reward: 50810.0
2024-05-05 19:04:06.407: 25 avg_steps: 2640.0
2024-05-05 19:04:06.407: 25 epsilon: 0.1
2024-05-05 19:18:15.263: 26 test start:
2024-05-05 19:19:02.778: 26 avg_reward: 38140.0
2024-05-05 19:19:02.778: 26 avg_steps: 2299.6
2024-05-05 19:19:02.778: 26 epsilon: 0.1
2024-05-05 19:33:30.475: 27 test start:
2024-05-05 19:34:10.596: 27 avg_reward: 30475.0
2024-05-05 19:34:10.597: 27 avg_steps: 1948.8
2024-05-05 19:34:10.597: 27 epsilon: 0.1
2024-05-05 19:48:14.008: 28 test start:
2024-05-05 19:49:02.658: 28 avg_reward: 43380.0
2024-05-05 19:49:02.658: 28 avg_steps: 2356.6
2024-05-05 19:49:02.658: 28 epsilon: 0.1
2024-05-05 20:03:05.222: 29 test start:
2024-05-05 20:03:50.120: 29 avg_reward: 36320.0
2024-05-05 20:03:50.120: 29 avg_steps: 2180.2
2024-05-05 20:03:50.120: 29 epsilon: 0.1
2024-05-05 20:18:10.463: 30 test start:
2024-05-05 20:19:06.269: 30 avg_reward: 52270.0
2024-05-05 20:19:06.269: 30 avg_steps: 2700.4
2024-05-05 20:19:06.269: 30 epsilon: 0.1
2024-05-05 20:33:14.567: 31 test start:
2024-05-05 20:34:08.063: 31 avg_reward: 45215.0
2024-05-05 20:34:08.063: 31 avg_steps: 2566.2
2024-05-05 20:34:08.063: 31 epsilon: 0.1
2024-05-05 20:48:34.482: 32 test start:
2024-05-05 20:49:25.579: 32 avg_reward: 40000.0
2024-05-05 20:49:25.579: 32 avg_steps: 2433.4
2024-05-05 20:49:25.579: 32 epsilon: 0.1
2024-05-05 21:03:34.439: 33 test start:
2024-05-05 21:04:21.537: 33 avg_reward: 37020.0
2024-05-05 21:04:21.537: 33 avg_steps: 2265.0
2024-05-05 21:04:21.537: 33 epsilon: 0.1
2024-05-05 21:18:58.283: 34 test start:
2024-05-05 21:19:57.976: 34 avg_reward: 56885.0
2024-05-05 21:19:57.976: 34 avg_steps: 2868.8
2024-05-05 21:19:57.976: 34 epsilon: 0.1
2024-05-05 21:34:22.977: 35 test start:
2024-05-05 21:35:32.040: 35 avg_reward: 65605.0
2024-05-05 21:35:32.040: 35 avg_steps: 3286.6
2024-05-05 21:35:32.040: 35 epsilon: 0.1
2024-05-05 21:49:59.345: 36 test start:
2024-05-05 21:51:00.238: 36 avg_reward: 58410.0
2024-05-05 21:51:00.238: 36 avg_steps: 2941.9
2024-05-05 21:51:00.238: 36 epsilon: 0.1
2024-05-05 22:05:31.466: 37 test start:
2024-05-05 22:06:31.459: 37 avg_reward: 56015.0
2024-05-05 22:06:31.459: 37 avg_steps: 2868.3
2024-05-05 22:06:31.459: 37 epsilon: 0.1
2024-05-05 22:21:02.003: 38 test start:
2024-05-05 22:22:16.121: 38 avg_reward: 79805.0
2024-05-05 22:22:16.121: 38 avg_steps: 3569.1
2024-05-05 22:22:16.121: 38 epsilon: 0.1
2024-05-05 22:36:49.136: 39 test start:
2024-05-05 22:37:59.172: 39 avg_reward: 67935.0
2024-05-05 22:37:59.173: 39 avg_steps: 3352.6
2024-05-05 22:37:59.173: 39 epsilon: 0.1
2024-05-05 22:52:49.598: 40 test start:
2024-05-05 22:54:17.244: 40 avg_reward: 89875.0
2024-05-05 22:54:17.244: 40 avg_steps: 4175.1
2024-05-05 22:54:17.244: 40 epsilon: 0.1
2024-05-05 23:08:10.093: 41 test start:
2024-05-05 23:09:31.781: 41 avg_reward: 82475.0
2024-05-05 23:09:31.781: 41 avg_steps: 3965.0
2024-05-05 23:09:31.781: 41 epsilon: 0.1
2024-05-05 23:23:37.716: 42 test start:
2024-05-05 23:25:09.825: 42 avg_reward: 99910.0
2024-05-05 23:25:09.825: 42 avg_steps: 4468.4
2024-05-05 23:25:09.825: 42 epsilon: 0.1
2024-05-05 23:39:39.678: 43 test start:
2024-05-05 23:41:08.350: 43 avg_reward: 91170.0
2024-05-05 23:41:08.351: 43 avg_steps: 4243.9
2024-05-05 23:41:08.351: 43 epsilon: 0.1
2024-05-05 23:55:34.451: 44 test start:
2024-05-05 23:57:24.812: 44 avg_reward: 124945.0
2024-05-05 23:57:24.819: 44 avg_steps: 5332.2
2024-05-05 23:57:24.819: 44 epsilon: 0.1
2024-05-06 00:11:44.627: 45 test start:
2024-05-06 00:13:07.043: 45 avg_reward: 81875.0
2024-05-06 00:13:07.043: 45 avg_steps: 3972.3
2024-05-06 00:13:07.043: 45 epsilon: 0.1
2024-05-06 00:27:17.337: 46 test start:
2024-05-06 00:28:26.086: 46 avg_reward: 66820.0
2024-05-06 00:28:26.086: 46 avg_steps: 3317.5
2024-05-06 00:28:26.086: 46 epsilon: 0.1
2024-05-06 00:43:35.687: 47 test start:
2024-05-06 00:45:25.120: 47 avg_reward: 127230.0
2024-05-06 00:45:25.120: 47 avg_steps: 5312.8
2024-05-06 00:45:25.120: 47 epsilon: 0.1
2024-05-06 00:59:16.889: 48 test start:
2024-05-06 01:00:58.646: 48 avg_reward: 105150.0
2024-05-06 01:00:58.646: 48 avg_steps: 4889.4
2024-05-06 01:00:58.646: 48 epsilon: 0.1
2024-05-06 01:15:51.422: 49 test start:
2024-05-06 01:17:51.220: 49 avg_reward: 132300.0
2024-05-06 01:17:51.220: 49 avg_steps: 5763.8
2024-05-06 01:17:51.220: 49 epsilon: 0.1
2024-05-06 01:32:19.261: 50 test start:
2024-05-06 01:34:40.100: 50 avg_reward: 160135.0
2024-05-06 01:34:40.100: 50 avg_steps: 6828.6
2024-05-06 01:34:40.100: 50 epsilon: 0.1
2024-05-06 01:48:27.582: 51 test start:
2024-05-06 01:53:21.075: 51 avg_reward: 383930.0
2024-05-06 01:53:21.075: 51 avg_steps: 14231.55
2024-05-06 01:53:21.075: 51 epsilon: 0.1
2024-05-06 02:09:48.789: 52 test start:
2024-05-06 02:17:12.226: 52 avg_reward: 585530.0
2024-05-06 02:17:12.226: 52 avg_steps: 21173.5
2024-05-06 02:17:12.226: 52 epsilon: 0.1
2024-05-06 02:31:40.704: 53 test start:
2024-05-06 02:39:42.191: 53 avg_reward: 646925.0
2024-05-06 02:39:42.191: 53 avg_steps: 22946.85
2024-05-06 02:39:42.191: 53 epsilon: 0.1
2024-05-06 02:52:23.177: 54 test start:
2024-05-06 03:01:51.506: 54 avg_reward: 758220.0
2024-05-06 03:01:51.506: 54 avg_steps: 27000.0
2024-05-06 03:01:51.506: 54 epsilon: 0.1
2024-05-06 03:15:54.001: 55 test start:
2024-05-06 03:24:52.081: 55 avg_reward: 753735.0
2024-05-06 03:24:52.081: 55 avg_steps: 25767.75
2024-05-06 03:24:52.081: 55 epsilon: 0.1
2024-05-06 03:41:36.051: 56 test start:
2024-05-06 03:50:38.414: 56 avg_reward: 758990.0
2024-05-06 03:50:38.414: 56 avg_steps: 25760.55
2024-05-06 03:50:38.414: 56 epsilon: 0.1
2024-05-06 04:04:09.989: 57 test start:
2024-05-06 04:13:34.067: 57 avg_reward: 772300.0
2024-05-06 04:13:34.068: 57 avg_steps: 27000.0
2024-05-06 04:13:34.068: 57 epsilon: 0.1
2024-05-06 04:29:17.337: 58 test start:
2024-05-06 04:37:53.998: 58 avg_reward: 709885.0
2024-05-06 04:37:53.998: 58 avg_steps: 24483.1
2024-05-06 04:37:53.998: 58 epsilon: 0.1
2024-05-06 04:49:27.118: 59 test start:
2024-05-06 04:58:50.275: 59 avg_reward: 801200.0
2024-05-06 04:58:50.276: 59 avg_steps: 27000.0
2024-05-06 04:58:50.276: 59 epsilon: 0.1
2024-05-06 05:14:18.507: 60 test start:
2024-05-06 05:23:43.400: 60 avg_reward: 836425.0
2024-05-06 05:23:43.400: 60 avg_steps: 27000.0
2024-05-06 05:23:43.400: 60 epsilon: 0.1
2024-05-06 05:39:28.515: 61 test start:
2024-05-06 05:48:56.135: 61 avg_reward: 857830.0
2024-05-06 05:48:56.136: 61 avg_steps: 27000.0
2024-05-06 05:48:56.136: 61 epsilon: 0.1
2024-05-06 06:04:30.452: 62 test start:
2024-05-06 06:13:55.077: 62 avg_reward: 820225.0
2024-05-06 06:13:55.077: 62 avg_steps: 27000.0
2024-05-06 06:13:55.077: 62 epsilon: 0.1
2024-05-06 06:25:17.735: 63 test start:
2024-05-06 06:34:42.286: 63 avg_reward: 846205.0
2024-05-06 06:34:42.286: 63 avg_steps: 27000.0
2024-05-06 06:34:42.286: 63 epsilon: 0.1
2024-05-06 06:50:04.896: 64 test start:
2024-05-06 06:59:30.240: 64 avg_reward: 868115.0
2024-05-06 06:59:30.240: 64 avg_steps: 27000.0
2024-05-06 06:59:30.240: 64 epsilon: 0.1
2024-05-06 07:14:55.612: 65 test start:
2024-05-06 07:24:14.780: 65 avg_reward: 839780.0
2024-05-06 07:24:14.780: 65 avg_steps: 27000.0
2024-05-06 07:24:14.780: 65 epsilon: 0.1
2024-05-06 07:36:04.150: 66 test start:
2024-05-06 07:45:27.236: 66 avg_reward: 877105.0
2024-05-06 07:45:27.236: 66 avg_steps: 27000.0
2024-05-06 07:45:27.236: 66 epsilon: 0.1
2024-05-06 08:01:13.413: 67 test start:
2024-05-06 08:10:42.524: 67 avg_reward: 863595.0
2024-05-06 08:10:42.525: 67 avg_steps: 27000.0
2024-05-06 08:10:42.525: 67 epsilon: 0.1
2024-05-06 08:26:32.609: 68 test start:
2024-05-06 08:35:53.072: 68 avg_reward: 890535.0
2024-05-06 08:35:53.072: 68 avg_steps: 27000.0
2024-05-06 08:35:53.072: 68 epsilon: 0.1
2024-05-06 08:47:38.760: 69 test start:
2024-05-06 08:57:04.324: 69 avg_reward: 860205.0
2024-05-06 08:57:04.324: 69 avg_steps: 27000.0
2024-05-06 08:57:04.324: 69 epsilon: 0.1
2024-05-06 09:12:43.517: 70 test start:
2024-05-06 09:22:02.052: 70 avg_reward: 886920.0
2024-05-06 09:22:02.052: 70 avg_steps: 27000.0
2024-05-06 09:22:02.052: 70 epsilon: 0.1
2024-05-06 09:37:43.228: 71 test start:
2024-05-06 09:47:04.130: 71 avg_reward: 890465.0
2024-05-06 09:47:04.130: 71 avg_steps: 27000.0
2024-05-06 09:47:04.130: 71 epsilon: 0.1
2024-05-06 10:02:33.358: 72 test start:
2024-05-06 10:11:53.472: 72 avg_reward: 872660.0
2024-05-06 10:11:53.472: 72 avg_steps: 27000.0
2024-05-06 10:11:53.472: 72 epsilon: 0.1
2024-05-06 10:23:40.441: 73 test start:
2024-05-06 10:33:08.098: 73 avg_reward: 868650.0
2024-05-06 10:33:08.098: 73 avg_steps: 27000.0
2024-05-06 10:33:08.098: 73 epsilon: 0.1
2024-05-06 10:48:42.381: 74 test start:
2024-05-06 10:58:05.194: 74 avg_reward: 873435.0
2024-05-06 10:58:05.194: 74 avg_steps: 27000.0
2024-05-06 10:58:05.194: 74 epsilon: 0.1
2024-05-06 11:14:01.977: 75 test start:
2024-05-06 11:23:23.332: 75 avg_reward: 882425.0
2024-05-06 11:23:23.332: 75 avg_steps: 27000.0
2024-05-06 11:23:23.332: 75 epsilon: 0.1
2024-05-06 11:35:16.673: 76 test start:
2024-05-06 11:44:14.345: 76 avg_reward: 809990.0
2024-05-06 11:44:14.345: 76 avg_steps: 25743.75
2024-05-06 11:44:14.345: 76 epsilon: 0.1
2024-05-06 12:00:12.292: 77 test start:
2024-05-06 12:08:41.472: 77 avg_reward: 765310.0
2024-05-06 12:08:41.472: 77 avg_steps: 24554.2
2024-05-06 12:08:41.472: 77 epsilon: 0.1
2024-05-06 12:24:25.798: 78 test start:
2024-05-06 12:33:45.217: 78 avg_reward: 860980.0
2024-05-06 12:33:45.217: 78 avg_steps: 27000.0
2024-05-06 12:33:45.217: 78 epsilon: 0.1
2024-05-06 12:45:42.769: 79 test start:
2024-05-06 12:54:12.389: 79 avg_reward: 785780.0
2024-05-06 12:54:12.389: 79 avg_steps: 24509.3
2024-05-06 12:54:12.389: 79 epsilon: 0.1
2024-05-06 13:09:53.171: 80 test start:
2024-05-06 13:19:13.186: 80 avg_reward: 870500.0
2024-05-06 13:19:13.186: 80 avg_steps: 27000.0
2024-05-06 13:19:13.186: 80 epsilon: 0.1
2024-05-06 13:35:44.907: 81 test start:
2024-05-06 13:44:49.458: 81 avg_reward: 776765.0
2024-05-06 13:44:49.459: 81 avg_steps: 25696.25
2024-05-06 13:44:49.459: 81 epsilon: 0.1
2024-05-06 13:56:42.150: 82 test start:
2024-05-06 14:06:03.958: 82 avg_reward: 834470.0
2024-05-06 14:06:03.958: 82 avg_steps: 27000.0
2024-05-06 14:06:03.958: 82 epsilon: 0.1
2024-05-06 14:21:49.897: 83 test start:
2024-05-06 14:30:45.092: 83 avg_reward: 771145.0
2024-05-06 14:30:45.093: 83 avg_steps: 25775.65
2024-05-06 14:30:45.093: 83 epsilon: 0.1
2024-05-06 14:46:59.390: 84 test start:
2024-05-06 14:55:56.810: 84 avg_reward: 760360.0
2024-05-06 14:55:56.810: 84 avg_steps: 25727.95
2024-05-06 14:55:56.810: 84 epsilon: 0.1
2024-05-06 15:07:34.291: 85 test start:
2024-05-06 15:17:00.501: 85 avg_reward: 806990.0
2024-05-06 15:17:00.501: 85 avg_steps: 27000.0
2024-05-06 15:17:00.501: 85 epsilon: 0.1
2024-05-06 15:32:45.984: 86 test start:
2024-05-06 15:42:11.192: 86 avg_reward: 806305.0
2024-05-06 15:42:11.193: 86 avg_steps: 27000.0
2024-05-06 15:42:11.193: 86 epsilon: 0.1
2024-05-06 15:57:57.539: 87 test start:
2024-05-06 16:07:24.919: 87 avg_reward: 812425.0
2024-05-06 16:07:24.919: 87 avg_steps: 27000.0
2024-05-06 16:07:24.919: 87 epsilon: 0.1
2024-05-06 16:19:24.065: 88 test start:
2024-05-06 16:28:23.777: 88 avg_reward: 723075.0
2024-05-06 16:28:23.777: 88 avg_steps: 25749.45
2024-05-06 16:28:23.777: 88 epsilon: 0.1
2024-05-06 16:44:55.558: 89 test start:
2024-05-06 16:54:22.817: 89 avg_reward: 794245.0
2024-05-06 16:54:22.817: 89 avg_steps: 27000.0
2024-05-06 16:54:22.817: 89 epsilon: 0.1
2024-05-06 17:10:10.006: 90 test start:
2024-05-06 17:19:31.979: 90 avg_reward: 784140.0
2024-05-06 17:19:31.979: 90 avg_steps: 27000.0
2024-05-06 17:19:31.985: 90 epsilon: 0.1
2024-05-06 17:31:25.313: 91 test start:
2024-05-06 17:40:22.304: 91 avg_reward: 790240.0
2024-05-06 17:40:22.304: 91 avg_steps: 25752.85
2024-05-06 17:40:22.304: 91 epsilon: 0.1
2024-05-06 17:56:22.920: 92 test start:
2024-05-06 18:05:18.151: 92 avg_reward: 783010.0
2024-05-06 18:05:18.151: 92 avg_steps: 25714.45
2024-05-06 18:05:18.151: 92 epsilon: 0.1
2024-05-06 18:17:57.242: 93 test start:
2024-05-06 18:27:18.939: 93 avg_reward: 818265.0
2024-05-06 18:27:18.939: 93 avg_steps: 27000.0
2024-05-06 18:27:18.939: 93 epsilon: 0.1
2024-05-06 18:43:07.675: 94 test start:
2024-05-06 18:52:33.334: 94 avg_reward: 825900.0
2024-05-06 18:52:33.334: 94 avg_steps: 27000.0
2024-05-06 18:52:33.334: 94 epsilon: 0.1
2024-05-06 19:08:17.076: 95 test start:
2024-05-06 19:17:39.778: 95 avg_reward: 820425.0
2024-05-06 19:17:39.778: 95 avg_steps: 27000.0
2024-05-06 19:17:39.778: 95 epsilon: 0.1
2024-05-06 19:29:17.124: 96 test start:
2024-05-06 19:38:41.712: 96 avg_reward: 820005.0
2024-05-06 19:38:41.712: 96 avg_steps: 27000.0
2024-05-06 19:38:41.712: 96 epsilon: 0.1
2024-05-06 19:54:21.948: 97 test start:
2024-05-06 20:03:21.575: 97 avg_reward: 815040.0
2024-05-06 20:03:21.575: 97 avg_steps: 25719.25
2024-05-06 20:03:21.575: 97 epsilon: 0.1
2024-05-06 20:19:26.483: 98 test start:
2024-05-06 20:28:49.446: 98 avg_reward: 828765.0
2024-05-06 20:28:49.446: 98 avg_steps: 27000.0
2024-05-06 20:28:49.446: 98 epsilon: 0.1
2024-05-06 20:40:36.549: 99 test start:
2024-05-06 20:50:03.642: 99 avg_reward: 826595.0
2024-05-06 20:50:03.643: 99 avg_steps: 27000.0
2024-05-06 20:50:03.643: 99 epsilon: 0.1
2024-05-06 21:05:49.718: 100 test start:
2024-05-06 21:15:08.459: 100 avg_reward: 818425.0
2024-05-06 21:15:08.459: 100 avg_steps: 27000.0
2024-05-06 21:15:08.459: 100 epsilon: 0.1
2024-05-06 21:31:04.542: 101 test start:
2024-05-06 21:40:32.820: 101 avg_reward: 811950.0
2024-05-06 21:40:32.820: 101 avg_steps: 27000.0
2024-05-06 21:40:32.820: 101 epsilon: 0.1
2024-05-06 21:52:08.239: 102 test start:
2024-05-06 22:01:38.559: 102 avg_reward: 834020.0
2024-05-06 22:01:38.559: 102 avg_steps: 27000.0
2024-05-06 22:01:38.559: 102 epsilon: 0.1
2024-05-06 22:17:12.146: 103 test start:
2024-05-06 22:26:34.180: 103 avg_reward: 837930.0
2024-05-06 22:26:34.180: 103 avg_steps: 27000.0
2024-05-06 22:26:34.180: 103 epsilon: 0.1
2024-05-06 22:42:32.970: 104 test start:
2024-05-06 22:51:49.645: 104 avg_reward: 826815.0
2024-05-06 22:51:49.645: 104 avg_steps: 27000.0
2024-05-06 22:51:49.645: 104 epsilon: 0.1
2024-05-06 23:07:29.792: 105 test start:
2024-05-06 23:16:57.311: 105 avg_reward: 819935.0
2024-05-06 23:16:57.311: 105 avg_steps: 27000.0
2024-05-06 23:16:57.311: 105 epsilon: 0.1
2024-05-06 23:28:43.317: 106 test start:
2024-05-06 23:38:05.958: 106 avg_reward: 820795.0
2024-05-06 23:38:05.959: 106 avg_steps: 27000.0
2024-05-06 23:38:05.959: 106 epsilon: 0.1
2024-05-06 23:53:35.936: 107 test start:
2024-05-07 00:03:07.945: 107 avg_reward: 810375.0
2024-05-07 00:03:07.945: 107 avg_steps: 27000.0
2024-05-07 00:03:07.945: 107 epsilon: 0.1
2024-05-07 00:18:46.804: 108 test start:
2024-05-07 00:28:13.855: 108 avg_reward: 837500.0
2024-05-07 00:28:13.855: 108 avg_steps: 27000.0
2024-05-07 00:28:13.855: 108 epsilon: 0.1
2024-05-07 00:39:58.543: 109 test start:
2024-05-07 00:48:08.538: 109 avg_reward: 696685.0
2024-05-07 00:48:08.538: 109 avg_steps: 23311.55
2024-05-07 00:48:08.538: 109 epsilon: 0.1
2024-05-07 01:03:44.089: 110 test start:
2024-05-07 01:13:10.414: 110 avg_reward: 759300.0
2024-05-07 01:13:10.414: 110 avg_steps: 27000.0
2024-05-07 01:13:10.414: 110 epsilon: 0.1
2024-05-07 01:28:56.350: 111 test start:
2024-05-07 01:38:18.856: 111 avg_reward: 806310.0
2024-05-07 01:38:18.856: 111 avg_steps: 27000.0
2024-05-07 01:38:18.857: 111 epsilon: 0.1
2024-05-07 01:50:06.137: 112 test start:
2024-05-07 01:59:33.643: 112 avg_reward: 782585.0
2024-05-07 01:59:33.643: 112 avg_steps: 27000.0
2024-05-07 01:59:33.643: 112 epsilon: 0.1
2024-05-07 02:15:09.718: 113 test start:
2024-05-07 02:24:35.618: 113 avg_reward: 823820.0
2024-05-07 02:24:35.618: 113 avg_steps: 27000.0
2024-05-07 02:24:35.618: 113 epsilon: 0.1
2024-05-07 02:40:15.800: 114 test start:
2024-05-07 02:49:34.804: 114 avg_reward: 817610.0
2024-05-07 02:49:34.804: 114 avg_steps: 27000.0
2024-05-07 02:49:34.804: 114 epsilon: 0.1
2024-05-07 03:05:27.227: 115 test start:
2024-05-07 03:14:49.242: 115 avg_reward: 819420.0
2024-05-07 03:14:49.243: 115 avg_steps: 27000.0
2024-05-07 03:14:49.243: 115 epsilon: 0.1
2024-05-07 03:26:39.461: 116 test start:
2024-05-07 03:35:33.369: 116 avg_reward: 761965.0
2024-05-07 03:35:33.369: 116 avg_steps: 25724.75
2024-05-07 03:35:33.369: 116 epsilon: 0.1
2024-05-07 03:51:19.312: 117 test start:
2024-05-07 04:00:14.476: 117 avg_reward: 792875.0
2024-05-07 04:00:14.477: 117 avg_steps: 25755.35
2024-05-07 04:00:14.477: 117 epsilon: 0.1
2024-05-07 04:16:00.862: 118 test start:
2024-05-07 04:25:26.482: 118 avg_reward: 830885.0
2024-05-07 04:25:26.482: 118 avg_steps: 27000.0
2024-05-07 04:25:26.482: 118 epsilon: 0.1
2024-05-07 04:37:12.584: 119 test start:
2024-05-07 04:46:13.512: 119 avg_reward: 797395.0
2024-05-07 04:46:13.512: 119 avg_steps: 25718.75
2024-05-07 04:46:13.512: 119 epsilon: 0.1
2024-05-07 05:01:38.612: 120 test start:
2024-05-07 05:11:06.561: 120 avg_reward: 832230.0
2024-05-07 05:11:06.561: 120 avg_steps: 27000.0
2024-05-07 05:11:06.561: 120 epsilon: 0.1
2024-05-07 05:26:36.148: 121 test start:
2024-05-07 05:35:37.954: 121 avg_reward: 790450.0
2024-05-07 05:35:37.954: 121 avg_steps: 25737.55
2024-05-07 05:35:37.954: 121 epsilon: 0.1
2024-05-07 05:47:20.639: 122 test start:
2024-05-07 05:56:46.890: 122 avg_reward: 818895.0
2024-05-07 05:56:46.890: 122 avg_steps: 27000.0
2024-05-07 05:56:46.890: 122 epsilon: 0.1
2024-05-07 06:12:45.082: 123 test start:
2024-05-07 06:21:41.746: 123 avg_reward: 771090.0
2024-05-07 06:21:41.746: 123 avg_steps: 25703.95
2024-05-07 06:21:41.746: 123 epsilon: 0.1
2024-05-07 06:37:21.736: 124 test start:
2024-05-07 06:46:47.990: 124 avg_reward: 818785.0
2024-05-07 06:46:47.990: 124 avg_steps: 27000.0
2024-05-07 06:46:47.990: 124 epsilon: 0.1
2024-05-07 07:02:31.070: 125 test start:
2024-05-07 07:11:54.769: 125 avg_reward: 808525.0
2024-05-07 07:11:54.769: 125 avg_steps: 27000.0
2024-05-07 07:11:54.769: 125 epsilon: 0.1
2024-05-07 07:23:51.345: 126 test start:
2024-05-07 07:33:16.043: 126 avg_reward: 823885.0
2024-05-07 07:33:16.044: 126 avg_steps: 27000.0
2024-05-07 07:33:16.044: 126 epsilon: 0.1
2024-05-07 07:49:10.126: 127 test start:
2024-05-07 07:58:31.191: 127 avg_reward: 821775.0
2024-05-07 07:58:31.191: 127 avg_steps: 27000.0
2024-05-07 07:58:31.191: 127 epsilon: 0.1
2024-05-07 08:14:16.794: 128 test start:
2024-05-07 08:23:40.148: 128 avg_reward: 826425.0
2024-05-07 08:23:40.148: 128 avg_steps: 27000.0
2024-05-07 08:23:40.149: 128 epsilon: 0.1
2024-05-07 08:35:13.008: 129 test start:
2024-05-07 08:44:39.532: 129 avg_reward: 833295.0
2024-05-07 08:44:39.532: 129 avg_steps: 27000.0
2024-05-07 08:44:39.532: 129 epsilon: 0.1
2024-05-07 09:00:02.364: 130 test start:
2024-05-07 09:08:38.366: 130 avg_reward: 833695.0
2024-05-07 09:08:38.366: 130 avg_steps: 27000.0
2024-05-07 09:08:38.366: 130 epsilon: 0.1
2024-05-07 09:23:07.365: 131 test start:
2024-05-07 09:31:41.597: 131 avg_reward: 823110.0
2024-05-07 09:31:41.597: 131 avg_steps: 27000.0
2024-05-07 09:31:41.597: 131 epsilon: 0.1
2024-05-07 09:42:45.206: 132 test start:
2024-05-07 09:51:21.727: 132 avg_reward: 796690.0
2024-05-07 09:51:21.727: 132 avg_steps: 27000.0
2024-05-07 09:51:21.727: 132 epsilon: 0.1
2024-05-07 10:05:45.289: 133 test start:
2024-05-07 10:14:20.205: 133 avg_reward: 819575.0
2024-05-07 10:14:20.205: 133 avg_steps: 27000.0
2024-05-07 10:14:20.205: 133 epsilon: 0.1
2024-05-07 10:28:58.706: 134 test start:
2024-05-07 10:37:35.230: 134 avg_reward: 808455.0
2024-05-07 10:37:35.230: 134 avg_steps: 27000.0
2024-05-07 10:37:35.230: 134 epsilon: 0.1
2024-05-07 10:51:56.586: 135 test start:
2024-05-07 11:00:30.073: 135 avg_reward: 821460.0
2024-05-07 11:00:30.074: 135 avg_steps: 27000.0
2024-05-07 11:00:30.074: 135 epsilon: 0.1
2024-05-07 11:11:32.463: 136 test start:
2024-05-07 11:20:04.604: 136 avg_reward: 811165.0
2024-05-07 11:20:04.604: 136 avg_steps: 27000.0
2024-05-07 11:20:04.604: 136 epsilon: 0.1
2024-05-07 11:34:49.308: 137 test start:
2024-05-07 11:41:20.833: 137 avg_reward: 595005.0
2024-05-07 11:41:20.833: 137 avg_steps: 20551.45
2024-05-07 11:41:20.833: 137 epsilon: 0.1
2024-05-07 11:56:10.351: 138 test start:
2024-05-07 12:04:42.479: 138 avg_reward: 798865.0
2024-05-07 12:04:42.479: 138 avg_steps: 27000.0
2024-05-07 12:04:42.479: 138 epsilon: 0.1
2024-05-07 12:15:45.585: 139 test start:
2024-05-07 12:24:21.558: 139 avg_reward: 804875.0
2024-05-07 12:24:21.558: 139 avg_steps: 27000.0
2024-05-07 12:24:21.558: 139 epsilon: 0.1
2024-05-07 12:39:07.613: 140 test start:
2024-05-07 12:47:42.673: 140 avg_reward: 793875.0
2024-05-07 12:47:42.673: 140 avg_steps: 27000.0
2024-05-07 12:47:42.673: 140 epsilon: 0.1
2024-05-07 13:02:35.238: 141 test start:
2024-05-07 13:11:08.787: 141 avg_reward: 813480.0
2024-05-07 13:11:08.787: 141 avg_steps: 27000.0
2024-05-07 13:11:08.787: 141 epsilon: 0.1
2024-05-07 13:22:15.145: 142 test start:
2024-05-07 13:30:46.401: 142 avg_reward: 815820.0
2024-05-07 13:30:46.401: 142 avg_steps: 27000.0
2024-05-07 13:30:46.401: 142 epsilon: 0.1
2024-05-07 13:45:36.265: 143 test start:
2024-05-07 13:54:14.940: 143 avg_reward: 791760.0
2024-05-07 13:54:14.940: 143 avg_steps: 27000.0
2024-05-07 13:54:14.940: 143 epsilon: 0.1
2024-05-07 14:08:58.312: 144 test start:
2024-05-07 14:17:30.518: 144 avg_reward: 809415.0
2024-05-07 14:17:30.518: 144 avg_steps: 27000.0
2024-05-07 14:17:30.518: 144 epsilon: 0.1
2024-05-07 14:32:10.017: 145 test start:
2024-05-07 14:40:35.341: 145 avg_reward: 822545.0
2024-05-07 14:40:35.341: 145 avg_steps: 27000.0
2024-05-07 14:40:35.341: 145 epsilon: 0.1
2024-05-07 14:51:22.063: 146 test start:
2024-05-07 14:59:57.681: 146 avg_reward: 792255.0
2024-05-07 14:59:57.681: 146 avg_steps: 27000.0
2024-05-07 14:59:57.681: 146 epsilon: 0.1
2024-05-07 15:14:19.772: 147 test start:
2024-05-07 15:22:53.107: 147 avg_reward: 816200.0
2024-05-07 15:22:53.107: 147 avg_steps: 27000.0
2024-05-07 15:22:53.107: 147 epsilon: 0.1
2024-05-07 15:37:12.647: 148 test start:
2024-05-07 15:45:48.088: 148 avg_reward: 799840.0
2024-05-07 15:45:48.088: 148 avg_steps: 27000.0
2024-05-07 15:45:48.088: 148 epsilon: 0.1
2024-05-07 15:56:40.729: 149 test start:
2024-05-07 16:05:10.861: 149 avg_reward: 817675.0
2024-05-07 16:05:10.861: 149 avg_steps: 27000.0
2024-05-07 16:05:10.861: 149 epsilon: 0.1
2024-05-07 16:19:40.843: 150 test start:
2024-05-07 16:28:16.635: 150 avg_reward: 806325.0
2024-05-07 16:28:16.635: 150 avg_steps: 27000.0
2024-05-07 16:28:16.635: 150 epsilon: 0.1
2024-05-07 16:42:59.740: 151 test start:
2024-05-07 16:51:34.344: 151 avg_reward: 813180.0
2024-05-07 16:51:34.344: 151 avg_steps: 27000.0
2024-05-07 16:51:34.344: 151 epsilon: 0.1
2024-05-07 17:02:27.989: 152 test start:
2024-05-07 17:11:03.186: 152 avg_reward: 816400.0
2024-05-07 17:11:03.186: 152 avg_steps: 27000.0
2024-05-07 17:11:03.186: 152 epsilon: 0.1
2024-05-07 17:25:34.315: 153 test start:
2024-05-07 17:34:04.321: 153 avg_reward: 809925.0
2024-05-07 17:34:04.321: 153 avg_steps: 27000.0
2024-05-07 17:34:04.321: 153 epsilon: 0.1
2024-05-07 17:48:44.401: 154 test start:
2024-05-07 17:57:16.976: 154 avg_reward: 801370.0
2024-05-07 17:57:16.976: 154 avg_steps: 27000.0
2024-05-07 17:57:16.976: 154 epsilon: 0.1
2024-05-07 18:11:41.653: 155 test start:
2024-05-07 18:20:15.100: 155 avg_reward: 806510.0
2024-05-07 18:20:15.100: 155 avg_steps: 27000.0
2024-05-07 18:20:15.100: 155 epsilon: 0.1
2024-05-07 18:31:14.141: 156 test start:
2024-05-07 18:39:54.160: 156 avg_reward: 818685.0
2024-05-07 18:39:54.160: 156 avg_steps: 27000.0
2024-05-07 18:39:54.160: 156 epsilon: 0.1
2024-05-07 18:54:23.558: 157 test start:
2024-05-07 19:02:52.730: 157 avg_reward: 803920.0
2024-05-07 19:02:52.730: 157 avg_steps: 27000.0
2024-05-07 19:02:52.730: 157 epsilon: 0.1
2024-05-07 19:17:43.486: 158 test start:
2024-05-07 19:26:14.363: 158 avg_reward: 800770.0
2024-05-07 19:26:14.363: 158 avg_steps: 27000.0
2024-05-07 19:26:14.363: 158 epsilon: 0.1
2024-05-07 19:37:54.295: 159 test start:
2024-05-07 19:46:29.914: 159 avg_reward: 791705.0
2024-05-07 19:46:29.914: 159 avg_steps: 27000.0
2024-05-07 19:46:29.914: 159 epsilon: 0.1
2024-05-07 20:01:12.580: 160 test start:
2024-05-07 20:09:40.454: 160 avg_reward: 817900.0
2024-05-07 20:09:40.454: 160 avg_steps: 27000.0
2024-05-07 20:09:40.454: 160 epsilon: 0.1
2024-05-07 20:24:30.664: 161 test start:
2024-05-07 20:33:03.124: 161 avg_reward: 797470.0
2024-05-07 20:33:03.124: 161 avg_steps: 27000.0
2024-05-07 20:33:03.124: 161 epsilon: 0.1
2024-05-07 20:43:57.382: 162 test start:
2024-05-07 20:52:28.812: 162 avg_reward: 794580.0
2024-05-07 20:52:28.812: 162 avg_steps: 27000.0
2024-05-07 20:52:28.812: 162 epsilon: 0.1
2024-05-07 21:06:46.974: 163 test start:
2024-05-07 21:15:24.711: 163 avg_reward: 819730.0
2024-05-07 21:15:24.711: 163 avg_steps: 27000.0
2024-05-07 21:15:24.711: 163 epsilon: 0.1
2024-05-07 21:30:12.835: 164 test start:
2024-05-07 21:38:46.524: 164 avg_reward: 802840.0
2024-05-07 21:38:46.525: 164 avg_steps: 27000.0
2024-05-07 21:38:46.525: 164 epsilon: 0.1
2024-05-07 21:49:46.263: 165 test start:
2024-05-07 21:57:57.627: 165 avg_reward: 764155.0
2024-05-07 21:57:57.627: 165 avg_steps: 25732.85
2024-05-07 21:57:57.627: 165 epsilon: 0.1
2024-05-07 22:12:44.726: 166 test start:
2024-05-07 22:21:14.064: 166 avg_reward: 796945.0
2024-05-07 22:21:14.064: 166 avg_steps: 27000.0
2024-05-07 22:21:14.064: 166 epsilon: 0.1
2024-05-07 22:35:52.468: 167 test start:
2024-05-07 22:41:40.795: 167 avg_reward: 792695.0
2024-05-07 22:41:40.795: 167 avg_steps: 27000.0
2024-05-07 22:41:40.795: 167 epsilon: 0.1
2024-05-07 22:49:23.622: 168 test start:
2024-05-07 22:54:40.401: 168 avg_reward: 796645.0
2024-05-07 22:54:40.402: 168 avg_steps: 27000.0
2024-05-07 22:54:40.402: 168 epsilon: 0.1
2024-05-07 23:00:31.794: 169 test start:
2024-05-07 23:05:47.909: 169 avg_reward: 786995.0
2024-05-07 23:05:47.910: 169 avg_steps: 27000.0
2024-05-07 23:05:47.910: 169 epsilon: 0.1
2024-05-07 23:13:26.786: 170 test start:
2024-05-07 23:18:45.301: 170 avg_reward: 793695.0
2024-05-07 23:18:45.301: 170 avg_steps: 27000.0
2024-05-07 23:18:45.301: 170 epsilon: 0.1
2024-05-07 23:26:31.386: 171 test start:
2024-05-07 23:31:48.952: 171 avg_reward: 790910.0
2024-05-07 23:31:48.952: 171 avg_steps: 27000.0
2024-05-07 23:31:48.952: 171 epsilon: 0.1
2024-05-07 23:37:34.201: 172 test start:
2024-05-07 23:42:36.750: 172 avg_reward: 743940.0
2024-05-07 23:42:36.750: 172 avg_steps: 25695.15
2024-05-07 23:42:36.750: 172 epsilon: 0.1
2024-05-07 23:50:18.824: 173 test start:
2024-05-07 23:55:39.353: 173 avg_reward: 794400.0
2024-05-07 23:55:39.353: 173 avg_steps: 27000.0
2024-05-07 23:55:39.353: 173 epsilon: 0.1
2024-05-08 00:03:10.948: 174 test start:
2024-05-08 00:08:27.564: 174 avg_reward: 783720.0
2024-05-08 00:08:27.564: 174 avg_steps: 27000.0
2024-05-08 00:08:27.564: 174 epsilon: 0.1
2024-05-08 00:16:05.135: 175 test start:
2024-05-08 00:21:24.427: 175 avg_reward: 781290.0
2024-05-08 00:21:24.427: 175 avg_steps: 27000.0
2024-05-08 00:21:24.427: 175 epsilon: 0.1
2024-05-08 00:27:15.943: 176 test start:
2024-05-08 00:32:31.737: 176 avg_reward: 808095.0
2024-05-08 00:32:31.737: 176 avg_steps: 27000.0
2024-05-08 00:32:31.737: 176 epsilon: 0.1
2024-05-08 00:40:13.819: 177 test start:
2024-05-08 00:45:14.635: 177 avg_reward: 778995.0
2024-05-08 00:45:14.635: 177 avg_steps: 25698.65
2024-05-08 00:45:14.635: 177 epsilon: 0.1
2024-05-08 00:53:02.755: 178 test start:
2024-05-08 00:58:23.641: 178 avg_reward: 814260.0
2024-05-08 00:58:23.641: 178 avg_steps: 27000.0
2024-05-08 00:58:23.641: 178 epsilon: 0.1
2024-05-08 01:04:09.089: 179 test start:
2024-05-08 01:09:24.889: 179 avg_reward: 796320.0
2024-05-08 01:09:24.889: 179 avg_steps: 27000.0
2024-05-08 01:09:24.889: 179 epsilon: 0.1
2024-05-08 01:16:52.036: 180 test start:
2024-05-08 01:22:09.075: 180 avg_reward: 812900.0
2024-05-08 01:22:09.075: 180 avg_steps: 27000.0
2024-05-08 01:22:09.075: 180 epsilon: 0.1
2024-05-08 01:29:53.254: 181 test start:
2024-05-08 01:35:17.548: 181 avg_reward: 800030.0
2024-05-08 01:35:17.548: 181 avg_steps: 27000.0
2024-05-08 01:35:17.548: 181 epsilon: 0.1
2024-05-08 01:41:06.855: 182 test start:
2024-05-08 01:46:21.058: 182 avg_reward: 786820.0
2024-05-08 01:46:21.058: 182 avg_steps: 27000.0
2024-05-08 01:46:21.058: 182 epsilon: 0.1
2024-05-08 01:54:05.147: 183 test start:
2024-05-08 01:59:18.899: 183 avg_reward: 787065.0
2024-05-08 01:59:18.899: 183 avg_steps: 27000.0
2024-05-08 01:59:18.899: 183 epsilon: 0.1
2024-05-08 02:06:57.992: 184 test start:
2024-05-08 02:12:14.804: 184 avg_reward: 803035.0
2024-05-08 02:12:14.805: 184 avg_steps: 27000.0
2024-05-08 02:12:14.805: 184 epsilon: 0.1
2024-05-08 02:19:54.248: 185 test start:
2024-05-08 02:25:06.978: 185 avg_reward: 808895.0
2024-05-08 02:25:06.978: 185 avg_steps: 27000.0
2024-05-08 02:25:06.978: 185 epsilon: 0.1
2024-05-08 02:30:58.059: 186 test start:
2024-05-08 02:36:13.490: 186 avg_reward: 789515.0
2024-05-08 02:36:13.491: 186 avg_steps: 27000.0
2024-05-08 02:36:13.491: 186 epsilon: 0.1
2024-05-08 02:44:00.823: 187 test start:
2024-05-08 02:49:13.861: 187 avg_reward: 819550.0
2024-05-08 02:49:13.862: 187 avg_steps: 27000.0
2024-05-08 02:49:13.862: 187 epsilon: 0.1
2024-05-08 02:56:58.284: 188 test start:
2024-05-08 03:02:15.220: 188 avg_reward: 821585.0
2024-05-08 03:02:15.220: 188 avg_steps: 27000.0
2024-05-08 03:02:15.220: 188 epsilon: 0.1
2024-05-08 03:08:03.171: 189 test start:
2024-05-08 03:13:21.334: 189 avg_reward: 784135.0
2024-05-08 03:13:21.334: 189 avg_steps: 27000.0
2024-05-08 03:13:21.334: 189 epsilon: 0.1
2024-05-08 03:20:57.333: 190 test start:
2024-05-08 03:26:13.045: 190 avg_reward: 795775.0
2024-05-08 03:26:13.045: 190 avg_steps: 27000.0
2024-05-08 03:26:13.045: 190 epsilon: 0.1
2024-05-08 03:34:01.100: 191 test start:
2024-05-08 03:39:18.503: 191 avg_reward: 793630.0
2024-05-08 03:39:18.503: 191 avg_steps: 27000.0
2024-05-08 03:39:18.503: 191 epsilon: 0.1
2024-05-08 03:45:05.486: 192 test start:
2024-05-08 03:50:23.314: 192 avg_reward: 805255.0
2024-05-08 03:50:23.314: 192 avg_steps: 27000.0
2024-05-08 03:50:23.314: 192 epsilon: 0.1
2024-05-08 03:58:09.572: 193 test start:
2024-05-08 04:03:28.062: 193 avg_reward: 820320.0
2024-05-08 04:03:28.062: 193 avg_steps: 27000.0
2024-05-08 04:03:28.062: 193 epsilon: 0.1
2024-05-08 04:11:21.746: 194 test start:
2024-05-08 04:16:38.927: 194 avg_reward: 817015.0
2024-05-08 04:16:38.927: 194 avg_steps: 27000.0
2024-05-08 04:16:38.927: 194 epsilon: 0.1
2024-05-08 04:22:29.598: 195 test start:
2024-05-08 04:27:46.842: 195 avg_reward: 812995.0
2024-05-08 04:27:46.842: 195 avg_steps: 27000.0
2024-05-08 04:27:46.842: 195 epsilon: 0.1
2024-05-08 04:35:31.541: 196 test start:
2024-05-08 04:40:46.781: 196 avg_reward: 797810.0
2024-05-08 04:40:46.781: 196 avg_steps: 27000.0
2024-05-08 04:40:46.781: 196 epsilon: 0.1
2024-05-08 04:48:24.987: 197 test start:
2024-05-08 04:53:42.323: 197 avg_reward: 817765.0
2024-05-08 04:53:42.323: 197 avg_steps: 27000.0
2024-05-08 04:53:42.323: 197 epsilon: 0.1
2024-05-08 04:59:33.177: 198 test start:
2024-05-08 05:04:51.820: 198 avg_reward: 787305.0
2024-05-08 05:04:51.820: 198 avg_steps: 27000.0
2024-05-08 05:04:51.820: 198 epsilon: 0.1
2024-05-08 05:12:41.660: 199 test start:
2024-05-08 05:17:43.630: 199 avg_reward: 765120.0
2024-05-08 05:17:43.630: 199 avg_steps: 25783.25
2024-05-08 05:17:43.630: 199 epsilon: 0.1
2024-05-08 05:25:27.414: 200 test start:
2024-05-08 05:30:45.292: 200 avg_reward: 794325.0
2024-05-08 05:30:45.292: 200 avg_steps: 27000.0
2024-05-08 05:30:45.292: 200 epsilon: 0.1
2024-05-08 05:38:29.730: 201 test start:
2024-05-08 05:43:34.990: 201 avg_reward: 743930.0
2024-05-08 05:43:34.990: 201 avg_steps: 25759.25
2024-05-08 05:43:34.990: 201 epsilon: 0.1
2024-05-08 05:49:26.417: 202 test start:
2024-05-08 05:54:42.102: 202 avg_reward: 797930.0
2024-05-08 05:54:42.102: 202 avg_steps: 27000.0
2024-05-08 05:54:42.102: 202 epsilon: 0.1
2024-05-08 06:02:30.911: 203 test start:
2024-05-08 06:07:47.928: 203 avg_reward: 797375.0
2024-05-08 06:07:47.928: 203 avg_steps: 27000.0
2024-05-08 06:07:47.928: 203 epsilon: 0.1
2024-05-08 06:15:30.915: 204 test start:
2024-05-08 06:20:44.161: 204 avg_reward: 806715.0
2024-05-08 06:20:44.161: 204 avg_steps: 27000.0
2024-05-08 06:20:44.161: 204 epsilon: 0.1
2024-05-08 06:26:34.511: 205 test start:
2024-05-08 06:31:37.313: 205 avg_reward: 742040.0
2024-05-08 06:31:37.313: 205 avg_steps: 25698.25
2024-05-08 06:31:37.313: 205 epsilon: 0.1
2024-05-08 06:39:21.964: 206 test start:
2024-05-08 06:44:39.537: 206 avg_reward: 796400.0
2024-05-08 06:44:39.537: 206 avg_steps: 27000.0
2024-05-08 06:44:39.537: 206 epsilon: 0.1
2024-05-08 06:52:24.266: 207 test start:
2024-05-08 06:57:25.845: 207 avg_reward: 750630.0
2024-05-08 06:57:25.845: 207 avg_steps: 25832.95
2024-05-08 06:57:25.845: 207 epsilon: 0.1
2024-05-08 07:03:20.125: 208 test start:
2024-05-08 07:08:36.870: 208 avg_reward: 805390.0
2024-05-08 07:08:36.870: 208 avg_steps: 27000.0
2024-05-08 07:08:36.870: 208 epsilon: 0.1
2024-05-08 07:16:14.966: 209 test start:
2024-05-08 07:21:30.298: 209 avg_reward: 786670.0
2024-05-08 07:21:30.298: 209 avg_steps: 27000.0
2024-05-08 07:21:30.298: 209 epsilon: 0.1
2024-05-08 07:29:01.594: 210 test start:
2024-05-08 07:34:20.769: 210 avg_reward: 793060.0
2024-05-08 07:34:20.769: 210 avg_steps: 27000.0
2024-05-08 07:34:20.769: 210 epsilon: 0.1
2024-05-08 07:40:09.518: 211 test start:
2024-05-08 07:45:23.649: 211 avg_reward: 808300.0
2024-05-08 07:45:23.649: 211 avg_steps: 27000.0
2024-05-08 07:45:23.649: 211 epsilon: 0.1
2024-05-08 07:53:11.884: 212 test start:
2024-05-08 07:58:29.137: 212 avg_reward: 789760.0
2024-05-08 07:58:29.137: 212 avg_steps: 27000.0
2024-05-08 07:58:29.137: 212 epsilon: 0.1
2024-05-08 08:06:10.560: 213 test start:
2024-05-08 08:10:58.967: 213 avg_reward: 715365.0
2024-05-08 08:10:58.967: 213 avg_steps: 24562.0
2024-05-08 08:10:58.967: 213 epsilon: 0.1
2024-05-08 08:16:43.285: 214 test start:
2024-05-08 08:21:59.697: 214 avg_reward: 793390.0
2024-05-08 08:21:59.697: 214 avg_steps: 27000.0
2024-05-08 08:21:59.697: 214 epsilon: 0.1
2024-05-08 08:29:42.685: 215 test start:
2024-05-08 08:33:57.737: 215 avg_reward: 636705.0
2024-05-08 08:33:57.737: 215 avg_steps: 21930.1
2024-05-08 08:33:57.737: 215 epsilon: 0.1
2024-05-08 08:41:45.995: 216 test start:
2024-05-08 08:47:02.819: 216 avg_reward: 801370.0
2024-05-08 08:47:02.819: 216 avg_steps: 27000.0
2024-05-08 08:47:02.819: 216 epsilon: 0.1
2024-05-08 08:54:47.898: 217 test start:
2024-05-08 09:00:03.051: 217 avg_reward: 777140.0
2024-05-08 09:00:03.051: 217 avg_steps: 27000.0
2024-05-08 09:00:03.051: 217 epsilon: 0.1
2024-05-08 09:05:49.811: 218 test start:
2024-05-08 09:11:06.880: 218 avg_reward: 811150.0
2024-05-08 09:11:06.880: 218 avg_steps: 27000.0
2024-05-08 09:11:06.880: 218 epsilon: 0.1
2024-05-08 09:18:54.715: 219 test start:
2024-05-08 09:24:13.391: 219 avg_reward: 802705.0
2024-05-08 09:24:13.391: 219 avg_steps: 27000.0
2024-05-08 09:24:13.391: 219 epsilon: 0.1
2024-05-08 09:32:00.945: 220 test start:
