2024-05-05 08:59:59.331: 
parameters:agent_saving_period: 80000
agent_test_episodes: 20
batch_num_per_epoch: 100000
device: cuda:0
env_name: ALE/MontezumaRevenge-v5
epsilon_for_test: 0.05
epsilon_max: 1.0
epsilon_min: 0.1
exploration_steps: 1000000
gamma: 0.99
input_frame_height: 84
input_frame_width: 84
learning_rate: 1.0e-05
log_path: ../exps/dueling_dqn/
mini_batch_size: 32
no_op: 30
phi_channel: 4
replay_buffer_size: 200000
replay_start_size: 10000
save_path: ./exps/
skip_k_frame: 4
step_c: 10000
training_steps: 50000000

2024-05-05 09:10:58.360: 1 test start:
2024-05-05 09:12:20.979: 1 avg_reward: 5.0
2024-05-05 09:12:20.980: 1 avg_steps: 2965.35
2024-05-05 09:12:20.980: 1 epsilon: 0.9217
2024-05-05 09:27:24.105: 2 test start:
2024-05-05 09:28:10.906: 2 avg_reward: 0.0
2024-05-05 09:28:10.913: 2 avg_steps: 1980.7
2024-05-05 09:28:10.913: 2 epsilon: 0.8360164
2024-05-05 13:44:02.046: 3 test start:
2024-05-05 13:44:11.709: 3 avg_reward: 0.0
2024-05-05 13:44:11.709: 3 avg_steps: 459.5
2024-05-05 13:44:11.709: 3 epsilon: 0.7505280999999999
2024-05-05 13:58:22.501: 4 test start:
2024-05-05 13:58:32.998: 4 avg_reward: 0.0
2024-05-05 13:58:32.998: 4 avg_steps: 506.7
2024-05-05 13:58:32.998: 4 epsilon: 0.6649354
2024-05-05 14:12:37.460: 5 test start:
2024-05-05 14:12:45.021: 5 avg_reward: 0.0
2024-05-05 14:12:45.021: 5 avg_steps: 362.75
2024-05-05 14:12:45.021: 5 epsilon: 0.5806909
2024-05-05 14:26:54.985: 6 test start:
2024-05-05 14:28:03.841: 6 avg_reward: 0.0
2024-05-05 14:28:03.841: 6 avg_steps: 3334.2
2024-05-05 14:28:03.841: 6 epsilon: 0.49627
2024-05-05 14:42:02.948: 7 test start:
2024-05-05 14:42:08.448: 7 avg_reward: 0.0
2024-05-05 14:42:08.448: 7 avg_steps: 256.3
2024-05-05 14:42:08.448: 7 epsilon: 0.4135744
2024-05-05 14:56:14.692: 8 test start:
2024-05-05 14:56:19.177: 8 avg_reward: 0.0
2024-05-05 14:56:19.177: 8 avg_steps: 210.0
2024-05-05 14:56:19.177: 8 epsilon: 0.33112089999999994
2024-05-05 15:10:30.597: 9 test start:
2024-05-05 15:10:35.440: 9 avg_reward: 0.0
2024-05-05 15:10:35.440: 9 avg_steps: 229.65
2024-05-05 15:10:35.440: 9 epsilon: 0.2490211
2024-05-05 15:24:35.115: 10 test start:
2024-05-05 15:24:40.064: 10 avg_reward: 0.0
2024-05-05 15:24:40.064: 10 avg_steps: 231.1
2024-05-05 15:24:40.064: 10 epsilon: 0.16977069999999994
2024-05-05 15:38:42.840: 11 test start:
2024-05-05 15:38:49.370: 11 avg_reward: 0.0
2024-05-05 15:38:49.370: 11 avg_steps: 303.8
2024-05-05 15:38:49.370: 11 epsilon: 0.1
2024-05-05 15:52:52.979: 12 test start:
2024-05-05 15:52:57.876: 12 avg_reward: 0.0
2024-05-05 15:52:57.876: 12 avg_steps: 229.45
2024-05-05 15:52:57.876: 12 epsilon: 0.1
2024-05-05 16:07:04.353: 13 test start:
2024-05-05 16:07:13.883: 13 avg_reward: 0.0
2024-05-05 16:07:13.884: 13 avg_steps: 454.9
2024-05-05 16:07:13.884: 13 epsilon: 0.1
2024-05-05 16:21:17.082: 14 test start:
2024-05-05 16:21:22.159: 14 avg_reward: 0.0
2024-05-05 16:21:22.159: 14 avg_steps: 235.5
2024-05-05 16:21:22.159: 14 epsilon: 0.1
2024-05-05 16:35:32.809: 15 test start:
2024-05-05 16:35:56.635: 15 avg_reward: 0.0
2024-05-05 16:35:56.635: 15 avg_steps: 1138.2
2024-05-05 16:35:56.635: 15 epsilon: 0.1
2024-05-05 16:50:16.790: 16 test start:
2024-05-05 16:50:26.855: 16 avg_reward: 0.0
2024-05-05 16:50:26.855: 16 avg_steps: 482.25
2024-05-05 16:50:26.855: 16 epsilon: 0.1
2024-05-05 17:05:22.018: 17 test start:
2024-05-05 17:05:26.069: 17 avg_reward: 0.0
2024-05-05 17:05:26.069: 17 avg_steps: 191.6
2024-05-05 17:05:26.069: 17 epsilon: 0.1
2024-05-05 17:18:35.584: 18 test start:
2024-05-05 17:19:18.550: 18 avg_reward: 0.0
2024-05-05 17:19:18.550: 18 avg_steps: 2071.85
2024-05-05 17:19:18.550: 18 epsilon: 0.1
2024-05-05 17:33:27.907: 19 test start:
2024-05-05 17:33:39.333: 19 avg_reward: 0.0
2024-05-05 17:33:39.333: 19 avg_steps: 549.05
2024-05-05 17:33:39.333: 19 epsilon: 0.1
2024-05-05 17:47:38.475: 20 test start:
2024-05-05 17:49:05.451: 20 avg_reward: 0.0
2024-05-05 17:49:05.451: 20 avg_steps: 4207.0
2024-05-05 17:49:05.451: 20 epsilon: 0.1
2024-05-05 18:03:03.773: 21 test start:
2024-05-05 18:03:07.364: 21 avg_reward: 0.0
2024-05-05 18:03:07.364: 21 avg_steps: 168.35
2024-05-05 18:03:07.364: 21 epsilon: 0.1
2024-05-05 18:17:07.526: 22 test start:
2024-05-05 18:17:13.163: 22 avg_reward: 0.0
2024-05-05 18:17:13.163: 22 avg_steps: 264.9
2024-05-05 18:17:13.163: 22 epsilon: 0.1
2024-05-05 18:31:13.336: 23 test start:
2024-05-05 18:31:27.779: 23 avg_reward: 0.0
2024-05-05 18:31:27.779: 23 avg_steps: 691.2
2024-05-05 18:31:27.779: 23 epsilon: 0.1
2024-05-05 18:45:29.398: 24 test start:
2024-05-05 18:45:33.397: 24 avg_reward: 0.0
2024-05-05 18:45:33.398: 24 avg_steps: 188.05
2024-05-05 18:45:33.398: 24 epsilon: 0.1
2024-05-05 18:59:32.066: 25 test start:
2024-05-05 19:01:21.568: 25 avg_reward: 0.0
2024-05-05 19:01:21.568: 25 avg_steps: 5309.0
2024-05-05 19:01:21.568: 25 epsilon: 0.1
2024-05-05 19:15:27.421: 26 test start:
2024-05-05 19:15:32.697: 26 avg_reward: 0.0
2024-05-05 19:15:32.697: 26 avg_steps: 250.4
2024-05-05 19:15:32.697: 26 epsilon: 0.1
2024-05-05 19:29:54.065: 27 test start:
2024-05-05 19:30:01.939: 27 avg_reward: 0.0
2024-05-05 19:30:01.939: 27 avg_steps: 374.7
2024-05-05 19:30:01.939: 27 epsilon: 0.1
2024-05-05 19:43:57.053: 28 test start:
2024-05-05 19:44:03.437: 28 avg_reward: 0.0
2024-05-05 19:44:03.438: 28 avg_steps: 302.25
2024-05-05 19:44:03.438: 28 epsilon: 0.1
2024-05-05 19:58:05.075: 29 test start:
2024-05-05 19:58:09.371: 29 avg_reward: 0.0
2024-05-05 19:58:09.371: 29 avg_steps: 201.85
2024-05-05 19:58:09.371: 29 epsilon: 0.1
2024-05-05 20:12:10.048: 30 test start:
2024-05-05 20:12:15.602: 30 avg_reward: 0.0
2024-05-05 20:12:15.602: 30 avg_steps: 265.15
2024-05-05 20:12:15.602: 30 epsilon: 0.1
2024-05-05 20:26:22.154: 31 test start:
2024-05-05 20:26:33.373: 31 avg_reward: 0.0
2024-05-05 20:26:33.374: 31 avg_steps: 535.3
2024-05-05 20:26:33.374: 31 epsilon: 0.1
2024-05-05 20:40:54.114: 32 test start:
2024-05-05 20:41:34.773: 32 avg_reward: 0.0
2024-05-05 20:41:34.773: 32 avg_steps: 1944.65
2024-05-05 20:41:34.773: 32 epsilon: 0.1
2024-05-05 20:56:02.622: 33 test start:
2024-05-05 21:04:03.749: 33 avg_reward: 0.0
2024-05-05 21:04:03.749: 33 avg_steps: 22990.55
2024-05-05 21:04:03.749: 33 epsilon: 0.1
2024-05-05 21:18:31.043: 34 test start:
2024-05-05 21:18:37.789: 34 avg_reward: 0.0
2024-05-05 21:18:37.789: 34 avg_steps: 313.7
2024-05-05 21:18:37.789: 34 epsilon: 0.1
2024-05-05 21:33:03.643: 35 test start:
2024-05-05 21:33:32.309: 35 avg_reward: 0.0
2024-05-05 21:33:32.309: 35 avg_steps: 1363.9
2024-05-05 21:33:32.309: 35 epsilon: 0.1
2024-05-05 21:48:01.169: 36 test start:
2024-05-05 21:51:53.234: 36 avg_reward: 0.0
2024-05-05 21:51:53.234: 36 avg_steps: 11110.9
2024-05-05 21:51:53.234: 36 epsilon: 0.1
2024-05-05 22:09:38.170: 37 test start:
2024-05-05 22:10:38.240: 37 avg_reward: 0.0
2024-05-05 22:10:38.240: 37 avg_steps: 2893.2
2024-05-05 22:10:38.240: 37 epsilon: 0.1
2024-05-05 22:21:50.601: 38 test start:
2024-05-05 22:21:57.940: 38 avg_reward: 0.0
2024-05-05 22:21:57.940: 38 avg_steps: 342.4
2024-05-05 22:21:57.940: 38 epsilon: 0.1
2024-05-05 22:36:25.154: 39 test start:
2024-05-05 22:36:51.554: 39 avg_reward: 0.0
2024-05-05 22:36:51.554: 39 avg_steps: 1262.95
2024-05-05 22:36:51.554: 39 epsilon: 0.1
2024-05-05 22:54:43.542: 40 test start:
2024-05-05 23:04:01.353: 40 avg_reward: 0.0
2024-05-05 23:04:01.353: 40 avg_steps: 27000.0
2024-05-05 23:04:01.353: 40 epsilon: 0.1
2024-05-05 23:15:48.376: 41 test start:
2024-05-05 23:25:07.479: 41 avg_reward: 0.0
2024-05-05 23:25:07.479: 41 avg_steps: 27000.0
2024-05-05 23:25:07.479: 41 epsilon: 0.1
2024-05-05 23:42:48.607: 42 test start:
2024-05-05 23:47:47.235: 42 avg_reward: 0.0
2024-05-05 23:47:47.236: 42 avg_steps: 14283.85
2024-05-05 23:47:47.236: 42 epsilon: 0.1
2024-05-05 23:59:38.714: 43 test start:
2024-05-06 00:07:49.659: 43 avg_reward: 5.0
2024-05-06 00:07:49.659: 43 avg_steps: 23878.75
2024-05-06 00:07:49.659: 43 epsilon: 0.1
2024-05-06 00:21:19.935: 44 test start:
2024-05-06 00:28:52.126: 44 avg_reward: 15.0
2024-05-06 00:28:52.127: 44 avg_steps: 21746.45
2024-05-06 00:28:52.127: 44 epsilon: 0.1
2024-05-06 00:43:39.539: 45 test start:
2024-05-06 00:51:54.075: 45 avg_reward: 35.0
2024-05-06 00:51:54.075: 45 avg_steps: 23971.4
2024-05-06 00:51:54.076: 45 epsilon: 0.1
2024-05-06 01:06:18.214: 46 test start:
2024-05-06 01:12:44.667: 46 avg_reward: 85.0
2024-05-06 01:12:44.667: 46 avg_steps: 18654.75
2024-05-06 01:12:44.667: 46 epsilon: 0.1
2024-05-06 01:27:17.436: 47 test start:
2024-05-06 01:33:29.094: 47 avg_reward: 60.0
2024-05-06 01:33:29.095: 47 avg_steps: 18017.9
2024-05-06 01:33:29.095: 47 epsilon: 0.1
2024-05-06 01:49:50.302: 48 test start:
2024-05-06 01:54:55.832: 48 avg_reward: 25.0
2024-05-06 01:54:55.832: 48 avg_steps: 14681.35
2024-05-06 01:54:55.832: 48 epsilon: 0.1
2024-05-06 02:07:50.646: 49 test start:
2024-05-06 02:10:08.522: 49 avg_reward: 30.0
2024-05-06 02:10:08.522: 49 avg_steps: 6679.35
2024-05-06 02:10:08.522: 49 epsilon: 0.1
2024-05-06 02:24:42.247: 50 test start:
2024-05-06 02:27:52.170: 50 avg_reward: 0.0
2024-05-06 02:27:52.170: 50 avg_steps: 9176.35
2024-05-06 02:27:52.170: 50 epsilon: 0.1
2024-05-06 02:44:39.784: 51 test start:
2024-05-06 02:53:12.840: 51 avg_reward: 90.0
2024-05-06 02:53:12.841: 51 avg_steps: 24912.5
2024-05-06 02:53:12.841: 51 epsilon: 0.1
2024-05-06 03:05:31.343: 52 test start:
2024-05-06 03:10:09.955: 52 avg_reward: 0.0
2024-05-06 03:10:09.955: 52 avg_steps: 13581.35
2024-05-06 03:10:09.955: 52 epsilon: 0.1
2024-05-06 03:23:47.310: 53 test start:
2024-05-06 03:31:11.846: 53 avg_reward: 15.0
2024-05-06 03:31:11.846: 53 avg_steps: 21517.5
2024-05-06 03:31:11.846: 53 epsilon: 0.1
2024-05-06 03:46:07.234: 54 test start:
2024-05-06 03:55:23.085: 54 avg_reward: 0.0
2024-05-06 03:55:23.085: 54 avg_steps: 27000.0
2024-05-06 03:55:23.085: 54 epsilon: 0.1
2024-05-06 04:10:51.345: 55 test start:
2024-05-06 04:20:05.711: 55 avg_reward: 100.0
2024-05-06 04:20:05.711: 55 avg_steps: 27000.0
2024-05-06 04:20:05.711: 55 epsilon: 0.1
2024-05-06 04:35:32.591: 56 test start:
2024-05-06 04:44:51.119: 56 avg_reward: 0.0
2024-05-06 04:44:51.119: 56 avg_steps: 27000.0
2024-05-06 04:44:51.119: 56 epsilon: 0.1
2024-05-06 04:56:20.317: 57 test start:
2024-05-06 05:05:35.101: 57 avg_reward: 20.0
2024-05-06 05:05:35.101: 57 avg_steps: 27000.0
2024-05-06 05:05:35.101: 57 epsilon: 0.1
2024-05-06 05:22:00.772: 58 test start:
2024-05-06 05:24:31.480: 58 avg_reward: 40.0
2024-05-06 05:24:31.480: 58 avg_steps: 7345.0
2024-05-06 05:24:31.480: 58 epsilon: 0.1
2024-05-06 05:37:19.442: 59 test start:
2024-05-06 05:38:23.177: 59 avg_reward: 25.0
2024-05-06 05:38:23.177: 59 avg_steps: 3097.8
2024-05-06 05:38:23.177: 59 epsilon: 0.1
2024-05-06 05:54:48.106: 60 test start:
2024-05-06 05:59:50.462: 60 avg_reward: 65.0
2024-05-06 05:59:50.462: 60 avg_steps: 14652.6
2024-05-06 05:59:50.462: 60 epsilon: 0.1
2024-05-06 06:14:28.185: 61 test start:
2024-05-06 06:23:46.079: 61 avg_reward: 95.0
2024-05-06 06:23:46.079: 61 avg_steps: 27000.0
2024-05-06 06:23:46.079: 61 epsilon: 0.1
2024-05-06 06:35:09.725: 62 test start:
2024-05-06 06:44:24.813: 62 avg_reward: 55.0
2024-05-06 06:44:24.813: 62 avg_steps: 27000.0
2024-05-06 06:44:24.813: 62 epsilon: 0.1
2024-05-06 06:58:41.934: 63 test start:
2024-05-06 07:06:03.834: 63 avg_reward: 300.0
2024-05-06 07:06:03.834: 63 avg_steps: 21776.9
2024-05-06 07:06:03.834: 63 epsilon: 0.1
2024-05-06 07:19:29.861: 64 test start:
2024-05-06 07:20:23.815: 64 avg_reward: 110.0
2024-05-06 07:20:23.815: 64 avg_steps: 2613.1
2024-05-06 07:20:23.815: 64 epsilon: 0.1
2024-05-06 07:35:58.057: 65 test start:
2024-05-06 07:39:59.013: 65 avg_reward: 165.0
2024-05-06 07:39:59.013: 65 avg_steps: 11678.95
2024-05-06 07:39:59.013: 65 epsilon: 0.1
2024-05-06 07:54:07.248: 66 test start:
2024-05-06 07:55:38.154: 66 avg_reward: 0.0
2024-05-06 07:55:38.154: 66 avg_steps: 4377.65
2024-05-06 07:55:38.154: 66 epsilon: 0.1
2024-05-06 08:08:59.363: 67 test start:
2024-05-06 08:09:31.803: 67 avg_reward: 5.0
2024-05-06 08:09:31.803: 67 avg_steps: 1574.4
2024-05-06 08:09:31.803: 67 epsilon: 0.1
2024-05-06 08:26:57.577: 68 test start:
2024-05-06 08:28:51.705: 68 avg_reward: 105.0
2024-05-06 08:28:51.705: 68 avg_steps: 5469.45
2024-05-06 08:28:51.705: 68 epsilon: 0.1
2024-05-06 08:40:09.658: 69 test start:
2024-05-06 08:42:02.904: 69 avg_reward: 85.0
2024-05-06 08:42:02.904: 69 avg_steps: 5483.45
2024-05-06 08:42:02.904: 69 epsilon: 0.1
2024-05-06 08:57:47.662: 70 test start:
2024-05-06 09:01:30.755: 70 avg_reward: 20.0
2024-05-06 09:01:30.755: 70 avg_steps: 10779.2
2024-05-06 09:01:30.755: 70 epsilon: 0.1
2024-05-06 09:15:05.670: 71 test start:
2024-05-06 09:20:49.589: 71 avg_reward: 230.0
2024-05-06 09:20:49.589: 71 avg_steps: 17039.45
2024-05-06 09:20:49.589: 71 epsilon: 0.1
2024-05-06 09:34:51.914: 72 test start:
2024-05-06 09:38:43.729: 72 avg_reward: 125.0
2024-05-06 09:38:43.729: 72 avg_steps: 11387.15
2024-05-06 09:38:43.729: 72 epsilon: 0.1
2024-05-06 09:53:44.155: 73 test start:
2024-05-06 09:59:33.137: 73 avg_reward: 280.0
2024-05-06 09:59:33.137: 73 avg_steps: 17080.55
2024-05-06 09:59:33.137: 73 epsilon: 0.1
2024-05-06 10:13:25.168: 74 test start:
2024-05-06 10:16:20.929: 74 avg_reward: 95.0
2024-05-06 10:16:20.930: 74 avg_steps: 8617.45
2024-05-06 10:16:20.930: 74 epsilon: 0.1
2024-05-06 10:30:17.660: 75 test start:
2024-05-06 10:38:10.701: 75 avg_reward: 370.0
2024-05-06 10:38:10.701: 75 avg_steps: 23068.2
2024-05-06 10:38:10.701: 75 epsilon: 0.1
2024-05-06 10:54:20.590: 76 test start:
2024-05-06 11:02:45.707: 76 avg_reward: 400.0
2024-05-06 11:02:45.707: 76 avg_steps: 24550.85
2024-05-06 11:02:45.707: 76 epsilon: 0.1
2024-05-06 11:16:13.032: 77 test start:
2024-05-06 11:23:36.571: 77 avg_reward: 365.0
2024-05-06 11:23:36.571: 77 avg_steps: 21829.1
2024-05-06 11:23:36.571: 77 epsilon: 0.1
2024-05-06 11:37:07.901: 78 test start:
2024-05-06 11:46:01.729: 78 avg_reward: 160.0
2024-05-06 11:46:01.729: 78 avg_steps: 25988.85
2024-05-06 11:46:01.729: 78 epsilon: 0.1
2024-05-06 12:01:45.801: 79 test start:
2024-05-06 12:10:32.268: 79 avg_reward: 400.0
2024-05-06 12:10:32.268: 79 avg_steps: 25506.7
2024-05-06 12:10:32.268: 79 epsilon: 0.1
2024-05-06 12:27:00.678: 80 test start:
2024-05-06 12:34:20.520: 80 avg_reward: 330.0
2024-05-06 12:34:20.520: 80 avg_steps: 21197.8
2024-05-06 12:34:20.520: 80 epsilon: 0.1
2024-05-06 12:47:06.141: 81 test start:
2024-05-06 12:54:59.852: 81 avg_reward: 165.0
2024-05-06 12:54:59.852: 81 avg_steps: 22796.85
2024-05-06 12:54:59.852: 81 epsilon: 0.1
2024-05-06 13:08:22.897: 82 test start:
2024-05-06 13:15:35.539: 82 avg_reward: 360.0
2024-05-06 13:15:35.539: 82 avg_steps: 21042.45
2024-05-06 13:15:35.539: 82 epsilon: 0.1
2024-05-06 13:29:25.559: 83 test start:
2024-05-06 13:29:34.025: 83 avg_reward: 25.0
2024-05-06 13:29:34.025: 83 avg_steps: 401.4
2024-05-06 13:29:34.026: 83 epsilon: 0.1
2024-05-06 13:43:53.176: 84 test start:
2024-05-06 13:44:02.896: 84 avg_reward: 50.0
2024-05-06 13:44:02.896: 84 avg_steps: 469.5
2024-05-06 13:44:02.896: 84 epsilon: 0.1
2024-05-06 13:58:51.005: 85 test start:
2024-05-06 14:07:45.048: 85 avg_reward: 385.0
2024-05-06 14:07:45.048: 85 avg_steps: 25991.0
2024-05-06 14:07:45.048: 85 epsilon: 0.1
2024-05-06 14:25:21.494: 86 test start:
2024-05-06 14:33:42.939: 86 avg_reward: 400.0
2024-05-06 14:33:42.940: 86 avg_steps: 24322.75
2024-05-06 14:33:42.940: 86 epsilon: 0.1
2024-05-06 14:47:07.888: 87 test start:
2024-05-06 14:49:00.323: 87 avg_reward: 400.0
2024-05-06 14:49:00.323: 87 avg_steps: 5463.4
2024-05-06 14:49:00.323: 87 epsilon: 0.1
2024-05-06 15:01:13.044: 88 test start:
2024-05-06 15:08:46.012: 88 avg_reward: 175.0
2024-05-06 15:08:46.012: 88 avg_steps: 22000.7
2024-05-06 15:08:46.012: 88 epsilon: 0.1
2024-05-06 15:23:03.991: 89 test start:
2024-05-06 15:24:17.472: 89 avg_reward: 400.0
2024-05-06 15:24:17.472: 89 avg_steps: 3577.3
2024-05-06 15:24:17.472: 89 epsilon: 0.1
2024-05-06 15:38:12.916: 90 test start:
2024-05-06 15:40:33.221: 90 avg_reward: 390.0
2024-05-06 15:40:33.222: 90 avg_steps: 6915.15
2024-05-06 15:40:33.222: 90 epsilon: 0.1
2024-05-06 15:55:25.441: 91 test start:
2024-05-06 15:58:06.688: 91 avg_reward: 400.0
2024-05-06 15:58:06.688: 91 avg_steps: 7855.35
2024-05-06 15:58:06.688: 91 epsilon: 0.1
2024-05-06 16:11:54.799: 92 test start:
2024-05-06 16:16:52.028: 92 avg_reward: 400.0
2024-05-06 16:16:52.028: 92 avg_steps: 14512.1
2024-05-06 16:16:52.034: 92 epsilon: 0.1
2024-05-06 16:33:36.275: 93 test start:
2024-05-06 16:35:48.647: 93 avg_reward: 400.0
2024-05-06 16:35:48.647: 93 avg_steps: 6417.35
2024-05-06 16:35:48.647: 93 epsilon: 0.1
2024-05-06 16:47:37.450: 94 test start:
2024-05-06 16:48:15.169: 94 avg_reward: 400.0
2024-05-06 16:48:15.169: 94 avg_steps: 1829.75
2024-05-06 16:48:15.169: 94 epsilon: 0.1
2024-05-06 17:02:24.633: 95 test start:
2024-05-06 17:03:21.333: 95 avg_reward: 400.0
2024-05-06 17:03:21.333: 95 avg_steps: 2730.5
2024-05-06 17:03:21.333: 95 epsilon: 0.1
2024-05-06 17:18:13.653: 96 test start:
2024-05-06 17:18:50.331: 96 avg_reward: 385.0
2024-05-06 17:18:50.331: 96 avg_steps: 1772.15
2024-05-06 17:18:50.331: 96 epsilon: 0.1
2024-05-06 17:32:47.183: 97 test start:
2024-05-06 17:38:01.040: 97 avg_reward: 400.0
2024-05-06 17:38:01.040: 97 avg_steps: 15442.0
2024-05-06 17:38:01.040: 97 epsilon: 0.1
2024-05-06 17:54:00.505: 98 test start:
2024-05-06 18:01:55.193: 98 avg_reward: 400.0
2024-05-06 18:01:55.193: 98 avg_steps: 23532.8
2024-05-06 18:01:55.193: 98 epsilon: 0.1
2024-05-06 18:15:33.773: 99 test start:
2024-05-06 18:21:18.221: 99 avg_reward: 400.0
2024-05-06 18:21:18.221: 99 avg_steps: 16740.4
2024-05-06 18:21:18.221: 99 epsilon: 0.1
2024-05-06 18:34:56.951: 100 test start:
2024-05-06 18:35:50.672: 100 avg_reward: 400.0
2024-05-06 18:35:50.672: 100 avg_steps: 2589.0
2024-05-06 18:35:50.672: 100 epsilon: 0.1
2024-05-06 18:51:32.249: 101 test start:
2024-05-06 19:00:04.110: 101 avg_reward: 400.0
2024-05-06 19:00:04.110: 101 avg_steps: 25782.1
2024-05-06 19:00:04.110: 101 epsilon: 0.1
2024-05-06 19:16:08.370: 102 test start:
2024-05-06 19:22:43.062: 102 avg_reward: 405.0
2024-05-06 19:22:43.062: 102 avg_steps: 19673.05
2024-05-06 19:22:43.062: 102 epsilon: 0.1
2024-05-06 19:33:35.501: 103 test start:
2024-05-06 19:35:32.302: 103 avg_reward: 400.0
2024-05-06 19:35:32.302: 103 avg_steps: 5721.95
2024-05-06 19:35:32.302: 103 epsilon: 0.1
2024-05-06 19:50:02.591: 104 test start:
2024-05-06 19:52:50.730: 104 avg_reward: 400.0
2024-05-06 19:52:50.730: 104 avg_steps: 8182.95
2024-05-06 19:52:50.730: 104 epsilon: 0.1
2024-05-06 20:06:55.772: 105 test start:
2024-05-06 20:08:19.308: 105 avg_reward: 400.0
2024-05-06 20:08:19.308: 105 avg_steps: 4045.9
2024-05-06 20:08:19.308: 105 epsilon: 0.1
2024-05-06 20:22:43.820: 106 test start:
2024-05-06 20:29:39.232: 106 avg_reward: 400.0
2024-05-06 20:29:39.232: 106 avg_steps: 20016.3
2024-05-06 20:29:39.232: 106 epsilon: 0.1
2024-05-06 20:46:11.530: 107 test start:
2024-05-06 20:50:29.134: 107 avg_reward: 400.0
2024-05-06 20:50:29.134: 107 avg_steps: 12503.45
2024-05-06 20:50:29.134: 107 epsilon: 0.1
2024-05-06 21:05:14.283: 108 test start:
2024-05-06 21:10:15.445: 108 avg_reward: 415.0
2024-05-06 21:10:15.445: 108 avg_steps: 14707.15
2024-05-06 21:10:15.445: 108 epsilon: 0.1
2024-05-06 21:24:06.488: 109 test start:
2024-05-06 21:27:35.463: 109 avg_reward: 435.0
2024-05-06 21:27:35.463: 109 avg_steps: 10297.4
2024-05-06 21:27:35.463: 109 epsilon: 0.1
2024-05-06 21:40:01.707: 110 test start:
2024-05-06 21:46:42.458: 110 avg_reward: 425.0
2024-05-06 21:46:42.458: 110 avg_steps: 19955.65
2024-05-06 21:46:42.458: 110 epsilon: 0.1
2024-05-06 22:01:20.730: 111 test start:
2024-05-06 22:06:48.257: 111 avg_reward: 400.0
2024-05-06 22:06:48.257: 111 avg_steps: 15951.55
2024-05-06 22:06:48.257: 111 epsilon: 0.1
2024-05-06 22:22:43.766: 112 test start:
2024-05-06 22:30:15.288: 112 avg_reward: 400.0
2024-05-06 22:30:15.288: 112 avg_steps: 21912.8
2024-05-06 22:30:15.288: 112 epsilon: 0.1
2024-05-06 22:44:20.994: 113 test start:
2024-05-06 22:49:00.947: 113 avg_reward: 400.0
2024-05-06 22:49:00.947: 113 avg_steps: 13332.7
2024-05-06 22:49:00.947: 113 epsilon: 0.1
2024-05-06 23:03:12.758: 114 test start:
2024-05-06 23:07:08.818: 114 avg_reward: 425.0
2024-05-06 23:07:08.818: 114 avg_steps: 11540.05
2024-05-06 23:07:08.818: 114 epsilon: 0.1
2024-05-06 23:19:47.467: 115 test start:
2024-05-06 23:21:46.059: 115 avg_reward: 405.0
2024-05-06 23:21:46.059: 115 avg_steps: 5764.55
2024-05-06 23:21:46.059: 115 epsilon: 0.1
2024-05-06 23:37:09.293: 116 test start:
2024-05-06 23:45:33.040: 116 avg_reward: 405.0
2024-05-06 23:45:33.041: 116 avg_steps: 24711.5
2024-05-06 23:45:33.041: 116 epsilon: 0.1
2024-05-07 00:01:08.446: 117 test start:
2024-05-07 00:03:54.153: 117 avg_reward: 405.0
2024-05-07 00:03:54.153: 117 avg_steps: 8124.35
2024-05-07 00:03:54.153: 117 epsilon: 0.1
2024-05-07 00:15:54.848: 118 test start:
2024-05-07 00:19:57.022: 118 avg_reward: 400.0
2024-05-07 00:19:57.022: 118 avg_steps: 11707.8
2024-05-07 00:19:57.022: 118 epsilon: 0.1
2024-05-07 00:35:27.514: 119 test start:
2024-05-07 00:39:06.984: 119 avg_reward: 400.0
2024-05-07 00:39:06.984: 119 avg_steps: 10601.1
2024-05-07 00:39:06.984: 119 epsilon: 0.1
2024-05-07 00:52:10.951: 120 test start:
2024-05-07 00:57:14.173: 120 avg_reward: 455.0
2024-05-07 00:57:14.173: 120 avg_steps: 14688.25
2024-05-07 00:57:14.173: 120 epsilon: 0.1
2024-05-07 01:12:39.870: 121 test start:
2024-05-07 01:15:01.659: 121 avg_reward: 430.0
2024-05-07 01:15:01.659: 121 avg_steps: 6911.3
2024-05-07 01:15:01.659: 121 epsilon: 0.1
2024-05-07 01:31:29.951: 122 test start:
2024-05-07 01:36:49.198: 122 avg_reward: 420.0
2024-05-07 01:36:49.198: 122 avg_steps: 15620.15
2024-05-07 01:36:49.198: 122 epsilon: 0.1
2024-05-07 01:47:58.263: 123 test start:
2024-05-07 01:50:37.730: 123 avg_reward: 500.0
2024-05-07 01:50:37.730: 123 avg_steps: 7684.2
2024-05-07 01:50:37.730: 123 epsilon: 0.1
2024-05-07 02:04:41.543: 124 test start:
2024-05-07 02:09:21.433: 124 avg_reward: 450.0
2024-05-07 02:09:21.433: 124 avg_steps: 13620.2
2024-05-07 02:09:21.433: 124 epsilon: 0.1
2024-05-07 02:23:33.795: 125 test start:
2024-05-07 02:27:58.341: 125 avg_reward: 480.0
2024-05-07 02:27:58.341: 125 avg_steps: 12848.15
2024-05-07 02:27:58.341: 125 epsilon: 0.1
2024-05-07 02:43:49.894: 126 test start:
2024-05-07 02:49:46.596: 126 avg_reward: 440.0
2024-05-07 02:49:46.596: 126 avg_steps: 17237.3
2024-05-07 02:49:46.596: 126 epsilon: 0.1
2024-05-07 03:06:06.206: 127 test start:
2024-05-07 03:13:32.148: 127 avg_reward: 400.0
2024-05-07 03:13:32.148: 127 avg_steps: 21621.25
2024-05-07 03:13:32.148: 127 epsilon: 0.1
2024-05-07 03:25:25.966: 128 test start:
2024-05-07 03:34:04.726: 128 avg_reward: 405.0
2024-05-07 03:34:04.726: 128 avg_steps: 24866.0
2024-05-07 03:34:04.726: 128 epsilon: 0.1
2024-05-07 03:49:24.341: 129 test start:
2024-05-07 03:58:28.611: 129 avg_reward: 400.0
2024-05-07 03:58:28.611: 129 avg_steps: 26343.85
2024-05-07 03:58:28.611: 129 epsilon: 0.1
2024-05-07 04:14:25.783: 130 test start:
2024-05-07 04:17:18.648: 130 avg_reward: 385.0
2024-05-07 04:17:18.648: 130 avg_steps: 8430.85
2024-05-07 04:17:18.648: 130 epsilon: 0.1
2024-05-07 04:28:54.753: 131 test start:
2024-05-07 04:32:09.508: 131 avg_reward: 480.0
2024-05-07 04:32:09.508: 131 avg_steps: 9444.3
2024-05-07 04:32:09.508: 131 epsilon: 0.1
2024-05-07 04:48:21.097: 132 test start:
2024-05-07 04:57:32.892: 132 avg_reward: 500.0
2024-05-07 04:57:32.892: 132 avg_steps: 27000.0
2024-05-07 04:57:32.892: 132 epsilon: 0.1
2024-05-07 05:10:54.859: 133 test start:
2024-05-07 05:19:02.272: 133 avg_reward: 485.0
2024-05-07 05:19:02.272: 133 avg_steps: 23799.65
2024-05-07 05:19:02.272: 133 epsilon: 0.1
2024-05-07 05:32:10.564: 134 test start:
2024-05-07 05:40:22.702: 134 avg_reward: 500.0
2024-05-07 05:40:22.702: 134 avg_steps: 24071.5
2024-05-07 05:40:22.702: 134 epsilon: 0.1
2024-05-07 05:54:51.746: 135 test start:
2024-05-07 05:58:17.968: 135 avg_reward: 455.0
2024-05-07 05:58:17.968: 135 avg_steps: 10096.75
2024-05-07 05:58:17.968: 135 epsilon: 0.1
2024-05-07 06:12:43.600: 136 test start:
2024-05-07 06:13:45.797: 136 avg_reward: 415.0
2024-05-07 06:13:45.797: 136 avg_steps: 2972.2
2024-05-07 06:13:45.797: 136 epsilon: 0.1
2024-05-07 06:28:29.054: 137 test start:
2024-05-07 06:33:33.328: 137 avg_reward: 480.0
2024-05-07 06:33:33.328: 137 avg_steps: 15057.55
2024-05-07 06:33:33.328: 137 epsilon: 0.1
2024-05-07 06:48:07.198: 138 test start:
2024-05-07 06:51:32.762: 138 avg_reward: 410.0
2024-05-07 06:51:32.762: 138 avg_steps: 9896.9
2024-05-07 06:51:32.762: 138 epsilon: 0.1
2024-05-07 07:05:15.899: 139 test start:
2024-05-07 07:12:30.664: 139 avg_reward: 395.0
2024-05-07 07:12:30.664: 139 avg_steps: 21770.15
2024-05-07 07:12:30.664: 139 epsilon: 0.1
2024-05-07 07:26:56.160: 140 test start:
2024-05-07 07:30:38.646: 140 avg_reward: 405.0
2024-05-07 07:30:38.646: 140 avg_steps: 10811.1
2024-05-07 07:30:38.647: 140 epsilon: 0.1
2024-05-07 07:48:41.672: 141 test start:
2024-05-07 07:57:03.418: 141 avg_reward: 500.0
2024-05-07 07:57:03.418: 141 avg_steps: 25067.85
2024-05-07 07:57:03.418: 141 epsilon: 0.1
2024-05-07 08:08:30.980: 142 test start:
2024-05-07 08:11:32.738: 142 avg_reward: 500.0
2024-05-07 08:11:32.738: 142 avg_steps: 8820.1
2024-05-07 08:11:32.738: 142 epsilon: 0.1
2024-05-07 08:27:21.708: 143 test start:
2024-05-07 08:35:11.224: 143 avg_reward: 475.0
2024-05-07 08:35:11.224: 143 avg_steps: 22627.65
2024-05-07 08:35:11.224: 143 epsilon: 0.1
2024-05-07 08:48:23.486: 144 test start:
2024-05-07 08:55:33.686: 144 avg_reward: 550.0
2024-05-07 08:55:33.686: 144 avg_steps: 20875.05
2024-05-07 08:55:33.686: 144 epsilon: 0.1
2024-05-07 09:07:38.412: 145 test start:
2024-05-07 09:13:10.553: 145 avg_reward: 505.0
2024-05-07 09:13:10.553: 145 avg_steps: 18242.95
2024-05-07 09:13:10.553: 145 epsilon: 0.1
2024-05-07 09:27:34.990: 146 test start:
2024-05-07 09:28:40.109: 146 avg_reward: 400.0
2024-05-07 09:28:40.110: 146 avg_steps: 3437.6
2024-05-07 09:28:40.110: 146 epsilon: 0.1
2024-05-07 09:41:16.852: 147 test start:
2024-05-07 09:45:28.329: 147 avg_reward: 500.0
2024-05-07 09:45:28.329: 147 avg_steps: 13429.4
2024-05-07 09:45:28.329: 147 epsilon: 0.1
2024-05-07 09:58:53.659: 148 test start:
2024-05-07 10:05:19.488: 148 avg_reward: 500.0
2024-05-07 10:05:19.488: 148 avg_steps: 20798.55
2024-05-07 10:05:19.488: 148 epsilon: 0.1
2024-05-07 10:20:04.544: 149 test start:
2024-05-07 10:26:46.251: 149 avg_reward: 500.0
2024-05-07 10:26:46.251: 149 avg_steps: 21605.0
2024-05-07 10:26:46.251: 149 epsilon: 0.1
2024-05-07 10:38:31.369: 150 test start:
2024-05-07 10:44:11.815: 150 avg_reward: 515.0
2024-05-07 10:44:11.815: 150 avg_steps: 18343.2
2024-05-07 10:44:11.815: 150 epsilon: 0.1
2024-05-07 10:57:15.081: 151 test start:
2024-05-07 11:01:54.398: 151 avg_reward: 475.0
2024-05-07 11:01:54.398: 151 avg_steps: 14882.05
2024-05-07 11:01:54.398: 151 epsilon: 0.1
2024-05-07 11:14:53.574: 152 test start:
2024-05-07 11:17:25.732: 152 avg_reward: 630.0
2024-05-07 11:17:25.732: 152 avg_steps: 8357.25
2024-05-07 11:17:25.733: 152 epsilon: 0.1
2024-05-07 11:32:19.725: 153 test start:
2024-05-07 11:34:08.650: 153 avg_reward: 460.0
2024-05-07 11:34:08.650: 153 avg_steps: 5926.25
2024-05-07 11:34:08.650: 153 epsilon: 0.1
2024-05-07 11:46:03.884: 154 test start:
2024-05-07 11:46:26.034: 154 avg_reward: 300.0
2024-05-07 11:46:26.034: 154 avg_steps: 1154.7
2024-05-07 11:46:26.034: 154 epsilon: 0.1
2024-05-07 11:59:51.989: 155 test start:
2024-05-07 12:00:39.807: 155 avg_reward: 160.0
2024-05-07 12:00:39.807: 155 avg_steps: 2591.65
2024-05-07 12:00:39.807: 155 epsilon: 0.1
2024-05-07 12:14:34.468: 156 test start:
2024-05-07 12:16:13.023: 156 avg_reward: 160.0
2024-05-07 12:16:13.023: 156 avg_steps: 5250.1
2024-05-07 12:16:13.023: 156 epsilon: 0.1
2024-05-07 12:28:56.768: 157 test start:
2024-05-07 12:29:25.590: 157 avg_reward: 175.0
2024-05-07 12:29:25.590: 157 avg_steps: 1494.6
2024-05-07 12:29:25.590: 157 epsilon: 0.1
2024-05-07 12:44:04.408: 158 test start:
2024-05-07 12:44:22.465: 158 avg_reward: 220.0
2024-05-07 12:44:22.465: 158 avg_steps: 967.05
2024-05-07 12:44:22.465: 158 epsilon: 0.1
2024-05-07 12:56:30.748: 159 test start:
2024-05-07 12:56:47.089: 159 avg_reward: 185.0
2024-05-07 12:56:47.089: 159 avg_steps: 862.3
2024-05-07 12:56:47.089: 159 epsilon: 0.1
2024-05-07 13:10:47.233: 160 test start:
2024-05-07 13:11:28.009: 160 avg_reward: 250.0
2024-05-07 13:11:28.009: 160 avg_steps: 2144.1
2024-05-07 13:11:28.009: 160 epsilon: 0.1
2024-05-07 13:24:39.629: 161 test start:
2024-05-07 13:26:36.581: 161 avg_reward: 360.0
2024-05-07 13:26:36.581: 161 avg_steps: 6135.9
2024-05-07 13:26:36.581: 161 epsilon: 0.1
2024-05-07 13:39:33.692: 162 test start:
2024-05-07 13:40:12.483: 162 avg_reward: 400.0
2024-05-07 13:40:12.483: 162 avg_steps: 2067.4
2024-05-07 13:40:12.483: 162 epsilon: 0.1
2024-05-07 13:53:27.385: 163 test start:
2024-05-07 13:56:44.801: 163 avg_reward: 415.0
2024-05-07 13:56:44.801: 163 avg_steps: 10499.45
2024-05-07 13:56:44.801: 163 epsilon: 0.1
2024-05-07 14:11:14.873: 164 test start:
2024-05-07 14:11:34.754: 164 avg_reward: 400.0
2024-05-07 14:11:34.754: 164 avg_steps: 1076.8
2024-05-07 14:11:34.754: 164 epsilon: 0.1
2024-05-07 14:24:27.541: 165 test start:
2024-05-07 14:27:42.970: 165 avg_reward: 400.0
2024-05-07 14:27:42.970: 165 avg_steps: 10432.95
2024-05-07 14:27:42.970: 165 epsilon: 0.1
2024-05-07 14:42:54.235: 166 test start:
2024-05-07 14:49:43.453: 166 avg_reward: 400.0
2024-05-07 14:49:43.453: 166 avg_steps: 21741.6
2024-05-07 14:49:43.453: 166 epsilon: 0.1
2024-05-07 15:00:49.713: 167 test start:
2024-05-07 15:08:05.247: 167 avg_reward: 385.0
2024-05-07 15:08:05.247: 167 avg_steps: 23103.3
2024-05-07 15:08:05.247: 167 epsilon: 0.1
2024-05-07 15:22:30.161: 168 test start:
2024-05-07 15:30:59.887: 168 avg_reward: 400.0
2024-05-07 15:30:59.888: 168 avg_steps: 27000.0
2024-05-07 15:30:59.888: 168 epsilon: 0.1
2024-05-07 15:43:42.995: 169 test start:
2024-05-07 15:50:11.922: 169 avg_reward: 400.0
2024-05-07 15:50:11.922: 169 avg_steps: 20736.0
2024-05-07 15:50:11.922: 169 epsilon: 0.1
2024-05-07 16:03:36.549: 170 test start:
2024-05-07 16:10:44.556: 170 avg_reward: 370.0
2024-05-07 16:10:44.556: 170 avg_steps: 22522.7
2024-05-07 16:10:44.556: 170 epsilon: 0.1
2024-05-07 16:23:31.715: 171 test start:
2024-05-07 16:24:20.969: 171 avg_reward: 250.0
2024-05-07 16:24:20.969: 171 avg_steps: 2596.75
2024-05-07 16:24:20.969: 171 epsilon: 0.1
2024-05-07 16:37:25.193: 172 test start:
2024-05-07 16:40:09.495: 172 avg_reward: 405.0
2024-05-07 16:40:09.495: 172 avg_steps: 8780.4
2024-05-07 16:40:09.495: 172 epsilon: 0.1
2024-05-07 16:53:44.313: 173 test start:
2024-05-07 16:56:51.298: 173 avg_reward: 355.0
2024-05-07 16:56:51.298: 173 avg_steps: 10040.85
2024-05-07 16:56:51.298: 173 epsilon: 0.1
2024-05-07 17:12:57.008: 174 test start:
2024-05-07 17:17:45.697: 174 avg_reward: 400.0
2024-05-07 17:17:45.697: 174 avg_steps: 15350.45
2024-05-07 17:17:45.697: 174 epsilon: 0.1
2024-05-07 17:29:11.152: 175 test start:
2024-05-07 17:32:40.834: 175 avg_reward: 400.0
2024-05-07 17:32:40.834: 175 avg_steps: 11304.65
2024-05-07 17:32:40.834: 175 epsilon: 0.1
2024-05-07 17:45:48.890: 176 test start:
2024-05-07 17:52:23.739: 176 avg_reward: 400.0
2024-05-07 17:52:23.739: 176 avg_steps: 21303.0
2024-05-07 17:52:23.739: 176 epsilon: 0.1
2024-05-07 18:05:03.889: 177 test start:
2024-05-07 18:12:27.877: 177 avg_reward: 400.0
2024-05-07 18:12:27.877: 177 avg_steps: 24141.15
2024-05-07 18:12:27.877: 177 epsilon: 0.1
2024-05-07 18:28:53.373: 178 test start:
2024-05-07 18:31:23.270: 178 avg_reward: 440.0
2024-05-07 18:31:23.270: 178 avg_steps: 8135.85
2024-05-07 18:31:23.270: 178 epsilon: 0.1
2024-05-07 18:41:19.927: 179 test start:
2024-05-07 18:46:40.642: 179 avg_reward: 400.0
2024-05-07 18:46:40.642: 179 avg_steps: 16973.95
2024-05-07 18:46:40.642: 179 epsilon: 0.1
2024-05-07 19:00:02.103: 180 test start:
2024-05-07 19:03:37.038: 180 avg_reward: 540.0
2024-05-07 19:03:37.038: 180 avg_steps: 11563.0
2024-05-07 19:03:37.038: 180 epsilon: 0.1
2024-05-07 19:17:46.112: 181 test start:
2024-05-07 19:21:09.189: 181 avg_reward: 405.0
2024-05-07 19:21:09.189: 181 avg_steps: 11037.2
2024-05-07 19:21:09.189: 181 epsilon: 0.1
2024-05-07 19:35:52.010: 182 test start:
2024-05-07 19:36:50.699: 182 avg_reward: 400.0
2024-05-07 19:36:50.699: 182 avg_steps: 3126.65
2024-05-07 19:36:50.699: 182 epsilon: 0.1
2024-05-07 19:50:11.306: 183 test start:
2024-05-07 19:52:00.802: 183 avg_reward: 400.0
2024-05-07 19:52:00.802: 183 avg_steps: 5772.6
2024-05-07 19:52:00.802: 183 epsilon: 0.1
2024-05-07 20:03:20.586: 184 test start:
2024-05-07 20:09:28.143: 184 avg_reward: 400.0
2024-05-07 20:09:28.143: 184 avg_steps: 19451.7
2024-05-07 20:09:28.150: 184 epsilon: 0.1
2024-05-07 20:23:30.159: 185 test start:
2024-05-07 20:28:10.134: 185 avg_reward: 415.0
2024-05-07 20:28:10.134: 185 avg_steps: 15134.75
2024-05-07 20:28:10.134: 185 epsilon: 0.1
2024-05-07 20:41:08.923: 186 test start:
2024-05-07 20:43:41.662: 186 avg_reward: 435.0
2024-05-07 20:43:41.662: 186 avg_steps: 8366.8
2024-05-07 20:43:41.662: 186 epsilon: 0.1
2024-05-07 20:57:28.477: 187 test start:
2024-05-07 21:04:27.345: 187 avg_reward: 400.0
2024-05-07 21:04:27.345: 187 avg_steps: 22302.45
2024-05-07 21:04:27.345: 187 epsilon: 0.1
2024-05-07 21:16:53.477: 188 test start:
2024-05-07 21:17:47.800: 188 avg_reward: 400.0
2024-05-07 21:17:47.800: 188 avg_steps: 2994.85
2024-05-07 21:17:47.800: 188 epsilon: 0.1
2024-05-07 21:31:23.895: 189 test start:
2024-05-07 21:34:41.115: 189 avg_reward: 405.0
2024-05-07 21:34:41.115: 189 avg_steps: 10781.15
2024-05-07 21:34:41.115: 189 epsilon: 0.1
2024-05-07 21:48:15.154: 190 test start:
2024-05-07 21:50:22.759: 190 avg_reward: 400.0
2024-05-07 21:50:22.759: 190 avg_steps: 6977.9
2024-05-07 21:50:22.759: 190 epsilon: 0.1
2024-05-07 22:04:58.535: 191 test start:
2024-05-07 22:05:57.557: 191 avg_reward: 435.0
2024-05-07 22:05:57.557: 191 avg_steps: 3142.5
2024-05-07 22:05:57.557: 191 epsilon: 0.1
2024-05-07 22:19:07.166: 192 test start:
2024-05-07 22:24:38.075: 192 avg_reward: 400.0
2024-05-07 22:24:38.075: 192 avg_steps: 17549.8
2024-05-07 22:24:38.075: 192 epsilon: 0.1
2024-05-07 22:36:45.736: 193 test start:
2024-05-07 22:38:20.971: 193 avg_reward: 740.0
2024-05-07 22:38:20.971: 193 avg_steps: 7315.55
2024-05-07 22:38:20.971: 193 epsilon: 0.1
2024-05-07 22:45:56.678: 194 test start:
2024-05-07 22:47:04.913: 194 avg_reward: 390.0
2024-05-07 22:47:04.914: 194 avg_steps: 5945.95
2024-05-07 22:47:04.914: 194 epsilon: 0.1
2024-05-07 22:54:01.185: 195 test start:
2024-05-07 22:54:16.385: 195 avg_reward: 400.0
2024-05-07 22:54:16.385: 195 avg_steps: 1257.85
2024-05-07 22:54:16.385: 195 epsilon: 0.1
2024-05-07 23:01:26.296: 196 test start:
2024-05-07 23:01:47.518: 196 avg_reward: 400.0
2024-05-07 23:01:47.518: 196 avg_steps: 1862.7
2024-05-07 23:01:47.518: 196 epsilon: 0.1
2024-05-07 23:08:07.849: 197 test start:
2024-05-07 23:10:15.471: 197 avg_reward: 585.0
2024-05-07 23:10:15.471: 197 avg_steps: 11162.05
2024-05-07 23:10:15.471: 197 epsilon: 0.1
2024-05-07 23:17:09.769: 198 test start:
2024-05-07 23:18:19.058: 198 avg_reward: 415.0
2024-05-07 23:18:19.058: 198 avg_steps: 5972.2
2024-05-07 23:18:19.058: 198 epsilon: 0.1
2024-05-07 23:25:13.428: 199 test start:
2024-05-07 23:25:26.551: 199 avg_reward: 400.0
2024-05-07 23:25:26.551: 199 avg_steps: 1149.7
2024-05-07 23:25:26.551: 199 epsilon: 0.1
2024-05-07 23:32:41.996: 200 test start:
2024-05-07 23:33:57.050: 200 avg_reward: 405.0
2024-05-07 23:33:57.050: 200 avg_steps: 6680.4
2024-05-07 23:33:57.050: 200 epsilon: 0.1
2024-05-07 23:40:56.569: 201 test start:
2024-05-07 23:42:17.724: 201 avg_reward: 505.0
2024-05-07 23:42:17.724: 201 avg_steps: 6904.0
2024-05-07 23:42:17.724: 201 epsilon: 0.1
2024-05-07 23:48:59.084: 202 test start:
2024-05-07 23:51:21.540: 202 avg_reward: 405.0
2024-05-07 23:51:21.540: 202 avg_steps: 12465.1
2024-05-07 23:51:21.540: 202 epsilon: 0.1
2024-05-07 23:58:56.592: 203 test start:
2024-05-08 00:02:29.816: 203 avg_reward: 450.0
2024-05-08 00:02:29.816: 203 avg_steps: 19794.2
2024-05-08 00:02:29.816: 203 epsilon: 0.1
2024-05-08 00:09:48.966: 204 test start:
2024-05-08 00:12:05.811: 204 avg_reward: 410.0
2024-05-08 00:12:05.811: 204 avg_steps: 12036.85
2024-05-08 00:12:05.811: 204 epsilon: 0.1
2024-05-08 00:18:56.740: 205 test start:
2024-05-08 00:21:24.351: 205 avg_reward: 400.0
2024-05-08 00:21:24.351: 205 avg_steps: 12760.15
2024-05-08 00:21:24.351: 205 epsilon: 0.1
2024-05-08 00:27:32.628: 206 test start:
2024-05-08 00:28:54.266: 206 avg_reward: 705.0
2024-05-08 00:28:54.266: 206 avg_steps: 7273.85
2024-05-08 00:28:54.266: 206 epsilon: 0.1
2024-05-08 00:36:12.468: 207 test start:
2024-05-08 00:37:34.793: 207 avg_reward: 465.0
2024-05-08 00:37:34.793: 207 avg_steps: 7316.75
2024-05-08 00:37:34.793: 207 epsilon: 0.1
2024-05-08 00:44:00.204: 208 test start:
2024-05-08 00:45:09.158: 208 avg_reward: 745.0
2024-05-08 00:45:09.158: 208 avg_steps: 6078.1
2024-05-08 00:45:09.158: 208 epsilon: 0.1
2024-05-08 00:53:08.023: 209 test start:
2024-05-08 00:53:53.519: 209 avg_reward: 450.0
2024-05-08 00:53:53.519: 209 avg_steps: 3858.45
2024-05-08 00:53:53.519: 209 epsilon: 0.1
2024-05-08 00:59:55.271: 210 test start:
2024-05-08 01:01:52.426: 210 avg_reward: 610.0
2024-05-08 01:01:52.426: 210 avg_steps: 10272.0
2024-05-08 01:01:52.426: 210 epsilon: 0.1
2024-05-08 01:09:23.404: 211 test start:
2024-05-08 01:13:50.195: 211 avg_reward: 400.0
2024-05-08 01:13:50.195: 211 avg_steps: 24369.9
2024-05-08 01:13:50.195: 211 epsilon: 0.1
2024-05-08 01:20:21.469: 212 test start:
2024-05-08 01:22:54.157: 212 avg_reward: 435.0
2024-05-08 01:22:54.157: 212 avg_steps: 13820.65
2024-05-08 01:22:54.157: 212 epsilon: 0.1
2024-05-08 01:29:49.152: 213 test start:
2024-05-08 01:33:05.266: 213 avg_reward: 430.0
2024-05-08 01:33:05.266: 213 avg_steps: 16150.65
2024-05-08 01:33:05.266: 213 epsilon: 0.1
2024-05-08 01:40:38.520: 214 test start:
2024-05-08 01:41:03.719: 214 avg_reward: 400.0
2024-05-08 01:41:03.719: 214 avg_steps: 2190.4
2024-05-08 01:41:03.719: 214 epsilon: 0.1
2024-05-08 01:47:18.160: 215 test start:
2024-05-08 01:48:12.823: 215 avg_reward: 450.0
2024-05-08 01:48:12.823: 215 avg_steps: 4903.1
2024-05-08 01:48:12.823: 215 epsilon: 0.1
2024-05-08 01:55:22.007: 216 test start:
2024-05-08 01:56:21.428: 216 avg_reward: 460.0
2024-05-08 01:56:21.428: 216 avg_steps: 5069.2
2024-05-08 01:56:21.428: 216 epsilon: 0.1
2024-05-08 02:04:31.403: 217 test start:
2024-05-08 02:06:23.939: 217 avg_reward: 620.0
2024-05-08 02:06:23.939: 217 avg_steps: 9971.95
2024-05-08 02:06:23.939: 217 epsilon: 0.1
2024-05-08 02:12:07.015: 218 test start:
2024-05-08 02:13:59.756: 218 avg_reward: 780.0
2024-05-08 02:13:59.756: 218 avg_steps: 9759.5
2024-05-08 02:13:59.756: 218 epsilon: 0.1
2024-05-08 02:20:55.924: 219 test start:
2024-05-08 02:23:45.605: 219 avg_reward: 400.0
2024-05-08 02:23:45.605: 219 avg_steps: 15174.95
2024-05-08 02:23:45.605: 219 epsilon: 0.1
2024-05-08 02:32:08.989: 220 test start:
2024-05-08 02:33:09.274: 220 avg_reward: 495.0
2024-05-08 02:33:09.274: 220 avg_steps: 5101.5
2024-05-08 02:33:09.274: 220 epsilon: 0.1
2024-05-08 02:38:55.287: 221 test start:
2024-05-08 02:39:12.277: 221 avg_reward: 420.0
2024-05-08 02:39:12.277: 221 avg_steps: 1505.05
2024-05-08 02:39:12.277: 221 epsilon: 0.1
2024-05-08 02:46:59.068: 222 test start:
2024-05-08 02:48:13.387: 222 avg_reward: 400.0
2024-05-08 02:48:13.387: 222 avg_steps: 6606.55
2024-05-08 02:48:13.387: 222 epsilon: 0.1
2024-05-08 02:54:30.115: 223 test start:
2024-05-08 02:55:17.368: 223 avg_reward: 425.0
2024-05-08 02:55:17.368: 223 avg_steps: 4136.8
2024-05-08 02:55:17.368: 223 epsilon: 0.1
2024-05-08 03:01:56.781: 224 test start:
2024-05-08 03:02:49.144: 224 avg_reward: 560.0
2024-05-08 03:02:49.144: 224 avg_steps: 4623.8
2024-05-08 03:02:49.144: 224 epsilon: 0.1
2024-05-08 03:10:02.001: 225 test start:
2024-05-08 03:10:52.491: 225 avg_reward: 545.0
2024-05-08 03:10:52.491: 225 avg_steps: 4501.35
2024-05-08 03:10:52.492: 225 epsilon: 0.1
2024-05-08 03:18:04.883: 226 test start:
2024-05-08 03:20:30.668: 226 avg_reward: 425.0
2024-05-08 03:20:30.668: 226 avg_steps: 12876.85
2024-05-08 03:20:30.668: 226 epsilon: 0.1
2024-05-08 03:27:29.191: 227 test start:
2024-05-08 03:29:03.248: 227 avg_reward: 535.0
2024-05-08 03:29:03.248: 227 avg_steps: 8956.8
2024-05-08 03:29:03.248: 227 epsilon: 0.1
2024-05-08 03:35:35.524: 228 test start:
2024-05-08 03:35:50.916: 228 avg_reward: 400.0
2024-05-08 03:35:50.916: 228 avg_steps: 1290.2
2024-05-08 03:35:50.916: 228 epsilon: 0.1
2024-05-08 03:43:51.618: 229 test start:
2024-05-08 03:44:35.000: 229 avg_reward: 465.0
2024-05-08 03:44:35.000: 229 avg_steps: 3847.8
2024-05-08 03:44:35.000: 229 epsilon: 0.1
2024-05-08 03:50:10.764: 230 test start:
2024-05-08 03:50:38.192: 230 avg_reward: 425.0
2024-05-08 03:50:38.192: 230 avg_steps: 2501.45
2024-05-08 03:50:38.192: 230 epsilon: 0.1
2024-05-08 03:58:08.917: 231 test start:
2024-05-08 04:00:06.268: 231 avg_reward: 405.0
2024-05-08 04:00:06.268: 231 avg_steps: 9977.3
2024-05-08 04:00:06.268: 231 epsilon: 0.1
2024-05-08 04:06:51.178: 232 test start:
2024-05-08 04:09:35.875: 232 avg_reward: 480.0
2024-05-08 04:09:35.875: 232 avg_steps: 14322.1
2024-05-08 04:09:35.875: 232 epsilon: 0.1
2024-05-08 04:16:17.259: 233 test start:
2024-05-08 04:16:42.463: 233 avg_reward: 425.0
2024-05-08 04:16:42.463: 233 avg_steps: 2156.3
2024-05-08 04:16:42.463: 233 epsilon: 0.1
2024-05-08 04:23:57.346: 234 test start:
2024-05-08 04:24:23.539: 234 avg_reward: 405.0
2024-05-08 04:24:23.539: 234 avg_steps: 2246.3
2024-05-08 04:24:23.539: 234 epsilon: 0.1
2024-05-08 04:31:32.731: 235 test start:
2024-05-08 04:32:17.946: 235 avg_reward: 400.0
2024-05-08 04:32:17.946: 235 avg_steps: 4026.7
2024-05-08 04:32:17.946: 235 epsilon: 0.1
2024-05-08 04:38:57.125: 236 test start:
2024-05-08 04:39:26.015: 236 avg_reward: 440.0
2024-05-08 04:39:26.015: 236 avg_steps: 2644.5
2024-05-08 04:39:26.015: 236 epsilon: 0.1
2024-05-08 04:46:25.593: 237 test start:
2024-05-08 04:48:27.312: 237 avg_reward: 400.0
2024-05-08 04:48:27.312: 237 avg_steps: 10864.9
2024-05-08 04:48:27.312: 237 epsilon: 0.1
2024-05-08 04:55:31.177: 238 test start:
2024-05-08 04:55:35.160: 238 avg_reward: 400.0
2024-05-08 04:55:35.160: 238 avg_steps: 346.1
2024-05-08 04:55:35.160: 238 epsilon: 0.1
2024-05-08 05:02:18.980: 239 test start:
2024-05-08 05:03:46.230: 239 avg_reward: 445.0
2024-05-08 05:03:46.230: 239 avg_steps: 7537.25
2024-05-08 05:03:46.230: 239 epsilon: 0.1
2024-05-08 05:10:54.218: 240 test start:
2024-05-08 05:11:41.659: 240 avg_reward: 400.0
2024-05-08 05:11:41.659: 240 avg_steps: 4163.65
2024-05-08 05:11:41.659: 240 epsilon: 0.1
2024-05-08 05:18:26.434: 241 test start:
2024-05-08 05:19:16.417: 241 avg_reward: 700.0
2024-05-08 05:19:16.417: 241 avg_steps: 4516.3
2024-05-08 05:19:16.417: 241 epsilon: 0.1
2024-05-08 05:26:25.460: 242 test start:
2024-05-08 05:27:14.843: 242 avg_reward: 760.0
2024-05-08 05:27:14.843: 242 avg_steps: 4151.3
2024-05-08 05:27:14.843: 242 epsilon: 0.1
2024-05-08 05:34:10.981: 243 test start:
2024-05-08 05:35:00.926: 243 avg_reward: 550.0
2024-05-08 05:35:00.926: 243 avg_steps: 4438.95
2024-05-08 05:35:00.926: 243 epsilon: 0.1
2024-05-08 05:41:54.966: 244 test start:
2024-05-08 05:43:12.328: 244 avg_reward: 795.0
2024-05-08 05:43:12.328: 244 avg_steps: 6684.35
2024-05-08 05:43:12.328: 244 epsilon: 0.1
2024-05-08 05:50:23.618: 245 test start:
2024-05-08 05:51:43.506: 245 avg_reward: 600.0
2024-05-08 05:51:43.506: 245 avg_steps: 6940.0
2024-05-08 05:51:43.506: 245 epsilon: 0.1
2024-05-08 05:58:42.113: 246 test start:
2024-05-08 06:01:30.648: 246 avg_reward: 600.0
2024-05-08 06:01:30.648: 246 avg_steps: 14855.1
2024-05-08 06:01:30.648: 246 epsilon: 0.1
2024-05-08 06:08:13.350: 247 test start:
2024-05-08 06:09:40.988: 247 avg_reward: 725.0
2024-05-08 06:09:40.989: 247 avg_steps: 7986.6
2024-05-08 06:09:40.989: 247 epsilon: 0.1
2024-05-08 06:17:00.342: 248 test start:
2024-05-08 06:18:39.165: 248 avg_reward: 675.0
2024-05-08 06:18:39.165: 248 avg_steps: 9088.35
2024-05-08 06:18:39.165: 248 epsilon: 0.1
2024-05-08 06:26:20.615: 249 test start:
2024-05-08 06:27:48.858: 249 avg_reward: 575.0
2024-05-08 06:27:48.858: 249 avg_steps: 7544.6
2024-05-08 06:27:48.858: 249 epsilon: 0.1
2024-05-08 06:33:48.908: 250 test start:
2024-05-08 06:34:52.049: 250 avg_reward: 450.0
2024-05-08 06:34:52.049: 250 avg_steps: 5618.25
2024-05-08 06:34:52.049: 250 epsilon: 0.1
2024-05-08 06:41:53.584: 251 test start:
2024-05-08 06:42:42.926: 251 avg_reward: 480.0
2024-05-08 06:42:42.926: 251 avg_steps: 4383.2
2024-05-08 06:42:42.926: 251 epsilon: 0.1
2024-05-08 06:51:19.303: 252 test start:
2024-05-08 06:52:31.499: 252 avg_reward: 635.0
2024-05-08 06:52:31.499: 252 avg_steps: 6778.2
2024-05-08 06:52:31.499: 252 epsilon: 0.1
2024-05-08 06:58:53.217: 253 test start:
2024-05-08 07:00:21.714: 253 avg_reward: 700.0
2024-05-08 07:00:21.714: 253 avg_steps: 8305.45
2024-05-08 07:00:21.714: 253 epsilon: 0.1
2024-05-08 07:07:52.445: 254 test start:
2024-05-08 07:09:26.523: 254 avg_reward: 375.0
2024-05-08 07:09:26.523: 254 avg_steps: 8290.95
2024-05-08 07:09:26.523: 254 epsilon: 0.1
2024-05-08 07:14:55.281: 255 test start:
2024-05-08 07:16:32.139: 255 avg_reward: 335.0
2024-05-08 07:16:32.139: 255 avg_steps: 8609.55
2024-05-08 07:16:32.139: 255 epsilon: 0.1
2024-05-08 07:24:29.403: 256 test start:
2024-05-08 07:28:18.073: 256 avg_reward: 425.0
2024-05-08 07:28:18.073: 256 avg_steps: 20383.15
2024-05-08 07:28:18.073: 256 epsilon: 0.1
2024-05-08 07:33:55.392: 257 test start:
2024-05-08 07:34:59.585: 257 avg_reward: 400.0
2024-05-08 07:34:59.585: 257 avg_steps: 5491.7
2024-05-08 07:34:59.585: 257 epsilon: 0.1
2024-05-08 07:42:11.149: 258 test start:
2024-05-08 07:42:41.611: 258 avg_reward: 420.0
2024-05-08 07:42:41.611: 258 avg_steps: 2726.65
2024-05-08 07:42:41.611: 258 epsilon: 0.1
2024-05-08 07:49:32.893: 259 test start:
2024-05-08 07:49:42.037: 259 avg_reward: 400.0
2024-05-08 07:49:42.037: 259 avg_steps: 835.25
2024-05-08 07:49:42.037: 259 epsilon: 0.1
2024-05-08 07:56:36.716: 260 test start:
2024-05-08 07:56:56.836: 260 avg_reward: 400.0
2024-05-08 07:56:56.836: 260 avg_steps: 1742.55
2024-05-08 07:56:56.836: 260 epsilon: 0.1
2024-05-08 08:04:11.993: 261 test start:
2024-05-08 08:05:46.182: 261 avg_reward: 645.0
2024-05-08 08:05:46.182: 261 avg_steps: 8492.5
2024-05-08 08:05:46.182: 261 epsilon: 0.1
2024-05-08 08:12:41.799: 262 test start:
2024-05-08 08:14:12.313: 262 avg_reward: 590.0
2024-05-08 08:14:12.313: 262 avg_steps: 8175.4
2024-05-08 08:14:12.313: 262 epsilon: 0.1
2024-05-08 08:20:48.818: 263 test start:
2024-05-08 08:21:05.265: 263 avg_reward: 480.0
2024-05-08 08:21:05.265: 263 avg_steps: 1423.7
2024-05-08 08:21:05.265: 263 epsilon: 0.1
2024-05-08 08:28:22.549: 264 test start:
2024-05-08 08:29:33.203: 264 avg_reward: 715.0
2024-05-08 08:29:33.203: 264 avg_steps: 6236.9
2024-05-08 08:29:33.203: 264 epsilon: 0.1
2024-05-08 08:36:20.001: 265 test start:
2024-05-08 08:37:26.360: 265 avg_reward: 625.0
2024-05-08 08:37:26.360: 265 avg_steps: 6002.4
2024-05-08 08:37:26.360: 265 epsilon: 0.1
2024-05-08 08:44:25.182: 266 test start:
2024-05-08 08:47:38.659: 266 avg_reward: 530.0
2024-05-08 08:47:38.659: 266 avg_steps: 18818.7
2024-05-08 08:47:38.659: 266 epsilon: 0.1
2024-05-08 08:54:56.281: 267 test start:
2024-05-08 08:55:33.744: 267 avg_reward: 625.0
2024-05-08 08:55:33.744: 267 avg_steps: 3453.4
2024-05-08 08:55:33.744: 267 epsilon: 0.1
2024-05-08 09:02:24.288: 268 test start:
2024-05-08 09:03:21.799: 268 avg_reward: 625.0
2024-05-08 09:03:21.800: 268 avg_steps: 5068.5
2024-05-08 09:03:21.800: 268 epsilon: 0.1
2024-05-08 09:10:51.804: 269 test start:
2024-05-08 09:12:10.932: 269 avg_reward: 655.0
2024-05-08 09:12:10.932: 269 avg_steps: 7097.15
2024-05-08 09:12:10.932: 269 epsilon: 0.1
2024-05-08 09:18:32.773: 270 test start:
2024-05-08 09:19:40.564: 270 avg_reward: 565.0
2024-05-08 09:19:40.564: 270 avg_steps: 6106.2
2024-05-08 09:19:40.564: 270 epsilon: 0.1
2024-05-08 09:26:43.308: 271 test start:
2024-05-08 09:27:06.753: 271 avg_reward: 435.0
2024-05-08 09:27:06.753: 271 avg_steps: 2123.6
2024-05-08 09:27:06.753: 271 epsilon: 0.1
2024-05-08 09:34:02.567: 272 test start:
