2024-05-05 09:05:03.814: 
parameters:agent_saving_period: 80000
agent_test_episodes: 20
batch_num_per_epoch: 100000
device: cuda:0
env_name: ALE/DoubleDunk-v5
epsilon_for_test: 0.05
epsilon_max: 1.0
epsilon_min: 0.1
exploration_steps: 1000000
gamma: 0.99
input_frame_height: 84
input_frame_width: 84
learning_rate: 1.0e-05
log_path: ../exps/dueling_dqn/
mini_batch_size: 32
no_op: 30
phi_channel: 4
replay_buffer_size: 200000
replay_start_size: 10000
save_path: ./exps/
skip_k_frame: 4
step_c: 10000
training_steps: 50000000

2024-05-05 09:17:54.629: 1 test start:
2024-05-05 09:19:02.676: 1 avg_reward: -20.8
2024-05-05 09:19:02.676: 1 avg_steps: 2543.05
2024-05-05 09:19:02.676: 1 epsilon: 0.919405
2024-05-05 13:35:09.981: 2 test start:
2024-05-05 13:36:04.115: 2 avg_reward: -20.0
2024-05-05 13:36:04.116: 2 avg_steps: 2522.9
2024-05-05 13:36:04.116: 2 epsilon: 0.8302753
2024-05-05 13:50:56.629: 3 test start:
2024-05-05 13:51:53.548: 3 avg_reward: -19.4
2024-05-05 13:51:53.548: 3 avg_steps: 2606.45
2024-05-05 13:51:53.548: 3 epsilon: 0.7419619
2024-05-05 14:06:50.622: 4 test start:
2024-05-05 14:07:32.303: 4 avg_reward: -21.0
2024-05-05 14:07:32.303: 4 avg_steps: 1912.15
2024-05-05 14:07:32.303: 4 epsilon: 0.6529915
2024-05-05 14:22:21.668: 5 test start:
2024-05-05 14:23:13.386: 5 avg_reward: -19.7
2024-05-05 14:23:13.386: 5 avg_steps: 2370.1
2024-05-05 14:23:13.386: 5 epsilon: 0.564967
2024-05-05 14:38:03.690: 6 test start:
2024-05-05 14:38:58.885: 6 avg_reward: -19.9
2024-05-05 14:38:58.885: 6 avg_steps: 2547.45
2024-05-05 14:38:58.885: 6 epsilon: 0.4767471999999999
2024-05-05 14:53:52.713: 7 test start:
2024-05-05 14:54:47.558: 7 avg_reward: -18.6
2024-05-05 14:54:47.558: 7 avg_steps: 2513.75
2024-05-05 14:54:47.558: 7 epsilon: 0.3882268
2024-05-05 15:09:52.086: 8 test start:
2024-05-05 15:10:36.447: 8 avg_reward: -19.5
2024-05-05 15:10:36.447: 8 avg_steps: 2070.6
2024-05-05 15:10:36.447: 8 epsilon: 0.29863359999999994
2024-05-05 15:25:11.336: 9 test start:
2024-05-05 15:25:59.393: 9 avg_reward: -20.1
2024-05-05 15:25:59.393: 9 avg_steps: 2223.3
2024-05-05 15:25:59.393: 9 epsilon: 0.21144699999999994
2024-05-05 15:41:04.945: 10 test start:
2024-05-05 15:42:05.225: 10 avg_reward: -18.0
2024-05-05 15:42:05.225: 10 avg_steps: 2772.25
2024-05-05 15:42:05.226: 10 epsilon: 0.12118239999999991
2024-05-05 15:56:50.108: 11 test start:
2024-05-05 15:57:41.669: 11 avg_reward: -19.0
2024-05-05 15:57:41.669: 11 avg_steps: 2383.6
2024-05-05 15:57:41.669: 11 epsilon: 0.1
2024-05-05 16:12:25.794: 12 test start:
2024-05-05 16:13:16.153: 12 avg_reward: -17.9
2024-05-05 16:13:16.153: 12 avg_steps: 2332.2
2024-05-05 16:13:16.153: 12 epsilon: 0.1
2024-05-05 16:28:15.160: 13 test start:
2024-05-05 16:29:07.796: 13 avg_reward: -17.2
2024-05-05 16:29:07.796: 13 avg_steps: 2437.05
2024-05-05 16:29:07.796: 13 epsilon: 0.1
2024-05-05 16:43:57.560: 14 test start:
2024-05-05 16:44:50.339: 14 avg_reward: -17.7
2024-05-05 16:44:50.339: 14 avg_steps: 2444.05
2024-05-05 16:44:50.339: 14 epsilon: 0.1
2024-05-05 16:59:56.306: 15 test start:
2024-05-05 17:00:44.271: 15 avg_reward: -17.8
2024-05-05 17:00:44.271: 15 avg_steps: 2210.55
2024-05-05 17:00:44.271: 15 epsilon: 0.1
2024-05-05 17:15:21.755: 16 test start:
2024-05-05 17:16:17.389: 16 avg_reward: -18.6
2024-05-05 17:16:17.389: 16 avg_steps: 2585.45
2024-05-05 17:16:17.389: 16 epsilon: 0.1
2024-05-05 17:31:05.091: 17 test start:
2024-05-05 17:32:00.048: 17 avg_reward: -16.9
2024-05-05 17:32:00.048: 17 avg_steps: 2546.4
2024-05-05 17:32:00.048: 17 epsilon: 0.1
2024-05-05 17:46:59.069: 18 test start:
2024-05-05 17:47:58.363: 18 avg_reward: -18.3
2024-05-05 17:47:58.363: 18 avg_steps: 2753.55
2024-05-05 17:47:58.363: 18 epsilon: 0.1
2024-05-05 18:02:44.522: 19 test start:
2024-05-05 18:03:35.446: 19 avg_reward: -18.0
2024-05-05 18:03:35.446: 19 avg_steps: 2352.7
2024-05-05 18:03:35.446: 19 epsilon: 0.1
2024-05-05 18:18:22.556: 20 test start:
2024-05-05 18:19:13.826: 20 avg_reward: -16.4
2024-05-05 18:19:13.826: 20 avg_steps: 2399.2
2024-05-05 18:19:13.826: 20 epsilon: 0.1
2024-05-05 18:33:58.071: 21 test start:
2024-05-05 18:34:49.887: 21 avg_reward: -15.7
2024-05-05 18:34:49.887: 21 avg_steps: 2406.65
2024-05-05 18:34:49.887: 21 epsilon: 0.1
2024-05-05 18:49:37.916: 22 test start:
2024-05-05 18:50:31.694: 22 avg_reward: -17.3
2024-05-05 18:50:31.694: 22 avg_steps: 2495.25
2024-05-05 18:50:31.694: 22 epsilon: 0.1
2024-05-05 19:05:23.792: 23 test start:
2024-05-05 19:06:19.748: 23 avg_reward: -17.6
2024-05-05 19:06:19.748: 23 avg_steps: 2604.45
2024-05-05 19:06:19.748: 23 epsilon: 0.1
2024-05-05 19:21:17.979: 24 test start:
2024-05-05 19:22:16.199: 24 avg_reward: -18.1
2024-05-05 19:22:16.200: 24 avg_steps: 2721.55
2024-05-05 19:22:16.200: 24 epsilon: 0.1
2024-05-05 19:37:05.743: 25 test start:
2024-05-05 19:38:02.082: 25 avg_reward: -17.7
2024-05-05 19:38:02.082: 25 avg_steps: 2616.8
2024-05-05 19:38:02.082: 25 epsilon: 0.1
2024-05-05 19:52:37.568: 26 test start:
2024-05-05 19:53:37.160: 26 avg_reward: -17.7
2024-05-05 19:53:37.160: 26 avg_steps: 2751.25
2024-05-05 19:53:37.160: 26 epsilon: 0.1
2024-05-05 20:08:46.475: 27 test start:
2024-05-05 20:09:43.433: 27 avg_reward: -16.1
2024-05-05 20:09:43.433: 27 avg_steps: 2643.7
2024-05-05 20:09:43.433: 27 epsilon: 0.1
2024-05-05 20:24:17.241: 28 test start:
2024-05-05 20:25:17.127: 28 avg_reward: -17.1
2024-05-05 20:25:17.127: 28 avg_steps: 2768.85
2024-05-05 20:25:17.127: 28 epsilon: 0.1
2024-05-05 20:39:59.827: 29 test start:
2024-05-05 20:40:59.405: 29 avg_reward: -16.4
2024-05-05 20:40:59.405: 29 avg_steps: 2753.65
2024-05-05 20:40:59.405: 29 epsilon: 0.1
2024-05-05 20:56:01.965: 30 test start:
2024-05-05 20:56:58.342: 30 avg_reward: -17.2
2024-05-05 20:56:58.342: 30 avg_steps: 2653.05
2024-05-05 20:56:58.342: 30 epsilon: 0.1
2024-05-05 21:10:57.917: 31 test start:
2024-05-05 21:11:49.527: 31 avg_reward: -17.7
2024-05-05 21:11:49.528: 31 avg_steps: 2384.45
2024-05-05 21:11:49.528: 31 epsilon: 0.1
2024-05-05 21:26:33.039: 32 test start:
2024-05-05 21:27:23.621: 32 avg_reward: -16.7
2024-05-05 21:27:23.621: 32 avg_steps: 2354.75
2024-05-05 21:27:23.621: 32 epsilon: 0.1
2024-05-05 21:42:11.376: 33 test start:
2024-05-05 21:43:10.508: 33 avg_reward: -14.8
2024-05-05 21:43:10.508: 33 avg_steps: 2774.9
2024-05-05 21:43:10.508: 33 epsilon: 0.1
2024-05-05 21:57:41.998: 34 test start:
2024-05-05 21:58:35.531: 34 avg_reward: -16.5
2024-05-05 21:58:35.531: 34 avg_steps: 2510.6
2024-05-05 21:58:35.531: 34 epsilon: 0.1
2024-05-05 22:13:10.864: 35 test start:
2024-05-05 22:14:06.932: 35 avg_reward: -16.2
2024-05-05 22:14:06.932: 35 avg_steps: 2597.05
2024-05-05 22:14:06.932: 35 epsilon: 0.1
2024-05-05 22:28:40.569: 36 test start:
2024-05-05 22:29:42.237: 36 avg_reward: -11.9
2024-05-05 22:29:42.237: 36 avg_steps: 2852.15
2024-05-05 22:29:42.237: 36 epsilon: 0.1
2024-05-05 22:44:24.311: 37 test start:
2024-05-05 22:45:20.964: 37 avg_reward: -14.2
2024-05-05 22:45:20.964: 37 avg_steps: 2615.7
2024-05-05 22:45:20.964: 37 epsilon: 0.1
2024-05-05 22:59:41.854: 38 test start:
2024-05-05 23:00:35.913: 38 avg_reward: -14.4
2024-05-05 23:00:35.913: 38 avg_steps: 2541.95
2024-05-05 23:00:35.913: 38 epsilon: 0.1
2024-05-05 23:15:09.559: 39 test start:
2024-05-05 23:16:06.208: 39 avg_reward: -17.1
2024-05-05 23:16:06.208: 39 avg_steps: 2630.85
2024-05-05 23:16:06.208: 39 epsilon: 0.1
2024-05-05 23:30:33.496: 40 test start:
2024-05-05 23:31:30.513: 40 avg_reward: -17.0
2024-05-05 23:31:30.513: 40 avg_steps: 2666.1
2024-05-05 23:31:30.513: 40 epsilon: 0.1
2024-05-05 23:45:58.494: 41 test start:
2024-05-05 23:46:54.895: 41 avg_reward: -15.4
2024-05-05 23:46:54.896: 41 avg_steps: 2657.5
2024-05-05 23:46:54.896: 41 epsilon: 0.1
2024-05-06 00:01:31.201: 42 test start:
2024-05-06 00:02:27.461: 42 avg_reward: -12.9
2024-05-06 00:02:27.461: 42 avg_steps: 2633.2
2024-05-06 00:02:27.461: 42 epsilon: 0.1
2024-05-06 00:16:35.715: 43 test start:
2024-05-06 00:17:30.879: 43 avg_reward: -14.1
2024-05-06 00:17:30.879: 43 avg_steps: 2554.5
2024-05-06 00:17:30.879: 43 epsilon: 0.1
2024-05-06 00:32:09.063: 44 test start:
2024-05-06 00:32:59.405: 44 avg_reward: -14.2
2024-05-06 00:32:59.405: 44 avg_steps: 2324.45
2024-05-06 00:32:59.405: 44 epsilon: 0.1
2024-05-06 00:47:14.477: 45 test start:
2024-05-06 00:48:04.430: 45 avg_reward: -12.3
2024-05-06 00:48:04.430: 45 avg_steps: 2340.4
2024-05-06 00:48:04.430: 45 epsilon: 0.1
2024-05-06 01:02:39.733: 46 test start:
2024-05-06 01:03:40.674: 46 avg_reward: -11.3
2024-05-06 01:03:40.674: 46 avg_steps: 2800.2
2024-05-06 01:03:40.674: 46 epsilon: 0.1
2024-05-06 01:18:01.983: 47 test start:
2024-05-06 01:18:58.766: 47 avg_reward: -13.5
2024-05-06 01:18:58.766: 47 avg_steps: 2615.2
2024-05-06 01:18:58.766: 47 epsilon: 0.1
2024-05-06 01:33:06.881: 48 test start:
2024-05-06 01:34:04.288: 48 avg_reward: -11.7
2024-05-06 01:34:04.288: 48 avg_steps: 2697.5
2024-05-06 01:34:04.288: 48 epsilon: 0.1
2024-05-06 01:48:46.688: 49 test start:
2024-05-06 01:49:45.791: 49 avg_reward: -11.2
2024-05-06 01:49:45.791: 49 avg_steps: 2765.2
2024-05-06 01:49:45.791: 49 epsilon: 0.1
2024-05-06 02:04:21.129: 50 test start:
2024-05-06 02:05:16.196: 50 avg_reward: -13.3
2024-05-06 02:05:16.196: 50 avg_steps: 2542.75
2024-05-06 02:05:16.196: 50 epsilon: 0.1
2024-05-06 02:19:34.408: 51 test start:
2024-05-06 02:20:38.459: 51 avg_reward: -14.6
2024-05-06 02:20:38.459: 51 avg_steps: 3004.3
2024-05-06 02:20:38.459: 51 epsilon: 0.1
2024-05-06 02:34:48.745: 52 test start:
2024-05-06 02:35:46.753: 52 avg_reward: -13.2
2024-05-06 02:35:46.753: 52 avg_steps: 2711.55
2024-05-06 02:35:46.753: 52 epsilon: 0.1
2024-05-06 02:50:06.249: 53 test start:
2024-05-06 02:51:07.038: 53 avg_reward: -12.3
2024-05-06 02:51:07.038: 53 avg_steps: 2837.3
2024-05-06 02:51:07.038: 53 epsilon: 0.1
2024-05-06 03:05:32.676: 54 test start:
2024-05-06 03:06:38.059: 54 avg_reward: -14.4
2024-05-06 03:06:38.059: 54 avg_steps: 3088.5
2024-05-06 03:06:38.059: 54 epsilon: 0.1
2024-05-06 03:20:41.968: 55 test start:
2024-05-06 03:21:43.985: 55 avg_reward: -17.7
2024-05-06 03:21:43.986: 55 avg_steps: 2901.05
2024-05-06 03:21:43.986: 55 epsilon: 0.1
2024-05-06 03:35:59.495: 56 test start:
2024-05-06 03:36:53.407: 56 avg_reward: -11.1
2024-05-06 03:36:53.407: 56 avg_steps: 2502.6
2024-05-06 03:36:53.407: 56 epsilon: 0.1
2024-05-06 03:51:12.486: 57 test start:
2024-05-06 03:52:10.473: 57 avg_reward: -13.6
2024-05-06 03:52:10.473: 57 avg_steps: 2736.45
2024-05-06 03:52:10.473: 57 epsilon: 0.1
2024-05-06 04:06:35.592: 58 test start:
2024-05-06 04:07:38.681: 58 avg_reward: -12.0
2024-05-06 04:07:38.681: 58 avg_steps: 2962.6
2024-05-06 04:07:38.681: 58 epsilon: 0.1
2024-05-06 04:21:37.557: 59 test start:
2024-05-06 04:22:38.223: 59 avg_reward: -9.4
2024-05-06 04:22:38.223: 59 avg_steps: 2801.45
2024-05-06 04:22:38.223: 59 epsilon: 0.1
2024-05-06 04:36:59.487: 60 test start:
2024-05-06 04:37:55.815: 60 avg_reward: -10.9
2024-05-06 04:37:55.815: 60 avg_steps: 2637.85
2024-05-06 04:37:55.815: 60 epsilon: 0.1
2024-05-06 04:52:13.321: 61 test start:
2024-05-06 04:53:10.243: 61 avg_reward: -10.3
2024-05-06 04:53:10.243: 61 avg_steps: 2645.1
2024-05-06 04:53:10.243: 61 epsilon: 0.1
2024-05-06 05:07:24.882: 62 test start:
2024-05-06 05:08:29.877: 62 avg_reward: -11.2
2024-05-06 05:08:29.877: 62 avg_steps: 3017.75
2024-05-06 05:08:29.877: 62 epsilon: 0.1
2024-05-06 05:22:52.841: 63 test start:
2024-05-06 05:23:53.625: 63 avg_reward: -11.2
2024-05-06 05:23:53.625: 63 avg_steps: 2840.8
2024-05-06 05:23:53.625: 63 epsilon: 0.1
2024-05-06 05:38:35.445: 64 test start:
2024-05-06 05:39:37.299: 64 avg_reward: -10.6
2024-05-06 05:39:37.299: 64 avg_steps: 2863.95
2024-05-06 05:39:37.299: 64 epsilon: 0.1
2024-05-06 05:53:39.520: 65 test start:
2024-05-06 05:54:37.417: 65 avg_reward: -11.1
2024-05-06 05:54:37.417: 65 avg_steps: 2679.15
2024-05-06 05:54:37.417: 65 epsilon: 0.1
2024-05-06 06:09:01.147: 66 test start:
2024-05-06 06:09:57.735: 66 avg_reward: -12.1
2024-05-06 06:09:57.735: 66 avg_steps: 2663.95
2024-05-06 06:09:57.735: 66 epsilon: 0.1
2024-05-06 06:24:00.331: 67 test start:
2024-05-06 06:24:47.144: 67 avg_reward: -11.3
2024-05-06 06:24:47.145: 67 avg_steps: 2193.25
2024-05-06 06:24:47.145: 67 epsilon: 0.1
2024-05-06 06:38:50.669: 68 test start:
2024-05-06 06:39:44.224: 68 avg_reward: -10.2
2024-05-06 06:39:44.224: 68 avg_steps: 2487.85
2024-05-06 06:39:44.224: 68 epsilon: 0.1
2024-05-06 06:54:06.295: 69 test start:
2024-05-06 06:55:03.716: 69 avg_reward: -13.0
2024-05-06 06:55:03.716: 69 avg_steps: 2706.85
2024-05-06 06:55:03.716: 69 epsilon: 0.1
2024-05-06 07:09:16.913: 70 test start:
2024-05-06 07:10:14.605: 70 avg_reward: -9.0
2024-05-06 07:10:14.605: 70 avg_steps: 2673.85
2024-05-06 07:10:14.605: 70 epsilon: 0.1
2024-05-06 07:24:33.109: 71 test start:
2024-05-06 07:25:36.820: 71 avg_reward: -11.7
2024-05-06 07:25:36.821: 71 avg_steps: 2976.0
2024-05-06 07:25:36.821: 71 epsilon: 0.1
2024-05-06 07:40:08.825: 72 test start:
2024-05-06 07:41:14.007: 72 avg_reward: -7.9
2024-05-06 07:41:14.007: 72 avg_steps: 3059.55
2024-05-06 07:41:14.007: 72 epsilon: 0.1
2024-05-06 07:55:38.499: 73 test start:
2024-05-06 07:56:34.369: 73 avg_reward: -11.7
2024-05-06 07:56:34.369: 73 avg_steps: 2575.55
2024-05-06 07:56:34.369: 73 epsilon: 0.1
2024-05-06 08:10:43.703: 74 test start:
2024-05-06 08:11:39.216: 74 avg_reward: -8.7
2024-05-06 08:11:39.217: 74 avg_steps: 2558.9
2024-05-06 08:11:39.217: 74 epsilon: 0.1
2024-05-06 08:26:38.563: 75 test start:
2024-05-06 08:27:34.370: 75 avg_reward: -9.3
2024-05-06 08:27:34.370: 75 avg_steps: 2606.95
2024-05-06 08:27:34.370: 75 epsilon: 0.1
2024-05-06 08:41:46.397: 76 test start:
2024-05-06 08:42:43.364: 76 avg_reward: -9.0
2024-05-06 08:42:43.364: 76 avg_steps: 2639.45
2024-05-06 08:42:43.364: 76 epsilon: 0.1
2024-05-06 08:56:52.997: 77 test start:
2024-05-06 08:57:53.328: 77 avg_reward: -6.6
2024-05-06 08:57:53.328: 77 avg_steps: 2812.45
2024-05-06 08:57:53.328: 77 epsilon: 0.1
2024-05-06 09:12:28.133: 78 test start:
2024-05-06 09:13:23.845: 78 avg_reward: -6.9
2024-05-06 09:13:23.845: 78 avg_steps: 2589.35
2024-05-06 09:13:23.845: 78 epsilon: 0.1
2024-05-06 09:27:36.040: 79 test start:
2024-05-06 09:28:36.037: 79 avg_reward: -7.3
2024-05-06 09:28:36.037: 79 avg_steps: 2776.5
2024-05-06 09:28:36.037: 79 epsilon: 0.1
2024-05-06 09:43:18.232: 80 test start:
2024-05-06 09:44:19.399: 80 avg_reward: -9.0
2024-05-06 09:44:19.399: 80 avg_steps: 2870.5
2024-05-06 09:44:19.399: 80 epsilon: 0.1
2024-05-06 09:58:37.066: 81 test start:
2024-05-06 09:59:41.184: 81 avg_reward: -1.0
2024-05-06 09:59:41.185: 81 avg_steps: 2997.7
2024-05-06 09:59:41.185: 81 epsilon: 0.1
2024-05-06 10:13:52.733: 82 test start:
2024-05-06 10:14:56.439: 82 avg_reward: -6.2
2024-05-06 10:14:56.439: 82 avg_steps: 2978.6
2024-05-06 10:14:56.439: 82 epsilon: 0.1
2024-05-06 10:29:30.400: 83 test start:
2024-05-06 10:30:32.663: 83 avg_reward: -3.3
2024-05-06 10:30:32.663: 83 avg_steps: 2913.7
2024-05-06 10:30:32.663: 83 epsilon: 0.1
2024-05-06 10:44:56.866: 84 test start:
2024-05-06 10:46:03.070: 84 avg_reward: -2.2
2024-05-06 10:46:03.070: 84 avg_steps: 3034.8
2024-05-06 10:46:03.070: 84 epsilon: 0.1
2024-05-06 11:00:02.577: 85 test start:
2024-05-06 11:01:04.039: 85 avg_reward: 1.8
2024-05-06 11:01:04.039: 85 avg_steps: 2872.2
2024-05-06 11:01:04.039: 85 epsilon: 0.1
2024-05-06 11:15:29.710: 86 test start:
2024-05-06 11:16:30.255: 86 avg_reward: -5.7
2024-05-06 11:16:30.256: 86 avg_steps: 2849.35
2024-05-06 11:16:30.256: 86 epsilon: 0.1
2024-05-06 11:30:55.393: 87 test start:
2024-05-06 11:31:59.815: 87 avg_reward: -4.4
2024-05-06 11:31:59.815: 87 avg_steps: 2946.9
2024-05-06 11:31:59.815: 87 epsilon: 0.1
2024-05-06 11:45:56.414: 88 test start:
2024-05-06 11:46:58.801: 88 avg_reward: -1.0
2024-05-06 11:46:58.801: 88 avg_steps: 2863.7
2024-05-06 11:46:58.801: 88 epsilon: 0.1
2024-05-06 12:01:54.727: 89 test start:
2024-05-06 12:02:51.858: 89 avg_reward: 5.0
2024-05-06 12:02:51.859: 89 avg_steps: 2682.35
2024-05-06 12:02:51.859: 89 epsilon: 0.1
2024-05-06 12:17:03.853: 90 test start:
2024-05-06 12:18:07.833: 90 avg_reward: -2.1
2024-05-06 12:18:07.833: 90 avg_steps: 2939.35
2024-05-06 12:18:07.833: 90 epsilon: 0.1
2024-05-06 12:32:26.584: 91 test start:
2024-05-06 12:33:21.967: 91 avg_reward: -1.0
2024-05-06 12:33:21.967: 91 avg_steps: 2602.5
2024-05-06 12:33:21.967: 91 epsilon: 0.1
2024-05-06 12:47:48.554: 92 test start:
2024-05-06 12:48:51.233: 92 avg_reward: -3.6
2024-05-06 12:48:51.233: 92 avg_steps: 2937.65
2024-05-06 12:48:51.233: 92 epsilon: 0.1
2024-05-06 13:03:14.312: 93 test start:
2024-05-06 13:04:22.433: 93 avg_reward: -10.0
2024-05-06 13:04:22.433: 93 avg_steps: 3167.75
2024-05-06 13:04:22.433: 93 epsilon: 0.1
2024-05-06 13:18:47.444: 94 test start:
2024-05-06 13:19:46.813: 94 avg_reward: -3.3
2024-05-06 13:19:46.813: 94 avg_steps: 2767.85
2024-05-06 13:19:46.813: 94 epsilon: 0.1
2024-05-06 13:34:26.528: 95 test start:
2024-05-06 13:35:29.980: 95 avg_reward: -0.7
2024-05-06 13:35:29.980: 95 avg_steps: 2950.85
2024-05-06 13:35:29.980: 95 epsilon: 0.1
2024-05-06 13:49:57.676: 96 test start:
2024-05-06 13:51:00.165: 96 avg_reward: 3.5
2024-05-06 13:51:00.165: 96 avg_steps: 2889.8
2024-05-06 13:51:00.165: 96 epsilon: 0.1
2024-05-06 14:05:06.668: 97 test start:
2024-05-06 14:06:05.716: 97 avg_reward: -0.3
2024-05-06 14:06:05.717: 97 avg_steps: 2758.3
2024-05-06 14:06:05.717: 97 epsilon: 0.1
2024-05-06 14:20:44.303: 98 test start:
2024-05-06 14:21:43.182: 98 avg_reward: 2.8
2024-05-06 14:21:43.182: 98 avg_steps: 2731.85
2024-05-06 14:21:43.182: 98 epsilon: 0.1
2024-05-06 14:35:55.762: 99 test start:
2024-05-06 14:36:57.860: 99 avg_reward: -4.9
2024-05-06 14:36:57.860: 99 avg_steps: 2855.1
2024-05-06 14:36:57.860: 99 epsilon: 0.1
2024-05-06 14:51:17.365: 100 test start:
2024-05-06 14:52:22.901: 100 avg_reward: -3.9
2024-05-06 14:52:22.902: 100 avg_steps: 3067.05
2024-05-06 14:52:22.902: 100 epsilon: 0.1
2024-05-06 15:06:58.878: 101 test start:
2024-05-06 15:08:04.581: 101 avg_reward: -1.2
2024-05-06 15:08:04.581: 101 avg_steps: 3084.5
2024-05-06 15:08:04.581: 101 epsilon: 0.1
2024-05-06 15:22:15.795: 102 test start:
2024-05-06 15:23:23.276: 102 avg_reward: 1.2
2024-05-06 15:23:23.276: 102 avg_steps: 3105.1
2024-05-06 15:23:23.276: 102 epsilon: 0.1
2024-05-06 15:37:50.934: 103 test start:
2024-05-06 15:38:52.552: 103 avg_reward: 0.5
2024-05-06 15:38:52.552: 103 avg_steps: 2893.6
2024-05-06 15:38:52.552: 103 epsilon: 0.1
2024-05-06 15:53:44.409: 104 test start:
2024-05-06 15:54:48.912: 104 avg_reward: -5.4
2024-05-06 15:54:48.912: 104 avg_steps: 3055.0
2024-05-06 15:54:48.912: 104 epsilon: 0.1
2024-05-06 16:08:52.127: 105 test start:
2024-05-06 16:09:58.991: 105 avg_reward: -6.0
2024-05-06 16:09:58.991: 105 avg_steps: 3089.35
2024-05-06 16:09:58.991: 105 epsilon: 0.1
2024-05-06 16:24:20.408: 106 test start:
2024-05-06 16:25:18.613: 106 avg_reward: 1.8
2024-05-06 16:25:18.614: 106 avg_steps: 2718.55
2024-05-06 16:25:18.614: 106 epsilon: 0.1
2024-05-06 16:39:49.996: 107 test start:
2024-05-06 16:40:43.111: 107 avg_reward: 7.6
2024-05-06 16:40:43.111: 107 avg_steps: 2443.05
2024-05-06 16:40:43.111: 107 epsilon: 0.1
2024-05-06 16:55:16.781: 108 test start:
2024-05-06 16:56:19.683: 108 avg_reward: 3.7
2024-05-06 16:56:19.683: 108 avg_steps: 2919.0
2024-05-06 16:56:19.683: 108 epsilon: 0.1
2024-05-06 17:10:51.459: 109 test start:
2024-05-06 17:11:56.907: 109 avg_reward: -8.0
2024-05-06 17:11:56.908: 109 avg_steps: 3085.95
2024-05-06 17:11:56.908: 109 epsilon: 0.1
2024-05-06 17:26:12.315: 110 test start:
2024-05-06 17:27:05.132: 110 avg_reward: 6.8
2024-05-06 17:27:05.133: 110 avg_steps: 2442.25
2024-05-06 17:27:05.133: 110 epsilon: 0.1
2024-05-06 17:41:12.520: 111 test start:
2024-05-06 17:42:01.108: 111 avg_reward: 7.4
2024-05-06 17:42:01.108: 111 avg_steps: 2219.4
2024-05-06 17:42:01.108: 111 epsilon: 0.1
2024-05-06 17:56:53.029: 112 test start:
2024-05-06 17:57:43.133: 112 avg_reward: 6.1
2024-05-06 17:57:43.133: 112 avg_steps: 2336.0
2024-05-06 17:57:43.133: 112 epsilon: 0.1
2024-05-06 18:11:43.387: 113 test start:
2024-05-06 18:12:43.355: 113 avg_reward: 4.3
2024-05-06 18:12:43.355: 113 avg_steps: 2806.1
2024-05-06 18:12:43.355: 113 epsilon: 0.1
2024-05-06 18:26:53.996: 114 test start:
2024-05-06 18:27:46.633: 114 avg_reward: 4.5
2024-05-06 18:27:46.634: 114 avg_steps: 2434.0
2024-05-06 18:27:46.634: 114 epsilon: 0.1
2024-05-06 18:42:39.492: 115 test start:
2024-05-06 18:43:36.794: 115 avg_reward: 5.1
2024-05-06 18:43:36.794: 115 avg_steps: 2676.8
2024-05-06 18:43:36.794: 115 epsilon: 0.1
2024-05-06 18:57:37.483: 116 test start:
2024-05-06 18:58:29.688: 116 avg_reward: 6.5
2024-05-06 18:58:29.688: 116 avg_steps: 2423.25
2024-05-06 18:58:29.688: 116 epsilon: 0.1
2024-05-06 19:13:03.486: 117 test start:
2024-05-06 19:13:59.386: 117 avg_reward: 7.3
2024-05-06 19:13:59.387: 117 avg_steps: 2592.5
2024-05-06 19:13:59.387: 117 epsilon: 0.1
2024-05-06 19:28:03.789: 118 test start:
2024-05-06 19:29:01.544: 118 avg_reward: 5.5
2024-05-06 19:29:01.544: 118 avg_steps: 2661.9
2024-05-06 19:29:01.544: 118 epsilon: 0.1
2024-05-06 19:43:31.364: 119 test start:
2024-05-06 19:44:24.063: 119 avg_reward: 4.1
2024-05-06 19:44:24.063: 119 avg_steps: 2418.25
2024-05-06 19:44:24.063: 119 epsilon: 0.1
2024-05-06 19:58:56.625: 120 test start:
2024-05-06 20:00:03.663: 120 avg_reward: -3.9
2024-05-06 20:00:03.663: 120 avg_steps: 3154.9
2024-05-06 20:00:03.663: 120 epsilon: 0.1
2024-05-06 20:14:35.366: 121 test start:
2024-05-06 20:15:31.890: 121 avg_reward: 4.4
2024-05-06 20:15:31.890: 121 avg_steps: 2606.5
2024-05-06 20:15:31.890: 121 epsilon: 0.1
2024-05-06 20:29:25.629: 122 test start:
2024-05-06 20:30:32.728: 122 avg_reward: -7.5
2024-05-06 20:30:32.728: 122 avg_steps: 3131.1
2024-05-06 20:30:32.728: 122 epsilon: 0.1
2024-05-06 20:45:02.676: 123 test start:
2024-05-06 20:45:45.440: 123 avg_reward: 11.0
2024-05-06 20:45:45.440: 123 avg_steps: 1992.75
2024-05-06 20:45:45.440: 123 epsilon: 0.1
2024-05-06 21:00:28.586: 124 test start:
2024-05-06 21:01:20.171: 124 avg_reward: 8.6
2024-05-06 21:01:20.171: 124 avg_steps: 2368.0
2024-05-06 21:01:20.171: 124 epsilon: 0.1
2024-05-06 21:15:23.915: 125 test start:
2024-05-06 21:16:16.666: 125 avg_reward: 9.5
2024-05-06 21:16:16.667: 125 avg_steps: 2425.2
2024-05-06 21:16:16.667: 125 epsilon: 0.1
2024-05-06 21:30:44.525: 126 test start:
2024-05-06 21:31:45.139: 126 avg_reward: -5.0
2024-05-06 21:31:45.139: 126 avg_steps: 2832.45
2024-05-06 21:31:45.139: 126 epsilon: 0.1
2024-05-06 21:45:48.812: 127 test start:
2024-05-06 21:46:37.367: 127 avg_reward: 6.8
2024-05-06 21:46:37.367: 127 avg_steps: 2275.8
2024-05-06 21:46:37.367: 127 epsilon: 0.1
2024-05-06 22:01:11.368: 128 test start:
2024-05-06 22:02:04.602: 128 avg_reward: 5.4
2024-05-06 22:02:04.603: 128 avg_steps: 2479.05
2024-05-06 22:02:04.603: 128 epsilon: 0.1
2024-05-06 22:16:25.110: 129 test start:
2024-05-06 22:17:12.381: 129 avg_reward: 7.8
2024-05-06 22:17:12.381: 129 avg_steps: 2176.15
2024-05-06 22:17:12.381: 129 epsilon: 0.1
2024-05-06 22:31:14.483: 130 test start:
2024-05-06 22:32:02.780: 130 avg_reward: 8.7
2024-05-06 22:32:02.780: 130 avg_steps: 2247.4
2024-05-06 22:32:02.780: 130 epsilon: 0.1
2024-05-06 22:46:40.822: 131 test start:
2024-05-06 22:47:31.058: 131 avg_reward: 6.9
2024-05-06 22:47:31.058: 131 avg_steps: 2355.35
2024-05-06 22:47:31.058: 131 epsilon: 0.1
2024-05-06 23:01:55.743: 132 test start:
2024-05-06 23:02:55.188: 132 avg_reward: -3.0
2024-05-06 23:02:55.188: 132 avg_steps: 2728.9
2024-05-06 23:02:55.188: 132 epsilon: 0.1
2024-05-06 23:17:00.649: 133 test start:
2024-05-06 23:17:42.806: 133 avg_reward: 11.2
2024-05-06 23:17:42.806: 133 avg_steps: 1924.4
2024-05-06 23:17:42.807: 133 epsilon: 0.1
2024-05-06 23:32:04.869: 134 test start:
2024-05-06 23:32:51.579: 134 avg_reward: 9.6
2024-05-06 23:32:51.579: 134 avg_steps: 2200.35
2024-05-06 23:32:51.579: 134 epsilon: 0.1
2024-05-06 23:47:23.885: 135 test start:
2024-05-06 23:48:27.230: 135 avg_reward: -8.2
2024-05-06 23:48:27.230: 135 avg_steps: 2943.3
2024-05-06 23:48:27.230: 135 epsilon: 0.1
2024-05-07 00:02:45.690: 136 test start:
2024-05-07 00:03:32.793: 136 avg_reward: 9.4
2024-05-07 00:03:32.793: 136 avg_steps: 2194.4
2024-05-07 00:03:32.793: 136 epsilon: 0.1
2024-05-07 00:17:51.498: 137 test start:
2024-05-07 00:18:29.589: 137 avg_reward: 12.5
2024-05-07 00:18:29.589: 137 avg_steps: 1773.8
2024-05-07 00:18:29.589: 137 epsilon: 0.1
2024-05-07 00:33:00.832: 138 test start:
2024-05-07 00:33:48.151: 138 avg_reward: 10.2
2024-05-07 00:33:48.151: 138 avg_steps: 2200.4
2024-05-07 00:33:48.151: 138 epsilon: 0.1
2024-05-07 00:48:00.240: 139 test start:
2024-05-07 00:49:02.334: 139 avg_reward: -7.0
2024-05-07 00:49:02.334: 139 avg_steps: 2905.85
2024-05-07 00:49:02.334: 139 epsilon: 0.1
2024-05-07 01:03:35.850: 140 test start:
2024-05-07 01:04:21.900: 140 avg_reward: 10.0
2024-05-07 01:04:21.901: 140 avg_steps: 2154.4
2024-05-07 01:04:21.901: 140 epsilon: 0.1
2024-05-07 01:18:35.208: 141 test start:
2024-05-07 01:19:33.720: 141 avg_reward: -6.7
2024-05-07 01:19:33.720: 141 avg_steps: 2722.75
2024-05-07 01:19:33.720: 141 epsilon: 0.1
2024-05-07 01:33:54.723: 142 test start:
2024-05-07 01:34:56.902: 142 avg_reward: -8.0
2024-05-07 01:34:56.902: 142 avg_steps: 2907.05
2024-05-07 01:34:56.902: 142 epsilon: 0.1
2024-05-07 01:49:37.900: 143 test start:
2024-05-07 01:50:41.208: 143 avg_reward: -6.8
2024-05-07 01:50:41.208: 143 avg_steps: 2994.75
2024-05-07 01:50:41.208: 143 epsilon: 0.1
2024-05-07 02:05:02.769: 144 test start:
2024-05-07 02:06:02.657: 144 avg_reward: -4.8
2024-05-07 02:06:02.657: 144 avg_steps: 2792.0
2024-05-07 02:06:02.657: 144 epsilon: 0.1
2024-05-07 02:20:06.305: 145 test start:
2024-05-07 02:21:04.750: 145 avg_reward: -3.7
2024-05-07 02:21:04.751: 145 avg_steps: 2724.4
2024-05-07 02:21:04.751: 145 epsilon: 0.1
2024-05-07 02:35:31.256: 146 test start:
2024-05-07 02:36:29.006: 146 avg_reward: -6.5
2024-05-07 02:36:29.006: 146 avg_steps: 2668.4
2024-05-07 02:36:29.006: 146 epsilon: 0.1
2024-05-07 02:50:37.832: 147 test start:
2024-05-07 02:51:25.315: 147 avg_reward: 7.0
2024-05-07 02:51:25.315: 147 avg_steps: 2216.85
2024-05-07 02:51:25.315: 147 epsilon: 0.1
2024-05-07 03:06:17.803: 148 test start:
2024-05-07 03:07:19.566: 148 avg_reward: -3.4
2024-05-07 03:07:19.566: 148 avg_steps: 2895.2
2024-05-07 03:07:19.566: 148 epsilon: 0.1
2024-05-07 03:21:40.531: 149 test start:
2024-05-07 03:22:29.606: 149 avg_reward: 7.5
2024-05-07 03:22:29.606: 149 avg_steps: 2271.65
2024-05-07 03:22:29.606: 149 epsilon: 0.1
2024-05-07 03:36:32.959: 150 test start:
2024-05-07 03:37:18.790: 150 avg_reward: 6.3
2024-05-07 03:37:18.791: 150 avg_steps: 2127.0
2024-05-07 03:37:18.791: 150 epsilon: 0.1
2024-05-07 03:51:57.097: 151 test start:
2024-05-07 03:52:47.226: 151 avg_reward: 7.1
2024-05-07 03:52:47.226: 151 avg_steps: 2349.1
2024-05-07 03:52:47.226: 151 epsilon: 0.1
2024-05-07 04:06:51.767: 152 test start:
2024-05-07 04:07:45.782: 152 avg_reward: 7.1
2024-05-07 04:07:45.782: 152 avg_steps: 2501.5
2024-05-07 04:07:45.782: 152 epsilon: 0.1
2024-05-07 04:22:21.111: 153 test start:
2024-05-07 04:23:11.874: 153 avg_reward: 0.6
2024-05-07 04:23:11.874: 153 avg_steps: 2387.0
2024-05-07 04:23:11.874: 153 epsilon: 0.1
2024-05-07 04:37:31.159: 154 test start:
2024-05-07 04:38:36.236: 154 avg_reward: -10.3
2024-05-07 04:38:36.236: 154 avg_steps: 3074.2
2024-05-07 04:38:36.236: 154 epsilon: 0.1
2024-05-07 04:53:04.679: 155 test start:
2024-05-07 04:53:56.601: 155 avg_reward: 5.4
2024-05-07 04:53:56.601: 155 avg_steps: 2430.4
2024-05-07 04:53:56.601: 155 epsilon: 0.1
2024-05-07 05:07:52.336: 156 test start:
2024-05-07 05:08:41.058: 156 avg_reward: 6.9
2024-05-07 05:08:41.058: 156 avg_steps: 2278.6
2024-05-07 05:08:41.058: 156 epsilon: 0.1
2024-05-07 05:23:00.731: 157 test start:
2024-05-07 05:23:46.283: 157 avg_reward: 10.0
2024-05-07 05:23:46.283: 157 avg_steps: 2111.65
2024-05-07 05:23:46.283: 157 epsilon: 0.1
2024-05-07 05:38:05.248: 158 test start:
2024-05-07 05:38:57.678: 158 avg_reward: 6.5
2024-05-07 05:38:57.678: 158 avg_steps: 2438.55
2024-05-07 05:38:57.679: 158 epsilon: 0.1
2024-05-07 05:53:10.746: 159 test start:
2024-05-07 05:54:04.831: 159 avg_reward: 5.1
2024-05-07 05:54:04.831: 159 avg_steps: 2545.15
2024-05-07 05:54:04.831: 159 epsilon: 0.1
2024-05-07 06:09:09.034: 160 test start:
2024-05-07 06:09:55.217: 160 avg_reward: 9.0
2024-05-07 06:09:55.217: 160 avg_steps: 2142.7
2024-05-07 06:09:55.217: 160 epsilon: 0.1
2024-05-07 06:23:44.661: 161 test start:
2024-05-07 06:24:31.219: 161 avg_reward: 7.5
2024-05-07 06:24:31.220: 161 avg_steps: 2138.55
2024-05-07 06:24:31.220: 161 epsilon: 0.1
2024-05-07 06:39:06.257: 162 test start:
2024-05-07 06:40:04.220: 162 avg_reward: -1.9
2024-05-07 06:40:04.220: 162 avg_steps: 2708.5
2024-05-07 06:40:04.220: 162 epsilon: 0.1
2024-05-07 06:54:12.636: 163 test start:
2024-05-07 06:55:01.058: 163 avg_reward: 10.3
2024-05-07 06:55:01.058: 163 avg_steps: 2225.25
2024-05-07 06:55:01.058: 163 epsilon: 0.1
2024-05-07 07:09:22.429: 164 test start:
2024-05-07 07:10:13.319: 164 avg_reward: 4.1
2024-05-07 07:10:13.319: 164 avg_steps: 2374.75
2024-05-07 07:10:13.319: 164 epsilon: 0.1
2024-05-07 07:24:48.212: 165 test start:
2024-05-07 07:25:48.775: 165 avg_reward: -7.1
2024-05-07 07:25:48.775: 165 avg_steps: 2835.65
2024-05-07 07:25:48.775: 165 epsilon: 0.1
2024-05-07 07:40:08.605: 166 test start:
2024-05-07 07:40:58.457: 166 avg_reward: 6.3
2024-05-07 07:40:58.457: 166 avg_steps: 2298.4
2024-05-07 07:40:58.457: 166 epsilon: 0.1
2024-05-07 07:55:27.285: 167 test start:
2024-05-07 07:56:22.534: 167 avg_reward: 1.3
2024-05-07 07:56:22.535: 167 avg_steps: 2593.5
2024-05-07 07:56:22.535: 167 epsilon: 0.1
2024-05-07 08:10:42.020: 168 test start:
2024-05-07 08:11:22.334: 168 avg_reward: 11.1
2024-05-07 08:11:22.334: 168 avg_steps: 1891.3
2024-05-07 08:11:22.334: 168 epsilon: 0.1
2024-05-07 08:26:01.194: 169 test start:
2024-05-07 08:26:54.140: 169 avg_reward: 4.4
2024-05-07 08:26:54.140: 169 avg_steps: 2438.95
2024-05-07 08:26:54.140: 169 epsilon: 0.1
2024-05-07 08:40:56.346: 170 test start:
2024-05-07 08:41:36.526: 170 avg_reward: 9.8
2024-05-07 08:41:36.526: 170 avg_steps: 1888.25
2024-05-07 08:41:36.526: 170 epsilon: 0.1
2024-05-07 08:55:49.993: 171 test start:
2024-05-07 08:56:39.401: 171 avg_reward: 8.9
2024-05-07 08:56:39.401: 171 avg_steps: 2259.75
2024-05-07 08:56:39.401: 171 epsilon: 0.1
2024-05-07 09:10:08.606: 172 test start:
2024-05-07 09:10:50.230: 172 avg_reward: 9.1
2024-05-07 09:10:50.230: 172 avg_steps: 2128.5
2024-05-07 09:10:50.230: 172 epsilon: 0.1
2024-05-07 09:24:24.465: 173 test start:
2024-05-07 09:25:08.659: 173 avg_reward: 11.0
2024-05-07 09:25:08.659: 173 avg_steps: 2283.85
2024-05-07 09:25:08.659: 173 epsilon: 0.1
2024-05-07 09:38:25.620: 174 test start:
2024-05-07 09:39:14.759: 174 avg_reward: 7.9
2024-05-07 09:39:14.759: 174 avg_steps: 2480.35
2024-05-07 09:39:14.759: 174 epsilon: 0.1
2024-05-07 09:52:42.190: 175 test start:
2024-05-07 09:53:32.868: 175 avg_reward: 5.5
2024-05-07 09:53:32.868: 175 avg_steps: 2560.75
2024-05-07 09:53:32.868: 175 epsilon: 0.1
2024-05-07 10:06:43.057: 176 test start:
2024-05-07 10:07:38.380: 176 avg_reward: -7.7
2024-05-07 10:07:38.380: 176 avg_steps: 2869.05
2024-05-07 10:07:38.380: 176 epsilon: 0.1
2024-05-07 10:21:19.600: 177 test start:
2024-05-07 10:22:06.576: 177 avg_reward: 6.9
2024-05-07 10:22:06.576: 177 avg_steps: 2415.15
2024-05-07 10:22:06.576: 177 epsilon: 0.1
2024-05-07 10:35:15.839: 178 test start:
2024-05-07 10:36:08.985: 178 avg_reward: -9.6
2024-05-07 10:36:08.985: 178 avg_steps: 2746.05
2024-05-07 10:36:08.985: 178 epsilon: 0.1
2024-05-07 10:49:30.488: 179 test start:
2024-05-07 10:50:16.159: 179 avg_reward: 7.3
2024-05-07 10:50:16.159: 179 avg_steps: 2307.35
2024-05-07 10:50:16.159: 179 epsilon: 0.1
2024-05-07 11:03:33.349: 180 test start:
2024-05-07 11:04:22.763: 180 avg_reward: 2.8
2024-05-07 11:04:22.763: 180 avg_steps: 2487.7
2024-05-07 11:04:22.763: 180 epsilon: 0.1
2024-05-07 11:17:28.966: 181 test start:
2024-05-07 11:18:13.471: 181 avg_reward: 6.5
2024-05-07 11:18:13.471: 181 avg_steps: 2309.7
2024-05-07 11:18:13.471: 181 epsilon: 0.1
2024-05-07 11:32:14.354: 182 test start:
2024-05-07 11:32:59.972: 182 avg_reward: 7.4
2024-05-07 11:32:59.972: 182 avg_steps: 2332.85
2024-05-07 11:32:59.972: 182 epsilon: 0.1
2024-05-07 11:46:27.935: 183 test start:
2024-05-07 11:47:23.002: 183 avg_reward: -9.3
2024-05-07 11:47:23.002: 183 avg_steps: 2781.65
2024-05-07 11:47:23.002: 183 epsilon: 0.1
2024-05-07 12:00:48.995: 184 test start:
2024-05-07 12:01:46.418: 184 avg_reward: -7.0
2024-05-07 12:01:46.418: 184 avg_steps: 2973.05
2024-05-07 12:01:46.418: 184 epsilon: 0.1
2024-05-07 12:15:26.331: 185 test start:
2024-05-07 12:16:15.486: 185 avg_reward: 5.4
2024-05-07 12:16:15.486: 185 avg_steps: 2546.2
2024-05-07 12:16:15.486: 185 epsilon: 0.1
2024-05-07 12:29:56.017: 186 test start:
2024-05-07 12:30:45.312: 186 avg_reward: 8.0
2024-05-07 12:30:45.312: 186 avg_steps: 2488.75
2024-05-07 12:30:45.312: 186 epsilon: 0.1
2024-05-07 12:44:07.109: 187 test start:
2024-05-07 12:44:48.636: 187 avg_reward: 8.5
2024-05-07 12:44:48.636: 187 avg_steps: 2151.75
2024-05-07 12:44:48.636: 187 epsilon: 0.1
2024-05-07 12:58:39.658: 188 test start:
2024-05-07 12:59:19.960: 188 avg_reward: 13.0
2024-05-07 12:59:19.960: 188 avg_steps: 2018.9
2024-05-07 12:59:19.960: 188 epsilon: 0.1
2024-05-07 13:12:44.246: 189 test start:
2024-05-07 13:13:24.979: 189 avg_reward: 8.8
2024-05-07 13:13:24.980: 189 avg_steps: 2056.8
2024-05-07 13:13:24.980: 189 epsilon: 0.1
2024-05-07 13:26:47.687: 190 test start:
2024-05-07 13:27:43.905: 190 avg_reward: -5.2
2024-05-07 13:27:43.905: 190 avg_steps: 2927.0
2024-05-07 13:27:43.905: 190 epsilon: 0.1
2024-05-07 13:41:28.789: 191 test start:
2024-05-07 13:42:22.102: 191 avg_reward: 4.9
2024-05-07 13:42:22.102: 191 avg_steps: 2662.95
2024-05-07 13:42:22.102: 191 epsilon: 0.1
2024-05-07 13:55:37.188: 192 test start:
2024-05-07 13:56:26.398: 192 avg_reward: 6.7
2024-05-07 13:56:26.398: 192 avg_steps: 2498.35
2024-05-07 13:56:26.398: 192 epsilon: 0.1
2024-05-07 14:10:25.280: 193 test start:
2024-05-07 14:11:21.868: 193 avg_reward: -5.8
2024-05-07 14:11:21.868: 193 avg_steps: 2907.0
2024-05-07 14:11:21.868: 193 epsilon: 0.1
2024-05-07 14:24:42.929: 194 test start:
2024-05-07 14:25:35.101: 194 avg_reward: 1.4
2024-05-07 14:25:35.101: 194 avg_steps: 2692.1
2024-05-07 14:25:35.101: 194 epsilon: 0.1
2024-05-07 14:39:11.925: 195 test start:
2024-05-07 14:40:02.007: 195 avg_reward: 3.4
2024-05-07 14:40:02.007: 195 avg_steps: 2636.25
2024-05-07 14:40:02.007: 195 epsilon: 0.1
2024-05-07 14:53:09.785: 196 test start:
2024-05-07 14:54:05.773: 196 avg_reward: 0.3
2024-05-07 14:54:05.773: 196 avg_steps: 2927.35
2024-05-07 14:54:05.773: 196 epsilon: 0.1
2024-05-07 15:07:10.649: 197 test start:
2024-05-07 15:08:06.572: 197 avg_reward: -8.5
2024-05-07 15:08:06.572: 197 avg_steps: 2899.9
2024-05-07 15:08:06.572: 197 epsilon: 0.1
2024-05-07 15:21:37.828: 198 test start:
2024-05-07 15:22:20.791: 198 avg_reward: 9.2
2024-05-07 15:22:20.791: 198 avg_steps: 2231.95
2024-05-07 15:22:20.791: 198 epsilon: 0.1
2024-05-07 15:35:33.855: 199 test start:
2024-05-07 15:36:16.779: 199 avg_reward: 10.0
2024-05-07 15:36:16.779: 199 avg_steps: 2162.45
2024-05-07 15:36:16.779: 199 epsilon: 0.1
2024-05-07 15:49:21.099: 200 test start:
2024-05-07 15:50:10.882: 200 avg_reward: 5.3
2024-05-07 15:50:10.882: 200 avg_steps: 2577.5
2024-05-07 15:50:10.882: 200 epsilon: 0.1
2024-05-07 16:03:40.359: 201 test start:
2024-05-07 16:04:25.444: 201 avg_reward: 6.2
2024-05-07 16:04:25.444: 201 avg_steps: 2357.05
2024-05-07 16:04:25.444: 201 epsilon: 0.1
2024-05-07 16:17:49.897: 202 test start:
2024-05-07 16:18:48.018: 202 avg_reward: -7.7
2024-05-07 16:18:48.018: 202 avg_steps: 2942.05
2024-05-07 16:18:48.018: 202 epsilon: 0.1
2024-05-07 16:32:22.102: 203 test start:
2024-05-07 16:33:16.471: 203 avg_reward: 3.3
2024-05-07 16:33:16.471: 203 avg_steps: 2736.0
2024-05-07 16:33:16.471: 203 epsilon: 0.1
2024-05-07 16:46:54.976: 204 test start:
2024-05-07 16:47:52.932: 204 avg_reward: -1.9
2024-05-07 16:47:52.932: 204 avg_steps: 3006.0
2024-05-07 16:47:52.932: 204 epsilon: 0.1
2024-05-07 17:01:12.395: 205 test start:
2024-05-07 17:02:07.065: 205 avg_reward: 2.1
2024-05-07 17:02:07.065: 205 avg_steps: 2768.7
2024-05-07 17:02:07.065: 205 epsilon: 0.1
2024-05-07 17:15:05.975: 206 test start:
2024-05-07 17:16:01.138: 206 avg_reward: -2.0
2024-05-07 17:16:01.138: 206 avg_steps: 2811.45
2024-05-07 17:16:01.138: 206 epsilon: 0.1
2024-05-07 17:29:38.788: 207 test start:
2024-05-07 17:30:30.303: 207 avg_reward: 4.9
2024-05-07 17:30:30.304: 207 avg_steps: 2654.9
2024-05-07 17:30:30.304: 207 epsilon: 0.1
2024-05-07 17:44:20.459: 208 test start:
2024-05-07 17:45:19.124: 208 avg_reward: -7.4
2024-05-07 17:45:19.124: 208 avg_steps: 2941.05
2024-05-07 17:45:19.124: 208 epsilon: 0.1
2024-05-07 17:58:28.274: 209 test start:
2024-05-07 17:59:22.357: 209 avg_reward: 3.9
2024-05-07 17:59:22.357: 209 avg_steps: 2730.0
2024-05-07 17:59:22.357: 209 epsilon: 0.1
2024-05-07 18:12:18.455: 210 test start:
2024-05-07 18:13:19.686: 210 avg_reward: -1.3
2024-05-07 18:13:19.686: 210 avg_steps: 3178.5
2024-05-07 18:13:19.686: 210 epsilon: 0.1
2024-05-07 18:26:57.840: 211 test start:
2024-05-07 18:27:44.189: 211 avg_reward: 8.2
2024-05-07 18:27:44.189: 211 avg_steps: 2353.6
2024-05-07 18:27:44.189: 211 epsilon: 0.1
2024-05-07 18:41:03.459: 212 test start:
2024-05-07 18:41:51.024: 212 avg_reward: 9.8
2024-05-07 18:41:51.024: 212 avg_steps: 2447.1
2024-05-07 18:41:51.024: 212 epsilon: 0.1
2024-05-07 18:55:19.170: 213 test start:
2024-05-07 18:56:08.622: 213 avg_reward: 6.3
2024-05-07 18:56:08.622: 213 avg_steps: 2559.85
2024-05-07 18:56:08.622: 213 epsilon: 0.1
2024-05-07 19:09:41.378: 214 test start:
2024-05-07 19:10:31.141: 214 avg_reward: 5.3
2024-05-07 19:10:31.141: 214 avg_steps: 2508.85
2024-05-07 19:10:31.141: 214 epsilon: 0.1
2024-05-07 19:23:35.177: 215 test start:
2024-05-07 19:24:29.982: 215 avg_reward: -9.8
2024-05-07 19:24:29.982: 215 avg_steps: 2837.1
2024-05-07 19:24:29.982: 215 epsilon: 0.1
2024-05-07 19:38:33.684: 216 test start:
2024-05-07 19:39:20.561: 216 avg_reward: 3.8
2024-05-07 19:39:20.561: 216 avg_steps: 2429.05
2024-05-07 19:39:20.561: 216 epsilon: 0.1
2024-05-07 19:52:46.209: 217 test start:
2024-05-07 19:53:37.710: 217 avg_reward: 4.3
2024-05-07 19:53:37.710: 217 avg_steps: 2585.3
2024-05-07 19:53:37.710: 217 epsilon: 0.1
2024-05-07 20:06:41.457: 218 test start:
2024-05-07 20:07:38.864: 218 avg_reward: -0.6
2024-05-07 20:07:38.864: 218 avg_steps: 2975.2
2024-05-07 20:07:38.864: 218 epsilon: 0.1
2024-05-07 20:21:27.748: 219 test start:
2024-05-07 20:22:23.822: 219 avg_reward: 0.5
2024-05-07 20:22:23.822: 219 avg_steps: 2792.15
2024-05-07 20:22:23.822: 219 epsilon: 0.1
2024-05-07 20:35:25.323: 220 test start:
2024-05-07 20:36:24.583: 220 avg_reward: 0.5
2024-05-07 20:36:24.583: 220 avg_steps: 2968.4
2024-05-07 20:36:24.583: 220 epsilon: 0.1
2024-05-07 20:49:44.996: 221 test start:
2024-05-07 20:50:46.138: 221 avg_reward: -3.2
2024-05-07 20:50:46.138: 221 avg_steps: 3154.0
2024-05-07 20:50:46.138: 221 epsilon: 0.1
2024-05-07 21:04:07.514: 222 test start:
2024-05-07 21:04:56.437: 222 avg_reward: 6.3
2024-05-07 21:04:56.437: 222 avg_steps: 2470.6
2024-05-07 21:04:56.437: 222 epsilon: 0.1
2024-05-07 21:18:39.535: 223 test start:
2024-05-07 21:19:28.003: 223 avg_reward: 7.2
2024-05-07 21:19:28.003: 223 avg_steps: 2438.5
2024-05-07 21:19:28.003: 223 epsilon: 0.1
2024-05-07 21:33:01.013: 224 test start:
2024-05-07 21:33:46.942: 224 avg_reward: 6.6
2024-05-07 21:33:46.942: 224 avg_steps: 2409.3
2024-05-07 21:33:46.943: 224 epsilon: 0.1
2024-05-07 21:47:21.712: 225 test start:
2024-05-07 21:48:20.223: 225 avg_reward: -6.6
2024-05-07 21:48:20.223: 225 avg_steps: 2973.2
2024-05-07 21:48:20.223: 225 epsilon: 0.1
2024-05-07 22:01:47.434: 226 test start:
2024-05-07 22:02:37.945: 226 avg_reward: 2.0
2024-05-07 22:02:37.945: 226 avg_steps: 2536.7
2024-05-07 22:02:37.945: 226 epsilon: 0.1
2024-05-07 22:15:58.904: 227 test start:
2024-05-07 22:16:48.139: 227 avg_reward: 4.7
2024-05-07 22:16:48.139: 227 avg_steps: 2550.6
2024-05-07 22:16:48.139: 227 epsilon: 0.1
2024-05-07 22:30:26.000: 228 test start:
2024-05-07 22:31:17.196: 228 avg_reward: 6.6
2024-05-07 22:31:17.196: 228 avg_steps: 2562.85
2024-05-07 22:31:17.196: 228 epsilon: 0.1
