2024-05-05 09:06:28.186: 
parameters:agent_saving_period: 80000
agent_test_episodes: 20
batch_num_per_epoch: 100000
device: cuda:0
env_name: ALE/Asterix-v5
epsilon_for_test: 0.05
epsilon_max: 1.0
epsilon_min: 0.1
exploration_steps: 1000000
gamma: 0.99
input_frame_height: 84
input_frame_width: 84
learning_rate: 1.0e-05
log_path: ../exps/dueling_dqn/
mini_batch_size: 32
no_op: 30
phi_channel: 4
replay_buffer_size: 200000
replay_start_size: 10000
save_path: ./exps/
skip_k_frame: 4
step_c: 10000
training_steps: 50000000

2024-05-05 09:18:43.941: 1 test start:
2024-05-05 09:18:50.165: 1 avg_reward: 237.5
2024-05-05 09:18:50.165: 1 avg_steps: 247.1
2024-05-05 09:18:50.165: 1 epsilon: 0.927649
2024-05-05 13:34:29.267: 2 test start:
2024-05-05 13:34:35.313: 2 avg_reward: 445.0
2024-05-05 13:34:35.314: 2 avg_steps: 293.8
2024-05-05 13:34:35.314: 2 epsilon: 0.8477802999999999
2024-05-05 13:48:29.011: 3 test start:
2024-05-05 13:48:34.287: 3 avg_reward: 417.5
2024-05-05 13:48:34.287: 3 avg_steps: 261.8
2024-05-05 13:48:34.287: 3 epsilon: 0.7681177
2024-05-05 14:02:28.706: 4 test start:
2024-05-05 14:02:34.682: 4 avg_reward: 437.5
2024-05-05 14:02:34.682: 4 avg_steps: 297.25
2024-05-05 14:02:34.682: 4 epsilon: 0.6883291
2024-05-05 14:16:26.817: 5 test start:
2024-05-05 14:16:33.140: 5 avg_reward: 417.5
2024-05-05 14:16:33.140: 5 avg_steps: 317.15
2024-05-05 14:16:33.140: 5 epsilon: 0.6083947
2024-05-05 14:30:24.937: 6 test start:
2024-05-05 14:30:29.877: 6 avg_reward: 197.5
2024-05-05 14:30:29.877: 6 avg_steps: 245.1
2024-05-05 14:30:29.877: 6 epsilon: 0.5281237
2024-05-05 14:44:23.115: 7 test start:
2024-05-05 14:44:29.465: 7 avg_reward: 650.0
2024-05-05 14:44:29.465: 7 avg_steps: 317.35
2024-05-05 14:44:29.465: 7 epsilon: 0.44761149999999994
2024-05-05 14:58:20.980: 8 test start:
2024-05-05 14:58:28.016: 8 avg_reward: 737.5
2024-05-05 14:58:28.016: 8 avg_steps: 349.7
2024-05-05 14:58:28.016: 8 epsilon: 0.3670903
2024-05-05 15:12:24.413: 9 test start:
2024-05-05 15:12:31.446: 9 avg_reward: 690.0
2024-05-05 15:12:31.446: 9 avg_steps: 349.75
2024-05-05 15:12:31.446: 9 epsilon: 0.2857293999999999
2024-05-05 15:26:24.304: 10 test start:
2024-05-05 15:26:32.996: 10 avg_reward: 875.0
2024-05-05 15:26:32.996: 10 avg_steps: 436.75
2024-05-05 15:26:32.996: 10 epsilon: 0.2040264999999999
2024-05-05 15:40:25.903: 11 test start:
2024-05-05 15:40:33.184: 11 avg_reward: 820.0
2024-05-05 15:40:33.184: 11 avg_steps: 364.05
2024-05-05 15:40:33.184: 11 epsilon: 0.12232089999999995
2024-05-05 15:54:32.686: 12 test start:
2024-05-05 15:54:40.478: 12 avg_reward: 850.0
2024-05-05 15:54:40.478: 12 avg_steps: 389.7
2024-05-05 15:54:40.478: 12 epsilon: 0.1
2024-05-05 16:08:34.989: 13 test start:
2024-05-05 16:08:42.957: 13 avg_reward: 1060.0
2024-05-05 16:08:42.957: 13 avg_steps: 399.15
2024-05-05 16:08:42.957: 13 epsilon: 0.1
2024-05-05 16:22:37.080: 14 test start:
2024-05-05 16:22:46.520: 14 avg_reward: 1032.5
2024-05-05 16:22:46.520: 14 avg_steps: 469.4
2024-05-05 16:22:46.520: 14 epsilon: 0.1
2024-05-05 16:36:45.186: 15 test start:
2024-05-05 16:36:54.748: 15 avg_reward: 1017.5
2024-05-05 16:36:54.749: 15 avg_steps: 478.0
2024-05-05 16:36:54.749: 15 epsilon: 0.1
2024-05-05 16:50:55.091: 16 test start:
2024-05-05 16:51:06.227: 16 avg_reward: 1335.0
2024-05-05 16:51:06.227: 16 avg_steps: 561.9
2024-05-05 16:51:06.227: 16 epsilon: 0.1
2024-05-05 17:05:05.939: 17 test start:
2024-05-05 17:05:14.367: 17 avg_reward: 1065.0
2024-05-05 17:05:14.367: 17 avg_steps: 419.2
2024-05-05 17:05:14.367: 17 epsilon: 0.1
2024-05-05 17:19:13.135: 18 test start:
2024-05-05 17:19:23.803: 18 avg_reward: 1472.5
2024-05-05 17:19:23.803: 18 avg_steps: 536.95
2024-05-05 17:19:23.803: 18 epsilon: 0.1
2024-05-05 17:33:25.938: 19 test start:
2024-05-05 17:33:37.719: 19 avg_reward: 1575.0
2024-05-05 17:33:37.719: 19 avg_steps: 597.3
2024-05-05 17:33:37.719: 19 epsilon: 0.1
2024-05-05 17:47:34.248: 20 test start:
2024-05-05 17:47:47.574: 20 avg_reward: 1860.0
2024-05-05 17:47:47.574: 20 avg_steps: 656.15
2024-05-05 17:47:47.574: 20 epsilon: 0.1
2024-05-05 18:01:44.657: 21 test start:
2024-05-05 18:01:57.485: 21 avg_reward: 1835.0
2024-05-05 18:01:57.485: 21 avg_steps: 644.75
2024-05-05 18:01:57.485: 21 epsilon: 0.1
2024-05-05 18:15:57.400: 22 test start:
2024-05-05 18:16:09.743: 22 avg_reward: 1690.0
2024-05-05 18:16:09.743: 22 avg_steps: 623.3
2024-05-05 18:16:09.743: 22 epsilon: 0.1
2024-05-05 18:30:03.122: 23 test start:
2024-05-05 18:30:13.612: 23 avg_reward: 1347.5
2024-05-05 18:30:13.612: 23 avg_steps: 527.25
2024-05-05 18:30:13.612: 23 epsilon: 0.1
2024-05-05 18:44:08.875: 24 test start:
2024-05-05 18:44:19.805: 24 avg_reward: 1407.5
2024-05-05 18:44:19.805: 24 avg_steps: 553.7
2024-05-05 18:44:19.805: 24 epsilon: 0.1
2024-05-05 18:58:15.712: 25 test start:
2024-05-05 18:58:27.297: 25 avg_reward: 1545.0
2024-05-05 18:58:27.297: 25 avg_steps: 586.5
2024-05-05 18:58:27.297: 25 epsilon: 0.1
2024-05-05 19:12:18.854: 26 test start:
2024-05-05 19:12:32.541: 26 avg_reward: 1940.0
2024-05-05 19:12:32.542: 26 avg_steps: 686.45
2024-05-05 19:12:32.542: 26 epsilon: 0.1
2024-05-05 19:26:34.427: 27 test start:
2024-05-05 19:26:49.090: 27 avg_reward: 2095.0
2024-05-05 19:26:49.090: 27 avg_steps: 737.35
2024-05-05 19:26:49.090: 27 epsilon: 0.1
2024-05-05 19:40:43.540: 28 test start:
2024-05-05 19:40:55.959: 28 avg_reward: 1692.5
2024-05-05 19:40:55.959: 28 avg_steps: 627.35
2024-05-05 19:40:55.959: 28 epsilon: 0.1
2024-05-05 19:54:54.754: 29 test start:
2024-05-05 19:55:07.015: 29 avg_reward: 1745.0
2024-05-05 19:55:07.015: 29 avg_steps: 619.95
2024-05-05 19:55:07.015: 29 epsilon: 0.1
2024-05-05 20:09:08.763: 30 test start:
2024-05-05 20:09:21.188: 30 avg_reward: 1750.0
2024-05-05 20:09:21.189: 30 avg_steps: 614.5
2024-05-05 20:09:21.189: 30 epsilon: 0.1
2024-05-05 20:23:15.923: 31 test start:
2024-05-05 20:23:27.819: 31 avg_reward: 1435.0
2024-05-05 20:23:27.819: 31 avg_steps: 596.75
2024-05-05 20:23:27.819: 31 epsilon: 0.1
2024-05-05 20:37:37.195: 32 test start:
2024-05-05 20:37:50.537: 32 avg_reward: 1950.0
2024-05-05 20:37:50.537: 32 avg_steps: 673.5
2024-05-05 20:37:50.537: 32 epsilon: 0.1
2024-05-05 20:52:03.178: 33 test start:
2024-05-05 20:52:15.080: 33 avg_reward: 1665.0
2024-05-05 20:52:15.081: 33 avg_steps: 600.95
2024-05-05 20:52:15.081: 33 epsilon: 0.1
2024-05-05 21:06:11.404: 34 test start:
2024-05-05 21:06:26.393: 34 avg_reward: 2142.5
2024-05-05 21:06:26.393: 34 avg_steps: 759.85
2024-05-05 21:06:26.393: 34 epsilon: 0.1
2024-05-05 21:20:41.352: 35 test start:
2024-05-05 21:20:53.644: 35 avg_reward: 1707.5
2024-05-05 21:20:53.644: 35 avg_steps: 614.0
2024-05-05 21:20:53.644: 35 epsilon: 0.1
2024-05-05 21:35:09.223: 36 test start:
2024-05-05 21:35:23.216: 36 avg_reward: 2097.5
2024-05-05 21:35:23.216: 36 avg_steps: 712.75
2024-05-05 21:35:23.216: 36 epsilon: 0.1
2024-05-05 21:49:31.329: 37 test start:
2024-05-05 21:49:47.703: 37 avg_reward: 2450.0
2024-05-05 21:49:47.703: 37 avg_steps: 839.0
2024-05-05 21:49:47.703: 37 epsilon: 0.1
2024-05-05 22:03:51.514: 38 test start:
2024-05-05 22:04:03.987: 38 avg_reward: 1815.0
2024-05-05 22:04:03.987: 38 avg_steps: 631.5
2024-05-05 22:04:03.987: 38 epsilon: 0.1
2024-05-05 22:18:15.076: 39 test start:
2024-05-05 22:18:29.874: 39 avg_reward: 2120.0
2024-05-05 22:18:29.874: 39 avg_steps: 748.7
2024-05-05 22:18:29.874: 39 epsilon: 0.1
2024-05-05 22:32:44.404: 40 test start:
2024-05-05 22:32:59.553: 40 avg_reward: 2192.5
2024-05-05 22:32:59.553: 40 avg_steps: 767.55
2024-05-05 22:32:59.553: 40 epsilon: 0.1
2024-05-05 22:47:03.766: 41 test start:
2024-05-05 22:47:18.493: 41 avg_reward: 2255.0
2024-05-05 22:47:18.493: 41 avg_steps: 742.5
2024-05-05 22:47:18.493: 41 epsilon: 0.1
2024-05-05 23:01:09.350: 42 test start:
2024-05-05 23:01:24.016: 42 avg_reward: 2202.5
2024-05-05 23:01:24.016: 42 avg_steps: 748.0
2024-05-05 23:01:24.016: 42 epsilon: 0.1
2024-05-05 23:15:26.402: 43 test start:
2024-05-05 23:15:42.319: 43 avg_reward: 2407.5
2024-05-05 23:15:42.319: 43 avg_steps: 792.1
2024-05-05 23:15:42.319: 43 epsilon: 0.1
2024-05-05 23:29:31.315: 44 test start:
2024-05-05 23:29:44.337: 44 avg_reward: 1962.5
2024-05-05 23:29:44.337: 44 avg_steps: 655.6
2024-05-05 23:29:44.337: 44 epsilon: 0.1
2024-05-05 23:43:53.141: 45 test start:
2024-05-05 23:44:07.830: 45 avg_reward: 2237.5
2024-05-05 23:44:07.830: 45 avg_steps: 748.4
2024-05-05 23:44:07.830: 45 epsilon: 0.1
2024-05-05 23:58:06.753: 46 test start:
2024-05-05 23:58:20.142: 46 avg_reward: 1985.0
2024-05-05 23:58:20.142: 46 avg_steps: 674.7
2024-05-05 23:58:20.142: 46 epsilon: 0.1
2024-05-06 00:12:09.602: 47 test start:
2024-05-06 00:12:21.728: 47 avg_reward: 1757.5
2024-05-06 00:12:21.728: 47 avg_steps: 612.65
2024-05-06 00:12:21.728: 47 epsilon: 0.1
2024-05-06 00:26:21.232: 48 test start:
2024-05-06 00:26:31.802: 48 avg_reward: 1482.5
2024-05-06 00:26:31.802: 48 avg_steps: 537.15
2024-05-06 00:26:31.802: 48 epsilon: 0.1
2024-05-06 00:40:41.123: 49 test start:
2024-05-06 00:40:54.345: 49 avg_reward: 1942.5
2024-05-06 00:40:54.345: 49 avg_steps: 658.7
2024-05-06 00:40:54.345: 49 epsilon: 0.1
2024-05-06 00:54:42.984: 50 test start:
2024-05-06 00:54:52.735: 50 avg_reward: 1317.5
2024-05-06 00:54:52.735: 50 avg_steps: 489.15
2024-05-06 00:54:52.735: 50 epsilon: 0.1
2024-05-06 01:08:52.278: 51 test start:
2024-05-06 01:09:04.077: 51 avg_reward: 1660.0
2024-05-06 01:09:04.077: 51 avg_steps: 598.75
2024-05-06 01:09:04.077: 51 epsilon: 0.1
2024-05-06 01:23:01.341: 52 test start:
2024-05-06 01:23:14.171: 52 avg_reward: 1882.5
2024-05-06 01:23:14.171: 52 avg_steps: 647.85
2024-05-06 01:23:14.171: 52 epsilon: 0.1
2024-05-06 01:37:04.290: 53 test start:
2024-05-06 01:37:18.126: 53 avg_reward: 1975.0
2024-05-06 01:37:18.126: 53 avg_steps: 700.3
2024-05-06 01:37:18.126: 53 epsilon: 0.1
2024-05-06 01:51:22.142: 54 test start:
2024-05-06 01:51:34.356: 54 avg_reward: 1740.0
2024-05-06 01:51:34.356: 54 avg_steps: 616.35
2024-05-06 01:51:34.357: 54 epsilon: 0.1
2024-05-06 02:05:36.748: 55 test start:
2024-05-06 02:05:48.251: 55 avg_reward: 1632.5
2024-05-06 02:05:48.251: 55 avg_steps: 581.1
2024-05-06 02:05:48.251: 55 epsilon: 0.1
2024-05-06 02:19:36.899: 56 test start:
2024-05-06 02:19:50.826: 56 avg_reward: 2015.0
2024-05-06 02:19:50.826: 56 avg_steps: 697.5
2024-05-06 02:19:50.826: 56 epsilon: 0.1
2024-05-06 02:33:51.628: 57 test start:
2024-05-06 02:34:02.844: 57 avg_reward: 1595.0
2024-05-06 02:34:02.844: 57 avg_steps: 566.65
2024-05-06 02:34:02.844: 57 epsilon: 0.1
2024-05-06 02:47:56.805: 58 test start:
2024-05-06 02:48:09.043: 58 avg_reward: 1882.5
2024-05-06 02:48:09.044: 58 avg_steps: 617.85
2024-05-06 02:48:09.044: 58 epsilon: 0.1
2024-05-06 03:01:43.090: 59 test start:
2024-05-06 03:01:57.187: 59 avg_reward: 2102.5
2024-05-06 03:01:57.187: 59 avg_steps: 712.25
2024-05-06 03:01:57.187: 59 epsilon: 0.1
2024-05-06 03:15:59.432: 60 test start:
2024-05-06 03:16:09.588: 60 avg_reward: 1362.5
2024-05-06 03:16:09.588: 60 avg_steps: 511.55
2024-05-06 03:16:09.588: 60 epsilon: 0.1
2024-05-06 03:29:46.798: 61 test start:
2024-05-06 03:30:00.686: 61 avg_reward: 2207.5
2024-05-06 03:30:00.686: 61 avg_steps: 709.65
2024-05-06 03:30:00.686: 61 epsilon: 0.1
2024-05-06 03:44:04.234: 62 test start:
2024-05-06 03:44:15.749: 62 avg_reward: 1570.0
2024-05-06 03:44:15.749: 62 avg_steps: 581.1
2024-05-06 03:44:15.749: 62 epsilon: 0.1
2024-05-06 03:57:51.632: 63 test start:
2024-05-06 03:58:04.147: 63 avg_reward: 1852.5
2024-05-06 03:58:04.147: 63 avg_steps: 631.0
2024-05-06 03:58:04.147: 63 epsilon: 0.1
2024-05-06 04:11:56.398: 64 test start:
2024-05-06 04:12:05.764: 64 avg_reward: 1270.0
2024-05-06 04:12:05.764: 64 avg_steps: 472.05
2024-05-06 04:12:05.764: 64 epsilon: 0.1
2024-05-06 04:25:57.170: 65 test start:
2024-05-06 04:26:08.298: 65 avg_reward: 1610.0
2024-05-06 04:26:08.298: 65 avg_steps: 562.65
2024-05-06 04:26:08.298: 65 epsilon: 0.1
2024-05-06 04:39:47.489: 66 test start:
2024-05-06 04:39:59.543: 66 avg_reward: 1802.5
2024-05-06 04:39:59.543: 66 avg_steps: 614.35
2024-05-06 04:39:59.543: 66 epsilon: 0.1
2024-05-06 04:53:46.135: 67 test start:
2024-05-06 04:54:00.349: 67 avg_reward: 2142.5
2024-05-06 04:54:00.349: 67 avg_steps: 711.0
2024-05-06 04:54:00.349: 67 epsilon: 0.1
2024-05-06 05:07:40.626: 68 test start:
2024-05-06 05:07:52.612: 68 avg_reward: 1702.5
2024-05-06 05:07:52.612: 68 avg_steps: 589.15
2024-05-06 05:07:52.612: 68 epsilon: 0.1
2024-05-06 05:21:43.022: 69 test start:
2024-05-06 05:21:56.537: 69 avg_reward: 2040.0
2024-05-06 05:21:56.537: 69 avg_steps: 682.3
2024-05-06 05:21:56.537: 69 epsilon: 0.1
2024-05-06 05:36:00.799: 70 test start:
2024-05-06 05:36:11.181: 70 avg_reward: 1432.5
2024-05-06 05:36:11.181: 70 avg_steps: 521.45
2024-05-06 05:36:11.181: 70 epsilon: 0.1
2024-05-06 05:49:59.373: 71 test start:
2024-05-06 05:50:12.130: 71 avg_reward: 1870.0
2024-05-06 05:50:12.130: 71 avg_steps: 641.2
2024-05-06 05:50:12.130: 71 epsilon: 0.1
2024-05-06 06:04:09.105: 72 test start:
2024-05-06 06:04:19.263: 72 avg_reward: 1412.5
2024-05-06 06:04:19.263: 72 avg_steps: 514.25
2024-05-06 06:04:19.263: 72 epsilon: 0.1
2024-05-06 06:17:53.921: 73 test start:
2024-05-06 06:18:06.117: 73 avg_reward: 1787.5
2024-05-06 06:18:06.117: 73 avg_steps: 623.65
2024-05-06 06:18:06.117: 73 epsilon: 0.1
2024-05-06 06:31:46.119: 74 test start:
2024-05-06 06:31:57.634: 74 avg_reward: 1580.0
2024-05-06 06:31:57.634: 74 avg_steps: 577.55
2024-05-06 06:31:57.634: 74 epsilon: 0.1
2024-05-06 06:45:34.638: 75 test start:
2024-05-06 06:45:45.758: 75 avg_reward: 1615.0
2024-05-06 06:45:45.759: 75 avg_steps: 555.6
2024-05-06 06:45:45.759: 75 epsilon: 0.1
2024-05-06 06:59:31.200: 76 test start:
2024-05-06 06:59:40.644: 76 avg_reward: 1295.0
2024-05-06 06:59:40.644: 76 avg_steps: 480.65
2024-05-06 06:59:40.644: 76 epsilon: 0.1
2024-05-06 07:13:35.411: 77 test start:
2024-05-06 07:13:46.800: 77 avg_reward: 1677.5
2024-05-06 07:13:46.800: 77 avg_steps: 572.85
2024-05-06 07:13:46.800: 77 epsilon: 0.1
2024-05-06 07:27:31.893: 78 test start:
2024-05-06 07:27:44.158: 78 avg_reward: 1755.0
2024-05-06 07:27:44.158: 78 avg_steps: 615.1
2024-05-06 07:27:44.158: 78 epsilon: 0.1
2024-05-06 07:41:33.245: 79 test start:
2024-05-06 07:41:44.609: 79 avg_reward: 1662.5
2024-05-06 07:41:44.609: 79 avg_steps: 574.1
2024-05-06 07:41:44.609: 79 epsilon: 0.1
2024-05-06 07:55:47.579: 80 test start:
2024-05-06 07:55:59.758: 80 avg_reward: 1762.5
2024-05-06 07:55:59.758: 80 avg_steps: 604.25
2024-05-06 07:55:59.758: 80 epsilon: 0.1
2024-05-06 08:09:51.465: 81 test start:
2024-05-06 08:10:02.414: 81 avg_reward: 1522.5
2024-05-06 08:10:02.414: 81 avg_steps: 550.45
2024-05-06 08:10:02.414: 81 epsilon: 0.1
2024-05-06 08:24:19.039: 82 test start:
2024-05-06 08:24:30.897: 82 avg_reward: 1657.5
2024-05-06 08:24:30.897: 82 avg_steps: 593.75
2024-05-06 08:24:30.897: 82 epsilon: 0.1
2024-05-06 08:38:15.676: 83 test start:
2024-05-06 08:38:25.451: 83 avg_reward: 1307.5
2024-05-06 08:38:25.451: 83 avg_steps: 495.5
2024-05-06 08:38:25.451: 83 epsilon: 0.1
2024-05-06 08:52:18.291: 84 test start:
2024-05-06 08:52:32.851: 84 avg_reward: 2242.5
2024-05-06 08:52:32.851: 84 avg_steps: 741.05
2024-05-06 08:52:32.851: 84 epsilon: 0.1
2024-05-06 09:06:26.510: 85 test start:
2024-05-06 09:06:37.788: 85 avg_reward: 1657.5
2024-05-06 09:06:37.789: 85 avg_steps: 568.3
2024-05-06 09:06:37.789: 85 epsilon: 0.1
2024-05-06 09:20:17.905: 86 test start:
2024-05-06 09:20:29.545: 86 avg_reward: 1660.0
2024-05-06 09:20:29.545: 86 avg_steps: 585.2
2024-05-06 09:20:29.545: 86 epsilon: 0.1
2024-05-06 09:34:38.083: 87 test start:
2024-05-06 09:34:49.121: 87 avg_reward: 1627.5
2024-05-06 09:34:49.121: 87 avg_steps: 556.0
2024-05-06 09:34:49.121: 87 epsilon: 0.1
2024-05-06 09:48:25.941: 88 test start:
2024-05-06 09:48:37.152: 88 avg_reward: 1650.0
2024-05-06 09:48:37.152: 88 avg_steps: 560.85
2024-05-06 09:48:37.152: 88 epsilon: 0.1
2024-05-06 10:02:33.761: 89 test start:
2024-05-06 10:02:44.331: 89 avg_reward: 1467.5
2024-05-06 10:02:44.331: 89 avg_steps: 533.5
2024-05-06 10:02:44.331: 89 epsilon: 0.1
2024-05-06 10:16:25.553: 90 test start:
2024-05-06 10:16:36.365: 90 avg_reward: 1515.0
2024-05-06 10:16:36.365: 90 avg_steps: 544.05
2024-05-06 10:16:36.365: 90 epsilon: 0.1
2024-05-06 10:30:30.287: 91 test start:
2024-05-06 10:30:38.777: 91 avg_reward: 1155.0
2024-05-06 10:30:38.777: 91 avg_steps: 420.45
2024-05-06 10:30:38.777: 91 epsilon: 0.1
2024-05-06 10:44:26.035: 92 test start:
2024-05-06 10:44:35.623: 92 avg_reward: 1260.0
2024-05-06 10:44:35.623: 92 avg_steps: 483.65
2024-05-06 10:44:35.623: 92 epsilon: 0.1
2024-05-06 10:58:14.990: 93 test start:
2024-05-06 10:58:24.778: 93 avg_reward: 1325.0
2024-05-06 10:58:24.778: 93 avg_steps: 490.05
2024-05-06 10:58:24.778: 93 epsilon: 0.1
2024-05-06 11:12:27.859: 94 test start:
2024-05-06 11:12:38.220: 94 avg_reward: 1447.5
2024-05-06 11:12:38.220: 94 avg_steps: 523.35
2024-05-06 11:12:38.220: 94 epsilon: 0.1
2024-05-06 11:26:11.317: 95 test start:
2024-05-06 11:26:19.675: 95 avg_reward: 1107.5
2024-05-06 11:26:19.676: 95 avg_steps: 416.65
2024-05-06 11:26:19.676: 95 epsilon: 0.1
2024-05-06 11:40:11.082: 96 test start:
2024-05-06 11:40:21.068: 96 avg_reward: 1422.5
2024-05-06 11:40:21.068: 96 avg_steps: 502.65
2024-05-06 11:40:21.068: 96 epsilon: 0.1
2024-05-06 11:54:11.365: 97 test start:
2024-05-06 11:54:21.167: 97 avg_reward: 1365.0
2024-05-06 11:54:21.167: 97 avg_steps: 487.0
2024-05-06 11:54:21.167: 97 epsilon: 0.1
2024-05-06 12:08:03.648: 98 test start:
2024-05-06 12:08:12.490: 98 avg_reward: 1192.5
2024-05-06 12:08:12.490: 98 avg_steps: 443.05
2024-05-06 12:08:12.490: 98 epsilon: 0.1
2024-05-06 12:22:16.201: 99 test start:
2024-05-06 12:22:27.166: 99 avg_reward: 1562.5
2024-05-06 12:22:27.166: 99 avg_steps: 556.0
2024-05-06 12:22:27.166: 99 epsilon: 0.1
2024-05-06 12:36:02.758: 100 test start:
2024-05-06 12:36:13.305: 100 avg_reward: 1490.0
2024-05-06 12:36:13.305: 100 avg_steps: 532.1
2024-05-06 12:36:13.305: 100 epsilon: 0.1
2024-05-06 12:50:09.467: 101 test start:
2024-05-06 12:50:20.142: 101 avg_reward: 1532.5
2024-05-06 12:50:20.142: 101 avg_steps: 534.9
2024-05-06 12:50:20.142: 101 epsilon: 0.1
2024-05-06 13:04:18.635: 102 test start:
2024-05-06 13:04:28.037: 102 avg_reward: 1297.5
2024-05-06 13:04:28.038: 102 avg_steps: 465.2
2024-05-06 13:04:28.038: 102 epsilon: 0.1
2024-05-06 13:18:00.634: 103 test start:
2024-05-06 13:18:07.530: 103 avg_reward: 852.5
2024-05-06 13:18:07.531: 103 avg_steps: 345.4
2024-05-06 13:18:07.531: 103 epsilon: 0.1
2024-05-06 13:32:21.080: 104 test start:
2024-05-06 13:32:31.085: 104 avg_reward: 1352.5
2024-05-06 13:32:31.085: 104 avg_steps: 502.65
2024-05-06 13:32:31.085: 104 epsilon: 0.1
2024-05-06 13:46:19.035: 105 test start:
2024-05-06 13:46:28.144: 105 avg_reward: 1212.5
2024-05-06 13:46:28.144: 105 avg_steps: 461.45
2024-05-06 13:46:28.144: 105 epsilon: 0.1
2024-05-06 14:00:29.393: 106 test start:
2024-05-06 14:00:37.378: 106 avg_reward: 1125.0
2024-05-06 14:00:37.378: 106 avg_steps: 401.25
2024-05-06 14:00:37.378: 106 epsilon: 0.1
2024-05-06 14:14:21.712: 107 test start:
2024-05-06 14:14:31.566: 107 avg_reward: 1365.0
2024-05-06 14:14:31.566: 107 avg_steps: 498.45
2024-05-06 14:14:31.566: 107 epsilon: 0.1
2024-05-06 14:28:26.348: 108 test start:
2024-05-06 14:28:36.140: 108 avg_reward: 1382.5
2024-05-06 14:28:36.140: 108 avg_steps: 491.75
2024-05-06 14:28:36.140: 108 epsilon: 0.1
2024-05-06 14:42:33.384: 109 test start:
2024-05-06 14:42:43.130: 109 avg_reward: 1345.0
2024-05-06 14:42:43.130: 109 avg_steps: 489.5
2024-05-06 14:42:43.130: 109 epsilon: 0.1
2024-05-06 14:56:27.290: 110 test start:
2024-05-06 14:56:38.024: 110 avg_reward: 1565.0
2024-05-06 14:56:38.024: 110 avg_steps: 542.85
2024-05-06 14:56:38.025: 110 epsilon: 0.1
2024-05-06 15:10:29.796: 111 test start:
2024-05-06 15:10:39.286: 111 avg_reward: 1295.0
2024-05-06 15:10:39.286: 111 avg_steps: 480.3
2024-05-06 15:10:39.286: 111 epsilon: 0.1
2024-05-06 15:24:31.277: 112 test start:
2024-05-06 15:24:40.312: 112 avg_reward: 1217.5
2024-05-06 15:24:40.312: 112 avg_steps: 453.05
2024-05-06 15:24:40.312: 112 epsilon: 0.1
2024-05-06 15:38:35.622: 113 test start:
2024-05-06 15:38:44.209: 113 avg_reward: 1092.5
2024-05-06 15:38:44.209: 113 avg_steps: 418.25
2024-05-06 15:38:44.209: 113 epsilon: 0.1
2024-05-06 15:52:49.692: 114 test start:
2024-05-06 15:52:59.692: 114 avg_reward: 1435.0
2024-05-06 15:52:59.692: 114 avg_steps: 501.0
2024-05-06 15:52:59.692: 114 epsilon: 0.1
2024-05-06 16:06:49.350: 115 test start:
2024-05-06 16:06:58.746: 115 avg_reward: 1277.5
2024-05-06 16:06:58.746: 115 avg_steps: 476.4
2024-05-06 16:06:58.746: 115 epsilon: 0.1
2024-05-06 16:20:55.393: 116 test start:
2024-05-06 16:21:05.603: 116 avg_reward: 1397.5
2024-05-06 16:21:05.603: 116 avg_steps: 514.8
2024-05-06 16:21:05.603: 116 epsilon: 0.1
2024-05-06 16:34:55.877: 117 test start:
2024-05-06 16:35:04.520: 117 avg_reward: 1197.5
2024-05-06 16:35:04.520: 117 avg_steps: 442.35
2024-05-06 16:35:04.520: 117 epsilon: 0.1
2024-05-06 16:49:06.220: 118 test start:
2024-05-06 16:49:13.921: 118 avg_reward: 980.0
2024-05-06 16:49:13.921: 118 avg_steps: 388.05
2024-05-06 16:49:13.921: 118 epsilon: 0.1
2024-05-06 17:03:10.848: 119 test start:
2024-05-06 17:03:21.066: 119 avg_reward: 1497.5
2024-05-06 17:03:21.066: 119 avg_steps: 523.35
2024-05-06 17:03:21.066: 119 epsilon: 0.1
2024-05-06 17:17:12.788: 120 test start:
2024-05-06 17:17:21.076: 120 avg_reward: 1147.5
2024-05-06 17:17:21.076: 120 avg_steps: 417.35
2024-05-06 17:17:21.076: 120 epsilon: 0.1
2024-05-06 17:31:28.804: 121 test start:
2024-05-06 17:31:38.008: 121 avg_reward: 1192.5
2024-05-06 17:31:38.008: 121 avg_steps: 463.95
2024-05-06 17:31:38.008: 121 epsilon: 0.1
2024-05-06 17:45:18.517: 122 test start:
2024-05-06 17:45:26.473: 122 avg_reward: 1010.0
2024-05-06 17:45:26.474: 122 avg_steps: 395.55
2024-05-06 17:45:26.474: 122 epsilon: 0.1
2024-05-06 17:59:22.868: 123 test start:
2024-05-06 17:59:32.515: 123 avg_reward: 1317.5
2024-05-06 17:59:32.515: 123 avg_steps: 482.95
2024-05-06 17:59:32.515: 123 epsilon: 0.1
2024-05-06 18:13:21.832: 124 test start:
2024-05-06 18:13:32.718: 124 avg_reward: 1587.5
2024-05-06 18:13:32.718: 124 avg_steps: 544.05
2024-05-06 18:13:32.718: 124 epsilon: 0.1
2024-05-06 18:27:05.283: 125 test start:
2024-05-06 18:27:16.147: 125 avg_reward: 1450.0
2024-05-06 18:27:16.147: 125 avg_steps: 532.55
2024-05-06 18:27:16.147: 125 epsilon: 0.1
2024-05-06 18:41:30.897: 126 test start:
2024-05-06 18:41:40.803: 126 avg_reward: 1362.5
2024-05-06 18:41:40.803: 126 avg_steps: 499.75
2024-05-06 18:41:40.803: 126 epsilon: 0.1
2024-05-06 18:55:17.605: 127 test start:
2024-05-06 18:55:27.949: 127 avg_reward: 1487.5
2024-05-06 18:55:27.949: 127 avg_steps: 525.25
2024-05-06 18:55:27.949: 127 epsilon: 0.1
2024-05-06 19:09:29.514: 128 test start:
2024-05-06 19:09:38.024: 128 avg_reward: 1055.0
2024-05-06 19:09:38.024: 128 avg_steps: 425.9
2024-05-06 19:09:38.024: 128 epsilon: 0.1
2024-05-06 19:23:04.753: 129 test start:
2024-05-06 19:23:14.763: 129 avg_reward: 1422.5
2024-05-06 19:23:14.763: 129 avg_steps: 501.9
2024-05-06 19:23:14.763: 129 epsilon: 0.1
2024-05-06 19:37:03.098: 130 test start:
2024-05-06 19:37:10.911: 130 avg_reward: 1025.0
2024-05-06 19:37:10.911: 130 avg_steps: 393.05
2024-05-06 19:37:10.911: 130 epsilon: 0.1
2024-05-06 19:51:18.616: 131 test start:
2024-05-06 19:51:29.233: 131 avg_reward: 1572.5
2024-05-06 19:51:29.233: 131 avg_steps: 542.05
2024-05-06 19:51:29.233: 131 epsilon: 0.1
2024-05-06 20:05:13.052: 132 test start:
2024-05-06 20:05:21.211: 132 avg_reward: 1075.0
2024-05-06 20:05:21.211: 132 avg_steps: 408.0
2024-05-06 20:05:21.211: 132 epsilon: 0.1
2024-05-06 20:19:31.216: 133 test start:
2024-05-06 20:19:40.767: 133 avg_reward: 1352.5
2024-05-06 20:19:40.767: 133 avg_steps: 484.55
2024-05-06 20:19:40.767: 133 epsilon: 0.1
2024-05-06 20:33:15.256: 134 test start:
2024-05-06 20:33:24.051: 134 avg_reward: 1205.0
2024-05-06 20:33:24.052: 134 avg_steps: 441.2
2024-05-06 20:33:24.052: 134 epsilon: 0.1
2024-05-06 20:47:16.713: 135 test start:
2024-05-06 20:47:26.369: 135 avg_reward: 1272.5
2024-05-06 20:47:26.369: 135 avg_steps: 472.8
2024-05-06 20:47:26.369: 135 epsilon: 0.1
2024-05-06 21:01:29.368: 136 test start:
2024-05-06 21:01:38.693: 136 avg_reward: 1325.0
2024-05-06 21:01:38.693: 136 avg_steps: 466.5
2024-05-06 21:01:38.693: 136 epsilon: 0.1
2024-05-06 21:15:17.390: 137 test start:
2024-05-06 21:15:24.958: 137 avg_reward: 915.0
2024-05-06 21:15:24.958: 137 avg_steps: 376.8
2024-05-06 21:15:24.958: 137 epsilon: 0.1
2024-05-06 21:29:26.683: 138 test start:
2024-05-06 21:29:36.791: 138 avg_reward: 1420.0
2024-05-06 21:29:36.791: 138 avg_steps: 506.15
2024-05-06 21:29:36.791: 138 epsilon: 0.1
2024-05-06 21:43:13.458: 139 test start:
2024-05-06 21:43:22.761: 139 avg_reward: 1307.5
2024-05-06 21:43:22.761: 139 avg_steps: 470.2
2024-05-06 21:43:22.761: 139 epsilon: 0.1
2024-05-06 21:57:15.733: 140 test start:
2024-05-06 21:57:25.514: 140 avg_reward: 1365.0
2024-05-06 21:57:25.514: 140 avg_steps: 494.15
2024-05-06 21:57:25.514: 140 epsilon: 0.1
2024-05-06 22:11:11.809: 141 test start:
2024-05-06 22:11:21.479: 141 avg_reward: 1375.0
2024-05-06 22:11:21.479: 141 avg_steps: 487.85
2024-05-06 22:11:21.479: 141 epsilon: 0.1
2024-05-06 22:25:07.443: 142 test start:
2024-05-06 22:25:16.627: 142 avg_reward: 1285.0
2024-05-06 22:25:16.627: 142 avg_steps: 461.65
2024-05-06 22:25:16.627: 142 epsilon: 0.1
2024-05-06 22:39:12.369: 143 test start:
2024-05-06 22:39:20.446: 143 avg_reward: 1107.5
2024-05-06 22:39:20.446: 143 avg_steps: 404.05
2024-05-06 22:39:20.446: 143 epsilon: 0.1
2024-05-06 22:52:58.824: 144 test start:
2024-05-06 22:53:08.680: 144 avg_reward: 1390.0
2024-05-06 22:53:08.680: 144 avg_steps: 492.95
2024-05-06 22:53:08.680: 144 epsilon: 0.1
2024-05-06 23:07:10.435: 145 test start:
2024-05-06 23:07:20.092: 145 avg_reward: 1325.0
2024-05-06 23:07:20.093: 145 avg_steps: 486.4
2024-05-06 23:07:20.093: 145 epsilon: 0.1
2024-05-06 23:21:04.337: 146 test start:
2024-05-06 23:21:13.280: 146 avg_reward: 1242.5
2024-05-06 23:21:13.281: 146 avg_steps: 454.65
2024-05-06 23:21:13.281: 146 epsilon: 0.1
2024-05-06 23:35:02.642: 147 test start:
2024-05-06 23:35:11.699: 147 avg_reward: 1250.0
2024-05-06 23:35:11.699: 147 avg_steps: 447.4
2024-05-06 23:35:11.699: 147 epsilon: 0.1
2024-05-06 23:48:53.963: 148 test start:
2024-05-06 23:49:03.559: 148 avg_reward: 1380.0
2024-05-06 23:49:03.559: 148 avg_steps: 484.6
2024-05-06 23:49:03.559: 148 epsilon: 0.1
2024-05-07 00:02:51.014: 149 test start:
2024-05-07 00:02:57.189: 149 avg_reward: 630.0
2024-05-07 00:02:57.189: 149 avg_steps: 297.9
2024-05-07 00:02:57.189: 149 epsilon: 0.1
2024-05-07 00:17:07.921: 150 test start:
2024-05-07 00:17:17.143: 150 avg_reward: 1287.5
2024-05-07 00:17:17.143: 150 avg_steps: 470.35
2024-05-07 00:17:17.143: 150 epsilon: 0.1
2024-05-07 00:31:01.446: 151 test start:
2024-05-07 00:31:10.833: 151 avg_reward: 1307.5
2024-05-07 00:31:10.833: 151 avg_steps: 474.25
2024-05-07 00:31:10.833: 151 epsilon: 0.1
2024-05-07 00:45:01.569: 152 test start:
2024-05-07 00:45:10.654: 152 avg_reward: 1235.0
2024-05-07 00:45:10.654: 152 avg_steps: 458.65
2024-05-07 00:45:10.654: 152 epsilon: 0.1
2024-05-07 00:58:58.744: 153 test start:
2024-05-07 00:59:07.907: 153 avg_reward: 1222.5
2024-05-07 00:59:07.907: 153 avg_steps: 456.0
2024-05-07 00:59:07.907: 153 epsilon: 0.1
2024-05-07 01:12:54.117: 154 test start:
2024-05-07 01:13:05.070: 154 avg_reward: 1572.5
2024-05-07 01:13:05.070: 154 avg_steps: 549.0
2024-05-07 01:13:05.070: 154 epsilon: 0.1
2024-05-07 01:27:15.319: 155 test start:
2024-05-07 01:27:23.586: 155 avg_reward: 1082.5
2024-05-07 01:27:23.586: 155 avg_steps: 409.9
2024-05-07 01:27:23.586: 155 epsilon: 0.1
2024-05-07 01:40:58.696: 156 test start:
2024-05-07 01:41:08.411: 156 avg_reward: 1315.0
2024-05-07 01:41:08.411: 156 avg_steps: 482.8
2024-05-07 01:41:08.411: 156 epsilon: 0.1
2024-05-07 01:55:05.396: 157 test start:
2024-05-07 01:55:14.550: 157 avg_reward: 1185.0
2024-05-07 01:55:14.551: 157 avg_steps: 463.75
2024-05-07 01:55:14.551: 157 epsilon: 0.1
2024-05-07 02:09:04.229: 158 test start:
2024-05-07 02:09:14.322: 158 avg_reward: 1412.5
2024-05-07 02:09:14.322: 158 avg_steps: 504.85
2024-05-07 02:09:14.322: 158 epsilon: 0.1
2024-05-07 02:23:11.697: 159 test start:
2024-05-07 02:23:19.112: 159 avg_reward: 955.0
2024-05-07 02:23:19.112: 159 avg_steps: 371.35
2024-05-07 02:23:19.112: 159 epsilon: 0.1
2024-05-07 02:37:14.854: 160 test start:
2024-05-07 02:37:22.509: 160 avg_reward: 955.0
2024-05-07 02:37:22.509: 160 avg_steps: 383.0
2024-05-07 02:37:22.509: 160 epsilon: 0.1
2024-05-07 02:50:57.433: 161 test start:
2024-05-07 02:51:06.071: 161 avg_reward: 1147.5
2024-05-07 02:51:06.071: 161 avg_steps: 427.65
2024-05-07 02:51:06.071: 161 epsilon: 0.1
2024-05-07 03:05:25.264: 162 test start:
2024-05-07 03:05:34.489: 162 avg_reward: 1337.5
2024-05-07 03:05:34.489: 162 avg_steps: 470.35
2024-05-07 03:05:34.489: 162 epsilon: 0.1
2024-05-07 03:19:14.480: 163 test start:
2024-05-07 03:19:23.076: 163 avg_reward: 1135.0
2024-05-07 03:19:23.076: 163 avg_steps: 435.05
2024-05-07 03:19:23.076: 163 epsilon: 0.1
2024-05-07 03:32:58.199: 164 test start:
2024-05-07 03:33:08.370: 164 avg_reward: 1465.0
2024-05-07 03:33:08.370: 164 avg_steps: 510.05
2024-05-07 03:33:08.370: 164 epsilon: 0.1
2024-05-07 03:47:17.460: 165 test start:
2024-05-07 03:47:28.006: 165 avg_reward: 1512.5
2024-05-07 03:47:28.006: 165 avg_steps: 524.3
2024-05-07 03:47:28.006: 165 epsilon: 0.1
2024-05-07 04:00:55.653: 166 test start:
2024-05-07 04:01:05.412: 166 avg_reward: 1290.0
2024-05-07 04:01:05.413: 166 avg_steps: 491.35
2024-05-07 04:01:05.413: 166 epsilon: 0.1
2024-05-07 04:15:21.818: 167 test start:
2024-05-07 04:15:29.001: 167 avg_reward: 967.5
2024-05-07 04:15:29.001: 167 avg_steps: 362.4
2024-05-07 04:15:29.001: 167 epsilon: 0.1
2024-05-07 04:29:08.389: 168 test start:
2024-05-07 04:29:16.593: 168 avg_reward: 1095.0
2024-05-07 04:29:16.593: 168 avg_steps: 415.8
2024-05-07 04:29:16.593: 168 epsilon: 0.1
2024-05-07 04:43:06.217: 169 test start:
2024-05-07 04:43:12.615: 169 avg_reward: 757.5
2024-05-07 04:43:12.616: 169 avg_steps: 318.4
2024-05-07 04:43:12.616: 169 epsilon: 0.1
2024-05-07 04:56:51.912: 170 test start:
2024-05-07 04:57:01.548: 170 avg_reward: 1365.0
2024-05-07 04:57:01.548: 170 avg_steps: 489.1
2024-05-07 04:57:01.548: 170 epsilon: 0.1
2024-05-07 05:10:49.289: 171 test start:
2024-05-07 05:10:59.490: 171 avg_reward: 1500.0
2024-05-07 05:10:59.490: 171 avg_steps: 515.25
2024-05-07 05:10:59.490: 171 epsilon: 0.1
2024-05-07 05:24:52.107: 172 test start:
2024-05-07 05:25:00.112: 172 avg_reward: 1085.0
2024-05-07 05:25:00.112: 172 avg_steps: 400.25
2024-05-07 05:25:00.112: 172 epsilon: 0.1
2024-05-07 05:38:37.673: 173 test start:
2024-05-07 05:38:45.733: 173 avg_reward: 1062.5
2024-05-07 05:38:45.733: 173 avg_steps: 396.0
2024-05-07 05:38:45.733: 173 epsilon: 0.1
2024-05-07 05:52:42.370: 174 test start:
2024-05-07 05:52:52.042: 174 avg_reward: 1382.5
2024-05-07 05:52:52.042: 174 avg_steps: 489.0
2024-05-07 05:52:52.042: 174 epsilon: 0.1
2024-05-07 06:06:45.882: 175 test start:
2024-05-07 06:06:54.610: 175 avg_reward: 1135.0
2024-05-07 06:06:54.610: 175 avg_steps: 435.65
2024-05-07 06:06:54.610: 175 epsilon: 0.1
2024-05-07 06:20:44.803: 176 test start:
2024-05-07 06:20:54.252: 176 avg_reward: 1242.5
2024-05-07 06:20:54.252: 176 avg_steps: 476.3
2024-05-07 06:20:54.252: 176 epsilon: 0.1
2024-05-07 06:34:56.048: 177 test start:
2024-05-07 06:35:04.802: 177 avg_reward: 1165.0
2024-05-07 06:35:04.803: 177 avg_steps: 436.25
2024-05-07 06:35:04.803: 177 epsilon: 0.1
2024-05-07 06:48:49.939: 178 test start:
2024-05-07 06:48:58.510: 178 avg_reward: 1142.5
2024-05-07 06:48:58.511: 178 avg_steps: 435.3
2024-05-07 06:48:58.511: 178 epsilon: 0.1
2024-05-07 07:03:04.900: 179 test start:
2024-05-07 07:03:13.541: 179 avg_reward: 1152.5
2024-05-07 07:03:13.541: 179 avg_steps: 434.65
2024-05-07 07:03:13.541: 179 epsilon: 0.1
2024-05-07 07:16:50.370: 180 test start:
2024-05-07 07:16:59.244: 180 avg_reward: 1267.5
2024-05-07 07:16:59.244: 180 avg_steps: 444.1
2024-05-07 07:16:59.244: 180 epsilon: 0.1
2024-05-07 07:30:53.046: 181 test start:
2024-05-07 07:31:01.944: 181 avg_reward: 1205.0
2024-05-07 07:31:01.944: 181 avg_steps: 444.65
2024-05-07 07:31:01.944: 181 epsilon: 0.1
2024-05-07 07:45:12.529: 182 test start:
2024-05-07 07:45:21.973: 182 avg_reward: 1267.5
2024-05-07 07:45:21.974: 182 avg_steps: 473.1
2024-05-07 07:45:21.974: 182 epsilon: 0.1
2024-05-07 07:58:53.321: 183 test start:
2024-05-07 07:59:02.720: 183 avg_reward: 1260.0
2024-05-07 07:59:02.720: 183 avg_steps: 472.25
2024-05-07 07:59:02.720: 183 epsilon: 0.1
2024-05-07 08:13:12.339: 184 test start:
2024-05-07 08:13:21.380: 184 avg_reward: 1145.0
2024-05-07 08:13:21.381: 184 avg_steps: 453.3
2024-05-07 08:13:21.381: 184 epsilon: 0.1
2024-05-07 08:27:13.130: 185 test start:
2024-05-07 08:27:20.647: 185 avg_reward: 917.5
2024-05-07 08:27:20.647: 185 avg_steps: 373.05
2024-05-07 08:27:20.647: 185 epsilon: 0.1
2024-05-07 08:40:59.466: 186 test start:
2024-05-07 08:41:07.472: 186 avg_reward: 965.0
2024-05-07 08:41:07.472: 186 avg_steps: 391.3
2024-05-07 08:41:07.472: 186 epsilon: 0.1
2024-05-07 08:54:56.018: 187 test start:
2024-05-07 08:55:04.051: 187 avg_reward: 1045.0
2024-05-07 08:55:04.051: 187 avg_steps: 406.9
2024-05-07 08:55:04.051: 187 epsilon: 0.1
2024-05-07 09:07:58.033: 188 test start:
2024-05-07 09:08:04.129: 188 avg_reward: 810.0
2024-05-07 09:08:04.129: 188 avg_steps: 342.35
2024-05-07 09:08:04.129: 188 epsilon: 0.1
2024-05-07 09:20:57.157: 189 test start:
2024-05-07 09:21:06.043: 189 avg_reward: 1325.0
2024-05-07 09:21:06.043: 189 avg_steps: 498.0
2024-05-07 09:21:06.043: 189 epsilon: 0.1
2024-05-07 09:33:50.106: 190 test start:
2024-05-07 09:33:57.652: 190 avg_reward: 1072.5
2024-05-07 09:33:57.652: 190 avg_steps: 415.6
2024-05-07 09:33:57.652: 190 epsilon: 0.1
2024-05-07 09:46:49.949: 191 test start:
2024-05-07 09:46:56.669: 191 avg_reward: 937.5
2024-05-07 09:46:56.669: 191 avg_steps: 378.7
2024-05-07 09:46:56.669: 191 epsilon: 0.1
2024-05-07 09:59:54.494: 192 test start:
2024-05-07 10:00:01.697: 192 avg_reward: 1020.0
2024-05-07 10:00:01.697: 192 avg_steps: 409.35
2024-05-07 10:00:01.697: 192 epsilon: 0.1
2024-05-07 10:12:31.783: 193 test start:
2024-05-07 10:12:38.197: 193 avg_reward: 880.0
2024-05-07 10:12:38.197: 193 avg_steps: 358.2
2024-05-07 10:12:38.197: 193 epsilon: 0.1
2024-05-07 10:25:31.674: 194 test start:
2024-05-07 10:25:37.886: 194 avg_reward: 835.0
2024-05-07 10:25:37.886: 194 avg_steps: 352.4
2024-05-07 10:25:37.886: 194 epsilon: 0.1
2024-05-07 10:38:19.039: 195 test start:
2024-05-07 10:38:25.700: 195 avg_reward: 910.0
2024-05-07 10:38:25.700: 195 avg_steps: 380.2
2024-05-07 10:38:25.700: 195 epsilon: 0.1
2024-05-07 10:51:16.481: 196 test start:
2024-05-07 10:51:24.821: 196 avg_reward: 1235.0
2024-05-07 10:51:24.821: 196 avg_steps: 461.5
2024-05-07 10:51:24.821: 196 epsilon: 0.1
2024-05-07 11:03:51.387: 197 test start:
2024-05-07 11:03:59.763: 197 avg_reward: 1270.0
2024-05-07 11:03:59.763: 197 avg_steps: 460.9
2024-05-07 11:03:59.763: 197 epsilon: 0.1
2024-05-07 11:16:58.039: 198 test start:
2024-05-07 11:17:06.918: 198 avg_reward: 1330.0
2024-05-07 11:17:06.918: 198 avg_steps: 501.0
2024-05-07 11:17:06.918: 198 epsilon: 0.1
2024-05-07 11:30:12.770: 199 test start:
2024-05-07 11:30:21.066: 199 avg_reward: 1262.5
2024-05-07 11:30:21.066: 199 avg_steps: 462.85
2024-05-07 11:30:21.066: 199 epsilon: 0.1
2024-05-07 11:43:07.072: 200 test start:
2024-05-07 11:43:15.228: 200 avg_reward: 1232.5
2024-05-07 11:43:15.228: 200 avg_steps: 453.4
2024-05-07 11:43:15.228: 200 epsilon: 0.1
2024-05-07 11:56:30.088: 201 test start:
2024-05-07 11:56:38.244: 201 avg_reward: 1262.5
2024-05-07 11:56:38.244: 201 avg_steps: 461.95
2024-05-07 11:56:38.244: 201 epsilon: 0.1
2024-05-07 12:09:21.371: 202 test start:
2024-05-07 12:09:28.659: 202 avg_reward: 1017.5
2024-05-07 12:09:28.659: 202 avg_steps: 404.7
2024-05-07 12:09:28.659: 202 epsilon: 0.1
2024-05-07 12:22:14.543: 203 test start:
2024-05-07 12:22:22.581: 203 avg_reward: 1215.0
2024-05-07 12:22:22.581: 203 avg_steps: 456.6
2024-05-07 12:22:22.581: 203 epsilon: 0.1
2024-05-07 12:35:37.629: 204 test start:
2024-05-07 12:35:46.259: 204 avg_reward: 1255.0
2024-05-07 12:35:46.259: 204 avg_steps: 478.55
2024-05-07 12:35:46.259: 204 epsilon: 0.1
2024-05-07 12:48:25.692: 205 test start:
2024-05-07 12:48:34.181: 205 avg_reward: 1267.5
2024-05-07 12:48:34.181: 205 avg_steps: 475.0
2024-05-07 12:48:34.181: 205 epsilon: 0.1
2024-05-07 13:01:56.877: 206 test start:
2024-05-07 13:02:03.999: 206 avg_reward: 1015.0
2024-05-07 13:02:03.999: 206 avg_steps: 397.5
2024-05-07 13:02:03.999: 206 epsilon: 0.1
2024-05-07 13:14:46.123: 207 test start:
2024-05-07 13:14:54.261: 207 avg_reward: 1177.5
2024-05-07 13:14:54.261: 207 avg_steps: 450.0
2024-05-07 13:14:54.261: 207 epsilon: 0.1
2024-05-07 13:27:43.840: 208 test start:
2024-05-07 13:27:52.218: 208 avg_reward: 1255.0
2024-05-07 13:27:52.219: 208 avg_steps: 475.0
2024-05-07 13:27:52.219: 208 epsilon: 0.1
2024-05-07 13:40:59.909: 209 test start:
2024-05-07 13:41:08.801: 209 avg_reward: 1345.0
2024-05-07 13:41:08.801: 209 avg_steps: 489.1
2024-05-07 13:41:08.801: 209 epsilon: 0.1
2024-05-07 13:53:53.766: 210 test start:
2024-05-07 13:54:00.750: 210 avg_reward: 932.5
2024-05-07 13:54:00.750: 210 avg_steps: 392.0
2024-05-07 13:54:00.750: 210 epsilon: 0.1
2024-05-07 14:07:12.992: 211 test start:
2024-05-07 14:07:19.163: 211 avg_reward: 892.5
2024-05-07 14:07:19.163: 211 avg_steps: 341.7
2024-05-07 14:07:19.163: 211 epsilon: 0.1
2024-05-07 14:19:58.721: 212 test start:
2024-05-07 14:20:07.395: 212 avg_reward: 1297.5
2024-05-07 14:20:07.395: 212 avg_steps: 484.65
2024-05-07 14:20:07.395: 212 epsilon: 0.1
2024-05-07 14:33:12.618: 213 test start:
2024-05-07 14:33:19.963: 213 avg_reward: 1007.5
2024-05-07 14:33:19.963: 213 avg_steps: 410.8
2024-05-07 14:33:19.963: 213 epsilon: 0.1
2024-05-07 14:46:00.106: 214 test start:
2024-05-07 14:46:08.471: 214 avg_reward: 1307.5
2024-05-07 14:46:08.471: 214 avg_steps: 478.5
2024-05-07 14:46:08.471: 214 epsilon: 0.1
2024-05-07 14:58:42.830: 215 test start:
2024-05-07 14:58:50.884: 215 avg_reward: 1245.0
2024-05-07 14:58:50.885: 215 avg_steps: 454.15
2024-05-07 14:58:50.885: 215 epsilon: 0.1
2024-05-07 15:11:34.347: 216 test start:
2024-05-07 15:11:42.225: 216 avg_reward: 1212.5
2024-05-07 15:11:42.225: 216 avg_steps: 436.55
2024-05-07 15:11:42.225: 216 epsilon: 0.1
2024-05-07 15:24:17.237: 217 test start:
2024-05-07 15:24:24.275: 217 avg_reward: 1020.0
2024-05-07 15:24:24.275: 217 avg_steps: 397.65
2024-05-07 15:24:24.275: 217 epsilon: 0.1
2024-05-07 15:37:16.730: 218 test start:
2024-05-07 15:37:23.422: 218 avg_reward: 865.0
2024-05-07 15:37:23.422: 218 avg_steps: 378.15
2024-05-07 15:37:23.423: 218 epsilon: 0.1
2024-05-07 15:49:42.960: 219 test start:
2024-05-07 15:49:49.842: 219 avg_reward: 935.0
2024-05-07 15:49:49.842: 219 avg_steps: 379.5
2024-05-07 15:49:49.842: 219 epsilon: 0.1
2024-05-07 16:02:46.123: 220 test start:
2024-05-07 16:02:53.910: 220 avg_reward: 1187.5
2024-05-07 16:02:53.910: 220 avg_steps: 438.5
2024-05-07 16:02:53.910: 220 epsilon: 0.1
2024-05-07 16:15:38.649: 221 test start:
2024-05-07 16:15:46.919: 221 avg_reward: 1247.5
2024-05-07 16:15:46.919: 221 avg_steps: 462.55
2024-05-07 16:15:46.919: 221 epsilon: 0.1
2024-05-07 16:28:27.499: 222 test start:
2024-05-07 16:28:35.021: 222 avg_reward: 1077.5
2024-05-07 16:28:35.021: 222 avg_steps: 415.55
2024-05-07 16:28:35.021: 222 epsilon: 0.1
2024-05-07 16:41:45.968: 223 test start:
2024-05-07 16:41:52.263: 223 avg_reward: 815.0
2024-05-07 16:41:52.263: 223 avg_steps: 350.15
2024-05-07 16:41:52.263: 223 epsilon: 0.1
2024-05-07 16:54:30.979: 224 test start:
2024-05-07 16:54:38.143: 224 avg_reward: 897.5
2024-05-07 16:54:38.143: 224 avg_steps: 408.4
2024-05-07 16:54:38.143: 224 epsilon: 0.1
2024-05-07 17:07:29.737: 225 test start:
2024-05-07 17:07:37.697: 225 avg_reward: 1065.0
2024-05-07 17:07:37.697: 225 avg_steps: 442.1
2024-05-07 17:07:37.697: 225 epsilon: 0.1
2024-05-07 17:20:24.146: 226 test start:
2024-05-07 17:20:31.451: 226 avg_reward: 1037.5
2024-05-07 17:20:31.451: 226 avg_steps: 405.95
2024-05-07 17:20:31.451: 226 epsilon: 0.1
2024-05-07 17:33:07.569: 227 test start:
2024-05-07 17:33:14.693: 227 avg_reward: 992.5
2024-05-07 17:33:14.693: 227 avg_steps: 399.5
2024-05-07 17:33:14.693: 227 epsilon: 0.1
2024-05-07 17:46:29.002: 228 test start:
2024-05-07 17:46:36.400: 228 avg_reward: 1102.5
2024-05-07 17:46:36.400: 228 avg_steps: 417.7
2024-05-07 17:46:36.400: 228 epsilon: 0.1
2024-05-07 17:58:57.934: 229 test start:
2024-05-07 17:59:05.796: 229 avg_reward: 1135.0
2024-05-07 17:59:05.796: 229 avg_steps: 436.4
2024-05-07 17:59:05.796: 229 epsilon: 0.1
2024-05-07 18:12:02.372: 230 test start:
2024-05-07 18:12:10.507: 230 avg_reward: 1175.0
2024-05-07 18:12:10.513: 230 avg_steps: 459.55
2024-05-07 18:12:10.513: 230 epsilon: 0.1
2024-05-07 18:24:53.537: 231 test start:
2024-05-07 18:25:01.166: 231 avg_reward: 1072.5
2024-05-07 18:25:01.166: 231 avg_steps: 425.95
2024-05-07 18:25:01.166: 231 epsilon: 0.1
2024-05-07 18:37:45.319: 232 test start:
2024-05-07 18:37:53.664: 232 avg_reward: 1227.5
2024-05-07 18:37:53.664: 232 avg_steps: 470.55
2024-05-07 18:37:53.664: 232 epsilon: 0.1
2024-05-07 18:50:44.900: 233 test start:
2024-05-07 18:50:53.182: 233 avg_reward: 1160.0
2024-05-07 18:50:53.182: 233 avg_steps: 455.8
2024-05-07 18:50:53.182: 233 epsilon: 0.1
2024-05-07 19:03:25.011: 234 test start:
2024-05-07 19:03:33.332: 234 avg_reward: 1257.5
2024-05-07 19:03:33.332: 234 avg_steps: 474.45
2024-05-07 19:03:33.332: 234 epsilon: 0.1
2024-05-07 19:16:58.913: 235 test start:
2024-05-07 19:17:07.765: 235 avg_reward: 1380.0
2024-05-07 19:17:07.765: 235 avg_steps: 499.15
2024-05-07 19:17:07.765: 235 epsilon: 0.1
2024-05-07 19:29:42.330: 236 test start:
2024-05-07 19:29:50.506: 236 avg_reward: 1160.0
2024-05-07 19:29:50.507: 236 avg_steps: 451.65
2024-05-07 19:29:50.507: 236 epsilon: 0.1
2024-05-07 19:42:46.533: 237 test start:
2024-05-07 19:42:54.544: 237 avg_reward: 1245.0
2024-05-07 19:42:54.544: 237 avg_steps: 452.55
2024-05-07 19:42:54.544: 237 epsilon: 0.1
2024-05-07 19:55:52.007: 238 test start:
2024-05-07 19:55:59.956: 238 avg_reward: 1210.0
2024-05-07 19:55:59.956: 238 avg_steps: 439.4
2024-05-07 19:55:59.956: 238 epsilon: 0.1
2024-05-07 20:08:32.941: 239 test start:
2024-05-07 20:08:40.214: 239 avg_reward: 1055.0
2024-05-07 20:08:40.214: 239 avg_steps: 408.2
2024-05-07 20:08:40.214: 239 epsilon: 0.1
2024-05-07 20:21:58.914: 240 test start:
2024-05-07 20:22:06.065: 240 avg_reward: 960.0
2024-05-07 20:22:06.065: 240 avg_steps: 392.6
2024-05-07 20:22:06.065: 240 epsilon: 0.1
2024-05-07 20:34:35.949: 241 test start:
2024-05-07 20:34:42.885: 241 avg_reward: 1000.0
2024-05-07 20:34:42.885: 241 avg_steps: 387.35
2024-05-07 20:34:42.885: 241 epsilon: 0.1
2024-05-07 20:47:37.279: 242 test start:
2024-05-07 20:47:45.599: 242 avg_reward: 1267.5
2024-05-07 20:47:45.599: 242 avg_steps: 473.2
2024-05-07 20:47:45.599: 242 epsilon: 0.1
2024-05-07 21:00:32.819: 243 test start:
2024-05-07 21:00:39.662: 243 avg_reward: 940.0
2024-05-07 21:00:39.662: 243 avg_steps: 388.25
2024-05-07 21:00:39.662: 243 epsilon: 0.1
2024-05-07 21:13:15.027: 244 test start:
2024-05-07 21:13:20.582: 244 avg_reward: 695.0
2024-05-07 21:13:20.582: 244 avg_steps: 312.9
2024-05-07 21:13:20.582: 244 epsilon: 0.1
2024-05-07 21:26:30.368: 245 test start:
2024-05-07 21:26:36.056: 245 avg_reward: 665.0
2024-05-07 21:26:36.056: 245 avg_steps: 312.85
2024-05-07 21:26:36.056: 245 epsilon: 0.1
2024-05-07 21:39:11.278: 246 test start:
2024-05-07 21:39:18.342: 246 avg_reward: 990.0
2024-05-07 21:39:18.342: 246 avg_steps: 392.2
2024-05-07 21:39:18.342: 246 epsilon: 0.1
2024-05-07 21:52:19.406: 247 test start:
2024-05-07 21:52:26.812: 247 avg_reward: 1072.5
2024-05-07 21:52:26.813: 247 avg_steps: 420.6
2024-05-07 21:52:26.813: 247 epsilon: 0.1
2024-05-07 22:05:23.275: 248 test start:
2024-05-07 22:05:29.993: 248 avg_reward: 850.0
2024-05-07 22:05:29.993: 248 avg_steps: 378.45
2024-05-07 22:05:29.993: 248 epsilon: 0.1
2024-05-07 22:18:25.855: 249 test start:
2024-05-07 22:18:33.472: 249 avg_reward: 1135.0
2024-05-07 22:18:33.473: 249 avg_steps: 430.85
2024-05-07 22:18:33.473: 249 epsilon: 0.1
2024-05-07 22:31:22.472: 250 test start:
2024-05-07 22:31:29.861: 250 avg_reward: 1062.5
2024-05-07 22:31:29.862: 250 avg_steps: 414.9
2024-05-07 22:31:29.862: 250 epsilon: 0.1
