2024-05-05 08:59:59.362: 
parameters:agent_saving_period: 80000
agent_test_episodes: 20
batch_num_per_epoch: 100000
device: cuda:0
env_name: ALE/SpaceInvaders-v5
epsilon_for_test: 0.05
epsilon_max: 1.0
epsilon_min: 0.1
exploration_steps: 1000000
gamma: 0.99
input_frame_height: 84
input_frame_width: 84
learning_rate: 1.0e-05
log_path: ../exps/dueling_dqn/
mini_batch_size: 32
no_op: 30
phi_channel: 4
replay_buffer_size: 200000
replay_start_size: 10000
save_path: ./exps/
skip_k_frame: 4
step_c: 10000
training_steps: 50000000

2024-05-05 09:10:54.910: 1 test start:
2024-05-05 09:11:09.449: 1 avg_reward: 51.25
2024-05-05 09:11:09.449: 1 avg_steps: 537.8
2024-05-05 09:11:09.450: 1 epsilon: 0.9232327
2024-05-05 09:26:14.010: 2 test start:
2024-05-05 09:26:29.381: 2 avg_reward: 201.75
2024-05-05 09:26:29.381: 2 avg_steps: 621.3
2024-05-05 09:26:29.381: 2 epsilon: 0.8384905
2024-05-05 13:42:24.624: 3 test start:
2024-05-05 13:42:36.408: 3 avg_reward: 181.25
2024-05-05 13:42:36.408: 3 avg_steps: 558.15
2024-05-05 13:42:36.408: 3 epsilon: 0.753679
2024-05-05 13:56:38.671: 4 test start:
2024-05-05 13:56:51.863: 4 avg_reward: 270.25
2024-05-05 13:56:51.863: 4 avg_steps: 630.5
2024-05-05 13:56:51.863: 4 epsilon: 0.6691285
2024-05-05 14:10:56.488: 5 test start:
2024-05-05 14:11:10.036: 5 avg_reward: 300.0
2024-05-05 14:11:10.036: 5 avg_steps: 654.2
2024-05-05 14:11:10.036: 5 epsilon: 0.5840388999999999
2024-05-05 14:25:19.553: 6 test start:
2024-05-05 14:25:33.487: 6 avg_reward: 318.5
2024-05-05 14:25:33.487: 6 avg_steps: 666.5
2024-05-05 14:25:33.487: 6 epsilon: 0.4982221
2024-05-05 14:39:33.989: 7 test start:
2024-05-05 14:39:48.491: 7 avg_reward: 289.0
2024-05-05 14:39:48.491: 7 avg_steps: 691.25
2024-05-05 14:39:48.491: 7 epsilon: 0.4133376999999999
2024-05-05 14:53:51.911: 8 test start:
2024-05-05 14:54:04.911: 8 avg_reward: 354.5
2024-05-05 14:54:04.911: 8 avg_steps: 623.15
2024-05-05 14:54:04.911: 8 epsilon: 0.3279789999999999
2024-05-05 15:08:11.750: 9 test start:
2024-05-05 15:08:22.995: 9 avg_reward: 265.25
2024-05-05 15:08:22.996: 9 avg_steps: 538.05
2024-05-05 15:08:22.996: 9 epsilon: 0.24219279999999999
2024-05-05 15:22:27.066: 10 test start:
2024-05-05 15:22:39.403: 10 avg_reward: 387.75
2024-05-05 15:22:39.403: 10 avg_steps: 589.7
2024-05-05 15:22:39.403: 10 epsilon: 0.15621759999999996
2024-05-05 15:36:40.106: 11 test start:
2024-05-05 15:36:52.131: 11 avg_reward: 332.0
2024-05-05 15:36:52.131: 11 avg_steps: 571.95
2024-05-05 15:36:52.131: 11 epsilon: 0.1
2024-05-05 15:50:58.305: 12 test start:
2024-05-05 15:51:11.672: 12 avg_reward: 436.75
2024-05-05 15:51:11.672: 12 avg_steps: 631.95
2024-05-05 15:51:11.672: 12 epsilon: 0.1
2024-05-05 16:05:13.394: 13 test start:
2024-05-05 16:05:26.471: 13 avg_reward: 377.25
2024-05-05 16:05:26.471: 13 avg_steps: 630.3
2024-05-05 16:05:26.471: 13 epsilon: 0.1
2024-05-05 16:19:32.236: 14 test start:
2024-05-05 16:19:46.242: 14 avg_reward: 444.0
2024-05-05 16:19:46.242: 14 avg_steps: 676.45
2024-05-05 16:19:46.242: 14 epsilon: 0.1
2024-05-05 16:33:52.376: 15 test start:
2024-05-05 16:34:05.565: 15 avg_reward: 420.0
2024-05-05 16:34:05.566: 15 avg_steps: 631.4
2024-05-05 16:34:05.566: 15 epsilon: 0.1
2024-05-05 16:48:13.828: 16 test start:
2024-05-05 16:48:26.974: 16 avg_reward: 431.0
2024-05-05 16:48:26.974: 16 avg_steps: 631.7
2024-05-05 16:48:26.974: 16 epsilon: 0.1
2024-05-05 17:02:34.700: 17 test start:
2024-05-05 17:02:49.249: 17 avg_reward: 426.0
2024-05-05 17:02:49.249: 17 avg_steps: 698.75
2024-05-05 17:02:49.249: 17 epsilon: 0.1
2024-05-05 17:16:50.269: 18 test start:
2024-05-05 17:17:06.862: 18 avg_reward: 518.25
2024-05-05 17:17:06.862: 18 avg_steps: 806.0
2024-05-05 17:17:06.862: 18 epsilon: 0.1
2024-05-05 17:31:11.899: 19 test start:
2024-05-05 17:31:26.480: 19 avg_reward: 490.5
2024-05-05 17:31:26.480: 19 avg_steps: 703.75
2024-05-05 17:31:26.481: 19 epsilon: 0.1
2024-05-05 17:45:29.791: 20 test start:
2024-05-05 17:45:45.925: 20 avg_reward: 556.0
2024-05-05 17:45:45.925: 20 avg_steps: 785.1
2024-05-05 17:45:45.925: 20 epsilon: 0.1
2024-05-05 17:59:47.375: 21 test start:
2024-05-05 18:00:02.215: 21 avg_reward: 476.75
2024-05-05 18:00:02.215: 21 avg_steps: 712.2
2024-05-05 18:00:02.215: 21 epsilon: 0.1
2024-05-05 18:14:05.405: 22 test start:
2024-05-05 18:14:17.651: 22 avg_reward: 405.0
2024-05-05 18:14:17.651: 22 avg_steps: 588.3
2024-05-05 18:14:17.651: 22 epsilon: 0.1
2024-05-05 18:28:15.238: 23 test start:
2024-05-05 18:28:32.127: 23 avg_reward: 536.25
2024-05-05 18:28:32.127: 23 avg_steps: 825.75
2024-05-05 18:28:32.127: 23 epsilon: 0.1
2024-05-05 18:42:35.355: 24 test start:
2024-05-05 18:42:49.830: 24 avg_reward: 527.5
2024-05-05 18:42:49.830: 24 avg_steps: 702.15
2024-05-05 18:42:49.830: 24 epsilon: 0.1
2024-05-05 18:56:45.261: 25 test start:
2024-05-05 18:57:00.518: 25 avg_reward: 492.25
2024-05-05 18:57:00.518: 25 avg_steps: 745.5
2024-05-05 18:57:00.518: 25 epsilon: 0.1
2024-05-05 19:10:54.855: 26 test start:
2024-05-05 19:11:08.721: 26 avg_reward: 441.5
2024-05-05 19:11:08.721: 26 avg_steps: 668.6
2024-05-05 19:11:08.721: 26 epsilon: 0.1
2024-05-05 19:25:13.079: 27 test start:
2024-05-05 19:25:25.649: 27 avg_reward: 427.5
2024-05-05 19:25:25.649: 27 avg_steps: 616.0
2024-05-05 19:25:25.649: 27 epsilon: 0.1
2024-05-05 19:39:24.687: 28 test start:
2024-05-05 19:39:39.607: 28 avg_reward: 495.75
2024-05-05 19:39:39.607: 28 avg_steps: 732.85
2024-05-05 19:39:39.607: 28 epsilon: 0.1
2024-05-05 19:53:42.146: 29 test start:
2024-05-05 19:53:57.153: 29 avg_reward: 517.75
2024-05-05 19:53:57.153: 29 avg_steps: 726.25
2024-05-05 19:53:57.153: 29 epsilon: 0.1
2024-05-05 20:08:05.716: 30 test start:
2024-05-05 20:08:18.477: 30 avg_reward: 377.75
2024-05-05 20:08:18.478: 30 avg_steps: 615.9
2024-05-05 20:08:18.478: 30 epsilon: 0.1
2024-05-05 20:22:15.532: 31 test start:
2024-05-05 20:22:29.266: 31 avg_reward: 453.75
2024-05-05 20:22:29.266: 31 avg_steps: 673.25
2024-05-05 20:22:29.266: 31 epsilon: 0.1
2024-05-05 20:36:47.918: 32 test start:
2024-05-05 20:37:02.822: 32 avg_reward: 499.5
2024-05-05 20:37:02.822: 32 avg_steps: 727.65
2024-05-05 20:37:02.822: 32 epsilon: 0.1
2024-05-05 20:51:18.039: 33 test start:
2024-05-05 20:51:31.846: 33 avg_reward: 475.25
2024-05-05 20:51:31.846: 33 avg_steps: 677.1
2024-05-05 20:51:31.846: 33 epsilon: 0.1
2024-05-05 21:05:28.188: 34 test start:
2024-05-05 21:05:42.757: 34 avg_reward: 494.75
2024-05-05 21:05:42.757: 34 avg_steps: 712.05
2024-05-05 21:05:42.757: 34 epsilon: 0.1
2024-05-05 21:20:03.300: 35 test start:
2024-05-05 21:20:18.474: 35 avg_reward: 532.25
2024-05-05 21:20:18.474: 35 avg_steps: 736.2
2024-05-05 21:20:18.474: 35 epsilon: 0.1
2024-05-05 21:34:45.162: 36 test start:
2024-05-05 21:34:59.194: 36 avg_reward: 486.0
2024-05-05 21:34:59.194: 36 avg_steps: 687.8
2024-05-05 21:34:59.194: 36 epsilon: 0.1
2024-05-05 21:49:15.906: 37 test start:
2024-05-05 21:49:29.605: 37 avg_reward: 524.25
2024-05-05 21:49:29.605: 37 avg_steps: 673.45
2024-05-05 21:49:29.605: 37 epsilon: 0.1
2024-05-05 22:03:33.817: 38 test start:
2024-05-05 22:03:47.497: 38 avg_reward: 536.25
2024-05-05 22:03:47.497: 38 avg_steps: 670.4
2024-05-05 22:03:47.497: 38 epsilon: 0.1
2024-05-05 22:18:08.960: 39 test start:
2024-05-05 22:18:24.536: 39 avg_reward: 525.0
2024-05-05 22:18:24.536: 39 avg_steps: 757.35
2024-05-05 22:18:24.536: 39 epsilon: 0.1
2024-05-05 22:32:38.737: 40 test start:
2024-05-05 22:32:54.027: 40 avg_reward: 511.5
2024-05-05 22:32:54.027: 40 avg_steps: 750.3
2024-05-05 22:32:54.027: 40 epsilon: 0.1
2024-05-05 22:47:13.955: 41 test start:
2024-05-05 22:47:28.611: 41 avg_reward: 501.0
2024-05-05 22:47:28.611: 41 avg_steps: 715.35
2024-05-05 22:47:28.611: 41 epsilon: 0.1
2024-05-05 23:01:21.481: 42 test start:
2024-05-05 23:01:37.207: 42 avg_reward: 547.25
2024-05-05 23:01:37.207: 42 avg_steps: 775.85
2024-05-05 23:01:37.207: 42 epsilon: 0.1
2024-05-05 23:15:52.951: 43 test start:
2024-05-05 23:16:07.058: 43 avg_reward: 488.75
2024-05-05 23:16:07.058: 43 avg_steps: 688.45
2024-05-05 23:16:07.058: 43 epsilon: 0.1
2024-05-05 23:30:00.490: 44 test start:
2024-05-05 23:30:16.075: 44 avg_reward: 502.5
2024-05-05 23:30:16.075: 44 avg_steps: 760.85
2024-05-05 23:30:16.075: 44 epsilon: 0.1
2024-05-05 23:44:31.304: 45 test start:
2024-05-05 23:44:46.215: 45 avg_reward: 530.25
2024-05-05 23:44:46.215: 45 avg_steps: 731.1
2024-05-05 23:44:46.215: 45 epsilon: 0.1
2024-05-05 23:58:59.213: 46 test start:
2024-05-05 23:59:13.335: 46 avg_reward: 502.5
2024-05-05 23:59:13.335: 46 avg_steps: 684.7
2024-05-05 23:59:13.335: 46 epsilon: 0.1
2024-05-06 00:13:09.897: 47 test start:
2024-05-06 00:13:25.136: 47 avg_reward: 555.0
2024-05-06 00:13:25.136: 47 avg_steps: 747.9
2024-05-06 00:13:25.136: 47 epsilon: 0.1
2024-05-06 00:27:25.343: 48 test start:
2024-05-06 00:27:41.003: 48 avg_reward: 552.5
2024-05-06 00:27:41.003: 48 avg_steps: 766.75
2024-05-06 00:27:41.003: 48 epsilon: 0.1
2024-05-06 00:42:00.349: 49 test start:
2024-05-06 00:42:15.965: 49 avg_reward: 555.75
2024-05-06 00:42:15.965: 49 avg_steps: 759.25
2024-05-06 00:42:15.965: 49 epsilon: 0.1
2024-05-06 00:56:10.410: 50 test start:
2024-05-06 00:56:25.971: 50 avg_reward: 545.5
2024-05-06 00:56:25.971: 50 avg_steps: 754.8
2024-05-06 00:56:25.971: 50 epsilon: 0.1
2024-05-06 01:10:29.164: 51 test start:
2024-05-06 01:10:43.597: 51 avg_reward: 473.75
2024-05-06 01:10:43.597: 51 avg_steps: 709.85
2024-05-06 01:10:43.597: 51 epsilon: 0.1
2024-05-06 01:24:57.378: 52 test start:
2024-05-06 01:25:12.651: 52 avg_reward: 546.75
2024-05-06 01:25:12.651: 52 avg_steps: 746.4
2024-05-06 01:25:12.651: 52 epsilon: 0.1
2024-05-06 01:39:05.890: 53 test start:
2024-05-06 01:39:20.690: 53 avg_reward: 550.0
2024-05-06 01:39:20.690: 53 avg_steps: 728.4
2024-05-06 01:39:20.690: 53 epsilon: 0.1
2024-05-06 01:53:27.012: 54 test start:
2024-05-06 01:53:41.449: 54 avg_reward: 518.25
2024-05-06 01:53:41.449: 54 avg_steps: 714.05
2024-05-06 01:53:41.449: 54 epsilon: 0.1
2024-05-06 02:07:54.747: 55 test start:
2024-05-06 02:08:10.006: 55 avg_reward: 567.5
2024-05-06 02:08:10.006: 55 avg_steps: 747.75
2024-05-06 02:08:10.006: 55 epsilon: 0.1
2024-05-06 02:22:04.756: 56 test start:
2024-05-06 02:22:17.202: 56 avg_reward: 405.5
2024-05-06 02:22:17.202: 56 avg_steps: 599.85
2024-05-06 02:22:17.202: 56 epsilon: 0.1
2024-05-06 02:36:16.378: 57 test start:
2024-05-06 02:36:31.172: 57 avg_reward: 538.25
2024-05-06 02:36:31.172: 57 avg_steps: 725.0
2024-05-06 02:36:31.172: 57 epsilon: 0.1
2024-05-06 02:50:27.531: 58 test start:
2024-05-06 02:50:41.741: 58 avg_reward: 509.5
2024-05-06 02:50:41.741: 58 avg_steps: 690.75
2024-05-06 02:50:41.741: 58 epsilon: 0.1
2024-05-06 03:04:31.589: 59 test start:
2024-05-06 03:04:45.852: 59 avg_reward: 515.5
2024-05-06 03:04:45.852: 59 avg_steps: 695.3
2024-05-06 03:04:45.852: 59 epsilon: 0.1
2024-05-06 03:18:42.748: 60 test start:
2024-05-06 03:18:58.014: 60 avg_reward: 547.25
2024-05-06 03:18:58.014: 60 avg_steps: 747.65
2024-05-06 03:18:58.014: 60 epsilon: 0.1
2024-05-06 03:32:42.636: 61 test start:
2024-05-06 03:32:57.463: 61 avg_reward: 547.0
2024-05-06 03:32:57.463: 61 avg_steps: 723.5
2024-05-06 03:32:57.463: 61 epsilon: 0.1
2024-05-06 03:47:00.964: 62 test start:
2024-05-06 03:47:16.907: 62 avg_reward: 599.0
2024-05-06 03:47:16.907: 62 avg_steps: 783.85
2024-05-06 03:47:16.907: 62 epsilon: 0.1
2024-05-06 04:01:08.519: 63 test start:
2024-05-06 04:01:23.924: 63 avg_reward: 525.75
2024-05-06 04:01:23.924: 63 avg_steps: 745.65
2024-05-06 04:01:23.924: 63 epsilon: 0.1
2024-05-06 04:15:08.279: 64 test start:
2024-05-06 04:15:23.643: 64 avg_reward: 513.0
2024-05-06 04:15:23.643: 64 avg_steps: 750.65
2024-05-06 04:15:23.643: 64 epsilon: 0.1
2024-05-06 04:29:27.103: 65 test start:
2024-05-06 04:29:41.284: 65 avg_reward: 532.0
2024-05-06 04:29:41.284: 65 avg_steps: 698.95
2024-05-06 04:29:41.284: 65 epsilon: 0.1
2024-05-06 04:43:18.917: 66 test start:
2024-05-06 04:43:31.865: 66 avg_reward: 419.0
2024-05-06 04:43:31.865: 66 avg_steps: 633.4
2024-05-06 04:43:31.865: 66 epsilon: 0.1
2024-05-06 04:57:24.525: 67 test start:
2024-05-06 04:57:38.800: 67 avg_reward: 499.5
2024-05-06 04:57:38.800: 67 avg_steps: 692.45
2024-05-06 04:57:38.800: 67 epsilon: 0.1
2024-05-06 05:11:41.364: 68 test start:
2024-05-06 05:11:57.249: 68 avg_reward: 583.25
2024-05-06 05:11:57.249: 68 avg_steps: 776.65
2024-05-06 05:11:57.249: 68 epsilon: 0.1
2024-05-06 05:25:41.250: 69 test start:
2024-05-06 05:25:56.593: 69 avg_reward: 556.0
2024-05-06 05:25:56.593: 69 avg_steps: 750.9
2024-05-06 05:25:56.593: 69 epsilon: 0.1
2024-05-06 05:40:16.419: 70 test start:
2024-05-06 05:40:29.438: 70 avg_reward: 414.5
2024-05-06 05:40:29.439: 70 avg_steps: 631.7
2024-05-06 05:40:29.439: 70 epsilon: 0.1
2024-05-06 05:54:28.326: 71 test start:
2024-05-06 05:54:41.404: 71 avg_reward: 490.0
2024-05-06 05:54:41.404: 71 avg_steps: 631.0
2024-05-06 05:54:41.404: 71 epsilon: 0.1
2024-05-06 06:08:40.028: 72 test start:
2024-05-06 06:08:52.831: 72 avg_reward: 413.75
2024-05-06 06:08:52.831: 72 avg_steps: 626.5
2024-05-06 06:08:52.831: 72 epsilon: 0.1
2024-05-06 06:22:40.844: 73 test start:
2024-05-06 06:22:55.181: 73 avg_reward: 521.75
2024-05-06 06:22:55.181: 73 avg_steps: 706.25
2024-05-06 06:22:55.181: 73 epsilon: 0.1
2024-05-06 06:36:39.641: 74 test start:
2024-05-06 06:36:54.243: 74 avg_reward: 529.5
2024-05-06 06:36:54.243: 74 avg_steps: 719.5
2024-05-06 06:36:54.243: 74 epsilon: 0.1
2024-05-06 06:50:53.383: 75 test start:
2024-05-06 06:51:07.402: 75 avg_reward: 496.75
2024-05-06 06:51:07.403: 75 avg_steps: 686.45
2024-05-06 06:51:07.403: 75 epsilon: 0.1
2024-05-06 07:04:56.005: 76 test start:
2024-05-06 07:05:12.868: 76 avg_reward: 588.75
2024-05-06 07:05:12.868: 76 avg_steps: 831.1
2024-05-06 07:05:12.868: 76 epsilon: 0.1
2024-05-06 07:19:18.591: 77 test start:
2024-05-06 07:19:32.035: 77 avg_reward: 469.5
2024-05-06 07:19:32.035: 77 avg_steps: 660.3
2024-05-06 07:19:32.035: 77 epsilon: 0.1
2024-05-06 07:33:43.203: 78 test start:
2024-05-06 07:33:57.121: 78 avg_reward: 485.75
2024-05-06 07:33:57.121: 78 avg_steps: 674.15
2024-05-06 07:33:57.121: 78 epsilon: 0.1
2024-05-06 07:47:46.520: 79 test start:
2024-05-06 07:48:01.908: 79 avg_reward: 543.75
2024-05-06 07:48:01.908: 79 avg_steps: 750.55
2024-05-06 07:48:01.908: 79 epsilon: 0.1
2024-05-06 08:02:23.005: 80 test start:
2024-05-06 08:02:37.847: 80 avg_reward: 529.0
2024-05-06 08:02:37.848: 80 avg_steps: 729.2
2024-05-06 08:02:37.848: 80 epsilon: 0.1
2024-05-06 08:16:38.279: 81 test start:
2024-05-06 08:16:53.218: 81 avg_reward: 528.5
2024-05-06 08:16:53.218: 81 avg_steps: 718.65
2024-05-06 08:16:53.218: 81 epsilon: 0.1
2024-05-06 08:31:00.385: 82 test start:
2024-05-06 08:31:11.833: 82 avg_reward: 421.75
2024-05-06 08:31:11.833: 82 avg_steps: 555.0
2024-05-06 08:31:11.833: 82 epsilon: 0.1
2024-05-06 08:45:19.353: 83 test start:
2024-05-06 08:45:32.879: 83 avg_reward: 465.0
2024-05-06 08:45:32.879: 83 avg_steps: 650.65
2024-05-06 08:45:32.879: 83 epsilon: 0.1
2024-05-06 08:59:26.160: 84 test start:
2024-05-06 08:59:40.066: 84 avg_reward: 494.75
2024-05-06 08:59:40.066: 84 avg_steps: 683.2
2024-05-06 08:59:40.066: 84 epsilon: 0.1
2024-05-06 09:13:53.739: 85 test start:
2024-05-06 09:14:05.765: 85 avg_reward: 425.0
2024-05-06 09:14:05.765: 85 avg_steps: 588.1
2024-05-06 09:14:05.765: 85 epsilon: 0.1
2024-05-06 09:27:56.145: 86 test start:
2024-05-06 09:28:09.815: 86 avg_reward: 483.0
2024-05-06 09:28:09.815: 86 avg_steps: 662.3
2024-05-06 09:28:09.816: 86 epsilon: 0.1
2024-05-06 09:42:14.259: 87 test start:
2024-05-06 09:42:28.242: 87 avg_reward: 518.75
2024-05-06 09:42:28.242: 87 avg_steps: 689.4
2024-05-06 09:42:28.242: 87 epsilon: 0.1
2024-05-06 09:56:34.761: 88 test start:
2024-05-06 09:56:47.760: 88 avg_reward: 456.75
2024-05-06 09:56:47.760: 88 avg_steps: 630.25
2024-05-06 09:56:47.760: 88 epsilon: 0.1
2024-05-06 10:10:36.654: 89 test start:
2024-05-06 10:10:49.444: 89 avg_reward: 454.5
2024-05-06 10:10:49.444: 89 avg_steps: 624.4
2024-05-06 10:10:49.444: 89 epsilon: 0.1
2024-05-06 10:25:04.204: 90 test start:
2024-05-06 10:25:17.254: 90 avg_reward: 477.75
2024-05-06 10:25:17.254: 90 avg_steps: 640.2
2024-05-06 10:25:17.254: 90 epsilon: 0.1
2024-05-06 10:38:58.348: 91 test start:
2024-05-06 10:39:11.269: 91 avg_reward: 448.25
2024-05-06 10:39:11.269: 91 avg_steps: 623.25
2024-05-06 10:39:11.269: 91 epsilon: 0.1
2024-05-06 10:53:28.488: 92 test start:
2024-05-06 10:53:42.799: 92 avg_reward: 507.75
2024-05-06 10:53:42.799: 92 avg_steps: 704.65
2024-05-06 10:53:42.799: 92 epsilon: 0.1
2024-05-06 11:07:32.090: 93 test start:
2024-05-06 11:07:46.692: 93 avg_reward: 540.25
2024-05-06 11:07:46.692: 93 avg_steps: 709.25
2024-05-06 11:07:46.692: 93 epsilon: 0.1
2024-05-06 11:21:34.089: 94 test start:
2024-05-06 11:21:47.622: 94 avg_reward: 493.75
2024-05-06 11:21:47.622: 94 avg_steps: 654.9
2024-05-06 11:21:47.622: 94 epsilon: 0.1
2024-05-06 11:35:58.110: 95 test start:
2024-05-06 11:36:12.448: 95 avg_reward: 514.0
2024-05-06 11:36:12.448: 95 avg_steps: 703.7
2024-05-06 11:36:12.448: 95 epsilon: 0.1
2024-05-06 11:49:53.281: 96 test start:
2024-05-06 11:50:07.056: 96 avg_reward: 465.25
2024-05-06 11:50:07.056: 96 avg_steps: 668.5
2024-05-06 11:50:07.056: 96 epsilon: 0.1
2024-05-06 12:04:13.175: 97 test start:
2024-05-06 12:04:23.973: 97 avg_reward: 340.0
2024-05-06 12:04:23.974: 97 avg_steps: 521.75
2024-05-06 12:04:23.974: 97 epsilon: 0.1
2024-05-06 12:18:18.696: 98 test start:
2024-05-06 12:18:33.252: 98 avg_reward: 528.5
2024-05-06 12:18:33.252: 98 avg_steps: 711.95
2024-05-06 12:18:33.252: 98 epsilon: 0.1
2024-05-06 12:32:21.642: 99 test start:
2024-05-06 12:32:33.727: 99 avg_reward: 429.25
2024-05-06 12:32:33.727: 99 avg_steps: 579.25
2024-05-06 12:32:33.727: 99 epsilon: 0.1
2024-05-06 12:46:56.837: 100 test start:
2024-05-06 12:47:10.686: 100 avg_reward: 502.0
2024-05-06 12:47:10.686: 100 avg_steps: 677.65
2024-05-06 12:47:10.686: 100 epsilon: 0.1
2024-05-06 13:00:49.588: 101 test start:
2024-05-06 13:01:00.300: 101 avg_reward: 367.0
2024-05-06 13:01:00.300: 101 avg_steps: 512.65
2024-05-06 13:01:00.300: 101 epsilon: 0.1
2024-05-06 13:14:51.651: 102 test start:
2024-05-06 13:15:04.939: 102 avg_reward: 476.5
2024-05-06 13:15:04.939: 102 avg_steps: 643.0
2024-05-06 13:15:04.939: 102 epsilon: 0.1
2024-05-06 13:29:16.172: 103 test start:
2024-05-06 13:29:28.010: 103 avg_reward: 389.0
2024-05-06 13:29:28.010: 103 avg_steps: 571.8
2024-05-06 13:29:28.010: 103 epsilon: 0.1
2024-05-06 13:43:26.900: 104 test start:
2024-05-06 13:43:39.668: 104 avg_reward: 464.0
2024-05-06 13:43:39.668: 104 avg_steps: 628.0
2024-05-06 13:43:39.668: 104 epsilon: 0.1
2024-05-06 13:57:56.187: 105 test start:
2024-05-06 13:58:05.820: 105 avg_reward: 308.5
2024-05-06 13:58:05.820: 105 avg_steps: 466.1
2024-05-06 13:58:05.820: 105 epsilon: 0.1
2024-05-06 14:11:44.378: 106 test start:
2024-05-06 14:11:58.900: 106 avg_reward: 525.0
2024-05-06 14:11:58.900: 106 avg_steps: 708.55
2024-05-06 14:11:58.900: 106 epsilon: 0.1
2024-05-06 14:26:14.413: 107 test start:
2024-05-06 14:26:25.439: 107 avg_reward: 391.25
2024-05-06 14:26:25.439: 107 avg_steps: 534.55
2024-05-06 14:26:25.439: 107 epsilon: 0.1
2024-05-06 14:40:13.979: 108 test start:
2024-05-06 14:40:26.642: 108 avg_reward: 456.25
2024-05-06 14:40:26.643: 108 avg_steps: 609.6
2024-05-06 14:40:26.643: 108 epsilon: 0.1
2024-05-06 14:54:28.836: 109 test start:
2024-05-06 14:54:41.832: 109 avg_reward: 480.0
2024-05-06 14:54:41.833: 109 avg_steps: 636.55
2024-05-06 14:54:41.833: 109 epsilon: 0.1
2024-05-06 15:08:38.450: 110 test start:
2024-05-06 15:08:49.612: 110 avg_reward: 406.5
2024-05-06 15:08:49.612: 110 avg_steps: 536.1
2024-05-06 15:08:49.612: 110 epsilon: 0.1
2024-05-06 15:22:44.260: 111 test start:
2024-05-06 15:22:57.522: 111 avg_reward: 490.25
2024-05-06 15:22:57.522: 111 avg_steps: 644.4
2024-05-06 15:22:57.522: 111 epsilon: 0.1
2024-05-06 15:37:06.166: 112 test start:
2024-05-06 15:37:19.991: 112 avg_reward: 530.5
2024-05-06 15:37:19.991: 112 avg_steps: 681.3
2024-05-06 15:37:19.991: 112 epsilon: 0.1
2024-05-06 15:51:26.049: 113 test start:
2024-05-06 15:51:39.251: 113 avg_reward: 461.0
2024-05-06 15:51:39.251: 113 avg_steps: 642.05
2024-05-06 15:51:39.251: 113 epsilon: 0.1
2024-05-06 16:05:35.789: 114 test start:
2024-05-06 16:05:49.890: 114 avg_reward: 542.25
2024-05-06 16:05:49.891: 114 avg_steps: 691.3
2024-05-06 16:05:49.891: 114 epsilon: 0.1
2024-05-06 16:19:57.283: 115 test start:
2024-05-06 16:20:10.522: 115 avg_reward: 453.75
2024-05-06 16:20:10.522: 115 avg_steps: 641.8
2024-05-06 16:20:10.522: 115 epsilon: 0.1
2024-05-06 16:34:09.555: 116 test start:
2024-05-06 16:34:24.082: 116 avg_reward: 524.5
2024-05-06 16:34:24.082: 116 avg_steps: 708.7
2024-05-06 16:34:24.082: 116 epsilon: 0.1
2024-05-06 16:48:31.863: 117 test start:
2024-05-06 16:48:45.645: 117 avg_reward: 484.0
2024-05-06 16:48:45.645: 117 avg_steps: 668.95
2024-05-06 16:48:45.645: 117 epsilon: 0.1
2024-05-06 17:02:52.447: 118 test start:
2024-05-06 17:03:05.862: 118 avg_reward: 513.5
2024-05-06 17:03:05.862: 118 avg_steps: 654.85
2024-05-06 17:03:05.862: 118 epsilon: 0.1
2024-05-06 17:17:06.898: 119 test start:
2024-05-06 17:17:18.411: 119 avg_reward: 405.75
2024-05-06 17:17:18.411: 119 avg_steps: 558.25
2024-05-06 17:17:18.411: 119 epsilon: 0.1
2024-05-06 17:31:29.396: 120 test start:
2024-05-06 17:31:41.452: 120 avg_reward: 435.75
2024-05-06 17:31:41.452: 120 avg_steps: 587.35
2024-05-06 17:31:41.452: 120 epsilon: 0.1
2024-05-06 17:45:32.583: 121 test start:
2024-05-06 17:45:46.296: 121 avg_reward: 487.0
2024-05-06 17:45:46.296: 121 avg_steps: 664.1
2024-05-06 17:45:46.296: 121 epsilon: 0.1
2024-05-06 17:59:44.338: 122 test start:
2024-05-06 17:59:57.979: 122 avg_reward: 475.5
2024-05-06 17:59:57.979: 122 avg_steps: 651.15
2024-05-06 17:59:57.979: 122 epsilon: 0.1
2024-05-06 18:13:58.309: 123 test start:
2024-05-06 18:14:13.606: 123 avg_reward: 557.0
2024-05-06 18:14:13.606: 123 avg_steps: 735.0
2024-05-06 18:14:13.606: 123 epsilon: 0.1
2024-05-06 18:27:56.327: 124 test start:
2024-05-06 18:28:09.004: 124 avg_reward: 413.5
2024-05-06 18:28:09.004: 124 avg_steps: 609.7
2024-05-06 18:28:09.004: 124 epsilon: 0.1
2024-05-06 18:42:33.891: 125 test start:
2024-05-06 18:42:47.001: 125 avg_reward: 472.25
2024-05-06 18:42:47.001: 125 avg_steps: 634.8
2024-05-06 18:42:47.001: 125 epsilon: 0.1
2024-05-06 18:56:29.293: 126 test start:
2024-05-06 18:56:39.565: 126 avg_reward: 360.0
2024-05-06 18:56:39.565: 126 avg_steps: 492.95
2024-05-06 18:56:39.565: 126 epsilon: 0.1
2024-05-06 19:10:48.550: 127 test start:
2024-05-06 19:11:00.591: 127 avg_reward: 450.75
2024-05-06 19:11:00.591: 127 avg_steps: 583.45
2024-05-06 19:11:00.591: 127 epsilon: 0.1
2024-05-06 19:24:44.364: 128 test start:
2024-05-06 19:24:59.435: 128 avg_reward: 522.75
2024-05-06 19:24:59.435: 128 avg_steps: 723.9
2024-05-06 19:24:59.435: 128 epsilon: 0.1
2024-05-06 19:38:51.458: 129 test start:
2024-05-06 19:39:05.021: 129 avg_reward: 469.5
2024-05-06 19:39:05.021: 129 avg_steps: 656.3
2024-05-06 19:39:05.021: 129 epsilon: 0.1
2024-05-06 19:53:13.345: 130 test start:
2024-05-06 19:53:27.782: 130 avg_reward: 524.5
2024-05-06 19:53:27.782: 130 avg_steps: 711.1
2024-05-06 19:53:27.782: 130 epsilon: 0.1
2024-05-06 20:07:25.517: 131 test start:
2024-05-06 20:07:36.591: 131 avg_reward: 359.25
2024-05-06 20:07:36.591: 131 avg_steps: 539.05
2024-05-06 20:07:36.591: 131 epsilon: 0.1
2024-05-06 20:21:47.709: 132 test start:
2024-05-06 20:22:00.163: 132 avg_reward: 437.0
2024-05-06 20:22:00.163: 132 avg_steps: 605.95
2024-05-06 20:22:00.163: 132 epsilon: 0.1
2024-05-06 20:35:58.426: 133 test start:
2024-05-06 20:36:12.062: 133 avg_reward: 505.75
2024-05-06 20:36:12.062: 133 avg_steps: 654.2
2024-05-06 20:36:12.062: 133 epsilon: 0.1
2024-05-06 20:49:51.900: 134 test start:
2024-05-06 20:50:02.368: 134 avg_reward: 347.25
2024-05-06 20:50:02.368: 134 avg_steps: 503.65
2024-05-06 20:50:02.368: 134 epsilon: 0.1
2024-05-06 21:04:29.777: 135 test start:
2024-05-06 21:04:43.526: 135 avg_reward: 513.75
2024-05-06 21:04:43.526: 135 avg_steps: 671.35
2024-05-06 21:04:43.526: 135 epsilon: 0.1
2024-05-06 21:18:21.378: 136 test start:
2024-05-06 21:18:35.362: 136 avg_reward: 501.5
2024-05-06 21:18:35.362: 136 avg_steps: 678.65
2024-05-06 21:18:35.362: 136 epsilon: 0.1
2024-05-06 21:32:42.475: 137 test start:
2024-05-06 21:32:55.776: 137 avg_reward: 493.5
2024-05-06 21:32:55.776: 137 avg_steps: 651.15
2024-05-06 21:32:55.776: 137 epsilon: 0.1
2024-05-06 21:46:34.794: 138 test start:
2024-05-06 21:46:48.515: 138 avg_reward: 514.0
2024-05-06 21:46:48.521: 138 avg_steps: 668.3
2024-05-06 21:46:48.521: 138 epsilon: 0.1
2024-05-06 22:00:52.104: 139 test start:
2024-05-06 22:01:05.563: 139 avg_reward: 483.25
2024-05-06 22:01:05.564: 139 avg_steps: 650.55
2024-05-06 22:01:05.564: 139 epsilon: 0.1
2024-05-06 22:15:12.084: 140 test start:
2024-05-06 22:15:23.123: 140 avg_reward: 414.5
2024-05-06 22:15:23.123: 140 avg_steps: 532.6
2024-05-06 22:15:23.123: 140 epsilon: 0.1
2024-05-06 22:29:01.852: 141 test start:
2024-05-06 22:29:13.960: 141 avg_reward: 458.5
2024-05-06 22:29:13.960: 141 avg_steps: 590.85
2024-05-06 22:29:13.960: 141 epsilon: 0.1
2024-05-06 22:43:33.788: 142 test start:
2024-05-06 22:43:45.706: 142 avg_reward: 403.25
2024-05-06 22:43:45.706: 142 avg_steps: 574.75
2024-05-06 22:43:45.706: 142 epsilon: 0.1
2024-05-06 22:57:37.407: 143 test start:
2024-05-06 22:57:47.955: 143 avg_reward: 369.5
2024-05-06 22:57:47.955: 143 avg_steps: 511.75
2024-05-06 22:57:47.955: 143 epsilon: 0.1
2024-05-06 23:11:47.675: 144 test start:
2024-05-06 23:11:59.260: 144 avg_reward: 393.0
2024-05-06 23:11:59.260: 144 avg_steps: 565.95
2024-05-06 23:11:59.260: 144 epsilon: 0.1
2024-05-06 23:25:58.509: 145 test start:
2024-05-06 23:26:10.519: 145 avg_reward: 415.75
2024-05-06 23:26:10.519: 145 avg_steps: 573.05
2024-05-06 23:26:10.519: 145 epsilon: 0.1
2024-05-06 23:40:00.122: 146 test start:
2024-05-06 23:40:11.664: 146 avg_reward: 405.5
2024-05-06 23:40:11.665: 146 avg_steps: 550.05
2024-05-06 23:40:11.665: 146 epsilon: 0.1
2024-05-06 23:54:13.603: 147 test start:
2024-05-06 23:54:25.919: 147 avg_reward: 455.0
2024-05-06 23:54:25.919: 147 avg_steps: 603.1
2024-05-06 23:54:25.919: 147 epsilon: 0.1
2024-05-07 00:08:20.910: 148 test start:
2024-05-07 00:08:33.698: 148 avg_reward: 447.25
2024-05-07 00:08:33.698: 148 avg_steps: 611.8
2024-05-07 00:08:33.698: 148 epsilon: 0.1
2024-05-07 00:22:34.113: 149 test start:
2024-05-07 00:22:45.529: 149 avg_reward: 420.0
2024-05-07 00:22:45.530: 149 avg_steps: 552.35
2024-05-07 00:22:45.530: 149 epsilon: 0.1
2024-05-07 00:36:53.265: 150 test start:
2024-05-07 00:37:04.995: 150 avg_reward: 442.0
2024-05-07 00:37:04.995: 150 avg_steps: 567.15
2024-05-07 00:37:04.995: 150 epsilon: 0.1
2024-05-07 00:50:57.062: 151 test start:
2024-05-07 00:51:07.015: 151 avg_reward: 328.25
2024-05-07 00:51:07.015: 151 avg_steps: 475.55
2024-05-07 00:51:07.015: 151 epsilon: 0.1
2024-05-07 01:05:08.211: 152 test start:
2024-05-07 01:05:22.776: 152 avg_reward: 513.5
2024-05-07 01:05:22.776: 152 avg_steps: 711.5
2024-05-07 01:05:22.776: 152 epsilon: 0.1
2024-05-07 01:19:19.216: 153 test start:
2024-05-07 01:19:32.881: 153 avg_reward: 528.75
2024-05-07 01:19:32.881: 153 avg_steps: 658.05
2024-05-07 01:19:32.881: 153 epsilon: 0.1
2024-05-07 01:33:41.042: 154 test start:
2024-05-07 01:33:54.483: 154 avg_reward: 522.5
2024-05-07 01:33:54.483: 154 avg_steps: 649.1
2024-05-07 01:33:54.483: 154 epsilon: 0.1
2024-05-07 01:48:04.988: 155 test start:
2024-05-07 01:48:16.727: 155 avg_reward: 428.0
2024-05-07 01:48:16.727: 155 avg_steps: 566.2
2024-05-07 01:48:16.727: 155 epsilon: 0.1
2024-05-07 02:02:01.188: 156 test start:
2024-05-07 02:02:11.175: 156 avg_reward: 307.0
2024-05-07 02:02:11.175: 156 avg_steps: 472.15
2024-05-07 02:02:11.175: 156 epsilon: 0.1
2024-05-07 02:16:19.733: 157 test start:
2024-05-07 02:16:31.355: 157 avg_reward: 402.75
2024-05-07 02:16:31.355: 157 avg_steps: 562.55
2024-05-07 02:16:31.355: 157 epsilon: 0.1
2024-05-07 02:30:17.838: 158 test start:
2024-05-07 02:30:29.590: 158 avg_reward: 355.0
2024-05-07 02:30:29.590: 158 avg_steps: 559.55
2024-05-07 02:30:29.590: 158 epsilon: 0.1
2024-05-07 02:44:38.374: 159 test start:
2024-05-07 02:44:51.501: 159 avg_reward: 456.5
2024-05-07 02:44:51.501: 159 avg_steps: 624.4
2024-05-07 02:44:51.501: 159 epsilon: 0.1
2024-05-07 02:58:57.220: 160 test start:
2024-05-07 02:59:10.277: 160 avg_reward: 460.25
2024-05-07 02:59:10.277: 160 avg_steps: 630.15
2024-05-07 02:59:10.277: 160 epsilon: 0.1
2024-05-07 03:12:59.821: 161 test start:
2024-05-07 03:13:12.823: 161 avg_reward: 508.75
2024-05-07 03:13:12.823: 161 avg_steps: 635.3
2024-05-07 03:13:12.823: 161 epsilon: 0.1
2024-05-07 03:27:25.139: 162 test start:
2024-05-07 03:27:36.022: 162 avg_reward: 358.25
2024-05-07 03:27:36.022: 162 avg_steps: 521.95
2024-05-07 03:27:36.022: 162 epsilon: 0.1
2024-05-07 03:41:20.275: 163 test start:
2024-05-07 03:41:34.043: 163 avg_reward: 455.0
2024-05-07 03:41:34.043: 163 avg_steps: 663.85
2024-05-07 03:41:34.043: 163 epsilon: 0.1
2024-05-07 03:55:34.435: 164 test start:
2024-05-07 03:55:48.659: 164 avg_reward: 509.0
2024-05-07 03:55:48.659: 164 avg_steps: 684.85
2024-05-07 03:55:48.660: 164 epsilon: 0.1
2024-05-07 04:09:53.126: 165 test start:
2024-05-07 04:10:04.780: 165 avg_reward: 424.5
2024-05-07 04:10:04.780: 165 avg_steps: 557.7
2024-05-07 04:10:04.780: 165 epsilon: 0.1
2024-05-07 04:23:55.702: 166 test start:
2024-05-07 04:24:07.872: 166 avg_reward: 427.75
2024-05-07 04:24:07.872: 166 avg_steps: 587.45
2024-05-07 04:24:07.872: 166 epsilon: 0.1
2024-05-07 04:38:19.936: 167 test start:
2024-05-07 04:38:33.247: 167 avg_reward: 497.25
2024-05-07 04:38:33.247: 167 avg_steps: 639.15
2024-05-07 04:38:33.247: 167 epsilon: 0.1
2024-05-07 04:52:23.635: 168 test start:
2024-05-07 04:52:38.052: 168 avg_reward: 530.25
2024-05-07 04:52:38.052: 168 avg_steps: 700.8
2024-05-07 04:52:38.052: 168 epsilon: 0.1
2024-05-07 05:06:32.584: 169 test start:
2024-05-07 05:06:46.644: 169 avg_reward: 540.25
2024-05-07 05:06:46.644: 169 avg_steps: 694.05
2024-05-07 05:06:46.644: 169 epsilon: 0.1
2024-05-07 05:20:32.556: 170 test start:
2024-05-07 05:20:44.757: 170 avg_reward: 435.0
2024-05-07 05:20:44.757: 170 avg_steps: 582.25
2024-05-07 05:20:44.757: 170 epsilon: 0.1
2024-05-07 05:34:39.726: 171 test start:
2024-05-07 05:34:52.835: 171 avg_reward: 460.0
2024-05-07 05:34:52.835: 171 avg_steps: 630.0
2024-05-07 05:34:52.835: 171 epsilon: 0.1
2024-05-07 05:48:57.662: 172 test start:
2024-05-07 05:49:10.065: 172 avg_reward: 429.25
2024-05-07 05:49:10.065: 172 avg_steps: 601.05
2024-05-07 05:49:10.065: 172 epsilon: 0.1
2024-05-07 06:02:59.924: 173 test start:
2024-05-07 06:03:10.028: 173 avg_reward: 345.5
2024-05-07 06:03:10.029: 173 avg_steps: 485.45
2024-05-07 06:03:10.029: 173 epsilon: 0.1
2024-05-07 06:17:15.440: 174 test start:
2024-05-07 06:17:28.190: 174 avg_reward: 475.75
2024-05-07 06:17:28.190: 174 avg_steps: 617.55
2024-05-07 06:17:28.190: 174 epsilon: 0.1
2024-05-07 06:31:39.145: 175 test start:
2024-05-07 06:31:49.971: 175 avg_reward: 366.0
2024-05-07 06:31:49.971: 175 avg_steps: 516.15
2024-05-07 06:31:49.971: 175 epsilon: 0.1
2024-05-07 06:45:35.622: 176 test start:
2024-05-07 06:45:49.712: 176 avg_reward: 498.0
2024-05-07 06:45:49.712: 176 avg_steps: 694.15
2024-05-07 06:45:49.712: 176 epsilon: 0.1
2024-05-07 07:00:03.755: 177 test start:
2024-05-07 07:00:15.952: 177 avg_reward: 485.25
2024-05-07 07:00:15.952: 177 avg_steps: 588.5
2024-05-07 07:00:15.952: 177 epsilon: 0.1
2024-05-07 07:13:58.770: 178 test start:
2024-05-07 07:14:09.778: 178 avg_reward: 389.25
2024-05-07 07:14:09.778: 178 avg_steps: 527.1
2024-05-07 07:14:09.778: 178 epsilon: 0.1
2024-05-07 07:28:16.849: 179 test start:
2024-05-07 07:28:28.339: 179 avg_reward: 414.0
2024-05-07 07:28:28.339: 179 avg_steps: 553.9
2024-05-07 07:28:28.339: 179 epsilon: 0.1
2024-05-07 07:42:38.168: 180 test start:
2024-05-07 07:42:51.324: 180 avg_reward: 457.75
2024-05-07 07:42:51.324: 180 avg_steps: 624.15
2024-05-07 07:42:51.324: 180 epsilon: 0.1
2024-05-07 07:56:35.349: 181 test start:
2024-05-07 07:56:47.544: 181 avg_reward: 433.5
2024-05-07 07:56:47.544: 181 avg_steps: 579.65
2024-05-07 07:56:47.544: 181 epsilon: 0.1
2024-05-07 08:11:01.655: 182 test start:
2024-05-07 08:11:15.244: 182 avg_reward: 497.75
2024-05-07 08:11:15.244: 182 avg_steps: 656.05
2024-05-07 08:11:15.244: 182 epsilon: 0.1
2024-05-07 08:25:12.204: 183 test start:
2024-05-07 08:25:24.622: 183 avg_reward: 430.25
2024-05-07 08:25:24.622: 183 avg_steps: 597.4
2024-05-07 08:25:24.622: 183 epsilon: 0.1
2024-05-07 08:39:20.711: 184 test start:
2024-05-07 08:39:33.136: 184 avg_reward: 427.75
2024-05-07 08:39:33.136: 184 avg_steps: 607.4
2024-05-07 08:39:33.136: 184 epsilon: 0.1
2024-05-07 08:53:23.632: 185 test start:
2024-05-07 08:53:34.895: 185 avg_reward: 380.25
2024-05-07 08:53:34.895: 185 avg_steps: 539.5
2024-05-07 08:53:34.895: 185 epsilon: 0.1
2024-05-07 09:06:40.335: 186 test start:
2024-05-07 09:06:51.075: 186 avg_reward: 446.75
2024-05-07 09:06:51.075: 186 avg_steps: 582.4
2024-05-07 09:06:51.075: 186 epsilon: 0.1
2024-05-07 09:19:48.762: 187 test start:
2024-05-07 09:20:00.605: 187 avg_reward: 468.5
2024-05-07 09:20:00.605: 187 avg_steps: 627.85
2024-05-07 09:20:00.605: 187 epsilon: 0.1
2024-05-07 09:32:46.598: 188 test start:
2024-05-07 09:32:57.618: 188 avg_reward: 468.0
2024-05-07 09:32:57.618: 188 avg_steps: 585.15
2024-05-07 09:32:57.618: 188 epsilon: 0.1
2024-05-07 09:46:01.995: 189 test start:
2024-05-07 09:46:12.140: 189 avg_reward: 428.0
2024-05-07 09:46:12.140: 189 avg_steps: 547.65
2024-05-07 09:46:12.140: 189 epsilon: 0.1
2024-05-07 09:59:16.031: 190 test start:
2024-05-07 09:59:27.990: 190 avg_reward: 473.0
2024-05-07 09:59:27.991: 190 avg_steps: 639.15
2024-05-07 09:59:27.991: 190 epsilon: 0.1
2024-05-07 10:12:03.400: 191 test start:
2024-05-07 10:12:13.488: 191 avg_reward: 372.5
2024-05-07 10:12:13.488: 191 avg_steps: 542.35
2024-05-07 10:12:13.488: 191 epsilon: 0.1
2024-05-07 10:25:14.482: 192 test start:
2024-05-07 10:25:25.749: 192 avg_reward: 452.5
2024-05-07 10:25:25.749: 192 avg_steps: 605.1
2024-05-07 10:25:25.749: 192 epsilon: 0.1
2024-05-07 10:38:14.672: 193 test start:
2024-05-07 10:38:27.099: 193 avg_reward: 527.25
2024-05-07 10:38:27.099: 193 avg_steps: 675.15
2024-05-07 10:38:27.099: 193 epsilon: 0.1
2024-05-07 10:51:27.179: 194 test start:
2024-05-07 10:51:39.821: 194 avg_reward: 517.0
2024-05-07 10:51:39.822: 194 avg_steps: 668.0
2024-05-07 10:51:39.822: 194 epsilon: 0.1
2024-05-07 11:04:15.485: 195 test start:
2024-05-07 11:04:26.365: 195 avg_reward: 452.25
2024-05-07 11:04:26.365: 195 avg_steps: 583.0
2024-05-07 11:04:26.365: 195 epsilon: 0.1
2024-05-07 11:17:30.420: 196 test start:
2024-05-07 11:17:41.717: 196 avg_reward: 438.0
2024-05-07 11:17:41.717: 196 avg_steps: 606.75
2024-05-07 11:17:41.717: 196 epsilon: 0.1
2024-05-07 11:31:07.023: 197 test start:
2024-05-07 11:31:18.922: 197 avg_reward: 480.25
2024-05-07 11:31:18.922: 197 avg_steps: 633.9
2024-05-07 11:31:18.922: 197 epsilon: 0.1
2024-05-07 11:44:14.507: 198 test start:
2024-05-07 11:44:22.355: 198 avg_reward: 261.0
2024-05-07 11:44:22.356: 198 avg_steps: 407.05
2024-05-07 11:44:22.356: 198 epsilon: 0.1
2024-05-07 11:57:45.301: 199 test start:
2024-05-07 11:57:56.151: 199 avg_reward: 453.5
2024-05-07 11:57:56.151: 199 avg_steps: 586.75
2024-05-07 11:57:56.151: 199 epsilon: 0.1
2024-05-07 12:10:55.909: 200 test start:
2024-05-07 12:11:07.096: 200 avg_reward: 472.0
2024-05-07 12:11:07.096: 200 avg_steps: 598.0
2024-05-07 12:11:07.096: 200 epsilon: 0.1
2024-05-07 12:23:52.042: 201 test start:
2024-05-07 12:24:01.814: 201 avg_reward: 384.75
2024-05-07 12:24:01.815: 201 avg_steps: 529.0
2024-05-07 12:24:01.815: 201 epsilon: 0.1
2024-05-07 12:37:30.783: 202 test start:
2024-05-07 12:37:42.566: 202 avg_reward: 467.0
2024-05-07 12:37:42.566: 202 avg_steps: 625.85
2024-05-07 12:37:42.566: 202 epsilon: 0.1
2024-05-07 12:50:30.367: 203 test start:
2024-05-07 12:50:42.346: 203 avg_reward: 447.25
2024-05-07 12:50:42.346: 203 avg_steps: 636.5
2024-05-07 12:50:42.346: 203 epsilon: 0.1
2024-05-07 13:04:05.389: 204 test start:
2024-05-07 13:04:15.610: 204 avg_reward: 388.5
2024-05-07 13:04:15.610: 204 avg_steps: 553.55
2024-05-07 13:04:15.610: 204 epsilon: 0.1
2024-05-07 13:17:13.185: 205 test start:
2024-05-07 13:17:21.970: 205 avg_reward: 331.5
2024-05-07 13:17:21.971: 205 avg_steps: 466.75
2024-05-07 13:17:21.971: 205 epsilon: 0.1
2024-05-07 13:30:08.509: 206 test start:
2024-05-07 13:30:19.279: 206 avg_reward: 421.25
2024-05-07 13:30:19.279: 206 avg_steps: 576.95
2024-05-07 13:30:19.279: 206 epsilon: 0.1
2024-05-07 13:43:45.308: 207 test start:
2024-05-07 13:43:58.055: 207 avg_reward: 502.75
2024-05-07 13:43:58.055: 207 avg_steps: 665.85
2024-05-07 13:43:58.055: 207 epsilon: 0.1
2024-05-07 13:56:37.087: 208 test start:
2024-05-07 13:56:48.003: 208 avg_reward: 459.0
2024-05-07 13:56:48.003: 208 avg_steps: 585.75
2024-05-07 13:56:48.003: 208 epsilon: 0.1
2024-05-07 14:10:14.611: 209 test start:
2024-05-07 14:10:24.389: 209 avg_reward: 398.75
2024-05-07 14:10:24.389: 209 avg_steps: 529.25
2024-05-07 14:10:24.389: 209 epsilon: 0.1
2024-05-07 14:23:22.793: 210 test start:
2024-05-07 14:23:35.810: 210 avg_reward: 525.25
2024-05-07 14:23:35.811: 210 avg_steps: 699.2
2024-05-07 14:23:35.811: 210 epsilon: 0.1
2024-05-07 14:36:32.471: 211 test start:
2024-05-07 14:36:42.762: 211 avg_reward: 412.0
2024-05-07 14:36:42.762: 211 avg_steps: 556.75
2024-05-07 14:36:42.762: 211 epsilon: 0.1
2024-05-07 14:49:31.429: 212 test start:
2024-05-07 14:49:40.299: 212 avg_reward: 327.25
2024-05-07 14:49:40.299: 212 avg_steps: 459.05
2024-05-07 14:49:40.299: 212 epsilon: 0.1
2024-05-07 15:02:22.303: 213 test start:
2024-05-07 15:02:32.933: 213 avg_reward: 379.5
2024-05-07 15:02:32.933: 213 avg_steps: 569.5
2024-05-07 15:02:32.933: 213 epsilon: 0.1
2024-05-07 15:15:34.989: 214 test start:
2024-05-07 15:15:46.419: 214 avg_reward: 444.0
2024-05-07 15:15:46.419: 214 avg_steps: 618.6
2024-05-07 15:15:46.419: 214 epsilon: 0.1
2024-05-07 15:28:13.698: 215 test start:
2024-05-07 15:28:25.084: 215 avg_reward: 443.0
2024-05-07 15:28:25.084: 215 avg_steps: 610.0
2024-05-07 15:28:25.084: 215 epsilon: 0.1
2024-05-07 15:41:31.154: 216 test start:
2024-05-07 15:41:43.578: 216 avg_reward: 486.25
2024-05-07 15:41:43.578: 216 avg_steps: 674.95
2024-05-07 15:41:43.578: 216 epsilon: 0.1
2024-05-07 15:54:25.700: 217 test start:
2024-05-07 15:54:33.926: 217 avg_reward: 291.0
2024-05-07 15:54:33.926: 217 avg_steps: 433.35
2024-05-07 15:54:33.926: 217 epsilon: 0.1
2024-05-07 16:07:18.748: 218 test start:
2024-05-07 16:07:28.837: 218 avg_reward: 415.5
2024-05-07 16:07:28.837: 218 avg_steps: 541.65
2024-05-07 16:07:28.837: 218 epsilon: 0.1
2024-05-07 16:20:35.495: 219 test start:
2024-05-07 16:20:48.055: 219 avg_reward: 465.75
2024-05-07 16:20:48.056: 219 avg_steps: 686.95
2024-05-07 16:20:48.056: 219 epsilon: 0.1
2024-05-07 16:33:44.757: 220 test start:
2024-05-07 16:33:54.879: 220 avg_reward: 408.25
2024-05-07 16:33:54.879: 220 avg_steps: 531.75
2024-05-07 16:33:54.879: 220 epsilon: 0.1
2024-05-07 16:47:00.342: 221 test start:
2024-05-07 16:47:11.791: 221 avg_reward: 457.5
2024-05-07 16:47:11.791: 221 avg_steps: 619.0
2024-05-07 16:47:11.791: 221 epsilon: 0.1
2024-05-07 17:00:15.769: 222 test start:
2024-05-07 17:00:27.290: 222 avg_reward: 456.25
2024-05-07 17:00:27.291: 222 avg_steps: 608.55
2024-05-07 17:00:27.291: 222 epsilon: 0.1
2024-05-07 17:13:13.948: 223 test start:
2024-05-07 17:13:25.314: 223 avg_reward: 484.75
2024-05-07 17:13:25.314: 223 avg_steps: 623.05
2024-05-07 17:13:25.314: 223 epsilon: 0.1
2024-05-07 17:26:25.766: 224 test start:
2024-05-07 17:26:36.743: 224 avg_reward: 457.75
2024-05-07 17:26:36.743: 224 avg_steps: 596.5
2024-05-07 17:26:36.743: 224 epsilon: 0.1
2024-05-07 17:39:24.582: 225 test start:
2024-05-07 17:39:34.326: 225 avg_reward: 367.5
2024-05-07 17:39:34.326: 225 avg_steps: 510.8
2024-05-07 17:39:34.326: 225 epsilon: 0.1
2024-05-07 17:52:22.013: 226 test start:
2024-05-07 17:52:33.652: 226 avg_reward: 450.25
2024-05-07 17:52:33.652: 226 avg_steps: 633.4
2024-05-07 17:52:33.652: 226 epsilon: 0.1
2024-05-07 18:05:39.327: 227 test start:
2024-05-07 18:05:50.726: 227 avg_reward: 458.0
2024-05-07 18:05:50.726: 227 avg_steps: 608.4
2024-05-07 18:05:50.726: 227 epsilon: 0.1
2024-05-07 18:18:22.195: 228 test start:
2024-05-07 18:18:34.943: 228 avg_reward: 514.25
2024-05-07 18:18:34.943: 228 avg_steps: 696.35
2024-05-07 18:18:34.943: 228 epsilon: 0.1
2024-05-07 18:31:47.470: 229 test start:
2024-05-07 18:31:59.257: 229 avg_reward: 494.5
2024-05-07 18:31:59.257: 229 avg_steps: 636.95
2024-05-07 18:31:59.257: 229 epsilon: 0.1
2024-05-07 18:44:39.248: 230 test start:
2024-05-07 18:44:50.176: 230 avg_reward: 386.5
2024-05-07 18:44:50.176: 230 avg_steps: 584.3
2024-05-07 18:44:50.182: 230 epsilon: 0.1
2024-05-07 18:57:58.761: 231 test start:
2024-05-07 18:58:08.354: 231 avg_reward: 386.25
2024-05-07 18:58:08.354: 231 avg_steps: 513.25
2024-05-07 18:58:08.354: 231 epsilon: 0.1
2024-05-07 19:11:02.553: 232 test start:
2024-05-07 19:11:13.539: 232 avg_reward: 454.5
2024-05-07 19:11:13.539: 232 avg_steps: 583.65
2024-05-07 19:11:13.539: 232 epsilon: 0.1
2024-05-07 19:24:04.402: 233 test start:
2024-05-07 19:24:17.076: 233 avg_reward: 529.5
2024-05-07 19:24:17.076: 233 avg_steps: 679.35
2024-05-07 19:24:17.076: 233 epsilon: 0.1
2024-05-07 19:37:41.900: 234 test start:
2024-05-07 19:37:55.216: 234 avg_reward: 525.25
2024-05-07 19:37:55.216: 234 avg_steps: 712.95
2024-05-07 19:37:55.216: 234 epsilon: 0.1
2024-05-07 19:50:43.467: 235 test start:
2024-05-07 19:50:55.175: 235 avg_reward: 460.75
2024-05-07 19:50:55.175: 235 avg_steps: 629.6
2024-05-07 19:50:55.175: 235 epsilon: 0.1
2024-05-07 20:04:05.747: 236 test start:
2024-05-07 20:04:15.419: 236 avg_reward: 350.25
2024-05-07 20:04:15.419: 236 avg_steps: 520.9
2024-05-07 20:04:15.419: 236 epsilon: 0.1
2024-05-07 20:17:09.265: 237 test start:
2024-05-07 20:17:20.228: 237 avg_reward: 436.75
2024-05-07 20:17:20.228: 237 avg_steps: 581.65
2024-05-07 20:17:20.228: 237 epsilon: 0.1
2024-05-07 20:30:07.928: 238 test start:
2024-05-07 20:30:19.520: 238 avg_reward: 466.75
2024-05-07 20:30:19.520: 238 avg_steps: 628.45
2024-05-07 20:30:19.520: 238 epsilon: 0.1
2024-05-07 20:43:29.615: 239 test start:
2024-05-07 20:43:41.121: 239 avg_reward: 448.5
2024-05-07 20:43:41.121: 239 avg_steps: 614.5
2024-05-07 20:43:41.121: 239 epsilon: 0.1
2024-05-07 20:56:32.401: 240 test start:
2024-05-07 20:56:44.315: 240 avg_reward: 440.0
2024-05-07 20:56:44.315: 240 avg_steps: 632.85
2024-05-07 20:56:44.315: 240 epsilon: 0.1
2024-05-07 21:09:28.027: 241 test start:
2024-05-07 21:09:39.621: 241 avg_reward: 465.75
2024-05-07 21:09:39.621: 241 avg_steps: 628.2
2024-05-07 21:09:39.621: 241 epsilon: 0.1
2024-05-07 21:22:46.559: 242 test start:
2024-05-07 21:23:00.161: 242 avg_reward: 529.75
2024-05-07 21:23:00.161: 242 avg_steps: 725.85
2024-05-07 21:23:00.161: 242 epsilon: 0.1
2024-05-07 21:35:50.820: 243 test start:
2024-05-07 21:36:03.528: 243 avg_reward: 493.75
2024-05-07 21:36:03.528: 243 avg_steps: 692.65
2024-05-07 21:36:03.528: 243 epsilon: 0.1
2024-05-07 21:49:18.176: 244 test start:
2024-05-07 21:49:32.277: 244 avg_reward: 567.5
2024-05-07 21:49:32.277: 244 avg_steps: 762.95
2024-05-07 21:49:32.278: 244 epsilon: 0.1
2024-05-07 22:02:20.254: 245 test start:
2024-05-07 22:02:32.654: 245 avg_reward: 508.5
2024-05-07 22:02:32.655: 245 avg_steps: 669.2
2024-05-07 22:02:32.655: 245 epsilon: 0.1
2024-05-07 22:15:49.450: 246 test start:
2024-05-07 22:16:01.452: 246 avg_reward: 460.0
2024-05-07 22:16:01.452: 246 avg_steps: 650.7
2024-05-07 22:16:01.452: 246 epsilon: 0.1
2024-05-07 22:28:43.338: 247 test start:
2024-05-07 22:28:54.154: 247 avg_reward: 434.75
2024-05-07 22:28:54.154: 247 avg_steps: 565.85
2024-05-07 22:28:54.154: 247 epsilon: 0.1
